==================== FedDpa ====================                               
Experiment Arguments:                                                          
{
    'method': 'feddpa',
    'dataset': {
        'name': 'fmnist',
        'client_num': 100,
        'test_ratio': 0.25,
        'val_ratio': 0.0,
        'seed': 42,
        'split': 'sample',
        'IID_ratio': 0.0,
        'monitor_window_name_suffix': 'fmnist-100clients-0%IID-Dir(0.1)-seed42',
        'alpha': 0.1,
        'min_samples_per_client': 10
    },
    'model': {
        'name': 'avgcnn',
        'use_torchvision_pretrained_weights': True,
        'external_model_weights_path': None
    },
    'optimizer': {
        'lr': 0.01,
        'dampening': 0,
        'weight_decay': 0,
        'momentum': 0.7,
        'nesterov': False,
        'name': 'sgd'
    },
    'mode': 'serial',
    'parallel': {
        'ray_cluster_addr': None,
        'num_cpus': None,
        'num_gpus': None,
        'num_workers': 2
    },
    'common': {
        'seed': 42,
        'join_ratio': 0.1,
        'global_epoch': 200,
        'local_epoch': 5,
        'batch_size': 32,
        'reset_optimizer_on_global_epoch': True,
        'straggler_ratio': 0,
        'straggler_min_local_epoch': 0,
        'buffers': 'global',
        'client_side_evaluation': True,
        'test': {
            'client': {
                'interval': 100,
                'finetune_epoch': 0,
                'train': False,
                'val': False,
                'test': True
            },
            'server': {
                'interval': -1,
                'train': False,
                'val': False,
                'test': True,
                'model_in_train_mode': False
            }
        },
        'verbose_gap': 10,
        'monitor': None,
        'use_cuda': True,
        'save_log': True,
        'save_model': False,
        'save_learning_curve_plot': True,
        'save_metrics': True,
        'delete_useless_run': True
    },
    'fedprox': {
        'mu': 0.01
    },
    'pfedsim': {
        'warmup_round': 0.5
    },
    'feddpa': {
        'fisher_threshold': 0.999
    }
}
---------------------------- TRAINING EPOCH: 10 ----------------------------   
client [77] (testset)   loss: 0.2277 -> 0.0462  accuracy: 92.23% -> 97.93%     
client [81] (testset)   loss: 0.2018 -> 0.0178  accuracy: 96.30% -> 100.00%    
client [21] (testset)   loss: 0.5088 -> 0.2354  accuracy: 80.75% -> 92.55%     
client [68] (testset)   loss: 0.3761 -> 0.1419  accuracy: 85.45% -> 94.55%     
client [93] (testset)   loss: 0.5339 -> 0.0294  accuracy: 79.66% -> 100.00%    
client [31] (testset)   loss: 0.4485 -> 0.5170  accuracy: 83.08% -> 72.31%     
client [20] (testset)   loss: 0.1972 -> 0.0610  accuracy: 93.55% -> 97.85%     
client [59] (testset)   loss: 0.5584 -> 0.4156  accuracy: 84.67% -> 89.05%     
client [48] (testset)   loss: 0.8103 -> 0.0137  accuracy: 74.68% -> 100.00%    
client [34] (testset)   loss: 0.3953 -> 0.3255  accuracy: 80.77% -> 92.31%     
---------------------------- TRAINING EPOCH: 20 ----------------------------   
client [69] (testset)   loss: 0.3440 -> 0.1396  accuracy: 84.57% -> 96.30%     
client [99] (testset)   loss: 1.0023 -> 0.0496  accuracy: 67.63% -> 98.42%     
client [67] (testset)   loss: 2.5277 -> 0.1311  accuracy: 13.75% -> 96.22%     
client [0]  (testset)   loss: 0.2974 -> 0.1831  accuracy: 87.76% -> 89.80%     
client [76] (testset)   loss: 0.6908 -> 0.2845  accuracy: 80.00% -> 86.67%     
client [41] (testset)   loss: 0.4492 -> 0.1848  accuracy: 89.52% -> 93.55%     
client [62] (testset)   loss: 1.5814 -> 0.2721  accuracy: 50.00% -> 90.00%     
client [2]  (testset)   loss: 0.6740 -> 0.0099  accuracy: 73.74% -> 99.56%     
client [14] (testset)   loss: 2.0712 -> 0.3161  accuracy: 32.14% -> 90.24%     
client [46] (testset)   loss: 2.6885 -> 0.3634  accuracy: 9.38% -> 90.62%      
---------------------------- TRAINING EPOCH: 30 ----------------------------   
client [24] (testset)   loss: 0.7796 -> 0.3289  accuracy: 66.29% -> 88.57%     
client [68] (testset)   loss: 0.2738 -> 0.1014  accuracy: 90.00% -> 96.36%     
client [57] (testset)   loss: 0.1845 -> 0.0197  accuracy: 95.62% -> 99.64%     
client [17] (testset)   loss: 0.6675 -> 0.1138  accuracy: 70.59% -> 95.72%     
client [54] (testset)   loss: 0.6402 -> 0.2386  accuracy: 75.32% -> 89.61%     
client [23] (testset)   loss: 0.3143 -> 0.1608  accuracy: 85.86% -> 94.95%     
client [35] (testset)   loss: 1.1713 -> 0.0093  accuracy: 52.70% -> 100.00%    
client [59] (testset)   loss: 0.8987 -> 0.3847  accuracy: 65.69% -> 89.05%     
client [31] (testset)   loss: 0.5184 -> 0.2093  accuracy: 75.38% -> 92.31%     
client [9]  (testset)   loss: 0.2572 -> 0.1212  accuracy: 93.40% -> 95.49%     
---------------------------- TRAINING EPOCH: 40 ----------------------------   
client [64] (testset)   loss: 0.5449 -> 0.1439  accuracy: 75.94% -> 94.74%     
client [33] (testset)   loss: 0.4010 -> 0.0787  accuracy: 83.63% -> 97.66%     
client [16] (testset)   loss: 0.3737 -> 0.0138  accuracy: 85.83% -> 99.17%     
client [44] (testset)   loss: 0.2741 -> 0.0153  accuracy: 85.85% -> 100.00%    
client [8]  (testset)   loss: 0.7532 -> 0.1874  accuracy: 71.13% -> 93.15%     
client [31] (testset)   loss: 0.8069 -> 0.2003  accuracy: 67.69% -> 92.31%     
client [47] (testset)   loss: 0.2457 -> 0.1032  accuracy: 90.43% -> 96.52%     
client [36] (testset)   loss: 0.2656 -> 0.1568  accuracy: 92.28% -> 94.91%     
client [20] (testset)   loss: 1.1905 -> 0.0308  accuracy: 53.76% -> 99.19%     
client [56] (testset)   loss: 0.9704 -> 0.3158  accuracy: 58.82% -> 86.55%     
---------------------------- TRAINING EPOCH: 50 ----------------------------   
client [4]  (testset)   loss: 0.1857 -> 0.1072  accuracy: 95.38% -> 97.69%     
client [60] (testset)   loss: 1.3147 -> 0.1155  accuracy: 56.83% -> 96.31%     
client [28] (testset)   loss: 0.0094 -> 0.0065  accuracy: 100.00% -> 100.00%   
client [25] (testset)   loss: 0.1164 -> 0.0103  accuracy: 94.23% -> 100.00%    
client [58] (testset)   loss: 0.2764 -> 0.0603  accuracy: 91.33% -> 97.45%     
client [44] (testset)   loss: 0.6486 -> 0.0439  accuracy: 78.30% -> 99.06%     
client [39] (testset)   loss: 0.0324 -> 0.0015  accuracy: 100.00% -> 100.00%   
client [29] (testset)   loss: 0.6891 -> 0.2653  accuracy: 83.54% -> 91.14%     
client [3]  (testset)   loss: 0.2686 -> 0.1183  accuracy: 91.83% -> 96.11%     
client [84] (testset)   loss: 0.9951 -> 0.0046  accuracy: 64.20% -> 100.00%    
---------------------------- TRAINING EPOCH: 60 ----------------------------   
client [21] (testset)   loss: 0.2446 -> 0.2071  accuracy: 92.55% -> 91.93%     
client [84] (testset)   loss: 0.7802 -> 0.0060  accuracy: 71.60% -> 100.00%    
client [10] (testset)   loss: 0.2978 -> 0.0231  accuracy: 91.18% -> 100.00%    
client [36] (testset)   loss: 0.4674 -> 0.1568  accuracy: 85.22% -> 95.07%     
client [65] (testset)   loss: 0.7925 -> 0.2653  accuracy: 71.88% -> 90.62%     
client [81] (testset)   loss: 0.7951 -> 0.0022  accuracy: 61.11% -> 100.00%    
client [79] (testset)   loss: 1.1992 -> 0.1619  accuracy: 59.11% -> 93.10%     
client [42] (testset)   loss: 0.1975 -> 0.0563  accuracy: 92.73% -> 98.79%     
client [11] (testset)   loss: 0.8897 -> 0.3092  accuracy: 67.71% -> 88.79%     
client [96] (testset)   loss: 0.3095 -> 0.1694  accuracy: 89.78% -> 92.70%     
---------------------------- TRAINING EPOCH: 70 ----------------------------   
client [8]  (testset)   loss: 0.2670 -> 0.1759  accuracy: 91.07% -> 95.24%     
client [53] (testset)   loss: 0.1484 -> 0.0074  accuracy: 94.28% -> 99.70%     
client [52] (testset)   loss: 0.3695 -> 0.1008  accuracy: 86.44% -> 98.31%     
client [42] (testset)   loss: 0.2242 -> 0.0583  accuracy: 91.76% -> 98.79%     
client [69] (testset)   loss: 0.2864 -> 0.1026  accuracy: 90.74% -> 96.30%     
client [59] (testset)   loss: 0.6365 -> 0.3228  accuracy: 74.45% -> 91.24%     
client [7]  (testset)   loss: 0.1379 -> 0.0190  accuracy: 95.63% -> 99.56%     
client [26] (testset)   loss: 0.4748 -> 0.0477  accuracy: 85.21% -> 98.25%     
client [49] (testset)   loss: 0.1529 -> 0.0327  accuracy: 93.97% -> 99.57%     
client [98] (testset)   loss: 0.6042 -> 0.5629  accuracy: 82.98% -> 87.23%     
---------------------------- TRAINING EPOCH: 80 ----------------------------   
client [98] (testset)   loss: 0.7789 -> 0.5250  accuracy: 78.72% -> 85.11%     
client [47] (testset)   loss: 0.1661 -> 0.1250  accuracy: 95.00% -> 95.43%     
client [21] (testset)   loss: 0.2394 -> 0.1874  accuracy: 94.41% -> 93.79%     
client [77] (testset)   loss: 0.1192 -> 0.0089  accuracy: 95.85% -> 100.00%    
client [95] (testset)   loss: 0.4057 -> 0.1819  accuracy: 85.19% -> 96.30%     
client [91] (testset)   loss: 0.4129 -> 0.0141  accuracy: 84.62% -> 100.00%    
client [14] (testset)   loss: 0.4300 -> 0.3843  accuracy: 87.86% -> 85.24%     
client [99] (testset)   loss: 0.0595 -> 0.0307  accuracy: 98.42% -> 99.21%     
client [20] (testset)   loss: 1.0599 -> 0.0297  accuracy: 63.44% -> 99.19%     
client [39] (testset)   loss: 0.0467 -> 0.0057  accuracy: 100.00% -> 100.00%   
---------------------------- TRAINING EPOCH: 90 ----------------------------   
client [52] (testset)   loss: 0.1882 -> 0.0852  accuracy: 91.53% -> 98.31%     
client [62] (testset)   loss: 0.3749 -> 0.2708  accuracy: 90.00% -> 90.00%     
client [71] (testset)   loss: 0.1134 -> 0.0489  accuracy: 96.20% -> 97.83%     
client [97] (testset)   loss: 0.1589 -> 0.0420  accuracy: 94.37% -> 98.70%     
client [30] (testset)   loss: 0.3569 -> 0.2171  accuracy: 85.58% -> 96.15%     
client [88] (testset)   loss: 0.8168 -> 0.3461  accuracy: 74.39% -> 91.46%     
client [60] (testset)   loss: 0.4983 -> 0.1189  accuracy: 84.13% -> 95.94%     
client [82] (testset)   loss: 1.1010 -> 0.0788  accuracy: 60.96% -> 98.97%     
client [91] (testset)   loss: 0.1586 -> 1.0113  accuracy: 92.31% -> 92.31%     
client [57] (testset)   loss: 1.0449 -> 0.0214  accuracy: 63.14% -> 98.91%     
---------------------------- TRAINING EPOCH: 100 ----------------------------  
client [31] (testset)   loss: 0.7341 -> 0.1226  accuracy: 76.92% -> 92.31%     
client [15] (testset)   loss: 0.3340 -> 0.1542  accuracy: 90.94% -> 94.38%     
client [71] (testset)   loss: 0.2284 -> 0.0536  accuracy: 91.30% -> 98.37%     
client [97] (testset)   loss: 0.2717 -> 0.0386  accuracy: 91.77% -> 98.27%     
client [53] (testset)   loss: 0.1605 -> 0.0087  accuracy: 94.88% -> 99.70%     
client [77] (testset)   loss: 0.0494 -> 0.0084  accuracy: 97.93% -> 100.00%    
client [76] (testset)   loss: 0.4229 -> 0.3262  accuracy: 80.00% -> 93.33%     
client [79] (testset)   loss: 0.6958 -> 0.1437  accuracy: 71.92% -> 93.60%     
client [28] (testset)   loss: 0.1516 -> 0.0007  accuracy: 91.07% -> 100.00%    
client [99] (testset)   loss: 0.3628 -> 0.0293  accuracy: 86.58% -> 99.21%     
---------------------------- TRAINING EPOCH: 110 ----------------------------  
client [97] (testset)   loss: 0.1654 -> 0.0352  accuracy: 93.94% -> 98.70%     
client [86] (testset)   loss: 0.0073 -> 0.0071  accuracy: 100.00% -> 100.00%   
client [34] (testset)   loss: 0.0921 -> 0.0946  accuracy: 96.15% -> 96.15%     
client [73] (testset)   loss: 0.5552 -> 0.0088  accuracy: 81.68% -> 100.00%    
client [5]  (testset)   loss: 0.5741 -> 0.0848  accuracy: 80.48% -> 97.62%     
client [96] (testset)   loss: 0.3078 -> 0.1649  accuracy: 89.78% -> 92.70%     
client [22] (testset)   loss: 0.2100 -> 0.0166  accuracy: 93.81% -> 98.97%     
client [60] (testset)   loss: 0.4290 -> 0.1128  accuracy: 86.35% -> 96.31%     
client [66] (testset)   loss: 0.5271 -> 0.0889  accuracy: 84.46% -> 96.41%     
client [83] (testset)   loss: 0.1894 -> 0.0048  accuracy: 91.72% -> 100.00%    
---------------------------- TRAINING EPOCH: 120 ----------------------------  
client [76] (testset)   loss: 0.3617 -> 0.4529  accuracy: 93.33% -> 93.33%     
client [65] (testset)   loss: 0.7653 -> 0.3856  accuracy: 68.75% -> 90.62%     
client [95] (testset)   loss: 0.4137 -> 0.1794  accuracy: 88.89% -> 94.44%     
client [17] (testset)   loss: 0.3016 -> 0.0865  accuracy: 90.37% -> 97.86%     
client [8]  (testset)   loss: 0.2983 -> 0.1631  accuracy: 90.77% -> 94.94%     
client [35] (testset)   loss: 0.3761 -> 0.0020  accuracy: 86.49% -> 100.00%    
client [98] (testset)   loss: 0.6277 -> 0.4726  accuracy: 78.72% -> 87.23%     
client [53] (testset)   loss: 0.0292 -> 0.0069  accuracy: 99.10% -> 99.70%     
client [43] (testset)   loss: 0.9004 -> 0.0524  accuracy: 66.15% -> 98.46%     
client [64] (testset)   loss: 0.1987 -> 0.1042  accuracy: 91.73% -> 96.24%     
---------------------------- TRAINING EPOCH: 130 ----------------------------  
client [21] (testset)   loss: 0.3901 -> 0.1504  accuracy: 89.44% -> 95.03%     
client [88] (testset)   loss: 0.6356 -> 0.4075  accuracy: 80.49% -> 91.46%     
client [38] (testset)   loss: 0.5342 -> 0.3159  accuracy: 79.22% -> 92.21%     
client [3]  (testset)   loss: 0.3574 -> 0.1290  accuracy: 89.11% -> 96.50%     
client [5]  (testset)   loss: 0.2109 -> 0.0856  accuracy: 93.81% -> 98.10%     
client [41] (testset)   loss: 0.3196 -> 0.1821  accuracy: 91.94% -> 94.76%     
client [7]  (testset)   loss: 0.1642 -> 0.0213  accuracy: 94.76% -> 99.13%     
client [37] (testset)   loss: 0.7334 -> 0.2321  accuracy: 73.91% -> 95.65%     
client [45] (testset)   loss: 0.5596 -> 0.5861  accuracy: 89.19% -> 89.19%     
client [47] (testset)   loss: 0.1499 -> 0.0983  accuracy: 95.22% -> 96.74%     
---------------------------- TRAINING EPOCH: 140 ----------------------------  
client [16] (testset)   loss: 1.4269 -> 0.0117  accuracy: 64.17% -> 99.17%     
client [11] (testset)   loss: 3.1586 -> 0.2452  accuracy: 31.39% -> 90.13%     
client [37] (testset)   loss: 2.1268 -> 0.2034  accuracy: 36.96% -> 95.65%     
client [41] (testset)   loss: 0.8394 -> 0.1824  accuracy: 81.05% -> 94.35%     
client [95] (testset)   loss: 0.7069 -> 0.1574  accuracy: 77.78% -> 96.30%     
client [53] (testset)   loss: 0.1006 -> 0.0088  accuracy: 98.80% -> 99.40%     
client [22] (testset)   loss: 1.8011 -> 0.0037  accuracy: 60.82% -> 100.00%    
client [25] (testset)   loss: 0.1545 -> 0.0053  accuracy: 95.19% -> 100.00%    
client [69] (testset)   loss: 0.4783 -> 0.1212  accuracy: 87.65% -> 96.30%     
client [46] (testset)   loss: 0.2127 -> 0.1623  accuracy: 94.79% -> 91.67%     
---------------------------- TRAINING EPOCH: 150 ----------------------------  
client [47] (testset)   loss: 0.2153 -> 0.1016  accuracy: 92.39% -> 97.17%     
client [69] (testset)   loss: 0.3689 -> 0.1235  accuracy: 90.12% -> 96.30%     
client [82] (testset)   loss: 0.2159 -> 0.0991  accuracy: 91.78% -> 98.97%     
client [45] (testset)   loss: 0.5395 -> 0.5416  accuracy: 86.49% -> 89.19%     
client [7]  (testset)   loss: 0.3166 -> 0.0173  accuracy: 87.34% -> 99.13%     
client [50] (testset)   loss: 0.9344 -> 0.0135  accuracy: 70.09% -> 99.15%     
client [35] (testset)   loss: 1.1798 -> 0.0007  accuracy: 66.22% -> 100.00%    
client [24] (testset)   loss: 0.6875 -> 0.3376  accuracy: 75.43% -> 89.71%     
client [15] (testset)   loss: 0.4808 -> 0.1750  accuracy: 87.19% -> 95.00%     
client [58] (testset)   loss: 0.1475 -> 0.0294  accuracy: 95.92% -> 98.98%     
---------------------------- TRAINING EPOCH: 160 ----------------------------  
client [48] (testset)   loss: 0.2367 -> 0.0035  accuracy: 91.14% -> 100.00%    
client [76] (testset)   loss: 0.1435 -> 0.4701  accuracy: 93.33% -> 93.33%     
client [67] (testset)   loss: 1.5267 -> 0.2007  accuracy: 56.36% -> 95.88%     
client [37] (testset)   loss: 0.2721 -> 0.1637  accuracy: 91.30% -> 95.65%     
client [58] (testset)   loss: 0.1575 -> 0.0472  accuracy: 95.41% -> 97.96%     
client [64] (testset)   loss: 0.1823 -> 0.0784  accuracy: 92.48% -> 96.99%     
client [77] (testset)   loss: 0.0954 -> 0.0113  accuracy: 98.45% -> 99.48%     
client [55] (testset)   loss: 0.0518 -> 0.0003  accuracy: 97.68% -> 100.00%    
client [12] (testset)   loss: 0.5384 -> 0.1353  accuracy: 85.55% -> 96.80%     
client [89] (testset)   loss: 0.4807 -> 0.3886  accuracy: 89.47% -> 94.74%     
---------------------------- TRAINING EPOCH: 170 ----------------------------  
client [84] (testset)   loss: 0.9587 -> 0.0081  accuracy: 69.14% -> 100.00%    
client [51] (testset)   loss: 0.2233 -> 0.0065  accuracy: 93.14% -> 99.51%     
client [8]  (testset)   loss: 0.5930 -> 0.1796  accuracy: 83.33% -> 94.35%     
client [18] (testset)   loss: 0.0984 -> 0.0138  accuracy: 97.01% -> 99.50%     
client [94] (testset)   loss: 0.3390 -> 0.0709  accuracy: 89.31% -> 98.47%     
client [81] (testset)   loss: 0.1274 -> 0.0009  accuracy: 94.44% -> 100.00%    
client [3]  (testset)   loss: 0.5605 -> 0.1414  accuracy: 85.21% -> 96.11%     
client [11] (testset)   loss: 0.5710 -> 0.2922  accuracy: 82.06% -> 89.24%     
client [95] (testset)   loss: 0.6372 -> 0.1535  accuracy: 81.48% -> 96.30%     
client [67] (testset)   loss: 1.7481 -> 0.1880  accuracy: 56.36% -> 95.88%     
---------------------------- TRAINING EPOCH: 180 ----------------------------  
client [21] (testset)   loss: 0.2424 -> 0.1810  accuracy: 93.79% -> 95.65%     
client [79] (testset)   loss: 0.4382 -> 0.1397  accuracy: 87.19% -> 96.55%     
client [58] (testset)   loss: 0.1726 -> 0.0421  accuracy: 95.41% -> 98.47%     
client [88] (testset)   loss: 0.5005 -> 0.3905  accuracy: 84.15% -> 90.24%     
client [46] (testset)   loss: 0.6461 -> 0.2714  accuracy: 78.12% -> 93.75%     
client [11] (testset)   loss: 0.4493 -> 0.2648  accuracy: 83.41% -> 90.13%     
client [55] (testset)   loss: 0.0870 -> 0.0001  accuracy: 97.68% -> 100.00%    
client [13] (testset)   loss: 0.4878 -> 0.3865  accuracy: 82.05% -> 89.74%     
client [31] (testset)   loss: 0.5303 -> 0.0947  accuracy: 84.62% -> 95.38%     
client [75] (testset)   loss: 0.5092 -> 0.2974  accuracy: 82.78% -> 89.47%     
---------------------------- TRAINING EPOCH: 190 ----------------------------  
client [19] (testset)   loss: 0.3388 -> 0.1795  accuracy: 91.53% -> 93.22%     
client [7]  (testset)   loss: 0.2452 -> 0.0137  accuracy: 91.70% -> 99.56%     
client [57] (testset)   loss: 0.2657 -> 0.0483  accuracy: 89.42% -> 98.54%     
client [13] (testset)   loss: 0.6011 -> 0.3252  accuracy: 78.53% -> 90.38%     
client [43] (testset)   loss: 0.6244 -> 0.0626  accuracy: 75.38% -> 98.46%     
client [91] (testset)   loss: 0.2547 -> 0.0749  accuracy: 84.62% -> 92.31%     
client [10] (testset)   loss: 0.2020 -> 0.0267  accuracy: 94.12% -> 98.53%     
client [64] (testset)   loss: 0.5035 -> 0.0798  accuracy: 82.71% -> 96.99%     
client [82] (testset)   loss: 0.2035 -> 0.0711  accuracy: 92.12% -> 98.97%     
client [22] (testset)   loss: 0.3691 -> 0.0212  accuracy: 87.63% -> 98.97%     
---------------------------- TRAINING EPOCH: 200 ----------------------------  
client [20] (testset)   loss: 0.5778 -> 0.0244  accuracy: 82.53% -> 99.19%     
client [23] (testset)   loss: 0.3837 -> 0.1372  accuracy: 87.88% -> 95.96%     
client [88] (testset)   loss: 0.5451 -> 0.4065  accuracy: 85.37% -> 90.24%     
client [98] (testset)   loss: 1.3866 -> 0.5821  accuracy: 57.45% -> 87.23%     
client [79] (testset)   loss: 0.5651 -> 0.1804  accuracy: 80.79% -> 95.57%     
client [21] (testset)   loss: 0.3813 -> 0.1785  accuracy: 91.93% -> 95.03%     
client [92] (testset)   loss: 0.2038 -> 0.0586  accuracy: 93.43% -> 97.81%     
client [56] (testset)   loss: 1.4586 -> 0.3084  accuracy: 52.10% -> 86.55%     
client [5]  (testset)   loss: 0.3284 -> 0.0665  accuracy: 90.95% -> 98.10%     
client [52] (testset)   loss: 0.1956 -> 0.0939  accuracy: 93.22% -> 98.31%     
FedDpa's average time taken by each global epoch: 0 min 2.63 sec.              
FedDpa's total running time: 0 h 8 m 52 s.                                     
==================== FedDpa Experiment Results: ====================           
Display format: (before local fine-tuning) -> (after local fine-tuning)        
 So if finetune_epoch = 0, x.xx% -> 0.00% is normal.                           
 Centralized testing ONLY happens after model aggregation, so the stats between
'->' are the same.                                                             
{                                                                              
    "100": {                                                                   
        "all_clients": {                                                       
            "test": {                                                          
                "loss": "0.4131 -> 0.0000",                                    
                "accuracy": "85.63% -> 0.00%"                                  
            }                                                                  
        }                                                                      
    },                                                                         
    "200": {                                                                   
        "all_clients": {                                                       
            "test": {                                                          
                "loss": "0.5061 -> 0.0000",                                    
                "accuracy": "85.48% -> 0.00%"                                  
            }                                                                  
        }                                                                      
    }                                                                          
}                                                                              
==================== FedDpa Max Accuracy ====================                  
all_clients:                                                                   
(test) before fine-tuning: 85.63% at epoch 100                                 
(test) after fine-tuning: 0.00% at epoch 100                                   
