==================== FedDpag ====================                              
Experiment Arguments:                                                          
{
    'method': 'feddpag',
    'dataset': {
        'name': 'mnist',
        'client_num': 100,
        'test_ratio': 0.25,
        'val_ratio': 0.0,
        'seed': 42,
        'split': 'sample',
        'IID_ratio': 0.0,
        'monitor_window_name_suffix': 'mnist-100clients-0%IID-Dir(0.1)-seed42',
        'alpha': 0.1,
        'min_samples_per_client': 10
    },
    'model': {
        'name': 'avgcnn',
        'use_torchvision_pretrained_weights': True,
        'external_model_weights_path': None
    },
    'optimizer': {
        'lr': 0.01,
        'dampening': 0,
        'weight_decay': 0,
        'momentum': 0.7,
        'nesterov': False,
        'name': 'sgd'
    },
    'mode': 'serial',
    'parallel': {
        'ray_cluster_addr': None,
        'num_cpus': None,
        'num_gpus': None,
        'num_workers': 2
    },
    'common': {
        'seed': 42,
        'join_ratio': 0.1,
        'global_epoch': 400,
        'local_epoch': 5,
        'batch_size': 32,
        'reset_optimizer_on_global_epoch': True,
        'straggler_ratio': 0,
        'straggler_min_local_epoch': 0,
        'buffers': 'global',
        'client_side_evaluation': True,
        'test': {
            'client': {
                'interval': 100,
                'finetune_epoch': 0,
                'train': False,
                'val': False,
                'test': True
            },
            'server': {
                'interval': -1,
                'train': False,
                'val': False,
                'test': True,
                'model_in_train_mode': False
            }
        },
        'verbose_gap': 10,
        'monitor': None,
        'use_cuda': True,
        'save_log': True,
        'save_model': False,
        'save_learning_curve_plot': True,
        'save_metrics': True,
        'delete_useless_run': True
    },
    'fedprox': {
        'mu': 0.01
    },
    'pfedsim': {
        'warmup_round': 0.5
    },
    'feddpag': {
        'fisher_threshold': 0.997
    }
}
---------------------------- TRAINING EPOCH: 10 ----------------------------   
client [77] (testset)   loss: 0.2453 -> 0.0759  accuracy: 91.10% -> 97.95%     
client [81] (testset)   loss: 0.1117 -> 0.0156  accuracy: 98.15% -> 99.38%     
client [21] (testset)   loss: 0.2097 -> 0.0409  accuracy: 94.12% -> 99.02%     
client [68] (testset)   loss: 0.1193 -> 0.0804  accuracy: 96.61% -> 98.31%     
client [93] (testset)   loss: 0.1995 -> 0.0182  accuracy: 96.77% -> 100.00%    
client [31] (testset)   loss: 0.2199 -> 0.1037  accuracy: 85.71% -> 100.00%    
client [20] (testset)   loss: 0.3066 -> 0.1495  accuracy: 92.76% -> 95.48%     
client [59] (testset)   loss: 0.3222 -> 0.0700  accuracy: 87.50% -> 100.00%    
client [48] (testset)   loss: 0.1274 -> 0.0175  accuracy: 96.12% -> 99.03%     
client [34] (testset)   loss: 0.1005 -> 0.4091  accuracy: 94.44% -> 94.44%     
---------------------------- TRAINING EPOCH: 20 ----------------------------   
client [69] (testset)   loss: 0.0286 -> 0.0161  accuracy: 98.91% -> 99.64%     
client [99] (testset)   loss: 0.3335 -> 0.0364  accuracy: 90.48% -> 100.00%    
client [67] (testset)   loss: 0.2161 -> 0.0000  accuracy: 94.59% -> 100.00%    
client [0]  (testset)   loss: 0.2001 -> 0.0087  accuracy: 92.45% -> 100.00%    
client [76] (testset)   loss: 0.3072 -> 0.0366  accuracy: 89.61% -> 98.70%     
client [41] (testset)   loss: 0.1692 -> 0.0104  accuracy: 94.74% -> 98.95%     
client [62] (testset)   loss: 0.2339 -> 0.0214  accuracy: 92.27% -> 98.90%     
client [2]  (testset)   loss: 0.9314 -> 0.0107  accuracy: 71.86% -> 99.62%     
client [14] (testset)   loss: 0.1173 -> 0.0161  accuracy: 95.83% -> 99.31%     
client [46] (testset)   loss: 0.0990 -> 0.0370  accuracy: 97.75% -> 98.87%     
---------------------------- TRAINING EPOCH: 30 ----------------------------   
client [24] (testset)   loss: 0.0396 -> 0.1436  accuracy: 98.65% -> 97.30%     
client [68] (testset)   loss: 0.0891 -> 0.0678  accuracy: 96.61% -> 98.31%     
client [57] (testset)   loss: 0.0542 -> 0.0128  accuracy: 99.03% -> 99.52%     
client [17] (testset)   loss: 0.0319 -> 0.0190  accuracy: 98.44% -> 99.61%     
client [54] (testset)   loss: 0.0732 -> 0.1217  accuracy: 97.67% -> 95.35%     
client [23] (testset)   loss: 0.2492 -> 0.0015  accuracy: 88.57% -> 100.00%    
client [35] (testset)   loss: 0.0742 -> 0.0151  accuracy: 98.04% -> 99.02%     
client [59] (testset)   loss: 0.0032 -> 0.0130  accuracy: 100.00% -> 100.00%   
client [31] (testset)   loss: 0.3703 -> 0.1173  accuracy: 85.71% -> 100.00%    
client [9]  (testset)   loss: 0.0766 -> 0.0408  accuracy: 97.39% -> 98.70%     
---------------------------- TRAINING EPOCH: 40 ----------------------------   
client [64] (testset)   loss: 0.0456 -> 0.0128  accuracy: 98.61% -> 99.72%     
client [33] (testset)   loss: 0.1135 -> 0.0600  accuracy: 97.06% -> 99.18%     
client [16] (testset)   loss: 0.0751 -> 0.0006  accuracy: 98.57% -> 100.00%    
client [44] (testset)   loss: 0.1369 -> 0.0359  accuracy: 96.12% -> 98.81%     
client [8]  (testset)   loss: 0.1229 -> 0.0068  accuracy: 95.24% -> 100.00%    
client [31] (testset)   loss: 0.7597 -> 0.0865  accuracy: 85.71% -> 100.00%    
client [47] (testset)   loss: 0.1908 -> 0.0012  accuracy: 94.32% -> 100.00%    
client [36] (testset)   loss: 0.1673 -> 0.0307  accuracy: 95.94% -> 98.98%     
client [20] (testset)   loss: 0.2404 -> 0.0993  accuracy: 94.12% -> 96.38%     
client [56] (testset)   loss: 0.0476 -> 0.0137  accuracy: 98.92% -> 98.92%     
---------------------------- TRAINING EPOCH: 50 ----------------------------   
client [4]  (testset)   loss: 0.0428 -> 0.0050  accuracy: 98.53% -> 100.00%    
client [60] (testset)   loss: 0.1917 -> 0.0587  accuracy: 93.00% -> 98.00%     
client [28] (testset)   loss: 0.0028 -> 0.0002  accuracy: 100.00% -> 100.00%   
client [25] (testset)   loss: 0.0664 -> 0.0011  accuracy: 96.55% -> 100.00%    
client [58] (testset)   loss: 0.0685 -> 0.0454  accuracy: 96.45% -> 98.58%     
client [44] (testset)   loss: 0.1105 -> 0.0324  accuracy: 96.72% -> 99.10%     
client [39] (testset)   loss: 0.0209 -> 0.0049  accuracy: 99.26% -> 99.75%     
client [29] (testset)   loss: 0.0471 -> 0.0278  accuracy: 98.89% -> 99.26%     
client [3]  (testset)   loss: 0.1140 -> 0.0175  accuracy: 95.60% -> 99.58%     
client [84] (testset)   loss: 0.0489 -> 0.0076  accuracy: 100.00% -> 100.00%   
---------------------------- TRAINING EPOCH: 60 ----------------------------   
client [21] (testset)   loss: 0.0597 -> 0.0047  accuracy: 99.02% -> 100.00%    
client [84] (testset)   loss: 0.0052 -> 0.0041  accuracy: 100.00% -> 100.00%   
client [10] (testset)   loss: 0.0057 -> 0.0023  accuracy: 100.00% -> 100.00%   
client [36] (testset)   loss: 0.0533 -> 0.0358  accuracy: 98.48% -> 98.98%     
client [65] (testset)   loss: 0.0885 -> 0.0336  accuracy: 98.74% -> 98.74%     
client [81] (testset)   loss: 0.0814 -> 0.0199  accuracy: 98.77% -> 99.38%     
client [79] (testset)   loss: 0.0134 -> 0.0010  accuracy: 98.46% -> 100.00%    
client [42] (testset)   loss: 0.1335 -> 0.1369  accuracy: 98.36% -> 98.36%     
client [11] (testset)   loss: 0.0000 -> 0.0005  accuracy: 100.00% -> 100.00%   
client [96] (testset)   loss: 0.0331 -> 0.0014  accuracy: 98.04% -> 100.00%    
---------------------------- TRAINING EPOCH: 70 ----------------------------   
client [8]  (testset)   loss: 0.1067 -> 0.0426  accuracy: 97.62% -> 97.62%     
client [53] (testset)   loss: 0.0075 -> 0.0083  accuracy: 100.00% -> 100.00%   
client [52] (testset)   loss: 0.0653 -> 0.0000  accuracy: 97.37% -> 100.00%    
client [42] (testset)   loss: 0.1389 -> 0.1564  accuracy: 96.17% -> 97.81%     
client [69] (testset)   loss: 0.0276 -> 0.0096  accuracy: 99.09% -> 99.64%     
client [59] (testset)   loss: 0.0008 -> 0.0031  accuracy: 100.00% -> 100.00%   
client [7]  (testset)   loss: 0.0266 -> 0.0003  accuracy: 100.00% -> 100.00%   
client [26] (testset)   loss: 0.0499 -> 0.0607  accuracy: 95.83% -> 95.83%     
client [49] (testset)   loss: 0.0083 -> 0.0003  accuracy: 99.55% -> 100.00%    
client [98] (testset)   loss: 0.1268 -> 0.0093  accuracy: 91.18% -> 100.00%    
---------------------------- TRAINING EPOCH: 80 ----------------------------   
client [98] (testset)   loss: 0.0140 -> 0.0051  accuracy: 100.00% -> 100.00%   
client [47] (testset)   loss: 0.0884 -> 0.0018  accuracy: 96.59% -> 100.00%    
client [21] (testset)   loss: 0.0276 -> 0.0070  accuracy: 99.02% -> 100.00%    
client [77] (testset)   loss: 0.0847 -> 0.0407  accuracy: 96.58% -> 98.63%     
client [95] (testset)   loss: 0.0281 -> 0.0003  accuracy: 99.28% -> 100.00%    
client [91] (testset)   loss: 0.0494 -> 0.0093  accuracy: 98.35% -> 99.67%     
client [14] (testset)   loss: 0.0590 -> 0.0293  accuracy: 98.61% -> 98.61%     
client [99] (testset)   loss: 0.1793 -> 0.0155  accuracy: 95.24% -> 100.00%    
client [20] (testset)   loss: 0.1235 -> 0.0758  accuracy: 96.38% -> 97.29%     
client [39] (testset)   loss: 0.0297 -> 0.0018  accuracy: 98.77% -> 100.00%    
---------------------------- TRAINING EPOCH: 90 ----------------------------   
client [52] (testset)   loss: 0.0059 -> 0.0000  accuracy: 100.00% -> 100.00%   
client [62] (testset)   loss: 0.0062 -> 0.0013  accuracy: 100.00% -> 100.00%   
client [71] (testset)   loss: 0.0072 -> 0.0018  accuracy: 99.54% -> 100.00%    
client [97] (testset)   loss: 0.0155 -> 0.0007  accuracy: 99.33% -> 100.00%    
client [30] (testset)   loss: 0.0013 -> 0.0197  accuracy: 100.00% -> 97.50%    
client [88] (testset)   loss: 0.2383 -> 0.0020  accuracy: 97.06% -> 100.00%    
client [60] (testset)   loss: 0.1565 -> 0.0538  accuracy: 96.00% -> 99.00%     
client [82] (testset)   loss: 0.0132 -> 0.0143  accuracy: 100.00% -> 100.00%   
client [91] (testset)   loss: 0.0252 -> 0.0088  accuracy: 99.34% -> 99.83%     
client [57] (testset)   loss: 0.0084 -> 0.0033  accuracy: 99.52% -> 100.00%    
---------------------------- TRAINING EPOCH: 100 ----------------------------  
client [31] (testset)   loss: 0.0832 -> 0.0009  accuracy: 100.00% -> 100.00%   
client [15] (testset)   loss: 0.2136 -> 0.0431  accuracy: 94.50% -> 99.08%     
client [71] (testset)   loss: 0.0103 -> 0.0013  accuracy: 99.77% -> 100.00%    
client [97] (testset)   loss: 0.0146 -> 0.0007  accuracy: 99.00% -> 100.00%    
client [53] (testset)   loss: 0.0182 -> 0.0110  accuracy: 100.00% -> 100.00%   
client [77] (testset)   loss: 0.1105 -> 0.0433  accuracy: 97.26% -> 98.63%     
client [76] (testset)   loss: 0.0057 -> 0.0401  accuracy: 100.00% -> 98.70%    
client [79] (testset)   loss: 0.0172 -> 0.0009  accuracy: 100.00% -> 100.00%   
client [28] (testset)   loss: 0.0016 -> 0.0001  accuracy: 100.00% -> 100.00%   
client [99] (testset)   loss: 0.1939 -> 0.0117  accuracy: 90.48% -> 100.00%    
---------------------------- TRAINING EPOCH: 110 ----------------------------  
client [97] (testset)   loss: 0.0420 -> 0.0007  accuracy: 98.33% -> 100.00%    
client [86] (testset)   loss: 0.0827 -> 0.0015  accuracy: 96.16% -> 100.00%    
client [34] (testset)   loss: 0.0378 -> 0.0947  accuracy: 100.00% -> 94.44%    
client [73] (testset)   loss: 0.0049 -> 0.0740  accuracy: 100.00% -> 94.12%    
client [5]  (testset)   loss: 0.0722 -> 0.0234  accuracy: 97.93% -> 98.62%     
client [96] (testset)   loss: 0.0590 -> 0.0013  accuracy: 95.10% -> 100.00%    
client [22] (testset)   loss: 0.0462 -> 0.0006  accuracy: 97.87% -> 100.00%    
client [60] (testset)   loss: 0.1773 -> 0.0587  accuracy: 94.00% -> 99.00%     
client [66] (testset)   loss: 0.0242 -> 0.0095  accuracy: 98.23% -> 99.12%     
client [83] (testset)   loss: 0.0998 -> 0.0801  accuracy: 97.51% -> 97.51%     
---------------------------- TRAINING EPOCH: 120 ----------------------------  
client [76] (testset)   loss: 0.0204 -> 0.0686  accuracy: 100.00% -> 98.70%    
client [65] (testset)   loss: 0.0895 -> 0.0428  accuracy: 98.32% -> 99.16%     
client [95] (testset)   loss: 0.0121 -> 0.0005  accuracy: 99.64% -> 100.00%    
client [17] (testset)   loss: 0.0115 -> 0.0100  accuracy: 100.00% -> 99.61%    
client [8]  (testset)   loss: 0.2395 -> 0.0596  accuracy: 95.24% -> 97.62%     
client [35] (testset)   loss: 0.0772 -> 0.0234  accuracy: 98.04% -> 99.02%     
client [98] (testset)   loss: 0.0811 -> 0.0182  accuracy: 97.06% -> 100.00%    
client [53] (testset)   loss: 0.0260 -> 0.0078  accuracy: 100.00% -> 100.00%   
client [43] (testset)   loss: 0.1164 -> 0.0784  accuracy: 98.93% -> 97.86%     
client [64] (testset)   loss: 0.0325 -> 0.0162  accuracy: 98.89% -> 99.72%     
---------------------------- TRAINING EPOCH: 130 ----------------------------  
client [21] (testset)   loss: 0.0225 -> 0.0148  accuracy: 99.02% -> 99.02%     
client [88] (testset)   loss: 0.1430 -> 0.0010  accuracy: 97.06% -> 100.00%    
client [38] (testset)   loss: 0.0794 -> 0.0412  accuracy: 98.25% -> 98.25%     
client [3]  (testset)   loss: 0.0594 -> 0.0140  accuracy: 98.32% -> 99.58%     
client [5]  (testset)   loss: 0.0688 -> 0.0113  accuracy: 97.93% -> 99.31%     
client [41] (testset)   loss: 0.0249 -> 0.0010  accuracy: 98.95% -> 100.00%    
client [7]  (testset)   loss: 0.0578 -> 0.0037  accuracy: 100.00% -> 100.00%   
client [37] (testset)   loss: 0.0975 -> 0.0889  accuracy: 96.54% -> 96.97%     
client [45] (testset)   loss: 0.0297 -> 0.0168  accuracy: 99.08% -> 99.69%     
client [47] (testset)   loss: 0.0929 -> 0.0006  accuracy: 96.59% -> 100.00%    
---------------------------- TRAINING EPOCH: 140 ----------------------------  
client [16] (testset)   loss: 0.0115 -> 0.0001  accuracy: 100.00% -> 100.00%   
client [11] (testset)   loss: 0.0000 -> 0.0000  accuracy: 100.00% -> 100.00%   
client [37] (testset)   loss: 0.0957 -> 0.0866  accuracy: 96.97% -> 97.40%     
client [41] (testset)   loss: 0.0298 -> 0.0005  accuracy: 98.95% -> 100.00%    
client [95] (testset)   loss: 0.0318 -> 0.0002  accuracy: 99.28% -> 100.00%    
client [53] (testset)   loss: 0.0458 -> 0.0105  accuracy: 96.00% -> 100.00%    
client [22] (testset)   loss: 0.0236 -> 0.0016  accuracy: 97.87% -> 100.00%    
client [25] (testset)   loss: 0.0455 -> 0.0002  accuracy: 97.70% -> 100.00%    
client [69] (testset)   loss: 0.0462 -> 0.0081  accuracy: 98.72% -> 99.64%     
client [46] (testset)   loss: 0.0226 -> 0.0188  accuracy: 99.10% -> 99.55%     
---------------------------- TRAINING EPOCH: 150 ----------------------------  
client [47] (testset)   loss: 0.0751 -> 0.0121  accuracy: 97.73% -> 98.86%     
client [69] (testset)   loss: 0.0486 -> 0.0083  accuracy: 98.72% -> 99.64%     
client [82] (testset)   loss: 0.0217 -> 0.0160  accuracy: 98.59% -> 98.59%     
client [45] (testset)   loss: 0.0535 -> 0.0225  accuracy: 97.85% -> 99.69%     
client [7]  (testset)   loss: 0.0680 -> 0.0062  accuracy: 100.00% -> 100.00%   
client [50] (testset)   loss: 0.0793 -> 0.0062  accuracy: 96.92% -> 100.00%    
client [35] (testset)   loss: 0.0906 -> 0.0253  accuracy: 97.06% -> 98.04%     
client [24] (testset)   loss: 0.0203 -> 0.0400  accuracy: 100.00% -> 98.65%    
client [15] (testset)   loss: 0.1269 -> 0.0339  accuracy: 98.17% -> 99.08%     
client [58] (testset)   loss: 0.1148 -> 0.0450  accuracy: 95.74% -> 98.58%     
---------------------------- TRAINING EPOCH: 160 ----------------------------  
client [48] (testset)   loss: 0.0159 -> 0.0013  accuracy: 99.03% -> 100.00%    
client [76] (testset)   loss: 0.0096 -> 0.0517  accuracy: 100.00% -> 98.70%    
client [67] (testset)   loss: 0.0322 -> 0.0000  accuracy: 100.00% -> 100.00%   
client [37] (testset)   loss: 0.1066 -> 0.0839  accuracy: 96.54% -> 97.84%     
client [58] (testset)   loss: 0.0883 -> 0.0646  accuracy: 97.16% -> 98.58%     
client [64] (testset)   loss: 0.0650 -> 0.0383  accuracy: 97.78% -> 99.17%     
client [77] (testset)   loss: 0.0920 -> 0.0546  accuracy: 97.26% -> 98.63%     
client [55] (testset)   loss: 0.0234 -> 0.0035  accuracy: 99.49% -> 99.74%     
client [12] (testset)   loss: 0.0637 -> 0.0206  accuracy: 97.52% -> 99.01%     
client [89] (testset)   loss: 0.0105 -> 0.0072  accuracy: 100.00% -> 100.00%   
---------------------------- TRAINING EPOCH: 170 ----------------------------  
client [84] (testset)   loss: 0.0003 -> 0.0003  accuracy: 100.00% -> 100.00%   
client [51] (testset)   loss: 0.0284 -> 0.0031  accuracy: 100.00% -> 100.00%   
client [8]  (testset)   loss: 0.6103 -> 0.0002  accuracy: 85.71% -> 100.00%    
client [18] (testset)   loss: 0.0325 -> 0.0207  accuracy: 99.31% -> 99.66%     
client [94] (testset)   loss: 0.0006 -> 0.0000  accuracy: 100.00% -> 100.00%   
client [81] (testset)   loss: 0.0665 -> 0.0260  accuracy: 98.77% -> 99.38%     
client [3]  (testset)   loss: 0.0300 -> 0.0093  accuracy: 99.16% -> 99.58%     
client [11] (testset)   loss: 0.0000 -> 0.0001  accuracy: 100.00% -> 100.00%   
client [95] (testset)   loss: 0.0176 -> 0.0011  accuracy: 99.64% -> 100.00%    
client [67] (testset)   loss: 0.0167 -> 0.0001  accuracy: 100.00% -> 100.00%   
---------------------------- TRAINING EPOCH: 180 ----------------------------  
client [21] (testset)   loss: 0.0179 -> 0.0036  accuracy: 99.02% -> 100.00%    
client [79] (testset)   loss: 0.0065 -> 0.0003  accuracy: 100.00% -> 100.00%   
client [58] (testset)   loss: 0.0273 -> 0.0165  accuracy: 99.29% -> 99.29%     
client [88] (testset)   loss: 0.1018 -> 0.0199  accuracy: 97.06% -> 98.53%     
client [46] (testset)   loss: 0.0278 -> 0.0187  accuracy: 99.10% -> 99.55%     
client [11] (testset)   loss: 0.0000 -> 0.0000  accuracy: 100.00% -> 100.00%   
client [55] (testset)   loss: 0.0573 -> 0.0055  accuracy: 97.96% -> 99.74%     
client [13] (testset)   loss: 0.1881 -> 0.0030  accuracy: 95.83% -> 100.00%    
client [31] (testset)   loss: 0.0022 -> 0.0009  accuracy: 100.00% -> 100.00%   
client [75] (testset)   loss: 0.0977 -> 0.0184  accuracy: 97.83% -> 99.38%     
---------------------------- TRAINING EPOCH: 190 ----------------------------  
client [19] (testset)   loss: 0.0581 -> 0.0211  accuracy: 98.15% -> 100.00%    
client [7]  (testset)   loss: 0.0021 -> 0.0004  accuracy: 100.00% -> 100.00%   
client [57] (testset)   loss: 0.0015 -> 0.0001  accuracy: 100.00% -> 100.00%   
client [13] (testset)   loss: 0.0562 -> 0.0070  accuracy: 95.83% -> 100.00%    
client [43] (testset)   loss: 0.1181 -> 0.0622  accuracy: 98.40% -> 98.93%     
client [91] (testset)   loss: 0.0376 -> 0.0091  accuracy: 98.84% -> 99.83%     
client [10] (testset)   loss: 0.0043 -> 0.0006  accuracy: 100.00% -> 100.00%   
client [64] (testset)   loss: 0.0234 -> 0.0116  accuracy: 99.17% -> 99.72%     
client [82] (testset)   loss: 0.0036 -> 0.0051  accuracy: 100.00% -> 100.00%   
client [22] (testset)   loss: 0.0087 -> 0.0023  accuracy: 100.00% -> 100.00%   
---------------------------- TRAINING EPOCH: 200 ----------------------------  
client [20] (testset)   loss: 0.1120 -> 0.0647  accuracy: 95.93% -> 98.19%     
client [23] (testset)   loss: 0.0006 -> 0.0000  accuracy: 100.00% -> 100.00%   
client [88] (testset)   loss: 0.1284 -> 0.0108  accuracy: 97.06% -> 100.00%    
client [98] (testset)   loss: 0.0452 -> 0.0298  accuracy: 97.06% -> 97.06%     
client [79] (testset)   loss: 0.0029 -> 0.0003  accuracy: 100.00% -> 100.00%   
client [21] (testset)   loss: 0.0126 -> 0.0082  accuracy: 99.02% -> 99.02%     
client [92] (testset)   loss: 0.0000 -> 0.0000  accuracy: 100.00% -> 100.00%   
client [56] (testset)   loss: 0.0244 -> 0.0000  accuracy: 98.92% -> 100.00%    
client [5]  (testset)   loss: 0.0217 -> 0.0080  accuracy: 97.93% -> 99.31%     
client [52] (testset)   loss: 0.0084 -> 0.0000  accuracy: 100.00% -> 100.00%   
---------------------------- TRAINING EPOCH: 210 ----------------------------  
client [67] (testset)   loss: 0.0001 -> 0.0000  accuracy: 100.00% -> 100.00%   
client [54] (testset)   loss: 0.0038 -> 0.0054  accuracy: 100.00% -> 100.00%   
client [14] (testset)   loss: 0.0250 -> 0.0479  accuracy: 98.61% -> 98.61%     
client [99] (testset)   loss: 0.0592 -> 0.0173  accuracy: 95.24% -> 100.00%    
client [36] (testset)   loss: 0.1105 -> 0.0344  accuracy: 97.97% -> 99.49%     
client [30] (testset)   loss: 0.0009 -> 0.0286  accuracy: 100.00% -> 97.50%    
client [38] (testset)   loss: 0.0964 -> 0.0369  accuracy: 98.25% -> 98.25%     
client [15] (testset)   loss: 0.1463 -> 0.0711  accuracy: 97.25% -> 99.08%     
client [6]  (testset)   loss: 0.0730 -> 0.0041  accuracy: 97.40% -> 99.74%     
client [53] (testset)   loss: 0.0528 -> 0.0005  accuracy: 96.00% -> 100.00%    
---------------------------- TRAINING EPOCH: 220 ----------------------------  
client [99] (testset)   loss: 0.0727 -> 0.1034  accuracy: 95.24% -> 95.24%     
client [6]  (testset)   loss: 0.0272 -> 0.0091  accuracy: 98.44% -> 99.74%     
client [83] (testset)   loss: 0.1045 -> 0.0773  accuracy: 97.86% -> 98.22%     
client [42] (testset)   loss: 0.1258 -> 0.1075  accuracy: 97.27% -> 98.91%     
client [34] (testset)   loss: 0.0413 -> 0.0823  accuracy: 94.44% -> 94.44%     
client [15] (testset)   loss: 0.1058 -> 0.0763  accuracy: 98.17% -> 99.08%     
client [47] (testset)   loss: 0.1004 -> 0.0220  accuracy: 96.59% -> 98.86%     
client [55] (testset)   loss: 0.0223 -> 0.0105  accuracy: 99.49% -> 99.74%     
client [51] (testset)   loss: 0.0011 -> 0.0002  accuracy: 100.00% -> 100.00%   
client [95] (testset)   loss: 0.0169 -> 0.0001  accuracy: 99.64% -> 100.00%    
---------------------------- TRAINING EPOCH: 230 ----------------------------  
client [71] (testset)   loss: 0.0209 -> 0.0009  accuracy: 99.54% -> 100.00%    
client [15] (testset)   loss: 0.1213 -> 0.0576  accuracy: 96.33% -> 99.08%     
client [33] (testset)   loss: 0.1094 -> 0.0703  accuracy: 98.69% -> 99.18%     
client [99] (testset)   loss: 0.0594 -> 0.0378  accuracy: 95.24% -> 95.24%     
client [90] (testset)   loss: 0.0310 -> 0.0283  accuracy: 99.64% -> 99.27%     
client [57] (testset)   loss: 0.0104 -> 0.0006  accuracy: 99.52% -> 100.00%    
client [27] (testset)   loss: 0.0204 -> 0.0015  accuracy: 98.93% -> 100.00%    
client [78] (testset)   loss: 0.0469 -> 0.0309  accuracy: 98.73% -> 99.36%     
client [36] (testset)   loss: 0.1091 -> 0.0331  accuracy: 97.97% -> 98.98%     
client [88] (testset)   loss: 0.1853 -> 0.0355  accuracy: 97.06% -> 98.53%     
---------------------------- TRAINING EPOCH: 240 ----------------------------  
client [70] (testset)   loss: 0.0379 -> 0.0112  accuracy: 98.17% -> 99.63%     
client [35] (testset)   loss: 0.0886 -> 0.0145  accuracy: 97.06% -> 99.02%     
client [16] (testset)   loss: 0.0003 -> 0.0001  accuracy: 100.00% -> 100.00%   
client [80] (testset)   loss: 0.0013 -> 0.0003  accuracy: 100.00% -> 100.00%   
client [38] (testset)   loss: 0.0791 -> 0.0912  accuracy: 98.25% -> 98.25%     
client [78] (testset)   loss: 0.0899 -> 0.0281  accuracy: 97.45% -> 99.36%     
client [68] (testset)   loss: 0.0070 -> 0.0411  accuracy: 100.00% -> 98.31%    
client [11] (testset)   loss: 0.0000 -> 0.0000  accuracy: 100.00% -> 100.00%   
client [64] (testset)   loss: 0.0267 -> 0.0133  accuracy: 99.17% -> 99.17%     
client [82] (testset)   loss: 0.0027 -> 0.0079  accuracy: 100.00% -> 100.00%   
---------------------------- TRAINING EPOCH: 250 ----------------------------  
client [30] (testset)   loss: 0.0000 -> 0.0368  accuracy: 100.00% -> 97.50%    
client [27] (testset)   loss: 0.0116 -> 0.0006  accuracy: 99.47% -> 100.00%    
client [74] (testset)   loss: 0.1006 -> 0.1086  accuracy: 98.46% -> 98.46%     
client [45] (testset)   loss: 0.0336 -> 0.0239  accuracy: 99.08% -> 99.69%     
client [6]  (testset)   loss: 0.0345 -> 0.0067  accuracy: 98.70% -> 99.74%     
client [36] (testset)   loss: 0.1171 -> 0.0523  accuracy: 97.46% -> 98.98%     
client [63] (testset)   loss: 0.0636 -> 0.0235  accuracy: 98.54% -> 99.27%     
client [76] (testset)   loss: 0.0048 -> 0.0206  accuracy: 100.00% -> 98.70%    
client [83] (testset)   loss: 0.1277 -> 0.0981  accuracy: 98.22% -> 97.86%     
client [86] (testset)   loss: 0.1357 -> 0.0004  accuracy: 96.44% -> 100.00%    
---------------------------- TRAINING EPOCH: 260 ----------------------------  
client [83] (testset)   loss: 0.1157 -> 0.0913  accuracy: 98.22% -> 98.22%     
client [99] (testset)   loss: 0.0457 -> 0.0183  accuracy: 95.24% -> 100.00%    
client [74] (testset)   loss: 0.0765 -> 0.1086  accuracy: 99.08% -> 98.46%     
client [73] (testset)   loss: 0.0017 -> 0.1156  accuracy: 100.00% -> 97.06%    
client [29] (testset)   loss: 0.0870 -> 0.0217  accuracy: 95.94% -> 99.63%     
client [92] (testset)   loss: 0.0000 -> 0.0000  accuracy: 100.00% -> 100.00%   
client [6]  (testset)   loss: 0.0709 -> 0.0092  accuracy: 98.18% -> 99.22%     
client [61] (testset)   loss: 0.0220 -> 0.0003  accuracy: 99.41% -> 100.00%    
client [21] (testset)   loss: 0.0090 -> 0.0035  accuracy: 99.02% -> 100.00%    
client [67] (testset)   loss: 0.0001 -> 0.0000  accuracy: 100.00% -> 100.00%   
---------------------------- TRAINING EPOCH: 270 ----------------------------  
client [83] (testset)   loss: 0.1449 -> 0.0935  accuracy: 97.86% -> 98.22%     
client [32] (testset)   loss: 0.1569 -> 0.0832  accuracy: 96.03% -> 97.62%     
client [95] (testset)   loss: 0.0407 -> 0.0001  accuracy: 98.92% -> 100.00%    
client [61] (testset)   loss: 0.0341 -> 0.0002  accuracy: 99.12% -> 100.00%    
client [27] (testset)   loss: 0.0325 -> 0.0005  accuracy: 98.93% -> 100.00%    
client [25] (testset)   loss: 0.0441 -> 0.0013  accuracy: 97.70% -> 100.00%    
client [68] (testset)   loss: 0.0099 -> 0.0369  accuracy: 100.00% -> 98.31%    
client [34] (testset)   loss: 0.0639 -> 0.1894  accuracy: 100.00% -> 94.44%    
client [71] (testset)   loss: 0.0223 -> 0.0034  accuracy: 99.54% -> 99.77%     
client [89] (testset)   loss: 0.0026 -> 0.0015  accuracy: 100.00% -> 100.00%   
---------------------------- TRAINING EPOCH: 280 ----------------------------  
client [78] (testset)   loss: 0.1322 -> 0.0394  accuracy: 97.45% -> 99.36%     
client [81] (testset)   loss: 0.0378 -> 0.0264  accuracy: 99.38% -> 99.38%     
client [51] (testset)   loss: 0.0053 -> 0.0001  accuracy: 100.00% -> 100.00%   
client [54] (testset)   loss: 0.0006 -> 0.0011  accuracy: 100.00% -> 100.00%   
client [65] (testset)   loss: 0.1024 -> 0.0275  accuracy: 98.32% -> 99.16%     
client [41] (testset)   loss: 0.0383 -> 0.0001  accuracy: 97.89% -> 100.00%    
client [11] (testset)   loss: 0.0000 -> 0.0000  accuracy: 100.00% -> 100.00%   
client [85] (testset)   loss: 0.0823 -> 0.0238  accuracy: 97.93% -> 98.96%     
client [12] (testset)   loss: 0.0762 -> 0.0239  accuracy: 98.02% -> 99.50%     
client [23] (testset)   loss: 0.0033 -> 0.0001  accuracy: 100.00% -> 100.00%   
---------------------------- TRAINING EPOCH: 290 ----------------------------  
client [16] (testset)   loss: 0.0211 -> 0.0001  accuracy: 98.57% -> 100.00%    
client [65] (testset)   loss: 0.0617 -> 0.0410  accuracy: 98.74% -> 98.74%     
client [53] (testset)   loss: 0.0131 -> 0.0014  accuracy: 100.00% -> 100.00%   
client [58] (testset)   loss: 0.0751 -> 0.0409  accuracy: 97.87% -> 98.58%     
client [72] (testset)   loss: 0.0353 -> 0.0012  accuracy: 99.09% -> 100.00%    
client [7]  (testset)   loss: 0.0098 -> 0.0009  accuracy: 100.00% -> 100.00%   
client [71] (testset)   loss: 0.0211 -> 0.0084  accuracy: 99.54% -> 99.77%     
client [59] (testset)   loss: 0.0000 -> 0.0000  accuracy: 100.00% -> 100.00%   
client [86] (testset)   loss: 0.1092 -> 0.0030  accuracy: 96.99% -> 99.73%     
client [39] (testset)   loss: 0.0134 -> 0.0014  accuracy: 99.26% -> 100.00%    
---------------------------- TRAINING EPOCH: 300 ----------------------------  
client [99] (testset)   loss: 0.0802 -> 0.1226  accuracy: 95.24% -> 95.24%     
client [7]  (testset)   loss: 0.0147 -> 0.0002  accuracy: 100.00% -> 100.00%   
client [17] (testset)   loss: 0.0014 -> 0.0017  accuracy: 100.00% -> 100.00%   
client [64] (testset)   loss: 0.0454 -> 0.0172  accuracy: 98.33% -> 99.17%     
client [37] (testset)   loss: 0.0975 -> 0.0653  accuracy: 97.84% -> 97.84%     
client [29] (testset)   loss: 0.0459 -> 0.0233  accuracy: 98.15% -> 99.63%     
client [93] (testset)   loss: 0.0024 -> 0.0001  accuracy: 100.00% -> 100.00%   
client [73] (testset)   loss: 0.0003 -> 0.0708  accuracy: 100.00% -> 94.12%    
client [40] (testset)   loss: 0.0006 -> 0.0000  accuracy: 100.00% -> 100.00%   
client [76] (testset)   loss: 0.0064 -> 0.0321  accuracy: 100.00% -> 98.70%    
---------------------------- TRAINING EPOCH: 310 ----------------------------  
client [31] (testset)   loss: 0.0081 -> 0.0119  accuracy: 100.00% -> 100.00%   
client [89] (testset)   loss: 0.0052 -> 0.0025  accuracy: 100.00% -> 100.00%   
client [77] (testset)   loss: 0.0653 -> 0.0557  accuracy: 97.95% -> 99.32%     
client [90] (testset)   loss: 0.0513 -> 0.0377  accuracy: 98.18% -> 98.91%     
client [26] (testset)   loss: 0.0094 -> 0.1003  accuracy: 100.00% -> 95.83%    
client [50] (testset)   loss: 0.0022 -> 0.0024  accuracy: 100.00% -> 100.00%   
client [30] (testset)   loss: 0.0010 -> 0.0108  accuracy: 100.00% -> 100.00%   
client [70] (testset)   loss: 0.0340 -> 0.0103  accuracy: 98.72% -> 99.63%     
client [41] (testset)   loss: 0.0354 -> 0.0005  accuracy: 97.89% -> 100.00%    
client [99] (testset)   loss: 0.0339 -> 0.0908  accuracy: 100.00% -> 95.24%    
---------------------------- TRAINING EPOCH: 320 ----------------------------  
client [68] (testset)   loss: 0.0113 -> 0.0176  accuracy: 100.00% -> 98.31%    
client [70] (testset)   loss: 0.0432 -> 0.0107  accuracy: 98.53% -> 99.82%     
client [52] (testset)   loss: 0.0137 -> 0.0000  accuracy: 98.68% -> 100.00%    
client [1]  (testset)   loss: 0.0208 -> 0.0653  accuracy: 98.33% -> 98.33%     
client [2]  (testset)   loss: 0.0360 -> 0.0225  accuracy: 99.24% -> 99.43%     
client [67] (testset)   loss: 0.0000 -> 0.0000  accuracy: 100.00% -> 100.00%   
client [92] (testset)   loss: 0.0000 -> 0.0000  accuracy: 100.00% -> 100.00%   
client [35] (testset)   loss: 0.1382 -> 0.0338  accuracy: 95.10% -> 99.02%     
client [36] (testset)   loss: 0.1026 -> 0.0538  accuracy: 98.48% -> 98.48%     
client [64] (testset)   loss: 0.0370 -> 0.0166  accuracy: 98.61% -> 99.17%     
---------------------------- TRAINING EPOCH: 330 ----------------------------  
client [44] (testset)   loss: 0.0430 -> 0.0187  accuracy: 98.81% -> 99.40%     
client [6]  (testset)   loss: 0.0416 -> 0.0060  accuracy: 98.44% -> 99.74%     
client [12] (testset)   loss: 0.0563 -> 0.0210  accuracy: 98.02% -> 99.50%     
client [55] (testset)   loss: 0.0095 -> 0.0020  accuracy: 99.74% -> 100.00%    
client [29] (testset)   loss: 0.0666 -> 0.0265  accuracy: 97.42% -> 99.63%     
client [9]  (testset)   loss: 0.0643 -> 0.0273  accuracy: 97.88% -> 99.02%     
client [43] (testset)   loss: 0.1303 -> 0.0820  accuracy: 98.40% -> 98.40%     
client [77] (testset)   loss: 0.0539 -> 0.0366  accuracy: 97.26% -> 99.32%     
client [98] (testset)   loss: 0.0625 -> 0.0215  accuracy: 97.06% -> 97.06%     
client [78] (testset)   loss: 0.1520 -> 0.0263  accuracy: 96.82% -> 99.36%     
---------------------------- TRAINING EPOCH: 340 ----------------------------  
client [92] (testset)   loss: 0.0000 -> 0.0000  accuracy: 100.00% -> 100.00%   
client [80] (testset)   loss: 0.0019 -> 0.0004  accuracy: 100.00% -> 100.00%   
client [63] (testset)   loss: 0.0397 -> 0.0338  accuracy: 99.27% -> 99.27%     
client [76] (testset)   loss: 0.0009 -> 0.0180  accuracy: 100.00% -> 98.70%    
client [78] (testset)   loss: 0.0728 -> 0.0425  accuracy: 98.09% -> 98.73%     
client [25] (testset)   loss: 0.0030 -> 0.0008  accuracy: 100.00% -> 100.00%   
client [58] (testset)   loss: 0.0329 -> 0.0018  accuracy: 98.58% -> 100.00%    
client [13] (testset)   loss: 0.0120 -> 0.0012  accuracy: 100.00% -> 100.00%   
client [17] (testset)   loss: 0.0085 -> 0.0030  accuracy: 100.00% -> 99.61%    
client [38] (testset)   loss: 0.1099 -> 0.0610  accuracy: 98.25% -> 98.25%     
---------------------------- TRAINING EPOCH: 350 ----------------------------  
client [72] (testset)   loss: 0.0373 -> 0.0014  accuracy: 99.09% -> 100.00%    
client [82] (testset)   loss: 0.0032 -> 0.0040  accuracy: 100.00% -> 100.00%   
client [86] (testset)   loss: 0.0606 -> 0.0011  accuracy: 97.81% -> 100.00%    
client [51] (testset)   loss: 0.0000 -> 0.0000  accuracy: 100.00% -> 100.00%   
client [96] (testset)   loss: 0.0369 -> 0.0012  accuracy: 99.02% -> 100.00%    
client [42] (testset)   loss: 0.1381 -> 0.1215  accuracy: 98.36% -> 98.36%     
client [55] (testset)   loss: 0.0348 -> 0.0003  accuracy: 98.98% -> 100.00%    
client [13] (testset)   loss: 0.0971 -> 0.0055  accuracy: 95.83% -> 100.00%    
client [1]  (testset)   loss: 0.0328 -> 0.0582  accuracy: 98.33% -> 98.33%     
client [12] (testset)   loss: 0.0235 -> 0.0200  accuracy: 99.01% -> 99.01%     
---------------------------- TRAINING EPOCH: 360 ----------------------------  
client [68] (testset)   loss: 0.0039 -> 0.0082  accuracy: 100.00% -> 100.00%   
client [23] (testset)   loss: 0.0042 -> 0.0002  accuracy: 100.00% -> 100.00%   
client [46] (testset)   loss: 0.0352 -> 0.0206  accuracy: 98.87% -> 99.32%     
client [41] (testset)   loss: 0.0135 -> 0.0004  accuracy: 100.00% -> 100.00%   
client [25] (testset)   loss: 0.0029 -> 0.0000  accuracy: 100.00% -> 100.00%   
client [58] (testset)   loss: 0.0105 -> 0.0059  accuracy: 99.29% -> 99.29%     
client [14] (testset)   loss: 0.0697 -> 0.0253  accuracy: 97.22% -> 98.61%     
client [33] (testset)   loss: 0.0870 -> 0.0743  accuracy: 98.86% -> 99.35%     
client [85] (testset)   loss: 0.0538 -> 0.0375  accuracy: 97.93% -> 99.48%     
client [62] (testset)   loss: 0.0003 -> 0.0000  accuracy: 100.00% -> 100.00%   
---------------------------- TRAINING EPOCH: 370 ----------------------------  
client [98] (testset)   loss: 0.1494 -> 0.1232  accuracy: 97.06% -> 97.06%     
client [63] (testset)   loss: 0.0464 -> 0.0246  accuracy: 98.54% -> 99.27%     
client [70] (testset)   loss: 0.0506 -> 0.0114  accuracy: 98.90% -> 99.82%     
client [65] (testset)   loss: 0.0863 -> 0.0487  accuracy: 98.74% -> 98.74%     
client [14] (testset)   loss: 0.0371 -> 0.0400  accuracy: 98.61% -> 98.61%     
client [73] (testset)   loss: 0.0054 -> 0.0004  accuracy: 100.00% -> 100.00%   
client [34] (testset)   loss: 0.0088 -> 0.0310  accuracy: 100.00% -> 100.00%   
client [99] (testset)   loss: 0.0233 -> 0.0433  accuracy: 100.00% -> 95.24%    
client [69] (testset)   loss: 0.0394 -> 0.0067  accuracy: 98.91% -> 99.64%     
client [46] (testset)   loss: 0.0250 -> 0.0139  accuracy: 99.32% -> 99.32%     
---------------------------- TRAINING EPOCH: 380 ----------------------------  
client [99] (testset)   loss: 0.0184 -> 0.0256  accuracy: 100.00% -> 100.00%   
client [93] (testset)   loss: 0.0013 -> 0.0000  accuracy: 100.00% -> 100.00%   
client [11] (testset)   loss: 0.0000 -> 0.0000  accuracy: 100.00% -> 100.00%   
client [58] (testset)   loss: 0.0256 -> 0.0015  accuracy: 99.29% -> 100.00%    
client [81] (testset)   loss: 0.0525 -> 0.0248  accuracy: 99.38% -> 99.38%     
client [85] (testset)   loss: 0.0564 -> 0.0133  accuracy: 97.93% -> 99.48%     
client [89] (testset)   loss: 0.0007 -> 0.0013  accuracy: 100.00% -> 100.00%   
client [45] (testset)   loss: 0.0525 -> 0.0259  accuracy: 98.77% -> 99.69%     
client [8]  (testset)   loss: 0.2744 -> 0.0422  accuracy: 92.86% -> 97.62%     
client [68] (testset)   loss: 0.0065 -> 0.0184  accuracy: 100.00% -> 98.31%    
---------------------------- TRAINING EPOCH: 390 ----------------------------  
client [67] (testset)   loss: 0.0006 -> 0.0000  accuracy: 100.00% -> 100.00%   
client [72] (testset)   loss: 0.0209 -> 0.0002  accuracy: 99.09% -> 100.00%    
client [1]  (testset)   loss: 0.0426 -> 0.0304  accuracy: 98.33% -> 98.33%     
client [78] (testset)   loss: 0.1278 -> 0.0720  accuracy: 97.45% -> 98.09%     
client [83] (testset)   loss: 0.1231 -> 0.0917  accuracy: 97.51% -> 98.22%     
client [21] (testset)   loss: 0.0206 -> 0.0116  accuracy: 99.02% -> 99.02%     
client [56] (testset)   loss: 0.0085 -> 0.0000  accuracy: 100.00% -> 100.00%   
client [44] (testset)   loss: 0.0442 -> 0.0245  accuracy: 98.21% -> 98.81%     
client [92] (testset)   loss: 0.0000 -> 0.0000  accuracy: 100.00% -> 100.00%   
client [27] (testset)   loss: 0.0047 -> 0.0008  accuracy: 100.00% -> 100.00%   
---------------------------- TRAINING EPOCH: 400 ----------------------------  
client [10] (testset)   loss: 0.0002 -> 0.0002  accuracy: 100.00% -> 100.00%   
client [39] (testset)   loss: 0.0229 -> 0.0054  accuracy: 99.26% -> 99.75%     
client [65] (testset)   loss: 0.0895 -> 0.0441  accuracy: 98.74% -> 98.74%     
client [26] (testset)   loss: 0.0080 -> 0.0183  accuracy: 100.00% -> 100.00%   
client [19] (testset)   loss: 0.0349 -> 0.0224  accuracy: 98.15% -> 100.00%    
client [68] (testset)   loss: 0.0048 -> 0.0081  accuracy: 100.00% -> 100.00%   
client [41] (testset)   loss: 0.0184 -> 0.0001  accuracy: 98.95% -> 100.00%    
client [50] (testset)   loss: 0.0084 -> 0.0028  accuracy: 99.49% -> 100.00%    
client [75] (testset)   loss: 0.0564 -> 0.0270  accuracy: 98.76% -> 98.76%     
client [81] (testset)   loss: 0.0386 -> 0.0282  accuracy: 99.38% -> 99.38%     
FedDpag's average time taken by each global epoch: 0 min 2.53 sec.             
FedDpag's total running time: 0 h 17 m 2 s.                                    
==================== FedDpag Experiment Results: ====================          
Display format: (before local fine-tuning) -> (after local fine-tuning)        
 So if finetune_epoch = 0, x.xx% -> 0.00% is normal.                           
 Centralized testing ONLY happens after model aggregation, so the stats between
'->' are the same.                                                             
{                                                                              
    "100": {                                                                   
        "all_clients": {                                                       
            "test": {                                                          
                "loss": "0.0686 -> 0.0000",                                    
                "accuracy": "98.04% -> 0.00%"                                  
            }                                                                  
        }                                                                      
    },                                                                         
    "200": {                                                                   
        "all_clients": {                                                       
            "test": {                                                          
                "loss": "0.0506 -> 0.0000",                                    
                "accuracy": "98.43% -> 0.00%"                                  
            }                                                                  
        }                                                                      
    },                                                                         
    "300": {                                                                   
        "all_clients": {                                                       
            "test": {                                                          
                "loss": "0.0442 -> 0.0000",                                    
                "accuracy": "98.85% -> 0.00%"                                  
            }                                                                  
        }                                                                      
    },                                                                         
    "400": {                                                                   
        "all_clients": {                                                       
            "test": {                                                          
                "loss": "0.0469 -> 0.0000",                                    
                "accuracy": "98.87% -> 0.00%"                                  
            }                                                                  
        }                                                                      
    }                                                                          
}                                                                              
==================== FedDpag Max Accuracy ====================                 
all_clients:                                                                   
(test) before fine-tuning: 98.87% at epoch 400                                 
(test) after fine-tuning: 0.00% at epoch 100                                   
