==================== APFL ====================                                 
Experiment Arguments:                                                          
{
    'method': 'apfl',
    'dataset': {
        'name': 'emnist',
        'client_num': 100,
        'test_ratio': 0.25,
        'val_ratio': 0.0,
        'seed': 42,
        'split': 'sample',
        'IID_ratio': 0.0,
        'monitor_window_name_suffix': 'emnist-100clients-0%IID-Dir(0.5)-seed42',
        'emnist_split': 'byclass',
        'alpha': 0.5,
        'min_samples_per_client': 10
    },
    'model': {
        'name': 'avgcnn',
        'use_torchvision_pretrained_weights': True,
        'external_model_weights_path': None
    },
    'optimizer': {
        'lr': 0.01,
        'dampening': 0,
        'weight_decay': 0,
        'momentum': 0.7,
        'nesterov': False,
        'name': 'sgd'
    },
    'mode': 'serial',
    'parallel': {
        'ray_cluster_addr': None,
        'num_cpus': None,
        'num_gpus': None,
        'num_workers': 2
    },
    'common': {
        'seed': 42,
        'join_ratio': 0.1,
        'global_epoch': 400,
        'local_epoch': 5,
        'batch_size': 32,
        'reset_optimizer_on_global_epoch': True,
        'straggler_ratio': 0,
        'straggler_min_local_epoch': 0,
        'buffers': 'global',
        'client_side_evaluation': True,
        'test': {
            'client': {
                'interval': 100,
                'finetune_epoch': 5,
                'train': False,
                'val': False,
                'test': True
            },
            'server': {
                'interval': -1,
                'train': False,
                'val': False,
                'test': True,
                'model_in_train_mode': False
            }
        },
        'verbose_gap': 10,
        'monitor': None,
        'use_cuda': True,
        'save_log': True,
        'save_model': False,
        'save_learning_curve_plot': True,
        'save_metrics': True,
        'delete_useless_run': True
    },
    'fedprox': {
        'mu': 0.01
    },
    'pfedsim': {
        'warmup_round': 0.5
    },
    'apfl': {
        'alpha': 0.5,
        'adaptive_alpha': 1
    }
}
---------------------------- TRAINING EPOCH: 10 ----------------------------   
client [77] (testset)   loss: 0.5544 -> 0.4833  accuracy: 79.68% -> 83.08%     
client [81] (testset)   loss: 0.5417 -> 0.4392  accuracy: 80.86% -> 86.08%     
client [21] (testset)   loss: 0.5623 -> 0.2834  accuracy: 81.67% -> 91.84%     
client [68] (testset)   loss: 0.2793 -> 0.3214  accuracy: 89.70% -> 89.54%     
client [93] (testset)   loss: 0.4218 -> 0.3536  accuracy: 89.67% -> 92.11%     
client [31] (testset)   loss: 0.4405 -> 0.3195  accuracy: 84.75% -> 88.68%     
client [20] (testset)   loss: 0.4027 -> 0.3919  accuracy: 86.20% -> 90.57%     
client [59] (testset)   loss: 0.6051 -> 0.4239  accuracy: 81.03% -> 84.69%     
client [48] (testset)   loss: 0.4644 -> 0.4000  accuracy: 83.05% -> 87.17%     
client [34] (testset)   loss: 0.3776 -> 0.3748  accuracy: 89.73% -> 89.22%     
---------------------------- TRAINING EPOCH: 20 ----------------------------   
client [69] (testset)   loss: 0.4410 -> 0.3058  accuracy: 85.32% -> 92.09%     
client [99] (testset)   loss: 0.3166 -> 0.2416  accuracy: 90.13% -> 92.47%     
client [67] (testset)   loss: 0.2978 -> 0.2802  accuracy: 89.10% -> 89.56%     
client [0]  (testset)   loss: 0.3279 -> 0.2601  accuracy: 91.87% -> 93.89%     
client [76] (testset)   loss: 0.5789 -> 0.4932  accuracy: 81.50% -> 86.23%     
client [41] (testset)   loss: 0.5573 -> 0.5057  accuracy: 81.05% -> 82.88%     
client [62] (testset)   loss: 0.5255 -> 0.3826  accuracy: 83.64% -> 88.66%     
client [2]  (testset)   loss: 0.3022 -> 0.2479  accuracy: 90.40% -> 91.53%     
client [14] (testset)   loss: 0.5368 -> 0.3176  accuracy: 80.57% -> 92.08%     
client [46] (testset)   loss: 0.3715 -> 0.3098  accuracy: 87.55% -> 91.86%     
---------------------------- TRAINING EPOCH: 30 ----------------------------   
client [24] (testset)   loss: 0.4683 -> 0.3239  accuracy: 85.48% -> 92.30%     
client [68] (testset)   loss: 0.3030 -> 0.3330  accuracy: 89.48% -> 90.68%     
client [57] (testset)   loss: 0.4988 -> 0.5395  accuracy: 84.06% -> 84.63%     
client [17] (testset)   loss: 0.4047 -> 0.2951  accuracy: 87.27% -> 92.70%     
client [54] (testset)   loss: 0.3437 -> 0.3288  accuracy: 88.96% -> 91.05%     
client [23] (testset)   loss: 0.5605 -> 0.4100  accuracy: 80.36% -> 86.03%     
client [35] (testset)   loss: 0.6925 -> 0.5914  accuracy: 76.87% -> 85.86%     
client [59] (testset)   loss: 0.4445 -> 0.4893  accuracy: 83.56% -> 85.01%     
client [31] (testset)   loss: 0.4050 -> 0.3537  accuracy: 86.91% -> 89.93%     
client [9]  (testset)   loss: 0.7208 -> 0.6551  accuracy: 77.08% -> 81.41%     
---------------------------- TRAINING EPOCH: 40 ----------------------------   
client [64] (testset)   loss: 0.6345 -> 0.4737  accuracy: 78.86% -> 85.80%     
client [33] (testset)   loss: 0.4411 -> 0.5398  accuracy: 85.14% -> 87.25%     
client [16] (testset)   loss: 0.3953 -> 0.3499  accuracy: 88.17% -> 92.33%     
client [44] (testset)   loss: 0.5140 -> 0.5049  accuracy: 80.82% -> 83.63%     
client [8]  (testset)   loss: 0.4491 -> 0.3764  accuracy: 86.37% -> 91.76%     
client [31] (testset)   loss: 0.4136 -> 0.3719  accuracy: 87.97% -> 89.33%     
client [47] (testset)   loss: 0.6908 -> 0.5760  accuracy: 76.94% -> 83.56%     
client [36] (testset)   loss: 0.3528 -> 0.3716  accuracy: 87.58% -> 88.28%     
client [20] (testset)   loss: 0.5101 -> 0.4002  accuracy: 83.55% -> 91.04%     
client [56] (testset)   loss: 0.3633 -> 0.3759  accuracy: 87.99% -> 89.34%     
---------------------------- TRAINING EPOCH: 50 ----------------------------   
client [4]  (testset)   loss: 0.4144 -> 0.3713  accuracy: 88.20% -> 90.55%     
client [60] (testset)   loss: 0.2503 -> 0.2036  accuracy: 91.36% -> 94.12%     
client [28] (testset)   loss: 0.4710 -> 0.3946  accuracy: 84.97% -> 90.08%     
client [25] (testset)   loss: 0.3100 -> 0.2496  accuracy: 90.61% -> 95.41%     
client [58] (testset)   loss: 0.3370 -> 0.3314  accuracy: 88.19% -> 92.31%     
client [44] (testset)   loss: 0.5163 -> 0.5680  accuracy: 80.96% -> 82.47%     
client [39] (testset)   loss: 0.5103 -> 0.4820  accuracy: 82.60% -> 85.80%     
client [29] (testset)   loss: 0.6481 -> 0.6459  accuracy: 82.22% -> 83.95%     
client [3]  (testset)   loss: 0.3837 -> 0.2106  accuracy: 88.69% -> 94.97%     
client [84] (testset)   loss: 0.4654 -> 0.3385  accuracy: 85.51% -> 91.82%     
---------------------------- TRAINING EPOCH: 60 ----------------------------   
client [21] (testset)   loss: 0.3687 -> 0.3540  accuracy: 89.68% -> 92.74%     
client [84] (testset)   loss: 0.5830 -> 0.3488  accuracy: 79.62% -> 92.57%     
client [10] (testset)   loss: 0.3806 -> 0.3482  accuracy: 87.86% -> 92.04%     
client [36] (testset)   loss: 0.5123 -> 0.5120  accuracy: 82.09% -> 87.88%     
client [65] (testset)   loss: 0.8358 -> 0.5553  accuracy: 71.59% -> 87.45%     
client [81] (testset)   loss: 0.6737 -> 0.5875  accuracy: 78.27% -> 85.89%     
client [79] (testset)   loss: 0.2704 -> 0.2134  accuracy: 90.03% -> 94.76%     
client [42] (testset)   loss: 0.4180 -> 0.3267  accuracy: 86.09% -> 93.11%     
client [11] (testset)   loss: 0.4736 -> 0.2705  accuracy: 86.47% -> 94.41%     
client [96] (testset)   loss: 0.6530 -> 0.4659  accuracy: 79.12% -> 90.33%     
---------------------------- TRAINING EPOCH: 70 ----------------------------   
client [8]  (testset)   loss: 0.6475 -> 0.3844  accuracy: 79.55% -> 91.76%     
client [53] (testset)   loss: 0.5282 -> 0.4289  accuracy: 85.76% -> 88.18%     
client [52] (testset)   loss: 0.6388 -> 0.6062  accuracy: 81.23% -> 86.92%     
client [42] (testset)   loss: 0.4820 -> 0.3527  accuracy: 85.60% -> 92.84%     
client [69] (testset)   loss: 0.3645 -> 0.3615  accuracy: 89.38% -> 92.87%     
client [59] (testset)   loss: 0.5935 -> 0.5681  accuracy: 82.21% -> 85.28%     
client [7]  (testset)   loss: 0.4822 -> 0.4446  accuracy: 83.88% -> 89.06%     
client [26] (testset)   loss: 0.4815 -> 0.4688  accuracy: 84.78% -> 89.31%     
client [49] (testset)   loss: 0.3087 -> 0.3414  accuracy: 92.21% -> 93.15%     
client [98] (testset)   loss: 0.3223 -> 0.3467  accuracy: 91.45% -> 92.05%     
---------------------------- TRAINING EPOCH: 80 ----------------------------   
client [98] (testset)   loss: 0.3407 -> 0.3439  accuracy: 91.81% -> 92.61%     
client [47] (testset)   loss: 0.8753 -> 0.6619  accuracy: 73.12% -> 84.99%     
client [21] (testset)   loss: 0.5151 -> 0.3746  accuracy: 84.77% -> 92.48%     
client [77] (testset)   loss: 0.6391 -> 0.5824  accuracy: 82.70% -> 85.73%     
client [95] (testset)   loss: 0.3943 -> 0.3041  accuracy: 87.85% -> 93.77%     
client [91] (testset)   loss: 0.7546 -> 0.5362  accuracy: 79.48% -> 87.04%     
client [14] (testset)   loss: 0.4756 -> 0.3775  accuracy: 84.77% -> 92.32%     
client [99] (testset)   loss: 0.5813 -> 0.3374  accuracy: 82.71% -> 92.97%     
client [20] (testset)   loss: 0.5922 -> 0.4051  accuracy: 82.67% -> 92.16%     
client [39] (testset)   loss: 0.5817 -> 0.5424  accuracy: 81.91% -> 86.32%     
---------------------------- TRAINING EPOCH: 90 ----------------------------   
client [52] (testset)   loss: 0.7427 -> 0.6083  accuracy: 79.01% -> 86.69%     
client [62] (testset)   loss: 0.5559 -> 0.5627  accuracy: 85.26% -> 88.81%     
client [71] (testset)   loss: 0.7278 -> 0.7576  accuracy: 77.08% -> 83.58%     
client [97] (testset)   loss: 0.5417 -> 0.2713  accuracy: 82.91% -> 94.38%     
client [30] (testset)   loss: 0.4333 -> 0.4673  accuracy: 87.47% -> 90.78%     
client [88] (testset)   loss: 0.4745 -> 0.4248  accuracy: 84.28% -> 88.54%     
client [60] (testset)   loss: 0.4724 -> 0.2871  accuracy: 83.78% -> 93.59%     
client [82] (testset)   loss: 0.7754 -> 0.5631  accuracy: 78.61% -> 87.25%     
client [91] (testset)   loss: 0.6371 -> 0.5422  accuracy: 80.83% -> 87.84%     
client [57] (testset)   loss: 0.6328 -> 0.6109  accuracy: 81.08% -> 86.07%     
---------------------------- TRAINING EPOCH: 100 ----------------------------  
client [31] (testset)   loss: 0.5573 -> 0.4848  accuracy: 84.05% -> 88.98%     
client [15] (testset)   loss: 0.5969 -> 0.5802  accuracy: 81.93% -> 84.95%     
client [71] (testset)   loss: 0.7136 -> 0.7603  accuracy: 79.53% -> 83.49%     
client [97] (testset)   loss: 0.4622 -> 0.2940  accuracy: 87.17% -> 93.90%     
client [53] (testset)   loss: 0.6008 -> 0.4567  accuracy: 83.04% -> 88.53%     
client [77] (testset)   loss: 0.7300 -> 0.5833  accuracy: 81.14% -> 85.51%     
client [76] (testset)   loss: 0.9205 -> 0.5842  accuracy: 74.01% -> 86.95%     
client [79] (testset)   loss: 0.3968 -> 0.2429  accuracy: 86.39% -> 94.54%     
client [28] (testset)   loss: 0.5653 -> 0.4491  accuracy: 82.01% -> 89.96%     
client [99] (testset)   loss: 0.5584 -> 0.3350  accuracy: 82.99% -> 92.30%     
---------------------------- TRAINING EPOCH: 110 ----------------------------  
client [97] (testset)   loss: 0.4477 -> 0.2951  accuracy: 86.93% -> 93.86%     
client [86] (testset)   loss: 0.4045 -> 0.3099  accuracy: 89.31% -> 93.47%     
client [34] (testset)   loss: 0.6582 -> 0.5218  accuracy: 80.70% -> 89.84%     
client [73] (testset)   loss: 0.5883 -> 0.6340  accuracy: 83.48% -> 84.95%     
client [5]  (testset)   loss: 0.6263 -> 0.4110  accuracy: 83.13% -> 91.27%     
client [96] (testset)   loss: 0.6332 -> 0.5118  accuracy: 81.53% -> 90.19%     
client [22] (testset)   loss: 0.6944 -> 0.6939  accuracy: 80.76% -> 85.42%     
client [60] (testset)   loss: 0.4970 -> 0.2643  accuracy: 83.20% -> 94.12%     
client [66] (testset)   loss: 0.4031 -> 0.3424  accuracy: 88.57% -> 93.16%     
client [83] (testset)   loss: 0.7242 -> 0.4181  accuracy: 77.49% -> 91.50%     
---------------------------- TRAINING EPOCH: 120 ----------------------------  
client [76] (testset)   loss: 0.8741 -> 0.6322  accuracy: 76.32% -> 85.96%     
client [65] (testset)   loss: 0.9368 -> 0.6231  accuracy: 73.48% -> 86.44%     
client [95] (testset)   loss: 0.4709 -> 0.3144  accuracy: 85.99% -> 93.53%     
client [17] (testset)   loss: 0.5371 -> 0.3276  accuracy: 85.37% -> 92.59%     
client [8]  (testset)   loss: 0.5617 -> 0.3965  accuracy: 83.15% -> 91.46%     
client [35] (testset)   loss: 0.9394 -> 0.7144  accuracy: 76.29% -> 85.15%     
client [98] (testset)   loss: 0.3704 -> 0.3769  accuracy: 90.57% -> 92.73%     
client [53] (testset)   loss: 0.5621 -> 0.4933  accuracy: 85.52% -> 88.89%     
client [43] (testset)   loss: 0.4997 -> 0.3970  accuracy: 84.52% -> 92.13%     
client [64] (testset)   loss: 0.8191 -> 0.5870  accuracy: 75.95% -> 86.28%     
---------------------------- TRAINING EPOCH: 130 ----------------------------  
client [21] (testset)   loss: 0.6460 -> 0.3895  accuracy: 79.21% -> 92.74%     
client [88] (testset)   loss: 0.5098 -> 0.4569  accuracy: 84.66% -> 88.40%     
client [38] (testset)   loss: 0.4143 -> 0.3839  accuracy: 89.82% -> 92.52%     
client [3]  (testset)   loss: 0.4099 -> 0.2381  accuracy: 89.00% -> 94.86%     
client [5]  (testset)   loss: 0.6444 -> 0.4128  accuracy: 83.27% -> 91.12%     
client [41] (testset)   loss: 1.0536 -> 0.7767  accuracy: 69.08% -> 83.04%     
client [7]  (testset)   loss: 0.4389 -> 0.4795  accuracy: 86.61% -> 88.91%     
client [37] (testset)   loss: 0.5458 -> 0.4550  accuracy: 84.84% -> 89.06%     
client [45] (testset)   loss: 0.6856 -> 0.5724  accuracy: 81.86% -> 88.15%     
client [47] (testset)   loss: 0.7925 -> 0.7561  accuracy: 76.73% -> 83.31%     
---------------------------- TRAINING EPOCH: 140 ----------------------------  
client [16] (testset)   loss: 0.4374 -> 0.3956  accuracy: 88.78% -> 92.10%     
client [11] (testset)   loss: 0.6269 -> 0.2970  accuracy: 80.50% -> 94.58%     
client [37] (testset)   loss: 0.5368 -> 0.4527  accuracy: 85.39% -> 88.86%     
client [41] (testset)   loss: 0.9472 -> 0.7812  accuracy: 73.48% -> 83.21%     
client [95] (testset)   loss: 0.4249 -> 0.3193  accuracy: 88.13% -> 93.97%     
client [53] (testset)   loss: 0.6491 -> 0.4828  accuracy: 82.98% -> 88.65%     
client [22] (testset)   loss: 0.7790 -> 0.7292  accuracy: 78.06% -> 84.86%     
client [25] (testset)   loss: 0.3987 -> 0.2936  accuracy: 88.56% -> 95.68%     
client [69] (testset)   loss: 0.5272 -> 0.3924  accuracy: 84.57% -> 93.01%     
client [46] (testset)   loss: 0.4780 -> 0.4202  accuracy: 86.61% -> 91.54%     
---------------------------- TRAINING EPOCH: 150 ----------------------------  
client [47] (testset)   loss: 0.8035 -> 0.8554  accuracy: 77.95% -> 83.98%     
client [69] (testset)   loss: 0.6196 -> 0.3968  accuracy: 83.54% -> 93.19%     
client [82] (testset)   loss: 0.8467 -> 0.6212  accuracy: 79.97% -> 88.09%     
client [45] (testset)   loss: 0.6917 -> 0.6226  accuracy: 81.44% -> 88.24%     
client [7]  (testset)   loss: 0.4997 -> 0.4997  accuracy: 86.96% -> 88.76%     
client [50] (testset)   loss: 0.5564 -> 0.4091  accuracy: 86.36% -> 90.15%     
client [35] (testset)   loss: 0.9187 -> 0.7155  accuracy: 76.87% -> 85.73%     
client [24] (testset)   loss: 0.5669 -> 0.4283  accuracy: 85.67% -> 92.16%     
client [15] (testset)   loss: 0.6732 -> 0.6410  accuracy: 81.50% -> 85.53%     
client [58] (testset)   loss: 0.4879 -> 0.4131  accuracy: 86.29% -> 92.79%     
---------------------------- TRAINING EPOCH: 160 ----------------------------  
client [48] (testset)   loss: 0.6471 -> 0.6226  accuracy: 81.47% -> 86.55%     
client [76] (testset)   loss: 0.9169 -> 0.6616  accuracy: 72.19% -> 85.68%     
client [67] (testset)   loss: 0.4794 -> 0.4548  accuracy: 86.19% -> 89.77%     
client [37] (testset)   loss: 0.5476 -> 0.4811  accuracy: 85.44% -> 88.81%     
client [58] (testset)   loss: 0.4605 -> 0.4039  accuracy: 86.09% -> 92.87%     
client [64] (testset)   loss: 0.7072 -> 0.6273  accuracy: 79.45% -> 86.77%     
client [77] (testset)   loss: 0.7119 -> 0.6635  accuracy: 80.76% -> 85.51%     
client [55] (testset)   loss: 0.6159 -> 0.6494  accuracy: 80.63% -> 87.36%     
client [12] (testset)   loss: 0.6677 -> 0.5806  accuracy: 80.54% -> 87.11%     
client [89] (testset)   loss: 0.6606 -> 0.6633  accuracy: 83.43% -> 86.74%     
---------------------------- TRAINING EPOCH: 170 ----------------------------  
client [84] (testset)   loss: 0.5919 -> 0.4097  accuracy: 85.14% -> 92.07%     
client [51] (testset)   loss: 0.4538 -> 0.4227  accuracy: 87.85% -> 92.37%     
client [8]  (testset)   loss: 0.6364 -> 0.4954  accuracy: 85.32% -> 91.01%     
client [18] (testset)   loss: 0.6028 -> 0.6149  accuracy: 84.68% -> 86.49%     
client [94] (testset)   loss: 0.5570 -> 0.4421  accuracy: 87.81% -> 91.03%     
client [81] (testset)   loss: 0.7458 -> 0.7644  accuracy: 82.08% -> 85.79%     
client [3]  (testset)   loss: 0.5023 -> 0.2523  accuracy: 87.65% -> 94.71%     
client [11] (testset)   loss: 0.5760 -> 0.3417  accuracy: 85.71% -> 94.36%     
client [95] (testset)   loss: 0.4396 -> 0.3257  accuracy: 88.01% -> 93.73%     
client [67] (testset)   loss: 0.6092 -> 0.4682  accuracy: 85.36% -> 89.56%     
---------------------------- TRAINING EPOCH: 180 ----------------------------  
client [21] (testset)   loss: 0.5635 -> 0.4174  accuracy: 85.94% -> 92.59%     
client [79] (testset)   loss: 0.4235 -> 0.2963  accuracy: 88.43% -> 93.60%     
client [58] (testset)   loss: 0.4672 -> 0.4173  accuracy: 86.85% -> 92.59%     
client [88] (testset)   loss: 0.5600 -> 0.5026  accuracy: 84.42% -> 88.02%     
client [46] (testset)   loss: 0.4821 -> 0.4401  accuracy: 87.87% -> 91.75%     
client [11] (testset)   loss: 0.5979 -> 0.3385  accuracy: 85.32% -> 94.30%     
client [55] (testset)   loss: 0.5930 -> 0.6753  accuracy: 84.00% -> 87.72%     
client [13] (testset)   loss: 0.6494 -> 0.5800  accuracy: 82.66% -> 87.91%     
client [31] (testset)   loss: 0.5652 -> 0.5202  accuracy: 85.00% -> 88.48%     
client [75] (testset)   loss: 0.6122 -> 0.5540  accuracy: 83.64% -> 87.88%     
---------------------------- TRAINING EPOCH: 190 ----------------------------  
client [19] (testset)   loss: 0.6120 -> 0.5335  accuracy: 85.45% -> 91.01%     
client [7]  (testset)   loss: 0.4882 -> 0.5319  accuracy: 86.37% -> 88.37%     
client [57] (testset)   loss: 0.7527 -> 0.8395  accuracy: 79.31% -> 85.17%     
client [13] (testset)   loss: 0.6538 -> 0.5849  accuracy: 81.87% -> 87.00%     
client [43] (testset)   loss: 0.5660 -> 0.4867  accuracy: 83.44% -> 90.92%     
client [91] (testset)   loss: 0.7965 -> 0.6291  accuracy: 79.18% -> 87.54%     
client [10] (testset)   loss: 0.5457 -> 0.4777  accuracy: 86.14% -> 90.98%     
client [64] (testset)   loss: 0.7837 -> 0.7127  accuracy: 77.84% -> 86.23%     
client [82] (testset)   loss: 0.8161 -> 0.6883  accuracy: 79.40% -> 87.58%     
client [22] (testset)   loss: 0.8543 -> 0.8002  accuracy: 76.81% -> 84.24%     
---------------------------- TRAINING EPOCH: 200 ----------------------------  
client [20] (testset)   loss: 0.6880 -> 0.4873  accuracy: 84.02% -> 91.63%     
client [23] (testset)   loss: 0.9002 -> 0.7523  accuracy: 78.02% -> 85.03%     
client [88] (testset)   loss: 0.6431 -> 0.5243  accuracy: 82.81% -> 87.88%     
client [98] (testset)   loss: 0.4515 -> 0.4482  accuracy: 90.97% -> 92.49%     
client [79] (testset)   loss: 0.4798 -> 0.3144  accuracy: 87.77% -> 93.67%     
client [21] (testset)   loss: 0.5686 -> 0.4435  accuracy: 85.03% -> 92.74%     
client [92] (testset)   loss: 0.6066 -> 0.3450  accuracy: 85.82% -> 93.03%     
client [56] (testset)   loss: 0.7988 -> 0.6188  accuracy: 80.21% -> 88.22%     
client [5]  (testset)   loss: 0.8046 -> 0.4997  accuracy: 82.76% -> 91.05%     
client [52] (testset)   loss: 0.9113 -> 0.7816  accuracy: 77.90% -> 86.36%     
---------------------------- TRAINING EPOCH: 210 ----------------------------  
client [67] (testset)   loss: 0.6370 -> 0.5007  accuracy: 85.46% -> 88.84%     
client [54] (testset)   loss: 0.4382 -> 0.3854  accuracy: 89.19% -> 92.40%     
client [14] (testset)   loss: 0.5843 -> 0.4761  accuracy: 82.72% -> 91.69%     
client [99] (testset)   loss: 0.8770 -> 0.4095  accuracy: 78.58% -> 92.69%     
client [36] (testset)   loss: 0.6448 -> 0.6985  accuracy: 83.64% -> 87.68%     
client [30] (testset)   loss: 0.5945 -> 0.5789  accuracy: 87.28% -> 89.92%     
client [38] (testset)   loss: 0.4481 -> 0.4468  accuracy: 90.14% -> 92.00%     
client [15] (testset)   loss: 0.8234 -> 0.6729  accuracy: 78.40% -> 85.17%     
client [6]  (testset)   loss: 0.9994 -> 0.7649  accuracy: 74.46% -> 87.16%     
client [53] (testset)   loss: 0.6962 -> 0.5893  accuracy: 83.27% -> 88.77%     
---------------------------- TRAINING EPOCH: 220 ----------------------------  
client [99] (testset)   loss: 0.8809 -> 0.3885  accuracy: 78.19% -> 92.92%     
client [6]  (testset)   loss: 1.0409 -> 0.7658  accuracy: 73.64% -> 86.89%     
client [83] (testset)   loss: 0.8342 -> 0.5524  accuracy: 78.24% -> 90.46%     
client [42] (testset)   loss: 0.5593 -> 0.4806  accuracy: 86.89% -> 91.96%     
client [34] (testset)   loss: 0.7900 -> 0.6117  accuracy: 80.65% -> 89.61%     
client [15] (testset)   loss: 0.8114 -> 0.6743  accuracy: 80.20% -> 85.75%     
client [47] (testset)   loss: 1.0822 -> 0.9330  accuracy: 74.97% -> 84.03%     
client [55] (testset)   loss: 0.6914 -> 0.7102  accuracy: 81.40% -> 87.00%     
client [51] (testset)   loss: 0.5675 -> 0.4709  accuracy: 86.26% -> 92.56%     
client [95] (testset)   loss: 0.5026 -> 0.3867  accuracy: 88.29% -> 93.33%     
---------------------------- TRAINING EPOCH: 230 ----------------------------  
client [71] (testset)   loss: 1.3268 -> 0.9107  accuracy: 69.83% -> 82.64%     
client [15] (testset)   loss: 1.0346 -> 0.7302  accuracy: 77.39% -> 85.03%     
client [33] (testset)   loss: 0.7357 -> 0.6494  accuracy: 81.65% -> 86.47%     
client [99] (testset)   loss: 0.7331 -> 0.3923  accuracy: 82.32% -> 92.14%     
client [90] (testset)   loss: 1.0811 -> 0.8530  accuracy: 77.04% -> 82.92%     
client [57] (testset)   loss: 0.7807 -> 0.8615  accuracy: 84.00% -> 85.44%     
client [27] (testset)   loss: 0.4231 -> 0.4077  accuracy: 90.17% -> 93.29%     
client [78] (testset)   loss: 0.5625 -> 0.4672  accuracy: 88.09% -> 91.43%     
client [36] (testset)   loss: 0.8576 -> 0.7145  accuracy: 80.85% -> 87.18%     
client [88] (testset)   loss: 0.7254 -> 0.5489  accuracy: 83.05% -> 87.64%     
---------------------------- TRAINING EPOCH: 240 ----------------------------  
client [70] (testset)   loss: 1.1097 -> 0.7844  accuracy: 78.21% -> 83.17%     
client [35] (testset)   loss: 1.2666 -> 0.8772  accuracy: 73.29% -> 84.56%     
client [16] (testset)   loss: 0.6173 -> 0.5051  accuracy: 87.13% -> 91.48%     
client [80] (testset)   loss: 1.0829 -> 0.8391  accuracy: 75.79% -> 85.53%     
client [38] (testset)   loss: 0.5444 -> 0.4304  accuracy: 89.36% -> 92.03%     
client [78] (testset)   loss: 0.5028 -> 0.4940  accuracy: 88.50% -> 91.27%     
client [68] (testset)   loss: 0.5075 -> 0.5380  accuracy: 88.46% -> 90.43%     
client [11] (testset)   loss: 0.8267 -> 0.4012  accuracy: 81.65% -> 93.54%     
client [64] (testset)   loss: 0.9548 -> 0.7982  accuracy: 80.53% -> 85.48%     
client [82] (testset)   loss: 0.8665 -> 0.7271  accuracy: 82.90% -> 87.36%     
---------------------------- TRAINING EPOCH: 250 ----------------------------  
client [30] (testset)   loss: 0.6010 -> 0.5897  accuracy: 87.38% -> 90.33%     
client [27] (testset)   loss: 0.4862 -> 0.4363  accuracy: 87.83% -> 93.36%     
client [74] (testset)   loss: 0.7201 -> 0.5154  accuracy: 83.59% -> 92.06%     
client [45] (testset)   loss: 0.8844 -> 0.7326  accuracy: 79.29% -> 87.90%     
client [6]  (testset)   loss: 1.1127 -> 0.8060  accuracy: 72.55% -> 87.07%     
client [36] (testset)   loss: 0.6929 -> 0.7221  accuracy: 84.49% -> 87.18%     
client [63] (testset)   loss: 0.5584 -> 0.4929  accuracy: 87.94% -> 91.94%     
client [76] (testset)   loss: 0.9956 -> 0.7979  accuracy: 77.20% -> 84.31%     
client [83] (testset)   loss: 0.9202 -> 0.5785  accuracy: 76.35% -> 90.89%     
client [86] (testset)   loss: 0.6290 -> 0.4341  accuracy: 84.27% -> 92.53%     
---------------------------- TRAINING EPOCH: 260 ----------------------------  
client [83] (testset)   loss: 1.1637 -> 0.5717  accuracy: 71.24% -> 90.96%     
client [99] (testset)   loss: 0.8370 -> 0.4198  accuracy: 79.98% -> 92.53%     
client [74] (testset)   loss: 0.5807 -> 0.5187  accuracy: 86.70% -> 91.30%     
client [73] (testset)   loss: 0.7818 -> 0.7913  accuracy: 83.02% -> 84.89%     
client [29] (testset)   loss: 1.0225 -> 0.8621  accuracy: 76.79% -> 82.68%     
client [92] (testset)   loss: 0.5345 -> 0.3646  accuracy: 87.65% -> 92.21%     
client [6]  (testset)   loss: 0.8482 -> 0.8032  accuracy: 78.90% -> 86.84%     
client [61] (testset)   loss: 0.4494 -> 0.3946  accuracy: 89.66% -> 92.84%     
client [21] (testset)   loss: 0.8157 -> 0.4709  accuracy: 76.38% -> 92.21%     
client [67] (testset)   loss: 0.7045 -> 0.5479  accuracy: 84.63% -> 88.89%     
---------------------------- TRAINING EPOCH: 270 ----------------------------  
client [83] (testset)   loss: 1.0927 -> 0.6053  accuracy: 72.24% -> 90.93%     
client [32] (testset)   loss: 0.5728 -> 0.5015  accuracy: 88.35% -> 91.39%     
client [95] (testset)   loss: 0.5847 -> 0.4587  accuracy: 86.50% -> 92.74%     
client [61] (testset)   loss: 0.4827 -> 0.4217  accuracy: 89.76% -> 92.84%     
client [27] (testset)   loss: 0.5309 -> 0.4375  accuracy: 86.87% -> 93.47%     
client [25] (testset)   loss: 0.5519 -> 0.3878  accuracy: 86.77% -> 95.17%     
client [68] (testset)   loss: 0.4942 -> 0.5247  accuracy: 88.27% -> 91.13%     
client [34] (testset)   loss: 0.9794 -> 0.6941  accuracy: 75.88% -> 89.05%     
client [71] (testset)   loss: 1.0448 -> 0.9203  accuracy: 73.56% -> 82.96%     
client [89] (testset)   loss: 0.7729 -> 0.7453  accuracy: 84.86% -> 87.26%     
---------------------------- TRAINING EPOCH: 280 ----------------------------  
client [78] (testset)   loss: 0.5595 -> 0.5237  accuracy: 87.99% -> 90.45%     
client [81] (testset)   loss: 0.8504 -> 0.8913  accuracy: 83.25% -> 85.55%     
client [51] (testset)   loss: 0.5353 -> 0.5473  accuracy: 88.31% -> 92.10%     
client [54] (testset)   loss: 0.4663 -> 0.4297  accuracy: 89.08% -> 91.89%     
client [65] (testset)   loss: 1.5927 -> 0.8993  accuracy: 69.91% -> 85.76%     
client [41] (testset)   loss: 1.9144 -> 1.0495  accuracy: 62.26% -> 81.21%     
client [11] (testset)   loss: 0.7619 -> 0.4231  accuracy: 84.34% -> 94.09%     
client [85] (testset)   loss: 0.4487 -> 0.4787  accuracy: 91.58% -> 92.50%     
client [12] (testset)   loss: 0.9260 -> 0.7238  accuracy: 80.07% -> 86.10%     
client [23] (testset)   loss: 0.9258 -> 0.8542  accuracy: 82.33% -> 85.26%     
---------------------------- TRAINING EPOCH: 290 ----------------------------  
client [16] (testset)   loss: 0.5857 -> 0.5839  accuracy: 87.84% -> 91.72%     
client [65] (testset)   loss: 1.1264 -> 0.9479  accuracy: 78.14% -> 85.43%     
client [53] (testset)   loss: 0.8487 -> 0.6709  accuracy: 81.56% -> 87.83%     
client [58] (testset)   loss: 0.5519 -> 0.4811  accuracy: 87.20% -> 92.23%     
client [72] (testset)   loss: 0.7002 -> 0.7248  accuracy: 82.32% -> 86.52%     
client [7]  (testset)   loss: 0.5717 -> 0.6249  accuracy: 86.61% -> 88.23%     
client [71] (testset)   loss: 1.1023 -> 0.9712  accuracy: 74.94% -> 82.51%     
client [59] (testset)   loss: 0.8775 -> 0.8670  accuracy: 78.29% -> 84.79%     
client [86] (testset)   loss: 0.7790 -> 0.4475  accuracy: 79.52% -> 92.18%     
client [39] (testset)   loss: 0.8389 -> 0.8296  accuracy: 80.51% -> 85.71%     
---------------------------- TRAINING EPOCH: 300 ----------------------------  
client [99] (testset)   loss: 0.6794 -> 0.4433  accuracy: 85.55% -> 92.08%     
client [7]  (testset)   loss: 0.6769 -> 0.6223  accuracy: 84.76% -> 88.81%     
client [17] (testset)   loss: 0.7485 -> 0.4944  accuracy: 85.53% -> 91.71%     
client [64] (testset)   loss: 1.1869 -> 0.8313  accuracy: 74.34% -> 85.75%     
client [37] (testset)   loss: 0.8185 -> 0.5955  accuracy: 84.34% -> 88.05%     
client [29] (testset)   loss: 1.0289 -> 0.9138  accuracy: 79.45% -> 83.03%     
client [93] (testset)   loss: 1.3847 -> 0.6724  accuracy: 70.11% -> 91.44%     
client [73] (testset)   loss: 0.8675 -> 0.8600  accuracy: 80.92% -> 84.16%     
client [40] (testset)   loss: 0.7973 -> 0.6693  accuracy: 84.28% -> 88.34%     
client [76] (testset)   loss: 1.3396 -> 0.8651  accuracy: 71.53% -> 84.64%     
---------------------------- TRAINING EPOCH: 310 ----------------------------  
client [31] (testset)   loss: 0.7079 -> 0.6660  accuracy: 84.25% -> 87.42%     
client [89] (testset)   loss: 0.8866 -> 0.7517  accuracy: 83.76% -> 86.42%     
client [77] (testset)   loss: 0.9223 -> 0.8305  accuracy: 82.16% -> 85.14%     
client [90] (testset)   loss: 1.1715 -> 1.0129  accuracy: 75.58% -> 82.14%     
client [26] (testset)   loss: 0.7835 -> 0.6682  accuracy: 84.16% -> 88.34%     
client [50] (testset)   loss: 0.6731 -> 0.5654  accuracy: 86.57% -> 89.52%     
client [30] (testset)   loss: 0.7375 -> 0.6644  accuracy: 86.06% -> 90.15%     
client [70] (testset)   loss: 1.0863 -> 0.8537  accuracy: 78.21% -> 83.77%     
client [41] (testset)   loss: 1.6533 -> 1.0740  accuracy: 66.17% -> 81.21%     
client [99] (testset)   loss: 0.9735 -> 0.4719  accuracy: 79.64% -> 92.08%     
---------------------------- TRAINING EPOCH: 320 ----------------------------  
client [68] (testset)   loss: 0.5523 -> 0.5449  accuracy: 88.46% -> 90.72%     
client [70] (testset)   loss: 1.2331 -> 0.8496  accuracy: 76.03% -> 83.70%     
client [52] (testset)   loss: 1.1543 -> 0.8698  accuracy: 76.19% -> 86.04%     
client [1]  (testset)   loss: 0.7284 -> 0.5728  accuracy: 83.90% -> 90.57%     
client [2]  (testset)   loss: 0.5734 -> 0.4870  accuracy: 89.20% -> 91.24%     
client [67] (testset)   loss: 0.7774 -> 0.6080  accuracy: 85.46% -> 88.32%     
client [92] (testset)   loss: 0.7196 -> 0.3868  accuracy: 84.83% -> 91.96%     
client [35] (testset)   loss: 1.2292 -> 0.9686  accuracy: 75.96% -> 84.17%     
client [36] (testset)   loss: 0.8887 -> 0.8436  accuracy: 82.44% -> 85.64%     
client [64] (testset)   loss: 1.1053 -> 0.8587  accuracy: 78.43% -> 86.01%     
---------------------------- TRAINING EPOCH: 330 ----------------------------  
client [44] (testset)   loss: 1.1261 -> 1.0659  accuracy: 78.01% -> 81.10%     
client [6]  (testset)   loss: 1.3200 -> 0.9213  accuracy: 72.64% -> 86.75%     
client [12] (testset)   loss: 0.8641 -> 0.7521  accuracy: 82.79% -> 86.58%     
client [55] (testset)   loss: 0.7998 -> 0.7988  accuracy: 83.18% -> 86.70%     
client [29] (testset)   loss: 1.0972 -> 1.0397  accuracy: 80.25% -> 83.03%     
client [9]  (testset)   loss: 1.3918 -> 1.1119  accuracy: 74.45% -> 80.22%     
client [43] (testset)   loss: 0.6757 -> 0.5820  accuracy: 84.18% -> 90.79%     
client [77] (testset)   loss: 0.9339 -> 0.8534  accuracy: 81.46% -> 85.35%     
client [98] (testset)   loss: 0.5509 -> 0.5114  accuracy: 90.61% -> 92.05%     
client [78] (testset)   loss: 0.6778 -> 0.5426  accuracy: 83.98% -> 90.86%     
---------------------------- TRAINING EPOCH: 340 ----------------------------  
client [92] (testset)   loss: 0.7075 -> 0.4100  accuracy: 85.49% -> 92.29%     
client [80] (testset)   loss: 1.0858 -> 0.9349  accuracy: 76.74% -> 85.43%     
client [63] (testset)   loss: 0.6838 -> 0.5780  accuracy: 87.11% -> 90.92%     
client [76] (testset)   loss: 1.2001 -> 0.8308  accuracy: 77.53% -> 85.30%     
client [78] (testset)   loss: 0.6979 -> 0.5715  accuracy: 85.11% -> 90.71%     
client [25] (testset)   loss: 0.5059 -> 0.3880  accuracy: 89.11% -> 95.17%     
client [58] (testset)   loss: 0.6204 -> 0.5447  accuracy: 86.97% -> 91.60%     
client [13] (testset)   loss: 0.8611 -> 0.7544  accuracy: 83.33% -> 86.75%     
client [17] (testset)   loss: 0.7805 -> 0.4896  accuracy: 85.05% -> 92.11%     
client [38] (testset)   loss: 0.5128 -> 0.4585  accuracy: 90.60% -> 92.58%     
---------------------------- TRAINING EPOCH: 350 ----------------------------  
client [72] (testset)   loss: 0.8250 -> 0.7981  accuracy: 85.45% -> 86.94%     
client [82] (testset)   loss: 1.0166 -> 0.8553  accuracy: 83.35% -> 86.06%     
client [86] (testset)   loss: 0.5610 -> 0.5027  accuracy: 90.20% -> 92.03%     
client [51] (testset)   loss: 0.6617 -> 0.5367  accuracy: 86.16% -> 92.05%     
client [96] (testset)   loss: 1.1351 -> 0.7119  accuracy: 80.18% -> 89.80%     
client [42] (testset)   loss: 0.6048 -> 0.5606  accuracy: 88.89% -> 91.82%     
client [55] (testset)   loss: 0.8068 -> 0.8364  accuracy: 84.10% -> 86.39%     
client [13] (testset)   loss: 0.8977 -> 0.7760  accuracy: 83.46% -> 86.81%     
client [1]  (testset)   loss: 0.7243 -> 0.5749  accuracy: 84.75% -> 90.46%     
client [12] (testset)   loss: 1.0863 -> 0.7757  accuracy: 80.13% -> 86.52%     
---------------------------- TRAINING EPOCH: 360 ----------------------------  
client [68] (testset)   loss: 0.6120 -> 0.5630  accuracy: 87.76% -> 90.40%     
client [23] (testset)   loss: 1.0811 -> 1.0073  accuracy: 80.17% -> 84.89%     
client [46] (testset)   loss: 0.6684 -> 0.5381  accuracy: 87.87% -> 90.86%     
client [41] (testset)   loss: 1.8591 -> 1.1487  accuracy: 63.76% -> 81.63%     
client [25] (testset)   loss: 0.5299 -> 0.3847  accuracy: 89.28% -> 95.20%     
client [58] (testset)   loss: 0.6285 -> 0.5144  accuracy: 87.20% -> 92.00%     
client [14] (testset)   loss: 0.6475 -> 0.6061  accuracy: 85.49% -> 91.93%     
client [33] (testset)   loss: 0.8502 -> 0.8247  accuracy: 82.48% -> 86.47%     
client [85] (testset)   loss: 0.5264 -> 0.5440  accuracy: 90.55% -> 92.13%     
client [62] (testset)   loss: 0.8457 -> 0.8121  accuracy: 83.02% -> 88.50%     
---------------------------- TRAINING EPOCH: 370 ----------------------------  
client [98] (testset)   loss: 0.5414 -> 0.5465  accuracy: 90.85% -> 92.29%     
client [63] (testset)   loss: 0.7484 -> 0.6269  accuracy: 87.06% -> 91.70%     
client [70] (testset)   loss: 1.3274 -> 0.9111  accuracy: 76.78% -> 82.79%     
client [65] (testset)   loss: 1.6485 -> 1.0011  accuracy: 72.67% -> 85.63%     
client [14] (testset)   loss: 0.7882 -> 0.6470  accuracy: 83.15% -> 91.69%     
client [73] (testset)   loss: 1.1246 -> 0.9418  accuracy: 80.01% -> 83.70%     
client [34] (testset)   loss: 0.8799 -> 0.7828  accuracy: 84.34% -> 89.33%     
client [99] (testset)   loss: 0.9955 -> 0.5291  accuracy: 81.20% -> 91.91%     
client [69] (testset)   loss: 0.8805 -> 0.6254  accuracy: 83.46% -> 91.98%     
client [46] (testset)   loss: 0.6845 -> 0.5225  accuracy: 88.50% -> 91.65%     
---------------------------- TRAINING EPOCH: 380 ----------------------------  
client [99] (testset)   loss: 1.1521 -> 0.5110  accuracy: 76.07% -> 91.19%     
client [93] (testset)   loss: 1.0276 -> 0.6943  accuracy: 78.42% -> 91.60%     
client [11] (testset)   loss: 1.0992 -> 0.5102  accuracy: 75.68% -> 93.32%     
client [58] (testset)   loss: 0.5789 -> 0.5866  accuracy: 88.79% -> 91.68%     
client [81] (testset)   loss: 1.0683 -> 1.0579  accuracy: 79.98% -> 85.25%     
client [85] (testset)   loss: 0.5783 -> 0.5856  accuracy: 89.23% -> 92.21%     
client [89] (testset)   loss: 0.9459 -> 0.8780  accuracy: 83.82% -> 86.68%     
client [45] (testset)   loss: 1.0379 -> 0.9006  accuracy: 79.62% -> 87.41%     
client [8]  (testset)   loss: 0.9569 -> 0.6668  accuracy: 82.17% -> 90.64%     
client [68] (testset)   loss: 0.5995 -> 0.5764  accuracy: 88.04% -> 90.59%     
---------------------------- TRAINING EPOCH: 390 ----------------------------  
client [67] (testset)   loss: 0.7762 -> 0.6415  accuracy: 85.36% -> 89.30%     
client [72] (testset)   loss: 0.8111 -> 0.8476  accuracy: 83.61% -> 86.00%     
client [1]  (testset)   loss: 0.8036 -> 0.6519  accuracy: 81.93% -> 89.66%     
client [78] (testset)   loss: 0.6777 -> 0.6157  accuracy: 85.47% -> 90.91%     
client [83] (testset)   loss: 0.9475 -> 0.6789  accuracy: 79.78% -> 90.07%     
client [21] (testset)   loss: 0.7031 -> 0.5517  accuracy: 84.81% -> 92.03%     
client [56] (testset)   loss: 0.9993 -> 0.7769  accuracy: 79.51% -> 88.16%     
client [44] (testset)   loss: 1.2111 -> 1.1133  accuracy: 78.56% -> 80.96%     
client [92] (testset)   loss: 0.8106 -> 0.3950  accuracy: 84.25% -> 92.45%     
client [27] (testset)   loss: 0.5528 -> 0.4724  accuracy: 88.78% -> 93.36%     
---------------------------- TRAINING EPOCH: 400 ----------------------------  
client [10] (testset)   loss: 0.7437 -> 0.6393  accuracy: 86.47% -> 89.85%     
client [39] (testset)   loss: 0.9999 -> 0.9441  accuracy: 81.42% -> 84.48%     
client [65] (testset)   loss: 1.6653 -> 1.0037  accuracy: 71.19% -> 84.89%     
client [26] (testset)   loss: 0.8693 -> 0.7558  accuracy: 83.77% -> 88.73%     
client [19] (testset)   loss: 0.8803 -> 0.7347  accuracy: 84.74% -> 90.93%     
client [68] (testset)   loss: 0.5528 -> 0.5668  accuracy: 89.03% -> 90.81%     
client [41] (testset)   loss: 1.8109 -> 1.2214  accuracy: 67.41% -> 80.22%     
client [50] (testset)   loss: 0.7258 -> 0.5908  accuracy: 85.94% -> 89.16%     
client [75] (testset)   loss: 0.8623 -> 0.7672  accuracy: 81.96% -> 87.12%     
client [81] (testset)   loss: 1.0237 -> 1.0417  accuracy: 80.52% -> 85.06%     
APFL's average time taken by each global epoch: 0 min 57.62 sec.               
APFL's total running time: 6 h 49 m 38 s.                                      
==================== APFL Experiment Results: ====================             
Display format: (before local fine-tuning) -> (after local fine-tuning)        
 So if finetune_epoch = 0, x.xx% -> 0.00% is normal.                           
 Centralized testing ONLY happens after model aggregation, so the stats between
'->' are the same.                                                             
{                                                                              
    "100": {                                                                   
        "all_clients": {                                                       
            "test": {                                                          
                "loss": "0.5540 -> 0.4244",                                    
                "accuracy": "83.59% -> 90.09%"                                 
            }                                                                  
        }                                                                      
    },                                                                         
    "200": {                                                                   
        "all_clients": {                                                       
            "test": {                                                          
                "loss": "0.6746 -> 0.5130",                                    
                "accuracy": "82.94% -> 89.62%"                                 
            }                                                                  
        }                                                                      
    },                                                                         
    "300": {                                                                   
        "all_clients": {                                                       
            "test": {                                                          
                "loss": "0.7923 -> 0.5883",                                    
                "accuracy": "82.04% -> 89.26%"                                 
            }                                                                  
        }                                                                      
    },                                                                         
    "400": {                                                                   
        "all_clients": {                                                       
            "test": {                                                          
                "loss": "0.9536 -> 0.6818",                                    
                "accuracy": "81.73% -> 88.91%"                                 
            }                                                                  
        }                                                                      
    }                                                                          
}                                                                              
==================== APFL Max Accuracy ====================                    
all_clients:                                                                   
(test) before fine-tuning: 83.59% at epoch 100                                 
(test) after fine-tuning: 90.09% at epoch 100                                  
