==================== FedFew ====================                               
Experiment Arguments:                                                          
{
    'method': 'fedfew',
    'dataset': {
        'name': 'cifar10',
        'client_num': 100,
        'test_ratio': 0.25,
        'val_ratio': 0.0,
        'seed': 42,
        'split': 'sample',
        'IID_ratio': 0.0,
        'monitor_window_name_suffix': 'cifar10-100clients-0%IID-Dir(0.1)-seed42',
        'alpha': 0.1,
        'min_samples_per_client': 10
    },
    'model': {
        'name': 'avgcnn',
        'use_torchvision_pretrained_weights': True,
        'external_model_weights_path': None
    },
    'optimizer': {
        'lr': 0.01,
        'dampening': 0,
        'weight_decay': 0,
        'momentum': 0.7,
        'nesterov': False,
        'name': 'sgd'
    },
    'mode': 'parallel',
    'parallel': {
        'ray_cluster_addr': None,
        'num_cpus': 32.0,
        'num_gpus': 1.0,
        'num_workers': 2
    },
    'common': {
        'seed': 42,
        'join_ratio': 0.1,
        'global_epoch': 200,
        'local_epoch': 5,
        'batch_size': 32,
        'reset_optimizer_on_global_epoch': True,
        'straggler_ratio': 0,
        'straggler_min_local_epoch': 0,
        'buffers': 'global',
        'client_side_evaluation': True,
        'test': {
            'client': {
                'interval': 100,
                'finetune_epoch': 0,
                'train': False,
                'val': False,
                'test': True
            },
            'server': {
                'interval': -1,
                'train': False,
                'val': False,
                'test': True,
                'model_in_train_mode': False
            }
        },
        'verbose_gap': 10,
        'monitor': None,
        'use_cuda': True,
        'save_log': True,
        'save_model': False,
        'save_learning_curve_plot': True,
        'save_metrics': True,
        'delete_useless_run': True
    },
    'fedprox': {
        'mu': 0.01
    },
    'pfedsim': {
        'warmup_round': 0.5
    },
    'fedfew': {
        'top_k': 9,
        'ig_ratio': 0.996,
        'alpha': 0.5,
        'type': 'all'
    }
}
---------------------------- TRAINING EPOCH: 10 ----------------------------   
client [81] (testset)   loss: 0.2527 -> 0.0654  accuracy: 96.43% -> 97.32%     
client [21] (testset)   loss: 2.6757 -> 0.7938  accuracy: 4.35% -> 60.87%      
client [77] (testset)   loss: 0.4993 -> 0.4487  accuracy: 82.69% -> 84.45%     
client [93] (testset)   loss: 1.0112 -> 0.3862  accuracy: 68.42% -> 84.21%     
client [68] (testset)   loss: 0.5696 -> 0.2967  accuracy: 89.83% -> 94.35%     
client [31] (testset)   loss: 2.5623 -> 0.1796  accuracy: 0.46% -> 93.55%      
client [59] (testset)   loss: 1.0274 -> 0.0796  accuracy: 100.00% -> 100.00%   
client [48] (testset)   loss: 1.3528 -> 0.4368  accuracy: 46.15% -> 84.62%     
client [34] (testset)   loss: 1.8702 -> 0.7650  accuracy: 26.45% -> 73.55%     
client [20] (testset)   loss: 0.5722 -> 0.6258  accuracy: 81.99% -> 78.63%     
---------------------------- TRAINING EPOCH: 20 ----------------------------   
client [99] (testset)   loss: 0.2391 -> 0.0279  accuracy: 98.73% -> 100.00%    
client [67] (testset)   loss: 1.5372 -> 0.3257  accuracy: 42.58% -> 88.39%     
client [69] (testset)   loss: 1.0719 -> 0.9858  accuracy: 56.97% -> 60.61%     
client [0]  (testset)   loss: 0.4564 -> 0.1665  accuracy: 91.02% -> 95.81%     
client [76] (testset)   loss: 0.4873 -> 0.5649  accuracy: 86.09% -> 79.47%     
client [62] (testset)   loss: 2.0814 -> 0.2550  accuracy: 17.65% -> 94.12%     
client [41] (testset)   loss: 0.9096 -> 0.8123  accuracy: 65.08% -> 69.84%     
client [2]  (testset)   loss: 1.7769 -> 0.4375  accuracy: 30.66% -> 87.59%     
client [14] (testset)   loss: 0.6573 -> 0.7406  accuracy: 74.38% -> 69.95%     
client [46] (testset)   loss: 0.6694 -> 0.4669  accuracy: 76.74% -> 83.72%     
---------------------------- TRAINING EPOCH: 30 ----------------------------   
client [24] (testset)   loss: 1.2016 -> 0.3512  accuracy: 63.89% -> 86.11%     
client [68] (testset)   loss: 0.2547 -> 0.2646  accuracy: 92.09% -> 89.83%     
client [57] (testset)   loss: 0.3106 -> 0.2219  accuracy: 92.41% -> 92.83%     
client [17] (testset)   loss: 1.4930 -> 0.7905  accuracy: 52.98% -> 74.40%     
client [54] (testset)   loss: 0.6038 -> 0.7470  accuracy: 76.25% -> 82.50%     
client [23] (testset)   loss: 0.9157 -> 0.0006  accuracy: 75.00% -> 100.00%    
client [35] (testset)   loss: 1.0533 -> 0.7076  accuracy: 66.67% -> 83.33%     
client [59] (testset)   loss: 1.9194 -> 0.0238  accuracy: 0.00% -> 100.00%     
client [31] (testset)   loss: 0.1370 -> 0.1368  accuracy: 96.31% -> 94.47%     
client [9]  (testset)   loss: 1.9086 -> 0.5284  accuracy: 27.78% -> 82.48%     
---------------------------- TRAINING EPOCH: 40 ----------------------------   
client [33] (testset)   loss: 0.3678 -> 0.3237  accuracy: 88.54% -> 88.54%     
client [64] (testset)   loss: 0.2331 -> 0.2135  accuracy: 90.83% -> 94.04%     
client [16] (testset)   loss: 0.8749 -> 0.9069  accuracy: 73.49% -> 71.08%     
client [44] (testset)   loss: 0.4542 -> 0.3373  accuracy: 87.76% -> 91.84%     
client [8]  (testset)   loss: 0.7482 -> 0.7904  accuracy: 64.52% -> 67.74%     
client [47] (testset)   loss: 1.4462 -> 1.4108  accuracy: 37.50% -> 50.00%     
client [36] (testset)   loss: 2.1916 -> 0.6927  accuracy: 25.53% -> 70.21%     
client [31] (testset)   loss: 0.1663 -> 0.1486  accuracy: 95.85% -> 94.47%     
client [56] (testset)   loss: 0.3334 -> 0.2654  accuracy: 90.77% -> 90.77%     
client [20] (testset)   loss: 1.0452 -> 0.7504  accuracy: 83.03% -> 84.84%     
---------------------------- TRAINING EPOCH: 50 ----------------------------   
client [4]  (testset)   loss: 0.0901 -> 0.0663  accuracy: 97.18% -> 95.77%     
client [28] (testset)   loss: 0.5341 -> 0.5478  accuracy: 88.00% -> 80.00%     
client [60] (testset)   loss: 0.4866 -> 0.3306  accuracy: 85.02% -> 89.89%     
client [25] (testset)   loss: 0.6452 -> 0.5960  accuracy: 79.51% -> 80.21%     
client [44] (testset)   loss: 0.3193 -> 0.2863  accuracy: 90.82% -> 91.84%     
client [58] (testset)   loss: 0.3619 -> 0.2241  accuracy: 89.68% -> 94.05%     
client [39] (testset)   loss: 0.5562 -> 0.5714  accuracy: 74.66% -> 84.93%     
client [29] (testset)   loss: 0.3367 -> 0.1645  accuracy: 90.06% -> 92.40%     
client [84] (testset)   loss: 0.6112 -> 0.6152  accuracy: 81.25% -> 81.25%     
client [3]  (testset)   loss: 0.7178 -> 0.8080  accuracy: 74.33% -> 73.26%     
---------------------------- TRAINING EPOCH: 60 ----------------------------   
client [21] (testset)   loss: 1.4487 -> 1.0410  accuracy: 52.17% -> 52.17%     
client [84] (testset)   loss: 0.6319 -> 0.7296  accuracy: 76.56% -> 82.81%     
client [36] (testset)   loss: 0.7405 -> 0.9677  accuracy: 72.34% -> 72.34%     
client [65] (testset)   loss: 0.6370 -> 0.6025  accuracy: 82.14% -> 75.00%     
client [81] (testset)   loss: 0.0403 -> 0.0226  accuracy: 99.11% -> 99.11%     
client [10] (testset)   loss: 0.2463 -> 0.1393  accuracy: 95.38% -> 96.53%     
client [42] (testset)   loss: 0.3582 -> 0.3805  accuracy: 89.30% -> 90.95%     
client [11] (testset)   loss: 0.2947 -> 0.2073  accuracy: 86.36% -> 90.91%     
client [79] (testset)   loss: 0.3028 -> 0.2669  accuracy: 92.74% -> 92.46%     
client [96] (testset)   loss: 0.8324 -> 0.9180  accuracy: 68.18% -> 72.73%     
---------------------------- TRAINING EPOCH: 70 ----------------------------   
client [8]  (testset)   loss: 0.5974 -> 0.8918  accuracy: 70.97% -> 67.74%     
client [52] (testset)   loss: 0.1858 -> 0.2355  accuracy: 96.08% -> 97.06%     
client [53] (testset)   loss: 0.5566 -> 0.6514  accuracy: 79.59% -> 78.57%     
client [42] (testset)   loss: 0.3451 -> 0.4098  accuracy: 89.30% -> 91.36%     
client [59] (testset)   loss: 0.1894 -> 0.1905  accuracy: 100.00% -> 100.00%   
client [69] (testset)   loss: 1.2415 -> 1.4472  accuracy: 65.15% -> 61.52%     
client [26] (testset)   loss: 0.3838 -> 0.5876  accuracy: 92.31% -> 92.31%     
client [7]  (testset)   loss: 0.5129 -> 0.5315  accuracy: 82.13% -> 82.61%     
client [98] (testset)   loss: 0.7213 -> 0.8669  accuracy: 77.73% -> 84.83%     
client [49] (testset)   loss: 0.7134 -> 0.7558  accuracy: 75.87% -> 78.73%     
---------------------------- TRAINING EPOCH: 80 ----------------------------   
client [47] (testset)   loss: 1.3772 -> 1.5205  accuracy: 56.25% -> 50.00%     
client [21] (testset)   loss: 1.2311 -> 1.1195  accuracy: 56.52% -> 52.17%     
client [98] (testset)   loss: 0.6805 -> 0.8959  accuracy: 84.83% -> 83.41%     
client [95] (testset)   loss: 1.1316 -> 1.3489  accuracy: 71.26% -> 62.07%     
client [77] (testset)   loss: 0.4931 -> 0.5064  accuracy: 86.22% -> 86.57%     
client [91] (testset)   loss: 0.5266 -> 0.5696  accuracy: 83.82% -> 88.24%     
client [99] (testset)   loss: 0.1200 -> 0.0083  accuracy: 97.47% -> 100.00%    
client [14] (testset)   loss: 0.5788 -> 0.7392  accuracy: 78.33% -> 78.82%     
client [39] (testset)   loss: 0.5687 -> 0.5781  accuracy: 79.45% -> 85.62%     
client [20] (testset)   loss: 0.7035 -> 0.7571  accuracy: 84.97% -> 85.49%     
---------------------------- TRAINING EPOCH: 90 ----------------------------   
client [62] (testset)   loss: 0.4466 -> 0.6479  accuracy: 94.12% -> 94.12%     
client [52] (testset)   loss: 0.1743 -> 0.2183  accuracy: 98.04% -> 98.04%     
client [97] (testset)   loss: 1.0448 -> 0.8452  accuracy: 70.73% -> 81.71%     
client [71] (testset)   loss: 0.6005 -> 0.6920  accuracy: 80.11% -> 84.95%     
client [30] (testset)   loss: 1.1043 -> 1.1933  accuracy: 74.19% -> 72.04%     
client [60] (testset)   loss: 0.3660 -> 0.4006  accuracy: 88.39% -> 89.89%     
client [88] (testset)   loss: 0.7133 -> 0.4192  accuracy: 74.21% -> 88.42%     
client [91] (testset)   loss: 0.6974 -> 0.7020  accuracy: 82.35% -> 88.24%     
client [82] (testset)   loss: 0.1837 -> 0.2192  accuracy: 95.45% -> 96.59%     
client [57] (testset)   loss: 0.1968 -> 0.2029  accuracy: 95.36% -> 94.09%     
---------------------------- TRAINING EPOCH: 100 ----------------------------  
client [31] (testset)   loss: 0.1605 -> 0.1470  accuracy: 95.85% -> 96.31%     
client [15] (testset)   loss: 0.4675 -> 0.5684  accuracy: 84.38% -> 86.72%     
client [97] (testset)   loss: 1.0514 -> 1.1945  accuracy: 84.15% -> 82.93%     
client [71] (testset)   loss: 0.6381 -> 0.7027  accuracy: 83.87% -> 83.33%     
client [53] (testset)   loss: 0.5604 -> 0.6858  accuracy: 81.63% -> 80.10%     
client [77] (testset)   loss: 0.4093 -> 0.4734  accuracy: 88.34% -> 86.93%     
client [76] (testset)   loss: 0.3647 -> 0.3082  accuracy: 87.42% -> 90.07%     
client [28] (testset)   loss: 0.5499 -> 0.6011  accuracy: 84.00% -> 80.00%     
client [99] (testset)   loss: 0.1427 -> 0.0100  accuracy: 97.47% -> 100.00%    
client [79] (testset)   loss: 0.3104 -> 0.3317  accuracy: 91.90% -> 91.34%     
---------------------------- TRAINING EPOCH: 110 ----------------------------  
client [97] (testset)   loss: 0.8219 -> 1.1223  accuracy: 81.71% -> 82.93%     
client [86] (testset)   loss: 0.3917 -> 0.5108  accuracy: 82.89% -> 84.21%     
client [73] (testset)   loss: 0.6191 -> 0.8789  accuracy: 78.79% -> 66.67%     
client [34] (testset)   loss: 0.9423 -> 1.0770  accuracy: 66.45% -> 71.61%     
client [96] (testset)   loss: 1.0422 -> 1.2405  accuracy: 70.45% -> 72.73%     
client [22] (testset)   loss: 0.4994 -> 0.5826  accuracy: 85.71% -> 84.21%     
client [5]  (testset)   loss: 0.5985 -> 0.7870  accuracy: 83.76% -> 81.96%     
client [66] (testset)   loss: 0.4932 -> 0.6631  accuracy: 85.29% -> 78.68%     
client [60] (testset)   loss: 0.3242 -> 0.3905  accuracy: 91.01% -> 91.76%     
client [83] (testset)   loss: 0.8013 -> 0.8229  accuracy: 77.59% -> 81.23%     
---------------------------- TRAINING EPOCH: 120 ----------------------------  
client [65] (testset)   loss: 0.6619 -> 0.6173  accuracy: 78.57% -> 75.00%     
client [95] (testset)   loss: 1.0714 -> 1.3591  accuracy: 66.67% -> 64.37%     
client [76] (testset)   loss: 0.3414 -> 0.2873  accuracy: 87.42% -> 92.72%     
client [8]  (testset)   loss: 0.6549 -> 0.9491  accuracy: 70.97% -> 61.29%     
client [35] (testset)   loss: 1.3100 -> 0.9496  accuracy: 33.33% -> 66.67%     
client [17] (testset)   loss: 0.7515 -> 1.0307  accuracy: 78.57% -> 77.38%     
client [98] (testset)   loss: 0.7740 -> 0.9079  accuracy: 80.57% -> 82.94%     
client [43] (testset)   loss: 0.2952 -> 0.2350  accuracy: 90.91% -> 90.91%     
client [53] (testset)   loss: 0.6334 -> 0.7771  accuracy: 84.18% -> 81.63%     
client [64] (testset)   loss: 0.1597 -> 0.2562  accuracy: 95.41% -> 94.50%     
---------------------------- TRAINING EPOCH: 130 ----------------------------  
client [21] (testset)   loss: 1.2384 -> 1.1406  accuracy: 60.87% -> 56.52%     
client [38] (testset)   loss: 0.1894 -> 0.1098  accuracy: 92.31% -> 95.19%     
client [3]  (testset)   loss: 0.7432 -> 0.8217  accuracy: 77.54% -> 79.68%     
client [88] (testset)   loss: 0.4104 -> 0.5075  accuracy: 87.37% -> 88.68%     
client [41] (testset)   loss: 0.6348 -> 0.7589  accuracy: 77.78% -> 76.19%     
client [7]  (testset)   loss: 0.5383 -> 0.5254  accuracy: 83.09% -> 83.09%     
client [37] (testset)   loss: 0.7153 -> 1.1474  accuracy: 66.67% -> 66.67%     
client [45] (testset)   loss: 1.0805 -> 1.3930  accuracy: 54.55% -> 54.55%     
client [5]  (testset)   loss: 0.8687 -> 0.9356  accuracy: 82.47% -> 82.73%     
client [47] (testset)   loss: 1.4202 -> 1.7388  accuracy: 50.00% -> 50.00%     
---------------------------- TRAINING EPOCH: 140 ----------------------------  
client [11] (testset)   loss: 0.2621 -> 0.2072  accuracy: 90.91% -> 86.36%     
client [37] (testset)   loss: 0.9385 -> 1.2590  accuracy: 66.67% -> 50.00%     
client [41] (testset)   loss: 0.6826 -> 0.8522  accuracy: 74.60% -> 74.60%     
client [16] (testset)   loss: 0.9290 -> 1.0634  accuracy: 75.90% -> 74.70%     
client [95] (testset)   loss: 1.1195 -> 1.2652  accuracy: 67.82% -> 63.22%     
client [53] (testset)   loss: 0.5064 -> 0.6565  accuracy: 80.61% -> 78.57%     
client [22] (testset)   loss: 0.5465 -> 0.5782  accuracy: 85.71% -> 84.96%     
client [25] (testset)   loss: 0.6287 -> 0.8137  accuracy: 78.09% -> 79.86%     
client [69] (testset)   loss: 1.8549 -> 1.9128  accuracy: 62.73% -> 62.73%     
client [46] (testset)   loss: 0.7782 -> 0.6677  accuracy: 76.74% -> 82.17%     
---------------------------- TRAINING EPOCH: 150 ----------------------------  
client [47] (testset)   loss: 1.7566 -> 1.7503  accuracy: 50.00% -> 50.00%     
client [82] (testset)   loss: 0.1576 -> 0.2523  accuracy: 96.59% -> 96.59%     
client [45] (testset)   loss: 1.2849 -> 1.3368  accuracy: 54.55% -> 63.64%     
client [69] (testset)   loss: 1.9023 -> 2.0266  accuracy: 60.61% -> 61.82%     
client [50] (testset)   loss: 0.9071 -> 0.5871  accuracy: 71.43% -> 71.43%     
client [35] (testset)   loss: 1.3355 -> 1.2530  accuracy: 50.00% -> 66.67%     
client [7]  (testset)   loss: 0.7864 -> 0.6361  accuracy: 82.13% -> 83.09%     
client [24] (testset)   loss: 0.2507 -> 0.4267  accuracy: 94.44% -> 86.11%     
client [15] (testset)   loss: 0.5090 -> 0.5946  accuracy: 85.16% -> 84.38%     
client [58] (testset)   loss: 0.3091 -> 0.2908  accuracy: 92.86% -> 93.25%     
---------------------------- TRAINING EPOCH: 160 ----------------------------  
client [48] (testset)   loss: 1.0810 -> 1.1345  accuracy: 69.23% -> 69.23%     
client [76] (testset)   loss: 0.4095 -> 0.2719  accuracy: 88.08% -> 93.38%     
client [37] (testset)   loss: 1.1241 -> 1.1952  accuracy: 83.33% -> 66.67%     
client [67] (testset)   loss: 0.3215 -> 0.2188  accuracy: 89.03% -> 90.97%     
client [64] (testset)   loss: 0.1926 -> 0.2640  accuracy: 95.41% -> 95.41%     
client [58] (testset)   loss: 0.2866 -> 0.3012  accuracy: 93.65% -> 92.86%     
client [77] (testset)   loss: 0.4705 -> 0.5647  accuracy: 87.99% -> 86.57%     
client [12] (testset)   loss: 0.7075 -> 0.7992  accuracy: 82.58% -> 82.93%     
client [89] (testset)   loss: 0.4290 -> 0.4515  accuracy: 96.08% -> 96.08%     
client [55] (testset)   loss: 0.6135 -> 0.6463  accuracy: 86.13% -> 85.58%     
---------------------------- TRAINING EPOCH: 170 ----------------------------  
client [51] (testset)   loss: 0.1033 -> 0.1564  accuracy: 100.00% -> 87.50%    
client [84] (testset)   loss: 0.6876 -> 0.8894  accuracy: 82.81% -> 75.00%     
client [8]  (testset)   loss: 0.7323 -> 0.9724  accuracy: 67.74% -> 67.74%     
client [94] (testset)   loss: 0.6947 -> 0.6500  accuracy: 76.92% -> 76.92%     
client [18] (testset)   loss: 0.7868 -> 0.9133  accuracy: 85.03% -> 85.63%     
client [81] (testset)   loss: 0.0155 -> 0.0135  accuracy: 100.00% -> 100.00%   
client [11] (testset)   loss: 0.2064 -> 0.1957  accuracy: 90.91% -> 86.36%     
client [95] (testset)   loss: 1.5360 -> 1.6572  accuracy: 70.11% -> 67.82%     
client [3]  (testset)   loss: 0.7718 -> 0.8915  accuracy: 80.21% -> 77.54%     
client [67] (testset)   loss: 0.2346 -> 0.2465  accuracy: 89.68% -> 91.61%     
---------------------------- TRAINING EPOCH: 180 ----------------------------  
client [21] (testset)   loss: 0.9500 -> 0.9731  accuracy: 65.22% -> 65.22%     
client [58] (testset)   loss: 0.3496 -> 0.3432  accuracy: 94.44% -> 93.25%     
client [79] (testset)   loss: 0.3669 -> 0.3592  accuracy: 90.50% -> 91.62%     
client [46] (testset)   loss: 0.9682 -> 0.7758  accuracy: 76.74% -> 82.17%     
client [11] (testset)   loss: 0.2360 -> 0.2146  accuracy: 86.36% -> 90.91%     
client [88] (testset)   loss: 0.5706 -> 0.6101  accuracy: 89.47% -> 90.00%     
client [13] (testset)   loss: 0.5788 -> 0.6202  accuracy: 87.22% -> 83.33%     
client [31] (testset)   loss: 0.1782 -> 0.1767  accuracy: 94.93% -> 96.31%     
client [55] (testset)   loss: 0.7044 -> 0.6991  accuracy: 85.44% -> 86.41%     
client [75] (testset)   loss: 0.4512 -> 0.4705  accuracy: 90.27% -> 90.70%     
---------------------------- TRAINING EPOCH: 190 ----------------------------  
client [19] (testset)   loss: 0.4562 -> 0.4978  accuracy: 94.69% -> 94.69%     
client [7]  (testset)   loss: 0.6448 -> 0.6668  accuracy: 83.57% -> 84.06%     
client [57] (testset)   loss: 0.2030 -> 0.2193  accuracy: 94.09% -> 94.09%     
client [43] (testset)   loss: 0.3091 -> 0.2256  accuracy: 90.91% -> 90.91%     
client [13] (testset)   loss: 0.5347 -> 0.5752  accuracy: 83.33% -> 85.56%     
client [91] (testset)   loss: 0.5505 -> 0.7044  accuracy: 86.76% -> 88.24%     
client [64] (testset)   loss: 0.2301 -> 0.3025  accuracy: 94.95% -> 94.95%     
client [10] (testset)   loss: 0.1848 -> 0.1960  accuracy: 96.24% -> 96.24%     
client [82] (testset)   loss: 0.2010 -> 0.2390  accuracy: 96.59% -> 96.59%     
client [22] (testset)   loss: 0.5544 -> 0.6524  accuracy: 85.71% -> 84.21%     
---------------------------- TRAINING EPOCH: 200 ----------------------------  
client [23] (testset)   loss: 0.0424 -> 0.0214  accuracy: 100.00% -> 100.00%   
client [88] (testset)   loss: 0.4941 -> 0.5136  accuracy: 86.05% -> 89.47%     
client [98] (testset)   loss: 0.8874 -> 0.9911  accuracy: 80.09% -> 82.94%     
client [20] (testset)   loss: 0.8563 -> 0.8958  accuracy: 84.33% -> 85.88%     
client [21] (testset)   loss: 1.3225 -> 1.4623  accuracy: 52.17% -> 56.52%     
client [79] (testset)   loss: 0.3632 -> 0.3848  accuracy: 91.34% -> 91.62%     
client [92] (testset)   loss: 0.1916 -> 0.2448  accuracy: 93.10% -> 92.12%     
client [56] (testset)   loss: 0.2842 -> 0.2620  accuracy: 90.77% -> 89.23%     
client [52] (testset)   loss: 0.2054 -> 0.2446  accuracy: 98.04% -> 97.06%     
client [5]  (testset)   loss: 1.0899 -> 1.0862  accuracy: 82.99% -> 83.25%     
FedFew's average time taken by each global epoch: 0 min 2.57 sec.              
FedFew's total running time: 0 h 8 m 39 s.                                     
==================== FedFew Experiment Results: ====================           
Display format: (before local fine-tuning) -> (after local fine-tuning)        
 So if finetune_epoch = 0, x.xx% -> 0.00% is normal.                           
 Centralized testing ONLY happens after model aggregation, so the stats between
'->' are the same.                                                             
{                                                                              
    "100": {                                                                   
        "all_clients": {                                                       
            "test": {                                                          
                "loss": "0.5543 -> 0.0000",                                    
                "accuracy": "84.88% -> 0.00%"                                  
            }                                                                  
        }                                                                      
    },                                                                         
    "200": {                                                                   
        "all_clients": {                                                       
            "test": {                                                          
                "loss": "0.6809 -> 0.0000",                                    
                "accuracy": "85.57% -> 0.00%"                                  
            }                                                                  
        }                                                                      
    }                                                                          
}                                                                              
==================== FedFew Max Accuracy ====================                  
all_clients:                                                                   
(test) before fine-tuning: 85.57% at epoch 200                                 
(test) after fine-tuning: 0.00% at epoch 100                                   
