==================== FedDpa ====================                               
Experiment Arguments:                                                          
{
    'method': 'feddpa',
    'dataset': {
        'name': 'mnist',
        'client_num': 100,
        'test_ratio': 0.25,
        'val_ratio': 0.0,
        'seed': 42,
        'split': 'sample',
        'IID_ratio': 0.0,
        'monitor_window_name_suffix': 'mnist-100clients-0%IID-Dir(0.1)-seed42',
        'alpha': 0.1,
        'min_samples_per_client': 10
    },
    'model': {
        'name': 'avgcnn',
        'use_torchvision_pretrained_weights': True,
        'external_model_weights_path': None
    },
    'optimizer': {
        'lr': 0.01,
        'dampening': 0,
        'weight_decay': 0,
        'momentum': 0.7,
        'nesterov': False,
        'name': 'sgd'
    },
    'mode': 'serial',
    'parallel': {
        'ray_cluster_addr': None,
        'num_cpus': None,
        'num_gpus': None,
        'num_workers': 2
    },
    'common': {
        'seed': 42,
        'join_ratio': 0.1,
        'global_epoch': 200,
        'local_epoch': 5,
        'batch_size': 32,
        'reset_optimizer_on_global_epoch': True,
        'straggler_ratio': 0,
        'straggler_min_local_epoch': 0,
        'buffers': 'global',
        'client_side_evaluation': True,
        'test': {
            'client': {
                'interval': 100,
                'finetune_epoch': 0,
                'train': False,
                'val': False,
                'test': True
            },
            'server': {
                'interval': -1,
                'train': False,
                'val': False,
                'test': True,
                'model_in_train_mode': False
            }
        },
        'verbose_gap': 10,
        'monitor': None,
        'use_cuda': True,
        'save_log': True,
        'save_model': False,
        'save_learning_curve_plot': True,
        'save_metrics': True,
        'delete_useless_run': True
    },
    'fedprox': {
        'mu': 0.01
    },
    'pfedsim': {
        'warmup_round': 0.5
    },
    'feddpa': {
        'fisher_threshold': 0.998
    }
}
---------------------------- TRAINING EPOCH: 10 ----------------------------   
client [77] (testset)   loss: 0.2520 -> 0.0757  accuracy: 91.10% -> 97.95%     
client [81] (testset)   loss: 0.1215 -> 0.0151  accuracy: 97.53% -> 99.38%     
client [21] (testset)   loss: 0.1548 -> 0.0411  accuracy: 95.10% -> 99.02%     
client [68] (testset)   loss: 0.1185 -> 0.0805  accuracy: 96.61% -> 98.31%     
client [93] (testset)   loss: 0.1988 -> 0.0188  accuracy: 96.77% -> 100.00%    
client [31] (testset)   loss: 0.2482 -> 0.0970  accuracy: 85.71% -> 100.00%    
client [20] (testset)   loss: 0.3089 -> 0.1465  accuracy: 92.76% -> 95.48%     
client [59] (testset)   loss: 0.1960 -> 0.0404  accuracy: 87.50% -> 100.00%    
client [48] (testset)   loss: 0.1313 -> 0.0167  accuracy: 95.15% -> 99.03%     
client [34] (testset)   loss: 0.1107 -> 0.4284  accuracy: 94.44% -> 94.44%     
---------------------------- TRAINING EPOCH: 20 ----------------------------   
client [69] (testset)   loss: 0.0272 -> 0.0161  accuracy: 99.09% -> 99.64%     
client [99] (testset)   loss: 0.3315 -> 0.0314  accuracy: 90.48% -> 100.00%    
client [67] (testset)   loss: 0.2750 -> 0.0000  accuracy: 94.59% -> 100.00%    
client [0]  (testset)   loss: 0.1824 -> 0.0076  accuracy: 93.40% -> 100.00%    
client [76] (testset)   loss: 0.3526 -> 0.0489  accuracy: 89.61% -> 98.70%     
client [41] (testset)   loss: 0.1622 -> 0.0121  accuracy: 94.74% -> 98.95%     
client [62] (testset)   loss: 0.1027 -> 0.0179  accuracy: 97.79% -> 98.90%     
client [2]  (testset)   loss: 0.6345 -> 0.0088  accuracy: 79.47% -> 99.81%     
client [14] (testset)   loss: 0.1242 -> 0.0155  accuracy: 95.14% -> 99.31%     
client [46] (testset)   loss: 0.0994 -> 0.0364  accuracy: 97.97% -> 98.87%     
---------------------------- TRAINING EPOCH: 30 ----------------------------   
client [24] (testset)   loss: 0.0388 -> 0.1450  accuracy: 98.65% -> 97.30%     
client [68] (testset)   loss: 0.0867 -> 0.0694  accuracy: 96.61% -> 98.31%     
client [57] (testset)   loss: 0.0539 -> 0.0134  accuracy: 99.03% -> 99.52%     
client [17] (testset)   loss: 0.0328 -> 0.0183  accuracy: 98.44% -> 99.61%     
client [54] (testset)   loss: 0.0723 -> 0.1379  accuracy: 97.67% -> 95.35%     
client [23] (testset)   loss: 0.1213 -> 0.0015  accuracy: 94.29% -> 100.00%    
client [35] (testset)   loss: 0.0743 -> 0.0143  accuracy: 98.04% -> 100.00%    
client [59] (testset)   loss: 0.0028 -> 0.0119  accuracy: 100.00% -> 100.00%   
client [31] (testset)   loss: 0.4261 -> 0.0869  accuracy: 85.71% -> 100.00%    
client [9]  (testset)   loss: 0.0758 -> 0.0395  accuracy: 97.39% -> 98.70%     
---------------------------- TRAINING EPOCH: 40 ----------------------------   
client [64] (testset)   loss: 0.0477 -> 0.0137  accuracy: 98.61% -> 99.72%     
client [33] (testset)   loss: 0.1159 -> 0.0597  accuracy: 96.74% -> 99.18%     
client [16] (testset)   loss: 0.0792 -> 0.0007  accuracy: 98.57% -> 100.00%    
client [44] (testset)   loss: 0.1427 -> 0.0363  accuracy: 95.52% -> 98.81%     
client [8]  (testset)   loss: 0.1233 -> 0.0078  accuracy: 95.24% -> 100.00%    
client [31] (testset)   loss: 0.7889 -> 0.0466  accuracy: 85.71% -> 100.00%    
client [47] (testset)   loss: 0.1818 -> 0.0012  accuracy: 94.32% -> 100.00%    
client [36] (testset)   loss: 0.1616 -> 0.0291  accuracy: 95.94% -> 98.98%     
client [20] (testset)   loss: 0.2383 -> 0.1004  accuracy: 95.02% -> 96.38%     
client [56] (testset)   loss: 0.0486 -> 0.0126  accuracy: 98.92% -> 98.92%     
---------------------------- TRAINING EPOCH: 50 ----------------------------   
client [4]  (testset)   loss: 0.0467 -> 0.0046  accuracy: 98.53% -> 100.00%    
client [60] (testset)   loss: 0.1962 -> 0.0632  accuracy: 93.00% -> 98.00%     
client [28] (testset)   loss: 0.0035 -> 0.0002  accuracy: 100.00% -> 100.00%   
client [25] (testset)   loss: 0.0666 -> 0.0010  accuracy: 96.55% -> 100.00%    
client [58] (testset)   loss: 0.0675 -> 0.0462  accuracy: 96.45% -> 98.58%     
client [44] (testset)   loss: 0.1059 -> 0.0323  accuracy: 96.72% -> 99.10%     
client [39] (testset)   loss: 0.0205 -> 0.0048  accuracy: 99.26% -> 99.75%     
client [29] (testset)   loss: 0.0480 -> 0.0283  accuracy: 98.89% -> 99.26%     
client [3]  (testset)   loss: 0.1162 -> 0.0169  accuracy: 96.02% -> 99.58%     
client [84] (testset)   loss: 0.0432 -> 0.0085  accuracy: 100.00% -> 100.00%   
---------------------------- TRAINING EPOCH: 60 ----------------------------   
client [21] (testset)   loss: 0.0621 -> 0.0050  accuracy: 99.02% -> 100.00%    
client [84] (testset)   loss: 0.0048 -> 0.0038  accuracy: 100.00% -> 100.00%   
client [10] (testset)   loss: 0.0058 -> 0.0022  accuracy: 100.00% -> 100.00%   
client [36] (testset)   loss: 0.0505 -> 0.0362  accuracy: 98.98% -> 98.98%     
client [65] (testset)   loss: 0.0901 -> 0.0362  accuracy: 98.32% -> 98.74%     
client [81] (testset)   loss: 0.0827 -> 0.0206  accuracy: 98.77% -> 98.77%     
client [79] (testset)   loss: 0.0120 -> 0.0008  accuracy: 100.00% -> 100.00%   
client [42] (testset)   loss: 0.1322 -> 0.1326  accuracy: 98.36% -> 98.36%     
client [11] (testset)   loss: 0.0000 -> 0.0005  accuracy: 100.00% -> 100.00%   
client [96] (testset)   loss: 0.0326 -> 0.0012  accuracy: 98.04% -> 100.00%    
---------------------------- TRAINING EPOCH: 70 ----------------------------   
client [8]  (testset)   loss: 0.1065 -> 0.0505  accuracy: 97.62% -> 97.62%     
client [53] (testset)   loss: 0.0125 -> 0.0108  accuracy: 100.00% -> 100.00%   
client [52] (testset)   loss: 0.0749 -> 0.0001  accuracy: 97.37% -> 100.00%    
client [42] (testset)   loss: 0.1366 -> 0.1564  accuracy: 96.17% -> 97.81%     
client [69] (testset)   loss: 0.0276 -> 0.0100  accuracy: 99.09% -> 99.64%     
client [59] (testset)   loss: 0.0008 -> 0.0030  accuracy: 100.00% -> 100.00%   
client [7]  (testset)   loss: 0.0284 -> 0.0001  accuracy: 100.00% -> 100.00%   
client [26] (testset)   loss: 0.0498 -> 0.0606  accuracy: 95.83% -> 95.83%     
client [49] (testset)   loss: 0.0096 -> 0.0005  accuracy: 99.55% -> 100.00%    
client [98] (testset)   loss: 0.1221 -> 0.0085  accuracy: 91.18% -> 100.00%    
---------------------------- TRAINING EPOCH: 80 ----------------------------   
client [98] (testset)   loss: 0.0127 -> 0.0044  accuracy: 100.00% -> 100.00%   
client [47] (testset)   loss: 0.0956 -> 0.0017  accuracy: 96.59% -> 100.00%    
client [21] (testset)   loss: 0.0286 -> 0.0078  accuracy: 99.02% -> 100.00%    
client [77] (testset)   loss: 0.0853 -> 0.0399  accuracy: 96.58% -> 98.63%     
client [95] (testset)   loss: 0.0271 -> 0.0003  accuracy: 99.28% -> 100.00%    
client [91] (testset)   loss: 0.0489 -> 0.0102  accuracy: 98.51% -> 99.67%     
client [14] (testset)   loss: 0.0598 -> 0.0299  accuracy: 97.92% -> 98.61%     
client [99] (testset)   loss: 0.1984 -> 0.0119  accuracy: 95.24% -> 100.00%    
client [20] (testset)   loss: 0.1230 -> 0.0730  accuracy: 96.38% -> 97.29%     
client [39] (testset)   loss: 0.0290 -> 0.0017  accuracy: 99.26% -> 100.00%    
---------------------------- TRAINING EPOCH: 90 ----------------------------   
client [52] (testset)   loss: 0.0084 -> 0.0000  accuracy: 100.00% -> 100.00%   
client [62] (testset)   loss: 0.0066 -> 0.0016  accuracy: 100.00% -> 100.00%   
client [71] (testset)   loss: 0.0072 -> 0.0017  accuracy: 99.54% -> 100.00%    
client [97] (testset)   loss: 0.0150 -> 0.0007  accuracy: 99.67% -> 100.00%    
client [30] (testset)   loss: 0.0014 -> 0.0110  accuracy: 100.00% -> 100.00%   
client [88] (testset)   loss: 0.2339 -> 0.0018  accuracy: 97.06% -> 100.00%    
client [60] (testset)   loss: 0.1611 -> 0.0544  accuracy: 95.00% -> 99.00%     
client [82] (testset)   loss: 0.0128 -> 0.0127  accuracy: 100.00% -> 100.00%   
client [91] (testset)   loss: 0.0244 -> 0.0095  accuracy: 99.34% -> 99.67%     
client [57] (testset)   loss: 0.0079 -> 0.0051  accuracy: 99.52% -> 99.52%     
---------------------------- TRAINING EPOCH: 100 ----------------------------  
client [31] (testset)   loss: 0.0986 -> 0.0010  accuracy: 100.00% -> 100.00%   
client [15] (testset)   loss: 0.2026 -> 0.0400  accuracy: 94.50% -> 99.08%     
client [71] (testset)   loss: 0.0097 -> 0.0012  accuracy: 99.77% -> 100.00%    
client [97] (testset)   loss: 0.0135 -> 0.0008  accuracy: 99.00% -> 100.00%    
client [53] (testset)   loss: 0.0303 -> 0.0261  accuracy: 96.00% -> 100.00%    
client [77] (testset)   loss: 0.1072 -> 0.0433  accuracy: 97.26% -> 98.63%     
client [76] (testset)   loss: 0.0070 -> 0.0402  accuracy: 100.00% -> 98.70%    
client [79] (testset)   loss: 0.0150 -> 0.0010  accuracy: 100.00% -> 100.00%   
client [28] (testset)   loss: 0.0018 -> 0.0001  accuracy: 100.00% -> 100.00%   
client [99] (testset)   loss: 0.2074 -> 0.0116  accuracy: 90.48% -> 100.00%    
---------------------------- TRAINING EPOCH: 110 ----------------------------  
client [97] (testset)   loss: 0.0429 -> 0.0008  accuracy: 98.33% -> 100.00%    
client [86] (testset)   loss: 0.0954 -> 0.0015  accuracy: 95.89% -> 100.00%    
client [34] (testset)   loss: 0.0440 -> 0.1111  accuracy: 94.44% -> 94.44%     
client [73] (testset)   loss: 0.0039 -> 0.0855  accuracy: 100.00% -> 94.12%    
client [5]  (testset)   loss: 0.0673 -> 0.0238  accuracy: 97.93% -> 98.62%     
client [96] (testset)   loss: 0.0613 -> 0.0014  accuracy: 95.10% -> 100.00%    
client [22] (testset)   loss: 0.0440 -> 0.0006  accuracy: 97.87% -> 100.00%    
client [60] (testset)   loss: 0.1942 -> 0.0628  accuracy: 94.00% -> 99.00%     
client [66] (testset)   loss: 0.0226 -> 0.0179  accuracy: 98.23% -> 99.12%     
client [83] (testset)   loss: 0.0959 -> 0.0759  accuracy: 97.51% -> 97.51%     
---------------------------- TRAINING EPOCH: 120 ----------------------------  
client [76] (testset)   loss: 0.0228 -> 0.0708  accuracy: 100.00% -> 98.70%    
client [65] (testset)   loss: 0.0905 -> 0.0442  accuracy: 98.32% -> 98.74%     
client [95] (testset)   loss: 0.0124 -> 0.0007  accuracy: 99.64% -> 100.00%    
client [17] (testset)   loss: 0.0069 -> 0.0241  accuracy: 100.00% -> 99.61%    
client [8]  (testset)   loss: 0.2428 -> 0.0721  accuracy: 95.24% -> 97.62%     
client [35] (testset)   loss: 0.0774 -> 0.0246  accuracy: 98.04% -> 99.02%     
client [98] (testset)   loss: 0.0761 -> 0.0128  accuracy: 97.06% -> 100.00%    
client [53] (testset)   loss: 0.0403 -> 0.0196  accuracy: 96.00% -> 100.00%    
client [43] (testset)   loss: 0.1097 -> 0.0834  accuracy: 98.93% -> 97.86%     
client [64] (testset)   loss: 0.0328 -> 0.0196  accuracy: 98.61% -> 99.72%     
---------------------------- TRAINING EPOCH: 130 ----------------------------  
client [21] (testset)   loss: 0.0247 -> 0.0129  accuracy: 99.02% -> 99.02%     
client [88] (testset)   loss: 0.1371 -> 0.0011  accuracy: 97.06% -> 100.00%    
client [38] (testset)   loss: 0.0856 -> 0.0451  accuracy: 98.25% -> 98.25%     
client [3]  (testset)   loss: 0.0628 -> 0.0130  accuracy: 98.11% -> 99.58%     
client [5]  (testset)   loss: 0.0634 -> 0.0116  accuracy: 97.93% -> 99.31%     
client [41] (testset)   loss: 0.0202 -> 0.0010  accuracy: 98.95% -> 100.00%    
client [7]  (testset)   loss: 0.0591 -> 0.0033  accuracy: 100.00% -> 100.00%   
client [37] (testset)   loss: 0.0942 -> 0.0902  accuracy: 96.54% -> 96.97%     
client [45] (testset)   loss: 0.0262 -> 0.0179  accuracy: 99.39% -> 99.69%     
client [47] (testset)   loss: 0.0978 -> 0.0004  accuracy: 96.59% -> 100.00%    
---------------------------- TRAINING EPOCH: 140 ----------------------------  
client [16] (testset)   loss: 0.0136 -> 0.0001  accuracy: 100.00% -> 100.00%   
client [11] (testset)   loss: 0.0000 -> 0.0000  accuracy: 100.00% -> 100.00%   
client [37] (testset)   loss: 0.0959 -> 0.0838  accuracy: 96.97% -> 96.97%     
client [41] (testset)   loss: 0.0302 -> 0.0006  accuracy: 98.95% -> 100.00%    
client [95] (testset)   loss: 0.0340 -> 0.0001  accuracy: 98.92% -> 100.00%    
client [53] (testset)   loss: 0.0531 -> 0.0208  accuracy: 96.00% -> 100.00%    
client [22] (testset)   loss: 0.0211 -> 0.0014  accuracy: 97.87% -> 100.00%    
client [25] (testset)   loss: 0.0494 -> 0.0002  accuracy: 96.55% -> 100.00%    
client [69] (testset)   loss: 0.0489 -> 0.0078  accuracy: 98.54% -> 99.64%     
client [46] (testset)   loss: 0.0228 -> 0.0191  accuracy: 99.10% -> 99.55%     
---------------------------- TRAINING EPOCH: 150 ----------------------------  
client [47] (testset)   loss: 0.0851 -> 0.0159  accuracy: 97.73% -> 98.86%     
client [69] (testset)   loss: 0.0533 -> 0.0051  accuracy: 98.72% -> 99.64%     
client [82] (testset)   loss: 0.0230 -> 0.0140  accuracy: 98.59% -> 100.00%    
client [45] (testset)   loss: 0.0531 -> 0.0223  accuracy: 97.55% -> 99.69%     
client [7]  (testset)   loss: 0.0565 -> 0.0063  accuracy: 100.00% -> 100.00%   
client [50] (testset)   loss: 0.0759 -> 0.0052  accuracy: 97.95% -> 100.00%    
client [35] (testset)   loss: 0.0916 -> 0.0247  accuracy: 97.06% -> 98.04%     
client [24] (testset)   loss: 0.0228 -> 0.0353  accuracy: 98.65% -> 98.65%     
client [15] (testset)   loss: 0.1237 -> 0.0357  accuracy: 97.25% -> 99.08%     
client [58] (testset)   loss: 0.1147 -> 0.0406  accuracy: 95.74% -> 98.58%     
---------------------------- TRAINING EPOCH: 160 ----------------------------  
client [48] (testset)   loss: 0.0149 -> 0.0013  accuracy: 99.03% -> 100.00%    
client [76] (testset)   loss: 0.0114 -> 0.0491  accuracy: 100.00% -> 98.70%    
client [67] (testset)   loss: 0.0291 -> 0.0000  accuracy: 100.00% -> 100.00%   
client [37] (testset)   loss: 0.1033 -> 0.0864  accuracy: 96.97% -> 97.84%     
client [58] (testset)   loss: 0.0928 -> 0.0656  accuracy: 97.16% -> 98.58%     
client [64] (testset)   loss: 0.0648 -> 0.0376  accuracy: 97.78% -> 99.17%     
client [77] (testset)   loss: 0.0847 -> 0.0505  accuracy: 97.26% -> 99.32%     
client [55] (testset)   loss: 0.0222 -> 0.0028  accuracy: 99.49% -> 100.00%    
client [12] (testset)   loss: 0.0595 -> 0.0217  accuracy: 97.52% -> 99.01%     
client [89] (testset)   loss: 0.0091 -> 0.0061  accuracy: 100.00% -> 100.00%   
---------------------------- TRAINING EPOCH: 170 ----------------------------  
client [84] (testset)   loss: 0.0002 -> 0.0002  accuracy: 100.00% -> 100.00%   
client [51] (testset)   loss: 0.0254 -> 0.0028  accuracy: 100.00% -> 100.00%   
client [8]  (testset)   loss: 0.5760 -> 0.0005  accuracy: 85.71% -> 100.00%    
client [18] (testset)   loss: 0.0337 -> 0.0226  accuracy: 99.31% -> 99.66%     
client [94] (testset)   loss: 0.0005 -> 0.0000  accuracy: 100.00% -> 100.00%   
client [81] (testset)   loss: 0.0630 -> 0.0241  accuracy: 98.77% -> 99.38%     
client [3]  (testset)   loss: 0.0365 -> 0.0085  accuracy: 98.95% -> 99.58%     
client [11] (testset)   loss: 0.0000 -> 0.0001  accuracy: 100.00% -> 100.00%   
client [95] (testset)   loss: 0.0166 -> 0.0010  accuracy: 99.64% -> 100.00%    
client [67] (testset)   loss: 0.0275 -> 0.0000  accuracy: 97.30% -> 100.00%    
---------------------------- TRAINING EPOCH: 180 ----------------------------  
client [21] (testset)   loss: 0.0208 -> 0.0047  accuracy: 99.02% -> 100.00%    
client [79] (testset)   loss: 0.0068 -> 0.0003  accuracy: 100.00% -> 100.00%   
client [58] (testset)   loss: 0.0254 -> 0.0118  accuracy: 99.29% -> 99.29%     
client [88] (testset)   loss: 0.0880 -> 0.0160  accuracy: 97.06% -> 98.53%     
client [46] (testset)   loss: 0.0286 -> 0.0200  accuracy: 99.10% -> 99.55%     
client [11] (testset)   loss: 0.0000 -> 0.0000  accuracy: 100.00% -> 100.00%   
client [55] (testset)   loss: 0.0604 -> 0.0046  accuracy: 97.96% -> 99.74%     
client [13] (testset)   loss: 0.1930 -> 0.0044  accuracy: 95.83% -> 100.00%    
client [31] (testset)   loss: 0.0030 -> 0.0011  accuracy: 100.00% -> 100.00%   
client [75] (testset)   loss: 0.1064 -> 0.0180  accuracy: 97.52% -> 99.38%     
---------------------------- TRAINING EPOCH: 190 ----------------------------  
client [19] (testset)   loss: 0.0594 -> 0.0197  accuracy: 96.30% -> 100.00%    
client [7]  (testset)   loss: 0.0035 -> 0.0004  accuracy: 100.00% -> 100.00%   
client [57] (testset)   loss: 0.0015 -> 0.0001  accuracy: 100.00% -> 100.00%   
client [13] (testset)   loss: 0.0567 -> 0.0083  accuracy: 95.83% -> 100.00%    
client [43] (testset)   loss: 0.1108 -> 0.0557  accuracy: 98.40% -> 99.47%     
client [91] (testset)   loss: 0.0350 -> 0.0103  accuracy: 98.84% -> 99.83%     
client [10] (testset)   loss: 0.0041 -> 0.0009  accuracy: 100.00% -> 100.00%   
client [64] (testset)   loss: 0.0216 -> 0.0132  accuracy: 99.17% -> 99.72%     
client [82] (testset)   loss: 0.0037 -> 0.0026  accuracy: 100.00% -> 100.00%   
client [22] (testset)   loss: 0.0090 -> 0.0026  accuracy: 100.00% -> 100.00%   
---------------------------- TRAINING EPOCH: 200 ----------------------------  
client [20] (testset)   loss: 0.1049 -> 0.0568  accuracy: 95.93% -> 98.64%     
client [23] (testset)   loss: 0.0005 -> 0.0000  accuracy: 100.00% -> 100.00%   
client [88] (testset)   loss: 0.1205 -> 0.0108  accuracy: 97.06% -> 100.00%    
client [98] (testset)   loss: 0.0463 -> 0.0290  accuracy: 97.06% -> 97.06%     
client [79] (testset)   loss: 0.0025 -> 0.0003  accuracy: 100.00% -> 100.00%   
client [21] (testset)   loss: 0.0130 -> 0.0087  accuracy: 99.02% -> 99.02%     
client [92] (testset)   loss: 0.0000 -> 0.0000  accuracy: 100.00% -> 100.00%   
client [56] (testset)   loss: 0.0202 -> 0.0000  accuracy: 98.92% -> 100.00%    
client [5]  (testset)   loss: 0.0207 -> 0.0083  accuracy: 98.62% -> 99.31%     
client [52] (testset)   loss: 0.0081 -> 0.0000  accuracy: 100.00% -> 100.00%   
FedDpa's average time taken by each global epoch: 0 min 2.68 sec.              
FedDpa's total running time: 0 h 9 m 1 s.                                      
==================== FedDpa Experiment Results: ====================           
Display format: (before local fine-tuning) -> (after local fine-tuning)        
 So if finetune_epoch = 0, x.xx% -> 0.00% is normal.                           
 Centralized testing ONLY happens after model aggregation, so the stats between
'->' are the same.                                                             
{                                                                              
    "100": {                                                                   
        "all_clients": {                                                       
            "test": {                                                          
                "loss": "0.0684 -> 0.0000",                                    
                "accuracy": "98.04% -> 0.00%"                                  
            }                                                                  
        }                                                                      
    },                                                                         
    "200": {                                                                   
        "all_clients": {                                                       
            "test": {                                                          
                "loss": "0.0509 -> 0.0000",                                    
                "accuracy": "98.45% -> 0.00%"                                  
            }                                                                  
        }                                                                      
    }                                                                          
}                                                                              
==================== FedDpa Max Accuracy ====================                  
all_clients:                                                                   
(test) before fine-tuning: 98.45% at epoch 200                                 
(test) after fine-tuning: 0.00% at epoch 100                                   
