==================== FedDpa ====================                               
Experiment Arguments:                                                          
{
    'method': 'feddpa',
    'dataset': {
        'name': 'cifar100',
        'client_num': 100,
        'test_ratio': 0.25,
        'val_ratio': 0.0,
        'seed': 42,
        'split': 'sample',
        'IID_ratio': 0.0,
        'monitor_window_name_suffix': 'cifar100-100clients-0%IID-use20superclasses-Dir(0.1)-seed42',
        'super_class': False,
        'alpha': 0.1,
        'min_samples_per_client': 10
    },
    'model': {
        'name': 'avgcnn',
        'use_torchvision_pretrained_weights': True,
        'external_model_weights_path': None
    },
    'optimizer': {
        'lr': 0.01,
        'dampening': 0,
        'weight_decay': 0,
        'momentum': 0.7,
        'nesterov': False,
        'name': 'sgd'
    },
    'mode': 'parallel',
    'parallel': {
        'ray_cluster_addr': None,
        'num_cpus': 32.0,
        'num_gpus': 1.0,
        'num_workers': 2
    },
    'common': {
        'seed': 42,
        'join_ratio': 0.1,
        'global_epoch': 200,
        'local_epoch': 5,
        'batch_size': 32,
        'reset_optimizer_on_global_epoch': True,
        'straggler_ratio': 0,
        'straggler_min_local_epoch': 0,
        'buffers': 'global',
        'client_side_evaluation': True,
        'test': {
            'client': {
                'interval': 100,
                'finetune_epoch': 0,
                'train': False,
                'val': False,
                'test': True
            },
            'server': {
                'interval': -1,
                'train': False,
                'val': False,
                'test': True,
                'model_in_train_mode': False
            }
        },
        'verbose_gap': 10,
        'monitor': None,
        'use_cuda': True,
        'save_log': True,
        'save_model': False,
        'save_learning_curve_plot': True,
        'save_metrics': True,
        'delete_useless_run': True
    },
    'fedprox': {
        'mu': 0.01
    },
    'pfedsim': {
        'warmup_round': 0.5
    },
    'feddpa': {
        'fisher_threshold': 0.99991
    }
}
---------------------------- TRAINING EPOCH: 10 ----------------------------   
client [81] (testset)   loss: 3.3978 -> 2.8498  accuracy: 25.83% -> 36.42%     
client [77] (testset)   loss: 3.9685 -> 2.4494  accuracy: 8.99% -> 43.82%      
client [21] (testset)   loss: 3.8502 -> 2.2278  accuracy: 14.29% -> 40.82%     
client [68] (testset)   loss: 3.7317 -> 2.6097  accuracy: 13.45% -> 41.60%     
client [93] (testset)   loss: 3.9031 -> 3.1034  accuracy: 7.20% -> 36.80%      
client [31] (testset)   loss: 3.5260 -> 2.5459  accuracy: 21.58% -> 44.21%     
client [20] (testset)   loss: 3.3685 -> 2.2376  accuracy: 23.76% -> 50.00%     
client [48] (testset)   loss: 3.6080 -> 3.0505  accuracy: 14.55% -> 38.79%     
client [59] (testset)   loss: 4.0532 -> 2.4727  accuracy: 12.88% -> 36.91%     
client [34] (testset)   loss: 3.6916 -> 3.1581  accuracy: 16.02% -> 30.39%     
---------------------------- TRAINING EPOCH: 20 ----------------------------   
client [99] (testset)   loss: 4.2565 -> 4.0679  accuracy: 6.57% -> 31.39%      
client [69] (testset)   loss: 3.1880 -> 2.3860  accuracy: 27.08% -> 52.71%     
client [67] (testset)   loss: 3.7272 -> 2.6612  accuracy: 17.03% -> 45.60%     
client [0]  (testset)   loss: 3.7476 -> 2.5306  accuracy: 13.73% -> 53.92%     
client [41] (testset)   loss: 3.9726 -> 2.7990  accuracy: 15.32% -> 40.32%     
client [76] (testset)   loss: 3.9692 -> 2.9579  accuracy: 13.41% -> 36.87%     
client [2]  (testset)   loss: 4.0985 -> 3.6106  accuracy: 14.29% -> 33.04%     
client [14] (testset)   loss: 4.1505 -> 3.0877  accuracy: 10.39% -> 37.66%     
client [62] (testset)   loss: 4.1501 -> 2.7377  accuracy: 15.53% -> 43.69%     
client [46] (testset)   loss: 4.1081 -> 2.5331  accuracy: 17.14% -> 60.00%     
---------------------------- TRAINING EPOCH: 30 ----------------------------   
client [24] (testset)   loss: 3.5640 -> 2.8086  accuracy: 20.69% -> 45.69%     
client [68] (testset)   loss: 3.9285 -> 3.1120  accuracy: 13.03% -> 47.48%     
client [57] (testset)   loss: 3.3591 -> 2.1767  accuracy: 22.70% -> 56.44%     
client [17] (testset)   loss: 3.6918 -> 3.4728  accuracy: 18.05% -> 34.59%     
client [54] (testset)   loss: 3.6268 -> 3.3519  accuracy: 21.67% -> 43.33%     
client [23] (testset)   loss: 3.6437 -> 2.5115  accuracy: 17.27% -> 39.09%     
client [35] (testset)   loss: 4.4760 -> 2.8639  accuracy: 11.22% -> 44.39%     
client [59] (testset)   loss: 3.6989 -> 2.9903  accuracy: 21.03% -> 38.20%     
client [31] (testset)   loss: 3.1279 -> 2.8470  accuracy: 27.37% -> 50.00%     
client [9]  (testset)   loss: 3.6336 -> 2.8535  accuracy: 18.12% -> 42.95%     
---------------------------- TRAINING EPOCH: 40 ----------------------------   
client [33] (testset)   loss: 3.6249 -> 2.8882  accuracy: 16.51% -> 36.70%     
client [64] (testset)   loss: 3.9543 -> 2.6772  accuracy: 10.81% -> 50.00%     
client [16] (testset)   loss: 3.7922 -> 2.8358  accuracy: 18.18% -> 41.32%     
client [44] (testset)   loss: 3.6958 -> 2.9386  accuracy: 17.65% -> 44.44%     
client [8]  (testset)   loss: 3.4213 -> 3.0969  accuracy: 29.65% -> 51.26%     
client [31] (testset)   loss: 3.9117 -> 2.6726  accuracy: 23.16% -> 50.53%     
client [47] (testset)   loss: 3.8981 -> 2.7322  accuracy: 15.65% -> 49.57%     
client [36] (testset)   loss: 3.6994 -> 2.6442  accuracy: 23.89% -> 44.25%     
client [56] (testset)   loss: 2.7766 -> 2.3392  accuracy: 39.29% -> 53.57%     
client [20] (testset)   loss: 3.6481 -> 2.3163  accuracy: 17.82% -> 57.92%     
---------------------------- TRAINING EPOCH: 50 ----------------------------   
client [60] (testset)   loss: 4.1087 -> 3.5757  accuracy: 16.67% -> 43.94%     
client [4]  (testset)   loss: 3.7215 -> 2.2308  accuracy: 16.89% -> 54.05%     
client [28] (testset)   loss: 3.6900 -> 2.3167  accuracy: 24.19% -> 52.42%     
client [25] (testset)   loss: 3.8119 -> 2.0586  accuracy: 17.71% -> 58.33%     
client [58] (testset)   loss: 3.8897 -> 3.3499  accuracy: 19.23% -> 39.23%     
client [44] (testset)   loss: 3.4047 -> 2.8634  accuracy: 26.80% -> 43.79%     
client [39] (testset)   loss: 3.4342 -> 2.3529  accuracy: 26.35% -> 49.10%     
client [29] (testset)   loss: 3.9413 -> 2.7270  accuracy: 18.67% -> 45.33%     
client [3]  (testset)   loss: 2.8134 -> 2.1444  accuracy: 34.38% -> 57.81%     
client [84] (testset)   loss: 3.7458 -> 3.3176  accuracy: 24.58% -> 40.68%     
---------------------------- TRAINING EPOCH: 60 ----------------------------   
client [21] (testset)   loss: 3.6199 -> 2.2473  accuracy: 21.77% -> 52.38%     
client [84] (testset)   loss: 3.9450 -> 3.4697  accuracy: 19.07% -> 42.37%     
client [10] (testset)   loss: 3.5841 -> 2.7014  accuracy: 21.15% -> 44.23%     
client [36] (testset)   loss: 3.4301 -> 2.6188  accuracy: 24.78% -> 46.02%     
client [65] (testset)   loss: 3.7584 -> 3.2106  accuracy: 21.82% -> 46.36%     
client [81] (testset)   loss: 3.5403 -> 2.8740  accuracy: 27.81% -> 49.67%     
client [79] (testset)   loss: 3.0617 -> 2.0045  accuracy: 35.20% -> 63.13%     
client [42] (testset)   loss: 3.3598 -> 2.3557  accuracy: 29.45% -> 58.90%     
client [11] (testset)   loss: 3.3779 -> 2.8377  accuracy: 23.16% -> 50.28%     
client [96] (testset)   loss: 3.9450 -> 2.4405  accuracy: 13.87% -> 54.34%     
---------------------------- TRAINING EPOCH: 70 ----------------------------   
client [53] (testset)   loss: 3.4125 -> 2.7120  accuracy: 26.24% -> 46.81%     
client [8]  (testset)   loss: 3.5734 -> 2.9343  accuracy: 29.65% -> 49.25%     
client [52] (testset)   loss: 3.5864 -> 2.8851  accuracy: 23.13% -> 44.03%     
client [42] (testset)   loss: 3.2292 -> 2.4606  accuracy: 34.93% -> 57.53%     
client [69] (testset)   loss: 2.5992 -> 2.4396  accuracy: 40.79% -> 59.21%     
client [59] (testset)   loss: 4.0914 -> 2.9249  accuracy: 23.18% -> 43.35%     
client [26] (testset)   loss: 3.3784 -> 2.4591  accuracy: 18.58% -> 51.33%     
client [7]  (testset)   loss: 4.0060 -> 3.3030  accuracy: 21.49% -> 43.86%     
client [49] (testset)   loss: 3.0420 -> 2.5637  accuracy: 31.48% -> 58.64%     
client [98] (testset)   loss: 3.7275 -> 3.0146  accuracy: 24.65% -> 46.48%     
---------------------------- TRAINING EPOCH: 80 ----------------------------   
client [47] (testset)   loss: 3.9643 -> 2.8123  accuracy: 20.87% -> 47.83%     
client [98] (testset)   loss: 3.5684 -> 3.0058  accuracy: 19.01% -> 44.37%     
client [21] (testset)   loss: 3.7083 -> 2.3414  accuracy: 22.45% -> 50.34%     
client [77] (testset)   loss: 3.7418 -> 2.5584  accuracy: 20.79% -> 52.81%     
client [95] (testset)   loss: 3.9713 -> 3.1487  accuracy: 21.69% -> 49.40%     
client [91] (testset)   loss: 3.6424 -> 2.6423  accuracy: 24.34% -> 50.66%     
client [14] (testset)   loss: 3.3676 -> 2.8145  accuracy: 25.97% -> 48.05%     
client [99] (testset)   loss: 3.9568 -> 3.7751  accuracy: 17.52% -> 32.85%     
client [20] (testset)   loss: 3.2365 -> 2.2304  accuracy: 30.20% -> 59.41%     
client [39] (testset)   loss: 3.5402 -> 2.2235  accuracy: 30.54% -> 49.70%     
---------------------------- TRAINING EPOCH: 90 ----------------------------   
client [52] (testset)   loss: 3.3966 -> 2.9205  accuracy: 25.37% -> 46.27%     
client [62] (testset)   loss: 3.6777 -> 2.6866  accuracy: 25.73% -> 49.51%     
client [71] (testset)   loss: 3.5496 -> 2.7393  accuracy: 25.95% -> 38.93%     
client [97] (testset)   loss: 3.8342 -> 3.2710  accuracy: 21.90% -> 36.19%     
client [30] (testset)   loss: 3.8199 -> 4.0520  accuracy: 25.41% -> 40.88%     
client [88] (testset)   loss: 4.0532 -> 3.0075  accuracy: 18.44% -> 49.16%     
client [60] (testset)   loss: 4.1841 -> 3.1473  accuracy: 18.18% -> 48.48%     
client [82] (testset)   loss: 3.5244 -> 3.1727  accuracy: 25.58% -> 45.35%     
client [91] (testset)   loss: 3.6878 -> 2.6326  accuracy: 24.34% -> 47.37%     
client [57] (testset)   loss: 3.0562 -> 2.1393  accuracy: 33.74% -> 60.74%     
---------------------------- TRAINING EPOCH: 100 ----------------------------  
client [15] (testset)   loss: 3.8059 -> 3.1185  accuracy: 26.28% -> 43.07%     
client [31] (testset)   loss: 3.8230 -> 2.9713  accuracy: 27.37% -> 52.63%     
client [71] (testset)   loss: 4.2059 -> 2.8657  accuracy: 20.61% -> 39.69%     
client [97] (testset)   loss: 4.0854 -> 3.2880  accuracy: 24.76% -> 42.86%     
client [53] (testset)   loss: 3.5893 -> 2.7662  accuracy: 25.53% -> 46.81%     
client [77] (testset)   loss: 3.7985 -> 2.6335  accuracy: 25.28% -> 52.25%     
client [76] (testset)   loss: 4.2731 -> 2.9169  accuracy: 17.32% -> 43.02%     
client [79] (testset)   loss: 3.2798 -> 2.0046  accuracy: 33.52% -> 64.25%     
client [28] (testset)   loss: 3.7843 -> 2.1534  accuracy: 24.19% -> 57.26%     
client [99] (testset)   loss: 4.2192 -> 3.7832  accuracy: 16.06% -> 32.12%     
---------------------------- TRAINING EPOCH: 110 ----------------------------  
client [97] (testset)   loss: 3.6436 -> 3.0897  accuracy: 25.71% -> 42.86%     
client [86] (testset)   loss: 3.3188 -> 2.4186  accuracy: 33.05% -> 51.69%     
client [73] (testset)   loss: 3.6973 -> 3.0544  accuracy: 28.06% -> 47.48%     
client [34] (testset)   loss: 3.5763 -> 3.2841  accuracy: 27.07% -> 46.96%     
client [5]  (testset)   loss: 3.8673 -> 3.0250  accuracy: 22.70% -> 46.63%     
client [96] (testset)   loss: 4.2290 -> 2.8506  accuracy: 19.65% -> 52.02%     
client [60] (testset)   loss: 4.0958 -> 3.2187  accuracy: 16.67% -> 43.94%     
client [22] (testset)   loss: 4.2167 -> 3.7443  accuracy: 22.37% -> 43.42%     
client [83] (testset)   loss: 4.1627 -> 3.0487  accuracy: 21.71% -> 48.03%     
client [66] (testset)   loss: 3.6394 -> 2.4657  accuracy: 23.30% -> 52.43%     
---------------------------- TRAINING EPOCH: 120 ----------------------------  
client [65] (testset)   loss: 4.6204 -> 3.5532  accuracy: 21.82% -> 48.18%     
client [76] (testset)   loss: 4.2026 -> 2.9444  accuracy: 23.46% -> 39.11%     
client [95] (testset)   loss: 4.1276 -> 3.2649  accuracy: 24.70% -> 48.19%     
client [17] (testset)   loss: 4.4620 -> 3.7154  accuracy: 15.79% -> 39.10%     
client [8]  (testset)   loss: 3.7237 -> 3.4873  accuracy: 33.67% -> 49.25%     
client [35] (testset)   loss: 4.5305 -> 3.1794  accuracy: 19.90% -> 50.00%     
client [98] (testset)   loss: 3.9473 -> 3.0751  accuracy: 21.83% -> 40.85%     
client [53] (testset)   loss: 3.4817 -> 3.0210  accuracy: 31.91% -> 46.10%     
client [43] (testset)   loss: 4.6748 -> 2.9823  accuracy: 20.74% -> 39.26%     
client [64] (testset)   loss: 3.6654 -> 2.7695  accuracy: 26.35% -> 47.30%     
---------------------------- TRAINING EPOCH: 130 ----------------------------  
client [21] (testset)   loss: 3.5461 -> 2.5765  accuracy: 23.81% -> 48.30%     
client [88] (testset)   loss: 3.9450 -> 2.9111  accuracy: 25.14% -> 53.07%     
client [3]  (testset)   loss: 3.1233 -> 2.3110  accuracy: 32.03% -> 64.06%     
client [38] (testset)   loss: 4.2063 -> 2.9127  accuracy: 21.79% -> 55.87%     
client [41] (testset)   loss: 4.9169 -> 3.2034  accuracy: 12.90% -> 40.32%     
client [5]  (testset)   loss: 4.2193 -> 3.0577  accuracy: 25.15% -> 49.08%     
client [37] (testset)   loss: 3.7681 -> 3.2646  accuracy: 26.92% -> 44.23%     
client [7]  (testset)   loss: 4.3568 -> 3.2364  accuracy: 19.30% -> 48.25%     
client [47] (testset)   loss: 4.3573 -> 3.0237  accuracy: 19.13% -> 48.70%     
client [45] (testset)   loss: 3.9447 -> 2.7805  accuracy: 24.34% -> 48.23%     
---------------------------- TRAINING EPOCH: 140 ----------------------------  
client [16] (testset)   loss: 4.1798 -> 3.4009  accuracy: 22.31% -> 46.28%     
client [11] (testset)   loss: 3.7370 -> 2.6202  accuracy: 25.99% -> 52.54%     
client [37] (testset)   loss: 4.0809 -> 3.1599  accuracy: 25.00% -> 43.27%     
client [41] (testset)   loss: 4.7740 -> 3.2587  accuracy: 16.13% -> 46.77%     
client [95] (testset)   loss: 4.3917 -> 3.3796  accuracy: 24.10% -> 48.19%     
client [53] (testset)   loss: 3.8392 -> 3.2983  accuracy: 31.91% -> 47.52%     
client [25] (testset)   loss: 4.0030 -> 2.2434  accuracy: 20.83% -> 56.25%     
client [22] (testset)   loss: 4.2524 -> 3.4910  accuracy: 25.66% -> 46.71%     
client [46] (testset)   loss: 3.8230 -> 2.8300  accuracy: 24.76% -> 60.95%     
client [69] (testset)   loss: 3.8456 -> 2.4375  accuracy: 28.52% -> 58.84%     
---------------------------- TRAINING EPOCH: 150 ----------------------------  
client [47] (testset)   loss: 4.3425 -> 3.1188  accuracy: 21.74% -> 44.35%     
client [82] (testset)   loss: 4.1551 -> 3.7264  accuracy: 29.07% -> 40.70%     
client [69] (testset)   loss: 3.8707 -> 2.5051  accuracy: 33.21% -> 57.40%     
client [45] (testset)   loss: 4.1497 -> 2.7467  accuracy: 26.11% -> 48.67%     
client [7]  (testset)   loss: 4.6383 -> 3.3834  accuracy: 23.68% -> 45.18%     
client [50] (testset)   loss: 3.3820 -> 2.4274  accuracy: 36.00% -> 59.00%     
client [24] (testset)   loss: 4.2490 -> 3.1269  accuracy: 20.69% -> 46.55%     
client [35] (testset)   loss: 4.2256 -> 3.0955  accuracy: 26.53% -> 51.02%     
client [15] (testset)   loss: 3.9537 -> 3.4227  accuracy: 29.93% -> 46.72%     
client [58] (testset)   loss: 4.5380 -> 3.4136  accuracy: 23.85% -> 50.77%     
---------------------------- TRAINING EPOCH: 160 ----------------------------  
client [48] (testset)   loss: 3.8551 -> 3.5469  accuracy: 32.12% -> 46.06%     
client [76] (testset)   loss: 4.0015 -> 3.0606  accuracy: 28.49% -> 46.37%     
client [37] (testset)   loss: 4.2518 -> 3.0856  accuracy: 24.04% -> 43.27%     
client [67] (testset)   loss: 3.9975 -> 3.1961  accuracy: 27.47% -> 52.20%     
client [58] (testset)   loss: 4.4979 -> 3.6566  accuracy: 22.31% -> 48.46%     
client [64] (testset)   loss: 4.1292 -> 2.9528  accuracy: 25.00% -> 53.38%     
client [77] (testset)   loss: 4.6686 -> 3.3759  accuracy: 23.03% -> 50.56%     
client [55] (testset)   loss: 3.4313 -> 2.7257  accuracy: 38.41% -> 54.35%     
client [12] (testset)   loss: 3.6834 -> 2.7556  accuracy: 31.82% -> 60.61%     
client [89] (testset)   loss: 4.5490 -> 4.0365  accuracy: 25.48% -> 41.40%     
---------------------------- TRAINING EPOCH: 170 ----------------------------  
client [51] (testset)   loss: 3.8300 -> 3.0779  accuracy: 29.73% -> 47.30%     
client [84] (testset)   loss: 4.3049 -> 3.9145  accuracy: 26.69% -> 42.37%     
client [8]  (testset)   loss: 4.0135 -> 3.8842  accuracy: 34.67% -> 48.74%     
client [18] (testset)   loss: 3.4096 -> 2.7434  accuracy: 35.94% -> 57.03%     
client [94] (testset)   loss: 5.2506 -> 3.9784  accuracy: 20.77% -> 40.00%     
client [81] (testset)   loss: 3.8547 -> 3.4015  accuracy: 31.79% -> 50.99%     
client [3]  (testset)   loss: 3.0271 -> 2.5377  accuracy: 41.41% -> 64.06%     
client [11] (testset)   loss: 4.0141 -> 2.8643  accuracy: 27.12% -> 58.19%     
client [95] (testset)   loss: 4.5252 -> 3.4590  accuracy: 24.10% -> 48.19%     
client [67] (testset)   loss: 3.7951 -> 2.8716  accuracy: 31.87% -> 56.59%     
---------------------------- TRAINING EPOCH: 180 ----------------------------  
client [21] (testset)   loss: 4.1572 -> 3.0627  accuracy: 23.13% -> 49.66%     
client [79] (testset)   loss: 3.7256 -> 2.2877  accuracy: 32.40% -> 64.80%     
client [58] (testset)   loss: 4.2434 -> 3.3190  accuracy: 23.85% -> 49.23%     
client [88] (testset)   loss: 4.7021 -> 3.4552  accuracy: 24.02% -> 46.37%     
client [46] (testset)   loss: 4.1754 -> 3.0022  accuracy: 26.67% -> 58.10%     
client [55] (testset)   loss: 3.8198 -> 2.7044  accuracy: 30.43% -> 51.45%     
client [11] (testset)   loss: 3.8121 -> 2.9542  accuracy: 35.03% -> 57.63%     
client [13] (testset)   loss: 4.1052 -> 3.4252  accuracy: 32.16% -> 46.20%     
client [31] (testset)   loss: 3.9290 -> 3.5703  accuracy: 36.32% -> 47.37%     
client [75] (testset)   loss: 3.7710 -> 3.0115  accuracy: 36.32% -> 53.30%     
---------------------------- TRAINING EPOCH: 190 ----------------------------  
client [19] (testset)   loss: 4.3935 -> 3.5756  accuracy: 24.39% -> 42.07%     
client [7]  (testset)   loss: 5.3071 -> 3.4474  accuracy: 17.54% -> 48.25%     
client [57] (testset)   loss: 3.5758 -> 2.6076  accuracy: 36.20% -> 61.35%     
client [13] (testset)   loss: 4.5341 -> 3.0618  accuracy: 26.32% -> 49.71%     
client [43] (testset)   loss: 5.0681 -> 3.5288  accuracy: 20.74% -> 40.00%     
client [91] (testset)   loss: 4.9507 -> 3.1227  accuracy: 19.08% -> 49.34%     
client [10] (testset)   loss: 4.4432 -> 3.1771  accuracy: 20.19% -> 46.15%     
client [82] (testset)   loss: 4.4059 -> 3.8001  accuracy: 29.07% -> 45.35%     
client [64] (testset)   loss: 3.5680 -> 2.6247  accuracy: 24.32% -> 54.73%     
client [22] (testset)   loss: 4.8592 -> 3.7833  accuracy: 21.05% -> 45.39%     
---------------------------- TRAINING EPOCH: 200 ----------------------------  
client [23] (testset)   loss: 5.1917 -> 3.8256  accuracy: 23.64% -> 47.27%     
client [20] (testset)   loss: 4.4753 -> 2.8247  accuracy: 24.75% -> 55.94%     
client [88] (testset)   loss: 4.9124 -> 3.8938  accuracy: 29.61% -> 46.93%     
client [98] (testset)   loss: 4.5828 -> 3.4799  accuracy: 25.35% -> 40.85%     
client [79] (testset)   loss: 3.4515 -> 2.3441  accuracy: 38.55% -> 64.25%     
client [21] (testset)   loss: 4.8919 -> 3.1206  accuracy: 21.09% -> 46.94%     
client [92] (testset)   loss: 4.6377 -> 4.1847  accuracy: 28.57% -> 44.90%     
client [56] (testset)   loss: 3.5161 -> 2.3865  accuracy: 41.67% -> 59.52%     
client [52] (testset)   loss: 4.2321 -> 3.5541  accuracy: 26.87% -> 53.73%     
client [5]  (testset)   loss: 5.0129 -> 3.3325  accuracy: 22.09% -> 49.08%     
FedDpa's average time taken by each global epoch: 0 min 3.51 sec.              
FedDpa's total running time: 0 h 12 m 29 s.                                    
==================== FedDpa Experiment Results: ====================           
Display format: (before local fine-tuning) -> (after local fine-tuning)        
 So if finetune_epoch = 0, x.xx% -> 0.00% is normal.                           
 Centralized testing ONLY happens after model aggregation, so the stats between
'->' are the same.                                                             
{                                                                              
    "100": {                                                                   
        "all_clients": {                                                       
            "test": {                                                          
                "loss": "3.6987 -> 0.0000",                                    
                "accuracy": "26.20% -> 0.00%"                                  
            }                                                                  
        }                                                                      
    },                                                                         
    "200": {                                                                   
        "all_clients": {                                                       
            "test": {                                                          
                "loss": "4.4614 -> 0.0000",                                    
                "accuracy": "26.70% -> 0.00%"                                  
            }                                                                  
        }                                                                      
    }                                                                          
}                                                                              
==================== FedDpa Max Accuracy ====================                  
all_clients:                                                                   
(test) before fine-tuning: 26.70% at epoch 200                                 
(test) after fine-tuning: 0.00% at epoch 100                                   
