==================== FedFew ====================                               
Experiment Arguments:                                                          
{
    'method': 'fedfew',
    'dataset': {
        'name': 'cifar100',
        'client_num': 100,
        'test_ratio': 0.25,
        'val_ratio': 0.0,
        'seed': 42,
        'split': 'sample',
        'IID_ratio': 0.0,
        'monitor_window_name_suffix': 'cifar100-100clients-0%IID-use20superclasses-Dir(0.1)-seed42',
        'super_class': False,
        'alpha': 0.1,
        'min_samples_per_client': 10
    },
    'model': {
        'name': 'avgcnn',
        'use_torchvision_pretrained_weights': True,
        'external_model_weights_path': None
    },
    'optimizer': {
        'lr': 0.01,
        'dampening': 0,
        'weight_decay': 0,
        'momentum': 0.7,
        'nesterov': False,
        'name': 'sgd'
    },
    'mode': 'parallel',
    'parallel': {
        'ray_cluster_addr': None,
        'num_cpus': 32.0,
        'num_gpus': 1.0,
        'num_workers': 2
    },
    'common': {
        'seed': 42,
        'join_ratio': 0.1,
        'global_epoch': 200,
        'local_epoch': 5,
        'batch_size': 32,
        'reset_optimizer_on_global_epoch': True,
        'straggler_ratio': 0,
        'straggler_min_local_epoch': 0,
        'buffers': 'global',
        'client_side_evaluation': True,
        'test': {
            'client': {
                'interval': 100,
                'finetune_epoch': 0,
                'train': False,
                'val': False,
                'test': True
            },
            'server': {
                'interval': -1,
                'train': False,
                'val': False,
                'test': True,
                'model_in_train_mode': False
            }
        },
        'verbose_gap': 10,
        'monitor': None,
        'use_cuda': True,
        'save_log': True,
        'save_model': False,
        'save_learning_curve_plot': True,
        'save_metrics': True,
        'delete_useless_run': True
    },
    'fedprox': {
        'mu': 0.01
    },
    'pfedsim': {
        'warmup_round': 0.5
    },
    'fedfew': {
        'top_k': 9,
        'ig_ratio': 0.3,
        'alpha': 0.5,
        'type': 'all'
    }
}
---------------------------- TRAINING EPOCH: 10 ----------------------------   
client [81] (testset)   loss: 3.8852 -> 2.5551  accuracy: 20.53% -> 40.40%     
client [77] (testset)   loss: 2.0160 -> 2.1473  accuracy: 42.13% -> 39.33%     
client [21] (testset)   loss: 4.6069 -> 2.4837  accuracy: 0.68% -> 29.25%      
client [68] (testset)   loss: 2.3061 -> 2.3328  accuracy: 38.66% -> 36.55%     
client [93] (testset)   loss: 4.6106 -> 2.7432  accuracy: 0.00% -> 32.80%      
client [31] (testset)   loss: 2.2868 -> 2.3009  accuracy: 37.37% -> 44.21%     
client [20] (testset)   loss: 4.5736 -> 2.2081  accuracy: 0.99% -> 43.07%      
client [48] (testset)   loss: 2.9917 -> 2.8508  accuracy: 29.09% -> 28.48%     
client [59] (testset)   loss: 4.6039 -> 2.5323  accuracy: 0.86% -> 33.91%      
client [34] (testset)   loss: 2.8629 -> 2.8066  accuracy: 24.86% -> 30.94%     
---------------------------- TRAINING EPOCH: 20 ----------------------------   
client [99] (testset)   loss: 4.5884 -> 3.5603  accuracy: 3.65% -> 22.63%      
client [69] (testset)   loss: 2.0624 -> 1.9916  accuracy: 45.85% -> 49.82%     
client [67] (testset)   loss: 4.5499 -> 2.5193  accuracy: 1.65% -> 34.62%      
client [0]  (testset)   loss: 4.6005 -> 2.5835  accuracy: 0.98% -> 26.47%      
client [76] (testset)   loss: 4.6130 -> 2.4567  accuracy: 0.00% -> 35.20%      
client [41] (testset)   loss: 4.6075 -> 3.1342  accuracy: 0.81% -> 17.74%      
client [2]  (testset)   loss: 4.6206 -> 2.8022  accuracy: 0.00% -> 25.89%      
client [62] (testset)   loss: 4.6177 -> 2.3509  accuracy: 0.97% -> 39.81%      
client [14] (testset)   loss: 2.9038 -> 2.9967  accuracy: 35.06% -> 40.26%     
client [46] (testset)   loss: 4.5848 -> 2.2211  accuracy: 0.00% -> 45.71%      
---------------------------- TRAINING EPOCH: 30 ----------------------------   
client [24] (testset)   loss: 2.3282 -> 2.3465  accuracy: 40.52% -> 42.24%     
client [68] (testset)   loss: 4.6014 -> 2.3144  accuracy: 2.10% -> 36.55%      
client [57] (testset)   loss: 2.1759 -> 2.1418  accuracy: 39.88% -> 40.49%     
client [17] (testset)   loss: 2.6253 -> 2.8347  accuracy: 33.83% -> 29.32%     
client [54] (testset)   loss: 3.6867 -> 4.2663  accuracy: 30.83% -> 25.00%     
client [23] (testset)   loss: 4.6468 -> 2.7512  accuracy: 0.91% -> 28.18%      
client [35] (testset)   loss: 2.3864 -> 2.4106  accuracy: 33.67% -> 33.67%     
client [59] (testset)   loss: 2.2531 -> 2.3364  accuracy: 37.34% -> 41.20%     
client [31] (testset)   loss: 2.7405 -> 3.1461  accuracy: 39.47% -> 42.11%     
client [9]  (testset)   loss: 4.5754 -> 2.7675  accuracy: 0.00% -> 30.87%      
---------------------------- TRAINING EPOCH: 40 ----------------------------   
client [33] (testset)   loss: 2.5459 -> 2.7922  accuracy: 25.69% -> 27.52%     
client [64] (testset)   loss: 2.4361 -> 2.7189  accuracy: 35.14% -> 36.49%     
client [16] (testset)   loss: 2.9461 -> 2.8115  accuracy: 19.83% -> 28.10%     
client [44] (testset)   loss: 4.5981 -> 2.7232  accuracy: 1.96% -> 22.88%      
client [8]  (testset)   loss: 2.7478 -> 3.4896  accuracy: 40.20% -> 35.68%     
client [31] (testset)   loss: 3.1861 -> 3.8606  accuracy: 44.21% -> 44.74%     
client [47] (testset)   loss: 3.0656 -> 3.5176  accuracy: 38.26% -> 39.13%     
client [36] (testset)   loss: 2.8689 -> 2.7499  accuracy: 20.35% -> 29.20%     
client [56] (testset)   loss: 2.6398 -> 2.5505  accuracy: 22.62% -> 33.33%     
client [20] (testset)   loss: 2.8672 -> 3.0782  accuracy: 42.57% -> 48.51%     
---------------------------- TRAINING EPOCH: 50 ----------------------------   
client [60] (testset)   loss: 2.9183 -> 2.5697  accuracy: 15.15% -> 34.85%     
client [4]  (testset)   loss: 2.1505 -> 2.2481  accuracy: 45.95% -> 46.62%     
client [28] (testset)   loss: 2.4981 -> 2.5363  accuracy: 40.32% -> 37.10%     
client [25] (testset)   loss: 2.3371 -> 2.4276  accuracy: 40.62% -> 41.67%     
client [58] (testset)   loss: 2.8732 -> 3.4957  accuracy: 31.54% -> 33.08%     
client [44] (testset)   loss: 2.7172 -> 2.5277  accuracy: 22.88% -> 29.41%     
client [39] (testset)   loss: 2.5011 -> 2.4246  accuracy: 32.34% -> 36.53%     
client [29] (testset)   loss: 2.8176 -> 3.1020  accuracy: 28.00% -> 30.00%     
client [3]  (testset)   loss: 2.1376 -> 2.3773  accuracy: 46.88% -> 42.97%     
client [84] (testset)   loss: 2.9317 -> 3.9961  accuracy: 32.63% -> 31.78%     
---------------------------- TRAINING EPOCH: 60 ----------------------------   
client [21] (testset)   loss: 2.5540 -> 2.2581  accuracy: 26.53% -> 33.33%     
client [84] (testset)   loss: 3.4608 -> 4.4480  accuracy: 35.59% -> 35.59%     
client [10] (testset)   loss: 2.9418 -> 2.8810  accuracy: 25.00% -> 31.73%     
client [36] (testset)   loss: 2.7436 -> 2.9513  accuracy: 30.09% -> 31.86%     
client [65] (testset)   loss: 2.7925 -> 3.5683  accuracy: 27.27% -> 30.91%     
client [81] (testset)   loss: 2.9911 -> 3.7591  accuracy: 29.14% -> 31.13%     
client [79] (testset)   loss: 1.8526 -> 2.1476  accuracy: 49.72% -> 55.31%     
client [42] (testset)   loss: 2.3203 -> 2.7147  accuracy: 43.84% -> 41.10%     
client [11] (testset)   loss: 2.0431 -> 2.7256  accuracy: 49.72% -> 49.72%     
client [96] (testset)   loss: 2.3764 -> 2.6796  accuracy: 39.31% -> 38.15%     
---------------------------- TRAINING EPOCH: 70 ----------------------------   
client [53] (testset)   loss: 2.5261 -> 3.3720  accuracy: 35.46% -> 27.66%     
client [8]  (testset)   loss: 3.9942 -> 4.6824  accuracy: 41.21% -> 44.72%     
client [52] (testset)   loss: 4.0700 -> 4.2155  accuracy: 36.57% -> 39.55%     
client [42] (testset)   loss: 2.8116 -> 3.0206  accuracy: 41.10% -> 46.58%     
client [69] (testset)   loss: 2.8819 -> 3.2893  accuracy: 51.62% -> 54.51%     
client [59] (testset)   loss: 2.5643 -> 2.9529  accuracy: 40.34% -> 37.34%     
client [26] (testset)   loss: 2.9612 -> 4.6706  accuracy: 35.40% -> 34.51%     
client [7]  (testset)   loss: 3.6669 -> 4.3337  accuracy: 31.58% -> 32.46%     
client [49] (testset)   loss: 2.5583 -> 2.5700  accuracy: 38.27% -> 34.57%     
client [98] (testset)   loss: 3.9470 -> 4.6096  accuracy: 33.10% -> 28.17%     
---------------------------- TRAINING EPOCH: 80 ----------------------------   
client [47] (testset)   loss: 3.9646 -> 4.6039  accuracy: 46.09% -> 40.87%     
client [98] (testset)   loss: 3.4522 -> 4.0601  accuracy: 29.58% -> 29.58%     
client [21] (testset)   loss: 2.2892 -> 2.6664  accuracy: 36.73% -> 40.14%     
client [77] (testset)   loss: 2.6459 -> 3.0971  accuracy: 43.82% -> 42.13%     
client [95] (testset)   loss: 3.8219 -> 4.6780  accuracy: 30.12% -> 33.73%     
client [91] (testset)   loss: 2.8643 -> 3.0978  accuracy: 33.55% -> 37.50%     
client [14] (testset)   loss: 3.7464 -> 4.0956  accuracy: 33.77% -> 35.06%     
client [99] (testset)   loss: 5.1060 -> 5.5864  accuracy: 22.63% -> 26.28%     
client [20] (testset)   loss: 3.5609 -> 3.6461  accuracy: 45.05% -> 49.01%     
client [39] (testset)   loss: 2.5555 -> 3.0648  accuracy: 36.53% -> 34.73%     
---------------------------- TRAINING EPOCH: 90 ----------------------------   
client [52] (testset)   loss: 2.6351 -> 2.5975  accuracy: 39.55% -> 34.33%     
client [62] (testset)   loss: 4.3714 -> 4.7020  accuracy: 43.69% -> 41.26%     
client [71] (testset)   loss: 4.3249 -> 4.9090  accuracy: 29.01% -> 23.66%     
client [97] (testset)   loss: 3.4126 -> 3.9416  accuracy: 23.81% -> 25.71%     
client [30] (testset)   loss: 4.7026 -> 5.3708  accuracy: 24.86% -> 22.65%     
client [88] (testset)   loss: 2.6841 -> 2.5309  accuracy: 29.05% -> 35.20%     
client [60] (testset)   loss: 2.9940 -> 4.0686  accuracy: 31.82% -> 19.70%     
client [82] (testset)   loss: 3.9775 -> 5.0287  accuracy: 26.74% -> 36.05%     
client [91] (testset)   loss: 3.0655 -> 3.6882  accuracy: 37.50% -> 35.53%     
client [57] (testset)   loss: 2.0987 -> 2.4088  accuracy: 48.47% -> 46.01%     
---------------------------- TRAINING EPOCH: 100 ----------------------------  
client [15] (testset)   loss: 2.6239 -> 3.2594  accuracy: 35.77% -> 27.01%     
client [31] (testset)   loss: 4.4908 -> 4.6296  accuracy: 46.32% -> 45.79%     
client [71] (testset)   loss: 3.7865 -> 4.4917  accuracy: 20.61% -> 27.48%     
client [97] (testset)   loss: 2.9663 -> 3.3431  accuracy: 30.48% -> 31.43%     
client [53] (testset)   loss: 3.7510 -> 4.0704  accuracy: 30.50% -> 31.91%     
client [77] (testset)   loss: 3.0634 -> 3.4402  accuracy: 43.26% -> 51.69%     
client [76] (testset)   loss: 2.4964 -> 2.7822  accuracy: 36.31% -> 35.75%     
client [79] (testset)   loss: 2.3680 -> 2.7599  accuracy: 52.51% -> 57.54%     
client [28] (testset)   loss: 3.2111 -> 3.8501  accuracy: 41.13% -> 40.32%     
client [99] (testset)   loss: 5.4959 -> 6.0072  accuracy: 26.28% -> 24.09%     
---------------------------- TRAINING EPOCH: 110 ----------------------------  
client [97] (testset)   loss: 3.3152 -> 4.1867  accuracy: 31.43% -> 27.62%     
client [86] (testset)   loss: 3.6661 -> 4.2843  accuracy: 43.22% -> 41.53%     
client [73] (testset)   loss: 2.9087 -> 4.4083  accuracy: 30.94% -> 25.90%     
client [34] (testset)   loss: 3.8708 -> 3.9904  accuracy: 30.94% -> 27.62%     
client [5]  (testset)   loss: 3.5951 -> 6.0426  accuracy: 38.04% -> 34.97%     
client [96] (testset)   loss: 5.0867 -> 5.2802  accuracy: 42.77% -> 42.77%     
client [60] (testset)   loss: 3.9102 -> 4.5419  accuracy: 39.39% -> 40.91%     
client [22] (testset)   loss: 3.6395 -> 4.4526  accuracy: 24.34% -> 26.32%     
client [66] (testset)   loss: 2.8146 -> 3.1832  accuracy: 32.04% -> 35.92%     
client [83] (testset)   loss: 3.6708 -> 3.8866  accuracy: 38.16% -> 34.87%     
---------------------------- TRAINING EPOCH: 120 ----------------------------  
client [65] (testset)   loss: 2.8439 -> 3.1967  accuracy: 32.73% -> 26.36%     
client [76] (testset)   loss: 4.8928 -> 5.1109  accuracy: 35.75% -> 35.20%     
client [95] (testset)   loss: 5.1087 -> 5.7366  accuracy: 34.34% -> 32.53%     
client [17] (testset)   loss: 4.0632 -> 4.8115  accuracy: 26.32% -> 35.34%     
client [8]  (testset)   loss: 5.1329 -> 5.3541  accuracy: 42.71% -> 42.21%     
client [35] (testset)   loss: 4.9598 -> 5.2654  accuracy: 35.20% -> 35.20%     
client [98] (testset)   loss: 4.7633 -> 5.2619  accuracy: 33.80% -> 35.21%     
client [53] (testset)   loss: 3.7053 -> 4.1443  accuracy: 36.88% -> 37.59%     
client [43] (testset)   loss: 4.9438 -> 5.2977  accuracy: 28.89% -> 29.63%     
client [64] (testset)   loss: 4.0295 -> 4.2271  accuracy: 40.54% -> 43.24%     
---------------------------- TRAINING EPOCH: 130 ----------------------------  
client [21] (testset)   loss: 2.3899 -> 2.7047  accuracy: 38.10% -> 36.05%     
client [88] (testset)   loss: 3.1926 -> 3.9073  accuracy: 35.20% -> 37.99%     
client [3]  (testset)   loss: 3.8760 -> 3.9505  accuracy: 41.41% -> 41.41%     
client [38] (testset)   loss: 3.0714 -> 3.7365  accuracy: 44.69% -> 42.46%     
client [41] (testset)   loss: 4.9024 -> 5.2034  accuracy: 27.42% -> 25.81%     
client [5]  (testset)   loss: 4.1890 -> 4.6101  accuracy: 39.26% -> 41.72%     
client [37] (testset)   loss: 3.1090 -> 4.0660  accuracy: 27.88% -> 30.77%     
client [7]  (testset)   loss: 3.7986 -> 4.5093  accuracy: 33.77% -> 29.82%     
client [47] (testset)   loss: 2.8991 -> 2.7120  accuracy: 28.70% -> 40.00%     
client [45] (testset)   loss: 3.1862 -> 3.3813  accuracy: 39.38% -> 42.92%     
---------------------------- TRAINING EPOCH: 140 ----------------------------  
client [16] (testset)   loss: 3.3703 -> 3.9942  accuracy: 28.10% -> 28.10%     
client [11] (testset)   loss: 2.6295 -> 3.2606  accuracy: 50.28% -> 45.20%     
client [37] (testset)   loss: 5.1562 -> 4.8194  accuracy: 34.62% -> 25.96%     
client [41] (testset)   loss: 3.5508 -> 4.2258  accuracy: 20.97% -> 26.61%     
client [95] (testset)   loss: 6.4367 -> 6.6471  accuracy: 33.13% -> 33.13%     
client [53] (testset)   loss: 4.7021 -> 5.2275  accuracy: 34.75% -> 36.88%     
client [25] (testset)   loss: 2.7589 -> 3.0144  accuracy: 43.75% -> 47.92%     
client [22] (testset)   loss: 3.4354 -> 4.2051  accuracy: 32.89% -> 33.55%     
client [46] (testset)   loss: 3.0351 -> 3.1786  accuracy: 55.24% -> 47.62%     
client [69] (testset)   loss: 4.1349 -> 4.2061  accuracy: 52.35% -> 52.35%     
---------------------------- TRAINING EPOCH: 150 ----------------------------  
client [47] (testset)   loss: 3.8986 -> 4.2129  accuracy: 44.35% -> 41.74%     
client [82] (testset)   loss: 3.3323 -> 3.8319  accuracy: 24.42% -> 29.07%     
client [69] (testset)   loss: 4.2685 -> 4.3229  accuracy: 52.35% -> 51.99%     
client [45] (testset)   loss: 2.3951 -> 2.4559  accuracy: 41.59% -> 43.36%     
client [7]  (testset)   loss: 5.0189 -> 5.7426  accuracy: 32.89% -> 27.63%     
client [50] (testset)   loss: 2.3253 -> 2.6080  accuracy: 44.00% -> 35.00%     
client [35] (testset)   loss: 5.5728 -> 5.7061  accuracy: 34.69% -> 35.20%     
client [24] (testset)   loss: 3.9967 -> 4.2569  accuracy: 36.21% -> 37.07%     
client [15] (testset)   loss: 3.8838 -> 4.3084  accuracy: 27.01% -> 34.31%     
client [58] (testset)   loss: 5.2591 -> 5.4294  accuracy: 37.69% -> 37.69%     
---------------------------- TRAINING EPOCH: 160 ----------------------------  
client [48] (testset)   loss: 5.5838 -> 5.7243  accuracy: 36.97% -> 35.76%     
client [76] (testset)   loss: 4.0301 -> 4.5228  accuracy: 33.52% -> 35.20%     
client [37] (testset)   loss: 5.0966 -> 5.5058  accuracy: 31.73% -> 32.69%     
client [67] (testset)   loss: 4.8811 -> 4.9824  accuracy: 38.46% -> 39.56%     
client [58] (testset)   loss: 5.3707 -> 5.4497  accuracy: 36.92% -> 36.92%     
client [64] (testset)   loss: 4.2091 -> 4.5726  accuracy: 43.24% -> 40.54%     
client [77] (testset)   loss: 2.8325 -> 3.3269  accuracy: 47.19% -> 49.44%     
client [55] (testset)   loss: 4.0654 -> 4.1493  accuracy: 46.38% -> 45.65%     
client [12] (testset)   loss: 2.8706 -> 3.5837  accuracy: 50.76% -> 51.52%     
client [89] (testset)   loss: 7.1235 -> 7.2279  accuracy: 28.03% -> 28.03%     
---------------------------- TRAINING EPOCH: 170 ----------------------------  
client [51] (testset)   loss: 4.8085 -> 4.9411  accuracy: 37.16% -> 37.16%     
client [84] (testset)   loss: 6.5021 -> 6.5773  accuracy: 35.17% -> 35.17%     
client [8]  (testset)   loss: 5.9347 -> 6.0225  accuracy: 42.71% -> 43.22%     
client [18] (testset)   loss: 3.6028 -> 3.7401  accuracy: 42.19% -> 46.09%     
client [94] (testset)   loss: 5.0715 -> 5.3088  accuracy: 39.23% -> 37.69%     
client [81] (testset)   loss: 4.4995 -> 4.7184  accuracy: 39.74% -> 41.06%     
client [3]  (testset)   loss: 4.0562 -> 4.1311  accuracy: 41.41% -> 41.41%     
client [11] (testset)   loss: 4.3327 -> 4.4159  accuracy: 45.20% -> 45.20%     
client [95] (testset)   loss: 6.6632 -> 6.7835  accuracy: 31.93% -> 32.53%     
client [67] (testset)   loss: 4.9549 -> 5.0953  accuracy: 40.11% -> 40.11%     
---------------------------- TRAINING EPOCH: 180 ----------------------------  
client [21] (testset)   loss: 3.3054 -> 3.4436  accuracy: 38.78% -> 34.01%     
client [79] (testset)   loss: 3.9436 -> 4.0807  accuracy: 54.19% -> 54.75%     
client [58] (testset)   loss: 5.6982 -> 5.7559  accuracy: 36.92% -> 37.69%     
client [88] (testset)   loss: 4.3024 -> 4.5396  accuracy: 39.11% -> 37.43%     
client [46] (testset)   loss: 3.8686 -> 4.0812  accuracy: 53.33% -> 53.33%     
client [11] (testset)   loss: 3.1561 -> 3.4201  accuracy: 45.76% -> 45.76%     
client [55] (testset)   loss: 4.4070 -> 4.4676  accuracy: 45.65% -> 46.38%     
client [13] (testset)   loss: 4.3075 -> 4.5298  accuracy: 35.67% -> 32.75%     
client [31] (testset)   loss: 4.7387 -> 4.8076  accuracy: 45.26% -> 44.74%     
client [75] (testset)   loss: 5.3374 -> 5.4645  accuracy: 40.57% -> 40.57%     
---------------------------- TRAINING EPOCH: 190 ----------------------------  
client [19] (testset)   loss: 5.5309 -> 5.6142  accuracy: 38.41% -> 39.02%     
client [7]  (testset)   loss: 5.6252 -> 5.8348  accuracy: 33.33% -> 32.46%     
client [57] (testset)   loss: 3.9532 -> 4.1014  accuracy: 46.01% -> 49.69%     
client [13] (testset)   loss: 4.8310 -> 4.9727  accuracy: 33.92% -> 32.75%     
client [43] (testset)   loss: 5.3499 -> 5.6326  accuracy: 28.89% -> 27.41%     
client [91] (testset)   loss: 4.4436 -> 4.7565  accuracy: 34.21% -> 36.18%     
client [10] (testset)   loss: 5.2452 -> 5.4084  accuracy: 37.50% -> 36.54%     
client [64] (testset)   loss: 4.9519 -> 5.0687  accuracy: 41.22% -> 41.22%     
client [82] (testset)   loss: 4.3986 -> 4.7908  accuracy: 32.56% -> 33.72%     
client [22] (testset)   loss: 5.7528 -> 5.7164  accuracy: 30.92% -> 32.24%     
---------------------------- TRAINING EPOCH: 200 ----------------------------  
client [23] (testset)   loss: 2.7355 -> 2.6363  accuracy: 29.09% -> 29.09%     
client [20] (testset)   loss: 3.0565 -> 3.3969  accuracy: 50.00% -> 45.54%     
client [88] (testset)   loss: 4.5245 -> 4.6906  accuracy: 38.55% -> 35.20%     
client [98] (testset)   loss: 5.6369 -> 5.7894  accuracy: 35.21% -> 33.10%     
client [79] (testset)   loss: 4.1668 -> 4.2428  accuracy: 54.19% -> 54.19%     
client [21] (testset)   loss: 3.6539 -> 3.8788  accuracy: 39.46% -> 40.14%     
client [56] (testset)   loss: 4.9315 -> 5.0765  accuracy: 39.29% -> 39.29%     
client [92] (testset)   loss: 5.1241 -> 5.7127  accuracy: 30.61% -> 30.61%     
client [52] (testset)   loss: 5.7434 -> 5.8219  accuracy: 38.06% -> 38.06%     
client [5]  (testset)   loss: 5.1908 -> 5.2946  accuracy: 39.26% -> 39.26%     
FedFew's average time taken by each global epoch: 0 min 1.22 sec.              
FedFew's total running time: 0 h 4 m 6 s.                                      
==================== FedFew Experiment Results: ====================           
Display format: (before local fine-tuning) -> (after local fine-tuning)        
 So if finetune_epoch = 0, x.xx% -> 0.00% is normal.                           
 Centralized testing ONLY happens after model aggregation, so the stats between
'->' are the same.                                                             
{                                                                              
    "100": {                                                                   
        "all_clients": {                                                       
            "test": {                                                          
                "loss": "3.6447 -> 0.0000",                                    
                "accuracy": "37.36% -> 0.00%"                                  
            }                                                                  
        }                                                                      
    },                                                                         
    "200": {                                                                   
        "all_clients": {                                                       
            "test": {                                                          
                "loss": "4.9099 -> 0.0000",                                    
                "accuracy": "38.58% -> 0.00%"                                  
            }                                                                  
        }                                                                      
    }                                                                          
}                                                                              
==================== FedFew Max Accuracy ====================                  
all_clients:                                                                   
(test) before fine-tuning: 38.58% at epoch 200                                 
(test) after fine-tuning: 0.00% at epoch 100                                   
