==================== FedPer ====================                               
Experiment Arguments:                                                          
{
    'method': 'fedper',
    'dataset': {
        'name': 'cifar10',
        'client_num': 100,
        'test_ratio': 0.25,
        'val_ratio': 0.0,
        'seed': 42,
        'split': 'sample',
        'IID_ratio': 0.0,
        'monitor_window_name_suffix': 'cifar10-100clients-0%IID-Dir(0.1)-seed42',
        'alpha': 0.1,
        'min_samples_per_client': 10
    },
    'model': {
        'name': 'avgcnn',
        'use_torchvision_pretrained_weights': True,
        'external_model_weights_path': None
    },
    'optimizer': {
        'lr': 0.01,
        'dampening': 0,
        'weight_decay': 0,
        'momentum': 0.7,
        'nesterov': False,
        'name': 'sgd'
    },
    'mode': 'parallel',
    'parallel': {
        'ray_cluster_addr': None,
        'num_cpus': 24.0,
        'num_gpus': 1.0,
        'num_workers': 2
    },
    'common': {
        'seed': 42,
        'join_ratio': 0.1,
        'global_epoch': 400,
        'local_epoch': 5,
        'batch_size': 32,
        'reset_optimizer_on_global_epoch': True,
        'straggler_ratio': 0,
        'straggler_min_local_epoch': 0,
        'buffers': 'global',
        'client_side_evaluation': True,
        'test': {
            'client': {
                'interval': 100,
                'finetune_epoch': 5,
                'train': False,
                'val': False,
                'test': True
            },
            'server': {
                'interval': -1,
                'train': False,
                'val': False,
                'test': True,
                'model_in_train_mode': False
            }
        },
        'verbose_gap': 10,
        'monitor': None,
        'use_cuda': True,
        'save_log': True,
        'save_model': False,
        'save_learning_curve_plot': True,
        'save_metrics': True,
        'delete_useless_run': True
    },
    'fedprox': {
        'mu': 0.01
    },
    'pfedsim': {
        'warmup_round': 0.5
    }
}
---------------------------- TRAINING EPOCH: 10 ----------------------------   
client [81] (testset)   loss: 0.1826 -> 0.0557  accuracy: 98.21% -> 96.43%     
client [21] (testset)   loss: 3.5678 -> 0.9268  accuracy: 0.00% -> 60.87%      
client [77] (testset)   loss: 0.4802 -> 0.4226  accuracy: 85.51% -> 86.22%     
client [93] (testset)   loss: 0.7939 -> 0.3866  accuracy: 73.68% -> 84.21%     
client [68] (testset)   loss: 0.3675 -> 0.2822  accuracy: 90.40% -> 91.53%     
client [31] (testset)   loss: 0.4686 -> 0.1336  accuracy: 92.63% -> 94.93%     
client [59] (testset)   loss: 0.8052 -> 0.0573  accuracy: 33.33% -> 100.00%    
client [48] (testset)   loss: 1.1033 -> 0.6940  accuracy: 38.46% -> 76.92%     
client [34] (testset)   loss: 0.8470 -> 0.8844  accuracy: 70.97% -> 65.81%     
client [20] (testset)   loss: 0.5467 -> 0.6077  accuracy: 83.81% -> 83.03%     
---------------------------- TRAINING EPOCH: 20 ----------------------------   
client [99] (testset)   loss: 0.2035 -> 0.0076  accuracy: 91.14% -> 100.00%    
client [67] (testset)   loss: 0.6007 -> 0.2675  accuracy: 78.06% -> 90.32%     
client [69] (testset)   loss: 0.8611 -> 0.9782  accuracy: 62.73% -> 63.94%     
client [0]  (testset)   loss: 0.1320 -> 0.1649  accuracy: 95.81% -> 95.81%     
client [76] (testset)   loss: 0.4897 -> 0.2984  accuracy: 82.12% -> 89.40%     
client [62] (testset)   loss: 5.7323 -> 0.1006  accuracy: 0.00% -> 94.12%      
client [41] (testset)   loss: 0.9141 -> 0.9900  accuracy: 68.25% -> 66.67%     
client [2]  (testset)   loss: 2.3533 -> 0.4722  accuracy: 48.18% -> 89.05%     
client [14] (testset)   loss: 0.6647 -> 0.7007  accuracy: 77.83% -> 77.83%     
client [46] (testset)   loss: 1.2748 -> 0.7985  accuracy: 64.34% -> 75.97%     
---------------------------- TRAINING EPOCH: 30 ----------------------------   
client [24] (testset)   loss: 0.2265 -> 0.4444  accuracy: 94.44% -> 86.11%     
client [68] (testset)   loss: 0.3092 -> 0.3175  accuracy: 88.70% -> 92.66%     
client [57] (testset)   loss: 0.1768 -> 0.2307  accuracy: 94.51% -> 94.09%     
client [17] (testset)   loss: 0.8083 -> 1.0341  accuracy: 73.81% -> 75.00%     
client [54] (testset)   loss: 0.7337 -> 0.8911  accuracy: 78.75% -> 82.50%     
client [23] (testset)   loss: 0.9979 -> 0.0003  accuracy: 67.86% -> 100.00%    
client [35] (testset)   loss: 0.3721 -> 0.3293  accuracy: 83.33% -> 83.33%     
client [59] (testset)   loss: 0.0793 -> 0.0660  accuracy: 100.00% -> 100.00%   
client [31] (testset)   loss: 0.1346 -> 0.1326  accuracy: 96.31% -> 95.85%     
client [9]  (testset)   loss: 0.5339 -> 0.6565  accuracy: 83.33% -> 84.62%     
---------------------------- TRAINING EPOCH: 40 ----------------------------   
client [64] (testset)   loss: 0.1468 -> 0.2431  accuracy: 95.87% -> 94.04%     
client [33] (testset)   loss: 0.2443 -> 0.3244  accuracy: 93.75% -> 92.71%     
client [16] (testset)   loss: 0.8465 -> 1.0252  accuracy: 74.10% -> 72.29%     
client [44] (testset)   loss: 0.4678 -> 0.3451  accuracy: 80.61% -> 91.84%     
client [8]  (testset)   loss: 0.9323 -> 1.0775  accuracy: 67.74% -> 64.52%     
client [47] (testset)   loss: 0.8297 -> 0.9697  accuracy: 68.75% -> 56.25%     
client [31] (testset)   loss: 0.1479 -> 0.1412  accuracy: 95.39% -> 95.39%     
client [36] (testset)   loss: 0.6782 -> 0.9047  accuracy: 80.85% -> 72.34%     
client [56] (testset)   loss: 0.2890 -> 0.5457  accuracy: 89.23% -> 89.23%     
client [20] (testset)   loss: 0.9030 -> 0.8362  accuracy: 84.20% -> 85.23%     
---------------------------- TRAINING EPOCH: 50 ----------------------------   
client [4]  (testset)   loss: 0.0611 -> 0.0487  accuracy: 95.77% -> 97.18%     
client [28] (testset)   loss: 0.4470 -> 0.5372  accuracy: 76.00% -> 80.00%     
client [60] (testset)   loss: 0.2782 -> 0.3859  accuracy: 90.64% -> 92.88%     
client [25] (testset)   loss: 0.6069 -> 0.7186  accuracy: 79.51% -> 80.92%     
client [44] (testset)   loss: 0.2702 -> 0.3585  accuracy: 92.86% -> 90.82%     
client [58] (testset)   loss: 0.3174 -> 0.3110  accuracy: 92.86% -> 93.25%     
client [39] (testset)   loss: 0.6809 -> 0.8524  accuracy: 82.19% -> 76.03%     
client [29] (testset)   loss: 0.1534 -> 0.1916  accuracy: 97.66% -> 93.57%     
client [84] (testset)   loss: 0.4509 -> 0.6107  accuracy: 84.38% -> 84.38%     
client [3]  (testset)   loss: 0.6127 -> 0.7209  accuracy: 80.21% -> 77.54%     
---------------------------- TRAINING EPOCH: 60 ----------------------------   
client [21] (testset)   loss: 1.2833 -> 2.1858  accuracy: 65.22% -> 43.48%     
client [84] (testset)   loss: 0.4311 -> 0.6068  accuracy: 85.94% -> 82.81%     
client [36] (testset)   loss: 0.8759 -> 1.0964  accuracy: 78.72% -> 74.47%     
client [65] (testset)   loss: 0.4749 -> 0.4612  accuracy: 85.71% -> 89.29%     
client [81] (testset)   loss: 0.0244 -> 0.0313  accuracy: 99.11% -> 99.11%     
client [10] (testset)   loss: 0.1360 -> 0.2055  accuracy: 97.40% -> 96.53%     
client [42] (testset)   loss: 0.3724 -> 0.4172  accuracy: 91.36% -> 92.18%     
client [11] (testset)   loss: 0.1747 -> 0.3233  accuracy: 90.91% -> 90.91%     
client [96] (testset)   loss: 1.5984 -> 1.4545  accuracy: 65.91% -> 70.45%     
client [79] (testset)   loss: 0.3475 -> 0.3870  accuracy: 92.18% -> 93.02%     
---------------------------- TRAINING EPOCH: 70 ----------------------------   
client [8]  (testset)   loss: 0.9450 -> 1.0090  accuracy: 64.52% -> 70.97%     
client [52] (testset)   loss: 0.1783 -> 0.2292  accuracy: 98.04% -> 97.06%     
client [53] (testset)   loss: 0.5444 -> 0.6689  accuracy: 81.63% -> 79.08%     
client [42] (testset)   loss: 0.3637 -> 0.4366  accuracy: 90.95% -> 91.77%     
client [59] (testset)   loss: 0.0214 -> 0.0255  accuracy: 100.00% -> 100.00%   
client [69] (testset)   loss: 1.5885 -> 1.6645  accuracy: 62.42% -> 63.03%     
client [26] (testset)   loss: 0.7312 -> 0.7524  accuracy: 92.31% -> 92.31%     
client [7]  (testset)   loss: 0.6413 -> 0.6589  accuracy: 85.02% -> 83.09%     
client [49] (testset)   loss: 0.8466 -> 0.8604  accuracy: 79.68% -> 80.00%     
client [98] (testset)   loss: 0.8809 -> 1.0304  accuracy: 80.57% -> 83.41%     
---------------------------- TRAINING EPOCH: 80 ----------------------------   
client [47] (testset)   loss: 0.9823 -> 1.0907  accuracy: 68.75% -> 62.50%     
client [21] (testset)   loss: 1.2879 -> 1.5374  accuracy: 60.87% -> 56.52%     
client [98] (testset)   loss: 0.9651 -> 1.0867  accuracy: 81.52% -> 84.36%     
client [95] (testset)   loss: 1.3717 -> 1.4796  accuracy: 68.97% -> 68.97%     
client [77] (testset)   loss: 0.5218 -> 0.6112  accuracy: 86.57% -> 86.22%     
client [91] (testset)   loss: 0.8122 -> 0.8128  accuracy: 88.24% -> 88.24%     
client [99] (testset)   loss: 0.0147 -> 0.0074  accuracy: 98.73% -> 100.00%    
client [14] (testset)   loss: 0.9137 -> 0.9741  accuracy: 79.80% -> 78.33%     
client [39] (testset)   loss: 0.8559 -> 1.0388  accuracy: 81.51% -> 80.14%     
client [20] (testset)   loss: 1.0395 -> 0.8813  accuracy: 84.59% -> 84.46%     
---------------------------- TRAINING EPOCH: 90 ----------------------------   
client [62] (testset)   loss: 0.1071 -> 0.1185  accuracy: 94.12% -> 94.12%     
client [52] (testset)   loss: 0.2287 -> 0.2421  accuracy: 97.06% -> 97.06%     
client [97] (testset)   loss: 1.2204 -> 1.3547  accuracy: 85.37% -> 82.93%     
client [71] (testset)   loss: 0.7608 -> 0.8891  accuracy: 84.41% -> 84.41%     
client [30] (testset)   loss: 1.5524 -> 1.7574  accuracy: 73.12% -> 72.04%     
client [60] (testset)   loss: 0.3006 -> 0.3832  accuracy: 91.76% -> 92.51%     
client [88] (testset)   loss: 0.5213 -> 0.5886  accuracy: 88.68% -> 89.21%     
client [91] (testset)   loss: 0.8507 -> 0.8524  accuracy: 86.76% -> 88.24%     
client [82] (testset)   loss: 0.2225 -> 0.2346  accuracy: 96.59% -> 96.59%     
client [57] (testset)   loss: 0.2192 -> 0.2516  accuracy: 93.67% -> 94.51%     
---------------------------- TRAINING EPOCH: 100 ----------------------------  
client [31] (testset)   loss: 0.1727 -> 0.1785  accuracy: 94.93% -> 94.93%     
client [15] (testset)   loss: 0.7320 -> 0.7816  accuracy: 87.11% -> 86.33%     
client [97] (testset)   loss: 1.3356 -> 1.4337  accuracy: 82.93% -> 82.93%     
client [71] (testset)   loss: 0.8191 -> 0.9359  accuracy: 83.33% -> 86.02%     
client [53] (testset)   loss: 0.7347 -> 0.8343  accuracy: 80.10% -> 79.08%     
client [77] (testset)   loss: 0.5506 -> 0.6450  accuracy: 86.93% -> 86.57%     
client [76] (testset)   loss: 0.3154 -> 0.3030  accuracy: 91.39% -> 91.39%     
client [28] (testset)   loss: 0.6269 -> 0.5537  accuracy: 80.00% -> 80.00%     
client [99] (testset)   loss: 0.0102 -> 0.0056  accuracy: 100.00% -> 100.00%   
client [79] (testset)   loss: 0.4370 -> 0.4496  accuracy: 92.46% -> 92.74%     
---------------------------- TRAINING EPOCH: 110 ----------------------------  
client [97] (testset)   loss: 1.4975 -> 1.5338  accuracy: 84.15% -> 82.93%     
client [86] (testset)   loss: 0.5880 -> 0.6088  accuracy: 86.84% -> 86.84%     
client [73] (testset)   loss: 0.7425 -> 0.8200  accuracy: 78.79% -> 72.73%     
client [34] (testset)   loss: 1.5520 -> 1.5433  accuracy: 70.32% -> 70.97%     
client [96] (testset)   loss: 1.6262 -> 1.5944  accuracy: 72.73% -> 72.73%     
client [22] (testset)   loss: 0.6751 -> 0.7205  accuracy: 85.71% -> 86.47%     
client [5]  (testset)   loss: 0.9667 -> 0.9548  accuracy: 84.54% -> 84.28%     
client [66] (testset)   loss: 1.0053 -> 1.0505  accuracy: 80.88% -> 78.68%     
client [60] (testset)   loss: 0.3696 -> 0.4172  accuracy: 92.51% -> 92.88%     
client [83] (testset)   loss: 1.0567 -> 1.0673  accuracy: 80.67% -> 80.67%     
---------------------------- TRAINING EPOCH: 120 ----------------------------  
client [65] (testset)   loss: 0.4500 -> 0.4639  accuracy: 89.29% -> 85.71%     
client [95] (testset)   loss: 1.3899 -> 1.5407  accuracy: 68.97% -> 72.41%     
client [76] (testset)   loss: 0.3034 -> 0.3253  accuracy: 90.07% -> 91.39%     
client [8]  (testset)   loss: 1.1184 -> 1.1059  accuracy: 67.74% -> 70.97%     
client [35] (testset)   loss: 0.3673 -> 0.3833  accuracy: 83.33% -> 83.33%     
client [17] (testset)   loss: 1.0396 -> 1.3612  accuracy: 74.40% -> 77.38%     
client [98] (testset)   loss: 1.0080 -> 1.1280  accuracy: 83.41% -> 82.94%     
client [43] (testset)   loss: 0.1890 -> 0.1935  accuracy: 90.91% -> 90.91%     
client [53] (testset)   loss: 0.8426 -> 0.8253  accuracy: 79.08% -> 79.08%     
client [64] (testset)   loss: 0.2162 -> 0.2801  accuracy: 94.04% -> 94.50%     
---------------------------- TRAINING EPOCH: 130 ----------------------------  
client [21] (testset)   loss: 1.3685 -> 1.5963  accuracy: 60.87% -> 56.52%     
client [38] (testset)   loss: 0.1881 -> 0.2020  accuracy: 93.27% -> 93.27%     
client [3]  (testset)   loss: 0.9000 -> 0.9694  accuracy: 78.61% -> 78.61%     
client [88] (testset)   loss: 0.6826 -> 0.6904  accuracy: 88.68% -> 88.68%     
client [41] (testset)   loss: 1.2137 -> 1.1467  accuracy: 74.60% -> 74.60%     
client [7]  (testset)   loss: 0.8120 -> 0.8098  accuracy: 85.51% -> 84.06%     
client [37] (testset)   loss: 1.0787 -> 1.1197  accuracy: 66.67% -> 66.67%     
client [5]  (testset)   loss: 1.0339 -> 1.0224  accuracy: 84.02% -> 83.76%     
client [45] (testset)   loss: 1.7116 -> 1.9763  accuracy: 72.73% -> 72.73%     
client [47] (testset)   loss: 1.0168 -> 1.0220  accuracy: 75.00% -> 75.00%     
---------------------------- TRAINING EPOCH: 140 ----------------------------  
client [11] (testset)   loss: 0.1972 -> 0.1988  accuracy: 90.91% -> 90.91%     
client [37] (testset)   loss: 1.1421 -> 1.1883  accuracy: 66.67% -> 66.67%     
client [41] (testset)   loss: 1.1635 -> 1.1584  accuracy: 73.02% -> 74.60%     
client [16] (testset)   loss: 1.3387 -> 1.4467  accuracy: 74.10% -> 72.89%     
client [95] (testset)   loss: 1.6569 -> 1.7354  accuracy: 72.41% -> 68.97%     
client [53] (testset)   loss: 0.9860 -> 0.9199  accuracy: 78.57% -> 79.59%     
client [22] (testset)   loss: 0.7092 -> 0.7373  accuracy: 84.21% -> 86.47%     
client [25] (testset)   loss: 0.9534 -> 1.1359  accuracy: 79.15% -> 81.27%     
client [69] (testset)   loss: 2.1716 -> 2.1413  accuracy: 66.06% -> 64.55%     
client [46] (testset)   loss: 1.4611 -> 0.9864  accuracy: 79.84% -> 82.95%     
---------------------------- TRAINING EPOCH: 150 ----------------------------  
client [47] (testset)   loss: 1.0649 -> 1.0770  accuracy: 68.75% -> 75.00%     
client [82] (testset)   loss: 0.3101 -> 0.3102  accuracy: 96.59% -> 96.59%     
client [45] (testset)   loss: 1.9996 -> 2.0651  accuracy: 72.73% -> 72.73%     
client [69] (testset)   loss: 2.2261 -> 2.2085  accuracy: 64.55% -> 65.15%     
client [50] (testset)   loss: 1.8333 -> 1.8076  accuracy: 71.43% -> 71.43%     
client [35] (testset)   loss: 0.4767 -> 0.4746  accuracy: 66.67% -> 66.67%     
client [24] (testset)   loss: 0.6367 -> 0.6553  accuracy: 83.33% -> 80.56%     
client [7]  (testset)   loss: 0.8691 -> 0.8121  accuracy: 85.51% -> 84.54%     
client [15] (testset)   loss: 0.8979 -> 0.9351  accuracy: 87.11% -> 86.72%     
client [58] (testset)   loss: 0.4540 -> 0.4561  accuracy: 94.05% -> 94.05%     
---------------------------- TRAINING EPOCH: 160 ----------------------------  
client [48] (testset)   loss: 2.2770 -> 2.3075  accuracy: 61.54% -> 61.54%     
client [76] (testset)   loss: 0.3685 -> 0.3685  accuracy: 91.39% -> 91.39%     
client [67] (testset)   loss: 0.3536 -> 0.3405  accuracy: 90.97% -> 90.97%     
client [37] (testset)   loss: 1.1663 -> 1.1844  accuracy: 66.67% -> 66.67%     
client [64] (testset)   loss: 0.2531 -> 0.3231  accuracy: 94.50% -> 94.50%     
client [58] (testset)   loss: 0.4429 -> 0.4496  accuracy: 94.44% -> 94.05%     
client [77] (testset)   loss: 0.6958 -> 0.7320  accuracy: 86.93% -> 86.57%     
client [12] (testset)   loss: 0.9867 -> 1.0038  accuracy: 84.32% -> 83.28%     
client [89] (testset)   loss: 0.6482 -> 0.6549  accuracy: 96.08% -> 96.08%     
client [55] (testset)   loss: 0.7118 -> 0.7110  accuracy: 87.93% -> 87.10%     
---------------------------- TRAINING EPOCH: 170 ----------------------------  
client [51] (testset)   loss: 0.2403 -> 0.2405  accuracy: 87.50% -> 87.50%     
client [84] (testset)   loss: 0.8039 -> 0.8190  accuracy: 82.81% -> 82.81%     
client [8]  (testset)   loss: 1.4533 -> 1.4679  accuracy: 67.74% -> 67.74%     
client [94] (testset)   loss: 0.9127 -> 1.1073  accuracy: 83.08% -> 83.08%     
client [18] (testset)   loss: 1.1373 -> 1.1523  accuracy: 83.83% -> 84.43%     
client [81] (testset)   loss: 0.0419 -> 0.0423  accuracy: 99.11% -> 99.11%     
client [11] (testset)   loss: 0.1969 -> 0.1687  accuracy: 90.91% -> 90.91%     
client [3]  (testset)   loss: 1.0267 -> 1.0561  accuracy: 79.14% -> 79.68%     
client [95] (testset)   loss: 1.9489 -> 1.9597  accuracy: 68.97% -> 66.67%     
client [67] (testset)   loss: 0.3734 -> 0.3571  accuracy: 89.68% -> 91.61%     
---------------------------- TRAINING EPOCH: 180 ----------------------------  
client [21] (testset)   loss: 1.5901 -> 1.7295  accuracy: 60.87% -> 52.17%     
client [58] (testset)   loss: 0.4900 -> 0.4870  accuracy: 94.44% -> 94.84%     
client [79] (testset)   loss: 0.5808 -> 0.5787  accuracy: 92.74% -> 93.02%     
client [46] (testset)   loss: 1.3335 -> 1.1001  accuracy: 83.72% -> 82.95%     
client [11] (testset)   loss: 0.1841 -> 0.1833  accuracy: 90.91% -> 90.91%     
client [88] (testset)   loss: 0.7873 -> 0.7787  accuracy: 88.42% -> 88.42%     
client [13] (testset)   loss: 0.9680 -> 0.9491  accuracy: 83.89% -> 84.44%     
client [31] (testset)   loss: 0.2308 -> 0.2310  accuracy: 96.31% -> 96.31%     
client [55] (testset)   loss: 0.7777 -> 0.7810  accuracy: 87.93% -> 86.82%     
client [75] (testset)   loss: 0.7035 -> 0.6789  accuracy: 89.01% -> 89.22%     
---------------------------- TRAINING EPOCH: 190 ----------------------------  
client [19] (testset)   loss: 0.8602 -> 0.8569  accuracy: 92.92% -> 92.92%     
client [7]  (testset)   loss: 0.9661 -> 0.9493  accuracy: 85.51% -> 84.06%     
client [57] (testset)   loss: 0.3441 -> 0.3539  accuracy: 93.67% -> 94.09%     
client [13] (testset)   loss: 0.9957 -> 0.9849  accuracy: 82.78% -> 84.44%     
client [43] (testset)   loss: 0.2409 -> 0.2402  accuracy: 90.91% -> 90.91%     
client [91] (testset)   loss: 1.1398 -> 1.1446  accuracy: 89.71% -> 88.24%     
client [64] (testset)   loss: 0.3574 -> 0.3681  accuracy: 94.50% -> 94.50%     
client [10] (testset)   loss: 0.2855 -> 0.2823  accuracy: 96.53% -> 96.53%     
client [82] (testset)   loss: 0.3755 -> 0.3766  accuracy: 96.59% -> 96.59%     
client [22] (testset)   loss: 0.8585 -> 0.8701  accuracy: 85.71% -> 86.47%     
---------------------------- TRAINING EPOCH: 200 ----------------------------  
client [23] (testset)   loss: 0.0090 -> 0.0088  accuracy: 100.00% -> 100.00%   
client [88] (testset)   loss: 0.8163 -> 0.8029  accuracy: 88.95% -> 88.68%     
client [98] (testset)   loss: 1.4369 -> 1.4588  accuracy: 82.46% -> 82.94%     
client [20] (testset)   loss: 1.3382 -> 1.3243  accuracy: 85.62% -> 85.10%     
client [21] (testset)   loss: 1.6969 -> 1.8087  accuracy: 56.52% -> 56.52%     
client [92] (testset)   loss: 0.2737 -> 0.2731  accuracy: 94.09% -> 93.10%     
client [79] (testset)   loss: 0.5893 -> 0.5949  accuracy: 93.02% -> 93.02%     
client [56] (testset)   loss: 0.5745 -> 0.5690  accuracy: 90.77% -> 90.77%     
client [52] (testset)   loss: 0.3604 -> 0.3608  accuracy: 98.04% -> 98.04%     
client [5]  (testset)   loss: 1.2436 -> 1.2366  accuracy: 84.02% -> 83.76%     
---------------------------- TRAINING EPOCH: 210 ----------------------------  
client [54] (testset)   loss: 1.4636 -> 1.4591  accuracy: 81.25% -> 81.25%     
client [67] (testset)   loss: 0.3810 -> 0.3819  accuracy: 91.61% -> 92.26%     
client [99] (testset)   loss: 0.0026 -> 0.0029  accuracy: 100.00% -> 100.00%   
client [14] (testset)   loss: 1.3657 -> 1.3792  accuracy: 76.85% -> 76.35%     
client [36] (testset)   loss: 1.6137 -> 1.6301  accuracy: 74.47% -> 74.47%     
client [30] (testset)   loss: 2.4541 -> 2.4557  accuracy: 69.89% -> 69.89%     
client [38] (testset)   loss: 0.2332 -> 0.2552  accuracy: 93.27% -> 93.27%     
client [15] (testset)   loss: 1.0598 -> 1.0474  accuracy: 86.72% -> 85.94%     
client [6]  (testset)   loss: 1.2571 -> 1.2302  accuracy: 82.13% -> 81.37%     
client [53] (testset)   loss: 1.1133 -> 1.1003  accuracy: 80.10% -> 80.10%     
---------------------------- TRAINING EPOCH: 220 ----------------------------  
client [99] (testset)   loss: 0.0027 -> 0.0029  accuracy: 100.00% -> 100.00%   
client [6]  (testset)   loss: 1.2555 -> 1.2452  accuracy: 81.75% -> 82.13%     
client [83] (testset)   loss: 1.3957 -> 1.3788  accuracy: 81.79% -> 80.95%     
client [42] (testset)   loss: 0.6006 -> 0.6016  accuracy: 92.59% -> 92.18%     
client [34] (testset)   loss: 1.9432 -> 1.9496  accuracy: 70.97% -> 72.26%     
client [47] (testset)   loss: 1.2274 -> 1.2318  accuracy: 68.75% -> 68.75%     
client [15] (testset)   loss: 1.0717 -> 1.0609  accuracy: 86.33% -> 85.94%     
client [51] (testset)   loss: 0.2529 -> 0.2494  accuracy: 87.50% -> 87.50%     
client [95] (testset)   loss: 2.1387 -> 2.1451  accuracy: 67.82% -> 67.82%     
client [55] (testset)   loss: 0.8305 -> 0.8261  accuracy: 87.52% -> 86.82%     
---------------------------- TRAINING EPOCH: 230 ----------------------------  
client [71] (testset)   loss: 1.1908 -> 1.2168  accuracy: 84.95% -> 84.95%     
client [15] (testset)   loss: 1.0589 -> 1.0589  accuracy: 85.94% -> 85.94%     
client [33] (testset)   loss: 0.4062 -> 0.4189  accuracy: 95.83% -> 94.79%     
client [90] (testset)   loss: 0.0458 -> 0.0494  accuracy: 100.00% -> 93.33%    
client [99] (testset)   loss: 0.0030 -> 0.0029  accuracy: 100.00% -> 100.00%   
client [27] (testset)   loss: 0.8490 -> 0.8433  accuracy: 80.95% -> 80.95%     
client [57] (testset)   loss: 0.3569 -> 0.3643  accuracy: 93.25% -> 93.25%     
client [78] (testset)   loss: 1.3478 -> 1.3109  accuracy: 78.95% -> 80.26%     
client [36] (testset)   loss: 1.5960 -> 1.6115  accuracy: 74.47% -> 74.47%     
client [88] (testset)   loss: 0.8224 -> 0.8216  accuracy: 88.68% -> 88.42%     
---------------------------- TRAINING EPOCH: 240 ----------------------------  
client [35] (testset)   loss: 0.4580 -> 0.4533  accuracy: 83.33% -> 83.33%     
client [70] (testset)   loss: 0.8025 -> 0.8036  accuracy: 90.62% -> 90.62%     
client [16] (testset)   loss: 1.7232 -> 1.7554  accuracy: 72.89% -> 72.89%     
client [38] (testset)   loss: 0.2664 -> 0.2726  accuracy: 93.27% -> 93.27%     
client [80] (testset)   loss: 0.6978 -> 0.7010  accuracy: 93.46% -> 93.46%     
client [68] (testset)   loss: 0.4914 -> 0.5070  accuracy: 93.22% -> 92.66%     
client [78] (testset)   loss: 1.3558 -> 1.3383  accuracy: 78.51% -> 80.26%     
client [11] (testset)   loss: 0.1769 -> 0.1696  accuracy: 90.91% -> 90.91%     
client [82] (testset)   loss: 0.4024 -> 0.4019  accuracy: 96.59% -> 96.59%     
client [64] (testset)   loss: 0.3692 -> 0.3838  accuracy: 94.50% -> 94.50%     
---------------------------- TRAINING EPOCH: 250 ----------------------------  
client [27] (testset)   loss: 0.8794 -> 0.8740  accuracy: 80.95% -> 80.95%     
client [74] (testset)   loss: 0.9256 -> 0.9305  accuracy: 89.47% -> 89.47%     
client [30] (testset)   loss: 2.5650 -> 2.5696  accuracy: 69.89% -> 69.89%     
client [45] (testset)   loss: 2.5253 -> 2.5444  accuracy: 72.73% -> 72.73%     
client [36] (testset)   loss: 1.6673 -> 1.6792  accuracy: 74.47% -> 74.47%     
client [63] (testset)   loss: 1.0748 -> 1.1089  accuracy: 77.97% -> 78.81%     
client [6]  (testset)   loss: 1.3137 -> 1.2838  accuracy: 81.75% -> 81.75%     
client [76] (testset)   loss: 0.4214 -> 0.4200  accuracy: 92.72% -> 92.72%     
client [86] (testset)   loss: 0.7570 -> 0.7594  accuracy: 85.53% -> 85.53%     
client [83] (testset)   loss: 1.4089 -> 1.4109  accuracy: 80.95% -> 80.95%     
---------------------------- TRAINING EPOCH: 260 ----------------------------  
client [99] (testset)   loss: 0.0019 -> 0.0021  accuracy: 100.00% -> 100.00%   
client [74] (testset)   loss: 0.9366 -> 0.9366  accuracy: 89.47% -> 89.47%     
client [73] (testset)   loss: 0.9226 -> 0.9191  accuracy: 75.76% -> 75.76%     
client [83] (testset)   loss: 1.4325 -> 1.4291  accuracy: 81.23% -> 80.95%     
client [29] (testset)   loss: 0.2207 -> 0.2040  accuracy: 94.15% -> 93.57%     
client [92] (testset)   loss: 0.2863 -> 0.2899  accuracy: 93.10% -> 92.61%     
client [6]  (testset)   loss: 1.3195 -> 1.3030  accuracy: 81.75% -> 81.75%     
client [61] (testset)   loss: 1.2781 -> 1.2818  accuracy: 81.42% -> 81.42%     
client [21] (testset)   loss: 1.8639 -> 1.9511  accuracy: 56.52% -> 52.17%     
client [67] (testset)   loss: 0.4010 -> 0.4017  accuracy: 92.26% -> 92.26%     
---------------------------- TRAINING EPOCH: 270 ----------------------------  
client [32] (testset)   loss: 2.7013 -> 2.7545  accuracy: 59.42% -> 60.87%     
client [95] (testset)   loss: 2.2883 -> 2.2720  accuracy: 68.97% -> 68.97%     
client [83] (testset)   loss: 1.4485 -> 1.4423  accuracy: 81.23% -> 80.95%     
client [61] (testset)   loss: 1.3044 -> 1.3056  accuracy: 81.42% -> 81.42%     
client [27] (testset)   loss: 0.8890 -> 0.8811  accuracy: 80.95% -> 80.95%     
client [68] (testset)   loss: 0.5184 -> 0.5321  accuracy: 93.22% -> 92.66%     
client [25] (testset)   loss: 1.2553 -> 1.2937  accuracy: 80.57% -> 80.92%     
client [34] (testset)   loss: 2.0407 -> 2.0385  accuracy: 71.61% -> 72.26%     
client [89] (testset)   loss: 0.8208 -> 0.8147  accuracy: 96.08% -> 96.08%     
client [71] (testset)   loss: 1.2772 -> 1.2915  accuracy: 84.95% -> 84.95%     
---------------------------- TRAINING EPOCH: 280 ----------------------------  
client [81] (testset)   loss: 0.0463 -> 0.0463  accuracy: 99.11% -> 99.11%     
client [51] (testset)   loss: 0.2958 -> 0.2938  accuracy: 75.00% -> 75.00%     
client [78] (testset)   loss: 1.4218 -> 1.4080  accuracy: 79.82% -> 80.26%     
client [54] (testset)   loss: 1.6035 -> 1.5994  accuracy: 81.25% -> 81.25%     
client [65] (testset)   loss: 0.6458 -> 0.6418  accuracy: 85.71% -> 85.71%     
client [11] (testset)   loss: 0.1608 -> 0.1457  accuracy: 90.91% -> 90.91%     
client [41] (testset)   loss: 1.4740 -> 1.4603  accuracy: 76.19% -> 77.78%     
client [85] (testset)   loss: 0.6131 -> 0.6148  accuracy: 94.63% -> 94.15%     
client [23] (testset)   loss: 0.0039 -> 0.0039  accuracy: 100.00% -> 100.00%   
client [12] (testset)   loss: 1.2341 -> 1.2404  accuracy: 83.97% -> 83.97%     
---------------------------- TRAINING EPOCH: 290 ----------------------------  
client [65] (testset)   loss: 0.6531 -> 0.6488  accuracy: 85.71% -> 85.71%     
client [16] (testset)   loss: 1.8320 -> 1.8552  accuracy: 72.29% -> 72.89%     
client [53] (testset)   loss: 1.2194 -> 1.2077  accuracy: 79.59% -> 79.59%     
client [72] (testset)   loss: 0.0262 -> 0.0248  accuracy: 96.97% -> 96.97%     
client [58] (testset)   loss: 0.5382 -> 0.5357  accuracy: 94.84% -> 94.84%     
client [7]  (testset)   loss: 1.0791 -> 1.0688  accuracy: 84.54% -> 84.06%     
client [59] (testset)   loss: 0.0001 -> 0.0001  accuracy: 100.00% -> 100.00%   
client [71] (testset)   loss: 1.3072 -> 1.3184  accuracy: 84.95% -> 84.95%     
client [86] (testset)   loss: 0.7822 -> 0.7875  accuracy: 86.84% -> 86.84%     
client [39] (testset)   loss: 1.6393 -> 1.6171  accuracy: 80.14% -> 80.14%     
---------------------------- TRAINING EPOCH: 300 ----------------------------  
client [99] (testset)   loss: 0.0018 -> 0.0020  accuracy: 100.00% -> 100.00%   
client [7]  (testset)   loss: 1.0888 -> 1.0816  accuracy: 84.54% -> 84.06%     
client [17] (testset)   loss: 1.8722 -> 1.9297  accuracy: 75.60% -> 75.60%     
client [37] (testset)   loss: 1.6883 -> 1.6928  accuracy: 66.67% -> 66.67%     
client [64] (testset)   loss: 0.4069 -> 0.4133  accuracy: 94.50% -> 94.50%     
client [93] (testset)   loss: 1.5587 -> 1.5520  accuracy: 84.21% -> 84.21%     
client [29] (testset)   loss: 0.2221 -> 0.2149  accuracy: 94.15% -> 93.57%     
client [40] (testset)   loss: 0.0391 -> 0.0370  accuracy: 100.00% -> 100.00%   
client [73] (testset)   loss: 0.9428 -> 0.9260  accuracy: 75.76% -> 72.73%     
client [76] (testset)   loss: 0.4431 -> 0.4386  accuracy: 92.05% -> 92.72%     
---------------------------- TRAINING EPOCH: 310 ----------------------------  
client [89] (testset)   loss: 0.8441 -> 0.8402  accuracy: 96.08% -> 96.08%     
client [31] (testset)   loss: 0.2613 -> 0.2600  accuracy: 96.31% -> 96.31%     
client [90] (testset)   loss: 0.0463 -> 0.0491  accuracy: 100.00% -> 93.33%    
client [26] (testset)   loss: 1.5290 -> 1.5291  accuracy: 92.31% -> 92.31%     
client [50] (testset)   loss: 2.2341 -> 2.2313  accuracy: 71.43% -> 71.43%     
client [77] (testset)   loss: 0.9426 -> 0.9411  accuracy: 86.57% -> 86.57%     
client [30] (testset)   loss: 2.7208 -> 2.7274  accuracy: 69.89% -> 69.89%     
client [41] (testset)   loss: 1.5170 -> 1.5041  accuracy: 76.19% -> 77.78%     
client [70] (testset)   loss: 0.8803 -> 0.8795  accuracy: 90.62% -> 90.62%     
client [99] (testset)   loss: 0.0017 -> 0.0019  accuracy: 100.00% -> 100.00%   
---------------------------- TRAINING EPOCH: 320 ----------------------------  
client [68] (testset)   loss: 0.5534 -> 0.5601  accuracy: 92.66% -> 92.66%     
client [70] (testset)   loss: 0.8891 -> 0.8879  accuracy: 90.62% -> 90.62%     
client [1]  (testset)   loss: 0.2481 -> 0.2484  accuracy: 94.12% -> 94.12%     
client [52] (testset)   loss: 0.4203 -> 0.4198  accuracy: 97.06% -> 97.06%     
client [2]  (testset)   loss: 1.0548 -> 1.0570  accuracy: 86.86% -> 86.86%     
client [67] (testset)   loss: 0.4282 -> 0.4282  accuracy: 92.26% -> 92.26%     
client [35] (testset)   loss: 0.4642 -> 0.4600  accuracy: 83.33% -> 83.33%     
client [36] (testset)   loss: 1.7999 -> 1.8098  accuracy: 74.47% -> 74.47%     
client [92] (testset)   loss: 0.3081 -> 0.3109  accuracy: 92.61% -> 92.61%     
client [64] (testset)   loss: 0.4153 -> 0.4194  accuracy: 94.50% -> 94.50%     
---------------------------- TRAINING EPOCH: 330 ----------------------------  
client [44] (testset)   loss: 0.6174 -> 0.6209  accuracy: 91.84% -> 91.84%     
client [6]  (testset)   loss: 1.4006 -> 1.3840  accuracy: 81.75% -> 81.75%     
client [12] (testset)   loss: 1.2828 -> 1.2862  accuracy: 83.97% -> 83.97%     
client [29] (testset)   loss: 0.2280 -> 0.2203  accuracy: 93.57% -> 93.57%     
client [9]  (testset)   loss: 1.1753 -> 1.1784  accuracy: 84.62% -> 84.62%     
client [43] (testset)   loss: 0.2536 -> 0.2533  accuracy: 90.91% -> 90.91%     
client [55] (testset)   loss: 0.9088 -> 0.9081  accuracy: 87.38% -> 86.82%     
client [77] (testset)   loss: 0.9473 -> 0.9474  accuracy: 86.57% -> 86.57%     
client [98] (testset)   loss: 1.6495 -> 1.6497  accuracy: 82.46% -> 82.46%     
client [78] (testset)   loss: 1.4622 -> 1.4523  accuracy: 79.82% -> 79.82%     
---------------------------- TRAINING EPOCH: 340 ----------------------------  
client [80] (testset)   loss: 0.7738 -> 0.7771  accuracy: 93.46% -> 93.46%     
client [92] (testset)   loss: 0.3128 -> 0.3131  accuracy: 92.61% -> 92.61%     
client [63] (testset)   loss: 1.1689 -> 1.1855  accuracy: 77.97% -> 78.81%     
client [76] (testset)   loss: 0.4547 -> 0.4507  accuracy: 92.72% -> 92.72%     
client [78] (testset)   loss: 1.4662 -> 1.4572  accuracy: 80.26% -> 80.26%     
client [25] (testset)   loss: 1.3282 -> 1.3530  accuracy: 80.21% -> 80.92%     
client [58] (testset)   loss: 0.5477 -> 0.5461  accuracy: 94.84% -> 94.84%     
client [13] (testset)   loss: 1.1485 -> 1.1426  accuracy: 82.78% -> 83.33%     
client [38] (testset)   loss: 0.3142 -> 0.3157  accuracy: 93.27% -> 93.27%     
client [17] (testset)   loss: 1.9395 -> 1.9901  accuracy: 75.60% -> 75.60%     
---------------------------- TRAINING EPOCH: 350 ----------------------------  
client [72] (testset)   loss: 0.0301 -> 0.0291  accuracy: 96.97% -> 96.97%     
client [82] (testset)   loss: 0.4677 -> 0.4669  accuracy: 96.59% -> 96.59%     
client [51] (testset)   loss: 0.2964 -> 0.2954  accuracy: 87.50% -> 87.50%     
client [86] (testset)   loss: 0.8033 -> 0.8035  accuracy: 85.53% -> 85.53%     
client [96] (testset)   loss: 2.2492 -> 2.2425  accuracy: 72.73% -> 72.73%     
client [42] (testset)   loss: 0.6767 -> 0.6778  accuracy: 92.59% -> 92.59%     
client [13] (testset)   loss: 1.1531 -> 1.1492  accuracy: 82.78% -> 83.33%     
client [1]  (testset)   loss: 0.2559 -> 0.2562  accuracy: 94.12% -> 94.12%     
client [55] (testset)   loss: 0.9206 -> 0.9196  accuracy: 86.96% -> 86.69%     
client [12] (testset)   loss: 1.2937 -> 1.2990  accuracy: 83.62% -> 83.97%     
---------------------------- TRAINING EPOCH: 360 ----------------------------  
client [23] (testset)   loss: 0.0033 -> 0.0033  accuracy: 100.00% -> 100.00%   
client [68] (testset)   loss: 0.5620 -> 0.5699  accuracy: 92.66% -> 92.66%     
client [46] (testset)   loss: 1.2908 -> 1.2904  accuracy: 82.17% -> 82.17%     
client [41] (testset)   loss: 1.5379 -> 1.5366  accuracy: 76.19% -> 76.19%     
client [25] (testset)   loss: 1.3411 -> 1.3688  accuracy: 80.21% -> 80.92%     
client [58] (testset)   loss: 0.5515 -> 0.5504  accuracy: 94.84% -> 94.84%     
client [33] (testset)   loss: 0.4610 -> 0.4624  accuracy: 94.79% -> 94.79%     
client [14] (testset)   loss: 1.5508 -> 1.5531  accuracy: 76.85% -> 76.35%     
client [62] (testset)   loss: 0.3928 -> 0.3923  accuracy: 94.12% -> 94.12%     
client [85] (testset)   loss: 0.6447 -> 0.6469  accuracy: 94.63% -> 94.15%     
---------------------------- TRAINING EPOCH: 370 ----------------------------  
client [63] (testset)   loss: 1.1920 -> 1.2079  accuracy: 77.97% -> 78.81%     
client [98] (testset)   loss: 1.6790 -> 1.6814  accuracy: 82.46% -> 82.46%     
client [65] (testset)   loss: 0.6723 -> 0.6705  accuracy: 85.71% -> 85.71%     
client [70] (testset)   loss: 0.9164 -> 0.9174  accuracy: 90.62% -> 90.62%     
client [73] (testset)   loss: 0.9570 -> 0.9594  accuracy: 75.76% -> 78.79%     
client [14] (testset)   loss: 1.5633 -> 1.5680  accuracy: 76.35% -> 76.85%     
client [99] (testset)   loss: 0.0018 -> 0.0019  accuracy: 100.00% -> 100.00%   
client [34] (testset)   loss: 2.1892 -> 2.1947  accuracy: 71.61% -> 72.26%     
client [46] (testset)   loss: 1.3029 -> 1.2924  accuracy: 82.17% -> 82.17%     
client [69] (testset)   loss: 2.9496 -> 2.9245  accuracy: 63.64% -> 64.55%     
---------------------------- TRAINING EPOCH: 380 ----------------------------  
client [93] (testset)   loss: 1.6382 -> 1.6326  accuracy: 84.21% -> 84.21%     
client [99] (testset)   loss: 0.0018 -> 0.0019  accuracy: 100.00% -> 100.00%   
client [11] (testset)   loss: 0.1408 -> 0.1356  accuracy: 90.91% -> 90.91%     
client [81] (testset)   loss: 0.0491 -> 0.0493  accuracy: 99.11% -> 99.11%     
client [58] (testset)   loss: 0.5566 -> 0.5559  accuracy: 94.84% -> 94.84%     
client [89] (testset)   loss: 0.8847 -> 0.8794  accuracy: 96.08% -> 96.08%     
client [85] (testset)   loss: 0.6520 -> 0.6533  accuracy: 94.63% -> 94.15%     
client [45] (testset)   loss: 2.8732 -> 2.8956  accuracy: 72.73% -> 72.73%     
client [8]  (testset)   loss: 1.8200 -> 1.8255  accuracy: 67.74% -> 67.74%     
client [68] (testset)   loss: 0.5763 -> 0.5817  accuracy: 92.66% -> 92.66%     
---------------------------- TRAINING EPOCH: 390 ----------------------------  
client [72] (testset)   loss: 0.0328 -> 0.0309  accuracy: 96.97% -> 96.97%     
client [67] (testset)   loss: 0.4410 -> 0.4420  accuracy: 90.97% -> 91.61%     
client [1]  (testset)   loss: 0.2593 -> 0.2595  accuracy: 94.12% -> 94.12%     
client [78] (testset)   loss: 1.5072 -> 1.4988  accuracy: 80.26% -> 79.82%     
client [21] (testset)   loss: 2.2567 -> 2.2966  accuracy: 52.17% -> 52.17%     
client [56] (testset)   loss: 0.6548 -> 0.6553  accuracy: 89.23% -> 89.23%     
client [83] (testset)   loss: 1.5612 -> 1.5619  accuracy: 81.51% -> 81.51%     
client [44] (testset)   loss: 0.6437 -> 0.6463  accuracy: 91.84% -> 91.84%     
client [27] (testset)   loss: 0.9208 -> 0.9168  accuracy: 80.95% -> 80.95%     
client [92] (testset)   loss: 0.3214 -> 0.3230  accuracy: 92.61% -> 92.61%     
---------------------------- TRAINING EPOCH: 400 ----------------------------  
client [39] (testset)   loss: 1.7360 -> 1.7154  accuracy: 80.14% -> 79.45%     
client [65] (testset)   loss: 0.6796 -> 0.6776  accuracy: 85.71% -> 85.71%     
client [26] (testset)   loss: 1.6347 -> 1.6348  accuracy: 92.31% -> 92.31%     
client [10] (testset)   loss: 0.3341 -> 0.3353  accuracy: 96.24% -> 96.24%     
client [19] (testset)   loss: 1.0129 -> 1.0093  accuracy: 92.92% -> 92.92%     
client [68] (testset)   loss: 0.5790 -> 0.5849  accuracy: 92.66% -> 92.66%     
client [41] (testset)   loss: 1.5848 -> 1.5793  accuracy: 76.19% -> 76.19%     
client [50] (testset)   loss: 2.2981 -> 2.2956  accuracy: 71.43% -> 71.43%     
client [81] (testset)   loss: 0.0500 -> 0.0500  accuracy: 99.11% -> 99.11%     
client [75] (testset)   loss: 0.8126 -> 0.8083  accuracy: 89.43% -> 89.22%     
FedPer's average time taken by each global epoch: 0 min 3.30 sec.              
FedPer's total running time: 0 h 24 m 4 s.                                     
==================== FedPer Experiment Results: ====================           
Display format: (before local fine-tuning) -> (after local fine-tuning)        
 So if finetune_epoch = 0, x.xx% -> 0.00% is normal.                           
 Centralized testing ONLY happens after model aggregation, so the stats between
'->' are the same.                                                             
{                                                                              
    "100": {                                                                   
        "all_clients": {                                                       
            "test": {                                                          
                "loss": "0.7465 -> 0.7791",                                    
                "accuracy": "85.60% -> 85.42%"                                 
            }                                                                  
        }                                                                      
    },                                                                         
    "200": {                                                                   
        "all_clients": {                                                       
            "test": {                                                          
                "loss": "0.9949 -> 0.9940",                                    
                "accuracy": "85.73% -> 85.54%"                                 
            }                                                                  
        }                                                                      
    },                                                                         
    "300": {                                                                   
        "all_clients": {                                                       
            "test": {                                                          
                "loss": "1.1033 -> 1.1014",                                    
                "accuracy": "85.54% -> 85.52%"                                 
            }                                                                  
        }                                                                      
    },                                                                         
    "400": {                                                                   
        "all_clients": {                                                       
            "test": {                                                          
                "loss": "1.1618 -> 1.1616",                                    
                "accuracy": "85.46% -> 85.56%"                                 
            }                                                                  
        }                                                                      
    }                                                                          
}                                                                              
==================== FedPer Max Accuracy ====================                  
all_clients:                                                                   
(test) before fine-tuning: 85.73% at epoch 200                                 
(test) after fine-tuning: 85.56% at epoch 400                                  
