==================== FedFew ====================                               
Experiment Arguments:                                                          
{
    'method': 'fedfew',
    'dataset': {
        'name': 'mnist',
        'client_num': 100,
        'test_ratio': 0.25,
        'val_ratio': 0.0,
        'seed': 42,
        'split': 'sample',
        'IID_ratio': 0.0,
        'monitor_window_name_suffix': 'mnist-100clients-0%IID-Dir(0.1)-seed42',
        'alpha': 0.1,
        'min_samples_per_client': 10
    },
    'model': {
        'name': 'avgcnn',
        'use_torchvision_pretrained_weights': True,
        'external_model_weights_path': None
    },
    'optimizer': {
        'lr': 0.01,
        'dampening': 0,
        'weight_decay': 0,
        'momentum': 0.7,
        'nesterov': False,
        'name': 'sgd'
    },
    'mode': 'serial',
    'parallel': {
        'ray_cluster_addr': None,
        'num_cpus': None,
        'num_gpus': None,
        'num_workers': 2
    },
    'common': {
        'seed': 42,
        'join_ratio': 0.1,
        'global_epoch': 400,
        'local_epoch': 5,
        'batch_size': 32,
        'reset_optimizer_on_global_epoch': True,
        'straggler_ratio': 0,
        'straggler_min_local_epoch': 0,
        'buffers': 'global',
        'client_side_evaluation': True,
        'test': {
            'client': {
                'interval': 100,
                'finetune_epoch': 0,
                'train': False,
                'val': False,
                'test': True
            },
            'server': {
                'interval': -1,
                'train': False,
                'val': False,
                'test': True,
                'model_in_train_mode': False
            }
        },
        'verbose_gap': 10,
        'monitor': None,
        'use_cuda': True,
        'save_log': True,
        'save_model': False,
        'save_learning_curve_plot': True,
        'save_metrics': True,
        'delete_useless_run': True
    },
    'fedprox': {
        'mu': 0.01
    },
    'pfedsim': {
        'warmup_round': 0.5
    },
    'fedfew': {
        'ig_ratio': 0.99,
        'alpha': 0.5,
        'norm': 'global',
        'EMA': False,
        'track': False,
        'type': 'Main'
    }
}
---------------------------- TRAINING EPOCH: 10 ----------------------------   
client [77] (testset)   loss: 0.1197 -> 0.1028  accuracy: 97.26% -> 97.95%     
client [81] (testset)   loss: 0.0439 -> 0.0340  accuracy: 99.38% -> 99.38%     
client [21] (testset)   loss: 0.5384 -> 0.0968  accuracy: 90.20% -> 96.08%     
client [68] (testset)   loss: 0.1286 -> 0.0981  accuracy: 96.61% -> 96.61%     
client [93] (testset)   loss: 0.1156 -> 0.0448  accuracy: 100.00% -> 100.00%   
client [31] (testset)   loss: 0.2960 -> 0.3216  accuracy: 100.00% -> 85.71%    
client [20] (testset)   loss: 0.2477 -> 0.2024  accuracy: 93.67% -> 94.12%     
client [59] (testset)   loss: 0.3750 -> 0.1621  accuracy: 100.00% -> 100.00%   
client [48] (testset)   loss: 0.0560 -> 0.0537  accuracy: 99.03% -> 98.06%     
client [34] (testset)   loss: 0.2656 -> 0.3917  accuracy: 94.44% -> 88.89%     
---------------------------- TRAINING EPOCH: 20 ----------------------------   
client [69] (testset)   loss: 0.0196 -> 0.0158  accuracy: 99.09% -> 99.45%     
client [99] (testset)   loss: 0.2686 -> 0.2634  accuracy: 95.24% -> 85.71%     
client [67] (testset)   loss: 0.0440 -> 0.0047  accuracy: 100.00% -> 100.00%   
client [0]  (testset)   loss: 0.0476 -> 0.0140  accuracy: 97.17% -> 100.00%    
client [76] (testset)   loss: 0.0748 -> 0.1296  accuracy: 97.40% -> 94.81%     
client [41] (testset)   loss: 0.0580 -> 0.0191  accuracy: 97.89% -> 98.95%     
client [62] (testset)   loss: 0.3238 -> 0.0463  accuracy: 98.34% -> 99.45%     
client [2]  (testset)   loss: 0.4649 -> 0.0293  accuracy: 89.73% -> 99.24%     
client [14] (testset)   loss: 0.0339 -> 0.0385  accuracy: 97.92% -> 97.92%     
client [46] (testset)   loss: 0.0468 -> 0.0438  accuracy: 98.87% -> 98.87%     
---------------------------- TRAINING EPOCH: 30 ----------------------------   
client [24] (testset)   loss: 0.0843 -> 0.1218  accuracy: 95.95% -> 95.95%     
client [68] (testset)   loss: 0.0687 -> 0.0960  accuracy: 98.31% -> 98.31%     
client [57] (testset)   loss: 0.0292 -> 0.0414  accuracy: 99.03% -> 99.03%     
client [17] (testset)   loss: 0.0384 -> 0.0318  accuracy: 98.83% -> 98.83%     
client [54] (testset)   loss: 0.3693 -> 0.4655  accuracy: 93.02% -> 93.02%     
client [23] (testset)   loss: 0.3759 -> 0.0180  accuracy: 85.71% -> 100.00%    
client [35] (testset)   loss: 0.0564 -> 0.0521  accuracy: 96.08% -> 97.06%     
client [59] (testset)   loss: 0.0729 -> 0.0640  accuracy: 100.00% -> 100.00%   
client [31] (testset)   loss: 0.1709 -> 0.1770  accuracy: 100.00% -> 100.00%   
client [9]  (testset)   loss: 0.0405 -> 0.0502  accuracy: 98.53% -> 98.21%     
---------------------------- TRAINING EPOCH: 40 ----------------------------   
client [64] (testset)   loss: 0.0180 -> 0.0195  accuracy: 99.44% -> 99.44%     
client [33] (testset)   loss: 0.0651 -> 0.0677  accuracy: 99.35% -> 99.35%     
client [16] (testset)   loss: 0.0131 -> 0.0078  accuracy: 100.00% -> 100.00%   
client [44] (testset)   loss: 0.0656 -> 0.0583  accuracy: 97.91% -> 98.51%     
client [8]  (testset)   loss: 0.0006 -> 0.0004  accuracy: 100.00% -> 100.00%   
client [31] (testset)   loss: 0.1603 -> 0.1661  accuracy: 100.00% -> 100.00%   
client [47] (testset)   loss: 0.0077 -> 0.0105  accuracy: 100.00% -> 100.00%   
client [36] (testset)   loss: 0.0703 -> 0.0418  accuracy: 98.98% -> 98.98%     
client [20] (testset)   loss: 0.1420 -> 0.1315  accuracy: 96.38% -> 96.38%     
client [56] (testset)   loss: 0.0363 -> 0.0374  accuracy: 98.92% -> 98.92%     
---------------------------- TRAINING EPOCH: 50 ----------------------------   
client [4]  (testset)   loss: 0.0168 -> 0.0179  accuracy: 99.27% -> 99.27%     
client [60] (testset)   loss: 0.0602 -> 0.0657  accuracy: 99.00% -> 97.00%     
client [28] (testset)   loss: 0.0030 -> 0.0032  accuracy: 100.00% -> 100.00%   
client [25] (testset)   loss: 0.0121 -> 0.0108  accuracy: 100.00% -> 100.00%   
client [58] (testset)   loss: 0.0629 -> 0.0651  accuracy: 97.87% -> 97.87%     
client [44] (testset)   loss: 0.0578 -> 0.0506  accuracy: 97.91% -> 98.21%     
client [39] (testset)   loss: 0.0067 -> 0.0060  accuracy: 100.00% -> 100.00%   
client [29] (testset)   loss: 0.0291 -> 0.0308  accuracy: 98.52% -> 99.26%     
client [3]  (testset)   loss: 0.0287 -> 0.0259  accuracy: 99.37% -> 99.58%     
client [84] (testset)   loss: 0.0064 -> 0.0045  accuracy: 100.00% -> 100.00%   
---------------------------- TRAINING EPOCH: 60 ----------------------------   
client [21] (testset)   loss: 0.0242 -> 0.0254  accuracy: 100.00% -> 99.02%    
client [84] (testset)   loss: 0.0041 -> 0.0031  accuracy: 100.00% -> 100.00%   
client [10] (testset)   loss: 0.0040 -> 0.0029  accuracy: 100.00% -> 100.00%   
client [36] (testset)   loss: 0.0413 -> 0.0504  accuracy: 98.98% -> 97.97%     
client [65] (testset)   loss: 0.0086 -> 0.0070  accuracy: 99.58% -> 99.58%     
client [81] (testset)   loss: 0.0128 -> 0.0176  accuracy: 99.38% -> 99.38%     
client [79] (testset)   loss: 0.0112 -> 0.0091  accuracy: 100.00% -> 100.00%   
client [42] (testset)   loss: 0.1611 -> 0.1719  accuracy: 97.81% -> 97.81%     
client [11] (testset)   loss: 0.0276 -> 0.0182  accuracy: 100.00% -> 100.00%   
client [96] (testset)   loss: 0.0074 -> 0.0071  accuracy: 100.00% -> 100.00%   
---------------------------- TRAINING EPOCH: 70 ----------------------------   
client [8]  (testset)   loss: 0.0003 -> 0.0002  accuracy: 100.00% -> 100.00%   
client [53] (testset)   loss: 0.0247 -> 0.0299  accuracy: 100.00% -> 100.00%   
client [52] (testset)   loss: 0.0017 -> 0.0007  accuracy: 100.00% -> 100.00%   
client [42] (testset)   loss: 0.1735 -> 0.1914  accuracy: 97.81% -> 97.27%     
client [69] (testset)   loss: 0.0107 -> 0.0106  accuracy: 99.64% -> 99.64%     
client [59] (testset)   loss: 0.0372 -> 0.0329  accuracy: 100.00% -> 100.00%   
client [7]  (testset)   loss: 0.0161 -> 0.0143  accuracy: 100.00% -> 100.00%   
client [26] (testset)   loss: 0.1648 -> 0.1780  accuracy: 95.83% -> 95.83%     
client [49] (testset)   loss: 0.0016 -> 0.0008  accuracy: 100.00% -> 100.00%   
client [98] (testset)   loss: 0.0490 -> 0.0727  accuracy: 97.06% -> 97.06%     
---------------------------- TRAINING EPOCH: 80 ----------------------------   
client [98] (testset)   loss: 0.0645 -> 0.0818  accuracy: 97.06% -> 97.06%     
client [47] (testset)   loss: 0.0066 -> 0.0080  accuracy: 100.00% -> 100.00%   
client [21] (testset)   loss: 0.0205 -> 0.0199  accuracy: 99.02% -> 99.02%     
client [77] (testset)   loss: 0.0825 -> 0.0775  accuracy: 97.26% -> 97.26%     
client [95] (testset)   loss: 0.0034 -> 0.0040  accuracy: 100.00% -> 100.00%   
client [91] (testset)   loss: 0.0264 -> 0.0289  accuracy: 99.50% -> 99.67%     
client [14] (testset)   loss: 0.0287 -> 0.0191  accuracy: 99.31% -> 99.31%     
client [99] (testset)   loss: 0.1190 -> 0.1143  accuracy: 95.24% -> 95.24%     
client [20] (testset)   loss: 0.1307 -> 0.1285  accuracy: 97.29% -> 96.83%     
client [39] (testset)   loss: 0.0048 -> 0.0055  accuracy: 100.00% -> 99.75%    
---------------------------- TRAINING EPOCH: 90 ----------------------------   
client [52] (testset)   loss: 0.0008 -> 0.0006  accuracy: 100.00% -> 100.00%   
client [62] (testset)   loss: 0.0217 -> 0.0231  accuracy: 99.45% -> 99.45%     
client [71] (testset)   loss: 0.0070 -> 0.0084  accuracy: 100.00% -> 99.77%    
client [97] (testset)   loss: 0.0134 -> 0.0157  accuracy: 99.33% -> 99.00%     
client [30] (testset)   loss: 0.1321 -> 0.1536  accuracy: 95.00% -> 95.00%     
client [88] (testset)   loss: 0.0058 -> 0.0075  accuracy: 100.00% -> 100.00%   
client [60] (testset)   loss: 0.0487 -> 0.0651  accuracy: 97.00% -> 97.00%     
client [82] (testset)   loss: 0.1362 -> 0.1542  accuracy: 97.18% -> 97.18%     
client [91] (testset)   loss: 0.0279 -> 0.0301  accuracy: 99.67% -> 99.67%     
client [57] (testset)   loss: 0.0290 -> 0.0331  accuracy: 99.03% -> 99.03%     
---------------------------- TRAINING EPOCH: 100 ----------------------------  
client [31] (testset)   loss: 0.0990 -> 0.1031  accuracy: 100.00% -> 100.00%   
client [15] (testset)   loss: 0.0686 -> 0.0664  accuracy: 98.17% -> 98.17%     
client [71] (testset)   loss: 0.0062 -> 0.0115  accuracy: 100.00% -> 99.07%    
client [97] (testset)   loss: 0.0156 -> 0.0154  accuracy: 99.00% -> 99.00%     
client [53] (testset)   loss: 0.0188 -> 0.0202  accuracy: 100.00% -> 100.00%   
client [77] (testset)   loss: 0.0776 -> 0.0761  accuracy: 97.95% -> 97.95%     
client [76] (testset)   loss: 0.1274 -> 0.1648  accuracy: 96.10% -> 96.10%     
client [79] (testset)   loss: 0.0066 -> 0.0065  accuracy: 100.00% -> 100.00%   
client [28] (testset)   loss: 0.0016 -> 0.0014  accuracy: 100.00% -> 100.00%   
client [99] (testset)   loss: 0.1198 -> 0.1122  accuracy: 95.24% -> 95.24%     
---------------------------- TRAINING EPOCH: 110 ----------------------------  
client [97] (testset)   loss: 0.0144 -> 0.0154  accuracy: 99.00% -> 99.00%     
client [86] (testset)   loss: 0.0081 -> 0.0072  accuracy: 99.73% -> 99.73%     
client [34] (testset)   loss: 0.3655 -> 0.3794  accuracy: 88.89% -> 88.89%     
client [73] (testset)   loss: 0.0930 -> 0.0981  accuracy: 91.18% -> 91.18%     
client [5]  (testset)   loss: 0.0657 -> 0.0633  accuracy: 98.62% -> 98.62%     
client [96] (testset)   loss: 0.0034 -> 0.0034  accuracy: 100.00% -> 100.00%   
client [22] (testset)   loss: 0.0102 -> 0.0118  accuracy: 100.00% -> 100.00%   
client [60] (testset)   loss: 0.0496 -> 0.0644  accuracy: 97.00% -> 97.00%     
client [66] (testset)   loss: 0.0597 -> 0.0659  accuracy: 98.23% -> 98.23%     
client [83] (testset)   loss: 0.1356 -> 0.1319  accuracy: 97.15% -> 97.15%     
---------------------------- TRAINING EPOCH: 120 ----------------------------  
client [76] (testset)   loss: 0.1476 -> 0.1667  accuracy: 96.10% -> 96.10%     
client [65] (testset)   loss: 0.0060 -> 0.0057  accuracy: 99.58% -> 100.00%    
client [95] (testset)   loss: 0.0053 -> 0.0038  accuracy: 99.64% -> 100.00%    
client [17] (testset)   loss: 0.0337 -> 0.0318  accuracy: 98.83% -> 98.83%     
client [8]  (testset)   loss: 0.0001 -> 0.0001  accuracy: 100.00% -> 100.00%   
client [35] (testset)   loss: 0.0578 -> 0.0512  accuracy: 98.04% -> 98.04%     
client [98] (testset)   loss: 0.0579 -> 0.0676  accuracy: 97.06% -> 97.06%     
client [53] (testset)   loss: 0.0189 -> 0.0212  accuracy: 100.00% -> 100.00%   
client [43] (testset)   loss: 0.1022 -> 0.0952  accuracy: 96.79% -> 96.79%     
client [64] (testset)   loss: 0.0172 -> 0.0197  accuracy: 99.44% -> 99.44%     
---------------------------- TRAINING EPOCH: 130 ----------------------------  
client [21] (testset)   loss: 0.0177 -> 0.0168  accuracy: 99.02% -> 99.02%     
client [88] (testset)   loss: 0.0044 -> 0.0050  accuracy: 100.00% -> 100.00%   
client [38] (testset)   loss: 0.0367 -> 0.0335  accuracy: 98.25% -> 98.25%     
client [3]  (testset)   loss: 0.0203 -> 0.0186  accuracy: 99.58% -> 99.58%     
client [5]  (testset)   loss: 0.0612 -> 0.0660  accuracy: 98.62% -> 98.62%     
client [41] (testset)   loss: 0.0080 -> 0.0079  accuracy: 100.00% -> 100.00%   
client [7]  (testset)   loss: 0.0073 -> 0.0068  accuracy: 100.00% -> 100.00%   
client [37] (testset)   loss: 0.1648 -> 0.1759  accuracy: 96.54% -> 96.54%     
client [45] (testset)   loss: 0.0169 -> 0.0246  accuracy: 99.69% -> 99.39%     
client [47] (testset)   loss: 0.0052 -> 0.0059  accuracy: 100.00% -> 100.00%   
---------------------------- TRAINING EPOCH: 140 ----------------------------  
client [16] (testset)   loss: 0.0014 -> 0.0014  accuracy: 100.00% -> 100.00%   
client [11] (testset)   loss: 0.0036 -> 0.0038  accuracy: 100.00% -> 100.00%   
client [37] (testset)   loss: 0.1801 -> 0.1779  accuracy: 96.54% -> 96.54%     
client [41] (testset)   loss: 0.0080 -> 0.0076  accuracy: 100.00% -> 100.00%   
client [95] (testset)   loss: 0.0038 -> 0.0035  accuracy: 100.00% -> 100.00%   
client [53] (testset)   loss: 0.0176 -> 0.0176  accuracy: 100.00% -> 100.00%   
client [22] (testset)   loss: 0.0084 -> 0.0094  accuracy: 100.00% -> 100.00%   
client [25] (testset)   loss: 0.0036 -> 0.0039  accuracy: 100.00% -> 100.00%   
client [69] (testset)   loss: 0.0094 -> 0.0101  accuracy: 99.64% -> 99.64%     
client [46] (testset)   loss: 0.0330 -> 0.0389  accuracy: 99.32% -> 99.10%     
---------------------------- TRAINING EPOCH: 150 ----------------------------  
client [47] (testset)   loss: 0.0047 -> 0.0050  accuracy: 100.00% -> 100.00%   
client [69] (testset)   loss: 0.0108 -> 0.0106  accuracy: 99.64% -> 99.64%     
client [82] (testset)   loss: 0.1651 -> 0.1680  accuracy: 97.18% -> 97.18%     
client [45] (testset)   loss: 0.0191 -> 0.0249  accuracy: 99.69% -> 99.39%     
client [7]  (testset)   loss: 0.0067 -> 0.0060  accuracy: 100.00% -> 100.00%   
client [50] (testset)   loss: 0.0504 -> 0.0555  accuracy: 98.46% -> 97.95%     
client [35] (testset)   loss: 0.0637 -> 0.0596  accuracy: 98.04% -> 98.04%     
client [24] (testset)   loss: 0.1289 -> 0.1290  accuracy: 95.95% -> 95.95%     
client [15] (testset)   loss: 0.0710 -> 0.0681  accuracy: 99.08% -> 99.08%     
client [58] (testset)   loss: 0.0621 -> 0.0630  accuracy: 97.87% -> 97.87%     
---------------------------- TRAINING EPOCH: 160 ----------------------------  
client [48] (testset)   loss: 0.0102 -> 0.0095  accuracy: 99.03% -> 99.03%     
client [76] (testset)   loss: 0.1643 -> 0.1752  accuracy: 96.10% -> 96.10%     
client [67] (testset)   loss: 0.0002 -> 0.0001  accuracy: 100.00% -> 100.00%   
client [37] (testset)   loss: 0.1865 -> 0.1809  accuracy: 96.54% -> 96.54%     
client [58] (testset)   loss: 0.0599 -> 0.0615  accuracy: 97.87% -> 97.87%     
client [64] (testset)   loss: 0.0182 -> 0.0203  accuracy: 99.44% -> 99.44%     
client [77] (testset)   loss: 0.0813 -> 0.0792  accuracy: 97.95% -> 97.95%     
client [55] (testset)   loss: 0.0245 -> 0.0202  accuracy: 98.72% -> 99.23%     
client [12] (testset)   loss: 0.0103 -> 0.0096  accuracy: 99.50% -> 99.50%     
client [89] (testset)   loss: 0.0149 -> 0.0137  accuracy: 100.00% -> 100.00%   
---------------------------- TRAINING EPOCH: 170 ----------------------------  
client [84] (testset)   loss: 0.0005 -> 0.0004  accuracy: 100.00% -> 100.00%   
client [51] (testset)   loss: 0.0058 -> 0.0057  accuracy: 100.00% -> 100.00%   
client [8]  (testset)   loss: 0.0001 -> 0.0001  accuracy: 100.00% -> 100.00%   
client [18] (testset)   loss: 0.0799 -> 0.0783  accuracy: 98.62% -> 98.62%     
client [94] (testset)   loss: 0.0000 -> 0.0000  accuracy: 100.00% -> 100.00%   
client [81] (testset)   loss: 0.0139 -> 0.0141  accuracy: 99.38% -> 99.38%     
client [3]  (testset)   loss: 0.0192 -> 0.0158  accuracy: 99.58% -> 99.79%     
client [11] (testset)   loss: 0.0026 -> 0.0027  accuracy: 100.00% -> 100.00%   
client [95] (testset)   loss: 0.0030 -> 0.0032  accuracy: 100.00% -> 100.00%   
client [67] (testset)   loss: 0.0001 -> 0.0001  accuracy: 100.00% -> 100.00%   
---------------------------- TRAINING EPOCH: 180 ----------------------------  
client [21] (testset)   loss: 0.0232 -> 0.0175  accuracy: 99.02% -> 99.02%     
client [79] (testset)   loss: 0.0028 -> 0.0030  accuracy: 100.00% -> 100.00%   
client [58] (testset)   loss: 0.0620 -> 0.0625  accuracy: 97.87% -> 97.87%     
client [88] (testset)   loss: 0.0045 -> 0.0050  accuracy: 100.00% -> 100.00%   
client [46] (testset)   loss: 0.0345 -> 0.0418  accuracy: 99.32% -> 99.10%     
client [11] (testset)   loss: 0.0021 -> 0.0022  accuracy: 100.00% -> 100.00%   
client [55] (testset)   loss: 0.0203 -> 0.0216  accuracy: 98.98% -> 99.23%     
client [13] (testset)   loss: 0.0304 -> 0.0253  accuracy: 100.00% -> 100.00%   
client [31] (testset)   loss: 0.0851 -> 0.0904  accuracy: 100.00% -> 100.00%   
client [75] (testset)   loss: 0.0102 -> 0.0147  accuracy: 99.69% -> 99.07%     
---------------------------- TRAINING EPOCH: 190 ----------------------------  
client [19] (testset)   loss: 0.0240 -> 0.0267  accuracy: 98.15% -> 98.15%     
client [7]  (testset)   loss: 0.0040 -> 0.0039  accuracy: 100.00% -> 100.00%   
client [57] (testset)   loss: 0.0378 -> 0.0398  accuracy: 99.52% -> 99.03%     
client [13] (testset)   loss: 0.0518 -> 0.0411  accuracy: 95.83% -> 100.00%    
client [43] (testset)   loss: 0.1066 -> 0.1041  accuracy: 97.33% -> 96.79%     
client [91] (testset)   loss: 0.0332 -> 0.0356  accuracy: 99.50% -> 99.67%     
client [10] (testset)   loss: 0.0012 -> 0.0010  accuracy: 100.00% -> 100.00%   
client [64] (testset)   loss: 0.0200 -> 0.0202  accuracy: 99.44% -> 99.44%     
client [82] (testset)   loss: 0.1793 -> 0.1791  accuracy: 97.18% -> 97.18%     
client [22] (testset)   loss: 0.0074 -> 0.0074  accuracy: 100.00% -> 100.00%   
---------------------------- TRAINING EPOCH: 200 ----------------------------  
client [20] (testset)   loss: 0.1397 -> 0.1381  accuracy: 96.83% -> 97.29%     
client [23] (testset)   loss: 0.0018 -> 0.0017  accuracy: 100.00% -> 100.00%   
client [88] (testset)   loss: 0.0044 -> 0.0049  accuracy: 100.00% -> 100.00%   
client [98] (testset)   loss: 0.0669 -> 0.0647  accuracy: 97.06% -> 97.06%     
client [79] (testset)   loss: 0.0034 -> 0.0028  accuracy: 100.00% -> 100.00%   
client [21] (testset)   loss: 0.0139 -> 0.0152  accuracy: 99.02% -> 99.02%     
client [92] (testset)   loss: 0.0026 -> 0.0024  accuracy: 100.00% -> 100.00%   
client [56] (testset)   loss: 0.0536 -> 0.0551  accuracy: 98.92% -> 98.92%     
client [5]  (testset)   loss: 0.0693 -> 0.0694  accuracy: 98.62% -> 98.62%     
client [52] (testset)   loss: 0.0001 -> 0.0001  accuracy: 100.00% -> 100.00%   
---------------------------- TRAINING EPOCH: 210 ----------------------------  
client [67] (testset)   loss: 0.0001 -> 0.0001  accuracy: 100.00% -> 100.00%   
client [54] (testset)   loss: 0.4097 -> 0.4154  accuracy: 93.02% -> 93.02%     
client [14] (testset)   loss: 0.0236 -> 0.0252  accuracy: 99.31% -> 99.31%     
client [99] (testset)   loss: 0.0894 -> 0.0879  accuracy: 95.24% -> 95.24%     
client [36] (testset)   loss: 0.0538 -> 0.0557  accuracy: 98.98% -> 98.98%     
client [30] (testset)   loss: 0.1832 -> 0.1957  accuracy: 95.00% -> 95.00%     
client [38] (testset)   loss: 0.0319 -> 0.0292  accuracy: 98.25% -> 98.25%     
client [15] (testset)   loss: 0.0727 -> 0.0720  accuracy: 99.08% -> 99.08%     
client [6]  (testset)   loss: 0.0172 -> 0.0182  accuracy: 99.48% -> 99.48%     
client [53] (testset)   loss: 0.0146 -> 0.0134  accuracy: 100.00% -> 100.00%   
---------------------------- TRAINING EPOCH: 220 ----------------------------  
client [99] (testset)   loss: 0.0831 -> 0.0844  accuracy: 95.24% -> 95.24%     
client [6]  (testset)   loss: 0.0184 -> 0.0184  accuracy: 99.48% -> 99.48%     
client [83] (testset)   loss: 0.1508 -> 0.1526  accuracy: 97.15% -> 97.15%     
client [42] (testset)   loss: 0.2334 -> 0.2316  accuracy: 97.81% -> 97.81%     
client [34] (testset)   loss: 0.4367 -> 0.4417  accuracy: 88.89% -> 88.89%     
client [15] (testset)   loss: 0.0741 -> 0.0731  accuracy: 99.08% -> 99.08%     
client [47] (testset)   loss: 0.0037 -> 0.0039  accuracy: 100.00% -> 100.00%   
client [55] (testset)   loss: 0.0215 -> 0.0198  accuracy: 99.23% -> 99.23%     
client [51] (testset)   loss: 0.0048 -> 0.0045  accuracy: 100.00% -> 100.00%   
client [95] (testset)   loss: 0.0029 -> 0.0030  accuracy: 100.00% -> 100.00%   
---------------------------- TRAINING EPOCH: 230 ----------------------------  
client [71] (testset)   loss: 0.0112 -> 0.0117  accuracy: 99.07% -> 99.07%     
client [15] (testset)   loss: 0.0739 -> 0.0728  accuracy: 99.08% -> 99.08%     
client [33] (testset)   loss: 0.0857 -> 0.0866  accuracy: 99.51% -> 99.35%     
client [99] (testset)   loss: 0.0895 -> 0.0901  accuracy: 95.24% -> 95.24%     
client [90] (testset)   loss: 0.0686 -> 0.0680  accuracy: 98.54% -> 98.18%     
client [57] (testset)   loss: 0.0397 -> 0.0405  accuracy: 99.52% -> 99.52%     
client [27] (testset)   loss: 0.0328 -> 0.0298  accuracy: 98.40% -> 98.40%     
client [78] (testset)   loss: 0.0087 -> 0.0093  accuracy: 99.36% -> 99.36%     
client [36] (testset)   loss: 0.0564 -> 0.0581  accuracy: 98.98% -> 98.98%     
client [88] (testset)   loss: 0.0040 -> 0.0044  accuracy: 100.00% -> 100.00%   
---------------------------- TRAINING EPOCH: 240 ----------------------------  
client [70] (testset)   loss: 0.0585 -> 0.0573  accuracy: 98.53% -> 98.53%     
client [35] (testset)   loss: 0.0542 -> 0.0570  accuracy: 99.02% -> 98.04%     
client [16] (testset)   loss: 0.0004 -> 0.0004  accuracy: 100.00% -> 100.00%   
client [80] (testset)   loss: 0.0001 -> 0.0001  accuracy: 100.00% -> 100.00%   
client [38] (testset)   loss: 0.0347 -> 0.0310  accuracy: 98.25% -> 98.25%     
client [78] (testset)   loss: 0.0083 -> 0.0086  accuracy: 99.36% -> 99.36%     
client [68] (testset)   loss: 0.0734 -> 0.0614  accuracy: 98.31% -> 98.31%     
client [11] (testset)   loss: 0.0011 -> 0.0011  accuracy: 100.00% -> 100.00%   
client [64] (testset)   loss: 0.0219 -> 0.0226  accuracy: 99.44% -> 99.44%     
client [82] (testset)   loss: 0.1756 -> 0.1790  accuracy: 97.18% -> 97.18%     
---------------------------- TRAINING EPOCH: 250 ----------------------------  
client [30] (testset)   loss: 0.1941 -> 0.2038  accuracy: 95.00% -> 95.00%     
client [27] (testset)   loss: 0.0318 -> 0.0309  accuracy: 98.40% -> 98.40%     
client [74] (testset)   loss: 0.1694 -> 0.1758  accuracy: 98.46% -> 98.15%     
client [45] (testset)   loss: 0.0308 -> 0.0317  accuracy: 99.39% -> 99.39%     
client [6]  (testset)   loss: 0.0173 -> 0.0179  accuracy: 99.48% -> 99.48%     
client [36] (testset)   loss: 0.0586 -> 0.0588  accuracy: 98.98% -> 98.98%     
client [63] (testset)   loss: 0.0558 -> 0.0575  accuracy: 99.27% -> 98.54%     
client [76] (testset)   loss: 0.1979 -> 0.2178  accuracy: 96.10% -> 96.10%     
client [83] (testset)   loss: 0.1584 -> 0.1566  accuracy: 96.80% -> 97.15%     
client [86] (testset)   loss: 0.0050 -> 0.0056  accuracy: 99.73% -> 99.73%     
---------------------------- TRAINING EPOCH: 260 ----------------------------  
client [83] (testset)   loss: 0.1536 -> 0.1578  accuracy: 97.15% -> 97.15%     
client [99] (testset)   loss: 0.0839 -> 0.0860  accuracy: 95.24% -> 95.24%     
client [74] (testset)   loss: 0.1798 -> 0.1788  accuracy: 98.15% -> 98.15%     
client [73] (testset)   loss: 0.1330 -> 0.1270  accuracy: 91.18% -> 91.18%     
client [29] (testset)   loss: 0.0399 -> 0.0424  accuracy: 98.89% -> 98.52%     
client [92] (testset)   loss: 0.0015 -> 0.0014  accuracy: 100.00% -> 100.00%   
client [6]  (testset)   loss: 0.0192 -> 0.0187  accuracy: 99.48% -> 99.48%     
client [61] (testset)   loss: 0.0156 -> 0.0149  accuracy: 99.71% -> 99.71%     
client [21] (testset)   loss: 0.0140 -> 0.0149  accuracy: 99.02% -> 99.02%     
client [67] (testset)   loss: 0.0000 -> 0.0000  accuracy: 100.00% -> 100.00%   
---------------------------- TRAINING EPOCH: 270 ----------------------------  
client [83] (testset)   loss: 0.1575 -> 0.1601  accuracy: 97.15% -> 97.15%     
client [32] (testset)   loss: 0.0569 -> 0.0565  accuracy: 96.83% -> 96.83%     
client [95] (testset)   loss: 0.0030 -> 0.0028  accuracy: 100.00% -> 100.00%   
client [61] (testset)   loss: 0.0158 -> 0.0161  accuracy: 99.71% -> 99.71%     
client [27] (testset)   loss: 0.0336 -> 0.0309  accuracy: 98.40% -> 98.40%     
client [25] (testset)   loss: 0.0025 -> 0.0025  accuracy: 100.00% -> 100.00%   
client [68] (testset)   loss: 0.0724 -> 0.0694  accuracy: 98.31% -> 98.31%     
client [34] (testset)   loss: 0.4662 -> 0.4692  accuracy: 88.89% -> 88.89%     
client [71] (testset)   loss: 0.0089 -> 0.0120  accuracy: 99.54% -> 99.07%     
client [89] (testset)   loss: 0.0107 -> 0.0109  accuracy: 100.00% -> 100.00%   
---------------------------- TRAINING EPOCH: 280 ----------------------------  
client [78] (testset)   loss: 0.0090 -> 0.0082  accuracy: 99.36% -> 99.36%     
client [81] (testset)   loss: 0.0183 -> 0.0190  accuracy: 99.38% -> 99.38%     
client [51] (testset)   loss: 0.0027 -> 0.0027  accuracy: 100.00% -> 100.00%   
client [54] (testset)   loss: 0.4245 -> 0.4185  accuracy: 93.02% -> 93.02%     
client [65] (testset)   loss: 0.0051 -> 0.0051  accuracy: 100.00% -> 100.00%   
client [41] (testset)   loss: 0.0056 -> 0.0055  accuracy: 100.00% -> 100.00%   
client [11] (testset)   loss: 0.0010 -> 0.0009  accuracy: 100.00% -> 100.00%   
client [85] (testset)   loss: 0.0736 -> 0.0738  accuracy: 98.96% -> 98.96%     
client [12] (testset)   loss: 0.0087 -> 0.0087  accuracy: 99.50% -> 99.50%     
client [23] (testset)   loss: 0.0009 -> 0.0009  accuracy: 100.00% -> 100.00%   
---------------------------- TRAINING EPOCH: 290 ----------------------------  
client [16] (testset)   loss: 0.0003 -> 0.0003  accuracy: 100.00% -> 100.00%   
client [65] (testset)   loss: 0.0053 -> 0.0051  accuracy: 100.00% -> 100.00%   
client [53] (testset)   loss: 0.0139 -> 0.0141  accuracy: 100.00% -> 100.00%   
client [58] (testset)   loss: 0.0593 -> 0.0599  accuracy: 97.87% -> 97.87%     
client [72] (testset)   loss: 0.0147 -> 0.0150  accuracy: 99.09% -> 99.09%     
client [7]  (testset)   loss: 0.0022 -> 0.0022  accuracy: 100.00% -> 100.00%   
client [71] (testset)   loss: 0.0113 -> 0.0107  accuracy: 99.30% -> 99.30%     
client [59] (testset)   loss: 0.0110 -> 0.0104  accuracy: 100.00% -> 100.00%   
client [86] (testset)   loss: 0.0059 -> 0.0054  accuracy: 99.73% -> 99.73%     
client [39] (testset)   loss: 0.0014 -> 0.0015  accuracy: 100.00% -> 100.00%   
---------------------------- TRAINING EPOCH: 300 ----------------------------  
client [99] (testset)   loss: 0.0821 -> 0.0778  accuracy: 95.24% -> 95.24%     
client [7]  (testset)   loss: 0.0018 -> 0.0018  accuracy: 100.00% -> 100.00%   
client [17] (testset)   loss: 0.0291 -> 0.0288  accuracy: 99.22% -> 99.22%     
client [64] (testset)   loss: 0.0229 -> 0.0233  accuracy: 99.44% -> 99.44%     
client [37] (testset)   loss: 0.2017 -> 0.2039  accuracy: 96.54% -> 96.54%     
client [29] (testset)   loss: 0.0428 -> 0.0432  accuracy: 98.89% -> 98.52%     
client [93] (testset)   loss: 0.0082 -> 0.0084  accuracy: 100.00% -> 100.00%   
client [73] (testset)   loss: 0.1180 -> 0.1261  accuracy: 91.18% -> 91.18%     
client [40] (testset)   loss: 0.0024 -> 0.0024  accuracy: 100.00% -> 100.00%   
client [76] (testset)   loss: 0.2176 -> 0.2241  accuracy: 96.10% -> 96.10%     
---------------------------- TRAINING EPOCH: 310 ----------------------------  
client [31] (testset)   loss: 0.1406 -> 0.1392  accuracy: 85.71% -> 85.71%     
client [89] (testset)   loss: 0.0090 -> 0.0088  accuracy: 100.00% -> 100.00%   
client [77] (testset)   loss: 0.0845 -> 0.0846  accuracy: 97.95% -> 97.95%     
client [90] (testset)   loss: 0.0724 -> 0.0731  accuracy: 98.18% -> 98.18%     
client [26] (testset)   loss: 0.2196 -> 0.2194  accuracy: 95.83% -> 95.83%     
client [50] (testset)   loss: 0.0526 -> 0.0529  accuracy: 98.97% -> 98.97%     
client [30] (testset)   loss: 0.2065 -> 0.2153  accuracy: 95.00% -> 95.00%     
client [70] (testset)   loss: 0.0594 -> 0.0608  accuracy: 98.53% -> 98.53%     
client [41] (testset)   loss: 0.0053 -> 0.0053  accuracy: 100.00% -> 100.00%   
client [99] (testset)   loss: 0.0821 -> 0.0802  accuracy: 95.24% -> 95.24%     
---------------------------- TRAINING EPOCH: 320 ----------------------------  
client [68] (testset)   loss: 0.0758 -> 0.0728  accuracy: 98.31% -> 98.31%     
client [70] (testset)   loss: 0.0603 -> 0.0596  accuracy: 98.53% -> 98.53%     
client [52] (testset)   loss: 0.0001 -> 0.0001  accuracy: 100.00% -> 100.00%   
client [1]  (testset)   loss: 0.0178 -> 0.0182  accuracy: 98.33% -> 98.33%     
client [2]  (testset)   loss: 0.0170 -> 0.0172  accuracy: 99.62% -> 99.62%     
client [67] (testset)   loss: 0.0000 -> 0.0000  accuracy: 100.00% -> 100.00%   
client [92] (testset)   loss: 0.0011 -> 0.0011  accuracy: 100.00% -> 100.00%   
client [35] (testset)   loss: 0.0552 -> 0.0593  accuracy: 99.02% -> 98.04%     
client [36] (testset)   loss: 0.0600 -> 0.0604  accuracy: 98.98% -> 98.98%     
client [64] (testset)   loss: 0.0228 -> 0.0232  accuracy: 99.44% -> 99.44%     
---------------------------- TRAINING EPOCH: 330 ----------------------------  
client [44] (testset)   loss: 0.0577 -> 0.0566  accuracy: 98.81% -> 98.81%     
client [6]  (testset)   loss: 0.0197 -> 0.0198  accuracy: 99.48% -> 99.48%     
client [12] (testset)   loss: 0.0087 -> 0.0079  accuracy: 99.50% -> 99.50%     
client [55] (testset)   loss: 0.0213 -> 0.0199  accuracy: 98.98% -> 99.23%     
client [29] (testset)   loss: 0.0418 -> 0.0432  accuracy: 98.52% -> 98.52%     
client [9]  (testset)   loss: 0.0472 -> 0.0484  accuracy: 98.86% -> 98.86%     
client [43] (testset)   loss: 0.1089 -> 0.1067  accuracy: 96.79% -> 96.79%     
client [77] (testset)   loss: 0.0846 -> 0.0847  accuracy: 97.95% -> 97.95%     
client [98] (testset)   loss: 0.0758 -> 0.0730  accuracy: 97.06% -> 97.06%     
client [78] (testset)   loss: 0.0086 -> 0.0090  accuracy: 99.36% -> 99.36%     
---------------------------- TRAINING EPOCH: 340 ----------------------------  
client [92] (testset)   loss: 0.0010 -> 0.0010  accuracy: 100.00% -> 100.00%   
client [80] (testset)   loss: 0.0000 -> 0.0000  accuracy: 100.00% -> 100.00%   
client [63] (testset)   loss: 0.0579 -> 0.0580  accuracy: 99.27% -> 99.27%     
client [76] (testset)   loss: 0.2325 -> 0.2392  accuracy: 96.10% -> 96.10%     
client [78] (testset)   loss: 0.0086 -> 0.0092  accuracy: 99.36% -> 99.36%     
client [25] (testset)   loss: 0.0020 -> 0.0020  accuracy: 100.00% -> 100.00%   
client [58] (testset)   loss: 0.0641 -> 0.0642  accuracy: 97.87% -> 97.87%     
client [13] (testset)   loss: 0.0315 -> 0.0303  accuracy: 100.00% -> 100.00%   
client [17] (testset)   loss: 0.0290 -> 0.0291  accuracy: 99.22% -> 99.22%     
client [38] (testset)   loss: 0.0256 -> 0.0262  accuracy: 98.25% -> 98.25%     
---------------------------- TRAINING EPOCH: 350 ----------------------------  
client [72] (testset)   loss: 0.0136 -> 0.0138  accuracy: 99.09% -> 99.09%     
client [82] (testset)   loss: 0.1948 -> 0.1970  accuracy: 97.18% -> 97.18%     
client [86] (testset)   loss: 0.0057 -> 0.0051  accuracy: 99.73% -> 99.73%     
client [51] (testset)   loss: 0.0029 -> 0.0029  accuracy: 100.00% -> 100.00%   
client [96] (testset)   loss: 0.0010 -> 0.0009  accuracy: 100.00% -> 100.00%   
client [42] (testset)   loss: 0.2590 -> 0.2617  accuracy: 97.81% -> 97.81%     
client [55] (testset)   loss: 0.0197 -> 0.0194  accuracy: 99.23% -> 99.23%     
client [13] (testset)   loss: 0.0255 -> 0.0233  accuracy: 100.00% -> 100.00%   
client [1]  (testset)   loss: 0.0177 -> 0.0177  accuracy: 98.33% -> 98.33%     
client [12] (testset)   loss: 0.0081 -> 0.0085  accuracy: 99.50% -> 99.50%     
---------------------------- TRAINING EPOCH: 360 ----------------------------  
client [68] (testset)   loss: 0.0765 -> 0.0775  accuracy: 98.31% -> 98.31%     
client [23] (testset)   loss: 0.0007 -> 0.0007  accuracy: 100.00% -> 100.00%   
client [46] (testset)   loss: 0.0451 -> 0.0469  accuracy: 99.10% -> 99.10%     
client [41] (testset)   loss: 0.0050 -> 0.0049  accuracy: 100.00% -> 100.00%   
client [25] (testset)   loss: 0.0022 -> 0.0021  accuracy: 100.00% -> 100.00%   
client [58] (testset)   loss: 0.0636 -> 0.0638  accuracy: 97.87% -> 97.87%     
client [14] (testset)   loss: 0.0238 -> 0.0281  accuracy: 99.31% -> 98.61%     
client [33] (testset)   loss: 0.0927 -> 0.0933  accuracy: 99.35% -> 99.35%     
client [85] (testset)   loss: 0.0788 -> 0.0757  accuracy: 98.96% -> 98.96%     
client [62] (testset)   loss: 0.0307 -> 0.0308  accuracy: 99.45% -> 99.45%     
---------------------------- TRAINING EPOCH: 370 ----------------------------  
client [98] (testset)   loss: 0.0735 -> 0.0731  accuracy: 97.06% -> 97.06%     
client [63] (testset)   loss: 0.0567 -> 0.0584  accuracy: 99.27% -> 99.27%     
client [70] (testset)   loss: 0.0569 -> 0.0590  accuracy: 98.53% -> 98.53%     
client [65] (testset)   loss: 0.0062 -> 0.0060  accuracy: 99.58% -> 99.58%     
client [14] (testset)   loss: 0.0275 -> 0.0291  accuracy: 99.31% -> 98.61%     
client [73] (testset)   loss: 0.1508 -> 0.1363  accuracy: 91.18% -> 91.18%     
client [34] (testset)   loss: 0.4946 -> 0.4974  accuracy: 88.89% -> 88.89%     
client [99] (testset)   loss: 0.0791 -> 0.0789  accuracy: 95.24% -> 95.24%     
client [69] (testset)   loss: 0.0102 -> 0.0103  accuracy: 99.64% -> 99.64%     
client [46] (testset)   loss: 0.0447 -> 0.0460  accuracy: 99.10% -> 99.10%     
---------------------------- TRAINING EPOCH: 380 ----------------------------  
client [99] (testset)   loss: 0.0663 -> 0.0688  accuracy: 95.24% -> 95.24%     
client [93] (testset)   loss: 0.0072 -> 0.0079  accuracy: 100.00% -> 100.00%   
client [11] (testset)   loss: 0.0005 -> 0.0005  accuracy: 100.00% -> 100.00%   
client [58] (testset)   loss: 0.0605 -> 0.0612  accuracy: 97.87% -> 97.87%     
client [81] (testset)   loss: 0.0177 -> 0.0182  accuracy: 99.38% -> 99.38%     
client [85] (testset)   loss: 0.0781 -> 0.0766  accuracy: 98.96% -> 98.96%     
client [89] (testset)   loss: 0.0082 -> 0.0091  accuracy: 100.00% -> 100.00%   
client [45] (testset)   loss: 0.0332 -> 0.0356  accuracy: 99.39% -> 99.39%     
client [8]  (testset)   loss: 0.0000 -> 0.0000  accuracy: 100.00% -> 100.00%   
client [68] (testset)   loss: 0.0751 -> 0.0720  accuracy: 98.31% -> 98.31%     
---------------------------- TRAINING EPOCH: 390 ----------------------------  
client [67] (testset)   loss: 0.0000 -> 0.0000  accuracy: 100.00% -> 100.00%   
client [72] (testset)   loss: 0.0148 -> 0.0145  accuracy: 99.09% -> 99.09%     
client [1]  (testset)   loss: 0.0186 -> 0.0185  accuracy: 98.33% -> 98.33%     
client [78] (testset)   loss: 0.0088 -> 0.0085  accuracy: 99.36% -> 99.36%     
client [83] (testset)   loss: 0.1721 -> 0.1714  accuracy: 97.15% -> 97.15%     
client [21] (testset)   loss: 0.0146 -> 0.0144  accuracy: 99.02% -> 99.02%     
client [56] (testset)   loss: 0.0636 -> 0.0635  accuracy: 98.92% -> 98.92%     
client [44] (testset)   loss: 0.0577 -> 0.0577  accuracy: 98.81% -> 98.81%     
client [92] (testset)   loss: 0.0009 -> 0.0009  accuracy: 100.00% -> 100.00%   
client [27] (testset)   loss: 0.0274 -> 0.0276  accuracy: 98.40% -> 98.40%     
---------------------------- TRAINING EPOCH: 400 ----------------------------  
client [10] (testset)   loss: 0.0007 -> 0.0006  accuracy: 100.00% -> 100.00%   
client [39] (testset)   loss: 0.0017 -> 0.0013  accuracy: 100.00% -> 100.00%   
client [65] (testset)   loss: 0.0057 -> 0.0055  accuracy: 99.58% -> 99.58%     
client [26] (testset)   loss: 0.2290 -> 0.2319  accuracy: 95.83% -> 95.83%     
client [19] (testset)   loss: 0.0197 -> 0.0161  accuracy: 98.15% -> 98.15%     
client [68] (testset)   loss: 0.0734 -> 0.0716  accuracy: 98.31% -> 98.31%     
client [41] (testset)   loss: 0.0044 -> 0.0044  accuracy: 100.00% -> 100.00%   
client [50] (testset)   loss: 0.0542 -> 0.0543  accuracy: 98.97% -> 98.97%     
client [75] (testset)   loss: 0.0181 -> 0.0212  accuracy: 99.07% -> 98.76%     
client [81] (testset)   loss: 0.0179 -> 0.0187  accuracy: 99.38% -> 99.38%     
FedFew's average time taken by each global epoch: 0 min 2.45 sec.              
FedFew's total running time: 0 h 16 m 26 s.                                    
==================== FedFew Experiment Results: ====================           
Display format: (before local fine-tuning) -> (after local fine-tuning)        
 So if finetune_epoch = 0, x.xx% -> 0.00% is normal.                           
 Centralized testing ONLY happens after model aggregation, so the stats between
'->' are the same.                                                             
{                                                                              
    "100": {                                                                   
        "all_clients": {                                                       
            "test": {                                                          
                "loss": "0.0406 -> 0.0000",                                    
                "accuracy": "98.96% -> 0.00%"                                  
            }                                                                  
        }                                                                      
    },                                                                         
    "200": {                                                                   
        "all_clients": {                                                       
            "test": {                                                          
                "loss": "0.0452 -> 0.0000",                                    
                "accuracy": "99.00% -> 0.00%"                                  
            }                                                                  
        }                                                                      
    },                                                                         
    "300": {                                                                   
        "all_clients": {                                                       
            "test": {                                                          
                "loss": "0.0476 -> 0.0000",                                    
                "accuracy": "99.00% -> 0.00%"                                  
            }                                                                  
        }                                                                      
    },                                                                         
    "400": {                                                                   
        "all_clients": {                                                       
            "test": {                                                          
                "loss": "0.0494 -> 0.0000",                                    
                "accuracy": "99.02% -> 0.00%"                                  
            }                                                                  
        }                                                                      
    }                                                                          
}                                                                              
==================== FedFew Max Accuracy ====================                  
all_clients:                                                                   
(test) before fine-tuning: 99.02% at epoch 400                                 
(test) after fine-tuning: 0.00% at epoch 100                                   
