==================== FedDpa ====================                               
Experiment Arguments:                                                          
{
    'method': 'feddpa',
    'dataset': {
        'name': 'medmnistC',
        'client_num': 100,
        'test_ratio': 0.25,
        'val_ratio': 0.0,
        'seed': 42,
        'split': 'sample',
        'IID_ratio': 0.0,
        'monitor_window_name_suffix': 'medmnistC-100clients-0%IID-Dir(0.1)-seed42',
        'alpha': 0.1,
        'min_samples_per_client': 10
    },
    'model': {
        'name': 'avgcnn',
        'use_torchvision_pretrained_weights': True,
        'external_model_weights_path': None
    },
    'optimizer': {
        'lr': 0.01,
        'dampening': 0,
        'weight_decay': 0,
        'momentum': 0.7,
        'nesterov': False,
        'name': 'sgd'
    },
    'mode': 'serial',
    'parallel': {
        'ray_cluster_addr': None,
        'num_cpus': None,
        'num_gpus': None,
        'num_workers': 2
    },
    'common': {
        'seed': 42,
        'join_ratio': 0.1,
        'global_epoch': 200,
        'local_epoch': 5,
        'batch_size': 32,
        'reset_optimizer_on_global_epoch': True,
        'straggler_ratio': 0,
        'straggler_min_local_epoch': 0,
        'buffers': 'global',
        'client_side_evaluation': True,
        'test': {
            'client': {
                'interval': 100,
                'finetune_epoch': 0,
                'train': False,
                'val': False,
                'test': True
            },
            'server': {
                'interval': -1,
                'train': False,
                'val': False,
                'test': True,
                'model_in_train_mode': False
            }
        },
        'verbose_gap': 10,
        'monitor': None,
        'use_cuda': True,
        'save_log': True,
        'save_model': False,
        'save_learning_curve_plot': True,
        'save_metrics': True,
        'delete_useless_run': True
    },
    'fedprox': {
        'mu': 0.01
    },
    'pfedsim': {
        'warmup_round': 0.5
    },
    'feddpa': {
        'fisher_threshold': 0.994
    }
}
---------------------------- TRAINING EPOCH: 10 ----------------------------   
client [77] (testset)   loss: 2.2466 -> 1.3564  accuracy: 0.00% -> 36.36%      
client [81] (testset)   loss: 2.3381 -> 0.5024  accuracy: 0.00% -> 80.58%      
client [21] (testset)   loss: 2.6125 -> 0.7522  accuracy: 0.00% -> 74.07%      
client [68] (testset)   loss: 2.0657 -> 1.0831  accuracy: 0.00% -> 59.72%      
client [93] (testset)   loss: 2.2734 -> 0.2533  accuracy: 0.00% -> 93.33%      
client [31] (testset)   loss: 2.4570 -> 0.6821  accuracy: 0.00% -> 85.14%      
client [20] (testset)   loss: 2.3097 -> 1.5768  accuracy: 0.00% -> 37.50%      
client [59] (testset)   loss: 2.2629 -> 1.2765  accuracy: 11.67% -> 33.33%     
client [48] (testset)   loss: 1.4982 -> 0.6443  accuracy: 83.15% -> 83.15%     
client [34] (testset)   loss: 1.7376 -> 0.6039  accuracy: 82.14% -> 82.14%     
---------------------------- TRAINING EPOCH: 20 ----------------------------   
client [69] (testset)   loss: 2.1303 -> 0.8766  accuracy: 71.15% -> 71.15%     
client [99] (testset)   loss: 1.7671 -> 1.8021  accuracy: 71.43% -> 14.29%     
client [67] (testset)   loss: 1.4948 -> 0.6653  accuracy: 85.71% -> 85.71%     
client [0]  (testset)   loss: 1.8989 -> 1.2632  accuracy: 45.12% -> 34.15%     
client [76] (testset)   loss: 1.7332 -> 2.7861  accuracy: 50.00% -> 50.00%     
client [41] (testset)   loss: 1.9772 -> 1.1882  accuracy: 65.43% -> 65.43%     
client [62] (testset)   loss: 2.9841 -> 0.3684  accuracy: 0.00% -> 95.45%      
client [2]  (testset)   loss: 2.2647 -> 1.1213  accuracy: 0.45% -> 47.27%      
client [14] (testset)   loss: 1.3202 -> 0.8420  accuracy: 85.00% -> 85.00%     
client [46] (testset)   loss: 1.6095 -> 0.9678  accuracy: 64.47% -> 64.47%     
---------------------------- TRAINING EPOCH: 30 ----------------------------   
client [24] (testset)   loss: 0.8303 -> 0.3046  accuracy: 93.75% -> 93.75%     
client [68] (testset)   loss: 1.8328 -> 1.0964  accuracy: 59.72% -> 59.72%     
client [57] (testset)   loss: 2.3154 -> 1.7529  accuracy: 0.00% -> 40.91%      
client [17] (testset)   loss: 1.6738 -> 0.8850  accuracy: 69.92% -> 69.92%     
client [54] (testset)   loss: 2.4831 -> 2.5347  accuracy: 25.00% -> 25.00%     
client [23] (testset)   loss: 2.6247 -> 1.7939  accuracy: 0.00% -> 39.13%      
client [35] (testset)   loss: 1.4240 -> 0.5960  accuracy: 85.00% -> 85.00%     
client [59] (testset)   loss: 1.9350 -> 1.1460  accuracy: 50.83% -> 50.83%     
client [31] (testset)   loss: 2.0349 -> 0.6218  accuracy: 1.35% -> 85.14%      
client [9]  (testset)   loss: 2.0907 -> 1.4015  accuracy: 28.72% -> 28.72%     
---------------------------- TRAINING EPOCH: 40 ----------------------------   
client [64] (testset)   loss: 1.8594 -> 1.2210  accuracy: 50.00% -> 50.00%     
client [33] (testset)   loss: 1.8436 -> 0.8739  accuracy: 12.99% -> 75.32%     
client [16] (testset)   loss: 1.6006 -> 0.6453  accuracy: 78.95% -> 78.95%     
client [44] (testset)   loss: 2.4783 -> 0.8782  accuracy: 0.00% -> 63.10%      
client [8]  (testset)   loss: 1.9991 -> 1.1776  accuracy: 54.17% -> 54.17%     
client [31] (testset)   loss: 1.3853 -> 0.6062  accuracy: 85.14% -> 85.14%     
client [47] (testset)   loss: 2.6828 -> 0.5914  accuracy: 3.33% -> 87.78%      
client [36] (testset)   loss: 2.3504 -> 1.7260  accuracy: 28.89% -> 28.89%     
client [20] (testset)   loss: 1.9346 -> 1.1470  accuracy: 37.50% -> 37.50%     
client [56] (testset)   loss: 1.8854 -> 0.7278  accuracy: 10.74% -> 79.34%     
---------------------------- TRAINING EPOCH: 50 ----------------------------   
client [4]  (testset)   loss: 2.5382 -> 2.5415  accuracy: 25.00% -> 25.00%     
client [60] (testset)   loss: 1.8228 -> 0.4123  accuracy: 91.82% -> 91.82%     
client [28] (testset)   loss: 1.8551 -> 1.0904  accuracy: 61.54% -> 61.54%     
client [25] (testset)   loss: 1.3093 -> 0.3397  accuracy: 90.48% -> 90.48%     
client [58] (testset)   loss: 1.1077 -> 0.5111  accuracy: 86.70% -> 86.70%     
client [44] (testset)   loss: 1.9922 -> 0.8685  accuracy: 32.14% -> 63.10%     
client [39] (testset)   loss: 1.8660 -> 1.0125  accuracy: 78.57% -> 78.57%     
client [29] (testset)   loss: 1.3000 -> 0.7751  accuracy: 81.48% -> 81.48%     
client [3]  (testset)   loss: 1.5354 -> 1.8683  accuracy: 47.06% -> 47.06%     
client [84] (testset)   loss: 2.4091 -> 1.6257  accuracy: 0.00% -> 21.84%      
---------------------------- TRAINING EPOCH: 60 ----------------------------   
client [21] (testset)   loss: 1.9680 -> 0.8716  accuracy: 0.00% -> 74.07%      
client [84] (testset)   loss: 2.3262 -> 1.6853  accuracy: 10.34% -> 21.84%     
client [10] (testset)   loss: 1.8543 -> 1.7486  accuracy: 46.88% -> 18.75%     
client [36] (testset)   loss: 2.6184 -> 1.7216  accuracy: 0.00% -> 28.89%      
client [65] (testset)   loss: 1.6373 -> 1.1672  accuracy: 11.11% -> 62.22%     
client [81] (testset)   loss: 1.4234 -> 0.5383  accuracy: 80.58% -> 80.58%     
client [79] (testset)   loss: 1.7568 -> 0.8494  accuracy: 64.00% -> 36.00%     
client [42] (testset)   loss: 0.5291 -> 0.0683  accuracy: 100.00% -> 100.00%   
client [11] (testset)   loss: 2.2378 -> 0.4586  accuracy: 0.00% -> 85.71%      
client [96] (testset)   loss: 1.7961 -> 1.2402  accuracy: 66.67% -> 66.67%     
---------------------------- TRAINING EPOCH: 70 ----------------------------   
client [8]  (testset)   loss: 2.0631 -> 1.1156  accuracy: 54.17% -> 41.67%     
client [53] (testset)   loss: 1.4884 -> 0.7683  accuracy: 78.85% -> 78.85%     
client [52] (testset)   loss: 1.5292 -> 0.9658  accuracy: 65.62% -> 65.62%     
client [42] (testset)   loss: 0.5421 -> 0.0649  accuracy: 100.00% -> 100.00%   
client [69] (testset)   loss: 1.7708 -> 0.8546  accuracy: 71.15% -> 71.15%     
client [59] (testset)   loss: 1.6060 -> 1.1244  accuracy: 50.83% -> 50.83%     
client [7]  (testset)   loss: 1.4353 -> 0.1770  accuracy: 97.73% -> 97.73%     
client [26] (testset)   loss: 1.7084 -> 1.0515  accuracy: 30.77% -> 57.69%     
client [49] (testset)   loss: 1.0321 -> 0.8962  accuracy: 75.00% -> 75.00%     
client [98] (testset)   loss: 2.0332 -> 0.0877  accuracy: 0.00% -> 100.00%     
---------------------------- TRAINING EPOCH: 80 ----------------------------   
client [98] (testset)   loss: 1.0998 -> 0.2179  accuracy: 100.00% -> 100.00%   
client [47] (testset)   loss: 1.6294 -> 0.5924  accuracy: 87.78% -> 87.78%     
client [21] (testset)   loss: 1.7907 -> 0.7277  accuracy: 74.07% -> 74.07%     
client [77] (testset)   loss: 2.0197 -> 1.2903  accuracy: 36.36% -> 36.36%     
client [95] (testset)   loss: 1.8203 -> 1.3801  accuracy: 46.43% -> 46.43%     
client [91] (testset)   loss: 2.4720 -> 3.2198  accuracy: 16.67% -> 16.67%     
client [14] (testset)   loss: 1.9032 -> 0.8391  accuracy: 0.00% -> 85.00%      
client [99] (testset)   loss: 2.0554 -> 1.3883  accuracy: 71.43% -> 71.43%     
client [20] (testset)   loss: 1.8799 -> 1.2337  accuracy: 37.50% -> 37.50%     
client [39] (testset)   loss: 1.4155 -> 0.9025  accuracy: 78.57% -> 78.57%     
---------------------------- TRAINING EPOCH: 90 ----------------------------   
client [52] (testset)   loss: 1.7030 -> 0.9277  accuracy: 28.12% -> 65.62%     
client [62] (testset)   loss: 1.4325 -> 0.3619  accuracy: 95.45% -> 95.45%     
client [71] (testset)   loss: 1.4198 -> 0.8803  accuracy: 71.97% -> 71.97%     
client [97] (testset)   loss: 1.9442 -> 1.3119  accuracy: 42.02% -> 42.02%     
client [30] (testset)   loss: 2.2523 -> 1.3542  accuracy: 13.33% -> 38.89%     
client [88] (testset)   loss: 1.2745 -> 0.4882  accuracy: 87.41% -> 87.41%     
client [60] (testset)   loss: 0.5038 -> 0.3998  accuracy: 91.82% -> 91.82%     
client [82] (testset)   loss: 1.0792 -> 0.9032  accuracy: 69.05% -> 69.05%     
client [91] (testset)   loss: 2.4613 -> 2.7614  accuracy: 0.00% -> 16.67%      
client [57] (testset)   loss: 2.0748 -> 1.3968  accuracy: 40.91% -> 27.27%     
---------------------------- TRAINING EPOCH: 100 ----------------------------  
client [31] (testset)   loss: 0.9860 -> 0.6038  accuracy: 85.14% -> 85.14%     
client [15] (testset)   loss: 1.7092 -> 1.0315  accuracy: 49.32% -> 49.32%     
client [71] (testset)   loss: 1.4246 -> 0.8420  accuracy: 71.97% -> 71.97%     
client [97] (testset)   loss: 1.8380 -> 1.2498  accuracy: 42.02% -> 42.02%     
client [53] (testset)   loss: 1.1448 -> 0.8035  accuracy: 78.85% -> 78.85%     
client [77] (testset)   loss: 2.3451 -> 1.5065  accuracy: 36.36% -> 36.36%     
client [76] (testset)   loss: 2.4597 -> 2.1708  accuracy: 0.00% -> 50.00%      
client [79] (testset)   loss: 2.0066 -> 0.7172  accuracy: 0.00% -> 64.00%      
client [28] (testset)   loss: 2.0795 -> 1.1643  accuracy: 0.00% -> 61.54%      
client [99] (testset)   loss: 1.7881 -> 1.4829  accuracy: 71.43% -> 71.43%     
---------------------------- TRAINING EPOCH: 110 ----------------------------  
client [97] (testset)   loss: 1.5449 -> 1.2886  accuracy: 42.02% -> 40.34%     
client [86] (testset)   loss: 2.0195 -> 1.4482  accuracy: 31.48% -> 31.48%     
client [34] (testset)   loss: 2.5475 -> 0.6192  accuracy: 0.00% -> 82.14%      
client [73] (testset)   loss: 1.2967 -> 0.7370  accuracy: 76.92% -> 76.92%     
client [5]  (testset)   loss: 0.9265 -> 0.4986  accuracy: 90.00% -> 90.00%     
client [96] (testset)   loss: 2.5479 -> 1.4563  accuracy: 0.00% -> 66.67%      
client [22] (testset)   loss: 1.4165 -> 0.9796  accuracy: 42.37% -> 52.54%     
client [60] (testset)   loss: 1.2171 -> 0.4295  accuracy: 91.82% -> 91.82%     
client [66] (testset)   loss: 1.0037 -> 0.2165  accuracy: 97.75% -> 97.75%     
client [83] (testset)   loss: 1.1332 -> 0.4989  accuracy: 87.91% -> 87.91%     
---------------------------- TRAINING EPOCH: 120 ----------------------------  
client [76] (testset)   loss: 1.9437 -> 2.6966  accuracy: 50.00% -> 50.00%     
client [65] (testset)   loss: 1.4660 -> 1.1851  accuracy: 62.22% -> 62.22%     
client [95] (testset)   loss: 2.0928 -> 1.4293  accuracy: 10.71% -> 46.43%     
client [17] (testset)   loss: 1.2922 -> 0.9255  accuracy: 69.92% -> 69.92%     
client [8]  (testset)   loss: 2.2744 -> 1.1362  accuracy: 0.00% -> 41.67%      
client [35] (testset)   loss: 0.8940 -> 0.5051  accuracy: 85.00% -> 85.00%     
client [98] (testset)   loss: 1.5655 -> 0.1258  accuracy: 100.00% -> 100.00%   
client [53] (testset)   loss: 1.1957 -> 0.7866  accuracy: 78.85% -> 78.85%     
client [43] (testset)   loss: 2.1207 -> 0.6743  accuracy: 5.56% -> 83.33%      
client [64] (testset)   loss: 1.5869 -> 1.4389  accuracy: 50.00% -> 0.00%      
---------------------------- TRAINING EPOCH: 130 ----------------------------  
client [21] (testset)   loss: 1.4925 -> 0.7230  accuracy: 74.07% -> 74.07%     
client [88] (testset)   loss: 0.5711 -> 0.4629  accuracy: 87.41% -> 87.41%     
client [38] (testset)   loss: 1.4085 -> 0.8318  accuracy: 76.00% -> 76.00%     
client [3]  (testset)   loss: 2.2253 -> 1.8294  accuracy: 17.65% -> 47.06%     
client [5]  (testset)   loss: 0.7943 -> 0.5326  accuracy: 90.00% -> 90.00%     
client [41] (testset)   loss: 1.4567 -> 1.1697  accuracy: 65.43% -> 65.43%     
client [7]  (testset)   loss: 1.2783 -> 0.1391  accuracy: 97.73% -> 97.73%     
client [37] (testset)   loss: 1.5136 -> 1.0982  accuracy: 55.00% -> 55.00%     
client [45] (testset)   loss: 2.0385 -> 1.7664  accuracy: 36.36% -> 27.27%     
client [47] (testset)   loss: 1.6706 -> 0.6130  accuracy: 87.78% -> 87.78%     
---------------------------- TRAINING EPOCH: 140 ----------------------------  
client [16] (testset)   loss: 1.6231 -> 0.7911  accuracy: 18.42% -> 78.95%     
client [11] (testset)   loss: 0.9294 -> 0.4854  accuracy: 85.71% -> 85.71%     
client [37] (testset)   loss: 2.1721 -> 1.0194  accuracy: 0.00% -> 55.00%      
client [41] (testset)   loss: 1.5800 -> 1.1470  accuracy: 65.43% -> 65.43%     
client [95] (testset)   loss: 1.9610 -> 1.4982  accuracy: 32.14% -> 46.43%     
client [53] (testset)   loss: 1.0134 -> 0.8152  accuracy: 78.85% -> 78.85%     
client [22] (testset)   loss: 1.8849 -> 0.9930  accuracy: 52.54% -> 52.54%     
client [25] (testset)   loss: 0.8033 -> 0.3379  accuracy: 90.48% -> 90.48%     
client [69] (testset)   loss: 1.8409 -> 0.8355  accuracy: 13.46% -> 71.15%     
client [46] (testset)   loss: 1.4962 -> 0.9704  accuracy: 64.47% -> 64.47%     
---------------------------- TRAINING EPOCH: 150 ----------------------------  
client [47] (testset)   loss: 0.8187 -> 0.5985  accuracy: 87.78% -> 87.78%     
client [69] (testset)   loss: 1.1545 -> 0.9141  accuracy: 71.15% -> 71.15%     
client [82] (testset)   loss: 1.1877 -> 0.8744  accuracy: 69.05% -> 69.05%     
client [45] (testset)   loss: 2.1765 -> 1.8383  accuracy: 0.00% -> 27.27%      
client [7]  (testset)   loss: 0.8467 -> 0.1254  accuracy: 97.73% -> 97.73%     
client [50] (testset)   loss: 1.7929 -> 1.1534  accuracy: 11.11% -> 55.56%     
client [35] (testset)   loss: 1.0739 -> 0.5036  accuracy: 85.00% -> 85.00%     
client [24] (testset)   loss: 2.1034 -> 0.3019  accuracy: 0.00% -> 93.75%      
client [15] (testset)   loss: 1.3264 -> 0.9874  accuracy: 39.73% -> 49.32%     
client [58] (testset)   loss: 1.4895 -> 0.4952  accuracy: 8.87% -> 86.70%      
---------------------------- TRAINING EPOCH: 160 ----------------------------  
client [48] (testset)   loss: 1.4891 -> 0.6413  accuracy: 83.15% -> 83.15%     
client [76] (testset)   loss: 2.1012 -> 2.9704  accuracy: 50.00% -> 50.00%     
client [67] (testset)   loss: 2.6107 -> 0.6983  accuracy: 7.14% -> 85.71%      
client [37] (testset)   loss: 1.9503 -> 1.0797  accuracy: 55.00% -> 55.00%     
client [58] (testset)   loss: 1.0716 -> 0.4912  accuracy: 86.70% -> 86.70%     
client [64] (testset)   loss: 1.6987 -> 1.3354  accuracy: 50.00% -> 0.00%      
client [77] (testset)   loss: 2.1854 -> 1.4269  accuracy: 0.00% -> 36.36%      
client [55] (testset)   loss: 1.7031 -> 0.8025  accuracy: 83.78% -> 83.78%     
client [12] (testset)   loss: 1.7157 -> 1.2639  accuracy: 61.11% -> 61.11%     
client [89] (testset)   loss: 1.6520 -> 1.2300  accuracy: 40.00% -> 40.00%     
---------------------------- TRAINING EPOCH: 170 ----------------------------  
client [84] (testset)   loss: 1.7068 -> 1.6031  accuracy: 40.23% -> 40.23%     
client [51] (testset)   loss: 1.2972 -> 0.7981  accuracy: 80.00% -> 80.00%     
client [8]  (testset)   loss: 2.0584 -> 1.0335  accuracy: 0.00% -> 54.17%      
client [18] (testset)   loss: 2.8177 -> 0.1820  accuracy: 0.00% -> 97.37%      
client [94] (testset)   loss: 1.1308 -> 2.0159  accuracy: 83.33% -> 83.33%     
client [81] (testset)   loss: 0.5251 -> 0.5313  accuracy: 80.58% -> 80.58%     
client [3]  (testset)   loss: 2.0844 -> 1.9212  accuracy: 17.65% -> 17.65%     
client [11] (testset)   loss: 0.6497 -> 0.5447  accuracy: 85.71% -> 85.71%     
client [95] (testset)   loss: 2.2502 -> 1.3718  accuracy: 10.71% -> 46.43%     
client [67] (testset)   loss: 1.0236 -> 0.5954  accuracy: 85.71% -> 85.71%     
---------------------------- TRAINING EPOCH: 180 ----------------------------  
client [21] (testset)   loss: 1.3981 -> 0.7477  accuracy: 74.07% -> 74.07%     
client [79] (testset)   loss: 1.0774 -> 0.7211  accuracy: 36.00% -> 64.00%     
client [58] (testset)   loss: 0.7376 -> 0.4963  accuracy: 86.70% -> 86.70%     
client [88] (testset)   loss: 0.6090 -> 0.5207  accuracy: 87.41% -> 87.41%     
client [46] (testset)   loss: 1.7843 -> 0.9637  accuracy: 64.47% -> 64.47%     
client [11] (testset)   loss: 1.6564 -> 0.4614  accuracy: 85.71% -> 85.71%     
client [55] (testset)   loss: 1.6934 -> 0.8519  accuracy: 83.78% -> 83.78%     
client [13] (testset)   loss: 1.9394 -> 1.6456  accuracy: 46.03% -> 46.03%     
client [31] (testset)   loss: 1.3104 -> 0.6119  accuracy: 85.14% -> 85.14%     
client [75] (testset)   loss: 1.3475 -> 0.5708  accuracy: 100.00% -> 100.00%   
---------------------------- TRAINING EPOCH: 190 ----------------------------  
client [19] (testset)   loss: 0.8221 -> 0.5482  accuracy: 80.00% -> 80.00%     
client [7]  (testset)   loss: 0.8900 -> 0.1216  accuracy: 97.73% -> 97.73%     
client [57] (testset)   loss: 1.6210 -> 1.3150  accuracy: 40.91% -> 40.91%     
client [13] (testset)   loss: 2.1059 -> 1.5607  accuracy: 4.76% -> 46.03%      
client [43] (testset)   loss: 1.9627 -> 0.6652  accuracy: 5.56% -> 83.33%      
client [91] (testset)   loss: 2.5743 -> 2.0352  accuracy: 16.67% -> 16.67%     
client [10] (testset)   loss: 1.8229 -> 1.4982  accuracy: 46.88% -> 46.88%     
client [64] (testset)   loss: 1.8454 -> 1.4194  accuracy: 0.00% -> 0.00%       
client [82] (testset)   loss: 0.9951 -> 0.8843  accuracy: 69.05% -> 69.05%     
client [22] (testset)   loss: 1.7730 -> 0.9964  accuracy: 1.69% -> 42.37%      
---------------------------- TRAINING EPOCH: 200 ----------------------------  
client [20] (testset)   loss: 2.1369 -> 1.3276  accuracy: 37.50% -> 37.50%     
client [23] (testset)   loss: 2.1597 -> 1.7572  accuracy: 8.70% -> 39.13%      
client [88] (testset)   loss: 2.6918 -> 0.4642  accuracy: 10.49% -> 87.41%     
client [98] (testset)   loss: 0.7019 -> 0.3102  accuracy: 100.00% -> 100.00%   
client [79] (testset)   loss: 1.3779 -> 0.7421  accuracy: 36.00% -> 64.00%     
client [21] (testset)   loss: 1.6061 -> 0.8529  accuracy: 22.22% -> 74.07%     
client [92] (testset)   loss: 2.0679 -> 1.2465  accuracy: 12.24% -> 55.10%     
client [56] (testset)   loss: 1.1195 -> 0.7165  accuracy: 79.34% -> 79.34%     
client [5]  (testset)   loss: 0.5760 -> 0.5340  accuracy: 90.00% -> 90.00%     
client [52] (testset)   loss: 1.4260 -> 1.0032  accuracy: 65.62% -> 65.62%     
FedDpa's average time taken by each global epoch: 0 min 1.07 sec.              
FedDpa's total running time: 0 h 3 m 37 s.                                     
==================== FedDpa Experiment Results: ====================           
Display format: (before local fine-tuning) -> (after local fine-tuning)        
 So if finetune_epoch = 0, x.xx% -> 0.00% is normal.                           
 Centralized testing ONLY happens after model aggregation, so the stats between
'->' are the same.                                                             
{                                                                              
    "100": {                                                                   
        "all_clients": {                                                       
            "test": {                                                          
                "loss": "1.3964 -> 0.0000",                                    
                "accuracy": "54.98% -> 0.00%"                                  
            }                                                                  
        }                                                                      
    },                                                                         
    "200": {                                                                   
        "all_clients": {                                                       
            "test": {                                                          
                "loss": "1.4921 -> 0.0000",                                    
                "accuracy": "55.88% -> 0.00%"                                  
            }                                                                  
        }                                                                      
    }                                                                          
}                                                                              
==================== FedDpa Max Accuracy ====================                  
all_clients:                                                                   
(test) before fine-tuning: 55.88% at epoch 200                                 
(test) after fine-tuning: 0.00% at epoch 100                                   
