==================== FedFew ====================                               
Experiment Arguments:                                                          
{
    'method': 'fedfew',
    'dataset': {
        'name': 'medmnistA',
        'client_num': 100,
        'test_ratio': 0.25,
        'val_ratio': 0.0,
        'seed': 42,
        'split': 'sample',
        'IID_ratio': 0.0,
        'monitor_window_name_suffix': 'medmnistA-100clients-0%IID-Dir(0.1)-seed42',
        'alpha': 0.1,
        'min_samples_per_client': 10
    },
    'model': {
        'name': 'avgcnn',
        'use_torchvision_pretrained_weights': True,
        'external_model_weights_path': None
    },
    'optimizer': {
        'lr': 0.01,
        'dampening': 0,
        'weight_decay': 0,
        'momentum': 0.7,
        'nesterov': False,
        'name': 'sgd'
    },
    'mode': 'serial',
    'parallel': {
        'ray_cluster_addr': None,
        'num_cpus': None,
        'num_gpus': None,
        'num_workers': 2
    },
    'common': {
        'seed': 42,
        'join_ratio': 0.1,
        'global_epoch': 200,
        'local_epoch': 5,
        'batch_size': 32,
        'reset_optimizer_on_global_epoch': True,
        'straggler_ratio': 0,
        'straggler_min_local_epoch': 0,
        'buffers': 'global',
        'client_side_evaluation': True,
        'test': {
            'client': {
                'interval': 100,
                'finetune_epoch': 0,
                'train': False,
                'val': False,
                'test': True
            },
            'server': {
                'interval': -1,
                'train': False,
                'val': False,
                'test': True,
                'model_in_train_mode': False
            }
        },
        'verbose_gap': 10,
        'monitor': None,
        'use_cuda': True,
        'save_log': True,
        'save_model': False,
        'save_learning_curve_plot': True,
        'save_metrics': True,
        'delete_useless_run': True
    },
    'fedprox': {
        'mu': 0.01
    },
    'pfedsim': {
        'warmup_round': 0.5
    },
    'fedfew': {
        'ig_ratio': 0.998,
        'alpha': 0.5,
        'norm': 'global',
        'EMA': False,
        'track': False,
        'type': 'Main'
    }
}
---------------------------- TRAINING EPOCH: 10 ----------------------------   
client [77] (testset)   loss: 1.2209 -> 0.9757  accuracy: 58.33% -> 58.33%     
client [81] (testset)   loss: 0.9390 -> 0.8105  accuracy: 43.60% -> 54.74%     
client [21] (testset)   loss: 2.9936 -> 0.9010  accuracy: 1.59% -> 53.44%      
client [68] (testset)   loss: 0.4532 -> 0.0173  accuracy: 100.00% -> 100.00%   
client [93] (testset)   loss: 0.9334 -> 0.6216  accuracy: 88.89% -> 88.89%     
client [31] (testset)   loss: 2.3929 -> 1.4273  accuracy: 0.00% -> 55.00%      
client [20] (testset)   loss: 0.6358 -> 0.5916  accuracy: 88.08% -> 88.08%     
client [59] (testset)   loss: 2.2540 -> 0.9545  accuracy: 0.00% -> 52.00%      
client [48] (testset)   loss: 0.8741 -> 0.7311  accuracy: 74.14% -> 74.14%     
client [34] (testset)   loss: 1.5005 -> 1.4092  accuracy: 37.04% -> 28.40%     
---------------------------- TRAINING EPOCH: 20 ----------------------------   
client [69] (testset)   loss: 1.2827 -> 1.1695  accuracy: 63.83% -> 63.83%     
client [99] (testset)   loss: 1.2611 -> 1.1728  accuracy: 63.53% -> 63.53%     
client [67] (testset)   loss: 1.2157 -> 1.1269  accuracy: 55.29% -> 55.29%     
client [0]  (testset)   loss: 0.9547 -> 0.9026  accuracy: 60.35% -> 60.35%     
client [76] (testset)   loss: 1.3040 -> 1.2710  accuracy: 52.13% -> 52.13%     
client [41] (testset)   loss: 1.0205 -> 0.8263  accuracy: 36.62% -> 59.15%     
client [62] (testset)   loss: 2.2467 -> 0.9386  accuracy: 0.00% -> 65.00%      
client [2]  (testset)   loss: 2.6049 -> 1.6414  accuracy: 21.43% -> 37.14%     
client [14] (testset)   loss: 0.2311 -> 0.1685  accuracy: 97.22% -> 97.22%     
client [46] (testset)   loss: 0.8870 -> 0.8309  accuracy: 59.30% -> 59.30%     
---------------------------- TRAINING EPOCH: 30 ----------------------------   
client [24] (testset)   loss: 0.2100 -> 0.1651  accuracy: 96.84% -> 96.84%     
client [68] (testset)   loss: 0.0145 -> 0.0220  accuracy: 100.00% -> 100.00%   
client [57] (testset)   loss: 0.8814 -> 0.6277  accuracy: 19.53% -> 79.69%     
client [17] (testset)   loss: 1.4819 -> 1.4846  accuracy: 38.46% -> 21.54%     
client [54] (testset)   loss: 0.6901 -> 0.6625  accuracy: 80.00% -> 80.00%     
client [23] (testset)   loss: 2.4710 -> 0.9276  accuracy: 36.67% -> 56.67%     
client [35] (testset)   loss: 1.1856 -> 1.2049  accuracy: 46.30% -> 32.87%     
client [59] (testset)   loss: 1.0775 -> 0.9563  accuracy: 52.00% -> 52.00%     
client [31] (testset)   loss: 1.4925 -> 1.3779  accuracy: 55.00% -> 55.00%     
client [9]  (testset)   loss: 0.6538 -> 0.6569  accuracy: 83.44% -> 83.44%     
---------------------------- TRAINING EPOCH: 40 ----------------------------   
client [64] (testset)   loss: 0.7694 -> 0.7838  accuracy: 66.67% -> 66.67%     
client [33] (testset)   loss: 0.8207 -> 0.7000  accuracy: 75.00% -> 75.00%     
client [16] (testset)   loss: 0.3193 -> 0.2992  accuracy: 92.63% -> 92.63%     
client [44] (testset)   loss: 1.4297 -> 1.6192  accuracy: 61.54% -> 0.00%      
client [8]  (testset)   loss: 1.7527 -> 1.7651  accuracy: 40.91% -> 40.91%     
client [31] (testset)   loss: 1.3394 -> 1.3639  accuracy: 55.00% -> 55.00%     
client [47] (testset)   loss: 1.0012 -> 1.0037  accuracy: 48.19% -> 48.19%     
client [36] (testset)   loss: 1.6618 -> 1.4180  accuracy: 30.00% -> 37.50%     
client [20] (testset)   loss: 0.5909 -> 0.5901  accuracy: 88.08% -> 88.08%     
client [56] (testset)   loss: 1.5558 -> 1.6091  accuracy: 44.26% -> 16.39%     
---------------------------- TRAINING EPOCH: 50 ----------------------------   
client [4]  (testset)   loss: 0.8632 -> 0.8811  accuracy: 76.74% -> 76.74%     
client [60] (testset)   loss: 0.2087 -> 0.1808  accuracy: 96.62% -> 96.62%     
client [28] (testset)   loss: 0.9829 -> 1.0635  accuracy: 73.37% -> 73.37%     
client [25] (testset)   loss: 0.8074 -> 0.7994  accuracy: 73.02% -> 73.02%     
client [58] (testset)   loss: 0.2516 -> 0.2308  accuracy: 94.34% -> 94.34%     
client [44] (testset)   loss: 1.4853 -> 1.6897  accuracy: 61.54% -> 61.54%     
client [39] (testset)   loss: 1.5767 -> 1.5892  accuracy: 43.40% -> 43.40%     
client [29] (testset)   loss: 0.9453 -> 0.9110  accuracy: 73.87% -> 73.87%     
client [3]  (testset)   loss: 0.9468 -> 0.8640  accuracy: 63.64% -> 63.64%     
client [84] (testset)   loss: 0.8229 -> 0.8049  accuracy: 40.51% -> 56.96%     
---------------------------- TRAINING EPOCH: 60 ----------------------------   
client [21] (testset)   loss: 0.8904 -> 0.8791  accuracy: 42.06% -> 53.44%     
client [84] (testset)   loss: 0.8054 -> 0.8098  accuracy: 56.96% -> 56.96%     
client [10] (testset)   loss: 0.9461 -> 0.9351  accuracy: 53.62% -> 53.62%     
client [36] (testset)   loss: 1.4007 -> 1.4091  accuracy: 37.50% -> 30.00%     
client [65] (testset)   loss: 0.5763 -> 0.5675  accuracy: 83.56% -> 83.56%     
client [81] (testset)   loss: 0.7878 -> 0.7925  accuracy: 54.74% -> 54.74%     
client [79] (testset)   loss: 1.0520 -> 1.0255  accuracy: 77.78% -> 77.78%     
client [42] (testset)   loss: 1.1364 -> 1.1422  accuracy: 58.33% -> 58.33%     
client [11] (testset)   loss: 1.2029 -> 1.1996  accuracy: 50.88% -> 50.88%     
client [96] (testset)   loss: 1.2077 -> 1.2704  accuracy: 55.39% -> 55.39%     
---------------------------- TRAINING EPOCH: 70 ----------------------------   
client [8]  (testset)   loss: 1.7521 -> 1.7013  accuracy: 40.91% -> 40.91%     
client [53] (testset)   loss: 0.2355 -> 0.2811  accuracy: 94.85% -> 94.85%     
client [52] (testset)   loss: 0.8594 -> 0.8670  accuracy: 75.22% -> 75.22%     
client [42] (testset)   loss: 1.1057 -> 1.1190  accuracy: 58.33% -> 58.33%     
client [69] (testset)   loss: 1.0877 -> 1.0742  accuracy: 63.83% -> 63.83%     
client [59] (testset)   loss: 0.9995 -> 0.9212  accuracy: 52.00% -> 52.00%     
client [7]  (testset)   loss: 0.4750 -> 0.5059  accuracy: 88.85% -> 88.85%     
client [26] (testset)   loss: 1.2841 -> 1.2545  accuracy: 50.53% -> 50.53%     
client [49] (testset)   loss: 0.7521 -> 0.7331  accuracy: 79.77% -> 79.77%     
client [98] (testset)   loss: 0.9453 -> 0.9809  accuracy: 74.68% -> 74.68%     
---------------------------- TRAINING EPOCH: 80 ----------------------------   
client [98] (testset)   loss: 0.9519 -> 0.9621  accuracy: 74.68% -> 74.68%     
client [47] (testset)   loss: 0.9993 -> 0.9980  accuracy: 48.19% -> 48.19%     
client [21] (testset)   loss: 0.8876 -> 0.8777  accuracy: 42.06% -> 53.44%     
client [77] (testset)   loss: 1.0616 -> 1.2012  accuracy: 58.33% -> 58.33%     
client [95] (testset)   loss: 0.3129 -> 0.2805  accuracy: 94.83% -> 94.83%     
client [91] (testset)   loss: 0.5852 -> 0.7596  accuracy: 88.24% -> 88.24%     
client [14] (testset)   loss: 0.1701 -> 0.1670  accuracy: 97.22% -> 97.22%     
client [99] (testset)   loss: 1.1816 -> 1.1698  accuracy: 63.53% -> 63.53%     
client [20] (testset)   loss: 0.5968 -> 0.5958  accuracy: 88.08% -> 88.08%     
client [39] (testset)   loss: 1.6218 -> 1.5877  accuracy: 20.75% -> 43.40%     
---------------------------- TRAINING EPOCH: 90 ----------------------------   
client [52] (testset)   loss: 0.8626 -> 0.8674  accuracy: 75.22% -> 75.22%     
client [62] (testset)   loss: 0.9083 -> 0.9114  accuracy: 65.00% -> 65.00%     
client [71] (testset)   loss: 1.2545 -> 1.2968  accuracy: 50.00% -> 25.00%     
client [97] (testset)   loss: 1.3543 -> 1.3224  accuracy: 47.72% -> 47.72%     
client [30] (testset)   loss: 0.9021 -> 0.8875  accuracy: 41.43% -> 54.29%     
client [88] (testset)   loss: 1.1086 -> 1.0776  accuracy: 67.57% -> 67.57%     
client [60] (testset)   loss: 0.1780 -> 0.2169  accuracy: 96.62% -> 96.62%     
client [82] (testset)   loss: 1.5470 -> 1.5455  accuracy: 46.51% -> 46.51%     
client [91] (testset)   loss: 0.6534 -> 0.5363  accuracy: 88.24% -> 88.24%     
client [57] (testset)   loss: 0.5506 -> 0.5467  accuracy: 79.69% -> 79.69%     
---------------------------- TRAINING EPOCH: 100 ----------------------------  
client [31] (testset)   loss: 1.3545 -> 1.3732  accuracy: 55.00% -> 55.00%     
client [15] (testset)   loss: 0.8752 -> 0.8928  accuracy: 76.47% -> 76.47%     
client [71] (testset)   loss: 1.2793 -> 1.2637  accuracy: 50.00% -> 50.00%     
client [97] (testset)   loss: 1.3315 -> 1.3354  accuracy: 47.72% -> 47.72%     
client [53] (testset)   loss: 0.2405 -> 0.2176  accuracy: 94.85% -> 94.85%     
client [77] (testset)   loss: 1.0792 -> 1.0936  accuracy: 58.33% -> 58.33%     
client [76] (testset)   loss: 1.2841 -> 1.2921  accuracy: 52.13% -> 52.13%     
client [79] (testset)   loss: 1.0456 -> 1.1396  accuracy: 77.78% -> 77.78%     
client [28] (testset)   loss: 0.9627 -> 0.9619  accuracy: 73.37% -> 73.37%     
client [99] (testset)   loss: 1.1735 -> 1.1704  accuracy: 63.53% -> 63.53%     
---------------------------- TRAINING EPOCH: 110 ----------------------------  
client [97] (testset)   loss: 1.3364 -> 1.3157  accuracy: 47.72% -> 47.72%     
client [86] (testset)   loss: 0.5210 -> 0.5104  accuracy: 84.66% -> 84.66%     
client [34] (testset)   loss: 1.3554 -> 1.3721  accuracy: 37.04% -> 37.04%     
client [73] (testset)   loss: 0.7626 -> 0.7365  accuracy: 58.95% -> 58.95%     
client [5]  (testset)   loss: 1.4854 -> 1.4547  accuracy: 21.98% -> 43.96%     
client [96] (testset)   loss: 1.2128 -> 1.2069  accuracy: 55.39% -> 55.39%     
client [22] (testset)   loss: 0.4284 -> 0.4306  accuracy: 89.95% -> 89.95%     
client [60] (testset)   loss: 0.1853 -> 0.1818  accuracy: 96.62% -> 96.62%     
client [66] (testset)   loss: 1.1406 -> 1.0707  accuracy: 30.08% -> 50.78%     
client [83] (testset)   loss: 0.6182 -> 0.6521  accuracy: 85.00% -> 85.00%     
---------------------------- TRAINING EPOCH: 120 ----------------------------  
client [76] (testset)   loss: 1.2721 -> 1.2718  accuracy: 52.13% -> 52.13%     
client [65] (testset)   loss: 0.5721 -> 0.5652  accuracy: 83.56% -> 83.56%     
client [95] (testset)   loss: 0.2917 -> 0.3035  accuracy: 94.83% -> 94.83%     
client [17] (testset)   loss: 1.4698 -> 1.6708  accuracy: 21.54% -> 21.54%     
client [8]  (testset)   loss: 1.7043 -> 1.6730  accuracy: 40.91% -> 40.91%     
client [35] (testset)   loss: 1.1735 -> 1.1648  accuracy: 46.30% -> 46.30%     
client [98] (testset)   loss: 0.9515 -> 0.9842  accuracy: 74.68% -> 74.68%     
client [53] (testset)   loss: 0.2236 -> 0.2350  accuracy: 94.85% -> 94.85%     
client [43] (testset)   loss: 0.3185 -> 0.3164  accuracy: 93.29% -> 93.29%     
client [64] (testset)   loss: 0.8659 -> 0.8505  accuracy: 66.67% -> 66.67%     
---------------------------- TRAINING EPOCH: 130 ----------------------------  
client [21] (testset)   loss: 0.8759 -> 0.8760  accuracy: 53.44% -> 53.44%     
client [88] (testset)   loss: 1.0929 -> 1.1003  accuracy: 67.57% -> 67.57%     
client [38] (testset)   loss: 1.0989 -> 1.0618  accuracy: 66.67% -> 66.67%     
client [3]  (testset)   loss: 0.8538 -> 0.9047  accuracy: 63.64% -> 36.36%     
client [5]  (testset)   loss: 1.4626 -> 1.4497  accuracy: 43.96% -> 43.96%     
client [41] (testset)   loss: 0.8426 -> 0.8622  accuracy: 59.15% -> 59.15%     
client [7]  (testset)   loss: 0.4815 -> 0.4738  accuracy: 88.85% -> 88.85%     
client [37] (testset)   loss: 0.4755 -> 0.5307  accuracy: 87.45% -> 87.45%     
client [45] (testset)   loss: 1.5810 -> 1.5905  accuracy: 44.00% -> 44.00%     
client [47] (testset)   loss: 1.0087 -> 1.0205  accuracy: 48.19% -> 39.76%     
---------------------------- TRAINING EPOCH: 140 ----------------------------  
client [16] (testset)   loss: 0.3002 -> 0.3009  accuracy: 92.63% -> 92.63%     
client [11] (testset)   loss: 1.1749 -> 1.1716  accuracy: 50.88% -> 50.88%     
client [37] (testset)   loss: 0.4681 -> 0.4807  accuracy: 87.45% -> 87.45%     
client [41] (testset)   loss: 0.8428 -> 0.8612  accuracy: 59.15% -> 59.15%     
client [95] (testset)   loss: 0.2940 -> 0.2720  accuracy: 94.83% -> 94.83%     
client [53] (testset)   loss: 0.2268 -> 0.2347  accuracy: 94.85% -> 94.85%     
client [22] (testset)   loss: 0.4235 -> 0.4144  accuracy: 89.95% -> 89.95%     
client [25] (testset)   loss: 0.7685 -> 0.7533  accuracy: 73.02% -> 73.02%     
client [69] (testset)   loss: 1.0631 -> 1.0532  accuracy: 63.83% -> 63.83%     
client [46] (testset)   loss: 0.8373 -> 0.8441  accuracy: 59.30% -> 59.30%     
---------------------------- TRAINING EPOCH: 150 ----------------------------  
client [47] (testset)   loss: 0.9952 -> 1.0027  accuracy: 48.19% -> 39.76%     
client [69] (testset)   loss: 1.0708 -> 1.0954  accuracy: 63.83% -> 63.83%     
client [82] (testset)   loss: 1.5338 -> 1.5490  accuracy: 46.51% -> 46.51%     
client [45] (testset)   loss: 1.5510 -> 1.5444  accuracy: 44.00% -> 44.00%     
client [7]  (testset)   loss: 0.4702 -> 0.4752  accuracy: 88.85% -> 88.85%     
client [50] (testset)   loss: 0.6782 -> 0.6686  accuracy: 79.27% -> 79.27%     
client [35] (testset)   loss: 1.1774 -> 1.1687  accuracy: 46.30% -> 46.30%     
client [24] (testset)   loss: 0.1861 -> 0.1613  accuracy: 96.84% -> 96.84%     
client [15] (testset)   loss: 0.8942 -> 0.8958  accuracy: 76.47% -> 76.47%     
client [58] (testset)   loss: 0.2305 -> 0.2296  accuracy: 94.34% -> 94.34%     
---------------------------- TRAINING EPOCH: 160 ----------------------------  
client [48] (testset)   loss: 0.7323 -> 0.7525  accuracy: 74.14% -> 74.14%     
client [76] (testset)   loss: 1.2686 -> 1.2760  accuracy: 52.13% -> 52.13%     
client [67] (testset)   loss: 1.1206 -> 1.1439  accuracy: 55.29% -> 55.29%     
client [37] (testset)   loss: 0.4721 -> 0.4986  accuracy: 87.45% -> 87.45%     
client [58] (testset)   loss: 0.2358 -> 0.2383  accuracy: 94.34% -> 94.34%     
client [64] (testset)   loss: 0.7803 -> 0.8111  accuracy: 66.67% -> 66.67%     
client [77] (testset)   loss: 0.9846 -> 0.9493  accuracy: 58.33% -> 58.33%     
client [55] (testset)   loss: 1.8548 -> 1.9226  accuracy: 50.00% -> 50.00%     
client [12] (testset)   loss: 0.5165 -> 0.5317  accuracy: 86.14% -> 86.14%     
client [89] (testset)   loss: 2.0261 -> 1.9860  accuracy: 18.75% -> 18.75%     
---------------------------- TRAINING EPOCH: 170 ----------------------------  
client [84] (testset)   loss: 0.8064 -> 0.8038  accuracy: 56.96% -> 56.96%     
client [51] (testset)   loss: 0.8215 -> 0.8367  accuracy: 66.67% -> 66.67%     
client [8]  (testset)   loss: 1.7227 -> 1.6828  accuracy: 40.91% -> 40.91%     
client [18] (testset)   loss: 0.9439 -> 0.9676  accuracy: 65.38% -> 65.38%     
client [94] (testset)   loss: 1.3625 -> 1.3620  accuracy: 50.00% -> 50.00%     
client [81] (testset)   loss: 0.7909 -> 0.7915  accuracy: 54.74% -> 54.74%     
client [3]  (testset)   loss: 0.7664 -> 0.7275  accuracy: 63.64% -> 63.64%     
client [11] (testset)   loss: 1.1632 -> 1.2033  accuracy: 50.88% -> 50.88%     
client [95] (testset)   loss: 0.3038 -> 0.3275  accuracy: 94.83% -> 94.83%     
client [67] (testset)   loss: 1.1419 -> 1.1356  accuracy: 55.29% -> 55.29%     
---------------------------- TRAINING EPOCH: 180 ----------------------------  
client [21] (testset)   loss: 0.8744 -> 0.8869  accuracy: 53.44% -> 53.44%     
client [79] (testset)   loss: 1.0584 -> 1.1031  accuracy: 77.78% -> 77.78%     
client [58] (testset)   loss: 0.2358 -> 0.2240  accuracy: 94.34% -> 94.34%     
client [88] (testset)   loss: 1.0823 -> 1.0664  accuracy: 67.57% -> 67.57%     
client [46] (testset)   loss: 0.8401 -> 0.8431  accuracy: 59.30% -> 59.30%     
client [11] (testset)   loss: 1.1947 -> 1.1640  accuracy: 50.88% -> 50.88%     
client [55] (testset)   loss: 1.8582 -> 1.9617  accuracy: 50.00% -> 50.00%     
client [13] (testset)   loss: 0.1121 -> 0.1203  accuracy: 97.78% -> 97.78%     
client [31] (testset)   loss: 1.3405 -> 1.3507  accuracy: 55.00% -> 55.00%     
client [75] (testset)   loss: 1.4495 -> 1.4438  accuracy: 38.38% -> 29.15%     
---------------------------- TRAINING EPOCH: 190 ----------------------------  
client [19] (testset)   loss: 1.5302 -> 1.5160  accuracy: 37.50% -> 37.50%     
client [7]  (testset)   loss: 0.4732 -> 0.4906  accuracy: 88.85% -> 88.85%     
client [57] (testset)   loss: 0.5718 -> 0.5482  accuracy: 79.69% -> 79.69%     
client [13] (testset)   loss: 0.1192 -> 0.1194  accuracy: 97.78% -> 97.78%     
client [43] (testset)   loss: 0.3182 -> 0.3168  accuracy: 93.29% -> 93.29%     
client [91] (testset)   loss: 0.6086 -> 0.6621  accuracy: 88.24% -> 88.24%     
client [10] (testset)   loss: 0.9453 -> 0.9379  accuracy: 53.62% -> 39.61%     
client [64] (testset)   loss: 0.8483 -> 0.8452  accuracy: 66.67% -> 66.67%     
client [82] (testset)   loss: 1.5376 -> 1.5303  accuracy: 46.51% -> 46.51%     
client [22] (testset)   loss: 0.4404 -> 0.4115  accuracy: 89.95% -> 89.95%     
---------------------------- TRAINING EPOCH: 200 ----------------------------  
client [20] (testset)   loss: 0.5895 -> 0.5831  accuracy: 88.08% -> 88.08%     
client [23] (testset)   loss: 1.0091 -> 0.9228  accuracy: 56.67% -> 56.67%     
client [88] (testset)   loss: 1.0715 -> 1.0860  accuracy: 67.57% -> 67.57%     
client [98] (testset)   loss: 0.9573 -> 0.9648  accuracy: 74.68% -> 74.68%     
client [79] (testset)   loss: 1.1000 -> 1.1093  accuracy: 77.78% -> 77.78%     
client [21] (testset)   loss: 0.9079 -> 0.8776  accuracy: 53.44% -> 53.44%     
client [92] (testset)   loss: 1.1797 -> 0.7895  accuracy: 63.64% -> 63.64%     
client [56] (testset)   loss: 1.5911 -> 1.5789  accuracy: 16.39% -> 44.26%     
client [5]  (testset)   loss: 1.4446 -> 1.4435  accuracy: 43.96% -> 43.96%     
client [52] (testset)   loss: 0.8707 -> 0.9276  accuracy: 75.22% -> 75.22%     
FedFew's average time taken by each global epoch: 0 min 2.23 sec.              
FedFew's total running time: 0 h 7 m 30 s.                                     
==================== FedFew Experiment Results: ====================           
Display format: (before local fine-tuning) -> (after local fine-tuning)        
 So if finetune_epoch = 0, x.xx% -> 0.00% is normal.                           
 Centralized testing ONLY happens after model aggregation, so the stats between
'->' are the same.                                                             
{                                                                              
    "100": {                                                                   
        "all_clients": {                                                       
            "test": {                                                          
                "loss": "0.8497 -> 0.0000",                                    
                "accuracy": "67.11% -> 0.00%"                                  
            }                                                                  
        }                                                                      
    },                                                                         
    "200": {                                                                   
        "all_clients": {                                                       
            "test": {                                                          
                "loss": "0.8477 -> 0.0000",                                    
                "accuracy": "67.38% -> 0.00%"                                  
            }                                                                  
        }                                                                      
    }                                                                          
}                                                                              
==================== FedFew Max Accuracy ====================                  
all_clients:                                                                   
(test) before fine-tuning: 67.38% at epoch 200                                 
(test) after fine-tuning: 0.00% at epoch 100                                   
