==================== FedFew ====================                               
Experiment Arguments:                                                          
{
    'method': 'fedfew',
    'dataset': {
        'name': 'fmnist',
        'client_num': 100,
        'test_ratio': 0.25,
        'val_ratio': 0.0,
        'seed': 42,
        'split': 'sample',
        'IID_ratio': 0.0,
        'monitor_window_name_suffix': 'fmnist-100clients-0%IID-Dir(0.1)-seed42',
        'alpha': 0.1,
        'min_samples_per_client': 10
    },
    'model': {
        'name': 'avgcnn',
        'use_torchvision_pretrained_weights': True,
        'external_model_weights_path': None
    },
    'optimizer': {
        'lr': 0.01,
        'dampening': 0,
        'weight_decay': 0,
        'momentum': 0.7,
        'nesterov': False,
        'name': 'sgd'
    },
    'mode': 'serial',
    'parallel': {
        'ray_cluster_addr': None,
        'num_cpus': None,
        'num_gpus': None,
        'num_workers': 2
    },
    'common': {
        'seed': 42,
        'join_ratio': 0.1,
        'global_epoch': 200,
        'local_epoch': 5,
        'batch_size': 32,
        'reset_optimizer_on_global_epoch': True,
        'straggler_ratio': 0,
        'straggler_min_local_epoch': 0,
        'buffers': 'global',
        'client_side_evaluation': True,
        'test': {
            'client': {
                'interval': 100,
                'finetune_epoch': 0,
                'train': False,
                'val': False,
                'test': True
            },
            'server': {
                'interval': -1,
                'train': False,
                'val': False,
                'test': True,
                'model_in_train_mode': False
            }
        },
        'verbose_gap': 10,
        'monitor': None,
        'use_cuda': True,
        'save_log': True,
        'save_model': False,
        'save_learning_curve_plot': True,
        'save_metrics': True,
        'delete_useless_run': True
    },
    'fedprox': {
        'mu': 0.01
    },
    'pfedsim': {
        'warmup_round': 0.5
    },
    'fedfew': {
        'ig_ratio': 0.997,
        'alpha': 0.5,
        'norm': 'global',
        'EMA': False,
        'track': False,
        'type': 'Main'
    }
}
---------------------------- TRAINING EPOCH: 10 ----------------------------   
client [77] (testset)   loss: 0.1276 -> 0.0567  accuracy: 94.30% -> 98.45%     
client [81] (testset)   loss: 0.0753 -> 0.0512  accuracy: 100.00% -> 98.15%    
client [21] (testset)   loss: 0.5133 -> 0.2982  accuracy: 80.75% -> 89.44%     
client [68] (testset)   loss: 0.1737 -> 0.1709  accuracy: 93.64% -> 93.64%     
client [93] (testset)   loss: 0.1061 -> 0.0225  accuracy: 98.31% -> 100.00%    
client [31] (testset)   loss: 0.3139 -> 0.2667  accuracy: 90.77% -> 89.23%     
client [20] (testset)   loss: 0.0796 -> 0.0496  accuracy: 97.85% -> 98.12%     
client [59] (testset)   loss: 0.6715 -> 0.4009  accuracy: 83.94% -> 89.05%     
client [48] (testset)   loss: 0.1015 -> 0.0164  accuracy: 100.00% -> 100.00%   
client [34] (testset)   loss: 0.3320 -> 0.2306  accuracy: 84.62% -> 96.15%     
---------------------------- TRAINING EPOCH: 20 ----------------------------   
client [69] (testset)   loss: 0.2910 -> 0.1928  accuracy: 88.89% -> 95.06%     
client [99] (testset)   loss: 0.1004 -> 0.0772  accuracy: 98.16% -> 98.16%     
client [67] (testset)   loss: 0.2097 -> 0.1434  accuracy: 94.50% -> 95.19%     
client [0]  (testset)   loss: 0.2002 -> 0.2877  accuracy: 91.84% -> 87.76%     
client [76] (testset)   loss: 0.3078 -> 0.3431  accuracy: 80.00% -> 86.67%     
client [41] (testset)   loss: 0.2551 -> 0.2173  accuracy: 91.13% -> 91.94%     
client [62] (testset)   loss: 0.8909 -> 0.2806  accuracy: 70.00% -> 90.00%     
client [2]  (testset)   loss: 0.7248 -> 0.0194  accuracy: 80.53% -> 99.56%     
client [14] (testset)   loss: 0.4166 -> 0.3363  accuracy: 85.24% -> 87.86%     
client [46] (testset)   loss: 0.3040 -> 0.3612  accuracy: 90.62% -> 90.62%     
---------------------------- TRAINING EPOCH: 30 ----------------------------   
client [24] (testset)   loss: 0.3557 -> 0.3462  accuracy: 85.14% -> 88.00%     
client [68] (testset)   loss: 0.1634 -> 0.1190  accuracy: 91.82% -> 93.64%     
client [57] (testset)   loss: 0.0399 -> 0.0261  accuracy: 99.27% -> 99.64%     
client [17] (testset)   loss: 0.1762 -> 0.1425  accuracy: 94.65% -> 95.19%     
client [54] (testset)   loss: 0.2399 -> 0.2468  accuracy: 88.31% -> 87.01%     
client [23] (testset)   loss: 0.3141 -> 0.1194  accuracy: 89.90% -> 96.97%     
client [35] (testset)   loss: 0.0589 -> 0.0163  accuracy: 98.65% -> 100.00%    
client [59] (testset)   loss: 0.3738 -> 0.4004  accuracy: 88.32% -> 87.59%     
client [31] (testset)   loss: 0.1921 -> 0.2327  accuracy: 90.77% -> 89.23%     
client [9]  (testset)   loss: 0.1188 -> 0.1083  accuracy: 96.18% -> 96.88%     
---------------------------- TRAINING EPOCH: 40 ----------------------------   
client [64] (testset)   loss: 0.1169 -> 0.1520  accuracy: 94.74% -> 93.98%     
client [33] (testset)   loss: 0.1037 -> 0.0418  accuracy: 97.08% -> 97.66%     
client [16] (testset)   loss: 0.0420 -> 0.0197  accuracy: 98.33% -> 99.17%     
client [44] (testset)   loss: 0.1253 -> 0.0510  accuracy: 97.17% -> 98.11%     
client [8]  (testset)   loss: 0.2528 -> 0.2267  accuracy: 91.67% -> 91.37%     
client [31] (testset)   loss: 0.1686 -> 0.2286  accuracy: 93.85% -> 92.31%     
client [47] (testset)   loss: 0.1048 -> 0.0959  accuracy: 95.65% -> 96.52%     
client [36] (testset)   loss: 0.2159 -> 0.1649  accuracy: 93.76% -> 94.42%     
client [20] (testset)   loss: 0.0661 -> 0.0384  accuracy: 97.85% -> 99.19%     
client [56] (testset)   loss: 0.3779 -> 0.3525  accuracy: 86.55% -> 85.71%     
---------------------------- TRAINING EPOCH: 50 ----------------------------   
client [4]  (testset)   loss: 0.0829 -> 0.1059  accuracy: 97.69% -> 98.46%     
client [60] (testset)   loss: 0.2035 -> 0.1325  accuracy: 94.46% -> 95.94%     
client [28] (testset)   loss: 0.0082 -> 0.0173  accuracy: 100.00% -> 98.21%    
client [25] (testset)   loss: 0.0505 -> 0.0674  accuracy: 99.04% -> 99.04%     
client [58] (testset)   loss: 0.0815 -> 0.0896  accuracy: 97.96% -> 96.94%     
client [44] (testset)   loss: 0.0904 -> 0.0935  accuracy: 96.23% -> 95.28%     
client [39] (testset)   loss: 0.0215 -> 0.0042  accuracy: 100.00% -> 100.00%   
client [29] (testset)   loss: 0.2353 -> 0.2710  accuracy: 88.61% -> 86.08%     
client [3]  (testset)   loss: 0.1435 -> 0.1430  accuracy: 94.55% -> 95.33%     
client [84] (testset)   loss: 0.0447 -> 0.0083  accuracy: 98.77% -> 100.00%    
---------------------------- TRAINING EPOCH: 60 ----------------------------   
client [21] (testset)   loss: 0.1700 -> 0.1555  accuracy: 94.41% -> 95.03%     
client [84] (testset)   loss: 0.0100 -> 0.0058  accuracy: 100.00% -> 100.00%   
client [10] (testset)   loss: 0.0316 -> 0.0223  accuracy: 98.53% -> 100.00%    
client [36] (testset)   loss: 0.1627 -> 0.1556  accuracy: 94.75% -> 95.57%     
client [65] (testset)   loss: 0.1835 -> 0.2173  accuracy: 90.62% -> 90.62%     
client [81] (testset)   loss: 0.0152 -> 0.0325  accuracy: 100.00% -> 100.00%   
client [79] (testset)   loss: 0.1922 -> 0.3279  accuracy: 93.60% -> 89.16%     
client [42] (testset)   loss: 0.0519 -> 0.0556  accuracy: 98.79% -> 98.67%     
client [11] (testset)   loss: 0.2925 -> 0.3024  accuracy: 88.79% -> 86.10%     
client [96] (testset)   loss: 0.1743 -> 0.2051  accuracy: 94.89% -> 93.43%     
---------------------------- TRAINING EPOCH: 70 ----------------------------   
client [8]  (testset)   loss: 0.2524 -> 0.2039  accuracy: 93.45% -> 92.56%     
client [53] (testset)   loss: 0.0099 -> 0.0034  accuracy: 99.70% -> 100.00%    
client [52] (testset)   loss: 0.1085 -> 0.1478  accuracy: 94.92% -> 93.22%     
client [42] (testset)   loss: 0.0511 -> 0.0574  accuracy: 98.79% -> 98.79%     
client [69] (testset)   loss: 0.1198 -> 0.1424  accuracy: 95.68% -> 95.68%     
client [59] (testset)   loss: 0.3461 -> 0.3258  accuracy: 90.51% -> 89.78%     
client [7]  (testset)   loss: 0.0268 -> 0.0256  accuracy: 99.13% -> 99.56%     
client [26] (testset)   loss: 0.0560 -> 0.0648  accuracy: 98.09% -> 97.62%     
client [49] (testset)   loss: 0.0264 -> 0.0271  accuracy: 99.14% -> 99.57%     
client [98] (testset)   loss: 0.4973 -> 0.4834  accuracy: 91.49% -> 93.62%     
---------------------------- TRAINING EPOCH: 80 ----------------------------   
client [98] (testset)   loss: 0.4623 -> 0.5656  accuracy: 91.49% -> 85.11%     
client [47] (testset)   loss: 0.0966 -> 0.0903  accuracy: 96.30% -> 97.17%     
client [21] (testset)   loss: 0.1495 -> 0.1679  accuracy: 95.65% -> 95.03%     
client [77] (testset)   loss: 0.0185 -> 0.0131  accuracy: 98.96% -> 100.00%    
client [95] (testset)   loss: 0.1898 -> 0.1801  accuracy: 92.59% -> 94.44%     
client [91] (testset)   loss: 0.0322 -> 0.0380  accuracy: 100.00% -> 100.00%   
client [14] (testset)   loss: 0.3092 -> 0.3053  accuracy: 90.00% -> 89.76%     
client [99] (testset)   loss: 0.0449 -> 0.0440  accuracy: 98.68% -> 98.68%     
client [20] (testset)   loss: 0.0406 -> 0.0427  accuracy: 99.19% -> 99.19%     
client [39] (testset)   loss: 0.0043 -> 0.0018  accuracy: 100.00% -> 100.00%   
---------------------------- TRAINING EPOCH: 90 ----------------------------   
client [52] (testset)   loss: 0.0834 -> 0.0954  accuracy: 96.61% -> 94.92%     
client [62] (testset)   loss: 0.3357 -> 0.3485  accuracy: 90.00% -> 95.00%     
client [71] (testset)   loss: 0.0717 -> 0.0725  accuracy: 97.28% -> 96.74%     
client [97] (testset)   loss: 0.0460 -> 0.0556  accuracy: 98.70% -> 98.70%     
client [30] (testset)   loss: 0.1099 -> 0.1423  accuracy: 98.08% -> 96.15%     
client [88] (testset)   loss: 0.2674 -> 0.3065  accuracy: 86.59% -> 86.59%     
client [60] (testset)   loss: 0.1097 -> 0.1192  accuracy: 97.05% -> 96.68%     
client [82] (testset)   loss: 0.0874 -> 0.0924  accuracy: 98.97% -> 98.97%     
client [91] (testset)   loss: 0.0164 -> 0.0188  accuracy: 100.00% -> 100.00%   
client [57] (testset)   loss: 0.0226 -> 0.0231  accuracy: 99.64% -> 99.64%     
---------------------------- TRAINING EPOCH: 100 ----------------------------  
client [31] (testset)   loss: 0.1411 -> 0.1428  accuracy: 95.38% -> 93.85%     
client [15] (testset)   loss: 0.2000 -> 0.2224  accuracy: 93.12% -> 92.50%     
client [71] (testset)   loss: 0.0827 -> 0.0819  accuracy: 97.83% -> 97.28%     
client [97] (testset)   loss: 0.0460 -> 0.0505  accuracy: 98.70% -> 98.70%     
client [53] (testset)   loss: 0.0096 -> 0.0083  accuracy: 99.70% -> 99.70%     
client [77] (testset)   loss: 0.0145 -> 0.0111  accuracy: 99.48% -> 100.00%    
client [76] (testset)   loss: 0.1604 -> 0.1734  accuracy: 93.33% -> 86.67%     
client [79] (testset)   loss: 0.1776 -> 0.2015  accuracy: 92.61% -> 93.10%     
client [28] (testset)   loss: 0.0124 -> 0.0163  accuracy: 100.00% -> 98.21%    
client [99] (testset)   loss: 0.0345 -> 0.0445  accuracy: 99.21% -> 98.68%     
---------------------------- TRAINING EPOCH: 110 ----------------------------  
client [97] (testset)   loss: 0.0464 -> 0.0511  accuracy: 98.70% -> 98.70%     
client [86] (testset)   loss: 0.0208 -> 0.0293  accuracy: 100.00% -> 100.00%   
client [34] (testset)   loss: 0.1826 -> 0.2015  accuracy: 96.15% -> 96.15%     
client [73] (testset)   loss: 0.0227 -> 0.0148  accuracy: 100.00% -> 100.00%   
client [5]  (testset)   loss: 0.1000 -> 0.1057  accuracy: 96.19% -> 96.67%     
client [96] (testset)   loss: 0.1942 -> 0.1983  accuracy: 94.16% -> 94.16%     
client [22] (testset)   loss: 0.0289 -> 0.0168  accuracy: 98.97% -> 100.00%    
client [60] (testset)   loss: 0.1064 -> 0.1247  accuracy: 96.68% -> 95.94%     
client [66] (testset)   loss: 0.0951 -> 0.1026  accuracy: 96.02% -> 95.62%     
client [83] (testset)   loss: 0.0136 -> 0.0110  accuracy: 99.36% -> 99.36%     
---------------------------- TRAINING EPOCH: 120 ----------------------------  
client [76] (testset)   loss: 0.1820 -> 0.1990  accuracy: 86.67% -> 86.67%     
client [65] (testset)   loss: 0.2990 -> 0.3404  accuracy: 90.62% -> 90.62%     
client [95] (testset)   loss: 0.1804 -> 0.2279  accuracy: 94.44% -> 94.44%     
client [17] (testset)   loss: 0.0998 -> 0.0848  accuracy: 96.26% -> 97.33%     
client [8]  (testset)   loss: 0.2255 -> 0.1945  accuracy: 93.15% -> 92.56%     
client [35] (testset)   loss: 0.0363 -> 0.0265  accuracy: 98.65% -> 98.65%     
client [98] (testset)   loss: 0.4542 -> 0.4773  accuracy: 93.62% -> 93.62%     
client [53] (testset)   loss: 0.0053 -> 0.0062  accuracy: 99.70% -> 99.70%     
client [43] (testset)   loss: 0.0590 -> 0.0457  accuracy: 98.46% -> 98.46%     
client [64] (testset)   loss: 0.0899 -> 0.1458  accuracy: 95.49% -> 94.74%     
---------------------------- TRAINING EPOCH: 130 ----------------------------  
client [21] (testset)   loss: 0.1572 -> 0.1848  accuracy: 95.65% -> 93.79%     
client [88] (testset)   loss: 0.3093 -> 0.3182  accuracy: 90.24% -> 89.02%     
client [38] (testset)   loss: 0.2560 -> 0.3286  accuracy: 96.10% -> 90.91%     
client [3]  (testset)   loss: 0.1328 -> 0.1306  accuracy: 95.72% -> 96.50%     
client [5]  (testset)   loss: 0.0990 -> 0.1111  accuracy: 96.67% -> 96.67%     
client [41] (testset)   loss: 0.1747 -> 0.1568  accuracy: 94.76% -> 94.76%     
client [7]  (testset)   loss: 0.0184 -> 0.0220  accuracy: 99.13% -> 99.13%     
client [37] (testset)   loss: 0.1058 -> 0.1595  accuracy: 95.65% -> 95.65%     
client [45] (testset)   loss: 0.3343 -> 0.3513  accuracy: 89.19% -> 89.19%     
client [47] (testset)   loss: 0.1130 -> 0.0997  accuracy: 96.30% -> 96.74%     
---------------------------- TRAINING EPOCH: 140 ----------------------------  
client [16] (testset)   loss: 0.0171 -> 0.0119  accuracy: 99.17% -> 99.17%     
client [11] (testset)   loss: 0.3462 -> 0.3522  accuracy: 87.44% -> 88.79%     
client [37] (testset)   loss: 0.1271 -> 0.1486  accuracy: 96.74% -> 96.74%     
client [41] (testset)   loss: 0.1856 -> 0.1746  accuracy: 95.16% -> 95.16%     
client [95] (testset)   loss: 0.1960 -> 0.2183  accuracy: 94.44% -> 94.44%     
client [53] (testset)   loss: 0.0074 -> 0.0051  accuracy: 99.70% -> 99.70%     
client [22] (testset)   loss: 0.0270 -> 0.0116  accuracy: 98.97% -> 100.00%    
client [25] (testset)   loss: 0.0333 -> 0.0429  accuracy: 99.04% -> 99.04%     
client [69] (testset)   loss: 0.1223 -> 0.1434  accuracy: 95.68% -> 96.30%     
client [46] (testset)   loss: 0.2269 -> 0.2007  accuracy: 92.71% -> 90.62%     
---------------------------- TRAINING EPOCH: 150 ----------------------------  
client [47] (testset)   loss: 0.1019 -> 0.1119  accuracy: 96.96% -> 96.96%     
client [69] (testset)   loss: 0.1398 -> 0.1525  accuracy: 96.30% -> 96.30%     
client [82] (testset)   loss: 0.0984 -> 0.1044  accuracy: 98.97% -> 98.97%     
client [45] (testset)   loss: 0.3977 -> 0.4104  accuracy: 89.19% -> 89.19%     
client [7]  (testset)   loss: 0.0202 -> 0.0354  accuracy: 99.56% -> 98.25%     
client [50] (testset)   loss: 0.0207 -> 0.0114  accuracy: 99.43% -> 99.43%     
client [35] (testset)   loss: 0.0087 -> 0.0065  accuracy: 100.00% -> 100.00%   
client [24] (testset)   loss: 0.3047 -> 0.4434  accuracy: 89.14% -> 84.57%     
client [15] (testset)   loss: 0.2209 -> 0.2148  accuracy: 93.75% -> 93.44%     
client [58] (testset)   loss: 0.0351 -> 0.0459  accuracy: 99.49% -> 99.49%     
---------------------------- TRAINING EPOCH: 160 ----------------------------  
client [48] (testset)   loss: 0.0005 -> 0.0006  accuracy: 100.00% -> 100.00%   
client [76] (testset)   loss: 0.1664 -> 0.1896  accuracy: 86.67% -> 86.67%     
client [67] (testset)   loss: 0.1660 -> 0.2031  accuracy: 95.53% -> 95.19%     
client [37] (testset)   loss: 0.1306 -> 0.1610  accuracy: 96.74% -> 94.57%     
client [58] (testset)   loss: 0.0493 -> 0.0483  accuracy: 98.98% -> 98.98%     
client [64] (testset)   loss: 0.1105 -> 0.1344  accuracy: 96.24% -> 95.49%     
client [77] (testset)   loss: 0.0087 -> 0.0086  accuracy: 100.00% -> 100.00%   
client [55] (testset)   loss: 0.0009 -> 0.0002  accuracy: 100.00% -> 100.00%   
client [12] (testset)   loss: 0.2000 -> 0.1832  accuracy: 95.50% -> 96.09%     
client [89] (testset)   loss: 0.1919 -> 0.2322  accuracy: 94.74% -> 94.74%     
---------------------------- TRAINING EPOCH: 170 ----------------------------  
client [84] (testset)   loss: 0.0093 -> 0.0061  accuracy: 100.00% -> 100.00%   
client [51] (testset)   loss: 0.0068 -> 0.0056  accuracy: 99.51% -> 100.00%    
client [8]  (testset)   loss: 0.2338 -> 0.1945  accuracy: 93.15% -> 94.05%     
client [18] (testset)   loss: 0.0184 -> 0.0207  accuracy: 99.50% -> 99.00%     
client [94] (testset)   loss: 0.0886 -> 0.0785  accuracy: 96.95% -> 97.71%     
client [81] (testset)   loss: 0.0012 -> 0.0013  accuracy: 100.00% -> 100.00%   
client [3]  (testset)   loss: 0.2275 -> 0.1530  accuracy: 94.16% -> 96.50%     
client [11] (testset)   loss: 0.3678 -> 0.3980  accuracy: 87.44% -> 87.44%     
client [95] (testset)   loss: 0.1988 -> 0.1888  accuracy: 94.44% -> 94.44%     
client [67] (testset)   loss: 0.1652 -> 0.1969  accuracy: 95.88% -> 95.19%     
---------------------------- TRAINING EPOCH: 180 ----------------------------  
client [21] (testset)   loss: 0.1464 -> 0.2207  accuracy: 93.79% -> 93.17%     
client [79] (testset)   loss: 0.2130 -> 0.2606  accuracy: 93.10% -> 92.12%     
client [58] (testset)   loss: 0.0439 -> 0.0482  accuracy: 98.98% -> 98.98%     
client [88] (testset)   loss: 0.3377 -> 0.3628  accuracy: 91.46% -> 90.24%     
client [46] (testset)   loss: 0.1843 -> 0.2895  accuracy: 92.71% -> 86.46%     
client [11] (testset)   loss: 0.3967 -> 0.3764  accuracy: 87.89% -> 89.24%     
client [55] (testset)   loss: 0.0008 -> 0.0002  accuracy: 100.00% -> 100.00%   
client [13] (testset)   loss: 0.4597 -> 0.4539  accuracy: 87.50% -> 88.46%     
client [31] (testset)   loss: 0.1689 -> 0.1191  accuracy: 93.85% -> 93.85%     
client [75] (testset)   loss: 0.3624 -> 0.3681  accuracy: 89.95% -> 89.47%     
---------------------------- TRAINING EPOCH: 190 ----------------------------  
client [19] (testset)   loss: 0.2734 -> 0.2758  accuracy: 93.22% -> 93.22%     
client [7]  (testset)   loss: 0.0266 -> 0.0235  accuracy: 99.13% -> 99.13%     
client [57] (testset)   loss: 0.0196 -> 0.0197  accuracy: 99.64% -> 99.64%     
client [13] (testset)   loss: 0.4467 -> 0.6183  accuracy: 88.14% -> 89.10%     
client [43] (testset)   loss: 0.0606 -> 0.0631  accuracy: 96.92% -> 96.92%     
client [91] (testset)   loss: 0.0095 -> 0.0083  accuracy: 100.00% -> 100.00%   
client [10] (testset)   loss: 0.0071 -> 0.0093  accuracy: 100.00% -> 100.00%   
client [64] (testset)   loss: 0.1153 -> 0.1483  accuracy: 96.99% -> 95.49%     
client [82] (testset)   loss: 0.1036 -> 0.1109  accuracy: 98.97% -> 98.97%     
client [22] (testset)   loss: 0.0120 -> 0.0070  accuracy: 100.00% -> 100.00%   
---------------------------- TRAINING EPOCH: 200 ----------------------------  
client [20] (testset)   loss: 0.0472 -> 0.0466  accuracy: 99.19% -> 99.19%     
client [23] (testset)   loss: 0.1179 -> 0.1991  accuracy: 94.95% -> 93.94%     
client [88] (testset)   loss: 0.3503 -> 0.4413  accuracy: 91.46% -> 92.68%     
client [98] (testset)   loss: 0.5360 -> 0.5528  accuracy: 89.36% -> 91.49%     
client [79] (testset)   loss: 0.2461 -> 0.2448  accuracy: 93.10% -> 92.61%     
client [21] (testset)   loss: 0.1653 -> 0.1838  accuracy: 95.03% -> 93.79%     
client [92] (testset)   loss: 0.0465 -> 0.0387  accuracy: 97.81% -> 98.54%     
client [56] (testset)   loss: 0.3680 -> 0.4528  accuracy: 86.55% -> 90.76%     
client [5]  (testset)   loss: 0.1250 -> 0.1323  accuracy: 96.67% -> 96.19%     
client [52] (testset)   loss: 0.0479 -> 0.0693  accuracy: 98.31% -> 96.61%     
FedFew's average time taken by each global epoch: 0 min 2.53 sec.              
FedFew's total running time: 0 h 8 m 30 s.                                     
==================== FedFew Experiment Results: ====================           
Display format: (before local fine-tuning) -> (after local fine-tuning)        
 So if finetune_epoch = 0, x.xx% -> 0.00% is normal.                           
 Centralized testing ONLY happens after model aggregation, so the stats between
'->' are the same.                                                             
{                                                                              
    "100": {                                                                   
        "all_clients": {                                                       
            "test": {                                                          
                "loss": "0.1143 -> 0.0000",                                    
                "accuracy": "96.17% -> 0.00%"                                  
            }                                                                  
        }                                                                      
    },                                                                         
    "200": {                                                                   
        "all_clients": {                                                       
            "test": {                                                          
                "loss": "0.1349 -> 0.0000",                                    
                "accuracy": "96.28% -> 0.00%"                                  
            }                                                                  
        }                                                                      
    }                                                                          
}                                                                              
==================== FedFew Max Accuracy ====================                  
all_clients:                                                                   
(test) before fine-tuning: 96.28% at epoch 200                                 
(test) after fine-tuning: 0.00% at epoch 100                                   
