==================== FedFew ====================                               
Experiment Arguments:                                                          
{
    'method': 'fedfew',
    'dataset': {
        'name': 'medmnistC',
        'client_num': 100,
        'test_ratio': 0.25,
        'val_ratio': 0.0,
        'seed': 42,
        'split': 'sample',
        'IID_ratio': 0.0,
        'monitor_window_name_suffix': 'medmnistC-100clients-0%IID-Dir(0.1)-seed42',
        'alpha': 0.1,
        'min_samples_per_client': 10
    },
    'model': {
        'name': 'avgcnn',
        'use_torchvision_pretrained_weights': True,
        'external_model_weights_path': None
    },
    'optimizer': {
        'lr': 0.01,
        'dampening': 0,
        'weight_decay': 0,
        'momentum': 0.7,
        'nesterov': False,
        'name': 'sgd'
    },
    'mode': 'serial',
    'parallel': {
        'ray_cluster_addr': None,
        'num_cpus': None,
        'num_gpus': None,
        'num_workers': 2
    },
    'common': {
        'seed': 42,
        'join_ratio': 0.1,
        'global_epoch': 200,
        'local_epoch': 5,
        'batch_size': 32,
        'reset_optimizer_on_global_epoch': True,
        'straggler_ratio': 0,
        'straggler_min_local_epoch': 0,
        'buffers': 'global',
        'client_side_evaluation': True,
        'test': {
            'client': {
                'interval': 100,
                'finetune_epoch': 0,
                'train': False,
                'val': False,
                'test': True
            },
            'server': {
                'interval': -1,
                'train': False,
                'val': False,
                'test': True,
                'model_in_train_mode': False
            }
        },
        'verbose_gap': 10,
        'monitor': None,
        'use_cuda': True,
        'save_log': True,
        'save_model': False,
        'save_learning_curve_plot': True,
        'save_metrics': True,
        'delete_useless_run': True
    },
    'fedprox': {
        'mu': 0.01
    },
    'pfedsim': {
        'warmup_round': 0.5
    },
    'fedfew': {
        'ig_ratio': 0.6,
        'alpha': 0.5,
        'norm': 'global',
        'EMA': False,
        'track': False,
        'type': 'Main'
    }
}
---------------------------- TRAINING EPOCH: 10 ----------------------------   
client [77] (testset)   loss: 1.2550 -> 1.2544  accuracy: 36.36% -> 36.36%     
client [81] (testset)   loss: 0.5247 -> 0.5677  accuracy: 80.58% -> 80.58%     
client [21] (testset)   loss: 2.4575 -> 0.7693  accuracy: 0.00% -> 74.07%      
client [68] (testset)   loss: 1.1617 -> 1.0976  accuracy: 59.72% -> 59.72%     
client [93] (testset)   loss: 0.2522 -> 0.2543  accuracy: 93.33% -> 93.33%     
client [31] (testset)   loss: 0.6320 -> 0.7012  accuracy: 85.14% -> 85.14%     
client [20] (testset)   loss: 1.1975 -> 1.2872  accuracy: 37.50% -> 37.50%     
client [59] (testset)   loss: 2.4117 -> 1.1861  accuracy: 0.00% -> 33.33%      
client [48] (testset)   loss: 0.6573 -> 0.6332  accuracy: 83.15% -> 83.15%     
client [34] (testset)   loss: 0.5839 -> 0.6463  accuracy: 82.14% -> 82.14%     
---------------------------- TRAINING EPOCH: 20 ----------------------------   
client [69] (testset)   loss: 0.8630 -> 0.8450  accuracy: 71.15% -> 71.15%     
client [99] (testset)   loss: 1.1625 -> 1.8767  accuracy: 71.43% -> 14.29%     
client [67] (testset)   loss: 0.6035 -> 0.5887  accuracy: 85.71% -> 85.71%     
client [0]  (testset)   loss: 1.2284 -> 1.2262  accuracy: 45.12% -> 45.12%     
client [76] (testset)   loss: 1.9717 -> 2.4625  accuracy: 50.00% -> 50.00%     
client [41] (testset)   loss: 1.2304 -> 1.1478  accuracy: 65.43% -> 65.43%     
client [62] (testset)   loss: 2.3756 -> 0.5145  accuracy: 4.55% -> 95.45%      
client [2]  (testset)   loss: 2.4831 -> 1.0736  accuracy: 0.00% -> 47.27%      
client [14] (testset)   loss: 1.0420 -> 1.0139  accuracy: 85.00% -> 85.00%     
client [46] (testset)   loss: 0.9503 -> 1.0227  accuracy: 64.47% -> 64.47%     
---------------------------- TRAINING EPOCH: 30 ----------------------------   
client [24] (testset)   loss: 0.3119 -> 0.2737  accuracy: 93.75% -> 93.75%     
client [68] (testset)   loss: 1.0657 -> 1.2063  accuracy: 59.72% -> 59.72%     
client [57] (testset)   loss: 1.4102 -> 1.4056  accuracy: 27.27% -> 27.27%     
client [17] (testset)   loss: 0.8914 -> 0.8895  accuracy: 69.92% -> 69.92%     
client [54] (testset)   loss: 2.8752 -> 2.9342  accuracy: 25.00% -> 25.00%     
client [23] (testset)   loss: 2.3853 -> 1.7991  accuracy: 13.04% -> 39.13%     
client [35] (testset)   loss: 0.5519 -> 0.5165  accuracy: 85.00% -> 85.00%     
client [59] (testset)   loss: 1.1160 -> 1.1117  accuracy: 50.83% -> 50.83%     
client [31] (testset)   loss: 0.6061 -> 0.6010  accuracy: 85.14% -> 85.14%     
client [9]  (testset)   loss: 1.3932 -> 1.3941  accuracy: 23.40% -> 23.40%     
---------------------------- TRAINING EPOCH: 40 ----------------------------   
client [64] (testset)   loss: 1.3125 -> 1.3039  accuracy: 0.00% -> 0.00%       
client [33] (testset)   loss: 0.8231 -> 0.8307  accuracy: 75.32% -> 75.32%     
client [16] (testset)   loss: 0.7824 -> 0.7152  accuracy: 78.95% -> 78.95%     
client [44] (testset)   loss: 0.8751 -> 0.9204  accuracy: 63.10% -> 63.10%     
client [8]  (testset)   loss: 1.1154 -> 1.0337  accuracy: 41.67% -> 41.67%     
client [31] (testset)   loss: 0.6575 -> 0.6105  accuracy: 85.14% -> 85.14%     
client [47] (testset)   loss: 0.6473 -> 0.6167  accuracy: 87.78% -> 87.78%     
client [36] (testset)   loss: 1.7068 -> 1.6977  accuracy: 24.44% -> 28.89%     
client [20] (testset)   loss: 1.1639 -> 1.2838  accuracy: 37.50% -> 37.50%     
client [56] (testset)   loss: 0.7207 -> 0.7933  accuracy: 79.34% -> 79.34%     
---------------------------- TRAINING EPOCH: 50 ----------------------------   
client [4]  (testset)   loss: 2.0771 -> 2.0181  accuracy: 16.67% -> 33.33%     
client [60] (testset)   loss: 0.4181 -> 0.4388  accuracy: 91.82% -> 91.82%     
client [28] (testset)   loss: 1.2046 -> 1.2111  accuracy: 61.54% -> 61.54%     
client [25] (testset)   loss: 0.3294 -> 0.3242  accuracy: 90.48% -> 90.48%     
client [58] (testset)   loss: 0.5349 -> 0.4880  accuracy: 86.70% -> 86.70%     
client [44] (testset)   loss: 0.9205 -> 0.8824  accuracy: 63.10% -> 63.10%     
client [39] (testset)   loss: 1.0112 -> 0.9716  accuracy: 78.57% -> 78.57%     
client [29] (testset)   loss: 0.7996 -> 0.8041  accuracy: 81.48% -> 81.48%     
client [3]  (testset)   loss: 1.9870 -> 1.8436  accuracy: 17.65% -> 17.65%     
client [84] (testset)   loss: 1.6296 -> 1.6278  accuracy: 40.23% -> 40.23%     
---------------------------- TRAINING EPOCH: 60 ----------------------------   
client [21] (testset)   loss: 0.7466 -> 0.7239  accuracy: 74.07% -> 74.07%     
client [84] (testset)   loss: 1.6242 -> 1.6065  accuracy: 40.23% -> 40.23%     
client [10] (testset)   loss: 1.4802 -> 1.4713  accuracy: 46.88% -> 46.88%     
client [36] (testset)   loss: 1.7238 -> 1.7340  accuracy: 28.89% -> 28.89%     
client [65] (testset)   loss: 1.1703 -> 1.2000  accuracy: 62.22% -> 62.22%     
client [81] (testset)   loss: 0.5076 -> 0.5064  accuracy: 80.58% -> 80.58%     
client [79] (testset)   loss: 0.7266 -> 0.7142  accuracy: 64.00% -> 64.00%     
client [42] (testset)   loss: 0.1124 -> 0.1120  accuracy: 100.00% -> 100.00%   
client [11] (testset)   loss: 0.4956 -> 0.5330  accuracy: 85.71% -> 85.71%     
client [96] (testset)   loss: 1.2098 -> 1.2097  accuracy: 66.67% -> 66.67%     
---------------------------- TRAINING EPOCH: 70 ----------------------------   
client [8]  (testset)   loss: 1.0829 -> 1.1783  accuracy: 41.67% -> 41.67%     
client [53] (testset)   loss: 0.7795 -> 0.7514  accuracy: 78.85% -> 78.85%     
client [52] (testset)   loss: 0.9377 -> 0.9949  accuracy: 65.62% -> 28.12%     
client [42] (testset)   loss: 0.1117 -> 0.1116  accuracy: 100.00% -> 100.00%   
client [69] (testset)   loss: 0.8586 -> 0.8314  accuracy: 71.15% -> 71.15%     
client [59] (testset)   loss: 1.1315 -> 1.1151  accuracy: 50.83% -> 50.83%     
client [7]  (testset)   loss: 0.1258 -> 0.1257  accuracy: 97.73% -> 97.73%     
client [26] (testset)   loss: 1.0215 -> 1.0962  accuracy: 57.69% -> 57.69%     
client [49] (testset)   loss: 0.9111 -> 0.9058  accuracy: 75.00% -> 75.00%     
client [98] (testset)   loss: 0.2510 -> 0.2508  accuracy: 100.00% -> 100.00%   
---------------------------- TRAINING EPOCH: 80 ----------------------------   
client [98] (testset)   loss: 0.2507 -> 0.2510  accuracy: 100.00% -> 100.00%   
client [47] (testset)   loss: 0.6207 -> 0.6139  accuracy: 87.78% -> 87.78%     
client [21] (testset)   loss: 0.7574 -> 0.7282  accuracy: 74.07% -> 74.07%     
client [77] (testset)   loss: 1.3131 -> 1.2839  accuracy: 36.36% -> 36.36%     
client [95] (testset)   loss: 1.3523 -> 1.3153  accuracy: 46.43% -> 46.43%     
client [91] (testset)   loss: 2.7129 -> 2.2209  accuracy: 0.00% -> 16.67%      
client [14] (testset)   loss: 1.2022 -> 1.0553  accuracy: 85.00% -> 85.00%     
client [99] (testset)   loss: 1.2356 -> 1.2637  accuracy: 71.43% -> 71.43%     
client [20] (testset)   loss: 1.2499 -> 1.1416  accuracy: 37.50% -> 37.50%     
client [39] (testset)   loss: 0.9756 -> 0.9325  accuracy: 78.57% -> 78.57%     
---------------------------- TRAINING EPOCH: 90 ----------------------------   
client [52] (testset)   loss: 0.9949 -> 0.9112  accuracy: 28.12% -> 65.62%     
client [62] (testset)   loss: 0.5549 -> 0.5395  accuracy: 95.45% -> 95.45%     
client [71] (testset)   loss: 0.8574 -> 0.8416  accuracy: 71.97% -> 71.97%     
client [97] (testset)   loss: 1.2521 -> 1.2656  accuracy: 42.02% -> 40.34%     
client [30] (testset)   loss: 1.3406 -> 1.3789  accuracy: 38.89% -> 38.89%     
client [88] (testset)   loss: 0.4634 -> 0.5288  accuracy: 87.41% -> 87.41%     
client [60] (testset)   loss: 0.4096 -> 0.4362  accuracy: 91.82% -> 91.82%     
client [82] (testset)   loss: 0.8723 -> 0.8406  accuracy: 69.05% -> 69.05%     
client [91] (testset)   loss: 2.3262 -> 3.2542  accuracy: 0.00% -> 16.67%      
client [57] (testset)   loss: 1.4552 -> 1.2979  accuracy: 40.91% -> 40.91%     
---------------------------- TRAINING EPOCH: 100 ----------------------------  
client [31] (testset)   loss: 0.6095 -> 0.6039  accuracy: 85.14% -> 85.14%     
client [15] (testset)   loss: 0.9725 -> 0.9754  accuracy: 39.73% -> 39.73%     
client [71] (testset)   loss: 0.8417 -> 0.8353  accuracy: 71.97% -> 71.97%     
client [97] (testset)   loss: 1.2905 -> 1.2537  accuracy: 42.02% -> 42.02%     
client [53] (testset)   loss: 0.7698 -> 0.7569  accuracy: 78.85% -> 78.85%     
client [77] (testset)   loss: 1.2836 -> 1.2262  accuracy: 36.36% -> 36.36%     
client [76] (testset)   loss: 2.9156 -> 2.9543  accuracy: 50.00% -> 50.00%     
client [79] (testset)   loss: 0.7293 -> 0.7365  accuracy: 64.00% -> 64.00%     
client [28] (testset)   loss: 1.1446 -> 1.1909  accuracy: 61.54% -> 61.54%     
client [99] (testset)   loss: 1.2915 -> 1.2759  accuracy: 71.43% -> 71.43%     
---------------------------- TRAINING EPOCH: 110 ----------------------------  
client [97] (testset)   loss: 1.2309 -> 1.2471  accuracy: 42.02% -> 40.34%     
client [86] (testset)   loss: 1.3860 -> 1.2931  accuracy: 31.48% -> 31.48%     
client [34] (testset)   loss: 0.6181 -> 0.6187  accuracy: 82.14% -> 82.14%     
client [73] (testset)   loss: 0.7705 -> 0.7152  accuracy: 76.92% -> 76.92%     
client [5]  (testset)   loss: 0.5445 -> 0.5641  accuracy: 90.00% -> 90.00%     
client [96] (testset)   loss: 1.1589 -> 1.1619  accuracy: 66.67% -> 66.67%     
client [22] (testset)   loss: 0.9874 -> 0.9846  accuracy: 52.54% -> 42.37%     
client [60] (testset)   loss: 0.4007 -> 0.4044  accuracy: 91.82% -> 91.82%     
client [66] (testset)   loss: 0.1941 -> 0.1858  accuracy: 97.75% -> 97.75%     
client [83] (testset)   loss: 0.4977 -> 0.4261  accuracy: 87.91% -> 87.91%     
---------------------------- TRAINING EPOCH: 120 ----------------------------  
client [76] (testset)   loss: 3.0418 -> 3.0675  accuracy: 50.00% -> 50.00%     
client [65] (testset)   loss: 1.1574 -> 1.1920  accuracy: 62.22% -> 62.22%     
client [95] (testset)   loss: 1.3277 -> 1.3304  accuracy: 46.43% -> 46.43%     
client [17] (testset)   loss: 0.8769 -> 0.8827  accuracy: 69.92% -> 69.92%     
client [8]  (testset)   loss: 1.1255 -> 1.0731  accuracy: 41.67% -> 41.67%     
client [35] (testset)   loss: 0.5122 -> 0.5182  accuracy: 85.00% -> 85.00%     
client [98] (testset)   loss: 0.2500 -> 0.2512  accuracy: 100.00% -> 100.00%   
client [53] (testset)   loss: 0.7842 -> 0.7703  accuracy: 78.85% -> 78.85%     
client [43] (testset)   loss: 0.7063 -> 0.6886  accuracy: 83.33% -> 83.33%     
client [64] (testset)   loss: 1.3166 -> 1.1643  accuracy: 0.00% -> 50.00%      
---------------------------- TRAINING EPOCH: 130 ----------------------------  
client [21] (testset)   loss: 0.7812 -> 0.7218  accuracy: 74.07% -> 74.07%     
client [88] (testset)   loss: 0.4642 -> 0.5051  accuracy: 87.41% -> 87.41%     
client [38] (testset)   loss: 0.8239 -> 0.8535  accuracy: 76.00% -> 76.00%     
client [3]  (testset)   loss: 1.9211 -> 1.8465  accuracy: 47.06% -> 17.65%     
client [5]  (testset)   loss: 0.5473 -> 0.5460  accuracy: 90.00% -> 90.00%     
client [41] (testset)   loss: 1.1230 -> 1.1335  accuracy: 65.43% -> 65.43%     
client [7]  (testset)   loss: 0.1277 -> 0.1244  accuracy: 97.73% -> 97.73%     
client [37] (testset)   loss: 1.0128 -> 1.0726  accuracy: 55.00% -> 55.00%     
client [45] (testset)   loss: 1.2798 -> 1.4822  accuracy: 36.36% -> 27.27%     
client [47] (testset)   loss: 0.6768 -> 0.6532  accuracy: 87.78% -> 87.78%     
---------------------------- TRAINING EPOCH: 140 ----------------------------  
client [16] (testset)   loss: 0.6925 -> 0.7354  accuracy: 78.95% -> 78.95%     
client [11] (testset)   loss: 0.6757 -> 0.5289  accuracy: 85.71% -> 85.71%     
client [37] (testset)   loss: 1.0766 -> 1.0731  accuracy: 55.00% -> 55.00%     
client [41] (testset)   loss: 1.1334 -> 1.1296  accuracy: 65.43% -> 65.43%     
client [95] (testset)   loss: 1.3427 -> 1.3342  accuracy: 46.43% -> 46.43%     
client [53] (testset)   loss: 0.7699 -> 0.7667  accuracy: 78.85% -> 78.85%     
client [22] (testset)   loss: 0.9767 -> 0.9789  accuracy: 52.54% -> 52.54%     
client [25] (testset)   loss: 0.3342 -> 0.3243  accuracy: 90.48% -> 90.48%     
client [69] (testset)   loss: 0.8426 -> 0.8307  accuracy: 71.15% -> 71.15%     
client [46] (testset)   loss: 0.9410 -> 0.9561  accuracy: 64.47% -> 64.47%     
---------------------------- TRAINING EPOCH: 150 ----------------------------  
client [47] (testset)   loss: 0.6227 -> 0.6334  accuracy: 87.78% -> 87.78%     
client [69] (testset)   loss: 0.8239 -> 0.8729  accuracy: 71.15% -> 71.15%     
client [82] (testset)   loss: 0.8502 -> 0.8466  accuracy: 69.05% -> 69.05%     
client [45] (testset)   loss: 1.5019 -> 1.2513  accuracy: 27.27% -> 27.27%     
client [7]  (testset)   loss: 0.1244 -> 0.1210  accuracy: 97.73% -> 97.73%     
client [50] (testset)   loss: 1.0502 -> 1.0568  accuracy: 55.56% -> 55.56%     
client [35] (testset)   loss: 0.5431 -> 0.5084  accuracy: 85.00% -> 85.00%     
client [24] (testset)   loss: 0.2913 -> 0.3051  accuracy: 93.75% -> 93.75%     
client [15] (testset)   loss: 0.9748 -> 0.9708  accuracy: 49.32% -> 49.32%     
client [58] (testset)   loss: 0.4848 -> 0.5000  accuracy: 86.70% -> 86.70%     
---------------------------- TRAINING EPOCH: 160 ----------------------------  
client [48] (testset)   loss: 0.6319 -> 0.6360  accuracy: 83.15% -> 83.15%     
client [76] (testset)   loss: 3.0993 -> 3.1213  accuracy: 50.00% -> 50.00%     
client [67] (testset)   loss: 0.7211 -> 0.6263  accuracy: 85.71% -> 85.71%     
client [37] (testset)   loss: 1.1006 -> 1.0466  accuracy: 55.00% -> 55.00%     
client [58] (testset)   loss: 0.4833 -> 0.4847  accuracy: 86.70% -> 86.70%     
client [64] (testset)   loss: 1.2375 -> 1.3433  accuracy: 50.00% -> 0.00%      
client [77] (testset)   loss: 1.2715 -> 1.2788  accuracy: 36.36% -> 36.36%     
client [55] (testset)   loss: 0.8259 -> 0.8533  accuracy: 83.78% -> 83.78%     
client [12] (testset)   loss: 1.2634 -> 1.2566  accuracy: 61.11% -> 61.11%     
client [89] (testset)   loss: 1.0352 -> 1.0619  accuracy: 40.00% -> 40.00%     
---------------------------- TRAINING EPOCH: 170 ----------------------------  
client [84] (testset)   loss: 1.6202 -> 1.6513  accuracy: 40.23% -> 40.23%     
client [51] (testset)   loss: 0.6729 -> 0.6723  accuracy: 80.00% -> 80.00%     
client [8]  (testset)   loss: 1.0974 -> 1.0684  accuracy: 41.67% -> 41.67%     
client [18] (testset)   loss: 0.1869 -> 0.1758  accuracy: 97.37% -> 97.37%     
client [94] (testset)   loss: 2.9417 -> 2.9417  accuracy: 83.33% -> 83.33%     
client [81] (testset)   loss: 0.4944 -> 0.4961  accuracy: 80.58% -> 80.58%     
client [3]  (testset)   loss: 2.0852 -> 1.8589  accuracy: 17.65% -> 17.65%     
client [11] (testset)   loss: 0.5138 -> 0.5036  accuracy: 85.71% -> 85.71%     
client [95] (testset)   loss: 1.3242 -> 1.3161  accuracy: 46.43% -> 46.43%     
client [67] (testset)   loss: 0.6265 -> 0.7123  accuracy: 85.71% -> 85.71%     
---------------------------- TRAINING EPOCH: 180 ----------------------------  
client [21] (testset)   loss: 0.7409 -> 0.7304  accuracy: 74.07% -> 74.07%     
client [79] (testset)   loss: 0.7575 -> 0.7114  accuracy: 64.00% -> 64.00%     
client [58] (testset)   loss: 0.4870 -> 0.5200  accuracy: 86.70% -> 86.70%     
client [88] (testset)   loss: 0.5339 -> 0.5406  accuracy: 87.41% -> 87.41%     
client [46] (testset)   loss: 0.9522 -> 0.9439  accuracy: 64.47% -> 64.47%     
client [11] (testset)   loss: 0.5037 -> 0.5051  accuracy: 85.71% -> 85.71%     
client [55] (testset)   loss: 0.8015 -> 0.8331  accuracy: 83.78% -> 83.78%     
client [13] (testset)   loss: 1.6103 -> 1.5600  accuracy: 46.03% -> 46.03%     
client [31] (testset)   loss: 0.6231 -> 0.6047  accuracy: 85.14% -> 85.14%     
client [75] (testset)   loss: 0.4486 -> 0.4484  accuracy: 100.00% -> 100.00%   
---------------------------- TRAINING EPOCH: 190 ----------------------------  
client [19] (testset)   loss: 0.5239 -> 0.6090  accuracy: 80.00% -> 80.00%     
client [7]  (testset)   loss: 0.1112 -> 0.1227  accuracy: 97.73% -> 97.73%     
client [57] (testset)   loss: 1.4302 -> 1.3566  accuracy: 40.91% -> 40.91%     
client [13] (testset)   loss: 1.5541 -> 1.5572  accuracy: 46.03% -> 46.03%     
client [43] (testset)   loss: 0.6928 -> 0.6998  accuracy: 83.33% -> 83.33%     
client [91] (testset)   loss: 2.9492 -> 2.5569  accuracy: 16.67% -> 16.67%     
client [10] (testset)   loss: 1.4819 -> 1.4622  accuracy: 46.88% -> 46.88%     
client [64] (testset)   loss: 1.2998 -> 1.3022  accuracy: 50.00% -> 50.00%     
client [82] (testset)   loss: 0.8662 -> 0.8437  accuracy: 69.05% -> 69.05%     
client [22] (testset)   loss: 0.9944 -> 0.9905  accuracy: 52.54% -> 52.54%     
---------------------------- TRAINING EPOCH: 200 ----------------------------  
client [20] (testset)   loss: 1.2041 -> 1.1420  accuracy: 37.50% -> 37.50%     
client [23] (testset)   loss: 1.9565 -> 2.0029  accuracy: 39.13% -> 39.13%     
client [88] (testset)   loss: 0.5409 -> 0.5180  accuracy: 87.41% -> 87.41%     
client [98] (testset)   loss: 0.2519 -> 0.2504  accuracy: 100.00% -> 100.00%   
client [79] (testset)   loss: 0.7194 -> 0.7254  accuracy: 64.00% -> 64.00%     
client [21] (testset)   loss: 0.7282 -> 0.7394  accuracy: 74.07% -> 74.07%     
client [92] (testset)   loss: 1.2570 -> 1.2696  accuracy: 55.10% -> 55.10%     
client [56] (testset)   loss: 0.7177 -> 0.7161  accuracy: 79.34% -> 79.34%     
client [5]  (testset)   loss: 0.5718 -> 0.5428  accuracy: 90.00% -> 90.00%     
client [52] (testset)   loss: 0.9247 -> 0.9311  accuracy: 65.62% -> 65.62%     
FedFew's average time taken by each global epoch: 0 min 1.00 sec.              
FedFew's total running time: 0 h 3 m 22 s.                                     
==================== FedFew Experiment Results: ====================           
Display format: (before local fine-tuning) -> (after local fine-tuning)        
 So if finetune_epoch = 0, x.xx% -> 0.00% is normal.                           
 Centralized testing ONLY happens after model aggregation, so the stats between
'->' are the same.                                                             
{                                                                              
    "100": {                                                                   
        "all_clients": {                                                       
            "test": {                                                          
                "loss": "0.9188 -> 0.0000",                                    
                "accuracy": "65.85% -> 0.00%"                                  
            }                                                                  
        }                                                                      
    },                                                                         
    "200": {                                                                   
        "all_clients": {                                                       
            "test": {                                                          
                "loss": "0.9163 -> 0.0000",                                    
                "accuracy": "66.38% -> 0.00%"                                  
            }                                                                  
        }                                                                      
    }                                                                          
}                                                                              
==================== FedFew Max Accuracy ====================                  
all_clients:                                                                   
(test) before fine-tuning: 66.38% at epoch 200                                 
(test) after fine-tuning: 0.00% at epoch 100                                   
