==================== FedFew ====================                               
Experiment Arguments:                                                          
{
    'method': 'fedfew',
    'dataset': {
        'name': 'mnist',
        'client_num': 100,
        'test_ratio': 0.25,
        'val_ratio': 0.0,
        'seed': 42,
        'split': 'sample',
        'IID_ratio': 0.0,
        'monitor_window_name_suffix': 'mnist-100clients-0%IID-Dir(0.1)-seed42',
        'alpha': 0.1,
        'min_samples_per_client': 10
    },
    'model': {
        'name': 'avgcnn',
        'use_torchvision_pretrained_weights': True,
        'external_model_weights_path': None
    },
    'optimizer': {
        'lr': 0.01,
        'dampening': 0,
        'weight_decay': 0,
        'momentum': 0.7,
        'nesterov': False,
        'name': 'sgd'
    },
    'mode': 'serial',
    'parallel': {
        'ray_cluster_addr': None,
        'num_cpus': None,
        'num_gpus': None,
        'num_workers': 2
    },
    'common': {
        'seed': 42,
        'join_ratio': 0.1,
        'global_epoch': 400,
        'local_epoch': 5,
        'batch_size': 32,
        'reset_optimizer_on_global_epoch': True,
        'straggler_ratio': 0,
        'straggler_min_local_epoch': 0,
        'buffers': 'global',
        'client_side_evaluation': True,
        'test': {
            'client': {
                'interval': 100,
                'finetune_epoch': 0,
                'train': False,
                'val': False,
                'test': True
            },
            'server': {
                'interval': -1,
                'train': False,
                'val': False,
                'test': True,
                'model_in_train_mode': False
            }
        },
        'verbose_gap': 10,
        'monitor': None,
        'use_cuda': True,
        'save_log': True,
        'save_model': False,
        'save_learning_curve_plot': True,
        'save_metrics': True,
        'delete_useless_run': True
    },
    'fedprox': {
        'mu': 0.01
    },
    'pfedsim': {
        'warmup_round': 0.5
    },
    'fedfew': {
        'ig_ratio': 0.7,
        'alpha': 0.5,
        'norm': 'global',
        'EMA': False,
        'track': False,
        'type': 'Main'
    }
}
---------------------------- TRAINING EPOCH: 10 ----------------------------   
client [77] (testset)   loss: 0.1394 -> 0.1313  accuracy: 96.58% -> 97.26%     
client [81] (testset)   loss: 0.0811 -> 0.0568  accuracy: 98.15% -> 98.77%     
client [21] (testset)   loss: 2.1378 -> 0.2542  accuracy: 49.02% -> 91.18%     
client [68] (testset)   loss: 0.3193 -> 0.2280  accuracy: 91.53% -> 94.92%     
client [93] (testset)   loss: 0.7027 -> 0.3219  accuracy: 90.32% -> 93.55%     
client [31] (testset)   loss: 1.3054 -> 1.0916  accuracy: 57.14% -> 57.14%     
client [20] (testset)   loss: 0.2297 -> 0.2498  accuracy: 92.31% -> 94.12%     
client [59] (testset)   loss: 2.1396 -> 1.3274  accuracy: 50.00% -> 62.50%     
client [48] (testset)   loss: 0.1051 -> 0.1143  accuracy: 98.06% -> 98.06%     
client [34] (testset)   loss: 1.0324 -> 0.9966  accuracy: 66.67% -> 66.67%     
---------------------------- TRAINING EPOCH: 20 ----------------------------   
client [69] (testset)   loss: 0.0433 -> 0.0294  accuracy: 98.72% -> 98.91%     
client [99] (testset)   loss: 1.2108 -> 1.0823  accuracy: 80.95% -> 80.95%     
client [67] (testset)   loss: 0.2002 -> 0.0903  accuracy: 91.89% -> 94.59%     
client [0]  (testset)   loss: 0.1304 -> 0.0777  accuracy: 95.28% -> 98.11%     
client [76] (testset)   loss: 0.3540 -> 0.3845  accuracy: 94.81% -> 94.81%     
client [41] (testset)   loss: 0.1041 -> 0.0481  accuracy: 97.89% -> 96.84%     
client [62] (testset)   loss: 2.1014 -> 0.2312  accuracy: 55.80% -> 93.37%     
client [2]  (testset)   loss: 2.1019 -> 0.0730  accuracy: 71.29% -> 98.67%     
client [14] (testset)   loss: 0.0695 -> 0.0662  accuracy: 97.22% -> 97.92%     
client [46] (testset)   loss: 0.0580 -> 0.0633  accuracy: 98.42% -> 98.20%     
---------------------------- TRAINING EPOCH: 30 ----------------------------   
client [24] (testset)   loss: 0.2087 -> 0.1971  accuracy: 95.95% -> 95.95%     
client [68] (testset)   loss: 0.1775 -> 0.1918  accuracy: 94.92% -> 96.61%     
client [57] (testset)   loss: 0.0956 -> 0.0870  accuracy: 98.55% -> 99.03%     
client [17] (testset)   loss: 0.1071 -> 0.0869  accuracy: 96.89% -> 97.28%     
client [54] (testset)   loss: 0.6484 -> 0.6652  accuracy: 90.70% -> 90.70%     
client [23] (testset)   loss: 2.0751 -> 0.2596  accuracy: 77.14% -> 94.29%     
client [35] (testset)   loss: 0.1807 -> 0.1465  accuracy: 95.10% -> 95.10%     
client [59] (testset)   loss: 0.8066 -> 0.6387  accuracy: 87.50% -> 87.50%     
client [31] (testset)   loss: 0.4574 -> 0.4242  accuracy: 85.71% -> 85.71%     
client [9]  (testset)   loss: 0.0824 -> 0.0936  accuracy: 97.39% -> 96.91%     
---------------------------- TRAINING EPOCH: 40 ----------------------------   
client [64] (testset)   loss: 0.0488 -> 0.0492  accuracy: 98.33% -> 98.06%     
client [33] (testset)   loss: 0.0717 -> 0.0748  accuracy: 99.02% -> 99.18%     
client [16] (testset)   loss: 0.1482 -> 0.1025  accuracy: 95.71% -> 95.71%     
client [44] (testset)   loss: 0.1375 -> 0.0992  accuracy: 96.12% -> 96.72%     
client [8]  (testset)   loss: 0.0014 -> 0.0011  accuracy: 100.00% -> 100.00%   
client [31] (testset)   loss: 0.3782 -> 0.3705  accuracy: 85.71% -> 85.71%     
client [47] (testset)   loss: 0.1151 -> 0.1237  accuracy: 98.86% -> 98.86%     
client [36] (testset)   loss: 0.1217 -> 0.0746  accuracy: 96.95% -> 97.97%     
client [20] (testset)   loss: 0.2787 -> 0.2680  accuracy: 94.12% -> 94.12%     
client [56] (testset)   loss: 0.0770 -> 0.0648  accuracy: 97.85% -> 98.92%     
---------------------------- TRAINING EPOCH: 50 ----------------------------   
client [4]  (testset)   loss: 0.1214 -> 0.1275  accuracy: 97.80% -> 97.80%     
client [60] (testset)   loss: 0.1642 -> 0.1731  accuracy: 96.00% -> 96.00%     
client [28] (testset)   loss: 0.0346 -> 0.0308  accuracy: 99.33% -> 99.33%     
client [25] (testset)   loss: 0.0587 -> 0.0468  accuracy: 96.55% -> 97.70%     
client [58] (testset)   loss: 0.1482 -> 0.1431  accuracy: 94.33% -> 95.74%     
client [44] (testset)   loss: 0.1035 -> 0.0971  accuracy: 96.72% -> 97.31%     
client [39] (testset)   loss: 0.0195 -> 0.0117  accuracy: 99.26% -> 99.51%     
client [29] (testset)   loss: 0.0408 -> 0.0420  accuracy: 98.52% -> 98.52%     
client [3]  (testset)   loss: 0.0463 -> 0.0470  accuracy: 98.32% -> 98.11%     
client [84] (testset)   loss: 0.0494 -> 0.0385  accuracy: 100.00% -> 100.00%   
---------------------------- TRAINING EPOCH: 60 ----------------------------   
client [21] (testset)   loss: 0.1652 -> 0.1184  accuracy: 94.12% -> 95.10%     
client [84] (testset)   loss: 0.0348 -> 0.0268  accuracy: 100.00% -> 100.00%   
client [10] (testset)   loss: 0.0324 -> 0.0315  accuracy: 99.01% -> 99.01%     
client [36] (testset)   loss: 0.0558 -> 0.0597  accuracy: 97.46% -> 97.46%     
client [65] (testset)   loss: 0.0366 -> 0.0371  accuracy: 98.74% -> 98.74%     
client [81] (testset)   loss: 0.0636 -> 0.0616  accuracy: 98.77% -> 98.77%     
client [79] (testset)   loss: 0.0713 -> 0.0625  accuracy: 98.46% -> 98.46%     
client [42] (testset)   loss: 0.2135 -> 0.2202  accuracy: 95.63% -> 95.63%     
client [11] (testset)   loss: 0.6016 -> 0.5774  accuracy: 66.67% -> 66.67%     
client [96] (testset)   loss: 0.0472 -> 0.0471  accuracy: 97.06% -> 97.06%     
---------------------------- TRAINING EPOCH: 70 ----------------------------   
client [8]  (testset)   loss: 0.0008 -> 0.0007  accuracy: 100.00% -> 100.00%   
client [53] (testset)   loss: 0.1512 -> 0.1612  accuracy: 96.00% -> 96.00%     
client [52] (testset)   loss: 0.0065 -> 0.0056  accuracy: 100.00% -> 100.00%   
client [42] (testset)   loss: 0.2367 -> 0.2478  accuracy: 95.63% -> 95.63%     
client [69] (testset)   loss: 0.0295 -> 0.0289  accuracy: 99.09% -> 99.09%     
client [59] (testset)   loss: 0.4006 -> 0.3767  accuracy: 87.50% -> 87.50%     
client [7]  (testset)   loss: 0.2005 -> 0.1637  accuracy: 87.50% -> 87.50%     
client [26] (testset)   loss: 0.6322 -> 0.6325  accuracy: 87.50% -> 91.67%     
client [49] (testset)   loss: 0.0042 -> 0.0048  accuracy: 100.00% -> 99.55%    
client [98] (testset)   loss: 0.1862 -> 0.1891  accuracy: 97.06% -> 97.06%     
---------------------------- TRAINING EPOCH: 80 ----------------------------   
client [98] (testset)   loss: 0.2030 -> 0.1860  accuracy: 97.06% -> 97.06%     
client [47] (testset)   loss: 0.1228 -> 0.1259  accuracy: 98.86% -> 98.86%     
client [21] (testset)   loss: 0.0842 -> 0.0887  accuracy: 97.06% -> 97.06%     
client [77] (testset)   loss: 0.1686 -> 0.1737  accuracy: 95.89% -> 95.89%     
client [95] (testset)   loss: 0.0109 -> 0.0120  accuracy: 99.64% -> 99.28%     
client [91] (testset)   loss: 0.0589 -> 0.0613  accuracy: 98.84% -> 98.84%     
client [14] (testset)   loss: 0.0662 -> 0.0661  accuracy: 98.61% -> 98.61%     
client [99] (testset)   loss: 1.0430 -> 1.0757  accuracy: 80.95% -> 76.19%     
client [20] (testset)   loss: 0.2818 -> 0.2793  accuracy: 94.12% -> 94.57%     
client [39] (testset)   loss: 0.0078 -> 0.0075  accuracy: 99.75% -> 99.75%     
---------------------------- TRAINING EPOCH: 90 ----------------------------   
client [52] (testset)   loss: 0.0054 -> 0.0061  accuracy: 100.00% -> 100.00%   
client [62] (testset)   loss: 0.1097 -> 0.1151  accuracy: 97.79% -> 97.79%     
client [71] (testset)   loss: 0.0717 -> 0.0744  accuracy: 98.14% -> 98.14%     
client [97] (testset)   loss: 0.0310 -> 0.0325  accuracy: 98.33% -> 98.66%     
client [30] (testset)   loss: 0.4437 -> 0.4592  accuracy: 95.00% -> 95.00%     
client [88] (testset)   loss: 0.1153 -> 0.1167  accuracy: 98.53% -> 98.53%     
client [60] (testset)   loss: 0.1774 -> 0.1754  accuracy: 96.00% -> 96.00%     
client [82] (testset)   loss: 0.1960 -> 0.2133  accuracy: 95.77% -> 95.77%     
client [91] (testset)   loss: 0.0614 -> 0.0631  accuracy: 98.84% -> 98.68%     
client [57] (testset)   loss: 0.1004 -> 0.1041  accuracy: 99.03% -> 99.03%     
---------------------------- TRAINING EPOCH: 100 ----------------------------  
client [31] (testset)   loss: 0.2925 -> 0.3276  accuracy: 85.71% -> 85.71%     
client [15] (testset)   loss: 0.0779 -> 0.0763  accuracy: 98.17% -> 98.17%     
client [71] (testset)   loss: 0.0748 -> 0.0811  accuracy: 98.14% -> 97.91%     
client [97] (testset)   loss: 0.0345 -> 0.0315  accuracy: 98.66% -> 98.66%     
client [53] (testset)   loss: 0.1837 -> 0.1865  accuracy: 96.00% -> 96.00%     
client [77] (testset)   loss: 0.1691 -> 0.1742  accuracy: 95.89% -> 95.89%     
client [76] (testset)   loss: 0.4658 -> 0.4795  accuracy: 94.81% -> 94.81%     
client [79] (testset)   loss: 0.0732 -> 0.0746  accuracy: 98.46% -> 98.46%     
client [28] (testset)   loss: 0.0329 -> 0.0355  accuracy: 99.33% -> 99.33%     
client [99] (testset)   loss: 1.1146 -> 1.1357  accuracy: 80.95% -> 80.95%     
---------------------------- TRAINING EPOCH: 110 ----------------------------  
client [97] (testset)   loss: 0.0320 -> 0.0319  accuracy: 98.66% -> 98.66%     
client [86] (testset)   loss: 0.0624 -> 0.0606  accuracy: 98.36% -> 98.36%     
client [34] (testset)   loss: 0.7937 -> 0.7826  accuracy: 88.89% -> 88.89%     
client [73] (testset)   loss: 0.2080 -> 0.2065  accuracy: 91.18% -> 94.12%     
client [5]  (testset)   loss: 0.1756 -> 0.1763  accuracy: 95.86% -> 95.17%     
client [96] (testset)   loss: 0.0474 -> 0.0492  accuracy: 98.04% -> 98.04%     
client [22] (testset)   loss: 0.0808 -> 0.0951  accuracy: 95.74% -> 95.74%     
client [60] (testset)   loss: 0.1764 -> 0.1794  accuracy: 96.00% -> 96.00%     
client [66] (testset)   loss: 0.1737 -> 0.1716  accuracy: 93.81% -> 94.69%     
client [83] (testset)   loss: 0.2268 -> 0.2339  accuracy: 94.66% -> 94.66%     
---------------------------- TRAINING EPOCH: 120 ----------------------------  
client [76] (testset)   loss: 0.4870 -> 0.4955  accuracy: 94.81% -> 94.81%     
client [65] (testset)   loss: 0.0371 -> 0.0376  accuracy: 99.16% -> 99.16%     
client [95] (testset)   loss: 0.0131 -> 0.0118  accuracy: 99.28% -> 99.28%     
client [17] (testset)   loss: 0.0931 -> 0.0986  accuracy: 98.05% -> 98.05%     
client [8]  (testset)   loss: 0.0005 -> 0.0004  accuracy: 100.00% -> 100.00%   
client [35] (testset)   loss: 0.1597 -> 0.1539  accuracy: 95.10% -> 95.10%     
client [98] (testset)   loss: 0.1883 -> 0.1955  accuracy: 97.06% -> 97.06%     
client [53] (testset)   loss: 0.1913 -> 0.2034  accuracy: 96.00% -> 96.00%     
client [43] (testset)   loss: 0.2241 -> 0.2250  accuracy: 93.05% -> 93.05%     
client [64] (testset)   loss: 0.0516 -> 0.0536  accuracy: 98.06% -> 98.06%     
---------------------------- TRAINING EPOCH: 130 ----------------------------  
client [21] (testset)   loss: 0.0847 -> 0.0853  accuracy: 96.08% -> 97.06%     
client [88] (testset)   loss: 0.1215 -> 0.1227  accuracy: 98.53% -> 98.53%     
client [38] (testset)   loss: 0.1495 -> 0.1488  accuracy: 96.49% -> 96.49%     
client [3]  (testset)   loss: 0.0439 -> 0.0449  accuracy: 98.53% -> 98.53%     
client [5]  (testset)   loss: 0.1753 -> 0.1812  accuracy: 95.17% -> 95.86%     
client [41] (testset)   loss: 0.0409 -> 0.0386  accuracy: 97.89% -> 97.89%     
client [7]  (testset)   loss: 0.1323 -> 0.1280  accuracy: 87.50% -> 87.50%     
client [37] (testset)   loss: 0.3054 -> 0.3300  accuracy: 95.24% -> 95.24%     
client [45] (testset)   loss: 0.0527 -> 0.0497  accuracy: 98.47% -> 98.47%     
client [47] (testset)   loss: 0.1319 -> 0.1359  accuracy: 98.86% -> 98.86%     
---------------------------- TRAINING EPOCH: 140 ----------------------------  
client [16] (testset)   loss: 0.0968 -> 0.0949  accuracy: 98.57% -> 98.57%     
client [11] (testset)   loss: 0.4456 -> 0.4752  accuracy: 66.67% -> 66.67%     
client [37] (testset)   loss: 0.3423 -> 0.3401  accuracy: 95.24% -> 95.24%     
client [41] (testset)   loss: 0.0369 -> 0.0384  accuracy: 97.89% -> 97.89%     
client [95] (testset)   loss: 0.0119 -> 0.0110  accuracy: 99.28% -> 99.28%     
client [53] (testset)   loss: 0.2036 -> 0.2070  accuracy: 96.00% -> 96.00%     
client [22] (testset)   loss: 0.0933 -> 0.0963  accuracy: 95.74% -> 95.74%     
client [25] (testset)   loss: 0.0316 -> 0.0297  accuracy: 98.85% -> 98.85%     
client [69] (testset)   loss: 0.0301 -> 0.0298  accuracy: 99.27% -> 99.09%     
client [46] (testset)   loss: 0.0665 -> 0.0681  accuracy: 98.42% -> 98.65%     
---------------------------- TRAINING EPOCH: 150 ----------------------------  
client [47] (testset)   loss: 0.1379 -> 0.1380  accuracy: 98.86% -> 98.86%     
client [69] (testset)   loss: 0.0312 -> 0.0313  accuracy: 99.09% -> 99.09%     
client [82] (testset)   loss: 0.2076 -> 0.2200  accuracy: 95.77% -> 95.77%     
client [45] (testset)   loss: 0.0500 -> 0.0525  accuracy: 98.47% -> 98.47%     
client [7]  (testset)   loss: 0.1381 -> 0.1198  accuracy: 87.50% -> 100.00%    
client [50] (testset)   loss: 0.2061 -> 0.2119  accuracy: 95.38% -> 94.87%     
client [35] (testset)   loss: 0.1648 -> 0.1686  accuracy: 95.10% -> 95.10%     
client [24] (testset)   loss: 0.2399 -> 0.2462  accuracy: 95.95% -> 95.95%     
client [15] (testset)   loss: 0.0765 -> 0.0748  accuracy: 98.17% -> 98.17%     
client [58] (testset)   loss: 0.1655 -> 0.1622  accuracy: 95.04% -> 95.74%     
---------------------------- TRAINING EPOCH: 160 ----------------------------  
client [48] (testset)   loss: 0.1393 -> 0.1363  accuracy: 98.06% -> 98.06%     
client [76] (testset)   loss: 0.5107 -> 0.5148  accuracy: 94.81% -> 94.81%     
client [67] (testset)   loss: 0.0227 -> 0.0196  accuracy: 100.00% -> 100.00%   
client [37] (testset)   loss: 0.3461 -> 0.3415  accuracy: 95.67% -> 95.67%     
client [58] (testset)   loss: 0.1624 -> 0.1635  accuracy: 95.74% -> 95.74%     
client [64] (testset)   loss: 0.0534 -> 0.0553  accuracy: 98.06% -> 98.06%     
client [77] (testset)   loss: 0.1886 -> 0.1912  accuracy: 95.89% -> 95.89%     
client [55] (testset)   loss: 0.0747 -> 0.0755  accuracy: 97.96% -> 97.96%     
client [12] (testset)   loss: 0.0490 -> 0.0491  accuracy: 97.52% -> 97.52%     
client [89] (testset)   loss: 0.2356 -> 0.2639  accuracy: 93.94% -> 93.94%     
---------------------------- TRAINING EPOCH: 170 ----------------------------  
client [84] (testset)   loss: 0.0071 -> 0.0068  accuracy: 100.00% -> 100.00%   
client [51] (testset)   loss: 0.1305 -> 0.1426  accuracy: 91.43% -> 91.43%     
client [8]  (testset)   loss: 0.0003 -> 0.0003  accuracy: 100.00% -> 100.00%   
client [18] (testset)   loss: 0.1592 -> 0.1589  accuracy: 95.52% -> 95.52%     
client [94] (testset)   loss: 0.0010 -> 0.0009  accuracy: 100.00% -> 100.00%   
client [81] (testset)   loss: 0.0736 -> 0.0724  accuracy: 98.77% -> 98.77%     
client [3]  (testset)   loss: 0.0449 -> 0.0448  accuracy: 98.53% -> 98.53%     
client [11] (testset)   loss: 0.4579 -> 0.4769  accuracy: 66.67% -> 66.67%     
client [95] (testset)   loss: 0.0120 -> 0.0107  accuracy: 99.28% -> 99.28%     
client [67] (testset)   loss: 0.0197 -> 0.0200  accuracy: 100.00% -> 100.00%   
---------------------------- TRAINING EPOCH: 180 ----------------------------  
client [21] (testset)   loss: 0.0823 -> 0.0814  accuracy: 97.06% -> 97.06%     
client [79] (testset)   loss: 0.0833 -> 0.0858  accuracy: 98.46% -> 98.46%     
client [58] (testset)   loss: 0.1671 -> 0.1637  accuracy: 95.04% -> 95.74%     
client [88] (testset)   loss: 0.1287 -> 0.1288  accuracy: 98.53% -> 98.53%     
client [46] (testset)   loss: 0.0700 -> 0.0716  accuracy: 98.65% -> 98.42%     
client [11] (testset)   loss: 0.4611 -> 0.4661  accuracy: 66.67% -> 66.67%     
client [55] (testset)   loss: 0.0774 -> 0.0797  accuracy: 97.96% -> 97.96%     
client [13] (testset)   loss: 0.5350 -> 0.5354  accuracy: 79.17% -> 79.17%     
client [31] (testset)   loss: 0.2830 -> 0.3195  accuracy: 85.71% -> 85.71%     
client [75] (testset)   loss: 0.0411 -> 0.0420  accuracy: 98.76% -> 98.45%     
---------------------------- TRAINING EPOCH: 190 ----------------------------  
client [19] (testset)   loss: 0.0535 -> 0.0464  accuracy: 98.15% -> 98.15%     
client [7]  (testset)   loss: 0.0955 -> 0.0929  accuracy: 100.00% -> 100.00%   
client [57] (testset)   loss: 0.1201 -> 0.1224  accuracy: 99.03% -> 99.03%     
client [13] (testset)   loss: 0.6001 -> 0.6233  accuracy: 79.17% -> 79.17%     
client [43] (testset)   loss: 0.2416 -> 0.2403  accuracy: 93.05% -> 93.05%     
client [91] (testset)   loss: 0.0650 -> 0.0658  accuracy: 98.68% -> 98.68%     
client [10] (testset)   loss: 0.0176 -> 0.0182  accuracy: 99.01% -> 99.01%     
client [64] (testset)   loss: 0.0558 -> 0.0573  accuracy: 98.06% -> 98.06%     
client [82] (testset)   loss: 0.2115 -> 0.2232  accuracy: 95.77% -> 95.77%     
client [22] (testset)   loss: 0.0908 -> 0.0888  accuracy: 97.87% -> 97.87%     
---------------------------- TRAINING EPOCH: 200 ----------------------------  
client [20] (testset)   loss: 0.3024 -> 0.2878  accuracy: 94.57% -> 94.57%     
client [23] (testset)   loss: 0.0518 -> 0.0532  accuracy: 97.14% -> 97.14%     
client [88] (testset)   loss: 0.1272 -> 0.1289  accuracy: 98.53% -> 98.53%     
client [98] (testset)   loss: 0.2029 -> 0.1986  accuracy: 97.06% -> 97.06%     
client [79] (testset)   loss: 0.0809 -> 0.0865  accuracy: 98.46% -> 98.46%     
client [21] (testset)   loss: 0.0742 -> 0.0818  accuracy: 97.06% -> 97.06%     
client [92] (testset)   loss: 0.0194 -> 0.0161  accuracy: 100.00% -> 100.00%   
client [56] (testset)   loss: 0.1030 -> 0.1075  accuracy: 97.85% -> 97.85%     
client [5]  (testset)   loss: 0.1992 -> 0.1922  accuracy: 95.86% -> 95.17%     
client [52] (testset)   loss: 0.0026 -> 0.0032  accuracy: 100.00% -> 100.00%   
---------------------------- TRAINING EPOCH: 210 ----------------------------  
client [67] (testset)   loss: 0.0166 -> 0.0165  accuracy: 100.00% -> 100.00%   
client [54] (testset)   loss: 0.8054 -> 0.8206  accuracy: 93.02% -> 93.02%     
client [14] (testset)   loss: 0.0713 -> 0.0735  accuracy: 98.61% -> 98.61%     
client [99] (testset)   loss: 1.2944 -> 1.3601  accuracy: 80.95% -> 80.95%     
client [36] (testset)   loss: 0.0762 -> 0.0764  accuracy: 97.97% -> 97.97%     
client [30] (testset)   loss: 0.5418 -> 0.5372  accuracy: 95.00% -> 95.00%     
client [38] (testset)   loss: 0.1579 -> 0.1517  accuracy: 96.49% -> 96.49%     
client [15] (testset)   loss: 0.0831 -> 0.0817  accuracy: 98.17% -> 98.17%     
client [6]  (testset)   loss: 0.0154 -> 0.0161  accuracy: 99.74% -> 99.48%     
client [53] (testset)   loss: 0.2148 -> 0.2306  accuracy: 96.00% -> 96.00%     
---------------------------- TRAINING EPOCH: 220 ----------------------------  
client [99] (testset)   loss: 1.3956 -> 1.3997  accuracy: 80.95% -> 80.95%     
client [6]  (testset)   loss: 0.0159 -> 0.0160  accuracy: 99.48% -> 99.48%     
client [83] (testset)   loss: 0.2577 -> 0.2583  accuracy: 94.66% -> 94.66%     
client [42] (testset)   loss: 0.2800 -> 0.2813  accuracy: 95.63% -> 95.63%     
client [34] (testset)   loss: 0.8247 -> 0.8317  accuracy: 88.89% -> 88.89%     
client [15] (testset)   loss: 0.0790 -> 0.0790  accuracy: 98.17% -> 98.17%     
client [47] (testset)   loss: 0.1444 -> 0.1466  accuracy: 98.86% -> 98.86%     
client [55] (testset)   loss: 0.0797 -> 0.0795  accuracy: 97.96% -> 97.96%     
client [51] (testset)   loss: 0.1251 -> 0.1185  accuracy: 91.43% -> 91.43%     
client [95] (testset)   loss: 0.0100 -> 0.0098  accuracy: 99.64% -> 99.64%     
---------------------------- TRAINING EPOCH: 230 ----------------------------  
client [71] (testset)   loss: 0.0866 -> 0.0876  accuracy: 98.14% -> 98.14%     
client [15] (testset)   loss: 0.0801 -> 0.0800  accuracy: 98.17% -> 98.17%     
client [33] (testset)   loss: 0.0898 -> 0.0902  accuracy: 99.02% -> 99.18%     
client [99] (testset)   loss: 1.3479 -> 1.4050  accuracy: 80.95% -> 80.95%     
client [90] (testset)   loss: 0.1485 -> 0.1486  accuracy: 96.72% -> 97.08%     
client [57] (testset)   loss: 0.1275 -> 0.1295  accuracy: 99.03% -> 99.03%     
client [27] (testset)   loss: 0.1964 -> 0.1964  accuracy: 97.86% -> 97.86%     
client [78] (testset)   loss: 0.0317 -> 0.0322  accuracy: 99.36% -> 99.36%     
client [36] (testset)   loss: 0.0778 -> 0.0777  accuracy: 97.97% -> 97.97%     
client [88] (testset)   loss: 0.1321 -> 0.1322  accuracy: 98.53% -> 98.53%     
---------------------------- TRAINING EPOCH: 240 ----------------------------  
client [70] (testset)   loss: 0.1577 -> 0.1594  accuracy: 98.35% -> 98.35%     
client [35] (testset)   loss: 0.1635 -> 0.1735  accuracy: 95.10% -> 95.10%     
client [16] (testset)   loss: 0.0991 -> 0.1009  accuracy: 98.57% -> 98.57%     
client [80] (testset)   loss: 0.0023 -> 0.0019  accuracy: 100.00% -> 100.00%   
client [38] (testset)   loss: 0.1541 -> 0.1555  accuracy: 96.49% -> 96.49%     
client [78] (testset)   loss: 0.0314 -> 0.0317  accuracy: 99.36% -> 99.36%     
client [68] (testset)   loss: 0.1837 -> 0.1844  accuracy: 96.61% -> 96.61%     
client [11] (testset)   loss: 0.4295 -> 0.4354  accuracy: 66.67% -> 66.67%     
client [64] (testset)   loss: 0.0574 -> 0.0581  accuracy: 98.06% -> 98.06%     
client [82] (testset)   loss: 0.2231 -> 0.2284  accuracy: 95.77% -> 95.77%     
---------------------------- TRAINING EPOCH: 250 ----------------------------  
client [30] (testset)   loss: 0.5632 -> 0.5667  accuracy: 95.00% -> 95.00%     
client [27] (testset)   loss: 0.1989 -> 0.1984  accuracy: 97.86% -> 97.86%     
client [74] (testset)   loss: 0.1921 -> 0.1924  accuracy: 97.23% -> 97.23%     
client [45] (testset)   loss: 0.0560 -> 0.0553  accuracy: 98.47% -> 98.47%     
client [6]  (testset)   loss: 0.0155 -> 0.0151  accuracy: 99.48% -> 99.74%     
client [36] (testset)   loss: 0.0777 -> 0.0785  accuracy: 97.97% -> 97.97%     
client [63] (testset)   loss: 0.1697 -> 0.1735  accuracy: 97.81% -> 97.81%     
client [76] (testset)   loss: 0.5406 -> 0.5466  accuracy: 94.81% -> 94.81%     
client [83] (testset)   loss: 0.2642 -> 0.2624  accuracy: 94.66% -> 94.66%     
client [86] (testset)   loss: 0.0642 -> 0.0674  accuracy: 98.63% -> 98.36%     
---------------------------- TRAINING EPOCH: 260 ----------------------------  
client [83] (testset)   loss: 0.2570 -> 0.2613  accuracy: 94.66% -> 94.66%     
client [99] (testset)   loss: 1.4536 -> 1.4438  accuracy: 80.95% -> 80.95%     
client [74] (testset)   loss: 0.1958 -> 0.1952  accuracy: 96.92% -> 96.92%     
client [73] (testset)   loss: 0.2135 -> 0.2148  accuracy: 91.18% -> 94.12%     
client [29] (testset)   loss: 0.0425 -> 0.0427  accuracy: 98.52% -> 98.52%     
client [92] (testset)   loss: 0.0151 -> 0.0121  accuracy: 100.00% -> 100.00%   
client [6]  (testset)   loss: 0.0163 -> 0.0154  accuracy: 99.48% -> 99.48%     
client [61] (testset)   loss: 0.0507 -> 0.0505  accuracy: 99.41% -> 99.12%     
client [21] (testset)   loss: 0.0684 -> 0.0791  accuracy: 97.06% -> 97.06%     
client [67] (testset)   loss: 0.0154 -> 0.0161  accuracy: 100.00% -> 100.00%   
---------------------------- TRAINING EPOCH: 270 ----------------------------  
client [83] (testset)   loss: 0.2674 -> 0.2664  accuracy: 94.66% -> 94.66%     
client [32] (testset)   loss: 0.2253 -> 0.2236  accuracy: 96.03% -> 96.03%     
client [95] (testset)   loss: 0.0095 -> 0.0086  accuracy: 99.64% -> 99.64%     
client [61] (testset)   loss: 0.0518 -> 0.0527  accuracy: 99.12% -> 99.12%     
client [27] (testset)   loss: 0.1968 -> 0.1975  accuracy: 97.86% -> 97.86%     
client [25] (testset)   loss: 0.0271 -> 0.0276  accuracy: 98.85% -> 98.85%     
client [68] (testset)   loss: 0.1799 -> 0.1833  accuracy: 96.61% -> 96.61%     
client [34] (testset)   loss: 0.8402 -> 0.8533  accuracy: 88.89% -> 88.89%     
client [71] (testset)   loss: 0.0913 -> 0.0915  accuracy: 97.91% -> 98.14%     
client [89] (testset)   loss: 0.2596 -> 0.2693  accuracy: 93.94% -> 93.94%     
---------------------------- TRAINING EPOCH: 280 ----------------------------  
client [78] (testset)   loss: 0.0316 -> 0.0313  accuracy: 99.36% -> 99.36%     
client [81] (testset)   loss: 0.0793 -> 0.0803  accuracy: 98.77% -> 98.77%     
client [51] (testset)   loss: 0.1157 -> 0.1151  accuracy: 91.43% -> 94.29%     
client [54] (testset)   loss: 0.8530 -> 0.8301  accuracy: 90.70% -> 93.02%     
client [65] (testset)   loss: 0.0404 -> 0.0403  accuracy: 98.74% -> 99.16%     
client [41] (testset)   loss: 0.0364 -> 0.0365  accuracy: 97.89% -> 97.89%     
client [11] (testset)   loss: 0.4941 -> 0.4794  accuracy: 66.67% -> 66.67%     
client [85] (testset)   loss: 0.1940 -> 0.1911  accuracy: 96.89% -> 96.89%     
client [12] (testset)   loss: 0.0487 -> 0.0500  accuracy: 98.02% -> 98.02%     
client [23] (testset)   loss: 0.0372 -> 0.0447  accuracy: 97.14% -> 97.14%     
---------------------------- TRAINING EPOCH: 290 ----------------------------  
client [16] (testset)   loss: 0.1023 -> 0.1028  accuracy: 98.57% -> 98.57%     
client [65] (testset)   loss: 0.0399 -> 0.0404  accuracy: 99.16% -> 99.16%     
client [53] (testset)   loss: 0.2450 -> 0.2503  accuracy: 96.00% -> 96.00%     
client [58] (testset)   loss: 0.1632 -> 0.1659  accuracy: 95.74% -> 95.74%     
client [72] (testset)   loss: 0.0839 -> 0.0882  accuracy: 98.18% -> 98.18%     
client [7]  (testset)   loss: 0.0724 -> 0.0696  accuracy: 100.00% -> 100.00%   
client [71] (testset)   loss: 0.0891 -> 0.0906  accuracy: 98.14% -> 98.14%     
client [59] (testset)   loss: 0.2057 -> 0.2076  accuracy: 87.50% -> 87.50%     
client [86] (testset)   loss: 0.0724 -> 0.0696  accuracy: 98.36% -> 98.63%     
client [39] (testset)   loss: 0.0042 -> 0.0044  accuracy: 99.75% -> 99.75%     
---------------------------- TRAINING EPOCH: 300 ----------------------------  
client [99] (testset)   loss: 1.4579 -> 1.4520  accuracy: 80.95% -> 80.95%     
client [7]  (testset)   loss: 0.0588 -> 0.0623  accuracy: 100.00% -> 100.00%   
client [17] (testset)   loss: 0.1049 -> 0.0998  accuracy: 98.05% -> 98.05%     
client [64] (testset)   loss: 0.0607 -> 0.0612  accuracy: 98.06% -> 98.06%     
client [37] (testset)   loss: 0.3682 -> 0.3747  accuracy: 95.67% -> 95.67%     
client [29] (testset)   loss: 0.0450 -> 0.0443  accuracy: 98.15% -> 98.52%     
client [93] (testset)   loss: 0.0232 -> 0.0233  accuracy: 100.00% -> 100.00%   
client [73] (testset)   loss: 0.2117 -> 0.2137  accuracy: 94.12% -> 94.12%     
client [40] (testset)   loss: 0.0997 -> 0.1017  accuracy: 97.10% -> 97.10%     
client [76] (testset)   loss: 0.5541 -> 0.5558  accuracy: 94.81% -> 94.81%     
---------------------------- TRAINING EPOCH: 310 ----------------------------  
client [31] (testset)   loss: 0.3581 -> 0.3512  accuracy: 85.71% -> 85.71%     
client [89] (testset)   loss: 0.2754 -> 0.2689  accuracy: 93.94% -> 93.94%     
client [77] (testset)   loss: 0.2155 -> 0.2172  accuracy: 95.89% -> 95.89%     
client [90] (testset)   loss: 0.1560 -> 0.1575  accuracy: 97.08% -> 97.08%     
client [26] (testset)   loss: 0.7066 -> 0.7015  accuracy: 87.50% -> 87.50%     
client [50] (testset)   loss: 0.2382 -> 0.2370  accuracy: 95.38% -> 95.38%     
client [30] (testset)   loss: 0.5973 -> 0.5863  accuracy: 95.00% -> 95.00%     
client [70] (testset)   loss: 0.1608 -> 0.1639  accuracy: 98.17% -> 98.17%     
client [41] (testset)   loss: 0.0364 -> 0.0362  accuracy: 97.89% -> 97.89%     
client [99] (testset)   loss: 1.4206 -> 1.4374  accuracy: 80.95% -> 80.95%     
---------------------------- TRAINING EPOCH: 320 ----------------------------  
client [68] (testset)   loss: 0.1912 -> 0.1925  accuracy: 96.61% -> 96.61%     
client [70] (testset)   loss: 0.1699 -> 0.1672  accuracy: 97.98% -> 98.17%     
client [52] (testset)   loss: 0.0027 -> 0.0030  accuracy: 100.00% -> 100.00%   
client [1]  (testset)   loss: 0.0433 -> 0.0393  accuracy: 98.33% -> 98.33%     
client [2]  (testset)   loss: 0.0960 -> 0.0971  accuracy: 99.24% -> 99.24%     
client [67] (testset)   loss: 0.0126 -> 0.0129  accuracy: 100.00% -> 100.00%   
client [92] (testset)   loss: 0.0068 -> 0.0068  accuracy: 100.00% -> 100.00%   
client [35] (testset)   loss: 0.1681 -> 0.1812  accuracy: 95.10% -> 95.10%     
client [36] (testset)   loss: 0.0820 -> 0.0819  accuracy: 97.97% -> 97.97%     
client [64] (testset)   loss: 0.0606 -> 0.0608  accuracy: 98.33% -> 98.33%     
---------------------------- TRAINING EPOCH: 330 ----------------------------  
client [44] (testset)   loss: 0.1239 -> 0.1236  accuracy: 97.31% -> 97.61%     
client [6]  (testset)   loss: 0.0157 -> 0.0161  accuracy: 99.48% -> 99.48%     
client [12] (testset)   loss: 0.0489 -> 0.0504  accuracy: 98.02% -> 98.02%     
client [55] (testset)   loss: 0.0833 -> 0.0832  accuracy: 97.96% -> 97.96%     
client [29] (testset)   loss: 0.0445 -> 0.0449  accuracy: 98.52% -> 98.52%     
client [9]  (testset)   loss: 0.1409 -> 0.1348  accuracy: 97.07% -> 96.91%     
client [43] (testset)   loss: 0.2495 -> 0.2541  accuracy: 93.58% -> 93.05%     
client [77] (testset)   loss: 0.2162 -> 0.2185  accuracy: 95.89% -> 95.89%     
client [98] (testset)   loss: 0.2317 -> 0.2351  accuracy: 97.06% -> 97.06%     
client [78] (testset)   loss: 0.0308 -> 0.0308  accuracy: 99.36% -> 99.36%     
---------------------------- TRAINING EPOCH: 340 ----------------------------  
client [92] (testset)   loss: 0.0076 -> 0.0071  accuracy: 100.00% -> 100.00%   
client [80] (testset)   loss: 0.0012 -> 0.0012  accuracy: 100.00% -> 100.00%   
client [63] (testset)   loss: 0.1822 -> 0.1774  accuracy: 97.08% -> 97.81%     
client [76] (testset)   loss: 0.5667 -> 0.5706  accuracy: 94.81% -> 94.81%     
client [78] (testset)   loss: 0.0307 -> 0.0308  accuracy: 99.36% -> 99.36%     
client [25] (testset)   loss: 0.0256 -> 0.0252  accuracy: 98.85% -> 98.85%     
client [58] (testset)   loss: 0.1715 -> 0.1698  accuracy: 95.74% -> 95.74%     
client [13] (testset)   loss: 0.6196 -> 0.6111  accuracy: 79.17% -> 79.17%     
client [17] (testset)   loss: 0.0970 -> 0.0995  accuracy: 98.05% -> 98.05%     
client [38] (testset)   loss: 0.1538 -> 0.1583  accuracy: 96.49% -> 96.49%     
---------------------------- TRAINING EPOCH: 350 ----------------------------  
client [72] (testset)   loss: 0.0864 -> 0.0875  accuracy: 98.18% -> 98.18%     
client [82] (testset)   loss: 0.2356 -> 0.2400  accuracy: 95.77% -> 95.77%     
client [86] (testset)   loss: 0.0722 -> 0.0702  accuracy: 98.36% -> 98.63%     
client [51] (testset)   loss: 0.1236 -> 0.1156  accuracy: 91.43% -> 91.43%     
client [96] (testset)   loss: 0.0517 -> 0.0519  accuracy: 97.06% -> 98.04%     
client [42] (testset)   loss: 0.3003 -> 0.3032  accuracy: 95.63% -> 95.63%     
client [55] (testset)   loss: 0.0835 -> 0.0829  accuracy: 97.96% -> 97.96%     
client [13] (testset)   loss: 0.6216 -> 0.5971  accuracy: 79.17% -> 79.17%     
client [1]  (testset)   loss: 0.0429 -> 0.0420  accuracy: 96.67% -> 96.67%     
client [12] (testset)   loss: 0.0530 -> 0.0510  accuracy: 98.02% -> 98.02%     
---------------------------- TRAINING EPOCH: 360 ----------------------------  
client [68] (testset)   loss: 0.1877 -> 0.1898  accuracy: 96.61% -> 96.61%     
client [23] (testset)   loss: 0.0377 -> 0.0388  accuracy: 97.14% -> 97.14%     
client [46] (testset)   loss: 0.0778 -> 0.0786  accuracy: 98.65% -> 98.65%     
client [41] (testset)   loss: 0.0374 -> 0.0359  accuracy: 97.89% -> 97.89%     
client [25] (testset)   loss: 0.0252 -> 0.0249  accuracy: 98.85% -> 98.85%     
client [58] (testset)   loss: 0.1680 -> 0.1702  accuracy: 95.74% -> 95.74%     
client [14] (testset)   loss: 0.0673 -> 0.0762  accuracy: 98.61% -> 98.61%     
client [33] (testset)   loss: 0.0958 -> 0.0957  accuracy: 99.18% -> 99.18%     
client [85] (testset)   loss: 0.1920 -> 0.1921  accuracy: 96.89% -> 96.89%     
client [62] (testset)   loss: 0.1210 -> 0.1196  accuracy: 98.34% -> 98.34%     
---------------------------- TRAINING EPOCH: 370 ----------------------------  
client [98] (testset)   loss: 0.2383 -> 0.2444  accuracy: 97.06% -> 97.06%     
client [63] (testset)   loss: 0.1776 -> 0.1810  accuracy: 97.81% -> 97.08%     
client [70] (testset)   loss: 0.1628 -> 0.1665  accuracy: 98.35% -> 98.17%     
client [65] (testset)   loss: 0.0424 -> 0.0415  accuracy: 98.74% -> 99.16%     
client [14] (testset)   loss: 0.0815 -> 0.0779  accuracy: 98.61% -> 98.61%     
client [73] (testset)   loss: 0.2094 -> 0.2144  accuracy: 94.12% -> 94.12%     
client [34] (testset)   loss: 0.9079 -> 0.8831  accuracy: 88.89% -> 88.89%     
client [99] (testset)   loss: 1.5254 -> 1.4688  accuracy: 71.43% -> 80.95%     
client [69] (testset)   loss: 0.0326 -> 0.0321  accuracy: 99.09% -> 99.09%     
client [46] (testset)   loss: 0.0798 -> 0.0783  accuracy: 98.65% -> 98.65%     
---------------------------- TRAINING EPOCH: 380 ----------------------------  
client [99] (testset)   loss: 1.4693 -> 1.4894  accuracy: 80.95% -> 80.95%     
client [93] (testset)   loss: 0.0257 -> 0.0242  accuracy: 100.00% -> 100.00%   
client [11] (testset)   loss: 0.4100 -> 0.4129  accuracy: 66.67% -> 66.67%     
client [58] (testset)   loss: 0.1649 -> 0.1692  accuracy: 95.74% -> 95.74%     
client [81] (testset)   loss: 0.0822 -> 0.0815  accuracy: 98.77% -> 98.77%     
client [85] (testset)   loss: 0.1951 -> 0.1955  accuracy: 96.89% -> 96.89%     
client [89] (testset)   loss: 0.2680 -> 0.2703  accuracy: 93.94% -> 93.94%     
client [45] (testset)   loss: 0.0585 -> 0.0603  accuracy: 98.47% -> 98.47%     
client [8]  (testset)   loss: 0.0001 -> 0.0001  accuracy: 100.00% -> 100.00%   
client [68] (testset)   loss: 0.1930 -> 0.1918  accuracy: 96.61% -> 96.61%     
---------------------------- TRAINING EPOCH: 390 ----------------------------  
client [67] (testset)   loss: 0.0136 -> 0.0130  accuracy: 100.00% -> 100.00%   
client [72] (testset)   loss: 0.0905 -> 0.0887  accuracy: 98.18% -> 98.18%     
client [1]  (testset)   loss: 0.0395 -> 0.0390  accuracy: 96.67% -> 98.33%     
client [78] (testset)   loss: 0.0308 -> 0.0308  accuracy: 99.36% -> 99.36%     
client [83] (testset)   loss: 0.2804 -> 0.2826  accuracy: 94.66% -> 94.66%     
client [21] (testset)   loss: 0.0732 -> 0.0774  accuracy: 96.08% -> 97.06%     
client [56] (testset)   loss: 0.1222 -> 0.1202  accuracy: 97.85% -> 97.85%     
client [44] (testset)   loss: 0.1291 -> 0.1287  accuracy: 97.61% -> 97.61%     
client [92] (testset)   loss: 0.0066 -> 0.0062  accuracy: 100.00% -> 100.00%   
client [27] (testset)   loss: 0.2021 -> 0.2036  accuracy: 97.86% -> 97.86%     
---------------------------- TRAINING EPOCH: 400 ----------------------------  
client [10] (testset)   loss: 0.0128 -> 0.0132  accuracy: 100.00% -> 100.00%   
client [39] (testset)   loss: 0.0043 -> 0.0044  accuracy: 99.75% -> 99.75%     
client [65] (testset)   loss: 0.0411 -> 0.0409  accuracy: 99.16% -> 99.16%     
client [26] (testset)   loss: 0.7298 -> 0.7280  accuracy: 87.50% -> 87.50%     
client [19] (testset)   loss: 0.0427 -> 0.0417  accuracy: 98.15% -> 98.15%     
client [68] (testset)   loss: 0.1862 -> 0.1884  accuracy: 96.61% -> 96.61%     
client [41] (testset)   loss: 0.0353 -> 0.0351  accuracy: 97.89% -> 97.89%     
client [50] (testset)   loss: 0.2525 -> 0.2558  accuracy: 95.90% -> 95.38%     
client [75] (testset)   loss: 0.0408 -> 0.0424  accuracy: 98.45% -> 98.45%     
client [81] (testset)   loss: 0.0813 -> 0.0825  accuracy: 98.77% -> 98.77%     
FedFew's average time taken by each global epoch: 0 min 2.45 sec.              
FedFew's total running time: 0 h 16 m 26 s.                                    
==================== FedFew Experiment Results: ====================           
Display format: (before local fine-tuning) -> (after local fine-tuning)        
 So if finetune_epoch = 0, x.xx% -> 0.00% is normal.                           
 Centralized testing ONLY happens after model aggregation, so the stats between
'->' are the same.                                                             
{                                                                              
    "100": {                                                                   
        "all_clients": {                                                       
            "test": {                                                          
                "loss": "0.1031 -> 0.0000",                                    
                "accuracy": "97.69% -> 0.00%"                                  
            }                                                                  
        }                                                                      
    },                                                                         
    "200": {                                                                   
        "all_clients": {                                                       
            "test": {                                                          
                "loss": "0.1114 -> 0.0000",                                    
                "accuracy": "97.80% -> 0.00%"                                  
            }                                                                  
        }                                                                      
    },                                                                         
    "300": {                                                                   
        "all_clients": {                                                       
            "test": {                                                          
                "loss": "0.1166 -> 0.0000",                                    
                "accuracy": "97.84% -> 0.00%"                                  
            }                                                                  
        }                                                                      
    },                                                                         
    "400": {                                                                   
        "all_clients": {                                                       
            "test": {                                                          
                "loss": "0.1202 -> 0.0000",                                    
                "accuracy": "97.84% -> 0.00%"                                  
            }                                                                  
        }                                                                      
    }                                                                          
}                                                                              
==================== FedFew Max Accuracy ====================                  
all_clients:                                                                   
(test) before fine-tuning: 97.84% at epoch 400                                 
(test) after fine-tuning: 0.00% at epoch 100                                   
