==================== LG-FedAvg ====================                            
Experiment Arguments:                                                          
{
    'method': 'lgfedavg',
    'dataset': {
        'name': 'emnist',
        'client_num': 100,
        'test_ratio': 0.25,
        'val_ratio': 0.0,
        'seed': 42,
        'split': 'sample',
        'IID_ratio': 0.0,
        'monitor_window_name_suffix': 'emnist-100clients-0%IID-Dir(0.1)-seed42',
        'emnist_split': 'byclass',
        'alpha': 0.1,
        'min_samples_per_client': 10
    },
    'model': {
        'name': 'avgcnn',
        'use_torchvision_pretrained_weights': True,
        'external_model_weights_path': None
    },
    'optimizer': {
        'lr': 0.01,
        'dampening': 0,
        'weight_decay': 0,
        'momentum': 0.7,
        'nesterov': False,
        'name': 'sgd'
    },
    'mode': 'parallel',
    'parallel': {
        'ray_cluster_addr': None,
        'num_cpus': 24.0,
        'num_gpus': 1.0,
        'num_workers': 2
    },
    'common': {
        'seed': 42,
        'join_ratio': 0.1,
        'global_epoch': 400,
        'local_epoch': 5,
        'batch_size': 32,
        'reset_optimizer_on_global_epoch': True,
        'straggler_ratio': 0,
        'straggler_min_local_epoch': 0,
        'buffers': 'global',
        'client_side_evaluation': True,
        'test': {
            'client': {
                'interval': 100,
                'finetune_epoch': 5,
                'train': False,
                'val': False,
                'test': True
            },
            'server': {
                'interval': -1,
                'train': False,
                'val': False,
                'test': True,
                'model_in_train_mode': False
            }
        },
        'verbose_gap': 10,
        'monitor': None,
        'use_cuda': True,
        'save_log': True,
        'save_model': False,
        'save_learning_curve_plot': True,
        'save_metrics': True,
        'delete_useless_run': True
    },
    'fedprox': {
        'mu': 0.01
    },
    'pfedsim': {
        'warmup_round': 0.5
    },
    'lgfedavg': {
        'num_global_layers': 1
    }
}
---------------------------- TRAINING EPOCH: 10 ----------------------------   
client [77] (testset)   loss: 0.2310 -> 0.2441  accuracy: 94.88% -> 94.49%     
client [81] (testset)   loss: 0.3235 -> 0.3545  accuracy: 87.12% -> 86.84%     
client [68] (testset)   loss: 0.2345 -> 0.2036  accuracy: 93.23% -> 94.50%     
client [21] (testset)   loss: 0.8945 -> 0.1892  accuracy: 77.87% -> 94.48%     
client [31] (testset)   loss: 0.2918 -> 0.2184  accuracy: 92.82% -> 92.32%     
client [93] (testset)   loss: 0.2162 -> 0.2074  accuracy: 93.96% -> 94.49%     
client [59] (testset)   loss: 0.5918 -> 0.2408  accuracy: 82.79% -> 91.45%     
client [20] (testset)   loss: 0.2427 -> 0.2510  accuracy: 94.22% -> 93.58%     
client [48] (testset)   loss: 0.5185 -> 0.5794  accuracy: 81.59% -> 84.50%     
client [34] (testset)   loss: 0.1234 -> 0.1379  accuracy: 96.61% -> 96.52%     
---------------------------- TRAINING EPOCH: 20 ----------------------------   
client [69] (testset)   loss: 0.4612 -> 0.3409  accuracy: 90.89% -> 91.56%     
client [67] (testset)   loss: 0.2029 -> 0.2008  accuracy: 93.93% -> 93.75%     
client [99] (testset)   loss: 0.1799 -> 0.1650  accuracy: 94.37% -> 95.70%     
client [0]  (testset)   loss: 0.2170 -> 0.2186  accuracy: 95.18% -> 95.18%     
client [76] (testset)   loss: 0.1885 -> 0.1946  accuracy: 94.72% -> 94.79%     
client [41] (testset)   loss: 0.3026 -> 0.2954  accuracy: 88.78% -> 90.85%     
client [62] (testset)   loss: 0.9093 -> 0.2365  accuracy: 79.96% -> 94.48%     
client [2]  (testset)   loss: 0.9529 -> 0.1417  accuracy: 72.83% -> 96.50%     
client [14] (testset)   loss: 0.3371 -> 0.3036  accuracy: 92.99% -> 93.66%     
client [46] (testset)   loss: 0.1183 -> 0.1246  accuracy: 97.72% -> 97.72%     
---------------------------- TRAINING EPOCH: 30 ----------------------------   
client [68] (testset)   loss: 0.2851 -> 0.2890  accuracy: 95.03% -> 94.29%     
client [24] (testset)   loss: 0.1779 -> 0.1927  accuracy: 95.51% -> 95.51%     
client [57] (testset)   loss: 0.0992 -> 0.1076  accuracy: 97.64% -> 97.32%     
client [54] (testset)   loss: 0.3343 -> 0.3405  accuracy: 94.15% -> 94.15%     
client [17] (testset)   loss: 0.3394 -> 0.3409  accuracy: 92.58% -> 92.28%     
client [23] (testset)   loss: 0.8714 -> 0.3976  accuracy: 70.79% -> 83.31%     
client [35] (testset)   loss: 0.1506 -> 0.1854  accuracy: 97.03% -> 96.65%     
client [59] (testset)   loss: 0.2889 -> 0.2876  accuracy: 91.56% -> 92.37%     
client [9]  (testset)   loss: 0.2070 -> 0.2206  accuracy: 95.41% -> 95.22%     
client [31] (testset)   loss: 0.2886 -> 0.3126  accuracy: 92.36% -> 93.15%     
---------------------------- TRAINING EPOCH: 40 ----------------------------   
client [64] (testset)   loss: 0.5646 -> 0.4772  accuracy: 86.91% -> 88.43%     
client [16] (testset)   loss: 0.3256 -> 0.3523  accuracy: 93.43% -> 93.51%     
client [33] (testset)   loss: 0.1628 -> 0.1681  accuracy: 97.36% -> 97.36%     
client [44] (testset)   loss: 0.4674 -> 0.6275  accuracy: 88.83% -> 88.83%     
client [8]  (testset)   loss: 0.4223 -> 0.4206  accuracy: 91.90% -> 91.37%     
client [47] (testset)   loss: 0.3179 -> 0.3292  accuracy: 91.97% -> 92.65%     
client [31] (testset)   loss: 0.3409 -> 0.3665  accuracy: 93.36% -> 92.94%     
client [36] (testset)   loss: 0.1803 -> 0.1614  accuracy: 95.47% -> 96.39%     
client [20] (testset)   loss: 0.3431 -> 0.3433  accuracy: 92.95% -> 93.31%     
client [56] (testset)   loss: 0.1303 -> 0.1409  accuracy: 97.45% -> 97.41%     
---------------------------- TRAINING EPOCH: 50 ----------------------------   
client [60] (testset)   loss: 0.1109 -> 0.1110  accuracy: 97.22% -> 97.30%     
client [4]  (testset)   loss: 0.5008 -> 0.4871  accuracy: 85.60% -> 86.03%     
client [25] (testset)   loss: 0.1697 -> 0.1703  accuracy: 96.16% -> 96.05%     
client [28] (testset)   loss: 0.1774 -> 0.1801  accuracy: 94.41% -> 94.59%     
client [58] (testset)   loss: 0.1189 -> 0.1315  accuracy: 98.33% -> 98.28%     
client [44] (testset)   loss: 0.6577 -> 0.3922  accuracy: 88.51% -> 91.70%     
client [39] (testset)   loss: 0.1847 -> 0.1788  accuracy: 95.52% -> 96.19%     
client [29] (testset)   loss: 0.3019 -> 0.3107  accuracy: 92.95% -> 92.63%     
client [84] (testset)   loss: 0.2049 -> 0.2177  accuracy: 95.21% -> 94.66%     
client [3]  (testset)   loss: 0.1809 -> 0.1832  accuracy: 96.21% -> 96.07%     
---------------------------- TRAINING EPOCH: 60 ----------------------------   
client [84] (testset)   loss: 0.2454 -> 0.2409  accuracy: 94.94% -> 95.21%     
client [10] (testset)   loss: 0.3167 -> 0.3344  accuracy: 90.63% -> 90.91%     
client [21] (testset)   loss: 0.2358 -> 0.2518  accuracy: 94.95% -> 94.73%     
client [36] (testset)   loss: 0.1907 -> 0.1984  accuracy: 96.33% -> 96.33%     
client [65] (testset)   loss: 0.4308 -> 0.4644  accuracy: 90.36% -> 89.88%     
client [79] (testset)   loss: 0.5131 -> 0.5244  accuracy: 90.74% -> 90.63%     
client [81] (testset)   loss: 0.4845 -> 0.5034  accuracy: 87.12% -> 86.52%     
client [42] (testset)   loss: 0.3386 -> 0.3552  accuracy: 93.82% -> 93.76%     
client [11] (testset)   loss: 0.2984 -> 0.3045  accuracy: 94.21% -> 94.21%     
client [96] (testset)   loss: 0.3091 -> 0.3352  accuracy: 95.13% -> 95.22%     
---------------------------- TRAINING EPOCH: 70 ----------------------------   
client [8]  (testset)   loss: 0.4880 -> 0.5034  accuracy: 91.72% -> 91.84%     
client [53] (testset)   loss: 0.2261 -> 0.2330  accuracy: 96.77% -> 96.77%     
client [52] (testset)   loss: 0.5638 -> 0.5751  accuracy: 89.50% -> 89.27%     
client [42] (testset)   loss: 0.3792 -> 0.3999  accuracy: 93.34% -> 93.46%     
client [69] (testset)   loss: 0.5489 -> 0.5518  accuracy: 92.58% -> 92.58%     
client [7]  (testset)   loss: 0.3325 -> 0.3642  accuracy: 94.72% -> 94.78%     
client [59] (testset)   loss: 0.3927 -> 0.4020  accuracy: 90.96% -> 90.96%     
client [26] (testset)   loss: 0.2775 -> 0.3578  accuracy: 92.93% -> 93.10%     
client [49] (testset)   loss: 0.1222 -> 0.1258  accuracy: 97.64% -> 97.66%     
client [98] (testset)   loss: 0.2376 -> 0.2410  accuracy: 96.30% -> 96.30%     
---------------------------- TRAINING EPOCH: 80 ----------------------------   
client [47] (testset)   loss: 0.4976 -> 0.3862  accuracy: 88.80% -> 92.22%     
client [98] (testset)   loss: 0.2464 -> 0.2459  accuracy: 96.15% -> 96.30%     
client [77] (testset)   loss: 0.3777 -> 0.3782  accuracy: 95.14% -> 95.21%     
client [21] (testset)   loss: 0.2448 -> 0.2847  accuracy: 94.99% -> 94.84%     
client [95] (testset)   loss: 0.2293 -> 0.2319  accuracy: 95.89% -> 95.94%     
client [91] (testset)   loss: 0.1759 -> 0.1793  accuracy: 97.61% -> 97.61%     
client [14] (testset)   loss: 0.4558 -> 0.4275  accuracy: 93.53% -> 93.23%     
client [99] (testset)   loss: 0.2116 -> 0.2109  accuracy: 95.67% -> 95.78%     
client [20] (testset)   loss: 0.4352 -> 0.4567  accuracy: 92.14% -> 92.95%     
client [39] (testset)   loss: 0.2081 -> 0.2195  accuracy: 96.43% -> 96.37%     
---------------------------- TRAINING EPOCH: 90 ----------------------------   
client [52] (testset)   loss: 0.6030 -> 0.6100  accuracy: 89.27% -> 89.39%     
client [62] (testset)   loss: 0.3195 -> 0.3207  accuracy: 95.52% -> 95.52%     
client [97] (testset)   loss: 0.2241 -> 0.2182  accuracy: 96.89% -> 97.19%     
client [71] (testset)   loss: 0.1979 -> 0.2005  accuracy: 97.12% -> 97.08%     
client [88] (testset)   loss: 0.3529 -> 0.3736  accuracy: 91.44% -> 91.80%     
client [30] (testset)   loss: 0.4916 -> 0.4991  accuracy: 92.64% -> 92.57%     
client [60] (testset)   loss: 0.1295 -> 0.1284  accuracy: 97.14% -> 97.14%     
client [82] (testset)   loss: 0.5610 -> 0.7993  accuracy: 80.17% -> 75.58%     
client [91] (testset)   loss: 0.1830 -> 0.1847  accuracy: 97.61% -> 97.61%     
client [57] (testset)   loss: 0.1217 -> 0.1221  accuracy: 97.64% -> 97.64%     
---------------------------- TRAINING EPOCH: 100 ----------------------------  
client [31] (testset)   loss: 0.5504 -> 0.5524  accuracy: 92.98% -> 92.90%     
client [15] (testset)   loss: 0.3650 -> 0.3784  accuracy: 92.61% -> 92.77%     
client [97] (testset)   loss: 0.2362 -> 0.2401  accuracy: 96.94% -> 97.19%     
client [71] (testset)   loss: 0.2052 -> 0.2090  accuracy: 97.00% -> 96.98%     
client [53] (testset)   loss: 0.2641 -> 0.2636  accuracy: 96.63% -> 96.77%     
client [77] (testset)   loss: 0.3946 -> 0.3944  accuracy: 95.08% -> 95.14%     
client [76] (testset)   loss: 0.2716 -> 0.2887  accuracy: 93.84% -> 94.13%     
client [79] (testset)   loss: 0.6236 -> 0.6311  accuracy: 91.16% -> 91.16%     
client [99] (testset)   loss: 0.2431 -> 0.2724  accuracy: 95.41% -> 95.55%     
client [28] (testset)   loss: 0.2868 -> 0.2671  accuracy: 94.51% -> 94.49%     
---------------------------- TRAINING EPOCH: 110 ----------------------------  
client [86] (testset)   loss: 0.8633 -> 0.8764  accuracy: 88.59% -> 88.69%     
client [34] (testset)   loss: 0.2358 -> 0.2380  accuracy: 96.76% -> 96.71%     
client [97] (testset)   loss: 0.2500 -> 0.2574  accuracy: 97.05% -> 97.11%     
client [73] (testset)   loss: 0.4795 -> 0.5029  accuracy: 92.51% -> 92.45%     
client [5]  (testset)   loss: 0.3032 -> 0.3078  accuracy: 95.19% -> 95.12%     
client [96] (testset)   loss: 0.4152 -> 0.4167  accuracy: 95.22% -> 95.27%     
client [60] (testset)   loss: 0.1344 -> 0.1339  accuracy: 97.14% -> 97.07%     
client [22] (testset)   loss: 0.3540 -> 0.3597  accuracy: 94.13% -> 94.13%     
client [66] (testset)   loss: 0.2675 -> 0.2759  accuracy: 96.08% -> 96.16%     
client [83] (testset)   loss: 0.4230 -> 0.4263  accuracy: 94.67% -> 94.71%     
---------------------------- TRAINING EPOCH: 120 ----------------------------  
client [76] (testset)   loss: 0.3074 -> 0.3139  accuracy: 94.13% -> 94.06%     
client [65] (testset)   loss: 0.5845 -> 0.6216  accuracy: 90.64% -> 90.50%     
client [95] (testset)   loss: 0.2538 -> 0.2551  accuracy: 95.89% -> 95.94%     
client [17] (testset)   loss: 0.4411 -> 0.5036  accuracy: 91.71% -> 91.93%     
client [8]  (testset)   loss: 0.5672 -> 0.5767  accuracy: 91.66% -> 91.72%     
client [98] (testset)   loss: 0.2693 -> 0.2710  accuracy: 96.20% -> 96.30%     
client [35] (testset)   loss: 0.2719 -> 0.2730  accuracy: 97.12% -> 97.09%     
client [43] (testset)   loss: 0.7085 -> 0.6719  accuracy: 90.16% -> 89.42%     
client [64] (testset)   loss: 0.7962 -> 0.8277  accuracy: 88.24% -> 87.86%     
client [53] (testset)   loss: 0.2746 -> 0.2767  accuracy: 96.82% -> 96.72%     
---------------------------- TRAINING EPOCH: 130 ----------------------------  
client [88] (testset)   loss: 0.4553 -> 0.4853  accuracy: 91.29% -> 91.58%     
client [38] (testset)   loss: 0.2494 -> 0.2500  accuracy: 95.38% -> 95.38%     
client [21] (testset)   loss: 0.3055 -> 0.3164  accuracy: 94.88% -> 95.06%     
client [5]  (testset)   loss: 0.3211 -> 0.3227  accuracy: 95.23% -> 95.16%     
client [41] (testset)   loss: 0.5602 -> 0.5665  accuracy: 91.35% -> 91.47%     
client [3]  (testset)   loss: 0.3394 -> 0.3489  accuracy: 96.11% -> 96.07%     
client [7]  (testset)   loss: 0.4012 -> 0.4064  accuracy: 94.00% -> 94.32%     
client [45] (testset)   loss: 0.6196 -> 0.6258  accuracy: 86.78% -> 87.74%     
client [37] (testset)   loss: 0.4965 -> 0.5288  accuracy: 91.27% -> 91.59%     
client [47] (testset)   loss: 0.4827 -> 0.4893  accuracy: 92.74% -> 92.22%     
---------------------------- TRAINING EPOCH: 140 ----------------------------  
client [16] (testset)   loss: 0.5948 -> 0.6261  accuracy: 92.54% -> 92.70%     
client [11] (testset)   loss: 0.3798 -> 0.3837  accuracy: 94.41% -> 94.21%     
client [41] (testset)   loss: 0.5764 -> 0.5742  accuracy: 91.54% -> 91.41%     
client [37] (testset)   loss: 0.5632 -> 0.5322  accuracy: 90.98% -> 90.22%     
client [95] (testset)   loss: 0.2646 -> 0.2660  accuracy: 95.98% -> 95.94%     
client [53] (testset)   loss: 0.2851 -> 0.2854  accuracy: 96.68% -> 96.72%     
client [25] (testset)   loss: 0.2252 -> 0.2263  accuracy: 95.94% -> 95.94%     
client [22] (testset)   loss: 0.3778 -> 0.3815  accuracy: 94.13% -> 94.09%     
client [69] (testset)   loss: 0.6292 -> 0.6296  accuracy: 92.58% -> 92.58%     
client [46] (testset)   loss: 0.1892 -> 0.1895  accuracy: 97.72% -> 97.68%     
---------------------------- TRAINING EPOCH: 150 ----------------------------  
client [69] (testset)   loss: 0.6325 -> 0.6337  accuracy: 92.58% -> 92.58%     
client [47] (testset)   loss: 0.5236 -> 0.5290  accuracy: 92.22% -> 92.22%     
client [45] (testset)   loss: 0.6871 -> 0.7396  accuracy: 87.68% -> 87.50%     
client [82] (testset)   loss: 0.8802 -> 0.9576  accuracy: 78.04% -> 76.61%     
client [7]  (testset)   loss: 0.4102 -> 0.4379  accuracy: 94.46% -> 94.59%     
client [50] (testset)   loss: 0.1100 -> 0.1101  accuracy: 98.66% -> 98.66%     
client [24] (testset)   loss: 0.2819 -> 0.2826  accuracy: 95.27% -> 95.27%     
client [35] (testset)   loss: 0.2831 -> 0.2841  accuracy: 97.06% -> 97.09%     
client [15] (testset)   loss: 0.4280 -> 0.4330  accuracy: 92.49% -> 92.61%     
client [58] (testset)   loss: 0.1691 -> 0.1694  accuracy: 98.38% -> 98.38%     
---------------------------- TRAINING EPOCH: 160 ----------------------------  
client [48] (testset)   loss: 1.2570 -> 1.2611  accuracy: 83.33% -> 83.33%     
client [67] (testset)   loss: 0.3394 -> 0.3666  accuracy: 92.46% -> 93.01%     
client [76] (testset)   loss: 0.3343 -> 0.3378  accuracy: 94.13% -> 94.13%     
client [37] (testset)   loss: 0.5279 -> 0.5521  accuracy: 91.16% -> 90.83%     
client [64] (testset)   loss: 0.9213 -> 0.9320  accuracy: 88.61% -> 88.43%     
client [58] (testset)   loss: 0.1705 -> 0.1707  accuracy: 98.36% -> 98.38%     
client [77] (testset)   loss: 0.4249 -> 0.4255  accuracy: 95.01% -> 95.01%     
client [12] (testset)   loss: 0.5167 -> 0.5177  accuracy: 93.28% -> 93.28%     
client [55] (testset)   loss: 0.6933 -> 0.7806  accuracy: 89.86% -> 91.15%     
client [89] (testset)   loss: 1.0572 -> 1.0728  accuracy: 88.39% -> 88.53%     
---------------------------- TRAINING EPOCH: 170 ----------------------------  
client [84] (testset)   loss: 0.3246 -> 0.3250  accuracy: 94.94% -> 94.94%     
client [51] (testset)   loss: 0.5934 -> 0.5927  accuracy: 93.78% -> 93.78%     
client [8]  (testset)   loss: 0.6204 -> 0.6236  accuracy: 91.54% -> 91.54%     
client [18] (testset)   loss: 0.3562 -> 0.3669  accuracy: 94.72% -> 94.51%     
client [81] (testset)   loss: 1.0086 -> 1.0209  accuracy: 86.77% -> 86.49%     
client [94] (testset)   loss: 0.2653 -> 0.2986  accuracy: 96.08% -> 95.89%     
client [11] (testset)   loss: 0.3933 -> 0.3960  accuracy: 94.41% -> 94.34%     
client [95] (testset)   loss: 0.2749 -> 0.2756  accuracy: 95.94% -> 95.89%     
client [3]  (testset)   loss: 0.3698 -> 0.3733  accuracy: 96.11% -> 96.09%     
client [67] (testset)   loss: 0.3713 -> 0.3791  accuracy: 93.01% -> 93.01%     
---------------------------- TRAINING EPOCH: 180 ----------------------------  
client [79] (testset)   loss: 0.7394 -> 0.7433  accuracy: 90.74% -> 90.95%     
client [21] (testset)   loss: 0.3434 -> 0.3468  accuracy: 94.95% -> 94.99%     
client [88] (testset)   loss: 0.5653 -> 0.5791  accuracy: 91.58% -> 91.44%     
client [58] (testset)   loss: 0.1759 -> 0.1763  accuracy: 98.38% -> 98.38%     
client [11] (testset)   loss: 0.4019 -> 0.4028  accuracy: 94.28% -> 94.34%     
client [46] (testset)   loss: 0.1980 -> 0.1988  accuracy: 97.68% -> 97.68%     
client [13] (testset)   loss: 0.3392 -> 0.3411  accuracy: 96.51% -> 96.51%     
client [55] (testset)   loss: 0.9073 -> 0.9167  accuracy: 90.73% -> 90.77%     
client [75] (testset)   loss: 0.6494 -> 0.6517  accuracy: 91.53% -> 91.41%     
client [31] (testset)   loss: 0.6137 -> 0.6151  accuracy: 92.98% -> 93.03%     
---------------------------- TRAINING EPOCH: 190 ----------------------------  
client [7]  (testset)   loss: 0.4916 -> 0.4950  accuracy: 94.52% -> 94.59%     
client [57] (testset)   loss: 0.1373 -> 0.1374  accuracy: 97.64% -> 97.53%     
client [19] (testset)   loss: 0.4432 -> 0.4444  accuracy: 94.96% -> 94.92%     
client [43] (testset)   loss: 0.9007 -> 0.9047  accuracy: 89.42% -> 89.30%     
client [13] (testset)   loss: 0.3450 -> 0.3458  accuracy: 96.44% -> 96.51%     
client [10] (testset)   loss: 0.6316 -> 0.6448  accuracy: 89.65% -> 90.07%     
client [91] (testset)   loss: 0.2077 -> 0.2081  accuracy: 97.55% -> 97.55%     
client [64] (testset)   loss: 1.0082 -> 1.0127  accuracy: 87.29% -> 87.67%     
client [22] (testset)   loss: 0.4101 -> 0.4111  accuracy: 94.13% -> 94.13%     
client [82] (testset)   loss: 1.6079 -> 1.6454  accuracy: 78.37% -> 78.44%     
---------------------------- TRAINING EPOCH: 200 ----------------------------  
client [20] (testset)   loss: 0.5986 -> 0.6045  accuracy: 93.09% -> 93.18%     
client [23] (testset)   loss: 0.8923 -> 0.9889  accuracy: 82.53% -> 79.65%     
client [88] (testset)   loss: 0.5882 -> 0.5963  accuracy: 91.44% -> 91.51%     
client [79] (testset)   loss: 0.7601 -> 0.7629  accuracy: 90.84% -> 90.95%     
client [98] (testset)   loss: 0.2976 -> 0.2981  accuracy: 96.30% -> 96.30%     
client [21] (testset)   loss: 0.3580 -> 0.3603  accuracy: 94.95% -> 94.99%     
client [92] (testset)   loss: 0.5835 -> 0.5861  accuracy: 93.51% -> 93.56%     
client [56] (testset)   loss: 0.2180 -> 0.2184  accuracy: 97.45% -> 97.45%     
client [52] (testset)   loss: 0.7347 -> 0.7355  accuracy: 88.94% -> 88.94%     
client [5]  (testset)   loss: 0.3556 -> 0.3565  accuracy: 95.19% -> 95.23%     
---------------------------- TRAINING EPOCH: 210 ----------------------------  
client [67] (testset)   loss: 0.4274 -> 0.4319  accuracy: 92.83% -> 92.83%     
client [54] (testset)   loss: 0.4972 -> 0.4975  accuracy: 93.53% -> 93.53%     
client [14] (testset)   loss: 0.6363 -> 0.6376  accuracy: 93.41% -> 93.47%     
client [36] (testset)   loss: 0.2966 -> 0.2971  accuracy: 96.39% -> 96.39%     
client [99] (testset)   loss: 0.4036 -> 0.4092  accuracy: 95.09% -> 95.12%     
client [38] (testset)   loss: 0.2703 -> 0.2706  accuracy: 95.38% -> 95.38%     
client [30] (testset)   loss: 0.6199 -> 0.6223  accuracy: 92.64% -> 92.64%     
client [6]  (testset)   loss: 0.4823 -> 0.4822  accuracy: 94.68% -> 94.61%     
client [15] (testset)   loss: 0.4603 -> 0.4622  accuracy: 92.53% -> 92.53%     
client [53] (testset)   loss: 0.3088 -> 0.3095  accuracy: 96.72% -> 96.72%     
---------------------------- TRAINING EPOCH: 220 ----------------------------  
client [6]  (testset)   loss: 0.4846 -> 0.4856  accuracy: 94.68% -> 94.68%     
client [99] (testset)   loss: 0.4135 -> 0.4177  accuracy: 95.09% -> 95.06%     
client [83] (testset)   loss: 0.5126 -> 0.5150  accuracy: 94.53% -> 94.62%     
client [42] (testset)   loss: 0.6636 -> 0.6659  accuracy: 93.22% -> 93.16%     
client [34] (testset)   loss: 0.2684 -> 0.2696  accuracy: 96.71% -> 96.76%     
client [47] (testset)   loss: 0.5872 -> 0.5891  accuracy: 92.31% -> 92.31%     
client [15] (testset)   loss: 0.4646 -> 0.4671  accuracy: 92.53% -> 92.57%     
client [51] (testset)   loss: 0.6225 -> 0.6213  accuracy: 93.78% -> 93.78%     
client [55] (testset)   loss: 0.9367 -> 0.9501  accuracy: 90.67% -> 90.67%     
client [95] (testset)   loss: 0.2886 -> 0.2890  accuracy: 95.89% -> 95.89%     
---------------------------- TRAINING EPOCH: 230 ----------------------------  
client [15] (testset)   loss: 0.4700 -> 0.4722  accuracy: 92.57% -> 92.53%     
client [33] (testset)   loss: 0.2402 -> 0.2392  accuracy: 97.22% -> 97.22%     
client [71] (testset)   loss: 0.2620 -> 0.2622  accuracy: 96.98% -> 96.98%     
client [90] (testset)   loss: 0.7145 -> 0.7268  accuracy: 92.17% -> 92.22%     
client [99] (testset)   loss: 0.4231 -> 0.4264  accuracy: 95.06% -> 95.06%     
client [57] (testset)   loss: 0.1416 -> 0.1418  accuracy: 97.53% -> 97.53%     
client [78] (testset)   loss: 0.4681 -> 0.4742  accuracy: 93.17% -> 93.17%     
client [27] (testset)   loss: 0.3553 -> 0.3555  accuracy: 95.77% -> 95.77%     
client [36] (testset)   loss: 0.3012 -> 0.3021  accuracy: 96.39% -> 96.39%     
client [88] (testset)   loss: 0.6172 -> 0.6260  accuracy: 91.51% -> 91.80%     
---------------------------- TRAINING EPOCH: 240 ----------------------------  
client [70] (testset)   loss: 0.6825 -> 0.6814  accuracy: 91.27% -> 91.27%     
client [16] (testset)   loss: 0.7875 -> 0.7880  accuracy: 92.54% -> 92.54%     
client [35] (testset)   loss: 0.3079 -> 0.3082  accuracy: 97.06% -> 97.09%     
client [38] (testset)   loss: 0.2761 -> 0.2768  accuracy: 95.38% -> 95.38%     
client [80] (testset)   loss: 0.2469 -> 0.2474  accuracy: 96.69% -> 96.69%     
client [68] (testset)   loss: 0.4707 -> 0.4708  accuracy: 94.07% -> 94.07%     
client [78] (testset)   loss: 0.4765 -> 0.4812  accuracy: 93.17% -> 93.17%     
client [64] (testset)   loss: 1.0699 -> 1.0746  accuracy: 87.67% -> 87.67%     
client [11] (testset)   loss: 0.4241 -> 0.4248  accuracy: 94.34% -> 94.34%     
client [82] (testset)   loss: 1.8204 -> 1.8328  accuracy: 78.30% -> 78.30%     
---------------------------- TRAINING EPOCH: 250 ----------------------------  
client [30] (testset)   loss: 0.6439 -> 0.6451  accuracy: 92.64% -> 92.64%     
client [27] (testset)   loss: 0.3591 -> 0.3590  accuracy: 95.77% -> 95.77%     
client [74] (testset)   loss: 0.3625 -> 0.3627  accuracy: 94.93% -> 94.93%     
client [45] (testset)   loss: 1.0029 -> 1.0177  accuracy: 87.80% -> 87.92%     
client [6]  (testset)   loss: 0.4954 -> 0.4965  accuracy: 94.61% -> 94.61%     
client [36] (testset)   loss: 0.3052 -> 0.3062  accuracy: 96.39% -> 96.39%     
client [76] (testset)   loss: 0.3787 -> 0.3804  accuracy: 94.13% -> 94.13%     
client [63] (testset)   loss: 0.3479 -> 0.3501  accuracy: 96.63% -> 96.63%     
client [83] (testset)   loss: 0.5295 -> 0.5290  accuracy: 94.62% -> 94.67%     
client [86] (testset)   loss: 1.0484 -> 1.0509  accuracy: 88.69% -> 88.48%     
---------------------------- TRAINING EPOCH: 260 ----------------------------  
client [83] (testset)   loss: 0.5308 -> 0.5333  accuracy: 94.67% -> 94.67%     
client [99] (testset)   loss: 0.4335 -> 0.4349  accuracy: 95.12% -> 95.09%     
client [74] (testset)   loss: 0.3642 -> 0.3647  accuracy: 94.93% -> 94.93%     
client [73] (testset)   loss: 0.6393 -> 0.6408  accuracy: 92.39% -> 92.45%     
client [29] (testset)   loss: 0.5968 -> 0.6007  accuracy: 92.48% -> 92.53%     
client [6]  (testset)   loss: 0.4988 -> 0.4994  accuracy: 94.61% -> 94.61%     
client [92] (testset)   loss: 0.6133 -> 0.6147  accuracy: 93.56% -> 93.56%     
client [61] (testset)   loss: 0.9541 -> 0.9591  accuracy: 87.50% -> 87.53%     
client [67] (testset)   loss: 0.4531 -> 0.4528  accuracy: 92.83% -> 92.83%     
client [21] (testset)   loss: 0.3858 -> 0.3880  accuracy: 94.99% -> 94.95%     
---------------------------- TRAINING EPOCH: 270 ----------------------------  
client [32] (testset)   loss: 0.4073 -> 0.4082  accuracy: 93.90% -> 93.82%     
client [83] (testset)   loss: 0.5352 -> 0.5372  accuracy: 94.67% -> 94.62%     
client [95] (testset)   loss: 0.2971 -> 0.2973  accuracy: 95.94% -> 95.94%     
client [61] (testset)   loss: 0.9747 -> 0.9794  accuracy: 87.53% -> 87.53%     
client [27] (testset)   loss: 0.3618 -> 0.3620  accuracy: 95.77% -> 95.77%     
client [25] (testset)   loss: 0.2513 -> 0.2529  accuracy: 96.05% -> 95.94%     
client [68] (testset)   loss: 0.4770 -> 0.4777  accuracy: 94.07% -> 94.07%     
client [34] (testset)   loss: 0.2779 -> 0.2782  accuracy: 96.71% -> 96.71%     
client [89] (testset)   loss: 1.2015 -> 1.2052  accuracy: 88.61% -> 88.57%     
client [71] (testset)   loss: 0.2722 -> 0.2729  accuracy: 97.00% -> 97.00%     
---------------------------- TRAINING EPOCH: 280 ----------------------------  
client [78] (testset)   loss: 0.4968 -> 0.4981  accuracy: 93.17% -> 93.17%     
client [81] (testset)   loss: 1.1861 -> 1.1891  accuracy: 86.59% -> 86.49%     
client [51] (testset)   loss: 0.6441 -> 0.6466  accuracy: 93.72% -> 93.72%     
client [54] (testset)   loss: 0.5165 -> 0.5165  accuracy: 93.53% -> 93.53%     
client [65] (testset)   loss: 0.7987 -> 0.8025  accuracy: 90.36% -> 90.36%     
client [41] (testset)   loss: 0.6625 -> 0.6642  accuracy: 91.54% -> 91.54%     
client [11] (testset)   loss: 0.4331 -> 0.4336  accuracy: 94.28% -> 94.34%     
client [12] (testset)   loss: 0.5668 -> 0.5671  accuracy: 93.15% -> 93.15%     
client [85] (testset)   loss: 0.6747 -> 0.6770  accuracy: 93.92% -> 93.92%     
client [23] (testset)   loss: 1.4607 -> 1.4858  accuracy: 82.68% -> 82.42%     
---------------------------- TRAINING EPOCH: 290 ----------------------------  
client [16] (testset)   loss: 0.8082 -> 0.8107  accuracy: 92.54% -> 92.54%     
client [65] (testset)   loss: 0.8072 -> 0.8115  accuracy: 90.36% -> 90.36%     
client [53] (testset)   loss: 0.3246 -> 0.3251  accuracy: 96.72% -> 96.72%     
client [72] (testset)   loss: 0.8011 -> 0.8049  accuracy: 92.04% -> 92.04%     
client [58] (testset)   loss: 0.1879 -> 0.1880  accuracy: 98.38% -> 98.38%     
client [7]  (testset)   loss: 0.5439 -> 0.5453  accuracy: 94.52% -> 94.46%     
client [59] (testset)   loss: 0.7299 -> 0.7311  accuracy: 90.58% -> 90.63%     
client [86] (testset)   loss: 1.0726 -> 1.0747  accuracy: 88.69% -> 88.69%     
client [39] (testset)   loss: 0.2920 -> 0.2925  accuracy: 96.31% -> 96.31%     
client [71] (testset)   loss: 0.2745 -> 0.2758  accuracy: 97.00% -> 97.00%     
---------------------------- TRAINING EPOCH: 300 ----------------------------  
client [7]  (testset)   loss: 0.5484 -> 0.5480  accuracy: 94.46% -> 94.39%     
client [99] (testset)   loss: 0.4441 -> 0.4438  accuracy: 95.12% -> 95.09%     
client [64] (testset)   loss: 1.1230 -> 1.1266  accuracy: 87.48% -> 87.48%     
client [17] (testset)   loss: 0.9971 -> 1.0027  accuracy: 91.40% -> 91.40%     
client [29] (testset)   loss: 0.6240 -> 0.6285  accuracy: 92.48% -> 92.48%     
client [37] (testset)   loss: 0.7423 -> 0.7446  accuracy: 91.23% -> 91.09%     
client [73] (testset)   loss: 0.6601 -> 0.6623  accuracy: 92.39% -> 92.39%     
client [93] (testset)   loss: 0.4541 -> 0.4545  accuracy: 94.67% -> 94.63%     
client [40] (testset)   loss: 0.3172 -> 0.3171  accuracy: 96.02% -> 95.95%     
client [76] (testset)   loss: 0.3900 -> 0.3912  accuracy: 94.13% -> 94.13%     
---------------------------- TRAINING EPOCH: 310 ----------------------------  
client [31] (testset)   loss: 0.6698 -> 0.6707  accuracy: 92.94% -> 92.90%     
client [89] (testset)   loss: 1.2330 -> 1.2346  accuracy: 88.68% -> 88.53%     
client [77] (testset)   loss: 0.4729 -> 0.4733  accuracy: 95.08% -> 95.08%     
client [90] (testset)   loss: 0.8014 -> 0.8004  accuracy: 92.09% -> 92.09%     
client [26] (testset)   loss: 0.6546 -> 0.6575  accuracy: 92.80% -> 92.84%     
client [50] (testset)   loss: 0.1322 -> 0.1321  accuracy: 98.54% -> 98.60%     
client [70] (testset)   loss: 0.7011 -> 0.7022  accuracy: 91.01% -> 91.01%     
client [30] (testset)   loss: 0.6635 -> 0.6647  accuracy: 92.57% -> 92.57%     
client [41] (testset)   loss: 0.6729 -> 0.6751  accuracy: 91.47% -> 91.54%     
client [99] (testset)   loss: 0.4450 -> 0.4483  accuracy: 95.09% -> 95.09%     
---------------------------- TRAINING EPOCH: 320 ----------------------------  
client [70] (testset)   loss: 0.7047 -> 0.7049  accuracy: 91.01% -> 91.01%     
client [68] (testset)   loss: 0.4887 -> 0.4892  accuracy: 94.18% -> 94.18%     
client [52] (testset)   loss: 0.7879 -> 0.7888  accuracy: 88.72% -> 88.83%     
client [1]  (testset)   loss: 0.4412 -> 0.4421  accuracy: 93.53% -> 93.53%     
client [67] (testset)   loss: 0.4746 -> 0.4780  accuracy: 92.83% -> 92.83%     
client [2]  (testset)   loss: 0.2605 -> 0.2610  accuracy: 96.35% -> 96.35%     
client [35] (testset)   loss: 0.3190 -> 0.3191  accuracy: 97.06% -> 97.06%     
client [92] (testset)   loss: 0.6429 -> 0.6440  accuracy: 93.56% -> 93.56%     
client [64] (testset)   loss: 1.1361 -> 1.1378  accuracy: 87.48% -> 87.48%     
client [36] (testset)   loss: 0.3176 -> 0.3183  accuracy: 96.22% -> 96.27%     
---------------------------- TRAINING EPOCH: 330 ----------------------------  
client [44] (testset)   loss: 0.6700 -> 0.6712  accuracy: 91.70% -> 91.70%     
client [6]  (testset)   loss: 0.5143 -> 0.5150  accuracy: 94.54% -> 94.54%     
client [12] (testset)   loss: 0.5764 -> 0.5768  accuracy: 93.15% -> 93.15%     
client [29] (testset)   loss: 0.6395 -> 0.6434  accuracy: 92.53% -> 92.48%     
client [55] (testset)   loss: 1.0260 -> 1.0341  accuracy: 90.67% -> 90.70%     
client [43] (testset)   loss: 1.0422 -> 1.0426  accuracy: 89.18% -> 89.18%     
client [9]  (testset)   loss: 0.3455 -> 0.3457  accuracy: 95.41% -> 95.48%     
client [77] (testset)   loss: 0.4755 -> 0.4757  accuracy: 95.08% -> 95.08%     
client [98] (testset)   loss: 0.3197 -> 0.3199  accuracy: 96.30% -> 96.30%     
client [78] (testset)   loss: 0.5069 -> 0.5088  accuracy: 93.17% -> 93.25%     
---------------------------- TRAINING EPOCH: 340 ----------------------------  
client [80] (testset)   loss: 0.2563 -> 0.2567  accuracy: 96.69% -> 96.69%     
client [92] (testset)   loss: 0.6487 -> 0.6494  accuracy: 93.56% -> 93.56%     
client [76] (testset)   loss: 0.3971 -> 0.3977  accuracy: 94.21% -> 94.28%     
client [63] (testset)   loss: 0.3696 -> 0.3709  accuracy: 96.63% -> 96.63%     
client [25] (testset)   loss: 0.2597 -> 0.2602  accuracy: 96.05% -> 96.05%     
client [78] (testset)   loss: 0.5099 -> 0.5113  accuracy: 93.25% -> 93.25%     
client [13] (testset)   loss: 0.3758 -> 0.3761  accuracy: 96.44% -> 96.44%     
client [58] (testset)   loss: 0.1910 -> 0.1909  accuracy: 98.38% -> 98.38%     
client [17] (testset)   loss: 1.0348 -> 1.0412  accuracy: 91.48% -> 91.52%     
client [38] (testset)   loss: 0.2918 -> 0.2919  accuracy: 95.28% -> 95.28%     
---------------------------- TRAINING EPOCH: 350 ----------------------------  
client [72] (testset)   loss: 0.8284 -> 0.8292  accuracy: 91.89% -> 91.89%     
client [86] (testset)   loss: 1.1026 -> 1.1043  accuracy: 88.69% -> 88.69%     
client [82] (testset)   loss: 1.9930 -> 1.9997  accuracy: 78.22% -> 78.33%     
client [51] (testset)   loss: 0.6636 -> 0.6645  accuracy: 93.72% -> 93.72%     
client [96] (testset)   loss: 0.5004 -> 0.5008  accuracy: 95.27% -> 95.27%     
client [42] (testset)   loss: 0.7256 -> 0.7233  accuracy: 93.22% -> 93.22%     
client [13] (testset)   loss: 0.3773 -> 0.3778  accuracy: 96.44% -> 96.51%     
client [55] (testset)   loss: 1.0481 -> 1.0545  accuracy: 90.60% -> 90.70%     
client [12] (testset)   loss: 0.5796 -> 0.5800  accuracy: 93.15% -> 93.15%     
client [1]  (testset)   loss: 0.4466 -> 0.4472  accuracy: 93.53% -> 93.53%     
---------------------------- TRAINING EPOCH: 360 ----------------------------  
client [68] (testset)   loss: 0.4942 -> 0.4946  accuracy: 94.18% -> 94.18%     
client [46] (testset)   loss: 0.2230 -> 0.2234  accuracy: 97.60% -> 97.60%     
client [23] (testset)   loss: 1.5897 -> 1.5978  accuracy: 82.56% -> 82.45%     
client [25] (testset)   loss: 0.2627 -> 0.2633  accuracy: 96.05% -> 96.05%     
client [41] (testset)   loss: 0.6857 -> 0.6871  accuracy: 91.47% -> 91.54%     
client [14] (testset)   loss: 0.6908 -> 0.6931  accuracy: 93.35% -> 93.35%     
client [58] (testset)   loss: 0.1919 -> 0.1920  accuracy: 98.38% -> 98.38%     
client [33] (testset)   loss: 0.2500 -> 0.2504  accuracy: 97.41% -> 97.41%     
client [62] (testset)   loss: 0.3942 -> 0.3944  accuracy: 95.47% -> 95.47%     
client [85] (testset)   loss: 0.6937 -> 0.6957  accuracy: 93.92% -> 93.92%     
---------------------------- TRAINING EPOCH: 370 ----------------------------  
client [98] (testset)   loss: 0.3241 -> 0.3243  accuracy: 96.30% -> 96.30%     
client [70] (testset)   loss: 0.7156 -> 0.7156  accuracy: 91.01% -> 91.01%     
client [63] (testset)   loss: 0.3733 -> 0.3743  accuracy: 96.61% -> 96.61%     
client [65] (testset)   loss: 0.8356 -> 0.8379  accuracy: 90.36% -> 90.36%     
client [14] (testset)   loss: 0.6972 -> 0.6992  accuracy: 93.35% -> 93.35%     
client [73] (testset)   loss: 0.6807 -> 0.6823  accuracy: 92.33% -> 92.26%     
client [34] (testset)   loss: 0.2899 -> 0.2901  accuracy: 96.71% -> 96.66%     
client [69] (testset)   loss: 0.7171 -> 0.7176  accuracy: 92.69% -> 92.69%     
client [99] (testset)   loss: 0.4579 -> 0.4588  accuracy: 95.09% -> 95.09%     
client [46] (testset)   loss: 0.2239 -> 0.2240  accuracy: 97.60% -> 97.60%     
---------------------------- TRAINING EPOCH: 380 ----------------------------  
client [93] (testset)   loss: 0.4643 -> 0.4647  accuracy: 94.63% -> 94.63%     
client [99] (testset)   loss: 0.4596 -> 0.4617  accuracy: 95.12% -> 95.09%     
client [11] (testset)   loss: 0.4486 -> 0.4491  accuracy: 94.34% -> 94.34%     
client [81] (testset)   loss: 1.2565 -> 1.2604  accuracy: 86.45% -> 86.45%     
client [58] (testset)   loss: 0.1930 -> 0.1931  accuracy: 98.38% -> 98.38%     
client [89] (testset)   loss: 1.2734 -> 1.2775  accuracy: 88.61% -> 88.72%     
client [85] (testset)   loss: 0.6980 -> 0.6992  accuracy: 93.92% -> 93.92%     
client [45] (testset)   loss: 1.1082 -> 1.1115  accuracy: 87.92% -> 87.98%     
client [8]  (testset)   loss: 0.7026 -> 0.7031  accuracy: 91.66% -> 91.66%     
client [68] (testset)   loss: 0.4980 -> 0.4985  accuracy: 94.18% -> 94.07%     
---------------------------- TRAINING EPOCH: 390 ----------------------------  
client [67] (testset)   loss: 0.4883 -> 0.4904  accuracy: 92.83% -> 92.83%     
client [72] (testset)   loss: 0.8407 -> 0.8427  accuracy: 91.89% -> 91.89%     
client [78] (testset)   loss: 0.5201 -> 0.5217  accuracy: 93.25% -> 93.25%     
client [1]  (testset)   loss: 0.4516 -> 0.4526  accuracy: 93.53% -> 93.49%     
client [83] (testset)   loss: 0.5683 -> 0.5688  accuracy: 94.67% -> 94.67%     
client [21] (testset)   loss: 0.4188 -> 0.4211  accuracy: 94.88% -> 94.88%     
client [44] (testset)   loss: 0.6860 -> 0.6871  accuracy: 91.70% -> 91.70%     
client [56] (testset)   loss: 0.2384 -> 0.2386  accuracy: 97.48% -> 97.48%     
client [27] (testset)   loss: 0.3771 -> 0.3771  accuracy: 95.77% -> 95.81%     
client [92] (testset)   loss: 0.6578 -> 0.6586  accuracy: 93.58% -> 93.58%     
---------------------------- TRAINING EPOCH: 400 ----------------------------  
client [10] (testset)   loss: 0.8279 -> 0.8299  accuracy: 90.35% -> 90.35%     
client [39] (testset)   loss: 0.3009 -> 0.3013  accuracy: 96.31% -> 96.31%     
client [65] (testset)   loss: 0.8470 -> 0.8487  accuracy: 90.36% -> 90.36%     
client [26] (testset)   loss: 0.6945 -> 0.6982  accuracy: 92.84% -> 92.84%     
client [19] (testset)   loss: 0.4975 -> 0.4981  accuracy: 94.96% -> 94.99%     
client [68] (testset)   loss: 0.5001 -> 0.5004  accuracy: 94.18% -> 94.07%     
client [41] (testset)   loss: 0.6945 -> 0.6957  accuracy: 91.47% -> 91.54%     
client [50] (testset)   loss: 0.1385 -> 0.1389  accuracy: 98.60% -> 98.60%     
client [75] (testset)   loss: 0.7281 -> 0.7289  accuracy: 91.53% -> 91.53%     
client [81] (testset)   loss: 1.2682 -> 1.2707  accuracy: 86.52% -> 86.45%     
LG-FedAvg's average time taken by each global epoch: 0 min 19.03 sec.          
LG-FedAvg's total running time: 2 h 19 m 21 s.                                 
==================== LG-FedAvg Experiment Results: ====================        
Display format: (before local fine-tuning) -> (after local fine-tuning)        
 So if finetune_epoch = 0, x.xx% -> 0.00% is normal.                           
 Centralized testing ONLY happens after model aggregation, so the stats between
'->' are the same.                                                             
{                                                                              
    "100": {                                                                   
        "all_clients": {                                                       
            "test": {                                                          
                "loss": "0.3728 -> 0.3781",                                    
                "accuracy": "93.75% -> 93.86%"                                 
            }                                                                  
        }                                                                      
    },                                                                         
    "200": {                                                                   
        "all_clients": {                                                       
            "test": {                                                          
                "loss": "0.4950 -> 0.4985",                                    
                "accuracy": "93.80% -> 93.82%"                                 
            }                                                                  
        }                                                                      
    },                                                                         
    "300": {                                                                   
        "all_clients": {                                                       
            "test": {                                                          
                "loss": "0.5516 -> 0.5535",                                    
                "accuracy": "93.84% -> 93.84%"                                 
            }                                                                  
        }                                                                      
    },                                                                         
    "400": {                                                                   
        "all_clients": {                                                       
            "test": {                                                          
                "loss": "0.5767 -> 0.5778",                                    
                "accuracy": "93.83% -> 93.83%"                                 
            }                                                                  
        }                                                                      
    }                                                                          
}                                                                              
==================== LG-FedAvg Max Accuracy ====================               
all_clients:                                                                   
(test) before fine-tuning: 93.84% at epoch 300                                 
(test) after fine-tuning: 93.86% at epoch 100                                  
