==================== FedDpag ====================                              
Experiment Arguments:                                                          
{
    'method': 'feddpag',
    'dataset': {
        'name': 'medmnistC',
        'client_num': 100,
        'test_ratio': 0.25,
        'val_ratio': 0.0,
        'seed': 42,
        'split': 'sample',
        'IID_ratio': 0.0,
        'monitor_window_name_suffix': 'medmnistC-100clients-0%IID-Dir(0.1)-seed42',
        'alpha': 0.1,
        'min_samples_per_client': 10
    },
    'model': {
        'name': 'avgcnn',
        'use_torchvision_pretrained_weights': True,
        'external_model_weights_path': None
    },
    'optimizer': {
        'lr': 0.01,
        'dampening': 0,
        'weight_decay': 0,
        'momentum': 0.7,
        'nesterov': False,
        'name': 'sgd'
    },
    'mode': 'serial',
    'parallel': {
        'ray_cluster_addr': None,
        'num_cpus': None,
        'num_gpus': None,
        'num_workers': 2
    },
    'common': {
        'seed': 42,
        'join_ratio': 0.1,
        'global_epoch': 200,
        'local_epoch': 5,
        'batch_size': 32,
        'reset_optimizer_on_global_epoch': True,
        'straggler_ratio': 0,
        'straggler_min_local_epoch': 0,
        'buffers': 'global',
        'client_side_evaluation': True,
        'test': {
            'client': {
                'interval': 100,
                'finetune_epoch': 0,
                'train': False,
                'val': False,
                'test': True
            },
            'server': {
                'interval': -1,
                'train': False,
                'val': False,
                'test': True,
                'model_in_train_mode': False
            }
        },
        'verbose_gap': 10,
        'monitor': None,
        'use_cuda': True,
        'save_log': True,
        'save_model': False,
        'save_learning_curve_plot': True,
        'save_metrics': True,
        'delete_useless_run': True
    },
    'fedprox': {
        'mu': 0.01
    },
    'pfedsim': {
        'warmup_round': 0.5
    },
    'feddpag': {
        'fisher_threshold': 0.994
    }
}
---------------------------- TRAINING EPOCH: 10 ----------------------------   
client [77] (testset)   loss: 2.2977 -> 1.3454  accuracy: 0.00% -> 36.36%      
client [81] (testset)   loss: 2.1240 -> 0.5013  accuracy: 0.00% -> 80.58%      
client [21] (testset)   loss: 2.7807 -> 0.7602  accuracy: 0.00% -> 74.07%      
client [68] (testset)   loss: 2.0931 -> 1.0814  accuracy: 0.00% -> 59.72%      
client [93] (testset)   loss: 2.1166 -> 0.2507  accuracy: 0.00% -> 93.33%      
client [31] (testset)   loss: 2.3091 -> 0.6752  accuracy: 0.00% -> 85.14%      
client [20] (testset)   loss: 2.3363 -> 1.5357  accuracy: 0.00% -> 37.50%      
client [59] (testset)   loss: 2.2907 -> 1.2712  accuracy: 11.67% -> 33.33%     
client [48] (testset)   loss: 1.2717 -> 0.6423  accuracy: 83.15% -> 83.15%     
client [34] (testset)   loss: 1.7929 -> 0.6002  accuracy: 82.14% -> 82.14%     
---------------------------- TRAINING EPOCH: 20 ----------------------------   
client [69] (testset)   loss: 2.0501 -> 0.8821  accuracy: 15.38% -> 71.15%     
client [99] (testset)   loss: 1.7451 -> 1.7614  accuracy: 71.43% -> 14.29%     
client [67] (testset)   loss: 1.2588 -> 0.6651  accuracy: 85.71% -> 85.71%     
client [0]  (testset)   loss: 1.7619 -> 1.2592  accuracy: 45.12% -> 34.15%     
client [76] (testset)   loss: 1.8994 -> 2.8082  accuracy: 50.00% -> 50.00%     
client [41] (testset)   loss: 2.2205 -> 1.2052  accuracy: 7.41% -> 65.43%      
client [62] (testset)   loss: 3.6709 -> 0.4188  accuracy: 4.55% -> 95.45%      
client [2]  (testset)   loss: 2.6637 -> 1.1165  accuracy: 0.00% -> 47.27%      
client [14] (testset)   loss: 0.9869 -> 0.7921  accuracy: 85.00% -> 85.00%     
client [46] (testset)   loss: 1.6072 -> 0.9754  accuracy: 64.47% -> 64.47%     
---------------------------- TRAINING EPOCH: 30 ----------------------------   
client [24] (testset)   loss: 0.5466 -> 0.3089  accuracy: 93.75% -> 93.75%     
client [68] (testset)   loss: 1.9307 -> 1.0945  accuracy: 0.00% -> 59.72%      
client [57] (testset)   loss: 2.5669 -> 1.6751  accuracy: 0.00% -> 40.91%      
client [17] (testset)   loss: 1.6278 -> 0.8845  accuracy: 17.07% -> 69.92%     
client [54] (testset)   loss: 2.4120 -> 2.5726  accuracy: 25.00% -> 25.00%     
client [23] (testset)   loss: 3.0315 -> 1.7842  accuracy: 0.00% -> 39.13%      
client [35] (testset)   loss: 1.5690 -> 0.6024  accuracy: 2.50% -> 85.00%      
client [59] (testset)   loss: 2.2169 -> 1.1495  accuracy: 0.00% -> 33.33%      
client [31] (testset)   loss: 2.6507 -> 0.6219  accuracy: 1.35% -> 85.14%      
client [9]  (testset)   loss: 2.5578 -> 1.3889  accuracy: 0.00% -> 28.72%      
---------------------------- TRAINING EPOCH: 40 ----------------------------   
client [64] (testset)   loss: 2.3528 -> 1.2737  accuracy: 0.00% -> 50.00%      
client [33] (testset)   loss: 1.7458 -> 0.8687  accuracy: 12.99% -> 75.32%     
client [16] (testset)   loss: 1.2333 -> 0.6430  accuracy: 78.95% -> 78.95%     
client [44] (testset)   loss: 2.8700 -> 0.8811  accuracy: 1.19% -> 63.10%      
client [8]  (testset)   loss: 2.2402 -> 1.1872  accuracy: 54.17% -> 41.67%     
client [31] (testset)   loss: 1.7161 -> 0.6068  accuracy: 85.14% -> 85.14%     
client [47] (testset)   loss: 2.0801 -> 0.5974  accuracy: 3.33% -> 87.78%      
client [36] (testset)   loss: 2.3583 -> 1.7427  accuracy: 28.89% -> 28.89%     
client [20] (testset)   loss: 1.8801 -> 1.1644  accuracy: 37.50% -> 37.50%     
client [56] (testset)   loss: 1.8568 -> 0.7266  accuracy: 7.44% -> 79.34%      
---------------------------- TRAINING EPOCH: 50 ----------------------------   
client [4]  (testset)   loss: 2.4636 -> 2.0711  accuracy: 25.00% -> 25.00%     
client [60] (testset)   loss: 1.3546 -> 0.4207  accuracy: 91.82% -> 91.82%     
client [28] (testset)   loss: 2.3229 -> 1.3020  accuracy: 0.00% -> 61.54%      
client [25] (testset)   loss: 2.8056 -> 0.3815  accuracy: 0.00% -> 90.48%      
client [58] (testset)   loss: 1.8952 -> 0.4959  accuracy: 0.00% -> 86.70%      
client [44] (testset)   loss: 2.1626 -> 0.8712  accuracy: 0.00% -> 63.10%      
client [39] (testset)   loss: 1.3436 -> 1.0080  accuracy: 78.57% -> 78.57%     
client [29] (testset)   loss: 2.6861 -> 0.7464  accuracy: 3.70% -> 81.48%      
client [3]  (testset)   loss: 2.3564 -> 1.7294  accuracy: 23.53% -> 17.65%     
client [84] (testset)   loss: 2.5389 -> 1.6106  accuracy: 0.00% -> 40.23%      
---------------------------- TRAINING EPOCH: 60 ----------------------------   
client [21] (testset)   loss: 3.0225 -> 0.7592  accuracy: 0.00% -> 74.07%      
client [84] (testset)   loss: 2.3313 -> 1.6666  accuracy: 0.00% -> 21.84%      
client [10] (testset)   loss: 2.5461 -> 1.4857  accuracy: 0.00% -> 18.75%      
client [36] (testset)   loss: 2.6997 -> 1.7157  accuracy: 0.00% -> 28.89%      
client [65] (testset)   loss: 1.6811 -> 1.1669  accuracy: 62.22% -> 62.22%     
client [81] (testset)   loss: 1.0599 -> 0.5366  accuracy: 80.58% -> 80.58%     
client [79] (testset)   loss: 1.6220 -> 0.7290  accuracy: 64.00% -> 64.00%     
client [42] (testset)   loss: 0.3029 -> 0.0990  accuracy: 100.00% -> 100.00%   
client [11] (testset)   loss: 2.6209 -> 0.6341  accuracy: 0.00% -> 85.71%      
client [96] (testset)   loss: 2.8356 -> 1.4687  accuracy: 0.00% -> 66.67%      
---------------------------- TRAINING EPOCH: 70 ----------------------------   
client [8]  (testset)   loss: 2.0177 -> 1.1503  accuracy: 0.00% -> 41.67%      
client [53] (testset)   loss: 1.2251 -> 0.7660  accuracy: 78.85% -> 78.85%     
client [52] (testset)   loss: 1.4572 -> 0.9679  accuracy: 65.62% -> 65.62%     
client [42] (testset)   loss: 0.3210 -> 0.0907  accuracy: 100.00% -> 100.00%   
client [69] (testset)   loss: 1.3436 -> 0.8458  accuracy: 71.15% -> 71.15%     
client [59] (testset)   loss: 1.6960 -> 1.1247  accuracy: 50.83% -> 50.83%     
client [7]  (testset)   loss: 3.6230 -> 0.1582  accuracy: 0.00% -> 97.73%      
client [26] (testset)   loss: 2.2710 -> 1.0260  accuracy: 30.77% -> 57.69%     
client [49] (testset)   loss: 1.1428 -> 0.9098  accuracy: 75.00% -> 75.00%     
client [98] (testset)   loss: 0.7137 -> 0.1526  accuracy: 100.00% -> 100.00%   
---------------------------- TRAINING EPOCH: 80 ----------------------------   
client [98] (testset)   loss: 1.4212 -> 0.1078  accuracy: 0.00% -> 100.00%     
client [47] (testset)   loss: 2.6585 -> 0.6017  accuracy: 0.00% -> 87.78%      
client [21] (testset)   loss: 1.8259 -> 0.7418  accuracy: 0.00% -> 74.07%      
client [77] (testset)   loss: 3.1148 -> 1.5525  accuracy: 0.00% -> 36.36%      
client [95] (testset)   loss: 2.5207 -> 1.3733  accuracy: 0.00% -> 46.43%      
client [91] (testset)   loss: 2.7300 -> 3.2140  accuracy: 8.33% -> 16.67%      
client [14] (testset)   loss: 1.1207 -> 0.8401  accuracy: 85.00% -> 85.00%     
client [99] (testset)   loss: 2.1781 -> 1.2293  accuracy: 0.00% -> 71.43%      
client [20] (testset)   loss: 2.8916 -> 1.1974  accuracy: 0.00% -> 37.50%      
client [39] (testset)   loss: 1.6905 -> 0.9109  accuracy: 78.57% -> 78.57%     
---------------------------- TRAINING EPOCH: 90 ----------------------------   
client [52] (testset)   loss: 2.0189 -> 0.9460  accuracy: 0.00% -> 65.62%      
client [62] (testset)   loss: 4.0039 -> 0.4241  accuracy: 0.00% -> 95.45%      
client [71] (testset)   loss: 1.2861 -> 0.8583  accuracy: 71.97% -> 71.97%     
client [97] (testset)   loss: 2.5178 -> 1.2820  accuracy: 0.00% -> 42.02%      
client [30] (testset)   loss: 2.7285 -> 1.3438  accuracy: 13.33% -> 38.89%     
client [88] (testset)   loss: 0.9353 -> 0.4764  accuracy: 87.41% -> 87.41%     
client [60] (testset)   loss: 0.5617 -> 0.4308  accuracy: 91.82% -> 91.82%     
client [82] (testset)   loss: 1.1742 -> 0.9411  accuracy: 69.05% -> 69.05%     
client [91] (testset)   loss: 2.4849 -> 2.5567  accuracy: 8.33% -> 16.67%      
client [57] (testset)   loss: 2.4174 -> 1.2939  accuracy: 0.00% -> 40.91%      
---------------------------- TRAINING EPOCH: 100 ----------------------------  
client [31] (testset)   loss: 0.9804 -> 0.6156  accuracy: 85.14% -> 85.14%     
client [15] (testset)   loss: 2.2616 -> 1.0331  accuracy: 49.32% -> 49.32%     
client [71] (testset)   loss: 1.3543 -> 0.8299  accuracy: 71.97% -> 71.97%     
client [97] (testset)   loss: 3.6921 -> 1.2569  accuracy: 0.00% -> 42.02%      
client [53] (testset)   loss: 2.0976 -> 0.7733  accuracy: 0.00% -> 78.85%      
client [77] (testset)   loss: 2.7412 -> 1.7142  accuracy: 36.36% -> 36.36%     
client [76] (testset)   loss: 2.5246 -> 1.7368  accuracy: 50.00% -> 50.00%     
client [79] (testset)   loss: 3.1952 -> 0.7377  accuracy: 0.00% -> 64.00%      
client [28] (testset)   loss: 2.4404 -> 1.0568  accuracy: 0.00% -> 61.54%      
client [99] (testset)   loss: 2.2940 -> 1.2483  accuracy: 0.00% -> 71.43%      
---------------------------- TRAINING EPOCH: 110 ----------------------------  
client [97] (testset)   loss: 1.8571 -> 1.2911  accuracy: 40.34% -> 40.34%     
client [86] (testset)   loss: 2.6795 -> 1.4123  accuracy: 31.48% -> 31.48%     
client [34] (testset)   loss: 3.9655 -> 0.6153  accuracy: 0.00% -> 82.14%      
client [73] (testset)   loss: 1.2002 -> 0.7245  accuracy: 76.92% -> 76.92%     
client [5]  (testset)   loss: 0.6555 -> 0.4865  accuracy: 90.00% -> 90.00%     
client [96] (testset)   loss: 3.3491 -> 1.2743  accuracy: 0.00% -> 66.67%      
client [22] (testset)   loss: 2.7032 -> 0.9767  accuracy: 1.69% -> 52.54%      
client [60] (testset)   loss: 1.5500 -> 0.4162  accuracy: 91.82% -> 91.82%     
client [66] (testset)   loss: 0.4098 -> 0.1637  accuracy: 97.75% -> 97.75%     
client [83] (testset)   loss: 1.6521 -> 0.5246  accuracy: 0.00% -> 87.91%      
---------------------------- TRAINING EPOCH: 120 ----------------------------  
client [76] (testset)   loss: 2.4562 -> 1.7612  accuracy: 50.00% -> 50.00%     
client [65] (testset)   loss: 2.3181 -> 1.1984  accuracy: 2.22% -> 62.22%      
client [95] (testset)   loss: 3.0182 -> 1.3877  accuracy: 0.00% -> 46.43%      
client [17] (testset)   loss: 3.0173 -> 0.9044  accuracy: 0.00% -> 69.92%      
client [8]  (testset)   loss: 2.8551 -> 1.2384  accuracy: 0.00% -> 41.67%      
client [35] (testset)   loss: 0.6976 -> 0.5175  accuracy: 85.00% -> 85.00%     
client [98] (testset)   loss: 1.5780 -> 0.0942  accuracy: 0.00% -> 100.00%     
client [53] (testset)   loss: 1.0398 -> 0.8108  accuracy: 78.85% -> 78.85%     
client [43] (testset)   loss: 2.6139 -> 0.9641  accuracy: 0.00% -> 83.33%      
client [64] (testset)   loss: 2.2754 -> 1.7005  accuracy: 50.00% -> 0.00%      
---------------------------- TRAINING EPOCH: 130 ----------------------------  
client [21] (testset)   loss: 2.4884 -> 0.7543  accuracy: 0.00% -> 74.07%      
client [88] (testset)   loss: 0.6094 -> 0.4664  accuracy: 87.41% -> 87.41%     
client [38] (testset)   loss: 3.5169 -> 0.8413  accuracy: 16.00% -> 76.00%     
client [3]  (testset)   loss: 2.7343 -> 1.7440  accuracy: 0.00% -> 17.65%      
client [5]  (testset)   loss: 0.7178 -> 0.4973  accuracy: 90.00% -> 90.00%     
client [41] (testset)   loss: 2.1713 -> 1.1533  accuracy: 0.00% -> 65.43%      
client [7]  (testset)   loss: 0.5522 -> 0.1577  accuracy: 97.73% -> 97.73%     
client [37] (testset)   loss: 2.2184 -> 0.9360  accuracy: 55.00% -> 55.00%     
client [45] (testset)   loss: 3.2671 -> 1.5759  accuracy: 0.00% -> 27.27%      
client [47] (testset)   loss: 2.4055 -> 0.6027  accuracy: 0.00% -> 87.78%      
---------------------------- TRAINING EPOCH: 140 ----------------------------  
client [16] (testset)   loss: 2.7839 -> 0.7434  accuracy: 0.00% -> 78.95%      
client [11] (testset)   loss: 2.8808 -> 0.5341  accuracy: 0.00% -> 85.71%      
client [37] (testset)   loss: 3.4193 -> 1.0639  accuracy: 0.00% -> 55.00%      
client [41] (testset)   loss: 2.0758 -> 1.1529  accuracy: 0.00% -> 65.43%      
client [95] (testset)   loss: 2.7733 -> 1.3952  accuracy: 0.00% -> 46.43%      
client [53] (testset)   loss: 1.5684 -> 0.7770  accuracy: 78.85% -> 78.85%     
client [22] (testset)   loss: 3.0278 -> 0.9722  accuracy: 0.00% -> 52.54%      
client [25] (testset)   loss: 1.4364 -> 0.3398  accuracy: 90.48% -> 90.48%     
client [69] (testset)   loss: 1.9241 -> 0.8476  accuracy: 71.15% -> 71.15%     
client [46] (testset)   loss: 1.2750 -> 0.9531  accuracy: 20.81% -> 64.47%     
---------------------------- TRAINING EPOCH: 150 ----------------------------  
client [47] (testset)   loss: 0.8093 -> 0.6140  accuracy: 87.78% -> 87.78%     
client [69] (testset)   loss: 1.4325 -> 0.8460  accuracy: 71.15% -> 71.15%     
client [82] (testset)   loss: 1.2823 -> 0.8502  accuracy: 69.05% -> 69.05%     
client [45] (testset)   loss: 2.5426 -> 1.6687  accuracy: 0.00% -> 27.27%      
client [7]  (testset)   loss: 0.8476 -> 0.1532  accuracy: 97.73% -> 97.73%     
client [50] (testset)   loss: 2.3104 -> 1.1757  accuracy: 0.00% -> 55.56%      
client [35] (testset)   loss: 0.7394 -> 0.5246  accuracy: 85.00% -> 85.00%     
client [24] (testset)   loss: 0.6480 -> 0.3445  accuracy: 93.75% -> 93.75%     
client [15] (testset)   loss: 2.1208 -> 0.9759  accuracy: 0.00% -> 49.32%      
client [58] (testset)   loss: 3.0524 -> 0.4909  accuracy: 8.87% -> 86.70%      
---------------------------- TRAINING EPOCH: 160 ----------------------------  
client [48] (testset)   loss: 1.2064 -> 0.6496  accuracy: 83.15% -> 83.15%     
client [76] (testset)   loss: 1.9504 -> 1.6792  accuracy: 50.00% -> 50.00%     
client [67] (testset)   loss: 1.4025 -> 0.6251  accuracy: 85.71% -> 85.71%     
client [37] (testset)   loss: 2.1419 -> 0.9208  accuracy: 0.00% -> 55.00%      
client [58] (testset)   loss: 0.8406 -> 0.4905  accuracy: 86.70% -> 86.70%     
client [64] (testset)   loss: 2.1143 -> 1.4998  accuracy: 0.00% -> 0.00%       
client [77] (testset)   loss: 2.5235 -> 1.6569  accuracy: 0.00% -> 36.36%      
client [55] (testset)   loss: 2.0906 -> 0.8541  accuracy: 8.11% -> 83.78%      
client [12] (testset)   loss: 2.4559 -> 1.2887  accuracy: 0.00% -> 61.11%      
client [89] (testset)   loss: 1.9864 -> 1.1591  accuracy: 0.00% -> 40.00%      
---------------------------- TRAINING EPOCH: 170 ----------------------------  
client [84] (testset)   loss: 2.0427 -> 1.6151  accuracy: 40.23% -> 40.23%     
client [51] (testset)   loss: 1.0385 -> 0.9310  accuracy: 80.00% -> 80.00%     
client [8]  (testset)   loss: 2.8650 -> 1.1260  accuracy: 0.00% -> 54.17%      
client [18] (testset)   loss: 0.3614 -> 0.2081  accuracy: 97.37% -> 97.37%     
client [94] (testset)   loss: 1.0153 -> 1.1662  accuracy: 83.33% -> 83.33%     
client [81] (testset)   loss: 1.1805 -> 0.5231  accuracy: 80.58% -> 80.58%     
client [3]  (testset)   loss: 2.6133 -> 1.7870  accuracy: 17.65% -> 17.65%     
client [11] (testset)   loss: 0.8304 -> 0.5378  accuracy: 85.71% -> 85.71%     
client [95] (testset)   loss: 2.6291 -> 1.3740  accuracy: 7.14% -> 46.43%      
client [67] (testset)   loss: 1.1485 -> 0.5873  accuracy: 85.71% -> 85.71%     
---------------------------- TRAINING EPOCH: 180 ----------------------------  
client [21] (testset)   loss: 3.6402 -> 0.7473  accuracy: 0.00% -> 74.07%      
client [79] (testset)   loss: 1.5355 -> 0.7331  accuracy: 36.00% -> 64.00%     
client [58] (testset)   loss: 0.6920 -> 0.4994  accuracy: 86.70% -> 86.70%     
client [88] (testset)   loss: 1.5873 -> 0.5645  accuracy: 87.41% -> 87.41%     
client [46] (testset)   loss: 2.5194 -> 0.9646  accuracy: 0.00% -> 64.47%      
client [11] (testset)   loss: 1.5067 -> 0.5422  accuracy: 85.71% -> 85.71%     
client [55] (testset)   loss: 2.9701 -> 0.8480  accuracy: 2.70% -> 83.78%      
client [13] (testset)   loss: 2.7143 -> 1.5703  accuracy: 1.59% -> 46.03%      
client [31] (testset)   loss: 2.8586 -> 0.6203  accuracy: 1.35% -> 85.14%      
client [75] (testset)   loss: 2.8074 -> 0.2088  accuracy: 0.00% -> 100.00%     
---------------------------- TRAINING EPOCH: 190 ----------------------------  
client [19] (testset)   loss: 1.0373 -> 0.6023  accuracy: 80.00% -> 80.00%     
client [7]  (testset)   loss: 0.2039 -> 0.1459  accuracy: 97.73% -> 97.73%     
client [57] (testset)   loss: 2.1902 -> 1.3032  accuracy: 40.91% -> 40.91%     
client [13] (testset)   loss: 1.8795 -> 1.5727  accuracy: 46.03% -> 46.03%     
client [43] (testset)   loss: 1.7498 -> 0.8770  accuracy: 83.33% -> 83.33%     
client [91] (testset)   loss: 2.3532 -> 2.3282  accuracy: 16.67% -> 16.67%     
client [10] (testset)   loss: 2.2018 -> 1.4615  accuracy: 12.50% -> 46.88%     
client [64] (testset)   loss: 2.2921 -> 1.5016  accuracy: 0.00% -> 0.00%       
client [82] (testset)   loss: 1.2436 -> 0.9124  accuracy: 69.05% -> 69.05%     
client [22] (testset)   loss: 1.7424 -> 0.9703  accuracy: 52.54% -> 42.37%     
---------------------------- TRAINING EPOCH: 200 ----------------------------  
client [20] (testset)   loss: 2.0792 -> 1.1995  accuracy: 0.00% -> 37.50%      
client [23] (testset)   loss: 2.4062 -> 1.8012  accuracy: 0.00% -> 39.13%      
client [88] (testset)   loss: 3.1875 -> 0.4748  accuracy: 0.00% -> 87.41%      
client [98] (testset)   loss: 0.3312 -> 0.2384  accuracy: 100.00% -> 100.00%   
client [79] (testset)   loss: 1.8901 -> 0.7335  accuracy: 36.00% -> 64.00%     
client [21] (testset)   loss: 2.2339 -> 0.7432  accuracy: 0.00% -> 74.07%      
client [92] (testset)   loss: 2.9387 -> 1.2299  accuracy: 12.24% -> 55.10%     
client [56] (testset)   loss: 1.2639 -> 0.7213  accuracy: 79.34% -> 79.34%     
client [5]  (testset)   loss: 0.5811 -> 0.4957  accuracy: 90.00% -> 90.00%     
client [52] (testset)   loss: 1.8068 -> 0.9919  accuracy: 65.62% -> 65.62%     
FedDpag's average time taken by each global epoch: 0 min 1.06 sec.             
FedDpag's total running time: 0 h 3 m 35 s.                                    
==================== FedDpag Experiment Results: ====================          
Display format: (before local fine-tuning) -> (after local fine-tuning)        
 So if finetune_epoch = 0, x.xx% -> 0.00% is normal.                           
 Centralized testing ONLY happens after model aggregation, so the stats between
'->' are the same.                                                             
{                                                                              
    "100": {                                                                   
        "all_clients": {                                                       
            "test": {                                                          
                "loss": "1.9320 -> 0.0000",                                    
                "accuracy": "34.01% -> 0.00%"                                  
            }                                                                  
        }                                                                      
    },                                                                         
    "200": {                                                                   
        "all_clients": {                                                       
            "test": {                                                          
                "loss": "2.1248 -> 0.0000",                                    
                "accuracy": "34.41% -> 0.00%"                                  
            }                                                                  
        }                                                                      
    }                                                                          
}                                                                              
==================== FedDpag Max Accuracy ====================                 
all_clients:                                                                   
(test) before fine-tuning: 34.41% at epoch 200                                 
(test) after fine-tuning: 0.00% at epoch 100                                   
