==================== FedFew ====================                               
Experiment Arguments:                                                          
{
    'method': 'fedfew',
    'dataset': {
        'name': 'medmnistA',
        'client_num': 100,
        'test_ratio': 0.25,
        'val_ratio': 0.0,
        'seed': 42,
        'split': 'sample',
        'IID_ratio': 0.0,
        'monitor_window_name_suffix': 'medmnistA-100clients-0%IID-Dir(0.1)-seed42',
        'alpha': 0.1,
        'min_samples_per_client': 10
    },
    'model': {
        'name': 'avgcnn',
        'use_torchvision_pretrained_weights': True,
        'external_model_weights_path': None
    },
    'optimizer': {
        'lr': 0.01,
        'dampening': 0,
        'weight_decay': 0,
        'momentum': 0.7,
        'nesterov': False,
        'name': 'sgd'
    },
    'mode': 'serial',
    'parallel': {
        'ray_cluster_addr': None,
        'num_cpus': None,
        'num_gpus': None,
        'num_workers': 2
    },
    'common': {
        'seed': 42,
        'join_ratio': 0.1,
        'global_epoch': 400,
        'local_epoch': 5,
        'batch_size': 32,
        'reset_optimizer_on_global_epoch': True,
        'straggler_ratio': 0,
        'straggler_min_local_epoch': 0,
        'buffers': 'global',
        'client_side_evaluation': True,
        'test': {
            'client': {
                'interval': 100,
                'finetune_epoch': 5,
                'train': False,
                'val': False,
                'test': True
            },
            'server': {
                'interval': -1,
                'train': False,
                'val': False,
                'test': True,
                'model_in_train_mode': False
            }
        },
        'verbose_gap': 10,
        'monitor': None,
        'use_cuda': True,
        'save_log': True,
        'save_model': False,
        'save_learning_curve_plot': True,
        'save_metrics': True,
        'delete_useless_run': True
    },
    'fedprox': {
        'mu': 0.01
    },
    'pfedsim': {
        'warmup_round': 0.5
    },
    'fedfew': {
        'ig_ratio': 0.83,
        'alpha': 0.5,
        'IgRatioScheduler': {
            'init': 0.0,
            'last': 0.9999,
            'num_rounds': 400,
            'mode': 'linear'
        }
    }
}
---------------------------- TRAINING EPOCH: 10 ----------------------------   
client [77] (testset)   loss: 0.9699 -> 0.9905  accuracy: 58.33% -> 58.33%     
client [81] (testset)   loss: 0.7952 -> 0.8114  accuracy: 54.74% -> 54.74%     
client [21] (testset)   loss: 2.4865 -> 0.9017  accuracy: 1.59% -> 53.44%      
client [68] (testset)   loss: 0.0156 -> 0.0179  accuracy: 100.00% -> 100.00%   
client [93] (testset)   loss: 0.5992 -> 0.6270  accuracy: 88.89% -> 88.89%     
client [31] (testset)   loss: 1.4677 -> 1.3479  accuracy: 55.00% -> 55.00%     
client [20] (testset)   loss: 0.5833 -> 0.5957  accuracy: 88.08% -> 88.08%     
client [59] (testset)   loss: 2.3375 -> 0.9436  accuracy: 0.00% -> 42.00%      
client [48] (testset)   loss: 0.7372 -> 0.7336  accuracy: 74.14% -> 74.14%     
client [34] (testset)   loss: 1.3606 -> 1.3939  accuracy: 37.04% -> 28.40%     
---------------------------- TRAINING EPOCH: 20 ----------------------------   
client [69] (testset)   loss: 1.0412 -> 1.1702  accuracy: 63.83% -> 63.83%     
client [99] (testset)   loss: 1.1709 -> 1.1720  accuracy: 63.53% -> 63.53%     
client [67] (testset)   loss: 1.2046 -> 1.1273  accuracy: 55.29% -> 55.29%     
client [0]  (testset)   loss: 0.8916 -> 0.9009  accuracy: 60.35% -> 60.35%     
client [76] (testset)   loss: 1.2935 -> 1.2692  accuracy: 52.13% -> 52.13%     
client [41] (testset)   loss: 0.8775 -> 0.8267  accuracy: 36.62% -> 59.15%     
client [62] (testset)   loss: 2.3406 -> 0.9953  accuracy: 10.00% -> 65.00%     
client [2]  (testset)   loss: 2.4536 -> 1.6471  accuracy: 0.00% -> 37.14%      
client [14] (testset)   loss: 0.1575 -> 0.1677  accuracy: 97.22% -> 97.22%     
client [46] (testset)   loss: 0.8914 -> 0.8311  accuracy: 59.30% -> 59.30%     
---------------------------- TRAINING EPOCH: 30 ----------------------------   
client [24] (testset)   loss: 0.1642 -> 0.1651  accuracy: 96.84% -> 96.84%     
client [68] (testset)   loss: 0.0106 -> 0.0246  accuracy: 100.00% -> 100.00%   
client [57] (testset)   loss: 0.7492 -> 0.6186  accuracy: 19.53% -> 79.69%     
client [17] (testset)   loss: 1.4890 -> 1.4784  accuracy: 38.46% -> 21.54%     
client [54] (testset)   loss: 0.6574 -> 0.6545  accuracy: 80.00% -> 80.00%     
client [23] (testset)   loss: 2.3997 -> 0.9283  accuracy: 0.00% -> 56.67%      
client [35] (testset)   loss: 1.1674 -> 1.1963  accuracy: 46.30% -> 32.87%     
client [59] (testset)   loss: 0.9508 -> 0.9561  accuracy: 52.00% -> 52.00%     
client [31] (testset)   loss: 1.3699 -> 1.3801  accuracy: 55.00% -> 55.00%     
client [9]  (testset)   loss: 0.6566 -> 0.6574  accuracy: 83.44% -> 83.44%     
---------------------------- TRAINING EPOCH: 40 ----------------------------   
client [64] (testset)   loss: 0.8756 -> 0.8578  accuracy: 66.67% -> 66.67%     
client [33] (testset)   loss: 0.8684 -> 0.7011  accuracy: 75.00% -> 75.00%     
client [16] (testset)   loss: 0.2974 -> 0.2990  accuracy: 92.63% -> 92.63%     
client [44] (testset)   loss: 1.3216 -> 1.7760  accuracy: 61.54% -> 0.00%      
client [8]  (testset)   loss: 1.7376 -> 1.7616  accuracy: 40.91% -> 40.91%     
client [31] (testset)   loss: 1.4209 -> 1.3644  accuracy: 55.00% -> 55.00%     
client [47] (testset)   loss: 0.9964 -> 1.0016  accuracy: 48.19% -> 48.19%     
client [36] (testset)   loss: 1.5737 -> 1.4152  accuracy: 30.00% -> 37.50%     
client [20] (testset)   loss: 0.5851 -> 0.5937  accuracy: 88.08% -> 88.08%     
client [56] (testset)   loss: 1.5719 -> 1.6114  accuracy: 44.26% -> 16.39%     
---------------------------- TRAINING EPOCH: 50 ----------------------------   
client [4]  (testset)   loss: 0.8693 -> 0.8812  accuracy: 76.74% -> 76.74%     
client [60] (testset)   loss: 0.1790 -> 0.1804  accuracy: 96.62% -> 96.62%     
client [28] (testset)   loss: 0.9496 -> 1.0719  accuracy: 73.37% -> 73.37%     
client [25] (testset)   loss: 0.7936 -> 0.7921  accuracy: 73.02% -> 73.02%     
client [58] (testset)   loss: 0.2311 -> 0.2306  accuracy: 94.34% -> 94.34%     
client [44] (testset)   loss: 1.7211 -> 1.7363  accuracy: 0.00% -> 61.54%      
client [39] (testset)   loss: 1.6294 -> 1.5881  accuracy: 43.40% -> 43.40%     
client [29] (testset)   loss: 0.9641 -> 0.9094  accuracy: 73.87% -> 73.87%     
client [3]  (testset)   loss: 0.7399 -> 0.7850  accuracy: 63.64% -> 63.64%     
client [84] (testset)   loss: 0.8196 -> 0.8041  accuracy: 40.51% -> 56.96%     
---------------------------- TRAINING EPOCH: 60 ----------------------------   
client [21] (testset)   loss: 0.8880 -> 0.8786  accuracy: 42.06% -> 53.44%     
client [84] (testset)   loss: 0.8035 -> 0.8092  accuracy: 56.96% -> 56.96%     
client [10] (testset)   loss: 0.9354 -> 0.9337  accuracy: 53.62% -> 53.62%     
client [36] (testset)   loss: 1.4034 -> 1.4075  accuracy: 37.50% -> 30.00%     
client [65] (testset)   loss: 0.5716 -> 0.5700  accuracy: 83.56% -> 83.56%     
client [81] (testset)   loss: 0.7920 -> 0.7949  accuracy: 54.74% -> 54.74%     
client [79] (testset)   loss: 1.0610 -> 1.0518  accuracy: 77.78% -> 77.78%     
client [42] (testset)   loss: 1.1386 -> 1.1454  accuracy: 58.33% -> 58.33%     
client [11] (testset)   loss: 1.1916 -> 1.1980  accuracy: 50.88% -> 50.88%     
client [96] (testset)   loss: 1.2119 -> 1.2677  accuracy: 55.39% -> 55.39%     
---------------------------- TRAINING EPOCH: 70 ----------------------------   
client [8]  (testset)   loss: 1.7456 -> 1.6911  accuracy: 40.91% -> 40.91%     
client [53] (testset)   loss: 0.2446 -> 0.2810  accuracy: 94.85% -> 94.85%     
client [52] (testset)   loss: 0.8709 -> 0.8689  accuracy: 75.22% -> 75.22%     
client [42] (testset)   loss: 1.1336 -> 1.1246  accuracy: 58.33% -> 58.33%     
client [69] (testset)   loss: 1.0948 -> 1.0755  accuracy: 63.83% -> 63.83%     
client [59] (testset)   loss: 1.0163 -> 0.9219  accuracy: 52.00% -> 52.00%     
client [7]  (testset)   loss: 0.4762 -> 0.5059  accuracy: 88.85% -> 88.85%     
client [26] (testset)   loss: 1.2566 -> 1.2497  accuracy: 50.53% -> 50.53%     
client [49] (testset)   loss: 0.7586 -> 0.7324  accuracy: 79.77% -> 79.77%     
client [98] (testset)   loss: 0.9499 -> 0.9764  accuracy: 74.68% -> 74.68%     
---------------------------- TRAINING EPOCH: 80 ----------------------------   
client [98] (testset)   loss: 0.9773 -> 0.9659  accuracy: 74.68% -> 74.68%     
client [47] (testset)   loss: 0.9969 -> 0.9973  accuracy: 48.19% -> 48.19%     
client [21] (testset)   loss: 0.8918 -> 0.8772  accuracy: 42.06% -> 53.44%     
client [77] (testset)   loss: 0.9960 -> 1.1901  accuracy: 58.33% -> 58.33%     
client [95] (testset)   loss: 0.3291 -> 0.2809  accuracy: 94.83% -> 94.83%     
client [91] (testset)   loss: 0.6288 -> 0.7347  accuracy: 88.24% -> 88.24%     
client [14] (testset)   loss: 0.1620 -> 0.1647  accuracy: 97.22% -> 97.22%     
client [99] (testset)   loss: 1.2068 -> 1.1680  accuracy: 63.53% -> 63.53%     
client [20] (testset)   loss: 0.5943 -> 0.5988  accuracy: 88.08% -> 88.08%     
client [39] (testset)   loss: 1.6365 -> 1.5863  accuracy: 43.40% -> 43.40%     
---------------------------- TRAINING EPOCH: 90 ----------------------------   
client [52] (testset)   loss: 0.8699 -> 0.8694  accuracy: 75.22% -> 75.22%     
client [62] (testset)   loss: 0.8914 -> 0.9050  accuracy: 65.00% -> 65.00%     
client [71] (testset)   loss: 1.2705 -> 1.2660  accuracy: 50.00% -> 50.00%     
client [97] (testset)   loss: 1.3484 -> 1.3218  accuracy: 47.72% -> 47.72%     
client [30] (testset)   loss: 0.9228 -> 0.8885  accuracy: 41.43% -> 54.29%     
client [88] (testset)   loss: 1.1077 -> 1.0737  accuracy: 67.57% -> 67.57%     
client [60] (testset)   loss: 0.1926 -> 0.2182  accuracy: 96.62% -> 96.62%     
client [82] (testset)   loss: 1.5252 -> 1.5365  accuracy: 46.51% -> 46.51%     
client [91] (testset)   loss: 0.5514 -> 0.5310  accuracy: 88.24% -> 88.24%     
client [57] (testset)   loss: 0.5449 -> 0.5461  accuracy: 79.69% -> 79.69%     
---------------------------- TRAINING EPOCH: 100 ----------------------------  
client [31] (testset)   loss: 1.3816 -> 1.3728  accuracy: 55.00% -> 55.00%     
client [15] (testset)   loss: 0.9108 -> 0.9073  accuracy: 76.47% -> 76.47%     
client [71] (testset)   loss: 1.2658 -> 1.2615  accuracy: 50.00% -> 50.00%     
client [97] (testset)   loss: 1.3313 -> 1.3335  accuracy: 47.72% -> 47.72%     
client [53] (testset)   loss: 0.2310 -> 0.2196  accuracy: 94.85% -> 94.85%     
client [77] (testset)   loss: 1.1818 -> 1.0939  accuracy: 58.33% -> 58.33%     
client [76] (testset)   loss: 1.2768 -> 1.2928  accuracy: 52.13% -> 52.13%     
client [79] (testset)   loss: 1.0764 -> 1.1271  accuracy: 77.78% -> 77.78%     
client [28] (testset)   loss: 0.9590 -> 0.9613  accuracy: 73.37% -> 73.37%     
client [99] (testset)   loss: 1.1964 -> 1.1694  accuracy: 63.53% -> 63.53%     
---------------------------- TRAINING EPOCH: 110 ----------------------------  
client [97] (testset)   loss: 1.3308 -> 1.3181  accuracy: 47.72% -> 47.72%     
client [86] (testset)   loss: 0.5099 -> 0.5145  accuracy: 84.66% -> 84.66%     
client [34] (testset)   loss: 1.3534 -> 1.3523  accuracy: 37.04% -> 37.04%     
client [73] (testset)   loss: 0.7384 -> 0.7835  accuracy: 58.95% -> 40.00%     
client [5]  (testset)   loss: 1.4785 -> 1.4554  accuracy: 43.96% -> 43.96%     
client [96] (testset)   loss: 1.2152 -> 1.2072  accuracy: 55.39% -> 55.39%     
client [22] (testset)   loss: 0.4211 -> 0.4202  accuracy: 89.95% -> 89.95%     
client [60] (testset)   loss: 0.1833 -> 0.1842  accuracy: 96.62% -> 96.62%     
client [66] (testset)   loss: 1.0891 -> 1.0580  accuracy: 50.78% -> 50.78%     
client [83] (testset)   loss: 0.6180 -> 0.6380  accuracy: 85.00% -> 85.00%     
---------------------------- TRAINING EPOCH: 120 ----------------------------  
client [76] (testset)   loss: 1.2775 -> 1.2668  accuracy: 52.13% -> 52.13%     
client [65] (testset)   loss: 0.5743 -> 0.5672  accuracy: 83.56% -> 83.56%     
client [95] (testset)   loss: 0.3071 -> 0.3229  accuracy: 94.83% -> 94.83%     
client [17] (testset)   loss: 1.4657 -> 1.4527  accuracy: 38.46% -> 38.46%     
client [8]  (testset)   loss: 1.7131 -> 1.6664  accuracy: 40.91% -> 40.91%     
client [35] (testset)   loss: 1.1732 -> 1.1715  accuracy: 46.30% -> 46.30%     
client [98] (testset)   loss: 0.9544 -> 1.1265  accuracy: 74.68% -> 74.68%     
client [53] (testset)   loss: 0.2257 -> 0.2222  accuracy: 94.85% -> 94.85%     
client [43] (testset)   loss: 0.3149 -> 0.3357  accuracy: 93.29% -> 93.29%     
client [64] (testset)   loss: 0.8513 -> 0.8450  accuracy: 66.67% -> 66.67%     
---------------------------- TRAINING EPOCH: 130 ----------------------------  
client [21] (testset)   loss: 0.8805 -> 0.8739  accuracy: 53.44% -> 53.44%     
client [88] (testset)   loss: 1.0628 -> 1.0737  accuracy: 67.57% -> 67.57%     
client [38] (testset)   loss: 1.0461 -> 1.0880  accuracy: 66.67% -> 66.67%     
client [3]  (testset)   loss: 0.7444 -> 0.8167  accuracy: 63.64% -> 36.36%     
client [5]  (testset)   loss: 1.4526 -> 1.4435  accuracy: 43.96% -> 43.96%     
client [41] (testset)   loss: 0.8366 -> 0.8558  accuracy: 59.15% -> 59.15%     
client [7]  (testset)   loss: 0.4712 -> 0.4704  accuracy: 88.85% -> 88.85%     
client [37] (testset)   loss: 0.4670 -> 0.4705  accuracy: 87.45% -> 87.45%     
client [45] (testset)   loss: 1.5540 -> 1.5547  accuracy: 44.00% -> 44.00%     
client [47] (testset)   loss: 0.9959 -> 1.0005  accuracy: 48.19% -> 48.19%     
---------------------------- TRAINING EPOCH: 140 ----------------------------  
client [16] (testset)   loss: 0.3006 -> 0.3044  accuracy: 92.63% -> 92.63%     
client [11] (testset)   loss: 1.1636 -> 1.1925  accuracy: 50.88% -> 50.88%     
client [37] (testset)   loss: 0.4707 -> 0.5031  accuracy: 87.45% -> 87.45%     
client [41] (testset)   loss: 0.8519 -> 0.8507  accuracy: 59.15% -> 59.15%     
client [95] (testset)   loss: 0.3002 -> 0.3801  accuracy: 94.83% -> 94.83%     
client [53] (testset)   loss: 0.2222 -> 0.2312  accuracy: 94.85% -> 94.85%     
client [22] (testset)   loss: 0.4113 -> 0.4163  accuracy: 89.95% -> 89.95%     
client [25] (testset)   loss: 0.8004 -> 0.7903  accuracy: 73.02% -> 73.02%     
client [69] (testset)   loss: 1.0346 -> 1.0528  accuracy: 63.83% -> 63.83%     
client [46] (testset)   loss: 0.8829 -> 0.8952  accuracy: 59.30% -> 59.30%     
---------------------------- TRAINING EPOCH: 150 ----------------------------  
client [47] (testset)   loss: 0.9907 -> 1.0087  accuracy: 48.19% -> 48.19%     
client [69] (testset)   loss: 1.0354 -> 1.0533  accuracy: 63.83% -> 63.83%     
client [82] (testset)   loss: 1.5264 -> 1.5032  accuracy: 46.51% -> 46.51%     
client [45] (testset)   loss: 1.5585 -> 1.5560  accuracy: 44.00% -> 44.00%     
client [7]  (testset)   loss: 0.4705 -> 0.4867  accuracy: 88.85% -> 88.85%     
client [50] (testset)   loss: 0.6777 -> 0.6721  accuracy: 79.27% -> 79.27%     
client [35] (testset)   loss: 1.1718 -> 1.1752  accuracy: 46.30% -> 46.30%     
client [24] (testset)   loss: 0.1688 -> 0.1696  accuracy: 96.84% -> 96.84%     
client [15] (testset)   loss: 0.8914 -> 0.8896  accuracy: 76.47% -> 76.47%     
client [58] (testset)   loss: 0.2324 -> 0.2353  accuracy: 94.34% -> 94.34%     
---------------------------- TRAINING EPOCH: 160 ----------------------------  
client [48] (testset)   loss: 0.7548 -> 0.7555  accuracy: 74.14% -> 74.14%     
client [76] (testset)   loss: 1.2656 -> 1.2668  accuracy: 52.13% -> 52.13%     
client [67] (testset)   loss: 1.1229 -> 1.1455  accuracy: 55.29% -> 55.29%     
client [37] (testset)   loss: 0.4691 -> 0.4665  accuracy: 87.45% -> 87.45%     
client [58] (testset)   loss: 0.2236 -> 0.2247  accuracy: 94.34% -> 94.34%     
client [64] (testset)   loss: 0.8282 -> 0.8377  accuracy: 66.67% -> 66.67%     
client [77] (testset)   loss: 0.9463 -> 0.9732  accuracy: 58.33% -> 58.33%     
client [55] (testset)   loss: 2.1185 -> 2.1335  accuracy: 50.00% -> 50.00%     
client [12] (testset)   loss: 0.5339 -> 0.5356  accuracy: 86.14% -> 86.14%     
client [89] (testset)   loss: 2.0683 -> 1.9485  accuracy: 18.75% -> 18.75%     
---------------------------- TRAINING EPOCH: 170 ----------------------------  
client [84] (testset)   loss: 0.8181 -> 0.8092  accuracy: 40.51% -> 56.96%     
client [51] (testset)   loss: 0.8439 -> 0.8665  accuracy: 66.67% -> 66.67%     
client [8]  (testset)   loss: 1.6925 -> 1.7102  accuracy: 40.91% -> 40.91%     
client [18] (testset)   loss: 0.9317 -> 0.9164  accuracy: 65.38% -> 65.38%     
client [94] (testset)   loss: 1.4247 -> 1.3671  accuracy: 50.00% -> 50.00%     
client [81] (testset)   loss: 0.7918 -> 0.8015  accuracy: 54.74% -> 54.74%     
client [3]  (testset)   loss: 0.7366 -> 0.7263  accuracy: 63.64% -> 63.64%     
client [11] (testset)   loss: 1.1705 -> 1.1710  accuracy: 50.88% -> 50.88%     
client [95] (testset)   loss: 0.3173 -> 0.3263  accuracy: 94.83% -> 94.83%     
client [67] (testset)   loss: 1.1459 -> 1.1725  accuracy: 55.29% -> 55.29%     
---------------------------- TRAINING EPOCH: 180 ----------------------------  
client [21] (testset)   loss: 0.8872 -> 0.8824  accuracy: 53.44% -> 53.44%     
client [79] (testset)   loss: 1.1087 -> 1.1360  accuracy: 77.78% -> 77.78%     
client [58] (testset)   loss: 0.2244 -> 0.2230  accuracy: 94.34% -> 94.34%     
client [88] (testset)   loss: 1.0816 -> 1.0636  accuracy: 67.57% -> 67.57%     
client [46] (testset)   loss: 0.8518 -> 0.8241  accuracy: 59.30% -> 59.30%     
client [11] (testset)   loss: 1.1711 -> 1.1848  accuracy: 50.88% -> 50.88%     
client [55] (testset)   loss: 2.1503 -> 2.1577  accuracy: 50.00% -> 50.00%     
client [13] (testset)   loss: 0.1214 -> 0.1170  accuracy: 97.78% -> 97.78%     
client [31] (testset)   loss: 1.3704 -> 1.3709  accuracy: 55.00% -> 55.00%     
client [75] (testset)   loss: 1.4331 -> 1.4630  accuracy: 38.38% -> 38.38%     
---------------------------- TRAINING EPOCH: 190 ----------------------------  
client [19] (testset)   loss: 1.5355 -> 1.5300  accuracy: 37.50% -> 37.50%     
client [7]  (testset)   loss: 0.4757 -> 0.4771  accuracy: 88.85% -> 88.85%     
client [57] (testset)   loss: 0.5598 -> 0.5434  accuracy: 79.69% -> 79.69%     
client [13] (testset)   loss: 0.1224 -> 0.1223  accuracy: 97.78% -> 97.78%     
client [43] (testset)   loss: 0.3232 -> 0.3222  accuracy: 93.29% -> 93.29%     
client [91] (testset)   loss: 0.5861 -> 0.6376  accuracy: 88.24% -> 88.24%     
client [10] (testset)   loss: 0.9479 -> 0.9282  accuracy: 53.62% -> 53.62%     
client [64] (testset)   loss: 0.8474 -> 0.8413  accuracy: 66.67% -> 66.67%     
client [82] (testset)   loss: 1.5408 -> 1.5703  accuracy: 46.51% -> 46.51%     
client [22] (testset)   loss: 0.4643 -> 0.4514  accuracy: 89.95% -> 89.95%     
---------------------------- TRAINING EPOCH: 200 ----------------------------  
client [20] (testset)   loss: 0.5901 -> 0.5871  accuracy: 88.08% -> 88.08%     
client [23] (testset)   loss: 0.9221 -> 0.9230  accuracy: 56.67% -> 56.67%     
client [88] (testset)   loss: 1.0608 -> 1.0770  accuracy: 67.57% -> 67.57%     
client [98] (testset)   loss: 1.0093 -> 0.9815  accuracy: 74.68% -> 74.68%     
client [79] (testset)   loss: 1.1343 -> 1.1398  accuracy: 77.78% -> 77.78%     
client [21] (testset)   loss: 0.8752 -> 0.8789  accuracy: 53.44% -> 53.44%     
client [92] (testset)   loss: 1.1135 -> 0.8715  accuracy: 63.64% -> 63.64%     
client [56] (testset)   loss: 1.5652 -> 1.5739  accuracy: 44.26% -> 16.39%     
client [5]  (testset)   loss: 1.4732 -> 1.4388  accuracy: 43.96% -> 43.96%     
client [52] (testset)   loss: 0.8740 -> 0.9054  accuracy: 75.22% -> 75.22%     
---------------------------- TRAINING EPOCH: 210 ----------------------------  
client [67] (testset)   loss: 1.1239 -> 1.1303  accuracy: 55.29% -> 55.29%     
client [54] (testset)   loss: 0.6490 -> 0.6895  accuracy: 80.00% -> 80.00%     
client [14] (testset)   loss: 0.1587 -> 0.1568  accuracy: 97.22% -> 97.22%     
client [99] (testset)   loss: 1.1650 -> 1.1710  accuracy: 63.53% -> 63.53%     
client [36] (testset)   loss: 1.4013 -> 1.3982  accuracy: 37.50% -> 37.50%     
client [30] (testset)   loss: 0.8921 -> 0.9038  accuracy: 54.29% -> 54.29%     
client [38] (testset)   loss: 1.0513 -> 1.0396  accuracy: 66.67% -> 66.67%     
client [15] (testset)   loss: 0.8965 -> 0.9162  accuracy: 76.47% -> 76.47%     
client [6]  (testset)   loss: 1.1206 -> 1.1017  accuracy: 47.09% -> 47.09%     
client [53] (testset)   loss: 0.2272 -> 0.2311  accuracy: 94.85% -> 94.85%     
---------------------------- TRAINING EPOCH: 220 ----------------------------  
client [99] (testset)   loss: 1.1743 -> 1.1697  accuracy: 63.53% -> 63.53%     
client [6]  (testset)   loss: 1.1014 -> 1.1087  accuracy: 47.09% -> 47.09%     
client [83] (testset)   loss: 0.6456 -> 0.6504  accuracy: 85.00% -> 85.00%     
client [42] (testset)   loss: 1.1304 -> 1.1456  accuracy: 58.33% -> 58.33%     
client [34] (testset)   loss: 1.3530 -> 1.3503  accuracy: 37.04% -> 37.04%     
client [15] (testset)   loss: 0.9135 -> 0.9008  accuracy: 76.47% -> 76.47%     
client [47] (testset)   loss: 0.9914 -> 0.9872  accuracy: 48.19% -> 48.19%     
client [55] (testset)   loss: 2.1868 -> 2.1915  accuracy: 50.00% -> 50.00%     
client [51] (testset)   loss: 0.8481 -> 0.8750  accuracy: 66.67% -> 66.67%     
client [95] (testset)   loss: 0.2719 -> 0.3002  accuracy: 94.83% -> 94.83%     
---------------------------- TRAINING EPOCH: 230 ----------------------------  
client [71] (testset)   loss: 1.2559 -> 1.2977  accuracy: 50.00% -> 25.00%     
client [15] (testset)   loss: 0.9015 -> 0.9079  accuracy: 76.47% -> 76.47%     
client [33] (testset)   loss: 0.7244 -> 0.7605  accuracy: 75.00% -> 75.00%     
client [99] (testset)   loss: 1.1658 -> 1.1703  accuracy: 63.53% -> 63.53%     
client [90] (testset)   loss: 1.0657 -> 1.0669  accuracy: 50.00% -> 50.00%     
client [57] (testset)   loss: 0.5434 -> 0.5911  accuracy: 79.69% -> 79.69%     
client [27] (testset)   loss: 0.6547 -> 0.6632  accuracy: 82.43% -> 82.43%     
client [78] (testset)   loss: 0.6265 -> 0.6549  accuracy: 84.72% -> 84.72%     
client [36] (testset)   loss: 1.3989 -> 1.4013  accuracy: 37.50% -> 30.00%     
client [88] (testset)   loss: 1.0670 -> 1.1222  accuracy: 67.57% -> 67.57%     
---------------------------- TRAINING EPOCH: 240 ----------------------------  
client [70] (testset)   loss: 1.7742 -> 1.8279  accuracy: 27.78% -> 27.78%     
client [35] (testset)   loss: 1.1706 -> 1.1654  accuracy: 46.30% -> 46.30%     
client [16] (testset)   loss: 0.3029 -> 0.2995  accuracy: 92.63% -> 92.63%     
client [80] (testset)   loss: 0.7079 -> 0.7097  accuracy: 82.81% -> 82.81%     
client [38] (testset)   loss: 1.0438 -> 1.0527  accuracy: 66.67% -> 66.67%     
client [78] (testset)   loss: 0.6379 -> 0.6118  accuracy: 84.72% -> 84.72%     
client [68] (testset)   loss: 0.0302 -> 0.0337  accuracy: 100.00% -> 100.00%   
client [11] (testset)   loss: 1.1731 -> 1.1725  accuracy: 50.88% -> 50.88%     
client [64] (testset)   loss: 0.8464 -> 0.8399  accuracy: 66.67% -> 66.67%     
client [82] (testset)   loss: 1.5451 -> 1.5069  accuracy: 46.51% -> 46.51%     
---------------------------- TRAINING EPOCH: 250 ----------------------------  
client [30] (testset)   loss: 0.9001 -> 0.9142  accuracy: 54.29% -> 54.29%     
client [27] (testset)   loss: 0.6628 -> 0.6692  accuracy: 82.43% -> 82.43%     
client [74] (testset)   loss: 0.7768 -> 0.7939  accuracy: 75.76% -> 75.76%     
client [45] (testset)   loss: 1.5499 -> 1.5481  accuracy: 44.00% -> 44.00%     
client [6]  (testset)   loss: 1.0927 -> 1.0961  accuracy: 47.09% -> 47.09%     
client [36] (testset)   loss: 1.4042 -> 1.3976  accuracy: 30.00% -> 37.50%     
client [63] (testset)   loss: 0.2117 -> 0.2219  accuracy: 96.00% -> 96.00%     
client [76] (testset)   loss: 1.2756 -> 1.2676  accuracy: 52.13% -> 52.13%     
client [83] (testset)   loss: 0.6206 -> 0.6333  accuracy: 85.00% -> 85.00%     
client [86] (testset)   loss: 0.5466 -> 0.5055  accuracy: 84.66% -> 84.66%     
---------------------------- TRAINING EPOCH: 260 ----------------------------  
client [83] (testset)   loss: 0.6390 -> 0.6391  accuracy: 85.00% -> 85.00%     
client [99] (testset)   loss: 1.1691 -> 1.1642  accuracy: 63.53% -> 63.53%     
client [74] (testset)   loss: 0.8120 -> 0.7763  accuracy: 75.76% -> 75.76%     
client [73] (testset)   loss: 0.7320 -> 0.7379  accuracy: 58.95% -> 58.95%     
client [29] (testset)   loss: 0.9066 -> 0.9102  accuracy: 73.87% -> 73.87%     
client [92] (testset)   loss: 0.7582 -> 0.9072  accuracy: 63.64% -> 63.64%     
client [6]  (testset)   loss: 1.0967 -> 1.1240  accuracy: 47.09% -> 47.09%     
client [61] (testset)   loss: 1.3507 -> 1.3481  accuracy: 53.85% -> 53.85%     
client [21] (testset)   loss: 0.8920 -> 0.8773  accuracy: 53.44% -> 53.44%     
client [67] (testset)   loss: 1.1203 -> 1.1318  accuracy: 55.29% -> 55.29%     
---------------------------- TRAINING EPOCH: 270 ----------------------------  
client [83] (testset)   loss: 0.6338 -> 0.6351  accuracy: 85.00% -> 85.00%     
client [32] (testset)   loss: 1.2979 -> 1.2817  accuracy: 47.22% -> 38.89%     
client [95] (testset)   loss: 0.2742 -> 0.2887  accuracy: 94.83% -> 94.83%     
client [61] (testset)   loss: 1.3327 -> 1.3464  accuracy: 53.85% -> 53.85%     
client [27] (testset)   loss: 0.6682 -> 0.6565  accuracy: 82.43% -> 82.43%     
client [25] (testset)   loss: 0.7815 -> 0.7724  accuracy: 73.02% -> 73.02%     
client [68] (testset)   loss: 0.0324 -> 0.0294  accuracy: 100.00% -> 100.00%   
client [34] (testset)   loss: 1.3448 -> 1.3506  accuracy: 37.04% -> 37.04%     
client [71] (testset)   loss: 1.2590 -> 1.2485  accuracy: 50.00% -> 50.00%     
client [89] (testset)   loss: 1.9660 -> 1.9901  accuracy: 18.75% -> 18.75%     
---------------------------- TRAINING EPOCH: 280 ----------------------------  
client [78] (testset)   loss: 0.6119 -> 0.6119  accuracy: 84.72% -> 84.72%     
client [81] (testset)   loss: 0.7979 -> 0.7969  accuracy: 54.74% -> 54.74%     
client [51] (testset)   loss: 0.8786 -> 0.8952  accuracy: 66.67% -> 66.67%     
client [54] (testset)   loss: 0.6596 -> 0.6528  accuracy: 80.00% -> 80.00%     
client [65] (testset)   loss: 0.5700 -> 0.5699  accuracy: 83.56% -> 83.56%     
client [41] (testset)   loss: 0.8898 -> 0.8371  accuracy: 36.62% -> 59.15%     
client [11] (testset)   loss: 1.1623 -> 1.1639  accuracy: 50.88% -> 50.88%     
client [85] (testset)   loss: 0.9995 -> 1.0004  accuracy: 66.67% -> 66.67%     
client [12] (testset)   loss: 0.5341 -> 0.5252  accuracy: 86.14% -> 86.14%     
client [23] (testset)   loss: 0.9199 -> 0.9664  accuracy: 56.67% -> 56.67%     
---------------------------- TRAINING EPOCH: 290 ----------------------------  
client [16] (testset)   loss: 0.2966 -> 0.2995  accuracy: 92.63% -> 92.63%     
client [65] (testset)   loss: 0.5628 -> 0.5680  accuracy: 83.56% -> 83.56%     
client [53] (testset)   loss: 0.2267 -> 0.2305  accuracy: 94.85% -> 94.85%     
client [58] (testset)   loss: 0.2245 -> 0.2329  accuracy: 94.34% -> 94.34%     
client [72] (testset)   loss: 1.2119 -> 1.2712  accuracy: 55.88% -> 26.47%     
client [7]  (testset)   loss: 0.4711 -> 0.4716  accuracy: 88.85% -> 88.85%     
client [71] (testset)   loss: 1.2463 -> 1.2921  accuracy: 50.00% -> 50.00%     
client [59] (testset)   loss: 0.9311 -> 0.9481  accuracy: 52.00% -> 52.00%     
client [86] (testset)   loss: 0.5266 -> 0.5129  accuracy: 84.66% -> 84.66%     
client [39] (testset)   loss: 1.6070 -> 1.5946  accuracy: 43.40% -> 43.40%     
---------------------------- TRAINING EPOCH: 300 ----------------------------  
client [99] (testset)   loss: 1.1643 -> 1.1679  accuracy: 63.53% -> 63.53%     
client [7]  (testset)   loss: 0.4689 -> 0.4694  accuracy: 88.85% -> 88.85%     
client [17] (testset)   loss: 1.5002 -> 1.4942  accuracy: 21.54% -> 21.54%     
client [64] (testset)   loss: 0.8609 -> 0.8374  accuracy: 66.67% -> 66.67%     
client [37] (testset)   loss: 0.4671 -> 0.4671  accuracy: 87.45% -> 87.45%     
client [29] (testset)   loss: 0.9168 -> 0.9060  accuracy: 73.87% -> 73.87%     
client [93] (testset)   loss: 0.7550 -> 0.7507  accuracy: 88.89% -> 88.89%     
client [73] (testset)   loss: 0.7642 -> 0.7351  accuracy: 40.00% -> 58.95%     
client [40] (testset)   loss: 1.1851 -> 1.1811  accuracy: 65.17% -> 65.17%     
client [76] (testset)   loss: 1.2751 -> 1.2675  accuracy: 52.13% -> 52.13%     
---------------------------- TRAINING EPOCH: 310 ----------------------------  
client [31] (testset)   loss: 1.3459 -> 1.3431  accuracy: 55.00% -> 55.00%     
client [89] (testset)   loss: 2.0173 -> 2.0284  accuracy: 18.75% -> 18.75%     
client [77] (testset)   loss: 0.9712 -> 1.0798  accuracy: 58.33% -> 58.33%     
client [90] (testset)   loss: 1.0851 -> 1.1040  accuracy: 28.57% -> 28.57%     
client [26] (testset)   loss: 1.2427 -> 1.2514  accuracy: 50.53% -> 50.53%     
client [50] (testset)   loss: 0.6686 -> 0.7006  accuracy: 79.27% -> 79.27%     
client [30] (testset)   loss: 0.9080 -> 0.9011  accuracy: 54.29% -> 54.29%     
client [70] (testset)   loss: 1.7409 -> 1.8096  accuracy: 50.00% -> 27.78%     
client [41] (testset)   loss: 0.8373 -> 0.8435  accuracy: 59.15% -> 59.15%     
client [99] (testset)   loss: 1.1677 -> 1.1653  accuracy: 63.53% -> 63.53%     
---------------------------- TRAINING EPOCH: 320 ----------------------------  
client [68] (testset)   loss: 0.0291 -> 0.0207  accuracy: 100.00% -> 100.00%   
client [70] (testset)   loss: 1.8371 -> 1.7967  accuracy: 27.78% -> 27.78%     
client [52] (testset)   loss: 0.9019 -> 0.8805  accuracy: 75.22% -> 75.22%     
client [1]  (testset)   loss: 1.0991 -> 1.1097  accuracy: 57.84% -> 57.84%     
client [2]  (testset)   loss: 1.6198 -> 1.6185  accuracy: 37.14% -> 37.14%     
client [67] (testset)   loss: 1.1400 -> 1.1328  accuracy: 55.29% -> 55.29%     
client [92] (testset)   loss: 0.9301 -> 0.8625  accuracy: 63.64% -> 63.64%     
client [35] (testset)   loss: 1.1782 -> 1.1662  accuracy: 46.30% -> 46.30%     
client [36] (testset)   loss: 1.4030 -> 1.3975  accuracy: 37.50% -> 37.50%     
client [64] (testset)   loss: 0.8380 -> 0.8398  accuracy: 66.67% -> 66.67%     
---------------------------- TRAINING EPOCH: 330 ----------------------------  
client [44] (testset)   loss: 1.5816 -> 1.8254  accuracy: 61.54% -> 61.54%     
client [6]  (testset)   loss: 1.1038 -> 1.1189  accuracy: 47.09% -> 47.09%     
client [12] (testset)   loss: 0.5162 -> 0.5206  accuracy: 86.14% -> 86.14%     
client [55] (testset)   loss: 2.2212 -> 2.2278  accuracy: 50.00% -> 50.00%     
client [29] (testset)   loss: 0.9045 -> 0.9281  accuracy: 73.87% -> 73.87%     
client [9]  (testset)   loss: 0.6850 -> 0.6815  accuracy: 83.44% -> 83.44%     
client [43] (testset)   loss: 0.3159 -> 0.3162  accuracy: 93.29% -> 93.29%     
client [77] (testset)   loss: 1.0734 -> 1.0011  accuracy: 58.33% -> 58.33%     
client [98] (testset)   loss: 0.9849 -> 0.9994  accuracy: 74.68% -> 74.68%     
client [78] (testset)   loss: 0.6153 -> 0.6117  accuracy: 84.72% -> 84.72%     
---------------------------- TRAINING EPOCH: 340 ----------------------------  
client [92] (testset)   loss: 0.7177 -> 0.7946  accuracy: 63.64% -> 63.64%     
client [80] (testset)   loss: 0.7187 -> 0.7248  accuracy: 82.81% -> 82.81%     
client [63] (testset)   loss: 0.1996 -> 0.1963  accuracy: 96.00% -> 96.00%     
client [76] (testset)   loss: 1.2730 -> 1.2808  accuracy: 52.13% -> 52.13%     
client [78] (testset)   loss: 0.6116 -> 0.6710  accuracy: 84.72% -> 84.72%     
client [25] (testset)   loss: 0.7832 -> 0.7733  accuracy: 73.02% -> 73.02%     
client [58] (testset)   loss: 0.2294 -> 0.2285  accuracy: 94.34% -> 94.34%     
client [13] (testset)   loss: 0.1237 -> 0.1205  accuracy: 97.78% -> 97.78%     
client [17] (testset)   loss: 1.4928 -> 1.5012  accuracy: 21.54% -> 21.54%     
client [38] (testset)   loss: 1.0253 -> 1.0465  accuracy: 66.67% -> 66.67%     
---------------------------- TRAINING EPOCH: 350 ----------------------------  
client [72] (testset)   loss: 1.2906 -> 1.2990  accuracy: 26.47% -> 26.47%     
client [82] (testset)   loss: 1.5125 -> 1.5101  accuracy: 46.51% -> 46.51%     
client [86] (testset)   loss: 0.5059 -> 0.5085  accuracy: 84.66% -> 84.66%     
client [51] (testset)   loss: 0.8651 -> 0.8728  accuracy: 66.67% -> 66.67%     
client [96] (testset)   loss: 1.2017 -> 1.2029  accuracy: 55.39% -> 55.39%     
client [42] (testset)   loss: 1.1274 -> 1.1414  accuracy: 58.33% -> 58.33%     
client [55] (testset)   loss: 2.2178 -> 2.2215  accuracy: 50.00% -> 50.00%     
client [13] (testset)   loss: 0.1214 -> 0.1224  accuracy: 97.78% -> 97.78%     
client [1]  (testset)   loss: 1.1032 -> 1.1023  accuracy: 57.84% -> 57.84%     
client [12] (testset)   loss: 0.5196 -> 0.5162  accuracy: 86.14% -> 86.14%     
---------------------------- TRAINING EPOCH: 360 ----------------------------  
client [68] (testset)   loss: 0.0356 -> 0.0196  accuracy: 100.00% -> 100.00%   
client [23] (testset)   loss: 0.9843 -> 0.9080  accuracy: 56.67% -> 56.67%     
client [46] (testset)   loss: 0.8286 -> 0.8420  accuracy: 59.30% -> 59.30%     
client [41] (testset)   loss: 0.8288 -> 0.8348  accuracy: 59.15% -> 59.15%     
client [25] (testset)   loss: 0.8031 -> 0.8159  accuracy: 73.02% -> 73.02%     
client [58] (testset)   loss: 0.2264 -> 0.2458  accuracy: 94.34% -> 94.34%     
client [14] (testset)   loss: 0.1591 -> 0.1566  accuracy: 97.22% -> 97.22%     
client [33] (testset)   loss: 0.7204 -> 0.7109  accuracy: 75.00% -> 75.00%     
client [85] (testset)   loss: 0.9862 -> 0.9952  accuracy: 66.67% -> 66.67%     
client [62] (testset)   loss: 0.9009 -> 0.8991  accuracy: 65.00% -> 65.00%     
---------------------------- TRAINING EPOCH: 370 ----------------------------  
client [98] (testset)   loss: 0.9782 -> 0.9712  accuracy: 74.68% -> 74.68%     
client [63] (testset)   loss: 0.2041 -> 0.1959  accuracy: 96.00% -> 96.00%     
client [70] (testset)   loss: 1.8428 -> 1.8491  accuracy: 27.78% -> 27.78%     
client [65] (testset)   loss: 0.5682 -> 0.5753  accuracy: 83.56% -> 83.56%     
client [14] (testset)   loss: 0.1685 -> 0.1565  accuracy: 97.22% -> 97.22%     
client [73] (testset)   loss: 0.7560 -> 0.7541  accuracy: 40.00% -> 40.00%     
client [34] (testset)   loss: 1.3547 -> 1.3519  accuracy: 37.04% -> 37.04%     
client [99] (testset)   loss: 1.1809 -> 1.1646  accuracy: 63.53% -> 63.53%     
client [69] (testset)   loss: 1.0210 -> 1.0477  accuracy: 63.83% -> 63.83%     
client [46] (testset)   loss: 0.8410 -> 0.8743  accuracy: 59.30% -> 59.30%     
---------------------------- TRAINING EPOCH: 380 ----------------------------  
client [99] (testset)   loss: 1.1648 -> 1.1665  accuracy: 63.53% -> 63.53%     
client [93] (testset)   loss: 0.7989 -> 0.7583  accuracy: 88.89% -> 88.89%     
client [11] (testset)   loss: 1.1673 -> 1.1665  accuracy: 50.88% -> 50.88%     
client [58] (testset)   loss: 0.2359 -> 0.2357  accuracy: 94.34% -> 94.34%     
client [81] (testset)   loss: 0.8020 -> 0.8006  accuracy: 54.74% -> 54.74%     
client [85] (testset)   loss: 0.9963 -> 0.9994  accuracy: 66.67% -> 66.67%     
client [89] (testset)   loss: 2.0717 -> 2.0560  accuracy: 18.75% -> 18.75%     
client [45] (testset)   loss: 1.5407 -> 1.5545  accuracy: 44.00% -> 44.00%     
client [8]  (testset)   loss: 1.6935 -> 1.7141  accuracy: 40.91% -> 40.91%     
client [68] (testset)   loss: 0.0259 -> 0.0298  accuracy: 100.00% -> 100.00%   
---------------------------- TRAINING EPOCH: 390 ----------------------------  
client [67] (testset)   loss: 1.1270 -> 1.1483  accuracy: 55.29% -> 55.29%     
client [72] (testset)   loss: 1.2537 -> 1.2836  accuracy: 55.88% -> 26.47%     
client [1]  (testset)   loss: 1.1178 -> 1.0985  accuracy: 57.84% -> 57.84%     
client [78] (testset)   loss: 0.6705 -> 0.6446  accuracy: 84.72% -> 84.72%     
client [83] (testset)   loss: 0.6290 -> 0.6516  accuracy: 85.00% -> 85.00%     
client [21] (testset)   loss: 0.8744 -> 0.8795  accuracy: 53.44% -> 53.44%     
client [56] (testset)   loss: 1.6061 -> 1.5920  accuracy: 16.39% -> 16.39%     
client [44] (testset)   loss: 1.8258 -> 1.7071  accuracy: 61.54% -> 61.54%     
client [92] (testset)   loss: 1.1673 -> 0.9201  accuracy: 63.64% -> 63.64%     
client [27] (testset)   loss: 0.6514 -> 0.6589  accuracy: 82.43% -> 82.43%     
---------------------------- TRAINING EPOCH: 400 ----------------------------  
client [10] (testset)   loss: 0.9408 -> 0.9349  accuracy: 53.62% -> 53.62%     
client [39] (testset)   loss: 1.6006 -> 1.5986  accuracy: 43.40% -> 43.40%     
client [65] (testset)   loss: 0.5736 -> 0.5705  accuracy: 83.56% -> 83.56%     
client [26] (testset)   loss: 1.2417 -> 1.2355  accuracy: 50.53% -> 50.53%     
client [19] (testset)   loss: 1.5199 -> 1.5177  accuracy: 37.50% -> 37.50%     
client [68] (testset)   loss: 0.0158 -> 0.0245  accuracy: 100.00% -> 100.00%   
client [41] (testset)   loss: 0.8243 -> 0.8298  accuracy: 59.15% -> 59.15%     
client [50] (testset)   loss: 0.7751 -> 0.6711  accuracy: 79.27% -> 79.27%     
client [75] (testset)   loss: 1.4306 -> 1.4295  accuracy: 38.38% -> 38.38%     
client [81] (testset)   loss: 0.7995 -> 0.7976  accuracy: 54.74% -> 54.74%     
FedFew's average time taken by each global epoch: 0 min 3.58 sec.              
FedFew's total running time: 0 h 26 m 17 s.                                    
==================== FedFew Experiment Results: ====================           
Display format: (before local fine-tuning) -> (after local fine-tuning)        
 So if finetune_epoch = 0, x.xx% -> 0.00% is normal.                           
 Centralized testing ONLY happens after model aggregation, so the stats between
'->' are the same.                                                             
{                                                                              
    "100": {                                                                   
        "all_clients": {                                                       
            "test": {                                                          
                "loss": "0.8519 -> 0.8528",                                    
                "accuracy": "67.19% -> 66.87%"                                 
            }                                                                  
        }                                                                      
    },                                                                         
    "200": {                                                                   
        "all_clients": {                                                       
            "test": {                                                          
                "loss": "0.8501 -> 0.8541",                                    
                "accuracy": "66.80% -> 67.24%"                                 
            }                                                                  
        }                                                                      
    },                                                                         
    "300": {                                                                   
        "all_clients": {                                                       
            "test": {                                                          
                "loss": "0.8498 -> 0.8490",                                    
                "accuracy": "67.26% -> 67.40%"                                 
            }                                                                  
        }                                                                      
    },                                                                         
    "400": {                                                                   
        "all_clients": {                                                       
            "test": {                                                          
                "loss": "0.8496 -> 0.8504",                                    
                "accuracy": "67.64% -> 67.42%"                                 
            }                                                                  
        }                                                                      
    }                                                                          
}                                                                              
==================== FedFew Max Accuracy ====================                  
all_clients:                                                                   
(test) before fine-tuning: 67.64% at epoch 400                                 
(test) after fine-tuning: 67.42% at epoch 400                                  
