==================== FedFewA ====================                              
Experiment Arguments:                                                          
{
    'method': 'fedfewa',
    'dataset': {
        'name': 'mnist',
        'client_num': 100,
        'test_ratio': 0.25,
        'val_ratio': 0.0,
        'seed': 42,
        'split': 'sample',
        'IID_ratio': 0.0,
        'monitor_window_name_suffix': 'mnist-100clients-0%IID-Dir(0.1)-seed42',
        'alpha': 0.1,
        'min_samples_per_client': 10
    },
    'model': {
        'name': 'avgcnn',
        'use_torchvision_pretrained_weights': True,
        'external_model_weights_path': None
    },
    'optimizer': {
        'lr': 0.01,
        'dampening': 0,
        'weight_decay': 0,
        'momentum': 0.7,
        'nesterov': False,
        'name': 'sgd'
    },
    'mode': 'serial',
    'parallel': {
        'ray_cluster_addr': None,
        'num_cpus': None,
        'num_gpus': None,
        'num_workers': 2
    },
    'common': {
        'seed': 42,
        'join_ratio': 0.1,
        'global_epoch': 400,
        'local_epoch': 5,
        'batch_size': 32,
        'reset_optimizer_on_global_epoch': True,
        'straggler_ratio': 0,
        'straggler_min_local_epoch': 0,
        'buffers': 'global',
        'client_side_evaluation': True,
        'test': {
            'client': {
                'interval': 100,
                'finetune_epoch': 0,
                'train': False,
                'val': False,
                'test': True
            },
            'server': {
                'interval': -1,
                'train': False,
                'val': False,
                'test': True,
                'model_in_train_mode': False
            }
        },
        'verbose_gap': 10,
        'monitor': None,
        'use_cuda': True,
        'save_log': True,
        'save_model': False,
        'save_learning_curve_plot': True,
        'save_metrics': True,
        'delete_useless_run': True
    },
    'fedprox': {
        'mu': 0.01
    },
    'pfedsim': {
        'warmup_round': 0.5
    },
    'fedfewa': {
        'ig_ratio': 0.9995,
        'alpha': 0.5,
        'norm': 'global',
        'EMA': True,
        'CLS': False,
        'track': False,
        'type': 'Ablation'
    }
}
---------------------------- TRAINING EPOCH: 10 ----------------------------   
client [77] (testset)   loss: 0.1668 -> 0.0825  accuracy: 95.21% -> 97.95%     
client [81] (testset)   loss: 0.0872 -> 0.0245  accuracy: 98.15% -> 99.38%     
client [21] (testset)   loss: 0.1895 -> 0.0515  accuracy: 95.10% -> 98.04%     
client [68] (testset)   loss: 0.0968 -> 0.0749  accuracy: 96.61% -> 98.31%     
client [93] (testset)   loss: 0.1905 -> 0.0222  accuracy: 96.77% -> 100.00%    
client [31] (testset)   loss: 0.3507 -> 0.1180  accuracy: 85.71% -> 100.00%    
client [20] (testset)   loss: 0.3219 -> 0.1682  accuracy: 91.86% -> 95.48%     
client [59] (testset)   loss: 0.0832 -> 0.0612  accuracy: 100.00% -> 100.00%   
client [48] (testset)   loss: 0.1129 -> 0.0245  accuracy: 98.06% -> 99.03%     
client [34] (testset)   loss: 0.1484 -> 0.3781  accuracy: 94.44% -> 94.44%     
---------------------------- TRAINING EPOCH: 20 ----------------------------   
client [69] (testset)   loss: 0.0154 -> 0.0161  accuracy: 99.45% -> 99.45%     
client [99] (testset)   loss: 0.2702 -> 0.0752  accuracy: 95.24% -> 95.24%     
client [67] (testset)   loss: 0.1891 -> 0.0003  accuracy: 94.59% -> 100.00%    
client [0]  (testset)   loss: 0.0975 -> 0.0077  accuracy: 96.23% -> 100.00%    
client [76] (testset)   loss: 0.1986 -> 0.0710  accuracy: 93.51% -> 98.70%     
client [41] (testset)   loss: 0.1779 -> 0.0111  accuracy: 93.68% -> 100.00%    
client [62] (testset)   loss: 0.0417 -> 0.0132  accuracy: 99.45% -> 99.45%     
client [2]  (testset)   loss: 0.1884 -> 0.0097  accuracy: 93.54% -> 99.43%     
client [14] (testset)   loss: 0.0786 -> 0.0265  accuracy: 96.53% -> 99.31%     
client [46] (testset)   loss: 0.0843 -> 0.0372  accuracy: 97.75% -> 98.87%     
---------------------------- TRAINING EPOCH: 30 ----------------------------   
client [24] (testset)   loss: 0.0574 -> 0.1134  accuracy: 98.65% -> 97.30%     
client [68] (testset)   loss: 0.0795 -> 0.1029  accuracy: 98.31% -> 98.31%     
client [57] (testset)   loss: 0.0304 -> 0.0140  accuracy: 99.03% -> 99.03%     
client [17] (testset)   loss: 0.0192 -> 0.0204  accuracy: 99.22% -> 99.22%     
client [54] (testset)   loss: 0.0674 -> 0.1729  accuracy: 97.67% -> 93.02%     
client [23] (testset)   loss: 0.0927 -> 0.0047  accuracy: 97.14% -> 100.00%    
client [35] (testset)   loss: 0.0494 -> 0.0228  accuracy: 98.04% -> 99.02%     
client [59] (testset)   loss: 0.0131 -> 0.0212  accuracy: 100.00% -> 100.00%   
client [31] (testset)   loss: 0.1706 -> 0.0951  accuracy: 85.71% -> 100.00%    
client [9]  (testset)   loss: 0.0531 -> 0.0429  accuracy: 98.37% -> 98.53%     
---------------------------- TRAINING EPOCH: 40 ----------------------------   
client [64] (testset)   loss: 0.0229 -> 0.0118  accuracy: 99.17% -> 99.72%     
client [33] (testset)   loss: 0.0731 -> 0.0612  accuracy: 99.02% -> 99.35%     
client [16] (testset)   loss: 0.0876 -> 0.0019  accuracy: 97.14% -> 100.00%    
client [44] (testset)   loss: 0.0978 -> 0.0390  accuracy: 97.31% -> 98.81%     
client [8]  (testset)   loss: 0.0357 -> 0.0031  accuracy: 97.62% -> 100.00%    
client [31] (testset)   loss: 0.3524 -> 0.1125  accuracy: 85.71% -> 100.00%    
client [47] (testset)   loss: 0.1209 -> 0.0020  accuracy: 95.45% -> 100.00%    
client [36] (testset)   loss: 0.1115 -> 0.0361  accuracy: 95.94% -> 98.98%     
client [20] (testset)   loss: 0.1727 -> 0.0993  accuracy: 96.38% -> 96.83%     
client [56] (testset)   loss: 0.0439 -> 0.0229  accuracy: 97.85% -> 98.92%     
---------------------------- TRAINING EPOCH: 50 ----------------------------   
client [4]  (testset)   loss: 0.0168 -> 0.0036  accuracy: 99.27% -> 100.00%    
client [60] (testset)   loss: 0.1454 -> 0.0497  accuracy: 94.00% -> 99.00%     
client [28] (testset)   loss: 0.0005 -> 0.0002  accuracy: 100.00% -> 100.00%   
client [25] (testset)   loss: 0.0480 -> 0.0010  accuracy: 97.70% -> 100.00%    
client [58] (testset)   loss: 0.0277 -> 0.0456  accuracy: 99.29% -> 98.58%     
client [44] (testset)   loss: 0.0755 -> 0.0331  accuracy: 97.91% -> 99.10%     
client [39] (testset)   loss: 0.0193 -> 0.0051  accuracy: 99.26% -> 100.00%    
client [29] (testset)   loss: 0.0269 -> 0.0267  accuracy: 98.89% -> 99.26%     
client [3]  (testset)   loss: 0.0274 -> 0.0179  accuracy: 98.53% -> 99.58%     
client [84] (testset)   loss: 0.0803 -> 0.0135  accuracy: 100.00% -> 100.00%   
---------------------------- TRAINING EPOCH: 60 ----------------------------   
client [21] (testset)   loss: 0.0411 -> 0.0132  accuracy: 98.04% -> 99.02%     
client [84] (testset)   loss: 0.0149 -> 0.0064  accuracy: 100.00% -> 100.00%   
client [10] (testset)   loss: 0.0100 -> 0.0010  accuracy: 100.00% -> 100.00%   
client [36] (testset)   loss: 0.0414 -> 0.0354  accuracy: 98.48% -> 98.98%     
client [65] (testset)   loss: 0.0648 -> 0.0168  accuracy: 98.32% -> 99.58%     
client [81] (testset)   loss: 0.0586 -> 0.0199  accuracy: 99.38% -> 99.38%     
client [79] (testset)   loss: 0.0165 -> 0.0026  accuracy: 100.00% -> 100.00%   
client [42] (testset)   loss: 0.1243 -> 0.1247  accuracy: 97.27% -> 97.81%     
client [11] (testset)   loss: 0.0002 -> 0.0004  accuracy: 100.00% -> 100.00%   
client [96] (testset)   loss: 0.0254 -> 0.0038  accuracy: 99.02% -> 100.00%    
---------------------------- TRAINING EPOCH: 70 ----------------------------   
client [8]  (testset)   loss: 0.0212 -> 0.0089  accuracy: 97.62% -> 100.00%    
client [53] (testset)   loss: 0.0253 -> 0.0162  accuracy: 100.00% -> 100.00%   
client [52] (testset)   loss: 0.0320 -> 0.0002  accuracy: 98.68% -> 100.00%    
client [42] (testset)   loss: 0.1353 -> 0.1342  accuracy: 96.72% -> 98.36%     
client [69] (testset)   loss: 0.0126 -> 0.0115  accuracy: 99.27% -> 99.45%     
client [59] (testset)   loss: 0.0071 -> 0.0150  accuracy: 100.00% -> 100.00%   
client [7]  (testset)   loss: 0.0057 -> 0.0016  accuracy: 100.00% -> 100.00%   
client [26] (testset)   loss: 0.0587 -> 0.0824  accuracy: 95.83% -> 95.83%     
client [49] (testset)   loss: 0.0059 -> 0.0009  accuracy: 99.55% -> 100.00%    
client [98] (testset)   loss: 0.0602 -> 0.0184  accuracy: 94.12% -> 100.00%    
---------------------------- TRAINING EPOCH: 80 ----------------------------   
client [98] (testset)   loss: 0.0152 -> 0.0088  accuracy: 100.00% -> 100.00%   
client [47] (testset)   loss: 0.0553 -> 0.0015  accuracy: 96.59% -> 100.00%    
client [21] (testset)   loss: 0.0162 -> 0.0123  accuracy: 99.02% -> 99.02%     
client [77] (testset)   loss: 0.0580 -> 0.0392  accuracy: 97.95% -> 97.95%     
client [95] (testset)   loss: 0.0111 -> 0.0015  accuracy: 99.28% -> 100.00%    
client [91] (testset)   loss: 0.0221 -> 0.0149  accuracy: 99.17% -> 99.50%     
client [14] (testset)   loss: 0.0355 -> 0.0319  accuracy: 98.61% -> 98.61%     
client [99] (testset)   loss: 0.1808 -> 0.0540  accuracy: 95.24% -> 95.24%     
client [20] (testset)   loss: 0.1016 -> 0.0747  accuracy: 97.29% -> 97.74%     
client [39] (testset)   loss: 0.0107 -> 0.0024  accuracy: 99.75% -> 100.00%    
---------------------------- TRAINING EPOCH: 90 ----------------------------   
client [52] (testset)   loss: 0.0054 -> 0.0001  accuracy: 100.00% -> 100.00%   
client [62] (testset)   loss: 0.0007 -> 0.0005  accuracy: 100.00% -> 100.00%   
client [71] (testset)   loss: 0.0018 -> 0.0015  accuracy: 100.00% -> 100.00%   
client [97] (testset)   loss: 0.0033 -> 0.0017  accuracy: 100.00% -> 100.00%   
client [30] (testset)   loss: 0.0026 -> 0.0474  accuracy: 100.00% -> 97.50%    
client [88] (testset)   loss: 0.1160 -> 0.0196  accuracy: 97.06% -> 98.53%     
client [60] (testset)   loss: 0.1423 -> 0.0356  accuracy: 95.00% -> 99.00%     
client [82] (testset)   loss: 0.0396 -> 0.0608  accuracy: 98.59% -> 97.18%     
client [91] (testset)   loss: 0.0130 -> 0.0145  accuracy: 99.67% -> 99.50%     
client [57] (testset)   loss: 0.0021 -> 0.0116  accuracy: 100.00% -> 99.52%    
---------------------------- TRAINING EPOCH: 100 ----------------------------  
client [31] (testset)   loss: 0.0153 -> 0.0043  accuracy: 100.00% -> 100.00%   
client [15] (testset)   loss: 0.1139 -> 0.0561  accuracy: 96.33% -> 99.08%     
client [71] (testset)   loss: 0.0027 -> 0.0013  accuracy: 100.00% -> 100.00%   
client [97] (testset)   loss: 0.0035 -> 0.0026  accuracy: 100.00% -> 100.00%   
client [53] (testset)   loss: 0.0238 -> 0.0075  accuracy: 100.00% -> 100.00%   
client [77] (testset)   loss: 0.0651 -> 0.0401  accuracy: 97.95% -> 98.63%     
client [76] (testset)   loss: 0.0045 -> 0.0484  accuracy: 100.00% -> 98.70%    
client [79] (testset)   loss: 0.0141 -> 0.0008  accuracy: 100.00% -> 100.00%   
client [28] (testset)   loss: 0.0003 -> 0.0000  accuracy: 100.00% -> 100.00%   
client [99] (testset)   loss: 0.1927 -> 0.0930  accuracy: 90.48% -> 95.24%     
---------------------------- TRAINING EPOCH: 110 ----------------------------  
client [97] (testset)   loss: 0.0091 -> 0.0029  accuracy: 99.67% -> 99.67%     
client [86] (testset)   loss: 0.0210 -> 0.0038  accuracy: 98.90% -> 99.73%     
client [34] (testset)   loss: 0.2075 -> 0.2437  accuracy: 94.44% -> 94.44%     
client [73] (testset)   loss: 0.0215 -> 0.0737  accuracy: 100.00% -> 94.12%    
client [5]  (testset)   loss: 0.0477 -> 0.0363  accuracy: 98.62% -> 98.62%     
client [96] (testset)   loss: 0.0105 -> 0.0011  accuracy: 99.02% -> 100.00%    
client [22] (testset)   loss: 0.0116 -> 0.0014  accuracy: 100.00% -> 100.00%   
client [60] (testset)   loss: 0.1167 -> 0.0496  accuracy: 96.00% -> 99.00%     
client [66] (testset)   loss: 0.0209 -> 0.0058  accuracy: 99.12% -> 100.00%    
client [83] (testset)   loss: 0.0915 -> 0.1064  accuracy: 97.51% -> 97.15%     
---------------------------- TRAINING EPOCH: 120 ----------------------------  
client [76] (testset)   loss: 0.0026 -> 0.0460  accuracy: 100.00% -> 98.70%    
client [65] (testset)   loss: 0.0546 -> 0.0255  accuracy: 98.32% -> 99.16%     
client [95] (testset)   loss: 0.0043 -> 0.0013  accuracy: 100.00% -> 100.00%   
client [17] (testset)   loss: 0.0042 -> 0.0155  accuracy: 100.00% -> 99.61%    
client [8]  (testset)   loss: 0.0517 -> 0.0122  accuracy: 97.62% -> 100.00%    
client [35] (testset)   loss: 0.0356 -> 0.0112  accuracy: 98.04% -> 100.00%    
client [98] (testset)   loss: 0.0386 -> 0.0135  accuracy: 97.06% -> 100.00%    
client [53] (testset)   loss: 0.0339 -> 0.0152  accuracy: 100.00% -> 100.00%   
client [43] (testset)   loss: 0.0865 -> 0.0561  accuracy: 98.40% -> 98.93%     
client [64] (testset)   loss: 0.0062 -> 0.0158  accuracy: 99.72% -> 99.72%     
---------------------------- TRAINING EPOCH: 130 ----------------------------  
client [21] (testset)   loss: 0.0098 -> 0.0120  accuracy: 100.00% -> 99.02%    
client [88] (testset)   loss: 0.0311 -> 0.0084  accuracy: 98.53% -> 100.00%    
client [38] (testset)   loss: 0.0504 -> 0.0110  accuracy: 98.25% -> 100.00%    
client [3]  (testset)   loss: 0.0129 -> 0.0125  accuracy: 99.79% -> 99.79%     
client [5]  (testset)   loss: 0.0249 -> 0.0287  accuracy: 97.93% -> 98.62%     
client [41] (testset)   loss: 0.0040 -> 0.0018  accuracy: 100.00% -> 100.00%   
client [7]  (testset)   loss: 0.0052 -> 0.0034  accuracy: 100.00% -> 100.00%   
client [37] (testset)   loss: 0.0845 -> 0.1168  accuracy: 96.54% -> 96.97%     
client [45] (testset)   loss: 0.0161 -> 0.0190  accuracy: 99.69% -> 99.39%     
client [47] (testset)   loss: 0.0197 -> 0.0010  accuracy: 98.86% -> 100.00%    
---------------------------- TRAINING EPOCH: 140 ----------------------------  
client [16] (testset)   loss: 0.0129 -> 0.0003  accuracy: 98.57% -> 100.00%    
client [11] (testset)   loss: 0.0001 -> 0.0001  accuracy: 100.00% -> 100.00%   
client [37] (testset)   loss: 0.1107 -> 0.1140  accuracy: 96.97% -> 96.54%     
client [41] (testset)   loss: 0.0029 -> 0.0016  accuracy: 100.00% -> 100.00%   
client [95] (testset)   loss: 0.0086 -> 0.0014  accuracy: 99.64% -> 100.00%    
client [53] (testset)   loss: 0.0644 -> 0.0317  accuracy: 96.00% -> 100.00%    
client [22] (testset)   loss: 0.0050 -> 0.0011  accuracy: 100.00% -> 100.00%   
client [25] (testset)   loss: 0.0134 -> 0.0006  accuracy: 100.00% -> 100.00%   
client [69] (testset)   loss: 0.0079 -> 0.0124  accuracy: 99.64% -> 99.64%     
client [46] (testset)   loss: 0.0272 -> 0.0331  accuracy: 99.55% -> 99.32%     
---------------------------- TRAINING EPOCH: 150 ----------------------------  
client [47] (testset)   loss: 0.0084 -> 0.0012  accuracy: 100.00% -> 100.00%   
client [69] (testset)   loss: 0.0120 -> 0.0106  accuracy: 99.64% -> 99.64%     
client [82] (testset)   loss: 0.0613 -> 0.0420  accuracy: 97.18% -> 98.59%     
client [45] (testset)   loss: 0.0167 -> 0.0180  accuracy: 99.69% -> 99.69%     
client [7]  (testset)   loss: 0.0040 -> 0.0023  accuracy: 100.00% -> 100.00%   
client [50] (testset)   loss: 0.0659 -> 0.0159  accuracy: 96.92% -> 99.49%     
client [35] (testset)   loss: 0.0351 -> 0.0185  accuracy: 99.02% -> 99.02%     
client [24] (testset)   loss: 0.0752 -> 0.1098  accuracy: 97.30% -> 97.30%     
client [15] (testset)   loss: 0.0818 -> 0.0587  accuracy: 99.08% -> 99.08%     
client [58] (testset)   loss: 0.0421 -> 0.0511  accuracy: 97.16% -> 97.87%     
---------------------------- TRAINING EPOCH: 160 ----------------------------  
client [48] (testset)   loss: 0.0023 -> 0.0003  accuracy: 100.00% -> 100.00%   
client [76] (testset)   loss: 0.0047 -> 0.0536  accuracy: 100.00% -> 98.70%    
client [67] (testset)   loss: 0.0029 -> 0.0000  accuracy: 100.00% -> 100.00%   
client [37] (testset)   loss: 0.0921 -> 0.1137  accuracy: 97.40% -> 96.97%     
client [58] (testset)   loss: 0.0476 -> 0.0544  accuracy: 98.58% -> 98.58%     
client [64] (testset)   loss: 0.0203 -> 0.0162  accuracy: 99.44% -> 99.44%     
client [77] (testset)   loss: 0.0518 -> 0.0483  accuracy: 98.63% -> 98.63%     
client [55] (testset)   loss: 0.0160 -> 0.0097  accuracy: 99.49% -> 99.74%     
client [12] (testset)   loss: 0.0273 -> 0.0217  accuracy: 99.01% -> 99.01%     
client [89] (testset)   loss: 0.0006 -> 0.0009  accuracy: 100.00% -> 100.00%   
---------------------------- TRAINING EPOCH: 170 ----------------------------  
client [84] (testset)   loss: 0.0012 -> 0.0009  accuracy: 100.00% -> 100.00%   
client [51] (testset)   loss: 0.0060 -> 0.0010  accuracy: 100.00% -> 100.00%   
client [8]  (testset)   loss: 0.0558 -> 0.0107  accuracy: 97.62% -> 100.00%    
client [18] (testset)   loss: 0.0082 -> 0.0080  accuracy: 99.31% -> 99.66%     
client [94] (testset)   loss: 0.0001 -> 0.0000  accuracy: 100.00% -> 100.00%   
client [81] (testset)   loss: 0.0543 -> 0.0351  accuracy: 99.38% -> 99.38%     
client [3]  (testset)   loss: 0.0144 -> 0.0106  accuracy: 99.58% -> 99.79%     
client [11] (testset)   loss: 0.0003 -> 0.0002  accuracy: 100.00% -> 100.00%   
client [95] (testset)   loss: 0.0016 -> 0.0008  accuracy: 100.00% -> 100.00%   
client [67] (testset)   loss: 0.0010 -> 0.0001  accuracy: 100.00% -> 100.00%   
---------------------------- TRAINING EPOCH: 180 ----------------------------  
client [21] (testset)   loss: 0.0066 -> 0.0116  accuracy: 100.00% -> 99.02%    
client [79] (testset)   loss: 0.0008 -> 0.0005  accuracy: 100.00% -> 100.00%   
client [58] (testset)   loss: 0.0504 -> 0.0556  accuracy: 98.58% -> 98.58%     
client [88] (testset)   loss: 0.0235 -> 0.0080  accuracy: 98.53% -> 100.00%    
client [46] (testset)   loss: 0.0275 -> 0.0360  accuracy: 99.55% -> 99.32%     
client [11] (testset)   loss: 0.0000 -> 0.0000  accuracy: 100.00% -> 100.00%   
client [55] (testset)   loss: 0.0167 -> 0.0086  accuracy: 99.23% -> 99.74%     
client [13] (testset)   loss: 0.0791 -> 0.0107  accuracy: 95.83% -> 100.00%    
client [31] (testset)   loss: 0.0006 -> 0.0005  accuracy: 100.00% -> 100.00%   
client [75] (testset)   loss: 0.0160 -> 0.0242  accuracy: 99.38% -> 99.38%     
---------------------------- TRAINING EPOCH: 190 ----------------------------  
client [19] (testset)   loss: 0.0397 -> 0.0387  accuracy: 98.15% -> 98.15%     
client [7]  (testset)   loss: 0.0011 -> 0.0008  accuracy: 100.00% -> 100.00%   
client [57] (testset)   loss: 0.0004 -> 0.0006  accuracy: 100.00% -> 100.00%   
client [13] (testset)   loss: 0.0146 -> 0.0084  accuracy: 100.00% -> 100.00%   
client [43] (testset)   loss: 0.1037 -> 0.0665  accuracy: 97.86% -> 98.40%     
client [91] (testset)   loss: 0.0182 -> 0.0173  accuracy: 99.50% -> 99.67%     
client [10] (testset)   loss: 0.0020 -> 0.0007  accuracy: 100.00% -> 100.00%   
client [64] (testset)   loss: 0.0113 -> 0.0092  accuracy: 99.72% -> 99.72%     
client [82] (testset)   loss: 0.0181 -> 0.0302  accuracy: 100.00% -> 98.59%    
client [22] (testset)   loss: 0.0019 -> 0.0011  accuracy: 100.00% -> 100.00%   
---------------------------- TRAINING EPOCH: 200 ----------------------------  
client [20] (testset)   loss: 0.0631 -> 0.0543  accuracy: 97.74% -> 98.19%     
client [23] (testset)   loss: 0.0016 -> 0.0008  accuracy: 100.00% -> 100.00%   
client [88] (testset)   loss: 0.0247 -> 0.0085  accuracy: 98.53% -> 100.00%    
client [98] (testset)   loss: 0.0074 -> 0.0074  accuracy: 100.00% -> 100.00%   
client [79] (testset)   loss: 0.0022 -> 0.0009  accuracy: 100.00% -> 100.00%   
client [21] (testset)   loss: 0.0028 -> 0.0054  accuracy: 100.00% -> 100.00%   
client [92] (testset)   loss: 0.0000 -> 0.0000  accuracy: 100.00% -> 100.00%   
client [56] (testset)   loss: 0.0027 -> 0.0096  accuracy: 100.00% -> 98.92%    
client [5]  (testset)   loss: 0.0516 -> 0.0438  accuracy: 98.62% -> 98.62%     
client [52] (testset)   loss: 0.0001 -> 0.0000  accuracy: 100.00% -> 100.00%   
---------------------------- TRAINING EPOCH: 210 ----------------------------  
client [67] (testset)   loss: 0.0000 -> 0.0000  accuracy: 100.00% -> 100.00%   
client [54] (testset)   loss: 0.0140 -> 0.0266  accuracy: 100.00% -> 97.67%    
client [14] (testset)   loss: 0.0219 -> 0.0460  accuracy: 98.61% -> 98.61%     
client [99] (testset)   loss: 0.1286 -> 0.1471  accuracy: 95.24% -> 95.24%     
client [36] (testset)   loss: 0.0392 -> 0.0340  accuracy: 98.48% -> 98.48%     
client [30] (testset)   loss: 0.0012 -> 0.0402  accuracy: 100.00% -> 97.50%    
client [38] (testset)   loss: 0.0367 -> 0.0321  accuracy: 98.25% -> 98.25%     
client [15] (testset)   loss: 0.0737 -> 0.0675  accuracy: 99.08% -> 99.08%     
client [6]  (testset)   loss: 0.0190 -> 0.0133  accuracy: 99.22% -> 99.74%     
client [53] (testset)   loss: 0.0270 -> 0.0206  accuracy: 100.00% -> 100.00%   
---------------------------- TRAINING EPOCH: 220 ----------------------------  
client [99] (testset)   loss: 0.1077 -> 0.1054  accuracy: 95.24% -> 95.24%     
client [6]  (testset)   loss: 0.0139 -> 0.0118  accuracy: 99.48% -> 99.74%     
client [83] (testset)   loss: 0.1006 -> 0.1027  accuracy: 97.15% -> 97.15%     
client [42] (testset)   loss: 0.1467 -> 0.1556  accuracy: 98.36% -> 97.81%     
client [34] (testset)   loss: 0.1736 -> 0.2109  accuracy: 94.44% -> 94.44%     
client [15] (testset)   loss: 0.0765 -> 0.0705  accuracy: 99.08% -> 99.08%     
client [47] (testset)   loss: 0.0049 -> 0.0031  accuracy: 100.00% -> 100.00%   
client [55] (testset)   loss: 0.0159 -> 0.0094  accuracy: 99.49% -> 99.74%     
client [51] (testset)   loss: 0.0002 -> 0.0002  accuracy: 100.00% -> 100.00%   
client [95] (testset)   loss: 0.0054 -> 0.0019  accuracy: 99.64% -> 100.00%    
---------------------------- TRAINING EPOCH: 230 ----------------------------  
client [71] (testset)   loss: 0.0025 -> 0.0007  accuracy: 99.77% -> 100.00%    
client [15] (testset)   loss: 0.0702 -> 0.0615  accuracy: 99.08% -> 99.08%     
client [33] (testset)   loss: 0.0762 -> 0.0688  accuracy: 99.35% -> 99.35%     
client [99] (testset)   loss: 0.1205 -> 0.1159  accuracy: 95.24% -> 95.24%     
client [90] (testset)   loss: 0.0414 -> 0.0361  accuracy: 98.54% -> 98.54%     
client [57] (testset)   loss: 0.0010 -> 0.0013  accuracy: 100.00% -> 100.00%   
client [27] (testset)   loss: 0.0035 -> 0.0025  accuracy: 100.00% -> 100.00%   
client [78] (testset)   loss: 0.0279 -> 0.0270  accuracy: 98.73% -> 98.73%     
client [36] (testset)   loss: 0.0409 -> 0.0353  accuracy: 98.48% -> 98.48%     
client [88] (testset)   loss: 0.0588 -> 0.0224  accuracy: 98.53% -> 98.53%     
---------------------------- TRAINING EPOCH: 240 ----------------------------  
client [70] (testset)   loss: 0.0170 -> 0.0177  accuracy: 99.27% -> 99.45%     
client [35] (testset)   loss: 0.0431 -> 0.0215  accuracy: 98.04% -> 99.02%     
client [16] (testset)   loss: 0.0008 -> 0.0002  accuracy: 100.00% -> 100.00%   
client [80] (testset)   loss: 0.0001 -> 0.0001  accuracy: 100.00% -> 100.00%   
client [38] (testset)   loss: 0.0393 -> 0.0466  accuracy: 98.25% -> 98.25%     
client [78] (testset)   loss: 0.0296 -> 0.0275  accuracy: 99.36% -> 98.73%     
client [68] (testset)   loss: 0.0153 -> 0.0591  accuracy: 98.31% -> 98.31%     
client [11] (testset)   loss: 0.0000 -> 0.0000  accuracy: 100.00% -> 100.00%   
client [64] (testset)   loss: 0.0020 -> 0.0078  accuracy: 100.00% -> 99.72%    
client [82] (testset)   loss: 0.0319 -> 0.0383  accuracy: 98.59% -> 98.59%     
---------------------------- TRAINING EPOCH: 250 ----------------------------  
client [30] (testset)   loss: 0.0025 -> 0.0505  accuracy: 100.00% -> 97.50%    
client [27] (testset)   loss: 0.0021 -> 0.0017  accuracy: 100.00% -> 100.00%   
client [74] (testset)   loss: 0.1194 -> 0.1404  accuracy: 98.46% -> 98.77%     
client [45] (testset)   loss: 0.0127 -> 0.0151  accuracy: 99.69% -> 99.39%     
client [6]  (testset)   loss: 0.0166 -> 0.0157  accuracy: 99.74% -> 99.48%     
client [36] (testset)   loss: 0.0448 -> 0.0409  accuracy: 98.48% -> 98.48%     
client [63] (testset)   loss: 0.0183 -> 0.0079  accuracy: 99.27% -> 100.00%    
client [76] (testset)   loss: 0.0106 -> 0.0508  accuracy: 98.70% -> 98.70%     
client [83] (testset)   loss: 0.1250 -> 0.1304  accuracy: 97.51% -> 96.80%     
client [86] (testset)   loss: 0.0090 -> 0.0009  accuracy: 99.18% -> 100.00%    
---------------------------- TRAINING EPOCH: 260 ----------------------------  
client [83] (testset)   loss: 0.1143 -> 0.1225  accuracy: 97.51% -> 97.15%     
client [99] (testset)   loss: 0.0791 -> 0.1263  accuracy: 95.24% -> 95.24%     
client [74] (testset)   loss: 0.1330 -> 0.1423  accuracy: 98.77% -> 98.77%     
client [73] (testset)   loss: 0.0629 -> 0.1096  accuracy: 97.06% -> 97.06%     
client [29] (testset)   loss: 0.0284 -> 0.0273  accuracy: 99.63% -> 99.63%     
client [92] (testset)   loss: 0.0000 -> 0.0000  accuracy: 100.00% -> 100.00%   
client [6]  (testset)   loss: 0.0262 -> 0.0158  accuracy: 99.22% -> 99.74%     
client [61] (testset)   loss: 0.0005 -> 0.0002  accuracy: 100.00% -> 100.00%   
client [21] (testset)   loss: 0.0011 -> 0.0019  accuracy: 100.00% -> 100.00%   
client [67] (testset)   loss: 0.0000 -> 0.0000  accuracy: 100.00% -> 100.00%   
---------------------------- TRAINING EPOCH: 270 ----------------------------  
client [83] (testset)   loss: 0.1195 -> 0.1333  accuracy: 97.86% -> 96.80%     
client [32] (testset)   loss: 0.0807 -> 0.0738  accuracy: 98.41% -> 98.41%     
client [95] (testset)   loss: 0.0021 -> 0.0011  accuracy: 100.00% -> 100.00%   
client [61] (testset)   loss: 0.0003 -> 0.0001  accuracy: 100.00% -> 100.00%   
client [27] (testset)   loss: 0.0022 -> 0.0019  accuracy: 100.00% -> 100.00%   
client [25] (testset)   loss: 0.0005 -> 0.0001  accuracy: 100.00% -> 100.00%   
client [68] (testset)   loss: 0.0350 -> 0.0624  accuracy: 98.31% -> 98.31%     
client [34] (testset)   loss: 0.1930 -> 0.2178  accuracy: 94.44% -> 94.44%     
client [71] (testset)   loss: 0.0005 -> 0.0006  accuracy: 100.00% -> 100.00%   
client [89] (testset)   loss: 0.0001 -> 0.0001  accuracy: 100.00% -> 100.00%   
---------------------------- TRAINING EPOCH: 280 ----------------------------  
client [78] (testset)   loss: 0.0280 -> 0.0264  accuracy: 99.36% -> 99.36%     
client [81] (testset)   loss: 0.0556 -> 0.0452  accuracy: 99.38% -> 99.38%     
client [51] (testset)   loss: 0.0003 -> 0.0002  accuracy: 100.00% -> 100.00%   
client [54] (testset)   loss: 0.0280 -> 0.0327  accuracy: 97.67% -> 97.67%     
client [65] (testset)   loss: 0.0293 -> 0.0199  accuracy: 98.74% -> 99.16%     
client [41] (testset)   loss: 0.0009 -> 0.0004  accuracy: 100.00% -> 100.00%   
client [11] (testset)   loss: 0.0000 -> 0.0000  accuracy: 100.00% -> 100.00%   
client [85] (testset)   loss: 0.0487 -> 0.0490  accuracy: 98.45% -> 98.45%     
client [12] (testset)   loss: 0.0278 -> 0.0224  accuracy: 99.01% -> 99.01%     
client [23] (testset)   loss: 0.0007 -> 0.0005  accuracy: 100.00% -> 100.00%   
---------------------------- TRAINING EPOCH: 290 ----------------------------  
client [16] (testset)   loss: 0.0086 -> 0.0006  accuracy: 100.00% -> 100.00%   
client [65] (testset)   loss: 0.0306 -> 0.0243  accuracy: 99.16% -> 99.16%     
client [53] (testset)   loss: 0.0256 -> 0.0189  accuracy: 100.00% -> 100.00%   
client [58] (testset)   loss: 0.0357 -> 0.0401  accuracy: 99.29% -> 98.58%     
client [72] (testset)   loss: 0.0003 -> 0.0002  accuracy: 100.00% -> 100.00%   
client [7]  (testset)   loss: 0.0020 -> 0.0014  accuracy: 100.00% -> 100.00%   
client [71] (testset)   loss: 0.0014 -> 0.0008  accuracy: 100.00% -> 100.00%   
client [59] (testset)   loss: 0.0007 -> 0.0008  accuracy: 100.00% -> 100.00%   
client [86] (testset)   loss: 0.0026 -> 0.0008  accuracy: 100.00% -> 100.00%   
client [39] (testset)   loss: 0.0005 -> 0.0003  accuracy: 100.00% -> 100.00%   
---------------------------- TRAINING EPOCH: 300 ----------------------------  
client [99] (testset)   loss: 0.1025 -> 0.1401  accuracy: 95.24% -> 95.24%     
client [7]  (testset)   loss: 0.0007 -> 0.0006  accuracy: 100.00% -> 100.00%   
client [17] (testset)   loss: 0.0137 -> 0.0119  accuracy: 99.61% -> 99.61%     
client [64] (testset)   loss: 0.0121 -> 0.0108  accuracy: 99.44% -> 99.72%     
client [37] (testset)   loss: 0.1011 -> 0.1049  accuracy: 96.97% -> 96.97%     
client [29] (testset)   loss: 0.0311 -> 0.0301  accuracy: 99.63% -> 99.63%     
client [93] (testset)   loss: 0.0016 -> 0.0003  accuracy: 100.00% -> 100.00%   
client [73] (testset)   loss: 0.0910 -> 0.1235  accuracy: 97.06% -> 97.06%     
client [40] (testset)   loss: 0.0008 -> 0.0005  accuracy: 100.00% -> 100.00%   
client [76] (testset)   loss: 0.0361 -> 0.0610  accuracy: 98.70% -> 98.70%     
---------------------------- TRAINING EPOCH: 310 ----------------------------  
client [31] (testset)   loss: 0.0011 -> 0.0012  accuracy: 100.00% -> 100.00%   
client [89] (testset)   loss: 0.0002 -> 0.0001  accuracy: 100.00% -> 100.00%   
client [77] (testset)   loss: 0.0468 -> 0.0443  accuracy: 98.63% -> 99.32%     
client [90] (testset)   loss: 0.0498 -> 0.0445  accuracy: 98.91% -> 98.91%     
client [26] (testset)   loss: 0.0531 -> 0.0700  accuracy: 100.00% -> 95.83%    
client [50] (testset)   loss: 0.0055 -> 0.0087  accuracy: 100.00% -> 99.49%    
client [30] (testset)   loss: 0.0018 -> 0.0244  accuracy: 100.00% -> 97.50%    
client [70] (testset)   loss: 0.0147 -> 0.0166  accuracy: 99.45% -> 99.45%     
client [41] (testset)   loss: 0.0003 -> 0.0002  accuracy: 100.00% -> 100.00%   
client [99] (testset)   loss: 0.1202 -> 0.1384  accuracy: 95.24% -> 95.24%     
---------------------------- TRAINING EPOCH: 320 ----------------------------  
client [68] (testset)   loss: 0.0609 -> 0.0739  accuracy: 98.31% -> 98.31%     
client [70] (testset)   loss: 0.0218 -> 0.0192  accuracy: 99.27% -> 99.63%     
client [52] (testset)   loss: 0.0000 -> 0.0000  accuracy: 100.00% -> 100.00%   
client [1]  (testset)   loss: 0.0464 -> 0.0366  accuracy: 98.33% -> 98.33%     
client [2]  (testset)   loss: 0.0081 -> 0.0048  accuracy: 99.62% -> 99.81%     
client [67] (testset)   loss: 0.0000 -> 0.0000  accuracy: 100.00% -> 100.00%   
client [92] (testset)   loss: 0.0000 -> 0.0000  accuracy: 100.00% -> 100.00%   
client [35] (testset)   loss: 0.0493 -> 0.0271  accuracy: 98.04% -> 99.02%     
client [36] (testset)   loss: 0.0267 -> 0.0274  accuracy: 98.48% -> 98.48%     
client [64] (testset)   loss: 0.0053 -> 0.0086  accuracy: 99.72% -> 99.72%     
---------------------------- TRAINING EPOCH: 330 ----------------------------  
client [44] (testset)   loss: 0.0392 -> 0.0389  accuracy: 99.10% -> 99.10%     
client [6]  (testset)   loss: 0.0183 -> 0.0177  accuracy: 99.74% -> 99.48%     
client [12] (testset)   loss: 0.0286 -> 0.0273  accuracy: 99.01% -> 99.01%     
client [55] (testset)   loss: 0.0130 -> 0.0107  accuracy: 99.74% -> 99.74%     
client [29] (testset)   loss: 0.0255 -> 0.0278  accuracy: 99.63% -> 99.63%     
client [9]  (testset)   loss: 0.0342 -> 0.0342  accuracy: 98.86% -> 99.02%     
client [43] (testset)   loss: 0.0906 -> 0.0706  accuracy: 98.40% -> 99.47%     
client [77] (testset)   loss: 0.0480 -> 0.0469  accuracy: 99.32% -> 99.32%     
client [98] (testset)   loss: 0.0049 -> 0.0043  accuracy: 100.00% -> 100.00%   
client [78] (testset)   loss: 0.0238 -> 0.0220  accuracy: 99.36% -> 99.36%     
---------------------------- TRAINING EPOCH: 340 ----------------------------  
client [92] (testset)   loss: 0.0000 -> 0.0000  accuracy: 100.00% -> 100.00%   
client [80] (testset)   loss: 0.0001 -> 0.0000  accuracy: 100.00% -> 100.00%   
client [63] (testset)   loss: 0.0091 -> 0.0055  accuracy: 100.00% -> 100.00%   
client [76] (testset)   loss: 0.0325 -> 0.0568  accuracy: 98.70% -> 98.70%     
client [78] (testset)   loss: 0.0239 -> 0.0223  accuracy: 99.36% -> 99.36%     
client [25] (testset)   loss: 0.0003 -> 0.0001  accuracy: 100.00% -> 100.00%   
client [58] (testset)   loss: 0.0405 -> 0.0458  accuracy: 99.29% -> 99.29%     
client [13] (testset)   loss: 0.0131 -> 0.0149  accuracy: 100.00% -> 100.00%   
client [17] (testset)   loss: 0.0105 -> 0.0103  accuracy: 99.61% -> 99.61%     
client [38] (testset)   loss: 0.0508 -> 0.0524  accuracy: 98.25% -> 98.25%     
---------------------------- TRAINING EPOCH: 350 ----------------------------  
client [72] (testset)   loss: 0.0003 -> 0.0001  accuracy: 100.00% -> 100.00%   
client [82] (testset)   loss: 0.0290 -> 0.0264  accuracy: 98.59% -> 98.59%     
client [86] (testset)   loss: 0.0010 -> 0.0005  accuracy: 100.00% -> 100.00%   
client [51] (testset)   loss: 0.0001 -> 0.0001  accuracy: 100.00% -> 100.00%   
client [96] (testset)   loss: 0.0041 -> 0.0033  accuracy: 100.00% -> 100.00%   
client [42] (testset)   loss: 0.1455 -> 0.1545  accuracy: 98.36% -> 98.36%     
client [55] (testset)   loss: 0.0089 -> 0.0082  accuracy: 99.74% -> 99.74%     
client [13] (testset)   loss: 0.0418 -> 0.0278  accuracy: 95.83% -> 100.00%    
client [1]  (testset)   loss: 0.0596 -> 0.0434  accuracy: 98.33% -> 98.33%     
client [12] (testset)   loss: 0.0262 -> 0.0253  accuracy: 99.50% -> 99.50%     
---------------------------- TRAINING EPOCH: 360 ----------------------------  
client [68] (testset)   loss: 0.0792 -> 0.0885  accuracy: 98.31% -> 98.31%     
client [23] (testset)   loss: 0.0007 -> 0.0004  accuracy: 100.00% -> 100.00%   
client [46] (testset)   loss: 0.0385 -> 0.0370  accuracy: 99.55% -> 99.32%     
client [41] (testset)   loss: 0.0002 -> 0.0002  accuracy: 100.00% -> 100.00%   
client [25] (testset)   loss: 0.0002 -> 0.0001  accuracy: 100.00% -> 100.00%   
client [58] (testset)   loss: 0.0441 -> 0.0482  accuracy: 99.29% -> 99.29%     
client [14] (testset)   loss: 0.0424 -> 0.0552  accuracy: 98.61% -> 98.61%     
client [33] (testset)   loss: 0.0775 -> 0.0788  accuracy: 99.18% -> 99.18%     
client [85] (testset)   loss: 0.0464 -> 0.0497  accuracy: 98.45% -> 98.45%     
client [62] (testset)   loss: 0.0003 -> 0.0003  accuracy: 100.00% -> 100.00%   
---------------------------- TRAINING EPOCH: 370 ----------------------------  
client [98] (testset)   loss: 0.0113 -> 0.0119  accuracy: 100.00% -> 100.00%   
client [63] (testset)   loss: 0.0091 -> 0.0057  accuracy: 100.00% -> 100.00%   
client [70] (testset)   loss: 0.0184 -> 0.0208  accuracy: 99.27% -> 99.27%     
client [65] (testset)   loss: 0.0354 -> 0.0302  accuracy: 98.74% -> 98.74%     
client [14] (testset)   loss: 0.0428 -> 0.0567  accuracy: 98.61% -> 98.61%     
client [73] (testset)   loss: 0.0986 -> 0.1048  accuracy: 94.12% -> 97.06%     
client [34] (testset)   loss: 0.1852 -> 0.1954  accuracy: 94.44% -> 94.44%     
client [99] (testset)   loss: 0.1384 -> 0.1426  accuracy: 95.24% -> 95.24%     
client [69] (testset)   loss: 0.0037 -> 0.0037  accuracy: 99.82% -> 99.82%     
client [46] (testset)   loss: 0.0382 -> 0.0383  accuracy: 99.55% -> 99.55%     
---------------------------- TRAINING EPOCH: 380 ----------------------------  
client [99] (testset)   loss: 0.0904 -> 0.1059  accuracy: 95.24% -> 95.24%     
client [93] (testset)   loss: 0.0003 -> 0.0001  accuracy: 100.00% -> 100.00%   
client [11] (testset)   loss: 0.0000 -> 0.0000  accuracy: 100.00% -> 100.00%   
client [58] (testset)   loss: 0.0433 -> 0.0464  accuracy: 99.29% -> 99.29%     
client [81] (testset)   loss: 0.0603 -> 0.0538  accuracy: 99.38% -> 99.38%     
client [85] (testset)   loss: 0.0438 -> 0.0500  accuracy: 98.45% -> 98.45%     
client [89] (testset)   loss: 0.0001 -> 0.0001  accuracy: 100.00% -> 100.00%   
client [45] (testset)   loss: 0.0161 -> 0.0235  accuracy: 99.69% -> 99.39%     
client [8]  (testset)   loss: 0.0397 -> 0.0342  accuracy: 97.62% -> 97.62%     
client [68] (testset)   loss: 0.0773 -> 0.0848  accuracy: 98.31% -> 98.31%     
---------------------------- TRAINING EPOCH: 390 ----------------------------  
client [67] (testset)   loss: 0.0000 -> 0.0000  accuracy: 100.00% -> 100.00%   
client [72] (testset)   loss: 0.0001 -> 0.0001  accuracy: 100.00% -> 100.00%   
client [1]  (testset)   loss: 0.0322 -> 0.0239  accuracy: 98.33% -> 98.33%     
client [78] (testset)   loss: 0.0274 -> 0.0254  accuracy: 98.73% -> 99.36%     
client [83] (testset)   loss: 0.1473 -> 0.1488  accuracy: 96.80% -> 96.80%     
client [21] (testset)   loss: 0.0016 -> 0.0034  accuracy: 100.00% -> 100.00%   
client [56] (testset)   loss: 0.0069 -> 0.0147  accuracy: 100.00% -> 98.92%    
client [44] (testset)   loss: 0.0466 -> 0.0453  accuracy: 98.81% -> 99.10%     
client [92] (testset)   loss: 0.0000 -> 0.0000  accuracy: 100.00% -> 100.00%   
client [27] (testset)   loss: 0.0019 -> 0.0016  accuracy: 100.00% -> 100.00%   
---------------------------- TRAINING EPOCH: 400 ----------------------------  
client [10] (testset)   loss: 0.0001 -> 0.0000  accuracy: 100.00% -> 100.00%   
client [39] (testset)   loss: 0.0006 -> 0.0003  accuracy: 100.00% -> 100.00%   
client [65] (testset)   loss: 0.0360 -> 0.0310  accuracy: 98.74% -> 99.16%     
client [26] (testset)   loss: 0.0877 -> 0.0989  accuracy: 95.83% -> 95.83%     
client [19] (testset)   loss: 0.0415 -> 0.0356  accuracy: 98.15% -> 98.15%     
client [68] (testset)   loss: 0.0620 -> 0.0752  accuracy: 98.31% -> 98.31%     
client [41] (testset)   loss: 0.0001 -> 0.0002  accuracy: 100.00% -> 100.00%   
client [50] (testset)   loss: 0.0061 -> 0.0067  accuracy: 100.00% -> 100.00%   
client [75] (testset)   loss: 0.0339 -> 0.0350  accuracy: 99.38% -> 99.38%     
client [81] (testset)   loss: 0.0570 -> 0.0523  accuracy: 99.38% -> 99.38%     
FedFewA's average time taken by each global epoch: 0 min 4.12 sec.             
FedFewA's total running time: 0 h 27 m 42 s.                                   
==================== FedFewA Experiment Results: ====================          
Display format: (before local fine-tuning) -> (after local fine-tuning)        
 So if finetune_epoch = 0, x.xx% -> 0.00% is normal.                           
 Centralized testing ONLY happens after model aggregation, so the stats between
'->' are the same.                                                             
{                                                                              
    "100": {                                                                   
        "all_clients": {                                                       
            "test": {                                                          
                "loss": "0.0367 -> 0.0000",                                    
                "accuracy": "98.92% -> 0.00%"                                  
            }                                                                  
        }                                                                      
    },                                                                         
    "200": {                                                                   
        "all_clients": {                                                       
            "test": {                                                          
                "loss": "0.0275 -> 0.0000",                                    
                "accuracy": "99.28% -> 0.00%"                                  
            }                                                                  
        }                                                                      
    },                                                                         
    "300": {                                                                   
        "all_clients": {                                                       
            "test": {                                                          
                "loss": "0.0273 -> 0.0000",                                    
                "accuracy": "99.35% -> 0.00%"                                  
            }                                                                  
        }                                                                      
    },                                                                         
    "400": {                                                                   
        "all_clients": {                                                       
            "test": {                                                          
                "loss": "0.0298 -> 0.0000",                                    
                "accuracy": "99.39% -> 0.00%"                                  
            }                                                                  
        }                                                                      
    }                                                                          
}                                                                              
==================== FedFewA Max Accuracy ====================                 
all_clients:                                                                   
(test) before fine-tuning: 99.39% at epoch 400                                 
(test) after fine-tuning: 0.00% at epoch 100                                   
