==================== Local-only ====================                           
Experiment Arguments:                                                          
{
    'method': 'local',
    'dataset': {
        'name': 'fmnist',
        'client_num': 100,
        'test_ratio': 0.25,
        'val_ratio': 0.0,
        'seed': 42,
        'split': 'sample',
        'IID_ratio': 0.0,
        'monitor_window_name_suffix': 'fmnist-100clients-0%IID-Dir(0.5)-seed42',
        'alpha': 0.5,
        'min_samples_per_client': 10
    },
    'model': {
        'name': 'avgcnn',
        'use_torchvision_pretrained_weights': True,
        'external_model_weights_path': None
    },
    'optimizer': {
        'lr': 0.01,
        'dampening': 0,
        'weight_decay': 0,
        'momentum': 0.7,
        'nesterov': False,
        'name': 'sgd'
    },
    'mode': 'serial',
    'parallel': {
        'ray_cluster_addr': None,
        'num_cpus': None,
        'num_gpus': None,
        'num_workers': 2
    },
    'common': {
        'seed': 42,
        'join_ratio': 0.1,
        'global_epoch': 400,
        'local_epoch': 5,
        'batch_size': 32,
        'reset_optimizer_on_global_epoch': True,
        'straggler_ratio': 0,
        'straggler_min_local_epoch': 0,
        'buffers': 'global',
        'client_side_evaluation': True,
        'test': {
            'client': {
                'interval': 100,
                'finetune_epoch': 5,
                'train': False,
                'val': False,
                'test': True
            },
            'server': {
                'interval': -1,
                'train': False,
                'val': False,
                'test': True,
                'model_in_train_mode': False
            }
        },
        'verbose_gap': 10,
        'monitor': None,
        'use_cuda': True,
        'save_log': True,
        'save_model': False,
        'save_learning_curve_plot': True,
        'save_metrics': True,
        'delete_useless_run': True
    },
    'fedprox': {
        'mu': 0.01
    },
    'pfedsim': {
        'warmup_round': 0.5
    }
}
---------------------------- TRAINING EPOCH: 10 ----------------------------   
client [77] (testset)   loss: 0.4716 -> 0.4413  accuracy: 82.29% -> 83.43%     
client [81] (testset)   loss: 0.4402 -> 0.3883  accuracy: 84.75% -> 84.75%     
client [21] (testset)   loss: 2.2871 -> 0.7469  accuracy: 6.29% -> 74.21%      
client [68] (testset)   loss: 0.6692 -> 0.5426  accuracy: 74.84% -> 76.40%     
client [93] (testset)   loss: 0.8775 -> 0.9012  accuracy: 65.03% -> 61.19%     
client [31] (testset)   loss: 1.4468 -> 0.6878  accuracy: 55.70% -> 80.54%     
client [20] (testset)   loss: 0.3511 -> 0.3288  accuracy: 86.53% -> 87.76%     
client [59] (testset)   loss: 2.2632 -> 0.5786  accuracy: 35.19% -> 83.33%     
client [48] (testset)   loss: 0.7500 -> 0.8687  accuracy: 69.11% -> 69.11%     
client [34] (testset)   loss: 0.5467 -> 0.4675  accuracy: 83.06% -> 81.97%     
