==================== FedFew ====================                               
Experiment Arguments:                                                          
{
    'method': 'fedfew',
    'dataset': {
        'name': 'emnist',
        'client_num': 100,
        'test_ratio': 0.25,
        'val_ratio': 0.0,
        'seed': 42,
        'split': 'sample',
        'IID_ratio': 0.0,
        'monitor_window_name_suffix': 'emnist-100clients-0%IID-Dir(0.1)-seed42',
        'emnist_split': 'byclass',
        'alpha': 0.1,
        'min_samples_per_client': 10
    },
    'model': {
        'name': 'avgcnn',
        'use_torchvision_pretrained_weights': True,
        'external_model_weights_path': None
    },
    'optimizer': {
        'lr': 0.01,
        'dampening': 0,
        'weight_decay': 0,
        'momentum': 0.7,
        'nesterov': False,
        'name': 'sgd'
    },
    'mode': 'serial',
    'parallel': {
        'ray_cluster_addr': None,
        'num_cpus': None,
        'num_gpus': None,
        'num_workers': 2
    },
    'common': {
        'seed': 42,
        'join_ratio': 0.1,
        'global_epoch': 400,
        'local_epoch': 5,
        'batch_size': 32,
        'reset_optimizer_on_global_epoch': True,
        'straggler_ratio': 0,
        'straggler_min_local_epoch': 0,
        'buffers': 'global',
        'client_side_evaluation': True,
        'test': {
            'client': {
                'interval': 100,
                'finetune_epoch': 5,
                'train': False,
                'val': False,
                'test': True
            },
            'server': {
                'interval': -1,
                'train': False,
                'val': False,
                'test': True,
                'model_in_train_mode': False
            }
        },
        'verbose_gap': 10,
        'monitor': None,
        'use_cuda': True,
        'save_log': True,
        'save_model': False,
        'save_learning_curve_plot': True,
        'save_metrics': True,
        'delete_useless_run': True
    },
    'fedprox': {
        'mu': 0.01
    },
    'pfedsim': {
        'warmup_round': 0.5
    },
    'fedfew': {
        'ig_ratio': 0.995,
        'alpha': 0.5,
        'IgRatioScheduler': {
            'init': 0.0,
            'last': 0.9999,
            'num_rounds': 400,
            'mode': 'linear'
        }
    }
}
---------------------------- TRAINING EPOCH: 10 ----------------------------   
client [77] (testset)   loss: 0.1692 -> 0.1587  accuracy: 95.60% -> 95.73%     
client [81] (testset)   loss: 0.3223 -> 0.3077  accuracy: 87.47% -> 87.64%     
client [21] (testset)   loss: 0.9342 -> 0.1849  accuracy: 79.69% -> 94.55%     
client [68] (testset)   loss: 0.2995 -> 0.1764  accuracy: 90.58% -> 95.56%     
client [93] (testset)   loss: 0.1597 -> 0.1653  accuracy: 94.70% -> 95.02%     
client [31] (testset)   loss: 0.3403 -> 0.2035  accuracy: 87.30% -> 93.03%     
client [20] (testset)   loss: 0.2347 -> 0.2085  accuracy: 92.86% -> 93.94%     
client [59] (testset)   loss: 0.7202 -> 0.3598  accuracy: 84.64% -> 89.60%     
client [48] (testset)   loss: 0.8426 -> 0.4302  accuracy: 67.83% -> 83.33%     
client [34] (testset)   loss: 0.1477 -> 0.1391  accuracy: 96.57% -> 96.37%     
---------------------------- TRAINING EPOCH: 20 ----------------------------   
client [69] (testset)   loss: 0.2259 -> 0.2225  accuracy: 93.59% -> 94.04%     
client [99] (testset)   loss: 0.1670 -> 0.1355  accuracy: 95.32% -> 96.16%     
client [67] (testset)   loss: 0.2153 -> 0.1668  accuracy: 92.83% -> 95.04%     
client [0]  (testset)   loss: 0.1588 -> 0.1501  accuracy: 96.13% -> 96.38%     
client [76] (testset)   loss: 0.1521 -> 0.1390  accuracy: 95.38% -> 95.75%     
client [41] (testset)   loss: 0.3002 -> 0.2489  accuracy: 89.53% -> 90.97%     
client [62] (testset)   loss: 0.7912 -> 0.1954  accuracy: 83.31% -> 94.96%     
client [2]  (testset)   loss: 0.7657 -> 0.1372  accuracy: 83.43% -> 96.25%     
client [14] (testset)   loss: 0.1985 -> 0.1968  accuracy: 93.96% -> 95.71%     
client [46] (testset)   loss: 0.0811 -> 0.0759  accuracy: 98.21% -> 98.33%     
---------------------------- TRAINING EPOCH: 30 ----------------------------   
client [24] (testset)   loss: 0.1182 -> 0.1128  accuracy: 95.68% -> 96.26%     
client [68] (testset)   loss: 0.1491 -> 0.1492  accuracy: 96.19% -> 95.87%     
client [57] (testset)   loss: 0.0661 -> 0.0566  accuracy: 98.39% -> 98.61%     
client [17] (testset)   loss: 0.2582 -> 0.2763  accuracy: 93.41% -> 93.49%     
client [54] (testset)   loss: 0.1401 -> 0.1333  accuracy: 95.90% -> 96.02%     
client [23] (testset)   loss: 0.9335 -> 0.3644  accuracy: 69.95% -> 84.41%     
client [35] (testset)   loss: 0.0952 -> 0.0931  accuracy: 97.74% -> 97.44%     
client [59] (testset)   loss: 0.1914 -> 0.2121  accuracy: 93.19% -> 93.52%     
client [31] (testset)   loss: 0.1958 -> 0.2013  accuracy: 93.23% -> 94.31%     
client [9]  (testset)   loss: 0.1465 -> 0.1201  accuracy: 95.99% -> 96.83%     
---------------------------- TRAINING EPOCH: 40 ----------------------------   
client [64] (testset)   loss: 0.2971 -> 0.3251  accuracy: 89.37% -> 88.80%     
client [33] (testset)   loss: 0.0719 -> 0.0839  accuracy: 98.18% -> 98.09%     
client [16] (testset)   loss: 0.2024 -> 0.2262  accuracy: 94.16% -> 94.40%     
client [44] (testset)   loss: 0.3134 -> 0.2273  accuracy: 90.53% -> 93.83%     
client [8]  (testset)   loss: 0.2326 -> 0.2492  accuracy: 93.48% -> 92.31%     
client [31] (testset)   loss: 0.1911 -> 0.2102  accuracy: 94.23% -> 93.32%     
client [47] (testset)   loss: 0.1915 -> 0.2279  accuracy: 93.93% -> 92.48%     
client [36] (testset)   loss: 0.1723 -> 0.1203  accuracy: 95.24% -> 96.56%     
client [20] (testset)   loss: 0.1921 -> 0.2012  accuracy: 94.31% -> 94.08%     
client [56] (testset)   loss: 0.1071 -> 0.0918  accuracy: 97.61% -> 98.08%     
---------------------------- TRAINING EPOCH: 50 ----------------------------   
client [4]  (testset)   loss: 0.3800 -> 0.3149  accuracy: 88.99% -> 89.17%     
client [60] (testset)   loss: 0.1180 -> 0.0519  accuracy: 97.22% -> 98.38%     
client [28] (testset)   loss: 0.1124 -> 0.1123  accuracy: 95.08% -> 95.27%     
client [25] (testset)   loss: 0.1577 -> 0.0886  accuracy: 94.29% -> 97.04%     
client [58] (testset)   loss: 0.0702 -> 0.0745  accuracy: 98.36% -> 98.68%     
client [44] (testset)   loss: 0.2610 -> 0.2560  accuracy: 92.13% -> 93.30%     
client [39] (testset)   loss: 0.1381 -> 0.1088  accuracy: 95.83% -> 96.85%     
client [29] (testset)   loss: 0.1664 -> 0.1545  accuracy: 94.24% -> 94.19%     
client [3]  (testset)   loss: 0.1446 -> 0.1199  accuracy: 96.72% -> 96.68%     
client [84] (testset)   loss: 0.1163 -> 0.1126  accuracy: 95.76% -> 96.03%     
---------------------------- TRAINING EPOCH: 60 ----------------------------   
client [21] (testset)   loss: 0.1540 -> 0.1531  accuracy: 95.02% -> 95.53%     
client [84] (testset)   loss: 0.1148 -> 0.1349  accuracy: 96.58% -> 95.49%     
client [10] (testset)   loss: 0.1973 -> 0.1876  accuracy: 91.19% -> 92.73%     
client [36] (testset)   loss: 0.1210 -> 0.1270  accuracy: 96.44% -> 96.39%     
client [65] (testset)   loss: 0.2678 -> 0.3347  accuracy: 91.40% -> 91.54%     
client [81] (testset)   loss: 0.2675 -> 0.2911  accuracy: 89.04% -> 87.99%     
client [79] (testset)   loss: 0.2270 -> 0.2792  accuracy: 92.63% -> 93.26%     
client [42] (testset)   loss: 0.1915 -> 0.2054  accuracy: 94.19% -> 94.25%     
client [11] (testset)   loss: 0.1221 -> 0.1451  accuracy: 96.07% -> 96.07%     
client [96] (testset)   loss: 0.1438 -> 0.1675  accuracy: 95.79% -> 96.25%     
---------------------------- TRAINING EPOCH: 70 ----------------------------   
client [8]  (testset)   loss: 0.2440 -> 0.3222  accuracy: 93.36% -> 91.54%     
client [53] (testset)   loss: 0.1671 -> 0.1411  accuracy: 96.39% -> 97.25%     
client [52] (testset)   loss: 0.2503 -> 0.3143  accuracy: 92.18% -> 91.51%     
client [42] (testset)   loss: 0.1794 -> 0.1972  accuracy: 94.91% -> 94.79%     
client [69] (testset)   loss: 0.2134 -> 0.2519  accuracy: 93.93% -> 94.38%     
client [59] (testset)   loss: 0.1825 -> 0.2455  accuracy: 93.79% -> 91.67%     
client [7]  (testset)   loss: 0.1687 -> 0.1914  accuracy: 95.63% -> 96.02%     
client [26] (testset)   loss: 0.2157 -> 0.2308  accuracy: 93.90% -> 94.29%     
client [49] (testset)   loss: 0.0619 -> 0.0697  accuracy: 97.99% -> 97.81%     
client [98] (testset)   loss: 0.0886 -> 0.1144  accuracy: 97.11% -> 96.75%     
---------------------------- TRAINING EPOCH: 80 ----------------------------   
client [98] (testset)   loss: 0.0874 -> 0.1144  accuracy: 97.01% -> 96.65%     
client [47] (testset)   loss: 0.2009 -> 0.2111  accuracy: 93.42% -> 93.50%     
client [21] (testset)   loss: 0.1566 -> 0.1644  accuracy: 95.28% -> 95.24%     
client [77] (testset)   loss: 0.1350 -> 0.1515  accuracy: 97.34% -> 96.76%     
client [95] (testset)   loss: 0.1311 -> 0.1523  accuracy: 96.18% -> 96.08%     
client [91] (testset)   loss: 0.0670 -> 0.0685  accuracy: 98.21% -> 98.64%     
client [14] (testset)   loss: 0.1620 -> 0.2021  accuracy: 95.11% -> 95.17%     
client [99] (testset)   loss: 0.1055 -> 0.1211  accuracy: 96.71% -> 96.79%     
client [20] (testset)   loss: 0.2093 -> 0.2264  accuracy: 93.99% -> 94.44%     
client [39] (testset)   loss: 0.1228 -> 0.1228  accuracy: 96.79% -> 96.91%     
---------------------------- TRAINING EPOCH: 90 ----------------------------   
client [52] (testset)   loss: 0.2782 -> 0.3236  accuracy: 91.17% -> 92.40%     
client [62] (testset)   loss: 0.1839 -> 0.2141  accuracy: 96.28% -> 96.23%     
client [71] (testset)   loss: 0.0904 -> 0.1106  accuracy: 97.76% -> 97.57%     
client [97] (testset)   loss: 0.0966 -> 0.0937  accuracy: 97.84% -> 97.92%     
client [30] (testset)   loss: 0.2642 -> 0.2860  accuracy: 94.46% -> 94.16%     
client [88] (testset)   loss: 0.2050 -> 0.2473  accuracy: 92.73% -> 92.73%     
client [60] (testset)   loss: 0.0609 -> 0.0558  accuracy: 98.53% -> 98.30%     
client [82] (testset)   loss: 0.3975 -> 0.4079  accuracy: 83.55% -> 82.52%     
client [91] (testset)   loss: 0.0713 -> 0.0694  accuracy: 98.21% -> 98.37%     
client [57] (testset)   loss: 0.0559 -> 0.0498  accuracy: 98.61% -> 99.03%     
---------------------------- TRAINING EPOCH: 100 ----------------------------  
client [31] (testset)   loss: 0.2396 -> 0.2578  accuracy: 93.98% -> 94.27%     
client [15] (testset)   loss: 0.1857 -> 0.1918  accuracy: 93.13% -> 93.21%     
client [71] (testset)   loss: 0.0930 -> 0.1141  accuracy: 97.53% -> 97.49%     
client [97] (testset)   loss: 0.0953 -> 0.0993  accuracy: 98.24% -> 98.00%     
client [53] (testset)   loss: 0.1729 -> 0.1657  accuracy: 96.87% -> 97.21%     
client [77] (testset)   loss: 0.1456 -> 0.1434  accuracy: 97.09% -> 96.96%     
client [76] (testset)   loss: 0.1287 -> 0.1283  accuracy: 95.89% -> 95.89%     
client [79] (testset)   loss: 0.2599 -> 0.2877  accuracy: 91.47% -> 91.68%     
client [28] (testset)   loss: 0.1279 -> 0.1276  accuracy: 95.18% -> 95.23%     
client [99] (testset)   loss: 0.1144 -> 0.1288  accuracy: 96.71% -> 96.51%     
---------------------------- TRAINING EPOCH: 110 ----------------------------  
client [97] (testset)   loss: 0.0912 -> 0.1076  accuracy: 98.13% -> 97.97%     
client [86] (testset)   loss: 0.3188 -> 0.3739  accuracy: 90.79% -> 91.52%     
client [34] (testset)   loss: 0.1067 -> 0.1329  accuracy: 97.06% -> 97.40%     
client [73] (testset)   loss: 0.2223 -> 0.2594  accuracy: 93.75% -> 93.38%     
client [5]  (testset)   loss: 0.1663 -> 0.1774  accuracy: 95.41% -> 95.67%     
client [96] (testset)   loss: 0.1834 -> 0.2030  accuracy: 95.04% -> 96.25%     
client [22] (testset)   loss: 0.1990 -> 0.2141  accuracy: 94.47% -> 94.80%     
client [60] (testset)   loss: 0.0611 -> 0.0567  accuracy: 98.46% -> 98.30%     
client [66] (testset)   loss: 0.1894 -> 0.1951  accuracy: 95.92% -> 96.56%     
client [83] (testset)   loss: 0.1792 -> 0.2152  accuracy: 96.09% -> 95.91%     
---------------------------- TRAINING EPOCH: 120 ----------------------------  
client [76] (testset)   loss: 0.1416 -> 0.1414  accuracy: 95.97% -> 95.53%     
client [65] (testset)   loss: 0.2788 -> 0.3274  accuracy: 91.61% -> 91.05%     
client [95] (testset)   loss: 0.1483 -> 0.1634  accuracy: 96.51% -> 96.61%     
client [17] (testset)   loss: 0.2687 -> 0.2673  accuracy: 93.94% -> 93.94%     
client [8]  (testset)   loss: 0.2538 -> 0.2815  accuracy: 92.66% -> 93.42%     
client [35] (testset)   loss: 0.0973 -> 0.1104  accuracy: 97.97% -> 98.00%     
client [98] (testset)   loss: 0.1071 -> 0.1236  accuracy: 96.86% -> 96.96%     
client [53] (testset)   loss: 0.1709 -> 0.1759  accuracy: 97.25% -> 97.21%     
client [43] (testset)   loss: 0.3409 -> 0.3379  accuracy: 88.44% -> 90.16%     
client [64] (testset)   loss: 0.3327 -> 0.3631  accuracy: 90.51% -> 90.89%     
---------------------------- TRAINING EPOCH: 130 ----------------------------  
client [21] (testset)   loss: 0.1622 -> 0.1723  accuracy: 95.39% -> 95.24%     
client [88] (testset)   loss: 0.2246 -> 0.2782  accuracy: 93.24% -> 92.81%     
client [38] (testset)   loss: 0.1162 -> 0.1437  accuracy: 97.03% -> 97.03%     
client [3]  (testset)   loss: 0.1714 -> 0.1854  accuracy: 96.81% -> 96.74%     
client [5]  (testset)   loss: 0.1770 -> 0.1807  accuracy: 95.08% -> 95.45%     
client [41] (testset)   loss: 0.2999 -> 0.2808  accuracy: 91.85% -> 92.10%     
client [7]  (testset)   loss: 0.1797 -> 0.2107  accuracy: 95.96% -> 96.09%     
client [37] (testset)   loss: 0.2352 -> 0.2575  accuracy: 92.16% -> 92.77%     
client [45] (testset)   loss: 0.3275 -> 0.3471  accuracy: 89.07% -> 89.49%     
client [47] (testset)   loss: 0.2370 -> 0.2530  accuracy: 92.99% -> 93.25%     
---------------------------- TRAINING EPOCH: 140 ----------------------------  
client [16] (testset)   loss: 0.2613 -> 0.2692  accuracy: 92.13% -> 93.43%     
client [11] (testset)   loss: 0.1216 -> 0.1493  accuracy: 97.24% -> 96.83%     
client [37] (testset)   loss: 0.2503 -> 0.2754  accuracy: 91.80% -> 92.52%     
client [41] (testset)   loss: 0.2907 -> 0.3151  accuracy: 92.29% -> 92.10%     
client [95] (testset)   loss: 0.1544 -> 0.1695  accuracy: 96.27% -> 96.56%     
client [53] (testset)   loss: 0.1755 -> 0.1817  accuracy: 96.63% -> 97.11%     
client [22] (testset)   loss: 0.2191 -> 0.2440  accuracy: 94.23% -> 94.70%     
client [25] (testset)   loss: 0.1259 -> 0.1188  accuracy: 95.72% -> 96.82%     
client [69] (testset)   loss: 0.2255 -> 0.2566  accuracy: 94.26% -> 94.83%     
client [46] (testset)   loss: 0.0761 -> 0.0842  accuracy: 98.58% -> 98.41%     
---------------------------- TRAINING EPOCH: 150 ----------------------------  
client [47] (testset)   loss: 0.2666 -> 0.2992  accuracy: 93.16% -> 93.16%     
client [69] (testset)   loss: 0.2610 -> 0.2668  accuracy: 93.70% -> 94.71%     
client [82] (testset)   loss: 0.4269 -> 0.4325  accuracy: 82.30% -> 82.67%     
client [45] (testset)   loss: 0.3520 -> 0.3785  accuracy: 89.13% -> 88.95%     
client [7]  (testset)   loss: 0.1948 -> 0.2261  accuracy: 95.69% -> 95.76%     
client [50] (testset)   loss: 0.0675 -> 0.0621  accuracy: 98.48% -> 98.78%     
client [35] (testset)   loss: 0.1056 -> 0.1169  accuracy: 97.97% -> 97.94%     
client [24] (testset)   loss: 0.1280 -> 0.1348  accuracy: 96.68% -> 97.09%     
client [15] (testset)   loss: 0.2218 -> 0.2550  accuracy: 93.52% -> 92.77%     
client [58] (testset)   loss: 0.1007 -> 0.1059  accuracy: 98.33% -> 98.51%     
---------------------------- TRAINING EPOCH: 160 ----------------------------  
client [48] (testset)   loss: 0.5689 -> 0.5891  accuracy: 84.69% -> 84.69%     
client [76] (testset)   loss: 0.1505 -> 0.1549  accuracy: 95.75% -> 95.89%     
client [67] (testset)   loss: 0.1678 -> 0.2005  accuracy: 94.85% -> 94.85%     
client [37] (testset)   loss: 0.2650 -> 0.2937  accuracy: 92.24% -> 92.92%     
client [58] (testset)   loss: 0.1043 -> 0.1088  accuracy: 98.36% -> 98.43%     
client [64] (testset)   loss: 0.3778 -> 0.3948  accuracy: 90.13% -> 92.03%     
client [77] (testset)   loss: 0.1631 -> 0.1764  accuracy: 97.28% -> 96.89%     
client [55] (testset)   loss: 0.2880 -> 0.2890  accuracy: 92.09% -> 92.62%     
client [12] (testset)   loss: 0.1891 -> 0.1972  accuracy: 95.27% -> 95.02%     
client [89] (testset)   loss: 0.3681 -> 0.4370  accuracy: 89.89% -> 89.23%     
---------------------------- TRAINING EPOCH: 170 ----------------------------  
client [84] (testset)   loss: 0.1335 -> 0.1497  accuracy: 96.44% -> 96.85%     
client [51] (testset)   loss: 0.2435 -> 0.2800  accuracy: 94.32% -> 94.87%     
client [8]  (testset)   loss: 0.3194 -> 0.3236  accuracy: 91.78% -> 93.07%     
client [18] (testset)   loss: 0.1830 -> 0.1924  accuracy: 95.12% -> 96.17%     
client [94] (testset)   loss: 0.1815 -> 0.1854  accuracy: 96.25% -> 96.42%     
client [81] (testset)   loss: 0.4342 -> 0.4567  accuracy: 86.14% -> 88.44%     
client [3]  (testset)   loss: 0.2068 -> 0.2207  accuracy: 96.40% -> 96.52%     
client [11] (testset)   loss: 0.1425 -> 0.1583  accuracy: 97.03% -> 96.69%     
client [95] (testset)   loss: 0.2019 -> 0.2034  accuracy: 95.94% -> 96.18%     
client [67] (testset)   loss: 0.1685 -> 0.2018  accuracy: 95.22% -> 95.04%     
---------------------------- TRAINING EPOCH: 180 ----------------------------  
client [21] (testset)   loss: 0.1817 -> 0.2066  accuracy: 95.28% -> 95.60%     
client [79] (testset)   loss: 0.3291 -> 0.3856  accuracy: 92.84% -> 91.68%     
client [58] (testset)   loss: 0.1131 -> 0.1174  accuracy: 98.28% -> 98.66%     
client [88] (testset)   loss: 0.2564 -> 0.3163  accuracy: 93.38% -> 92.73%     
client [46] (testset)   loss: 0.0864 -> 0.0997  accuracy: 98.49% -> 98.21%     
client [11] (testset)   loss: 0.1435 -> 0.1594  accuracy: 97.03% -> 96.62%     
client [55] (testset)   loss: 0.3216 -> 0.3378  accuracy: 92.09% -> 92.37%     
client [13] (testset)   loss: 0.0994 -> 0.1056  accuracy: 98.09% -> 98.48%     
client [31] (testset)   loss: 0.2590 -> 0.2795  accuracy: 93.77% -> 94.44%     
client [75] (testset)   loss: 0.2162 -> 0.2401  accuracy: 94.71% -> 94.94%     
---------------------------- TRAINING EPOCH: 190 ----------------------------  
client [19] (testset)   loss: 0.2535 -> 0.2672  accuracy: 95.15% -> 95.69%     
client [7]  (testset)   loss: 0.2294 -> 0.2532  accuracy: 95.63% -> 95.76%     
client [57] (testset)   loss: 0.0612 -> 0.0656  accuracy: 98.71% -> 98.82%     
client [13] (testset)   loss: 0.1057 -> 0.1063  accuracy: 98.54% -> 98.35%     
client [43] (testset)   loss: 0.3721 -> 0.3939  accuracy: 91.27% -> 90.53%     
client [91] (testset)   loss: 0.0921 -> 0.0953  accuracy: 97.99% -> 98.26%     
client [10] (testset)   loss: 0.2133 -> 0.2666  accuracy: 91.89% -> 91.89%     
client [64] (testset)   loss: 0.4167 -> 0.4568  accuracy: 90.70% -> 91.27%     
client [82] (testset)   loss: 0.4978 -> 0.5232  accuracy: 80.90% -> 81.23%     
client [22] (testset)   loss: 0.2678 -> 0.2807  accuracy: 94.61% -> 94.70%     
---------------------------- TRAINING EPOCH: 200 ----------------------------  
client [20] (testset)   loss: 0.2500 -> 0.3046  accuracy: 93.99% -> 94.40%     
client [23] (testset)   loss: 0.4218 -> 0.4454  accuracy: 85.22% -> 84.79%     
client [88] (testset)   loss: 0.2776 -> 0.3263  accuracy: 92.95% -> 92.95%     
client [98] (testset)   loss: 0.1332 -> 0.1467  accuracy: 96.45% -> 97.01%     
client [79] (testset)   loss: 0.3461 -> 0.3964  accuracy: 92.63% -> 92.63%     
client [21] (testset)   loss: 0.1911 -> 0.2247  accuracy: 95.42% -> 95.31%     
client [92] (testset)   loss: 0.3571 -> 0.3711  accuracy: 93.21% -> 94.24%     
client [56] (testset)   loss: 0.1212 -> 0.1375  accuracy: 98.32% -> 98.19%     
client [5]  (testset)   loss: 0.2270 -> 0.2180  accuracy: 94.90% -> 95.64%     
client [52] (testset)   loss: 0.3263 -> 0.3899  accuracy: 91.62% -> 91.51%     
---------------------------- TRAINING EPOCH: 210 ----------------------------  
client [67] (testset)   loss: 0.1872 -> 0.2444  accuracy: 95.22% -> 94.67%     
client [54] (testset)   loss: 0.1925 -> 0.1934  accuracy: 95.02% -> 95.65%     
client [14] (testset)   loss: 0.2152 -> 0.2455  accuracy: 94.98% -> 95.71%     
client [99] (testset)   loss: 0.1566 -> 0.1923  accuracy: 96.04% -> 95.09%     
client [36] (testset)   loss: 0.2144 -> 0.2314  accuracy: 96.27% -> 95.99%     
client [30] (testset)   loss: 0.3562 -> 0.3803  accuracy: 94.40% -> 94.10%     
client [38] (testset)   loss: 0.1448 -> 0.1712  accuracy: 96.82% -> 96.51%     
client [15] (testset)   loss: 0.2557 -> 0.2886  accuracy: 93.17% -> 93.40%     
client [6]  (testset)   loss: 0.2369 -> 0.2932  accuracy: 95.53% -> 95.67%     
client [53] (testset)   loss: 0.2260 -> 0.2288  accuracy: 96.87% -> 97.16%     
---------------------------- TRAINING EPOCH: 220 ----------------------------  
client [99] (testset)   loss: 0.1620 -> 0.1973  accuracy: 96.19% -> 96.30%     
client [6]  (testset)   loss: 0.2214 -> 0.2979  accuracy: 95.24% -> 95.03%     
client [83] (testset)   loss: 0.2511 -> 0.2795  accuracy: 95.31% -> 95.72%     
client [42] (testset)   loss: 0.2406 -> 0.2543  accuracy: 94.73% -> 94.37%     
client [34] (testset)   loss: 0.1577 -> 0.1759  accuracy: 96.71% -> 97.06%     
client [15] (testset)   loss: 0.2633 -> 0.2899  accuracy: 92.97% -> 93.64%     
client [47] (testset)   loss: 0.3349 -> 0.3403  accuracy: 92.91% -> 93.85%     
client [55] (testset)   loss: 0.3401 -> 0.3660  accuracy: 91.88% -> 91.92%     
client [51] (testset)   loss: 0.2740 -> 0.2749  accuracy: 93.78% -> 95.11%     
client [95] (testset)   loss: 0.2061 -> 0.2255  accuracy: 96.46% -> 96.37%     
---------------------------- TRAINING EPOCH: 230 ----------------------------  
client [71] (testset)   loss: 0.1415 -> 0.1579  accuracy: 97.29% -> 97.43%     
client [15] (testset)   loss: 0.2663 -> 0.2943  accuracy: 93.05% -> 92.97%     
client [33] (testset)   loss: 0.1129 -> 0.1118  accuracy: 97.77% -> 97.91%     
client [99] (testset)   loss: 0.1743 -> 0.2042  accuracy: 96.10% -> 96.25%     
client [90] (testset)   loss: 0.2800 -> 0.3271  accuracy: 93.42% -> 93.04%     
client [57] (testset)   loss: 0.0638 -> 0.0645  accuracy: 99.03% -> 98.93%     
client [27] (testset)   loss: 0.1751 -> 0.1843  accuracy: 96.95% -> 97.29%     
client [78] (testset)   loss: 0.2995 -> 0.3151  accuracy: 93.41% -> 93.41%     
client [36] (testset)   loss: 0.2120 -> 0.2184  accuracy: 96.50% -> 96.16%     
client [88] (testset)   loss: 0.2949 -> 0.3613  accuracy: 92.88% -> 92.01%     
---------------------------- TRAINING EPOCH: 240 ----------------------------  
client [70] (testset)   loss: 0.3439 -> 0.3800  accuracy: 91.53% -> 92.04%     
client [35] (testset)   loss: 0.1236 -> 0.1358  accuracy: 97.38% -> 97.71%     
client [16] (testset)   loss: 0.3623 -> 0.4004  accuracy: 91.00% -> 93.35%     
client [80] (testset)   loss: 0.1396 -> 0.1481  accuracy: 97.05% -> 97.41%     
client [38] (testset)   loss: 0.1713 -> 0.1830  accuracy: 95.90% -> 96.72%     
client [78] (testset)   loss: 0.2877 -> 0.3153  accuracy: 93.95% -> 93.33%     
client [68] (testset)   loss: 0.2411 -> 0.2138  accuracy: 94.92% -> 96.08%     
client [11] (testset)   loss: 0.1751 -> 0.1686  accuracy: 96.62% -> 96.62%     
client [64] (testset)   loss: 0.5137 -> 0.5024  accuracy: 87.29% -> 91.65%     
client [82] (testset)   loss: 0.6563 -> 0.6883  accuracy: 80.65% -> 80.21%     
---------------------------- TRAINING EPOCH: 250 ----------------------------  
client [30] (testset)   loss: 0.4127 -> 0.4126  accuracy: 94.52% -> 94.52%     
client [27] (testset)   loss: 0.1794 -> 0.1934  accuracy: 96.60% -> 96.95%     
client [74] (testset)   loss: 0.1978 -> 0.2219  accuracy: 96.64% -> 96.42%     
client [45] (testset)   loss: 0.4414 -> 0.4980  accuracy: 88.95% -> 88.59%     
client [6]  (testset)   loss: 0.2554 -> 0.3310  accuracy: 94.96% -> 95.03%     
client [36] (testset)   loss: 0.2164 -> 0.2292  accuracy: 95.81% -> 96.10%     
client [63] (testset)   loss: 0.1745 -> 0.2032  accuracy: 96.55% -> 97.23%     
client [76] (testset)   loss: 0.1926 -> 0.2067  accuracy: 96.04% -> 95.45%     
client [83] (testset)   loss: 0.2770 -> 0.3338  accuracy: 95.72% -> 95.82%     
client [86] (testset)   loss: 0.5012 -> 0.5582  accuracy: 90.47% -> 91.10%     
---------------------------- TRAINING EPOCH: 260 ----------------------------  
client [83] (testset)   loss: 0.2926 -> 0.3230  accuracy: 95.86% -> 95.72%     
client [99] (testset)   loss: 0.1857 -> 0.2302  accuracy: 96.16% -> 95.70%     
client [74] (testset)   loss: 0.1970 -> 0.2429  accuracy: 96.36% -> 96.36%     
client [73] (testset)   loss: 0.3594 -> 0.3975  accuracy: 93.25% -> 93.01%     
client [29] (testset)   loss: 0.2420 -> 0.2585  accuracy: 93.26% -> 94.14%     
client [92] (testset)   loss: 0.3911 -> 0.4216  accuracy: 93.31% -> 94.11%     
client [6]  (testset)   loss: 0.2745 -> 0.3422  accuracy: 95.53% -> 95.17%     
client [61] (testset)   loss: 0.5133 -> 0.5713  accuracy: 88.80% -> 88.30%     
client [21] (testset)   loss: 0.2114 -> 0.2374  accuracy: 95.42% -> 95.64%     
client [67] (testset)   loss: 0.2195 -> 0.2662  accuracy: 95.22% -> 94.67%     
---------------------------- TRAINING EPOCH: 270 ----------------------------  
client [83] (testset)   loss: 0.2974 -> 0.3494  accuracy: 95.45% -> 95.82%     
client [32] (testset)   loss: 0.2082 -> 0.2600  accuracy: 95.80% -> 95.17%     
client [95] (testset)   loss: 0.2229 -> 0.2247  accuracy: 96.13% -> 95.94%     
client [61] (testset)   loss: 0.5545 -> 0.5961  accuracy: 88.57% -> 88.91%     
client [27] (testset)   loss: 0.1820 -> 0.1919  accuracy: 96.90% -> 97.12%     
client [25] (testset)   loss: 0.1203 -> 0.1442  accuracy: 97.04% -> 96.82%     
client [68] (testset)   loss: 0.2354 -> 0.2552  accuracy: 95.45% -> 95.77%     
client [34] (testset)   loss: 0.1651 -> 0.1903  accuracy: 96.91% -> 97.01%     
client [71] (testset)   loss: 0.1638 -> 0.1770  accuracy: 97.29% -> 97.43%     
client [89] (testset)   loss: 0.4882 -> 0.5376  accuracy: 89.05% -> 88.75%     
---------------------------- TRAINING EPOCH: 280 ----------------------------  
client [78] (testset)   loss: 0.3363 -> 0.3884  accuracy: 93.17% -> 93.48%     
client [81] (testset)   loss: 0.6162 -> 0.6595  accuracy: 85.61% -> 87.60%     
client [51] (testset)   loss: 0.3064 -> 0.3241  accuracy: 94.57% -> 95.47%     
client [54] (testset)   loss: 0.2010 -> 0.2443  accuracy: 95.27% -> 95.40%     
client [65] (testset)   loss: 0.4537 -> 0.5218  accuracy: 91.26% -> 91.12%     
client [41] (testset)   loss: 0.3974 -> 0.4153  accuracy: 92.16% -> 92.29%     
client [11] (testset)   loss: 0.1876 -> 0.2014  accuracy: 96.83% -> 96.55%     
client [85] (testset)   loss: 0.3840 -> 0.4144  accuracy: 94.63% -> 94.68%     
client [12] (testset)   loss: 0.2359 -> 0.2549  accuracy: 95.02% -> 95.14%     
client [23] (testset)   loss: 0.5986 -> 0.6726  accuracy: 84.32% -> 83.26%     
---------------------------- TRAINING EPOCH: 290 ----------------------------  
client [16] (testset)   loss: 0.3869 -> 0.4285  accuracy: 91.97% -> 93.67%     
client [65] (testset)   loss: 0.4670 -> 0.5376  accuracy: 91.40% -> 90.71%     
client [53] (testset)   loss: 0.2810 -> 0.2880  accuracy: 96.77% -> 96.97%     
client [58] (testset)   loss: 0.1427 -> 0.1467  accuracy: 98.36% -> 98.53%     
client [72] (testset)   loss: 0.3050 -> 0.3715  accuracy: 95.35% -> 95.50%     
client [7]  (testset)   loss: 0.2855 -> 0.3105  accuracy: 95.76% -> 95.69%     
client [71] (testset)   loss: 0.1701 -> 0.1854  accuracy: 97.12% -> 97.29%     
client [59] (testset)   loss: 0.3383 -> 0.3635  accuracy: 92.92% -> 92.97%     
client [86] (testset)   loss: 0.5366 -> 0.6041  accuracy: 90.47% -> 90.16%     
client [39] (testset)   loss: 0.2219 -> 0.2348  accuracy: 96.55% -> 96.79%     
---------------------------- TRAINING EPOCH: 300 ----------------------------  
client [99] (testset)   loss: 0.2061 -> 0.2391  accuracy: 96.13% -> 96.45%     
client [7]  (testset)   loss: 0.3028 -> 0.3197  accuracy: 95.43% -> 95.76%     
client [17] (testset)   loss: 0.5064 -> 0.4976  accuracy: 91.90% -> 93.15%     
client [64] (testset)   loss: 0.5290 -> 0.5994  accuracy: 91.08% -> 90.32%     
client [37] (testset)   loss: 0.4120 -> 0.4470  accuracy: 91.80% -> 92.49%     
client [29] (testset)   loss: 0.2486 -> 0.2747  accuracy: 94.24% -> 94.14%     
client [93] (testset)   loss: 0.2587 -> 0.2821  accuracy: 95.81% -> 95.63%     
client [73] (testset)   loss: 0.3744 -> 0.4367  accuracy: 93.87% -> 93.19%     
client [40] (testset)   loss: 0.1644 -> 0.1823  accuracy: 96.93% -> 96.80%     
client [76] (testset)   loss: 0.1989 -> 0.1920  accuracy: 95.75% -> 95.60%     
---------------------------- TRAINING EPOCH: 310 ----------------------------  
client [31] (testset)   loss: 0.3820 -> 0.3638  accuracy: 92.98% -> 94.02%     
client [89] (testset)   loss: 0.5412 -> 0.5868  accuracy: 88.75% -> 88.17%     
client [77] (testset)   loss: 0.2184 -> 0.2342  accuracy: 96.70% -> 96.76%     
client [90] (testset)   loss: 0.3791 -> 0.4420  accuracy: 92.80% -> 93.87%     
client [26] (testset)   loss: 0.3885 -> 0.3923  accuracy: 93.46% -> 93.59%     
client [50] (testset)   loss: 0.0957 -> 0.0979  accuracy: 98.23% -> 98.72%     
client [30] (testset)   loss: 0.4158 -> 0.4402  accuracy: 94.58% -> 94.34%     
client [70] (testset)   loss: 0.4098 -> 0.4023  accuracy: 91.14% -> 91.66%     
client [41] (testset)   loss: 0.4479 -> 0.4487  accuracy: 92.29% -> 91.66%     
client [99] (testset)   loss: 0.2015 -> 0.2267  accuracy: 96.02% -> 96.02%     
---------------------------- TRAINING EPOCH: 320 ----------------------------  
client [68] (testset)   loss: 0.2690 -> 0.2947  accuracy: 95.66% -> 95.56%     
client [70] (testset)   loss: 0.4125 -> 0.4265  accuracy: 91.78% -> 91.91%     
client [52] (testset)   loss: 0.4285 -> 0.4871  accuracy: 90.84% -> 91.40%     
client [1]  (testset)   loss: 0.2740 -> 0.2867  accuracy: 94.90% -> 95.09%     
client [2]  (testset)   loss: 0.1820 -> 0.2083  accuracy: 96.79% -> 96.75%     
client [67] (testset)   loss: 0.2660 -> 0.3145  accuracy: 94.67% -> 94.49%     
client [92] (testset)   loss: 0.4817 -> 0.4619  accuracy: 93.31% -> 93.11%     
client [35] (testset)   loss: 0.1355 -> 0.1612  accuracy: 97.56% -> 97.62%     
client [36] (testset)   loss: 0.2598 -> 0.2751  accuracy: 95.70% -> 95.81%     
client [64] (testset)   loss: 0.5469 -> 0.6051  accuracy: 90.70% -> 91.27%     
---------------------------- TRAINING EPOCH: 330 ----------------------------  
client [44] (testset)   loss: 0.4032 -> 0.4228  accuracy: 93.09% -> 93.30%     
client [6]  (testset)   loss: 0.3027 -> 0.3461  accuracy: 93.83% -> 95.24%     
client [12] (testset)   loss: 0.2581 -> 0.2719  accuracy: 95.14% -> 95.27%     
client [55] (testset)   loss: 0.4281 -> 0.4508  accuracy: 90.84% -> 91.64%     
client [29] (testset)   loss: 0.2832 -> 0.3194  accuracy: 94.14% -> 94.19%     
client [9]  (testset)   loss: 0.1759 -> 0.1788  accuracy: 96.51% -> 97.16%     
client [43] (testset)   loss: 0.4695 -> 0.5751  accuracy: 90.16% -> 91.02%     
client [77] (testset)   loss: 0.2367 -> 0.2360  accuracy: 96.50% -> 96.31%     
client [98] (testset)   loss: 0.1622 -> 0.1804  accuracy: 96.96% -> 97.16%     
client [78] (testset)   loss: 0.3392 -> 0.3826  accuracy: 93.72% -> 93.33%     
---------------------------- TRAINING EPOCH: 340 ----------------------------  
client [92] (testset)   loss: 0.4525 -> 0.4963  accuracy: 93.58% -> 94.26%     
client [80] (testset)   loss: 0.1731 -> 0.1780  accuracy: 97.41% -> 97.45%     
client [63] (testset)   loss: 0.2181 -> 0.2465  accuracy: 96.13% -> 97.20%     
client [76] (testset)   loss: 0.2293 -> 0.2392  accuracy: 95.67% -> 95.82%     
client [78] (testset)   loss: 0.3234 -> 0.3657  accuracy: 93.72% -> 93.72%     
client [25] (testset)   loss: 0.1223 -> 0.1403  accuracy: 96.82% -> 96.71%     
client [58] (testset)   loss: 0.1436 -> 0.1480  accuracy: 98.28% -> 98.58%     
client [13] (testset)   loss: 0.1474 -> 0.1415  accuracy: 98.16% -> 98.09%     
client [17] (testset)   loss: 0.5371 -> 0.5649  accuracy: 91.82% -> 92.81%     
client [38] (testset)   loss: 0.2354 -> 0.2371  accuracy: 96.21% -> 96.51%     
---------------------------- TRAINING EPOCH: 350 ----------------------------  
client [72] (testset)   loss: 0.3516 -> 0.4186  accuracy: 95.50% -> 94.89%     
client [82] (testset)   loss: 0.9560 -> 1.0350  accuracy: 80.35% -> 78.22%     
client [86] (testset)   loss: 0.6532 -> 0.6908  accuracy: 89.84% -> 90.37%     
client [51] (testset)   loss: 0.3335 -> 0.3674  accuracy: 94.02% -> 94.75%     
client [96] (testset)   loss: 0.2715 -> 0.3385  accuracy: 94.94% -> 95.93%     
client [42] (testset)   loss: 0.3016 -> 0.3313  accuracy: 94.61% -> 94.49%     
client [55] (testset)   loss: 0.4800 -> 0.5358  accuracy: 90.28% -> 91.64%     
client [13] (testset)   loss: 0.1469 -> 0.1463  accuracy: 97.90% -> 98.22%     
client [1]  (testset)   loss: 0.2947 -> 0.3043  accuracy: 94.76% -> 95.09%     
client [12] (testset)   loss: 0.2438 -> 0.2782  accuracy: 95.14% -> 95.02%     
---------------------------- TRAINING EPOCH: 360 ----------------------------  
client [68] (testset)   loss: 0.2908 -> 0.3090  accuracy: 95.34% -> 95.56%     
client [23] (testset)   loss: 0.8451 -> 0.8315  accuracy: 84.04% -> 83.63%     
client [46] (testset)   loss: 0.1545 -> 0.1641  accuracy: 98.21% -> 98.09%     
client [41] (testset)   loss: 0.4817 -> 0.4936  accuracy: 91.60% -> 91.54%     
client [25] (testset)   loss: 0.1152 -> 0.1449  accuracy: 97.04% -> 96.82%     
client [58] (testset)   loss: 0.1442 -> 0.1461  accuracy: 98.41% -> 98.51%     
client [14] (testset)   loss: 0.2741 -> 0.3173  accuracy: 95.29% -> 95.41%     
client [33] (testset)   loss: 0.1465 -> 0.1596  accuracy: 97.82% -> 97.95%     
client [85] (testset)   loss: 0.4436 -> 0.4908  accuracy: 94.23% -> 94.49%     
client [62] (testset)   loss: 0.3436 -> 0.3494  accuracy: 95.57% -> 95.99%     
---------------------------- TRAINING EPOCH: 370 ----------------------------  
client [98] (testset)   loss: 0.1778 -> 0.1933  accuracy: 96.81% -> 97.06%     
client [63] (testset)   loss: 0.2261 -> 0.2543  accuracy: 96.15% -> 96.86%     
client [70] (testset)   loss: 0.4768 -> 0.4676  accuracy: 91.66% -> 91.66%     
client [65] (testset)   loss: 0.4956 -> 0.5907  accuracy: 90.85% -> 90.92%     
client [14] (testset)   loss: 0.2901 -> 0.3228  accuracy: 94.68% -> 95.65%     
client [73] (testset)   loss: 0.4310 -> 0.4668  accuracy: 93.13% -> 93.01%     
client [34] (testset)   loss: 0.2015 -> 0.2109  accuracy: 96.81% -> 96.96%     
client [99] (testset)   loss: 0.2268 -> 0.2466  accuracy: 95.64% -> 96.07%     
client [69] (testset)   loss: 0.3533 -> 0.3908  accuracy: 93.59% -> 93.59%     
client [46] (testset)   loss: 0.1467 -> 0.1528  accuracy: 98.21% -> 98.21%     
---------------------------- TRAINING EPOCH: 380 ----------------------------  
client [99] (testset)   loss: 0.2297 -> 0.2585  accuracy: 96.19% -> 96.13%     
client [93] (testset)   loss: 0.2886 -> 0.3165  accuracy: 95.95% -> 95.59%     
client [11] (testset)   loss: 0.2232 -> 0.2381  accuracy: 96.83% -> 96.48%     
client [58] (testset)   loss: 0.1544 -> 0.1579  accuracy: 98.41% -> 98.51%     
client [81] (testset)   loss: 0.7577 -> 0.8203  accuracy: 86.10% -> 87.19%     
client [85] (testset)   loss: 0.4583 -> 0.5038  accuracy: 94.16% -> 94.63%     
client [89] (testset)   loss: 0.6243 -> 0.6787  accuracy: 89.60% -> 88.68%     
client [45] (testset)   loss: 0.5724 -> 0.6168  accuracy: 88.65% -> 88.65%     
client [8]  (testset)   loss: 0.4353 -> 0.4470  accuracy: 91.84% -> 92.37%     
client [68] (testset)   loss: 0.2924 -> 0.3063  accuracy: 95.45% -> 95.56%     
---------------------------- TRAINING EPOCH: 390 ----------------------------  
client [67] (testset)   loss: 0.2566 -> 0.3019  accuracy: 93.93% -> 93.75%     
client [72] (testset)   loss: 0.4075 -> 0.4437  accuracy: 94.89% -> 95.95%     
client [1]  (testset)   loss: 0.3206 -> 0.3146  accuracy: 94.53% -> 95.33%     
client [78] (testset)   loss: 0.4071 -> 0.3980  accuracy: 92.94% -> 93.10%     
client [83] (testset)   loss: 0.3900 -> 0.4095  accuracy: 95.31% -> 95.40%     
client [21] (testset)   loss: 0.2613 -> 0.2911  accuracy: 95.39% -> 95.46%     
client [56] (testset)   loss: 0.1739 -> 0.1777  accuracy: 97.88% -> 98.22%     
client [44] (testset)   loss: 0.4359 -> 0.4905  accuracy: 92.87% -> 93.09%     
client [92] (testset)   loss: 0.4552 -> 0.5059  accuracy: 93.84% -> 94.09%     
client [27] (testset)   loss: 0.2194 -> 0.2338  accuracy: 96.90% -> 97.08%     
---------------------------- TRAINING EPOCH: 400 ----------------------------  
client [10] (testset)   loss: 0.3663 -> 0.4352  accuracy: 90.91% -> 91.05%     
client [39] (testset)   loss: 0.2585 -> 0.2725  accuracy: 96.61% -> 96.73%     
client [65] (testset)   loss: 0.5532 -> 0.6506  accuracy: 90.36% -> 90.57%     
client [26] (testset)   loss: 0.4329 -> 0.4744  accuracy: 93.50% -> 93.41%     
client [19] (testset)   loss: 0.3751 -> 0.4024  accuracy: 95.69% -> 95.73%     
client [68] (testset)   loss: 0.2979 -> 0.3321  accuracy: 95.56% -> 94.92%     
client [41] (testset)   loss: 0.4852 -> 0.5209  accuracy: 91.60% -> 91.60%     
client [50] (testset)   loss: 0.1199 -> 0.1181  accuracy: 97.93% -> 98.42%     
client [75] (testset)   loss: 0.3400 -> 0.3675  accuracy: 94.47% -> 94.24%     
client [81] (testset)   loss: 0.7575 -> 0.8502  accuracy: 87.05% -> 87.43%     
FedFew's average time taken by each global epoch: 0 min 26.71 sec.             
FedFew's total running time: 3 h 15 m 0 s.                                     
==================== FedFew Experiment Results: ====================           
Display format: (before local fine-tuning) -> (after local fine-tuning)        
 So if finetune_epoch = 0, x.xx% -> 0.00% is normal.                           
 Centralized testing ONLY happens after model aggregation, so the stats between
'->' are the same.                                                             
{                                                                              
    "100": {                                                                   
        "all_clients": {                                                       
            "test": {                                                          
                "loss": "0.1800 -> 0.1944",                                    
                "accuracy": "94.95% -> 95.02%"                                 
            }                                                                  
        }                                                                      
    },                                                                         
    "200": {                                                                   
        "all_clients": {                                                       
            "test": {                                                          
                "loss": "0.2336 -> 0.2545",                                    
                "accuracy": "94.71% -> 94.89%"                                 
            }                                                                  
        }                                                                      
    },                                                                         
    "300": {                                                                   
        "all_clients": {                                                       
            "test": {                                                          
                "loss": "0.2961 -> 0.3211",                                    
                "accuracy": "94.49% -> 94.76%"                                 
            }                                                                  
        }                                                                      
    },                                                                         
    "400": {                                                                   
        "all_clients": {                                                       
            "test": {                                                          
                "loss": "0.3642 -> 0.3840",                                    
                "accuracy": "94.46% -> 94.62%"                                 
            }                                                                  
        }                                                                      
    }                                                                          
}                                                                              
==================== FedFew Max Accuracy ====================                  
all_clients:                                                                   
(test) before fine-tuning: 94.95% at epoch 100                                 
(test) after fine-tuning: 95.02% at epoch 100                                  
