==================== FedDpag ====================                              
Experiment Arguments:                                                          
{
    'method': 'feddpag',
    'dataset': {
        'name': 'cifar100',
        'client_num': 100,
        'test_ratio': 0.25,
        'val_ratio': 0.0,
        'seed': 42,
        'split': 'sample',
        'IID_ratio': 0.0,
        'monitor_window_name_suffix': 'cifar100-100clients-0%IID-use20superclasses-Dir(0.1)-seed42',
        'super_class': False,
        'alpha': 0.1,
        'min_samples_per_client': 10
    },
    'model': {
        'name': 'avgcnn',
        'use_torchvision_pretrained_weights': True,
        'external_model_weights_path': None
    },
    'optimizer': {
        'lr': 0.01,
        'dampening': 0,
        'weight_decay': 0,
        'momentum': 0.7,
        'nesterov': False,
        'name': 'sgd'
    },
    'mode': 'parallel',
    'parallel': {
        'ray_cluster_addr': None,
        'num_cpus': 32.0,
        'num_gpus': 1.0,
        'num_workers': 2
    },
    'common': {
        'seed': 42,
        'join_ratio': 0.1,
        'global_epoch': 200,
        'local_epoch': 5,
        'batch_size': 32,
        'reset_optimizer_on_global_epoch': True,
        'straggler_ratio': 0,
        'straggler_min_local_epoch': 0,
        'buffers': 'global',
        'client_side_evaluation': True,
        'test': {
            'client': {
                'interval': 100,
                'finetune_epoch': 0,
                'train': False,
                'val': False,
                'test': True
            },
            'server': {
                'interval': -1,
                'train': False,
                'val': False,
                'test': True,
                'model_in_train_mode': False
            }
        },
        'verbose_gap': 10,
        'monitor': None,
        'use_cuda': True,
        'save_log': True,
        'save_model': False,
        'save_learning_curve_plot': True,
        'save_metrics': True,
        'delete_useless_run': True
    },
    'fedprox': {
        'mu': 0.01
    },
    'pfedsim': {
        'warmup_round': 0.5
    },
    'feddpag': {
        'fisher_threshold': 0.7
    }
}
---------------------------- TRAINING EPOCH: 10 ----------------------------   
client [81] (testset)   loss: 2.5731 -> 2.9799  accuracy: 35.76% -> 42.38%     
client [77] (testset)   loss: 2.1036 -> 2.2638  accuracy: 43.82% -> 44.38%     
client [21] (testset)   loss: 4.6262 -> 2.3808  accuracy: 6.80% -> 39.46%      
client [68] (testset)   loss: 2.2687 -> 2.6270  accuracy: 39.08% -> 39.92%     
client [93] (testset)   loss: 4.6818 -> 2.8463  accuracy: 1.60% -> 37.60%      
client [31] (testset)   loss: 2.5169 -> 2.5604  accuracy: 35.26% -> 42.11%     
client [20] (testset)   loss: 4.4704 -> 1.9564  accuracy: 0.99% -> 48.02%      
client [48] (testset)   loss: 2.7817 -> 3.1579  accuracy: 31.52% -> 32.12%     
client [59] (testset)   loss: 4.5405 -> 2.3044  accuracy: 3.86% -> 38.63%      
client [34] (testset)   loss: 2.6091 -> 3.1838  accuracy: 29.83% -> 28.73%     
---------------------------- TRAINING EPOCH: 20 ----------------------------   
client [99] (testset)   loss: 4.9210 -> 3.7276  accuracy: 4.38% -> 25.55%      
client [69] (testset)   loss: 2.3581 -> 2.2644  accuracy: 46.57% -> 50.54%     
client [67] (testset)   loss: 5.1957 -> 3.1453  accuracy: 1.10% -> 35.16%      
client [0]  (testset)   loss: 5.6876 -> 2.5429  accuracy: 0.00% -> 39.22%      
client [76] (testset)   loss: 5.2852 -> 3.0614  accuracy: 0.56% -> 30.73%      
client [41] (testset)   loss: 5.0698 -> 3.0601  accuracy: 1.61% -> 28.23%      
client [2]  (testset)   loss: 5.5634 -> 3.3022  accuracy: 0.89% -> 31.25%      
client [14] (testset)   loss: 2.9008 -> 3.8989  accuracy: 35.06% -> 33.77%     
client [62] (testset)   loss: 5.2575 -> 2.9315  accuracy: 0.49% -> 37.38%      
client [46] (testset)   loss: 2.4929 -> 2.9503  accuracy: 58.10% -> 53.33%     
---------------------------- TRAINING EPOCH: 30 ----------------------------   
client [24] (testset)   loss: 3.5681 -> 3.1049  accuracy: 23.28% -> 40.52%     
client [68] (testset)   loss: 5.6057 -> 2.6376  accuracy: 0.42% -> 41.60%      
client [57] (testset)   loss: 2.7320 -> 2.3658  accuracy: 46.01% -> 44.79%     
client [17] (testset)   loss: 3.2106 -> 4.1077  accuracy: 33.83% -> 34.59%     
client [54] (testset)   loss: 3.5135 -> 4.1828  accuracy: 38.33% -> 39.17%     
client [23] (testset)   loss: 5.8826 -> 3.0525  accuracy: 0.91% -> 39.09%      
client [35] (testset)   loss: 3.3337 -> 3.0905  accuracy: 33.16% -> 41.33%     
client [59] (testset)   loss: 2.7245 -> 3.3480  accuracy: 38.20% -> 38.63%     
client [31] (testset)   loss: 2.6741 -> 3.2607  accuracy: 41.05% -> 42.11%     
client [9]  (testset)   loss: 5.4540 -> 2.8843  accuracy: 0.00% -> 39.60%      
---------------------------- TRAINING EPOCH: 40 ----------------------------   
client [33] (testset)   loss: 2.9953 -> 3.7264  accuracy: 29.36% -> 26.61%     
client [64] (testset)   loss: 2.4839 -> 3.1999  accuracy: 40.54% -> 37.16%     
client [16] (testset)   loss: 2.9871 -> 3.8681  accuracy: 30.58% -> 30.58%     
client [44] (testset)   loss: 5.4683 -> 3.1346  accuracy: 0.00% -> 33.33%      
client [8]  (testset)   loss: 3.3251 -> 3.9249  accuracy: 43.72% -> 40.70%     
client [31] (testset)   loss: 2.9661 -> 3.1681  accuracy: 42.11% -> 47.89%     
client [47] (testset)   loss: 2.7323 -> 3.7475  accuracy: 44.35% -> 41.74%     
client [36] (testset)   loss: 2.9071 -> 3.3379  accuracy: 34.51% -> 42.48%     
client [56] (testset)   loss: 2.5351 -> 2.7378  accuracy: 40.48% -> 45.24%     
client [20] (testset)   loss: 2.4936 -> 2.9138  accuracy: 50.99% -> 50.99%     
---------------------------- TRAINING EPOCH: 50 ----------------------------   
client [60] (testset)   loss: 3.0448 -> 3.8676  accuracy: 34.85% -> 43.94%     
client [4]  (testset)   loss: 2.6261 -> 2.8531  accuracy: 47.30% -> 50.68%     
client [28] (testset)   loss: 2.4297 -> 2.9210  accuracy: 38.71% -> 45.16%     
client [25] (testset)   loss: 3.3126 -> 2.8783  accuracy: 40.62% -> 48.96%     
client [58] (testset)   loss: 3.6413 -> 4.2905  accuracy: 38.46% -> 33.08%     
client [44] (testset)   loss: 3.1765 -> 3.8383  accuracy: 30.72% -> 33.33%     
client [39] (testset)   loss: 2.6148 -> 3.1832  accuracy: 34.13% -> 35.93%     
client [29] (testset)   loss: 3.4168 -> 3.5625  accuracy: 32.00% -> 34.00%     
client [3]  (testset)   loss: 4.6487 -> 2.6072  accuracy: 31.25% -> 50.00%     
client [84] (testset)   loss: 3.6933 -> 4.2734  accuracy: 34.32% -> 35.59%     
---------------------------- TRAINING EPOCH: 60 ----------------------------   
client [21] (testset)   loss: 2.5630 -> 3.0062  accuracy: 39.46% -> 42.18%     
client [84] (testset)   loss: 3.4083 -> 4.2813  accuracy: 34.75% -> 36.86%     
client [10] (testset)   loss: 3.0467 -> 2.9875  accuracy: 32.69% -> 42.31%     
client [36] (testset)   loss: 2.5945 -> 3.4481  accuracy: 42.48% -> 42.48%     
client [65] (testset)   loss: 3.3963 -> 3.8918  accuracy: 31.82% -> 32.73%     
client [81] (testset)   loss: 3.1038 -> 3.5256  accuracy: 43.71% -> 41.72%     
client [79] (testset)   loss: 2.5551 -> 2.9102  accuracy: 54.19% -> 51.96%     
client [42] (testset)   loss: 2.8398 -> 3.3353  accuracy: 45.89% -> 41.78%     
client [11] (testset)   loss: 2.9720 -> 3.3031  accuracy: 42.94% -> 40.68%     
client [96] (testset)   loss: 3.3365 -> 3.7636  accuracy: 39.31% -> 41.62%     
---------------------------- TRAINING EPOCH: 70 ----------------------------   
client [53] (testset)   loss: 2.7888 -> 4.1414  accuracy: 41.13% -> 37.59%     
client [8]  (testset)   loss: 3.2669 -> 4.2466  accuracy: 43.22% -> 43.22%     
client [52] (testset)   loss: 3.5210 -> 4.1427  accuracy: 41.79% -> 39.55%     
client [42] (testset)   loss: 2.9834 -> 3.3145  accuracy: 42.47% -> 42.47%     
client [69] (testset)   loss: 3.0882 -> 4.3359  accuracy: 52.35% -> 47.29%     
client [59] (testset)   loss: 2.7666 -> 3.5704  accuracy: 37.77% -> 39.06%     
client [26] (testset)   loss: 2.9505 -> 3.6288  accuracy: 45.13% -> 43.36%     
client [7]  (testset)   loss: 3.4928 -> 4.1907  accuracy: 37.28% -> 33.33%     
client [49] (testset)   loss: 2.9328 -> 3.6581  accuracy: 41.36% -> 43.21%     
client [98] (testset)   loss: 3.4150 -> 3.9825  accuracy: 35.21% -> 33.80%     
---------------------------- TRAINING EPOCH: 80 ----------------------------   
client [47] (testset)   loss: 3.0450 -> 3.6887  accuracy: 44.35% -> 46.96%     
client [98] (testset)   loss: 3.4979 -> 4.2030  accuracy: 33.80% -> 34.51%     
client [21] (testset)   loss: 2.8593 -> 3.2543  accuracy: 36.73% -> 40.82%     
client [77] (testset)   loss: 3.0930 -> 3.7526  accuracy: 46.63% -> 43.26%     
client [95] (testset)   loss: 4.0893 -> 4.3787  accuracy: 33.13% -> 37.35%     
client [91] (testset)   loss: 3.3578 -> 3.2111  accuracy: 27.63% -> 36.84%     
client [14] (testset)   loss: 3.4142 -> 4.4968  accuracy: 27.27% -> 31.17%     
client [99] (testset)   loss: 3.5611 -> 4.6605  accuracy: 25.55% -> 25.55%     
client [20] (testset)   loss: 3.3190 -> 3.6506  accuracy: 49.01% -> 44.55%     
client [39] (testset)   loss: 3.1669 -> 4.0522  accuracy: 38.32% -> 37.13%     
---------------------------- TRAINING EPOCH: 90 ----------------------------   
client [52] (testset)   loss: 3.6158 -> 4.1190  accuracy: 39.55% -> 41.79%     
client [62] (testset)   loss: 3.5617 -> 4.0138  accuracy: 41.26% -> 43.69%     
client [71] (testset)   loss: 3.9141 -> 4.4072  accuracy: 29.77% -> 29.77%     
client [97] (testset)   loss: 4.1958 -> 5.5954  accuracy: 30.48% -> 20.95%     
client [30] (testset)   loss: 4.2641 -> 4.9973  accuracy: 30.94% -> 18.23%     
client [88] (testset)   loss: 3.3806 -> 3.2543  accuracy: 39.11% -> 40.78%     
client [60] (testset)   loss: 3.1807 -> 4.0988  accuracy: 34.85% -> 34.85%     
client [82] (testset)   loss: 4.3375 -> 4.5404  accuracy: 24.42% -> 27.91%     
client [91] (testset)   loss: 2.9706 -> 3.5514  accuracy: 40.13% -> 34.87%     
client [57] (testset)   loss: 2.8310 -> 3.1224  accuracy: 43.56% -> 47.85%     
---------------------------- TRAINING EPOCH: 100 ----------------------------  
client [15] (testset)   loss: 3.2259 -> 4.5219  accuracy: 31.39% -> 30.66%     
client [31] (testset)   loss: 3.5029 -> 3.9672  accuracy: 40.53% -> 44.74%     
client [71] (testset)   loss: 4.1699 -> 4.7513  accuracy: 21.37% -> 25.95%     
client [97] (testset)   loss: 4.0685 -> 3.9639  accuracy: 25.71% -> 35.24%     
client [53] (testset)   loss: 3.4266 -> 4.0177  accuracy: 46.81% -> 39.72%     
client [77] (testset)   loss: 3.1972 -> 3.8541  accuracy: 44.38% -> 44.94%     
client [76] (testset)   loss: 3.6098 -> 4.1197  accuracy: 31.28% -> 34.08%     
client [79] (testset)   loss: 3.1649 -> 3.6648  accuracy: 52.51% -> 51.96%     
client [28] (testset)   loss: 2.5793 -> 2.9219  accuracy: 37.90% -> 46.77%     
client [99] (testset)   loss: 3.5990 -> 4.5734  accuracy: 31.39% -> 29.20%     
---------------------------- TRAINING EPOCH: 110 ----------------------------  
client [97] (testset)   loss: 3.6863 -> 4.8741  accuracy: 31.43% -> 29.52%     
client [86] (testset)   loss: 3.8880 -> 4.4681  accuracy: 27.97% -> 33.05%     
client [73] (testset)   loss: 3.9124 -> 4.4776  accuracy: 40.29% -> 36.69%     
client [34] (testset)   loss: 4.0335 -> 4.7519  accuracy: 30.39% -> 32.04%     
client [5]  (testset)   loss: 3.4470 -> 3.7467  accuracy: 39.88% -> 42.33%     
client [96] (testset)   loss: 3.9085 -> 4.0085  accuracy: 44.51% -> 45.09%     
client [60] (testset)   loss: 4.2049 -> 4.6700  accuracy: 30.30% -> 34.85%     
client [22] (testset)   loss: 3.2714 -> 4.2281  accuracy: 36.84% -> 32.24%     
client [83] (testset)   loss: 4.0066 -> 4.0955  accuracy: 38.82% -> 37.50%     
client [66] (testset)   loss: 3.2634 -> 4.0900  accuracy: 42.23% -> 38.83%     
---------------------------- TRAINING EPOCH: 120 ----------------------------  
client [65] (testset)   loss: 3.9721 -> 4.7374  accuracy: 30.91% -> 30.00%     
client [76] (testset)   loss: 3.5260 -> 3.8834  accuracy: 34.08% -> 36.87%     
client [95] (testset)   loss: 4.1895 -> 5.3561  accuracy: 39.16% -> 35.54%     
client [17] (testset)   loss: 3.9973 -> 4.7719  accuracy: 33.08% -> 33.08%     
client [8]  (testset)   loss: 3.9883 -> 4.6699  accuracy: 38.19% -> 40.20%     
client [35] (testset)   loss: 4.4894 -> 4.9220  accuracy: 37.24% -> 38.78%     
client [98] (testset)   loss: 3.4733 -> 3.8569  accuracy: 33.10% -> 38.03%     
client [53] (testset)   loss: 3.6856 -> 4.1984  accuracy: 39.01% -> 36.17%     
client [43] (testset)   loss: 3.9459 -> 4.3335  accuracy: 32.59% -> 32.59%     
client [64] (testset)   loss: 3.3642 -> 4.0924  accuracy: 39.19% -> 41.89%     
---------------------------- TRAINING EPOCH: 130 ----------------------------  
client [21] (testset)   loss: 3.1821 -> 3.2968  accuracy: 38.78% -> 42.18%     
client [88] (testset)   loss: 3.4177 -> 3.9278  accuracy: 45.25% -> 43.58%     
client [3]  (testset)   loss: 2.6709 -> 3.2299  accuracy: 50.00% -> 47.66%     
client [38] (testset)   loss: 3.3387 -> 3.8945  accuracy: 46.37% -> 49.16%     
client [41] (testset)   loss: 3.6079 -> 3.7928  accuracy: 25.81% -> 33.06%     
client [5]  (testset)   loss: 3.4128 -> 4.4243  accuracy: 44.79% -> 40.49%     
client [37] (testset)   loss: 3.9757 -> 4.9040  accuracy: 32.69% -> 33.65%     
client [7]  (testset)   loss: 4.0521 -> 4.7067  accuracy: 36.84% -> 35.53%     
client [47] (testset)   loss: 3.1079 -> 4.0240  accuracy: 42.61% -> 42.61%     
client [45] (testset)   loss: 4.5978 -> 3.8379  accuracy: 37.61% -> 44.25%     
---------------------------- TRAINING EPOCH: 140 ----------------------------  
client [16] (testset)   loss: 3.6081 -> 3.9879  accuracy: 32.23% -> 33.88%     
client [11] (testset)   loss: 3.2290 -> 3.5589  accuracy: 40.68% -> 40.11%     
client [37] (testset)   loss: 3.9144 -> 4.2575  accuracy: 36.54% -> 38.46%     
client [41] (testset)   loss: 3.5743 -> 4.6810  accuracy: 22.58% -> 27.42%     
client [95] (testset)   loss: 3.9963 -> 4.6876  accuracy: 35.54% -> 34.34%     
client [53] (testset)   loss: 3.4558 -> 4.1603  accuracy: 39.72% -> 34.75%     
client [25] (testset)   loss: 2.9217 -> 3.4471  accuracy: 46.88% -> 47.92%     
client [22] (testset)   loss: 4.2821 -> 4.8361  accuracy: 31.58% -> 30.26%     
client [46] (testset)   loss: 3.6930 -> 4.2435  accuracy: 51.43% -> 53.33%     
client [69] (testset)   loss: 3.8238 -> 3.8175  accuracy: 49.10% -> 48.38%     
---------------------------- TRAINING EPOCH: 150 ----------------------------  
client [47] (testset)   loss: 3.3692 -> 4.2528  accuracy: 40.87% -> 40.00%     
client [82] (testset)   loss: 5.3063 -> 5.0690  accuracy: 27.91% -> 31.40%     
client [69] (testset)   loss: 3.6677 -> 3.9862  accuracy: 50.90% -> 50.18%     
client [45] (testset)   loss: 2.9513 -> 3.3105  accuracy: 36.73% -> 42.48%     
client [7]  (testset)   loss: 3.8312 -> 4.6399  accuracy: 34.21% -> 36.40%     
client [50] (testset)   loss: 2.7163 -> 3.4310  accuracy: 48.00% -> 49.00%     
client [24] (testset)   loss: 3.8904 -> 4.1427  accuracy: 31.03% -> 36.21%     
client [35] (testset)   loss: 4.3461 -> 4.9936  accuracy: 34.18% -> 40.31%     
client [15] (testset)   loss: 3.7092 -> 4.9477  accuracy: 30.66% -> 27.74%     
client [58] (testset)   loss: 3.3532 -> 4.1185  accuracy: 35.38% -> 36.15%     
---------------------------- TRAINING EPOCH: 160 ----------------------------  
client [48] (testset)   loss: 3.6399 -> 4.1987  accuracy: 35.76% -> 33.33%     
client [76] (testset)   loss: 3.9026 -> 4.5422  accuracy: 32.40% -> 31.84%     
client [37] (testset)   loss: 3.7817 -> 4.4880  accuracy: 33.65% -> 35.58%     
client [67] (testset)   loss: 4.0462 -> 4.6893  accuracy: 32.42% -> 36.81%     
client [58] (testset)   loss: 3.4034 -> 4.1580  accuracy: 40.00% -> 38.46%     
client [64] (testset)   loss: 3.2306 -> 3.8781  accuracy: 44.59% -> 40.54%     
client [77] (testset)   loss: 3.1910 -> 4.1539  accuracy: 42.70% -> 42.13%     
client [55] (testset)   loss: 2.6654 -> 3.2498  accuracy: 47.83% -> 45.65%     
client [12] (testset)   loss: 2.4391 -> 3.8330  accuracy: 53.79% -> 49.24%     
client [89] (testset)   loss: 4.1175 -> 4.3414  accuracy: 30.57% -> 31.85%     
---------------------------- TRAINING EPOCH: 170 ----------------------------  
client [51] (testset)   loss: 4.1058 -> 5.2100  accuracy: 38.51% -> 39.19%     
client [84] (testset)   loss: 4.6415 -> 5.4808  accuracy: 33.90% -> 33.90%     
client [8]  (testset)   loss: 4.7261 -> 4.9106  accuracy: 44.72% -> 41.21%     
client [18] (testset)   loss: 3.0793 -> 3.6745  accuracy: 46.88% -> 49.22%     
client [94] (testset)   loss: 4.2884 -> 5.1414  accuracy: 36.92% -> 43.08%     
client [81] (testset)   loss: 4.4562 -> 4.4972  accuracy: 36.42% -> 41.06%     
client [3]  (testset)   loss: 3.2246 -> 3.7274  accuracy: 42.97% -> 49.22%     
client [11] (testset)   loss: 3.9116 -> 4.1626  accuracy: 44.63% -> 38.42%     
client [95] (testset)   loss: 4.7334 -> 4.9239  accuracy: 36.75% -> 37.35%     
client [67] (testset)   loss: 4.0921 -> 4.7436  accuracy: 37.36% -> 32.97%     
---------------------------- TRAINING EPOCH: 180 ----------------------------  
client [21] (testset)   loss: 3.5293 -> 3.8439  accuracy: 42.86% -> 40.82%     
client [79] (testset)   loss: 3.3496 -> 3.6492  accuracy: 54.19% -> 53.07%     
client [58] (testset)   loss: 4.0479 -> 4.3500  accuracy: 36.92% -> 35.38%     
client [88] (testset)   loss: 4.0655 -> 4.8994  accuracy: 38.55% -> 36.31%     
client [46] (testset)   loss: 3.9548 -> 4.2642  accuracy: 46.67% -> 51.43%     
client [55] (testset)   loss: 3.1581 -> 3.1983  accuracy: 48.55% -> 50.00%     
client [11] (testset)   loss: 3.5684 -> 3.9221  accuracy: 40.68% -> 42.94%     
client [13] (testset)   loss: 6.2345 -> 5.0449  accuracy: 33.33% -> 38.01%     
client [31] (testset)   loss: 4.0490 -> 4.8265  accuracy: 40.53% -> 38.95%     
client [75] (testset)   loss: 3.7255 -> 4.2347  accuracy: 46.23% -> 45.75%     
---------------------------- TRAINING EPOCH: 190 ----------------------------  
client [19] (testset)   loss: 4.9630 -> 4.2903  accuracy: 34.15% -> 33.54%     
client [7]  (testset)   loss: 4.7556 -> 5.2327  accuracy: 32.02% -> 31.58%     
client [57] (testset)   loss: 3.1811 -> 3.5361  accuracy: 49.08% -> 49.69%     
client [13] (testset)   loss: 4.3504 -> 5.2000  accuracy: 39.77% -> 36.26%     
client [43] (testset)   loss: 4.4034 -> 4.5851  accuracy: 38.52% -> 37.04%     
client [91] (testset)   loss: 3.9877 -> 4.6028  accuracy: 33.55% -> 28.95%     
client [10] (testset)   loss: 3.4961 -> 4.0917  accuracy: 38.46% -> 35.58%     
client [82] (testset)   loss: 4.3756 -> 5.9958  accuracy: 24.42% -> 24.42%     
client [64] (testset)   loss: 3.2844 -> 3.6585  accuracy: 42.57% -> 42.57%     
client [22] (testset)   loss: 4.2429 -> 4.8270  accuracy: 30.92% -> 34.87%     
---------------------------- TRAINING EPOCH: 200 ----------------------------  
client [23] (testset)   loss: 3.6229 -> 3.7878  accuracy: 30.00% -> 42.73%     
client [20] (testset)   loss: 3.3818 -> 4.0460  accuracy: 48.02% -> 43.07%     
client [88] (testset)   loss: 3.8984 -> 4.4740  accuracy: 38.55% -> 41.34%     
client [98] (testset)   loss: 3.8330 -> 4.3268  accuracy: 36.62% -> 39.44%     
client [79] (testset)   loss: 3.4641 -> 3.7952  accuracy: 55.31% -> 53.07%     
client [21] (testset)   loss: 3.4900 -> 3.9411  accuracy: 41.50% -> 41.50%     
client [92] (testset)   loss: 3.9067 -> 4.0615  accuracy: 35.71% -> 34.69%     
client [56] (testset)   loss: 2.8603 -> 3.1784  accuracy: 47.62% -> 51.19%     
client [52] (testset)   loss: 3.8194 -> 4.4620  accuracy: 44.03% -> 40.30%     
client [5]  (testset)   loss: 3.6602 -> 4.4726  accuracy: 41.10% -> 39.88%     
FedDpag's average time taken by each global epoch: 0 min 5.52 sec.             
FedDpag's total running time: 0 h 19 m 29 s.                                   
==================== FedDpag Experiment Results: ====================          
Display format: (before local fine-tuning) -> (after local fine-tuning)        
 So if finetune_epoch = 0, x.xx% -> 0.00% is normal.                           
 Centralized testing ONLY happens after model aggregation, so the stats between
'->' are the same.                                                             
{                                                                              
    "100": {                                                                   
        "all_clients": {                                                       
            "test": {                                                          
                "loss": "3.7559 -> 0.0000",                                    
                "accuracy": "38.76% -> 0.00%"                                  
            }                                                                  
        }                                                                      
    },                                                                         
    "200": {                                                                   
        "all_clients": {                                                       
            "test": {                                                          
                "loss": "4.4067 -> 0.0000",                                    
                "accuracy": "37.69% -> 0.00%"                                  
            }                                                                  
        }                                                                      
    }                                                                          
}                                                                              
==================== FedDpag Max Accuracy ====================                 
all_clients:                                                                   
(test) before fine-tuning: 38.76% at epoch 100                                 
(test) after fine-tuning: 0.00% at epoch 100                                   
