==================== FedDpa ====================                               
Experiment Arguments:                                                          
{
    'method': 'feddpa',
    'dataset': {
        'name': 'fmnist',
        'client_num': 100,
        'test_ratio': 0.25,
        'val_ratio': 0.0,
        'seed': 42,
        'split': 'sample',
        'IID_ratio': 0.0,
        'monitor_window_name_suffix': 'fmnist-100clients-0%IID-Dir(0.1)-seed42',
        'alpha': 0.1,
        'min_samples_per_client': 10
    },
    'model': {
        'name': 'avgcnn',
        'use_torchvision_pretrained_weights': True,
        'external_model_weights_path': None
    },
    'optimizer': {
        'lr': 0.01,
        'dampening': 0,
        'weight_decay': 0,
        'momentum': 0.7,
        'nesterov': False,
        'name': 'sgd'
    },
    'mode': 'serial',
    'parallel': {
        'ray_cluster_addr': None,
        'num_cpus': None,
        'num_gpus': None,
        'num_workers': 2
    },
    'common': {
        'seed': 42,
        'join_ratio': 0.1,
        'global_epoch': 200,
        'local_epoch': 5,
        'batch_size': 32,
        'reset_optimizer_on_global_epoch': True,
        'straggler_ratio': 0,
        'straggler_min_local_epoch': 0,
        'buffers': 'global',
        'client_side_evaluation': True,
        'test': {
            'client': {
                'interval': 100,
                'finetune_epoch': 0,
                'train': False,
                'val': False,
                'test': True
            },
            'server': {
                'interval': -1,
                'train': False,
                'val': False,
                'test': True,
                'model_in_train_mode': False
            }
        },
        'verbose_gap': 10,
        'monitor': None,
        'use_cuda': True,
        'save_log': True,
        'save_model': False,
        'save_learning_curve_plot': True,
        'save_metrics': True,
        'delete_useless_run': True
    },
    'fedprox': {
        'mu': 0.01
    },
    'pfedsim': {
        'warmup_round': 0.5
    },
    'feddpa': {
        'fisher_threshold': 0.994
    }
}
---------------------------- TRAINING EPOCH: 10 ----------------------------   
client [77] (testset)   loss: 0.1824 -> 0.0465  accuracy: 93.26% -> 97.41%     
client [81] (testset)   loss: 0.1632 -> 0.0141  accuracy: 94.44% -> 100.00%    
client [21] (testset)   loss: 0.7185 -> 0.2467  accuracy: 73.29% -> 92.55%     
client [68] (testset)   loss: 0.3096 -> 0.1429  accuracy: 87.27% -> 94.55%     
client [93] (testset)   loss: 0.2808 -> 0.0291  accuracy: 93.22% -> 100.00%    
client [31] (testset)   loss: 0.4591 -> 0.5853  accuracy: 86.15% -> 70.77%     
client [20] (testset)   loss: 0.2195 -> 0.0604  accuracy: 93.01% -> 97.85%     
client [59] (testset)   loss: 0.6910 -> 0.4184  accuracy: 81.02% -> 88.32%     
client [48] (testset)   loss: 0.6286 -> 0.0136  accuracy: 79.75% -> 100.00%    
client [34] (testset)   loss: 0.3306 -> 0.3304  accuracy: 80.77% -> 92.31%     
---------------------------- TRAINING EPOCH: 20 ----------------------------   
client [69] (testset)   loss: 0.3251 -> 0.1422  accuracy: 86.42% -> 95.68%     
client [99] (testset)   loss: 0.7918 -> 0.0498  accuracy: 70.26% -> 98.42%     
client [67] (testset)   loss: 2.1660 -> 0.1323  accuracy: 18.21% -> 96.22%     
client [0]  (testset)   loss: 0.3210 -> 0.1843  accuracy: 85.71% -> 89.80%     
client [76] (testset)   loss: 0.6875 -> 0.3108  accuracy: 80.00% -> 86.67%     
client [41] (testset)   loss: 0.4497 -> 0.1829  accuracy: 89.52% -> 93.55%     
client [62] (testset)   loss: 2.0795 -> 0.2338  accuracy: 40.00% -> 95.00%     
client [2]  (testset)   loss: 0.9063 -> 0.0105  accuracy: 66.08% -> 99.56%     
client [14] (testset)   loss: 1.6332 -> 0.3162  accuracy: 43.57% -> 90.00%     
client [46] (testset)   loss: 2.4264 -> 0.3663  accuracy: 10.42% -> 90.62%     
---------------------------- TRAINING EPOCH: 30 ----------------------------   
client [24] (testset)   loss: 0.7065 -> 0.3288  accuracy: 68.57% -> 89.14%     
client [68] (testset)   loss: 0.2454 -> 0.1013  accuracy: 91.82% -> 95.45%     
client [57] (testset)   loss: 0.1181 -> 0.0215  accuracy: 97.81% -> 99.64%     
client [17] (testset)   loss: 0.5914 -> 0.1142  accuracy: 73.80% -> 95.72%     
client [54] (testset)   loss: 0.5405 -> 0.2333  accuracy: 76.62% -> 89.61%     
client [23] (testset)   loss: 0.3686 -> 0.1582  accuracy: 84.85% -> 94.95%     
client [35] (testset)   loss: 1.1950 -> 0.0086  accuracy: 52.70% -> 100.00%    
client [59] (testset)   loss: 0.8409 -> 0.3884  accuracy: 69.34% -> 88.32%     
client [31] (testset)   loss: 0.4094 -> 0.2141  accuracy: 84.62% -> 92.31%     
client [9]  (testset)   loss: 0.2601 -> 0.1255  accuracy: 93.06% -> 95.83%     
---------------------------- TRAINING EPOCH: 40 ----------------------------   
client [64] (testset)   loss: 0.5411 -> 0.1481  accuracy: 77.44% -> 94.74%     
client [33] (testset)   loss: 0.3291 -> 0.0836  accuracy: 85.38% -> 97.66%     
client [16] (testset)   loss: 0.2464 -> 0.0132  accuracy: 90.83% -> 100.00%    
client [44] (testset)   loss: 0.2577 -> 0.0168  accuracy: 86.79% -> 99.06%     
client [8]  (testset)   loss: 0.6108 -> 0.1922  accuracy: 76.79% -> 93.15%     
client [31] (testset)   loss: 0.6319 -> 0.1985  accuracy: 72.31% -> 92.31%     
client [47] (testset)   loss: 0.2426 -> 0.1026  accuracy: 90.65% -> 96.52%     
client [36] (testset)   loss: 0.2561 -> 0.1548  accuracy: 92.28% -> 94.91%     
client [20] (testset)   loss: 0.7908 -> 0.0312  accuracy: 66.40% -> 98.92%     
client [56] (testset)   loss: 0.9503 -> 0.3202  accuracy: 59.66% -> 85.71%     
---------------------------- TRAINING EPOCH: 50 ----------------------------   
client [4]  (testset)   loss: 0.1625 -> 0.1135  accuracy: 95.38% -> 97.69%     
client [60] (testset)   loss: 1.1735 -> 0.1143  accuracy: 60.89% -> 97.05%     
client [28] (testset)   loss: 0.0093 -> 0.0073  accuracy: 100.00% -> 100.00%   
client [25] (testset)   loss: 0.1005 -> 0.0162  accuracy: 94.23% -> 99.04%     
client [58] (testset)   loss: 0.2554 -> 0.0623  accuracy: 91.84% -> 97.45%     
client [44] (testset)   loss: 0.6219 -> 0.0386  accuracy: 80.19% -> 99.06%     
client [39] (testset)   loss: 0.0217 -> 0.0016  accuracy: 100.00% -> 100.00%   
client [29] (testset)   loss: 0.6585 -> 0.2510  accuracy: 83.54% -> 91.14%     
client [3]  (testset)   loss: 0.2354 -> 0.1209  accuracy: 93.00% -> 95.72%     
client [84] (testset)   loss: 0.7340 -> 0.0060  accuracy: 77.78% -> 100.00%    
---------------------------- TRAINING EPOCH: 60 ----------------------------   
client [21] (testset)   loss: 0.2358 -> 0.2102  accuracy: 93.17% -> 91.93%     
client [84] (testset)   loss: 0.7165 -> 0.0060  accuracy: 74.07% -> 100.00%    
client [10] (testset)   loss: 0.2816 -> 0.0205  accuracy: 92.65% -> 100.00%    
client [36] (testset)   loss: 0.4322 -> 0.1639  accuracy: 86.54% -> 94.09%     
client [65] (testset)   loss: 0.5928 -> 0.2236  accuracy: 71.88% -> 90.62%     
client [81] (testset)   loss: 0.5814 -> 0.0025  accuracy: 70.37% -> 100.00%    
client [79] (testset)   loss: 1.0036 -> 0.1653  accuracy: 64.04% -> 92.61%     
client [42] (testset)   loss: 0.1896 -> 0.0562  accuracy: 93.09% -> 98.55%     
client [11] (testset)   loss: 0.7778 -> 0.3187  accuracy: 69.96% -> 88.34%     
client [96] (testset)   loss: 0.3025 -> 0.1750  accuracy: 90.51% -> 93.43%     
---------------------------- TRAINING EPOCH: 70 ----------------------------   
client [8]  (testset)   loss: 0.2551 -> 0.1808  accuracy: 91.67% -> 95.54%     
client [53] (testset)   loss: 0.1103 -> 0.0065  accuracy: 95.78% -> 99.70%     
client [52] (testset)   loss: 0.3200 -> 0.0999  accuracy: 88.14% -> 98.31%     
client [42] (testset)   loss: 0.1623 -> 0.0576  accuracy: 94.55% -> 98.67%     
client [69] (testset)   loss: 0.2786 -> 0.1032  accuracy: 89.51% -> 96.30%     
client [59] (testset)   loss: 0.7205 -> 0.3226  accuracy: 70.80% -> 89.78%     
client [7]  (testset)   loss: 0.1391 -> 0.0182  accuracy: 95.63% -> 99.56%     
client [26] (testset)   loss: 0.3678 -> 0.0528  accuracy: 87.28% -> 98.09%     
client [49] (testset)   loss: 0.0692 -> 0.0314  accuracy: 97.84% -> 99.57%     
client [98] (testset)   loss: 0.6417 -> 0.5444  accuracy: 76.60% -> 87.23%     
---------------------------- TRAINING EPOCH: 80 ----------------------------   
client [98] (testset)   loss: 0.6386 -> 0.5439  accuracy: 85.11% -> 85.11%     
client [47] (testset)   loss: 0.1649 -> 0.1213  accuracy: 94.57% -> 95.22%     
client [21] (testset)   loss: 0.2335 -> 0.1815  accuracy: 94.41% -> 94.41%     
client [77] (testset)   loss: 0.1207 -> 0.0091  accuracy: 95.85% -> 100.00%    
client [95] (testset)   loss: 0.3747 -> 0.1930  accuracy: 87.04% -> 96.30%     
client [91] (testset)   loss: 0.3517 -> 0.0094  accuracy: 84.62% -> 100.00%    
client [14] (testset)   loss: 0.4258 -> 0.3896  accuracy: 87.86% -> 85.71%     
client [99] (testset)   loss: 0.0471 -> 0.0317  accuracy: 99.21% -> 99.21%     
client [20] (testset)   loss: 0.6577 -> 0.0304  accuracy: 73.66% -> 99.46%     
client [39] (testset)   loss: 0.0440 -> 0.0042  accuracy: 100.00% -> 100.00%   
---------------------------- TRAINING EPOCH: 90 ----------------------------   
client [52] (testset)   loss: 0.1803 -> 0.0977  accuracy: 91.53% -> 98.31%     
client [62] (testset)   loss: 0.2807 -> 0.2164  accuracy: 95.00% -> 95.00%     
client [71] (testset)   loss: 0.1046 -> 0.0552  accuracy: 96.74% -> 97.83%     
client [97] (testset)   loss: 0.1250 -> 0.0462  accuracy: 95.67% -> 98.70%     
client [30] (testset)   loss: 0.3693 -> 0.2260  accuracy: 85.58% -> 96.15%     
client [88] (testset)   loss: 0.7402 -> 0.3224  accuracy: 78.05% -> 91.46%     
client [60] (testset)   loss: 0.3778 -> 0.1199  accuracy: 87.45% -> 96.31%     
client [82] (testset)   loss: 1.0693 -> 0.0760  accuracy: 63.01% -> 98.97%     
client [91] (testset)   loss: 0.1457 -> 1.0945  accuracy: 92.31% -> 92.31%     
client [57] (testset)   loss: 1.0272 -> 0.0224  accuracy: 62.77% -> 99.27%     
---------------------------- TRAINING EPOCH: 100 ----------------------------  
client [31] (testset)   loss: 0.6873 -> 0.1386  accuracy: 83.08% -> 92.31%     
client [15] (testset)   loss: 0.3400 -> 0.1579  accuracy: 90.00% -> 94.06%     
client [71] (testset)   loss: 0.1880 -> 0.0577  accuracy: 94.02% -> 98.37%     
client [97] (testset)   loss: 0.2836 -> 0.0414  accuracy: 91.34% -> 98.27%     
client [53] (testset)   loss: 0.1596 -> 0.0082  accuracy: 95.18% -> 99.70%     
client [77] (testset)   loss: 0.0472 -> 0.0079  accuracy: 97.93% -> 100.00%    
client [76] (testset)   loss: 0.3949 -> 0.3228  accuracy: 73.33% -> 93.33%     
client [79] (testset)   loss: 0.6887 -> 0.1711  accuracy: 74.38% -> 92.61%     
client [28] (testset)   loss: 0.0370 -> 0.0011  accuracy: 100.00% -> 100.00%   
client [99] (testset)   loss: 0.3406 -> 0.0295  accuracy: 87.89% -> 99.21%     
---------------------------- TRAINING EPOCH: 110 ----------------------------  
client [97] (testset)   loss: 0.1599 -> 0.0397  accuracy: 95.24% -> 98.70%     
client [86] (testset)   loss: 0.0068 -> 0.0088  accuracy: 100.00% -> 100.00%   
client [34] (testset)   loss: 0.0868 -> 0.0967  accuracy: 100.00% -> 96.15%    
client [73] (testset)   loss: 0.4552 -> 0.0077  accuracy: 86.26% -> 100.00%    
client [5]  (testset)   loss: 0.5756 -> 0.0912  accuracy: 80.95% -> 97.62%     
client [96] (testset)   loss: 0.3007 -> 0.1712  accuracy: 89.78% -> 93.43%     
client [22] (testset)   loss: 0.1786 -> 0.0236  accuracy: 96.91% -> 98.97%     
client [60] (testset)   loss: 0.3231 -> 0.1135  accuracy: 88.19% -> 96.68%     
client [66] (testset)   loss: 0.4985 -> 0.0895  accuracy: 84.86% -> 96.81%     
client [83] (testset)   loss: 0.1434 -> 0.0047  accuracy: 94.90% -> 100.00%    
---------------------------- TRAINING EPOCH: 120 ----------------------------  
client [76] (testset)   loss: 0.3315 -> 0.4307  accuracy: 93.33% -> 93.33%     
client [65] (testset)   loss: 0.4659 -> 0.3292  accuracy: 84.38% -> 90.62%     
client [95] (testset)   loss: 0.3438 -> 0.2090  accuracy: 88.89% -> 94.44%     
client [17] (testset)   loss: 0.2716 -> 0.0906  accuracy: 89.84% -> 97.33%     
client [8]  (testset)   loss: 0.2797 -> 0.1547  accuracy: 91.67% -> 95.54%     
client [35] (testset)   loss: 0.3142 -> 0.0024  accuracy: 93.24% -> 100.00%    
client [98] (testset)   loss: 0.4505 -> 0.4734  accuracy: 89.36% -> 85.11%     
client [53] (testset)   loss: 0.0248 -> 0.0068  accuracy: 99.40% -> 99.70%     
client [43] (testset)   loss: 0.5337 -> 0.0474  accuracy: 80.00% -> 98.46%     
client [64] (testset)   loss: 0.1964 -> 0.1169  accuracy: 92.48% -> 95.49%     
---------------------------- TRAINING EPOCH: 130 ----------------------------  
client [21] (testset)   loss: 0.4051 -> 0.1494  accuracy: 88.82% -> 96.27%     
client [88] (testset)   loss: 0.5016 -> 0.3969  accuracy: 90.24% -> 92.68%     
client [38] (testset)   loss: 0.4872 -> 0.3513  accuracy: 81.82% -> 92.21%     
client [3]  (testset)   loss: 0.3658 -> 0.1183  accuracy: 88.33% -> 96.50%     
client [5]  (testset)   loss: 0.2114 -> 0.0806  accuracy: 93.33% -> 97.62%     
client [41] (testset)   loss: 0.3250 -> 0.1605  accuracy: 91.94% -> 95.56%     
client [7]  (testset)   loss: 0.1267 -> 0.0175  accuracy: 95.63% -> 99.13%     
client [37] (testset)   loss: 0.5212 -> 0.2059  accuracy: 82.61% -> 95.65%     
client [45] (testset)   loss: 0.5717 -> 0.5754  accuracy: 86.49% -> 91.89%     
client [47] (testset)   loss: 0.1447 -> 0.0990  accuracy: 95.22% -> 96.74%     
---------------------------- TRAINING EPOCH: 140 ----------------------------  
client [16] (testset)   loss: 1.0759 -> 0.0115  accuracy: 66.67% -> 99.17%     
client [11] (testset)   loss: 2.9080 -> 0.2648  accuracy: 34.98% -> 90.13%     
client [37] (testset)   loss: 1.5591 -> 0.2026  accuracy: 48.91% -> 95.65%     
client [41] (testset)   loss: 0.8300 -> 0.1662  accuracy: 81.85% -> 94.35%     
client [95] (testset)   loss: 0.7146 -> 0.1725  accuracy: 79.63% -> 96.30%     
client [53] (testset)   loss: 0.0963 -> 0.0096  accuracy: 98.49% -> 99.40%     
client [22] (testset)   loss: 1.7234 -> 0.0021  accuracy: 61.86% -> 100.00%    
client [25] (testset)   loss: 0.1334 -> 0.0047  accuracy: 96.15% -> 100.00%    
client [69] (testset)   loss: 0.4432 -> 0.1177  accuracy: 88.27% -> 96.30%     
client [46] (testset)   loss: 0.2259 -> 0.1718  accuracy: 92.71% -> 91.67%     
---------------------------- TRAINING EPOCH: 150 ----------------------------  
client [47] (testset)   loss: 0.1646 -> 0.0997  accuracy: 94.57% -> 97.39%     
client [69] (testset)   loss: 0.3396 -> 0.1279  accuracy: 91.98% -> 96.30%     
client [82] (testset)   loss: 0.1601 -> 0.1009  accuracy: 93.15% -> 98.97%     
client [45] (testset)   loss: 0.5877 -> 0.5881  accuracy: 86.49% -> 89.19%     
client [7]  (testset)   loss: 0.1989 -> 0.0142  accuracy: 90.83% -> 99.13%     
client [50] (testset)   loss: 0.8880 -> 0.0132  accuracy: 70.94% -> 99.15%     
client [35] (testset)   loss: 0.9378 -> 0.0015  accuracy: 70.27% -> 100.00%    
client [24] (testset)   loss: 0.6463 -> 0.3155  accuracy: 77.71% -> 91.43%     
client [15] (testset)   loss: 0.4555 -> 0.1696  accuracy: 87.81% -> 95.31%     
client [58] (testset)   loss: 0.1452 -> 0.0276  accuracy: 96.43% -> 98.47%     
---------------------------- TRAINING EPOCH: 160 ----------------------------  
client [48] (testset)   loss: 0.1301 -> 0.0057  accuracy: 93.67% -> 100.00%    
client [76] (testset)   loss: 0.1355 -> 0.4447  accuracy: 93.33% -> 93.33%     
client [67] (testset)   loss: 0.9317 -> 0.1995  accuracy: 71.13% -> 95.88%     
client [37] (testset)   loss: 0.1941 -> 0.1536  accuracy: 93.48% -> 95.65%     
client [58] (testset)   loss: 0.1342 -> 0.0390  accuracy: 95.92% -> 98.47%     
client [64] (testset)   loss: 0.1786 -> 0.0836  accuracy: 93.23% -> 96.99%     
client [77] (testset)   loss: 0.0869 -> 0.0098  accuracy: 98.45% -> 99.48%     
client [55] (testset)   loss: 0.0484 -> 0.0002  accuracy: 98.34% -> 100.00%    
client [12] (testset)   loss: 0.4839 -> 0.1388  accuracy: 87.44% -> 96.68%     
client [89] (testset)   loss: 0.4013 -> 0.3969  accuracy: 89.47% -> 94.74%     
---------------------------- TRAINING EPOCH: 170 ----------------------------  
client [84] (testset)   loss: 0.8179 -> 0.0164  accuracy: 71.60% -> 98.77%     
client [51] (testset)   loss: 0.2006 -> 0.0052  accuracy: 93.63% -> 99.51%     
client [8]  (testset)   loss: 0.5149 -> 0.1725  accuracy: 85.12% -> 94.94%     
client [18] (testset)   loss: 0.0955 -> 0.0167  accuracy: 97.01% -> 99.00%     
client [94] (testset)   loss: 0.3440 -> 0.0642  accuracy: 90.84% -> 98.47%     
client [81] (testset)   loss: 0.0955 -> 0.0010  accuracy: 96.30% -> 100.00%    
client [3]  (testset)   loss: 0.5642 -> 0.1342  accuracy: 85.60% -> 95.72%     
client [11] (testset)   loss: 0.5382 -> 0.2811  accuracy: 82.96% -> 91.03%     
client [95] (testset)   loss: 0.5499 -> 0.1773  accuracy: 85.19% -> 96.30%     
client [67] (testset)   loss: 1.1576 -> 0.1893  accuracy: 66.67% -> 95.53%     
---------------------------- TRAINING EPOCH: 180 ----------------------------  
client [21] (testset)   loss: 0.2518 -> 0.1791  accuracy: 94.41% -> 95.03%     
client [79] (testset)   loss: 0.4127 -> 0.1497  accuracy: 87.19% -> 94.58%     
client [58] (testset)   loss: 0.1503 -> 0.0293  accuracy: 94.90% -> 98.98%     
client [88] (testset)   loss: 0.4463 -> 0.3741  accuracy: 85.37% -> 92.68%     
client [46] (testset)   loss: 0.4916 -> 0.2775  accuracy: 84.38% -> 90.62%     
client [11] (testset)   loss: 0.4066 -> 0.2771  accuracy: 84.75% -> 90.13%     
client [55] (testset)   loss: 0.0834 -> 0.0002  accuracy: 97.02% -> 100.00%    
client [13] (testset)   loss: 0.4690 -> 0.3804  accuracy: 83.01% -> 90.38%     
client [31] (testset)   loss: 0.5455 -> 0.1161  accuracy: 83.08% -> 92.31%     
client [75] (testset)   loss: 0.4398 -> 0.2834  accuracy: 86.12% -> 89.95%     
---------------------------- TRAINING EPOCH: 190 ----------------------------  
client [19] (testset)   loss: 0.3441 -> 0.1553  accuracy: 89.83% -> 93.22%     
client [7]  (testset)   loss: 0.1915 -> 0.0104  accuracy: 93.89% -> 99.56%     
client [57] (testset)   loss: 0.2466 -> 0.0498  accuracy: 91.24% -> 98.91%     
client [13] (testset)   loss: 0.5930 -> 0.3389  accuracy: 79.17% -> 89.74%     
client [43] (testset)   loss: 0.5796 -> 0.0545  accuracy: 76.92% -> 98.46%     
client [91] (testset)   loss: 0.1592 -> 0.0322  accuracy: 92.31% -> 100.00%    
client [10] (testset)   loss: 0.1980 -> 0.0259  accuracy: 94.12% -> 98.53%     
client [64] (testset)   loss: 0.3544 -> 0.0940  accuracy: 86.47% -> 96.24%     
client [82] (testset)   loss: 0.1255 -> 0.0750  accuracy: 95.89% -> 98.97%     
client [22] (testset)   loss: 0.2763 -> 0.0320  accuracy: 89.69% -> 98.97%     
---------------------------- TRAINING EPOCH: 200 ----------------------------  
client [20] (testset)   loss: 0.3317 -> 0.0223  accuracy: 88.44% -> 99.46%     
client [23] (testset)   loss: 0.4375 -> 0.1452  accuracy: 85.86% -> 95.96%     
client [88] (testset)   loss: 0.4337 -> 0.3959  accuracy: 90.24% -> 87.80%     
client [98] (testset)   loss: 1.2418 -> 0.5199  accuracy: 59.57% -> 87.23%     
client [79] (testset)   loss: 0.4804 -> 0.2275  accuracy: 84.73% -> 94.58%     
client [21] (testset)   loss: 0.4031 -> 0.1756  accuracy: 91.93% -> 95.65%     
client [92] (testset)   loss: 0.2013 -> 0.0555  accuracy: 94.16% -> 97.81%     
client [56] (testset)   loss: 1.1321 -> 0.3216  accuracy: 60.50% -> 89.08%     
client [5]  (testset)   loss: 0.3153 -> 0.0678  accuracy: 90.95% -> 98.57%     
client [52] (testset)   loss: 0.1861 -> 0.1107  accuracy: 96.61% -> 98.31%     
FedDpa's average time taken by each global epoch: 0 min 2.58 sec.              
FedDpa's total running time: 0 h 8 m 41 s.                                     
==================== FedDpa Experiment Results: ====================           
Display format: (before local fine-tuning) -> (after local fine-tuning)        
 So if finetune_epoch = 0, x.xx% -> 0.00% is normal.                           
 Centralized testing ONLY happens after model aggregation, so the stats between
'->' are the same.                                                             
{                                                                              
    "100": {                                                                   
        "all_clients": {                                                       
            "test": {                                                          
                "loss": "0.3507 -> 0.0000",                                    
                "accuracy": "87.69% -> 0.00%"                                  
            }                                                                  
        }                                                                      
    },                                                                         
    "200": {                                                                   
        "all_clients": {                                                       
            "test": {                                                          
                "loss": "0.4341 -> 0.0000",                                    
                "accuracy": "87.16% -> 0.00%"                                  
            }                                                                  
        }                                                                      
    }                                                                          
}                                                                              
==================== FedDpa Max Accuracy ====================                  
all_clients:                                                                   
(test) before fine-tuning: 87.69% at epoch 100                                 
(test) after fine-tuning: 0.00% at epoch 100                                   
