==================== FedFew ====================                               
Experiment Arguments:                                                          
{
    'method': 'fedfew',
    'dataset': {
        'name': 'cifar10',
        'client_num': 100,
        'test_ratio': 0.25,
        'val_ratio': 0.0,
        'seed': 42,
        'split': 'sample',
        'IID_ratio': 0.0,
        'monitor_window_name_suffix': 'cifar10-100clients-0%IID-Dir(0.1)-seed42',
        'alpha': 0.1,
        'min_samples_per_client': 10
    },
    'model': {
        'name': 'avgcnn',
        'use_torchvision_pretrained_weights': True,
        'external_model_weights_path': None
    },
    'optimizer': {
        'lr': 0.01,
        'dampening': 0,
        'weight_decay': 0,
        'momentum': 0.7,
        'nesterov': False,
        'name': 'sgd'
    },
    'mode': 'parallel',
    'parallel': {
        'ray_cluster_addr': None,
        'num_cpus': 32.0,
        'num_gpus': 1.0,
        'num_workers': 2
    },
    'common': {
        'seed': 42,
        'join_ratio': 0.1,
        'global_epoch': 200,
        'local_epoch': 5,
        'batch_size': 32,
        'reset_optimizer_on_global_epoch': True,
        'straggler_ratio': 0,
        'straggler_min_local_epoch': 0,
        'buffers': 'global',
        'client_side_evaluation': True,
        'test': {
            'client': {
                'interval': 100,
                'finetune_epoch': 0,
                'train': False,
                'val': False,
                'test': True
            },
            'server': {
                'interval': -1,
                'train': False,
                'val': False,
                'test': True,
                'model_in_train_mode': False
            }
        },
        'verbose_gap': 10,
        'monitor': None,
        'use_cuda': True,
        'save_log': True,
        'save_model': False,
        'save_learning_curve_plot': True,
        'save_metrics': True,
        'delete_useless_run': True
    },
    'fedprox': {
        'mu': 0.01
    },
    'pfedsim': {
        'warmup_round': 0.5
    },
    'fedfew': {
        'top_k': 9,
        'ig_ratio': 0.999999,
        'alpha': 0.5,
        'type': 'all'
    }
}
---------------------------- TRAINING EPOCH: 10 ----------------------------   
client [81] (testset)   loss: 1.0865 -> 0.0531  accuracy: 62.50% -> 96.43%     
client [21] (testset)   loss: 3.4060 -> 0.7901  accuracy: 0.00% -> 73.91%      
client [77] (testset)   loss: 1.4935 -> 0.4638  accuracy: 49.47% -> 87.28%     
client [93] (testset)   loss: 2.4219 -> 0.4275  accuracy: 21.05% -> 84.21%     
client [68] (testset)   loss: 1.0318 -> 0.2708  accuracy: 66.10% -> 92.09%     
client [31] (testset)   loss: 3.0288 -> 0.1225  accuracy: 0.92% -> 94.47%      
client [59] (testset)   loss: 0.5401 -> 0.0670  accuracy: 100.00% -> 100.00%   
client [48] (testset)   loss: 3.5635 -> 0.5698  accuracy: 15.38% -> 76.92%     
client [34] (testset)   loss: 1.9596 -> 0.8034  accuracy: 23.87% -> 71.61%     
client [20] (testset)   loss: 0.7819 -> 0.6641  accuracy: 74.61% -> 77.07%     
---------------------------- TRAINING EPOCH: 20 ----------------------------   
client [99] (testset)   loss: 0.4758 -> 0.0123  accuracy: 86.08% -> 100.00%    
client [67] (testset)   loss: 2.5985 -> 0.2520  accuracy: 16.13% -> 89.68%     
client [69] (testset)   loss: 2.8460 -> 1.0990  accuracy: 29.39% -> 58.48%     
client [0]  (testset)   loss: 2.9949 -> 0.1684  accuracy: 12.57% -> 97.01%     
client [76] (testset)   loss: 4.1415 -> 0.3152  accuracy: 7.95% -> 88.74%      
client [62] (testset)   loss: 4.6100 -> 0.3943  accuracy: 11.76% -> 94.12%     
client [41] (testset)   loss: 2.3561 -> 1.0077  accuracy: 41.27% -> 66.67%     
client [2]  (testset)   loss: 2.3623 -> 0.5409  accuracy: 48.18% -> 85.40%     
client [14] (testset)   loss: 2.3597 -> 0.6644  accuracy: 35.47% -> 78.33%     
client [46] (testset)   loss: 2.7456 -> 0.5904  accuracy: 19.38% -> 82.17%     
---------------------------- TRAINING EPOCH: 30 ----------------------------   
client [24] (testset)   loss: 1.3305 -> 0.4805  accuracy: 55.56% -> 86.11%     
client [68] (testset)   loss: 1.2313 -> 0.2125  accuracy: 63.28% -> 92.66%     
client [57] (testset)   loss: 1.0674 -> 0.2334  accuracy: 68.35% -> 93.67%     
client [17] (testset)   loss: 1.2057 -> 0.9992  accuracy: 58.93% -> 76.79%     
client [54] (testset)   loss: 1.8162 -> 0.7999  accuracy: 36.25% -> 83.75%     
client [23] (testset)   loss: 1.9702 -> 0.0010  accuracy: 35.71% -> 100.00%    
client [35] (testset)   loss: 2.9358 -> 0.4001  accuracy: 16.67% -> 83.33%     
client [59] (testset)   loss: 1.6063 -> 0.0018  accuracy: 33.33% -> 100.00%    
client [31] (testset)   loss: 0.5290 -> 0.1424  accuracy: 83.87% -> 95.85%     
client [9]  (testset)   loss: 1.3429 -> 0.5795  accuracy: 55.13% -> 85.04%     
---------------------------- TRAINING EPOCH: 40 ----------------------------   
client [33] (testset)   loss: 1.6149 -> 0.3250  accuracy: 53.12% -> 92.71%     
client [64] (testset)   loss: 3.4602 -> 0.2320  accuracy: 7.34% -> 93.58%      
client [16] (testset)   loss: 2.4056 -> 0.8359  accuracy: 34.94% -> 74.70%     
client [44] (testset)   loss: 1.6509 -> 0.3409  accuracy: 51.02% -> 92.86%     
client [8]  (testset)   loss: 1.4975 -> 0.8028  accuracy: 51.61% -> 61.29%     
client [47] (testset)   loss: 1.6407 -> 1.1094  accuracy: 50.00% -> 56.25%     
client [36] (testset)   loss: 2.9958 -> 0.8749  accuracy: 23.40% -> 78.72%     
client [31] (testset)   loss: 2.4378 -> 0.1463  accuracy: 22.12% -> 96.31%     
client [56] (testset)   loss: 0.7397 -> 0.2621  accuracy: 80.00% -> 89.23%     
client [20] (testset)   loss: 1.7483 -> 0.7499  accuracy: 56.99% -> 85.75%     
---------------------------- TRAINING EPOCH: 50 ----------------------------   
client [4]  (testset)   loss: 0.8582 -> 0.1041  accuracy: 71.83% -> 95.77%     
client [28] (testset)   loss: 0.9574 -> 0.3720  accuracy: 68.00% -> 84.00%     
client [60] (testset)   loss: 1.5042 -> 0.3597  accuracy: 47.94% -> 92.88%     
client [25] (testset)   loss: 3.0674 -> 0.7491  accuracy: 19.43% -> 80.92%     
client [58] (testset)   loss: 1.4423 -> 0.2981  accuracy: 59.13% -> 92.06%     
client [44] (testset)   loss: 0.7722 -> 0.3088  accuracy: 71.43% -> 91.84%     
client [39] (testset)   loss: 1.2896 -> 0.7064  accuracy: 64.38% -> 80.82%     
client [29] (testset)   loss: 2.5236 -> 0.1870  accuracy: 33.92% -> 95.32%     
client [84] (testset)   loss: 1.6373 -> 0.4822  accuracy: 56.25% -> 85.94%     
client [3]  (testset)   loss: 1.5692 -> 0.6638  accuracy: 58.82% -> 80.21%     
---------------------------- TRAINING EPOCH: 60 ----------------------------   
client [21] (testset)   loss: 4.0955 -> 0.8309  accuracy: 17.39% -> 65.22%     
client [84] (testset)   loss: 2.1320 -> 0.4329  accuracy: 48.44% -> 85.94%     
client [36] (testset)   loss: 1.3600 -> 0.8760  accuracy: 63.83% -> 82.98%     
client [65] (testset)   loss: 1.1691 -> 0.4849  accuracy: 60.71% -> 89.29%     
client [81] (testset)   loss: 0.6656 -> 0.0393  accuracy: 75.00% -> 99.11%     
client [10] (testset)   loss: 4.4512 -> 0.1949  accuracy: 14.74% -> 96.24%     
client [42] (testset)   loss: 1.9424 -> 0.3330  accuracy: 45.27% -> 92.59%     
client [79] (testset)   loss: 3.3525 -> 0.3019  accuracy: 26.26% -> 92.74%     
client [11] (testset)   loss: 2.7693 -> 0.2652  accuracy: 13.64% -> 81.82%     
client [96] (testset)   loss: 1.4189 -> 1.2756  accuracy: 63.64% -> 63.64%     
---------------------------- TRAINING EPOCH: 70 ----------------------------   
client [8]  (testset)   loss: 1.5749 -> 0.7408  accuracy: 58.06% -> 67.74%     
client [52] (testset)   loss: 0.4560 -> 0.2001  accuracy: 85.29% -> 97.06%     
client [53] (testset)   loss: 1.5743 -> 0.5897  accuracy: 53.06% -> 81.63%     
client [42] (testset)   loss: 1.3017 -> 0.3416  accuracy: 62.55% -> 92.18%     
client [59] (testset)   loss: 0.5197 -> 0.0009  accuracy: 66.67% -> 100.00%    
client [69] (testset)   loss: 1.8051 -> 1.2265  accuracy: 48.79% -> 64.55%     
client [26] (testset)   loss: 0.9210 -> 1.2959  accuracy: 53.85% -> 92.31%     
client [7]  (testset)   loss: 2.6136 -> 0.5470  accuracy: 25.12% -> 87.44%     
client [98] (testset)   loss: 2.8457 -> 0.8529  accuracy: 24.17% -> 83.41%     
client [49] (testset)   loss: 1.0474 -> 0.8392  accuracy: 69.21% -> 79.68%     
---------------------------- TRAINING EPOCH: 80 ----------------------------   
client [47] (testset)   loss: 1.7247 -> 1.0038  accuracy: 62.50% -> 68.75%     
client [21] (testset)   loss: 5.0195 -> 0.8967  accuracy: 4.35% -> 69.57%      
client [98] (testset)   loss: 0.9602 -> 0.8647  accuracy: 70.14% -> 84.36%     
client [95] (testset)   loss: 1.8304 -> 1.2101  accuracy: 51.72% -> 70.11%     
client [77] (testset)   loss: 1.5141 -> 0.4876  accuracy: 60.07% -> 89.75%     
client [91] (testset)   loss: 3.5548 -> 0.5650  accuracy: 22.06% -> 89.71%     
client [99] (testset)   loss: 4.0894 -> 0.0124  accuracy: 11.39% -> 98.73%     
client [14] (testset)   loss: 0.7851 -> 0.7179  accuracy: 75.37% -> 79.80%     
client [39] (testset)   loss: 2.0748 -> 0.7856  accuracy: 41.10% -> 82.88%     
client [20] (testset)   loss: 1.0238 -> 0.7459  accuracy: 71.63% -> 87.05%     
---------------------------- TRAINING EPOCH: 90 ----------------------------   
client [62] (testset)   loss: 1.2325 -> 0.2601  accuracy: 58.82% -> 94.12%     
client [52] (testset)   loss: 0.4077 -> 0.1683  accuracy: 88.24% -> 97.06%     
client [97] (testset)   loss: 2.6361 -> 0.8866  accuracy: 39.02% -> 84.15%     
client [71] (testset)   loss: 1.5094 -> 0.6415  accuracy: 50.54% -> 84.41%     
client [30] (testset)   loss: 1.3161 -> 1.2797  accuracy: 55.91% -> 73.12%     
client [60] (testset)   loss: 2.8428 -> 0.3175  accuracy: 16.48% -> 93.26%     
client [88] (testset)   loss: 1.6772 -> 0.4786  accuracy: 46.58% -> 90.00%     
client [91] (testset)   loss: 2.0058 -> 0.5515  accuracy: 32.35% -> 91.18%     
client [82] (testset)   loss: 1.2956 -> 0.2973  accuracy: 60.23% -> 96.59%     
client [57] (testset)   loss: 0.8907 -> 0.2282  accuracy: 74.68% -> 94.94%     
---------------------------- TRAINING EPOCH: 100 ----------------------------  
client [31] (testset)   loss: 0.8435 -> 0.1317  accuracy: 76.04% -> 96.77%     
client [15] (testset)   loss: 1.7650 -> 0.5975  accuracy: 57.81% -> 86.72%     
client [97] (testset)   loss: 2.7105 -> 1.0065  accuracy: 36.59% -> 82.93%     
client [71] (testset)   loss: 2.9929 -> 0.6818  accuracy: 37.63% -> 84.41%     
client [53] (testset)   loss: 1.6296 -> 0.7371  accuracy: 50.51% -> 78.57%     
client [77] (testset)   loss: 1.2873 -> 0.4962  accuracy: 61.84% -> 87.99%     
client [76] (testset)   loss: 1.3143 -> 0.2360  accuracy: 63.58% -> 92.05%     
client [28] (testset)   loss: 1.4235 -> 0.5971  accuracy: 72.00% -> 84.00%     
client [99] (testset)   loss: 2.3565 -> 0.0127  accuracy: 29.11% -> 100.00%    
client [79] (testset)   loss: 1.0452 -> 0.3128  accuracy: 68.99% -> 92.74%     
---------------------------- TRAINING EPOCH: 110 ----------------------------  
client [97] (testset)   loss: 1.6457 -> 1.0291  accuracy: 53.66% -> 82.93%     
client [86] (testset)   loss: 1.1363 -> 0.6666  accuracy: 67.11% -> 82.89%     
client [73] (testset)   loss: 1.3350 -> 0.6872  accuracy: 60.61% -> 84.85%     
client [34] (testset)   loss: 2.8280 -> 1.0772  accuracy: 29.03% -> 72.26%     
client [96] (testset)   loss: 1.9366 -> 1.6332  accuracy: 63.64% -> 65.91%     
client [22] (testset)   loss: 1.2289 -> 0.5840  accuracy: 66.17% -> 85.71%     
client [5]  (testset)   loss: 2.2106 -> 0.6725  accuracy: 45.62% -> 84.54%     
client [66] (testset)   loss: 1.0776 -> 0.6567  accuracy: 66.91% -> 86.76%     
client [60] (testset)   loss: 3.0922 -> 0.3715  accuracy: 26.59% -> 91.76%     
client [83] (testset)   loss: 1.2869 -> 0.6580  accuracy: 60.22% -> 84.03%     
---------------------------- TRAINING EPOCH: 120 ----------------------------  
client [65] (testset)   loss: 1.6276 -> 0.5030  accuracy: 64.29% -> 89.29%     
client [95] (testset)   loss: 1.5425 -> 1.2327  accuracy: 51.72% -> 68.97%     
client [76] (testset)   loss: 1.6077 -> 0.2411  accuracy: 53.64% -> 92.05%     
client [8]  (testset)   loss: 0.7503 -> 0.5972  accuracy: 74.19% -> 74.19%     
client [35] (testset)   loss: 2.9328 -> 0.9610  accuracy: 33.33% -> 66.67%     
client [17] (testset)   loss: 1.2608 -> 1.0766  accuracy: 60.71% -> 76.79%     
client [98] (testset)   loss: 1.9669 -> 0.8817  accuracy: 42.65% -> 84.83%     
client [43] (testset)   loss: 0.4475 -> 0.1117  accuracy: 81.82% -> 90.91%     
client [53] (testset)   loss: 1.1919 -> 0.6595  accuracy: 61.22% -> 79.59%     
client [64] (testset)   loss: 1.7690 -> 0.2513  accuracy: 42.20% -> 94.04%     
---------------------------- TRAINING EPOCH: 130 ----------------------------  
client [21] (testset)   loss: 2.8253 -> 2.1102  accuracy: 39.13% -> 60.87%     
client [38] (testset)   loss: 0.6512 -> 0.0559  accuracy: 82.69% -> 97.12%     
client [3]  (testset)   loss: 1.4467 -> 0.6840  accuracy: 58.29% -> 83.42%     
client [88] (testset)   loss: 2.2743 -> 0.4700  accuracy: 41.58% -> 89.74%     
client [41] (testset)   loss: 0.9083 -> 0.8341  accuracy: 76.19% -> 74.60%     
client [7]  (testset)   loss: 2.8651 -> 0.5920  accuracy: 37.20% -> 85.99%     
client [37] (testset)   loss: 1.3981 -> 0.2086  accuracy: 66.67% -> 83.33%     
client [45] (testset)   loss: 2.1494 -> 2.0518  accuracy: 27.27% -> 72.73%     
client [5]  (testset)   loss: 3.5223 -> 0.6694  accuracy: 25.77% -> 85.57%     
client [47] (testset)   loss: 4.4748 -> 0.8326  accuracy: 25.00% -> 62.50%     
---------------------------- TRAINING EPOCH: 140 ----------------------------  
client [11] (testset)   loss: 2.5040 -> 0.1479  accuracy: 40.91% -> 90.91%     
client [37] (testset)   loss: 0.7681 -> 0.0751  accuracy: 66.67% -> 100.00%    
client [41] (testset)   loss: 0.9934 -> 0.6849  accuracy: 68.25% -> 76.19%     
client [16] (testset)   loss: 1.2230 -> 0.8777  accuracy: 64.46% -> 75.90%     
client [95] (testset)   loss: 1.6064 -> 1.2209  accuracy: 56.32% -> 68.97%     
client [53] (testset)   loss: 1.6798 -> 0.7563  accuracy: 53.57% -> 80.10%     
client [22] (testset)   loss: 1.5340 -> 0.5936  accuracy: 54.89% -> 87.22%     
client [25] (testset)   loss: 2.3610 -> 0.8847  accuracy: 31.10% -> 82.33%     
client [69] (testset)   loss: 2.3566 -> 1.3422  accuracy: 40.00% -> 66.36%     
client [46] (testset)   loss: 1.4793 -> 0.7073  accuracy: 54.26% -> 83.72%     
---------------------------- TRAINING EPOCH: 150 ----------------------------  
client [47] (testset)   loss: 3.9831 -> 2.2881  accuracy: 37.50% -> 62.50%     
client [82] (testset)   loss: 3.3002 -> 0.3471  accuracy: 26.14% -> 96.59%     
client [45] (testset)   loss: 3.0142 -> 1.5755  accuracy: 27.27% -> 54.55%     
client [69] (testset)   loss: 3.5648 -> 1.3547  accuracy: 30.91% -> 64.24%     
client [50] (testset)   loss: 4.5084 -> 0.9467  accuracy: 42.86% -> 71.43%     
client [35] (testset)   loss: 3.5762 -> 0.6132  accuracy: 33.33% -> 83.33%     
client [7]  (testset)   loss: 1.4621 -> 0.5812  accuracy: 71.98% -> 85.99%     
client [24] (testset)   loss: 1.9958 -> 0.7733  accuracy: 55.56% -> 88.89%     
client [15] (testset)   loss: 2.6199 -> 0.7139  accuracy: 46.48% -> 87.50%     
client [58] (testset)   loss: 0.4859 -> 0.4001  accuracy: 89.68% -> 93.65%     
---------------------------- TRAINING EPOCH: 160 ----------------------------  
client [48] (testset)   loss: 3.9164 -> 1.1579  accuracy: 30.77% -> 76.92%     
client [76] (testset)   loss: 2.0585 -> 0.2656  accuracy: 47.68% -> 92.72%     
client [37] (testset)   loss: 1.7536 -> 0.0936  accuracy: 33.33% -> 100.00%    
client [67] (testset)   loss: 2.1331 -> 0.2573  accuracy: 48.39% -> 92.26%     
client [64] (testset)   loss: 1.2308 -> 0.2551  accuracy: 59.63% -> 94.04%     
client [58] (testset)   loss: 1.3133 -> 0.4108  accuracy: 62.70% -> 93.65%     
client [77] (testset)   loss: 1.1287 -> 0.5519  accuracy: 66.43% -> 89.40%     
client [12] (testset)   loss: 1.9187 -> 0.6753  accuracy: 51.92% -> 85.37%     
client [89] (testset)   loss: 3.7246 -> 0.5556  accuracy: 19.61% -> 94.12%     
client [55] (testset)   loss: 2.3398 -> 0.5004  accuracy: 43.41% -> 88.90%     
---------------------------- TRAINING EPOCH: 170 ----------------------------  
client [51] (testset)   loss: 0.2624 -> 0.2007  accuracy: 100.00% -> 100.00%   
client [84] (testset)   loss: 1.6887 -> 0.4702  accuracy: 57.81% -> 89.06%     
client [8]  (testset)   loss: 0.9290 -> 0.6049  accuracy: 67.74% -> 83.87%     
client [94] (testset)   loss: 2.7115 -> 0.7833  accuracy: 30.77% -> 80.00%     
client [18] (testset)   loss: 1.1052 -> 0.6304  accuracy: 67.66% -> 88.62%     
client [81] (testset)   loss: 0.9836 -> 0.0613  accuracy: 66.96% -> 99.11%     
client [11] (testset)   loss: 2.4987 -> 0.1286  accuracy: 40.91% -> 95.45%     
client [95] (testset)   loss: 1.9848 -> 1.1591  accuracy: 43.68% -> 72.41%     
client [3]  (testset)   loss: 1.0135 -> 0.6222  accuracy: 67.91% -> 83.42%     
client [67] (testset)   loss: 0.5899 -> 0.2299  accuracy: 83.23% -> 91.61%     
---------------------------- TRAINING EPOCH: 180 ----------------------------  
client [21] (testset)   loss: 2.7902 -> 1.2041  accuracy: 39.13% -> 65.22%     
client [58] (testset)   loss: 1.1794 -> 0.4110  accuracy: 67.46% -> 94.44%     
client [79] (testset)   loss: 2.1759 -> 0.2973  accuracy: 50.84% -> 94.69%     
client [46] (testset)   loss: 2.2276 -> 0.7190  accuracy: 44.19% -> 84.50%     
client [11] (testset)   loss: 1.8846 -> 0.4161  accuracy: 50.00% -> 86.36%     
client [88] (testset)   loss: 1.0741 -> 0.5063  accuracy: 67.63% -> 91.05%     
client [13] (testset)   loss: 2.4816 -> 0.7444  accuracy: 44.44% -> 85.00%     
client [31] (testset)   loss: 2.4572 -> 0.1729  accuracy: 36.41% -> 96.77%     
client [55] (testset)   loss: 1.8717 -> 0.4482  accuracy: 54.79% -> 88.90%     
client [75] (testset)   loss: 2.1242 -> 0.4602  accuracy: 48.84% -> 90.27%     
---------------------------- TRAINING EPOCH: 190 ----------------------------  
client [19] (testset)   loss: 0.6920 -> 0.5578  accuracy: 78.76% -> 94.69%     
client [7]  (testset)   loss: 2.3061 -> 0.5944  accuracy: 41.06% -> 86.96%     
client [57] (testset)   loss: 1.7064 -> 0.2387  accuracy: 55.27% -> 94.94%     
client [43] (testset)   loss: 0.4245 -> 0.1065  accuracy: 90.91% -> 90.91%     
client [13] (testset)   loss: 2.5080 -> 0.6190  accuracy: 38.89% -> 83.33%     
client [91] (testset)   loss: 1.4142 -> 0.5572  accuracy: 63.24% -> 88.24%     
client [64] (testset)   loss: 1.1664 -> 0.2984  accuracy: 64.68% -> 94.04%     
client [10] (testset)   loss: 2.3387 -> 0.1756  accuracy: 34.68% -> 96.24%     
client [82] (testset)   loss: 1.5588 -> 0.3209  accuracy: 59.09% -> 96.59%     
client [22] (testset)   loss: 0.8860 -> 0.5349  accuracy: 77.44% -> 87.22%     
---------------------------- TRAINING EPOCH: 200 ----------------------------  
client [23] (testset)   loss: 2.8281 -> 0.0000  accuracy: 32.14% -> 100.00%    
client [88] (testset)   loss: 2.3382 -> 0.5076  accuracy: 40.79% -> 90.00%     
client [98] (testset)   loss: 1.8660 -> 0.9278  accuracy: 45.97% -> 84.83%     
client [20] (testset)   loss: 1.1999 -> 0.6820  accuracy: 67.88% -> 88.60%     
client [21] (testset)   loss: 3.2193 -> 0.9714  accuracy: 21.74% -> 73.91%     
client [79] (testset)   loss: 1.0445 -> 0.3185  accuracy: 72.07% -> 94.69%     
client [92] (testset)   loss: 1.3805 -> 0.2930  accuracy: 59.61% -> 93.60%     
client [56] (testset)   loss: 2.1995 -> 0.3215  accuracy: 44.62% -> 90.77%     
client [52] (testset)   loss: 2.8877 -> 0.3528  accuracy: 42.16% -> 96.08%     
client [5]  (testset)   loss: 1.5494 -> 0.6220  accuracy: 56.70% -> 85.57%     
FedFew's average time taken by each global epoch: 0 min 2.54 sec.              
FedFew's total running time: 0 h 8 m 33 s.                                     
==================== FedFew Experiment Results: ====================           
Display format: (before local fine-tuning) -> (after local fine-tuning)        
 So if finetune_epoch = 0, x.xx% -> 0.00% is normal.                           
 Centralized testing ONLY happens after model aggregation, so the stats between
'->' are the same.                                                             
{                                                                              
    "100": {                                                                   
        "all_clients": {                                                       
            "test": {                                                          
                "loss": "1.4220 -> 0.0000",                                    
                "accuracy": "57.75% -> 0.00%"                                  
            }                                                                  
        }                                                                      
    },                                                                         
    "200": {                                                                   
        "all_clients": {                                                       
            "test": {                                                          
                "loss": "1.9795 -> 0.0000",                                    
                "accuracy": "55.23% -> 0.00%"                                  
            }                                                                  
        }                                                                      
    }                                                                          
}                                                                              
==================== FedFew Max Accuracy ====================                  
all_clients:                                                                   
(test) before fine-tuning: 57.75% at epoch 100                                 
(test) after fine-tuning: 0.00% at epoch 100                                   
