==================== FedDpa ====================                               
Experiment Arguments:                                                          
{
    'method': 'feddpa',
    'dataset': {
        'name': 'mnist',
        'client_num': 100,
        'test_ratio': 0.25,
        'val_ratio': 0.0,
        'seed': 42,
        'split': 'sample',
        'IID_ratio': 0.0,
        'monitor_window_name_suffix': 'mnist-100clients-0%IID-Dir(0.1)-seed42',
        'alpha': 0.1,
        'min_samples_per_client': 10
    },
    'model': {
        'name': 'avgcnn',
        'use_torchvision_pretrained_weights': True,
        'external_model_weights_path': None
    },
    'optimizer': {
        'lr': 0.01,
        'dampening': 0,
        'weight_decay': 0,
        'momentum': 0.7,
        'nesterov': False,
        'name': 'sgd'
    },
    'mode': 'serial',
    'parallel': {
        'ray_cluster_addr': None,
        'num_cpus': None,
        'num_gpus': None,
        'num_workers': 2
    },
    'common': {
        'seed': 42,
        'join_ratio': 0.1,
        'global_epoch': 200,
        'local_epoch': 5,
        'batch_size': 32,
        'reset_optimizer_on_global_epoch': True,
        'straggler_ratio': 0,
        'straggler_min_local_epoch': 0,
        'buffers': 'global',
        'client_side_evaluation': True,
        'test': {
            'client': {
                'interval': 100,
                'finetune_epoch': 0,
                'train': False,
                'val': False,
                'test': True
            },
            'server': {
                'interval': -1,
                'train': False,
                'val': False,
                'test': True,
                'model_in_train_mode': False
            }
        },
        'verbose_gap': 10,
        'monitor': None,
        'use_cuda': True,
        'save_log': True,
        'save_model': False,
        'save_learning_curve_plot': True,
        'save_metrics': True,
        'delete_useless_run': True
    },
    'fedprox': {
        'mu': 0.01
    },
    'pfedsim': {
        'warmup_round': 0.5
    },
    'feddpa': {
        'fisher_threshold': 0.3
    }
}
---------------------------- TRAINING EPOCH: 10 ----------------------------   
client [77] (testset)   loss: 0.2308 -> 0.1170  accuracy: 92.47% -> 97.26%     
client [81] (testset)   loss: 0.0643 -> 0.0493  accuracy: 98.77% -> 98.77%     
client [21] (testset)   loss: 2.1913 -> 0.2864  accuracy: 9.80% -> 88.24%      
client [68] (testset)   loss: 0.3976 -> 0.1985  accuracy: 86.44% -> 94.92%     
client [93] (testset)   loss: 0.6870 -> 0.3536  accuracy: 83.87% -> 90.32%     
client [31] (testset)   loss: 1.3403 -> 1.0424  accuracy: 57.14% -> 57.14%     
client [20] (testset)   loss: 0.4709 -> 0.2046  accuracy: 85.52% -> 94.57%     
client [59] (testset)   loss: 2.1734 -> 1.2892  accuracy: 37.50% -> 62.50%     
client [48] (testset)   loss: 0.1343 -> 0.1040  accuracy: 96.12% -> 98.06%     
client [34] (testset)   loss: 1.0724 -> 0.9570  accuracy: 66.67% -> 66.67%     
---------------------------- TRAINING EPOCH: 20 ----------------------------   
client [69] (testset)   loss: 0.0413 -> 0.0273  accuracy: 99.09% -> 99.09%     
client [99] (testset)   loss: 1.0675 -> 0.9314  accuracy: 80.95% -> 80.95%     
client [67] (testset)   loss: 0.1929 -> 0.0815  accuracy: 91.89% -> 94.59%     
client [0]  (testset)   loss: 0.0953 -> 0.0772  accuracy: 96.23% -> 96.23%     
client [76] (testset)   loss: 0.3785 -> 0.4040  accuracy: 93.51% -> 94.81%     
client [41] (testset)   loss: 0.1163 -> 0.0754  accuracy: 95.79% -> 96.84%     
client [62] (testset)   loss: 2.0813 -> 0.2070  accuracy: 27.07% -> 92.82%     
client [2]  (testset)   loss: 2.2716 -> 0.0652  accuracy: 8.17% -> 98.86%      
client [14] (testset)   loss: 0.1031 -> 0.0626  accuracy: 96.53% -> 98.61%     
client [46] (testset)   loss: 0.0752 -> 0.0655  accuracy: 97.75% -> 98.20%     
---------------------------- TRAINING EPOCH: 30 ----------------------------   
client [24] (testset)   loss: 0.1643 -> 0.1733  accuracy: 95.95% -> 95.95%     
client [68] (testset)   loss: 0.1473 -> 0.1502  accuracy: 96.61% -> 96.61%     
client [57] (testset)   loss: 0.1211 -> 0.0977  accuracy: 97.58% -> 98.07%     
client [17] (testset)   loss: 0.0868 -> 0.0613  accuracy: 97.67% -> 98.05%     
client [54] (testset)   loss: 0.3263 -> 0.5481  accuracy: 93.02% -> 93.02%     
client [23] (testset)   loss: 2.2445 -> 0.2422  accuracy: 48.57% -> 94.29%     
client [35] (testset)   loss: 0.1309 -> 0.1263  accuracy: 95.10% -> 95.10%     
client [59] (testset)   loss: 0.4838 -> 0.3752  accuracy: 87.50% -> 87.50%     
client [31] (testset)   loss: 0.3306 -> 0.3160  accuracy: 85.71% -> 85.71%     
client [9]  (testset)   loss: 0.0783 -> 0.0804  accuracy: 97.07% -> 97.23%     
---------------------------- TRAINING EPOCH: 40 ----------------------------   
client [64] (testset)   loss: 0.0445 -> 0.0386  accuracy: 97.78% -> 98.06%     
client [33] (testset)   loss: 0.0726 -> 0.0707  accuracy: 98.53% -> 99.02%     
client [16] (testset)   loss: 0.0741 -> 0.0550  accuracy: 97.14% -> 98.57%     
client [44] (testset)   loss: 0.1400 -> 0.1043  accuracy: 95.82% -> 97.01%     
client [8]  (testset)   loss: 0.0060 -> 0.0015  accuracy: 100.00% -> 100.00%   
client [31] (testset)   loss: 0.2375 -> 0.3021  accuracy: 85.71% -> 85.71%     
client [47] (testset)   loss: 0.1031 -> 0.1029  accuracy: 98.86% -> 98.86%     
client [36] (testset)   loss: 0.1156 -> 0.0624  accuracy: 95.94% -> 98.48%     
client [20] (testset)   loss: 0.1916 -> 0.1876  accuracy: 94.57% -> 94.57%     
client [56] (testset)   loss: 0.1110 -> 0.0710  accuracy: 96.77% -> 97.85%     
---------------------------- TRAINING EPOCH: 50 ----------------------------   
client [4]  (testset)   loss: 0.0775 -> 0.0836  accuracy: 97.80% -> 97.80%     
client [60] (testset)   loss: 0.2982 -> 0.1503  accuracy: 92.00% -> 96.00%     
client [28] (testset)   loss: 0.0224 -> 0.0272  accuracy: 99.33% -> 99.33%     
client [25] (testset)   loss: 0.0377 -> 0.0318  accuracy: 98.85% -> 98.85%     
client [58] (testset)   loss: 0.1161 -> 0.1195  accuracy: 95.04% -> 95.74%     
client [44] (testset)   loss: 0.1458 -> 0.0881  accuracy: 95.22% -> 97.91%     
client [39] (testset)   loss: 0.0197 -> 0.0123  accuracy: 99.51% -> 99.26%     
client [29] (testset)   loss: 0.0425 -> 0.0322  accuracy: 98.52% -> 98.52%     
client [3]  (testset)   loss: 0.0631 -> 0.0407  accuracy: 98.32% -> 98.53%     
client [84] (testset)   loss: 0.0549 -> 0.0276  accuracy: 100.00% -> 100.00%   
---------------------------- TRAINING EPOCH: 60 ----------------------------   
client [21] (testset)   loss: 0.1342 -> 0.1044  accuracy: 94.12% -> 96.08%     
client [84] (testset)   loss: 0.0293 -> 0.0165  accuracy: 100.00% -> 100.00%   
client [10] (testset)   loss: 0.0323 -> 0.0227  accuracy: 99.01% -> 100.00%    
client [36] (testset)   loss: 0.0588 -> 0.0637  accuracy: 97.46% -> 97.46%     
client [65] (testset)   loss: 0.0223 -> 0.0240  accuracy: 99.16% -> 99.16%     
client [81] (testset)   loss: 0.0432 -> 0.0512  accuracy: 99.38% -> 98.77%     
client [79] (testset)   loss: 0.0346 -> 0.0464  accuracy: 98.46% -> 98.46%     
client [42] (testset)   loss: 0.2118 -> 0.1629  accuracy: 93.99% -> 96.72%     
client [11] (testset)   loss: 0.2211 -> 0.2376  accuracy: 100.00% -> 100.00%   
client [96] (testset)   loss: 0.0438 -> 0.0379  accuracy: 98.04% -> 98.04%     
---------------------------- TRAINING EPOCH: 70 ----------------------------   
client [8]  (testset)   loss: 0.0014 -> 0.0010  accuracy: 100.00% -> 100.00%   
client [53] (testset)   loss: 0.1259 -> 0.1422  accuracy: 96.00% -> 96.00%     
client [52] (testset)   loss: 0.0054 -> 0.0027  accuracy: 100.00% -> 100.00%   
client [42] (testset)   loss: 0.2058 -> 0.2200  accuracy: 95.08% -> 94.54%     
client [69] (testset)   loss: 0.0260 -> 0.0208  accuracy: 99.09% -> 99.27%     
client [59] (testset)   loss: 0.1587 -> 0.1472  accuracy: 100.00% -> 100.00%   
client [7]  (testset)   loss: 0.0470 -> 0.0402  accuracy: 100.00% -> 100.00%   
client [26] (testset)   loss: 0.3915 -> 0.4578  accuracy: 91.67% -> 91.67%     
client [49] (testset)   loss: 0.0095 -> 0.0034  accuracy: 99.55% -> 100.00%    
client [98] (testset)   loss: 0.1351 -> 0.1558  accuracy: 97.06% -> 94.12%     
---------------------------- TRAINING EPOCH: 80 ----------------------------   
client [98] (testset)   loss: 0.1580 -> 0.1107  accuracy: 97.06% -> 97.06%     
client [47] (testset)   loss: 0.0869 -> 0.0888  accuracy: 98.86% -> 98.86%     
client [21] (testset)   loss: 0.0775 -> 0.0840  accuracy: 98.04% -> 97.06%     
client [77] (testset)   loss: 0.1154 -> 0.1195  accuracy: 97.95% -> 97.26%     
client [95] (testset)   loss: 0.0101 -> 0.0072  accuracy: 99.64% -> 99.64%     
client [91] (testset)   loss: 0.0437 -> 0.0300  accuracy: 98.18% -> 99.34%     
client [14] (testset)   loss: 0.0929 -> 0.0343  accuracy: 97.22% -> 98.61%     
client [99] (testset)   loss: 0.6334 -> 0.6147  accuracy: 76.19% -> 80.95%     
client [20] (testset)   loss: 0.2398 -> 0.1821  accuracy: 94.57% -> 95.93%     
client [39] (testset)   loss: 0.0141 -> 0.0102  accuracy: 99.75% -> 99.75%     
---------------------------- TRAINING EPOCH: 90 ----------------------------   
client [52] (testset)   loss: 0.0024 -> 0.0023  accuracy: 100.00% -> 100.00%   
client [62] (testset)   loss: 0.0583 -> 0.0589  accuracy: 98.34% -> 97.79%     
client [71] (testset)   loss: 0.0489 -> 0.0476  accuracy: 98.14% -> 98.38%     
client [97] (testset)   loss: 0.0274 -> 0.0270  accuracy: 99.00% -> 99.00%     
client [30] (testset)   loss: 0.2893 -> 0.3077  accuracy: 95.00% -> 95.00%     
client [88] (testset)   loss: 0.0737 -> 0.0779  accuracy: 98.53% -> 98.53%     
client [60] (testset)   loss: 0.1339 -> 0.1219  accuracy: 96.00% -> 97.00%     
client [82] (testset)   loss: 0.1647 -> 0.1778  accuracy: 97.18% -> 95.77%     
client [91] (testset)   loss: 0.0371 -> 0.0342  accuracy: 98.68% -> 99.17%     
client [57] (testset)   loss: 0.0687 -> 0.0740  accuracy: 98.55% -> 99.03%     
---------------------------- TRAINING EPOCH: 100 ----------------------------  
client [31] (testset)   loss: 0.1451 -> 0.1885  accuracy: 85.71% -> 85.71%     
client [15] (testset)   loss: 0.0609 -> 0.0635  accuracy: 98.17% -> 98.17%     
client [71] (testset)   loss: 0.0363 -> 0.0331  accuracy: 98.84% -> 98.84%     
client [97] (testset)   loss: 0.0520 -> 0.0285  accuracy: 98.33% -> 98.66%     
client [53] (testset)   loss: 0.1362 -> 0.1381  accuracy: 96.00% -> 96.00%     
client [77] (testset)   loss: 0.1188 -> 0.1214  accuracy: 97.26% -> 97.26%     
client [76] (testset)   loss: 0.2556 -> 0.2684  accuracy: 94.81% -> 94.81%     
client [79] (testset)   loss: 0.0660 -> 0.0390  accuracy: 98.46% -> 98.46%     
client [28] (testset)   loss: 0.0133 -> 0.0143  accuracy: 99.33% -> 99.33%     
client [99] (testset)   loss: 0.5745 -> 0.5025  accuracy: 76.19% -> 80.95%     
---------------------------- TRAINING EPOCH: 110 ----------------------------  
client [97] (testset)   loss: 0.0237 -> 0.0255  accuracy: 99.00% -> 99.00%     
client [86] (testset)   loss: 0.0452 -> 0.0389  accuracy: 98.63% -> 99.18%     
client [34] (testset)   loss: 0.4301 -> 0.4553  accuracy: 88.89% -> 88.89%     
client [73] (testset)   loss: 0.1161 -> 0.1205  accuracy: 94.12% -> 94.12%     
client [5]  (testset)   loss: 0.1124 -> 0.1066  accuracy: 96.55% -> 96.55%     
client [96] (testset)   loss: 0.0373 -> 0.0387  accuracy: 98.04% -> 98.04%     
client [22] (testset)   loss: 0.0613 -> 0.0629  accuracy: 95.74% -> 95.74%     
client [60] (testset)   loss: 0.0984 -> 0.0980  accuracy: 97.00% -> 98.00%     
client [66] (testset)   loss: 0.1223 -> 0.1222  accuracy: 95.58% -> 95.58%     
client [83] (testset)   loss: 0.1664 -> 0.1659  accuracy: 95.37% -> 95.37%     
---------------------------- TRAINING EPOCH: 120 ----------------------------  
client [76] (testset)   loss: 0.2359 -> 0.2851  accuracy: 94.81% -> 94.81%     
client [65] (testset)   loss: 0.0221 -> 0.0163  accuracy: 99.58% -> 99.16%     
client [95] (testset)   loss: 0.0079 -> 0.0060  accuracy: 99.64% -> 99.64%     
client [17] (testset)   loss: 0.0496 -> 0.0639  accuracy: 98.44% -> 98.44%     
client [8]  (testset)   loss: 0.0007 -> 0.0005  accuracy: 100.00% -> 100.00%   
client [35] (testset)   loss: 0.0884 -> 0.0948  accuracy: 95.10% -> 95.10%     
client [98] (testset)   loss: 0.1231 -> 0.1321  accuracy: 97.06% -> 97.06%     
client [53] (testset)   loss: 0.0902 -> 0.1297  accuracy: 96.00% -> 96.00%     
client [43] (testset)   loss: 0.1684 -> 0.1673  accuracy: 93.05% -> 94.65%     
client [64] (testset)   loss: 0.0225 -> 0.0293  accuracy: 99.17% -> 98.33%     
---------------------------- TRAINING EPOCH: 130 ----------------------------  
client [21] (testset)   loss: 0.0692 -> 0.0641  accuracy: 97.06% -> 98.04%     
client [88] (testset)   loss: 0.0522 -> 0.0532  accuracy: 98.53% -> 98.53%     
client [38] (testset)   loss: 0.1033 -> 0.0865  accuracy: 96.49% -> 96.49%     
client [3]  (testset)   loss: 0.0448 -> 0.0415  accuracy: 98.53% -> 98.74%     
client [5]  (testset)   loss: 0.1003 -> 0.1122  accuracy: 96.55% -> 96.55%     
client [41] (testset)   loss: 0.0234 -> 0.0238  accuracy: 98.95% -> 98.95%     
client [7]  (testset)   loss: 0.0140 -> 0.0135  accuracy: 100.00% -> 100.00%   
client [37] (testset)   loss: 0.2083 -> 0.2258  accuracy: 94.81% -> 95.24%     
client [45] (testset)   loss: 0.0411 -> 0.0487  accuracy: 98.77% -> 98.77%     
client [47] (testset)   loss: 0.0469 -> 0.0558  accuracy: 98.86% -> 98.86%     
---------------------------- TRAINING EPOCH: 140 ----------------------------  
client [16] (testset)   loss: 0.0144 -> 0.0111  accuracy: 100.00% -> 100.00%   
client [11] (testset)   loss: 0.0330 -> 0.0490  accuracy: 100.00% -> 100.00%   
client [37] (testset)   loss: 0.2165 -> 0.2385  accuracy: 94.81% -> 95.24%     
client [41] (testset)   loss: 0.0255 -> 0.0245  accuracy: 98.95% -> 98.95%     
client [95] (testset)   loss: 0.0084 -> 0.0056  accuracy: 99.28% -> 99.64%     
client [53] (testset)   loss: 0.1282 -> 0.1433  accuracy: 96.00% -> 96.00%     
client [22] (testset)   loss: 0.0390 -> 0.0449  accuracy: 100.00% -> 97.87%    
client [25] (testset)   loss: 0.0167 -> 0.0193  accuracy: 98.85% -> 98.85%     
client [69] (testset)   loss: 0.0195 -> 0.0196  accuracy: 99.09% -> 99.27%     
client [46] (testset)   loss: 0.0578 -> 0.0511  accuracy: 98.20% -> 98.65%     
---------------------------- TRAINING EPOCH: 150 ----------------------------  
client [47] (testset)   loss: 0.0365 -> 0.0387  accuracy: 98.86% -> 98.86%     
client [69] (testset)   loss: 0.0204 -> 0.0200  accuracy: 99.09% -> 99.09%     
client [82] (testset)   loss: 0.1627 -> 0.1846  accuracy: 97.18% -> 97.18%     
client [45] (testset)   loss: 0.0394 -> 0.0492  accuracy: 99.08% -> 98.47%     
client [7]  (testset)   loss: 0.0109 -> 0.0100  accuracy: 100.00% -> 100.00%   
client [50] (testset)   loss: 0.1133 -> 0.1151  accuracy: 96.41% -> 96.41%     
client [35] (testset)   loss: 0.0749 -> 0.0850  accuracy: 96.08% -> 95.10%     
client [24] (testset)   loss: 0.1584 -> 0.1485  accuracy: 95.95% -> 95.95%     
client [15] (testset)   loss: 0.0594 -> 0.0523  accuracy: 98.17% -> 98.17%     
client [58] (testset)   loss: 0.0989 -> 0.1149  accuracy: 95.04% -> 95.04%     
---------------------------- TRAINING EPOCH: 160 ----------------------------  
client [48] (testset)   loss: 0.0544 -> 0.0548  accuracy: 98.06% -> 98.06%     
client [76] (testset)   loss: 0.1620 -> 0.1921  accuracy: 96.10% -> 94.81%     
client [67] (testset)   loss: 0.0031 -> 0.0032  accuracy: 100.00% -> 100.00%   
client [37] (testset)   loss: 0.2266 -> 0.2561  accuracy: 95.24% -> 95.24%     
client [58] (testset)   loss: 0.1272 -> 0.1153  accuracy: 94.33% -> 95.04%     
client [64] (testset)   loss: 0.0243 -> 0.0311  accuracy: 99.17% -> 98.61%     
client [77] (testset)   loss: 0.1172 -> 0.1140  accuracy: 97.95% -> 97.26%     
client [55] (testset)   loss: 0.0448 -> 0.0509  accuracy: 98.72% -> 98.21%     
client [12] (testset)   loss: 0.0499 -> 0.0379  accuracy: 97.52% -> 98.51%     
client [89] (testset)   loss: 0.0975 -> 0.1285  accuracy: 96.97% -> 93.94%     
---------------------------- TRAINING EPOCH: 170 ----------------------------  
client [84] (testset)   loss: 0.0026 -> 0.0016  accuracy: 100.00% -> 100.00%   
client [51] (testset)   loss: 0.0668 -> 0.0456  accuracy: 94.29% -> 97.14%     
client [8]  (testset)   loss: 0.0014 -> 0.0006  accuracy: 100.00% -> 100.00%   
client [18] (testset)   loss: 0.1001 -> 0.0941  accuracy: 96.55% -> 96.90%     
client [94] (testset)   loss: 0.0003 -> 0.0002  accuracy: 100.00% -> 100.00%   
client [81] (testset)   loss: 0.0220 -> 0.0257  accuracy: 99.38% -> 99.38%     
client [3]  (testset)   loss: 0.0426 -> 0.0324  accuracy: 98.95% -> 98.95%     
client [11] (testset)   loss: 0.0183 -> 0.0246  accuracy: 100.00% -> 100.00%   
client [95] (testset)   loss: 0.0053 -> 0.0055  accuracy: 99.64% -> 99.64%     
client [67] (testset)   loss: 0.0025 -> 0.0026  accuracy: 100.00% -> 100.00%   
---------------------------- TRAINING EPOCH: 180 ----------------------------  
client [21] (testset)   loss: 0.0576 -> 0.0487  accuracy: 97.06% -> 98.04%     
client [79] (testset)   loss: 0.0344 -> 0.0545  accuracy: 96.92% -> 98.46%     
client [58] (testset)   loss: 0.1162 -> 0.1153  accuracy: 95.04% -> 95.04%     
client [88] (testset)   loss: 0.0392 -> 0.0430  accuracy: 98.53% -> 98.53%     
client [46] (testset)   loss: 0.0536 -> 0.0470  accuracy: 98.42% -> 98.65%     
client [11] (testset)   loss: 0.0096 -> 0.0135  accuracy: 100.00% -> 100.00%   
client [55] (testset)   loss: 0.0490 -> 0.0521  accuracy: 98.47% -> 98.47%     
client [13] (testset)   loss: 0.1373 -> 0.1378  accuracy: 91.67% -> 95.83%     
client [31] (testset)   loss: 0.0737 -> 0.1158  accuracy: 100.00% -> 100.00%   
client [75] (testset)   loss: 0.0193 -> 0.0236  accuracy: 99.69% -> 98.76%     
---------------------------- TRAINING EPOCH: 190 ----------------------------  
client [19] (testset)   loss: 0.0140 -> 0.0206  accuracy: 100.00% -> 98.15%    
client [7]  (testset)   loss: 0.0032 -> 0.0028  accuracy: 100.00% -> 100.00%   
client [57] (testset)   loss: 0.0487 -> 0.0548  accuracy: 98.55% -> 99.03%     
client [13] (testset)   loss: 0.1715 -> 0.1868  accuracy: 87.50% -> 87.50%     
client [43] (testset)   loss: 0.1518 -> 0.1546  accuracy: 95.19% -> 95.19%     
client [91] (testset)   loss: 0.0289 -> 0.0298  accuracy: 99.01% -> 99.34%     
client [10] (testset)   loss: 0.0045 -> 0.0039  accuracy: 100.00% -> 100.00%   
client [64] (testset)   loss: 0.0244 -> 0.0276  accuracy: 98.89% -> 99.17%     
client [82] (testset)   loss: 0.1421 -> 0.1859  accuracy: 97.18% -> 95.77%     
client [22] (testset)   loss: 0.0335 -> 0.0348  accuracy: 100.00% -> 100.00%   
---------------------------- TRAINING EPOCH: 200 ----------------------------  
client [20] (testset)   loss: 0.1707 -> 0.1530  accuracy: 95.48% -> 96.83%     
client [23] (testset)   loss: 0.0044 -> 0.0029  accuracy: 100.00% -> 100.00%   
client [88] (testset)   loss: 0.0363 -> 0.0378  accuracy: 98.53% -> 98.53%     
client [98] (testset)   loss: 0.0706 -> 0.0982  accuracy: 97.06% -> 97.06%     
client [79] (testset)   loss: 0.0299 -> 0.0362  accuracy: 98.46% -> 98.46%     
client [21] (testset)   loss: 0.0497 -> 0.0431  accuracy: 98.04% -> 98.04%     
client [92] (testset)   loss: 0.0129 -> 0.0061  accuracy: 100.00% -> 100.00%   
client [56] (testset)   loss: 0.0731 -> 0.0797  accuracy: 98.92% -> 98.92%     
client [5]  (testset)   loss: 0.0890 -> 0.0939  accuracy: 97.93% -> 98.62%     
client [52] (testset)   loss: 0.0007 -> 0.0007  accuracy: 100.00% -> 100.00%   
FedDpa's average time taken by each global epoch: 0 min 2.64 sec.              
FedDpa's total running time: 0 h 8 m 54 s.                                     
==================== FedDpa Experiment Results: ====================           
Display format: (before local fine-tuning) -> (after local fine-tuning)        
 So if finetune_epoch = 0, x.xx% -> 0.00% is normal.                           
 Centralized testing ONLY happens after model aggregation, so the stats between
'->' are the same.                                                             
{                                                                              
    "100": {                                                                   
        "all_clients": {                                                       
            "test": {                                                          
                "loss": "0.0684 -> 0.0000",                                    
                "accuracy": "98.04% -> 0.00%"                                  
            }                                                                  
        }                                                                      
    },                                                                         
    "200": {                                                                   
        "all_clients": {                                                       
            "test": {                                                          
                "loss": "0.0591 -> 0.0000",                                    
                "accuracy": "98.49% -> 0.00%"                                  
            }                                                                  
        }                                                                      
    }                                                                          
}                                                                              
==================== FedDpa Max Accuracy ====================                  
all_clients:                                                                   
(test) before fine-tuning: 98.49% at epoch 200                                 
(test) after fine-tuning: 0.00% at epoch 100                                   
