==================== FedDpag ====================                              
Experiment Arguments:                                                          
{
    'method': 'feddpag',
    'dataset': {
        'name': 'cifar10',
        'client_num': 100,
        'test_ratio': 0.25,
        'val_ratio': 0.0,
        'seed': 42,
        'split': 'sample',
        'IID_ratio': 0.0,
        'monitor_window_name_suffix': 'cifar10-100clients-0%IID-Dir(0.1)-seed42',
        'alpha': 0.1,
        'min_samples_per_client': 10
    },
    'model': {
        'name': 'avgcnn',
        'use_torchvision_pretrained_weights': True,
        'external_model_weights_path': None
    },
    'optimizer': {
        'lr': 0.01,
        'dampening': 0,
        'weight_decay': 0,
        'momentum': 0.7,
        'nesterov': False,
        'name': 'sgd'
    },
    'mode': 'parallel',
    'parallel': {
        'ray_cluster_addr': None,
        'num_cpus': 32.0,
        'num_gpus': 1.0,
        'num_workers': 2
    },
    'common': {
        'seed': 42,
        'join_ratio': 0.1,
        'global_epoch': 200,
        'local_epoch': 5,
        'batch_size': 32,
        'reset_optimizer_on_global_epoch': True,
        'straggler_ratio': 0,
        'straggler_min_local_epoch': 0,
        'buffers': 'global',
        'client_side_evaluation': True,
        'test': {
            'client': {
                'interval': 100,
                'finetune_epoch': 0,
                'train': False,
                'val': False,
                'test': True
            },
            'server': {
                'interval': -1,
                'train': False,
                'val': False,
                'test': True,
                'model_in_train_mode': False
            }
        },
        'verbose_gap': 10,
        'monitor': None,
        'use_cuda': True,
        'save_log': True,
        'save_model': False,
        'save_learning_curve_plot': True,
        'save_metrics': True,
        'delete_useless_run': True
    },
    'fedprox': {
        'mu': 0.01
    },
    'pfedsim': {
        'warmup_round': 0.5
    },
    'feddpag': {
        'fisher_threshold': 0.9993
    }
}
---------------------------- TRAINING EPOCH: 10 ----------------------------   
client [81] (testset)   loss: 1.1265 -> 0.0581  accuracy: 58.93% -> 97.32%     
client [21] (testset)   loss: 3.3691 -> 0.8782  accuracy: 4.35% -> 69.57%      
client [77] (testset)   loss: 1.5420 -> 0.3917  accuracy: 45.23% -> 85.87%     
client [93] (testset)   loss: 2.3425 -> 0.3674  accuracy: 26.32% -> 84.21%     
client [68] (testset)   loss: 1.2373 -> 0.2637  accuracy: 59.32% -> 93.22%     
client [31] (testset)   loss: 3.0971 -> 0.1299  accuracy: 0.92% -> 94.93%      
client [59] (testset)   loss: 0.6912 -> 0.0650  accuracy: 66.67% -> 100.00%    
client [48] (testset)   loss: 3.2745 -> 0.5632  accuracy: 15.38% -> 69.23%     
client [34] (testset)   loss: 2.0147 -> 0.7629  accuracy: 21.94% -> 75.48%     
client [20] (testset)   loss: 0.7524 -> 0.5677  accuracy: 75.52% -> 84.33%     
---------------------------- TRAINING EPOCH: 20 ----------------------------   
client [99] (testset)   loss: 0.4520 -> 0.0105  accuracy: 86.08% -> 100.00%    
client [67] (testset)   loss: 3.0836 -> 0.2663  accuracy: 13.55% -> 89.03%     
client [69] (testset)   loss: 2.8701 -> 0.9360  accuracy: 26.97% -> 65.15%     
client [0]  (testset)   loss: 3.2776 -> 0.1710  accuracy: 8.38% -> 97.01%      
client [76] (testset)   loss: 4.1864 -> 0.3403  accuracy: 5.96% -> 86.09%      
client [62] (testset)   loss: 4.9436 -> 0.2145  accuracy: 0.00% -> 94.12%      
client [41] (testset)   loss: 2.2171 -> 0.9660  accuracy: 44.44% -> 68.25%     
client [2]  (testset)   loss: 2.4636 -> 0.4932  accuracy: 45.26% -> 88.32%     
client [14] (testset)   loss: 2.3609 -> 0.6726  accuracy: 33.99% -> 77.34%     
client [46] (testset)   loss: 2.7858 -> 0.5477  accuracy: 18.60% -> 83.72%     
---------------------------- TRAINING EPOCH: 30 ----------------------------   
client [24] (testset)   loss: 1.5071 -> 0.5324  accuracy: 52.78% -> 88.89%     
client [68] (testset)   loss: 1.1296 -> 0.2181  accuracy: 66.10% -> 93.22%     
client [57] (testset)   loss: 0.9960 -> 0.2446  accuracy: 69.62% -> 92.83%     
client [17] (testset)   loss: 1.5552 -> 1.0839  accuracy: 44.64% -> 76.79%     
client [54] (testset)   loss: 1.6034 -> 0.8207  accuracy: 47.50% -> 85.00%     
client [35] (testset)   loss: 2.4511 -> 0.3911  accuracy: 33.33% -> 66.67%     
client [23] (testset)   loss: 2.8366 -> 0.0006  accuracy: 17.86% -> 100.00%    
client [59] (testset)   loss: 1.3010 -> 0.0027  accuracy: 33.33% -> 100.00%    
client [31] (testset)   loss: 0.4670 -> 0.1211  accuracy: 87.10% -> 95.85%     
client [9]  (testset)   loss: 1.3835 -> 0.5836  accuracy: 50.43% -> 85.47%     
---------------------------- TRAINING EPOCH: 40 ----------------------------   
client [33] (testset)   loss: 1.4440 -> 0.3408  accuracy: 55.21% -> 90.62%     
client [64] (testset)   loss: 3.4820 -> 0.1847  accuracy: 9.17% -> 94.95%      
client [16] (testset)   loss: 2.2622 -> 0.7883  accuracy: 37.35% -> 74.70%     
client [44] (testset)   loss: 1.4481 -> 0.3473  accuracy: 50.00% -> 91.84%     
client [8]  (testset)   loss: 1.5622 -> 0.7313  accuracy: 58.06% -> 67.74%     
client [47] (testset)   loss: 1.9522 -> 1.0754  accuracy: 37.50% -> 62.50%     
client [36] (testset)   loss: 3.4800 -> 0.7470  accuracy: 21.28% -> 80.85%     
client [31] (testset)   loss: 1.9561 -> 0.1400  accuracy: 36.87% -> 96.77%     
client [56] (testset)   loss: 0.6861 -> 0.3033  accuracy: 81.54% -> 87.69%     
client [20] (testset)   loss: 1.7011 -> 0.7743  accuracy: 57.90% -> 85.10%     
---------------------------- TRAINING EPOCH: 50 ----------------------------   
client [4]  (testset)   loss: 0.7490 -> 0.0933  accuracy: 77.46% -> 94.37%     
client [28] (testset)   loss: 0.8238 -> 0.3578  accuracy: 68.00% -> 84.00%     
client [60] (testset)   loss: 1.4106 -> 0.3268  accuracy: 52.43% -> 92.13%     
client [25] (testset)   loss: 3.1298 -> 0.6489  accuracy: 19.08% -> 81.98%     
client [44] (testset)   loss: 0.8603 -> 0.3471  accuracy: 67.35% -> 92.86%     
client [58] (testset)   loss: 1.2696 -> 0.3161  accuracy: 64.29% -> 92.06%     
client [39] (testset)   loss: 1.3385 -> 0.7781  accuracy: 65.75% -> 80.14%     
client [29] (testset)   loss: 2.8110 -> 0.1510  accuracy: 28.07% -> 95.32%     
client [84] (testset)   loss: 1.7220 -> 0.4238  accuracy: 54.69% -> 85.94%     
client [3]  (testset)   loss: 1.6511 -> 0.7042  accuracy: 57.22% -> 78.07%     
---------------------------- TRAINING EPOCH: 60 ----------------------------   
client [21] (testset)   loss: 4.5228 -> 0.9564  accuracy: 17.39% -> 60.87%     
client [84] (testset)   loss: 2.0539 -> 0.3775  accuracy: 40.62% -> 87.50%     
client [36] (testset)   loss: 1.3376 -> 0.8752  accuracy: 65.96% -> 76.60%     
client [65] (testset)   loss: 1.3948 -> 0.3582  accuracy: 64.29% -> 89.29%     
client [81] (testset)   loss: 0.4865 -> 0.0283  accuracy: 80.36% -> 99.11%     
client [10] (testset)   loss: 4.8343 -> 0.1724  accuracy: 15.32% -> 96.24%     
client [42] (testset)   loss: 1.9174 -> 0.3053  accuracy: 46.50% -> 93.00%     
client [79] (testset)   loss: 3.3116 -> 0.2982  accuracy: 31.84% -> 93.30%     
client [11] (testset)   loss: 2.4353 -> 0.3758  accuracy: 13.64% -> 86.36%     
client [96] (testset)   loss: 1.4496 -> 1.3112  accuracy: 63.64% -> 70.45%     
---------------------------- TRAINING EPOCH: 70 ----------------------------   
client [8]  (testset)   loss: 1.7142 -> 0.8765  accuracy: 54.84% -> 67.74%     
client [52] (testset)   loss: 0.4525 -> 0.2437  accuracy: 85.29% -> 97.06%     
client [53] (testset)   loss: 1.5704 -> 0.6221  accuracy: 53.57% -> 79.08%     
client [42] (testset)   loss: 1.4008 -> 0.3295  accuracy: 54.73% -> 92.18%     
client [59] (testset)   loss: 0.4762 -> 0.0013  accuracy: 100.00% -> 100.00%   
client [69] (testset)   loss: 1.8316 -> 1.2658  accuracy: 51.21% -> 67.27%     
client [26] (testset)   loss: 0.9919 -> 1.4732  accuracy: 53.85% -> 92.31%     
client [7]  (testset)   loss: 2.6752 -> 0.5596  accuracy: 25.12% -> 85.99%     
client [98] (testset)   loss: 2.9543 -> 0.8544  accuracy: 22.27% -> 85.31%     
client [49] (testset)   loss: 1.0953 -> 0.8767  accuracy: 69.21% -> 79.68%     
---------------------------- TRAINING EPOCH: 80 ----------------------------   
client [47] (testset)   loss: 1.8985 -> 1.2917  accuracy: 62.50% -> 62.50%     
client [21] (testset)   loss: 5.4442 -> 0.9160  accuracy: 4.35% -> 60.87%      
client [98] (testset)   loss: 0.8609 -> 0.8153  accuracy: 76.30% -> 85.31%     
client [95] (testset)   loss: 1.7437 -> 1.0696  accuracy: 52.87% -> 67.82%     
client [77] (testset)   loss: 1.5956 -> 0.4907  accuracy: 58.66% -> 87.63%     
client [91] (testset)   loss: 3.7544 -> 0.7994  accuracy: 17.65% -> 88.24%     
client [99] (testset)   loss: 4.3164 -> 0.0173  accuracy: 10.13% -> 98.73%     
client [14] (testset)   loss: 0.7057 -> 0.7192  accuracy: 78.33% -> 80.30%     
client [39] (testset)   loss: 2.0444 -> 0.8363  accuracy: 45.21% -> 79.45%     
client [20] (testset)   loss: 1.0793 -> 0.7464  accuracy: 70.60% -> 85.75%     
---------------------------- TRAINING EPOCH: 90 ----------------------------   
client [62] (testset)   loss: 1.1691 -> 0.1703  accuracy: 58.82% -> 94.12%     
client [52] (testset)   loss: 0.3894 -> 0.1765  accuracy: 88.24% -> 97.06%     
client [97] (testset)   loss: 2.5269 -> 0.8635  accuracy: 41.46% -> 81.71%     
client [71] (testset)   loss: 1.4321 -> 0.5807  accuracy: 54.30% -> 86.02%     
client [30] (testset)   loss: 1.1658 -> 1.1533  accuracy: 62.37% -> 74.19%     
client [60] (testset)   loss: 2.6769 -> 0.3633  accuracy: 17.98% -> 92.51%     
client [88] (testset)   loss: 1.7076 -> 0.4444  accuracy: 43.16% -> 90.00%     
client [82] (testset)   loss: 1.1960 -> 0.2540  accuracy: 64.77% -> 96.59%     
client [91] (testset)   loss: 1.8737 -> 0.5296  accuracy: 35.29% -> 89.71%     
client [57] (testset)   loss: 0.8656 -> 0.2342  accuracy: 78.48% -> 94.94%     
---------------------------- TRAINING EPOCH: 100 ----------------------------  
client [31] (testset)   loss: 0.7178 -> 0.1309  accuracy: 77.88% -> 95.85%     
client [15] (testset)   loss: 1.4679 -> 0.6060  accuracy: 64.06% -> 87.50%     
client [97] (testset)   loss: 2.3814 -> 1.2941  accuracy: 40.24% -> 80.49%     
client [71] (testset)   loss: 2.7913 -> 0.5701  accuracy: 43.55% -> 88.17%     
client [53] (testset)   loss: 1.4398 -> 0.6694  accuracy: 60.71% -> 81.63%     
client [77] (testset)   loss: 1.0746 -> 0.4563  accuracy: 67.84% -> 89.05%     
client [76] (testset)   loss: 1.3355 -> 0.2402  accuracy: 64.24% -> 92.72%     
client [28] (testset)   loss: 1.3147 -> 0.6658  accuracy: 64.00% -> 80.00%     
client [99] (testset)   loss: 2.3055 -> 0.0102  accuracy: 37.97% -> 100.00%    
client [79] (testset)   loss: 1.0825 -> 0.2828  accuracy: 70.95% -> 93.58%     
---------------------------- TRAINING EPOCH: 110 ----------------------------  
client [86] (testset)   loss: 1.0167 -> 0.8453  accuracy: 65.79% -> 82.89%     
client [97] (testset)   loss: 1.5621 -> 0.9714  accuracy: 62.20% -> 85.37%     
client [73] (testset)   loss: 1.1508 -> 0.7785  accuracy: 66.67% -> 81.82%     
client [34] (testset)   loss: 2.6771 -> 1.1906  accuracy: 28.39% -> 73.55%     
client [96] (testset)   loss: 1.6970 -> 1.3775  accuracy: 61.36% -> 72.73%     
client [22] (testset)   loss: 1.3684 -> 0.5434  accuracy: 59.40% -> 86.47%     
client [5]  (testset)   loss: 2.1212 -> 0.6967  accuracy: 46.13% -> 86.08%     
client [66] (testset)   loss: 1.1672 -> 0.6523  accuracy: 65.44% -> 85.29%     
client [60] (testset)   loss: 2.7625 -> 0.3198  accuracy: 32.58% -> 92.51%     
client [83] (testset)   loss: 1.3223 -> 0.7035  accuracy: 56.02% -> 83.75%     
---------------------------- TRAINING EPOCH: 120 ----------------------------  
client [65] (testset)   loss: 2.0439 -> 0.4367  accuracy: 50.00% -> 85.71%     
client [95] (testset)   loss: 1.5825 -> 1.4148  accuracy: 55.17% -> 62.07%     
client [76] (testset)   loss: 1.4677 -> 0.2878  accuracy: 53.64% -> 92.72%     
client [8]  (testset)   loss: 0.9950 -> 0.6806  accuracy: 70.97% -> 70.97%     
client [35] (testset)   loss: 1.9747 -> 0.6647  accuracy: 66.67% -> 66.67%     
client [17] (testset)   loss: 1.3442 -> 1.1390  accuracy: 59.52% -> 77.98%     
client [98] (testset)   loss: 2.0314 -> 0.8261  accuracy: 40.28% -> 86.73%     
client [43] (testset)   loss: 0.4989 -> 0.2941  accuracy: 81.82% -> 90.91%     
client [53] (testset)   loss: 1.1234 -> 0.6201  accuracy: 65.31% -> 81.12%     
client [64] (testset)   loss: 1.6293 -> 0.2327  accuracy: 45.41% -> 94.04%     
---------------------------- TRAINING EPOCH: 130 ----------------------------  
client [21] (testset)   loss: 2.8383 -> 0.8539  accuracy: 30.43% -> 73.91%     
client [38] (testset)   loss: 0.7264 -> 0.0536  accuracy: 83.65% -> 98.08%     
client [3]  (testset)   loss: 1.5110 -> 0.7371  accuracy: 57.22% -> 80.21%     
client [88] (testset)   loss: 2.0730 -> 0.4938  accuracy: 48.16% -> 90.00%     
client [41] (testset)   loss: 0.9922 -> 0.7930  accuracy: 76.19% -> 79.37%     
client [7]  (testset)   loss: 3.1007 -> 0.5669  accuracy: 31.40% -> 85.02%     
client [37] (testset)   loss: 1.8134 -> 0.2004  accuracy: 50.00% -> 100.00%    
client [5]  (testset)   loss: 3.4608 -> 0.7403  accuracy: 27.58% -> 84.54%     
client [45] (testset)   loss: 2.2712 -> 2.9314  accuracy: 36.36% -> 72.73%     
client [47] (testset)   loss: 4.0595 -> 1.1631  accuracy: 37.50% -> 56.25%     
---------------------------- TRAINING EPOCH: 140 ----------------------------  
client [11] (testset)   loss: 2.5811 -> 0.1919  accuracy: 45.45% -> 90.91%     
client [37] (testset)   loss: 1.0988 -> 0.0529  accuracy: 66.67% -> 100.00%    
client [41] (testset)   loss: 0.9369 -> 0.6556  accuracy: 77.78% -> 80.95%     
client [16] (testset)   loss: 1.1373 -> 0.7380  accuracy: 65.06% -> 77.11%     
client [95] (testset)   loss: 1.8267 -> 1.3561  accuracy: 50.57% -> 70.11%     
client [22] (testset)   loss: 1.4742 -> 0.6120  accuracy: 60.90% -> 85.71%     
client [53] (testset)   loss: 1.9819 -> 0.6083  accuracy: 48.98% -> 80.10%     
client [25] (testset)   loss: 2.6819 -> 0.7668  accuracy: 27.21% -> 81.98%     
client [69] (testset)   loss: 2.5264 -> 1.3476  accuracy: 41.82% -> 65.45%     
client [46] (testset)   loss: 1.5414 -> 0.7179  accuracy: 55.81% -> 84.50%     
---------------------------- TRAINING EPOCH: 150 ----------------------------  
client [47] (testset)   loss: 3.2116 -> 1.8185  accuracy: 37.50% -> 68.75%     
client [82] (testset)   loss: 3.5188 -> 0.3807  accuracy: 31.82% -> 96.59%     
client [45] (testset)   loss: 2.4366 -> 1.8233  accuracy: 36.36% -> 63.64%     
client [69] (testset)   loss: 3.5206 -> 1.3051  accuracy: 28.79% -> 67.88%     
client [50] (testset)   loss: 3.6786 -> 1.9323  accuracy: 28.57% -> 71.43%     
client [7]  (testset)   loss: 1.5050 -> 0.6445  accuracy: 75.36% -> 84.06%     
client [35] (testset)   loss: 2.4209 -> 0.3646  accuracy: 33.33% -> 83.33%     
client [24] (testset)   loss: 1.9072 -> 0.7274  accuracy: 55.56% -> 88.89%     
client [15] (testset)   loss: 2.4605 -> 0.7792  accuracy: 47.27% -> 86.33%     
client [58] (testset)   loss: 0.4258 -> 0.4114  accuracy: 90.87% -> 94.05%     
---------------------------- TRAINING EPOCH: 160 ----------------------------  
client [48] (testset)   loss: 3.6283 -> 0.9223  accuracy: 38.46% -> 69.23%     
client [76] (testset)   loss: 2.0957 -> 0.2687  accuracy: 46.36% -> 92.72%     
client [37] (testset)   loss: 0.8620 -> 0.1864  accuracy: 83.33% -> 83.33%     
client [67] (testset)   loss: 1.9235 -> 0.2675  accuracy: 47.74% -> 91.61%     
client [64] (testset)   loss: 1.5562 -> 0.2630  accuracy: 53.67% -> 94.50%     
client [58] (testset)   loss: 0.9338 -> 0.3766  accuracy: 73.81% -> 93.25%     
client [77] (testset)   loss: 0.8472 -> 0.4876  accuracy: 76.33% -> 89.05%     
client [12] (testset)   loss: 1.6849 -> 0.6334  accuracy: 60.28% -> 85.37%     
client [89] (testset)   loss: 3.1011 -> 0.7005  accuracy: 23.53% -> 94.12%     
client [55] (testset)   loss: 1.8385 -> 0.4247  accuracy: 54.92% -> 89.46%     
---------------------------- TRAINING EPOCH: 170 ----------------------------  
client [51] (testset)   loss: 0.7423 -> 0.3562  accuracy: 75.00% -> 87.50%     
client [8]  (testset)   loss: 0.8916 -> 0.6114  accuracy: 74.19% -> 74.19%     
client [84] (testset)   loss: 1.3378 -> 0.4069  accuracy: 64.06% -> 87.50%     
client [94] (testset)   loss: 2.2776 -> 0.8261  accuracy: 33.85% -> 81.54%     
client [18] (testset)   loss: 1.2690 -> 0.6090  accuracy: 61.08% -> 88.62%     
client [81] (testset)   loss: 0.8582 -> 0.0501  accuracy: 69.64% -> 99.11%     
client [11] (testset)   loss: 2.0459 -> 0.3096  accuracy: 45.45% -> 86.36%     
client [95] (testset)   loss: 2.0967 -> 1.2383  accuracy: 47.13% -> 66.67%     
client [3]  (testset)   loss: 1.1277 -> 0.6092  accuracy: 64.71% -> 83.96%     
client [67] (testset)   loss: 0.4511 -> 0.2007  accuracy: 85.81% -> 92.26%     
---------------------------- TRAINING EPOCH: 180 ----------------------------  
client [21] (testset)   loss: 2.8693 -> 1.3877  accuracy: 39.13% -> 69.57%     
client [58] (testset)   loss: 0.5865 -> 0.4033  accuracy: 85.32% -> 92.86%     
client [79] (testset)   loss: 2.2655 -> 0.3605  accuracy: 48.04% -> 93.58%     
client [46] (testset)   loss: 2.3908 -> 0.5547  accuracy: 46.51% -> 87.60%     
client [11] (testset)   loss: 1.9386 -> 0.1663  accuracy: 36.36% -> 90.91%     
client [88] (testset)   loss: 1.1092 -> 0.4886  accuracy: 67.37% -> 89.74%     
client [13] (testset)   loss: 2.3187 -> 0.7090  accuracy: 47.78% -> 84.44%     
client [31] (testset)   loss: 2.3595 -> 0.1818  accuracy: 41.94% -> 96.77%     
client [55] (testset)   loss: 1.7753 -> 0.4457  accuracy: 56.73% -> 89.32%     
client [75] (testset)   loss: 1.9819 -> 0.4615  accuracy: 51.80% -> 90.49%     
---------------------------- TRAINING EPOCH: 190 ----------------------------  
client [19] (testset)   loss: 0.5896 -> 0.5546  accuracy: 84.07% -> 93.81%     
client [7]  (testset)   loss: 1.8707 -> 0.5812  accuracy: 49.76% -> 86.96%     
client [57] (testset)   loss: 1.6390 -> 0.1898  accuracy: 58.65% -> 96.62%     
client [43] (testset)   loss: 0.6078 -> 0.3330  accuracy: 81.82% -> 90.91%     
client [13] (testset)   loss: 2.2478 -> 0.6767  accuracy: 46.11% -> 84.44%     
client [91] (testset)   loss: 1.3446 -> 0.7028  accuracy: 64.71% -> 86.76%     
client [64] (testset)   loss: 1.2777 -> 0.3058  accuracy: 60.09% -> 94.50%     
client [10] (testset)   loss: 2.4084 -> 0.2150  accuracy: 36.71% -> 96.24%     
client [82] (testset)   loss: 1.2205 -> 0.4315  accuracy: 68.18% -> 96.59%     
client [22] (testset)   loss: 0.9370 -> 0.6000  accuracy: 78.95% -> 87.97%     
---------------------------- TRAINING EPOCH: 200 ----------------------------  
client [23] (testset)   loss: 2.3438 -> 0.0000  accuracy: 35.71% -> 100.00%    
client [88] (testset)   loss: 2.5084 -> 0.5228  accuracy: 39.47% -> 90.53%     
client [98] (testset)   loss: 2.2854 -> 0.9107  accuracy: 40.76% -> 85.78%     
client [20] (testset)   loss: 1.3257 -> 0.7907  accuracy: 65.80% -> 86.14%     
client [21] (testset)   loss: 3.2016 -> 1.5855  accuracy: 21.74% -> 60.87%     
client [79] (testset)   loss: 0.8667 -> 0.2997  accuracy: 78.21% -> 94.69%     
client [92] (testset)   loss: 1.1934 -> 0.3006  accuracy: 64.53% -> 93.10%     
client [56] (testset)   loss: 1.3105 -> 0.3680  accuracy: 66.15% -> 93.85%     
client [52] (testset)   loss: 2.4910 -> 0.3961  accuracy: 47.06% -> 98.04%     
client [5]  (testset)   loss: 1.7332 -> 0.6620  accuracy: 53.61% -> 86.60%     
FedDpag's average time taken by each global epoch: 0 min 3.22 sec.             
FedDpag's total running time: 0 h 11 m 24 s.                                   
==================== FedDpag Experiment Results: ====================          
Display format: (before local fine-tuning) -> (after local fine-tuning)        
 So if finetune_epoch = 0, x.xx% -> 0.00% is normal.                           
 Centralized testing ONLY happens after model aggregation, so the stats between
'->' are the same.                                                             
{                                                                              
    "100": {                                                                   
        "all_clients": {                                                       
            "test": {                                                          
                "loss": "1.3206 -> 0.0000",                                    
                "accuracy": "60.94% -> 0.00%"                                  
            }                                                                  
        }                                                                      
    },                                                                         
    "200": {                                                                   
        "all_clients": {                                                       
            "test": {                                                          
                "loss": "1.8693 -> 0.0000",                                    
                "accuracy": "58.32% -> 0.00%"                                  
            }                                                                  
        }                                                                      
    }                                                                          
}                                                                              
==================== FedDpag Max Accuracy ====================                 
all_clients:                                                                   
(test) before fine-tuning: 60.94% at epoch 100                                 
(test) after fine-tuning: 0.00% at epoch 100                                   
