==================== FedDpa ====================                               
Experiment Arguments:                                                          
{
    'method': 'feddpa',
    'dataset': {
        'name': 'mnist',
        'client_num': 100,
        'test_ratio': 0.25,
        'val_ratio': 0.0,
        'seed': 42,
        'split': 'sample',
        'IID_ratio': 0.0,
        'monitor_window_name_suffix': 'mnist-100clients-0%IID-Dir(0.1)-seed42',
        'alpha': 0.1,
        'min_samples_per_client': 10
    },
    'model': {
        'name': 'avgcnn',
        'use_torchvision_pretrained_weights': True,
        'external_model_weights_path': None
    },
    'optimizer': {
        'lr': 0.01,
        'dampening': 0,
        'weight_decay': 0,
        'momentum': 0.7,
        'nesterov': False,
        'name': 'sgd'
    },
    'mode': 'serial',
    'parallel': {
        'ray_cluster_addr': None,
        'num_cpus': None,
        'num_gpus': None,
        'num_workers': 2
    },
    'common': {
        'seed': 42,
        'join_ratio': 0.1,
        'global_epoch': 200,
        'local_epoch': 5,
        'batch_size': 32,
        'reset_optimizer_on_global_epoch': True,
        'straggler_ratio': 0,
        'straggler_min_local_epoch': 0,
        'buffers': 'global',
        'client_side_evaluation': True,
        'test': {
            'client': {
                'interval': 100,
                'finetune_epoch': 0,
                'train': False,
                'val': False,
                'test': True
            },
            'server': {
                'interval': -1,
                'train': False,
                'val': False,
                'test': True,
                'model_in_train_mode': False
            }
        },
        'verbose_gap': 10,
        'monitor': None,
        'use_cuda': True,
        'save_log': True,
        'save_model': False,
        'save_learning_curve_plot': True,
        'save_metrics': True,
        'delete_useless_run': True
    },
    'fedprox': {
        'mu': 0.01
    },
    'pfedsim': {
        'warmup_round': 0.5
    },
    'feddpa': {
        'fisher_threshold': 1.0
    }
}
---------------------------- TRAINING EPOCH: 10 ----------------------------   
client [77] (testset)   loss: 0.2699 -> 0.0770  accuracy: 91.10% -> 97.95%     
client [81] (testset)   loss: 0.1389 -> 0.0137  accuracy: 96.91% -> 99.38%     
client [21] (testset)   loss: 0.1364 -> 0.0380  accuracy: 95.10% -> 99.02%     
client [68] (testset)   loss: 0.1104 -> 0.0798  accuracy: 96.61% -> 98.31%     
client [93] (testset)   loss: 0.1863 -> 0.0175  accuracy: 96.77% -> 100.00%    
client [31] (testset)   loss: 0.2967 -> 0.0770  accuracy: 85.71% -> 100.00%    
client [20] (testset)   loss: 0.3237 -> 0.1456  accuracy: 91.86% -> 95.02%     
client [59] (testset)   loss: 0.0594 -> 0.0212  accuracy: 100.00% -> 100.00%   
client [48] (testset)   loss: 0.1292 -> 0.0148  accuracy: 95.15% -> 99.03%     
client [34] (testset)   loss: 0.1067 -> 0.4436  accuracy: 94.44% -> 94.44%     
---------------------------- TRAINING EPOCH: 20 ----------------------------   
client [69] (testset)   loss: 0.0239 -> 0.0164  accuracy: 99.27% -> 99.64%     
client [99] (testset)   loss: 0.3249 -> 0.0281  accuracy: 90.48% -> 100.00%    
client [67] (testset)   loss: 0.3647 -> 0.0000  accuracy: 91.89% -> 100.00%    
client [0]  (testset)   loss: 0.1896 -> 0.0073  accuracy: 92.45% -> 100.00%    
client [76] (testset)   loss: 0.3914 -> 0.0504  accuracy: 88.31% -> 98.70%     
client [41] (testset)   loss: 0.1561 -> 0.0114  accuracy: 94.74% -> 98.95%     
client [62] (testset)   loss: 0.0639 -> 0.0163  accuracy: 98.90% -> 98.90%     
client [2]  (testset)   loss: 0.3383 -> 0.0069  accuracy: 88.78% -> 99.81%     
client [14] (testset)   loss: 0.1317 -> 0.0160  accuracy: 94.44% -> 99.31%     
client [46] (testset)   loss: 0.0998 -> 0.0361  accuracy: 97.30% -> 98.87%     
---------------------------- TRAINING EPOCH: 30 ----------------------------   
client [24] (testset)   loss: 0.0371 -> 0.1517  accuracy: 98.65% -> 97.30%     
client [68] (testset)   loss: 0.0814 -> 0.0625  accuracy: 98.31% -> 98.31%     
client [57] (testset)   loss: 0.0582 -> 0.0134  accuracy: 99.03% -> 99.52%     
client [17] (testset)   loss: 0.0400 -> 0.0174  accuracy: 98.44% -> 99.61%     
client [54] (testset)   loss: 0.0685 -> 0.1394  accuracy: 97.67% -> 95.35%     
client [23] (testset)   loss: 0.0315 -> 0.0011  accuracy: 100.00% -> 100.00%   
client [35] (testset)   loss: 0.0849 -> 0.0145  accuracy: 98.04% -> 99.02%     
client [59] (testset)   loss: 0.0021 -> 0.0073  accuracy: 100.00% -> 100.00%   
client [31] (testset)   loss: 0.4578 -> 0.0895  accuracy: 85.71% -> 100.00%    
client [9]  (testset)   loss: 0.0843 -> 0.0403  accuracy: 97.23% -> 98.53%     
---------------------------- TRAINING EPOCH: 40 ----------------------------   
client [64] (testset)   loss: 0.0514 -> 0.0126  accuracy: 98.61% -> 99.72%     
client [33] (testset)   loss: 0.1209 -> 0.0598  accuracy: 96.90% -> 99.18%     
client [16] (testset)   loss: 0.0914 -> 0.0007  accuracy: 98.57% -> 100.00%    
client [44] (testset)   loss: 0.1398 -> 0.0363  accuracy: 95.82% -> 98.81%     
client [8]  (testset)   loss: 0.1372 -> 0.0099  accuracy: 95.24% -> 100.00%    
client [31] (testset)   loss: 0.8214 -> 0.0596  accuracy: 85.71% -> 100.00%    
client [47] (testset)   loss: 0.1963 -> 0.0012  accuracy: 94.32% -> 100.00%    
client [36] (testset)   loss: 0.1721 -> 0.0286  accuracy: 95.94% -> 98.98%     
client [20] (testset)   loss: 0.2429 -> 0.1015  accuracy: 94.12% -> 96.38%     
client [56] (testset)   loss: 0.0462 -> 0.0093  accuracy: 98.92% -> 100.00%    
---------------------------- TRAINING EPOCH: 50 ----------------------------   
client [4]  (testset)   loss: 0.0502 -> 0.0043  accuracy: 98.53% -> 100.00%    
client [60] (testset)   loss: 0.1890 -> 0.0610  accuracy: 93.00% -> 98.00%     
client [28] (testset)   loss: 0.0045 -> 0.0002  accuracy: 100.00% -> 100.00%   
client [25] (testset)   loss: 0.0716 -> 0.0009  accuracy: 96.55% -> 100.00%    
client [58] (testset)   loss: 0.0669 -> 0.0456  accuracy: 96.45% -> 98.58%     
client [44] (testset)   loss: 0.1138 -> 0.0315  accuracy: 96.12% -> 99.10%     
client [39] (testset)   loss: 0.0204 -> 0.0050  accuracy: 99.26% -> 99.75%     
client [29] (testset)   loss: 0.0488 -> 0.0288  accuracy: 98.52% -> 99.26%     
client [3]  (testset)   loss: 0.1583 -> 0.0171  accuracy: 94.13% -> 99.58%     
client [84] (testset)   loss: 0.0379 -> 0.0076  accuracy: 100.00% -> 100.00%   
---------------------------- TRAINING EPOCH: 60 ----------------------------   
client [21] (testset)   loss: 0.0538 -> 0.0053  accuracy: 99.02% -> 100.00%    
client [84] (testset)   loss: 0.0045 -> 0.0037  accuracy: 100.00% -> 100.00%   
client [10] (testset)   loss: 0.0052 -> 0.0017  accuracy: 100.00% -> 100.00%   
client [36] (testset)   loss: 0.0523 -> 0.0316  accuracy: 98.48% -> 98.98%     
client [65] (testset)   loss: 0.0908 -> 0.0339  accuracy: 98.32% -> 98.74%     
client [81] (testset)   loss: 0.0876 -> 0.0196  accuracy: 98.77% -> 99.38%     
client [79] (testset)   loss: 0.0092 -> 0.0009  accuracy: 100.00% -> 100.00%   
client [42] (testset)   loss: 0.1308 -> 0.1271  accuracy: 97.81% -> 98.36%     
client [11] (testset)   loss: 0.0000 -> 0.0004  accuracy: 100.00% -> 100.00%   
client [96] (testset)   loss: 0.0368 -> 0.0019  accuracy: 98.04% -> 100.00%    
---------------------------- TRAINING EPOCH: 70 ----------------------------   
client [8]  (testset)   loss: 0.1158 -> 0.0544  accuracy: 97.62% -> 97.62%     
client [53] (testset)   loss: 0.0124 -> 0.0114  accuracy: 100.00% -> 100.00%   
client [52] (testset)   loss: 0.0727 -> 0.0001  accuracy: 97.37% -> 100.00%    
client [42] (testset)   loss: 0.1327 -> 0.1552  accuracy: 96.17% -> 98.36%     
client [69] (testset)   loss: 0.0367 -> 0.0098  accuracy: 98.91% -> 99.64%     
client [59] (testset)   loss: 0.0007 -> 0.0019  accuracy: 100.00% -> 100.00%   
client [7]  (testset)   loss: 0.0257 -> 0.0000  accuracy: 100.00% -> 100.00%   
client [26] (testset)   loss: 0.0504 -> 0.0647  accuracy: 95.83% -> 95.83%     
client [49] (testset)   loss: 0.0096 -> 0.0006  accuracy: 99.55% -> 100.00%    
client [98] (testset)   loss: 0.1108 -> 0.0082  accuracy: 94.12% -> 100.00%    
---------------------------- TRAINING EPOCH: 80 ----------------------------   
client [98] (testset)   loss: 0.0121 -> 0.0041  accuracy: 100.00% -> 100.00%   
client [47] (testset)   loss: 0.1048 -> 0.0014  accuracy: 96.59% -> 100.00%    
client [21] (testset)   loss: 0.0263 -> 0.0070  accuracy: 99.02% -> 100.00%    
client [77] (testset)   loss: 0.0862 -> 0.0404  accuracy: 96.58% -> 97.95%     
client [95] (testset)   loss: 0.0322 -> 0.0004  accuracy: 98.92% -> 100.00%    
client [91] (testset)   loss: 0.0604 -> 0.0110  accuracy: 98.18% -> 99.67%     
client [14] (testset)   loss: 0.0619 -> 0.0322  accuracy: 97.92% -> 98.61%     
client [99] (testset)   loss: 0.1975 -> 0.0107  accuracy: 95.24% -> 100.00%    
client [20] (testset)   loss: 0.1277 -> 0.0730  accuracy: 96.83% -> 97.29%     
client [39] (testset)   loss: 0.0290 -> 0.0017  accuracy: 99.26% -> 100.00%    
---------------------------- TRAINING EPOCH: 90 ----------------------------   
client [52] (testset)   loss: 0.0104 -> 0.0000  accuracy: 100.00% -> 100.00%   
client [62] (testset)   loss: 0.0072 -> 0.0021  accuracy: 99.45% -> 100.00%    
client [71] (testset)   loss: 0.0083 -> 0.0014  accuracy: 99.54% -> 100.00%    
client [97] (testset)   loss: 0.0178 -> 0.0007  accuracy: 99.33% -> 100.00%    
client [30] (testset)   loss: 0.0012 -> 0.0118  accuracy: 100.00% -> 100.00%   
client [88] (testset)   loss: 0.2269 -> 0.0021  accuracy: 97.06% -> 100.00%    
client [60] (testset)   loss: 0.1627 -> 0.0613  accuracy: 95.00% -> 99.00%     
client [82] (testset)   loss: 0.0152 -> 0.0132  accuracy: 100.00% -> 100.00%   
client [91] (testset)   loss: 0.0261 -> 0.0103  accuracy: 99.34% -> 99.67%     
client [57] (testset)   loss: 0.0083 -> 0.0035  accuracy: 99.52% -> 100.00%    
---------------------------- TRAINING EPOCH: 100 ----------------------------  
client [31] (testset)   loss: 0.0762 -> 0.0007  accuracy: 100.00% -> 100.00%   
client [15] (testset)   loss: 0.2168 -> 0.0389  accuracy: 93.58% -> 99.08%     
client [71] (testset)   loss: 0.0104 -> 0.0011  accuracy: 99.54% -> 100.00%    
client [97] (testset)   loss: 0.0140 -> 0.0008  accuracy: 99.00% -> 100.00%    
client [53] (testset)   loss: 0.0262 -> 0.0217  accuracy: 100.00% -> 100.00%   
client [77] (testset)   loss: 0.1084 -> 0.0428  accuracy: 97.26% -> 98.63%     
client [76] (testset)   loss: 0.0066 -> 0.0471  accuracy: 100.00% -> 98.70%    
client [79] (testset)   loss: 0.0135 -> 0.0010  accuracy: 100.00% -> 100.00%   
client [28] (testset)   loss: 0.0021 -> 0.0001  accuracy: 100.00% -> 100.00%   
client [99] (testset)   loss: 0.2134 -> 0.0117  accuracy: 90.48% -> 100.00%    
---------------------------- TRAINING EPOCH: 110 ----------------------------  
client [97] (testset)   loss: 0.0485 -> 0.0007  accuracy: 97.99% -> 100.00%    
client [86] (testset)   loss: 0.1066 -> 0.0012  accuracy: 95.89% -> 100.00%    
client [34] (testset)   loss: 0.0549 -> 0.1266  accuracy: 94.44% -> 94.44%     
client [73] (testset)   loss: 0.0054 -> 0.1291  accuracy: 100.00% -> 91.18%    
client [5]  (testset)   loss: 0.0739 -> 0.0214  accuracy: 97.93% -> 99.31%     
client [96] (testset)   loss: 0.0854 -> 0.0019  accuracy: 95.10% -> 100.00%    
client [22] (testset)   loss: 0.0543 -> 0.0007  accuracy: 97.87% -> 100.00%    
client [60] (testset)   loss: 0.2017 -> 0.0615  accuracy: 94.00% -> 99.00%     
client [66] (testset)   loss: 0.0259 -> 0.0101  accuracy: 98.23% -> 99.12%     
client [83] (testset)   loss: 0.0991 -> 0.0789  accuracy: 97.51% -> 97.51%     
---------------------------- TRAINING EPOCH: 120 ----------------------------  
client [76] (testset)   loss: 0.0202 -> 0.0687  accuracy: 100.00% -> 98.70%    
client [65] (testset)   loss: 0.0890 -> 0.0445  accuracy: 98.32% -> 99.16%     
client [95] (testset)   loss: 0.0131 -> 0.0003  accuracy: 99.64% -> 100.00%    
client [17] (testset)   loss: 0.0067 -> 0.0079  accuracy: 100.00% -> 99.61%    
client [8]  (testset)   loss: 0.2396 -> 0.0472  accuracy: 95.24% -> 97.62%     
client [35] (testset)   loss: 0.0852 -> 0.0316  accuracy: 98.04% -> 99.02%     
client [98] (testset)   loss: 0.0882 -> 0.0118  accuracy: 97.06% -> 100.00%    
client [53] (testset)   loss: 0.0352 -> 0.0156  accuracy: 96.00% -> 100.00%    
client [43] (testset)   loss: 0.1092 -> 0.0760  accuracy: 98.40% -> 98.40%     
client [64] (testset)   loss: 0.0322 -> 0.0135  accuracy: 98.61% -> 99.72%     
---------------------------- TRAINING EPOCH: 130 ----------------------------  
client [21] (testset)   loss: 0.0223 -> 0.0113  accuracy: 99.02% -> 99.02%     
client [88] (testset)   loss: 0.1436 -> 0.0009  accuracy: 97.06% -> 100.00%    
client [38] (testset)   loss: 0.0862 -> 0.0459  accuracy: 98.25% -> 98.25%     
client [3]  (testset)   loss: 0.0869 -> 0.0136  accuracy: 97.48% -> 99.58%     
client [5]  (testset)   loss: 0.0735 -> 0.0103  accuracy: 97.93% -> 99.31%     
client [41] (testset)   loss: 0.0212 -> 0.0009  accuracy: 98.95% -> 100.00%    
client [7]  (testset)   loss: 0.0503 -> 0.0015  accuracy: 100.00% -> 100.00%   
client [37] (testset)   loss: 0.0973 -> 0.0868  accuracy: 96.54% -> 96.54%     
client [45] (testset)   loss: 0.0277 -> 0.0185  accuracy: 99.08% -> 99.69%     
client [47] (testset)   loss: 0.1127 -> 0.0005  accuracy: 96.59% -> 100.00%    
---------------------------- TRAINING EPOCH: 140 ----------------------------  
client [16] (testset)   loss: 0.0152 -> 0.0001  accuracy: 100.00% -> 100.00%   
client [11] (testset)   loss: 0.0000 -> 0.0000  accuracy: 100.00% -> 100.00%   
client [37] (testset)   loss: 0.0921 -> 0.0823  accuracy: 96.97% -> 96.97%     
client [41] (testset)   loss: 0.0314 -> 0.0005  accuracy: 98.95% -> 100.00%    
client [95] (testset)   loss: 0.0346 -> 0.0002  accuracy: 98.92% -> 100.00%    
client [53] (testset)   loss: 0.0584 -> 0.0229  accuracy: 96.00% -> 100.00%    
client [22] (testset)   loss: 0.0270 -> 0.0013  accuracy: 97.87% -> 100.00%    
client [25] (testset)   loss: 0.0576 -> 0.0001  accuracy: 97.70% -> 100.00%    
client [69] (testset)   loss: 0.0621 -> 0.0073  accuracy: 98.18% -> 99.64%     
client [46] (testset)   loss: 0.0254 -> 0.0211  accuracy: 99.10% -> 99.55%     
---------------------------- TRAINING EPOCH: 150 ----------------------------  
client [47] (testset)   loss: 0.0954 -> 0.0138  accuracy: 97.73% -> 98.86%     
client [69] (testset)   loss: 0.0670 -> 0.0032  accuracy: 98.18% -> 100.00%    
client [82] (testset)   loss: 0.0221 -> 0.0159  accuracy: 98.59% -> 98.59%     
client [45] (testset)   loss: 0.0520 -> 0.0226  accuracy: 97.85% -> 99.69%     
client [7]  (testset)   loss: 0.0482 -> 0.0024  accuracy: 100.00% -> 100.00%   
client [50] (testset)   loss: 0.0707 -> 0.0059  accuracy: 97.95% -> 100.00%    
client [35] (testset)   loss: 0.0957 -> 0.0283  accuracy: 97.06% -> 98.04%     
client [24] (testset)   loss: 0.0281 -> 0.0472  accuracy: 98.65% -> 97.30%     
client [15] (testset)   loss: 0.1252 -> 0.0415  accuracy: 97.25% -> 99.08%     
client [58] (testset)   loss: 0.1078 -> 0.0388  accuracy: 96.45% -> 98.58%     
---------------------------- TRAINING EPOCH: 160 ----------------------------  
client [48] (testset)   loss: 0.0126 -> 0.0012  accuracy: 99.03% -> 100.00%    
client [76] (testset)   loss: 0.0128 -> 0.0501  accuracy: 100.00% -> 98.70%    
client [67] (testset)   loss: 0.0356 -> 0.0000  accuracy: 100.00% -> 100.00%   
client [37] (testset)   loss: 0.0952 -> 0.0793  accuracy: 97.40% -> 97.84%     
client [58] (testset)   loss: 0.0878 -> 0.0584  accuracy: 97.16% -> 98.58%     
client [64] (testset)   loss: 0.0639 -> 0.0333  accuracy: 98.06% -> 99.17%     
client [77] (testset)   loss: 0.0846 -> 0.0488  accuracy: 97.26% -> 98.63%     
client [55] (testset)   loss: 0.0227 -> 0.0026  accuracy: 99.49% -> 100.00%    
client [12] (testset)   loss: 0.0604 -> 0.0217  accuracy: 97.52% -> 98.51%     
client [89] (testset)   loss: 0.0093 -> 0.0059  accuracy: 100.00% -> 100.00%   
---------------------------- TRAINING EPOCH: 170 ----------------------------  
client [84] (testset)   loss: 0.0002 -> 0.0002  accuracy: 100.00% -> 100.00%   
client [51] (testset)   loss: 0.0222 -> 0.0028  accuracy: 100.00% -> 100.00%   
client [8]  (testset)   loss: 0.5599 -> 0.0002  accuracy: 85.71% -> 100.00%    
client [18] (testset)   loss: 0.0345 -> 0.0242  accuracy: 99.31% -> 99.66%     
client [94] (testset)   loss: 0.0008 -> 0.0000  accuracy: 100.00% -> 100.00%   
client [81] (testset)   loss: 0.0634 -> 0.0165  accuracy: 98.77% -> 99.38%     
client [3]  (testset)   loss: 0.0742 -> 0.0092  accuracy: 96.86% -> 99.79%     
client [11] (testset)   loss: 0.0000 -> 0.0000  accuracy: 100.00% -> 100.00%   
client [95] (testset)   loss: 0.0169 -> 0.0010  accuracy: 99.64% -> 100.00%    
client [67] (testset)   loss: 0.0602 -> 0.0000  accuracy: 97.30% -> 100.00%    
---------------------------- TRAINING EPOCH: 180 ----------------------------  
client [21] (testset)   loss: 0.0148 -> 0.0032  accuracy: 99.02% -> 100.00%    
client [79] (testset)   loss: 0.0064 -> 0.0003  accuracy: 100.00% -> 100.00%   
client [58] (testset)   loss: 0.0253 -> 0.0170  accuracy: 99.29% -> 98.58%     
client [88] (testset)   loss: 0.1052 -> 0.0221  accuracy: 97.06% -> 98.53%     
client [46] (testset)   loss: 0.0316 -> 0.0203  accuracy: 98.87% -> 99.55%     
client [11] (testset)   loss: 0.0000 -> 0.0000  accuracy: 100.00% -> 100.00%   
client [55] (testset)   loss: 0.0665 -> 0.0032  accuracy: 97.70% -> 99.74%     
client [13] (testset)   loss: 0.2014 -> 0.0201  accuracy: 95.83% -> 100.00%    
client [31] (testset)   loss: 0.0034 -> 0.0018  accuracy: 100.00% -> 100.00%   
client [75] (testset)   loss: 0.1575 -> 0.0162  accuracy: 95.36% -> 99.38%     
---------------------------- TRAINING EPOCH: 190 ----------------------------  
client [19] (testset)   loss: 0.0657 -> 0.0184  accuracy: 96.30% -> 100.00%    
client [7]  (testset)   loss: 0.0025 -> 0.0001  accuracy: 100.00% -> 100.00%   
client [57] (testset)   loss: 0.0017 -> 0.0001  accuracy: 100.00% -> 100.00%   
client [13] (testset)   loss: 0.0633 -> 0.0049  accuracy: 95.83% -> 100.00%    
client [43] (testset)   loss: 0.1146 -> 0.0577  accuracy: 98.40% -> 98.93%     
client [91] (testset)   loss: 0.0372 -> 0.0112  accuracy: 98.84% -> 99.83%     
client [10] (testset)   loss: 0.0066 -> 0.0007  accuracy: 100.00% -> 100.00%   
client [64] (testset)   loss: 0.0226 -> 0.0116  accuracy: 98.89% -> 99.72%     
client [82] (testset)   loss: 0.0034 -> 0.0030  accuracy: 100.00% -> 100.00%   
client [22] (testset)   loss: 0.0116 -> 0.0028  accuracy: 100.00% -> 100.00%   
---------------------------- TRAINING EPOCH: 200 ----------------------------  
client [20] (testset)   loss: 0.1046 -> 0.0589  accuracy: 95.93% -> 98.64%     
client [23] (testset)   loss: 0.0005 -> 0.0001  accuracy: 100.00% -> 100.00%   
client [88] (testset)   loss: 0.1282 -> 0.0103  accuracy: 97.06% -> 100.00%    
client [98] (testset)   loss: 0.0474 -> 0.0273  accuracy: 97.06% -> 97.06%     
client [79] (testset)   loss: 0.0025 -> 0.0003  accuracy: 100.00% -> 100.00%   
client [21] (testset)   loss: 0.0090 -> 0.0038  accuracy: 100.00% -> 100.00%   
client [92] (testset)   loss: 0.0000 -> 0.0000  accuracy: 100.00% -> 100.00%   
client [56] (testset)   loss: 0.0182 -> 0.0000  accuracy: 98.92% -> 100.00%    
client [5]  (testset)   loss: 0.0239 -> 0.0064  accuracy: 98.62% -> 100.00%    
client [52] (testset)   loss: 0.0133 -> 0.0000  accuracy: 98.68% -> 100.00%    
FedDpa's average time taken by each global epoch: 0 min 2.67 sec.              
FedDpa's total running time: 0 h 8 m 59 s.                                     
==================== FedDpa Experiment Results: ====================           
Display format: (before local fine-tuning) -> (after local fine-tuning)        
 So if finetune_epoch = 0, x.xx% -> 0.00% is normal.                           
 Centralized testing ONLY happens after model aggregation, so the stats between
'->' are the same.                                                             
{                                                                              
    "100": {                                                                   
        "all_clients": {                                                       
            "test": {                                                          
                "loss": "0.0760 -> 0.0000",                                    
                "accuracy": "97.78% -> 0.00%"                                  
            }                                                                  
        }                                                                      
    },                                                                         
    "200": {                                                                   
        "all_clients": {                                                       
            "test": {                                                          
                "loss": "0.0552 -> 0.0000",                                    
                "accuracy": "98.35% -> 0.00%"                                  
            }                                                                  
        }                                                                      
    }                                                                          
}                                                                              
==================== FedDpa Max Accuracy ====================                  
all_clients:                                                                   
(test) before fine-tuning: 98.35% at epoch 200                                 
(test) after fine-tuning: 0.00% at epoch 100                                   
