==================== FedDpa ====================                               
Experiment Arguments:                                                          
{
    'method': 'feddpa',
    'dataset': {
        'name': 'cifar10',
        'client_num': 100,
        'test_ratio': 0.25,
        'val_ratio': 0.0,
        'seed': 42,
        'split': 'sample',
        'IID_ratio': 0.0,
        'monitor_window_name_suffix': 'cifar10-100clients-0%IID-Dir(0.5)-seed42',
        'alpha': 0.5,
        'min_samples_per_client': 10
    },
    'model': {
        'name': 'avgcnn',
        'use_torchvision_pretrained_weights': True,
        'external_model_weights_path': None
    },
    'optimizer': {
        'lr': 0.01,
        'dampening': 0,
        'weight_decay': 0,
        'momentum': 0.7,
        'nesterov': False,
        'name': 'sgd'
    },
    'mode': 'serial',
    'parallel': {
        'ray_cluster_addr': None,
        'num_cpus': None,
        'num_gpus': None,
        'num_workers': 2
    },
    'common': {
        'seed': 42,
        'join_ratio': 0.1,
        'global_epoch': 400,
        'local_epoch': 5,
        'batch_size': 32,
        'reset_optimizer_on_global_epoch': True,
        'straggler_ratio': 0,
        'straggler_min_local_epoch': 0,
        'buffers': 'global',
        'client_side_evaluation': True,
        'test': {
            'client': {
                'interval': 100,
                'finetune_epoch': 5,
                'train': False,
                'val': False,
                'test': True
            },
            'server': {
                'interval': -1,
                'train': False,
                'val': False,
                'test': True,
                'model_in_train_mode': False
            }
        },
        'verbose_gap': 10,
        'monitor': None,
        'use_cuda': True,
        'save_log': True,
        'save_model': False,
        'save_learning_curve_plot': True,
        'save_metrics': True,
        'delete_useless_run': True
    },
    'fedprox': {
        'mu': 0.01
    },
    'pfedsim': {
        'warmup_round': 0.5
    },
    'feddpa': {
        'fisher_threshold': 0.4
    }
}
---------------------------- TRAINING EPOCH: 10 ----------------------------   
client [77] (testset)   loss: 1.4536 -> 1.3853  accuracy: 46.89% -> 52.54%     
client [81] (testset)   loss: 1.4255 -> 1.1447  accuracy: 51.43% -> 64.76%     
client [21] (testset)   loss: 1.5023 -> 1.3149  accuracy: 45.07% -> 54.93%     
client [68] (testset)   loss: 1.3632 -> 1.1369  accuracy: 54.93% -> 60.56%     
client [93] (testset)   loss: 1.4228 -> 1.3344  accuracy: 46.79% -> 58.49%     
client [31] (testset)   loss: 1.3636 -> 1.1589  accuracy: 52.86% -> 62.14%     
client [20] (testset)   loss: 1.5563 -> 1.6363  accuracy: 51.95% -> 54.98%     
client [59] (testset)   loss: 1.6924 -> 1.3625  accuracy: 41.40% -> 54.14%     
client [48] (testset)   loss: 1.6387 -> 1.7210  accuracy: 45.16% -> 43.55%     
client [34] (testset)   loss: 1.2750 -> 1.0764  accuracy: 53.78% -> 60.44%     
---------------------------- TRAINING EPOCH: 20 ----------------------------   
client [69] (testset)   loss: 1.1401 -> 1.3409  accuracy: 57.62% -> 57.62%     
client [99] (testset)   loss: 1.5393 -> 1.6286  accuracy: 47.03% -> 56.76%     
client [67] (testset)   loss: 1.3686 -> 1.3827  accuracy: 54.55% -> 63.20%     
client [0]  (testset)   loss: 0.9118 -> 1.2684  accuracy: 71.32% -> 62.79%     
client [76] (testset)   loss: 2.1143 -> 1.0085  accuracy: 41.21% -> 73.94%     
client [41] (testset)   loss: 1.6579 -> 0.9108  accuracy: 46.85% -> 75.52%     
client [62] (testset)   loss: 2.4978 -> 0.9981  accuracy: 30.30% -> 68.69%     
client [2]  (testset)   loss: 1.5718 -> 1.1391  accuracy: 55.77% -> 69.23%     
client [14] (testset)   loss: 1.8970 -> 1.5239  accuracy: 43.70% -> 58.82%     
client [46] (testset)   loss: 1.6588 -> 1.6454  accuracy: 51.04% -> 59.03%     
---------------------------- TRAINING EPOCH: 30 ----------------------------   
client [24] (testset)   loss: 1.3567 -> 1.3303  accuracy: 61.45% -> 66.03%     
client [68] (testset)   loss: 1.3731 -> 1.2843  accuracy: 59.15% -> 71.83%     
client [57] (testset)   loss: 1.3059 -> 1.2311  accuracy: 56.45% -> 62.10%     
client [17] (testset)   loss: 1.0535 -> 0.6122  accuracy: 66.01% -> 77.78%     
client [54] (testset)   loss: 1.6020 -> 1.4682  accuracy: 54.21% -> 62.62%     
client [23] (testset)   loss: 1.2558 -> 1.1718  accuracy: 63.57% -> 64.34%     
client [35] (testset)   loss: 1.0949 -> 0.6810  accuracy: 61.11% -> 85.19%     
client [59] (testset)   loss: 1.5660 -> 1.5471  accuracy: 49.04% -> 61.15%     
client [31] (testset)   loss: 1.1980 -> 1.1481  accuracy: 61.79% -> 71.43%     
client [9]  (testset)   loss: 1.4684 -> 1.4609  accuracy: 58.26% -> 62.61%     
---------------------------- TRAINING EPOCH: 40 ----------------------------   
client [64] (testset)   loss: 1.3775 -> 0.9597  accuracy: 62.63% -> 72.11%     
client [33] (testset)   loss: 1.2067 -> 1.4215  accuracy: 64.82% -> 68.84%     
client [16] (testset)   loss: 1.5027 -> 1.4506  accuracy: 55.20% -> 68.00%     
client [44] (testset)   loss: 1.1165 -> 0.9632  accuracy: 66.23% -> 74.50%     
client [8]  (testset)   loss: 1.1753 -> 1.0805  accuracy: 65.33% -> 66.67%     
client [31] (testset)   loss: 1.2347 -> 1.1218  accuracy: 62.14% -> 73.57%     
client [47] (testset)   loss: 1.6755 -> 0.9155  accuracy: 54.63% -> 75.00%     
client [36] (testset)   loss: 1.5299 -> 1.0536  accuracy: 56.57% -> 72.73%     
client [20] (testset)   loss: 1.5129 -> 1.6109  accuracy: 55.84% -> 61.90%     
client [56] (testset)   loss: 1.6054 -> 1.3056  accuracy: 54.00% -> 52.00%     
---------------------------- TRAINING EPOCH: 50 ----------------------------   
client [4]  (testset)   loss: 0.8121 -> 0.9043  accuracy: 75.86% -> 74.88%     
client [60] (testset)   loss: 1.5674 -> 1.2876  accuracy: 51.05% -> 64.56%     
client [28] (testset)   loss: 1.4357 -> 1.4915  accuracy: 57.32% -> 60.37%     
client [25] (testset)   loss: 1.3388 -> 1.1988  accuracy: 56.67% -> 63.33%     
client [58] (testset)   loss: 1.3004 -> 1.1023  accuracy: 62.26% -> 67.30%     
client [44] (testset)   loss: 1.3203 -> 0.9670  accuracy: 64.24% -> 74.83%     
client [39] (testset)   loss: 1.3130 -> 1.0119  accuracy: 63.79% -> 69.83%     
client [29] (testset)   loss: 1.4698 -> 1.6324  accuracy: 57.69% -> 65.38%     
client [3]  (testset)   loss: 1.7055 -> 1.3822  accuracy: 54.44% -> 67.57%     
client [84] (testset)   loss: 1.4360 -> 1.3325  accuracy: 61.18% -> 67.11%     
---------------------------- TRAINING EPOCH: 60 ----------------------------   
client [21] (testset)   loss: 1.3528 -> 0.9815  accuracy: 61.97% -> 71.83%     
client [84] (testset)   loss: 1.3688 -> 1.2985  accuracy: 62.50% -> 69.74%     
client [10] (testset)   loss: 1.1524 -> 0.9355  accuracy: 61.42% -> 64.57%     
client [36] (testset)   loss: 1.1420 -> 0.9219  accuracy: 57.58% -> 76.77%     
client [65] (testset)   loss: 0.8509 -> 0.8601  accuracy: 61.36% -> 77.27%     
client [81] (testset)   loss: 1.3565 -> 1.1579  accuracy: 53.33% -> 76.19%     
client [79] (testset)   loss: 1.1421 -> 0.9120  accuracy: 63.14% -> 81.78%     
client [42] (testset)   loss: 1.4978 -> 0.6602  accuracy: 57.29% -> 81.25%     
client [11] (testset)   loss: 1.2055 -> 1.1878  accuracy: 60.77% -> 67.69%     
client [96] (testset)   loss: 1.2942 -> 1.0124  accuracy: 58.65% -> 69.17%     
---------------------------- TRAINING EPOCH: 70 ----------------------------   
client [8]  (testset)   loss: 0.8209 -> 0.9654  accuracy: 76.00% -> 72.00%     
client [53] (testset)   loss: 1.5840 -> 1.4428  accuracy: 61.84% -> 59.21%     
client [52] (testset)   loss: 1.2681 -> 1.0702  accuracy: 62.59% -> 67.35%     
client [42] (testset)   loss: 1.0617 -> 0.6179  accuracy: 69.79% -> 80.21%     
client [69] (testset)   loss: 1.2665 -> 1.3213  accuracy: 56.29% -> 64.90%     
client [59] (testset)   loss: 1.5101 -> 1.5416  accuracy: 50.32% -> 65.61%     
client [7]  (testset)   loss: 1.4719 -> 1.5397  accuracy: 60.37% -> 66.36%     
client [26] (testset)   loss: 0.8501 -> 0.7481  accuracy: 74.16% -> 75.84%     
client [49] (testset)   loss: 1.1100 -> 1.1113  accuracy: 69.14% -> 77.14%     
client [98] (testset)   loss: 1.1307 -> 1.0580  accuracy: 65.79% -> 71.05%     
---------------------------- TRAINING EPOCH: 80 ----------------------------   
client [98] (testset)   loss: 1.0304 -> 1.0587  accuracy: 66.45% -> 71.71%     
client [47] (testset)   loss: 1.3321 -> 1.0612  accuracy: 64.81% -> 73.15%     
client [21] (testset)   loss: 1.1896 -> 1.0142  accuracy: 69.01% -> 69.01%     
client [77] (testset)   loss: 1.5601 -> 1.4853  accuracy: 55.37% -> 69.49%     
client [95] (testset)   loss: 1.5872 -> 1.8680  accuracy: 58.93% -> 54.46%     
client [91] (testset)   loss: 1.4647 -> 1.4462  accuracy: 61.06% -> 69.71%     
client [14] (testset)   loss: 1.7207 -> 1.4160  accuracy: 52.94% -> 60.50%     
client [99] (testset)   loss: 1.4110 -> 1.4859  accuracy: 57.30% -> 64.86%     
client [20] (testset)   loss: 1.6730 -> 1.5362  accuracy: 57.58% -> 64.50%     
client [39] (testset)   loss: 1.1612 -> 0.9696  accuracy: 64.66% -> 75.00%     
---------------------------- TRAINING EPOCH: 90 ----------------------------   
client [52] (testset)   loss: 1.4905 -> 1.0678  accuracy: 56.46% -> 70.07%     
client [62] (testset)   loss: 1.8556 -> 0.9480  accuracy: 47.47% -> 69.70%     
client [71] (testset)   loss: 0.8807 -> 0.7860  accuracy: 75.79% -> 82.11%     
client [97] (testset)   loss: 1.4045 -> 1.1108  accuracy: 61.85% -> 68.21%     
client [30] (testset)   loss: 1.2380 -> 1.4094  accuracy: 62.38% -> 65.35%     
client [88] (testset)   loss: 1.6232 -> 1.0425  accuracy: 57.92% -> 72.68%     
client [60] (testset)   loss: 1.4676 -> 1.2599  accuracy: 57.81% -> 70.04%     
client [82] (testset)   loss: 1.6328 -> 0.8381  accuracy: 61.43% -> 82.86%     
client [91] (testset)   loss: 1.5310 -> 1.4254  accuracy: 62.02% -> 70.67%     
client [57] (testset)   loss: 1.9264 -> 1.1175  accuracy: 51.61% -> 69.35%     
---------------------------- TRAINING EPOCH: 100 ----------------------------  
client [31] (testset)   loss: 1.2427 -> 1.1632  accuracy: 67.86% -> 75.00%     
client [15] (testset)   loss: 1.3087 -> 1.0155  accuracy: 68.24% -> 75.29%     
client [71] (testset)   loss: 1.0865 -> 0.7920  accuracy: 72.11% -> 80.53%     
client [97] (testset)   loss: 1.4632 -> 1.1755  accuracy: 67.63% -> 65.90%     
client [53] (testset)   loss: 1.4628 -> 1.5701  accuracy: 67.11% -> 56.58%     
client [77] (testset)   loss: 1.3389 -> 1.5322  accuracy: 64.41% -> 66.10%     
client [76] (testset)   loss: 1.3925 -> 0.9504  accuracy: 64.85% -> 78.18%     
client [79] (testset)   loss: 1.3342 -> 0.9780  accuracy: 63.14% -> 81.78%     
client [28] (testset)   loss: 1.5619 -> 1.4139  accuracy: 53.66% -> 66.46%     
client [99] (testset)   loss: 1.3824 -> 1.5344  accuracy: 57.30% -> 63.78%     
---------------------------- TRAINING EPOCH: 110 ----------------------------  
client [97] (testset)   loss: 1.3999 -> 1.2271  accuracy: 67.63% -> 69.36%     
client [86] (testset)   loss: 1.0794 -> 1.3456  accuracy: 69.23% -> 73.08%     
client [34] (testset)   loss: 1.0118 -> 0.7514  accuracy: 67.11% -> 80.89%     
client [73] (testset)   loss: 1.2474 -> 1.2521  accuracy: 62.79% -> 70.93%     
client [5]  (testset)   loss: 1.5313 -> 1.2560  accuracy: 59.82% -> 64.29%     
client [96] (testset)   loss: 1.2416 -> 0.9457  accuracy: 63.91% -> 73.68%     
client [22] (testset)   loss: 1.6761 -> 1.4399  accuracy: 54.62% -> 66.15%     
client [60] (testset)   loss: 1.6877 -> 1.2888  accuracy: 51.05% -> 68.78%     
client [66] (testset)   loss: 1.8039 -> 1.4963  accuracy: 51.63% -> 63.04%     
client [83] (testset)   loss: 1.1818 -> 0.8679  accuracy: 71.00% -> 80.00%     
---------------------------- TRAINING EPOCH: 120 ----------------------------  
client [76] (testset)   loss: 1.2940 -> 0.9799  accuracy: 67.88% -> 81.21%     
client [65] (testset)   loss: 0.9912 -> 0.8844  accuracy: 75.00% -> 84.09%     
client [95] (testset)   loss: 1.4962 -> 2.0318  accuracy: 62.50% -> 56.25%     
client [17] (testset)   loss: 1.2520 -> 0.7260  accuracy: 67.97% -> 82.35%     
client [8]  (testset)   loss: 1.3194 -> 0.8175  accuracy: 65.33% -> 77.33%     
client [35] (testset)   loss: 1.1386 -> 0.6437  accuracy: 61.11% -> 83.33%     
client [98] (testset)   loss: 0.9120 -> 1.0332  accuracy: 73.68% -> 74.34%     
client [53] (testset)   loss: 1.5569 -> 1.7562  accuracy: 65.79% -> 61.84%     
client [43] (testset)   loss: 1.1767 -> 1.1837  accuracy: 70.07% -> 67.15%     
client [64] (testset)   loss: 1.3022 -> 0.9547  accuracy: 63.16% -> 73.68%     
---------------------------- TRAINING EPOCH: 130 ----------------------------  
client [21] (testset)   loss: 1.3996 -> 1.1913  accuracy: 61.97% -> 70.42%     
client [88] (testset)   loss: 1.0894 -> 0.9493  accuracy: 68.31% -> 74.32%     
client [38] (testset)   loss: 0.9623 -> 1.1415  accuracy: 75.90% -> 73.49%     
client [3]  (testset)   loss: 1.6545 -> 1.5069  accuracy: 60.23% -> 72.97%     
client [5]  (testset)   loss: 1.6441 -> 1.3017  accuracy: 55.36% -> 65.18%     
client [41] (testset)   loss: 1.4485 -> 1.0695  accuracy: 59.44% -> 80.42%     
client [7]  (testset)   loss: 1.7244 -> 1.8193  accuracy: 58.99% -> 63.13%     
client [37] (testset)   loss: 1.0523 -> 0.9654  accuracy: 71.43% -> 75.32%     
client [45] (testset)   loss: 1.9265 -> 1.4581  accuracy: 52.40% -> 64.21%     
client [47] (testset)   loss: 1.6691 -> 1.0320  accuracy: 62.96% -> 76.85%     
---------------------------- TRAINING EPOCH: 140 ----------------------------  
client [16] (testset)   loss: 1.4554 -> 1.4978  accuracy: 62.40% -> 69.60%     
client [11] (testset)   loss: 1.4246 -> 1.5197  accuracy: 66.92% -> 63.85%     
client [37] (testset)   loss: 1.2905 -> 1.0484  accuracy: 63.64% -> 72.73%     
client [41] (testset)   loss: 1.7429 -> 1.0494  accuracy: 55.24% -> 79.72%     
client [95] (testset)   loss: 1.7229 -> 1.9962  accuracy: 62.50% -> 58.04%     
client [53] (testset)   loss: 1.7077 -> 1.6455  accuracy: 63.16% -> 65.79%     
client [22] (testset)   loss: 2.0255 -> 1.6870  accuracy: 51.54% -> 66.15%     
client [25] (testset)   loss: 1.0145 -> 0.9584  accuracy: 63.33% -> 70.00%     
client [69] (testset)   loss: 1.5618 -> 1.3296  accuracy: 54.97% -> 66.23%     
client [46] (testset)   loss: 1.2047 -> 1.4919  accuracy: 68.40% -> 69.44%     
---------------------------- TRAINING EPOCH: 150 ----------------------------  
client [47] (testset)   loss: 1.5939 -> 0.8727  accuracy: 63.89% -> 74.07%     
client [69] (testset)   loss: 1.4362 -> 1.2350  accuracy: 54.97% -> 66.89%     
client [82] (testset)   loss: 1.5630 -> 0.8096  accuracy: 62.86% -> 83.57%     
client [45] (testset)   loss: 2.1525 -> 1.4995  accuracy: 53.14% -> 67.16%     
client [7]  (testset)   loss: 1.5840 -> 1.7709  accuracy: 63.59% -> 66.82%     
client [50] (testset)   loss: 1.2743 -> 0.6287  accuracy: 61.83% -> 83.21%     
client [35] (testset)   loss: 1.4667 -> 0.6614  accuracy: 59.26% -> 81.48%     
client [24] (testset)   loss: 1.4547 -> 1.2288  accuracy: 65.27% -> 73.66%     
client [15] (testset)   loss: 1.4009 -> 1.1931  accuracy: 65.88% -> 75.29%     
client [58] (testset)   loss: 1.5806 -> 1.1233  accuracy: 61.64% -> 69.81%     
---------------------------- TRAINING EPOCH: 160 ----------------------------  
client [48] (testset)   loss: 0.9153 -> 1.3939  accuracy: 69.35% -> 67.74%     
client [76] (testset)   loss: 1.4555 -> 0.9388  accuracy: 67.88% -> 79.39%     
client [67] (testset)   loss: 1.2923 -> 1.3926  accuracy: 70.13% -> 67.10%     
client [37] (testset)   loss: 0.8965 -> 1.2542  accuracy: 75.32% -> 75.32%     
client [58] (testset)   loss: 1.4821 -> 1.1919  accuracy: 62.89% -> 69.81%     
client [64] (testset)   loss: 1.5774 -> 1.0648  accuracy: 61.58% -> 76.32%     
client [77] (testset)   loss: 1.7793 -> 1.8713  accuracy: 62.15% -> 66.67%     
client [55] (testset)   loss: 1.4581 -> 0.9833  accuracy: 59.43% -> 75.47%     
client [12] (testset)   loss: 1.2123 -> 0.5789  accuracy: 69.33% -> 84.00%     
client [89] (testset)   loss: 1.4647 -> 1.0826  accuracy: 57.97% -> 81.16%     
---------------------------- TRAINING EPOCH: 170 ----------------------------  
client [84] (testset)   loss: 1.4325 -> 1.2369  accuracy: 71.71% -> 71.05%     
client [51] (testset)   loss: 1.4958 -> 1.4525  accuracy: 66.67% -> 70.24%     
client [8]  (testset)   loss: 1.1223 -> 0.5196  accuracy: 72.00% -> 85.33%     
client [18] (testset)   loss: 1.2712 -> 0.9956  accuracy: 67.66% -> 76.62%     
client [94] (testset)   loss: 1.8490 -> 1.8240  accuracy: 60.00% -> 64.00%     
client [81] (testset)   loss: 1.2093 -> 1.0701  accuracy: 62.86% -> 78.10%     
client [3]  (testset)   loss: 1.6361 -> 1.3098  accuracy: 62.16% -> 76.06%     
client [11] (testset)   loss: 1.5064 -> 1.4721  accuracy: 63.85% -> 65.38%     
client [95] (testset)   loss: 1.6025 -> 1.7445  accuracy: 61.61% -> 58.93%     
client [67] (testset)   loss: 1.3849 -> 1.4964  accuracy: 64.94% -> 67.10%     
---------------------------- TRAINING EPOCH: 180 ----------------------------  
client [21] (testset)   loss: 1.3477 -> 1.1732  accuracy: 67.61% -> 70.42%     
client [79] (testset)   loss: 1.8829 -> 1.0605  accuracy: 60.17% -> 80.51%     
client [58] (testset)   loss: 1.5150 -> 1.1342  accuracy: 61.64% -> 67.92%     
client [88] (testset)   loss: 1.2496 -> 1.2509  accuracy: 66.67% -> 72.13%     
client [46] (testset)   loss: 1.4912 -> 1.5409  accuracy: 65.62% -> 66.67%     
client [11] (testset)   loss: 1.6767 -> 1.5283  accuracy: 64.62% -> 66.92%     
client [55] (testset)   loss: 1.7333 -> 0.9717  accuracy: 60.38% -> 78.30%     
client [13] (testset)   loss: 1.6554 -> 1.4082  accuracy: 58.68% -> 72.73%     
client [31] (testset)   loss: 1.2154 -> 1.3670  accuracy: 72.50% -> 74.64%     
client [75] (testset)   loss: 1.8866 -> 1.3976  accuracy: 58.75% -> 67.50%     
---------------------------- TRAINING EPOCH: 190 ----------------------------  
client [19] (testset)   loss: 1.4905 -> 0.7826  accuracy: 65.79% -> 81.58%     
client [7]  (testset)   loss: 1.9752 -> 1.6878  accuracy: 58.99% -> 63.13%     
client [57] (testset)   loss: 1.2022 -> 1.2387  accuracy: 70.16% -> 75.00%     
client [13] (testset)   loss: 1.6355 -> 1.5016  accuracy: 61.16% -> 72.73%     
client [43] (testset)   loss: 1.6043 -> 1.3784  accuracy: 66.42% -> 67.15%     
client [91] (testset)   loss: 1.5061 -> 1.7025  accuracy: 68.27% -> 72.60%     
client [10] (testset)   loss: 1.5179 -> 1.2528  accuracy: 60.63% -> 70.08%     
client [64] (testset)   loss: 1.1865 -> 1.0196  accuracy: 73.16% -> 77.37%     
client [82] (testset)   loss: 1.3685 -> 0.7848  accuracy: 74.29% -> 84.29%     
client [22] (testset)   loss: 1.9958 -> 2.0687  accuracy: 58.46% -> 63.08%     
---------------------------- TRAINING EPOCH: 200 ----------------------------  
client [20] (testset)   loss: 1.9247 -> 1.8127  accuracy: 64.50% -> 66.67%     
client [23] (testset)   loss: 1.8886 -> 1.3427  accuracy: 53.49% -> 70.54%     
client [88] (testset)   loss: 1.9085 -> 1.1188  accuracy: 57.92% -> 72.13%     
client [98] (testset)   loss: 1.2365 -> 1.0392  accuracy: 71.05% -> 76.97%     
client [79] (testset)   loss: 1.2057 -> 1.0555  accuracy: 72.03% -> 81.78%     
client [21] (testset)   loss: 1.3396 -> 1.4696  accuracy: 66.20% -> 71.83%     
client [92] (testset)   loss: 0.9145 -> 0.8371  accuracy: 76.56% -> 80.86%     
client [56] (testset)   loss: 1.8286 -> 1.5223  accuracy: 60.00% -> 60.00%     
client [5]  (testset)   loss: 2.0747 -> 1.5064  accuracy: 61.61% -> 67.86%     
client [52] (testset)   loss: 2.3575 -> 1.1857  accuracy: 44.90% -> 70.07%     
---------------------------- TRAINING EPOCH: 210 ----------------------------  
client [67] (testset)   loss: 1.6865 -> 1.5580  accuracy: 60.61% -> 68.40%     
client [54] (testset)   loss: 1.7780 -> 1.7525  accuracy: 63.55% -> 71.03%     
client [14] (testset)   loss: 2.0876 -> 1.7781  accuracy: 52.94% -> 63.03%     
client [99] (testset)   loss: 1.7269 -> 1.5795  accuracy: 61.62% -> 67.57%     
client [36] (testset)   loss: 0.7833 -> 0.8640  accuracy: 74.75% -> 78.79%     
client [30] (testset)   loss: 1.4805 -> 1.4494  accuracy: 68.32% -> 69.31%     
client [38] (testset)   loss: 1.3428 -> 1.3969  accuracy: 74.70% -> 75.90%     
client [15] (testset)   loss: 1.7318 -> 1.3501  accuracy: 61.18% -> 77.06%     
client [6]  (testset)   loss: 2.2040 -> 1.2724  accuracy: 53.20% -> 74.00%     
client [53] (testset)   loss: 1.7909 -> 1.6658  accuracy: 72.37% -> 71.05%     
---------------------------- TRAINING EPOCH: 220 ----------------------------  
client [99] (testset)   loss: 1.4320 -> 1.4161  accuracy: 66.49% -> 68.65%     
client [6]  (testset)   loss: 1.7325 -> 1.2601  accuracy: 59.20% -> 72.00%     
client [83] (testset)   loss: 1.9418 -> 0.9906  accuracy: 63.00% -> 77.00%     
client [42] (testset)   loss: 1.9831 -> 0.7776  accuracy: 66.67% -> 82.29%     
client [34] (testset)   loss: 1.2718 -> 1.0874  accuracy: 67.56% -> 76.00%     
client [15] (testset)   loss: 1.8604 -> 1.2145  accuracy: 60.00% -> 75.88%     
client [47] (testset)   loss: 1.5763 -> 1.1326  accuracy: 62.04% -> 73.15%     
client [55] (testset)   loss: 1.1681 -> 1.0147  accuracy: 72.64% -> 76.42%     
client [51] (testset)   loss: 1.7108 -> 1.6506  accuracy: 63.10% -> 65.48%     
client [95] (testset)   loss: 1.7756 -> 2.1036  accuracy: 58.93% -> 58.93%     
---------------------------- TRAINING EPOCH: 230 ----------------------------  
client [71] (testset)   loss: 1.1118 -> 0.8261  accuracy: 76.84% -> 84.21%     
client [15] (testset)   loss: 1.8201 -> 1.2826  accuracy: 63.53% -> 75.88%     
client [33] (testset)   loss: 1.6792 -> 1.4412  accuracy: 60.80% -> 73.37%     
client [99] (testset)   loss: 1.4772 -> 1.4524  accuracy: 63.24% -> 67.57%     
client [90] (testset)   loss: 2.0559 -> 1.5672  accuracy: 58.33% -> 72.22%     
client [57] (testset)   loss: 1.7150 -> 1.2233  accuracy: 62.10% -> 69.35%     
client [27] (testset)   loss: 1.3767 -> 1.3017  accuracy: 74.67% -> 76.00%     
client [78] (testset)   loss: 1.4687 -> 0.9374  accuracy: 69.17% -> 83.46%     
client [36] (testset)   loss: 1.0308 -> 1.0887  accuracy: 71.72% -> 75.76%     
client [88] (testset)   loss: 1.5266 -> 1.0334  accuracy: 63.39% -> 72.68%     
---------------------------- TRAINING EPOCH: 240 ----------------------------  
client [70] (testset)   loss: 1.5526 -> 1.2494  accuracy: 65.91% -> 73.48%     
client [35] (testset)   loss: 1.3591 -> 0.9415  accuracy: 61.11% -> 79.63%     
client [16] (testset)   loss: 2.4778 -> 1.7762  accuracy: 57.60% -> 66.40%     
client [80] (testset)   loss: 1.6910 -> 1.8388  accuracy: 56.95% -> 63.58%     
client [38] (testset)   loss: 1.3540 -> 1.3801  accuracy: 73.49% -> 78.31%     
client [78] (testset)   loss: 1.6561 -> 0.8388  accuracy: 64.66% -> 84.96%     
client [68] (testset)   loss: 1.3154 -> 1.4953  accuracy: 73.24% -> 77.46%     
client [11] (testset)   loss: 1.7413 -> 1.7201  accuracy: 64.62% -> 68.46%     
client [64] (testset)   loss: 1.5077 -> 1.0689  accuracy: 66.32% -> 73.68%     
client [82] (testset)   loss: 1.8887 -> 1.0340  accuracy: 64.29% -> 85.71%     
---------------------------- TRAINING EPOCH: 250 ----------------------------  
client [30] (testset)   loss: 1.4508 -> 1.4943  accuracy: 70.30% -> 68.32%     
client [27] (testset)   loss: 1.6968 -> 1.6291  accuracy: 70.67% -> 73.33%     
client [74] (testset)   loss: 1.7661 -> 1.9776  accuracy: 63.85% -> 67.69%     
client [45] (testset)   loss: 2.1027 -> 1.8612  accuracy: 60.15% -> 64.94%     
client [6]  (testset)   loss: 1.7341 -> 1.2169  accuracy: 62.00% -> 74.80%     
client [36] (testset)   loss: 1.2753 -> 1.0524  accuracy: 68.69% -> 75.76%     
client [63] (testset)   loss: 1.9659 -> 1.6678  accuracy: 57.98% -> 65.55%     
client [76] (testset)   loss: 1.8949 -> 1.2821  accuracy: 66.06% -> 74.55%     
client [83] (testset)   loss: 1.6817 -> 0.9698  accuracy: 68.00% -> 81.00%     
client [86] (testset)   loss: 1.3129 -> 1.3567  accuracy: 71.54% -> 75.38%     
---------------------------- TRAINING EPOCH: 260 ----------------------------  
client [83] (testset)   loss: 1.7398 -> 1.0007  accuracy: 68.00% -> 80.00%     
client [99] (testset)   loss: 1.7194 -> 1.6225  accuracy: 66.49% -> 64.86%     
client [74] (testset)   loss: 1.6392 -> 1.6405  accuracy: 66.15% -> 70.00%     
client [73] (testset)   loss: 1.9769 -> 1.4649  accuracy: 60.85% -> 70.93%     
client [29] (testset)   loss: 2.6690 -> 1.9230  accuracy: 55.38% -> 68.46%     
client [92] (testset)   loss: 0.9965 -> 0.8621  accuracy: 77.51% -> 79.43%     
client [6]  (testset)   loss: 1.6802 -> 1.3534  accuracy: 64.00% -> 73.60%     
client [61] (testset)   loss: 2.0224 -> 1.5662  accuracy: 56.67% -> 67.50%     
client [21] (testset)   loss: 1.6064 -> 1.2264  accuracy: 71.83% -> 74.65%     
client [67] (testset)   loss: 1.7232 -> 1.6311  accuracy: 67.53% -> 66.67%     
---------------------------- TRAINING EPOCH: 270 ----------------------------  
client [83] (testset)   loss: 1.7252 -> 1.1437  accuracy: 70.00% -> 78.00%     
client [32] (testset)   loss: 1.6041 -> 1.4498  accuracy: 70.21% -> 72.34%     
client [95] (testset)   loss: 1.8364 -> 2.2831  accuracy: 64.29% -> 59.82%     
client [61] (testset)   loss: 2.1597 -> 1.6762  accuracy: 54.17% -> 65.83%     
client [27] (testset)   loss: 1.7563 -> 1.6809  accuracy: 65.33% -> 74.67%     
client [25] (testset)   loss: 1.1153 -> 1.7178  accuracy: 75.00% -> 60.00%     
client [68] (testset)   loss: 1.4412 -> 1.1210  accuracy: 73.24% -> 78.87%     
client [34] (testset)   loss: 1.2948 -> 1.1757  accuracy: 67.56% -> 76.44%     
client [71] (testset)   loss: 1.4473 -> 0.8562  accuracy: 71.58% -> 83.68%     
client [89] (testset)   loss: 1.6935 -> 1.1331  accuracy: 60.87% -> 72.46%     
---------------------------- TRAINING EPOCH: 280 ----------------------------  
client [78] (testset)   loss: 1.6316 -> 0.9550  accuracy: 66.17% -> 82.71%     
client [81] (testset)   loss: 1.3312 -> 1.1938  accuracy: 69.52% -> 76.19%     
client [51] (testset)   loss: 1.7657 -> 1.5219  accuracy: 64.29% -> 69.05%     
client [54] (testset)   loss: 2.4179 -> 1.8514  accuracy: 57.01% -> 71.96%     
client [65] (testset)   loss: 1.3748 -> 0.8005  accuracy: 70.45% -> 81.82%     
client [41] (testset)   loss: 1.8212 -> 1.3309  accuracy: 64.34% -> 76.22%     
client [11] (testset)   loss: 1.5938 -> 1.7297  accuracy: 67.69% -> 65.38%     
client [85] (testset)   loss: 1.6521 -> 1.5854  accuracy: 55.45% -> 65.35%     
client [12] (testset)   loss: 1.5068 -> 0.6810  accuracy: 72.00% -> 88.00%     
client [23] (testset)   loss: 1.6241 -> 1.2088  accuracy: 62.02% -> 73.64%     
---------------------------- TRAINING EPOCH: 290 ----------------------------  
client [16] (testset)   loss: 2.1560 -> 1.7211  accuracy: 60.80% -> 68.00%     
client [65] (testset)   loss: 1.2465 -> 0.7600  accuracy: 77.27% -> 79.55%     
client [53] (testset)   loss: 1.7335 -> 1.6865  accuracy: 68.42% -> 65.79%     
client [58] (testset)   loss: 1.4190 -> 1.2005  accuracy: 69.81% -> 72.33%     
client [72] (testset)   loss: 2.3926 -> 1.6786  accuracy: 56.15% -> 65.38%     
client [7]  (testset)   loss: 2.2254 -> 1.9274  accuracy: 62.21% -> 62.67%     
client [71] (testset)   loss: 1.2490 -> 0.8531  accuracy: 75.26% -> 83.68%     
client [59] (testset)   loss: 2.0788 -> 1.7962  accuracy: 52.23% -> 64.97%     
client [86] (testset)   loss: 1.4663 -> 1.4309  accuracy: 70.77% -> 73.08%     
client [39] (testset)   loss: 1.3600 -> 1.1341  accuracy: 67.24% -> 67.24%     
---------------------------- TRAINING EPOCH: 300 ----------------------------  
client [99] (testset)   loss: 1.9251 -> 1.7461  accuracy: 61.62% -> 70.27%     
client [7]  (testset)   loss: 2.3778 -> 1.9776  accuracy: 61.75% -> 62.67%     
client [17] (testset)   loss: 1.7185 -> 0.9791  accuracy: 68.63% -> 82.35%     
client [64] (testset)   loss: 1.9222 -> 1.2779  accuracy: 62.11% -> 76.84%     
client [37] (testset)   loss: 1.4166 -> 1.1590  accuracy: 71.43% -> 75.32%     
client [29] (testset)   loss: 1.8512 -> 1.9631  accuracy: 70.00% -> 72.31%     
client [93] (testset)   loss: 1.9723 -> 1.6396  accuracy: 65.28% -> 70.57%     
client [73] (testset)   loss: 1.8688 -> 1.4640  accuracy: 62.40% -> 73.26%     
client [40] (testset)   loss: 1.4707 -> 1.3003  accuracy: 66.67% -> 70.73%     
client [76] (testset)   loss: 2.2440 -> 1.2421  accuracy: 60.00% -> 78.18%     
---------------------------- TRAINING EPOCH: 310 ----------------------------  
client [31] (testset)   loss: 1.8187 -> 1.4836  accuracy: 64.64% -> 75.00%     
client [89] (testset)   loss: 1.6648 -> 1.1406  accuracy: 65.22% -> 72.46%     
client [77] (testset)   loss: 2.0694 -> 2.0754  accuracy: 62.15% -> 67.23%     
client [90] (testset)   loss: 2.4174 -> 1.6731  accuracy: 62.04% -> 69.44%     
client [26] (testset)   loss: 1.3458 -> 1.1558  accuracy: 75.28% -> 77.53%     
client [50] (testset)   loss: 1.4250 -> 0.8808  accuracy: 68.70% -> 83.21%     
client [30] (testset)   loss: 1.8587 -> 1.8370  accuracy: 66.34% -> 66.34%     
client [70] (testset)   loss: 1.5920 -> 1.4073  accuracy: 68.94% -> 73.48%     
client [41] (testset)   loss: 2.1068 -> 1.3152  accuracy: 61.54% -> 74.83%     
client [99] (testset)   loss: 2.0573 -> 1.9227  accuracy: 61.08% -> 66.49%     
---------------------------- TRAINING EPOCH: 320 ----------------------------  
client [68] (testset)   loss: 1.5633 -> 1.1650  accuracy: 76.06% -> 81.69%     
client [70] (testset)   loss: 1.5326 -> 1.3713  accuracy: 70.45% -> 72.73%     
client [52] (testset)   loss: 1.9746 -> 1.3531  accuracy: 59.18% -> 71.43%     
client [1]  (testset)   loss: 2.4589 -> 1.7490  accuracy: 56.65% -> 71.10%     
client [2]  (testset)   loss: 1.5277 -> 1.1790  accuracy: 67.31% -> 78.85%     
client [67] (testset)   loss: 1.7400 -> 1.7446  accuracy: 65.37% -> 68.83%     
client [92] (testset)   loss: 1.3483 -> 0.9092  accuracy: 70.33% -> 81.34%     
client [35] (testset)   loss: 1.3418 -> 0.6128  accuracy: 61.11% -> 85.19%     
client [36] (testset)   loss: 1.3594 -> 0.9735  accuracy: 65.66% -> 79.80%     
client [64] (testset)   loss: 1.8776 -> 1.3542  accuracy: 63.68% -> 71.05%     
---------------------------- TRAINING EPOCH: 330 ----------------------------  
client [44] (testset)   loss: 1.5136 -> 1.1032  accuracy: 72.19% -> 79.80%     
client [6]  (testset)   loss: 1.9665 -> 1.4828  accuracy: 63.20% -> 73.20%     
client [12] (testset)   loss: 1.4114 -> 0.6204  accuracy: 72.00% -> 89.33%     
client [55] (testset)   loss: 1.6368 -> 1.0251  accuracy: 68.87% -> 80.19%     
client [29] (testset)   loss: 2.5668 -> 2.1596  accuracy: 58.46% -> 70.77%     
client [9]  (testset)   loss: 1.9833 -> 1.6715  accuracy: 60.87% -> 66.52%     
client [43] (testset)   loss: 1.8942 -> 1.3046  accuracy: 64.96% -> 75.91%     
client [77] (testset)   loss: 2.1430 -> 2.0972  accuracy: 63.84% -> 64.41%     
client [98] (testset)   loss: 1.4658 -> 1.2311  accuracy: 69.08% -> 73.68%     
client [78] (testset)   loss: 1.7187 -> 0.9908  accuracy: 66.92% -> 82.71%     
---------------------------- TRAINING EPOCH: 340 ----------------------------  
client [92] (testset)   loss: 1.4329 -> 0.9157  accuracy: 69.86% -> 78.95%     
client [80] (testset)   loss: 2.0662 -> 2.0094  accuracy: 58.94% -> 62.25%     
client [63] (testset)   loss: 2.3405 -> 1.6859  accuracy: 57.14% -> 63.03%     
client [76] (testset)   loss: 1.7733 -> 1.1370  accuracy: 67.88% -> 79.39%     
client [78] (testset)   loss: 1.9459 -> 0.9453  accuracy: 66.17% -> 84.96%     
client [25] (testset)   loss: 1.4917 -> 1.5022  accuracy: 73.33% -> 75.00%     
client [58] (testset)   loss: 1.9350 -> 1.2886  accuracy: 61.64% -> 71.70%     
client [13] (testset)   loss: 2.1364 -> 1.6480  accuracy: 57.44% -> 73.14%     
client [17] (testset)   loss: 1.4801 -> 1.0880  accuracy: 72.55% -> 80.39%     
client [38] (testset)   loss: 1.6553 -> 1.3110  accuracy: 72.29% -> 81.93%     
---------------------------- TRAINING EPOCH: 350 ----------------------------  
client [72] (testset)   loss: 2.1825 -> 1.8135  accuracy: 55.38% -> 63.85%     
client [82] (testset)   loss: 1.7895 -> 1.1517  accuracy: 70.00% -> 82.86%     
client [86] (testset)   loss: 1.6555 -> 1.5672  accuracy: 64.62% -> 77.69%     
client [51] (testset)   loss: 2.0307 -> 1.5305  accuracy: 66.67% -> 71.43%     
client [96] (testset)   loss: 2.2539 -> 1.2499  accuracy: 55.64% -> 75.19%     
client [42] (testset)   loss: 2.1278 -> 0.9965  accuracy: 68.75% -> 78.12%     
client [55] (testset)   loss: 1.5429 -> 1.1329  accuracy: 70.75% -> 80.19%     
client [13] (testset)   loss: 2.0591 -> 1.5760  accuracy: 56.20% -> 72.31%     
client [1]  (testset)   loss: 3.1490 -> 1.8823  accuracy: 51.45% -> 69.36%     
client [12] (testset)   loss: 1.7877 -> 0.6977  accuracy: 66.67% -> 86.67%     
---------------------------- TRAINING EPOCH: 360 ----------------------------  
client [68] (testset)   loss: 1.4734 -> 1.1246  accuracy: 74.65% -> 78.87%     
client [23] (testset)   loss: 1.8375 -> 1.2965  accuracy: 59.69% -> 73.64%     
client [46] (testset)   loss: 1.7339 -> 1.6852  accuracy: 68.75% -> 71.88%     
client [41] (testset)   loss: 1.9702 -> 1.2494  accuracy: 61.54% -> 75.52%     
client [25] (testset)   loss: 1.5605 -> 1.0747  accuracy: 68.33% -> 73.33%     
client [58] (testset)   loss: 1.7115 -> 1.5175  accuracy: 67.30% -> 69.81%     
client [14] (testset)   loss: 2.6731 -> 1.8270  accuracy: 52.94% -> 68.91%     
client [33] (testset)   loss: 2.0802 -> 1.6484  accuracy: 63.82% -> 74.87%     
client [85] (testset)   loss: 2.0137 -> 1.7108  accuracy: 58.42% -> 63.37%     
client [62] (testset)   loss: 2.8616 -> 1.6901  accuracy: 52.53% -> 62.63%     
---------------------------- TRAINING EPOCH: 370 ----------------------------  
client [98] (testset)   loss: 1.3731 -> 1.2782  accuracy: 71.05% -> 75.66%     
client [63] (testset)   loss: 2.1147 -> 1.8341  accuracy: 61.34% -> 64.71%     
client [70] (testset)   loss: 1.7754 -> 1.4022  accuracy: 68.18% -> 74.24%     
client [65] (testset)   loss: 1.4995 -> 1.3301  accuracy: 77.27% -> 81.82%     
client [14] (testset)   loss: 2.3746 -> 1.8119  accuracy: 57.14% -> 72.27%     
client [73] (testset)   loss: 1.8888 -> 1.6368  accuracy: 67.05% -> 71.32%     
client [34] (testset)   loss: 1.3950 -> 1.0243  accuracy: 71.11% -> 78.22%     
client [99] (testset)   loss: 1.6549 -> 1.5958  accuracy: 63.78% -> 68.65%     
client [69] (testset)   loss: 2.6247 -> 2.2862  accuracy: 51.66% -> 66.89%     
client [46] (testset)   loss: 1.9740 -> 1.6475  accuracy: 65.62% -> 72.92%     
---------------------------- TRAINING EPOCH: 380 ----------------------------  
client [99] (testset)   loss: 1.8992 -> 2.0769  accuracy: 62.16% -> 66.49%     
client [93] (testset)   loss: 2.2289 -> 1.7338  accuracy: 65.28% -> 69.06%     
client [11] (testset)   loss: 1.9314 -> 1.8212  accuracy: 66.15% -> 68.46%     
client [58] (testset)   loss: 1.7256 -> 1.5372  accuracy: 67.30% -> 67.92%     
client [81] (testset)   loss: 1.7154 -> 1.2243  accuracy: 63.81% -> 77.14%     
client [85] (testset)   loss: 1.9054 -> 1.7670  accuracy: 59.41% -> 64.36%     
client [89] (testset)   loss: 1.8772 -> 1.2451  accuracy: 57.97% -> 72.46%     
client [45] (testset)   loss: 2.2343 -> 1.6951  accuracy: 63.10% -> 73.06%     
client [8]  (testset)   loss: 1.4235 -> 0.8549  accuracy: 66.67% -> 84.00%     
client [68] (testset)   loss: 1.7103 -> 1.2601  accuracy: 70.42% -> 85.92%     
---------------------------- TRAINING EPOCH: 390 ----------------------------  
client [67] (testset)   loss: 2.0080 -> 1.8345  accuracy: 64.94% -> 67.97%     
client [72] (testset)   loss: 2.4130 -> 1.9746  accuracy: 56.92% -> 63.08%     
client [1]  (testset)   loss: 3.3580 -> 1.8428  accuracy: 52.02% -> 70.52%     
client [78] (testset)   loss: 1.3878 -> 0.9418  accuracy: 74.44% -> 83.46%     
client [83] (testset)   loss: 2.0762 -> 1.0037  accuracy: 66.00% -> 80.00%     
client [21] (testset)   loss: 1.7424 -> 2.0250  accuracy: 71.83% -> 67.61%     
client [56] (testset)   loss: 1.7324 -> 1.9746  accuracy: 64.00% -> 56.00%     
client [44] (testset)   loss: 1.8560 -> 1.1139  accuracy: 67.55% -> 80.46%     
client [92] (testset)   loss: 1.3647 -> 0.9665  accuracy: 72.73% -> 80.86%     
client [27] (testset)   loss: 1.9623 -> 1.7912  accuracy: 66.67% -> 68.00%     
---------------------------- TRAINING EPOCH: 400 ----------------------------  
client [10] (testset)   loss: 1.6428 -> 1.5183  accuracy: 70.87% -> 70.87%     
client [39] (testset)   loss: 1.4432 -> 1.5032  accuracy: 63.79% -> 64.66%     
client [65] (testset)   loss: 1.4140 -> 1.1038  accuracy: 75.00% -> 77.27%     
client [26] (testset)   loss: 1.5050 -> 1.0099  accuracy: 74.16% -> 82.58%     
client [19] (testset)   loss: 1.2414 -> 1.0826  accuracy: 76.32% -> 78.95%     
client [68] (testset)   loss: 1.1909 -> 1.1317  accuracy: 81.69% -> 84.51%     
client [41] (testset)   loss: 2.4718 -> 1.2883  accuracy: 58.04% -> 77.62%     
client [50] (testset)   loss: 1.5052 -> 0.9382  accuracy: 71.76% -> 80.92%     
client [75] (testset)   loss: 2.1061 -> 1.5876  accuracy: 62.50% -> 71.25%     
client [81] (testset)   loss: 1.6492 -> 1.3250  accuracy: 67.62% -> 74.29%     
FedDpa's average time taken by each global epoch: 0 min 13.85 sec.             
FedDpa's total running time: 1 h 39 m 57 s.                                    
==================== FedDpa Experiment Results: ====================           
Display format: (before local fine-tuning) -> (after local fine-tuning)        
 So if finetune_epoch = 0, x.xx% -> 0.00% is normal.                           
 Centralized testing ONLY happens after model aggregation, so the stats between
'->' are the same.                                                             
{                                                                              
    "100": {                                                                   
        "all_clients": {                                                       
            "test": {                                                          
                "loss": "1.3363 -> 1.1857",                                    
                "accuracy": "63.04% -> 71.82%"                                 
            }                                                                  
        }                                                                      
    },                                                                         
    "200": {                                                                   
        "all_clients": {                                                       
            "test": {                                                          
                "loss": "1.5336 -> 1.3155",                                    
                "accuracy": "64.73% -> 72.77%"                                 
            }                                                                  
        }                                                                      
    },                                                                         
    "300": {                                                                   
        "all_clients": {                                                       
            "test": {                                                          
                "loss": "1.8228 -> 1.4503",                                    
                "accuracy": "64.87% -> 72.83%"                                 
            }                                                                  
        }                                                                      
    },                                                                         
    "400": {                                                                   
        "all_clients": {                                                       
            "test": {                                                          
                "loss": "1.9383 -> 1.5272",                                    
                "accuracy": "64.99% -> 72.96%"                                 
            }                                                                  
        }                                                                      
    }                                                                          
}                                                                              
==================== FedDpa Max Accuracy ====================                  
all_clients:                                                                   
(test) before fine-tuning: 64.99% at epoch 400                                 
(test) after fine-tuning: 72.96% at epoch 400                                  
