==================== FedFewA ====================                              
Experiment Arguments:                                                          
{
    'method': 'fedfewa',
    'dataset': {
        'name': 'svhn',
        'client_num': 100,
        'test_ratio': 0.25,
        'val_ratio': 0.0,
        'seed': 42,
        'split': 'sample',
        'IID_ratio': 0.0,
        'monitor_window_name_suffix': 'svhn-100clients-0%IID-Dir(0.1)-seed42',
        'alpha': 0.1,
        'min_samples_per_client': 10
    },
    'model': {
        'name': 'avgcnn',
        'use_torchvision_pretrained_weights': True,
        'external_model_weights_path': None
    },
    'optimizer': {
        'lr': 0.01,
        'dampening': 0,
        'weight_decay': 0,
        'momentum': 0.7,
        'nesterov': False,
        'name': 'sgd'
    },
    'mode': 'serial',
    'parallel': {
        'ray_cluster_addr': None,
        'num_cpus': None,
        'num_gpus': None,
        'num_workers': 2
    },
    'common': {
        'seed': 42,
        'join_ratio': 0.1,
        'global_epoch': 400,
        'local_epoch': 5,
        'batch_size': 32,
        'reset_optimizer_on_global_epoch': True,
        'straggler_ratio': 0,
        'straggler_min_local_epoch': 0,
        'buffers': 'global',
        'client_side_evaluation': True,
        'test': {
            'client': {
                'interval': 100,
                'finetune_epoch': 0,
                'train': False,
                'val': False,
                'test': True
            },
            'server': {
                'interval': -1,
                'train': False,
                'val': False,
                'test': True,
                'model_in_train_mode': False
            }
        },
        'verbose_gap': 10,
        'monitor': None,
        'use_cuda': True,
        'save_log': True,
        'save_model': False,
        'save_learning_curve_plot': True,
        'save_metrics': True,
        'delete_useless_run': True
    },
    'fedprox': {
        'mu': 0.01
    },
    'pfedsim': {
        'warmup_round': 0.5
    },
    'fedfewa': {
        'ig_ratio': 0.9495,
        'alpha': 0.5,
        'norm': 'global',
        'EMA': True,
        'CLS': True,
        'track': False,
        'type': 'Ablation'
    }
}
---------------------------- TRAINING EPOCH: 10 ----------------------------   
client [77] (testset)   loss: 0.5187 -> 0.4798  accuracy: 86.20% -> 86.68%     
client [81] (testset)   loss: 0.8887 -> 0.4412  accuracy: 70.97% -> 87.10%     
client [21] (testset)   loss: 1.5683 -> 1.1283  accuracy: 61.11% -> 80.56%     
client [68] (testset)   loss: 0.1361 -> 0.0156  accuracy: 97.92% -> 100.00%    
client [93] (testset)   loss: 0.6821 -> 0.4985  accuracy: 80.65% -> 83.23%     
client [31] (testset)   loss: 0.6308 -> 0.4347  accuracy: 85.71% -> 85.71%     
client [20] (testset)   loss: 0.5385 -> 0.3501  accuracy: 82.81% -> 88.02%     
client [59] (testset)   loss: 1.0272 -> 0.3856  accuracy: 61.66% -> 86.53%     
client [48] (testset)   loss: 0.8373 -> 1.3739  accuracy: 75.76% -> 57.58%     
client [34] (testset)   loss: 0.6478 -> 0.4927  accuracy: 86.36% -> 81.82%     
---------------------------- TRAINING EPOCH: 20 ----------------------------   
client [69] (testset)   loss: 0.6753 -> 0.4771  accuracy: 82.78% -> 90.07%     
client [99] (testset)   loss: 0.8280 -> 0.2298  accuracy: 79.05% -> 94.29%     
client [67] (testset)   loss: 0.7228 -> 0.1499  accuracy: 83.79% -> 93.68%     
client [0]  (testset)   loss: 0.5515 -> 0.3382  accuracy: 84.21% -> 90.35%     
client [76] (testset)   loss: 0.3453 -> 0.0094  accuracy: 90.38% -> 100.00%    
client [41] (testset)   loss: 0.6366 -> 0.4363  accuracy: 82.49% -> 89.35%     
client [62] (testset)   loss: 0.5928 -> 0.3550  accuracy: 85.15% -> 91.05%     
client [2]  (testset)   loss: 0.7524 -> 0.0284  accuracy: 78.50% -> 99.23%     
client [14] (testset)   loss: 0.3886 -> 0.2211  accuracy: 88.69% -> 94.64%     
client [46] (testset)   loss: 0.9770 -> 0.8189  accuracy: 84.21% -> 89.47%     
---------------------------- TRAINING EPOCH: 30 ----------------------------   
client [24] (testset)   loss: 0.3088 -> 0.1952  accuracy: 92.86% -> 95.96%     
client [68] (testset)   loss: 0.1141 -> 0.0049  accuracy: 97.92% -> 100.00%    
client [57] (testset)   loss: 0.4117 -> 0.1924  accuracy: 86.71% -> 94.14%     
client [17] (testset)   loss: 0.6086 -> 0.0317  accuracy: 85.83% -> 98.43%     
client [54] (testset)   loss: 0.2458 -> 0.1283  accuracy: 93.81% -> 96.91%     
client [23] (testset)   loss: 0.5336 -> 0.2016  accuracy: 83.18% -> 97.20%     
client [35] (testset)   loss: 0.1539 -> 0.1787  accuracy: 96.40% -> 96.04%     
client [59] (testset)   loss: 0.4132 -> 0.2491  accuracy: 86.79% -> 90.16%     
client [31] (testset)   loss: 0.6323 -> 0.3893  accuracy: 85.71% -> 88.57%     
client [9]  (testset)   loss: 0.5056 -> 0.3448  accuracy: 89.36% -> 92.91%     
---------------------------- TRAINING EPOCH: 40 ----------------------------   
client [64] (testset)   loss: 0.6271 -> 0.1909  accuracy: 85.19% -> 94.07%     
client [33] (testset)   loss: 0.1367 -> 0.1229  accuracy: 95.38% -> 97.23%     
client [16] (testset)   loss: 0.2047 -> 0.0112  accuracy: 91.36% -> 100.00%    
client [44] (testset)   loss: 0.5158 -> 0.1782  accuracy: 84.54% -> 93.81%     
client [8]  (testset)   loss: 1.2745 -> 0.0340  accuracy: 81.25% -> 100.00%    
client [31] (testset)   loss: 0.4469 -> 0.6095  accuracy: 85.71% -> 85.71%     
client [47] (testset)   loss: 0.2730 -> 0.1629  accuracy: 92.98% -> 96.56%     
client [36] (testset)   loss: 2.0120 -> 3.0952  accuracy: 60.00% -> 60.00%     
client [20] (testset)   loss: 0.5279 -> 0.2711  accuracy: 80.21% -> 93.23%     
client [56] (testset)   loss: 0.3221 -> 0.2934  accuracy: 92.40% -> 94.67%     
---------------------------- TRAINING EPOCH: 50 ----------------------------   
client [4]  (testset)   loss: 0.7244 -> 0.1567  accuracy: 89.71% -> 98.53%     
client [60] (testset)   loss: 0.0857 -> 0.0003  accuracy: 92.86% -> 100.00%    
client [28] (testset)   loss: 0.1163 -> 0.1415  accuracy: 96.70% -> 96.23%     
client [25] (testset)   loss: 0.4727 -> 0.2926  accuracy: 82.50% -> 95.00%     
client [58] (testset)   loss: 0.5121 -> 0.2458  accuracy: 89.27% -> 93.49%     
client [44] (testset)   loss: 0.5204 -> 0.1540  accuracy: 86.60% -> 94.85%     
client [39] (testset)   loss: 0.2881 -> 0.1115  accuracy: 92.68% -> 97.56%     
client [29] (testset)   loss: 0.4789 -> 0.5353  accuracy: 87.17% -> 90.26%     
client [3]  (testset)   loss: 0.2655 -> 0.1471  accuracy: 91.57% -> 97.19%     
client [84] (testset)   loss: 0.4009 -> 0.3459  accuracy: 90.50% -> 90.95%     
---------------------------- TRAINING EPOCH: 60 ----------------------------   
client [21] (testset)   loss: 1.1702 -> 1.0266  accuracy: 83.33% -> 77.78%     
client [84] (testset)   loss: 0.3607 -> 0.3171  accuracy: 90.05% -> 92.31%     
client [10] (testset)   loss: 0.2764 -> 0.1821  accuracy: 93.51% -> 96.44%     
client [36] (testset)   loss: 2.9044 -> 3.4678  accuracy: 60.00% -> 60.00%     
client [65] (testset)   loss: 0.1688 -> 0.0809  accuracy: 96.66% -> 98.40%     
client [81] (testset)   loss: 0.4740 -> 0.4422  accuracy: 83.87% -> 93.55%     
client [79] (testset)   loss: 0.1543 -> 0.1016  accuracy: 95.07% -> 97.11%     
client [42] (testset)   loss: 0.2097 -> 0.1115  accuracy: 92.65% -> 97.06%     
client [11] (testset)   loss: 0.2119 -> 0.1555  accuracy: 94.81% -> 93.51%     
client [96] (testset)   loss: 0.2531 -> 0.0073  accuracy: 91.07% -> 100.00%    
---------------------------- TRAINING EPOCH: 70 ----------------------------   
client [8]  (testset)   loss: 0.5860 -> 0.0536  accuracy: 87.50% -> 100.00%    
client [53] (testset)   loss: 0.1366 -> 0.1734  accuracy: 96.94% -> 97.38%     
client [52] (testset)   loss: 0.2728 -> 0.0697  accuracy: 92.34% -> 97.86%     
client [42] (testset)   loss: 0.1198 -> 0.1215  accuracy: 95.59% -> 97.06%     
client [69] (testset)   loss: 0.3277 -> 0.4297  accuracy: 92.05% -> 91.39%     
client [59] (testset)   loss: 0.3085 -> 0.2680  accuracy: 90.93% -> 90.67%     
client [7]  (testset)   loss: 0.4711 -> 0.1755  accuracy: 87.36% -> 94.22%     
client [26] (testset)   loss: 0.1418 -> 0.0997  accuracy: 96.82% -> 98.09%     
client [49] (testset)   loss: 0.2055 -> 0.0826  accuracy: 93.51% -> 96.76%     
client [98] (testset)   loss: 0.2176 -> 0.3085  accuracy: 95.63% -> 95.63%     
---------------------------- TRAINING EPOCH: 80 ----------------------------   
client [98] (testset)   loss: 0.2654 -> 0.2813  accuracy: 94.84% -> 95.63%     
client [47] (testset)   loss: 0.2777 -> 0.1838  accuracy: 94.83% -> 96.56%     
client [21] (testset)   loss: 0.9414 -> 0.9700  accuracy: 83.33% -> 86.11%     
client [77] (testset)   loss: 0.4389 -> 0.4900  accuracy: 89.83% -> 91.53%     
client [95] (testset)   loss: 0.3765 -> 0.3485  accuracy: 95.74% -> 94.68%     
client [91] (testset)   loss: 0.4325 -> 0.3193  accuracy: 91.08% -> 92.36%     
client [14] (testset)   loss: 0.2389 -> 0.1500  accuracy: 96.43% -> 97.62%     
client [99] (testset)   loss: 0.4360 -> 0.1986  accuracy: 89.76% -> 95.71%     
client [20] (testset)   loss: 0.2251 -> 0.3096  accuracy: 92.19% -> 93.75%     
client [39] (testset)   loss: 0.1234 -> 0.1216  accuracy: 97.56% -> 97.56%     
---------------------------- TRAINING EPOCH: 90 ----------------------------   
client [52] (testset)   loss: 0.3039 -> 0.0640  accuracy: 91.62% -> 97.33%     
client [62] (testset)   loss: 0.3288 -> 0.3641  accuracy: 94.10% -> 94.98%     
client [71] (testset)   loss: 0.2574 -> 0.2640  accuracy: 95.63% -> 95.08%     
client [97] (testset)   loss: 0.1778 -> 0.1092  accuracy: 93.84% -> 97.45%     
client [30] (testset)   loss: 0.0417 -> 0.0132  accuracy: 98.41% -> 98.41%     
client [88] (testset)   loss: 0.0821 -> 0.1166  accuracy: 98.36% -> 98.36%     
client [60] (testset)   loss: 0.0008 -> 0.0001  accuracy: 100.00% -> 100.00%   
client [82] (testset)   loss: 1.4792 -> 0.4689  accuracy: 84.21% -> 89.47%     
client [91] (testset)   loss: 0.4148 -> 0.3523  accuracy: 90.45% -> 91.08%     
client [57] (testset)   loss: 0.1797 -> 0.1697  accuracy: 95.72% -> 95.50%     
---------------------------- TRAINING EPOCH: 100 ----------------------------  
client [31] (testset)   loss: 0.5609 -> 0.5898  accuracy: 91.43% -> 91.43%     
client [15] (testset)   loss: 0.3883 -> 0.1838  accuracy: 91.04% -> 95.94%     
client [71] (testset)   loss: 0.2990 -> 0.2259  accuracy: 93.99% -> 94.54%     
client [97] (testset)   loss: 0.1913 -> 0.1147  accuracy: 94.48% -> 97.24%     
client [53] (testset)   loss: 0.1043 -> 0.2043  accuracy: 97.38% -> 97.82%     
client [77] (testset)   loss: 0.4119 -> 0.4496  accuracy: 92.01% -> 91.28%     
client [76] (testset)   loss: 0.1100 -> 0.0033  accuracy: 96.79% -> 100.00%    
client [79] (testset)   loss: 0.1979 -> 0.0936  accuracy: 95.58% -> 97.62%     
client [28] (testset)   loss: 0.3532 -> 0.1560  accuracy: 94.34% -> 98.11%     
client [99] (testset)   loss: 0.5222 -> 0.2350  accuracy: 89.05% -> 94.52%     
---------------------------- TRAINING EPOCH: 110 ----------------------------  
client [97] (testset)   loss: 0.1480 -> 0.1193  accuracy: 95.97% -> 97.24%     
client [86] (testset)   loss: 0.3988 -> 0.4247  accuracy: 94.09% -> 95.70%     
client [34] (testset)   loss: 0.3943 -> 0.2350  accuracy: 86.36% -> 90.91%     
client [73] (testset)   loss: 0.1932 -> 0.0786  accuracy: 97.39% -> 99.13%     
client [5]  (testset)   loss: 0.3048 -> 0.1779  accuracy: 90.62% -> 93.75%     
client [96] (testset)   loss: 0.0073 -> 0.0119  accuracy: 100.00% -> 100.00%   
client [22] (testset)   loss: 1.3643 -> 0.9976  accuracy: 84.38% -> 87.50%     
client [60] (testset)   loss: 0.0005 -> 0.0001  accuracy: 100.00% -> 100.00%   
client [66] (testset)   loss: 0.4274 -> 0.2529  accuracy: 88.89% -> 93.33%     
client [83] (testset)   loss: 0.0325 -> 0.0082  accuracy: 100.00% -> 100.00%   
---------------------------- TRAINING EPOCH: 120 ----------------------------  
client [76] (testset)   loss: 0.0298 -> 0.0047  accuracy: 98.08% -> 100.00%    
client [65] (testset)   loss: 0.1326 -> 0.0986  accuracy: 97.06% -> 98.26%     
client [95] (testset)   loss: 0.3776 -> 0.4640  accuracy: 94.68% -> 91.49%     
client [17] (testset)   loss: 0.3377 -> 0.0635  accuracy: 94.49% -> 98.43%     
client [8]  (testset)   loss: 0.1602 -> 0.0030  accuracy: 93.75% -> 100.00%    
client [35] (testset)   loss: 0.1578 -> 0.1863  accuracy: 96.94% -> 97.48%     
client [98] (testset)   loss: 0.2431 -> 0.2629  accuracy: 96.03% -> 96.83%     
client [53] (testset)   loss: 0.1221 -> 0.2046  accuracy: 96.07% -> 97.38%     
client [43] (testset)   loss: 0.2616 -> 0.2644  accuracy: 94.40% -> 94.40%     
client [64] (testset)   loss: 0.2982 -> 0.1679  accuracy: 91.85% -> 94.81%     
---------------------------- TRAINING EPOCH: 130 ----------------------------  
client [21] (testset)   loss: 0.8859 -> 1.2834  accuracy: 80.56% -> 83.33%     
client [88] (testset)   loss: 0.0975 -> 0.0800  accuracy: 97.70% -> 98.69%     
client [38] (testset)   loss: 0.3157 -> 0.2275  accuracy: 96.23% -> 98.24%     
client [3]  (testset)   loss: 0.1610 -> 0.1480  accuracy: 96.79% -> 95.98%     
client [5]  (testset)   loss: 0.3478 -> 0.1584  accuracy: 93.75% -> 93.75%     
client [41] (testset)   loss: 0.4159 -> 0.4485  accuracy: 91.95% -> 92.07%     
client [7]  (testset)   loss: 0.2282 -> 0.2559  accuracy: 95.31% -> 95.31%     
client [37] (testset)   loss: 0.0423 -> 0.0329  accuracy: 98.86% -> 99.43%     
client [45] (testset)   loss: 0.0815 -> 0.0646  accuracy: 96.88% -> 97.92%     
client [47] (testset)   loss: 0.2330 -> 0.1814  accuracy: 96.29% -> 96.82%     
---------------------------- TRAINING EPOCH: 140 ----------------------------  
client [16] (testset)   loss: 0.2334 -> 0.2317  accuracy: 97.53% -> 98.77%     
client [11] (testset)   loss: 0.2735 -> 0.2968  accuracy: 96.10% -> 96.10%     
client [37] (testset)   loss: 0.0294 -> 0.0276  accuracy: 99.43% -> 99.43%     
client [41] (testset)   loss: 0.4296 -> 0.4759  accuracy: 90.77% -> 91.24%     
client [95] (testset)   loss: 0.4856 -> 0.4660  accuracy: 94.68% -> 93.62%     
client [53] (testset)   loss: 0.1072 -> 0.1892  accuracy: 96.94% -> 97.38%     
client [22] (testset)   loss: 1.4033 -> 1.0253  accuracy: 84.38% -> 87.50%     
client [25] (testset)   loss: 0.0554 -> 0.2759  accuracy: 97.50% -> 95.00%     
client [69] (testset)   loss: 0.4870 -> 0.4851  accuracy: 91.39% -> 92.72%     
client [46] (testset)   loss: 1.0060 -> 1.0345  accuracy: 81.58% -> 84.21%     
---------------------------- TRAINING EPOCH: 150 ----------------------------  
client [47] (testset)   loss: 0.2104 -> 0.2086  accuracy: 96.82% -> 96.69%     
client [69] (testset)   loss: 0.4615 -> 0.4849  accuracy: 92.05% -> 91.39%     
client [82] (testset)   loss: 1.1562 -> 0.4950  accuracy: 84.21% -> 84.21%     
client [45] (testset)   loss: 0.0299 -> 0.0478  accuracy: 98.96% -> 97.92%     
client [7]  (testset)   loss: 0.1987 -> 0.2281  accuracy: 95.67% -> 94.58%     
client [50] (testset)   loss: 0.3994 -> 0.2770  accuracy: 97.62% -> 97.62%     
client [35] (testset)   loss: 0.1713 -> 0.1945  accuracy: 97.30% -> 97.30%     
client [24] (testset)   loss: 0.3391 -> 0.3339  accuracy: 95.03% -> 95.96%     
client [15] (testset)   loss: 0.1972 -> 0.2112  accuracy: 95.24% -> 96.64%     
client [58] (testset)   loss: 0.3413 -> 0.3243  accuracy: 93.10% -> 93.49%     
---------------------------- TRAINING EPOCH: 160 ----------------------------  
client [48] (testset)   loss: 0.4542 -> 0.5953  accuracy: 87.88% -> 87.88%     
client [76] (testset)   loss: 0.0434 -> 0.0426  accuracy: 98.08% -> 99.36%     
client [67] (testset)   loss: 0.2230 -> 0.2161  accuracy: 96.44% -> 96.84%     
client [37] (testset)   loss: 0.0250 -> 0.0232  accuracy: 99.43% -> 99.43%     
client [58] (testset)   loss: 0.3374 -> 0.3423  accuracy: 92.72% -> 93.49%     
client [64] (testset)   loss: 0.3042 -> 0.2036  accuracy: 91.11% -> 95.56%     
client [77] (testset)   loss: 0.4632 -> 0.5627  accuracy: 91.53% -> 92.25%     
client [55] (testset)   loss: 0.3686 -> 0.3267  accuracy: 93.37% -> 93.62%     
client [12] (testset)   loss: 0.3693 -> 0.1347  accuracy: 90.91% -> 90.91%     
client [89] (testset)   loss: 0.2571 -> 0.2130  accuracy: 96.57% -> 96.08%     
---------------------------- TRAINING EPOCH: 170 ----------------------------  
client [84] (testset)   loss: 0.3373 -> 0.3653  accuracy: 93.21% -> 92.76%     
client [51] (testset)   loss: 0.2142 -> 0.2606  accuracy: 96.96% -> 97.34%     
client [8]  (testset)   loss: 0.0296 -> 0.0167  accuracy: 100.00% -> 100.00%   
client [18] (testset)   loss: 0.1792 -> 0.1400  accuracy: 94.96% -> 95.35%     
client [94] (testset)   loss: 0.0669 -> 0.0585  accuracy: 97.85% -> 98.47%     
client [81] (testset)   loss: 0.3958 -> 0.3286  accuracy: 90.32% -> 90.32%     
client [3]  (testset)   loss: 0.1596 -> 0.1721  accuracy: 96.79% -> 96.79%     
client [11] (testset)   loss: 0.2388 -> 0.2145  accuracy: 98.70% -> 94.81%     
client [95] (testset)   loss: 0.3988 -> 0.4539  accuracy: 94.68% -> 93.62%     
client [67] (testset)   loss: 0.2302 -> 0.1931  accuracy: 96.05% -> 96.84%     
---------------------------- TRAINING EPOCH: 180 ----------------------------  
client [21] (testset)   loss: 0.7584 -> 1.4736  accuracy: 88.89% -> 83.33%     
client [79] (testset)   loss: 0.1174 -> 0.0716  accuracy: 97.11% -> 97.96%     
client [58] (testset)   loss: 0.3112 -> 0.3207  accuracy: 93.10% -> 94.25%     
client [88] (testset)   loss: 0.0916 -> 0.0957  accuracy: 98.36% -> 98.69%     
client [46] (testset)   loss: 1.4371 -> 1.3300  accuracy: 86.84% -> 86.84%     
client [11] (testset)   loss: 0.2164 -> 0.3452  accuracy: 97.40% -> 97.40%     
client [55] (testset)   loss: 0.4158 -> 0.3932  accuracy: 93.11% -> 93.88%     
client [13] (testset)   loss: 0.1429 -> 0.1490  accuracy: 97.00% -> 97.50%     
client [31] (testset)   loss: 0.4257 -> 0.5448  accuracy: 91.43% -> 91.43%     
client [75] (testset)   loss: 0.3603 -> 0.2441  accuracy: 91.67% -> 92.36%     
---------------------------- TRAINING EPOCH: 190 ----------------------------  
client [19] (testset)   loss: 0.1549 -> 0.1673  accuracy: 95.43% -> 95.43%     
client [7]  (testset)   loss: 0.2102 -> 0.2276  accuracy: 94.58% -> 96.39%     
client [57] (testset)   loss: 0.1771 -> 0.1769  accuracy: 96.40% -> 97.07%     
client [13] (testset)   loss: 0.1454 -> 0.1672  accuracy: 97.00% -> 97.50%     
client [43] (testset)   loss: 0.2933 -> 0.2935  accuracy: 94.40% -> 94.03%     
client [91] (testset)   loss: 0.4409 -> 0.4120  accuracy: 91.72% -> 91.08%     
client [10] (testset)   loss: 0.2162 -> 0.1937  accuracy: 96.23% -> 96.86%     
client [64] (testset)   loss: 0.2437 -> 0.1888  accuracy: 94.07% -> 94.81%     
client [82] (testset)   loss: 0.8586 -> 0.4998  accuracy: 89.47% -> 89.47%     
client [22] (testset)   loss: 1.2220 -> 1.2653  accuracy: 87.50% -> 81.25%     
---------------------------- TRAINING EPOCH: 200 ----------------------------  
client [20] (testset)   loss: 0.3384 -> 0.3590  accuracy: 93.75% -> 93.23%     
client [23] (testset)   loss: 0.0503 -> 0.1883  accuracy: 98.13% -> 97.20%     
client [88] (testset)   loss: 0.0941 -> 0.0963  accuracy: 98.03% -> 98.36%     
client [98] (testset)   loss: 0.2813 -> 0.2978  accuracy: 96.03% -> 96.83%     
client [79] (testset)   loss: 0.0723 -> 0.0792  accuracy: 98.30% -> 98.64%     
client [21] (testset)   loss: 0.8726 -> 1.0291  accuracy: 86.11% -> 86.11%     
client [92] (testset)   loss: 0.4367 -> 0.3717  accuracy: 91.16% -> 92.27%     
client [56] (testset)   loss: 0.2815 -> 0.3088  accuracy: 96.15% -> 95.92%     
client [5]  (testset)   loss: 0.2729 -> 0.2404  accuracy: 92.19% -> 92.19%     
client [52] (testset)   loss: 0.2300 -> 0.1146  accuracy: 96.08% -> 97.50%     
---------------------------- TRAINING EPOCH: 210 ----------------------------  
client [67] (testset)   loss: 0.1880 -> 0.2104  accuracy: 97.23% -> 96.44%     
client [54] (testset)   loss: 0.0701 -> 0.2916  accuracy: 96.91% -> 93.81%     
client [14] (testset)   loss: 0.2109 -> 0.1657  accuracy: 97.62% -> 97.02%     
client [99] (testset)   loss: 0.2325 -> 0.2463  accuracy: 95.71% -> 95.48%     
client [36] (testset)   loss: 5.9767 -> 5.1900  accuracy: 60.00% -> 70.00%     
client [30] (testset)   loss: 0.0053 -> 0.0507  accuracy: 100.00% -> 96.83%    
client [38] (testset)   loss: 0.3074 -> 0.2781  accuracy: 97.24% -> 97.99%     
client [15] (testset)   loss: 0.1982 -> 0.2115  accuracy: 96.50% -> 96.08%     
client [6]  (testset)   loss: 0.1760 -> 0.1721  accuracy: 95.62% -> 96.81%     
client [53] (testset)   loss: 0.1250 -> 0.1452  accuracy: 98.25% -> 98.25%     
---------------------------- TRAINING EPOCH: 220 ----------------------------  
client [99] (testset)   loss: 0.2705 -> 0.2615  accuracy: 94.76% -> 95.48%     
client [6]  (testset)   loss: 0.1918 -> 0.1867  accuracy: 95.62% -> 96.02%     
client [83] (testset)   loss: 0.0040 -> 0.0024  accuracy: 100.00% -> 100.00%   
client [42] (testset)   loss: 0.2076 -> 0.2094  accuracy: 95.59% -> 95.59%     
client [34] (testset)   loss: 0.4607 -> 0.3309  accuracy: 86.36% -> 86.36%     
client [15] (testset)   loss: 0.2003 -> 0.2073  accuracy: 96.22% -> 96.36%     
client [47] (testset)   loss: 0.2370 -> 0.2353  accuracy: 96.69% -> 96.82%     
client [55] (testset)   loss: 0.4487 -> 0.4538  accuracy: 94.39% -> 94.39%     
client [51] (testset)   loss: 0.2717 -> 0.2522  accuracy: 96.58% -> 96.96%     
client [95] (testset)   loss: 0.6045 -> 0.6025  accuracy: 95.74% -> 93.62%     
---------------------------- TRAINING EPOCH: 230 ----------------------------  
client [71] (testset)   loss: 0.3801 -> 0.3508  accuracy: 95.08% -> 96.17%     
client [15] (testset)   loss: 0.2034 -> 0.1958  accuracy: 96.64% -> 96.50%     
client [33] (testset)   loss: 0.1262 -> 0.1488  accuracy: 97.54% -> 98.15%     
client [99] (testset)   loss: 0.2934 -> 0.2599  accuracy: 95.48% -> 95.95%     
client [90] (testset)   loss: 0.0990 -> 0.1667  accuracy: 96.30% -> 93.83%     
client [57] (testset)   loss: 0.2014 -> 0.1762  accuracy: 97.30% -> 96.40%     
client [27] (testset)   loss: 0.3327 -> 0.3616  accuracy: 93.50% -> 93.50%     
client [78] (testset)   loss: 0.1154 -> 0.1218  accuracy: 97.44% -> 97.44%     
client [36] (testset)   loss: 6.3535 -> 5.7613  accuracy: 60.00% -> 70.00%     
client [88] (testset)   loss: 0.1086 -> 0.1107  accuracy: 98.36% -> 98.69%     
---------------------------- TRAINING EPOCH: 240 ----------------------------  
client [70] (testset)   loss: 0.4049 -> 0.3977  accuracy: 93.58% -> 94.44%     
client [35] (testset)   loss: 0.1805 -> 0.2057  accuracy: 97.12% -> 97.48%     
client [16] (testset)   loss: 0.3063 -> 0.3095  accuracy: 97.53% -> 97.53%     
client [80] (testset)   loss: 0.6656 -> 0.9777  accuracy: 91.30% -> 88.41%     
client [38] (testset)   loss: 0.3896 -> 0.2968  accuracy: 96.98% -> 97.49%     
client [78] (testset)   loss: 0.0952 -> 0.0810  accuracy: 98.29% -> 97.44%     
client [68] (testset)   loss: 0.0003 -> 0.0003  accuracy: 100.00% -> 100.00%   
client [11] (testset)   loss: 0.2024 -> 0.1198  accuracy: 97.40% -> 97.40%     
client [64] (testset)   loss: 0.2602 -> 0.1996  accuracy: 92.59% -> 95.56%     
client [82] (testset)   loss: 1.0627 -> 0.6024  accuracy: 89.47% -> 89.47%     
---------------------------- TRAINING EPOCH: 250 ----------------------------  
client [30] (testset)   loss: 0.0061 -> 0.0129  accuracy: 100.00% -> 98.41%    
client [27] (testset)   loss: 0.3138 -> 0.3073  accuracy: 95.00% -> 95.50%     
client [74] (testset)   loss: 0.6708 -> 0.6398  accuracy: 87.42% -> 88.74%     
client [45] (testset)   loss: 0.0155 -> 0.0648  accuracy: 98.96% -> 97.92%     
client [6]  (testset)   loss: 0.1863 -> 0.1861  accuracy: 96.02% -> 96.41%     
client [36] (testset)   loss: 5.9524 -> 5.4079  accuracy: 60.00% -> 70.00%     
client [63] (testset)   loss: 0.4150 -> 0.5041  accuracy: 95.45% -> 95.45%     
client [76] (testset)   loss: 0.0022 -> 0.0675  accuracy: 100.00% -> 99.36%    
client [83] (testset)   loss: 0.0020 -> 0.0012  accuracy: 100.00% -> 100.00%   
client [86] (testset)   loss: 0.5224 -> 0.5561  accuracy: 94.09% -> 94.62%     
---------------------------- TRAINING EPOCH: 260 ----------------------------  
client [83] (testset)   loss: 0.0017 -> 0.0010  accuracy: 100.00% -> 100.00%   
client [99] (testset)   loss: 0.2859 -> 0.2708  accuracy: 95.00% -> 94.76%     
client [74] (testset)   loss: 0.6803 -> 0.6407  accuracy: 88.08% -> 88.74%     
client [73] (testset)   loss: 0.0808 -> 0.0711  accuracy: 98.70% -> 98.70%     
client [29] (testset)   loss: 0.4371 -> 0.5936  accuracy: 92.40% -> 89.31%     
client [92] (testset)   loss: 0.4437 -> 0.4321  accuracy: 91.71% -> 92.82%     
client [6]  (testset)   loss: 0.2303 -> 0.2117  accuracy: 94.42% -> 95.22%     
client [61] (testset)   loss: 0.3519 -> 0.3133  accuracy: 94.38% -> 93.57%     
client [21] (testset)   loss: 1.1924 -> 0.9316  accuracy: 88.89% -> 88.89%     
client [67] (testset)   loss: 0.1992 -> 0.1947  accuracy: 96.84% -> 97.23%     
---------------------------- TRAINING EPOCH: 270 ----------------------------  
client [83] (testset)   loss: 0.0013 -> 0.0008  accuracy: 100.00% -> 100.00%   
client [32] (testset)   loss: 0.5467 -> 0.4749  accuracy: 92.81% -> 94.96%     
client [95] (testset)   loss: 0.5389 -> 0.5637  accuracy: 94.68% -> 94.68%     
client [61] (testset)   loss: 0.3657 -> 0.3583  accuracy: 94.38% -> 93.98%     
client [27] (testset)   loss: 0.3646 -> 0.3518  accuracy: 94.00% -> 95.50%     
client [25] (testset)   loss: 0.2720 -> 0.2905  accuracy: 95.00% -> 97.50%     
client [68] (testset)   loss: 0.0001 -> 0.0001  accuracy: 100.00% -> 100.00%   
client [34] (testset)   loss: 0.3552 -> 0.2531  accuracy: 86.36% -> 90.91%     
client [71] (testset)   loss: 0.3369 -> 0.3315  accuracy: 95.63% -> 96.72%     
client [89] (testset)   loss: 0.3144 -> 0.3034  accuracy: 95.59% -> 96.08%     
---------------------------- TRAINING EPOCH: 280 ----------------------------  
client [78] (testset)   loss: 0.0743 -> 0.0766  accuracy: 98.29% -> 98.29%     
client [81] (testset)   loss: 0.6967 -> 0.6101  accuracy: 93.55% -> 93.55%     
client [51] (testset)   loss: 0.2924 -> 0.2960  accuracy: 96.58% -> 96.20%     
client [54] (testset)   loss: 0.0822 -> 0.1407  accuracy: 96.91% -> 96.91%     
client [65] (testset)   loss: 0.1164 -> 0.1205  accuracy: 98.40% -> 98.40%     
client [41] (testset)   loss: 0.5101 -> 0.5464  accuracy: 91.83% -> 91.83%     
client [11] (testset)   loss: 0.2709 -> 0.3111  accuracy: 98.70% -> 96.10%     
client [85] (testset)   loss: 0.0294 -> 0.0241  accuracy: 100.00% -> 100.00%   
client [12] (testset)   loss: 0.4898 -> 0.4650  accuracy: 90.91% -> 90.91%     
client [23] (testset)   loss: 0.0846 -> 0.1328  accuracy: 98.13% -> 98.13%     
---------------------------- TRAINING EPOCH: 290 ----------------------------  
client [16] (testset)   loss: 0.2993 -> 0.3290  accuracy: 97.53% -> 97.53%     
client [65] (testset)   loss: 0.1276 -> 0.1289  accuracy: 98.40% -> 98.53%     
client [53] (testset)   loss: 0.1830 -> 0.1922  accuracy: 97.38% -> 97.38%     
client [58] (testset)   loss: 0.3391 -> 0.3404  accuracy: 93.49% -> 94.25%     
client [72] (testset)   loss: 0.4759 -> 0.4789  accuracy: 94.42% -> 94.25%     
client [7]  (testset)   loss: 0.2163 -> 0.2313  accuracy: 96.03% -> 95.67%     
client [71] (testset)   loss: 0.4113 -> 0.3749  accuracy: 95.63% -> 94.54%     
client [59] (testset)   loss: 0.3519 -> 0.3513  accuracy: 90.93% -> 91.71%     
client [86] (testset)   loss: 0.5200 -> 0.5420  accuracy: 94.09% -> 94.62%     
client [39] (testset)   loss: 0.0572 -> 0.0887  accuracy: 97.56% -> 97.56%     
---------------------------- TRAINING EPOCH: 300 ----------------------------  
client [99] (testset)   loss: 0.2741 -> 0.2714  accuracy: 95.71% -> 96.19%     
client [7]  (testset)   loss: 0.2205 -> 0.2384  accuracy: 96.39% -> 96.03%     
client [17] (testset)   loss: 0.1729 -> 0.1571  accuracy: 99.21% -> 99.21%     
client [64] (testset)   loss: 0.2384 -> 0.2304  accuracy: 94.81% -> 94.07%     
client [37] (testset)   loss: 0.0357 -> 0.0357  accuracy: 99.72% -> 99.72%     
client [29] (testset)   loss: 0.5517 -> 0.5954  accuracy: 91.45% -> 91.45%     
client [93] (testset)   loss: 0.3264 -> 0.3037  accuracy: 93.55% -> 93.55%     
client [73] (testset)   loss: 0.0724 -> 0.0717  accuracy: 99.13% -> 99.13%     
client [40] (testset)   loss: 0.6144 -> 0.7995  accuracy: 84.75% -> 83.05%     
client [76] (testset)   loss: 0.0010 -> 0.0013  accuracy: 100.00% -> 100.00%   
---------------------------- TRAINING EPOCH: 310 ----------------------------  
client [31] (testset)   loss: 0.6978 -> 0.7396  accuracy: 91.43% -> 91.43%     
client [89] (testset)   loss: 0.2748 -> 0.2967  accuracy: 95.59% -> 96.57%     
client [77] (testset)   loss: 0.4935 -> 0.4748  accuracy: 92.74% -> 92.74%     
client [90] (testset)   loss: 0.1020 -> 0.1281  accuracy: 97.53% -> 96.30%     
client [26] (testset)   loss: 0.0636 -> 0.0940  accuracy: 98.73% -> 98.73%     
client [50] (testset)   loss: 0.1925 -> 0.2097  accuracy: 97.62% -> 97.62%     
client [30] (testset)   loss: 0.0140 -> 0.0137  accuracy: 98.41% -> 98.41%     
client [70] (testset)   loss: 0.3987 -> 0.4131  accuracy: 93.92% -> 94.27%     
client [41] (testset)   loss: 0.4869 -> 0.5212  accuracy: 92.90% -> 92.54%     
client [99] (testset)   loss: 0.2775 -> 0.2546  accuracy: 95.71% -> 96.19%     
---------------------------- TRAINING EPOCH: 320 ----------------------------  
client [68] (testset)   loss: 0.0001 -> 0.0001  accuracy: 100.00% -> 100.00%   
client [70] (testset)   loss: 0.4765 -> 0.4590  accuracy: 93.92% -> 94.10%     
client [52] (testset)   loss: 0.1147 -> 0.1127  accuracy: 97.50% -> 97.68%     
client [1]  (testset)   loss: 0.0910 -> 0.0788  accuracy: 98.61% -> 98.89%     
client [2]  (testset)   loss: 0.0609 -> 0.0605  accuracy: 99.46% -> 99.46%     
client [67] (testset)   loss: 0.2174 -> 0.2248  accuracy: 97.63% -> 97.63%     
client [92] (testset)   loss: 0.4874 -> 0.4840  accuracy: 91.71% -> 92.27%     
client [35] (testset)   loss: 0.2093 -> 0.2147  accuracy: 97.30% -> 97.48%     
client [36] (testset)   loss: 6.5960 -> 6.0651  accuracy: 70.00% -> 70.00%     
client [64] (testset)   loss: 0.2432 -> 0.2325  accuracy: 94.07% -> 94.07%     
---------------------------- TRAINING EPOCH: 330 ----------------------------  
client [44] (testset)   loss: 0.1972 -> 0.1804  accuracy: 95.88% -> 96.91%     
client [6]  (testset)   loss: 0.1891 -> 0.1952  accuracy: 96.02% -> 96.02%     
client [12] (testset)   loss: 0.8289 -> 0.8177  accuracy: 90.91% -> 90.91%     
client [55] (testset)   loss: 0.5187 -> 0.5105  accuracy: 93.88% -> 93.88%     
client [29] (testset)   loss: 0.5821 -> 0.6046  accuracy: 91.45% -> 91.45%     
client [9]  (testset)   loss: 0.7764 -> 0.7832  accuracy: 93.62% -> 92.20%     
client [43] (testset)   loss: 0.4353 -> 0.3802  accuracy: 94.03% -> 94.40%     
client [77] (testset)   loss: 0.5120 -> 0.5091  accuracy: 93.46% -> 93.22%     
client [98] (testset)   loss: 0.3262 -> 0.3329  accuracy: 96.03% -> 96.43%     
client [78] (testset)   loss: 0.0745 -> 0.0855  accuracy: 98.29% -> 98.29%     
---------------------------- TRAINING EPOCH: 340 ----------------------------  
client [92] (testset)   loss: 0.4680 -> 0.4860  accuracy: 92.27% -> 92.27%     
client [80] (testset)   loss: 0.6157 -> 0.8101  accuracy: 92.75% -> 91.30%     
client [63] (testset)   loss: 0.5531 -> 0.5406  accuracy: 95.45% -> 95.45%     
client [76] (testset)   loss: 0.0013 -> 0.0013  accuracy: 100.00% -> 100.00%   
client [78] (testset)   loss: 0.0901 -> 0.0956  accuracy: 98.29% -> 97.44%     
client [25] (testset)   loss: 0.2738 -> 0.2856  accuracy: 97.50% -> 97.50%     
client [58] (testset)   loss: 0.3476 -> 0.3464  accuracy: 93.87% -> 94.25%     
client [13] (testset)   loss: 0.1693 -> 0.1695  accuracy: 97.50% -> 97.50%     
client [17] (testset)   loss: 0.1903 -> 0.1709  accuracy: 98.43% -> 99.21%     
client [38] (testset)   loss: 0.3782 -> 0.3727  accuracy: 97.24% -> 97.49%     
---------------------------- TRAINING EPOCH: 350 ----------------------------  
client [72] (testset)   loss: 0.5159 -> 0.5197  accuracy: 93.74% -> 93.91%     
client [82] (testset)   loss: 0.9051 -> 0.7688  accuracy: 84.21% -> 84.21%     
client [86] (testset)   loss: 0.6775 -> 0.6596  accuracy: 94.09% -> 94.09%     
client [51] (testset)   loss: 0.3322 -> 0.3373  accuracy: 96.58% -> 96.96%     
client [96] (testset)   loss: 0.0000 -> 0.0000  accuracy: 100.00% -> 100.00%   
client [42] (testset)   loss: 0.1869 -> 0.1757  accuracy: 97.06% -> 97.06%     
client [55] (testset)   loss: 0.5478 -> 0.5421  accuracy: 93.37% -> 93.37%     
client [13] (testset)   loss: 0.1799 -> 0.1782  accuracy: 97.50% -> 97.50%     
client [1]  (testset)   loss: 0.0968 -> 0.0846  accuracy: 98.61% -> 98.33%     
client [12] (testset)   loss: 0.7839 -> 0.7480  accuracy: 90.91% -> 90.91%     
---------------------------- TRAINING EPOCH: 360 ----------------------------  
client [68] (testset)   loss: 0.0000 -> 0.0000  accuracy: 100.00% -> 100.00%   
client [23] (testset)   loss: 0.0893 -> 0.1056  accuracy: 97.20% -> 97.20%     
client [46] (testset)   loss: 1.6794 -> 1.7610  accuracy: 86.84% -> 86.84%     
client [41] (testset)   loss: 0.5814 -> 0.5821  accuracy: 93.02% -> 92.78%     
client [25] (testset)   loss: 0.3454 -> 0.3470  accuracy: 97.50% -> 97.50%     
client [58] (testset)   loss: 0.3666 -> 0.3643  accuracy: 94.25% -> 94.25%     
client [14] (testset)   loss: 0.2733 -> 0.2204  accuracy: 97.02% -> 97.02%     
client [33] (testset)   loss: 0.1561 -> 0.1582  accuracy: 97.85% -> 97.54%     
client [85] (testset)   loss: 0.0565 -> 0.0540  accuracy: 100.00% -> 100.00%   
client [62] (testset)   loss: 0.4528 -> 0.4807  accuracy: 94.54% -> 94.98%     
---------------------------- TRAINING EPOCH: 370 ----------------------------  
client [98] (testset)   loss: 0.3387 -> 0.3432  accuracy: 95.63% -> 96.43%     
client [63] (testset)   loss: 0.5934 -> 0.6260  accuracy: 95.45% -> 95.45%     
client [70] (testset)   loss: 0.5110 -> 0.5039  accuracy: 93.75% -> 94.10%     
client [65] (testset)   loss: 0.1474 -> 0.1432  accuracy: 98.40% -> 98.40%     
client [14] (testset)   loss: 0.3064 -> 0.2266  accuracy: 97.02% -> 97.02%     
client [73] (testset)   loss: 0.0848 -> 0.0841  accuracy: 99.13% -> 99.13%     
client [34] (testset)   loss: 0.5335 -> 0.4696  accuracy: 86.36% -> 86.36%     
client [99] (testset)   loss: 0.2795 -> 0.2857  accuracy: 96.43% -> 95.95%     
client [69] (testset)   loss: 0.5186 -> 0.5255  accuracy: 93.38% -> 92.72%     
client [46] (testset)   loss: 1.8116 -> 1.6254  accuracy: 86.84% -> 86.84%     
---------------------------- TRAINING EPOCH: 380 ----------------------------  
client [99] (testset)   loss: 0.2921 -> 0.2861  accuracy: 95.48% -> 95.71%     
client [93] (testset)   loss: 0.3373 -> 0.3337  accuracy: 93.55% -> 93.55%     
client [11] (testset)   loss: 0.2545 -> 0.2592  accuracy: 98.70% -> 98.70%     
client [58] (testset)   loss: 0.3663 -> 0.3715  accuracy: 94.64% -> 94.25%     
client [81] (testset)   loss: 0.9203 -> 0.8992  accuracy: 90.32% -> 90.32%     
client [85] (testset)   loss: 0.0917 -> 0.0824  accuracy: 93.75% -> 93.75%     
client [89] (testset)   loss: 0.3922 -> 0.3816  accuracy: 95.10% -> 95.10%     
client [45] (testset)   loss: 0.0371 -> 0.0929  accuracy: 96.88% -> 96.88%     
client [8]  (testset)   loss: 0.0002 -> 0.0002  accuracy: 100.00% -> 100.00%   
client [68] (testset)   loss: 0.0000 -> 0.0000  accuracy: 100.00% -> 100.00%   
---------------------------- TRAINING EPOCH: 390 ----------------------------  
client [67] (testset)   loss: 0.2400 -> 0.2053  accuracy: 96.84% -> 96.44%     
client [72] (testset)   loss: 0.5445 -> 0.5461  accuracy: 93.91% -> 94.08%     
client [1]  (testset)   loss: 0.0992 -> 0.0930  accuracy: 98.33% -> 98.61%     
client [78] (testset)   loss: 0.1113 -> 0.1180  accuracy: 97.44% -> 97.44%     
client [83] (testset)   loss: 0.0003 -> 0.0003  accuracy: 100.00% -> 100.00%   
client [21] (testset)   loss: 1.3738 -> 1.7985  accuracy: 91.67% -> 83.33%     
client [56] (testset)   loss: 0.3940 -> 0.3896  accuracy: 95.69% -> 95.92%     
client [44] (testset)   loss: 0.2149 -> 0.1994  accuracy: 97.94% -> 97.94%     
client [92] (testset)   loss: 0.5456 -> 0.5519  accuracy: 92.82% -> 92.82%     
client [27] (testset)   loss: 0.4552 -> 0.4358  accuracy: 93.00% -> 93.50%     
---------------------------- TRAINING EPOCH: 400 ----------------------------  
client [10] (testset)   loss: 0.2650 -> 0.2631  accuracy: 96.86% -> 96.86%     
client [39] (testset)   loss: 0.0472 -> 0.0487  accuracy: 97.56% -> 97.56%     
client [65] (testset)   loss: 0.1548 -> 0.1516  accuracy: 98.40% -> 98.40%     
client [26] (testset)   loss: 0.0950 -> 0.0999  accuracy: 98.73% -> 98.73%     
client [19] (testset)   loss: 0.1711 -> 0.1683  accuracy: 95.89% -> 95.89%     
client [68] (testset)   loss: 0.0000 -> 0.0000  accuracy: 100.00% -> 100.00%   
client [41] (testset)   loss: 0.6078 -> 0.6061  accuracy: 92.78% -> 92.66%     
client [50] (testset)   loss: 0.3044 -> 0.3382  accuracy: 97.62% -> 97.62%     
client [75] (testset)   loss: 0.2990 -> 0.2978  accuracy: 95.14% -> 95.14%     
client [81] (testset)   loss: 0.9945 -> 1.0038  accuracy: 90.32% -> 90.32%     
FedFewA's average time taken by each global epoch: 0 min 4.26 sec.             
FedFewA's total running time: 0 h 28 m 36 s.                                   
==================== FedFewA Experiment Results: ====================          
Display format: (before local fine-tuning) -> (after local fine-tuning)        
 So if finetune_epoch = 0, x.xx% -> 0.00% is normal.                           
 Centralized testing ONLY happens after model aggregation, so the stats between
'->' are the same.                                                             
{                                                                              
    "100": {                                                                   
        "all_clients": {                                                       
            "test": {                                                          
                "loss": "0.2556 -> 0.0000",                                    
                "accuracy": "94.24% -> 0.00%"                                  
            }                                                                  
        }                                                                      
    },                                                                         
    "200": {                                                                   
        "all_clients": {                                                       
            "test": {                                                          
                "loss": "0.2659 -> 0.0000",                                    
                "accuracy": "95.53% -> 0.00%"                                  
            }                                                                  
        }                                                                      
    },                                                                         
    "300": {                                                                   
        "all_clients": {                                                       
            "test": {                                                          
                "loss": "0.3033 -> 0.0000",                                    
                "accuracy": "95.74% -> 0.00%"                                  
            }                                                                  
        }                                                                      
    },                                                                         
    "400": {                                                                   
        "all_clients": {                                                       
            "test": {                                                          
                "loss": "0.3324 -> 0.0000",                                    
                "accuracy": "95.82% -> 0.00%"                                  
            }                                                                  
        }                                                                      
    }                                                                          
}                                                                              
==================== FedFewA Max Accuracy ====================                 
all_clients:                                                                   
(test) before fine-tuning: 95.82% at epoch 400                                 
(test) after fine-tuning: 0.00% at epoch 100                                   
