==================== FedFew ====================                               
Experiment Arguments:                                                          
{
    'method': 'fedfew',
    'dataset': {
        'name': 'cifar10',
        'client_num': 100,
        'test_ratio': 0.25,
        'val_ratio': 0.0,
        'seed': 42,
        'split': 'sample',
        'IID_ratio': 0.0,
        'monitor_window_name_suffix': 'cifar10-100clients-0%IID-Dir(0.1)-seed42',
        'alpha': 0.1,
        'min_samples_per_client': 10
    },
    'model': {
        'name': 'avgcnn',
        'use_torchvision_pretrained_weights': True,
        'external_model_weights_path': None
    },
    'optimizer': {
        'lr': 0.01,
        'dampening': 0,
        'weight_decay': 0,
        'momentum': 0.7,
        'nesterov': False,
        'name': 'sgd'
    },
    'mode': 'parallel',
    'parallel': {
        'ray_cluster_addr': None,
        'num_cpus': 32.0,
        'num_gpus': 1.0,
        'num_workers': 2
    },
    'common': {
        'seed': 42,
        'join_ratio': 0.1,
        'global_epoch': 200,
        'local_epoch': 5,
        'batch_size': 32,
        'reset_optimizer_on_global_epoch': True,
        'straggler_ratio': 0,
        'straggler_min_local_epoch': 0,
        'buffers': 'global',
        'client_side_evaluation': True,
        'test': {
            'client': {
                'interval': 100,
                'finetune_epoch': 0,
                'train': False,
                'val': False,
                'test': True
            },
            'server': {
                'interval': -1,
                'train': False,
                'val': False,
                'test': True,
                'model_in_train_mode': False
            }
        },
        'verbose_gap': 10,
        'monitor': None,
        'use_cuda': True,
        'save_log': True,
        'save_model': False,
        'save_learning_curve_plot': True,
        'save_metrics': True,
        'delete_useless_run': True
    },
    'fedprox': {
        'mu': 0.01
    },
    'pfedsim': {
        'warmup_round': 0.5
    },
    'fedfew': {
        'top_k': 9,
        'ig_ratio': 0.997,
        'alpha': 0.5,
        'type': 'all'
    }
}
---------------------------- TRAINING EPOCH: 10 ----------------------------   
client [81] (testset)   loss: 0.2957 -> 0.0622  accuracy: 96.43% -> 98.21%     
client [21] (testset)   loss: 2.7689 -> 0.7785  accuracy: 4.35% -> 65.22%      
client [77] (testset)   loss: 0.5086 -> 0.4412  accuracy: 84.10% -> 83.75%     
client [93] (testset)   loss: 1.1835 -> 0.3986  accuracy: 68.42% -> 84.21%     
client [68] (testset)   loss: 0.5243 -> 0.2918  accuracy: 88.14% -> 94.35%     
client [31] (testset)   loss: 2.7322 -> 0.1670  accuracy: 0.46% -> 92.63%      
client [59] (testset)   loss: 0.9847 -> 0.1001  accuracy: 66.67% -> 100.00%    
client [48] (testset)   loss: 1.5262 -> 0.4687  accuracy: 46.15% -> 76.92%     
client [34] (testset)   loss: 1.9517 -> 0.7686  accuracy: 18.71% -> 70.97%     
client [20] (testset)   loss: 0.5661 -> 0.5679  accuracy: 81.87% -> 81.09%     
---------------------------- TRAINING EPOCH: 20 ----------------------------   
client [99] (testset)   loss: 0.2827 -> 0.0440  accuracy: 98.73% -> 100.00%    
client [67] (testset)   loss: 1.4957 -> 0.2870  accuracy: 43.87% -> 89.68%     
client [69] (testset)   loss: 1.1357 -> 0.9227  accuracy: 54.24% -> 61.52%     
client [0]  (testset)   loss: 0.6255 -> 0.1573  accuracy: 83.23% -> 95.81%     
client [76] (testset)   loss: 0.6820 -> 0.4471  accuracy: 80.79% -> 83.44%     
client [41] (testset)   loss: 0.9189 -> 0.8403  accuracy: 65.08% -> 68.25%     
client [62] (testset)   loss: 2.0936 -> 0.3479  accuracy: 11.76% -> 94.12%     
client [2]  (testset)   loss: 1.8344 -> 0.4594  accuracy: 29.93% -> 84.67%     
client [14] (testset)   loss: 1.7251 -> 0.8562  accuracy: 33.50% -> 74.38%     
client [46] (testset)   loss: 1.0570 -> 0.5029  accuracy: 63.57% -> 82.95%     
---------------------------- TRAINING EPOCH: 30 ----------------------------   
client [24] (testset)   loss: 0.9967 -> 0.3232  accuracy: 66.67% -> 88.89%     
client [68] (testset)   loss: 0.2529 -> 0.2743  accuracy: 90.96% -> 93.22%     
client [57] (testset)   loss: 0.2657 -> 0.2131  accuracy: 93.67% -> 92.83%     
client [17] (testset)   loss: 1.4316 -> 0.8403  accuracy: 54.76% -> 76.79%     
client [54] (testset)   loss: 0.6618 -> 0.6747  accuracy: 70.00% -> 77.50%     
client [23] (testset)   loss: 1.0430 -> 0.0005  accuracy: 71.43% -> 100.00%    
client [35] (testset)   loss: 1.0089 -> 0.7594  accuracy: 66.67% -> 66.67%     
client [59] (testset)   loss: 1.8428 -> 0.0192  accuracy: 33.33% -> 100.00%    
client [31] (testset)   loss: 0.1483 -> 0.1514  accuracy: 96.77% -> 94.93%     
client [9]  (testset)   loss: 1.8016 -> 0.5540  accuracy: 31.20% -> 82.91%     
---------------------------- TRAINING EPOCH: 40 ----------------------------   
client [33] (testset)   loss: 0.3550 -> 0.3377  accuracy: 92.71% -> 90.62%     
client [64] (testset)   loss: 0.2530 -> 0.2225  accuracy: 91.74% -> 94.04%     
client [16] (testset)   loss: 1.0343 -> 0.8799  accuracy: 69.28% -> 73.49%     
client [44] (testset)   loss: 0.5243 -> 0.3860  accuracy: 84.69% -> 89.80%     
client [8]  (testset)   loss: 0.7544 -> 0.8200  accuracy: 67.74% -> 64.52%     
client [47] (testset)   loss: 1.4510 -> 1.3691  accuracy: 37.50% -> 50.00%     
client [36] (testset)   loss: 2.1414 -> 0.6718  accuracy: 29.79% -> 74.47%     
client [31] (testset)   loss: 0.1723 -> 0.1521  accuracy: 95.39% -> 94.47%     
client [56] (testset)   loss: 0.3595 -> 0.2867  accuracy: 90.77% -> 87.69%     
client [20] (testset)   loss: 1.0446 -> 0.7614  accuracy: 81.61% -> 84.07%     
---------------------------- TRAINING EPOCH: 50 ----------------------------   
client [4]  (testset)   loss: 0.0924 -> 0.0767  accuracy: 97.18% -> 97.18%     
client [28] (testset)   loss: 0.4571 -> 0.5311  accuracy: 88.00% -> 76.00%     
client [60] (testset)   loss: 0.7126 -> 0.4832  accuracy: 79.78% -> 85.02%     
client [25] (testset)   loss: 0.8466 -> 0.5973  accuracy: 71.73% -> 81.98%     
client [58] (testset)   loss: 0.4192 -> 0.2506  accuracy: 87.70% -> 94.05%     
client [44] (testset)   loss: 0.3152 -> 0.3012  accuracy: 91.84% -> 90.82%     
client [39] (testset)   loss: 0.7308 -> 0.5658  accuracy: 71.92% -> 82.88%     
client [29] (testset)   loss: 0.3064 -> 0.1806  accuracy: 87.72% -> 94.74%     
client [84] (testset)   loss: 0.8370 -> 0.5581  accuracy: 76.56% -> 82.81%     
client [3]  (testset)   loss: 0.7929 -> 0.7937  accuracy: 74.87% -> 71.12%     
---------------------------- TRAINING EPOCH: 60 ----------------------------   
client [21] (testset)   loss: 1.6476 -> 1.1508  accuracy: 39.13% -> 52.17%     
client [84] (testset)   loss: 0.6395 -> 0.6420  accuracy: 78.12% -> 84.38%     
client [36] (testset)   loss: 0.6899 -> 0.8421  accuracy: 76.60% -> 72.34%     
client [65] (testset)   loss: 0.6217 -> 0.5597  accuracy: 82.14% -> 78.57%     
client [81] (testset)   loss: 0.0462 -> 0.0171  accuracy: 99.11% -> 100.00%    
client [10] (testset)   loss: 0.2908 -> 0.1470  accuracy: 93.35% -> 96.24%     
client [42] (testset)   loss: 0.4184 -> 0.3548  accuracy: 87.65% -> 92.59%     
client [79] (testset)   loss: 0.3699 -> 0.3135  accuracy: 90.78% -> 91.34%     
client [11] (testset)   loss: 0.3648 -> 0.9605  accuracy: 81.82% -> 72.73%     
client [96] (testset)   loss: 0.9053 -> 0.9940  accuracy: 68.18% -> 70.45%     
---------------------------- TRAINING EPOCH: 70 ----------------------------   
client [8]  (testset)   loss: 0.7067 -> 0.8553  accuracy: 61.29% -> 64.52%     
client [52] (testset)   loss: 0.2034 -> 0.2254  accuracy: 93.14% -> 97.06%     
client [53] (testset)   loss: 0.5177 -> 0.6096  accuracy: 84.18% -> 79.59%     
client [42] (testset)   loss: 0.3292 -> 0.3775  accuracy: 89.71% -> 90.53%     
client [59] (testset)   loss: 0.2261 -> 0.1870  accuracy: 100.00% -> 100.00%   
client [69] (testset)   loss: 1.5355 -> 1.5029  accuracy: 60.00% -> 60.61%     
client [26] (testset)   loss: 0.3956 -> 0.6844  accuracy: 92.31% -> 92.31%     
client [7]  (testset)   loss: 0.5095 -> 0.5183  accuracy: 83.57% -> 84.06%     
client [98] (testset)   loss: 0.7654 -> 0.8968  accuracy: 76.78% -> 84.36%     
client [49] (testset)   loss: 0.7212 -> 0.7295  accuracy: 77.78% -> 79.37%     
---------------------------- TRAINING EPOCH: 80 ----------------------------   
client [47] (testset)   loss: 1.4393 -> 1.4701  accuracy: 50.00% -> 50.00%     
client [21] (testset)   loss: 1.2390 -> 1.2984  accuracy: 52.17% -> 56.52%     
client [98] (testset)   loss: 0.6956 -> 0.9374  accuracy: 84.83% -> 83.89%     
client [95] (testset)   loss: 1.1203 -> 1.1885  accuracy: 66.67% -> 62.07%     
client [77] (testset)   loss: 0.4987 -> 0.5101  accuracy: 85.16% -> 87.63%     
client [91] (testset)   loss: 0.6148 -> 0.6130  accuracy: 82.35% -> 88.24%     
client [99] (testset)   loss: 0.2550 -> 0.0133  accuracy: 96.20% -> 100.00%    
client [14] (testset)   loss: 0.5808 -> 0.6883  accuracy: 79.80% -> 78.82%     
client [39] (testset)   loss: 0.5552 -> 0.7069  accuracy: 82.19% -> 81.51%     
client [20] (testset)   loss: 0.6949 -> 0.7561  accuracy: 84.33% -> 85.88%     
---------------------------- TRAINING EPOCH: 90 ----------------------------   
client [62] (testset)   loss: 0.3557 -> 0.5786  accuracy: 94.12% -> 94.12%     
client [52] (testset)   loss: 0.1663 -> 0.2137  accuracy: 98.04% -> 98.04%     
client [97] (testset)   loss: 1.1937 -> 0.9300  accuracy: 65.85% -> 82.93%     
client [71] (testset)   loss: 0.5708 -> 0.6779  accuracy: 83.87% -> 83.33%     
client [30] (testset)   loss: 1.1588 -> 1.2577  accuracy: 75.27% -> 73.12%     
client [60] (testset)   loss: 0.3768 -> 0.3696  accuracy: 87.64% -> 91.01%     
client [88] (testset)   loss: 0.7000 -> 0.4515  accuracy: 75.79% -> 88.68%     
client [91] (testset)   loss: 0.6396 -> 0.6866  accuracy: 82.35% -> 89.71%     
client [82] (testset)   loss: 0.2245 -> 0.2221  accuracy: 95.45% -> 96.59%     
client [57] (testset)   loss: 0.2008 -> 0.2162  accuracy: 94.94% -> 93.67%     
---------------------------- TRAINING EPOCH: 100 ----------------------------  
client [31] (testset)   loss: 0.1505 -> 0.1490  accuracy: 96.31% -> 96.31%     
client [15] (testset)   loss: 0.5773 -> 0.5564  accuracy: 82.81% -> 86.33%     
client [97] (testset)   loss: 1.1053 -> 1.2273  accuracy: 80.49% -> 84.15%     
client [71] (testset)   loss: 0.6782 -> 0.7268  accuracy: 82.80% -> 84.95%     
client [53] (testset)   loss: 0.5864 -> 0.7452  accuracy: 85.20% -> 78.57%     
client [77] (testset)   loss: 0.4015 -> 0.4833  accuracy: 88.34% -> 86.57%     
client [76] (testset)   loss: 0.3842 -> 0.2799  accuracy: 87.42% -> 92.05%     
client [28] (testset)   loss: 0.5689 -> 0.5178  accuracy: 80.00% -> 80.00%     
client [99] (testset)   loss: 0.2299 -> 0.0134  accuracy: 94.94% -> 100.00%    
client [79] (testset)   loss: 0.3348 -> 0.3536  accuracy: 90.50% -> 91.90%     
---------------------------- TRAINING EPOCH: 110 ----------------------------  
client [97] (testset)   loss: 0.8916 -> 1.0331  accuracy: 80.49% -> 82.93%     
client [86] (testset)   loss: 0.3863 -> 0.4374  accuracy: 88.16% -> 84.21%     
client [73] (testset)   loss: 0.6939 -> 0.4297  accuracy: 72.73% -> 84.85%     
client [34] (testset)   loss: 0.9835 -> 1.1752  accuracy: 65.16% -> 69.03%     
client [96] (testset)   loss: 1.0376 -> 1.2010  accuracy: 63.64% -> 72.73%     
client [22] (testset)   loss: 0.5349 -> 0.5811  accuracy: 83.46% -> 84.21%     
client [5]  (testset)   loss: 0.6271 -> 0.8164  accuracy: 82.99% -> 80.67%     
client [66] (testset)   loss: 0.5267 -> 0.5794  accuracy: 84.56% -> 83.82%     
client [60] (testset)   loss: 0.3553 -> 0.3952  accuracy: 91.39% -> 91.76%     
client [83] (testset)   loss: 0.7950 -> 0.8248  accuracy: 77.59% -> 80.67%     
---------------------------- TRAINING EPOCH: 120 ----------------------------  
client [65] (testset)   loss: 0.6557 -> 0.5224  accuracy: 78.57% -> 82.14%     
client [95] (testset)   loss: 1.0962 -> 1.2638  accuracy: 65.52% -> 67.82%     
client [76] (testset)   loss: 0.3822 -> 0.3046  accuracy: 88.08% -> 93.38%     
client [8]  (testset)   loss: 0.6869 -> 0.9537  accuracy: 77.42% -> 64.52%     
client [35] (testset)   loss: 1.5615 -> 1.0379  accuracy: 33.33% -> 66.67%     
client [17] (testset)   loss: 0.7120 -> 1.0148  accuracy: 79.17% -> 80.95%     
client [98] (testset)   loss: 0.7462 -> 0.9580  accuracy: 81.99% -> 83.89%     
client [43] (testset)   loss: 0.2509 -> 0.2272  accuracy: 90.91% -> 90.91%     
client [53] (testset)   loss: 0.6684 -> 0.7542  accuracy: 85.20% -> 80.61%     
client [64] (testset)   loss: 0.1799 -> 0.3024  accuracy: 95.41% -> 94.50%     
---------------------------- TRAINING EPOCH: 130 ----------------------------  
client [21] (testset)   loss: 1.2370 -> 1.0671  accuracy: 65.22% -> 60.87%     
client [38] (testset)   loss: 0.2401 -> 0.0878  accuracy: 91.35% -> 95.19%     
client [3]  (testset)   loss: 0.7309 -> 0.8495  accuracy: 74.87% -> 79.68%     
client [88] (testset)   loss: 0.4378 -> 0.5189  accuracy: 89.21% -> 90.53%     
client [41] (testset)   loss: 0.6040 -> 0.7788  accuracy: 79.37% -> 77.78%     
client [7]  (testset)   loss: 0.5208 -> 0.5012  accuracy: 80.68% -> 84.54%     
client [37] (testset)   loss: 0.4083 -> 0.7334  accuracy: 83.33% -> 83.33%     
client [45] (testset)   loss: 0.9733 -> 1.3271  accuracy: 63.64% -> 63.64%     
client [5]  (testset)   loss: 0.8667 -> 0.9304  accuracy: 81.44% -> 82.22%     
client [47] (testset)   loss: 1.3725 -> 1.1799  accuracy: 50.00% -> 56.25%     
---------------------------- TRAINING EPOCH: 140 ----------------------------  
client [11] (testset)   loss: 0.2931 -> 0.1637  accuracy: 86.36% -> 90.91%     
client [37] (testset)   loss: 0.6143 -> 0.7706  accuracy: 83.33% -> 83.33%     
client [41] (testset)   loss: 0.6768 -> 0.8806  accuracy: 74.60% -> 74.60%     
client [16] (testset)   loss: 0.9205 -> 1.0287  accuracy: 76.51% -> 75.30%     
client [95] (testset)   loss: 1.1681 -> 1.3908  accuracy: 70.11% -> 67.82%     
client [53] (testset)   loss: 0.6091 -> 0.6683  accuracy: 78.06% -> 79.08%     
client [22] (testset)   loss: 0.6103 -> 0.5801  accuracy: 83.46% -> 85.71%     
client [25] (testset)   loss: 0.6594 -> 0.8057  accuracy: 77.39% -> 82.33%     
client [69] (testset)   loss: 1.7829 -> 1.9911  accuracy: 61.52% -> 60.91%     
client [46] (testset)   loss: 0.8087 -> 0.5758  accuracy: 77.52% -> 82.95%     
---------------------------- TRAINING EPOCH: 150 ----------------------------  
client [47] (testset)   loss: 1.7460 -> 1.7592  accuracy: 50.00% -> 56.25%     
client [82] (testset)   loss: 0.1876 -> 0.2361  accuracy: 95.45% -> 96.59%     
client [45] (testset)   loss: 0.9182 -> 1.2738  accuracy: 72.73% -> 72.73%     
client [69] (testset)   loss: 2.0042 -> 2.0810  accuracy: 58.48% -> 62.42%     
client [50] (testset)   loss: 0.8026 -> 0.4532  accuracy: 71.43% -> 85.71%     
client [35] (testset)   loss: 1.5032 -> 1.4362  accuracy: 50.00% -> 66.67%     
client [7]  (testset)   loss: 0.8238 -> 0.6207  accuracy: 83.09% -> 83.57%     
client [24] (testset)   loss: 0.1992 -> 0.3390  accuracy: 94.44% -> 86.11%     
client [15] (testset)   loss: 0.5554 -> 0.5788  accuracy: 85.94% -> 87.89%     
client [58] (testset)   loss: 0.3011 -> 0.2924  accuracy: 92.46% -> 94.05%     
---------------------------- TRAINING EPOCH: 160 ----------------------------  
client [48] (testset)   loss: 0.9933 -> 1.0356  accuracy: 76.92% -> 76.92%     
client [76] (testset)   loss: 0.3658 -> 0.2988  accuracy: 88.74% -> 89.40%     
client [37] (testset)   loss: 0.6243 -> 0.7500  accuracy: 83.33% -> 83.33%     
client [67] (testset)   loss: 0.2806 -> 0.2527  accuracy: 89.03% -> 91.61%     
client [64] (testset)   loss: 0.1955 -> 0.2900  accuracy: 95.41% -> 94.50%     
client [58] (testset)   loss: 0.2885 -> 0.3118  accuracy: 93.65% -> 93.65%     
client [77] (testset)   loss: 0.4598 -> 0.5691  accuracy: 89.40% -> 87.99%     
client [12] (testset)   loss: 0.6556 -> 0.7566  accuracy: 80.49% -> 82.23%     
client [89] (testset)   loss: 0.4743 -> 0.5006  accuracy: 96.08% -> 96.08%     
client [55] (testset)   loss: 0.5817 -> 0.6246  accuracy: 86.13% -> 85.58%     
---------------------------- TRAINING EPOCH: 170 ----------------------------  
client [51] (testset)   loss: 0.0578 -> 0.0958  accuracy: 100.00% -> 100.00%   
client [84] (testset)   loss: 0.8302 -> 0.8583  accuracy: 79.69% -> 85.94%     
client [8]  (testset)   loss: 0.6805 -> 0.9042  accuracy: 64.52% -> 58.06%     
client [94] (testset)   loss: 0.7146 -> 0.7099  accuracy: 73.85% -> 78.46%     
client [18] (testset)   loss: 0.6972 -> 0.8114  accuracy: 83.83% -> 85.03%     
client [81] (testset)   loss: 0.0101 -> 0.0072  accuracy: 100.00% -> 100.00%   
client [11] (testset)   loss: 0.3024 -> 0.1272  accuracy: 90.91% -> 95.45%     
client [95] (testset)   loss: 1.3800 -> 1.6425  accuracy: 70.11% -> 66.67%     
client [3]  (testset)   loss: 0.7265 -> 0.8853  accuracy: 78.61% -> 80.21%     
client [67] (testset)   loss: 0.2889 -> 0.2542  accuracy: 87.10% -> 93.55%     
---------------------------- TRAINING EPOCH: 180 ----------------------------  
client [21] (testset)   loss: 1.1273 -> 1.8348  accuracy: 65.22% -> 43.48%     
client [58] (testset)   loss: 0.3437 -> 0.3501  accuracy: 92.86% -> 93.25%     
client [79] (testset)   loss: 0.3405 -> 0.3259  accuracy: 92.18% -> 91.62%     
client [46] (testset)   loss: 0.9156 -> 0.6673  accuracy: 78.29% -> 85.27%     
client [11] (testset)   loss: 0.2025 -> 0.1247  accuracy: 86.36% -> 95.45%     
client [88] (testset)   loss: 0.5940 -> 0.6118  accuracy: 90.26% -> 89.74%     
client [13] (testset)   loss: 0.5329 -> 0.5772  accuracy: 85.56% -> 85.00%     
client [31] (testset)   loss: 0.1480 -> 0.1463  accuracy: 96.31% -> 95.85%     
client [55] (testset)   loss: 0.6637 -> 0.6822  accuracy: 86.55% -> 86.13%     
client [75] (testset)   loss: 0.4301 -> 0.4631  accuracy: 90.91% -> 91.12%     
---------------------------- TRAINING EPOCH: 190 ----------------------------  
client [19] (testset)   loss: 0.4634 -> 0.5210  accuracy: 94.69% -> 93.81%     
client [7]  (testset)   loss: 0.5810 -> 0.6243  accuracy: 83.09% -> 83.09%     
client [57] (testset)   loss: 0.2078 -> 0.2149  accuracy: 94.51% -> 94.51%     
client [43] (testset)   loss: 0.3187 -> 0.2456  accuracy: 90.91% -> 90.91%     
client [13] (testset)   loss: 0.5777 -> 0.5768  accuracy: 83.33% -> 82.78%     
client [91] (testset)   loss: 0.4921 -> 0.6048  accuracy: 88.24% -> 88.24%     
client [64] (testset)   loss: 0.2333 -> 0.3049  accuracy: 94.95% -> 94.95%     
client [10] (testset)   loss: 0.1755 -> 0.1913  accuracy: 96.82% -> 96.53%     
client [82] (testset)   loss: 0.2039 -> 0.2561  accuracy: 95.45% -> 96.59%     
client [22] (testset)   loss: 0.5971 -> 0.6568  accuracy: 85.71% -> 84.96%     
---------------------------- TRAINING EPOCH: 200 ----------------------------  
client [23] (testset)   loss: 0.1025 -> 0.0572  accuracy: 96.43% -> 96.43%     
client [88] (testset)   loss: 0.5211 -> 0.5500  accuracy: 88.16% -> 89.21%     
client [98] (testset)   loss: 0.8285 -> 0.9536  accuracy: 81.04% -> 84.36%     
client [20] (testset)   loss: 0.8275 -> 0.8590  accuracy: 84.33% -> 85.36%     
client [21] (testset)   loss: 1.0284 -> 1.1956  accuracy: 60.87% -> 69.57%     
client [92] (testset)   loss: 0.1926 -> 0.2143  accuracy: 94.09% -> 94.09%     
client [79] (testset)   loss: 0.3494 -> 0.3666  accuracy: 90.78% -> 91.06%     
client [56] (testset)   loss: 0.2556 -> 0.3756  accuracy: 90.77% -> 87.69%     
client [52] (testset)   loss: 0.1949 -> 0.2360  accuracy: 98.04% -> 97.06%     
client [5]  (testset)   loss: 0.9114 -> 0.9828  accuracy: 83.25% -> 81.96%     
FedFew's average time taken by each global epoch: 0 min 2.53 sec.              
FedFew's total running time: 0 h 8 m 30 s.                                     
==================== FedFew Experiment Results: ====================           
Display format: (before local fine-tuning) -> (after local fine-tuning)        
 So if finetune_epoch = 0, x.xx% -> 0.00% is normal.                           
 Centralized testing ONLY happens after model aggregation, so the stats between
'->' are the same.                                                             
{                                                                              
    "100": {                                                                   
        "all_clients": {                                                       
            "test": {                                                          
                "loss": "0.5673 -> 0.0000",                                    
                "accuracy": "84.86% -> 0.00%"                                  
            }                                                                  
        }                                                                      
    },                                                                         
    "200": {                                                                   
        "all_clients": {                                                       
            "test": {                                                          
                "loss": "0.6743 -> 0.0000",                                    
                "accuracy": "85.66% -> 0.00%"                                  
            }                                                                  
        }                                                                      
    }                                                                          
}                                                                              
==================== FedFew Max Accuracy ====================                  
all_clients:                                                                   
(test) before fine-tuning: 85.66% at epoch 200                                 
(test) after fine-tuning: 0.00% at epoch 100                                   
