==================== FedDpa ====================                               
Experiment Arguments:                                                          
{
    'method': 'feddpa',
    'dataset': {
        'name': 'medmnistA',
        'client_num': 100,
        'test_ratio': 0.25,
        'val_ratio': 0.0,
        'seed': 42,
        'split': 'sample',
        'IID_ratio': 0.0,
        'monitor_window_name_suffix': 'medmnistA-100clients-0%IID-Dir(0.1)-seed42',
        'alpha': 0.1,
        'min_samples_per_client': 10
    },
    'model': {
        'name': 'avgcnn',
        'use_torchvision_pretrained_weights': True,
        'external_model_weights_path': None
    },
    'optimizer': {
        'lr': 0.01,
        'dampening': 0,
        'weight_decay': 0,
        'momentum': 0.7,
        'nesterov': False,
        'name': 'sgd'
    },
    'mode': 'serial',
    'parallel': {
        'ray_cluster_addr': None,
        'num_cpus': None,
        'num_gpus': None,
        'num_workers': 2
    },
    'common': {
        'seed': 42,
        'join_ratio': 0.1,
        'global_epoch': 200,
        'local_epoch': 5,
        'batch_size': 32,
        'reset_optimizer_on_global_epoch': True,
        'straggler_ratio': 0,
        'straggler_min_local_epoch': 0,
        'buffers': 'global',
        'client_side_evaluation': True,
        'test': {
            'client': {
                'interval': 100,
                'finetune_epoch': 0,
                'train': False,
                'val': False,
                'test': True
            },
            'server': {
                'interval': -1,
                'train': False,
                'val': False,
                'test': True,
                'model_in_train_mode': False
            }
        },
        'verbose_gap': 10,
        'monitor': None,
        'use_cuda': True,
        'save_log': True,
        'save_model': False,
        'save_learning_curve_plot': True,
        'save_metrics': True,
        'delete_useless_run': True
    },
    'fedprox': {
        'mu': 0.01
    },
    'pfedsim': {
        'warmup_round': 0.5
    },
    'feddpa': {
        'fisher_threshold': 0.3
    }
}
---------------------------- TRAINING EPOCH: 10 ----------------------------   
client [77] (testset)   loss: 1.0782 -> 1.2235  accuracy: 58.33% -> 58.33%     
client [81] (testset)   loss: 0.9158 -> 0.8397  accuracy: 43.60% -> 43.60%     
client [21] (testset)   loss: 2.9112 -> 0.8831  accuracy: 1.59% -> 53.44%      
client [68] (testset)   loss: 1.0711 -> 0.0017  accuracy: 0.00% -> 100.00%     
client [93] (testset)   loss: 1.6474 -> 0.6340  accuracy: 0.00% -> 88.89%      
client [31] (testset)   loss: 2.0920 -> 1.4839  accuracy: 0.00% -> 55.00%      
client [20] (testset)   loss: 0.5840 -> 0.6032  accuracy: 88.08% -> 88.08%     
client [59] (testset)   loss: 2.3292 -> 1.1576  accuracy: 0.00% -> 52.00%      
client [48] (testset)   loss: 0.8297 -> 0.8311  accuracy: 74.14% -> 74.14%     
client [34] (testset)   loss: 1.4721 -> 1.3560  accuracy: 37.04% -> 37.04%     
---------------------------- TRAINING EPOCH: 20 ----------------------------   
client [69] (testset)   loss: 1.5802 -> 1.0703  accuracy: 63.83% -> 63.83%     
client [99] (testset)   loss: 1.5174 -> 1.1827  accuracy: 63.53% -> 63.53%     
client [67] (testset)   loss: 1.2576 -> 1.1300  accuracy: 55.29% -> 55.29%     
client [0]  (testset)   loss: 0.9345 -> 0.9273  accuracy: 60.35% -> 60.35%     
client [76] (testset)   loss: 1.3385 -> 1.2878  accuracy: 52.13% -> 52.13%     
client [41] (testset)   loss: 1.0964 -> 0.8460  accuracy: 36.62% -> 59.15%     
client [62] (testset)   loss: 2.3131 -> 0.9811  accuracy: 10.00% -> 65.00%     
client [2]  (testset)   loss: 2.4314 -> 1.6488  accuracy: 0.00% -> 37.14%      
client [14] (testset)   loss: 0.1600 -> 0.1629  accuracy: 97.22% -> 97.22%     
client [46] (testset)   loss: 0.9172 -> 0.8949  accuracy: 59.30% -> 36.63%     
---------------------------- TRAINING EPOCH: 30 ----------------------------   
client [24] (testset)   loss: 0.1647 -> 0.1558  accuracy: 96.84% -> 96.84%     
client [68] (testset)   loss: 0.0441 -> 0.0115  accuracy: 100.00% -> 100.00%   
client [57] (testset)   loss: 0.7308 -> 0.5662  accuracy: 79.69% -> 79.69%     
client [17] (testset)   loss: 1.6519 -> 1.4919  accuracy: 38.46% -> 38.46%     
client [54] (testset)   loss: 1.2013 -> 0.6232  accuracy: 80.00% -> 80.00%     
client [23] (testset)   loss: 2.3864 -> 0.9667  accuracy: 36.67% -> 56.67%     
client [35] (testset)   loss: 1.1993 -> 1.1763  accuracy: 32.87% -> 46.30%     
client [59] (testset)   loss: 0.9813 -> 0.9304  accuracy: 52.00% -> 52.00%     
client [31] (testset)   loss: 1.4495 -> 1.3987  accuracy: 55.00% -> 55.00%     
client [9]  (testset)   loss: 0.7950 -> 0.7100  accuracy: 83.44% -> 83.44%     
---------------------------- TRAINING EPOCH: 40 ----------------------------   
client [64] (testset)   loss: 0.8170 -> 0.7388  accuracy: 66.67% -> 66.67%     
client [33] (testset)   loss: 0.8822 -> 0.7052  accuracy: 75.00% -> 75.00%     
client [16] (testset)   loss: 0.3200 -> 0.3056  accuracy: 92.63% -> 92.63%     
client [44] (testset)   loss: 1.7831 -> 1.5295  accuracy: 0.00% -> 61.54%      
client [8]  (testset)   loss: 1.7966 -> 1.7653  accuracy: 40.91% -> 40.91%     
client [31] (testset)   loss: 1.4468 -> 1.4145  accuracy: 55.00% -> 55.00%     
client [47] (testset)   loss: 1.2094 -> 1.0299  accuracy: 39.76% -> 39.76%     
client [36] (testset)   loss: 1.4963 -> 1.4019  accuracy: 30.00% -> 37.50%     
client [20] (testset)   loss: 0.6732 -> 0.5731  accuracy: 88.08% -> 88.08%     
client [56] (testset)   loss: 1.5501 -> 1.6762  accuracy: 44.26% -> 16.39%     
---------------------------- TRAINING EPOCH: 50 ----------------------------   
client [4]  (testset)   loss: 0.8582 -> 0.9395  accuracy: 76.74% -> 76.74%     
client [60] (testset)   loss: 0.2075 -> 0.1788  accuracy: 96.62% -> 96.62%     
client [28] (testset)   loss: 1.0556 -> 0.9827  accuracy: 73.37% -> 73.37%     
client [25] (testset)   loss: 0.9917 -> 0.8250  accuracy: 73.02% -> 73.02%     
client [58] (testset)   loss: 0.3876 -> 0.2306  accuracy: 94.34% -> 94.34%     
client [44] (testset)   loss: 1.2460 -> 1.6677  accuracy: 61.54% -> 61.54%     
client [39] (testset)   loss: 1.6523 -> 1.5951  accuracy: 43.40% -> 43.40%     
client [29] (testset)   loss: 1.5717 -> 0.9354  accuracy: 73.87% -> 73.87%     
client [3]  (testset)   loss: 0.9491 -> 0.7779  accuracy: 63.64% -> 36.36%     
client [84] (testset)   loss: 0.8211 -> 0.8084  accuracy: 56.96% -> 56.96%     
---------------------------- TRAINING EPOCH: 60 ----------------------------   
client [21] (testset)   loss: 0.8945 -> 0.8768  accuracy: 42.06% -> 53.44%     
client [84] (testset)   loss: 0.8470 -> 0.8190  accuracy: 40.51% -> 56.96%     
client [10] (testset)   loss: 1.0195 -> 0.9808  accuracy: 53.62% -> 39.61%     
client [36] (testset)   loss: 1.4775 -> 1.4194  accuracy: 30.00% -> 30.00%     
client [65] (testset)   loss: 0.7285 -> 0.6228  accuracy: 83.56% -> 83.56%     
client [81] (testset)   loss: 0.8806 -> 0.7887  accuracy: 43.60% -> 54.74%     
client [79] (testset)   loss: 1.3955 -> 1.0259  accuracy: 77.78% -> 77.78%     
client [42] (testset)   loss: 1.1804 -> 1.1214  accuracy: 58.33% -> 58.33%     
client [11] (testset)   loss: 1.1654 -> 1.1624  accuracy: 50.88% -> 50.88%     
client [96] (testset)   loss: 1.2434 -> 1.2035  accuracy: 55.39% -> 55.39%     
---------------------------- TRAINING EPOCH: 70 ----------------------------   
client [8]  (testset)   loss: 1.7555 -> 1.7054  accuracy: 40.91% -> 40.91%     
client [53] (testset)   loss: 0.3969 -> 0.2294  accuracy: 94.85% -> 94.85%     
client [52] (testset)   loss: 0.8873 -> 0.8862  accuracy: 75.22% -> 75.22%     
client [42] (testset)   loss: 1.1847 -> 1.1114  accuracy: 30.00% -> 58.33%     
client [69] (testset)   loss: 1.0376 -> 1.1433  accuracy: 63.83% -> 63.83%     
client [59] (testset)   loss: 0.9965 -> 0.9409  accuracy: 52.00% -> 52.00%     
client [7]  (testset)   loss: 0.4956 -> 0.4728  accuracy: 88.85% -> 88.85%     
client [26] (testset)   loss: 1.3531 -> 1.2755  accuracy: 50.53% -> 50.53%     
client [49] (testset)   loss: 0.7533 -> 0.7632  accuracy: 79.77% -> 79.77%     
client [98] (testset)   loss: 0.9442 -> 0.9479  accuracy: 74.68% -> 74.68%     
---------------------------- TRAINING EPOCH: 80 ----------------------------   
client [98] (testset)   loss: 0.9457 -> 0.9476  accuracy: 74.68% -> 74.68%     
client [47] (testset)   loss: 1.0052 -> 1.0081  accuracy: 39.76% -> 48.19%     
client [21] (testset)   loss: 1.1299 -> 0.8946  accuracy: 53.44% -> 53.44%     
client [77] (testset)   loss: 1.0550 -> 1.2868  accuracy: 58.33% -> 58.33%     
client [95] (testset)   loss: 0.3144 -> 0.2737  accuracy: 94.83% -> 94.83%     
client [91] (testset)   loss: 0.8090 -> 0.6013  accuracy: 88.24% -> 88.24%     
client [14] (testset)   loss: 0.2124 -> 0.1688  accuracy: 97.22% -> 97.22%     
client [99] (testset)   loss: 1.1686 -> 1.1860  accuracy: 63.53% -> 63.53%     
client [20] (testset)   loss: 0.8928 -> 0.6029  accuracy: 88.08% -> 88.08%     
client [39] (testset)   loss: 1.6254 -> 1.5863  accuracy: 43.40% -> 43.40%     
---------------------------- TRAINING EPOCH: 90 ----------------------------   
client [52] (testset)   loss: 0.8853 -> 0.8750  accuracy: 75.22% -> 75.22%     
client [62] (testset)   loss: 0.9519 -> 0.9175  accuracy: 65.00% -> 65.00%     
client [71] (testset)   loss: 1.2639 -> 1.2748  accuracy: 50.00% -> 50.00%     
client [97] (testset)   loss: 1.3111 -> 1.3355  accuracy: 47.72% -> 47.72%     
client [30] (testset)   loss: 0.9349 -> 0.9091  accuracy: 41.43% -> 54.29%     
client [88] (testset)   loss: 1.1024 -> 1.1379  accuracy: 67.57% -> 67.57%     
client [60] (testset)   loss: 0.2615 -> 0.1859  accuracy: 96.62% -> 96.62%     
client [82] (testset)   loss: 1.7394 -> 1.6879  accuracy: 46.51% -> 46.51%     
client [91] (testset)   loss: 0.6088 -> 0.6411  accuracy: 88.24% -> 88.24%     
client [57] (testset)   loss: 0.5725 -> 0.5559  accuracy: 79.69% -> 79.69%     
---------------------------- TRAINING EPOCH: 100 ----------------------------  
client [31] (testset)   loss: 1.3797 -> 1.3869  accuracy: 55.00% -> 55.00%     
client [15] (testset)   loss: 0.8539 -> 0.8583  accuracy: 76.47% -> 76.47%     
client [71] (testset)   loss: 1.5576 -> 1.2657  accuracy: 50.00% -> 50.00%     
client [97] (testset)   loss: 1.3385 -> 1.3279  accuracy: 47.72% -> 47.72%     
client [53] (testset)   loss: 0.2427 -> 0.2314  accuracy: 94.85% -> 94.85%     
client [77] (testset)   loss: 1.1661 -> 1.0114  accuracy: 58.33% -> 58.33%     
client [76] (testset)   loss: 1.3311 -> 1.2779  accuracy: 52.13% -> 52.13%     
client [79] (testset)   loss: 0.9989 -> 1.2032  accuracy: 77.78% -> 77.78%     
client [28] (testset)   loss: 1.0152 -> 0.9465  accuracy: 73.37% -> 73.37%     
client [99] (testset)   loss: 1.1890 -> 1.1675  accuracy: 63.53% -> 63.53%     
---------------------------- TRAINING EPOCH: 110 ----------------------------  
client [97] (testset)   loss: 1.3298 -> 1.3500  accuracy: 47.72% -> 47.72%     
client [86] (testset)   loss: 0.5201 -> 0.5126  accuracy: 84.66% -> 84.66%     
client [34] (testset)   loss: 1.3612 -> 1.3570  accuracy: 37.04% -> 37.04%     
client [73] (testset)   loss: 0.7605 -> 0.7541  accuracy: 58.95% -> 58.95%     
client [5]  (testset)   loss: 1.4768 -> 1.4588  accuracy: 43.96% -> 43.96%     
client [96] (testset)   loss: 1.3601 -> 1.2380  accuracy: 55.39% -> 55.39%     
client [22] (testset)   loss: 0.4563 -> 0.4234  accuracy: 89.95% -> 89.95%     
client [60] (testset)   loss: 0.2384 -> 0.2067  accuracy: 96.62% -> 96.62%     
client [66] (testset)   loss: 1.0875 -> 1.1107  accuracy: 50.78% -> 50.78%     
client [83] (testset)   loss: 0.6282 -> 0.6113  accuracy: 85.00% -> 85.00%     
---------------------------- TRAINING EPOCH: 120 ----------------------------  
client [76] (testset)   loss: 1.2848 -> 1.2747  accuracy: 52.13% -> 52.13%     
client [65] (testset)   loss: 0.5669 -> 0.5831  accuracy: 83.56% -> 83.56%     
client [95] (testset)   loss: 0.3870 -> 0.4799  accuracy: 94.83% -> 94.83%     
client [17] (testset)   loss: 1.5232 -> 1.4933  accuracy: 27.69% -> 27.69%     
client [8]  (testset)   loss: 1.7414 -> 1.7146  accuracy: 40.91% -> 40.91%     
client [35] (testset)   loss: 1.2636 -> 1.1886  accuracy: 46.30% -> 46.30%     
client [98] (testset)   loss: 0.9337 -> 0.9627  accuracy: 74.68% -> 74.68%     
client [53] (testset)   loss: 0.2252 -> 0.2299  accuracy: 94.85% -> 94.85%     
client [43] (testset)   loss: 0.3253 -> 0.3226  accuracy: 93.29% -> 93.29%     
client [64] (testset)   loss: 0.8233 -> 0.8307  accuracy: 66.67% -> 66.67%     
---------------------------- TRAINING EPOCH: 130 ----------------------------  
client [21] (testset)   loss: 0.8994 -> 0.8814  accuracy: 53.44% -> 53.44%     
client [88] (testset)   loss: 1.0931 -> 1.1216  accuracy: 67.57% -> 67.57%     
client [38] (testset)   loss: 1.0499 -> 1.0409  accuracy: 66.67% -> 66.67%     
client [3]  (testset)   loss: 0.7495 -> 0.9604  accuracy: 63.64% -> 36.36%     
client [5]  (testset)   loss: 1.4394 -> 1.4648  accuracy: 43.96% -> 43.96%     
client [41] (testset)   loss: 0.9438 -> 0.8320  accuracy: 36.62% -> 59.15%     
client [7]  (testset)   loss: 0.4828 -> 0.4733  accuracy: 88.85% -> 88.85%     
client [37] (testset)   loss: 0.4705 -> 0.4816  accuracy: 87.45% -> 87.45%     
client [45] (testset)   loss: 1.6178 -> 1.5665  accuracy: 44.00% -> 44.00%     
client [47] (testset)   loss: 1.0024 -> 0.9962  accuracy: 48.19% -> 39.76%     
---------------------------- TRAINING EPOCH: 140 ----------------------------  
client [16] (testset)   loss: 0.4190 -> 0.2989  accuracy: 92.63% -> 92.63%     
client [11] (testset)   loss: 1.1659 -> 1.1641  accuracy: 50.88% -> 50.88%     
client [37] (testset)   loss: 0.4980 -> 0.4948  accuracy: 87.45% -> 87.45%     
client [41] (testset)   loss: 0.8225 -> 0.8522  accuracy: 59.15% -> 59.15%     
client [95] (testset)   loss: 0.3208 -> 0.2747  accuracy: 94.83% -> 94.83%     
client [53] (testset)   loss: 0.2306 -> 0.2311  accuracy: 94.85% -> 94.85%     
client [22] (testset)   loss: 0.4611 -> 0.4093  accuracy: 89.95% -> 89.95%     
client [25] (testset)   loss: 0.7798 -> 0.7687  accuracy: 73.02% -> 73.02%     
client [69] (testset)   loss: 1.0316 -> 1.0854  accuracy: 63.83% -> 63.83%     
client [46] (testset)   loss: 0.8478 -> 0.8416  accuracy: 59.30% -> 59.30%     
---------------------------- TRAINING EPOCH: 150 ----------------------------  
client [47] (testset)   loss: 1.0341 -> 0.9966  accuracy: 48.19% -> 48.19%     
client [69] (testset)   loss: 1.0570 -> 1.0385  accuracy: 63.83% -> 63.83%     
client [82] (testset)   loss: 1.7179 -> 1.5349  accuracy: 46.51% -> 46.51%     
client [45] (testset)   loss: 1.5578 -> 1.5580  accuracy: 44.00% -> 44.00%     
client [7]  (testset)   loss: 0.4787 -> 0.4900  accuracy: 88.85% -> 88.85%     
client [50] (testset)   loss: 0.6834 -> 0.6810  accuracy: 79.27% -> 79.27%     
client [35] (testset)   loss: 1.1894 -> 1.1689  accuracy: 46.30% -> 46.30%     
client [24] (testset)   loss: 0.1597 -> 0.1566  accuracy: 96.84% -> 96.84%     
client [15] (testset)   loss: 0.8778 -> 0.8769  accuracy: 76.47% -> 76.47%     
client [58] (testset)   loss: 0.2429 -> 0.2275  accuracy: 94.34% -> 94.34%     
---------------------------- TRAINING EPOCH: 160 ----------------------------  
client [48] (testset)   loss: 0.7553 -> 0.7311  accuracy: 74.14% -> 74.14%     
client [76] (testset)   loss: 1.3013 -> 1.2779  accuracy: 52.13% -> 52.13%     
client [67] (testset)   loss: 1.2339 -> 1.2087  accuracy: 55.29% -> 55.29%     
client [37] (testset)   loss: 0.4694 -> 0.4774  accuracy: 87.45% -> 87.45%     
client [58] (testset)   loss: 0.2357 -> 0.2332  accuracy: 94.34% -> 94.34%     
client [64] (testset)   loss: 0.7553 -> 0.8034  accuracy: 66.67% -> 66.67%     
client [77] (testset)   loss: 1.2463 -> 0.9675  accuracy: 58.33% -> 58.33%     
client [55] (testset)   loss: 1.8488 -> 1.8939  accuracy: 50.00% -> 50.00%     
client [12] (testset)   loss: 0.5291 -> 0.5293  accuracy: 86.14% -> 86.14%     
client [89] (testset)   loss: 1.9400 -> 1.8938  accuracy: 18.75% -> 18.75%     
---------------------------- TRAINING EPOCH: 170 ----------------------------  
client [84] (testset)   loss: 0.8858 -> 0.8990  accuracy: 40.51% -> 40.51%     
client [51] (testset)   loss: 0.8191 -> 0.8699  accuracy: 66.67% -> 66.67%     
client [8]  (testset)   loss: 1.6920 -> 1.7465  accuracy: 40.91% -> 40.91%     
client [18] (testset)   loss: 0.9746 -> 0.9292  accuracy: 65.38% -> 65.38%     
client [94] (testset)   loss: 1.3713 -> 1.3997  accuracy: 50.00% -> 50.00%     
client [81] (testset)   loss: 0.7907 -> 0.8146  accuracy: 54.74% -> 54.74%     
client [3]  (testset)   loss: 0.7226 -> 1.1181  accuracy: 63.64% -> 36.36%     
client [11] (testset)   loss: 1.1627 -> 1.1757  accuracy: 50.88% -> 50.88%     
client [95] (testset)   loss: 0.7971 -> 0.3579  accuracy: 94.83% -> 94.83%     
client [67] (testset)   loss: 1.1995 -> 1.1601  accuracy: 55.29% -> 55.29%     
---------------------------- TRAINING EPOCH: 180 ----------------------------  
client [21] (testset)   loss: 0.8868 -> 0.8846  accuracy: 53.44% -> 53.44%     
client [79] (testset)   loss: 1.0963 -> 1.1721  accuracy: 77.78% -> 77.78%     
client [58] (testset)   loss: 0.2286 -> 0.2307  accuracy: 94.34% -> 94.34%     
client [88] (testset)   loss: 1.0935 -> 1.1038  accuracy: 67.57% -> 67.57%     
client [46] (testset)   loss: 0.8275 -> 0.8906  accuracy: 59.30% -> 59.30%     
client [11] (testset)   loss: 1.1754 -> 1.1917  accuracy: 50.88% -> 50.88%     
client [55] (testset)   loss: 1.8769 -> 1.7496  accuracy: 12.50% -> 50.00%     
client [13] (testset)   loss: 0.1199 -> 0.1215  accuracy: 97.78% -> 97.78%     
client [31] (testset)   loss: 1.3564 -> 1.3720  accuracy: 55.00% -> 55.00%     
client [75] (testset)   loss: 1.4593 -> 1.4814  accuracy: 29.15% -> 29.15%     
---------------------------- TRAINING EPOCH: 190 ----------------------------  
client [19] (testset)   loss: 1.5125 -> 1.5555  accuracy: 37.50% -> 37.50%     
client [7]  (testset)   loss: 0.4693 -> 0.4808  accuracy: 88.85% -> 88.85%     
client [57] (testset)   loss: 0.7576 -> 0.6002  accuracy: 19.53% -> 79.69%     
client [13] (testset)   loss: 0.1208 -> 0.1159  accuracy: 97.78% -> 97.78%     
client [43] (testset)   loss: 0.3154 -> 0.3262  accuracy: 93.29% -> 93.29%     
client [91] (testset)   loss: 0.6679 -> 0.5924  accuracy: 88.24% -> 88.24%     
client [10] (testset)   loss: 0.9393 -> 0.9377  accuracy: 53.62% -> 53.62%     
client [64] (testset)   loss: 0.9038 -> 0.8526  accuracy: 66.67% -> 66.67%     
client [82] (testset)   loss: 1.6183 -> 1.5487  accuracy: 46.51% -> 46.51%     
client [22] (testset)   loss: 0.4488 -> 0.4447  accuracy: 89.95% -> 89.95%     
---------------------------- TRAINING EPOCH: 200 ----------------------------  
client [20] (testset)   loss: 0.6811 -> 0.6783  accuracy: 88.08% -> 88.08%     
client [23] (testset)   loss: 0.9505 -> 0.9136  accuracy: 56.67% -> 56.67%     
client [88] (testset)   loss: 1.0980 -> 1.0775  accuracy: 67.57% -> 67.57%     
client [98] (testset)   loss: 0.9615 -> 0.9981  accuracy: 74.68% -> 74.68%     
client [79] (testset)   loss: 1.0865 -> 1.1268  accuracy: 77.78% -> 77.78%     
client [21] (testset)   loss: 0.8805 -> 0.8887  accuracy: 53.44% -> 53.44%     
client [92] (testset)   loss: 1.3178 -> 0.7407  accuracy: 63.64% -> 63.64%     
client [56] (testset)   loss: 1.6044 -> 1.5781  accuracy: 16.39% -> 44.26%     
client [5]  (testset)   loss: 1.5521 -> 1.4475  accuracy: 21.98% -> 43.96%     
client [52] (testset)   loss: 0.8834 -> 0.8867  accuracy: 75.22% -> 75.22%     
FedDpa's average time taken by each global epoch: 0 min 2.33 sec.              
FedDpa's total running time: 0 h 7 m 52 s.                                     
==================== FedDpa Experiment Results: ====================           
Display format: (before local fine-tuning) -> (after local fine-tuning)        
 So if finetune_epoch = 0, x.xx% -> 0.00% is normal.                           
 Centralized testing ONLY happens after model aggregation, so the stats between
'->' are the same.                                                             
{                                                                              
    "100": {                                                                   
        "all_clients": {                                                       
            "test": {                                                          
                "loss": "0.8701 -> 0.0000",                                    
                "accuracy": "67.21% -> 0.00%"                                  
            }                                                                  
        }                                                                      
    },                                                                         
    "200": {                                                                   
        "all_clients": {                                                       
            "test": {                                                          
                "loss": "0.8736 -> 0.0000",                                    
                "accuracy": "67.08% -> 0.00%"                                  
            }                                                                  
        }                                                                      
    }                                                                          
}                                                                              
==================== FedDpa Max Accuracy ====================                  
all_clients:                                                                   
(test) before fine-tuning: 67.21% at epoch 100                                 
(test) after fine-tuning: 0.00% at epoch 100                                   
