==================== FedAvg ====================                               
Experiment Arguments:                                                          
{
    'method': 'fedavg',
    'dataset': {
        'name': 'mnist',
        'client_num': 100,
        'test_ratio': 0.25,
        'val_ratio': 0.0,
        'seed': 42,
        'split': 'sample',
        'IID_ratio': 0.0,
        'monitor_window_name_suffix': 'mnist-100clients-0%IID-Dir(0.1)-seed42',
        'alpha': 0.1,
        'min_samples_per_client': 10
    },
    'model': {
        'name': 'avgcnn',
        'use_torchvision_pretrained_weights': True,
        'external_model_weights_path': None
    },
    'optimizer': {
        'lr': 0.01,
        'dampening': 0,
        'weight_decay': 0,
        'momentum': 0.7,
        'nesterov': False,
        'name': 'sgd'
    },
    'mode': 'serial',
    'parallel': {
        'ray_cluster_addr': None,
        'num_cpus': None,
        'num_gpus': None,
        'num_workers': 2
    },
    'common': {
        'seed': 42,
        'join_ratio': 0.1,
        'global_epoch': 400,
        'local_epoch': 5,
        'batch_size': 32,
        'reset_optimizer_on_global_epoch': True,
        'straggler_ratio': 0,
        'straggler_min_local_epoch': 0,
        'buffers': 'global',
        'client_side_evaluation': True,
        'test': {
            'client': {
                'interval': 100,
                'finetune_epoch': 5,
                'train': False,
                'val': False,
                'test': True
            },
            'server': {
                'interval': -1,
                'train': False,
                'val': False,
                'test': True,
                'model_in_train_mode': False
            }
        },
        'verbose_gap': 10,
        'monitor': None,
        'use_cuda': True,
        'save_log': True,
        'save_model': False,
        'save_learning_curve_plot': True,
        'save_metrics': True,
        'delete_useless_run': True
    },
    'fedprox': {
        'mu': 0.01
    },
    'pfedsim': {
        'warmup_round': 0.5
    }
}
---------------------------- TRAINING EPOCH: 10 ----------------------------   
client [77] (testset)   loss: 0.2690 -> 0.0758  accuracy: 92.47% -> 97.95%     
client [81] (testset)   loss: 0.1343 -> 0.0185  accuracy: 96.91% -> 99.38%     
client [21] (testset)   loss: 0.1268 -> 0.0410  accuracy: 96.08% -> 98.04%     
client [68] (testset)   loss: 0.0942 -> 0.0753  accuracy: 96.61% -> 98.31%     
client [93] (testset)   loss: 0.1789 -> 0.0157  accuracy: 96.77% -> 100.00%    
client [31] (testset)   loss: 0.4265 -> 0.0701  accuracy: 85.71% -> 100.00%    
client [20] (testset)   loss: 0.3220 -> 0.1459  accuracy: 91.86% -> 95.48%     
client [59] (testset)   loss: 0.0501 -> 0.0193  accuracy: 100.00% -> 100.00%   
client [48] (testset)   loss: 0.1561 -> 0.0121  accuracy: 96.12% -> 99.03%     
client [34] (testset)   loss: 0.1367 -> 0.4183  accuracy: 94.44% -> 94.44%     
---------------------------- TRAINING EPOCH: 20 ----------------------------   
client [69] (testset)   loss: 0.0259 -> 0.0154  accuracy: 99.09% -> 99.64%     
client [99] (testset)   loss: 0.3292 -> 0.0357  accuracy: 85.71% -> 100.00%    
client [67] (testset)   loss: 0.3320 -> 0.0000  accuracy: 94.59% -> 100.00%    
client [0]  (testset)   loss: 0.1628 -> 0.0085  accuracy: 93.40% -> 100.00%    
client [76] (testset)   loss: 0.3266 -> 0.0723  accuracy: 89.61% -> 98.70%     
client [41] (testset)   loss: 0.1456 -> 0.0051  accuracy: 94.74% -> 100.00%    
client [62] (testset)   loss: 0.0618 -> 0.0106  accuracy: 98.90% -> 99.45%     
client [2]  (testset)   loss: 0.2927 -> 0.0050  accuracy: 89.92% -> 100.00%    
client [14] (testset)   loss: 0.1411 -> 0.0235  accuracy: 94.44% -> 99.31%     
client [46] (testset)   loss: 0.1025 -> 0.0317  accuracy: 97.52% -> 98.87%     
---------------------------- TRAINING EPOCH: 30 ----------------------------   
client [24] (testset)   loss: 0.0384 -> 0.1293  accuracy: 98.65% -> 97.30%     
client [68] (testset)   loss: 0.0748 -> 0.1164  accuracy: 98.31% -> 98.31%     
client [57] (testset)   loss: 0.0637 -> 0.0115  accuracy: 98.55% -> 99.52%     
client [17] (testset)   loss: 0.0434 -> 0.0175  accuracy: 98.05% -> 99.61%     
client [54] (testset)   loss: 0.0841 -> 0.1232  accuracy: 97.67% -> 95.35%     
client [23] (testset)   loss: 0.0331 -> 0.0012  accuracy: 100.00% -> 100.00%   
client [35] (testset)   loss: 0.0877 -> 0.0127  accuracy: 98.04% -> 100.00%    
client [59] (testset)   loss: 0.0027 -> 0.0070  accuracy: 100.00% -> 100.00%   
client [31] (testset)   loss: 0.4076 -> 0.0799  accuracy: 85.71% -> 100.00%    
client [9]  (testset)   loss: 0.0919 -> 0.0404  accuracy: 96.74% -> 98.53%     
---------------------------- TRAINING EPOCH: 40 ----------------------------   
client [64] (testset)   loss: 0.0496 -> 0.0141  accuracy: 98.61% -> 99.72%     
client [33] (testset)   loss: 0.1058 -> 0.0582  accuracy: 97.55% -> 99.18%     
client [16] (testset)   loss: 0.0752 -> 0.0003  accuracy: 98.57% -> 100.00%    
client [44] (testset)   loss: 0.1255 -> 0.0369  accuracy: 97.01% -> 99.10%     
client [8]  (testset)   loss: 0.1730 -> 0.0035  accuracy: 95.24% -> 100.00%    
client [31] (testset)   loss: 0.7076 -> 0.0504  accuracy: 85.71% -> 100.00%    
client [47] (testset)   loss: 0.1829 -> 0.0016  accuracy: 95.45% -> 100.00%    
client [36] (testset)   loss: 0.1538 -> 0.0315  accuracy: 95.94% -> 98.98%     
client [20] (testset)   loss: 0.2022 -> 0.0970  accuracy: 94.57% -> 96.83%     
client [56] (testset)   loss: 0.0413 -> 0.0102  accuracy: 98.92% -> 98.92%     
---------------------------- TRAINING EPOCH: 50 ----------------------------   
client [4]  (testset)   loss: 0.0415 -> 0.0031  accuracy: 98.53% -> 100.00%    
client [60] (testset)   loss: 0.1926 -> 0.0578  accuracy: 93.00% -> 98.00%     
client [28] (testset)   loss: 0.0038 -> 0.0002  accuracy: 100.00% -> 100.00%   
client [25] (testset)   loss: 0.0642 -> 0.0006  accuracy: 96.55% -> 100.00%    
client [58] (testset)   loss: 0.0577 -> 0.0621  accuracy: 96.45% -> 98.58%     
client [44] (testset)   loss: 0.1168 -> 0.0298  accuracy: 96.72% -> 99.70%     
client [39] (testset)   loss: 0.0245 -> 0.0036  accuracy: 99.26% -> 100.00%    
client [29] (testset)   loss: 0.0499 -> 0.0271  accuracy: 98.52% -> 99.26%     
client [3]  (testset)   loss: 0.1202 -> 0.0179  accuracy: 95.39% -> 99.37%     
client [84] (testset)   loss: 0.0253 -> 0.0082  accuracy: 100.00% -> 100.00%   
---------------------------- TRAINING EPOCH: 60 ----------------------------   
client [21] (testset)   loss: 0.0508 -> 0.0046  accuracy: 98.04% -> 100.00%    
client [84] (testset)   loss: 0.0030 -> 0.0018  accuracy: 100.00% -> 100.00%   
client [10] (testset)   loss: 0.0070 -> 0.0018  accuracy: 100.00% -> 100.00%   
client [36] (testset)   loss: 0.0478 -> 0.0303  accuracy: 98.48% -> 98.98%     
client [65] (testset)   loss: 0.0964 -> 0.0259  accuracy: 98.32% -> 98.74%     
client [81] (testset)   loss: 0.0835 -> 0.0258  accuracy: 98.77% -> 99.38%     
client [79] (testset)   loss: 0.0165 -> 0.0023  accuracy: 98.46% -> 100.00%    
client [42] (testset)   loss: 0.1386 -> 0.1226  accuracy: 98.36% -> 98.36%     
client [11] (testset)   loss: 0.0000 -> 0.0003  accuracy: 100.00% -> 100.00%   
client [96] (testset)   loss: 0.0355 -> 0.0008  accuracy: 98.04% -> 100.00%    
---------------------------- TRAINING EPOCH: 70 ----------------------------   
client [8]  (testset)   loss: 0.1098 -> 0.0546  accuracy: 97.62% -> 97.62%     
client [53] (testset)   loss: 0.0082 -> 0.0140  accuracy: 100.00% -> 100.00%   
client [52] (testset)   loss: 0.0665 -> 0.0001  accuracy: 97.37% -> 100.00%    
client [42] (testset)   loss: 0.1348 -> 0.1275  accuracy: 96.17% -> 98.36%     
client [69] (testset)   loss: 0.0366 -> 0.0138  accuracy: 98.91% -> 99.64%     
client [59] (testset)   loss: 0.0009 -> 0.0014  accuracy: 100.00% -> 100.00%   
client [7]  (testset)   loss: 0.0351 -> 0.0002  accuracy: 100.00% -> 100.00%   
client [26] (testset)   loss: 0.0326 -> 0.0527  accuracy: 100.00% -> 95.83%    
client [49] (testset)   loss: 0.0119 -> 0.0006  accuracy: 99.55% -> 100.00%    
client [98] (testset)   loss: 0.1155 -> 0.0071  accuracy: 94.12% -> 100.00%    
---------------------------- TRAINING EPOCH: 80 ----------------------------   
client [98] (testset)   loss: 0.0308 -> 0.0074  accuracy: 97.06% -> 100.00%    
client [47] (testset)   loss: 0.1176 -> 0.0019  accuracy: 96.59% -> 100.00%    
client [21] (testset)   loss: 0.0453 -> 0.0161  accuracy: 98.04% -> 99.02%     
client [77] (testset)   loss: 0.0891 -> 0.0335  accuracy: 96.58% -> 97.95%     
client [95] (testset)   loss: 0.0313 -> 0.0004  accuracy: 98.92% -> 100.00%    
client [91] (testset)   loss: 0.0646 -> 0.0131  accuracy: 97.85% -> 99.67%     
client [14] (testset)   loss: 0.0740 -> 0.0283  accuracy: 97.22% -> 98.61%     
client [99] (testset)   loss: 0.2069 -> 0.0133  accuracy: 95.24% -> 100.00%    
client [20] (testset)   loss: 0.1362 -> 0.0750  accuracy: 95.93% -> 97.29%     
client [39] (testset)   loss: 0.0288 -> 0.0018  accuracy: 98.53% -> 100.00%    
---------------------------- TRAINING EPOCH: 90 ----------------------------   
client [52] (testset)   loss: 0.0125 -> 0.0000  accuracy: 98.68% -> 100.00%    
client [62] (testset)   loss: 0.0050 -> 0.0005  accuracy: 100.00% -> 100.00%   
client [71] (testset)   loss: 0.0040 -> 0.0014  accuracy: 100.00% -> 100.00%   
client [97] (testset)   loss: 0.0172 -> 0.0009  accuracy: 99.33% -> 100.00%    
client [30] (testset)   loss: 0.0005 -> 0.0445  accuracy: 100.00% -> 97.50%    
client [88] (testset)   loss: 0.2471 -> 0.0058  accuracy: 95.59% -> 100.00%    
client [60] (testset)   loss: 0.1773 -> 0.0243  accuracy: 95.00% -> 99.00%     
client [82] (testset)   loss: 0.0131 -> 0.0288  accuracy: 100.00% -> 98.59%    
client [91] (testset)   loss: 0.0259 -> 0.0122  accuracy: 99.01% -> 99.67%     
client [57] (testset)   loss: 0.0055 -> 0.0050  accuracy: 99.52% -> 99.52%     
---------------------------- TRAINING EPOCH: 100 ----------------------------  
client [31] (testset)   loss: 0.1342 -> 0.0007  accuracy: 85.71% -> 100.00%    
client [15] (testset)   loss: 0.2008 -> 0.0488  accuracy: 93.58% -> 99.08%     
client [71] (testset)   loss: 0.0094 -> 0.0013  accuracy: 99.77% -> 100.00%    
client [97] (testset)   loss: 0.0130 -> 0.0016  accuracy: 99.00% -> 100.00%    
client [53] (testset)   loss: 0.0114 -> 0.0255  accuracy: 100.00% -> 100.00%   
client [77] (testset)   loss: 0.1227 -> 0.0323  accuracy: 97.26% -> 98.63%     
client [76] (testset)   loss: 0.0064 -> 0.0477  accuracy: 100.00% -> 98.70%    
client [79] (testset)   loss: 0.0233 -> 0.0010  accuracy: 98.46% -> 100.00%    
client [28] (testset)   loss: 0.0009 -> 0.0000  accuracy: 100.00% -> 100.00%   
client [99] (testset)   loss: 0.2252 -> 0.0118  accuracy: 90.48% -> 100.00%    
---------------------------- TRAINING EPOCH: 110 ----------------------------  
client [97] (testset)   loss: 0.0400 -> 0.0011  accuracy: 98.33% -> 100.00%    
client [86] (testset)   loss: 0.0951 -> 0.0012  accuracy: 95.62% -> 100.00%    
client [34] (testset)   loss: 0.0804 -> 0.1477  accuracy: 94.44% -> 94.44%     
client [73] (testset)   loss: 0.0020 -> 0.0727  accuracy: 100.00% -> 97.06%    
client [5]  (testset)   loss: 0.0706 -> 0.0063  accuracy: 97.24% -> 99.31%     
client [96] (testset)   loss: 0.0851 -> 0.0013  accuracy: 95.10% -> 100.00%    
client [22] (testset)   loss: 0.0391 -> 0.0001  accuracy: 97.87% -> 100.00%    
client [60] (testset)   loss: 0.1564 -> 0.0591  accuracy: 95.00% -> 99.00%     
client [66] (testset)   loss: 0.0260 -> 0.0059  accuracy: 99.12% -> 100.00%    
client [83] (testset)   loss: 0.0950 -> 0.0799  accuracy: 97.86% -> 97.51%     
---------------------------- TRAINING EPOCH: 120 ----------------------------  
client [76] (testset)   loss: 0.0237 -> 0.0525  accuracy: 98.70% -> 98.70%     
client [65] (testset)   loss: 0.0892 -> 0.0382  accuracy: 98.32% -> 98.74%     
client [95] (testset)   loss: 0.0085 -> 0.0010  accuracy: 99.64% -> 100.00%    
client [17] (testset)   loss: 0.0096 -> 0.0098  accuracy: 99.61% -> 99.61%     
client [8]  (testset)   loss: 0.2317 -> 0.0476  accuracy: 92.86% -> 97.62%     
client [35] (testset)   loss: 0.1165 -> 0.0320  accuracy: 96.08% -> 99.02%     
client [98] (testset)   loss: 0.0811 -> 0.0118  accuracy: 97.06% -> 100.00%    
client [53] (testset)   loss: 0.0418 -> 0.0201  accuracy: 96.00% -> 100.00%    
client [43] (testset)   loss: 0.1216 -> 0.0638  accuracy: 98.40% -> 98.93%     
client [64] (testset)   loss: 0.0317 -> 0.0163  accuracy: 98.61% -> 99.44%     
---------------------------- TRAINING EPOCH: 130 ----------------------------  
client [21] (testset)   loss: 0.0135 -> 0.0027  accuracy: 100.00% -> 100.00%   
client [88] (testset)   loss: 0.1446 -> 0.0091  accuracy: 97.06% -> 100.00%    
client [38] (testset)   loss: 0.0737 -> 0.0091  accuracy: 98.25% -> 100.00%    
client [3]  (testset)   loss: 0.0708 -> 0.0112  accuracy: 98.11% -> 99.58%     
client [5]  (testset)   loss: 0.0653 -> 0.0091  accuracy: 97.93% -> 99.31%     
client [41] (testset)   loss: 0.0227 -> 0.0011  accuracy: 98.95% -> 100.00%    
client [7]  (testset)   loss: 0.0568 -> 0.0043  accuracy: 100.00% -> 100.00%   
client [37] (testset)   loss: 0.0771 -> 0.0875  accuracy: 96.54% -> 96.54%     
client [45] (testset)   loss: 0.0304 -> 0.0238  accuracy: 99.39% -> 99.69%     
client [47] (testset)   loss: 0.1197 -> 0.0013  accuracy: 96.59% -> 100.00%    
---------------------------- TRAINING EPOCH: 140 ----------------------------  
client [16] (testset)   loss: 0.0169 -> 0.0001  accuracy: 100.00% -> 100.00%   
client [11] (testset)   loss: 0.0000 -> 0.0000  accuracy: 100.00% -> 100.00%   
client [37] (testset)   loss: 0.0961 -> 0.0711  accuracy: 96.54% -> 97.40%     
client [41] (testset)   loss: 0.0362 -> 0.0005  accuracy: 98.95% -> 100.00%    
client [95] (testset)   loss: 0.0271 -> 0.0011  accuracy: 99.64% -> 100.00%    
client [53] (testset)   loss: 0.0359 -> 0.0172  accuracy: 100.00% -> 100.00%   
client [22] (testset)   loss: 0.0136 -> 0.0010  accuracy: 100.00% -> 100.00%   
client [25] (testset)   loss: 0.0592 -> 0.0003  accuracy: 97.70% -> 100.00%    
client [69] (testset)   loss: 0.0530 -> 0.0077  accuracy: 98.18% -> 99.82%     
client [46] (testset)   loss: 0.0260 -> 0.0214  accuracy: 99.10% -> 99.55%     
---------------------------- TRAINING EPOCH: 150 ----------------------------  
client [47] (testset)   loss: 0.0919 -> 0.0096  accuracy: 97.73% -> 98.86%     
client [69] (testset)   loss: 0.0619 -> 0.0053  accuracy: 98.36% -> 99.64%     
client [82] (testset)   loss: 0.0190 -> 0.0188  accuracy: 98.59% -> 98.59%     
client [45] (testset)   loss: 0.0553 -> 0.0220  accuracy: 97.85% -> 99.69%     
client [7]  (testset)   loss: 0.0706 -> 0.0040  accuracy: 100.00% -> 100.00%   
client [50] (testset)   loss: 0.0568 -> 0.0081  accuracy: 98.46% -> 100.00%    
client [35] (testset)   loss: 0.1035 -> 0.0345  accuracy: 97.06% -> 98.04%     
client [24] (testset)   loss: 0.0233 -> 0.0761  accuracy: 100.00% -> 97.30%    
client [15] (testset)   loss: 0.1192 -> 0.0390  accuracy: 98.17% -> 99.08%     
client [58] (testset)   loss: 0.0553 -> 0.0320  accuracy: 97.87% -> 98.58%     
---------------------------- TRAINING EPOCH: 160 ----------------------------  
client [48] (testset)   loss: 0.0242 -> 0.0009  accuracy: 99.03% -> 100.00%    
client [76] (testset)   loss: 0.0076 -> 0.0735  accuracy: 100.00% -> 98.70%    
client [67] (testset)   loss: 0.0177 -> 0.0000  accuracy: 100.00% -> 100.00%   
client [37] (testset)   loss: 0.0913 -> 0.0761  accuracy: 97.40% -> 97.84%     
client [58] (testset)   loss: 0.0798 -> 0.0414  accuracy: 97.16% -> 98.58%     
client [64] (testset)   loss: 0.0606 -> 0.0107  accuracy: 98.06% -> 99.44%     
client [77] (testset)   loss: 0.0870 -> 0.0475  accuracy: 95.89% -> 98.63%     
client [55] (testset)   loss: 0.0214 -> 0.0104  accuracy: 99.49% -> 99.49%     
client [12] (testset)   loss: 0.0626 -> 0.0242  accuracy: 97.52% -> 99.01%     
client [89] (testset)   loss: 0.0059 -> 0.0041  accuracy: 100.00% -> 100.00%   
---------------------------- TRAINING EPOCH: 170 ----------------------------  
client [84] (testset)   loss: 0.0002 -> 0.0002  accuracy: 100.00% -> 100.00%   
client [51] (testset)   loss: 0.0112 -> 0.0013  accuracy: 100.00% -> 100.00%   
client [8]  (testset)   loss: 0.4077 -> 0.0005  accuracy: 88.10% -> 100.00%    
client [18] (testset)   loss: 0.0388 -> 0.0258  accuracy: 99.31% -> 99.31%     
client [94] (testset)   loss: 0.0015 -> 0.0000  accuracy: 100.00% -> 100.00%   
client [81] (testset)   loss: 0.0543 -> 0.0221  accuracy: 98.77% -> 99.38%     
client [3]  (testset)   loss: 0.0641 -> 0.0099  accuracy: 96.86% -> 99.58%     
client [11] (testset)   loss: 0.0000 -> 0.0000  accuracy: 100.00% -> 100.00%   
client [95] (testset)   loss: 0.0186 -> 0.0011  accuracy: 99.64% -> 100.00%    
client [67] (testset)   loss: 0.0395 -> 0.0000  accuracy: 97.30% -> 100.00%    
---------------------------- TRAINING EPOCH: 180 ----------------------------  
client [21] (testset)   loss: 0.0166 -> 0.0061  accuracy: 99.02% -> 100.00%    
client [79] (testset)   loss: 0.0040 -> 0.0001  accuracy: 100.00% -> 100.00%   
client [58] (testset)   loss: 0.0206 -> 0.0180  accuracy: 99.29% -> 99.29%     
client [88] (testset)   loss: 0.1058 -> 0.0134  accuracy: 97.06% -> 100.00%    
client [46] (testset)   loss: 0.0282 -> 0.0231  accuracy: 98.87% -> 99.55%     
client [11] (testset)   loss: 0.0000 -> 0.0000  accuracy: 100.00% -> 100.00%   
client [55] (testset)   loss: 0.0563 -> 0.0044  accuracy: 97.96% -> 99.74%     
client [13] (testset)   loss: 0.1529 -> 0.0057  accuracy: 95.83% -> 100.00%    
client [31] (testset)   loss: 0.0069 -> 0.0005  accuracy: 100.00% -> 100.00%   
client [75] (testset)   loss: 0.1901 -> 0.0197  accuracy: 95.36% -> 99.07%     
---------------------------- TRAINING EPOCH: 190 ----------------------------  
client [19] (testset)   loss: 0.1202 -> 0.0148  accuracy: 92.59% -> 100.00%    
client [7]  (testset)   loss: 0.0026 -> 0.0001  accuracy: 100.00% -> 100.00%   
client [57] (testset)   loss: 0.0009 -> 0.0002  accuracy: 100.00% -> 100.00%   
client [13] (testset)   loss: 0.0539 -> 0.0041  accuracy: 95.83% -> 100.00%    
client [43] (testset)   loss: 0.1224 -> 0.0706  accuracy: 97.86% -> 98.40%     
client [91] (testset)   loss: 0.0356 -> 0.0080  accuracy: 98.84% -> 99.83%     
client [10] (testset)   loss: 0.0065 -> 0.0006  accuracy: 100.00% -> 100.00%   
client [64] (testset)   loss: 0.0227 -> 0.0096  accuracy: 98.89% -> 99.72%     
client [82] (testset)   loss: 0.0063 -> 0.0039  accuracy: 100.00% -> 100.00%   
client [22] (testset)   loss: 0.0070 -> 0.0018  accuracy: 100.00% -> 100.00%   
---------------------------- TRAINING EPOCH: 200 ----------------------------  
client [20] (testset)   loss: 0.0870 -> 0.0523  accuracy: 97.29% -> 98.19%     
client [23] (testset)   loss: 0.0004 -> 0.0003  accuracy: 100.00% -> 100.00%   
client [88] (testset)   loss: 0.1153 -> 0.0020  accuracy: 97.06% -> 100.00%    
client [98] (testset)   loss: 0.0435 -> 0.0225  accuracy: 97.06% -> 97.06%     
client [79] (testset)   loss: 0.0074 -> 0.0005  accuracy: 100.00% -> 100.00%   
client [21] (testset)   loss: 0.0072 -> 0.0021  accuracy: 100.00% -> 100.00%   
client [92] (testset)   loss: 0.0000 -> 0.0000  accuracy: 100.00% -> 100.00%   
client [56] (testset)   loss: 0.0230 -> 0.0001  accuracy: 98.92% -> 100.00%    
client [5]  (testset)   loss: 0.0347 -> 0.0094  accuracy: 97.93% -> 99.31%     
client [52] (testset)   loss: 0.0130 -> 0.0000  accuracy: 100.00% -> 100.00%   
---------------------------- TRAINING EPOCH: 210 ----------------------------  
client [67] (testset)   loss: 0.0001 -> 0.0000  accuracy: 100.00% -> 100.00%   
client [54] (testset)   loss: 0.0080 -> 0.0049  accuracy: 100.00% -> 100.00%   
client [14] (testset)   loss: 0.0331 -> 0.0280  accuracy: 97.92% -> 98.61%     
client [99] (testset)   loss: 0.0663 -> 0.0044  accuracy: 95.24% -> 100.00%    
client [36] (testset)   loss: 0.1103 -> 0.0414  accuracy: 97.97% -> 98.98%     
client [30] (testset)   loss: 0.0007 -> 0.0200  accuracy: 100.00% -> 97.50%    
client [38] (testset)   loss: 0.0783 -> 0.0471  accuracy: 98.25% -> 98.25%     
client [15] (testset)   loss: 0.1516 -> 0.0714  accuracy: 96.33% -> 99.08%     
client [6]  (testset)   loss: 0.0549 -> 0.0048  accuracy: 97.66% -> 100.00%    
client [53] (testset)   loss: 0.0280 -> 0.0056  accuracy: 100.00% -> 100.00%   
---------------------------- TRAINING EPOCH: 220 ----------------------------  
client [99] (testset)   loss: 0.0552 -> 0.0482  accuracy: 100.00% -> 95.24%    
client [6]  (testset)   loss: 0.0204 -> 0.0080  accuracy: 98.96% -> 99.48%     
client [83] (testset)   loss: 0.1038 -> 0.0772  accuracy: 98.22% -> 98.22%     
client [42] (testset)   loss: 0.1155 -> 0.0995  accuracy: 98.36% -> 98.91%     
client [34] (testset)   loss: 0.0550 -> 0.1246  accuracy: 94.44% -> 94.44%     
client [15] (testset)   loss: 0.1216 -> 0.0813  accuracy: 98.17% -> 99.08%     
client [47] (testset)   loss: 0.1113 -> 0.0058  accuracy: 96.59% -> 100.00%    
client [55] (testset)   loss: 0.0221 -> 0.0047  accuracy: 99.23% -> 99.74%     
client [51] (testset)   loss: 0.0005 -> 0.0001  accuracy: 100.00% -> 100.00%   
client [95] (testset)   loss: 0.0224 -> 0.0009  accuracy: 99.28% -> 100.00%    
---------------------------- TRAINING EPOCH: 230 ----------------------------  
client [71] (testset)   loss: 0.0236 -> 0.0050  accuracy: 99.77% -> 99.77%     
client [15] (testset)   loss: 0.1103 -> 0.0661  accuracy: 97.25% -> 99.08%     
client [33] (testset)   loss: 0.0970 -> 0.0626  accuracy: 98.53% -> 99.18%     
client [99] (testset)   loss: 0.0245 -> 0.0062  accuracy: 100.00% -> 100.00%   
client [90] (testset)   loss: 0.0327 -> 0.0315  accuracy: 99.27% -> 98.91%     
client [57] (testset)   loss: 0.0093 -> 0.0004  accuracy: 99.52% -> 100.00%    
client [27] (testset)   loss: 0.0245 -> 0.0024  accuracy: 99.47% -> 100.00%    
client [78] (testset)   loss: 0.0517 -> 0.0325  accuracy: 98.73% -> 99.36%     
client [36] (testset)   loss: 0.1232 -> 0.0368  accuracy: 96.95% -> 98.98%     
client [88] (testset)   loss: 0.2151 -> 0.0195  accuracy: 97.06% -> 98.53%     
---------------------------- TRAINING EPOCH: 240 ----------------------------  
client [70] (testset)   loss: 0.0369 -> 0.0080  accuracy: 98.53% -> 99.82%     
client [35] (testset)   loss: 0.1082 -> 0.0307  accuracy: 96.08% -> 99.02%     
client [16] (testset)   loss: 0.0002 -> 0.0001  accuracy: 100.00% -> 100.00%   
client [80] (testset)   loss: 0.0008 -> 0.0003  accuracy: 100.00% -> 100.00%   
client [38] (testset)   loss: 0.0664 -> 0.0626  accuracy: 98.25% -> 98.25%     
client [78] (testset)   loss: 0.0930 -> 0.0225  accuracy: 97.45% -> 99.36%     
client [68] (testset)   loss: 0.0013 -> 0.0276  accuracy: 100.00% -> 98.31%    
client [11] (testset)   loss: 0.0000 -> 0.0000  accuracy: 100.00% -> 100.00%   
client [64] (testset)   loss: 0.0208 -> 0.0157  accuracy: 99.17% -> 99.44%     
client [82] (testset)   loss: 0.0018 -> 0.0023  accuracy: 100.00% -> 100.00%   
---------------------------- TRAINING EPOCH: 250 ----------------------------  
client [30] (testset)   loss: 0.0000 -> 0.0093  accuracy: 100.00% -> 100.00%   
client [27] (testset)   loss: 0.0163 -> 0.0008  accuracy: 99.47% -> 100.00%    
client [74] (testset)   loss: 0.0900 -> 0.0969  accuracy: 98.15% -> 98.46%     
client [45] (testset)   loss: 0.0402 -> 0.0214  accuracy: 99.08% -> 99.69%     
client [6]  (testset)   loss: 0.0327 -> 0.0067  accuracy: 98.70% -> 99.74%     
client [36] (testset)   loss: 0.1276 -> 0.0485  accuracy: 97.46% -> 98.98%     
client [63] (testset)   loss: 0.0591 -> 0.0195  accuracy: 98.54% -> 99.27%     
client [76] (testset)   loss: 0.0077 -> 0.0319  accuracy: 100.00% -> 98.70%    
client [83] (testset)   loss: 0.1285 -> 0.0881  accuracy: 98.22% -> 97.86%     
client [86] (testset)   loss: 0.1572 -> 0.0009  accuracy: 95.62% -> 100.00%    
---------------------------- TRAINING EPOCH: 260 ----------------------------  
client [83] (testset)   loss: 0.1010 -> 0.0689  accuracy: 98.22% -> 98.58%     
client [99] (testset)   loss: 0.0386 -> 0.0128  accuracy: 100.00% -> 100.00%   
client [74] (testset)   loss: 0.0652 -> 0.0956  accuracy: 98.77% -> 98.77%     
client [73] (testset)   loss: 0.0004 -> 0.1504  accuracy: 100.00% -> 94.12%    
client [29] (testset)   loss: 0.0831 -> 0.0264  accuracy: 96.68% -> 99.63%     
client [92] (testset)   loss: 0.0000 -> 0.0000  accuracy: 100.00% -> 100.00%   
client [6]  (testset)   loss: 0.0645 -> 0.0059  accuracy: 98.18% -> 99.74%     
client [61] (testset)   loss: 0.0243 -> 0.0001  accuracy: 99.41% -> 100.00%    
client [21] (testset)   loss: 0.0079 -> 0.0085  accuracy: 99.02% -> 99.02%     
client [67] (testset)   loss: 0.0002 -> 0.0000  accuracy: 100.00% -> 100.00%   
---------------------------- TRAINING EPOCH: 270 ----------------------------  
client [83] (testset)   loss: 0.1430 -> 0.0860  accuracy: 97.86% -> 98.58%     
client [32] (testset)   loss: 0.1871 -> 0.0945  accuracy: 96.03% -> 98.41%     
client [95] (testset)   loss: 0.0317 -> 0.0019  accuracy: 99.64% -> 100.00%    
client [61] (testset)   loss: 0.0242 -> 0.0004  accuracy: 99.12% -> 100.00%    
client [27] (testset)   loss: 0.0301 -> 0.0006  accuracy: 99.47% -> 100.00%    
client [25] (testset)   loss: 0.0282 -> 0.0000  accuracy: 97.70% -> 100.00%    
client [68] (testset)   loss: 0.0031 -> 0.0433  accuracy: 100.00% -> 98.31%    
client [34] (testset)   loss: 0.0775 -> 0.2499  accuracy: 94.44% -> 94.44%     
client [71] (testset)   loss: 0.0172 -> 0.0047  accuracy: 99.54% -> 99.77%     
client [89] (testset)   loss: 0.0068 -> 0.0018  accuracy: 100.00% -> 100.00%   
---------------------------- TRAINING EPOCH: 280 ----------------------------  
client [78] (testset)   loss: 0.1315 -> 0.0600  accuracy: 96.82% -> 98.73%     
client [81] (testset)   loss: 0.0256 -> 0.0133  accuracy: 99.38% -> 99.38%     
client [51] (testset)   loss: 0.0032 -> 0.0026  accuracy: 100.00% -> 100.00%   
client [54] (testset)   loss: 0.0010 -> 0.0084  accuracy: 100.00% -> 100.00%   
client [65] (testset)   loss: 0.1053 -> 0.0410  accuracy: 98.32% -> 98.74%     
client [41] (testset)   loss: 0.0276 -> 0.0003  accuracy: 98.95% -> 100.00%    
client [11] (testset)   loss: 0.0000 -> 0.0000  accuracy: 100.00% -> 100.00%   
client [85] (testset)   loss: 0.0796 -> 0.0079  accuracy: 97.41% -> 99.48%     
client [12] (testset)   loss: 0.0772 -> 0.0186  accuracy: 98.02% -> 99.01%     
client [23] (testset)   loss: 0.0019 -> 0.0001  accuracy: 100.00% -> 100.00%   
---------------------------- TRAINING EPOCH: 290 ----------------------------  
client [16] (testset)   loss: 0.0102 -> 0.0002  accuracy: 100.00% -> 100.00%   
client [65] (testset)   loss: 0.0634 -> 0.0419  accuracy: 98.74% -> 98.74%     
client [53] (testset)   loss: 0.0051 -> 0.0084  accuracy: 100.00% -> 100.00%   
client [58] (testset)   loss: 0.0717 -> 0.0020  accuracy: 97.87% -> 100.00%    
client [72] (testset)   loss: 0.0273 -> 0.0033  accuracy: 99.09% -> 100.00%    
client [7]  (testset)   loss: 0.0066 -> 0.0014  accuracy: 100.00% -> 100.00%   
client [71] (testset)   loss: 0.0293 -> 0.0027  accuracy: 99.54% -> 99.77%     
client [59] (testset)   loss: 0.0000 -> 0.0000  accuracy: 100.00% -> 100.00%   
client [86] (testset)   loss: 0.1195 -> 0.0050  accuracy: 96.71% -> 99.73%     
client [39] (testset)   loss: 0.0099 -> 0.0012  accuracy: 99.75% -> 100.00%    
---------------------------- TRAINING EPOCH: 300 ----------------------------  
client [99] (testset)   loss: 0.0277 -> 0.0235  accuracy: 100.00% -> 100.00%   
client [7]  (testset)   loss: 0.0060 -> 0.0000  accuracy: 100.00% -> 100.00%   
client [17] (testset)   loss: 0.0028 -> 0.0097  accuracy: 100.00% -> 99.61%    
client [64] (testset)   loss: 0.0368 -> 0.0187  accuracy: 98.89% -> 99.44%     
client [37] (testset)   loss: 0.1021 -> 0.0525  accuracy: 97.40% -> 96.97%     
client [29] (testset)   loss: 0.0531 -> 0.0233  accuracy: 98.15% -> 99.63%     
client [93] (testset)   loss: 0.0027 -> 0.0001  accuracy: 100.00% -> 100.00%   
client [73] (testset)   loss: 0.0002 -> 0.0448  accuracy: 100.00% -> 97.06%    
client [40] (testset)   loss: 0.0009 -> 0.0002  accuracy: 100.00% -> 100.00%   
client [76] (testset)   loss: 0.0517 -> 0.0485  accuracy: 97.40% -> 98.70%     
---------------------------- TRAINING EPOCH: 310 ----------------------------  
client [31] (testset)   loss: 0.0140 -> 0.2728  accuracy: 100.00% -> 85.71%    
client [89] (testset)   loss: 0.0036 -> 0.0029  accuracy: 100.00% -> 100.00%   
client [77] (testset)   loss: 0.0520 -> 0.0317  accuracy: 97.26% -> 99.32%     
client [90] (testset)   loss: 0.0595 -> 0.0402  accuracy: 98.18% -> 99.27%     
client [26] (testset)   loss: 0.0125 -> 0.1158  accuracy: 100.00% -> 95.83%    
client [50] (testset)   loss: 0.0045 -> 0.0078  accuracy: 100.00% -> 99.49%    
client [30] (testset)   loss: 0.0011 -> 0.0029  accuracy: 100.00% -> 100.00%   
client [70] (testset)   loss: 0.0302 -> 0.0075  accuracy: 99.08% -> 99.82%     
client [41] (testset)   loss: 0.0267 -> 0.0003  accuracy: 98.95% -> 100.00%    
client [99] (testset)   loss: 0.0084 -> 0.0431  accuracy: 100.00% -> 95.24%    
---------------------------- TRAINING EPOCH: 320 ----------------------------  
client [68] (testset)   loss: 0.0022 -> 0.0045  accuracy: 100.00% -> 100.00%   
client [70] (testset)   loss: 0.0361 -> 0.0108  accuracy: 98.90% -> 99.63%     
client [52] (testset)   loss: 0.0142 -> 0.0000  accuracy: 100.00% -> 100.00%   
client [1]  (testset)   loss: 0.0128 -> 0.0101  accuracy: 100.00% -> 100.00%   
client [2]  (testset)   loss: 0.0384 -> 0.0220  accuracy: 99.05% -> 99.43%     
client [67] (testset)   loss: 0.0000 -> 0.0000  accuracy: 100.00% -> 100.00%   
client [92] (testset)   loss: 0.0000 -> 0.0000  accuracy: 100.00% -> 100.00%   
client [35] (testset)   loss: 0.1954 -> 0.0298  accuracy: 94.12% -> 99.02%     
client [36] (testset)   loss: 0.1009 -> 0.0503  accuracy: 98.48% -> 98.98%     
client [64] (testset)   loss: 0.0420 -> 0.0185  accuracy: 98.61% -> 99.17%     
---------------------------- TRAINING EPOCH: 330 ----------------------------  
client [44] (testset)   loss: 0.0364 -> 0.0169  accuracy: 99.10% -> 99.70%     
client [6]  (testset)   loss: 0.0401 -> 0.0059  accuracy: 98.18% -> 100.00%    
client [12] (testset)   loss: 0.2642 -> 0.0244  accuracy: 93.56% -> 99.50%     
client [55] (testset)   loss: 0.0153 -> 0.0084  accuracy: 99.49% -> 99.74%     
client [29] (testset)   loss: 0.1316 -> 0.0206  accuracy: 95.57% -> 99.63%     
client [9]  (testset)   loss: 0.7553 -> 0.0274  accuracy: 81.27% -> 99.02%     
client [43] (testset)   loss: 0.1683 -> 0.0544  accuracy: 95.72% -> 98.93%     
client [77] (testset)   loss: 0.0760 -> 0.0498  accuracy: 97.26% -> 99.32%     
client [98] (testset)   loss: 0.3508 -> 0.0061  accuracy: 85.29% -> 100.00%    
client [78] (testset)   loss: 1.0296 -> 0.0093  accuracy: 78.98% -> 99.36%     
---------------------------- TRAINING EPOCH: 340 ----------------------------  
client [92] (testset)   loss: 0.0000 -> 0.0000  accuracy: 100.00% -> 100.00%   
client [80] (testset)   loss: 0.0018 -> 0.0004  accuracy: 100.00% -> 100.00%   
client [63] (testset)   loss: 0.0360 -> 0.0256  accuracy: 99.27% -> 99.27%     
client [76] (testset)   loss: 0.0020 -> 0.1340  accuracy: 100.00% -> 98.70%    
client [78] (testset)   loss: 0.0683 -> 0.0396  accuracy: 97.45% -> 98.73%     
client [25] (testset)   loss: 0.0076 -> 0.0001  accuracy: 100.00% -> 100.00%   
client [58] (testset)   loss: 0.0472 -> 0.0025  accuracy: 98.58% -> 100.00%    
client [13] (testset)   loss: 0.0103 -> 0.0030  accuracy: 100.00% -> 100.00%   
client [17] (testset)   loss: 0.0124 -> 0.0273  accuracy: 99.61% -> 99.61%     
client [38] (testset)   loss: 0.0924 -> 0.0892  accuracy: 98.25% -> 98.25%     
---------------------------- TRAINING EPOCH: 350 ----------------------------  
client [72] (testset)   loss: 0.0422 -> 0.0048  accuracy: 99.09% -> 100.00%    
client [82] (testset)   loss: 0.0035 -> 0.0058  accuracy: 100.00% -> 100.00%   
client [86] (testset)   loss: 0.0831 -> 0.0006  accuracy: 97.26% -> 100.00%    
client [51] (testset)   loss: 0.0000 -> 0.0000  accuracy: 100.00% -> 100.00%   
client [96] (testset)   loss: 0.0638 -> 0.0009  accuracy: 98.04% -> 100.00%    
client [42] (testset)   loss: 0.1130 -> 0.1072  accuracy: 97.81% -> 98.91%     
client [55] (testset)   loss: 0.0338 -> 0.0052  accuracy: 98.47% -> 99.74%     
client [13] (testset)   loss: 0.0595 -> 0.0053  accuracy: 95.83% -> 100.00%    
client [1]  (testset)   loss: 0.0108 -> 0.0101  accuracy: 100.00% -> 100.00%   
client [12] (testset)   loss: 0.0241 -> 0.0219  accuracy: 98.51% -> 99.01%     
---------------------------- TRAINING EPOCH: 360 ----------------------------  
client [68] (testset)   loss: 0.0053 -> 0.0114  accuracy: 100.00% -> 100.00%   
client [23] (testset)   loss: 0.0019 -> 0.0001  accuracy: 100.00% -> 100.00%   
client [46] (testset)   loss: 0.0399 -> 0.0233  accuracy: 98.87% -> 99.10%     
client [41] (testset)   loss: 0.0096 -> 0.0001  accuracy: 98.95% -> 100.00%    
client [25] (testset)   loss: 0.0047 -> 0.0000  accuracy: 100.00% -> 100.00%   
client [58] (testset)   loss: 0.0168 -> 0.0009  accuracy: 99.29% -> 100.00%    
client [14] (testset)   loss: 0.0854 -> 0.0306  accuracy: 97.22% -> 98.61%     
client [33] (testset)   loss: 0.0807 -> 0.0642  accuracy: 99.02% -> 99.35%     
client [85] (testset)   loss: 0.0600 -> 0.0122  accuracy: 97.93% -> 99.48%     
client [62] (testset)   loss: 0.0005 -> 0.0001  accuracy: 100.00% -> 100.00%   
---------------------------- TRAINING EPOCH: 370 ----------------------------  
client [98] (testset)   loss: 0.1301 -> 0.1138  accuracy: 97.06% -> 97.06%     
client [63] (testset)   loss: 0.0350 -> 0.0148  accuracy: 98.54% -> 99.27%     
client [70] (testset)   loss: 0.0383 -> 0.0092  accuracy: 98.90% -> 99.82%     
client [65] (testset)   loss: 0.0974 -> 0.0563  accuracy: 98.74% -> 98.74%     
client [14] (testset)   loss: 0.0592 -> 0.0378  accuracy: 97.22% -> 98.61%     
client [73] (testset)   loss: 0.0012 -> 0.0196  accuracy: 100.00% -> 100.00%   
client [34] (testset)   loss: 0.0292 -> 0.0547  accuracy: 100.00% -> 94.44%    
client [99] (testset)   loss: 0.0214 -> 0.0314  accuracy: 100.00% -> 100.00%   
client [69] (testset)   loss: 0.0387 -> 0.0038  accuracy: 98.91% -> 99.82%     
client [46] (testset)   loss: 0.0368 -> 0.0242  accuracy: 98.87% -> 99.10%     
---------------------------- TRAINING EPOCH: 380 ----------------------------  
client [99] (testset)   loss: 0.0264 -> 0.0161  accuracy: 100.00% -> 100.00%   
client [93] (testset)   loss: 0.0015 -> 0.0002  accuracy: 100.00% -> 100.00%   
client [11] (testset)   loss: 0.0000 -> 0.0000  accuracy: 100.00% -> 100.00%   
client [58] (testset)   loss: 0.0326 -> 0.0155  accuracy: 99.29% -> 99.29%     
client [81] (testset)   loss: 0.0401 -> 0.0122  accuracy: 99.38% -> 99.38%     
client [85] (testset)   loss: 0.0612 -> 0.0149  accuracy: 98.45% -> 99.48%     
client [89] (testset)   loss: 0.0003 -> 0.0005  accuracy: 100.00% -> 100.00%   
client [45] (testset)   loss: 0.0412 -> 0.0235  accuracy: 98.47% -> 99.69%     
client [8]  (testset)   loss: 0.2389 -> 0.0704  accuracy: 95.24% -> 97.62%     
client [68] (testset)   loss: 0.0052 -> 0.0189  accuracy: 100.00% -> 98.31%    
---------------------------- TRAINING EPOCH: 390 ----------------------------  
client [67] (testset)   loss: 0.0002 -> 0.0000  accuracy: 100.00% -> 100.00%   
client [72] (testset)   loss: 0.0179 -> 0.0005  accuracy: 99.09% -> 100.00%    
client [1]  (testset)   loss: 0.0173 -> 0.0087  accuracy: 98.33% -> 100.00%    
client [78] (testset)   loss: 0.1521 -> 0.0575  accuracy: 96.82% -> 98.73%     
client [83] (testset)   loss: 0.0993 -> 0.0694  accuracy: 97.51% -> 98.22%     
client [21] (testset)   loss: 0.0356 -> 0.0212  accuracy: 99.02% -> 99.02%     
client [56] (testset)   loss: 0.0046 -> 0.0000  accuracy: 100.00% -> 100.00%   
client [44] (testset)   loss: 0.0547 -> 0.0270  accuracy: 98.21% -> 99.10%     
client [92] (testset)   loss: 0.0000 -> 0.0000  accuracy: 100.00% -> 100.00%   
client [27] (testset)   loss: 0.0049 -> 0.0006  accuracy: 100.00% -> 100.00%   
---------------------------- TRAINING EPOCH: 400 ----------------------------  
client [10] (testset)   loss: 0.0003 -> 0.0001  accuracy: 100.00% -> 100.00%   
client [39] (testset)   loss: 0.0199 -> 0.0031  accuracy: 99.51% -> 99.75%     
client [65] (testset)   loss: 0.0859 -> 0.0572  accuracy: 98.74% -> 98.74%     
client [26] (testset)   loss: 0.0109 -> 0.0097  accuracy: 100.00% -> 100.00%   
client [19] (testset)   loss: 0.0731 -> 0.0380  accuracy: 96.30% -> 98.15%     
client [68] (testset)   loss: 0.0009 -> 0.0026  accuracy: 100.00% -> 100.00%   
client [41] (testset)   loss: 0.0124 -> 0.0001  accuracy: 98.95% -> 100.00%    
client [50] (testset)   loss: 0.0241 -> 0.0104  accuracy: 98.97% -> 98.97%     
client [75] (testset)   loss: 0.0727 -> 0.0247  accuracy: 97.83% -> 99.07%     
client [81] (testset)   loss: 0.0226 -> 0.0104  accuracy: 99.38% -> 99.38%     
FedAvg's average time taken by each global epoch: 0 min 2.58 sec.              
FedAvg's total running time: 0 h 18 m 57 s.                                    
==================== FedAvg Experiment Results: ====================           
Display format: (before local fine-tuning) -> (after local fine-tuning)        
 So if finetune_epoch = 0, x.xx% -> 0.00% is normal.                           
 Centralized testing ONLY happens after model aggregation, so the stats between
'->' are the same.                                                             
{                                                                              
    "100": {                                                                   
        "all_clients": {                                                       
            "test": {                                                          
                "loss": "0.0751 -> 0.0220",                                    
                "accuracy": "97.75% -> 99.43%"                                 
            }                                                                  
        }                                                                      
    },                                                                         
    "200": {                                                                   
        "all_clients": {                                                       
            "test": {                                                          
                "loss": "0.0516 -> 0.0209",                                    
                "accuracy": "98.47% -> 99.47%"                                 
            }                                                                  
        }                                                                      
    },                                                                         
    "300": {                                                                   
        "all_clients": {                                                       
            "test": {                                                          
                "loss": "0.0444 -> 0.0204",                                    
                "accuracy": "98.80% -> 99.46%"                                 
            }                                                                  
        }                                                                      
    },                                                                         
    "400": {                                                                   
        "all_clients": {                                                       
            "test": {                                                          
                "loss": "0.0468 -> 0.0229",                                    
                "accuracy": "98.71% -> 99.46%"                                 
            }                                                                  
        }                                                                      
    }                                                                          
}                                                                              
==================== FedAvg Max Accuracy ====================                  
all_clients:                                                                   
(test) before fine-tuning: 98.80% at epoch 300                                 
(test) after fine-tuning: 99.47% at epoch 200                                  
