==================== LG-FedAvg ====================                            
Experiment Arguments:                                                          
{
    'method': 'lgfedavg',
    'dataset': {
        'name': 'cifar100',
        'client_num': 100,
        'test_ratio': 0.25,
        'val_ratio': 0.0,
        'seed': 42,
        'split': 'sample',
        'IID_ratio': 0.0,
        'monitor_window_name_suffix': 'cifar100-100clients-0%IID-use20superclasses-Dir(0.1)-seed42',
        'super_class': False,
        'alpha': 0.1,
        'min_samples_per_client': 10
    },
    'model': {
        'name': 'avgcnn',
        'use_torchvision_pretrained_weights': True,
        'external_model_weights_path': None
    },
    'optimizer': {
        'lr': 0.01,
        'dampening': 0,
        'weight_decay': 0,
        'momentum': 0.7,
        'nesterov': False,
        'name': 'sgd'
    },
    'mode': 'parallel',
    'parallel': {
        'ray_cluster_addr': None,
        'num_cpus': 24.0,
        'num_gpus': 1.0,
        'num_workers': 2
    },
    'common': {
        'seed': 42,
        'join_ratio': 0.1,
        'global_epoch': 400,
        'local_epoch': 5,
        'batch_size': 32,
        'reset_optimizer_on_global_epoch': True,
        'straggler_ratio': 0,
        'straggler_min_local_epoch': 0,
        'buffers': 'global',
        'client_side_evaluation': True,
        'test': {
            'client': {
                'interval': 100,
                'finetune_epoch': 5,
                'train': False,
                'val': False,
                'test': True
            },
            'server': {
                'interval': -1,
                'train': False,
                'val': False,
                'test': True,
                'model_in_train_mode': False
            }
        },
        'verbose_gap': 10,
        'monitor': None,
        'use_cuda': True,
        'save_log': True,
        'save_model': False,
        'save_learning_curve_plot': True,
        'save_metrics': True,
        'delete_useless_run': True
    },
    'fedprox': {
        'mu': 0.01
    },
    'pfedsim': {
        'warmup_round': 0.5
    },
    'lgfedavg': {
        'num_global_layers': 1
    }
}
---------------------------- TRAINING EPOCH: 10 ----------------------------   
client [81] (testset)   loss: 2.8555 -> 3.3056  accuracy: 42.38% -> 35.76%     
client [77] (testset)   loss: 2.4876 -> 2.7031  accuracy: 46.63% -> 42.70%     
client [21] (testset)   loss: 4.0338 -> 2.2239  accuracy: 12.93% -> 44.22%     
client [68] (testset)   loss: 2.7066 -> 2.9970  accuracy: 37.82% -> 40.76%     
client [93] (testset)   loss: 2.8906 -> 3.3669  accuracy: 32.00% -> 41.60%     
client [31] (testset)   loss: 3.5111 -> 2.2523  accuracy: 32.63% -> 45.26%     
client [20] (testset)   loss: 2.4260 -> 2.8905  accuracy: 48.51% -> 45.54%     
client [59] (testset)   loss: 4.3234 -> 2.4170  accuracy: 8.58% -> 39.48%      
client [48] (testset)   loss: 3.5693 -> 3.9782  accuracy: 38.18% -> 37.58%     
client [34] (testset)   loss: 2.7230 -> 3.5403  accuracy: 29.83% -> 30.39%     
---------------------------- TRAINING EPOCH: 20 ----------------------------   
client [99] (testset)   loss: 4.3177 -> 4.8542  accuracy: 22.63% -> 26.28%     
client [69] (testset)   loss: 3.6811 -> 2.4584  accuracy: 44.77% -> 52.35%     
client [67] (testset)   loss: 2.7240 -> 3.3417  accuracy: 39.01% -> 36.81%     
client [0]  (testset)   loss: 2.9076 -> 3.2539  accuracy: 46.08% -> 41.18%     
client [41] (testset)   loss: 3.4617 -> 3.4788  accuracy: 30.65% -> 29.84%     
client [76] (testset)   loss: 3.5477 -> 3.9053  accuracy: 32.96% -> 34.64%     
client [2]  (testset)   loss: 4.7244 -> 3.3055  accuracy: 3.57% -> 31.25%      
client [62] (testset)   loss: 4.7463 -> 2.9194  accuracy: 6.80% -> 33.01%      
client [14] (testset)   loss: 4.1457 -> 4.6701  accuracy: 19.48% -> 33.77%     
client [46] (testset)   loss: 3.6436 -> 3.8188  accuracy: 58.10% -> 59.05%     
---------------------------- TRAINING EPOCH: 30 ----------------------------   
client [24] (testset)   loss: 3.3929 -> 3.6526  accuracy: 44.83% -> 42.24%     
client [68] (testset)   loss: 4.9254 -> 4.9432  accuracy: 44.12% -> 44.12%     
client [57] (testset)   loss: 2.5642 -> 3.1270  accuracy: 49.69% -> 47.24%     
client [17] (testset)   loss: 4.7506 -> 4.6260  accuracy: 26.32% -> 31.58%     
client [54] (testset)   loss: 6.7213 -> 6.8973  accuracy: 36.67% -> 36.67%     
client [23] (testset)   loss: 4.4713 -> 2.9998  accuracy: 7.27% -> 37.27%      
client [35] (testset)   loss: 3.9298 -> 4.5528  accuracy: 30.61% -> 36.73%     
client [59] (testset)   loss: 3.8748 -> 4.1096  accuracy: 37.77% -> 39.06%     
client [31] (testset)   loss: 4.0349 -> 4.1863  accuracy: 46.32% -> 46.84%     
client [9]  (testset)   loss: 3.8538 -> 4.0416  accuracy: 42.28% -> 41.61%     
---------------------------- TRAINING EPOCH: 40 ----------------------------   
client [33] (testset)   loss: 5.5393 -> 5.5830  accuracy: 25.69% -> 24.77%     
client [64] (testset)   loss: 3.8639 -> 4.1225  accuracy: 41.22% -> 41.89%     
client [16] (testset)   loss: 4.1824 -> 4.3217  accuracy: 33.88% -> 33.88%     
client [44] (testset)   loss: 4.6649 -> 3.3620  accuracy: 30.07% -> 32.68%     
client [8]  (testset)   loss: 5.5747 -> 5.6071  accuracy: 43.72% -> 43.72%     
client [31] (testset)   loss: 4.4808 -> 4.5612  accuracy: 45.79% -> 45.79%     
client [47] (testset)   loss: 4.5718 -> 4.6991  accuracy: 44.35% -> 44.35%     
client [36] (testset)   loss: 2.9504 -> 3.0085  accuracy: 39.82% -> 37.17%     
client [56] (testset)   loss: 3.1953 -> 3.3201  accuracy: 38.10% -> 44.05%     
client [20] (testset)   loss: 4.6783 -> 4.7255  accuracy: 49.01% -> 49.01%     
---------------------------- TRAINING EPOCH: 50 ----------------------------   
client [60] (testset)   loss: 4.0515 -> 4.2024  accuracy: 42.42% -> 43.94%     
client [4]  (testset)   loss: 3.2011 -> 3.5612  accuracy: 49.32% -> 45.27%     
client [28] (testset)   loss: 4.0322 -> 4.1632  accuracy: 40.32% -> 41.94%     
client [25] (testset)   loss: 3.8306 -> 3.7738  accuracy: 41.67% -> 43.75%     
client [58] (testset)   loss: 6.0679 -> 6.0992  accuracy: 37.69% -> 37.69%     
client [44] (testset)   loss: 3.4306 -> 4.3602  accuracy: 33.33% -> 32.68%     
client [29] (testset)   loss: 5.4630 -> 5.5484  accuracy: 37.33% -> 36.67%     
client [39] (testset)   loss: 3.5518 -> 3.7230  accuracy: 44.31% -> 44.31%     
client [3]  (testset)   loss: 2.4474 -> 3.1722  accuracy: 48.44% -> 46.88%     
client [84] (testset)   loss: 5.6502 -> 5.7337  accuracy: 36.02% -> 36.44%     
---------------------------- TRAINING EPOCH: 60 ----------------------------   
client [21] (testset)   loss: 3.3509 -> 3.3879  accuracy: 44.90% -> 43.54%     
client [84] (testset)   loss: 5.9301 -> 5.9990  accuracy: 36.02% -> 36.02%     
client [10] (testset)   loss: 5.0540 -> 5.1583  accuracy: 39.42% -> 39.42%     
client [36] (testset)   loss: 3.4534 -> 3.5106  accuracy: 36.28% -> 35.40%     
client [65] (testset)   loss: 4.3340 -> 4.4043  accuracy: 36.36% -> 36.36%     
client [81] (testset)   loss: 5.4781 -> 5.5469  accuracy: 41.72% -> 41.06%     
client [79] (testset)   loss: 3.5968 -> 3.6913  accuracy: 53.63% -> 52.51%     
client [42] (testset)   loss: 3.6664 -> 3.7254  accuracy: 47.95% -> 47.95%     
client [11] (testset)   loss: 4.2096 -> 4.3651  accuracy: 43.50% -> 44.63%     
client [96] (testset)   loss: 4.8110 -> 4.8572  accuracy: 45.09% -> 45.09%     
---------------------------- TRAINING EPOCH: 70 ----------------------------   
client [53] (testset)   loss: 4.4131 -> 4.6791  accuracy: 40.43% -> 38.30%     
client [8]  (testset)   loss: 6.0675 -> 6.0844  accuracy: 44.72% -> 43.72%     
client [52] (testset)   loss: 4.6767 -> 4.7155  accuracy: 40.30% -> 40.30%     
client [42] (testset)   loss: 3.8246 -> 3.8673  accuracy: 47.95% -> 47.95%     
client [69] (testset)   loss: 4.5639 -> 4.6025  accuracy: 52.35% -> 52.35%     
client [59] (testset)   loss: 4.8401 -> 4.8963  accuracy: 38.63% -> 38.20%     
client [26] (testset)   loss: 4.0527 -> 4.1192  accuracy: 43.36% -> 44.25%     
client [7]  (testset)   loss: 5.5735 -> 5.5954  accuracy: 38.60% -> 37.72%     
client [98] (testset)   loss: 5.8394 -> 5.8660  accuracy: 35.92% -> 34.51%     
client [49] (testset)   loss: 3.8108 -> 3.9005  accuracy: 46.30% -> 45.68%     
---------------------------- TRAINING EPOCH: 80 ----------------------------   
client [47] (testset)   loss: 5.1894 -> 5.2306  accuracy: 43.48% -> 43.48%     
client [98] (testset)   loss: 5.9265 -> 5.9501  accuracy: 35.21% -> 34.51%     
client [21] (testset)   loss: 3.6169 -> 3.7123  accuracy: 43.54% -> 43.54%     
client [77] (testset)   loss: 5.2612 -> 5.3227  accuracy: 45.51% -> 45.51%     
client [91] (testset)   loss: 5.3520 -> 5.4144  accuracy: 36.18% -> 37.50%     
client [14] (testset)   loss: 7.1279 -> 7.2364  accuracy: 29.87% -> 29.87%     
client [95] (testset)   loss: 6.0660 -> 6.1041  accuracy: 35.54% -> 35.54%     
client [99] (testset)   loss: 6.6111 -> 6.7075  accuracy: 29.93% -> 29.93%     
client [20] (testset)   loss: 5.2779 -> 5.2979  accuracy: 49.01% -> 49.01%     
client [39] (testset)   loss: 4.0744 -> 4.1229  accuracy: 44.31% -> 44.31%     
---------------------------- TRAINING EPOCH: 90 ----------------------------   
client [52] (testset)   loss: 4.8068 -> 4.8521  accuracy: 40.30% -> 40.30%     
client [62] (testset)   loss: 4.9723 -> 4.9950  accuracy: 42.72% -> 42.72%     
client [71] (testset)   loss: 6.6749 -> 6.7217  accuracy: 23.66% -> 23.66%     
client [97] (testset)   loss: 6.6849 -> 6.7268  accuracy: 29.52% -> 29.52%     
client [30] (testset)   loss: 5.6551 -> 5.6944  accuracy: 28.73% -> 28.73%     
client [88] (testset)   loss: 4.8926 -> 4.9588  accuracy: 41.34% -> 40.78%     
client [60] (testset)   loss: 4.7604 -> 4.7924  accuracy: 43.94% -> 43.94%     
client [82] (testset)   loss: 6.3324 -> 6.3626  accuracy: 32.56% -> 32.56%     
client [91] (testset)   loss: 5.5037 -> 5.5541  accuracy: 36.84% -> 36.84%     
client [57] (testset)   loss: 3.9650 -> 4.0894  accuracy: 51.53% -> 51.53%     
---------------------------- TRAINING EPOCH: 100 ----------------------------  
client [15] (testset)   loss: 5.5130 -> 5.5950  accuracy: 37.96% -> 37.96%     
client [31] (testset)   loss: 5.3346 -> 5.3539  accuracy: 46.84% -> 46.84%     
client [97] (testset)   loss: 6.8476 -> 6.8854  accuracy: 29.52% -> 29.52%     
client [71] (testset)   loss: 6.7635 -> 6.8107  accuracy: 23.66% -> 24.43%     
client [53] (testset)   loss: 5.1882 -> 5.2724  accuracy: 38.30% -> 37.59%     
client [77] (testset)   loss: 5.4055 -> 5.4569  accuracy: 45.51% -> 45.51%     
client [76] (testset)   loss: 5.2878 -> 5.3161  accuracy: 34.08% -> 34.08%     
client [79] (testset)   loss: 3.9624 -> 4.0080  accuracy: 53.07% -> 53.07%     
client [28] (testset)   loss: 4.8235 -> 4.8564  accuracy: 39.52% -> 39.52%     
client [99] (testset)   loss: 6.8726 -> 6.9366  accuracy: 29.93% -> 29.93%     
---------------------------- TRAINING EPOCH: 110 ----------------------------  
client [97] (testset)   loss: 6.9561 -> 6.9916  accuracy: 29.52% -> 29.52%     
client [86] (testset)   loss: 6.0631 -> 6.0938  accuracy: 38.14% -> 38.14%     
client [34] (testset)   loss: 6.8707 -> 6.8930  accuracy: 34.81% -> 35.36%     
client [73] (testset)   loss: 5.7773 -> 5.8448  accuracy: 34.53% -> 35.25%     
client [5]  (testset)   loss: 5.7548 -> 5.7994  accuracy: 39.26% -> 39.88%     
client [96] (testset)   loss: 5.3467 -> 5.3667  accuracy: 45.09% -> 45.09%     
client [60] (testset)   loss: 4.9399 -> 4.9572  accuracy: 43.94% -> 43.94%     
client [22] (testset)   loss: 5.5084 -> 5.5522  accuracy: 34.21% -> 34.21%     
client [83] (testset)   loss: 5.7151 -> 5.7583  accuracy: 38.16% -> 38.16%     
client [66] (testset)   loss: 4.6375 -> 4.6819  accuracy: 42.23% -> 42.23%     
---------------------------- TRAINING EPOCH: 120 ----------------------------  
client [65] (testset)   loss: 4.6842 -> 4.7173  accuracy: 36.36% -> 35.45%     
client [76] (testset)   loss: 5.4298 -> 5.4525  accuracy: 34.08% -> 34.08%     
client [95] (testset)   loss: 6.3547 -> 6.3805  accuracy: 35.54% -> 35.54%     
client [17] (testset)   loss: 6.7699 -> 6.8349  accuracy: 31.58% -> 30.83%     
client [8]  (testset)   loss: 6.3509 -> 6.3631  accuracy: 43.72% -> 43.72%     
client [35] (testset)   loss: 6.4953 -> 6.5388  accuracy: 36.73% -> 36.73%     
client [98] (testset)   loss: 6.1405 -> 6.1550  accuracy: 35.21% -> 34.51%     
client [53] (testset)   loss: 5.3976 -> 5.4550  accuracy: 36.88% -> 37.59%     
client [43] (testset)   loss: 6.9959 -> 7.0291  accuracy: 29.63% -> 29.63%     
client [64] (testset)   loss: 5.1038 -> 5.1451  accuracy: 40.54% -> 40.54%     
---------------------------- TRAINING EPOCH: 130 ----------------------------  
client [21] (testset)   loss: 3.8779 -> 3.9334  accuracy: 43.54% -> 42.86%     
client [88] (testset)   loss: 5.3386 -> 5.3688  accuracy: 40.78% -> 40.78%     
client [3]  (testset)   loss: 4.5647 -> 4.6115  accuracy: 43.75% -> 43.75%     
client [38] (testset)   loss: 4.5478 -> 4.5763  accuracy: 48.60% -> 49.16%     
client [5]  (testset)   loss: 5.8976 -> 5.9340  accuracy: 39.26% -> 39.88%     
client [41] (testset)   loss: 4.9944 -> 5.0227  accuracy: 30.65% -> 30.65%     
client [37] (testset)   loss: 7.1087 -> 7.1435  accuracy: 32.69% -> 32.69%     
client [7]  (testset)   loss: 5.8720 -> 5.8908  accuracy: 38.16% -> 37.72%     
client [47] (testset)   loss: 5.4698 -> 5.4955  accuracy: 44.35% -> 44.35%     
client [45] (testset)   loss: 4.1792 -> 4.2470  accuracy: 42.92% -> 43.36%     
---------------------------- TRAINING EPOCH: 140 ----------------------------  
client [16] (testset)   loss: 5.2812 -> 5.3023  accuracy: 33.06% -> 33.06%     
client [11] (testset)   loss: 5.0221 -> 5.0566  accuracy: 44.63% -> 44.63%     
client [37] (testset)   loss: 7.2456 -> 7.2814  accuracy: 33.65% -> 33.65%     
client [41] (testset)   loss: 5.0415 -> 5.0728  accuracy: 30.65% -> 30.65%     
client [95] (testset)   loss: 6.4970 -> 6.5164  accuracy: 35.54% -> 35.54%     
client [53] (testset)   loss: 5.5001 -> 5.5566  accuracy: 37.59% -> 36.88%     
client [25] (testset)   loss: 4.9464 -> 4.9971  accuracy: 43.75% -> 43.75%     
client [22] (testset)   loss: 5.6638 -> 5.7085  accuracy: 34.87% -> 34.21%     
client [46] (testset)   loss: 5.3528 -> 5.3621  accuracy: 58.10% -> 58.10%     
client [69] (testset)   loss: 4.9901 -> 5.0102  accuracy: 52.35% -> 52.35%     
---------------------------- TRAINING EPOCH: 150 ----------------------------  
client [47] (testset)   loss: 5.6250 -> 5.6446  accuracy: 44.35% -> 44.35%     
client [82] (testset)   loss: 6.6938 -> 6.7137  accuracy: 32.56% -> 32.56%     
client [69] (testset)   loss: 5.0399 -> 5.0590  accuracy: 52.35% -> 52.35%     
client [45] (testset)   loss: 4.3615 -> 4.4059  accuracy: 43.36% -> 42.92%     
client [7]  (testset)   loss: 5.9355 -> 5.9565  accuracy: 37.72% -> 37.72%     
client [50] (testset)   loss: 3.7388 -> 3.7683  accuracy: 47.00% -> 47.00%     
client [35] (testset)   loss: 6.6783 -> 6.7091  accuracy: 36.73% -> 36.73%     
client [24] (testset)   loss: 4.8182 -> 4.8375  accuracy: 42.24% -> 41.38%     
client [15] (testset)   loss: 5.9399 -> 5.9753  accuracy: 38.69% -> 38.69%     
client [58] (testset)   loss: 6.9138 -> 6.9281  accuracy: 37.69% -> 37.69%     
---------------------------- TRAINING EPOCH: 160 ----------------------------  
client [48] (testset)   loss: 7.3518 -> 7.3566  accuracy: 36.97% -> 36.97%     
client [76] (testset)   loss: 5.5664 -> 5.5829  accuracy: 34.08% -> 34.08%     
client [37] (testset)   loss: 7.3608 -> 7.3852  accuracy: 33.65% -> 33.65%     
client [67] (testset)   loss: 5.3827 -> 5.4051  accuracy: 34.07% -> 33.52%     
client [58] (testset)   loss: 6.9557 -> 6.9682  accuracy: 38.46% -> 38.46%     
client [64] (testset)   loss: 5.3360 -> 5.3625  accuracy: 39.86% -> 39.86%     
client [77] (testset)   loss: 5.7501 -> 5.7809  accuracy: 45.51% -> 45.51%     
client [55] (testset)   loss: 3.4519 -> 3.4698  accuracy: 49.28% -> 48.55%     
client [12] (testset)   loss: 5.0650 -> 5.0864  accuracy: 53.79% -> 53.79%     
client [89] (testset)   loss: 7.7766 -> 7.8039  accuracy: 32.48% -> 32.48%     
---------------------------- TRAINING EPOCH: 170 ----------------------------  
client [51] (testset)   loss: 5.4414 -> 5.4560  accuracy: 43.92% -> 43.92%     
client [84] (testset)   loss: 6.7989 -> 6.8159  accuracy: 36.44% -> 36.44%     
client [8]  (testset)   loss: 6.5381 -> 6.5470  accuracy: 43.22% -> 43.22%     
client [18] (testset)   loss: 4.1224 -> 4.1472  accuracy: 49.22% -> 49.22%     
client [94] (testset)   loss: 6.3500 -> 6.3815  accuracy: 40.00% -> 40.00%     
client [81] (testset)   loss: 6.3780 -> 6.3840  accuracy: 41.72% -> 41.72%     
client [3]  (testset)   loss: 4.7753 -> 4.7987  accuracy: 43.75% -> 43.75%     
client [11] (testset)   loss: 5.1857 -> 5.2083  accuracy: 44.63% -> 44.63%     
client [95] (testset)   loss: 6.6822 -> 6.6983  accuracy: 35.54% -> 35.54%     
client [67] (testset)   loss: 5.4210 -> 5.4426  accuracy: 33.52% -> 34.07%     
---------------------------- TRAINING EPOCH: 180 ----------------------------  
client [21] (testset)   loss: 4.0726 -> 4.1055  accuracy: 42.86% -> 42.86%     
client [79] (testset)   loss: 4.4071 -> 4.4243  accuracy: 52.51% -> 52.51%     
client [58] (testset)   loss: 7.0367 -> 7.0417  accuracy: 37.69% -> 37.69%     
client [88] (testset)   loss: 5.5371 -> 5.5588  accuracy: 40.78% -> 40.78%     
client [46] (testset)   loss: 5.4616 -> 5.4740  accuracy: 58.10% -> 58.10%     
client [11] (testset)   loss: 5.2223 -> 5.2438  accuracy: 44.63% -> 44.63%     
client [55] (testset)   loss: 3.5481 -> 3.5602  accuracy: 48.55% -> 48.55%     
client [13] (testset)   loss: 5.9683 -> 5.9911  accuracy: 36.84% -> 36.84%     
client [31] (testset)   loss: 5.5761 -> 5.5905  accuracy: 46.84% -> 46.32%     
client [75] (testset)   loss: 6.0551 -> 6.0855  accuracy: 41.51% -> 41.51%     
---------------------------- TRAINING EPOCH: 190 ----------------------------  
client [19] (testset)   loss: 6.0451 -> 6.0581  accuracy: 38.41% -> 38.41%     
client [7]  (testset)   loss: 6.1035 -> 6.1194  accuracy: 37.72% -> 37.72%     
client [57] (testset)   loss: 4.6008 -> 4.6264  accuracy: 50.92% -> 50.92%     
client [13] (testset)   loss: 6.0249 -> 6.0582  accuracy: 36.84% -> 36.84%     
client [43] (testset)   loss: 7.3517 -> 7.3720  accuracy: 29.63% -> 29.63%     
client [91] (testset)   loss: 5.9162 -> 5.9383  accuracy: 37.50% -> 37.50%     
client [10] (testset)   loss: 6.1099 -> 6.1300  accuracy: 39.42% -> 39.42%     
client [82] (testset)   loss: 6.9026 -> 6.9234  accuracy: 32.56% -> 32.56%     
client [64] (testset)   loss: 5.5286 -> 5.5509  accuracy: 39.86% -> 39.86%     
client [22] (testset)   loss: 5.9368 -> 5.9664  accuracy: 33.55% -> 33.55%     
---------------------------- TRAINING EPOCH: 200 ----------------------------  
client [23] (testset)   loss: 4.8378 -> 4.8742  accuracy: 37.27% -> 37.27%     
client [20] (testset)   loss: 5.6822 -> 5.6932  accuracy: 49.01% -> 49.01%     
client [88] (testset)   loss: 5.5875 -> 5.6138  accuracy: 40.78% -> 40.78%     
client [98] (testset)   loss: 6.4177 -> 6.4282  accuracy: 34.51% -> 34.51%     
client [79] (testset)   loss: 4.4799 -> 4.4955  accuracy: 53.07% -> 53.07%     
client [21] (testset)   loss: 4.1543 -> 4.1810  accuracy: 42.18% -> 42.18%     
client [56] (testset)   loss: 4.4688 -> 4.4805  accuracy: 45.24% -> 45.24%     
client [92] (testset)   loss: 6.1331 -> 6.1470  accuracy: 34.69% -> 34.69%     
client [52] (testset)   loss: 5.3660 -> 5.3831  accuracy: 40.30% -> 40.30%     
client [5]  (testset)   loss: 6.2594 -> 6.2781  accuracy: 39.88% -> 39.88%     
---------------------------- TRAINING EPOCH: 210 ----------------------------  
client [54] (testset)   loss: 9.1882 -> 9.2032  accuracy: 36.67% -> 36.67%     
client [67] (testset)   loss: 5.6068 -> 5.6190  accuracy: 33.52% -> 33.52%     
client [14] (testset)   loss: 8.2929 -> 8.3094  accuracy: 29.87% -> 29.87%     
client [99] (testset)   loss: 7.5553 -> 7.5801  accuracy: 28.47% -> 28.47%     
client [36] (testset)   loss: 4.2728 -> 4.2868  accuracy: 33.63% -> 33.63%     
client [30] (testset)   loss: 6.2456 -> 6.2622  accuracy: 28.18% -> 28.18%     
client [38] (testset)   loss: 4.8185 -> 4.8326  accuracy: 49.16% -> 49.16%     
client [6]  (testset)   loss: 6.3072 -> 6.3191  accuracy: 25.37% -> 25.37%     
client [15] (testset)   loss: 6.1790 -> 6.2025  accuracy: 38.69% -> 39.42%     
client [53] (testset)   loss: 5.9917 -> 6.0187  accuracy: 36.88% -> 36.88%     
---------------------------- TRAINING EPOCH: 220 ----------------------------  
client [6]  (testset)   loss: 6.3346 -> 6.3467  accuracy: 25.37% -> 25.37%     
client [99] (testset)   loss: 7.6351 -> 7.6571  accuracy: 28.47% -> 28.47%     
client [83] (testset)   loss: 6.2019 -> 6.2118  accuracy: 37.50% -> 37.50%     
client [42] (testset)   loss: 4.4041 -> 4.4158  accuracy: 47.26% -> 47.26%     
client [34] (testset)   loss: 7.2643 -> 7.2794  accuracy: 35.36% -> 35.36%     
client [15] (testset)   loss: 6.2158 -> 6.2424  accuracy: 39.42% -> 38.69%     
client [47] (testset)   loss: 5.9078 -> 5.9197  accuracy: 43.48% -> 43.48%     
client [55] (testset)   loss: 3.6050 -> 3.6140  accuracy: 48.55% -> 48.55%     
client [51] (testset)   loss: 5.5565 -> 5.5677  accuracy: 43.92% -> 43.92%     
client [95] (testset)   loss: 6.8347 -> 6.8467  accuracy: 35.54% -> 35.54%     
---------------------------- TRAINING EPOCH: 230 ----------------------------  
client [71] (testset)   loss: 7.3731 -> 7.3904  accuracy: 24.43% -> 24.43%     
client [15] (testset)   loss: 6.2551 -> 6.2805  accuracy: 38.69% -> 39.42%     
client [33] (testset)   loss: 6.6482 -> 6.6515  accuracy: 25.69% -> 25.69%     
client [99] (testset)   loss: 7.6906 -> 7.7125  accuracy: 28.47% -> 28.47%     
client [90] (testset)   loss: 5.4539 -> 5.4739  accuracy: 41.18% -> 41.18%     
client [57] (testset)   loss: 4.8107 -> 4.8288  accuracy: 50.92% -> 50.92%     
client [27] (testset)   loss: 7.0507 -> 7.0758  accuracy: 41.25% -> 40.62%     
client [78] (testset)   loss: 4.3348 -> 4.3545  accuracy: 47.80% -> 47.80%     
client [36] (testset)   loss: 4.3141 -> 4.3261  accuracy: 33.63% -> 33.63%     
client [88] (testset)   loss: 5.6888 -> 5.7051  accuracy: 40.78% -> 40.78%     
---------------------------- TRAINING EPOCH: 240 ----------------------------  
client [70] (testset)   loss: 6.2134 -> 6.2242  accuracy: 44.10% -> 44.10%     
client [35] (testset)   loss: 7.0144 -> 7.0379  accuracy: 36.22% -> 35.71%     
client [16] (testset)   loss: 5.6787 -> 5.6867  accuracy: 33.06% -> 33.06%     
client [80] (testset)   loss: 3.3336 -> 3.3381  accuracy: 63.98% -> 63.98%     
client [38] (testset)   loss: 4.8909 -> 4.9065  accuracy: 48.60% -> 48.04%     
client [78] (testset)   loss: 4.3809 -> 4.4005  accuracy: 47.80% -> 47.80%     
client [11] (testset)   loss: 5.4113 -> 5.4263  accuracy: 44.63% -> 44.63%     
client [68] (testset)   loss: 6.2877 -> 6.2956  accuracy: 44.54% -> 44.54%     
client [82] (testset)   loss: 7.1024 -> 7.1171  accuracy: 33.72% -> 33.72%     
client [64] (testset)   loss: 5.7083 -> 5.7241  accuracy: 39.86% -> 39.86%     
---------------------------- TRAINING EPOCH: 250 ----------------------------  
client [30] (testset)   loss: 6.3909 -> 6.4039  accuracy: 28.18% -> 28.18%     
client [27] (testset)   loss: 7.1045 -> 7.1169  accuracy: 40.62% -> 41.25%     
client [74] (testset)   loss: 5.0367 -> 5.0494  accuracy: 44.39% -> 44.39%     
client [45] (testset)   loss: 4.7212 -> 4.7411  accuracy: 41.59% -> 41.59%     
client [6]  (testset)   loss: 6.4008 -> 6.4118  accuracy: 25.37% -> 25.37%     
client [36] (testset)   loss: 4.3531 -> 4.3658  accuracy: 33.63% -> 33.63%     
client [63] (testset)   loss: 6.2468 -> 6.2637  accuracy: 35.10% -> 35.10%     
client [76] (testset)   loss: 5.7969 -> 5.8106  accuracy: 34.08% -> 34.08%     
client [83] (testset)   loss: 6.2849 -> 6.2955  accuracy: 37.50% -> 37.50%     
client [86] (testset)   loss: 6.9894 -> 7.0176  accuracy: 37.29% -> 37.29%     
---------------------------- TRAINING EPOCH: 260 ----------------------------  
client [83] (testset)   loss: 6.3066 -> 6.3269  accuracy: 37.50% -> 37.50%     
client [99] (testset)   loss: 7.7762 -> 7.7921  accuracy: 28.47% -> 28.47%     
client [73] (testset)   loss: 6.5162 -> 6.5329  accuracy: 35.97% -> 35.25%     
client [74] (testset)   loss: 5.0685 -> 5.0770  accuracy: 44.39% -> 44.39%     
client [92] (testset)   loss: 6.2736 -> 6.2896  accuracy: 34.69% -> 34.69%     
client [29] (testset)   loss: 6.7440 -> 6.7598  accuracy: 36.67% -> 36.67%     
client [6]  (testset)   loss: 6.4348 -> 6.4446  accuracy: 25.37% -> 25.37%     
client [61] (testset)   loss: 6.1728 -> 6.1987  accuracy: 33.33% -> 33.33%     
client [21] (testset)   loss: 4.2919 -> 4.3120  accuracy: 42.18% -> 42.18%     
client [67] (testset)   loss: 5.7193 -> 5.7273  accuracy: 33.52% -> 33.52%     
---------------------------- TRAINING EPOCH: 270 ----------------------------  
client [32] (testset)   loss: 5.9734 -> 5.9920  accuracy: 33.68% -> 33.68%     
client [83] (testset)   loss: 6.3387 -> 6.3541  accuracy: 37.50% -> 37.50%     
client [61] (testset)   loss: 6.2736 -> 6.2972  accuracy: 33.33% -> 33.33%     
client [95] (testset)   loss: 6.9276 -> 6.9385  accuracy: 35.54% -> 35.54%     
client [27] (testset)   loss: 7.1429 -> 7.1607  accuracy: 41.25% -> 40.62%     
client [25] (testset)   loss: 5.4165 -> 5.4424  accuracy: 44.79% -> 44.79%     
client [68] (testset)   loss: 6.3509 -> 6.3565  accuracy: 44.54% -> 44.54%     
client [34] (testset)   loss: 7.3688 -> 7.3810  accuracy: 35.36% -> 35.36%     
client [71] (testset)   loss: 7.5512 -> 7.5696  accuracy: 24.43% -> 24.43%     
client [89] (testset)   loss: 8.1721 -> 8.1891  accuracy: 32.48% -> 32.48%     
---------------------------- TRAINING EPOCH: 280 ----------------------------  
client [78] (testset)   loss: 4.5286 -> 4.5394  accuracy: 47.17% -> 47.17%     
client [81] (testset)   loss: 6.6994 -> 6.7141  accuracy: 41.06% -> 41.06%     
client [54] (testset)   loss: 9.3854 -> 9.3979  accuracy: 36.67% -> 36.67%     
client [51] (testset)   loss: 5.6858 -> 5.6954  accuracy: 43.92% -> 43.92%     
client [65] (testset)   loss: 5.1687 -> 5.1813  accuracy: 36.36% -> 36.36%     
client [41] (testset)   loss: 5.5140 -> 5.5243  accuracy: 31.45% -> 32.26%     
client [85] (testset)   loss: 6.3170 -> 6.3286  accuracy: 42.54% -> 42.54%     
client [11] (testset)   loss: 5.4915 -> 5.5080  accuracy: 44.63% -> 44.63%     
client [12] (testset)   loss: 5.3578 -> 5.3700  accuracy: 54.55% -> 54.55%     
client [23] (testset)   loss: 5.1340 -> 5.1507  accuracy: 37.27% -> 37.27%     
---------------------------- TRAINING EPOCH: 290 ----------------------------  
client [65] (testset)   loss: 5.2023 -> 5.2108  accuracy: 36.36% -> 36.36%     
client [16] (testset)   loss: 5.7620 -> 5.7736  accuracy: 33.06% -> 33.06%     
client [53] (testset)   loss: 6.2710 -> 6.2928  accuracy: 36.88% -> 36.88%     
client [58] (testset)   loss: 7.2816 -> 7.2865  accuracy: 37.69% -> 37.69%     
client [72] (testset)   loss: 5.8675 -> 5.8775  accuracy: 29.85% -> 29.85%     
client [7]  (testset)   loss: 6.3320 -> 6.3423  accuracy: 37.72% -> 37.72%     
client [71] (testset)   loss: 7.5940 -> 7.6072  accuracy: 24.43% -> 24.43%     
client [59] (testset)   loss: 5.7566 -> 5.7670  accuracy: 38.20% -> 38.20%     
client [86] (testset)   loss: 7.1439 -> 7.1678  accuracy: 37.29% -> 37.29%     
client [39] (testset)   loss: 4.8831 -> 4.8936  accuracy: 44.31% -> 44.31%     
---------------------------- TRAINING EPOCH: 300 ----------------------------  
client [99] (testset)   loss: 7.8782 -> 7.8906  accuracy: 28.47% -> 28.47%     
client [7]  (testset)   loss: 6.3615 -> 6.3712  accuracy: 37.72% -> 37.72%     
client [17] (testset)   loss: 8.0080 -> 8.0306  accuracy: 30.83% -> 30.83%     
client [64] (testset)   loss: 5.8956 -> 5.9062  accuracy: 39.86% -> 39.86%     
client [37] (testset)   loss: 7.8882 -> 7.8994  accuracy: 33.65% -> 33.65%     
client [93] (testset)   loss: 6.9100 -> 6.9227  accuracy: 39.20% -> 39.20%     
client [29] (testset)   loss: 6.8441 -> 6.8604  accuracy: 37.33% -> 37.33%     
client [40] (testset)   loss: 5.3822 -> 5.3903  accuracy: 28.21% -> 29.49%     
client [73] (testset)   loss: 6.6515 -> 6.6599  accuracy: 35.97% -> 35.97%     
client [76] (testset)   loss: 5.8861 -> 5.8943  accuracy: 34.08% -> 34.08%     
---------------------------- TRAINING EPOCH: 310 ----------------------------  
client [89] (testset)   loss: 8.2888 -> 8.3032  accuracy: 32.48% -> 32.48%     
client [31] (testset)   loss: 5.8566 -> 5.8649  accuracy: 46.32% -> 46.32%     
client [90] (testset)   loss: 5.6976 -> 5.7097  accuracy: 40.44% -> 40.44%     
client [77] (testset)   loss: 6.2887 -> 6.2996  accuracy: 45.51% -> 45.51%     
client [26] (testset)   loss: 4.7942 -> 4.8120  accuracy: 44.25% -> 44.25%     
client [50] (testset)   loss: 4.1787 -> 4.1887  accuracy: 49.00% -> 49.00%     
client [30] (testset)   loss: 6.5287 -> 6.5372  accuracy: 28.18% -> 27.62%     
client [70] (testset)   loss: 6.3524 -> 6.3601  accuracy: 44.10% -> 44.10%     
client [41] (testset)   loss: 5.5793 -> 5.5891  accuracy: 32.26% -> 32.26%     
client [99] (testset)   loss: 7.9013 -> 7.9173  accuracy: 28.47% -> 28.47%     
---------------------------- TRAINING EPOCH: 320 ----------------------------  
client [70] (testset)   loss: 6.3888 -> 6.3968  accuracy: 44.10% -> 44.10%     
client [68] (testset)   loss: 6.4499 -> 6.4558  accuracy: 44.54% -> 44.54%     
client [52] (testset)   loss: 5.6293 -> 5.6386  accuracy: 40.30% -> 40.30%     
client [1]  (testset)   loss: 5.9805 -> 6.0003  accuracy: 37.57% -> 37.57%     
client [2]  (testset)   loss: 6.7521 -> 6.7701  accuracy: 32.14% -> 32.14%     
client [67] (testset)   loss: 5.8626 -> 5.8712  accuracy: 33.52% -> 33.52%     
client [92] (testset)   loss: 6.4494 -> 6.4560  accuracy: 33.67% -> 34.69%     
client [36] (testset)   loss: 4.4878 -> 4.4945  accuracy: 33.63% -> 33.63%     
client [35] (testset)   loss: 7.2197 -> 7.2322  accuracy: 35.71% -> 35.20%     
client [64] (testset)   loss: 5.9352 -> 5.9469  accuracy: 39.86% -> 39.86%     
---------------------------- TRAINING EPOCH: 330 ----------------------------  
client [6]  (testset)   loss: 6.5865 -> 6.5911  accuracy: 25.37% -> 25.37%     
client [44] (testset)   loss: 6.4625 -> 6.4789  accuracy: 28.76% -> 28.76%     
client [12] (testset)   loss: 5.4506 -> 5.4585  accuracy: 53.79% -> 54.55%     
client [55] (testset)   loss: 3.7268 -> 3.7350  accuracy: 48.55% -> 48.55%     
client [29] (testset)   loss: 6.9311 -> 6.9450  accuracy: 37.33% -> 37.33%     
client [9]  (testset)   loss: 5.7905 -> 5.8015  accuracy: 41.61% -> 41.61%     
client [43] (testset)   loss: 7.7569 -> 7.7681  accuracy: 30.37% -> 31.11%     
client [77] (testset)   loss: 6.3171 -> 6.3294  accuracy: 45.51% -> 45.51%     
client [98] (testset)   loss: 6.6917 -> 6.6977  accuracy: 34.51% -> 34.51%     
client [78] (testset)   loss: 4.6052 -> 4.6174  accuracy: 47.17% -> 47.17%     
---------------------------- TRAINING EPOCH: 340 ----------------------------  
client [92] (testset)   loss: 6.4832 -> 6.4908  accuracy: 34.69% -> 34.69%     
client [80] (testset)   loss: 3.4282 -> 3.4308  accuracy: 63.98% -> 63.98%     
client [63] (testset)   loss: 6.4465 -> 6.4597  accuracy: 35.10% -> 35.10%     
client [76] (testset)   loss: 5.9409 -> 5.9496  accuracy: 34.08% -> 34.08%     
client [25] (testset)   loss: 5.5684 -> 5.5869  accuracy: 44.79% -> 44.79%     
client [78] (testset)   loss: 4.6217 -> 4.6331  accuracy: 47.17% -> 47.17%     
client [58] (testset)   loss: 7.3618 -> 7.3706  accuracy: 37.69% -> 37.69%     
client [13] (testset)   loss: 6.3714 -> 6.3846  accuracy: 36.26% -> 36.26%     
client [17] (testset)   loss: 8.1617 -> 8.1792  accuracy: 30.83% -> 30.83%     
client [38] (testset)   loss: 5.1691 -> 5.1782  accuracy: 48.04% -> 48.04%     
---------------------------- TRAINING EPOCH: 350 ----------------------------  
client [82] (testset)   loss: 7.3663 -> 7.3728  accuracy: 33.72% -> 33.72%     
client [72] (testset)   loss: 5.9847 -> 5.9900  accuracy: 29.85% -> 29.85%     
client [86] (testset)   loss: 7.3329 -> 7.3468  accuracy: 36.44% -> 37.29%     
client [51] (testset)   loss: 5.7951 -> 5.8037  accuracy: 43.92% -> 43.92%     
client [96] (testset)   loss: 5.9354 -> 5.9413  accuracy: 45.09% -> 45.09%     
client [42] (testset)   loss: 4.6226 -> 4.6315  accuracy: 47.26% -> 47.26%     
client [55] (testset)   loss: 3.7713 -> 3.7784  accuracy: 47.83% -> 47.83%     
client [13] (testset)   loss: 6.4093 -> 6.4211  accuracy: 35.67% -> 35.67%     
client [12] (testset)   loss: 5.4722 -> 5.4832  accuracy: 54.55% -> 54.55%     
client [1]  (testset)   loss: 6.0547 -> 6.0684  accuracy: 37.57% -> 37.57%     
---------------------------- TRAINING EPOCH: 360 ----------------------------  
client [23] (testset)   loss: 5.3114 -> 5.3276  accuracy: 37.27% -> 37.27%     
client [68] (testset)   loss: 6.4975 -> 6.5043  accuracy: 44.54% -> 44.54%     
client [46] (testset)   loss: 5.7867 -> 5.7937  accuracy: 58.10% -> 58.10%     
client [41] (testset)   loss: 5.6597 -> 5.6696  accuracy: 32.26% -> 31.45%     
client [25] (testset)   loss: 5.6592 -> 5.6761  accuracy: 45.83% -> 45.83%     
client [14] (testset)   loss: 8.7632 -> 8.7831  accuracy: 29.87% -> 29.87%     
client [58] (testset)   loss: 7.3965 -> 7.4007  accuracy: 37.69% -> 37.69%     
client [33] (testset)   loss: 6.8452 -> 6.8489  accuracy: 25.69% -> 25.69%     
client [85] (testset)   loss: 6.4667 -> 6.4723  accuracy: 42.54% -> 42.54%     
client [62] (testset)   loss: 5.6345 -> 5.6424  accuracy: 42.72% -> 42.72%     
---------------------------- TRAINING EPOCH: 370 ----------------------------  
client [98] (testset)   loss: 6.7611 -> 6.7675  accuracy: 35.21% -> 35.21%     
client [63] (testset)   loss: 6.5060 -> 6.5175  accuracy: 35.10% -> 35.10%     
client [70] (testset)   loss: 6.4781 -> 6.4869  accuracy: 44.10% -> 44.10%     
client [65] (testset)   loss: 5.3096 -> 5.3189  accuracy: 36.36% -> 36.36%     
client [14] (testset)   loss: 8.8229 -> 8.8396  accuracy: 29.87% -> 29.87%     
client [73] (testset)   loss: 6.7670 -> 6.7720  accuracy: 36.69% -> 36.69%     
client [34] (testset)   loss: 7.5667 -> 7.5735  accuracy: 35.36% -> 35.36%     
client [99] (testset)   loss: 8.0207 -> 8.0337  accuracy: 28.47% -> 28.47%     
client [46] (testset)   loss: 5.8003 -> 5.8065  accuracy: 58.10% -> 58.10%     
client [69] (testset)   loss: 5.4660 -> 5.4748  accuracy: 52.71% -> 52.71%     
---------------------------- TRAINING EPOCH: 380 ----------------------------  
client [93] (testset)   loss: 7.0290 -> 7.0421  accuracy: 39.20% -> 38.40%     
client [99] (testset)   loss: 8.0534 -> 8.0659  accuracy: 28.47% -> 28.47%     
client [58] (testset)   loss: 7.4293 -> 7.4354  accuracy: 37.69% -> 37.69%     
client [11] (testset)   loss: 5.6721 -> 5.6806  accuracy: 44.63% -> 44.63%     
client [81] (testset)   loss: 6.9108 -> 6.9232  accuracy: 41.06% -> 41.06%     
client [85] (testset)   loss: 6.4894 -> 6.4955  accuracy: 42.54% -> 42.54%     
client [89] (testset)   loss: 8.4616 -> 8.4749  accuracy: 32.48% -> 33.12%     
client [45] (testset)   loss: 4.9328 -> 4.9446  accuracy: 41.59% -> 41.15%     
client [8]  (testset)   loss: 6.9051 -> 6.9098  accuracy: 43.22% -> 43.22%     
client [68] (testset)   loss: 6.5375 -> 6.5428  accuracy: 44.54% -> 44.54%     
---------------------------- TRAINING EPOCH: 390 ----------------------------  
client [72] (testset)   loss: 6.0444 -> 6.0501  accuracy: 29.85% -> 29.85%     
client [67] (testset)   loss: 5.9565 -> 5.9626  accuracy: 32.97% -> 32.97%     
client [78] (testset)   loss: 4.7117 -> 4.7204  accuracy: 47.17% -> 46.54%     
client [1]  (testset)   loss: 6.1241 -> 6.1370  accuracy: 37.57% -> 37.57%     
client [83] (testset)   loss: 6.6173 -> 6.6315  accuracy: 37.50% -> 37.50%     
client [21] (testset)   loss: 4.5450 -> 4.5547  accuracy: 41.50% -> 40.82%     
client [44] (testset)   loss: 6.6242 -> 6.6398  accuracy: 28.76% -> 28.10%     
client [56] (testset)   loss: 4.8069 -> 4.8131  accuracy: 45.24% -> 45.24%     
client [92] (testset)   loss: 6.5465 -> 6.5534  accuracy: 34.69% -> 34.69%     
client [27] (testset)   loss: 7.4116 -> 7.4290  accuracy: 40.62% -> 41.25%     
---------------------------- TRAINING EPOCH: 400 ----------------------------  
client [10] (testset)   loss: 6.6783 -> 6.6850  accuracy: 39.42% -> 39.42%     
client [39] (testset)   loss: 5.0028 -> 5.0097  accuracy: 44.31% -> 44.31%     
client [65] (testset)   loss: 5.3617 -> 5.3730  accuracy: 36.36% -> 36.36%     
client [26] (testset)   loss: 4.9694 -> 4.9792  accuracy: 45.13% -> 45.13%     
client [19] (testset)   loss: 6.4984 -> 6.5045  accuracy: 38.41% -> 38.41%     
client [68] (testset)   loss: 6.5603 -> 6.5672  accuracy: 44.54% -> 44.54%     
client [41] (testset)   loss: 5.7258 -> 5.7331  accuracy: 31.45% -> 32.26%     
client [50] (testset)   loss: 4.3614 -> 4.3687  accuracy: 49.00% -> 49.00%     
client [75] (testset)   loss: 6.6161 -> 6.6286  accuracy: 41.51% -> 41.51%     
client [81] (testset)   loss: 6.9525 -> 6.9598  accuracy: 41.06% -> 41.06%     
LG-FedAvg's average time taken by each global epoch: 0 min 2.10 sec.           
LG-FedAvg's total running time: 0 h 15 m 9 s.                                  
==================== LG-FedAvg Experiment Results: ====================        
Display format: (before local fine-tuning) -> (after local fine-tuning)        
 So if finetune_epoch = 0, x.xx% -> 0.00% is normal.                           
 Centralized testing ONLY happens after model aggregation, so the stats between
'->' are the same.                                                             
{                                                                              
    "100": {                                                                   
        "all_clients": {                                                       
            "test": {                                                          
                "loss": "5.3489 -> 5.3910",                                    
                "accuracy": "40.34% -> 40.28%"                                 
            }                                                                  
        }                                                                      
    },                                                                         
    "200": {                                                                   
        "all_clients": {                                                       
            "test": {                                                          
                "loss": "5.8100 -> 5.8281",                                    
                "accuracy": "40.22% -> 40.18%"                                 
            }                                                                  
        }                                                                      
    },                                                                         
    "300": {                                                                   
        "all_clients": {                                                       
            "test": {                                                          
                "loss": "6.0622 -> 6.0740",                                    
                "accuracy": "40.16% -> 40.14%"                                 
            }                                                                  
        }                                                                      
    },                                                                         
    "400": {                                                                   
        "all_clients": {                                                       
            "test": {                                                          
                "loss": "6.2357 -> 6.2442",                                    
                "accuracy": "40.10% -> 40.09%"                                 
            }                                                                  
        }                                                                      
    }                                                                          
}                                                                              
==================== LG-FedAvg Max Accuracy ====================               
all_clients:                                                                   
(test) before fine-tuning: 40.34% at epoch 100                                 
(test) after fine-tuning: 40.28% at epoch 100                                  
