==================== FedFew ====================                               
Experiment Arguments:                                                          
{
    'method': 'fedfew',
    'dataset': {
        'name': 'medmnistA',
        'client_num': 100,
        'test_ratio': 0.25,
        'val_ratio': 0.0,
        'seed': 42,
        'split': 'sample',
        'IID_ratio': 0.0,
        'monitor_window_name_suffix': 'medmnistA-100clients-0%IID-Dir(0.5)-seed42',
        'alpha': 0.5,
        'min_samples_per_client': 10
    },
    'model': {
        'name': 'avgcnn',
        'use_torchvision_pretrained_weights': True,
        'external_model_weights_path': None
    },
    'optimizer': {
        'lr': 0.01,
        'dampening': 0,
        'weight_decay': 0,
        'momentum': 0.7,
        'nesterov': False,
        'name': 'sgd'
    },
    'mode': 'serial',
    'parallel': {
        'ray_cluster_addr': None,
        'num_cpus': None,
        'num_gpus': None,
        'num_workers': 2
    },
    'common': {
        'seed': 42,
        'join_ratio': 0.1,
        'global_epoch': 400,
        'local_epoch': 5,
        'batch_size': 32,
        'reset_optimizer_on_global_epoch': True,
        'straggler_ratio': 0,
        'straggler_min_local_epoch': 0,
        'buffers': 'global',
        'client_side_evaluation': True,
        'test': {
            'client': {
                'interval': 100,
                'finetune_epoch': 5,
                'train': False,
                'val': False,
                'test': True
            },
            'server': {
                'interval': -1,
                'train': False,
                'val': False,
                'test': True,
                'model_in_train_mode': False
            }
        },
        'verbose_gap': 10,
        'monitor': None,
        'use_cuda': True,
        'save_log': True,
        'save_model': False,
        'save_learning_curve_plot': True,
        'save_metrics': True,
        'delete_useless_run': True
    },
    'fedprox': {
        'mu': 0.01
    },
    'pfedsim': {
        'warmup_round': 0.5
    },
    'fedfew': {
        'ig_ratio': 0.9995,
        'alpha': 0.5,
        'IgRatioScheduler': {
            'init': 0.0,
            'last': 0.9999,
            'num_rounds': 400,
            'mode': 'linear'
        }
    }
}
---------------------------- TRAINING EPOCH: 10 ----------------------------   
client [77] (testset)   loss: 2.2545 -> 1.7397  accuracy: 7.50% -> 26.25%      
client [81] (testset)   loss: 2.0112 -> 1.5731  accuracy: 38.50% -> 38.50%     
client [21] (testset)   loss: 2.4592 -> 2.0179  accuracy: 0.84% -> 21.01%      
client [68] (testset)   loss: 2.3682 -> 1.7831  accuracy: 7.09% -> 41.84%      
client [93] (testset)   loss: 1.9677 -> 1.2069  accuracy: 70.93% -> 70.93%     
client [31] (testset)   loss: 2.2882 -> 1.4622  accuracy: 4.26% -> 58.87%      
client [20] (testset)   loss: 2.1758 -> 1.6476  accuracy: 4.08% -> 34.69%      
client [59] (testset)   loss: 2.5036 -> 1.5598  accuracy: 0.00% -> 41.52%      
client [48] (testset)   loss: 2.1303 -> 1.8559  accuracy: 31.45% -> 31.45%     
client [34] (testset)   loss: 2.0931 -> 1.7988  accuracy: 40.48% -> 40.48%     
---------------------------- TRAINING EPOCH: 20 ----------------------------   
client [69] (testset)   loss: 2.1660 -> 1.9133  accuracy: 13.77% -> 34.13%     
client [99] (testset)   loss: 2.1405 -> 2.0208  accuracy: 26.32% -> 31.58%     
client [67] (testset)   loss: 1.6756 -> 1.6127  accuracy: 37.43% -> 37.43%     
client [0]  (testset)   loss: 1.7379 -> 1.5841  accuracy: 46.99% -> 46.99%     
client [76] (testset)   loss: 1.9497 -> 1.9033  accuracy: 31.25% -> 31.25%     
client [41] (testset)   loss: 1.6576 -> 1.5193  accuracy: 36.81% -> 36.81%     
client [62] (testset)   loss: 1.9606 -> 1.8180  accuracy: 55.56% -> 55.56%     
client [2]  (testset)   loss: 2.6541 -> 1.9691  accuracy: 1.12% -> 28.09%      
client [14] (testset)   loss: 1.7427 -> 1.6566  accuracy: 41.94% -> 41.94%     
client [46] (testset)   loss: 2.0470 -> 1.9718  accuracy: 25.97% -> 23.38%     
---------------------------- TRAINING EPOCH: 30 ----------------------------   
client [24] (testset)   loss: 1.9183 -> 1.8958  accuracy: 33.00% -> 33.00%     
client [68] (testset)   loss: 1.7927 -> 1.8075  accuracy: 41.84% -> 41.84%     
client [57] (testset)   loss: 1.8796 -> 1.7874  accuracy: 22.97% -> 31.58%     
client [17] (testset)   loss: 1.5797 -> 1.6832  accuracy: 58.91% -> 58.91%     
client [54] (testset)   loss: 1.6069 -> 1.6276  accuracy: 36.16% -> 36.16%     
client [23] (testset)   loss: 2.9605 -> 1.1880  accuracy: 0.00% -> 61.22%      
client [35] (testset)   loss: 1.7072 -> 1.6538  accuracy: 19.21% -> 36.16%     
client [59] (testset)   loss: 1.5917 -> 1.5599  accuracy: 41.52% -> 41.52%     
client [31] (testset)   loss: 1.5090 -> 1.4564  accuracy: 58.87% -> 58.87%     
client [9]  (testset)   loss: 1.8746 -> 1.8440  accuracy: 34.72% -> 34.72%     
---------------------------- TRAINING EPOCH: 40 ----------------------------   
client [64] (testset)   loss: 1.7764 -> 1.7739  accuracy: 42.50% -> 42.50%     
client [33] (testset)   loss: 1.9114 -> 1.9380  accuracy: 27.38% -> 27.38%     
client [16] (testset)   loss: 1.9174 -> 1.9346  accuracy: 29.66% -> 29.66%     
client [44] (testset)   loss: 1.8639 -> 1.5727  accuracy: 57.08% -> 57.08%     
client [8]  (testset)   loss: 1.9794 -> 1.9776  accuracy: 29.22% -> 29.22%     
client [31] (testset)   loss: 1.4978 -> 1.5651  accuracy: 58.87% -> 58.87%     
client [47] (testset)   loss: 1.7680 -> 1.7796  accuracy: 40.35% -> 40.35%     
client [36] (testset)   loss: 1.9076 -> 1.8473  accuracy: 32.58% -> 32.58%     
client [20] (testset)   loss: 1.6987 -> 1.6168  accuracy: 34.69% -> 34.69%     
client [56] (testset)   loss: 1.4887 -> 1.5043  accuracy: 47.30% -> 47.30%     
---------------------------- TRAINING EPOCH: 50 ----------------------------   
client [4]  (testset)   loss: 1.7566 -> 1.7821  accuracy: 34.29% -> 34.29%     
client [60] (testset)   loss: 1.6157 -> 1.6447  accuracy: 53.77% -> 53.77%     
client [28] (testset)   loss: 1.7958 -> 1.7630  accuracy: 24.66% -> 30.14%     
client [25] (testset)   loss: 1.8288 -> 1.7753  accuracy: 38.46% -> 38.46%     
client [58] (testset)   loss: 1.8210 -> 1.8731  accuracy: 44.84% -> 44.84%     
client [44] (testset)   loss: 1.5278 -> 1.4953  accuracy: 57.08% -> 57.08%     
client [39] (testset)   loss: 1.8055 -> 1.8177  accuracy: 24.55% -> 24.55%     
client [29] (testset)   loss: 1.8021 -> 1.6000  accuracy: 35.83% -> 35.83%     
client [3]  (testset)   loss: 2.0860 -> 2.0337  accuracy: 23.78% -> 23.78%     
client [84] (testset)   loss: 1.7510 -> 1.7884  accuracy: 26.03% -> 26.03%     
---------------------------- TRAINING EPOCH: 60 ----------------------------   
client [21] (testset)   loss: 2.0517 -> 1.9989  accuracy: 21.01% -> 21.01%     
client [84] (testset)   loss: 1.7394 -> 1.7364  accuracy: 26.03% -> 29.45%     
client [10] (testset)   loss: 1.2000 -> 1.1672  accuracy: 64.38% -> 64.38%     
client [36] (testset)   loss: 1.8674 -> 1.8768  accuracy: 32.58% -> 32.58%     
client [65] (testset)   loss: 1.9411 -> 1.9261  accuracy: 37.96% -> 37.96%     
client [81] (testset)   loss: 1.6385 -> 1.5867  accuracy: 27.65% -> 38.50%     
client [79] (testset)   loss: 1.7897 -> 1.8164  accuracy: 30.00% -> 25.00%     
client [42] (testset)   loss: 1.7958 -> 1.8074  accuracy: 33.02% -> 33.02%     
client [11] (testset)   loss: 1.7125 -> 1.7042  accuracy: 33.94% -> 26.15%     
client [96] (testset)   loss: 1.2946 -> 1.2657  accuracy: 58.85% -> 58.85%     
---------------------------- TRAINING EPOCH: 70 ----------------------------   
client [8]  (testset)   loss: 1.9798 -> 1.9769  accuracy: 29.22% -> 29.22%     
client [53] (testset)   loss: 1.5945 -> 1.5865  accuracy: 28.46% -> 36.92%     
client [52] (testset)   loss: 1.9640 -> 1.9665  accuracy: 20.27% -> 18.92%     
client [42] (testset)   loss: 1.7963 -> 1.8160  accuracy: 33.02% -> 33.02%     
client [69] (testset)   loss: 1.8775 -> 1.8853  accuracy: 34.13% -> 34.13%     
client [59] (testset)   loss: 1.5489 -> 1.5310  accuracy: 41.52% -> 41.52%     
client [7]  (testset)   loss: 1.3241 -> 1.2935  accuracy: 61.40% -> 61.40%     
client [26] (testset)   loss: 1.1076 -> 1.1004  accuracy: 70.51% -> 70.51%     
client [49] (testset)   loss: 1.8907 -> 1.8759  accuracy: 34.00% -> 34.00%     
client [98] (testset)   loss: 1.7518 -> 1.7616  accuracy: 45.03% -> 45.03%     
---------------------------- TRAINING EPOCH: 80 ----------------------------   
client [98] (testset)   loss: 1.7631 -> 1.7751  accuracy: 45.03% -> 45.03%     
client [47] (testset)   loss: 1.7329 -> 1.7629  accuracy: 40.35% -> 40.35%     
client [21] (testset)   loss: 2.0072 -> 2.0468  accuracy: 21.01% -> 21.01%     
client [77] (testset)   loss: 1.7140 -> 1.7404  accuracy: 26.25% -> 26.25%     
client [95] (testset)   loss: 1.1172 -> 1.0987  accuracy: 70.40% -> 70.40%     
client [91] (testset)   loss: 1.6565 -> 1.6812  accuracy: 43.14% -> 43.14%     
client [14] (testset)   loss: 1.6779 -> 1.6888  accuracy: 41.94% -> 41.94%     
client [99] (testset)   loss: 1.9986 -> 2.0768  accuracy: 31.58% -> 31.58%     
client [20] (testset)   loss: 1.6696 -> 1.6152  accuracy: 34.69% -> 36.73%     
client [39] (testset)   loss: 1.7874 -> 1.8103  accuracy: 24.55% -> 24.55%     
---------------------------- TRAINING EPOCH: 90 ----------------------------   
client [52] (testset)   loss: 1.9702 -> 1.9719  accuracy: 18.92% -> 20.27%     
client [62] (testset)   loss: 1.4768 -> 1.5288  accuracy: 55.56% -> 55.56%     
client [71] (testset)   loss: 1.8101 -> 1.8064  accuracy: 45.45% -> 45.45%     
client [97] (testset)   loss: 1.5766 -> 1.5845  accuracy: 48.88% -> 48.88%     
client [30] (testset)   loss: 1.6811 -> 1.6965  accuracy: 46.04% -> 46.04%     
client [88] (testset)   loss: 1.6316 -> 1.6431  accuracy: 46.60% -> 46.60%     
client [60] (testset)   loss: 1.6451 -> 1.6356  accuracy: 53.77% -> 53.77%     
client [82] (testset)   loss: 1.7234 -> 1.7150  accuracy: 24.79% -> 28.21%     
client [91] (testset)   loss: 1.6553 -> 1.6460  accuracy: 43.14% -> 43.14%     
client [57] (testset)   loss: 1.7894 -> 1.7853  accuracy: 22.97% -> 31.58%     
---------------------------- TRAINING EPOCH: 100 ----------------------------  
client [31] (testset)   loss: 1.4668 -> 1.4666  accuracy: 58.87% -> 58.87%     
client [15] (testset)   loss: 1.6953 -> 1.6944  accuracy: 36.13% -> 36.13%     
client [71] (testset)   loss: 1.8101 -> 1.8204  accuracy: 45.45% -> 45.45%     
client [97] (testset)   loss: 1.5588 -> 1.5649  accuracy: 48.88% -> 48.88%     
client [53] (testset)   loss: 1.5779 -> 1.5850  accuracy: 36.92% -> 28.46%     
client [77] (testset)   loss: 1.7289 -> 1.7023  accuracy: 26.25% -> 26.25%     
client [76] (testset)   loss: 1.8516 -> 1.8629  accuracy: 31.25% -> 18.75%     
client [79] (testset)   loss: 1.8157 -> 1.8437  accuracy: 30.00% -> 30.00%     
client [28] (testset)   loss: 1.7682 -> 1.7681  accuracy: 30.14% -> 30.14%     
client [99] (testset)   loss: 1.9875 -> 1.9817  accuracy: 31.58% -> 31.58%     
---------------------------- TRAINING EPOCH: 110 ----------------------------  
client [97] (testset)   loss: 1.5708 -> 1.5696  accuracy: 48.88% -> 48.88%     
client [86] (testset)   loss: 1.8352 -> 1.8507  accuracy: 32.91% -> 32.91%     
client [34] (testset)   loss: 1.8026 -> 1.8229  accuracy: 40.48% -> 40.48%     
client [73] (testset)   loss: 1.3249 -> 1.3213  accuracy: 50.21% -> 50.21%     
client [5]  (testset)   loss: 1.2754 -> 1.2502  accuracy: 66.67% -> 66.67%     
client [96] (testset)   loss: 1.2782 -> 1.2640  accuracy: 58.85% -> 58.85%     
client [22] (testset)   loss: 1.3912 -> 1.4066  accuracy: 48.72% -> 48.72%     
client [60] (testset)   loss: 1.6450 -> 1.6291  accuracy: 53.77% -> 53.77%     
client [66] (testset)   loss: 1.7480 -> 1.7392  accuracy: 30.67% -> 30.67%     
client [83] (testset)   loss: 1.3067 -> 1.3687  accuracy: 63.04% -> 63.04%     
---------------------------- TRAINING EPOCH: 120 ----------------------------  
client [76] (testset)   loss: 1.8344 -> 1.8542  accuracy: 31.25% -> 31.25%     
client [65] (testset)   loss: 1.9236 -> 1.9455  accuracy: 37.96% -> 37.96%     
client [95] (testset)   loss: 1.1016 -> 1.1246  accuracy: 70.40% -> 70.40%     
client [17] (testset)   loss: 1.4966 -> 1.5464  accuracy: 58.91% -> 58.91%     
client [8]  (testset)   loss: 1.9734 -> 1.9786  accuracy: 29.22% -> 29.22%     
client [35] (testset)   loss: 1.6402 -> 1.6659  accuracy: 36.16% -> 19.21%     
client [98] (testset)   loss: 1.7535 -> 1.7576  accuracy: 45.03% -> 45.03%     
client [53] (testset)   loss: 1.5779 -> 1.6110  accuracy: 36.92% -> 36.92%     
client [43] (testset)   loss: 1.5236 -> 1.5079  accuracy: 46.33% -> 46.33%     
client [64] (testset)   loss: 1.7694 -> 1.7837  accuracy: 42.50% -> 42.50%     
---------------------------- TRAINING EPOCH: 130 ----------------------------  
client [21] (testset)   loss: 2.0216 -> 1.9958  accuracy: 21.01% -> 21.01%     
client [88] (testset)   loss: 1.6329 -> 1.6349  accuracy: 46.60% -> 46.60%     
client [38] (testset)   loss: 1.0505 -> 1.0265  accuracy: 73.33% -> 73.33%     
client [3]  (testset)   loss: 2.0287 -> 2.0266  accuracy: 31.47% -> 23.78%     
client [5]  (testset)   loss: 1.2774 -> 1.2420  accuracy: 66.67% -> 66.67%     
client [41] (testset)   loss: 1.4773 -> 1.4905  accuracy: 39.88% -> 36.81%     
client [7]  (testset)   loss: 1.3200 -> 1.2786  accuracy: 61.40% -> 61.40%     
client [37] (testset)   loss: 1.4715 -> 1.4532  accuracy: 60.33% -> 60.33%     
client [45] (testset)   loss: 1.8757 -> 1.8723  accuracy: 23.21% -> 23.21%     
client [47] (testset)   loss: 1.7597 -> 1.7534  accuracy: 40.35% -> 40.35%     
---------------------------- TRAINING EPOCH: 140 ----------------------------  
client [16] (testset)   loss: 1.8956 -> 1.8847  accuracy: 29.66% -> 29.66%     
client [11] (testset)   loss: 1.6963 -> 1.7117  accuracy: 33.94% -> 33.94%     
client [37] (testset)   loss: 1.4519 -> 1.4876  accuracy: 60.33% -> 60.33%     
client [41] (testset)   loss: 1.4777 -> 1.4710  accuracy: 36.81% -> 39.88%     
client [95] (testset)   loss: 1.1067 -> 1.1368  accuracy: 70.40% -> 70.40%     
client [53] (testset)   loss: 1.5850 -> 1.5802  accuracy: 36.92% -> 28.46%     
client [22] (testset)   loss: 1.3970 -> 1.3969  accuracy: 48.72% -> 48.72%     
client [25] (testset)   loss: 1.7585 -> 1.7901  accuracy: 38.46% -> 38.46%     
client [69] (testset)   loss: 1.8869 -> 1.9034  accuracy: 34.13% -> 34.13%     
client [46] (testset)   loss: 1.8905 -> 1.8907  accuracy: 23.38% -> 23.38%     
---------------------------- TRAINING EPOCH: 150 ----------------------------  
client [47] (testset)   loss: 1.7388 -> 1.7458  accuracy: 40.35% -> 40.35%     
client [69] (testset)   loss: 1.8776 -> 1.8797  accuracy: 34.13% -> 34.13%     
client [82] (testset)   loss: 1.7349 -> 1.7204  accuracy: 28.21% -> 28.21%     
client [45] (testset)   loss: 1.8781 -> 1.8703  accuracy: 23.21% -> 23.21%     
client [7]  (testset)   loss: 1.2967 -> 1.2951  accuracy: 61.40% -> 61.40%     
client [50] (testset)   loss: 1.6726 -> 1.6674  accuracy: 38.83% -> 38.83%     
client [35] (testset)   loss: 1.6623 -> 1.6458  accuracy: 19.21% -> 36.16%     
client [24] (testset)   loss: 1.9170 -> 1.9167  accuracy: 33.00% -> 33.00%     
client [15] (testset)   loss: 1.6934 -> 1.7236  accuracy: 36.13% -> 36.13%     
client [58] (testset)   loss: 1.8056 -> 1.8293  accuracy: 44.84% -> 44.84%     
---------------------------- TRAINING EPOCH: 160 ----------------------------  
client [48] (testset)   loss: 1.8674 -> 1.9061  accuracy: 31.45% -> 31.45%     
client [76] (testset)   loss: 1.8537 -> 1.8260  accuracy: 18.75% -> 18.75%     
client [67] (testset)   loss: 1.6253 -> 1.5912  accuracy: 37.43% -> 37.43%     
client [37] (testset)   loss: 1.4522 -> 1.4643  accuracy: 60.33% -> 60.33%     
client [58] (testset)   loss: 1.8154 -> 1.8425  accuracy: 44.84% -> 44.84%     
client [64] (testset)   loss: 1.8081 -> 1.7852  accuracy: 42.50% -> 42.50%     
client [77] (testset)   loss: 1.7226 -> 1.7139  accuracy: 26.25% -> 26.25%     
client [55] (testset)   loss: 1.1635 -> 1.1203  accuracy: 61.80% -> 61.80%     
client [12] (testset)   loss: 1.9454 -> 1.9380  accuracy: 23.62% -> 23.62%     
client [89] (testset)   loss: 1.9332 -> 1.9395  accuracy: 37.76% -> 37.76%     
---------------------------- TRAINING EPOCH: 170 ----------------------------  
client [84] (testset)   loss: 1.7469 -> 1.7456  accuracy: 26.03% -> 26.03%     
client [51] (testset)   loss: 1.8380 -> 1.8357  accuracy: 39.19% -> 39.19%     
client [8]  (testset)   loss: 1.9719 -> 1.9865  accuracy: 29.22% -> 29.22%     
client [18] (testset)   loss: 1.9720 -> 1.9576  accuracy: 33.11% -> 33.11%     
client [94] (testset)   loss: 1.6230 -> 1.6159  accuracy: 55.32% -> 55.32%     
client [81] (testset)   loss: 1.5626 -> 1.5622  accuracy: 38.50% -> 38.50%     
client [3]  (testset)   loss: 2.0306 -> 2.0216  accuracy: 23.78% -> 23.78%     
client [11] (testset)   loss: 1.6952 -> 1.6970  accuracy: 33.94% -> 33.94%     
client [95] (testset)   loss: 1.0979 -> 1.1019  accuracy: 70.40% -> 70.40%     
client [67] (testset)   loss: 1.5885 -> 1.5875  accuracy: 37.43% -> 37.43%     
---------------------------- TRAINING EPOCH: 180 ----------------------------  
client [21] (testset)   loss: 2.0083 -> 2.0064  accuracy: 21.01% -> 21.01%     
client [79] (testset)   loss: 1.8146 -> 1.8518  accuracy: 30.00% -> 30.00%     
client [58] (testset)   loss: 1.8111 -> 1.8224  accuracy: 44.84% -> 44.84%     
client [88] (testset)   loss: 1.6572 -> 1.6404  accuracy: 46.60% -> 46.60%     
client [46] (testset)   loss: 1.9087 -> 1.9009  accuracy: 23.38% -> 23.38%     
client [11] (testset)   loss: 1.7024 -> 1.7143  accuracy: 33.94% -> 33.94%     
client [55] (testset)   loss: 1.1230 -> 1.1202  accuracy: 61.80% -> 61.80%     
client [13] (testset)   loss: 1.3593 -> 1.3652  accuracy: 39.35% -> 39.35%     
client [31] (testset)   loss: 1.4709 -> 1.4489  accuracy: 58.87% -> 58.87%     
client [75] (testset)   loss: 1.0849 -> 1.0372  accuracy: 65.00% -> 65.00%     
---------------------------- TRAINING EPOCH: 190 ----------------------------  
client [19] (testset)   loss: 1.7859 -> 1.7910  accuracy: 38.38% -> 38.38%     
client [7]  (testset)   loss: 1.3110 -> 1.3160  accuracy: 61.40% -> 61.40%     
client [57] (testset)   loss: 1.7955 -> 1.8065  accuracy: 22.97% -> 22.97%     
client [13] (testset)   loss: 1.3620 -> 1.3608  accuracy: 39.35% -> 39.35%     
client [43] (testset)   loss: 1.5170 -> 1.5436  accuracy: 46.33% -> 46.33%     
client [91] (testset)   loss: 1.6584 -> 1.6421  accuracy: 43.14% -> 43.14%     
client [10] (testset)   loss: 1.1475 -> 1.1445  accuracy: 64.38% -> 64.38%     
client [64] (testset)   loss: 1.7776 -> 1.7591  accuracy: 42.50% -> 42.50%     
client [82] (testset)   loss: 1.7217 -> 1.7225  accuracy: 28.21% -> 28.21%     
client [22] (testset)   loss: 1.3945 -> 1.3925  accuracy: 48.72% -> 48.72%     
---------------------------- TRAINING EPOCH: 200 ----------------------------  
client [20] (testset)   loss: 1.6582 -> 1.6428  accuracy: 34.69% -> 34.69%     
client [23] (testset)   loss: 1.1439 -> 1.1341  accuracy: 61.22% -> 61.22%     
client [88] (testset)   loss: 1.6548 -> 1.6383  accuracy: 46.60% -> 46.60%     
client [98] (testset)   loss: 1.7557 -> 1.7698  accuracy: 45.03% -> 45.03%     
client [79] (testset)   loss: 1.8225 -> 1.8539  accuracy: 30.00% -> 25.00%     
client [21] (testset)   loss: 1.9976 -> 2.0326  accuracy: 21.01% -> 21.01%     
client [92] (testset)   loss: 1.8306 -> 1.8309  accuracy: 47.44% -> 47.44%     
client [56] (testset)   loss: 1.4989 -> 1.4689  accuracy: 47.30% -> 47.30%     
client [5]  (testset)   loss: 1.2568 -> 1.2394  accuracy: 66.67% -> 66.67%     
client [52] (testset)   loss: 1.9657 -> 1.9659  accuracy: 20.27% -> 18.92%     
---------------------------- TRAINING EPOCH: 210 ----------------------------  
client [67] (testset)   loss: 1.5910 -> 1.6074  accuracy: 37.43% -> 37.43%     
client [54] (testset)   loss: 1.5952 -> 1.6168  accuracy: 36.16% -> 36.16%     
client [14] (testset)   loss: 1.6752 -> 1.6748  accuracy: 41.94% -> 41.94%     
client [99] (testset)   loss: 2.0208 -> 2.0566  accuracy: 31.58% -> 31.58%     
client [36] (testset)   loss: 1.8441 -> 1.8407  accuracy: 32.58% -> 32.58%     
client [30] (testset)   loss: 1.6966 -> 1.7002  accuracy: 46.04% -> 46.04%     
client [38] (testset)   loss: 1.0378 -> 1.0262  accuracy: 73.33% -> 73.33%     
client [15] (testset)   loss: 1.7137 -> 1.7009  accuracy: 36.13% -> 36.13%     
client [6]  (testset)   loss: 2.0797 -> 2.0794  accuracy: 21.43% -> 20.54%     
client [53] (testset)   loss: 1.5793 -> 1.5869  accuracy: 36.92% -> 36.92%     
---------------------------- TRAINING EPOCH: 220 ----------------------------  
client [99] (testset)   loss: 1.9994 -> 1.9954  accuracy: 31.58% -> 31.58%     
client [6]  (testset)   loss: 2.0742 -> 2.0779  accuracy: 20.54% -> 20.54%     
client [83] (testset)   loss: 1.2981 -> 1.3074  accuracy: 63.04% -> 63.04%     
client [42] (testset)   loss: 1.8029 -> 1.8047  accuracy: 33.02% -> 33.02%     
client [34] (testset)   loss: 1.7962 -> 1.8210  accuracy: 40.48% -> 40.48%     
client [15] (testset)   loss: 1.6977 -> 1.6919  accuracy: 36.13% -> 36.13%     
client [47] (testset)   loss: 1.7296 -> 1.7579  accuracy: 40.35% -> 40.35%     
client [55] (testset)   loss: 1.1109 -> 1.1576  accuracy: 61.80% -> 61.80%     
client [51] (testset)   loss: 1.8438 -> 1.8757  accuracy: 39.19% -> 39.19%     
client [95] (testset)   loss: 1.1392 -> 1.1310  accuracy: 70.40% -> 70.40%     
---------------------------- TRAINING EPOCH: 230 ----------------------------  
client [71] (testset)   loss: 1.8520 -> 1.8143  accuracy: 45.45% -> 45.45%     
client [15] (testset)   loss: 1.6903 -> 1.6994  accuracy: 36.13% -> 36.13%     
client [33] (testset)   loss: 1.9068 -> 1.9221  accuracy: 27.38% -> 27.38%     
client [99] (testset)   loss: 2.0250 -> 1.9739  accuracy: 31.58% -> 31.58%     
client [90] (testset)   loss: 1.5233 -> 1.5047  accuracy: 40.28% -> 40.28%     
client [57] (testset)   loss: 1.7924 -> 1.7960  accuracy: 22.97% -> 31.58%     
client [27] (testset)   loss: 2.0357 -> 2.0588  accuracy: 27.12% -> 27.12%     
client [78] (testset)   loss: 1.6657 -> 1.6651  accuracy: 31.08% -> 31.98%     
client [36] (testset)   loss: 1.8366 -> 1.8449  accuracy: 32.58% -> 32.58%     
client [88] (testset)   loss: 1.6310 -> 1.6315  accuracy: 46.60% -> 46.60%     
---------------------------- TRAINING EPOCH: 240 ----------------------------  
client [70] (testset)   loss: 1.8168 -> 1.8186  accuracy: 34.53% -> 34.53%     
client [35] (testset)   loss: 1.6404 -> 1.6281  accuracy: 36.16% -> 36.16%     
client [16] (testset)   loss: 1.8966 -> 1.9162  accuracy: 29.66% -> 29.66%     
client [80] (testset)   loss: 1.6887 -> 1.6771  accuracy: 52.67% -> 52.67%     
client [38] (testset)   loss: 1.0400 -> 1.0248  accuracy: 73.33% -> 73.33%     
client [78] (testset)   loss: 1.6663 -> 1.6736  accuracy: 31.98% -> 31.08%     
client [68] (testset)   loss: 1.7687 -> 1.7701  accuracy: 41.84% -> 41.84%     
client [11] (testset)   loss: 1.6955 -> 1.6911  accuracy: 33.94% -> 33.94%     
client [64] (testset)   loss: 1.7567 -> 1.7778  accuracy: 42.50% -> 42.50%     
client [82] (testset)   loss: 1.7308 -> 1.7224  accuracy: 28.21% -> 28.21%     
---------------------------- TRAINING EPOCH: 250 ----------------------------  
client [30] (testset)   loss: 1.7145 -> 1.7095  accuracy: 46.04% -> 46.04%     
client [27] (testset)   loss: 2.0429 -> 2.0365  accuracy: 27.12% -> 27.12%     
client [74] (testset)   loss: 1.3576 -> 1.3699  accuracy: 63.33% -> 63.33%     
client [45] (testset)   loss: 1.8720 -> 1.8730  accuracy: 23.21% -> 23.21%     
client [6]  (testset)   loss: 2.0795 -> 2.0819  accuracy: 21.43% -> 21.43%     
client [36] (testset)   loss: 1.8431 -> 1.8482  accuracy: 32.58% -> 32.58%     
client [63] (testset)   loss: 1.9482 -> 1.9743  accuracy: 38.52% -> 38.52%     
client [76] (testset)   loss: 1.8400 -> 1.8393  accuracy: 31.25% -> 31.25%     
client [83] (testset)   loss: 1.3063 -> 1.3878  accuracy: 63.04% -> 63.04%     
client [86] (testset)   loss: 1.8359 -> 1.8373  accuracy: 32.91% -> 32.91%     
---------------------------- TRAINING EPOCH: 260 ----------------------------  
client [83] (testset)   loss: 1.2982 -> 1.3192  accuracy: 63.04% -> 63.04%     
client [99] (testset)   loss: 1.9900 -> 1.9909  accuracy: 31.58% -> 31.58%     
client [74] (testset)   loss: 1.3820 -> 1.3548  accuracy: 63.33% -> 63.33%     
client [73] (testset)   loss: 1.3276 -> 1.3236  accuracy: 50.21% -> 50.21%     
client [29] (testset)   loss: 1.6031 -> 1.5971  accuracy: 35.83% -> 35.83%     
client [92] (testset)   loss: 1.8342 -> 1.8945  accuracy: 47.44% -> 47.44%     
client [6]  (testset)   loss: 2.0861 -> 2.0752  accuracy: 21.43% -> 20.54%     
client [61] (testset)   loss: 1.9741 -> 1.9685  accuracy: 22.52% -> 22.52%     
client [21] (testset)   loss: 1.9963 -> 2.0100  accuracy: 21.01% -> 21.01%     
client [67] (testset)   loss: 1.5928 -> 1.6113  accuracy: 37.43% -> 37.43%     
---------------------------- TRAINING EPOCH: 270 ----------------------------  
client [83] (testset)   loss: 1.2973 -> 1.3143  accuracy: 63.04% -> 63.04%     
client [32] (testset)   loss: 1.9804 -> 1.9849  accuracy: 27.86% -> 27.86%     
client [95] (testset)   loss: 1.1072 -> 1.1247  accuracy: 70.40% -> 70.40%     
client [61] (testset)   loss: 1.9661 -> 1.9690  accuracy: 22.52% -> 22.52%     
client [27] (testset)   loss: 2.0382 -> 2.0348  accuracy: 27.12% -> 27.12%     
client [25] (testset)   loss: 1.7589 -> 1.7504  accuracy: 38.46% -> 38.46%     
client [68] (testset)   loss: 1.7604 -> 1.7820  accuracy: 41.84% -> 41.84%     
client [34] (testset)   loss: 1.8027 -> 1.8248  accuracy: 40.48% -> 40.48%     
client [71] (testset)   loss: 1.8196 -> 1.8565  accuracy: 45.45% -> 45.45%     
client [89] (testset)   loss: 1.9323 -> 1.9308  accuracy: 37.76% -> 37.76%     
---------------------------- TRAINING EPOCH: 280 ----------------------------  
client [78] (testset)   loss: 1.6655 -> 1.6729  accuracy: 31.08% -> 31.08%     
client [81] (testset)   loss: 1.5620 -> 1.5630  accuracy: 38.50% -> 38.50%     
client [51] (testset)   loss: 1.8429 -> 1.8722  accuracy: 39.19% -> 39.19%     
client [54] (testset)   loss: 1.5955 -> 1.5936  accuracy: 36.16% -> 36.16%     
client [65] (testset)   loss: 1.9237 -> 1.9405  accuracy: 37.96% -> 37.96%     
client [41] (testset)   loss: 1.4774 -> 1.4838  accuracy: 36.81% -> 39.88%     
client [11] (testset)   loss: 1.6919 -> 1.6960  accuracy: 33.94% -> 33.94%     
client [85] (testset)   loss: 1.7633 -> 1.7594  accuracy: 30.29% -> 30.29%     
client [12] (testset)   loss: 1.9264 -> 1.9234  accuracy: 23.62% -> 23.62%     
client [23] (testset)   loss: 1.1438 -> 1.1941  accuracy: 61.22% -> 61.22%     
---------------------------- TRAINING EPOCH: 290 ----------------------------  
client [16] (testset)   loss: 1.8810 -> 1.9031  accuracy: 29.66% -> 29.66%     
client [65] (testset)   loss: 1.9294 -> 1.9479  accuracy: 37.96% -> 37.96%     
client [53] (testset)   loss: 1.5801 -> 1.5863  accuracy: 36.92% -> 36.92%     
client [58] (testset)   loss: 1.8067 -> 1.8339  accuracy: 44.84% -> 44.84%     
client [72] (testset)   loss: 1.4470 -> 1.4466  accuracy: 57.50% -> 57.50%     
client [7]  (testset)   loss: 1.2890 -> 1.2826  accuracy: 61.40% -> 61.40%     
client [71] (testset)   loss: 1.8180 -> 1.8178  accuracy: 45.45% -> 45.45%     
client [59] (testset)   loss: 1.5296 -> 1.5315  accuracy: 41.52% -> 41.52%     
client [86] (testset)   loss: 1.8318 -> 1.8323  accuracy: 32.91% -> 32.91%     
client [39] (testset)   loss: 1.8075 -> 1.8064  accuracy: 24.55% -> 24.55%     
---------------------------- TRAINING EPOCH: 300 ----------------------------  
client [99] (testset)   loss: 1.9841 -> 2.0124  accuracy: 31.58% -> 31.58%     
client [7]  (testset)   loss: 1.3034 -> 1.3519  accuracy: 61.40% -> 61.40%     
client [17] (testset)   loss: 1.4872 -> 1.6327  accuracy: 58.91% -> 58.91%     
client [64] (testset)   loss: 1.7814 -> 1.7698  accuracy: 42.50% -> 42.50%     
client [37] (testset)   loss: 1.4644 -> 1.4611  accuracy: 60.33% -> 60.33%     
client [29] (testset)   loss: 1.6052 -> 1.5917  accuracy: 35.83% -> 35.83%     
client [93] (testset)   loss: 1.1119 -> 1.1174  accuracy: 70.93% -> 70.93%     
client [73] (testset)   loss: 1.3216 -> 1.3241  accuracy: 50.21% -> 50.21%     
client [40] (testset)   loss: 1.8437 -> 1.8332  accuracy: 27.00% -> 27.00%     
client [76] (testset)   loss: 1.8308 -> 1.8344  accuracy: 31.25% -> 31.25%     
---------------------------- TRAINING EPOCH: 310 ----------------------------  
client [31] (testset)   loss: 1.4626 -> 1.4507  accuracy: 58.87% -> 58.87%     
client [89] (testset)   loss: 1.9342 -> 1.9693  accuracy: 37.76% -> 37.76%     
client [77] (testset)   loss: 1.7059 -> 1.6907  accuracy: 26.25% -> 26.25%     
client [90] (testset)   loss: 1.5051 -> 1.5148  accuracy: 40.28% -> 40.28%     
client [26] (testset)   loss: 1.1013 -> 1.1154  accuracy: 70.51% -> 70.51%     
client [50] (testset)   loss: 1.6740 -> 1.6811  accuracy: 38.83% -> 38.83%     
client [30] (testset)   loss: 1.6958 -> 1.6870  accuracy: 46.04% -> 46.04%     
client [70] (testset)   loss: 1.8172 -> 1.8242  accuracy: 34.53% -> 34.53%     
client [41] (testset)   loss: 1.4819 -> 1.4792  accuracy: 36.81% -> 39.88%     
client [99] (testset)   loss: 2.0001 -> 1.9991  accuracy: 31.58% -> 31.58%     
---------------------------- TRAINING EPOCH: 320 ----------------------------  
client [68] (testset)   loss: 1.7737 -> 1.7671  accuracy: 41.84% -> 41.84%     
client [70] (testset)   loss: 1.8257 -> 1.8153  accuracy: 26.01% -> 34.53%     
client [52] (testset)   loss: 1.9639 -> 1.9637  accuracy: 20.27% -> 20.27%     
client [1]  (testset)   loss: 1.7192 -> 1.6982  accuracy: 28.57% -> 28.57%     
client [2]  (testset)   loss: 1.9677 -> 1.9922  accuracy: 28.09% -> 28.09%     
client [67] (testset)   loss: 1.5868 -> 1.6262  accuracy: 37.43% -> 37.43%     
client [92] (testset)   loss: 1.8185 -> 1.8329  accuracy: 47.44% -> 47.44%     
client [35] (testset)   loss: 1.6525 -> 1.6538  accuracy: 36.16% -> 36.16%     
client [36] (testset)   loss: 1.8363 -> 1.8343  accuracy: 32.58% -> 32.58%     
client [64] (testset)   loss: 1.7709 -> 1.7468  accuracy: 42.50% -> 42.50%     
---------------------------- TRAINING EPOCH: 330 ----------------------------  
client [44] (testset)   loss: 1.4922 -> 1.4964  accuracy: 57.08% -> 57.08%     
client [6]  (testset)   loss: 2.0685 -> 2.0950  accuracy: 21.43% -> 21.43%     
client [12] (testset)   loss: 1.9324 -> 1.9332  accuracy: 23.62% -> 23.62%     
client [55] (testset)   loss: 1.1365 -> 1.1241  accuracy: 61.80% -> 61.80%     
client [29] (testset)   loss: 1.5944 -> 1.5946  accuracy: 35.83% -> 35.83%     
client [9]  (testset)   loss: 1.8267 -> 1.8269  accuracy: 34.72% -> 34.72%     
client [43] (testset)   loss: 1.5316 -> 1.5432  accuracy: 46.33% -> 46.33%     
client [77] (testset)   loss: 1.6928 -> 1.7026  accuracy: 26.25% -> 26.25%     
client [98] (testset)   loss: 1.7517 -> 1.7614  accuracy: 45.03% -> 45.03%     
client [78] (testset)   loss: 1.6719 -> 1.7106  accuracy: 31.08% -> 31.98%     
---------------------------- TRAINING EPOCH: 340 ----------------------------  
client [92] (testset)   loss: 1.8404 -> 1.8277  accuracy: 47.44% -> 47.44%     
client [80] (testset)   loss: 1.6796 -> 1.6740  accuracy: 52.67% -> 52.67%     
client [63] (testset)   loss: 1.9493 -> 1.9475  accuracy: 38.52% -> 38.52%     
client [76] (testset)   loss: 1.8089 -> 1.8308  accuracy: 31.25% -> 31.25%     
client [78] (testset)   loss: 1.6688 -> 1.6679  accuracy: 31.98% -> 31.08%     
client [25] (testset)   loss: 1.7560 -> 1.7592  accuracy: 38.46% -> 38.46%     
client [58] (testset)   loss: 1.8091 -> 1.8208  accuracy: 44.84% -> 44.84%     
client [13] (testset)   loss: 1.3588 -> 1.3863  accuracy: 41.67% -> 39.35%     
client [17] (testset)   loss: 1.5236 -> 1.5277  accuracy: 58.91% -> 58.91%     
client [38] (testset)   loss: 1.0276 -> 1.0443  accuracy: 73.33% -> 73.33%     
---------------------------- TRAINING EPOCH: 350 ----------------------------  
client [72] (testset)   loss: 1.4502 -> 1.4382  accuracy: 57.50% -> 57.50%     
client [82] (testset)   loss: 1.7214 -> 1.7231  accuracy: 28.21% -> 28.21%     
client [86] (testset)   loss: 1.8359 -> 1.8361  accuracy: 32.91% -> 32.91%     
client [51] (testset)   loss: 1.8373 -> 1.8474  accuracy: 39.19% -> 39.19%     
client [96] (testset)   loss: 1.2603 -> 1.2662  accuracy: 58.85% -> 58.85%     
client [42] (testset)   loss: 1.7988 -> 1.8038  accuracy: 33.02% -> 33.02%     
client [55] (testset)   loss: 1.1223 -> 1.1158  accuracy: 61.80% -> 61.80%     
client [13] (testset)   loss: 1.3711 -> 1.3593  accuracy: 41.67% -> 41.67%     
client [1]  (testset)   loss: 1.7040 -> 1.6893  accuracy: 28.57% -> 28.57%     
client [12] (testset)   loss: 1.9309 -> 1.9260  accuracy: 23.62% -> 23.62%     
---------------------------- TRAINING EPOCH: 360 ----------------------------  
client [68] (testset)   loss: 1.7639 -> 1.7851  accuracy: 41.84% -> 41.84%     
client [23] (testset)   loss: 1.1460 -> 1.2033  accuracy: 61.22% -> 61.22%     
client [46] (testset)   loss: 1.9032 -> 1.8842  accuracy: 23.38% -> 23.38%     
client [41] (testset)   loss: 1.4829 -> 1.4744  accuracy: 36.81% -> 39.88%     
client [25] (testset)   loss: 1.7576 -> 1.7673  accuracy: 38.46% -> 38.46%     
client [58] (testset)   loss: 1.8125 -> 1.8118  accuracy: 44.84% -> 44.84%     
client [14] (testset)   loss: 1.6824 -> 1.7142  accuracy: 41.94% -> 41.94%     
client [33] (testset)   loss: 1.9100 -> 1.9091  accuracy: 27.38% -> 27.38%     
client [85] (testset)   loss: 1.7630 -> 1.7645  accuracy: 30.29% -> 30.29%     
client [62] (testset)   loss: 1.4778 -> 1.4890  accuracy: 55.56% -> 55.56%     
---------------------------- TRAINING EPOCH: 370 ----------------------------  
client [98] (testset)   loss: 1.7561 -> 1.7533  accuracy: 45.03% -> 45.03%     
client [63] (testset)   loss: 1.9428 -> 1.9513  accuracy: 38.52% -> 38.52%     
client [70] (testset)   loss: 1.8216 -> 1.8307  accuracy: 26.01% -> 34.53%     
client [65] (testset)   loss: 1.9651 -> 1.9301  accuracy: 37.96% -> 37.96%     
client [14] (testset)   loss: 1.6811 -> 1.6950  accuracy: 41.94% -> 41.94%     
client [73] (testset)   loss: 1.3307 -> 1.3259  accuracy: 50.21% -> 50.21%     
client [34] (testset)   loss: 1.8001 -> 1.7961  accuracy: 40.48% -> 40.48%     
client [99] (testset)   loss: 1.9826 -> 1.9950  accuracy: 31.58% -> 31.58%     
client [69] (testset)   loss: 1.8734 -> 1.8881  accuracy: 34.13% -> 34.13%     
client [46] (testset)   loss: 1.8885 -> 1.9035  accuracy: 23.38% -> 23.38%     
---------------------------- TRAINING EPOCH: 380 ----------------------------  
client [99] (testset)   loss: 2.0047 -> 1.9900  accuracy: 31.58% -> 31.58%     
client [93] (testset)   loss: 1.1128 -> 1.1211  accuracy: 70.93% -> 70.93%     
client [11] (testset)   loss: 1.6941 -> 1.7050  accuracy: 33.94% -> 33.94%     
client [58] (testset)   loss: 1.8080 -> 1.8112  accuracy: 44.84% -> 44.84%     
client [81] (testset)   loss: 1.5583 -> 1.5680  accuracy: 38.50% -> 38.50%     
client [85] (testset)   loss: 1.7633 -> 1.7753  accuracy: 30.29% -> 30.29%     
client [89] (testset)   loss: 1.9272 -> 1.9335  accuracy: 37.76% -> 37.76%     
client [45] (testset)   loss: 1.8674 -> 1.8757  accuracy: 26.19% -> 23.21%     
client [8]  (testset)   loss: 1.9723 -> 1.9737  accuracy: 29.22% -> 29.22%     
client [68] (testset)   loss: 1.7692 -> 1.7844  accuracy: 41.84% -> 41.84%     
---------------------------- TRAINING EPOCH: 390 ----------------------------  
client [67] (testset)   loss: 1.6207 -> 1.6099  accuracy: 37.43% -> 37.43%     
client [72] (testset)   loss: 1.4386 -> 1.5224  accuracy: 57.50% -> 57.50%     
client [1]  (testset)   loss: 1.7060 -> 1.6992  accuracy: 28.57% -> 28.57%     
client [78] (testset)   loss: 1.6646 -> 1.6673  accuracy: 31.98% -> 31.98%     
client [83] (testset)   loss: 1.3068 -> 1.3248  accuracy: 63.04% -> 63.04%     
client [21] (testset)   loss: 2.0114 -> 1.9987  accuracy: 21.01% -> 21.01%     
client [56] (testset)   loss: 1.4709 -> 1.4731  accuracy: 47.30% -> 47.30%     
client [44] (testset)   loss: 1.4865 -> 1.4888  accuracy: 57.08% -> 57.08%     
client [92] (testset)   loss: 1.8332 -> 1.8123  accuracy: 47.44% -> 47.44%     
client [27] (testset)   loss: 2.0339 -> 2.0329  accuracy: 27.12% -> 27.12%     
---------------------------- TRAINING EPOCH: 400 ----------------------------  
client [10] (testset)   loss: 1.1434 -> 1.1406  accuracy: 64.38% -> 64.38%     
client [39] (testset)   loss: 1.8045 -> 1.7987  accuracy: 24.55% -> 24.55%     
client [65] (testset)   loss: 1.9371 -> 1.9266  accuracy: 37.96% -> 37.96%     
client [26] (testset)   loss: 1.0810 -> 1.0608  accuracy: 70.51% -> 70.51%     
client [19] (testset)   loss: 1.7816 -> 1.7828  accuracy: 38.38% -> 38.38%     
client [68] (testset)   loss: 1.7678 -> 1.7709  accuracy: 41.84% -> 41.84%     
client [41] (testset)   loss: 1.4734 -> 1.4738  accuracy: 36.81% -> 39.88%     
client [50] (testset)   loss: 1.6692 -> 1.6679  accuracy: 38.83% -> 38.83%     
client [75] (testset)   loss: 1.0898 -> 1.0898  accuracy: 65.00% -> 65.00%     
client [81] (testset)   loss: 1.5596 -> 1.5630  accuracy: 38.50% -> 38.50%     
FedFew's average time taken by each global epoch: 0 min 3.75 sec.              
FedFew's total running time: 0 h 27 m 28 s.                                    
==================== FedFew Experiment Results: ====================           
Display format: (before local fine-tuning) -> (after local fine-tuning)        
 So if finetune_epoch = 0, x.xx% -> 0.00% is normal.                           
 Centralized testing ONLY happens after model aggregation, so the stats between
'->' are the same.                                                             
{                                                                              
    "100": {                                                                   
        "all_clients": {                                                       
            "test": {                                                          
                "loss": "1.6543 -> 1.6613",                                    
                "accuracy": "40.79% -> 40.77%"                                 
            }                                                                  
        }                                                                      
    },                                                                         
    "200": {                                                                   
        "all_clients": {                                                       
            "test": {                                                          
                "loss": "1.6521 -> 1.6569",                                    
                "accuracy": "41.01% -> 40.73%"                                 
            }                                                                  
        }                                                                      
    },                                                                         
    "300": {                                                                   
        "all_clients": {                                                       
            "test": {                                                          
                "loss": "1.6506 -> 1.6558",                                    
                "accuracy": "41.27% -> 41.14%"                                 
            }                                                                  
        }                                                                      
    },                                                                         
    "400": {                                                                   
        "all_clients": {                                                       
            "test": {                                                          
                "loss": "1.6507 -> 1.6532",                                    
                "accuracy": "40.97% -> 41.05%"                                 
            }                                                                  
        }                                                                      
    }                                                                          
}                                                                              
==================== FedFew Max Accuracy ====================                  
all_clients:                                                                   
(test) before fine-tuning: 41.27% at epoch 300                                 
(test) after fine-tuning: 41.14% at epoch 300                                  
