==================== FedAvg ====================                               
Experiment Arguments:                                                          
{
    'method': 'fedavg',
    'dataset': {
        'name': 'mnist',
        'client_num': 100,
        'test_ratio': 0.25,
        'val_ratio': 0.0,
        'seed': 42,
        'split': 'sample',
        'IID_ratio': 0.0,
        'monitor_window_name_suffix': 'mnist-100clients-0%IID-Dir(0.5)-seed42',
        'alpha': 0.5,
        'min_samples_per_client': 10
    },
    'model': {
        'name': 'avgcnn',
        'use_torchvision_pretrained_weights': True,
        'external_model_weights_path': None
    },
    'optimizer': {
        'lr': 0.01,
        'dampening': 0,
        'weight_decay': 0,
        'momentum': 0.7,
        'nesterov': False,
        'name': 'sgd'
    },
    'mode': 'serial',
    'parallel': {
        'ray_cluster_addr': None,
        'num_cpus': None,
        'num_gpus': None,
        'num_workers': 2
    },
    'common': {
        'seed': 42,
        'join_ratio': 0.1,
        'global_epoch': 400,
        'local_epoch': 5,
        'batch_size': 32,
        'reset_optimizer_on_global_epoch': True,
        'straggler_ratio': 0,
        'straggler_min_local_epoch': 0,
        'buffers': 'global',
        'client_side_evaluation': True,
        'test': {
            'client': {
                'interval': 100,
                'finetune_epoch': 5,
                'train': False,
                'val': False,
                'test': True
            },
            'server': {
                'interval': -1,
                'train': False,
                'val': False,
                'test': True,
                'model_in_train_mode': False
            }
        },
        'verbose_gap': 10,
        'monitor': None,
        'use_cuda': True,
        'save_log': True,
        'save_model': False,
        'save_learning_curve_plot': True,
        'save_metrics': True,
        'delete_useless_run': True
    },
    'fedprox': {
        'mu': 0.01
    },
    'pfedsim': {
        'warmup_round': 0.5
    }
}
---------------------------- TRAINING EPOCH: 10 ----------------------------   
client [77] (testset)   loss: 0.3205 -> 0.2088  accuracy: 92.94% -> 94.12%     
client [81] (testset)   loss: 0.1237 -> 0.1248  accuracy: 95.85% -> 96.68%     
client [21] (testset)   loss: 0.0557 -> 0.0474  accuracy: 98.09% -> 98.56%     
client [68] (testset)   loss: 0.0868 -> 0.0466  accuracy: 96.43% -> 98.21%     
client [93] (testset)   loss: 0.0407 -> 0.0999  accuracy: 99.29% -> 96.45%     
client [31] (testset)   loss: 0.0896 -> 0.0781  accuracy: 97.33% -> 96.79%     
client [20] (testset)   loss: 0.1143 -> 0.1093  accuracy: 97.18% -> 95.07%     
client [59] (testset)   loss: 0.0404 -> 0.0504  accuracy: 100.00% -> 97.92%    
client [48] (testset)   loss: 0.0699 -> 0.0481  accuracy: 97.87% -> 98.58%     
client [34] (testset)   loss: 0.1685 -> 0.0753  accuracy: 94.38% -> 97.38%     
---------------------------- TRAINING EPOCH: 20 ----------------------------   
client [69] (testset)   loss: 0.0777 -> 0.0476  accuracy: 98.57% -> 98.57%     
client [99] (testset)   loss: 0.1151 -> 0.0907  accuracy: 95.27% -> 96.45%     
client [67] (testset)   loss: 0.1039 -> 0.0359  accuracy: 96.00% -> 98.29%     
client [0]  (testset)   loss: 0.0943 -> 0.0839  accuracy: 97.45% -> 97.45%     
client [76] (testset)   loss: 0.0289 -> 0.0355  accuracy: 99.45% -> 98.91%     
client [41] (testset)   loss: 0.1023 -> 0.1081  accuracy: 97.31% -> 96.41%     
client [62] (testset)   loss: 0.0497 -> 0.0132  accuracy: 98.18% -> 99.39%     
client [2]  (testset)   loss: 0.0676 -> 0.0342  accuracy: 97.40% -> 98.38%     
client [14] (testset)   loss: 0.0844 -> 0.0788  accuracy: 98.30% -> 98.30%     
client [46] (testset)   loss: 0.0656 -> 0.0375  accuracy: 99.08% -> 99.08%     
---------------------------- TRAINING EPOCH: 30 ----------------------------   
client [24] (testset)   loss: 0.0248 -> 0.0298  accuracy: 98.95% -> 99.47%     
client [68] (testset)   loss: 0.0339 -> 0.0244  accuracy: 98.66% -> 99.55%     
client [57] (testset)   loss: 0.0360 -> 0.1035  accuracy: 98.94% -> 96.81%     
client [17] (testset)   loss: 0.0233 -> 0.0289  accuracy: 99.19% -> 98.39%     
client [54] (testset)   loss: 0.0462 -> 0.0218  accuracy: 97.79% -> 99.12%     
client [23] (testset)   loss: 0.0100 -> 0.0073  accuracy: 100.00% -> 100.00%   
client [35] (testset)   loss: 0.0739 -> 0.0405  accuracy: 97.48% -> 97.48%     
client [59] (testset)   loss: 0.0189 -> 0.0330  accuracy: 100.00% -> 98.96%    
client [31] (testset)   loss: 0.0732 -> 0.0447  accuracy: 98.40% -> 98.93%     
client [9]  (testset)   loss: 0.0079 -> 0.0110  accuracy: 100.00% -> 100.00%   
---------------------------- TRAINING EPOCH: 40 ----------------------------   
client [64] (testset)   loss: 0.0917 -> 0.0680  accuracy: 98.41% -> 96.83%     
client [33] (testset)   loss: 0.0455 -> 0.0242  accuracy: 97.79% -> 98.90%     
client [16] (testset)   loss: 0.1476 -> 0.1829  accuracy: 96.64% -> 94.12%     
client [44] (testset)   loss: 0.0507 -> 0.0414  accuracy: 98.30% -> 98.30%     
client [8]  (testset)   loss: 0.0575 -> 0.0201  accuracy: 98.53% -> 100.00%    
client [31] (testset)   loss: 0.1081 -> 0.0456  accuracy: 96.79% -> 98.93%     
client [47] (testset)   loss: 0.0285 -> 0.0386  accuracy: 98.87% -> 98.68%     
client [36] (testset)   loss: 0.0334 -> 0.0212  accuracy: 98.46% -> 99.61%     
client [20] (testset)   loss: 0.0984 -> 0.0616  accuracy: 95.77% -> 97.18%     
client [56] (testset)   loss: 0.0561 -> 0.0523  accuracy: 97.69% -> 98.08%     
---------------------------- TRAINING EPOCH: 50 ----------------------------   
client [4]  (testset)   loss: 0.2167 -> 0.1866  accuracy: 98.10% -> 98.73%     
client [60] (testset)   loss: 0.0284 -> 0.0262  accuracy: 99.35% -> 99.35%     
client [28] (testset)   loss: 0.0358 -> 0.0292  accuracy: 98.53% -> 98.53%     
client [25] (testset)   loss: 0.0081 -> 0.0133  accuracy: 100.00% -> 98.59%    
client [58] (testset)   loss: 0.0750 -> 0.0751  accuracy: 98.47% -> 98.47%     
client [44] (testset)   loss: 0.0525 -> 0.0337  accuracy: 98.58% -> 98.58%     
client [39] (testset)   loss: 0.1187 -> 0.1247  accuracy: 98.16% -> 98.16%     
client [29] (testset)   loss: 0.0589 -> 0.0163  accuracy: 98.26% -> 99.42%     
client [3]  (testset)   loss: 0.1387 -> 0.1262  accuracy: 97.98% -> 97.98%     
client [84] (testset)   loss: 0.0351 -> 0.0175  accuracy: 98.65% -> 99.10%     
---------------------------- TRAINING EPOCH: 60 ----------------------------   
client [21] (testset)   loss: 0.0153 -> 0.0132  accuracy: 99.52% -> 99.52%     
client [84] (testset)   loss: 0.0459 -> 0.0131  accuracy: 98.65% -> 99.55%     
client [10] (testset)   loss: 0.0138 -> 0.0018  accuracy: 99.51% -> 100.00%    
client [36] (testset)   loss: 0.0331 -> 0.0225  accuracy: 98.46% -> 99.23%     
client [65] (testset)   loss: 0.0282 -> 0.0109  accuracy: 99.15% -> 99.57%     
client [81] (testset)   loss: 0.0665 -> 0.0540  accuracy: 98.34% -> 97.93%     
client [79] (testset)   loss: 0.1117 -> 0.1002  accuracy: 96.60% -> 97.96%     
client [42] (testset)   loss: 0.0749 -> 0.0689  accuracy: 98.56% -> 98.08%     
client [11] (testset)   loss: 0.0217 -> 0.0309  accuracy: 99.10% -> 99.10%     
client [96] (testset)   loss: 0.0310 -> 0.0147  accuracy: 99.30% -> 99.65%     
---------------------------- TRAINING EPOCH: 70 ----------------------------   
client [8]  (testset)   loss: 0.0387 -> 0.0203  accuracy: 98.53% -> 100.00%    
client [53] (testset)   loss: 0.0166 -> 0.0564  accuracy: 99.19% -> 98.37%     
client [52] (testset)   loss: 0.1940 -> 0.1447  accuracy: 96.10% -> 98.70%     
client [42] (testset)   loss: 0.0790 -> 0.0694  accuracy: 98.56% -> 98.08%     
client [69] (testset)   loss: 0.0636 -> 0.0320  accuracy: 98.57% -> 98.57%     
client [59] (testset)   loss: 0.0261 -> 0.0155  accuracy: 98.96% -> 98.96%     
client [7]  (testset)   loss: 0.0424 -> 0.0036  accuracy: 96.89% -> 100.00%    
client [26] (testset)   loss: 0.0476 -> 0.0238  accuracy: 99.19% -> 98.37%     
client [49] (testset)   loss: 0.0533 -> 0.0340  accuracy: 97.79% -> 99.26%     
client [98] (testset)   loss: 0.0792 -> 0.0392  accuracy: 97.14% -> 99.05%     
---------------------------- TRAINING EPOCH: 80 ----------------------------   
client [98] (testset)   loss: 0.0607 -> 0.0356  accuracy: 97.14% -> 99.05%     
client [47] (testset)   loss: 0.0211 -> 0.0292  accuracy: 99.43% -> 99.05%     
client [21] (testset)   loss: 0.0094 -> 0.0076  accuracy: 99.52% -> 99.52%     
client [77] (testset)   loss: 0.1382 -> 0.1117  accuracy: 96.47% -> 95.29%     
client [95] (testset)   loss: 0.0427 -> 0.0412  accuracy: 99.06% -> 98.12%     
client [91] (testset)   loss: 0.0128 -> 0.0168  accuracy: 99.12% -> 99.12%     
client [14] (testset)   loss: 0.0204 -> 0.0299  accuracy: 98.86% -> 98.30%     
client [99] (testset)   loss: 0.0652 -> 0.0443  accuracy: 98.22% -> 99.41%     
client [20] (testset)   loss: 0.0461 -> 0.0433  accuracy: 97.89% -> 98.59%     
client [39] (testset)   loss: 0.1333 -> 0.1116  accuracy: 98.16% -> 98.77%     
---------------------------- TRAINING EPOCH: 90 ----------------------------   
client [52] (testset)   loss: 0.2253 -> 0.1404  accuracy: 96.10% -> 98.70%     
client [62] (testset)   loss: 0.0095 -> 0.0175  accuracy: 100.00% -> 99.39%    
client [71] (testset)   loss: 0.0009 -> 0.0006  accuracy: 100.00% -> 100.00%   
client [97] (testset)   loss: 0.0231 -> 0.0120  accuracy: 99.44% -> 99.44%     
client [30] (testset)   loss: 0.0049 -> 0.0112  accuracy: 100.00% -> 100.00%   
client [88] (testset)   loss: 0.0031 -> 0.0007  accuracy: 100.00% -> 100.00%   
client [60] (testset)   loss: 0.0163 -> 0.0133  accuracy: 99.35% -> 99.35%     
client [82] (testset)   loss: 0.0654 -> 0.0593  accuracy: 98.74% -> 98.48%     
client [91] (testset)   loss: 0.0058 -> 0.0089  accuracy: 100.00% -> 99.12%    
client [57] (testset)   loss: 0.0353 -> 0.0304  accuracy: 97.87% -> 98.94%     
---------------------------- TRAINING EPOCH: 100 ----------------------------  
client [31] (testset)   loss: 0.0689 -> 0.0514  accuracy: 98.40% -> 98.93%     
client [15] (testset)   loss: 0.0185 -> 0.0102  accuracy: 99.35% -> 100.00%    
client [71] (testset)   loss: 0.0004 -> 0.0005  accuracy: 100.00% -> 100.00%   
client [97] (testset)   loss: 0.0135 -> 0.0062  accuracy: 99.44% -> 100.00%    
client [53] (testset)   loss: 0.0136 -> 0.0171  accuracy: 100.00% -> 100.00%   
client [77] (testset)   loss: 0.1484 -> 0.1169  accuracy: 96.47% -> 95.29%     
client [76] (testset)   loss: 0.0105 -> 0.0257  accuracy: 99.45% -> 99.45%     
client [79] (testset)   loss: 0.1292 -> 0.1249  accuracy: 97.28% -> 97.96%     
client [28] (testset)   loss: 0.0379 -> 0.0248  accuracy: 98.04% -> 99.02%     
client [99] (testset)   loss: 0.0696 -> 0.0388  accuracy: 97.63% -> 99.41%     
---------------------------- TRAINING EPOCH: 110 ----------------------------  
client [97] (testset)   loss: 0.0151 -> 0.0033  accuracy: 98.88% -> 100.00%    
client [86] (testset)   loss: 0.0224 -> 0.0487  accuracy: 99.49% -> 99.49%     
client [34] (testset)   loss: 0.0764 -> 0.0529  accuracy: 97.75% -> 98.50%     
client [73] (testset)   loss: 0.0259 -> 0.0344  accuracy: 99.42% -> 99.42%     
client [5]  (testset)   loss: 0.0635 -> 0.0803  accuracy: 98.82% -> 98.82%     
client [96] (testset)   loss: 0.0474 -> 0.0183  accuracy: 98.60% -> 99.65%     
client [22] (testset)   loss: 0.1073 -> 0.0149  accuracy: 96.30% -> 99.26%     
client [60] (testset)   loss: 0.0335 -> 0.0285  accuracy: 99.35% -> 99.35%     
client [66] (testset)   loss: 0.0416 -> 0.0314  accuracy: 97.49% -> 99.16%     
client [83] (testset)   loss: 0.0633 -> 0.0821  accuracy: 99.16% -> 99.16%     
---------------------------- TRAINING EPOCH: 120 ----------------------------  
client [76] (testset)   loss: 0.0066 -> 0.0226  accuracy: 100.00% -> 99.45%    
client [65] (testset)   loss: 0.0311 -> 0.0074  accuracy: 98.30% -> 100.00%    
client [95] (testset)   loss: 0.0259 -> 0.0252  accuracy: 99.53% -> 98.59%     
client [17] (testset)   loss: 0.0163 -> 0.0366  accuracy: 100.00% -> 99.19%    
client [8]  (testset)   loss: 0.0586 -> 0.0028  accuracy: 98.53% -> 100.00%    
client [35] (testset)   loss: 0.0291 -> 0.0129  accuracy: 99.16% -> 100.00%    
client [98] (testset)   loss: 0.0594 -> 0.0325  accuracy: 97.14% -> 98.10%     
client [53] (testset)   loss: 0.0089 -> 0.0151  accuracy: 100.00% -> 100.00%   
client [43] (testset)   loss: 0.1331 -> 0.1531  accuracy: 98.41% -> 97.62%     
client [64] (testset)   loss: 0.0304 -> 0.0526  accuracy: 98.41% -> 98.41%     
---------------------------- TRAINING EPOCH: 130 ----------------------------  
client [21] (testset)   loss: 0.0091 -> 0.0088  accuracy: 99.52% -> 99.52%     
client [88] (testset)   loss: 0.0012 -> 0.0002  accuracy: 100.00% -> 100.00%   
client [38] (testset)   loss: 0.0579 -> 0.0348  accuracy: 98.43% -> 98.95%     
client [3]  (testset)   loss: 0.0995 -> 0.0945  accuracy: 96.97% -> 97.98%     
client [5]  (testset)   loss: 0.0470 -> 0.0716  accuracy: 98.82% -> 98.82%     
client [41] (testset)   loss: 0.0785 -> 0.0667  accuracy: 98.21% -> 96.86%     
client [7]  (testset)   loss: 0.0338 -> 0.0058  accuracy: 97.78% -> 99.56%     
client [37] (testset)   loss: 0.0111 -> 0.0169  accuracy: 99.17% -> 99.17%     
client [45] (testset)   loss: 0.0548 -> 0.0426  accuracy: 98.59% -> 99.30%     
client [47] (testset)   loss: 0.0183 -> 0.0256  accuracy: 98.68% -> 99.24%     
---------------------------- TRAINING EPOCH: 140 ----------------------------  
client [16] (testset)   loss: 0.1177 -> 0.1048  accuracy: 95.80% -> 96.64%     
client [11] (testset)   loss: 0.0251 -> 0.0268  accuracy: 99.10% -> 99.10%     
client [37] (testset)   loss: 0.0177 -> 0.0341  accuracy: 99.17% -> 98.35%     
client [41] (testset)   loss: 0.0691 -> 0.0942  accuracy: 97.76% -> 96.41%     
client [95] (testset)   loss: 0.0273 -> 0.0285  accuracy: 99.06% -> 98.59%     
client [53] (testset)   loss: 0.0184 -> 0.0164  accuracy: 99.19% -> 100.00%    
client [22] (testset)   loss: 0.0422 -> 0.0162  accuracy: 98.52% -> 98.52%     
client [25] (testset)   loss: 0.0098 -> 0.0278  accuracy: 100.00% -> 98.59%    
client [69] (testset)   loss: 0.0356 -> 0.0276  accuracy: 98.57% -> 98.57%     
client [46] (testset)   loss: 0.0502 -> 0.0154  accuracy: 99.08% -> 100.00%    
---------------------------- TRAINING EPOCH: 150 ----------------------------  
client [47] (testset)   loss: 0.0170 -> 0.0208  accuracy: 99.43% -> 99.43%     
client [69] (testset)   loss: 0.0690 -> 0.0214  accuracy: 98.57% -> 98.57%     
client [82] (testset)   loss: 0.0675 -> 0.0673  accuracy: 98.74% -> 98.48%     
client [45] (testset)   loss: 0.0559 -> 0.0465  accuracy: 98.59% -> 99.30%     
client [7]  (testset)   loss: 0.0449 -> 0.0141  accuracy: 98.22% -> 99.56%     
client [50] (testset)   loss: 0.0721 -> 0.0303  accuracy: 97.75% -> 98.88%     
client [35] (testset)   loss: 0.0451 -> 0.0055  accuracy: 98.32% -> 100.00%    
client [24] (testset)   loss: 0.0078 -> 0.0020  accuracy: 99.47% -> 100.00%    
client [15] (testset)   loss: 0.0328 -> 0.0086  accuracy: 98.06% -> 100.00%    
client [58] (testset)   loss: 0.0847 -> 0.0678  accuracy: 97.96% -> 98.47%     
---------------------------- TRAINING EPOCH: 160 ----------------------------  
client [48] (testset)   loss: 0.0118 -> 0.0057  accuracy: 100.00% -> 100.00%   
client [76] (testset)   loss: 0.0069 -> 0.0248  accuracy: 99.45% -> 99.45%     
client [67] (testset)   loss: 0.0358 -> 0.0138  accuracy: 97.71% -> 99.43%     
client [37] (testset)   loss: 0.0088 -> 0.0142  accuracy: 99.17% -> 99.17%     
client [58] (testset)   loss: 0.0601 -> 0.0591  accuracy: 98.98% -> 99.49%     
client [64] (testset)   loss: 0.0333 -> 0.0277  accuracy: 99.21% -> 99.21%     
client [77] (testset)   loss: 0.1485 -> 0.1202  accuracy: 96.47% -> 95.29%     
client [55] (testset)   loss: 0.0119 -> 0.0030  accuracy: 99.73% -> 100.00%    
client [12] (testset)   loss: 0.0524 -> 0.0521  accuracy: 98.58% -> 98.58%     
client [89] (testset)   loss: 0.0053 -> 0.0052  accuracy: 100.00% -> 99.58%    
---------------------------- TRAINING EPOCH: 170 ----------------------------  
client [84] (testset)   loss: 0.0219 -> 0.0064  accuracy: 98.65% -> 99.55%     
client [51] (testset)   loss: 0.0166 -> 0.0130  accuracy: 99.00% -> 99.00%     
client [8]  (testset)   loss: 0.0616 -> 0.0024  accuracy: 98.53% -> 100.00%    
client [18] (testset)   loss: 0.0155 -> 0.0455  accuracy: 99.26% -> 99.26%     
client [94] (testset)   loss: 0.0264 -> 0.0161  accuracy: 98.78% -> 99.39%     
client [81] (testset)   loss: 0.0385 -> 0.0248  accuracy: 98.76% -> 99.17%     
client [3]  (testset)   loss: 0.0901 -> 0.0888  accuracy: 97.98% -> 97.98%     
client [11] (testset)   loss: 0.0099 -> 0.0172  accuracy: 99.55% -> 99.10%     
client [95] (testset)   loss: 0.0227 -> 0.0341  accuracy: 99.06% -> 98.59%     
client [67] (testset)   loss: 0.0302 -> 0.0141  accuracy: 98.29% -> 99.43%     
---------------------------- TRAINING EPOCH: 180 ----------------------------  
client [21] (testset)   loss: 0.0039 -> 0.0047  accuracy: 100.00% -> 100.00%   
client [79] (testset)   loss: 0.1299 -> 0.1300  accuracy: 97.96% -> 98.64%     
client [58] (testset)   loss: 0.0648 -> 0.0611  accuracy: 98.98% -> 99.49%     
client [88] (testset)   loss: 0.0007 -> 0.0001  accuracy: 100.00% -> 100.00%   
client [46] (testset)   loss: 0.0329 -> 0.0158  accuracy: 99.08% -> 100.00%    
client [11] (testset)   loss: 0.0135 -> 0.0234  accuracy: 99.55% -> 99.55%     
client [55] (testset)   loss: 0.0145 -> 0.0023  accuracy: 99.47% -> 100.00%    
client [13] (testset)   loss: 0.0557 -> 0.0336  accuracy: 98.45% -> 98.45%     
client [31] (testset)   loss: 0.0739 -> 0.0517  accuracy: 97.86% -> 98.93%     
client [75] (testset)   loss: 0.0133 -> 0.0024  accuracy: 100.00% -> 100.00%   
---------------------------- TRAINING EPOCH: 190 ----------------------------  
client [19] (testset)   loss: 0.0134 -> 0.0025  accuracy: 100.00% -> 100.00%   
client [7]  (testset)   loss: 0.0390 -> 0.0102  accuracy: 97.78% -> 99.56%     
client [57] (testset)   loss: 0.0205 -> 0.0067  accuracy: 98.94% -> 100.00%    
client [13] (testset)   loss: 0.0445 -> 0.0512  accuracy: 98.76% -> 98.45%     
client [43] (testset)   loss: 0.1612 -> 0.1991  accuracy: 98.41% -> 97.62%     
client [91] (testset)   loss: 0.0021 -> 0.0078  accuracy: 100.00% -> 99.12%    
client [10] (testset)   loss: 0.0263 -> 0.0049  accuracy: 99.02% -> 99.51%     
client [64] (testset)   loss: 0.0428 -> 0.0321  accuracy: 98.41% -> 98.41%     
client [82] (testset)   loss: 0.0726 -> 0.0684  accuracy: 98.74% -> 98.74%     
client [22] (testset)   loss: 0.0644 -> 0.0119  accuracy: 97.78% -> 99.26%     
---------------------------- TRAINING EPOCH: 200 ----------------------------  
client [20] (testset)   loss: 0.0643 -> 0.0163  accuracy: 97.89% -> 99.30%     
client [23] (testset)   loss: 0.0014 -> 0.0031  accuracy: 100.00% -> 100.00%   
client [88] (testset)   loss: 0.0006 -> 0.0001  accuracy: 100.00% -> 100.00%   
client [98] (testset)   loss: 0.0518 -> 0.0298  accuracy: 98.10% -> 97.14%     
client [79] (testset)   loss: 0.1375 -> 0.1332  accuracy: 96.60% -> 97.96%     
client [21] (testset)   loss: 0.0078 -> 0.0051  accuracy: 99.52% -> 100.00%    
client [92] (testset)   loss: 0.1028 -> 0.0448  accuracy: 96.49% -> 98.25%     
client [56] (testset)   loss: 0.0169 -> 0.0411  accuracy: 98.85% -> 98.85%     
client [5]  (testset)   loss: 0.0742 -> 0.0876  accuracy: 98.24% -> 98.24%     
client [52] (testset)   loss: 0.2073 -> 0.1245  accuracy: 96.10% -> 98.70%     
---------------------------- TRAINING EPOCH: 210 ----------------------------  
client [67] (testset)   loss: 0.0382 -> 0.0172  accuracy: 98.29% -> 99.43%     
client [54] (testset)   loss: 0.0073 -> 0.0025  accuracy: 99.56% -> 100.00%    
client [14] (testset)   loss: 0.0272 -> 0.0226  accuracy: 99.43% -> 98.86%     
client [99] (testset)   loss: 0.0569 -> 0.0391  accuracy: 98.22% -> 98.22%     
client [36] (testset)   loss: 0.0212 -> 0.0192  accuracy: 98.84% -> 99.23%     
client [30] (testset)   loss: 0.0021 -> 0.0167  accuracy: 100.00% -> 99.35%    
client [38] (testset)   loss: 0.0283 -> 0.0235  accuracy: 99.48% -> 98.95%     
client [15] (testset)   loss: 0.0161 -> 0.0133  accuracy: 98.71% -> 99.35%     
client [6]  (testset)   loss: 0.0219 -> 0.0675  accuracy: 99.34% -> 98.68%     
client [53] (testset)   loss: 0.0113 -> 0.0037  accuracy: 100.00% -> 100.00%   
---------------------------- TRAINING EPOCH: 220 ----------------------------  
client [99] (testset)   loss: 0.0437 -> 0.0356  accuracy: 98.82% -> 99.41%     
client [6]  (testset)   loss: 0.0280 -> 0.0593  accuracy: 99.34% -> 98.68%     
client [83] (testset)   loss: 0.0704 -> 0.1046  accuracy: 99.16% -> 99.16%     
client [42] (testset)   loss: 0.0626 -> 0.0583  accuracy: 98.56% -> 99.04%     
client [34] (testset)   loss: 0.0832 -> 0.0516  accuracy: 98.13% -> 98.88%     
client [15] (testset)   loss: 0.0213 -> 0.0118  accuracy: 99.35% -> 99.35%     
client [47] (testset)   loss: 0.0139 -> 0.0167  accuracy: 99.43% -> 99.43%     
client [55] (testset)   loss: 0.0119 -> 0.0010  accuracy: 99.47% -> 100.00%    
client [51] (testset)   loss: 0.0093 -> 0.0126  accuracy: 99.50% -> 99.00%     
client [95] (testset)   loss: 0.0228 -> 0.0401  accuracy: 99.53% -> 98.59%     
---------------------------- TRAINING EPOCH: 230 ----------------------------  
client [71] (testset)   loss: 0.0001 -> 0.0000  accuracy: 100.00% -> 100.00%   
client [15] (testset)   loss: 0.0094 -> 0.0068  accuracy: 100.00% -> 100.00%   
client [33] (testset)   loss: 0.0178 -> 0.0096  accuracy: 98.90% -> 99.45%     
client [99] (testset)   loss: 0.0814 -> 0.0383  accuracy: 97.63% -> 99.41%     
client [90] (testset)   loss: 0.0096 -> 0.0057  accuracy: 100.00% -> 100.00%   
client [57] (testset)   loss: 0.0110 -> 0.0054  accuracy: 98.94% -> 100.00%    
client [27] (testset)   loss: 0.1100 -> 0.1234  accuracy: 98.48% -> 97.46%     
client [78] (testset)   loss: 0.0002 -> 0.0002  accuracy: 100.00% -> 100.00%   
client [36] (testset)   loss: 0.0237 -> 0.0197  accuracy: 99.23% -> 99.23%     
client [88] (testset)   loss: 0.0002 -> 0.0000  accuracy: 100.00% -> 100.00%   
---------------------------- TRAINING EPOCH: 240 ----------------------------  
client [70] (testset)   loss: 0.0045 -> 0.0004  accuracy: 100.00% -> 100.00%   
client [35] (testset)   loss: 0.0143 -> 0.0043  accuracy: 99.16% -> 100.00%    
client [16] (testset)   loss: 0.1059 -> 0.0805  accuracy: 96.64% -> 98.32%     
client [80] (testset)   loss: 0.0051 -> 0.0022  accuracy: 100.00% -> 100.00%   
client [38] (testset)   loss: 0.0250 -> 0.0204  accuracy: 98.95% -> 98.95%     
client [78] (testset)   loss: 0.0003 -> 0.0003  accuracy: 100.00% -> 100.00%   
client [68] (testset)   loss: 0.0102 -> 0.0036  accuracy: 99.55% -> 100.00%    
client [11] (testset)   loss: 0.0078 -> 0.0043  accuracy: 99.55% -> 100.00%    
client [64] (testset)   loss: 0.0194 -> 0.0223  accuracy: 99.21% -> 99.21%     
client [82] (testset)   loss: 0.0641 -> 0.0693  accuracy: 98.99% -> 98.74%     
---------------------------- TRAINING EPOCH: 250 ----------------------------  
client [30] (testset)   loss: 0.0036 -> 0.0175  accuracy: 100.00% -> 99.35%    
client [27] (testset)   loss: 0.1068 -> 0.1398  accuracy: 98.48% -> 97.46%     
client [74] (testset)   loss: 0.0805 -> 0.0552  accuracy: 98.70% -> 98.70%     
client [45] (testset)   loss: 0.0484 -> 0.0409  accuracy: 98.59% -> 99.30%     
client [6]  (testset)   loss: 0.0285 -> 0.0772  accuracy: 99.34% -> 98.68%     
client [36] (testset)   loss: 0.0285 -> 0.0221  accuracy: 98.84% -> 99.23%     
client [63] (testset)   loss: 0.0719 -> 0.0830  accuracy: 99.07% -> 99.07%     
client [76] (testset)   loss: 0.0052 -> 0.0213  accuracy: 100.00% -> 99.45%    
client [83] (testset)   loss: 0.0796 -> 0.0922  accuracy: 99.16% -> 99.16%     
client [86] (testset)   loss: 0.0249 -> 0.0563  accuracy: 98.98% -> 98.98%     
---------------------------- TRAINING EPOCH: 260 ----------------------------  
client [83] (testset)   loss: 0.0837 -> 0.0797  accuracy: 99.16% -> 99.16%     
client [99] (testset)   loss: 0.0975 -> 0.0236  accuracy: 97.63% -> 99.41%     
client [74] (testset)   loss: 0.0734 -> 0.0796  accuracy: 98.70% -> 98.70%     
client [73] (testset)   loss: 0.0433 -> 0.0500  accuracy: 98.84% -> 99.42%     
client [29] (testset)   loss: 0.0533 -> 0.0256  accuracy: 98.84% -> 99.42%     
client [92] (testset)   loss: 0.1115 -> 0.0300  accuracy: 98.25% -> 98.25%     
client [6]  (testset)   loss: 0.0182 -> 0.0470  accuracy: 99.34% -> 99.34%     
client [61] (testset)   loss: 0.0914 -> 0.1341  accuracy: 98.74% -> 98.74%     
client [21] (testset)   loss: 0.0126 -> 0.0062  accuracy: 99.52% -> 100.00%    
client [67] (testset)   loss: 0.0359 -> 0.0112  accuracy: 98.29% -> 99.43%     
---------------------------- TRAINING EPOCH: 270 ----------------------------  
client [83] (testset)   loss: 0.0857 -> 0.1195  accuracy: 99.16% -> 97.48%     
client [32] (testset)   loss: 0.0657 -> 0.0563  accuracy: 97.73% -> 98.48%     
client [95] (testset)   loss: 0.0276 -> 0.0407  accuracy: 99.53% -> 98.59%     
client [61] (testset)   loss: 0.0807 -> 0.1252  accuracy: 98.74% -> 98.74%     
client [27] (testset)   loss: 0.1238 -> 0.1638  accuracy: 98.48% -> 97.46%     
client [25] (testset)   loss: 0.0029 -> 0.0065  accuracy: 100.00% -> 100.00%   
client [68] (testset)   loss: 0.0043 -> 0.0083  accuracy: 100.00% -> 99.55%    
client [34] (testset)   loss: 0.0577 -> 0.0477  accuracy: 99.25% -> 98.50%     
client [71] (testset)   loss: 0.0001 -> 0.0001  accuracy: 100.00% -> 100.00%   
client [89] (testset)   loss: 0.0050 -> 0.0059  accuracy: 100.00% -> 99.58%    
---------------------------- TRAINING EPOCH: 280 ----------------------------  
client [78] (testset)   loss: 0.0007 -> 0.0002  accuracy: 100.00% -> 100.00%   
client [81] (testset)   loss: 0.0502 -> 0.0183  accuracy: 98.34% -> 99.17%     
client [51] (testset)   loss: 0.0147 -> 0.0147  accuracy: 99.00% -> 99.50%     
client [54] (testset)   loss: 0.0050 -> 0.0016  accuracy: 99.56% -> 100.00%    
client [65] (testset)   loss: 0.0253 -> 0.0121  accuracy: 99.15% -> 99.15%     
client [41] (testset)   loss: 0.0438 -> 0.0523  accuracy: 97.76% -> 98.21%     
client [11] (testset)   loss: 0.0092 -> 0.0117  accuracy: 99.55% -> 99.55%     
client [85] (testset)   loss: 0.0422 -> 0.0180  accuracy: 98.50% -> 98.88%     
client [12] (testset)   loss: 0.0428 -> 0.0427  accuracy: 98.58% -> 98.58%     
client [23] (testset)   loss: 0.0080 -> 0.0032  accuracy: 99.13% -> 100.00%    
---------------------------- TRAINING EPOCH: 290 ----------------------------  
client [16] (testset)   loss: 0.0909 -> 0.0782  accuracy: 96.64% -> 96.64%     
client [65] (testset)   loss: 0.0096 -> 0.0074  accuracy: 99.57% -> 99.57%     
client [53] (testset)   loss: 0.0122 -> 0.0046  accuracy: 100.00% -> 100.00%   
client [58] (testset)   loss: 0.0687 -> 0.0612  accuracy: 98.98% -> 99.49%     
client [72] (testset)   loss: 0.0696 -> 0.0474  accuracy: 98.45% -> 98.76%     
client [7]  (testset)   loss: 0.0285 -> 0.0179  accuracy: 99.56% -> 99.56%     
client [71] (testset)   loss: 0.0000 -> 0.0000  accuracy: 100.00% -> 100.00%   
client [59] (testset)   loss: 0.0076 -> 0.0046  accuracy: 100.00% -> 100.00%   
client [86] (testset)   loss: 0.0271 -> 0.0544  accuracy: 99.49% -> 99.49%     
client [39] (testset)   loss: 0.1552 -> 0.1416  accuracy: 98.16% -> 97.55%     
---------------------------- TRAINING EPOCH: 300 ----------------------------  
client [99] (testset)   loss: 0.0526 -> 0.0426  accuracy: 98.82% -> 98.82%     
client [7]  (testset)   loss: 0.0419 -> 0.0057  accuracy: 98.67% -> 99.56%     
client [17] (testset)   loss: 0.0115 -> 0.0160  accuracy: 99.19% -> 98.39%     
client [64] (testset)   loss: 0.0294 -> 0.0259  accuracy: 99.21% -> 98.41%     
client [37] (testset)   loss: 0.0197 -> 0.0151  accuracy: 99.17% -> 99.17%     
client [29] (testset)   loss: 0.0416 -> 0.0238  accuracy: 98.84% -> 99.42%     
client [93] (testset)   loss: 0.0115 -> 0.0153  accuracy: 99.29% -> 99.29%     
client [73] (testset)   loss: 0.0163 -> 0.0439  accuracy: 98.84% -> 99.42%     
client [40] (testset)   loss: 0.0133 -> 0.0119  accuracy: 99.66% -> 99.66%     
client [76] (testset)   loss: 0.0038 -> 0.0173  accuracy: 100.00% -> 99.45%    
---------------------------- TRAINING EPOCH: 310 ----------------------------  
client [31] (testset)   loss: 0.0635 -> 0.0626  accuracy: 98.93% -> 98.93%     
client [89] (testset)   loss: 0.0071 -> 0.0043  accuracy: 99.58% -> 100.00%    
client [77] (testset)   loss: 0.1940 -> 0.1651  accuracy: 96.47% -> 96.47%     
client [90] (testset)   loss: 0.0145 -> 0.0047  accuracy: 99.28% -> 100.00%    
client [26] (testset)   loss: 0.0281 -> 0.0059  accuracy: 99.19% -> 100.00%    
client [50] (testset)   loss: 0.0732 -> 0.0482  accuracy: 98.88% -> 98.88%     
client [30] (testset)   loss: 0.0019 -> 0.0071  accuracy: 100.00% -> 100.00%   
client [70] (testset)   loss: 0.0004 -> 0.0002  accuracy: 100.00% -> 100.00%   
client [41] (testset)   loss: 0.0520 -> 0.0420  accuracy: 98.21% -> 97.76%     
client [99] (testset)   loss: 0.0493 -> 0.0378  accuracy: 98.82% -> 98.82%     
---------------------------- TRAINING EPOCH: 320 ----------------------------  
client [68] (testset)   loss: 0.0087 -> 0.0065  accuracy: 99.55% -> 100.00%    
client [70] (testset)   loss: 0.0090 -> 0.0004  accuracy: 100.00% -> 100.00%   
client [52] (testset)   loss: 0.1696 -> 0.1091  accuracy: 96.10% -> 98.70%     
client [1]  (testset)   loss: 0.0612 -> 0.0568  accuracy: 98.31% -> 98.87%     
client [2]  (testset)   loss: 0.0086 -> 0.0016  accuracy: 99.68% -> 100.00%    
client [67] (testset)   loss: 0.0310 -> 0.0114  accuracy: 98.29% -> 99.43%     
client [92] (testset)   loss: 0.0953 -> 0.1152  accuracy: 98.25% -> 98.25%     
client [35] (testset)   loss: 0.0317 -> 0.0059  accuracy: 98.32% -> 100.00%    
client [36] (testset)   loss: 0.0299 -> 0.0210  accuracy: 98.84% -> 98.84%     
client [64] (testset)   loss: 0.0440 -> 0.0281  accuracy: 98.41% -> 97.62%     
---------------------------- TRAINING EPOCH: 330 ----------------------------  
client [44] (testset)   loss: 0.0463 -> 0.0268  accuracy: 98.87% -> 98.87%     
client [6]  (testset)   loss: 0.0159 -> 0.0595  accuracy: 99.34% -> 99.34%     
client [12] (testset)   loss: 0.0351 -> 0.0350  accuracy: 98.58% -> 98.58%     
client [55] (testset)   loss: 0.0100 -> 0.0005  accuracy: 99.73% -> 100.00%    
client [29] (testset)   loss: 0.0590 -> 0.0257  accuracy: 98.84% -> 99.42%     
client [9]  (testset)   loss: 0.0007 -> 0.0000  accuracy: 100.00% -> 100.00%   
client [43] (testset)   loss: 0.2011 -> 0.2291  accuracy: 98.41% -> 97.62%     
client [77] (testset)   loss: 0.1926 -> 0.1545  accuracy: 96.47% -> 96.47%     
client [98] (testset)   loss: 0.0671 -> 0.0386  accuracy: 97.14% -> 98.10%     
client [78] (testset)   loss: 0.0005 -> 0.0002  accuracy: 100.00% -> 100.00%   
---------------------------- TRAINING EPOCH: 340 ----------------------------  
client [92] (testset)   loss: 0.1025 -> 0.1264  accuracy: 98.25% -> 98.25%     
client [80] (testset)   loss: 0.0040 -> 0.0014  accuracy: 100.00% -> 100.00%   
client [63] (testset)   loss: 0.0772 -> 0.0742  accuracy: 99.07% -> 99.07%     
client [76] (testset)   loss: 0.0049 -> 0.0257  accuracy: 99.45% -> 99.45%     
client [78] (testset)   loss: 0.0004 -> 0.0002  accuracy: 100.00% -> 100.00%   
client [25] (testset)   loss: 0.0033 -> 0.0255  accuracy: 100.00% -> 98.59%    
client [58] (testset)   loss: 0.0665 -> 0.0594  accuracy: 98.98% -> 99.49%     
client [13] (testset)   loss: 0.0365 -> 0.0352  accuracy: 98.45% -> 99.07%     
client [17] (testset)   loss: 0.0129 -> 0.0164  accuracy: 99.19% -> 98.39%     
client [38] (testset)   loss: 0.0216 -> 0.0154  accuracy: 98.95% -> 98.95%     
---------------------------- TRAINING EPOCH: 350 ----------------------------  
client [72] (testset)   loss: 0.0653 -> 0.0408  accuracy: 98.14% -> 98.45%     
client [82] (testset)   loss: 0.0577 -> 0.0681  accuracy: 99.49% -> 98.74%     
client [86] (testset)   loss: 0.0300 -> 0.0630  accuracy: 99.49% -> 98.98%     
client [51] (testset)   loss: 0.0199 -> 0.0171  accuracy: 99.00% -> 99.50%     
client [96] (testset)   loss: 0.0350 -> 0.0182  accuracy: 99.30% -> 99.65%     
client [42] (testset)   loss: 0.0671 -> 0.0614  accuracy: 98.56% -> 99.52%     
client [55] (testset)   loss: 0.0040 -> 0.0007  accuracy: 99.73% -> 100.00%    
client [13] (testset)   loss: 0.0310 -> 0.0314  accuracy: 98.76% -> 99.07%     
client [1]  (testset)   loss: 0.0658 -> 0.0626  accuracy: 98.31% -> 98.87%     
client [12] (testset)   loss: 0.0485 -> 0.0375  accuracy: 98.58% -> 98.58%     
---------------------------- TRAINING EPOCH: 360 ----------------------------  
client [68] (testset)   loss: 0.0170 -> 0.0042  accuracy: 99.11% -> 100.00%    
client [23] (testset)   loss: 0.0151 -> 0.0053  accuracy: 99.13% -> 100.00%    
client [46] (testset)   loss: 0.0234 -> 0.0067  accuracy: 99.08% -> 100.00%    
client [41] (testset)   loss: 0.0391 -> 0.0451  accuracy: 98.65% -> 98.21%     
client [25] (testset)   loss: 0.0023 -> 0.0079  accuracy: 100.00% -> 100.00%   
client [58] (testset)   loss: 0.0830 -> 0.0666  accuracy: 98.98% -> 99.49%     
client [14] (testset)   loss: 0.0296 -> 0.0127  accuracy: 99.43% -> 98.86%     
client [33] (testset)   loss: 0.0337 -> 0.0245  accuracy: 98.90% -> 98.90%     
client [85] (testset)   loss: 0.0518 -> 0.0089  accuracy: 98.88% -> 99.63%     
client [62] (testset)   loss: 0.0236 -> 0.0418  accuracy: 98.79% -> 99.39%     
---------------------------- TRAINING EPOCH: 370 ----------------------------  
client [98] (testset)   loss: 0.0520 -> 0.0467  accuracy: 98.10% -> 98.10%     
client [63] (testset)   loss: 0.0855 -> 0.0710  accuracy: 98.15% -> 99.07%     
client [70] (testset)   loss: 0.0009 -> 0.0001  accuracy: 100.00% -> 100.00%   
client [65] (testset)   loss: 0.0214 -> 0.0148  accuracy: 99.15% -> 99.15%     
client [14] (testset)   loss: 0.0194 -> 0.0168  accuracy: 99.43% -> 99.43%     
client [73] (testset)   loss: 0.0270 -> 0.0459  accuracy: 99.42% -> 99.42%     
client [34] (testset)   loss: 0.0687 -> 0.0515  accuracy: 98.13% -> 99.25%     
client [99] (testset)   loss: 0.0747 -> 0.0515  accuracy: 97.63% -> 98.82%     
client [69] (testset)   loss: 0.0489 -> 0.0159  accuracy: 98.57% -> 99.29%     
client [46] (testset)   loss: 0.0208 -> 0.0089  accuracy: 99.08% -> 100.00%    
---------------------------- TRAINING EPOCH: 380 ----------------------------  
client [99] (testset)   loss: 0.0798 -> 0.0528  accuracy: 97.63% -> 98.82%     
client [93] (testset)   loss: 0.0062 -> 0.0096  accuracy: 99.29% -> 99.29%     
client [11] (testset)   loss: 0.0037 -> 0.0042  accuracy: 100.00% -> 100.00%   
client [58] (testset)   loss: 0.0643 -> 0.0652  accuracy: 98.98% -> 98.47%     
client [81] (testset)   loss: 0.0454 -> 0.0301  accuracy: 98.34% -> 99.17%     
client [85] (testset)   loss: 0.0366 -> 0.0128  accuracy: 98.50% -> 99.25%     
client [89] (testset)   loss: 0.0056 -> 0.0059  accuracy: 99.58% -> 100.00%    
client [45] (testset)   loss: 0.0446 -> 0.0348  accuracy: 98.59% -> 99.30%     
client [8]  (testset)   loss: 0.0268 -> 0.0077  accuracy: 98.53% -> 100.00%    
client [68] (testset)   loss: 0.0086 -> 0.0057  accuracy: 99.55% -> 100.00%    
---------------------------- TRAINING EPOCH: 390 ----------------------------  
client [67] (testset)   loss: 0.0382 -> 0.0123  accuracy: 98.29% -> 99.43%     
client [72] (testset)   loss: 0.0497 -> 0.0355  accuracy: 98.14% -> 98.45%     
client [1]  (testset)   loss: 0.0562 -> 0.0622  accuracy: 98.31% -> 98.87%     
client [78] (testset)   loss: 0.0029 -> 0.0002  accuracy: 100.00% -> 100.00%   
client [83] (testset)   loss: 0.0988 -> 0.0824  accuracy: 99.16% -> 99.16%     
client [21] (testset)   loss: 0.0120 -> 0.0028  accuracy: 99.52% -> 100.00%    
client [56] (testset)   loss: 0.0114 -> 0.0172  accuracy: 99.23% -> 99.23%     
client [44] (testset)   loss: 0.0365 -> 0.0366  accuracy: 99.15% -> 98.87%     
client [92] (testset)   loss: 0.0874 -> 0.0845  accuracy: 98.25% -> 98.25%     
client [27] (testset)   loss: 0.1110 -> 0.1666  accuracy: 98.48% -> 97.46%     
---------------------------- TRAINING EPOCH: 400 ----------------------------  
client [10] (testset)   loss: 0.0275 -> 0.0142  accuracy: 99.02% -> 99.02%     
client [39] (testset)   loss: 0.1832 -> 0.1434  accuracy: 98.16% -> 97.55%     
client [65] (testset)   loss: 0.0183 -> 0.0136  accuracy: 99.15% -> 99.57%     
client [26] (testset)   loss: 0.0436 -> 0.0008  accuracy: 99.19% -> 100.00%    
client [19] (testset)   loss: 0.0020 -> 0.0016  accuracy: 100.00% -> 100.00%   
client [68] (testset)   loss: 0.0072 -> 0.0038  accuracy: 99.55% -> 100.00%    
client [41] (testset)   loss: 0.0593 -> 0.0468  accuracy: 98.21% -> 97.31%     
client [50] (testset)   loss: 0.0747 -> 0.0763  accuracy: 98.88% -> 98.88%     
client [75] (testset)   loss: 0.0763 -> 0.0071  accuracy: 97.44% -> 100.00%    
client [81] (testset)   loss: 0.0401 -> 0.0274  accuracy: 98.34% -> 98.76%     
FedAvg's average time taken by each global epoch: 0 min 4.59 sec.              
FedAvg's total running time: 0 h 33 m 46 s.                                    
==================== FedAvg Experiment Results: ====================           
Display format: (before local fine-tuning) -> (after local fine-tuning)        
 So if finetune_epoch = 0, x.xx% -> 0.00% is normal.                           
 Centralized testing ONLY happens after model aggregation, so the stats between
'->' are the same.                                                             
{                                                                              
    "100": {                                                                   
        "all_clients": {                                                       
            "test": {                                                          
                "loss": "0.0423 -> 0.0372",                                    
                "accuracy": "98.79% -> 99.01%"                                 
            }                                                                  
        }                                                                      
    },                                                                         
    "200": {                                                                   
        "all_clients": {                                                       
            "test": {                                                          
                "loss": "0.0398 -> 0.0348",                                    
                "accuracy": "98.96% -> 99.19%"                                 
            }                                                                  
        }                                                                      
    },                                                                         
    "300": {                                                                   
        "all_clients": {                                                       
            "test": {                                                          
                "loss": "0.0416 -> 0.0355",                                    
                "accuracy": "98.99% -> 99.21%"                                 
            }                                                                  
        }                                                                      
    },                                                                         
    "400": {                                                                   
        "all_clients": {                                                       
            "test": {                                                          
                "loss": "0.0412 -> 0.0364",                                    
                "accuracy": "99.03% -> 99.29%"                                 
            }                                                                  
        }                                                                      
    }                                                                          
}                                                                              
==================== FedAvg Max Accuracy ====================                  
all_clients:                                                                   
(test) before fine-tuning: 99.03% at epoch 400                                 
(test) after fine-tuning: 99.29% at epoch 400                                  
