==================== FedDpag ====================                              
Experiment Arguments:                                                          
{
    'method': 'feddpag',
    'dataset': {
        'name': 'medmnistC',
        'client_num': 100,
        'test_ratio': 0.25,
        'val_ratio': 0.0,
        'seed': 42,
        'split': 'sample',
        'IID_ratio': 0.0,
        'monitor_window_name_suffix': 'medmnistC-100clients-0%IID-Dir(0.1)-seed42',
        'alpha': 0.1,
        'min_samples_per_client': 10
    },
    'model': {
        'name': 'avgcnn',
        'use_torchvision_pretrained_weights': True,
        'external_model_weights_path': None
    },
    'optimizer': {
        'lr': 0.01,
        'dampening': 0,
        'weight_decay': 0,
        'momentum': 0.7,
        'nesterov': False,
        'name': 'sgd'
    },
    'mode': 'serial',
    'parallel': {
        'ray_cluster_addr': None,
        'num_cpus': None,
        'num_gpus': None,
        'num_workers': 2
    },
    'common': {
        'seed': 42,
        'join_ratio': 0.1,
        'global_epoch': 200,
        'local_epoch': 5,
        'batch_size': 32,
        'reset_optimizer_on_global_epoch': True,
        'straggler_ratio': 0,
        'straggler_min_local_epoch': 0,
        'buffers': 'global',
        'client_side_evaluation': True,
        'test': {
            'client': {
                'interval': 100,
                'finetune_epoch': 0,
                'train': False,
                'val': False,
                'test': True
            },
            'server': {
                'interval': -1,
                'train': False,
                'val': False,
                'test': True,
                'model_in_train_mode': False
            }
        },
        'verbose_gap': 10,
        'monitor': None,
        'use_cuda': True,
        'save_log': True,
        'save_model': False,
        'save_learning_curve_plot': True,
        'save_metrics': True,
        'delete_useless_run': True
    },
    'fedprox': {
        'mu': 0.01
    },
    'pfedsim': {
        'warmup_round': 0.5
    },
    'feddpag': {
        'fisher_threshold': 0.4
    }
}
---------------------------- TRAINING EPOCH: 10 ----------------------------   
client [77] (testset)   loss: 2.0753 -> 1.2508  accuracy: 36.36% -> 27.27%     
client [81] (testset)   loss: 1.3327 -> 0.5039  accuracy: 80.58% -> 80.58%     
client [21] (testset)   loss: 2.7232 -> 0.7432  accuracy: 0.00% -> 74.07%      
client [68] (testset)   loss: 1.8636 -> 1.0819  accuracy: 59.72% -> 59.72%     
client [93] (testset)   loss: 1.4002 -> 0.2543  accuracy: 93.33% -> 93.33%     
client [31] (testset)   loss: 1.9678 -> 0.6913  accuracy: 4.05% -> 85.14%      
client [20] (testset)   loss: 2.3920 -> 1.5108  accuracy: 0.00% -> 37.50%      
client [59] (testset)   loss: 2.0588 -> 1.2873  accuracy: 33.33% -> 33.33%     
client [48] (testset)   loss: 0.9745 -> 0.6411  accuracy: 83.15% -> 83.15%     
client [34] (testset)   loss: 1.0841 -> 0.6101  accuracy: 82.14% -> 82.14%     
---------------------------- TRAINING EPOCH: 20 ----------------------------   
client [69] (testset)   loss: 2.0410 -> 0.8844  accuracy: 15.38% -> 71.15%     
client [99] (testset)   loss: 1.9577 -> 1.7065  accuracy: 71.43% -> 14.29%     
client [67] (testset)   loss: 1.1292 -> 0.6563  accuracy: 85.71% -> 85.71%     
client [0]  (testset)   loss: 1.6288 -> 1.2576  accuracy: 45.12% -> 34.15%     
client [76] (testset)   loss: 1.7348 -> 2.6044  accuracy: 50.00% -> 50.00%     
client [41] (testset)   loss: 2.1605 -> 1.1941  accuracy: 7.41% -> 65.43%      
client [62] (testset)   loss: 3.5550 -> 0.4035  accuracy: 4.55% -> 95.45%      
client [2]  (testset)   loss: 2.7285 -> 1.1199  accuracy: 0.00% -> 47.27%      
client [14] (testset)   loss: 0.9767 -> 0.8641  accuracy: 85.00% -> 85.00%     
client [46] (testset)   loss: 1.4339 -> 0.9704  accuracy: 64.47% -> 64.47%     
---------------------------- TRAINING EPOCH: 30 ----------------------------   
client [24] (testset)   loss: 0.3736 -> 0.2947  accuracy: 93.75% -> 93.75%     
client [68] (testset)   loss: 1.7240 -> 1.0977  accuracy: 59.72% -> 59.72%     
client [57] (testset)   loss: 2.3214 -> 1.6678  accuracy: 0.00% -> 40.91%      
client [17] (testset)   loss: 1.5771 -> 0.8840  accuracy: 69.92% -> 69.92%     
client [54] (testset)   loss: 2.3281 -> 2.5193  accuracy: 25.00% -> 25.00%     
client [23] (testset)   loss: 2.9711 -> 1.7632  accuracy: 0.00% -> 39.13%      
client [35] (testset)   loss: 1.6474 -> 0.6047  accuracy: 85.00% -> 85.00%     
client [59] (testset)   loss: 2.0285 -> 1.1505  accuracy: 33.33% -> 33.33%     
client [31] (testset)   loss: 2.3567 -> 0.6225  accuracy: 1.35% -> 85.14%      
client [9]  (testset)   loss: 2.3684 -> 1.3964  accuracy: 28.72% -> 28.72%     
---------------------------- TRAINING EPOCH: 40 ----------------------------   
client [64] (testset)   loss: 2.1972 -> 1.2506  accuracy: 0.00% -> 0.00%       
client [33] (testset)   loss: 1.9672 -> 0.8570  accuracy: 12.99% -> 75.32%     
client [16] (testset)   loss: 1.3139 -> 0.6471  accuracy: 78.95% -> 78.95%     
client [44] (testset)   loss: 3.2822 -> 0.8793  accuracy: 1.19% -> 63.10%      
client [8]  (testset)   loss: 2.3553 -> 1.1656  accuracy: 54.17% -> 41.67%     
client [31] (testset)   loss: 1.3930 -> 0.6069  accuracy: 85.14% -> 85.14%     
client [47] (testset)   loss: 1.3500 -> 0.5939  accuracy: 87.78% -> 87.78%     
client [36] (testset)   loss: 2.3970 -> 1.7457  accuracy: 28.89% -> 28.89%     
client [20] (testset)   loss: 1.9206 -> 1.1500  accuracy: 37.50% -> 37.50%     
client [56] (testset)   loss: 1.8782 -> 0.7273  accuracy: 79.34% -> 79.34%     
---------------------------- TRAINING EPOCH: 50 ----------------------------   
client [4]  (testset)   loss: 2.6010 -> 2.6676  accuracy: 25.00% -> 25.00%     
client [60] (testset)   loss: 1.2819 -> 0.4152  accuracy: 91.82% -> 91.82%     
client [28] (testset)   loss: 2.1531 -> 1.1091  accuracy: 61.54% -> 61.54%     
client [25] (testset)   loss: 2.2128 -> 0.3271  accuracy: 0.00% -> 90.48%      
client [58] (testset)   loss: 1.1191 -> 0.5112  accuracy: 86.70% -> 86.70%     
client [44] (testset)   loss: 1.9499 -> 0.8642  accuracy: 0.00% -> 63.10%      
client [39] (testset)   loss: 1.3831 -> 1.0693  accuracy: 78.57% -> 78.57%     
client [29] (testset)   loss: 2.2349 -> 0.8014  accuracy: 3.70% -> 81.48%      
client [3]  (testset)   loss: 2.0286 -> 1.8181  accuracy: 23.53% -> 47.06%     
client [84] (testset)   loss: 2.3498 -> 1.6280  accuracy: 0.00% -> 21.84%      
---------------------------- TRAINING EPOCH: 60 ----------------------------   
client [21] (testset)   loss: 2.5749 -> 0.7406  accuracy: 0.00% -> 74.07%      
client [84] (testset)   loss: 2.2593 -> 1.7026  accuracy: 0.00% -> 21.84%      
client [10] (testset)   loss: 2.3797 -> 1.5347  accuracy: 0.00% -> 18.75%      
client [36] (testset)   loss: 2.4746 -> 1.7093  accuracy: 15.56% -> 28.89%     
client [65] (testset)   loss: 1.3922 -> 1.1690  accuracy: 62.22% -> 62.22%     
client [81] (testset)   loss: 1.1386 -> 0.5367  accuracy: 80.58% -> 80.58%     
client [79] (testset)   loss: 1.5591 -> 0.8115  accuracy: 64.00% -> 36.00%     
client [42] (testset)   loss: 0.7467 -> 0.1111  accuracy: 100.00% -> 100.00%   
client [11] (testset)   loss: 2.3710 -> 0.4899  accuracy: 0.00% -> 85.71%      
client [96] (testset)   loss: 1.9826 -> 1.4306  accuracy: 0.00% -> 11.11%      
---------------------------- TRAINING EPOCH: 70 ----------------------------   
client [8]  (testset)   loss: 1.5804 -> 1.1346  accuracy: 54.17% -> 41.67%     
client [53] (testset)   loss: 1.0261 -> 0.7662  accuracy: 78.85% -> 78.85%     
client [52] (testset)   loss: 1.2724 -> 0.9709  accuracy: 65.62% -> 65.62%     
client [42] (testset)   loss: 0.2265 -> 0.1319  accuracy: 100.00% -> 100.00%   
client [69] (testset)   loss: 1.1691 -> 0.8506  accuracy: 71.15% -> 71.15%     
client [59] (testset)   loss: 1.4766 -> 1.1246  accuracy: 50.83% -> 50.83%     
client [7]  (testset)   loss: 2.8117 -> 0.1650  accuracy: 0.00% -> 97.73%      
client [26] (testset)   loss: 1.8834 -> 1.0402  accuracy: 30.77% -> 57.69%     
client [49] (testset)   loss: 1.1987 -> 0.8934  accuracy: 75.00% -> 75.00%     
client [98] (testset)   loss: 0.6369 -> 0.3118  accuracy: 100.00% -> 100.00%   
---------------------------- TRAINING EPOCH: 80 ----------------------------   
client [98] (testset)   loss: 1.3564 -> 0.2328  accuracy: 0.00% -> 100.00%     
client [47] (testset)   loss: 2.6577 -> 0.5941  accuracy: 0.00% -> 87.78%      
client [21] (testset)   loss: 1.9477 -> 0.7499  accuracy: 0.00% -> 74.07%      
client [77] (testset)   loss: 2.6919 -> 1.7177  accuracy: 0.00% -> 36.36%      
client [95] (testset)   loss: 2.2653 -> 1.3604  accuracy: 0.00% -> 46.43%      
client [91] (testset)   loss: 2.3875 -> 3.3673  accuracy: 8.33% -> 16.67%      
client [14] (testset)   loss: 2.2248 -> 0.7543  accuracy: 0.00% -> 85.00%      
client [99] (testset)   loss: 1.8485 -> 1.3980  accuracy: 71.43% -> 71.43%     
client [20] (testset)   loss: 1.9929 -> 1.2164  accuracy: 0.00% -> 37.50%      
client [39] (testset)   loss: 1.1897 -> 0.9215  accuracy: 78.57% -> 78.57%     
---------------------------- TRAINING EPOCH: 90 ----------------------------   
client [52] (testset)   loss: 2.3697 -> 0.9469  accuracy: 0.00% -> 65.62%      
client [62] (testset)   loss: 3.7475 -> 0.4567  accuracy: 0.00% -> 95.45%      
client [71] (testset)   loss: 1.3684 -> 0.8779  accuracy: 71.97% -> 71.97%     
client [97] (testset)   loss: 2.4523 -> 1.3146  accuracy: 0.00% -> 42.02%      
client [30] (testset)   loss: 2.3994 -> 1.3552  accuracy: 13.33% -> 38.89%     
client [88] (testset)   loss: 1.7543 -> 0.4830  accuracy: 0.00% -> 87.41%      
client [60] (testset)   loss: 0.6228 -> 0.4015  accuracy: 91.82% -> 91.82%     
client [82] (testset)   loss: 1.2021 -> 0.9036  accuracy: 69.05% -> 69.05%     
client [91] (testset)   loss: 2.5836 -> 2.7340  accuracy: 8.33% -> 16.67%      
client [57] (testset)   loss: 2.3115 -> 1.3538  accuracy: 0.00% -> 27.27%      
---------------------------- TRAINING EPOCH: 100 ----------------------------  
client [31] (testset)   loss: 0.9359 -> 0.6203  accuracy: 85.14% -> 85.14%     
client [15] (testset)   loss: 2.3152 -> 1.0311  accuracy: 49.32% -> 49.32%     
client [71] (testset)   loss: 1.1740 -> 0.8383  accuracy: 71.97% -> 71.97%     
client [97] (testset)   loss: 2.9001 -> 1.2511  accuracy: 0.00% -> 42.02%      
client [53] (testset)   loss: 1.4366 -> 0.8097  accuracy: 78.85% -> 78.85%     
client [77] (testset)   loss: 2.8312 -> 1.9037  accuracy: 36.36% -> 36.36%     
client [76] (testset)   loss: 2.2629 -> 2.1060  accuracy: 50.00% -> 50.00%     
client [79] (testset)   loss: 2.4979 -> 0.7107  accuracy: 0.00% -> 64.00%      
client [28] (testset)   loss: 2.6428 -> 1.1046  accuracy: 0.00% -> 61.54%      
client [99] (testset)   loss: 2.1566 -> 1.6589  accuracy: 0.00% -> 71.43%      
---------------------------- TRAINING EPOCH: 110 ----------------------------  
client [97] (testset)   loss: 1.6074 -> 1.2889  accuracy: 40.34% -> 40.34%     
client [86] (testset)   loss: 2.0622 -> 1.4639  accuracy: 31.48% -> 31.48%     
client [34] (testset)   loss: 3.2974 -> 0.6087  accuracy: 0.00% -> 82.14%      
client [73] (testset)   loss: 1.2203 -> 0.7449  accuracy: 76.92% -> 76.92%     
client [5]  (testset)   loss: 0.5835 -> 0.5091  accuracy: 90.00% -> 90.00%     
client [96] (testset)   loss: 2.6471 -> 1.4437  accuracy: 0.00% -> 66.67%      
client [22] (testset)   loss: 2.2191 -> 0.9930  accuracy: 42.37% -> 52.54%     
client [60] (testset)   loss: 0.9520 -> 0.4352  accuracy: 91.82% -> 91.82%     
client [66] (testset)   loss: 0.5222 -> 0.1684  accuracy: 97.75% -> 97.75%     
client [83] (testset)   loss: 1.4657 -> 0.4863  accuracy: 87.91% -> 87.91%     
---------------------------- TRAINING EPOCH: 120 ----------------------------  
client [76] (testset)   loss: 2.3004 -> 2.3672  accuracy: 50.00% -> 50.00%     
client [65] (testset)   loss: 2.0279 -> 1.1928  accuracy: 2.22% -> 62.22%      
client [95] (testset)   loss: 2.8212 -> 1.4133  accuracy: 0.00% -> 46.43%      
client [17] (testset)   loss: 2.6101 -> 0.9380  accuracy: 0.00% -> 69.92%      
client [8]  (testset)   loss: 2.7534 -> 1.1943  accuracy: 0.00% -> 41.67%      
client [35] (testset)   loss: 0.7687 -> 0.5058  accuracy: 85.00% -> 85.00%     
client [98] (testset)   loss: 0.1936 -> 0.2023  accuracy: 100.00% -> 100.00%   
client [53] (testset)   loss: 1.0202 -> 0.7742  accuracy: 78.85% -> 78.85%     
client [43] (testset)   loss: 2.0274 -> 0.7813  accuracy: 0.00% -> 83.33%      
client [64] (testset)   loss: 1.8418 -> 1.4650  accuracy: 50.00% -> 0.00%      
---------------------------- TRAINING EPOCH: 130 ----------------------------  
client [21] (testset)   loss: 2.1987 -> 0.7473  accuracy: 0.00% -> 74.07%      
client [88] (testset)   loss: 0.5304 -> 0.4686  accuracy: 87.41% -> 87.41%     
client [38] (testset)   loss: 2.5522 -> 0.8229  accuracy: 16.00% -> 76.00%     
client [3]  (testset)   loss: 2.3297 -> 1.8503  accuracy: 11.76% -> 47.06%     
client [5]  (testset)   loss: 0.6354 -> 0.5600  accuracy: 90.00% -> 90.00%     
client [41] (testset)   loss: 1.4144 -> 1.1854  accuracy: 65.43% -> 65.43%     
client [7]  (testset)   loss: 0.6987 -> 0.1463  accuracy: 97.73% -> 97.73%     
client [37] (testset)   loss: 1.6563 -> 1.1729  accuracy: 55.00% -> 55.00%     
client [45] (testset)   loss: 2.6963 -> 1.6437  accuracy: 36.36% -> 27.27%     
client [47] (testset)   loss: 1.8641 -> 0.6065  accuracy: 0.00% -> 87.78%      
---------------------------- TRAINING EPOCH: 140 ----------------------------  
client [16] (testset)   loss: 2.6246 -> 0.8103  accuracy: 0.00% -> 78.95%      
client [11] (testset)   loss: 1.7376 -> 0.5201  accuracy: 0.00% -> 85.71%      
client [37] (testset)   loss: 2.2803 -> 1.0753  accuracy: 0.00% -> 55.00%      
client [41] (testset)   loss: 2.1732 -> 1.1599  accuracy: 0.00% -> 65.43%      
client [95] (testset)   loss: 2.4987 -> 1.4066  accuracy: 0.00% -> 46.43%      
client [53] (testset)   loss: 1.4409 -> 0.8334  accuracy: 78.85% -> 78.85%     
client [22] (testset)   loss: 1.9064 -> 0.9936  accuracy: 52.54% -> 52.54%     
client [25] (testset)   loss: 1.2494 -> 0.3489  accuracy: 90.48% -> 90.48%     
client [69] (testset)   loss: 1.4174 -> 0.8328  accuracy: 71.15% -> 71.15%     
client [46] (testset)   loss: 1.5156 -> 0.9734  accuracy: 20.81% -> 64.47%     
---------------------------- TRAINING EPOCH: 150 ----------------------------  
client [47] (testset)   loss: 0.7761 -> 0.6043  accuracy: 87.78% -> 87.78%     
client [69] (testset)   loss: 1.1184 -> 0.8863  accuracy: 71.15% -> 71.15%     
client [82] (testset)   loss: 1.2122 -> 0.8855  accuracy: 69.05% -> 69.05%     
client [45] (testset)   loss: 2.4087 -> 1.7793  accuracy: 0.00% -> 27.27%      
client [7]  (testset)   loss: 1.1383 -> 0.1253  accuracy: 97.73% -> 97.73%     
client [50] (testset)   loss: 2.0326 -> 1.1761  accuracy: 0.00% -> 55.56%      
client [35] (testset)   loss: 0.7410 -> 0.4992  accuracy: 85.00% -> 85.00%     
client [24] (testset)   loss: 0.6398 -> 0.2655  accuracy: 93.75% -> 93.75%     
client [15] (testset)   loss: 2.1121 -> 0.9871  accuracy: 39.73% -> 49.32%     
client [58] (testset)   loss: 1.9616 -> 0.4978  accuracy: 8.87% -> 86.70%      
---------------------------- TRAINING EPOCH: 160 ----------------------------  
client [48] (testset)   loss: 1.0054 -> 0.6345  accuracy: 83.15% -> 83.15%     
client [76] (testset)   loss: 1.5875 -> 2.2361  accuracy: 50.00% -> 50.00%     
client [67] (testset)   loss: 1.5463 -> 0.7039  accuracy: 85.71% -> 85.71%     
client [37] (testset)   loss: 2.3693 -> 1.0590  accuracy: 0.00% -> 55.00%      
client [58] (testset)   loss: 1.2528 -> 0.4907  accuracy: 86.70% -> 86.70%     
client [64] (testset)   loss: 2.1500 -> 1.6118  accuracy: 0.00% -> 0.00%       
client [77] (testset)   loss: 2.1816 -> 1.4834  accuracy: 0.00% -> 36.36%      
client [55] (testset)   loss: 1.5004 -> 0.8044  accuracy: 83.78% -> 83.78%     
client [12] (testset)   loss: 2.6875 -> 1.2339  accuracy: 0.00% -> 61.11%      
client [89] (testset)   loss: 2.2763 -> 1.1967  accuracy: 0.00% -> 40.00%      
---------------------------- TRAINING EPOCH: 170 ----------------------------  
client [84] (testset)   loss: 1.8999 -> 1.5995  accuracy: 40.23% -> 40.23%     
client [51] (testset)   loss: 1.3286 -> 1.0411  accuracy: 80.00% -> 80.00%     
client [8]  (testset)   loss: 1.9133 -> 1.0399  accuracy: 54.17% -> 54.17%     
client [18] (testset)   loss: 0.2217 -> 0.1819  accuracy: 97.37% -> 97.37%     
client [94] (testset)   loss: 1.3949 -> 2.0733  accuracy: 83.33% -> 83.33%     
client [81] (testset)   loss: 0.8611 -> 0.5325  accuracy: 80.58% -> 80.58%     
client [3]  (testset)   loss: 2.1154 -> 1.7157  accuracy: 17.65% -> 17.65%     
client [11] (testset)   loss: 1.1838 -> 0.5489  accuracy: 85.71% -> 85.71%     
client [95] (testset)   loss: 2.0335 -> 1.3281  accuracy: 7.14% -> 46.43%      
client [67] (testset)   loss: 1.4957 -> 0.5997  accuracy: 5.71% -> 85.71%      
---------------------------- TRAINING EPOCH: 180 ----------------------------  
client [21] (testset)   loss: 2.8610 -> 0.7529  accuracy: 0.00% -> 74.07%      
client [79] (testset)   loss: 1.2066 -> 0.7515  accuracy: 64.00% -> 64.00%     
client [58] (testset)   loss: 0.6602 -> 0.4944  accuracy: 86.70% -> 86.70%     
client [88] (testset)   loss: 0.8414 -> 0.5112  accuracy: 87.41% -> 87.41%     
client [46] (testset)   loss: 1.9356 -> 0.9674  accuracy: 0.00% -> 64.47%      
client [11] (testset)   loss: 1.9591 -> 0.4688  accuracy: 85.71% -> 85.71%     
client [55] (testset)   loss: 2.0686 -> 0.8644  accuracy: 2.70% -> 83.78%      
client [13] (testset)   loss: 2.1999 -> 1.6292  accuracy: 46.03% -> 46.03%     
client [31] (testset)   loss: 1.8148 -> 0.6208  accuracy: 85.14% -> 85.14%     
client [75] (testset)   loss: 2.4226 -> 0.2221  accuracy: 0.00% -> 100.00%     
---------------------------- TRAINING EPOCH: 190 ----------------------------  
client [19] (testset)   loss: 1.5469 -> 0.5942  accuracy: 80.00% -> 80.00%     
client [7]  (testset)   loss: 0.1412 -> 0.1243  accuracy: 97.73% -> 97.73%     
client [57] (testset)   loss: 1.7494 -> 1.3016  accuracy: 40.91% -> 40.91%     
client [13] (testset)   loss: 2.1578 -> 1.5607  accuracy: 17.46% -> 46.03%     
client [43] (testset)   loss: 1.9321 -> 0.7174  accuracy: 5.56% -> 83.33%      
client [91] (testset)   loss: 2.3768 -> 2.4287  accuracy: 16.67% -> 16.67%     
client [10] (testset)   loss: 2.0747 -> 1.4911  accuracy: 46.88% -> 46.88%     
client [64] (testset)   loss: 1.6970 -> 1.4103  accuracy: 50.00% -> 0.00%      
client [82] (testset)   loss: 1.7213 -> 0.8855  accuracy: 14.29% -> 69.05%     
client [22] (testset)   loss: 1.8974 -> 0.9817  accuracy: 42.37% -> 52.54%     
---------------------------- TRAINING EPOCH: 200 ----------------------------  
client [20] (testset)   loss: 2.7708 -> 1.2086  accuracy: 37.50% -> 37.50%     
client [23] (testset)   loss: 2.7952 -> 1.7921  accuracy: 0.00% -> 39.13%      
client [88] (testset)   loss: 3.0521 -> 0.4702  accuracy: 0.00% -> 87.41%      
client [98] (testset)   loss: 0.3683 -> 0.2704  accuracy: 100.00% -> 100.00%   
client [79] (testset)   loss: 1.6589 -> 0.7422  accuracy: 36.00% -> 64.00%     
client [21] (testset)   loss: 1.9289 -> 0.9404  accuracy: 22.22% -> 74.07%     
client [92] (testset)   loss: 2.1898 -> 1.2683  accuracy: 12.24% -> 55.10%     
client [56] (testset)   loss: 1.6078 -> 0.7172  accuracy: 79.34% -> 79.34%     
client [5]  (testset)   loss: 0.5570 -> 0.5405  accuracy: 90.00% -> 90.00%     
client [52] (testset)   loss: 1.8419 -> 1.0072  accuracy: 65.62% -> 28.12%     
FedDpag's average time taken by each global epoch: 0 min 1.06 sec.             
FedDpag's total running time: 0 h 3 m 35 s.                                    
==================== FedDpag Experiment Results: ====================          
Display format: (before local fine-tuning) -> (after local fine-tuning)        
 So if finetune_epoch = 0, x.xx% -> 0.00% is normal.                           
 Centralized testing ONLY happens after model aggregation, so the stats between
'->' are the same.                                                             
{                                                                              
    "100": {                                                                   
        "all_clients": {                                                       
            "test": {                                                          
                "loss": "1.5184 -> 0.0000",                                    
                "accuracy": "48.97% -> 0.00%"                                  
            }                                                                  
        }                                                                      
    },                                                                         
    "200": {                                                                   
        "all_clients": {                                                       
            "test": {                                                          
                "loss": "1.5552 -> 0.0000",                                    
                "accuracy": "53.19% -> 0.00%"                                  
            }                                                                  
        }                                                                      
    }                                                                          
}                                                                              
==================== FedDpag Max Accuracy ====================                 
all_clients:                                                                   
(test) before fine-tuning: 53.19% at epoch 200                                 
(test) after fine-tuning: 0.00% at epoch 100                                   
