==================== FedFew ====================                               
Experiment Arguments:                                                          
{
    'method': 'fedfew',
    'dataset': {
        'name': 'fmnist',
        'client_num': 100,
        'test_ratio': 0.25,
        'val_ratio': 0.0,
        'seed': 42,
        'split': 'sample',
        'IID_ratio': 0.0,
        'monitor_window_name_suffix': 'fmnist-100clients-0%IID-Dir(0.1)-seed42',
        'alpha': 0.1,
        'min_samples_per_client': 10
    },
    'model': {
        'name': 'avgcnn',
        'use_torchvision_pretrained_weights': True,
        'external_model_weights_path': None
    },
    'optimizer': {
        'lr': 0.01,
        'dampening': 0,
        'weight_decay': 0,
        'momentum': 0.7,
        'nesterov': False,
        'name': 'sgd'
    },
    'mode': 'serial',
    'parallel': {
        'ray_cluster_addr': None,
        'num_cpus': None,
        'num_gpus': None,
        'num_workers': 2
    },
    'common': {
        'seed': 42,
        'join_ratio': 0.1,
        'global_epoch': 200,
        'local_epoch': 5,
        'batch_size': 32,
        'reset_optimizer_on_global_epoch': True,
        'straggler_ratio': 0,
        'straggler_min_local_epoch': 0,
        'buffers': 'global',
        'client_side_evaluation': True,
        'test': {
            'client': {
                'interval': 100,
                'finetune_epoch': 0,
                'train': False,
                'val': False,
                'test': True
            },
            'server': {
                'interval': -1,
                'train': False,
                'val': False,
                'test': True,
                'model_in_train_mode': False
            }
        },
        'verbose_gap': 10,
        'monitor': None,
        'use_cuda': True,
        'save_log': True,
        'save_model': False,
        'save_learning_curve_plot': True,
        'save_metrics': True,
        'delete_useless_run': True
    },
    'fedprox': {
        'mu': 0.01
    },
    'pfedsim': {
        'warmup_round': 0.5
    },
    'fedfew': {
        'ig_ratio': 0.995,
        'alpha': 0.5,
        'norm': 'global',
        'EMA': False,
        'track': False,
        'type': 'Main'
    }
}
---------------------------- TRAINING EPOCH: 10 ----------------------------   
client [77] (testset)   loss: 0.0996 -> 0.0586  accuracy: 96.89% -> 97.93%     
client [81] (testset)   loss: 0.0655 -> 0.0600  accuracy: 100.00% -> 98.15%    
client [21] (testset)   loss: 0.5229 -> 0.3111  accuracy: 82.61% -> 88.82%     
client [68] (testset)   loss: 0.1694 -> 0.1744  accuracy: 93.64% -> 93.64%     
client [93] (testset)   loss: 0.0625 -> 0.0214  accuracy: 100.00% -> 100.00%   
client [31] (testset)   loss: 0.3134 -> 0.2733  accuracy: 90.77% -> 89.23%     
client [20] (testset)   loss: 0.0678 -> 0.0500  accuracy: 98.39% -> 98.39%     
client [59] (testset)   loss: 0.7132 -> 0.4014  accuracy: 83.94% -> 89.05%     
client [48] (testset)   loss: 0.0708 -> 0.0184  accuracy: 100.00% -> 100.00%   
client [34] (testset)   loss: 0.3352 -> 0.2346  accuracy: 84.62% -> 96.15%     
---------------------------- TRAINING EPOCH: 20 ----------------------------   
client [69] (testset)   loss: 0.2750 -> 0.2028  accuracy: 89.51% -> 95.68%     
client [99] (testset)   loss: 0.0886 -> 0.0787  accuracy: 97.89% -> 98.16%     
client [67] (testset)   loss: 0.1953 -> 0.1490  accuracy: 94.50% -> 94.85%     
client [0]  (testset)   loss: 0.2112 -> 0.2941  accuracy: 91.84% -> 87.76%     
client [76] (testset)   loss: 0.3193 -> 0.3636  accuracy: 86.67% -> 86.67%     
client [41] (testset)   loss: 0.2521 -> 0.2208  accuracy: 91.53% -> 91.53%     
client [62] (testset)   loss: 0.8758 -> 0.2929  accuracy: 75.00% -> 90.00%     
client [2]  (testset)   loss: 0.8669 -> 0.0209  accuracy: 78.99% -> 99.56%     
client [14] (testset)   loss: 0.4051 -> 0.3358  accuracy: 86.67% -> 88.10%     
client [46] (testset)   loss: 0.3160 -> 0.3558  accuracy: 90.62% -> 90.62%     
---------------------------- TRAINING EPOCH: 30 ----------------------------   
client [24] (testset)   loss: 0.3666 -> 0.3573  accuracy: 85.14% -> 87.43%     
client [68] (testset)   loss: 0.1618 -> 0.1283  accuracy: 92.73% -> 93.64%     
client [57] (testset)   loss: 0.0418 -> 0.0286  accuracy: 98.91% -> 99.64%     
client [17] (testset)   loss: 0.1651 -> 0.1477  accuracy: 94.65% -> 95.19%     
client [54] (testset)   loss: 0.2337 -> 0.2495  accuracy: 88.31% -> 85.71%     
client [23] (testset)   loss: 0.3398 -> 0.1199  accuracy: 91.92% -> 96.97%     
client [35] (testset)   loss: 0.0467 -> 0.0197  accuracy: 98.65% -> 100.00%    
client [59] (testset)   loss: 0.3724 -> 0.4150  accuracy: 88.32% -> 86.86%     
client [31] (testset)   loss: 0.1973 -> 0.2338  accuracy: 93.85% -> 92.31%     
client [9]  (testset)   loss: 0.1151 -> 0.1094  accuracy: 95.49% -> 96.53%     
---------------------------- TRAINING EPOCH: 40 ----------------------------   
client [64] (testset)   loss: 0.1200 -> 0.1513  accuracy: 94.74% -> 92.48%     
client [33] (testset)   loss: 0.1071 -> 0.0476  accuracy: 97.08% -> 97.66%     
client [16] (testset)   loss: 0.0378 -> 0.0204  accuracy: 98.33% -> 99.17%     
client [44] (testset)   loss: 0.1207 -> 0.0614  accuracy: 97.17% -> 98.11%     
client [8]  (testset)   loss: 0.2629 -> 0.2372  accuracy: 91.07% -> 90.77%     
client [31] (testset)   loss: 0.1692 -> 0.2325  accuracy: 93.85% -> 90.77%     
client [47] (testset)   loss: 0.1032 -> 0.0974  accuracy: 95.87% -> 96.52%     
client [36] (testset)   loss: 0.2079 -> 0.1683  accuracy: 93.76% -> 94.58%     
client [20] (testset)   loss: 0.0619 -> 0.0397  accuracy: 98.39% -> 99.19%     
client [56] (testset)   loss: 0.3534 -> 0.3598  accuracy: 87.39% -> 84.87%     
---------------------------- TRAINING EPOCH: 50 ----------------------------   
client [4]  (testset)   loss: 0.0770 -> 0.1006  accuracy: 97.69% -> 98.46%     
client [60] (testset)   loss: 0.1924 -> 0.1405  accuracy: 94.83% -> 96.31%     
client [28] (testset)   loss: 0.0103 -> 0.0184  accuracy: 100.00% -> 98.21%    
client [25] (testset)   loss: 0.0518 -> 0.0829  accuracy: 98.08% -> 97.12%     
client [58] (testset)   loss: 0.0822 -> 0.0983  accuracy: 97.96% -> 96.94%     
client [44] (testset)   loss: 0.0750 -> 0.1029  accuracy: 97.17% -> 95.28%     
client [39] (testset)   loss: 0.0227 -> 0.0059  accuracy: 100.00% -> 100.00%   
client [29] (testset)   loss: 0.2125 -> 0.2648  accuracy: 88.61% -> 87.34%     
client [3]  (testset)   loss: 0.1423 -> 0.1458  accuracy: 93.77% -> 95.72%     
client [84] (testset)   loss: 0.0296 -> 0.0085  accuracy: 98.77% -> 100.00%    
---------------------------- TRAINING EPOCH: 60 ----------------------------   
client [21] (testset)   loss: 0.1751 -> 0.1647  accuracy: 93.79% -> 94.41%     
client [84] (testset)   loss: 0.0066 -> 0.0058  accuracy: 100.00% -> 100.00%   
client [10] (testset)   loss: 0.0293 -> 0.0240  accuracy: 98.53% -> 98.53%     
client [36] (testset)   loss: 0.1569 -> 0.1581  accuracy: 95.40% -> 95.40%     
client [65] (testset)   loss: 0.2130 -> 0.2202  accuracy: 90.62% -> 90.62%     
client [81] (testset)   loss: 0.0170 -> 0.0496  accuracy: 100.00% -> 98.15%    
client [79] (testset)   loss: 0.1952 -> 0.3283  accuracy: 92.61% -> 89.66%     
client [42] (testset)   loss: 0.0525 -> 0.0544  accuracy: 98.67% -> 98.79%     
client [11] (testset)   loss: 0.3033 -> 0.3165  accuracy: 88.34% -> 85.65%     
client [96] (testset)   loss: 0.1781 -> 0.2091  accuracy: 95.62% -> 92.70%     
---------------------------- TRAINING EPOCH: 70 ----------------------------   
client [8]  (testset)   loss: 0.2567 -> 0.2150  accuracy: 93.45% -> 92.56%     
client [53] (testset)   loss: 0.0098 -> 0.0040  accuracy: 99.40% -> 100.00%    
client [52] (testset)   loss: 0.1330 -> 0.1816  accuracy: 93.22% -> 91.53%     
client [42] (testset)   loss: 0.0518 -> 0.0565  accuracy: 98.79% -> 98.79%     
client [69] (testset)   loss: 0.1382 -> 0.1603  accuracy: 95.68% -> 95.68%     
client [59] (testset)   loss: 0.3544 -> 0.3403  accuracy: 91.24% -> 89.78%     
client [7]  (testset)   loss: 0.0302 -> 0.0288  accuracy: 99.13% -> 99.13%     
client [26] (testset)   loss: 0.0585 -> 0.0680  accuracy: 98.09% -> 97.62%     
client [49] (testset)   loss: 0.0267 -> 0.0266  accuracy: 99.14% -> 99.57%     
client [98] (testset)   loss: 0.4973 -> 0.4824  accuracy: 91.49% -> 91.49%     
---------------------------- TRAINING EPOCH: 80 ----------------------------   
client [98] (testset)   loss: 0.4616 -> 0.5900  accuracy: 93.62% -> 85.11%     
client [47] (testset)   loss: 0.0935 -> 0.0882  accuracy: 96.52% -> 97.39%     
client [21] (testset)   loss: 0.1556 -> 0.1789  accuracy: 95.03% -> 94.41%     
client [77] (testset)   loss: 0.0181 -> 0.0160  accuracy: 100.00% -> 100.00%   
client [95] (testset)   loss: 0.1873 -> 0.1700  accuracy: 94.44% -> 94.44%     
client [91] (testset)   loss: 0.0924 -> 0.1026  accuracy: 92.31% -> 92.31%     
client [14] (testset)   loss: 0.3144 -> 0.3139  accuracy: 89.29% -> 90.00%     
client [99] (testset)   loss: 0.0507 -> 0.0515  accuracy: 98.42% -> 98.42%     
client [20] (testset)   loss: 0.0420 -> 0.0459  accuracy: 99.19% -> 99.19%     
client [39] (testset)   loss: 0.0048 -> 0.0023  accuracy: 100.00% -> 100.00%   
---------------------------- TRAINING EPOCH: 90 ----------------------------   
client [52] (testset)   loss: 0.1129 -> 0.1175  accuracy: 94.92% -> 94.92%     
client [62] (testset)   loss: 0.3326 -> 0.3432  accuracy: 90.00% -> 90.00%     
client [71] (testset)   loss: 0.0759 -> 0.0746  accuracy: 96.74% -> 96.74%     
client [97] (testset)   loss: 0.0460 -> 0.0576  accuracy: 98.70% -> 98.70%     
client [30] (testset)   loss: 0.1161 -> 0.1383  accuracy: 98.08% -> 96.15%     
client [88] (testset)   loss: 0.2880 -> 0.3132  accuracy: 86.59% -> 86.59%     
client [60] (testset)   loss: 0.1186 -> 0.1300  accuracy: 95.57% -> 95.94%     
client [82] (testset)   loss: 0.0900 -> 0.0928  accuracy: 98.97% -> 98.97%     
client [91] (testset)   loss: 0.0595 -> 0.0686  accuracy: 100.00% -> 92.31%    
client [57] (testset)   loss: 0.0269 -> 0.0250  accuracy: 99.64% -> 99.64%     
---------------------------- TRAINING EPOCH: 100 ----------------------------  
client [31] (testset)   loss: 0.1348 -> 0.1456  accuracy: 92.31% -> 89.23%     
client [15] (testset)   loss: 0.2082 -> 0.2254  accuracy: 92.50% -> 92.19%     
client [71] (testset)   loss: 0.0763 -> 0.0842  accuracy: 96.74% -> 96.74%     
client [97] (testset)   loss: 0.0446 -> 0.0520  accuracy: 98.70% -> 98.70%     
client [53] (testset)   loss: 0.0092 -> 0.0100  accuracy: 99.70% -> 99.70%     
client [77] (testset)   loss: 0.0160 -> 0.0146  accuracy: 99.48% -> 100.00%    
client [76] (testset)   loss: 0.1915 -> 0.2001  accuracy: 93.33% -> 86.67%     
client [79] (testset)   loss: 0.1856 -> 0.2204  accuracy: 92.12% -> 92.61%     
client [28] (testset)   loss: 0.0177 -> 0.0144  accuracy: 98.21% -> 98.21%     
client [99] (testset)   loss: 0.0420 -> 0.0532  accuracy: 98.68% -> 98.42%     
---------------------------- TRAINING EPOCH: 110 ----------------------------  
client [97] (testset)   loss: 0.0455 -> 0.0531  accuracy: 99.13% -> 98.70%     
client [86] (testset)   loss: 0.0364 -> 0.0385  accuracy: 100.00% -> 100.00%   
client [34] (testset)   loss: 0.2276 -> 0.2391  accuracy: 96.15% -> 96.15%     
client [73] (testset)   loss: 0.0204 -> 0.0161  accuracy: 100.00% -> 100.00%   
client [5]  (testset)   loss: 0.1024 -> 0.1113  accuracy: 96.19% -> 96.19%     
client [96] (testset)   loss: 0.1976 -> 0.2112  accuracy: 93.43% -> 91.97%     
client [22] (testset)   loss: 0.0227 -> 0.0172  accuracy: 98.97% -> 100.00%    
client [60] (testset)   loss: 0.1251 -> 0.1364  accuracy: 95.94% -> 95.94%     
client [66] (testset)   loss: 0.0975 -> 0.1042  accuracy: 96.41% -> 95.62%     
client [83] (testset)   loss: 0.0150 -> 0.0126  accuracy: 99.36% -> 99.36%     
---------------------------- TRAINING EPOCH: 120 ----------------------------  
client [76] (testset)   loss: 0.2167 -> 0.2275  accuracy: 86.67% -> 86.67%     
client [65] (testset)   loss: 0.3079 -> 0.3195  accuracy: 90.62% -> 90.62%     
client [95] (testset)   loss: 0.1614 -> 0.2034  accuracy: 94.44% -> 94.44%     
client [17] (testset)   loss: 0.0936 -> 0.0873  accuracy: 96.26% -> 97.33%     
client [8]  (testset)   loss: 0.2332 -> 0.1993  accuracy: 93.15% -> 92.26%     
client [35] (testset)   loss: 0.0349 -> 0.0308  accuracy: 98.65% -> 98.65%     
client [98] (testset)   loss: 0.4941 -> 0.5030  accuracy: 91.49% -> 89.36%     
client [53] (testset)   loss: 0.0068 -> 0.0069  accuracy: 99.70% -> 99.70%     
client [43] (testset)   loss: 0.0588 -> 0.0480  accuracy: 98.46% -> 98.46%     
client [64] (testset)   loss: 0.1099 -> 0.1595  accuracy: 94.74% -> 94.74%     
---------------------------- TRAINING EPOCH: 130 ----------------------------  
client [21] (testset)   loss: 0.1605 -> 0.1789  accuracy: 95.03% -> 93.17%     
client [88] (testset)   loss: 0.3235 -> 0.3287  accuracy: 90.24% -> 90.24%     
client [38] (testset)   loss: 0.2701 -> 0.3621  accuracy: 92.21% -> 90.91%     
client [3]  (testset)   loss: 0.1170 -> 0.1409  accuracy: 97.28% -> 96.11%     
client [5]  (testset)   loss: 0.0996 -> 0.1161  accuracy: 96.67% -> 96.19%     
client [41] (testset)   loss: 0.1717 -> 0.1559  accuracy: 94.76% -> 95.56%     
client [7]  (testset)   loss: 0.0210 -> 0.0233  accuracy: 99.13% -> 99.13%     
client [37] (testset)   loss: 0.1029 -> 0.1535  accuracy: 95.65% -> 95.65%     
client [45] (testset)   loss: 0.3007 -> 0.3113  accuracy: 89.19% -> 89.19%     
client [47] (testset)   loss: 0.1289 -> 0.0929  accuracy: 96.30% -> 96.96%     
---------------------------- TRAINING EPOCH: 140 ----------------------------  
client [16] (testset)   loss: 0.0173 -> 0.0125  accuracy: 99.17% -> 99.17%     
client [11] (testset)   loss: 0.3540 -> 0.3491  accuracy: 88.34% -> 88.79%     
client [37] (testset)   loss: 0.1215 -> 0.1454  accuracy: 95.65% -> 95.65%     
client [41] (testset)   loss: 0.1769 -> 0.1743  accuracy: 94.76% -> 95.16%     
client [95] (testset)   loss: 0.2013 -> 0.2153  accuracy: 94.44% -> 94.44%     
client [53] (testset)   loss: 0.0069 -> 0.0053  accuracy: 99.70% -> 99.70%     
client [22] (testset)   loss: 0.0234 -> 0.0135  accuracy: 98.97% -> 100.00%    
client [25] (testset)   loss: 0.0360 -> 0.0549  accuracy: 99.04% -> 98.08%     
client [69] (testset)   loss: 0.1421 -> 0.1675  accuracy: 96.30% -> 95.68%     
client [46] (testset)   loss: 0.2472 -> 0.2113  accuracy: 91.67% -> 91.67%     
---------------------------- TRAINING EPOCH: 150 ----------------------------  
client [47] (testset)   loss: 0.1001 -> 0.1112  accuracy: 97.17% -> 97.17%     
client [69] (testset)   loss: 0.1622 -> 0.1786  accuracy: 96.30% -> 95.68%     
client [82] (testset)   loss: 0.0990 -> 0.1053  accuracy: 98.97% -> 98.97%     
client [45] (testset)   loss: 0.3484 -> 0.3446  accuracy: 89.19% -> 89.19%     
client [7]  (testset)   loss: 0.0216 -> 0.0362  accuracy: 99.56% -> 98.25%     
client [50] (testset)   loss: 0.0160 -> 0.0097  accuracy: 99.43% -> 99.72%     
client [35] (testset)   loss: 0.0154 -> 0.0166  accuracy: 98.65% -> 98.65%     
client [24] (testset)   loss: 0.3174 -> 0.4666  accuracy: 89.71% -> 83.43%     
client [15] (testset)   loss: 0.2305 -> 0.2193  accuracy: 93.75% -> 93.44%     
client [58] (testset)   loss: 0.0416 -> 0.0525  accuracy: 98.47% -> 98.47%     
---------------------------- TRAINING EPOCH: 160 ----------------------------  
client [48] (testset)   loss: 0.0009 -> 0.0008  accuracy: 100.00% -> 100.00%   
client [76] (testset)   loss: 0.1941 -> 0.2045  accuracy: 86.67% -> 86.67%     
client [67] (testset)   loss: 0.1653 -> 0.1834  accuracy: 95.19% -> 96.56%     
client [37] (testset)   loss: 0.1220 -> 0.1536  accuracy: 96.74% -> 95.65%     
client [58] (testset)   loss: 0.0521 -> 0.0534  accuracy: 97.96% -> 97.96%     
client [64] (testset)   loss: 0.1401 -> 0.1528  accuracy: 93.23% -> 93.98%     
client [77] (testset)   loss: 0.0103 -> 0.0114  accuracy: 100.00% -> 100.00%   
client [55] (testset)   loss: 0.0008 -> 0.0002  accuracy: 100.00% -> 100.00%   
client [12] (testset)   loss: 0.1883 -> 0.1929  accuracy: 95.62% -> 95.97%     
client [89] (testset)   loss: 0.2327 -> 0.2551  accuracy: 94.74% -> 94.74%     
---------------------------- TRAINING EPOCH: 170 ----------------------------  
client [84] (testset)   loss: 0.0097 -> 0.0045  accuracy: 100.00% -> 100.00%   
client [51] (testset)   loss: 0.0133 -> 0.0118  accuracy: 99.02% -> 99.51%     
client [8]  (testset)   loss: 0.2205 -> 0.1913  accuracy: 93.45% -> 93.75%     
client [18] (testset)   loss: 0.0196 -> 0.0199  accuracy: 99.00% -> 99.00%     
client [94] (testset)   loss: 0.0830 -> 0.0728  accuracy: 96.95% -> 97.71%     
client [81] (testset)   loss: 0.0014 -> 0.0016  accuracy: 100.00% -> 100.00%   
client [3]  (testset)   loss: 0.2007 -> 0.1566  accuracy: 94.16% -> 95.33%     
client [11] (testset)   loss: 0.4120 -> 0.4175  accuracy: 87.89% -> 88.34%     
client [95] (testset)   loss: 0.1958 -> 0.1911  accuracy: 94.44% -> 94.44%     
client [67] (testset)   loss: 0.1656 -> 0.2012  accuracy: 95.88% -> 94.50%     
---------------------------- TRAINING EPOCH: 180 ----------------------------  
client [21] (testset)   loss: 0.1565 -> 0.2196  accuracy: 93.79% -> 93.17%     
client [79] (testset)   loss: 0.2446 -> 0.3077  accuracy: 93.10% -> 91.13%     
client [58] (testset)   loss: 0.0461 -> 0.0539  accuracy: 98.98% -> 97.96%     
client [88] (testset)   loss: 0.3493 -> 0.3589  accuracy: 90.24% -> 87.80%     
client [46] (testset)   loss: 0.2137 -> 0.3037  accuracy: 91.67% -> 87.50%     
client [11] (testset)   loss: 0.4572 -> 0.3811  accuracy: 89.69% -> 88.34%     
client [55] (testset)   loss: 0.0004 -> 0.0002  accuracy: 100.00% -> 100.00%   
client [13] (testset)   loss: 0.4592 -> 0.4677  accuracy: 88.14% -> 87.82%     
client [31] (testset)   loss: 0.1145 -> 0.1268  accuracy: 95.38% -> 93.85%     
client [75] (testset)   loss: 0.3462 -> 0.3357  accuracy: 90.43% -> 90.91%     
---------------------------- TRAINING EPOCH: 190 ----------------------------  
client [19] (testset)   loss: 0.2449 -> 0.2318  accuracy: 93.22% -> 91.53%     
client [7]  (testset)   loss: 0.0236 -> 0.0230  accuracy: 99.13% -> 99.13%     
client [57] (testset)   loss: 0.0230 -> 0.0235  accuracy: 99.64% -> 99.64%     
client [13] (testset)   loss: 0.4650 -> 0.6084  accuracy: 87.82% -> 88.46%     
client [43] (testset)   loss: 0.0548 -> 0.0523  accuracy: 96.92% -> 96.92%     
client [91] (testset)   loss: 0.0343 -> 0.0353  accuracy: 100.00% -> 100.00%   
client [10] (testset)   loss: 0.0082 -> 0.0114  accuracy: 100.00% -> 100.00%   
client [64] (testset)   loss: 0.1296 -> 0.1635  accuracy: 94.74% -> 93.98%     
client [82] (testset)   loss: 0.1117 -> 0.1164  accuracy: 98.97% -> 98.97%     
client [22] (testset)   loss: 0.0195 -> 0.0129  accuracy: 98.97% -> 100.00%    
---------------------------- TRAINING EPOCH: 200 ----------------------------  
client [20] (testset)   loss: 0.0519 -> 0.0522  accuracy: 99.19% -> 99.19%     
client [23] (testset)   loss: 0.1277 -> 0.1839  accuracy: 94.95% -> 93.94%     
client [88] (testset)   loss: 0.3431 -> 0.3942  accuracy: 90.24% -> 91.46%     
client [98] (testset)   loss: 0.5863 -> 0.5910  accuracy: 91.49% -> 91.49%     
client [79] (testset)   loss: 0.2543 -> 0.2393  accuracy: 93.10% -> 92.61%     
client [21] (testset)   loss: 0.1528 -> 0.1797  accuracy: 94.41% -> 94.41%     
client [92] (testset)   loss: 0.0462 -> 0.0500  accuracy: 97.08% -> 97.08%     
client [56] (testset)   loss: 0.3910 -> 0.4627  accuracy: 87.39% -> 91.60%     
client [5]  (testset)   loss: 0.1336 -> 0.1399  accuracy: 96.19% -> 96.19%     
client [52] (testset)   loss: 0.0856 -> 0.0952  accuracy: 94.92% -> 96.61%     
FedFew's average time taken by each global epoch: 0 min 2.54 sec.              
FedFew's total running time: 0 h 8 m 31 s.                                     
==================== FedFew Experiment Results: ====================           
Display format: (before local fine-tuning) -> (after local fine-tuning)        
 So if finetune_epoch = 0, x.xx% -> 0.00% is normal.                           
 Centralized testing ONLY happens after model aggregation, so the stats between
'->' are the same.                                                             
{                                                                              
    "100": {                                                                   
        "all_clients": {                                                       
            "test": {                                                          
                "loss": "0.1165 -> 0.0000",                                    
                "accuracy": "96.12% -> 0.00%"                                  
            }                                                                  
        }                                                                      
    },                                                                         
    "200": {                                                                   
        "all_clients": {                                                       
            "test": {                                                          
                "loss": "0.1397 -> 0.0000",                                    
                "accuracy": "96.35% -> 0.00%"                                  
            }                                                                  
        }                                                                      
    }                                                                          
}                                                                              
==================== FedFew Max Accuracy ====================                  
all_clients:                                                                   
(test) before fine-tuning: 96.35% at epoch 200                                 
(test) after fine-tuning: 0.00% at epoch 100                                   
