==================== FedDpag ====================                              
Experiment Arguments:                                                          
{
    'method': 'feddpag',
    'dataset': {
        'name': 'cifar100',
        'client_num': 100,
        'test_ratio': 0.25,
        'val_ratio': 0.0,
        'seed': 42,
        'split': 'sample',
        'IID_ratio': 0.0,
        'monitor_window_name_suffix': 'cifar100-100clients-0%IID-use20superclasses-Dir(0.1)-seed42',
        'super_class': False,
        'alpha': 0.1,
        'min_samples_per_client': 10
    },
    'model': {
        'name': 'avgcnn',
        'use_torchvision_pretrained_weights': True,
        'external_model_weights_path': None
    },
    'optimizer': {
        'lr': 0.01,
        'dampening': 0,
        'weight_decay': 0,
        'momentum': 0.7,
        'nesterov': False,
        'name': 'sgd'
    },
    'mode': 'parallel',
    'parallel': {
        'ray_cluster_addr': None,
        'num_cpus': 32.0,
        'num_gpus': 1.0,
        'num_workers': 2
    },
    'common': {
        'seed': 42,
        'join_ratio': 0.1,
        'global_epoch': 200,
        'local_epoch': 5,
        'batch_size': 32,
        'reset_optimizer_on_global_epoch': True,
        'straggler_ratio': 0,
        'straggler_min_local_epoch': 0,
        'buffers': 'global',
        'client_side_evaluation': True,
        'test': {
            'client': {
                'interval': 100,
                'finetune_epoch': 0,
                'train': False,
                'val': False,
                'test': True
            },
            'server': {
                'interval': -1,
                'train': False,
                'val': False,
                'test': True,
                'model_in_train_mode': False
            }
        },
        'verbose_gap': 10,
        'monitor': None,
        'use_cuda': True,
        'save_log': True,
        'save_model': False,
        'save_learning_curve_plot': True,
        'save_metrics': True,
        'delete_useless_run': True
    },
    'fedprox': {
        'mu': 0.01
    },
    'pfedsim': {
        'warmup_round': 0.5
    },
    'feddpag': {
        'fisher_threshold': 0.9997
    }
}
---------------------------- TRAINING EPOCH: 10 ----------------------------   
client [81] (testset)   loss: 3.3765 -> 2.6812  accuracy: 25.83% -> 45.70%     
client [77] (testset)   loss: 3.8881 -> 2.1425  accuracy: 10.11% -> 48.88%     
client [21] (testset)   loss: 3.9218 -> 2.4019  accuracy: 16.33% -> 38.10%     
client [68] (testset)   loss: 3.6063 -> 2.6159  accuracy: 15.97% -> 46.22%     
client [93] (testset)   loss: 3.9698 -> 3.3751  accuracy: 3.20% -> 32.80%      
client [31] (testset)   loss: 3.4987 -> 2.5170  accuracy: 23.16% -> 44.74%     
client [20] (testset)   loss: 3.3609 -> 2.2390  accuracy: 22.77% -> 50.00%     
client [48] (testset)   loss: 3.5738 -> 3.0485  accuracy: 15.76% -> 37.58%     
client [59] (testset)   loss: 4.2059 -> 2.3487  accuracy: 10.73% -> 39.91%     
client [34] (testset)   loss: 3.6799 -> 2.9205  accuracy: 14.92% -> 29.83%     
---------------------------- TRAINING EPOCH: 20 ----------------------------   
client [99] (testset)   loss: 4.2916 -> 4.0482  accuracy: 6.57% -> 29.20%      
client [69] (testset)   loss: 3.3189 -> 2.2485  accuracy: 24.19% -> 53.07%     
client [67] (testset)   loss: 3.8291 -> 2.7093  accuracy: 19.78% -> 43.96%     
client [0]  (testset)   loss: 3.9623 -> 2.8197  accuracy: 10.78% -> 51.96%     
client [76] (testset)   loss: 4.0257 -> 2.9437  accuracy: 12.29% -> 36.87%     
client [41] (testset)   loss: 4.0376 -> 2.6908  accuracy: 17.74% -> 40.32%     
client [2]  (testset)   loss: 4.1782 -> 3.6616  accuracy: 12.50% -> 31.25%     
client [62] (testset)   loss: 4.4185 -> 2.7448  accuracy: 10.68% -> 47.57%     
client [14] (testset)   loss: 4.2240 -> 3.2137  accuracy: 9.09% -> 35.06%      
client [46] (testset)   loss: 4.1619 -> 2.5137  accuracy: 19.05% -> 60.00%     
---------------------------- TRAINING EPOCH: 30 ----------------------------   
client [24] (testset)   loss: 3.6103 -> 2.8465  accuracy: 18.97% -> 46.55%     
client [68] (testset)   loss: 4.1791 -> 3.1742  accuracy: 11.34% -> 47.06%     
client [57] (testset)   loss: 3.2241 -> 2.3468  accuracy: 25.15% -> 56.44%     
client [17] (testset)   loss: 3.6627 -> 3.2768  accuracy: 15.79% -> 39.10%     
client [54] (testset)   loss: 3.6978 -> 3.6050  accuracy: 19.17% -> 44.17%     
client [23] (testset)   loss: 3.7373 -> 2.5006  accuracy: 12.73% -> 40.91%     
client [35] (testset)   loss: 4.3795 -> 2.8917  accuracy: 10.20% -> 46.94%     
client [59] (testset)   loss: 3.7469 -> 2.9905  accuracy: 20.60% -> 43.35%     
client [31] (testset)   loss: 3.1539 -> 2.7262  accuracy: 28.95% -> 46.32%     
client [9]  (testset)   loss: 3.9513 -> 2.7822  accuracy: 16.11% -> 44.30%     
---------------------------- TRAINING EPOCH: 40 ----------------------------   
client [33] (testset)   loss: 3.8095 -> 3.2318  accuracy: 13.76% -> 33.03%     
client [64] (testset)   loss: 3.8461 -> 2.6821  accuracy: 14.19% -> 47.30%     
client [16] (testset)   loss: 3.7792 -> 2.8727  accuracy: 20.66% -> 42.98%     
client [44] (testset)   loss: 3.7723 -> 2.8570  accuracy: 16.99% -> 45.75%     
client [8]  (testset)   loss: 3.3605 -> 3.0168  accuracy: 35.18% -> 51.26%     
client [31] (testset)   loss: 3.7098 -> 2.8368  accuracy: 24.74% -> 48.42%     
client [47] (testset)   loss: 3.6489 -> 2.9967  accuracy: 19.13% -> 45.22%     
client [36] (testset)   loss: 3.5157 -> 2.5991  accuracy: 25.66% -> 46.90%     
client [56] (testset)   loss: 2.7664 -> 2.2456  accuracy: 33.33% -> 57.14%     
client [20] (testset)   loss: 3.5711 -> 2.2589  accuracy: 17.82% -> 58.91%     
---------------------------- TRAINING EPOCH: 50 ----------------------------   
client [60] (testset)   loss: 4.2095 -> 2.8197  accuracy: 15.15% -> 43.94%     
client [4]  (testset)   loss: 3.7626 -> 2.2242  accuracy: 22.97% -> 54.73%     
client [28] (testset)   loss: 3.5176 -> 2.2799  accuracy: 26.61% -> 52.42%     
client [25] (testset)   loss: 3.8958 -> 2.1867  accuracy: 14.58% -> 58.33%     
client [58] (testset)   loss: 3.7046 -> 3.2172  accuracy: 20.77% -> 42.31%     
client [44] (testset)   loss: 3.5196 -> 2.9511  accuracy: 26.80% -> 45.75%     
client [39] (testset)   loss: 3.3124 -> 2.5356  accuracy: 28.14% -> 49.10%     
client [29] (testset)   loss: 3.8364 -> 2.9847  accuracy: 22.00% -> 42.00%     
client [3]  (testset)   loss: 2.9682 -> 2.2460  accuracy: 31.25% -> 53.12%     
client [84] (testset)   loss: 3.5559 -> 3.3561  accuracy: 24.15% -> 42.37%     
---------------------------- TRAINING EPOCH: 60 ----------------------------   
client [21] (testset)   loss: 3.7516 -> 2.4399  accuracy: 17.69% -> 46.94%     
client [84] (testset)   loss: 3.7487 -> 3.4856  accuracy: 21.19% -> 38.98%     
client [10] (testset)   loss: 3.7979 -> 2.9636  accuracy: 20.19% -> 44.23%     
client [65] (testset)   loss: 3.9019 -> 3.1000  accuracy: 20.00% -> 42.73%     
client [36] (testset)   loss: 3.5670 -> 2.6485  accuracy: 23.01% -> 46.90%     
client [81] (testset)   loss: 3.4486 -> 2.8289  accuracy: 28.48% -> 50.33%     
client [79] (testset)   loss: 2.9997 -> 2.1057  accuracy: 36.87% -> 61.45%     
client [42] (testset)   loss: 3.3566 -> 2.6349  accuracy: 33.56% -> 54.11%     
client [11] (testset)   loss: 3.4860 -> 2.7472  accuracy: 19.77% -> 51.98%     
client [96] (testset)   loss: 3.9876 -> 2.7230  accuracy: 15.61% -> 47.98%     
---------------------------- TRAINING EPOCH: 70 ----------------------------   
client [53] (testset)   loss: 3.2860 -> 2.3418  accuracy: 27.66% -> 48.94%     
client [8]  (testset)   loss: 3.5097 -> 3.0280  accuracy: 32.16% -> 48.74%     
client [52] (testset)   loss: 3.4617 -> 3.0186  accuracy: 27.61% -> 47.76%     
client [42] (testset)   loss: 3.1978 -> 2.7207  accuracy: 33.56% -> 54.11%     
client [69] (testset)   loss: 2.5203 -> 2.2417  accuracy: 41.88% -> 57.04%     
client [59] (testset)   loss: 4.0681 -> 3.1105  accuracy: 24.89% -> 42.49%     
client [26] (testset)   loss: 3.2939 -> 2.5196  accuracy: 20.35% -> 50.44%     
client [7]  (testset)   loss: 3.9230 -> 3.3121  accuracy: 21.49% -> 45.18%     
client [49] (testset)   loss: 3.1585 -> 2.5872  accuracy: 32.72% -> 59.26%     
client [98] (testset)   loss: 3.6713 -> 2.9928  accuracy: 25.35% -> 45.77%     
---------------------------- TRAINING EPOCH: 80 ----------------------------   
client [47] (testset)   loss: 3.9773 -> 2.9263  accuracy: 19.13% -> 45.22%     
client [98] (testset)   loss: 3.5767 -> 3.0970  accuracy: 24.65% -> 43.66%     
client [21] (testset)   loss: 3.6272 -> 2.3294  accuracy: 21.77% -> 49.66%     
client [77] (testset)   loss: 3.7552 -> 2.7029  accuracy: 20.79% -> 52.25%     
client [95] (testset)   loss: 3.8951 -> 3.3246  accuracy: 22.89% -> 45.78%     
client [91] (testset)   loss: 3.5866 -> 2.5655  accuracy: 25.00% -> 44.08%     
client [14] (testset)   loss: 3.0803 -> 2.6833  accuracy: 28.57% -> 44.16%     
client [99] (testset)   loss: 3.7834 -> 3.9306  accuracy: 20.44% -> 33.58%     
client [20] (testset)   loss: 3.1596 -> 2.3578  accuracy: 27.72% -> 60.40%     
client [39] (testset)   loss: 3.6455 -> 2.5422  accuracy: 28.14% -> 45.51%     
---------------------------- TRAINING EPOCH: 90 ----------------------------   
client [52] (testset)   loss: 3.6635 -> 2.7655  accuracy: 20.15% -> 50.00%     
client [62] (testset)   loss: 3.6470 -> 2.9461  accuracy: 27.18% -> 47.09%     
client [71] (testset)   loss: 3.4864 -> 3.1211  accuracy: 24.43% -> 40.46%     
client [97] (testset)   loss: 3.8728 -> 3.1642  accuracy: 24.76% -> 40.95%     
client [30] (testset)   loss: 3.7666 -> 3.3508  accuracy: 25.41% -> 39.78%     
client [88] (testset)   loss: 4.1622 -> 2.7385  accuracy: 18.99% -> 49.16%     
client [60] (testset)   loss: 4.3210 -> 4.0897  accuracy: 19.70% -> 39.39%     
client [82] (testset)   loss: 3.5412 -> 2.9885  accuracy: 34.88% -> 39.53%     
client [91] (testset)   loss: 3.5301 -> 2.6309  accuracy: 23.03% -> 41.45%     
client [57] (testset)   loss: 3.0109 -> 2.0102  accuracy: 35.58% -> 62.58%     
---------------------------- TRAINING EPOCH: 100 ----------------------------  
client [15] (testset)   loss: 3.7149 -> 2.8788  accuracy: 24.82% -> 43.07%     
client [31] (testset)   loss: 3.6343 -> 2.8629  accuracy: 28.95% -> 50.00%     
client [71] (testset)   loss: 4.0640 -> 3.1137  accuracy: 25.19% -> 38.17%     
client [97] (testset)   loss: 3.8742 -> 3.1420  accuracy: 27.62% -> 37.14%     
client [53] (testset)   loss: 3.3537 -> 2.6001  accuracy: 27.66% -> 49.65%     
client [77] (testset)   loss: 3.6286 -> 2.6625  accuracy: 29.21% -> 51.12%     
client [76] (testset)   loss: 3.9305 -> 2.6633  accuracy: 25.70% -> 40.22%     
client [79] (testset)   loss: 3.2511 -> 2.2178  accuracy: 37.43% -> 62.57%     
client [28] (testset)   loss: 3.3231 -> 2.2091  accuracy: 29.03% -> 56.45%     
client [99] (testset)   loss: 4.0759 -> 3.6990  accuracy: 19.71% -> 33.58%     
---------------------------- TRAINING EPOCH: 110 ----------------------------  
client [97] (testset)   loss: 3.5060 -> 3.0232  accuracy: 28.57% -> 40.95%     
client [86] (testset)   loss: 3.3013 -> 2.5793  accuracy: 32.20% -> 55.93%     
client [73] (testset)   loss: 3.7352 -> 2.9875  accuracy: 31.65% -> 48.92%     
client [34] (testset)   loss: 3.4974 -> 3.2350  accuracy: 28.18% -> 43.65%     
client [5]  (testset)   loss: 3.8092 -> 3.1216  accuracy: 20.25% -> 50.31%     
client [96] (testset)   loss: 4.0580 -> 2.9096  accuracy: 21.97% -> 48.55%     
client [60] (testset)   loss: 3.8111 -> 3.3314  accuracy: 21.21% -> 46.97%     
client [22] (testset)   loss: 4.1022 -> 3.6148  accuracy: 23.03% -> 41.45%     
client [83] (testset)   loss: 4.1632 -> 3.3269  accuracy: 21.71% -> 48.03%     
client [66] (testset)   loss: 3.6402 -> 2.9300  accuracy: 25.24% -> 48.06%     
---------------------------- TRAINING EPOCH: 120 ----------------------------  
client [65] (testset)   loss: 4.5611 -> 3.5457  accuracy: 23.64% -> 44.55%     
client [76] (testset)   loss: 4.0169 -> 2.7704  accuracy: 29.05% -> 41.90%     
client [95] (testset)   loss: 3.8480 -> 3.2854  accuracy: 27.11% -> 50.60%     
client [17] (testset)   loss: 4.1472 -> 3.6990  accuracy: 21.80% -> 39.85%     
client [8]  (testset)   loss: 3.6802 -> 3.4836  accuracy: 35.68% -> 48.74%     
client [35] (testset)   loss: 4.4297 -> 2.8560  accuracy: 21.94% -> 53.57%     
client [98] (testset)   loss: 4.0134 -> 3.0683  accuracy: 24.65% -> 44.37%     
client [53] (testset)   loss: 3.2086 -> 2.8758  accuracy: 34.75% -> 52.48%     
client [43] (testset)   loss: 4.5464 -> 3.3741  accuracy: 18.52% -> 42.96%     
client [64] (testset)   loss: 3.5975 -> 2.8942  accuracy: 22.30% -> 50.68%     
---------------------------- TRAINING EPOCH: 130 ----------------------------  
client [21] (testset)   loss: 3.5097 -> 2.8073  accuracy: 23.13% -> 46.94%     
client [88] (testset)   loss: 3.9708 -> 2.9882  accuracy: 22.91% -> 51.96%     
client [3]  (testset)   loss: 3.3228 -> 2.2430  accuracy: 32.81% -> 62.50%     
client [38] (testset)   loss: 4.1173 -> 2.9657  accuracy: 20.67% -> 53.63%     
client [41] (testset)   loss: 4.8160 -> 3.1725  accuracy: 17.74% -> 41.13%     
client [5]  (testset)   loss: 4.1446 -> 3.2410  accuracy: 23.31% -> 50.31%     
client [37] (testset)   loss: 3.8746 -> 3.1313  accuracy: 23.08% -> 46.15%     
client [7]  (testset)   loss: 4.2506 -> 3.1796  accuracy: 22.37% -> 47.37%     
client [47] (testset)   loss: 4.4210 -> 3.1950  accuracy: 20.87% -> 46.09%     
client [45] (testset)   loss: 3.8487 -> 2.5582  accuracy: 25.66% -> 48.23%     
---------------------------- TRAINING EPOCH: 140 ----------------------------  
client [16] (testset)   loss: 3.8338 -> 3.0465  accuracy: 27.27% -> 46.28%     
client [11] (testset)   loss: 3.7984 -> 3.1288  accuracy: 28.25% -> 52.54%     
client [37] (testset)   loss: 4.0328 -> 2.9508  accuracy: 22.12% -> 49.04%     
client [41] (testset)   loss: 4.6119 -> 3.2608  accuracy: 20.16% -> 43.55%     
client [95] (testset)   loss: 4.0450 -> 3.3927  accuracy: 25.30% -> 45.18%     
client [53] (testset)   loss: 3.5421 -> 3.0133  accuracy: 32.62% -> 48.94%     
client [25] (testset)   loss: 3.7187 -> 2.2519  accuracy: 28.12% -> 59.38%     
client [22] (testset)   loss: 3.8898 -> 3.5180  accuracy: 27.63% -> 39.47%     
client [46] (testset)   loss: 3.7961 -> 2.8781  accuracy: 25.71% -> 60.95%     
client [69] (testset)   loss: 3.6664 -> 2.2983  accuracy: 33.21% -> 58.12%     
---------------------------- TRAINING EPOCH: 150 ----------------------------  
client [47] (testset)   loss: 4.2158 -> 3.2062  accuracy: 26.96% -> 45.22%     
client [82] (testset)   loss: 4.1732 -> 4.1569  accuracy: 29.07% -> 41.86%     
client [69] (testset)   loss: 3.8298 -> 2.5043  accuracy: 34.30% -> 59.93%     
client [45] (testset)   loss: 4.0292 -> 3.0547  accuracy: 28.76% -> 47.79%     
client [7]  (testset)   loss: 4.5592 -> 3.3289  accuracy: 23.68% -> 43.42%     
client [50] (testset)   loss: 3.4628 -> 2.7268  accuracy: 35.00% -> 52.00%     
client [24] (testset)   loss: 4.3524 -> 3.5331  accuracy: 24.14% -> 43.10%     
client [35] (testset)   loss: 4.0329 -> 3.1055  accuracy: 28.06% -> 52.04%     
client [15] (testset)   loss: 3.7426 -> 3.1778  accuracy: 32.85% -> 40.88%     
client [58] (testset)   loss: 4.3177 -> 2.9832  accuracy: 23.08% -> 50.00%     
---------------------------- TRAINING EPOCH: 160 ----------------------------  
client [48] (testset)   loss: 4.0094 -> 3.2481  accuracy: 31.52% -> 47.88%     
client [76] (testset)   loss: 4.0734 -> 3.0002  accuracy: 29.05% -> 45.81%     
client [37] (testset)   loss: 4.1781 -> 3.2124  accuracy: 23.08% -> 48.08%     
client [67] (testset)   loss: 3.8914 -> 3.0979  accuracy: 30.22% -> 52.75%     
client [58] (testset)   loss: 4.5199 -> 3.4240  accuracy: 21.54% -> 44.62%     
client [64] (testset)   loss: 3.7876 -> 2.7883  accuracy: 26.35% -> 53.38%     
client [77] (testset)   loss: 4.4987 -> 3.2418  accuracy: 20.79% -> 51.69%     
client [55] (testset)   loss: 3.5327 -> 2.7131  accuracy: 38.41% -> 56.52%     
client [12] (testset)   loss: 3.3641 -> 2.4439  accuracy: 36.36% -> 63.64%     
client [89] (testset)   loss: 4.4555 -> 3.8481  accuracy: 22.93% -> 39.49%     
---------------------------- TRAINING EPOCH: 170 ----------------------------  
client [51] (testset)   loss: 3.9219 -> 3.1664  accuracy: 27.70% -> 47.30%     
client [84] (testset)   loss: 4.0256 -> 3.5501  accuracy: 28.39% -> 43.64%     
client [8]  (testset)   loss: 4.0508 -> 3.3330  accuracy: 31.66% -> 48.24%     
client [18] (testset)   loss: 3.2680 -> 2.7325  accuracy: 37.50% -> 54.69%     
client [94] (testset)   loss: 4.8874 -> 3.6428  accuracy: 23.85% -> 51.54%     
client [81] (testset)   loss: 3.6468 -> 3.0870  accuracy: 31.13% -> 50.33%     
client [3]  (testset)   loss: 3.1982 -> 2.3962  accuracy: 35.16% -> 62.50%     
client [11] (testset)   loss: 3.9795 -> 3.1516  accuracy: 31.64% -> 53.67%     
client [95] (testset)   loss: 4.1070 -> 3.4632  accuracy: 27.71% -> 45.18%     
client [67] (testset)   loss: 3.6672 -> 3.1079  accuracy: 34.07% -> 52.20%     
---------------------------- TRAINING EPOCH: 180 ----------------------------  
client [21] (testset)   loss: 4.0730 -> 2.7388  accuracy: 19.73% -> 44.22%     
client [79] (testset)   loss: 3.4685 -> 2.3117  accuracy: 40.78% -> 62.57%     
client [58] (testset)   loss: 4.1420 -> 3.1686  accuracy: 26.92% -> 46.92%     
client [88] (testset)   loss: 4.5330 -> 3.3341  accuracy: 17.88% -> 49.72%     
client [46] (testset)   loss: 3.9506 -> 3.3597  accuracy: 25.71% -> 57.14%     
client [55] (testset)   loss: 3.8824 -> 2.7978  accuracy: 32.61% -> 55.80%     
client [11] (testset)   loss: 3.8301 -> 2.9799  accuracy: 31.64% -> 54.80%     
client [13] (testset)   loss: 3.9588 -> 3.3028  accuracy: 35.09% -> 48.54%     
client [31] (testset)   loss: 3.9987 -> 3.3564  accuracy: 32.11% -> 47.89%     
client [75] (testset)   loss: 3.6564 -> 2.9315  accuracy: 36.32% -> 51.42%     
---------------------------- TRAINING EPOCH: 190 ----------------------------  
client [19] (testset)   loss: 4.3789 -> 3.6756  accuracy: 28.05% -> 44.51%     
client [7]  (testset)   loss: 5.2794 -> 3.8539  accuracy: 21.93% -> 44.74%     
client [57] (testset)   loss: 3.2257 -> 2.5161  accuracy: 40.49% -> 61.35%     
client [43] (testset)   loss: 5.1801 -> 3.7802  accuracy: 20.74% -> 37.04%     
client [13] (testset)   loss: 4.2092 -> 3.1110  accuracy: 29.24% -> 48.54%     
client [10] (testset)   loss: 4.1246 -> 3.3294  accuracy: 27.88% -> 52.88%     
client [91] (testset)   loss: 4.7676 -> 3.3906  accuracy: 23.68% -> 49.34%     
client [82] (testset)   loss: 4.2283 -> 4.9454  accuracy: 31.40% -> 40.70%     
client [64] (testset)   loss: 3.5264 -> 2.9627  accuracy: 29.73% -> 51.35%     
client [22] (testset)   loss: 4.6777 -> 4.2422  accuracy: 25.00% -> 41.45%     
---------------------------- TRAINING EPOCH: 200 ----------------------------  
client [23] (testset)   loss: 4.9304 -> 3.4245  accuracy: 30.91% -> 44.55%     
client [20] (testset)   loss: 4.5985 -> 2.8900  accuracy: 28.22% -> 59.41%     
client [88] (testset)   loss: 4.6924 -> 3.5483  accuracy: 27.37% -> 51.40%     
client [98] (testset)   loss: 4.0797 -> 3.1395  accuracy: 34.51% -> 47.18%     
client [79] (testset)   loss: 3.4700 -> 2.4476  accuracy: 43.02% -> 60.89%     
client [21] (testset)   loss: 4.7648 -> 3.3469  accuracy: 21.77% -> 47.62%     
client [56] (testset)   loss: 3.7393 -> 2.6383  accuracy: 36.90% -> 61.90%     
client [92] (testset)   loss: 4.5133 -> 3.7235  accuracy: 28.57% -> 39.80%     
client [52] (testset)   loss: 4.4442 -> 3.8257  accuracy: 29.10% -> 48.51%     
client [5]  (testset)   loss: 5.0985 -> 3.4269  accuracy: 23.93% -> 52.76%     
FedDpag's average time taken by each global epoch: 0 min 3.03 sec.             
FedDpag's total running time: 0 h 10 m 44 s.                                   
==================== FedDpag Experiment Results: ====================          
Display format: (before local fine-tuning) -> (after local fine-tuning)        
 So if finetune_epoch = 0, x.xx% -> 0.00% is normal.                           
 Centralized testing ONLY happens after model aggregation, so the stats between
'->' are the same.                                                             
{                                                                              
    "100": {                                                                   
        "all_clients": {                                                       
            "test": {                                                          
                "loss": "3.6073 -> 0.0000",                                    
                "accuracy": "28.02% -> 0.00%"                                  
            }                                                                  
        }                                                                      
    },                                                                         
    "200": {                                                                   
        "all_clients": {                                                       
            "test": {                                                          
                "loss": "4.4086 -> 0.0000",                                    
                "accuracy": "28.40% -> 0.00%"                                  
            }                                                                  
        }                                                                      
    }                                                                          
}                                                                              
==================== FedDpag Max Accuracy ====================                 
all_clients:                                                                   
(test) before fine-tuning: 28.40% at epoch 200                                 
(test) after fine-tuning: 0.00% at epoch 100                                   
