==================== FedDpag ====================                              
Experiment Arguments:                                                          
{
    'method': 'feddpag',
    'dataset': {
        'name': 'mnist',
        'client_num': 100,
        'test_ratio': 0.25,
        'val_ratio': 0.0,
        'seed': 42,
        'split': 'sample',
        'IID_ratio': 0.0,
        'monitor_window_name_suffix': 'mnist-100clients-0%IID-Dir(0.1)-seed42',
        'alpha': 0.1,
        'min_samples_per_client': 10
    },
    'model': {
        'name': 'avgcnn',
        'use_torchvision_pretrained_weights': True,
        'external_model_weights_path': None
    },
    'optimizer': {
        'lr': 0.01,
        'dampening': 0,
        'weight_decay': 0,
        'momentum': 0.7,
        'nesterov': False,
        'name': 'sgd'
    },
    'mode': 'serial',
    'parallel': {
        'ray_cluster_addr': None,
        'num_cpus': None,
        'num_gpus': None,
        'num_workers': 2
    },
    'common': {
        'seed': 42,
        'join_ratio': 0.1,
        'global_epoch': 400,
        'local_epoch': 5,
        'batch_size': 32,
        'reset_optimizer_on_global_epoch': True,
        'straggler_ratio': 0,
        'straggler_min_local_epoch': 0,
        'buffers': 'global',
        'client_side_evaluation': True,
        'test': {
            'client': {
                'interval': 100,
                'finetune_epoch': 0,
                'train': False,
                'val': False,
                'test': True
            },
            'server': {
                'interval': -1,
                'train': False,
                'val': False,
                'test': True,
                'model_in_train_mode': False
            }
        },
        'verbose_gap': 10,
        'monitor': None,
        'use_cuda': True,
        'save_log': True,
        'save_model': False,
        'save_learning_curve_plot': True,
        'save_metrics': True,
        'delete_useless_run': True
    },
    'fedprox': {
        'mu': 0.01
    },
    'pfedsim': {
        'warmup_round': 0.5
    },
    'feddpag': {
        'fisher_threshold': 0.6
    }
}
---------------------------- TRAINING EPOCH: 10 ----------------------------   
client [77] (testset)   loss: 0.3442 -> 0.0961  accuracy: 90.41% -> 97.95%     
client [81] (testset)   loss: 0.0969 -> 0.0295  accuracy: 97.53% -> 99.38%     
client [21] (testset)   loss: 1.5707 -> 0.1072  accuracy: 46.08% -> 96.08%     
client [68] (testset)   loss: 0.1802 -> 0.1160  accuracy: 96.61% -> 96.61%     
client [93] (testset)   loss: 0.2739 -> 0.0818  accuracy: 96.77% -> 96.77%     
client [31] (testset)   loss: 0.9181 -> 0.6656  accuracy: 71.43% -> 71.43%     
client [20] (testset)   loss: 0.3205 -> 0.1806  accuracy: 88.69% -> 94.12%     
client [59] (testset)   loss: 1.8735 -> 0.4301  accuracy: 62.50% -> 87.50%     
client [48] (testset)   loss: 0.1804 -> 0.0492  accuracy: 98.06% -> 98.06%     
client [34] (testset)   loss: 0.4082 -> 0.3956  accuracy: 83.33% -> 88.89%     
---------------------------- TRAINING EPOCH: 20 ----------------------------   
client [69] (testset)   loss: 0.0366 -> 0.0209  accuracy: 98.72% -> 99.09%     
client [99] (testset)   loss: 0.3636 -> 0.3394  accuracy: 90.48% -> 80.95%     
client [67] (testset)   loss: 0.0371 -> 0.0032  accuracy: 97.30% -> 100.00%    
client [0]  (testset)   loss: 0.1759 -> 0.0316  accuracy: 90.57% -> 100.00%    
client [76] (testset)   loss: 0.0882 -> 0.1463  accuracy: 97.40% -> 96.10%     
client [41] (testset)   loss: 0.0774 -> 0.0253  accuracy: 96.84% -> 98.95%     
client [62] (testset)   loss: 2.2346 -> 0.0926  accuracy: 44.20% -> 97.24%     
client [2]  (testset)   loss: 2.4959 -> 0.0528  accuracy: 40.11% -> 99.24%     
client [14] (testset)   loss: 0.1195 -> 0.0240  accuracy: 96.53% -> 99.31%     
client [46] (testset)   loss: 0.0858 -> 0.0500  accuracy: 98.20% -> 98.65%     
---------------------------- TRAINING EPOCH: 30 ----------------------------   
client [24] (testset)   loss: 0.1030 -> 0.1383  accuracy: 95.95% -> 95.95%     
client [68] (testset)   loss: 0.1307 -> 0.1043  accuracy: 98.31% -> 96.61%     
client [57] (testset)   loss: 0.0508 -> 0.0499  accuracy: 98.55% -> 99.03%     
client [17] (testset)   loss: 0.0460 -> 0.0334  accuracy: 98.44% -> 98.44%     
client [54] (testset)   loss: 0.1217 -> 0.3994  accuracy: 97.67% -> 93.02%     
client [23] (testset)   loss: 2.2296 -> 0.0855  accuracy: 48.57% -> 97.14%     
client [35] (testset)   loss: 0.1106 -> 0.0658  accuracy: 95.10% -> 96.08%     
client [59] (testset)   loss: 0.0638 -> 0.0424  accuracy: 100.00% -> 100.00%   
client [31] (testset)   loss: 0.2157 -> 0.3801  accuracy: 85.71% -> 85.71%     
client [9]  (testset)   loss: 0.0570 -> 0.0582  accuracy: 98.37% -> 97.72%     
---------------------------- TRAINING EPOCH: 40 ----------------------------   
client [64] (testset)   loss: 0.0333 -> 0.0172  accuracy: 98.61% -> 99.17%     
client [33] (testset)   loss: 0.0899 -> 0.0642  accuracy: 97.88% -> 99.02%     
client [16] (testset)   loss: 0.0423 -> 0.0054  accuracy: 98.57% -> 100.00%    
client [44] (testset)   loss: 0.3047 -> 0.0764  accuracy: 91.64% -> 97.91%     
client [8]  (testset)   loss: 0.0042 -> 0.0009  accuracy: 100.00% -> 100.00%   
client [31] (testset)   loss: 0.1729 -> 0.0987  accuracy: 85.71% -> 100.00%    
client [47] (testset)   loss: 0.0312 -> 0.0477  accuracy: 98.86% -> 98.86%     
client [36] (testset)   loss: 0.0802 -> 0.0538  accuracy: 98.48% -> 98.48%     
client [20] (testset)   loss: 0.2215 -> 0.1427  accuracy: 95.48% -> 96.38%     
client [56] (testset)   loss: 0.0506 -> 0.0468  accuracy: 97.85% -> 98.92%     
---------------------------- TRAINING EPOCH: 50 ----------------------------   
client [4]  (testset)   loss: 0.0209 -> 0.0124  accuracy: 98.90% -> 99.63%     
client [60] (testset)   loss: 0.1408 -> 0.0462  accuracy: 93.00% -> 98.00%     
client [28] (testset)   loss: 0.0094 -> 0.0041  accuracy: 100.00% -> 100.00%   
client [25] (testset)   loss: 0.0469 -> 0.0058  accuracy: 97.70% -> 100.00%    
client [58] (testset)   loss: 0.0596 -> 0.0784  accuracy: 97.16% -> 96.45%     
client [44] (testset)   loss: 0.0915 -> 0.0719  accuracy: 96.72% -> 97.91%     
client [39] (testset)   loss: 0.0375 -> 0.0085  accuracy: 99.02% -> 99.75%     
client [29] (testset)   loss: 0.0500 -> 0.0313  accuracy: 98.15% -> 98.89%     
client [3]  (testset)   loss: 0.0444 -> 0.0325  accuracy: 98.53% -> 98.74%     
client [84] (testset)   loss: 0.0701 -> 0.0044  accuracy: 100.00% -> 100.00%   
---------------------------- TRAINING EPOCH: 60 ----------------------------   
client [21] (testset)   loss: 0.1869 -> 0.0328  accuracy: 93.14% -> 99.02%     
client [84] (testset)   loss: 0.0276 -> 0.0054  accuracy: 100.00% -> 100.00%   
client [10] (testset)   loss: 0.0228 -> 0.0064  accuracy: 99.01% -> 100.00%    
client [36] (testset)   loss: 0.0573 -> 0.0589  accuracy: 98.48% -> 98.98%     
client [65] (testset)   loss: 0.0604 -> 0.0084  accuracy: 98.32% -> 99.16%     
client [81] (testset)   loss: 0.0454 -> 0.0215  accuracy: 99.38% -> 99.38%     
client [79] (testset)   loss: 0.0266 -> 0.0260  accuracy: 98.46% -> 98.46%     
client [42] (testset)   loss: 0.1485 -> 0.1471  accuracy: 96.72% -> 96.17%     
client [11] (testset)   loss: 0.0017 -> 0.0025  accuracy: 100.00% -> 100.00%   
client [96] (testset)   loss: 0.0283 -> 0.0119  accuracy: 98.04% -> 100.00%    
---------------------------- TRAINING EPOCH: 70 ----------------------------   
client [8]  (testset)   loss: 0.0151 -> 0.0020  accuracy: 100.00% -> 100.00%   
client [53] (testset)   loss: 0.0278 -> 0.0264  accuracy: 100.00% -> 100.00%   
client [52] (testset)   loss: 0.0341 -> 0.0012  accuracy: 98.68% -> 100.00%    
client [42] (testset)   loss: 0.1653 -> 0.1776  accuracy: 97.27% -> 96.72%     
client [69] (testset)   loss: 0.0265 -> 0.0196  accuracy: 99.27% -> 99.27%     
client [59] (testset)   loss: 0.0108 -> 0.0288  accuracy: 100.00% -> 100.00%   
client [7]  (testset)   loss: 0.0175 -> 0.0009  accuracy: 100.00% -> 100.00%   
client [26] (testset)   loss: 0.0496 -> 0.0886  accuracy: 100.00% -> 95.83%    
client [49] (testset)   loss: 0.0036 -> 0.0008  accuracy: 100.00% -> 100.00%   
client [98] (testset)   loss: 0.1127 -> 0.0878  accuracy: 94.12% -> 97.06%     
---------------------------- TRAINING EPOCH: 80 ----------------------------   
client [98] (testset)   loss: 0.0401 -> 0.0313  accuracy: 97.06% -> 100.00%    
client [47] (testset)   loss: 0.0276 -> 0.0234  accuracy: 100.00% -> 98.86%    
client [21] (testset)   loss: 0.0446 -> 0.0272  accuracy: 99.02% -> 99.02%     
client [77] (testset)   loss: 0.1072 -> 0.0796  accuracy: 97.95% -> 97.26%     
client [95] (testset)   loss: 0.0034 -> 0.0026  accuracy: 100.00% -> 100.00%   
client [91] (testset)   loss: 0.0437 -> 0.0218  accuracy: 98.35% -> 99.50%     
client [14] (testset)   loss: 0.0565 -> 0.0194  accuracy: 98.61% -> 99.31%     
client [99] (testset)   loss: 0.1050 -> 0.0963  accuracy: 100.00% -> 95.24%    
client [20] (testset)   loss: 0.1905 -> 0.1301  accuracy: 95.48% -> 96.38%     
client [39] (testset)   loss: 0.0322 -> 0.0095  accuracy: 99.26% -> 99.51%     
---------------------------- TRAINING EPOCH: 90 ----------------------------   
client [52] (testset)   loss: 0.0198 -> 0.0003  accuracy: 100.00% -> 100.00%   
client [62] (testset)   loss: 0.0344 -> 0.0087  accuracy: 99.45% -> 100.00%    
client [71] (testset)   loss: 0.0106 -> 0.0125  accuracy: 99.30% -> 99.07%     
client [97] (testset)   loss: 0.0193 -> 0.0110  accuracy: 99.33% -> 99.67%     
client [30] (testset)   loss: 0.1020 -> 0.1280  accuracy: 97.50% -> 97.50%     
client [88] (testset)   loss: 0.0454 -> 0.0018  accuracy: 98.53% -> 100.00%    
client [60] (testset)   loss: 0.0858 -> 0.0335  accuracy: 95.00% -> 99.00%     
client [82] (testset)   loss: 0.1044 -> 0.1546  accuracy: 95.77% -> 95.77%     
client [91] (testset)   loss: 0.0208 -> 0.0220  accuracy: 99.67% -> 99.17%     
client [57] (testset)   loss: 0.0187 -> 0.0347  accuracy: 99.52% -> 99.03%     
---------------------------- TRAINING EPOCH: 100 ----------------------------  
client [31] (testset)   loss: 0.0950 -> 0.0797  accuracy: 100.00% -> 100.00%   
client [15] (testset)   loss: 0.1756 -> 0.0914  accuracy: 95.41% -> 98.17%     
client [71] (testset)   loss: 0.0195 -> 0.0050  accuracy: 99.54% -> 100.00%    
client [97] (testset)   loss: 0.0232 -> 0.0105  accuracy: 99.00% -> 99.67%     
client [53] (testset)   loss: 0.0708 -> 0.0164  accuracy: 96.00% -> 100.00%    
client [77] (testset)   loss: 0.1200 -> 0.0728  accuracy: 97.95% -> 98.63%     
client [76] (testset)   loss: 0.0310 -> 0.0731  accuracy: 98.70% -> 97.40%     
client [79] (testset)   loss: 0.0464 -> 0.0145  accuracy: 98.46% -> 100.00%    
client [28] (testset)   loss: 0.0056 -> 0.0008  accuracy: 100.00% -> 100.00%   
client [99] (testset)   loss: 0.1397 -> 0.0892  accuracy: 95.24% -> 95.24%     
---------------------------- TRAINING EPOCH: 110 ----------------------------  
client [97] (testset)   loss: 0.0508 -> 0.0111  accuracy: 97.99% -> 99.67%     
client [86] (testset)   loss: 0.0106 -> 0.0117  accuracy: 99.73% -> 99.73%     
client [34] (testset)   loss: 0.3194 -> 0.4052  accuracy: 94.44% -> 94.44%     
client [73] (testset)   loss: 0.0856 -> 0.1320  accuracy: 94.12% -> 94.12%     
client [5]  (testset)   loss: 0.0702 -> 0.0658  accuracy: 98.62% -> 97.93%     
client [96] (testset)   loss: 0.0245 -> 0.0051  accuracy: 99.02% -> 100.00%    
client [22] (testset)   loss: 0.0345 -> 0.0017  accuracy: 97.87% -> 100.00%    
client [60] (testset)   loss: 0.0724 -> 0.0415  accuracy: 98.00% -> 98.00%     
client [66] (testset)   loss: 0.0520 -> 0.0418  accuracy: 97.35% -> 98.23%     
client [83] (testset)   loss: 0.1178 -> 0.0985  accuracy: 96.44% -> 96.80%     
---------------------------- TRAINING EPOCH: 120 ----------------------------  
client [76] (testset)   loss: 0.0315 -> 0.0852  accuracy: 100.00% -> 98.70%    
client [65] (testset)   loss: 0.0505 -> 0.0206  accuracy: 97.90% -> 99.16%     
client [95] (testset)   loss: 0.0044 -> 0.0016  accuracy: 100.00% -> 100.00%   
client [17] (testset)   loss: 0.0432 -> 0.0344  accuracy: 97.28% -> 98.83%     
client [8]  (testset)   loss: 0.0690 -> 0.0077  accuracy: 97.62% -> 100.00%    
client [35] (testset)   loss: 0.0206 -> 0.0197  accuracy: 99.02% -> 99.02%     
client [98] (testset)   loss: 0.0670 -> 0.0281  accuracy: 97.06% -> 100.00%    
client [53] (testset)   loss: 0.0500 -> 0.0111  accuracy: 100.00% -> 100.00%   
client [43] (testset)   loss: 0.1983 -> 0.0936  accuracy: 93.58% -> 96.26%     
client [64] (testset)   loss: 0.0126 -> 0.0156  accuracy: 99.44% -> 99.44%     
---------------------------- TRAINING EPOCH: 130 ----------------------------  
client [21] (testset)   loss: 0.0470 -> 0.0199  accuracy: 98.04% -> 99.02%     
client [88] (testset)   loss: 0.0079 -> 0.0013  accuracy: 100.00% -> 100.00%   
client [38] (testset)   loss: 0.0834 -> 0.0216  accuracy: 98.25% -> 100.00%    
client [3]  (testset)   loss: 0.0288 -> 0.0261  accuracy: 99.16% -> 99.37%     
client [5]  (testset)   loss: 0.0285 -> 0.0416  accuracy: 99.31% -> 98.62%     
client [41] (testset)   loss: 0.0278 -> 0.0040  accuracy: 98.95% -> 100.00%    
client [7]  (testset)   loss: 0.0172 -> 0.0034  accuracy: 100.00% -> 100.00%   
client [37] (testset)   loss: 0.1302 -> 0.1399  accuracy: 96.10% -> 97.40%     
client [45] (testset)   loss: 0.0426 -> 0.0296  accuracy: 98.77% -> 99.39%     
client [47] (testset)   loss: 0.0190 -> 0.0018  accuracy: 100.00% -> 100.00%   
---------------------------- TRAINING EPOCH: 140 ----------------------------  
client [16] (testset)   loss: 0.0078 -> 0.0010  accuracy: 100.00% -> 100.00%   
client [11] (testset)   loss: 0.0000 -> 0.0001  accuracy: 100.00% -> 100.00%   
client [37] (testset)   loss: 0.1311 -> 0.1561  accuracy: 96.10% -> 96.54%     
client [41] (testset)   loss: 0.0043 -> 0.0038  accuracy: 100.00% -> 100.00%   
client [95] (testset)   loss: 0.0031 -> 0.0014  accuracy: 100.00% -> 100.00%   
client [53] (testset)   loss: 0.1995 -> 0.0249  accuracy: 88.00% -> 100.00%    
client [22] (testset)   loss: 0.1387 -> 0.0008  accuracy: 97.87% -> 100.00%    
client [25] (testset)   loss: 0.0246 -> 0.0008  accuracy: 97.70% -> 100.00%    
client [69] (testset)   loss: 0.0191 -> 0.0231  accuracy: 99.27% -> 99.27%     
client [46] (testset)   loss: 0.0260 -> 0.0302  accuracy: 99.10% -> 99.10%     
---------------------------- TRAINING EPOCH: 150 ----------------------------  
client [47] (testset)   loss: 0.0007 -> 0.0003  accuracy: 100.00% -> 100.00%   
client [69] (testset)   loss: 0.0207 -> 0.0252  accuracy: 98.91% -> 99.45%     
client [82] (testset)   loss: 0.1468 -> 0.1378  accuracy: 94.37% -> 95.77%     
client [45] (testset)   loss: 0.0312 -> 0.0219  accuracy: 98.77% -> 99.69%     
client [7]  (testset)   loss: 0.0152 -> 0.0031  accuracy: 100.00% -> 100.00%   
client [50] (testset)   loss: 0.0542 -> 0.0377  accuracy: 97.95% -> 98.97%     
client [35] (testset)   loss: 0.0309 -> 0.0296  accuracy: 99.02% -> 98.04%     
client [24] (testset)   loss: 0.0560 -> 0.1011  accuracy: 98.65% -> 95.95%     
client [15] (testset)   loss: 0.1047 -> 0.0617  accuracy: 99.08% -> 99.08%     
client [58] (testset)   loss: 0.1072 -> 0.0740  accuracy: 96.45% -> 97.87%     
---------------------------- TRAINING EPOCH: 160 ----------------------------  
client [48] (testset)   loss: 0.0025 -> 0.0008  accuracy: 100.00% -> 100.00%   
client [76] (testset)   loss: 0.0189 -> 0.0635  accuracy: 100.00% -> 97.40%    
client [67] (testset)   loss: 0.0098 -> 0.0001  accuracy: 100.00% -> 100.00%   
client [37] (testset)   loss: 0.1295 -> 0.1484  accuracy: 96.10% -> 97.40%     
client [58] (testset)   loss: 0.0733 -> 0.0692  accuracy: 97.16% -> 97.87%     
client [64] (testset)   loss: 0.0115 -> 0.0168  accuracy: 99.44% -> 99.44%     
client [77] (testset)   loss: 0.1016 -> 0.0802  accuracy: 97.95% -> 98.63%     
client [55] (testset)   loss: 0.0380 -> 0.0140  accuracy: 98.98% -> 99.49%     
client [12] (testset)   loss: 0.0188 -> 0.0098  accuracy: 99.01% -> 100.00%    
client [89] (testset)   loss: 0.0115 -> 0.0033  accuracy: 100.00% -> 100.00%   
---------------------------- TRAINING EPOCH: 170 ----------------------------  
client [84] (testset)   loss: 0.0029 -> 0.0017  accuracy: 100.00% -> 100.00%   
client [51] (testset)   loss: 0.0058 -> 0.0261  accuracy: 100.00% -> 97.14%    
client [8]  (testset)   loss: 0.3052 -> 0.0017  accuracy: 90.48% -> 100.00%    
client [18] (testset)   loss: 0.0450 -> 0.0385  accuracy: 98.28% -> 98.28%     
client [94] (testset)   loss: 0.0002 -> 0.0000  accuracy: 100.00% -> 100.00%   
client [81] (testset)   loss: 0.0350 -> 0.0210  accuracy: 99.38% -> 99.38%     
client [3]  (testset)   loss: 0.0228 -> 0.0188  accuracy: 99.16% -> 99.58%     
client [11] (testset)   loss: 0.0001 -> 0.0001  accuracy: 100.00% -> 100.00%   
client [95] (testset)   loss: 0.0041 -> 0.0011  accuracy: 100.00% -> 100.00%   
client [67] (testset)   loss: 0.0391 -> 0.0004  accuracy: 97.30% -> 100.00%    
---------------------------- TRAINING EPOCH: 180 ----------------------------  
client [21] (testset)   loss: 0.0363 -> 0.0105  accuracy: 97.06% -> 100.00%    
client [79] (testset)   loss: 0.0162 -> 0.0013  accuracy: 98.46% -> 100.00%    
client [58] (testset)   loss: 0.0492 -> 0.0613  accuracy: 97.87% -> 97.87%     
client [88] (testset)   loss: 0.0478 -> 0.0092  accuracy: 98.53% -> 100.00%    
client [46] (testset)   loss: 0.0266 -> 0.0303  accuracy: 99.10% -> 99.10%     
client [11] (testset)   loss: 0.0000 -> 0.0000  accuracy: 100.00% -> 100.00%   
client [55] (testset)   loss: 0.0288 -> 0.0157  accuracy: 99.23% -> 99.49%     
client [13] (testset)   loss: 0.1172 -> 0.0784  accuracy: 91.67% -> 95.83%     
client [31] (testset)   loss: 0.0549 -> 0.0361  accuracy: 100.00% -> 100.00%   
client [75] (testset)   loss: 0.0243 -> 0.0170  accuracy: 99.07% -> 99.38%     
---------------------------- TRAINING EPOCH: 190 ----------------------------  
client [19] (testset)   loss: 0.0065 -> 0.0266  accuracy: 100.00% -> 98.15%    
client [7]  (testset)   loss: 0.0020 -> 0.0015  accuracy: 100.00% -> 100.00%   
client [57] (testset)   loss: 0.0150 -> 0.0102  accuracy: 99.52% -> 99.52%     
client [13] (testset)   loss: 0.0156 -> 0.0144  accuracy: 100.00% -> 100.00%   
client [43] (testset)   loss: 0.1239 -> 0.0785  accuracy: 97.33% -> 96.79%     
client [91] (testset)   loss: 0.0330 -> 0.0207  accuracy: 98.84% -> 99.34%     
client [10] (testset)   loss: 0.0019 -> 0.0006  accuracy: 100.00% -> 100.00%   
client [64] (testset)   loss: 0.0139 -> 0.0134  accuracy: 99.44% -> 99.72%     
client [82] (testset)   loss: 0.0947 -> 0.1586  accuracy: 97.18% -> 95.77%     
client [22] (testset)   loss: 0.0177 -> 0.0037  accuracy: 100.00% -> 100.00%   
---------------------------- TRAINING EPOCH: 200 ----------------------------  
client [20] (testset)   loss: 0.1487 -> 0.1129  accuracy: 95.02% -> 96.83%     
client [23] (testset)   loss: 0.0006 -> 0.0003  accuracy: 100.00% -> 100.00%   
client [88] (testset)   loss: 0.0613 -> 0.0081  accuracy: 98.53% -> 100.00%    
client [98] (testset)   loss: 0.0165 -> 0.0153  accuracy: 100.00% -> 100.00%   
client [79] (testset)   loss: 0.0048 -> 0.0024  accuracy: 100.00% -> 100.00%   
client [21] (testset)   loss: 0.0281 -> 0.0113  accuracy: 99.02% -> 99.02%     
client [92] (testset)   loss: 0.0002 -> 0.0001  accuracy: 100.00% -> 100.00%   
client [56] (testset)   loss: 0.0259 -> 0.0264  accuracy: 97.85% -> 98.92%     
client [5]  (testset)   loss: 0.0252 -> 0.0498  accuracy: 98.62% -> 99.31%     
client [52] (testset)   loss: 0.0008 -> 0.0001  accuracy: 100.00% -> 100.00%   
---------------------------- TRAINING EPOCH: 210 ----------------------------  
client [67] (testset)   loss: 0.0000 -> 0.0000  accuracy: 100.00% -> 100.00%   
client [54] (testset)   loss: 0.0149 -> 0.0807  accuracy: 100.00% -> 97.67%    
client [14] (testset)   loss: 0.0193 -> 0.0238  accuracy: 99.31% -> 99.31%     
client [99] (testset)   loss: 0.0500 -> 0.0559  accuracy: 95.24% -> 95.24%     
client [36] (testset)   loss: 0.0892 -> 0.0332  accuracy: 96.95% -> 98.98%     
client [30] (testset)   loss: 0.0452 -> 0.1498  accuracy: 97.50% -> 97.50%     
client [38] (testset)   loss: 0.0371 -> 0.0166  accuracy: 98.25% -> 98.25%     
client [15] (testset)   loss: 0.1386 -> 0.0786  accuracy: 96.33% -> 99.08%     
client [6]  (testset)   loss: 0.0258 -> 0.0062  accuracy: 99.22% -> 99.74%     
client [53] (testset)   loss: 0.0871 -> 0.0107  accuracy: 92.00% -> 100.00%    
---------------------------- TRAINING EPOCH: 220 ----------------------------  
client [99] (testset)   loss: 0.0518 -> 0.0211  accuracy: 100.00% -> 100.00%   
client [6]  (testset)   loss: 0.0481 -> 0.0074  accuracy: 98.18% -> 99.74%     
client [83] (testset)   loss: 0.1270 -> 0.1067  accuracy: 96.80% -> 97.86%     
client [42] (testset)   loss: 0.2003 -> 0.1620  accuracy: 96.72% -> 98.36%     
client [34] (testset)   loss: 0.1760 -> 0.2848  accuracy: 94.44% -> 94.44%     
client [15] (testset)   loss: 0.1012 -> 0.0789  accuracy: 98.17% -> 99.08%     
client [47] (testset)   loss: 0.0540 -> 0.0008  accuracy: 97.73% -> 100.00%    
client [55] (testset)   loss: 0.0281 -> 0.0133  accuracy: 98.98% -> 99.49%     
client [51] (testset)   loss: 0.0073 -> 0.0011  accuracy: 100.00% -> 100.00%   
client [95] (testset)   loss: 0.0068 -> 0.0011  accuracy: 99.64% -> 100.00%    
---------------------------- TRAINING EPOCH: 230 ----------------------------  
client [71] (testset)   loss: 0.0084 -> 0.0032  accuracy: 99.54% -> 100.00%    
client [15] (testset)   loss: 0.1187 -> 0.0775  accuracy: 98.17% -> 99.08%     
client [33] (testset)   loss: 0.1063 -> 0.0584  accuracy: 97.72% -> 99.51%     
client [99] (testset)   loss: 0.0615 -> 0.0260  accuracy: 95.24% -> 100.00%    
client [90] (testset)   loss: 0.0595 -> 0.0524  accuracy: 98.54% -> 98.54%     
client [57] (testset)   loss: 0.0225 -> 0.0122  accuracy: 99.03% -> 99.52%     
client [27] (testset)   loss: 0.0093 -> 0.0087  accuracy: 99.47% -> 100.00%    
client [78] (testset)   loss: 0.0429 -> 0.0301  accuracy: 98.73% -> 98.73%     
client [36] (testset)   loss: 0.0483 -> 0.0410  accuracy: 98.48% -> 98.98%     
client [88] (testset)   loss: 0.0458 -> 0.0243  accuracy: 98.53% -> 98.53%     
---------------------------- TRAINING EPOCH: 240 ----------------------------  
client [70] (testset)   loss: 0.0670 -> 0.0414  accuracy: 97.61% -> 98.72%     
client [35] (testset)   loss: 0.0310 -> 0.0108  accuracy: 98.04% -> 100.00%    
client [16] (testset)   loss: 0.0007 -> 0.0004  accuracy: 100.00% -> 100.00%   
client [80] (testset)   loss: 0.0011 -> 0.0004  accuracy: 100.00% -> 100.00%   
client [38] (testset)   loss: 0.0539 -> 0.0354  accuracy: 98.25% -> 98.25%     
client [78] (testset)   loss: 0.0534 -> 0.0320  accuracy: 98.73% -> 98.73%     
client [68] (testset)   loss: 0.0780 -> 0.0680  accuracy: 96.61% -> 96.61%     
client [11] (testset)   loss: 0.0000 -> 0.0000  accuracy: 100.00% -> 100.00%   
client [64] (testset)   loss: 0.0122 -> 0.0142  accuracy: 99.44% -> 99.72%     
client [82] (testset)   loss: 0.0430 -> 0.0960  accuracy: 97.18% -> 97.18%     
---------------------------- TRAINING EPOCH: 250 ----------------------------  
client [30] (testset)   loss: 0.0181 -> 0.1326  accuracy: 100.00% -> 97.50%    
client [27] (testset)   loss: 0.0101 -> 0.0121  accuracy: 99.47% -> 99.47%     
client [74] (testset)   loss: 0.1332 -> 0.1347  accuracy: 97.85% -> 97.54%     
client [45] (testset)   loss: 0.0248 -> 0.0260  accuracy: 99.69% -> 99.69%     
client [6]  (testset)   loss: 0.0134 -> 0.0092  accuracy: 98.96% -> 99.74%     
client [36] (testset)   loss: 0.0613 -> 0.0375  accuracy: 97.46% -> 98.98%     
client [63] (testset)   loss: 0.0331 -> 0.0331  accuracy: 97.81% -> 98.54%     
client [76] (testset)   loss: 0.0106 -> 0.0436  accuracy: 100.00% -> 98.70%    
client [83] (testset)   loss: 0.1227 -> 0.1067  accuracy: 96.44% -> 97.51%     
client [86] (testset)   loss: 0.0966 -> 0.0086  accuracy: 95.89% -> 99.73%     
---------------------------- TRAINING EPOCH: 260 ----------------------------  
client [83] (testset)   loss: 0.1195 -> 0.1105  accuracy: 96.80% -> 97.15%     
client [99] (testset)   loss: 0.0857 -> 0.0269  accuracy: 95.24% -> 100.00%    
client [74] (testset)   loss: 0.1182 -> 0.1232  accuracy: 98.77% -> 98.77%     
client [73] (testset)   loss: 0.2346 -> 0.3358  accuracy: 94.12% -> 91.18%     
client [29] (testset)   loss: 0.1258 -> 0.0379  accuracy: 93.73% -> 99.26%     
client [92] (testset)   loss: 0.0016 -> 0.0008  accuracy: 100.00% -> 100.00%   
client [6]  (testset)   loss: 0.0948 -> 0.0135  accuracy: 96.88% -> 99.48%     
client [61] (testset)   loss: 0.0135 -> 0.0008  accuracy: 99.41% -> 100.00%    
client [21] (testset)   loss: 0.0153 -> 0.0121  accuracy: 100.00% -> 99.02%    
client [67] (testset)   loss: 0.0012 -> 0.0001  accuracy: 100.00% -> 100.00%   
---------------------------- TRAINING EPOCH: 270 ----------------------------  
client [83] (testset)   loss: 0.1256 -> 0.1009  accuracy: 97.15% -> 97.86%     
client [32] (testset)   loss: 0.1265 -> 0.0764  accuracy: 96.03% -> 97.62%     
client [95] (testset)   loss: 0.0204 -> 0.0010  accuracy: 99.28% -> 100.00%    
client [61] (testset)   loss: 0.0267 -> 0.0014  accuracy: 99.12% -> 100.00%    
client [27] (testset)   loss: 0.0202 -> 0.0053  accuracy: 99.47% -> 100.00%    
client [25] (testset)   loss: 0.0369 -> 0.0004  accuracy: 97.70% -> 100.00%    
client [68] (testset)   loss: 0.0892 -> 0.0896  accuracy: 96.61% -> 96.61%     
client [34] (testset)   loss: 0.0927 -> 0.4384  accuracy: 94.44% -> 94.44%     
client [71] (testset)   loss: 0.0122 -> 0.0037  accuracy: 99.77% -> 99.77%     
client [89] (testset)   loss: 0.0381 -> 0.0096  accuracy: 96.97% -> 100.00%    
---------------------------- TRAINING EPOCH: 280 ----------------------------  
client [78] (testset)   loss: 0.0861 -> 0.0524  accuracy: 98.73% -> 98.73%     
client [81] (testset)   loss: 0.0572 -> 0.0352  accuracy: 99.38% -> 99.38%     
client [51] (testset)   loss: 0.0028 -> 0.0039  accuracy: 100.00% -> 100.00%   
client [54] (testset)   loss: 0.0049 -> 0.0546  accuracy: 100.00% -> 95.35%    
client [65] (testset)   loss: 0.0654 -> 0.0252  accuracy: 98.74% -> 98.74%     
client [41] (testset)   loss: 0.0043 -> 0.0018  accuracy: 100.00% -> 100.00%   
client [11] (testset)   loss: 0.0000 -> 0.0000  accuracy: 100.00% -> 100.00%   
client [85] (testset)   loss: 0.1061 -> 0.0827  accuracy: 97.93% -> 97.41%     
client [12] (testset)   loss: 0.0192 -> 0.0104  accuracy: 99.01% -> 100.00%    
client [23] (testset)   loss: 0.0016 -> 0.0012  accuracy: 100.00% -> 100.00%   
---------------------------- TRAINING EPOCH: 290 ----------------------------  
client [16] (testset)   loss: 0.0412 -> 0.0002  accuracy: 98.57% -> 100.00%    
client [65] (testset)   loss: 0.0352 -> 0.0279  accuracy: 98.74% -> 98.74%     
client [53] (testset)   loss: 0.0572 -> 0.0110  accuracy: 96.00% -> 100.00%    
client [58] (testset)   loss: 0.0360 -> 0.0674  accuracy: 97.87% -> 98.58%     
client [72] (testset)   loss: 0.0076 -> 0.0013  accuracy: 100.00% -> 100.00%   
client [7]  (testset)   loss: 0.0012 -> 0.0008  accuracy: 100.00% -> 100.00%   
client [71] (testset)   loss: 0.0081 -> 0.0018  accuracy: 99.77% -> 100.00%    
client [59] (testset)   loss: 0.0168 -> 0.0133  accuracy: 100.00% -> 100.00%   
client [86] (testset)   loss: 0.0203 -> 0.0066  accuracy: 98.63% -> 99.73%     
client [39] (testset)   loss: 0.0096 -> 0.0022  accuracy: 99.51% -> 100.00%    
---------------------------- TRAINING EPOCH: 300 ----------------------------  
client [99] (testset)   loss: 0.1023 -> 0.0378  accuracy: 95.24% -> 95.24%     
client [7]  (testset)   loss: 0.0024 -> 0.0003  accuracy: 100.00% -> 100.00%   
client [17] (testset)   loss: 0.0141 -> 0.0170  accuracy: 99.61% -> 99.61%     
client [64] (testset)   loss: 0.0421 -> 0.0115  accuracy: 98.33% -> 99.72%     
client [37] (testset)   loss: 0.1401 -> 0.1534  accuracy: 96.97% -> 96.54%     
client [29] (testset)   loss: 0.0417 -> 0.0269  accuracy: 98.15% -> 99.26%     
client [93] (testset)   loss: 0.0285 -> 0.0072  accuracy: 96.77% -> 100.00%    
client [73] (testset)   loss: 0.0829 -> 0.1129  accuracy: 94.12% -> 94.12%     
client [40] (testset)   loss: 0.0016 -> 0.0002  accuracy: 100.00% -> 100.00%   
client [76] (testset)   loss: 0.0396 -> 0.1416  accuracy: 98.70% -> 97.40%     
---------------------------- TRAINING EPOCH: 310 ----------------------------  
client [31] (testset)   loss: 0.0471 -> 0.0386  accuracy: 100.00% -> 100.00%   
client [89] (testset)   loss: 0.0147 -> 0.0034  accuracy: 100.00% -> 100.00%   
client [77] (testset)   loss: 0.0975 -> 0.0761  accuracy: 97.95% -> 98.63%     
client [90] (testset)   loss: 0.0609 -> 0.0486  accuracy: 98.18% -> 98.54%     
client [26] (testset)   loss: 0.0459 -> 0.0320  accuracy: 95.83% -> 100.00%    
client [50] (testset)   loss: 0.0271 -> 0.0245  accuracy: 98.97% -> 98.97%     
client [30] (testset)   loss: 0.0288 -> 0.1532  accuracy: 97.50% -> 97.50%     
client [70] (testset)   loss: 0.0599 -> 0.0395  accuracy: 97.61% -> 98.90%     
client [41] (testset)   loss: 0.0229 -> 0.0007  accuracy: 98.95% -> 100.00%    
client [99] (testset)   loss: 0.0186 -> 0.0234  accuracy: 100.00% -> 100.00%   
---------------------------- TRAINING EPOCH: 320 ----------------------------  
client [68] (testset)   loss: 0.0295 -> 0.0362  accuracy: 98.31% -> 98.31%     
client [70] (testset)   loss: 0.0597 -> 0.0446  accuracy: 97.98% -> 98.35%     
client [52] (testset)   loss: 0.0048 -> 0.0000  accuracy: 100.00% -> 100.00%   
client [1]  (testset)   loss: 0.0635 -> 0.0526  accuracy: 98.33% -> 98.33%     
client [2]  (testset)   loss: 0.0143 -> 0.0081  accuracy: 99.24% -> 99.62%     
client [67] (testset)   loss: 0.0001 -> 0.0001  accuracy: 100.00% -> 100.00%   
client [92] (testset)   loss: 0.0000 -> 0.0000  accuracy: 100.00% -> 100.00%   
client [35] (testset)   loss: 0.0543 -> 0.0077  accuracy: 98.04% -> 100.00%    
client [36] (testset)   loss: 0.0630 -> 0.0358  accuracy: 97.97% -> 98.98%     
client [64] (testset)   loss: 0.0081 -> 0.0134  accuracy: 99.72% -> 99.72%     
---------------------------- TRAINING EPOCH: 330 ----------------------------  
client [44] (testset)   loss: 0.0593 -> 0.0378  accuracy: 98.51% -> 99.10%     
client [6]  (testset)   loss: 0.0367 -> 0.0095  accuracy: 98.70% -> 99.22%     
client [12] (testset)   loss: 0.0298 -> 0.0191  accuracy: 99.01% -> 99.01%     
client [55] (testset)   loss: 0.0334 -> 0.0176  accuracy: 99.23% -> 99.23%     
client [29] (testset)   loss: 0.0269 -> 0.0290  accuracy: 98.89% -> 99.26%     
client [9]  (testset)   loss: 0.0449 -> 0.0407  accuracy: 98.86% -> 98.86%     
client [43] (testset)   loss: 0.1230 -> 0.0676  accuracy: 97.33% -> 97.86%     
client [77] (testset)   loss: 0.0981 -> 0.0804  accuracy: 97.95% -> 98.63%     
client [98] (testset)   loss: 0.0289 -> 0.0167  accuracy: 100.00% -> 100.00%   
client [78] (testset)   loss: 0.0959 -> 0.0335  accuracy: 98.09% -> 98.73%     
---------------------------- TRAINING EPOCH: 340 ----------------------------  
client [92] (testset)   loss: 0.0001 -> 0.0001  accuracy: 100.00% -> 100.00%   
client [80] (testset)   loss: 0.0188 -> 0.0003  accuracy: 100.00% -> 100.00%   
client [63] (testset)   loss: 0.0382 -> 0.0266  accuracy: 98.54% -> 99.27%     
client [76] (testset)   loss: 0.0112 -> 0.0693  accuracy: 100.00% -> 98.70%    
client [78] (testset)   loss: 0.0674 -> 0.0463  accuracy: 98.73% -> 98.73%     
client [25] (testset)   loss: 0.0123 -> 0.0001  accuracy: 98.85% -> 100.00%    
client [58] (testset)   loss: 0.0553 -> 0.1144  accuracy: 97.16% -> 97.87%     
client [13] (testset)   loss: 0.0230 -> 0.0133  accuracy: 100.00% -> 100.00%   
client [17] (testset)   loss: 0.0065 -> 0.0144  accuracy: 99.61% -> 99.61%     
client [38] (testset)   loss: 0.0859 -> 0.0584  accuracy: 98.25% -> 98.25%     
---------------------------- TRAINING EPOCH: 350 ----------------------------  
client [72] (testset)   loss: 0.0091 -> 0.0014  accuracy: 99.09% -> 100.00%    
client [82] (testset)   loss: 0.0477 -> 0.0657  accuracy: 97.18% -> 97.18%     
client [86] (testset)   loss: 0.0049 -> 0.0040  accuracy: 99.73% -> 99.73%     
client [51] (testset)   loss: 0.0004 -> 0.0004  accuracy: 100.00% -> 100.00%   
client [96] (testset)   loss: 0.0027 -> 0.0002  accuracy: 100.00% -> 100.00%   
client [42] (testset)   loss: 0.1389 -> 0.1682  accuracy: 98.36% -> 98.36%     
client [55] (testset)   loss: 0.0290 -> 0.0133  accuracy: 99.49% -> 99.49%     
client [13] (testset)   loss: 0.0576 -> 0.0355  accuracy: 95.83% -> 100.00%    
client [1]  (testset)   loss: 0.0905 -> 0.0855  accuracy: 98.33% -> 96.67%     
client [12] (testset)   loss: 0.0286 -> 0.0117  accuracy: 99.01% -> 99.01%     
---------------------------- TRAINING EPOCH: 360 ----------------------------  
client [68] (testset)   loss: 0.0610 -> 0.0700  accuracy: 98.31% -> 98.31%     
client [23] (testset)   loss: 0.0006 -> 0.0004  accuracy: 100.00% -> 100.00%   
client [46] (testset)   loss: 0.0276 -> 0.0231  accuracy: 99.10% -> 99.32%     
client [41] (testset)   loss: 0.0017 -> 0.0009  accuracy: 100.00% -> 100.00%   
client [25] (testset)   loss: 0.0022 -> 0.0006  accuracy: 100.00% -> 100.00%   
client [58] (testset)   loss: 0.0346 -> 0.0532  accuracy: 97.87% -> 98.58%     
client [14] (testset)   loss: 0.0458 -> 0.0244  accuracy: 98.61% -> 98.61%     
client [33] (testset)   loss: 0.0675 -> 0.0668  accuracy: 99.18% -> 99.35%     
client [85] (testset)   loss: 0.0622 -> 0.0698  accuracy: 98.45% -> 97.41%     
client [62] (testset)   loss: 0.0003 -> 0.0001  accuracy: 100.00% -> 100.00%   
---------------------------- TRAINING EPOCH: 370 ----------------------------  
client [98] (testset)   loss: 0.0605 -> 0.0261  accuracy: 94.12% -> 97.06%     
client [63] (testset)   loss: 0.0295 -> 0.0231  accuracy: 98.54% -> 99.27%     
client [70] (testset)   loss: 0.0606 -> 0.0331  accuracy: 97.98% -> 98.90%     
client [65] (testset)   loss: 0.0932 -> 0.0243  accuracy: 98.32% -> 98.74%     
client [14] (testset)   loss: 0.0265 -> 0.0283  accuracy: 98.61% -> 98.61%     
client [73] (testset)   loss: 0.0437 -> 0.1336  accuracy: 97.06% -> 91.18%     
client [34] (testset)   loss: 0.0358 -> 0.1233  accuracy: 100.00% -> 94.44%    
client [99] (testset)   loss: 0.0346 -> 0.0390  accuracy: 100.00% -> 95.24%    
client [69] (testset)   loss: 0.0313 -> 0.0260  accuracy: 98.91% -> 99.27%     
client [46] (testset)   loss: 0.0225 -> 0.0247  accuracy: 99.32% -> 99.10%     
---------------------------- TRAINING EPOCH: 380 ----------------------------  
client [99] (testset)   loss: 0.0371 -> 0.0361  accuracy: 100.00% -> 95.24%    
client [93] (testset)   loss: 0.0312 -> 0.0038  accuracy: 96.77% -> 100.00%    
client [11] (testset)   loss: 0.0000 -> 0.0000  accuracy: 100.00% -> 100.00%   
client [58] (testset)   loss: 0.0288 -> 0.0502  accuracy: 97.87% -> 98.58%     
client [81] (testset)   loss: 0.0513 -> 0.0245  accuracy: 99.38% -> 99.38%     
client [85] (testset)   loss: 0.0949 -> 0.0585  accuracy: 97.93% -> 97.41%     
client [89] (testset)   loss: 0.0056 -> 0.0156  accuracy: 100.00% -> 100.00%   
client [45] (testset)   loss: 0.0345 -> 0.0196  accuracy: 99.39% -> 99.69%     
client [8]  (testset)   loss: 0.1713 -> 0.1211  accuracy: 95.24% -> 97.62%     
client [68] (testset)   loss: 0.0554 -> 0.0741  accuracy: 98.31% -> 98.31%     
---------------------------- TRAINING EPOCH: 390 ----------------------------  
client [67] (testset)   loss: 0.0548 -> 0.0000  accuracy: 97.30% -> 100.00%    
client [72] (testset)   loss: 0.0183 -> 0.0016  accuracy: 99.09% -> 100.00%    
client [1]  (testset)   loss: 0.0852 -> 0.0725  accuracy: 96.67% -> 98.33%     
client [78] (testset)   loss: 0.0927 -> 0.0649  accuracy: 98.73% -> 98.73%     
client [83] (testset)   loss: 0.0988 -> 0.1114  accuracy: 97.51% -> 97.51%     
client [21] (testset)   loss: 0.0286 -> 0.0081  accuracy: 98.04% -> 100.00%    
client [56] (testset)   loss: 0.0145 -> 0.0262  accuracy: 98.92% -> 98.92%     
client [44] (testset)   loss: 0.0362 -> 0.0306  accuracy: 98.81% -> 99.10%     
client [92] (testset)   loss: 0.0000 -> 0.0000  accuracy: 100.00% -> 100.00%   
client [27] (testset)   loss: 0.0090 -> 0.0061  accuracy: 99.47% -> 100.00%    
---------------------------- TRAINING EPOCH: 400 ----------------------------  
client [10] (testset)   loss: 0.0019 -> 0.0013  accuracy: 100.00% -> 100.00%   
client [39] (testset)   loss: 0.0172 -> 0.0016  accuracy: 99.51% -> 100.00%    
client [65] (testset)   loss: 0.0709 -> 0.0474  accuracy: 98.74% -> 98.74%     
client [26] (testset)   loss: 0.0268 -> 0.0168  accuracy: 100.00% -> 100.00%   
client [19] (testset)   loss: 0.0394 -> 0.0379  accuracy: 98.15% -> 98.15%     
client [68] (testset)   loss: 0.0589 -> 0.0568  accuracy: 96.61% -> 96.61%     
client [41] (testset)   loss: 0.0015 -> 0.0008  accuracy: 100.00% -> 100.00%   
client [50] (testset)   loss: 0.0172 -> 0.0144  accuracy: 99.49% -> 98.97%     
client [75] (testset)   loss: 0.0312 -> 0.0156  accuracy: 99.07% -> 99.38%     
client [81] (testset)   loss: 0.0533 -> 0.0423  accuracy: 99.38% -> 99.38%     
FedDpag's average time taken by each global epoch: 0 min 2.48 sec.             
FedDpag's total running time: 0 h 16 m 41 s.                                   
==================== FedDpag Experiment Results: ====================          
Display format: (before local fine-tuning) -> (after local fine-tuning)        
 So if finetune_epoch = 0, x.xx% -> 0.00% is normal.                           
 Centralized testing ONLY happens after model aggregation, so the stats between
'->' are the same.                                                             
{                                                                              
    "100": {                                                                   
        "all_clients": {                                                       
            "test": {                                                          
                "loss": "0.0558 -> 0.0000",                                    
                "accuracy": "98.34% -> 0.00%"                                  
            }                                                                  
        }                                                                      
    },                                                                         
    "200": {                                                                   
        "all_clients": {                                                       
            "test": {                                                          
                "loss": "0.0438 -> 0.0000",                                    
                "accuracy": "98.69% -> 0.00%"                                  
            }                                                                  
        }                                                                      
    },                                                                         
    "300": {                                                                   
        "all_clients": {                                                       
            "test": {                                                          
                "loss": "0.0418 -> 0.0000",                                    
                "accuracy": "98.77% -> 0.00%"                                  
            }                                                                  
        }                                                                      
    },                                                                         
    "400": {                                                                   
        "all_clients": {                                                       
            "test": {                                                          
                "loss": "0.0447 -> 0.0000",                                    
                "accuracy": "98.81% -> 0.00%"                                  
            }                                                                  
        }                                                                      
    }                                                                          
}                                                                              
==================== FedDpag Max Accuracy ====================                 
all_clients:                                                                   
(test) before fine-tuning: 98.81% at epoch 400                                 
(test) after fine-tuning: 0.00% at epoch 100                                   
