==================== Local-only ====================                           
Experiment Arguments:                                                          
{
    'method': 'local',
    'dataset': {
        'name': 'cifar10',
        'client_num': 100,
        'test_ratio': 0.25,
        'val_ratio': 0.0,
        'seed': 42,
        'split': 'sample',
        'IID_ratio': 0.0,
        'monitor_window_name_suffix': 'cifar10-100clients-0%IID-Dir(0.1)-seed42',
        'alpha': 0.1,
        'min_samples_per_client': 10
    },
    'model': {
        'name': 'avgcnn',
        'use_torchvision_pretrained_weights': True,
        'external_model_weights_path': None
    },
    'optimizer': {
        'lr': 0.01,
        'dampening': 0,
        'weight_decay': 0,
        'momentum': 0.7,
        'nesterov': False,
        'name': 'sgd'
    },
    'mode': 'serial',
    'parallel': {
        'ray_cluster_addr': None,
        'num_cpus': None,
        'num_gpus': None,
        'num_workers': 2
    },
    'common': {
        'seed': 42,
        'join_ratio': 0.1,
        'global_epoch': 400,
        'local_epoch': 5,
        'batch_size': 32,
        'reset_optimizer_on_global_epoch': True,
        'straggler_ratio': 0,
        'straggler_min_local_epoch': 0,
        'buffers': 'global',
        'client_side_evaluation': True,
        'test': {
            'client': {
                'interval': 100,
                'finetune_epoch': 5,
                'train': False,
                'val': False,
                'test': True
            },
            'server': {
                'interval': -1,
                'train': False,
                'val': False,
                'test': True,
                'model_in_train_mode': False
            }
        },
        'verbose_gap': 10,
        'monitor': None,
        'use_cuda': True,
        'save_log': True,
        'save_model': False,
        'save_learning_curve_plot': True,
        'save_metrics': True,
        'delete_useless_run': True
    },
    'fedprox': {
        'mu': 0.01
    },
    'pfedsim': {
        'warmup_round': 0.5
    }
}
---------------------------- TRAINING EPOCH: 10 ----------------------------   
client [77] (testset)   loss: 0.6968 -> 0.4476  accuracy: 81.98% -> 85.16%     
client [81] (testset)   loss: 0.0731 -> 0.0707  accuracy: 97.32% -> 97.32%     
client [21] (testset)   loss: 2.3988 -> 0.9236  accuracy: 0.00% -> 43.48%      
client [68] (testset)   loss: 0.3533 -> 0.3701  accuracy: 93.79% -> 93.79%     
client [93] (testset)   loss: 1.1636 -> 0.8445  accuracy: 73.68% -> 73.68%     
client [31] (testset)   loss: 0.3071 -> 0.2615  accuracy: 89.40% -> 92.17%     
client [20] (testset)   loss: 0.5585 -> 0.7243  accuracy: 81.61% -> 82.51%     
client [59] (testset)   loss: 2.2847 -> 0.1246  accuracy: 0.00% -> 100.00%     
client [48] (testset)   loss: 0.4475 -> 0.4655  accuracy: 84.62% -> 84.62%     
client [34] (testset)   loss: 0.8766 -> 0.8188  accuracy: 66.45% -> 70.32%     
