==================== FedFewA ====================                              
Experiment Arguments:                                                          
{
    'method': 'fedfewa',
    'dataset': {
        'name': 'cifar100',
        'client_num': 100,
        'test_ratio': 0.25,
        'val_ratio': 0.0,
        'seed': 42,
        'split': 'sample',
        'IID_ratio': 0.0,
        'monitor_window_name_suffix': 'cifar100-100clients-0%IID-use20superclasses-Dir(0.1)-seed42',
        'super_class': False,
        'alpha': 0.1,
        'min_samples_per_client': 10
    },
    'model': {
        'name': 'avgcnn',
        'use_torchvision_pretrained_weights': True,
        'external_model_weights_path': None
    },
    'optimizer': {
        'lr': 0.01,
        'dampening': 0,
        'weight_decay': 0,
        'momentum': 0.7,
        'nesterov': False,
        'name': 'sgd'
    },
    'mode': 'serial',
    'parallel': {
        'ray_cluster_addr': None,
        'num_cpus': None,
        'num_gpus': None,
        'num_workers': 2
    },
    'common': {
        'seed': 42,
        'join_ratio': 0.1,
        'global_epoch': 400,
        'local_epoch': 5,
        'batch_size': 32,
        'reset_optimizer_on_global_epoch': True,
        'straggler_ratio': 0,
        'straggler_min_local_epoch': 0,
        'buffers': 'global',
        'client_side_evaluation': True,
        'test': {
            'client': {
                'interval': 100,
                'finetune_epoch': 0,
                'train': False,
                'val': False,
                'test': True
            },
            'server': {
                'interval': -1,
                'train': False,
                'val': False,
                'test': True,
                'model_in_train_mode': False
            }
        },
        'verbose_gap': 10,
        'monitor': None,
        'use_cuda': True,
        'save_log': True,
        'save_model': False,
        'save_learning_curve_plot': True,
        'save_metrics': True,
        'delete_useless_run': True
    },
    'fedprox': {
        'mu': 0.01
    },
    'pfedsim': {
        'warmup_round': 0.5
    },
    'fedfewa': {
        'ig_ratio': 0.99505,
        'alpha': 0.5,
        'norm': 'layer',
        'EMA': False,
        'CLS': False,
        'track': False,
        'type': 'Ablation'
    }
}
---------------------------- TRAINING EPOCH: 10 ----------------------------   
client [77] (testset)   loss: 3.1919 -> 2.0097  accuracy: 21.91% -> 46.63%     
client [81] (testset)   loss: 3.2094 -> 2.8237  accuracy: 28.48% -> 43.05%     
client [21] (testset)   loss: 3.7725 -> 2.2472  accuracy: 15.65% -> 39.46%     
client [68] (testset)   loss: 3.1243 -> 2.3061  accuracy: 30.67% -> 45.38%     
client [93] (testset)   loss: 3.5196 -> 2.8294  accuracy: 16.80% -> 35.20%     
client [31] (testset)   loss: 3.2080 -> 2.2116  accuracy: 25.26% -> 42.63%     
client [20] (testset)   loss: 2.4624 -> 2.2304  accuracy: 46.04% -> 49.50%     
client [59] (testset)   loss: 3.9600 -> 2.2799  accuracy: 13.73% -> 38.63%     
client [48] (testset)   loss: 3.1191 -> 2.9331  accuracy: 21.82% -> 34.55%     
client [34] (testset)   loss: 3.3289 -> 2.7695  accuracy: 18.78% -> 35.36%     
---------------------------- TRAINING EPOCH: 20 ----------------------------   
client [69] (testset)   loss: 2.6514 -> 1.8954  accuracy: 40.07% -> 55.60%     
client [99] (testset)   loss: 3.9689 -> 4.0338  accuracy: 10.22% -> 26.28%     
client [67] (testset)   loss: 3.0162 -> 2.6465  accuracy: 27.47% -> 42.86%     
client [0]  (testset)   loss: 3.2219 -> 2.5139  accuracy: 20.59% -> 53.92%     
client [76] (testset)   loss: 3.7271 -> 2.7873  accuracy: 17.88% -> 39.11%     
client [41] (testset)   loss: 3.6454 -> 2.6945  accuracy: 18.55% -> 36.29%     
client [62] (testset)   loss: 3.9053 -> 2.6901  accuracy: 12.62% -> 40.78%     
client [2]  (testset)   loss: 3.8837 -> 3.2199  accuracy: 8.93% -> 41.96%      
client [14] (testset)   loss: 3.8104 -> 3.3748  accuracy: 14.29% -> 35.06%     
client [46] (testset)   loss: 3.2989 -> 2.4298  accuracy: 25.71% -> 54.29%     
---------------------------- TRAINING EPOCH: 30 ----------------------------   
client [24] (testset)   loss: 3.0322 -> 2.9096  accuracy: 31.03% -> 46.55%     
client [68] (testset)   loss: 3.1296 -> 3.1795  accuracy: 35.71% -> 46.64%     
client [57] (testset)   loss: 2.9346 -> 2.3238  accuracy: 33.74% -> 52.76%     
client [17] (testset)   loss: 3.0848 -> 3.2458  accuracy: 33.83% -> 37.59%     
client [54] (testset)   loss: 2.9481 -> 3.8238  accuracy: 38.33% -> 41.67%     
client [23] (testset)   loss: 3.3021 -> 2.2829  accuracy: 13.64% -> 43.64%     
client [35] (testset)   loss: 3.7745 -> 2.7601  accuracy: 16.33% -> 43.37%     
client [59] (testset)   loss: 3.0764 -> 2.9670  accuracy: 30.90% -> 40.34%     
client [31] (testset)   loss: 2.7027 -> 3.1051  accuracy: 43.16% -> 44.74%     
client [9]  (testset)   loss: 2.8801 -> 2.7149  accuracy: 32.89% -> 44.97%     
---------------------------- TRAINING EPOCH: 40 ----------------------------   
client [64] (testset)   loss: 3.0866 -> 2.7441  accuracy: 27.03% -> 47.30%     
client [33] (testset)   loss: 3.1165 -> 3.2441  accuracy: 29.36% -> 34.86%     
client [16] (testset)   loss: 3.6603 -> 3.2833  accuracy: 23.97% -> 39.67%     
client [44] (testset)   loss: 3.3304 -> 2.7278  accuracy: 24.18% -> 41.18%     
client [8]  (testset)   loss: 3.1753 -> 3.3687  accuracy: 42.71% -> 49.75%     
client [31] (testset)   loss: 3.2081 -> 3.1518  accuracy: 36.32% -> 49.47%     
client [47] (testset)   loss: 3.2129 -> 2.8501  accuracy: 26.09% -> 48.70%     
client [36] (testset)   loss: 3.4978 -> 2.4941  accuracy: 24.78% -> 42.48%     
client [20] (testset)   loss: 2.5284 -> 2.1975  accuracy: 41.58% -> 56.93%     
client [56] (testset)   loss: 2.5681 -> 2.0961  accuracy: 38.10% -> 57.14%     
---------------------------- TRAINING EPOCH: 50 ----------------------------   
client [4]  (testset)   loss: 3.2537 -> 2.0382  accuracy: 27.03% -> 55.41%     
client [60] (testset)   loss: 3.4671 -> 2.8517  accuracy: 21.21% -> 43.94%     
client [28] (testset)   loss: 2.9317 -> 2.2834  accuracy: 32.26% -> 49.19%     
client [25] (testset)   loss: 3.4398 -> 2.2818  accuracy: 22.92% -> 56.25%     
client [58] (testset)   loss: 3.0945 -> 3.4919  accuracy: 32.31% -> 37.69%     
client [44] (testset)   loss: 3.1880 -> 2.8827  accuracy: 29.41% -> 43.14%     
client [39] (testset)   loss: 3.2188 -> 2.7028  accuracy: 27.54% -> 42.51%     
client [29] (testset)   loss: 2.6489 -> 2.7447  accuracy: 38.00% -> 41.33%     
client [3]  (testset)   loss: 2.4887 -> 2.2949  accuracy: 40.62% -> 53.91%     
client [84] (testset)   loss: 3.3328 -> 3.5098  accuracy: 34.32% -> 41.10%     
---------------------------- TRAINING EPOCH: 60 ----------------------------   
client [21] (testset)   loss: 3.4658 -> 2.4072  accuracy: 21.09% -> 48.30%     
client [84] (testset)   loss: 3.5482 -> 3.5560  accuracy: 34.75% -> 39.83%     
client [10] (testset)   loss: 3.1256 -> 2.8262  accuracy: 31.73% -> 49.04%     
client [36] (testset)   loss: 3.2746 -> 2.6869  accuracy: 25.66% -> 47.79%     
client [65] (testset)   loss: 3.2920 -> 3.3287  accuracy: 30.00% -> 43.64%     
client [81] (testset)   loss: 3.0572 -> 3.0026  accuracy: 33.77% -> 53.64%     
client [79] (testset)   loss: 2.5027 -> 2.2233  accuracy: 43.02% -> 61.45%     
client [42] (testset)   loss: 2.9982 -> 2.7911  accuracy: 43.84% -> 55.48%     
client [11] (testset)   loss: 2.9792 -> 2.5655  accuracy: 30.51% -> 50.28%     
client [96] (testset)   loss: 3.0522 -> 3.0690  accuracy: 34.10% -> 48.55%     
---------------------------- TRAINING EPOCH: 70 ----------------------------   
client [8]  (testset)   loss: 3.3408 -> 3.3470  accuracy: 42.71% -> 50.75%     
client [53] (testset)   loss: 2.8793 -> 2.6088  accuracy: 34.75% -> 51.06%     
client [52] (testset)   loss: 2.9693 -> 2.9953  accuracy: 41.79% -> 46.27%     
client [42] (testset)   loss: 2.8597 -> 2.9869  accuracy: 47.95% -> 55.48%     
client [69] (testset)   loss: 2.2066 -> 2.5019  accuracy: 51.99% -> 56.32%     
client [59] (testset)   loss: 3.3262 -> 3.2165  accuracy: 37.77% -> 45.06%     
client [7]  (testset)   loss: 3.5032 -> 3.3658  accuracy: 35.96% -> 46.05%     
client [26] (testset)   loss: 2.8534 -> 2.3846  accuracy: 25.66% -> 53.98%     
client [49] (testset)   loss: 2.3338 -> 2.5563  accuracy: 50.62% -> 53.70%     
client [98] (testset)   loss: 3.3229 -> 3.2849  accuracy: 32.39% -> 42.25%     
---------------------------- TRAINING EPOCH: 80 ----------------------------   
client [98] (testset)   loss: 3.1592 -> 3.2690  accuracy: 34.51% -> 42.96%     
client [47] (testset)   loss: 3.7366 -> 3.0194  accuracy: 21.74% -> 50.43%     
client [21] (testset)   loss: 3.3972 -> 2.4794  accuracy: 23.81% -> 48.98%     
client [77] (testset)   loss: 2.9359 -> 2.6603  accuracy: 35.39% -> 51.69%     
client [95] (testset)   loss: 3.3438 -> 3.4226  accuracy: 38.55% -> 45.18%     
client [91] (testset)   loss: 3.1124 -> 2.5027  accuracy: 33.55% -> 44.74%     
client [14] (testset)   loss: 2.9579 -> 3.1847  accuracy: 36.36% -> 38.96%     
client [99] (testset)   loss: 3.7286 -> 4.0774  accuracy: 29.93% -> 34.31%     
client [20] (testset)   loss: 2.4306 -> 2.5942  accuracy: 49.01% -> 55.45%     
client [39] (testset)   loss: 3.2331 -> 2.8931  accuracy: 30.54% -> 43.71%     
---------------------------- TRAINING EPOCH: 90 ----------------------------   
client [52] (testset)   loss: 2.9125 -> 3.1134  accuracy: 41.79% -> 47.76%     
client [62] (testset)   loss: 3.2587 -> 3.4872  accuracy: 39.32% -> 44.66%     
client [71] (testset)   loss: 3.4667 -> 3.4411  accuracy: 31.30% -> 40.46%     
client [97] (testset)   loss: 3.4259 -> 3.4060  accuracy: 29.52% -> 37.14%     
client [30] (testset)   loss: 3.6369 -> 3.7912  accuracy: 34.25% -> 33.70%     
client [88] (testset)   loss: 3.0990 -> 2.6762  accuracy: 29.61% -> 50.28%     
client [60] (testset)   loss: 3.6638 -> 2.9542  accuracy: 21.21% -> 39.39%     
client [82] (testset)   loss: 3.0580 -> 3.3843  accuracy: 31.40% -> 43.02%     
client [91] (testset)   loss: 2.9159 -> 2.4093  accuracy: 31.58% -> 48.03%     
client [57] (testset)   loss: 3.0002 -> 2.4322  accuracy: 32.52% -> 56.44%     
---------------------------- TRAINING EPOCH: 100 ----------------------------  
client [31] (testset)   loss: 3.7262 -> 4.2796  accuracy: 42.11% -> 45.79%     
client [15] (testset)   loss: 3.1122 -> 3.0196  accuracy: 36.50% -> 48.18%     
client [71] (testset)   loss: 3.8414 -> 3.4608  accuracy: 25.95% -> 36.64%     
client [97] (testset)   loss: 3.6675 -> 3.6153  accuracy: 28.57% -> 38.10%     
client [53] (testset)   loss: 2.8370 -> 2.8123  accuracy: 36.17% -> 52.48%     
client [77] (testset)   loss: 3.1097 -> 2.7760  accuracy: 35.96% -> 51.69%     
client [76] (testset)   loss: 3.7155 -> 3.1417  accuracy: 27.37% -> 41.90%     
client [79] (testset)   loss: 2.3623 -> 2.0967  accuracy: 51.96% -> 64.80%     
client [28] (testset)   loss: 2.9457 -> 2.5098  accuracy: 39.52% -> 52.42%     
client [99] (testset)   loss: 3.9734 -> 4.0668  accuracy: 21.17% -> 34.31%     
---------------------------- TRAINING EPOCH: 110 ----------------------------  
client [97] (testset)   loss: 3.5140 -> 3.6625  accuracy: 34.29% -> 34.29%     
client [86] (testset)   loss: 2.5107 -> 2.7997  accuracy: 45.76% -> 48.31%     
client [34] (testset)   loss: 3.3029 -> 4.0269  accuracy: 40.88% -> 43.65%     
client [73] (testset)   loss: 3.7273 -> 3.2362  accuracy: 28.06% -> 43.88%     
client [5]  (testset)   loss: 3.3207 -> 3.2259  accuracy: 38.04% -> 45.40%     
client [96] (testset)   loss: 3.2898 -> 3.3459  accuracy: 42.77% -> 51.45%     
client [22] (testset)   loss: 3.6804 -> 3.8179  accuracy: 30.26% -> 39.47%     
client [60] (testset)   loss: 3.5381 -> 3.8764  accuracy: 24.24% -> 37.88%     
client [66] (testset)   loss: 3.2539 -> 3.0652  accuracy: 36.89% -> 49.03%     
client [83] (testset)   loss: 3.4749 -> 2.9934  accuracy: 28.29% -> 46.71%     
---------------------------- TRAINING EPOCH: 120 ----------------------------  
client [76] (testset)   loss: 3.7785 -> 3.2453  accuracy: 31.28% -> 37.43%     
client [65] (testset)   loss: 3.6292 -> 2.8639  accuracy: 28.18% -> 48.18%     
client [95] (testset)   loss: 3.2660 -> 3.6814  accuracy: 39.76% -> 45.78%     
client [17] (testset)   loss: 3.4095 -> 3.5934  accuracy: 31.58% -> 43.61%     
client [8]  (testset)   loss: 3.5405 -> 3.6588  accuracy: 46.23% -> 50.75%     
client [35] (testset)   loss: 3.9734 -> 3.5693  accuracy: 32.14% -> 47.45%     
client [98] (testset)   loss: 3.4451 -> 3.5250  accuracy: 32.39% -> 40.14%     
client [53] (testset)   loss: 2.8006 -> 2.9394  accuracy: 38.30% -> 51.77%     
client [43] (testset)   loss: 3.9584 -> 3.7325  accuracy: 32.59% -> 38.52%     
client [64] (testset)   loss: 3.0669 -> 3.0607  accuracy: 35.14% -> 47.30%     
---------------------------- TRAINING EPOCH: 130 ----------------------------  
client [21] (testset)   loss: 3.2369 -> 2.6145  accuracy: 28.57% -> 44.90%     
client [88] (testset)   loss: 3.1843 -> 3.3220  accuracy: 36.87% -> 48.60%     
client [38] (testset)   loss: 3.2053 -> 2.9795  accuracy: 37.43% -> 57.54%     
client [3]  (testset)   loss: 2.6111 -> 2.5978  accuracy: 52.34% -> 58.59%     
client [5]  (testset)   loss: 3.4423 -> 3.4300  accuracy: 36.20% -> 46.01%     
client [41] (testset)   loss: 3.6852 -> 3.5020  accuracy: 28.23% -> 42.74%     
client [7]  (testset)   loss: 3.6512 -> 3.5915  accuracy: 35.53% -> 42.98%     
client [37] (testset)   loss: 3.2599 -> 3.2881  accuracy: 30.77% -> 42.31%     
client [45] (testset)   loss: 3.3835 -> 2.5657  accuracy: 30.09% -> 53.10%     
client [47] (testset)   loss: 3.7756 -> 3.1734  accuracy: 23.48% -> 46.96%     
---------------------------- TRAINING EPOCH: 140 ----------------------------  
client [16] (testset)   loss: 3.6882 -> 3.3033  accuracy: 33.88% -> 45.45%     
client [11] (testset)   loss: 3.0043 -> 3.0029  accuracy: 40.68% -> 54.24%     
client [37] (testset)   loss: 3.5137 -> 3.4474  accuracy: 28.85% -> 40.38%     
client [41] (testset)   loss: 3.6993 -> 3.6125  accuracy: 29.03% -> 37.90%     
client [95] (testset)   loss: 3.8596 -> 3.9749  accuracy: 35.54% -> 43.37%     
client [53] (testset)   loss: 3.0267 -> 2.9057  accuracy: 41.84% -> 51.77%     
client [22] (testset)   loss: 3.4519 -> 3.7833  accuracy: 38.82% -> 40.79%     
client [25] (testset)   loss: 3.1685 -> 2.6944  accuracy: 35.42% -> 51.04%     
client [69] (testset)   loss: 2.7628 -> 3.3431  accuracy: 51.99% -> 55.23%     
client [46] (testset)   loss: 2.8805 -> 2.7176  accuracy: 43.81% -> 60.95%     
---------------------------- TRAINING EPOCH: 150 ----------------------------  
client [47] (testset)   loss: 3.5750 -> 3.6663  accuracy: 31.30% -> 44.35%     
client [69] (testset)   loss: 3.1078 -> 3.0783  accuracy: 50.90% -> 57.76%     
client [82] (testset)   loss: 3.5714 -> 3.5767  accuracy: 37.21% -> 38.37%     
client [45] (testset)   loss: 3.4194 -> 2.7318  accuracy: 34.51% -> 53.10%     
client [7]  (testset)   loss: 3.9819 -> 3.7109  accuracy: 33.33% -> 45.18%     
client [50] (testset)   loss: 2.4567 -> 2.3483  accuracy: 45.00% -> 54.00%     
client [35] (testset)   loss: 3.8923 -> 3.7457  accuracy: 36.22% -> 46.94%     
client [24] (testset)   loss: 3.6558 -> 3.6464  accuracy: 35.34% -> 45.69%     
client [15] (testset)   loss: 3.3635 -> 3.8137  accuracy: 37.23% -> 42.34%     
client [58] (testset)   loss: 3.9444 -> 4.4272  accuracy: 40.00% -> 44.62%     
---------------------------- TRAINING EPOCH: 160 ----------------------------  
client [48] (testset)   loss: 3.7131 -> 4.2348  accuracy: 43.64% -> 44.85%     
client [76] (testset)   loss: 3.8555 -> 3.5367  accuracy: 34.64% -> 36.87%     
client [67] (testset)   loss: 3.5394 -> 3.0304  accuracy: 38.46% -> 48.35%     
client [37] (testset)   loss: 3.5974 -> 3.5586  accuracy: 29.81% -> 43.27%     
client [58] (testset)   loss: 4.2395 -> 4.7945  accuracy: 40.00% -> 43.08%     
client [64] (testset)   loss: 3.5667 -> 2.9697  accuracy: 37.16% -> 54.73%     
client [77] (testset)   loss: 3.3620 -> 3.0066  accuracy: 38.20% -> 50.56%     
client [55] (testset)   loss: 2.6947 -> 2.6076  accuracy: 50.72% -> 61.59%     
client [12] (testset)   loss: 2.6144 -> 2.5905  accuracy: 43.18% -> 57.58%     
client [89] (testset)   loss: 4.0776 -> 4.3381  accuracy: 37.58% -> 39.49%     
---------------------------- TRAINING EPOCH: 170 ----------------------------  
client [84] (testset)   loss: 4.3610 -> 4.7268  accuracy: 38.56% -> 41.10%     
client [51] (testset)   loss: 3.4674 -> 3.9855  accuracy: 44.59% -> 49.32%     
client [8]  (testset)   loss: 4.3520 -> 4.4315  accuracy: 43.72% -> 49.75%     
client [18] (testset)   loss: 2.9987 -> 3.0791  accuracy: 44.53% -> 57.03%     
client [94] (testset)   loss: 4.0339 -> 4.3231  accuracy: 32.31% -> 40.77%     
client [81] (testset)   loss: 3.3479 -> 3.3473  accuracy: 38.41% -> 47.02%     
client [3]  (testset)   loss: 2.5645 -> 2.6390  accuracy: 57.03% -> 58.59%     
client [11] (testset)   loss: 3.3532 -> 3.3663  accuracy: 44.07% -> 53.67%     
client [95] (testset)   loss: 4.0548 -> 4.1876  accuracy: 37.35% -> 43.98%     
client [67] (testset)   loss: 3.4380 -> 3.1435  accuracy: 39.01% -> 50.55%     
---------------------------- TRAINING EPOCH: 180 ----------------------------  
client [21] (testset)   loss: 3.6383 -> 3.0565  accuracy: 30.61% -> 47.62%     
client [79] (testset)   loss: 2.5328 -> 2.4710  accuracy: 56.42% -> 64.80%     
client [58] (testset)   loss: 4.3901 -> 4.8990  accuracy: 43.08% -> 47.69%     
client [88] (testset)   loss: 3.7350 -> 3.6490  accuracy: 36.87% -> 46.37%     
client [46] (testset)   loss: 3.0240 -> 2.8317  accuracy: 42.86% -> 61.90%     
client [11] (testset)   loss: 3.3153 -> 3.3801  accuracy: 48.02% -> 51.98%     
client [55] (testset)   loss: 3.1122 -> 2.8756  accuracy: 47.83% -> 53.62%     
client [13] (testset)   loss: 3.7907 -> 3.8267  accuracy: 37.43% -> 47.95%     
client [31] (testset)   loss: 4.3093 -> 4.9730  accuracy: 41.05% -> 45.26%     
client [75] (testset)   loss: 3.5194 -> 3.7045  accuracy: 46.23% -> 49.53%     
---------------------------- TRAINING EPOCH: 190 ----------------------------  
client [19] (testset)   loss: 3.9757 -> 4.2370  accuracy: 35.37% -> 42.68%     
client [7]  (testset)   loss: 4.8116 -> 4.1312  accuracy: 32.89% -> 43.86%     
client [57] (testset)   loss: 3.1441 -> 3.0215  accuracy: 44.79% -> 55.21%     
client [13] (testset)   loss: 3.6353 -> 3.7622  accuracy: 39.77% -> 47.95%     
client [43] (testset)   loss: 4.3779 -> 3.9830  accuracy: 34.07% -> 42.22%     
client [91] (testset)   loss: 3.8858 -> 2.7421  accuracy: 32.89% -> 44.74%     
client [10] (testset)   loss: 3.6460 -> 3.6089  accuracy: 37.50% -> 48.08%     
client [64] (testset)   loss: 3.4704 -> 3.4516  accuracy: 40.54% -> 51.35%     
client [82] (testset)   loss: 3.7955 -> 3.6488  accuracy: 38.37% -> 46.51%     
client [22] (testset)   loss: 4.5481 -> 4.7272  accuracy: 37.50% -> 41.45%     
---------------------------- TRAINING EPOCH: 200 ----------------------------  
client [20] (testset)   loss: 3.4073 -> 3.0797  accuracy: 50.00% -> 58.42%     
client [23] (testset)   loss: 3.6482 -> 3.4100  accuracy: 35.45% -> 44.55%     
client [88] (testset)   loss: 3.7609 -> 4.0907  accuracy: 35.75% -> 46.37%     
client [98] (testset)   loss: 4.0185 -> 3.9969  accuracy: 35.92% -> 42.25%     
client [79] (testset)   loss: 2.6541 -> 2.6927  accuracy: 59.78% -> 62.57%     
client [21] (testset)   loss: 3.7687 -> 3.0900  accuracy: 29.25% -> 47.62%     
client [92] (testset)   loss: 4.0508 -> 3.9436  accuracy: 34.69% -> 37.76%     
client [56] (testset)   loss: 3.4538 -> 2.6265  accuracy: 39.29% -> 54.76%     
client [5]  (testset)   loss: 4.4204 -> 4.1817  accuracy: 35.58% -> 47.24%     
client [52] (testset)   loss: 3.6110 -> 4.3946  accuracy: 44.03% -> 47.76%     
---------------------------- TRAINING EPOCH: 210 ----------------------------  
client [67] (testset)   loss: 4.1039 -> 4.0936  accuracy: 42.86% -> 43.96%     
client [54] (testset)   loss: 4.8228 -> 5.3905  accuracy: 39.17% -> 43.33%     
client [14] (testset)   loss: 3.6834 -> 4.0993  accuracy: 35.06% -> 46.75%     
client [99] (testset)   loss: 4.7784 -> 4.8472  accuracy: 27.74% -> 38.69%     
client [36] (testset)   loss: 4.2480 -> 4.0775  accuracy: 34.51% -> 40.71%     
client [30] (testset)   loss: 4.6650 -> 4.6633  accuracy: 33.70% -> 36.46%     
client [38] (testset)   loss: 3.7344 -> 3.6112  accuracy: 39.11% -> 51.96%     
client [15] (testset)   loss: 3.7137 -> 3.8223  accuracy: 32.12% -> 46.72%     
client [6]  (testset)   loss: 4.3321 -> 4.5039  accuracy: 31.34% -> 50.75%     
client [53] (testset)   loss: 3.7342 -> 3.8964  accuracy: 42.55% -> 48.23%     
---------------------------- TRAINING EPOCH: 220 ----------------------------  
client [99] (testset)   loss: 5.1956 -> 5.2332  accuracy: 29.93% -> 35.77%     
client [6]  (testset)   loss: 4.4707 -> 5.7163  accuracy: 31.34% -> 43.28%     
client [83] (testset)   loss: 4.0988 -> 3.9532  accuracy: 40.13% -> 44.08%     
client [42] (testset)   loss: 3.8731 -> 3.9240  accuracy: 47.95% -> 54.79%     
client [34] (testset)   loss: 4.3312 -> 4.8624  accuracy: 35.91% -> 41.99%     
client [15] (testset)   loss: 3.8259 -> 3.8198  accuracy: 34.31% -> 46.72%     
client [47] (testset)   loss: 4.5733 -> 4.3961  accuracy: 31.30% -> 43.48%     
client [55] (testset)   loss: 3.2170 -> 3.5124  accuracy: 48.55% -> 51.45%     
client [51] (testset)   loss: 3.8789 -> 4.1400  accuracy: 43.92% -> 46.62%     
client [95] (testset)   loss: 4.7104 -> 4.7740  accuracy: 33.73% -> 44.58%     
---------------------------- TRAINING EPOCH: 230 ----------------------------  
client [71] (testset)   loss: 4.3527 -> 4.0971  accuracy: 29.01% -> 37.40%     
client [15] (testset)   loss: 4.1403 -> 4.2511  accuracy: 29.20% -> 43.07%     
client [33] (testset)   loss: 4.0708 -> 4.1501  accuracy: 27.52% -> 40.37%     
client [99] (testset)   loss: 5.1117 -> 5.2989  accuracy: 32.85% -> 34.31%     
client [90] (testset)   loss: 2.6939 -> 2.6617  accuracy: 47.06% -> 60.29%     
client [57] (testset)   loss: 3.6673 -> 3.2917  accuracy: 48.47% -> 55.21%     
client [27] (testset)   loss: 3.5799 -> 3.7291  accuracy: 38.75% -> 46.88%     
client [78] (testset)   loss: 3.5650 -> 3.5785  accuracy: 42.77% -> 51.57%     
client [36] (testset)   loss: 4.1878 -> 4.1870  accuracy: 34.51% -> 38.94%     
client [88] (testset)   loss: 4.3691 -> 4.2501  accuracy: 31.28% -> 50.84%     
---------------------------- TRAINING EPOCH: 240 ----------------------------  
client [70] (testset)   loss: 4.2308 -> 4.0465  accuracy: 47.20% -> 56.52%     
client [35] (testset)   loss: 5.1538 -> 4.7090  accuracy: 30.10% -> 46.43%     
client [16] (testset)   loss: 4.7748 -> 4.4793  accuracy: 39.67% -> 43.80%     
client [80] (testset)   loss: 3.1842 -> 2.7368  accuracy: 50.93% -> 60.25%     
client [38] (testset)   loss: 4.0765 -> 3.7211  accuracy: 37.43% -> 55.31%     
client [78] (testset)   loss: 3.7875 -> 3.8818  accuracy: 45.28% -> 52.20%     
client [68] (testset)   loss: 4.5781 -> 4.3383  accuracy: 36.97% -> 49.58%     
client [11] (testset)   loss: 3.8375 -> 4.3950  accuracy: 47.46% -> 54.24%     
client [64] (testset)   loss: 4.0233 -> 3.8278  accuracy: 40.54% -> 50.68%     
client [82] (testset)   loss: 4.3485 -> 4.5018  accuracy: 34.88% -> 40.70%     
---------------------------- TRAINING EPOCH: 250 ----------------------------  
client [30] (testset)   loss: 5.6903 -> 5.5209  accuracy: 35.36% -> 37.02%     
client [27] (testset)   loss: 4.0485 -> 4.4675  accuracy: 38.75% -> 46.88%     
client [74] (testset)   loss: 3.7824 -> 3.6005  accuracy: 44.39% -> 56.12%     
client [45] (testset)   loss: 4.3076 -> 3.8389  accuracy: 38.50% -> 53.98%     
client [6]  (testset)   loss: 4.6317 -> 5.6038  accuracy: 29.85% -> 35.82%     
client [36] (testset)   loss: 4.3757 -> 4.7692  accuracy: 38.94% -> 38.94%     
client [63] (testset)   loss: 4.3199 -> 4.2922  accuracy: 40.87% -> 48.56%     
client [76] (testset)   loss: 5.0331 -> 5.0801  accuracy: 32.40% -> 36.87%     
client [83] (testset)   loss: 4.3196 -> 4.2961  accuracy: 37.50% -> 46.71%     
client [86] (testset)   loss: 3.2756 -> 3.4242  accuracy: 45.76% -> 50.85%     
---------------------------- TRAINING EPOCH: 260 ----------------------------  
client [83] (testset)   loss: 4.4320 -> 4.2819  accuracy: 39.47% -> 47.37%     
client [99] (testset)   loss: 5.5860 -> 5.7207  accuracy: 29.93% -> 36.50%     
client [74] (testset)   loss: 3.5788 -> 3.6235  accuracy: 48.47% -> 54.59%     
client [73] (testset)   loss: 4.5017 -> 4.3248  accuracy: 41.01% -> 45.32%     
client [29] (testset)   loss: 3.7619 -> 4.2063  accuracy: 42.67% -> 44.00%     
client [92] (testset)   loss: 4.3853 -> 4.5821  accuracy: 44.90% -> 40.82%     
client [6]  (testset)   loss: 4.8759 -> 6.1902  accuracy: 29.85% -> 37.31%     
client [61] (testset)   loss: 5.0319 -> 5.1238  accuracy: 28.15% -> 31.11%     
client [21] (testset)   loss: 3.9689 -> 3.7399  accuracy: 31.97% -> 41.50%     
client [67] (testset)   loss: 4.3083 -> 4.3763  accuracy: 43.96% -> 46.15%     
---------------------------- TRAINING EPOCH: 270 ----------------------------  
client [83] (testset)   loss: 4.5426 -> 4.6186  accuracy: 35.53% -> 48.68%     
client [32] (testset)   loss: 4.0125 -> 3.7838  accuracy: 37.89% -> 48.42%     
client [95] (testset)   loss: 4.9023 -> 5.2145  accuracy: 35.54% -> 41.57%     
client [61] (testset)   loss: 5.2386 -> 5.2300  accuracy: 31.11% -> 34.07%     
client [27] (testset)   loss: 3.7531 -> 4.1273  accuracy: 42.50% -> 48.12%     
client [25] (testset)   loss: 3.7307 -> 3.1363  accuracy: 36.46% -> 54.17%     
client [68] (testset)   loss: 4.5838 -> 4.6008  accuracy: 38.24% -> 48.74%     
client [34] (testset)   loss: 4.6437 -> 5.4616  accuracy: 39.23% -> 45.86%     
client [71] (testset)   loss: 5.0695 -> 4.5759  accuracy: 29.77% -> 41.22%     
client [89] (testset)   loss: 4.6288 -> 5.5321  accuracy: 36.94% -> 37.58%     
---------------------------- TRAINING EPOCH: 280 ----------------------------  
client [78] (testset)   loss: 4.1838 -> 4.4455  accuracy: 43.40% -> 51.57%     
client [81] (testset)   loss: 4.1415 -> 3.6396  accuracy: 39.74% -> 49.01%     
client [51] (testset)   loss: 4.6443 -> 5.2824  accuracy: 41.89% -> 40.54%     
client [54] (testset)   loss: 5.2164 -> 5.9466  accuracy: 41.67% -> 39.17%     
client [65] (testset)   loss: 4.6482 -> 4.6463  accuracy: 33.64% -> 41.82%     
client [41] (testset)   loss: 5.1242 -> 5.0086  accuracy: 33.06% -> 36.29%     
client [11] (testset)   loss: 4.1473 -> 4.5250  accuracy: 46.89% -> 53.11%     
client [85] (testset)   loss: 4.8308 -> 5.2857  accuracy: 39.55% -> 45.52%     
client [12] (testset)   loss: 3.3476 -> 3.2756  accuracy: 47.73% -> 55.30%     
client [23] (testset)   loss: 4.0633 -> 3.9213  accuracy: 40.91% -> 40.00%     
---------------------------- TRAINING EPOCH: 290 ----------------------------  
client [16] (testset)   loss: 5.1136 -> 5.2733  accuracy: 38.02% -> 41.32%     
client [65] (testset)   loss: 4.5800 -> 4.4079  accuracy: 34.55% -> 48.18%     
client [53] (testset)   loss: 4.4101 -> 4.3771  accuracy: 36.17% -> 46.81%     
client [58] (testset)   loss: 5.2480 -> 5.4979  accuracy: 37.69% -> 39.23%     
client [72] (testset)   loss: 5.5401 -> 5.4499  accuracy: 28.36% -> 38.06%     
client [7]  (testset)   loss: 5.2449 -> 5.1109  accuracy: 36.40% -> 42.11%     
client [71] (testset)   loss: 5.2610 -> 5.1456  accuracy: 25.95% -> 31.30%     
client [59] (testset)   loss: 5.5526 -> 5.7184  accuracy: 41.63% -> 45.92%     
client [86] (testset)   loss: 3.1577 -> 3.1874  accuracy: 42.37% -> 53.39%     
client [39] (testset)   loss: 4.4242 -> 4.8939  accuracy: 37.72% -> 41.92%     
---------------------------- TRAINING EPOCH: 300 ----------------------------  
client [99] (testset)   loss: 6.2013 -> 6.3954  accuracy: 31.39% -> 32.12%     
client [7]  (testset)   loss: 5.8627 -> 5.4037  accuracy: 33.33% -> 41.67%     
client [17] (testset)   loss: 5.4190 -> 5.6035  accuracy: 40.60% -> 42.86%     
client [64] (testset)   loss: 4.8341 -> 4.1348  accuracy: 37.84% -> 49.32%     
client [37] (testset)   loss: 4.3867 -> 4.6116  accuracy: 37.50% -> 46.15%     
client [29] (testset)   loss: 4.1906 -> 4.1546  accuracy: 46.67% -> 49.33%     
client [93] (testset)   loss: 4.5896 -> 4.2888  accuracy: 33.60% -> 46.40%     
client [73] (testset)   loss: 4.8406 -> 4.4601  accuracy: 35.25% -> 44.60%     
client [40] (testset)   loss: 3.5280 -> 3.9395  accuracy: 47.44% -> 42.31%     
client [76] (testset)   loss: 5.1131 -> 4.6231  accuracy: 34.08% -> 40.22%     
---------------------------- TRAINING EPOCH: 310 ----------------------------  
client [31] (testset)   loss: 5.9173 -> 5.7616  accuracy: 41.05% -> 46.32%     
client [89] (testset)   loss: 5.7571 -> 6.0733  accuracy: 37.58% -> 38.22%     
client [77] (testset)   loss: 4.6644 -> 4.3000  accuracy: 38.20% -> 46.63%     
client [90] (testset)   loss: 3.2269 -> 3.1712  accuracy: 55.15% -> 60.29%     
client [26] (testset)   loss: 4.4373 -> 3.3685  accuracy: 30.09% -> 52.21%     
client [50] (testset)   loss: 3.1433 -> 3.2214  accuracy: 51.00% -> 56.00%     
client [30] (testset)   loss: 6.2443 -> 5.9999  accuracy: 34.81% -> 39.23%     
client [70] (testset)   loss: 4.5285 -> 4.6031  accuracy: 49.07% -> 53.42%     
client [41] (testset)   loss: 6.0246 -> 6.5818  accuracy: 33.06% -> 34.68%     
client [99] (testset)   loss: 6.3339 -> 6.7670  accuracy: 29.93% -> 30.66%     
---------------------------- TRAINING EPOCH: 320 ----------------------------  
client [68] (testset)   loss: 4.9138 -> 5.1161  accuracy: 39.92% -> 46.64%     
client [70] (testset)   loss: 4.1916 -> 4.2102  accuracy: 44.10% -> 52.80%     
client [52] (testset)   loss: 4.7005 -> 4.6804  accuracy: 44.78% -> 48.51%     
client [1]  (testset)   loss: 3.9610 -> 4.0758  accuracy: 38.12% -> 46.41%     
client [2]  (testset)   loss: 5.6741 -> 5.6608  accuracy: 40.18% -> 40.18%     
client [67] (testset)   loss: 4.8707 -> 5.0229  accuracy: 41.21% -> 38.46%     
client [92] (testset)   loss: 5.3627 -> 5.1365  accuracy: 39.80% -> 39.80%     
client [35] (testset)   loss: 5.7198 -> 5.0894  accuracy: 34.18% -> 47.45%     
client [36] (testset)   loss: 4.7862 -> 4.9714  accuracy: 36.28% -> 40.71%     
client [64] (testset)   loss: 4.7116 -> 4.1942  accuracy: 40.54% -> 45.95%     
---------------------------- TRAINING EPOCH: 330 ----------------------------  
client [44] (testset)   loss: 5.1342 -> 5.2859  accuracy: 38.56% -> 42.48%     
client [6]  (testset)   loss: 5.7096 -> 6.9040  accuracy: 34.33% -> 40.30%     
client [12] (testset)   loss: 3.7049 -> 3.5083  accuracy: 46.97% -> 55.30%     
client [55] (testset)   loss: 3.7562 -> 3.7064  accuracy: 46.38% -> 55.07%     
client [29] (testset)   loss: 4.5306 -> 4.3759  accuracy: 44.67% -> 50.00%     
client [9]  (testset)   loss: 4.6898 -> 4.5321  accuracy: 40.94% -> 42.95%     
client [43] (testset)   loss: 5.5068 -> 5.7762  accuracy: 31.11% -> 40.74%     
client [77] (testset)   loss: 4.7293 -> 4.5153  accuracy: 38.76% -> 48.88%     
client [98] (testset)   loss: 4.9934 -> 5.0098  accuracy: 36.62% -> 40.85%     
client [78] (testset)   loss: 4.6625 -> 4.8926  accuracy: 45.28% -> 50.31%     
---------------------------- TRAINING EPOCH: 340 ----------------------------  
client [92] (testset)   loss: 5.8190 -> 5.6949  accuracy: 42.86% -> 40.82%     
client [80] (testset)   loss: 3.4333 -> 2.8097  accuracy: 52.17% -> 63.35%     
client [63] (testset)   loss: 5.4126 -> 5.1803  accuracy: 37.98% -> 46.15%     
client [76] (testset)   loss: 5.6313 -> 4.7139  accuracy: 33.52% -> 42.46%     
client [78] (testset)   loss: 4.7379 -> 5.9861  accuracy: 44.65% -> 47.17%     
client [25] (testset)   loss: 4.1825 -> 3.4575  accuracy: 42.71% -> 53.12%     
client [58] (testset)   loss: 5.8488 -> 7.6699  accuracy: 39.23% -> 35.38%     
client [13] (testset)   loss: 4.3400 -> 4.3955  accuracy: 39.77% -> 43.27%     
client [17] (testset)   loss: 5.3728 -> 5.6793  accuracy: 43.61% -> 43.61%     
client [38] (testset)   loss: 5.0934 -> 5.1644  accuracy: 43.58% -> 49.16%     
---------------------------- TRAINING EPOCH: 350 ----------------------------  
client [72] (testset)   loss: 6.7131 -> 6.3817  accuracy: 31.34% -> 35.82%     
client [82] (testset)   loss: 5.0934 -> 4.7725  accuracy: 38.37% -> 44.19%     
client [86] (testset)   loss: 3.4955 -> 3.4894  accuracy: 40.68% -> 53.39%     
client [51] (testset)   loss: 5.1921 -> 5.2472  accuracy: 43.92% -> 47.30%     
client [96] (testset)   loss: 4.7726 -> 4.7372  accuracy: 48.55% -> 54.34%     
client [42] (testset)   loss: 5.4373 -> 5.1605  accuracy: 45.89% -> 51.37%     
client [55] (testset)   loss: 4.1000 -> 4.0643  accuracy: 47.83% -> 55.07%     
client [13] (testset)   loss: 4.6953 -> 4.7462  accuracy: 38.60% -> 42.69%     
client [1]  (testset)   loss: 4.0555 -> 4.6717  accuracy: 43.09% -> 45.86%     
client [12] (testset)   loss: 3.6489 -> 3.3896  accuracy: 50.00% -> 56.06%     
---------------------------- TRAINING EPOCH: 360 ----------------------------  
client [68] (testset)   loss: 5.5052 -> 5.2979  accuracy: 41.60% -> 49.16%     
client [23] (testset)   loss: 4.7782 -> 4.7331  accuracy: 40.00% -> 40.91%     
client [46] (testset)   loss: 4.0877 -> 4.0967  accuracy: 50.48% -> 61.90%     
client [41] (testset)   loss: 6.1407 -> 6.3082  accuracy: 34.68% -> 37.90%     
client [25] (testset)   loss: 4.0016 -> 3.5892  accuracy: 44.79% -> 53.12%     
client [58] (testset)   loss: 5.9076 -> 6.0278  accuracy: 40.00% -> 43.85%     
client [14] (testset)   loss: 4.8630 -> 4.9739  accuracy: 37.66% -> 44.16%     
client [33] (testset)   loss: 4.9010 -> 4.9851  accuracy: 34.86% -> 44.04%     
client [85] (testset)   loss: 5.5279 -> 6.0629  accuracy: 39.55% -> 42.54%     
client [62] (testset)   loss: 5.8107 -> 5.6878  accuracy: 38.83% -> 44.17%     
---------------------------- TRAINING EPOCH: 370 ----------------------------  
client [98] (testset)   loss: 5.5695 -> 5.3615  accuracy: 34.51% -> 38.03%     
client [63] (testset)   loss: 5.7581 -> 5.4117  accuracy: 35.58% -> 45.19%     
client [70] (testset)   loss: 4.7925 -> 4.7845  accuracy: 50.31% -> 56.52%     
client [65] (testset)   loss: 4.7982 -> 4.6865  accuracy: 32.73% -> 47.27%     
client [14] (testset)   loss: 5.1557 -> 5.0348  accuracy: 36.36% -> 44.16%     
client [73] (testset)   loss: 5.5704 -> 5.1304  accuracy: 38.13% -> 45.32%     
client [34] (testset)   loss: 5.7798 -> 5.8444  accuracy: 40.88% -> 39.78%     
client [99] (testset)   loss: 6.4942 -> 6.5135  accuracy: 26.28% -> 34.31%     
client [69] (testset)   loss: 4.4576 -> 4.3545  accuracy: 53.79% -> 55.60%     
client [46] (testset)   loss: 4.3076 -> 4.1497  accuracy: 52.38% -> 60.95%     
---------------------------- TRAINING EPOCH: 380 ----------------------------  
client [99] (testset)   loss: 7.0457 -> 6.8479  accuracy: 29.20% -> 29.93%     
client [93] (testset)   loss: 4.8430 -> 4.4724  accuracy: 36.00% -> 46.40%     
client [11] (testset)   loss: 4.9591 -> 4.8489  accuracy: 49.15% -> 55.93%     
client [58] (testset)   loss: 6.3900 -> 6.3365  accuracy: 39.23% -> 38.46%     
client [81] (testset)   loss: 4.8775 -> 4.7483  accuracy: 41.72% -> 45.70%     
client [85] (testset)   loss: 6.3584 -> 6.2027  accuracy: 40.30% -> 44.03%     
client [89] (testset)   loss: 6.5065 -> 6.4618  accuracy: 35.67% -> 37.58%     
client [45] (testset)   loss: 4.7173 -> 4.2913  accuracy: 44.69% -> 50.00%     
client [8]  (testset)   loss: 6.3524 -> 6.1284  accuracy: 46.23% -> 50.25%     
client [68] (testset)   loss: 6.0738 -> 5.8527  accuracy: 42.02% -> 44.96%     
---------------------------- TRAINING EPOCH: 390 ----------------------------  
client [67] (testset)   loss: 4.9195 -> 4.8211  accuracy: 41.76% -> 43.96%     
client [72] (testset)   loss: 6.7713 -> 8.2432  accuracy: 30.60% -> 32.84%     
client [1]  (testset)   loss: 4.4737 -> 4.7853  accuracy: 42.54% -> 46.41%     
client [78] (testset)   loss: 4.8842 -> 5.1248  accuracy: 44.65% -> 49.69%     
client [83] (testset)   loss: 5.4535 -> 5.2943  accuracy: 38.16% -> 46.05%     
client [21] (testset)   loss: 4.6777 -> 4.6344  accuracy: 38.78% -> 42.18%     
client [56] (testset)   loss: 4.9916 -> 4.0797  accuracy: 41.67% -> 54.76%     
client [44] (testset)   loss: 5.6907 -> 5.8994  accuracy: 34.64% -> 39.22%     
client [92] (testset)   loss: 5.8085 -> 5.7260  accuracy: 40.82% -> 42.86%     
client [27] (testset)   loss: 4.8637 -> 4.9265  accuracy: 38.12% -> 43.75%     
---------------------------- TRAINING EPOCH: 400 ----------------------------  
client [10] (testset)   loss: 5.0382 -> 4.9672  accuracy: 39.42% -> 41.35%     
client [39] (testset)   loss: 5.0373 -> 5.2246  accuracy: 34.73% -> 42.51%     
client [65] (testset)   loss: 4.7913 -> 4.7340  accuracy: 33.64% -> 50.00%     
client [26] (testset)   loss: 4.6240 -> 4.2695  accuracy: 36.28% -> 44.25%     
client [19] (testset)   loss: 5.1087 -> 5.0798  accuracy: 39.63% -> 43.90%     
client [68] (testset)   loss: 5.7136 -> 5.6963  accuracy: 43.28% -> 45.80%     
client [41] (testset)   loss: 6.5647 -> 6.1470  accuracy: 34.68% -> 36.29%     
client [50] (testset)   loss: 3.7311 -> 3.8762  accuracy: 52.00% -> 51.00%     
client [75] (testset)   loss: 4.6264 -> 4.5241  accuracy: 47.17% -> 49.06%     
client [81] (testset)   loss: 4.8157 -> 4.8377  accuracy: 43.71% -> 45.03%     
FedFewA's average time taken by each global epoch: 0 min 2.31 sec.             
FedFewA's total running time: 0 h 15 m 32 s.                                   
==================== FedFewA Experiment Results: ====================          
Display format: (before local fine-tuning) -> (after local fine-tuning)        
 So if finetune_epoch = 0, x.xx% -> 0.00% is normal.                           
 Centralized testing ONLY happens after model aggregation, so the stats between
'->' are the same.                                                             
{                                                                              
    "100": {                                                                   
        "all_clients": {                                                       
            "test": {                                                          
                "loss": "3.1971 -> 0.0000",                                    
                "accuracy": "37.68% -> 0.00%"                                  
            }                                                                  
        }                                                                      
    },                                                                         
    "200": {                                                                   
        "all_clients": {                                                       
            "test": {                                                          
                "loss": "3.8070 -> 0.0000",                                    
                "accuracy": "39.15% -> 0.00%"                                  
            }                                                                  
        }                                                                      
    },                                                                         
    "300": {                                                                   
        "all_clients": {                                                       
            "test": {                                                          
                "loss": "4.7085 -> 0.0000",                                    
                "accuracy": "40.60% -> 0.00%"                                  
            }                                                                  
        }                                                                      
    },                                                                         
    "400": {                                                                   
        "all_clients": {                                                       
            "test": {                                                          
                "loss": "5.4984 -> 0.0000",                                    
                "accuracy": "41.83% -> 0.00%"                                  
            }                                                                  
        }                                                                      
    }                                                                          
}                                                                              
==================== FedFewA Max Accuracy ====================                 
all_clients:                                                                   
(test) before fine-tuning: 41.83% at epoch 400                                 
(test) after fine-tuning: 0.00% at epoch 100                                   
