==================== FedFew ====================                               
Experiment Arguments:                                                          
{
    'method': 'fedfew',
    'dataset': {
        'name': 'medmnistA',
        'client_num': 100,
        'test_ratio': 0.25,
        'val_ratio': 0.0,
        'seed': 42,
        'split': 'sample',
        'IID_ratio': 0.0,
        'monitor_window_name_suffix': 'medmnistA-100clients-0%IID-Dir(0.1)-seed42',
        'alpha': 0.1,
        'min_samples_per_client': 10
    },
    'model': {
        'name': 'avgcnn',
        'use_torchvision_pretrained_weights': True,
        'external_model_weights_path': None
    },
    'optimizer': {
        'lr': 0.01,
        'dampening': 0,
        'weight_decay': 0,
        'momentum': 0.7,
        'nesterov': False,
        'name': 'sgd'
    },
    'mode': 'serial',
    'parallel': {
        'ray_cluster_addr': None,
        'num_cpus': None,
        'num_gpus': None,
        'num_workers': 2
    },
    'common': {
        'seed': 42,
        'join_ratio': 0.1,
        'global_epoch': 200,
        'local_epoch': 5,
        'batch_size': 32,
        'reset_optimizer_on_global_epoch': True,
        'straggler_ratio': 0,
        'straggler_min_local_epoch': 0,
        'buffers': 'global',
        'client_side_evaluation': True,
        'test': {
            'client': {
                'interval': 100,
                'finetune_epoch': 0,
                'train': False,
                'val': False,
                'test': True
            },
            'server': {
                'interval': -1,
                'train': False,
                'val': False,
                'test': True,
                'model_in_train_mode': False
            }
        },
        'verbose_gap': 10,
        'monitor': None,
        'use_cuda': True,
        'save_log': True,
        'save_model': False,
        'save_learning_curve_plot': True,
        'save_metrics': True,
        'delete_useless_run': True
    },
    'fedprox': {
        'mu': 0.01
    },
    'pfedsim': {
        'warmup_round': 0.5
    },
    'fedfew': {
        'ig_ratio': 0.7,
        'alpha': 0.5,
        'norm': 'global',
        'EMA': False,
        'track': False,
        'type': 'Main'
    }
}
---------------------------- TRAINING EPOCH: 10 ----------------------------   
client [77] (testset)   loss: 0.9671 -> 0.9907  accuracy: 58.33% -> 58.33%     
client [81] (testset)   loss: 0.7946 -> 0.8115  accuracy: 54.74% -> 54.74%     
client [21] (testset)   loss: 2.4612 -> 0.9022  accuracy: 1.59% -> 53.44%      
client [68] (testset)   loss: 0.0117 -> 0.0180  accuracy: 100.00% -> 100.00%   
client [93] (testset)   loss: 0.6002 -> 0.6293  accuracy: 88.89% -> 88.89%     
client [31] (testset)   loss: 1.4998 -> 1.3484  accuracy: 55.00% -> 55.00%     
client [20] (testset)   loss: 0.5856 -> 0.5959  accuracy: 88.08% -> 88.08%     
client [59] (testset)   loss: 2.3582 -> 0.9449  accuracy: 0.00% -> 42.00%      
client [48] (testset)   loss: 0.7386 -> 0.7339  accuracy: 74.14% -> 74.14%     
client [34] (testset)   loss: 1.3571 -> 1.3937  accuracy: 37.04% -> 28.40%     
---------------------------- TRAINING EPOCH: 20 ----------------------------   
client [69] (testset)   loss: 1.0400 -> 1.1697  accuracy: 63.83% -> 63.83%     
client [99] (testset)   loss: 1.1754 -> 1.1718  accuracy: 63.53% -> 63.53%     
client [67] (testset)   loss: 1.2247 -> 1.1273  accuracy: 55.29% -> 55.29%     
client [0]  (testset)   loss: 0.8920 -> 0.9015  accuracy: 60.35% -> 60.35%     
client [76] (testset)   loss: 1.2951 -> 1.2692  accuracy: 52.13% -> 52.13%     
client [41] (testset)   loss: 0.8733 -> 0.8263  accuracy: 36.62% -> 59.15%     
client [62] (testset)   loss: 2.3491 -> 0.9965  accuracy: 10.00% -> 65.00%     
client [2]  (testset)   loss: 2.4438 -> 1.6459  accuracy: 0.00% -> 37.14%      
client [14] (testset)   loss: 0.1583 -> 0.1676  accuracy: 97.22% -> 97.22%     
client [46] (testset)   loss: 0.8976 -> 0.8311  accuracy: 59.30% -> 59.30%     
---------------------------- TRAINING EPOCH: 30 ----------------------------   
client [24] (testset)   loss: 0.1660 -> 0.1654  accuracy: 96.84% -> 96.84%     
client [68] (testset)   loss: 0.0105 -> 0.0245  accuracy: 100.00% -> 100.00%   
client [57] (testset)   loss: 0.7518 -> 0.6189  accuracy: 19.53% -> 79.69%     
client [17] (testset)   loss: 1.4910 -> 1.4794  accuracy: 38.46% -> 21.54%     
client [54] (testset)   loss: 0.6538 -> 0.6533  accuracy: 80.00% -> 80.00%     
client [23] (testset)   loss: 2.4040 -> 0.9286  accuracy: 0.00% -> 56.67%      
client [35] (testset)   loss: 1.1673 -> 1.1969  accuracy: 46.30% -> 32.87%     
client [59] (testset)   loss: 0.9515 -> 0.9562  accuracy: 52.00% -> 52.00%     
client [31] (testset)   loss: 1.3702 -> 1.3786  accuracy: 55.00% -> 55.00%     
client [9]  (testset)   loss: 0.6568 -> 0.6577  accuracy: 83.44% -> 83.44%     
---------------------------- TRAINING EPOCH: 40 ----------------------------   
client [64] (testset)   loss: 0.8569 -> 0.8494  accuracy: 66.67% -> 66.67%     
client [33] (testset)   loss: 0.8740 -> 0.7008  accuracy: 75.00% -> 75.00%     
client [16] (testset)   loss: 0.2976 -> 0.2990  accuracy: 92.63% -> 92.63%     
client [44] (testset)   loss: 1.3494 -> 1.7869  accuracy: 61.54% -> 0.00%      
client [8]  (testset)   loss: 1.7440 -> 1.7623  accuracy: 40.91% -> 40.91%     
client [31] (testset)   loss: 1.4295 -> 1.3626  accuracy: 55.00% -> 55.00%     
client [47] (testset)   loss: 0.9968 -> 1.0018  accuracy: 48.19% -> 48.19%     
client [36] (testset)   loss: 1.6017 -> 1.4151  accuracy: 30.00% -> 37.50%     
client [20] (testset)   loss: 0.5856 -> 0.5938  accuracy: 88.08% -> 88.08%     
client [56] (testset)   loss: 1.5810 -> 1.6130  accuracy: 44.26% -> 16.39%     
---------------------------- TRAINING EPOCH: 50 ----------------------------   
client [4]  (testset)   loss: 0.8718 -> 0.8812  accuracy: 76.74% -> 76.74%     
client [60] (testset)   loss: 0.1789 -> 0.1804  accuracy: 96.62% -> 96.62%     
client [28] (testset)   loss: 0.9499 -> 1.0719  accuracy: 73.37% -> 73.37%     
client [25] (testset)   loss: 0.7954 -> 0.7910  accuracy: 73.02% -> 73.02%     
client [58] (testset)   loss: 0.2315 -> 0.2305  accuracy: 94.34% -> 94.34%     
client [44] (testset)   loss: 1.7653 -> 1.7508  accuracy: 0.00% -> 61.54%      
client [39] (testset)   loss: 1.6316 -> 1.5884  accuracy: 43.40% -> 43.40%     
client [29] (testset)   loss: 0.9725 -> 0.9094  accuracy: 73.87% -> 73.87%     
client [3]  (testset)   loss: 0.7331 -> 0.7858  accuracy: 63.64% -> 63.64%     
client [84] (testset)   loss: 0.8192 -> 0.8041  accuracy: 40.51% -> 56.96%     
---------------------------- TRAINING EPOCH: 60 ----------------------------   
client [21] (testset)   loss: 0.8879 -> 0.8786  accuracy: 42.06% -> 53.44%     
client [84] (testset)   loss: 0.8034 -> 0.8092  accuracy: 56.96% -> 56.96%     
client [10] (testset)   loss: 0.9347 -> 0.9336  accuracy: 53.62% -> 53.62%     
client [36] (testset)   loss: 1.4049 -> 1.4075  accuracy: 37.50% -> 30.00%     
client [65] (testset)   loss: 0.5724 -> 0.5697  accuracy: 83.56% -> 83.56%     
client [81] (testset)   loss: 0.7924 -> 0.7948  accuracy: 54.74% -> 54.74%     
client [79] (testset)   loss: 1.0633 -> 1.0538  accuracy: 77.78% -> 77.78%     
client [42] (testset)   loss: 1.1382 -> 1.1455  accuracy: 58.33% -> 58.33%     
client [11] (testset)   loss: 1.1923 -> 1.1980  accuracy: 50.88% -> 50.88%     
client [96] (testset)   loss: 1.2129 -> 1.2674  accuracy: 55.39% -> 55.39%     
---------------------------- TRAINING EPOCH: 70 ----------------------------   
client [8]  (testset)   loss: 1.7471 -> 1.6913  accuracy: 40.91% -> 40.91%     
client [53] (testset)   loss: 0.2483 -> 0.2809  accuracy: 94.85% -> 94.85%     
client [52] (testset)   loss: 0.8723 -> 0.8691  accuracy: 75.22% -> 75.22%     
client [42] (testset)   loss: 1.1352 -> 1.1251  accuracy: 58.33% -> 58.33%     
client [69] (testset)   loss: 1.1013 -> 1.0758  accuracy: 63.83% -> 63.83%     
client [59] (testset)   loss: 1.0192 -> 0.9218  accuracy: 52.00% -> 52.00%     
client [7]  (testset)   loss: 0.4760 -> 0.5058  accuracy: 88.85% -> 88.85%     
client [26] (testset)   loss: 1.2557 -> 1.2503  accuracy: 50.53% -> 50.53%     
client [49] (testset)   loss: 0.7577 -> 0.7324  accuracy: 79.77% -> 79.77%     
client [98] (testset)   loss: 0.9497 -> 0.9760  accuracy: 74.68% -> 74.68%     
---------------------------- TRAINING EPOCH: 80 ----------------------------   
client [98] (testset)   loss: 0.9761 -> 0.9660  accuracy: 74.68% -> 74.68%     
client [47] (testset)   loss: 0.9972 -> 0.9973  accuracy: 48.19% -> 48.19%     
client [21] (testset)   loss: 0.8934 -> 0.8772  accuracy: 42.06% -> 53.44%     
client [77] (testset)   loss: 0.9924 -> 1.1906  accuracy: 58.33% -> 58.33%     
client [95] (testset)   loss: 0.3301 -> 0.2810  accuracy: 94.83% -> 94.83%     
client [91] (testset)   loss: 0.6459 -> 0.7328  accuracy: 88.24% -> 88.24%     
client [14] (testset)   loss: 0.1623 -> 0.1647  accuracy: 97.22% -> 97.22%     
client [99] (testset)   loss: 1.2098 -> 1.1679  accuracy: 63.53% -> 63.53%     
client [20] (testset)   loss: 0.5942 -> 0.5988  accuracy: 88.08% -> 88.08%     
client [39] (testset)   loss: 1.6421 -> 1.5863  accuracy: 43.40% -> 43.40%     
---------------------------- TRAINING EPOCH: 90 ----------------------------   
client [52] (testset)   loss: 0.8693 -> 0.8696  accuracy: 75.22% -> 75.22%     
client [62] (testset)   loss: 0.8920 -> 0.9048  accuracy: 65.00% -> 65.00%     
client [71] (testset)   loss: 1.2732 -> 1.2652  accuracy: 50.00% -> 50.00%     
client [97] (testset)   loss: 1.3486 -> 1.3218  accuracy: 47.72% -> 47.72%     
client [30] (testset)   loss: 0.9230 -> 0.8885  accuracy: 41.43% -> 54.29%     
client [88] (testset)   loss: 1.1121 -> 1.0738  accuracy: 67.57% -> 67.57%     
client [60] (testset)   loss: 0.1929 -> 0.2184  accuracy: 96.62% -> 96.62%     
client [82] (testset)   loss: 1.5249 -> 1.5364  accuracy: 46.51% -> 46.51%     
client [91] (testset)   loss: 0.5484 -> 0.5319  accuracy: 88.24% -> 88.24%     
client [57] (testset)   loss: 0.5451 -> 0.5461  accuracy: 79.69% -> 79.69%     
---------------------------- TRAINING EPOCH: 100 ----------------------------  
client [31] (testset)   loss: 1.3801 -> 1.3724  accuracy: 55.00% -> 55.00%     
client [15] (testset)   loss: 0.9118 -> 0.9083  accuracy: 76.47% -> 76.47%     
client [71] (testset)   loss: 1.2656 -> 1.2606  accuracy: 50.00% -> 50.00%     
client [97] (testset)   loss: 1.3314 -> 1.3335  accuracy: 47.72% -> 47.72%     
client [53] (testset)   loss: 0.2307 -> 0.2199  accuracy: 94.85% -> 94.85%     
client [77] (testset)   loss: 1.1867 -> 1.0938  accuracy: 58.33% -> 58.33%     
client [76] (testset)   loss: 1.2773 -> 1.2930  accuracy: 52.13% -> 52.13%     
client [79] (testset)   loss: 1.0804 -> 1.1293  accuracy: 77.78% -> 77.78%     
client [28] (testset)   loss: 0.9608 -> 0.9614  accuracy: 73.37% -> 73.37%     
client [99] (testset)   loss: 1.2004 -> 1.1694  accuracy: 63.53% -> 63.53%     
---------------------------- TRAINING EPOCH: 110 ----------------------------  
client [97] (testset)   loss: 1.3502 -> 1.3153  accuracy: 47.72% -> 47.72%     
client [86] (testset)   loss: 0.5674 -> 0.5103  accuracy: 84.66% -> 84.66%     
client [34] (testset)   loss: 1.3534 -> 1.3610  accuracy: 37.04% -> 37.04%     
client [73] (testset)   loss: 0.7561 -> 0.7326  accuracy: 58.95% -> 58.95%     
client [5]  (testset)   loss: 1.4827 -> 1.4526  accuracy: 21.98% -> 43.96%     
client [96] (testset)   loss: 1.2161 -> 1.2071  accuracy: 55.39% -> 55.39%     
client [22] (testset)   loss: 0.4134 -> 0.4310  accuracy: 89.95% -> 89.95%     
client [60] (testset)   loss: 0.1869 -> 0.1834  accuracy: 96.62% -> 96.62%     
client [66] (testset)   loss: 1.1428 -> 1.0697  accuracy: 30.08% -> 50.78%     
client [83] (testset)   loss: 0.6200 -> 0.6525  accuracy: 85.00% -> 85.00%     
---------------------------- TRAINING EPOCH: 120 ----------------------------  
client [76] (testset)   loss: 1.2683 -> 1.2722  accuracy: 52.13% -> 52.13%     
client [65] (testset)   loss: 0.5687 -> 0.5654  accuracy: 83.56% -> 83.56%     
client [95] (testset)   loss: 0.2864 -> 0.3016  accuracy: 94.83% -> 94.83%     
client [17] (testset)   loss: 1.4650 -> 1.5963  accuracy: 38.46% -> 21.54%     
client [8]  (testset)   loss: 1.7135 -> 1.6772  accuracy: 40.91% -> 40.91%     
client [35] (testset)   loss: 1.1735 -> 1.1642  accuracy: 46.30% -> 46.30%     
client [98] (testset)   loss: 0.9666 -> 0.9821  accuracy: 74.68% -> 74.68%     
client [53] (testset)   loss: 0.2266 -> 0.2342  accuracy: 94.85% -> 94.85%     
client [43] (testset)   loss: 0.3149 -> 0.3162  accuracy: 93.29% -> 93.29%     
client [64] (testset)   loss: 0.8452 -> 0.8426  accuracy: 66.67% -> 66.67%     
---------------------------- TRAINING EPOCH: 130 ----------------------------  
client [21] (testset)   loss: 0.8960 -> 0.8755  accuracy: 53.44% -> 53.44%     
client [88] (testset)   loss: 1.0825 -> 1.0966  accuracy: 67.57% -> 67.57%     
client [38] (testset)   loss: 1.0569 -> 1.0566  accuracy: 66.67% -> 66.67%     
client [3]  (testset)   loss: 0.8471 -> 0.9646  accuracy: 63.64% -> 36.36%     
client [5]  (testset)   loss: 1.4834 -> 1.4499  accuracy: 43.96% -> 43.96%     
client [41] (testset)   loss: 0.8470 -> 0.8585  accuracy: 59.15% -> 59.15%     
client [7]  (testset)   loss: 0.4708 -> 0.4732  accuracy: 88.85% -> 88.85%     
client [37] (testset)   loss: 0.4662 -> 0.5201  accuracy: 87.45% -> 87.45%     
client [45] (testset)   loss: 1.5537 -> 1.5768  accuracy: 44.00% -> 44.00%     
client [47] (testset)   loss: 0.9960 -> 1.0177  accuracy: 48.19% -> 39.76%     
---------------------------- TRAINING EPOCH: 140 ----------------------------  
client [16] (testset)   loss: 0.2969 -> 0.3006  accuracy: 92.63% -> 92.63%     
client [11] (testset)   loss: 1.1722 -> 1.1709  accuracy: 50.88% -> 50.88%     
client [37] (testset)   loss: 0.4710 -> 0.4809  accuracy: 87.45% -> 87.45%     
client [41] (testset)   loss: 0.8580 -> 0.8522  accuracy: 59.15% -> 59.15%     
client [95] (testset)   loss: 0.2986 -> 0.2727  accuracy: 94.83% -> 94.83%     
client [53] (testset)   loss: 0.2339 -> 0.2335  accuracy: 94.85% -> 94.85%     
client [22] (testset)   loss: 0.4819 -> 0.4146  accuracy: 89.95% -> 89.95%     
client [25] (testset)   loss: 0.7656 -> 0.7523  accuracy: 73.02% -> 73.02%     
client [69] (testset)   loss: 1.0407 -> 1.0562  accuracy: 63.83% -> 63.83%     
client [46] (testset)   loss: 0.8343 -> 0.8436  accuracy: 59.30% -> 59.30%     
---------------------------- TRAINING EPOCH: 150 ----------------------------  
client [47] (testset)   loss: 0.9911 -> 1.0010  accuracy: 48.19% -> 39.76%     
client [69] (testset)   loss: 1.0698 -> 1.0933  accuracy: 63.83% -> 63.83%     
client [82] (testset)   loss: 1.5428 -> 1.5362  accuracy: 46.51% -> 46.51%     
client [45] (testset)   loss: 1.5542 -> 1.5428  accuracy: 44.00% -> 44.00%     
client [7]  (testset)   loss: 0.4731 -> 0.4746  accuracy: 88.85% -> 88.85%     
client [50] (testset)   loss: 0.6809 -> 0.6684  accuracy: 79.27% -> 79.27%     
client [35] (testset)   loss: 1.1773 -> 1.1671  accuracy: 46.30% -> 46.30%     
client [24] (testset)   loss: 0.1706 -> 0.1604  accuracy: 96.84% -> 96.84%     
client [15] (testset)   loss: 0.8940 -> 0.9066  accuracy: 76.47% -> 76.47%     
client [58] (testset)   loss: 0.2272 -> 0.2289  accuracy: 94.34% -> 94.34%     
---------------------------- TRAINING EPOCH: 160 ----------------------------  
client [48] (testset)   loss: 0.7418 -> 0.7541  accuracy: 74.14% -> 74.14%     
client [76] (testset)   loss: 1.2690 -> 1.2748  accuracy: 52.13% -> 52.13%     
client [67] (testset)   loss: 1.1255 -> 1.1423  accuracy: 55.29% -> 55.29%     
client [37] (testset)   loss: 0.4731 -> 0.4956  accuracy: 87.45% -> 87.45%     
client [58] (testset)   loss: 0.2375 -> 0.2352  accuracy: 94.34% -> 94.34%     
client [64] (testset)   loss: 0.8385 -> 0.8400  accuracy: 66.67% -> 66.67%     
client [77] (testset)   loss: 1.0048 -> 0.9516  accuracy: 58.33% -> 58.33%     
client [55] (testset)   loss: 2.1651 -> 2.1775  accuracy: 50.00% -> 50.00%     
client [12] (testset)   loss: 0.5206 -> 0.5313  accuracy: 86.14% -> 86.14%     
client [89] (testset)   loss: 2.0773 -> 2.0181  accuracy: 18.75% -> 18.75%     
---------------------------- TRAINING EPOCH: 170 ----------------------------  
client [84] (testset)   loss: 0.8088 -> 0.8039  accuracy: 56.96% -> 56.96%     
client [51] (testset)   loss: 0.8414 -> 0.8487  accuracy: 66.67% -> 66.67%     
client [8]  (testset)   loss: 1.7195 -> 1.6776  accuracy: 40.91% -> 40.91%     
client [18] (testset)   loss: 0.9445 -> 0.9654  accuracy: 65.38% -> 65.38%     
client [94] (testset)   loss: 1.3675 -> 1.3618  accuracy: 50.00% -> 50.00%     
client [81] (testset)   loss: 0.7931 -> 0.7930  accuracy: 54.74% -> 54.74%     
client [3]  (testset)   loss: 0.8028 -> 0.7251  accuracy: 63.64% -> 63.64%     
client [11] (testset)   loss: 1.1646 -> 1.2029  accuracy: 50.88% -> 50.88%     
client [95] (testset)   loss: 0.2896 -> 0.3267  accuracy: 94.83% -> 94.83%     
client [67] (testset)   loss: 1.1421 -> 1.1348  accuracy: 55.29% -> 55.29%     
---------------------------- TRAINING EPOCH: 180 ----------------------------  
client [21] (testset)   loss: 0.8750 -> 0.8872  accuracy: 53.44% -> 53.44%     
client [79] (testset)   loss: 1.1401 -> 1.1448  accuracy: 77.78% -> 77.78%     
client [58] (testset)   loss: 0.2285 -> 0.2238  accuracy: 94.34% -> 94.34%     
client [88] (testset)   loss: 1.0706 -> 1.0630  accuracy: 67.57% -> 67.57%     
client [46] (testset)   loss: 0.8261 -> 0.8419  accuracy: 59.30% -> 59.30%     
client [11] (testset)   loss: 1.2027 -> 1.1646  accuracy: 50.88% -> 50.88%     
client [55] (testset)   loss: 2.2150 -> 2.2248  accuracy: 50.00% -> 50.00%     
client [13] (testset)   loss: 0.1174 -> 0.1193  accuracy: 97.78% -> 97.78%     
client [31] (testset)   loss: 1.3645 -> 1.3487  accuracy: 55.00% -> 55.00%     
client [75] (testset)   loss: 1.4453 -> 1.4406  accuracy: 38.38% -> 29.15%     
---------------------------- TRAINING EPOCH: 190 ----------------------------  
client [19] (testset)   loss: 1.5470 -> 1.5162  accuracy: 37.50% -> 37.50%     
client [7]  (testset)   loss: 0.4810 -> 0.4886  accuracy: 88.85% -> 88.85%     
client [57] (testset)   loss: 0.5680 -> 0.5494  accuracy: 79.69% -> 79.69%     
client [13] (testset)   loss: 0.1193 -> 0.1198  accuracy: 97.78% -> 97.78%     
client [43] (testset)   loss: 0.3167 -> 0.3167  accuracy: 93.29% -> 93.29%     
client [91] (testset)   loss: 0.6037 -> 0.6278  accuracy: 88.24% -> 88.24%     
client [10] (testset)   loss: 0.9531 -> 0.9369  accuracy: 53.62% -> 39.61%     
client [64] (testset)   loss: 0.8416 -> 0.8403  accuracy: 66.67% -> 66.67%     
client [82] (testset)   loss: 1.5246 -> 1.5287  accuracy: 46.51% -> 46.51%     
client [22] (testset)   loss: 0.4567 -> 0.4120  accuracy: 89.95% -> 89.95%     
---------------------------- TRAINING EPOCH: 200 ----------------------------  
client [20] (testset)   loss: 0.5922 -> 0.5867  accuracy: 88.08% -> 88.08%     
client [23] (testset)   loss: 1.1587 -> 0.9186  accuracy: 56.67% -> 56.67%     
client [88] (testset)   loss: 1.0630 -> 1.0848  accuracy: 67.57% -> 67.57%     
client [98] (testset)   loss: 0.9616 -> 0.9655  accuracy: 74.68% -> 74.68%     
client [79] (testset)   loss: 1.1358 -> 1.1342  accuracy: 77.78% -> 77.78%     
client [21] (testset)   loss: 0.9036 -> 0.8771  accuracy: 53.44% -> 53.44%     
client [92] (testset)   loss: 1.3392 -> 0.8069  accuracy: 63.64% -> 63.64%     
client [56] (testset)   loss: 1.5791 -> 1.5759  accuracy: 16.39% -> 44.26%     
client [5]  (testset)   loss: 1.4462 -> 1.4410  accuracy: 43.96% -> 43.96%     
client [52] (testset)   loss: 0.8746 -> 0.9298  accuracy: 75.22% -> 75.22%     
FedFew's average time taken by each global epoch: 0 min 2.24 sec.              
FedFew's total running time: 0 h 7 m 31 s.                                     
==================== FedFew Experiment Results: ====================           
Display format: (before local fine-tuning) -> (after local fine-tuning)        
 So if finetune_epoch = 0, x.xx% -> 0.00% is normal.                           
 Centralized testing ONLY happens after model aggregation, so the stats between
'->' are the same.                                                             
{                                                                              
    "100": {                                                                   
        "all_clients": {                                                       
            "test": {                                                          
                "loss": "0.8524 -> 0.0000",                                    
                "accuracy": "67.19% -> 0.00%"                                  
            }                                                                  
        }                                                                      
    },                                                                         
    "200": {                                                                   
        "all_clients": {                                                       
            "test": {                                                          
                "loss": "0.8505 -> 0.0000",                                    
                "accuracy": "67.38% -> 0.00%"                                  
            }                                                                  
        }                                                                      
    }                                                                          
}                                                                              
==================== FedFew Max Accuracy ====================                  
all_clients:                                                                   
(test) before fine-tuning: 67.38% at epoch 200                                 
(test) after fine-tuning: 0.00% at epoch 100                                   
