==================== FedFew ====================                               
Experiment Arguments:                                                          
{
    'method': 'fedfew',
    'dataset': {
        'name': 'cifar100',
        'client_num': 100,
        'test_ratio': 0.25,
        'val_ratio': 0.0,
        'seed': 42,
        'split': 'sample',
        'IID_ratio': 0.0,
        'monitor_window_name_suffix': 'cifar100-100clients-0%IID-use20superclasses-Dir(0.1)-seed42',
        'super_class': False,
        'alpha': 0.1,
        'min_samples_per_client': 10
    },
    'model': {
        'name': 'avgcnn',
        'use_torchvision_pretrained_weights': True,
        'external_model_weights_path': None
    },
    'optimizer': {
        'lr': 0.01,
        'dampening': 0,
        'weight_decay': 0,
        'momentum': 0.7,
        'nesterov': False,
        'name': 'sgd'
    },
    'mode': 'parallel',
    'parallel': {
        'ray_cluster_addr': None,
        'num_cpus': 32.0,
        'num_gpus': 1.0,
        'num_workers': 2
    },
    'common': {
        'seed': 42,
        'join_ratio': 0.1,
        'global_epoch': 200,
        'local_epoch': 5,
        'batch_size': 32,
        'reset_optimizer_on_global_epoch': True,
        'straggler_ratio': 0,
        'straggler_min_local_epoch': 0,
        'buffers': 'global',
        'client_side_evaluation': True,
        'test': {
            'client': {
                'interval': 100,
                'finetune_epoch': 0,
                'train': False,
                'val': False,
                'test': True
            },
            'server': {
                'interval': -1,
                'train': False,
                'val': False,
                'test': True,
                'model_in_train_mode': False
            }
        },
        'verbose_gap': 10,
        'monitor': None,
        'use_cuda': True,
        'save_log': True,
        'save_model': False,
        'save_learning_curve_plot': True,
        'save_metrics': True,
        'delete_useless_run': True
    },
    'fedprox': {
        'mu': 0.01
    },
    'pfedsim': {
        'warmup_round': 0.5
    },
    'fedfew': {
        'top_k': 9,
        'ig_ratio': 0.998,
        'alpha': 0.5,
        'type': 'all'
    }
}
---------------------------- TRAINING EPOCH: 10 ----------------------------   
client [81] (testset)   loss: 2.9962 -> 2.5970  accuracy: 33.11% -> 43.05%     
client [77] (testset)   loss: 2.3024 -> 2.1695  accuracy: 43.82% -> 43.82%     
client [21] (testset)   loss: 3.7861 -> 2.1560  accuracy: 17.69% -> 40.14%     
client [68] (testset)   loss: 2.9937 -> 2.8385  accuracy: 32.35% -> 39.08%     
client [93] (testset)   loss: 3.9591 -> 2.6733  accuracy: 7.20% -> 38.40%      
client [31] (testset)   loss: 2.8886 -> 2.3632  accuracy: 37.37% -> 43.68%     
client [20] (testset)   loss: 3.6609 -> 2.0616  accuracy: 21.29% -> 48.02%     
client [48] (testset)   loss: 3.0978 -> 2.7688  accuracy: 21.82% -> 37.58%     
client [59] (testset)   loss: 4.0368 -> 2.2048  accuracy: 11.59% -> 40.34%     
client [34] (testset)   loss: 3.1811 -> 2.7631  accuracy: 20.44% -> 34.81%     
---------------------------- TRAINING EPOCH: 20 ----------------------------   
client [99] (testset)   loss: 3.9106 -> 3.9856  accuracy: 5.84% -> 24.82%      
client [69] (testset)   loss: 2.4939 -> 2.2072  accuracy: 40.79% -> 51.62%     
client [67] (testset)   loss: 3.4233 -> 2.5842  accuracy: 17.58% -> 43.96%     
client [0]  (testset)   loss: 3.4770 -> 2.4325  accuracy: 16.67% -> 52.94%     
client [41] (testset)   loss: 3.8427 -> 2.7883  accuracy: 14.52% -> 33.06%     
client [76] (testset)   loss: 3.2579 -> 2.8602  accuracy: 26.26% -> 36.87%     
client [2]  (testset)   loss: 3.9398 -> 3.2556  accuracy: 11.61% -> 33.93%     
client [62] (testset)   loss: 3.8233 -> 2.4672  accuracy: 17.48% -> 40.78%     
client [14] (testset)   loss: 3.2546 -> 3.1442  accuracy: 20.78% -> 33.77%     
client [46] (testset)   loss: 2.9664 -> 2.4768  accuracy: 31.43% -> 60.00%     
---------------------------- TRAINING EPOCH: 30 ----------------------------   
client [24] (testset)   loss: 3.3364 -> 2.7648  accuracy: 24.14% -> 46.55%     
client [68] (testset)   loss: 3.0993 -> 2.8602  accuracy: 28.15% -> 43.28%     
client [57] (testset)   loss: 2.6431 -> 2.1786  accuracy: 36.81% -> 55.21%     
client [17] (testset)   loss: 2.7967 -> 3.1924  accuracy: 34.59% -> 36.84%     
client [54] (testset)   loss: 2.8009 -> 3.8959  accuracy: 41.67% -> 40.83%     
client [23] (testset)   loss: 3.3672 -> 2.4232  accuracy: 13.64% -> 47.27%     
client [35] (testset)   loss: 3.7310 -> 3.0129  accuracy: 16.84% -> 34.18%     
client [59] (testset)   loss: 2.7988 -> 3.0718  accuracy: 36.48% -> 38.63%     
client [31] (testset)   loss: 2.7126 -> 3.0079  accuracy: 44.74% -> 48.42%     
client [9]  (testset)   loss: 3.1725 -> 2.6450  accuracy: 25.50% -> 45.64%     
---------------------------- TRAINING EPOCH: 40 ----------------------------   
client [33] (testset)   loss: 3.3883 -> 2.8519  accuracy: 22.02% -> 37.61%     
client [64] (testset)   loss: 3.2166 -> 2.5611  accuracy: 19.59% -> 47.97%     
client [16] (testset)   loss: 3.4685 -> 3.2489  accuracy: 22.31% -> 40.50%     
client [44] (testset)   loss: 3.2459 -> 2.7391  accuracy: 20.92% -> 44.44%     
client [8]  (testset)   loss: 2.9467 -> 3.4527  accuracy: 43.22% -> 49.25%     
client [31] (testset)   loss: 3.1426 -> 3.2627  accuracy: 41.05% -> 48.42%     
client [47] (testset)   loss: 3.1686 -> 3.0398  accuracy: 26.96% -> 47.83%     
client [36] (testset)   loss: 3.1421 -> 2.7262  accuracy: 30.09% -> 44.25%     
client [56] (testset)   loss: 2.3886 -> 2.1903  accuracy: 40.48% -> 55.95%     
client [20] (testset)   loss: 2.2225 -> 2.2526  accuracy: 44.55% -> 53.47%     
---------------------------- TRAINING EPOCH: 50 ----------------------------   
client [60] (testset)   loss: 3.2454 -> 3.3388  accuracy: 25.76% -> 40.91%     
client [4]  (testset)   loss: 2.4066 -> 2.2966  accuracy: 44.59% -> 57.43%     
client [28] (testset)   loss: 2.8952 -> 2.0390  accuracy: 34.68% -> 54.03%     
client [25] (testset)   loss: 3.2597 -> 2.2006  accuracy: 23.96% -> 56.25%     
client [58] (testset)   loss: 2.5978 -> 3.3843  accuracy: 43.08% -> 39.23%     
client [44] (testset)   loss: 2.6577 -> 2.9064  accuracy: 36.60% -> 43.79%     
client [39] (testset)   loss: 2.8223 -> 2.5517  accuracy: 35.93% -> 48.50%     
client [29] (testset)   loss: 2.8104 -> 2.7437  accuracy: 38.00% -> 44.00%     
client [3]  (testset)   loss: 2.2516 -> 2.1372  accuracy: 42.97% -> 59.38%     
client [84] (testset)   loss: 2.8355 -> 3.4874  accuracy: 37.71% -> 41.10%     
---------------------------- TRAINING EPOCH: 60 ----------------------------   
client [21] (testset)   loss: 3.1821 -> 2.3205  accuracy: 27.89% -> 48.30%     
client [84] (testset)   loss: 3.1085 -> 3.3536  accuracy: 30.51% -> 42.80%     
client [10] (testset)   loss: 3.2399 -> 2.7359  accuracy: 25.00% -> 50.96%     
client [36] (testset)   loss: 3.6131 -> 2.4040  accuracy: 22.12% -> 47.79%     
client [65] (testset)   loss: 2.9917 -> 3.2790  accuracy: 35.45% -> 41.82%     
client [81] (testset)   loss: 2.9141 -> 2.9580  accuracy: 37.09% -> 49.01%     
client [79] (testset)   loss: 2.2150 -> 2.3473  accuracy: 50.28% -> 62.01%     
client [42] (testset)   loss: 2.6420 -> 2.9115  accuracy: 44.52% -> 56.16%     
client [11] (testset)   loss: 2.5240 -> 2.5860  accuracy: 40.11% -> 53.67%     
client [96] (testset)   loss: 2.8918 -> 2.6313  accuracy: 36.42% -> 45.66%     
---------------------------- TRAINING EPOCH: 70 ----------------------------   
client [53] (testset)   loss: 2.5667 -> 2.7078  accuracy: 45.39% -> 51.77%     
client [8]  (testset)   loss: 3.2416 -> 3.4588  accuracy: 42.71% -> 49.25%     
client [52] (testset)   loss: 2.7398 -> 3.2007  accuracy: 47.76% -> 42.54%     
client [42] (testset)   loss: 2.6301 -> 3.2132  accuracy: 52.05% -> 52.05%     
client [69] (testset)   loss: 2.3241 -> 2.8390  accuracy: 53.43% -> 55.23%     
client [59] (testset)   loss: 2.9179 -> 3.4049  accuracy: 40.34% -> 44.21%     
client [26] (testset)   loss: 2.6395 -> 2.5671  accuracy: 30.09% -> 51.33%     
client [7]  (testset)   loss: 3.1074 -> 3.4196  accuracy: 41.23% -> 45.61%     
client [49] (testset)   loss: 2.7447 -> 2.7643  accuracy: 40.12% -> 52.47%     
client [98] (testset)   loss: 2.9377 -> 3.1857  accuracy: 41.55% -> 45.07%     
---------------------------- TRAINING EPOCH: 80 ----------------------------   
client [47] (testset)   loss: 3.3612 -> 3.0290  accuracy: 26.09% -> 44.35%     
client [98] (testset)   loss: 2.9201 -> 3.1624  accuracy: 33.80% -> 40.85%     
client [21] (testset)   loss: 2.8109 -> 2.4271  accuracy: 31.29% -> 46.94%     
client [77] (testset)   loss: 2.3813 -> 2.8284  accuracy: 46.63% -> 52.81%     
client [95] (testset)   loss: 2.9277 -> 3.6717  accuracy: 40.36% -> 45.18%     
client [91] (testset)   loss: 3.0150 -> 2.2885  accuracy: 31.58% -> 48.03%     
client [14] (testset)   loss: 2.6773 -> 3.1469  accuracy: 35.06% -> 44.16%     
client [99] (testset)   loss: 3.2526 -> 4.2002  accuracy: 29.20% -> 37.23%     
client [20] (testset)   loss: 2.3807 -> 2.5950  accuracy: 51.98% -> 55.94%     
client [39] (testset)   loss: 3.0346 -> 2.4355  accuracy: 34.73% -> 52.10%     
---------------------------- TRAINING EPOCH: 90 ----------------------------   
client [52] (testset)   loss: 2.8934 -> 3.0490  accuracy: 39.55% -> 47.01%     
client [62] (testset)   loss: 2.8959 -> 3.3756  accuracy: 44.66% -> 47.57%     
client [71] (testset)   loss: 3.2686 -> 3.6219  accuracy: 36.64% -> 36.64%     
client [97] (testset)   loss: 3.3160 -> 3.4252  accuracy: 31.43% -> 41.90%     
client [30] (testset)   loss: 3.4157 -> 4.0802  accuracy: 38.12% -> 33.70%     
client [88] (testset)   loss: 3.6673 -> 2.8414  accuracy: 20.67% -> 48.04%     
client [60] (testset)   loss: 2.9005 -> 3.2917  accuracy: 39.39% -> 39.39%     
client [82] (testset)   loss: 2.7603 -> 3.6015  accuracy: 44.19% -> 38.37%     
client [91] (testset)   loss: 2.6782 -> 2.3430  accuracy: 36.84% -> 46.71%     
client [57] (testset)   loss: 2.5123 -> 2.3448  accuracy: 45.40% -> 60.12%     
---------------------------- TRAINING EPOCH: 100 ----------------------------  
client [15] (testset)   loss: 2.8097 -> 2.8713  accuracy: 39.42% -> 44.53%     
client [31] (testset)   loss: 3.2280 -> 3.7463  accuracy: 45.26% -> 48.95%     
client [71] (testset)   loss: 3.4695 -> 3.3783  accuracy: 29.77% -> 44.27%     
client [97] (testset)   loss: 3.4094 -> 3.1901  accuracy: 28.57% -> 44.76%     
client [53] (testset)   loss: 2.5417 -> 2.9502  accuracy: 51.06% -> 53.19%     
client [77] (testset)   loss: 2.5454 -> 2.9053  accuracy: 49.44% -> 53.37%     
client [76] (testset)   loss: 3.4200 -> 3.3548  accuracy: 30.17% -> 40.78%     
client [79] (testset)   loss: 2.2003 -> 2.2134  accuracy: 54.19% -> 61.45%     
client [28] (testset)   loss: 2.6976 -> 2.1803  accuracy: 40.32% -> 53.23%     
client [99] (testset)   loss: 3.4817 -> 4.2480  accuracy: 31.39% -> 34.31%     
---------------------------- TRAINING EPOCH: 110 ----------------------------  
client [97] (testset)   loss: 3.2850 -> 3.2885  accuracy: 29.52% -> 42.86%     
client [86] (testset)   loss: 2.3871 -> 3.1540  accuracy: 52.54% -> 51.69%     
client [34] (testset)   loss: 2.9645 -> 3.3212  accuracy: 39.78% -> 44.75%     
client [73] (testset)   loss: 3.2289 -> 3.5706  accuracy: 42.45% -> 46.04%     
client [5]  (testset)   loss: 2.7406 -> 3.3909  accuracy: 44.17% -> 48.47%     
client [96] (testset)   loss: 2.9613 -> 3.1217  accuracy: 42.77% -> 50.87%     
client [60] (testset)   loss: 2.8086 -> 3.2129  accuracy: 42.42% -> 42.42%     
client [22] (testset)   loss: 3.2889 -> 3.9579  accuracy: 35.53% -> 40.79%     
client [66] (testset)   loss: 2.8422 -> 3.5711  accuracy: 44.66% -> 48.06%     
client [83] (testset)   loss: 3.4540 -> 3.3479  accuracy: 32.89% -> 45.39%     
---------------------------- TRAINING EPOCH: 120 ----------------------------  
client [65] (testset)   loss: 3.1648 -> 3.4201  accuracy: 36.36% -> 44.55%     
client [76] (testset)   loss: 3.4129 -> 3.9109  accuracy: 35.75% -> 39.11%     
client [95] (testset)   loss: 3.0890 -> 3.7513  accuracy: 41.57% -> 46.39%     
client [17] (testset)   loss: 3.3934 -> 3.6779  accuracy: 33.83% -> 40.60%     
client [8]  (testset)   loss: 3.5207 -> 3.8453  accuracy: 46.73% -> 48.24%     
client [35] (testset)   loss: 3.2019 -> 3.7045  accuracy: 43.37% -> 45.92%     
client [98] (testset)   loss: 3.0868 -> 3.5629  accuracy: 39.44% -> 43.66%     
client [53] (testset)   loss: 3.0517 -> 2.7302  accuracy: 36.17% -> 54.61%     
client [43] (testset)   loss: 3.9006 -> 3.8541  accuracy: 25.93% -> 37.78%     
client [64] (testset)   loss: 2.5407 -> 2.9540  accuracy: 46.62% -> 47.30%     
---------------------------- TRAINING EPOCH: 130 ----------------------------  
client [21] (testset)   loss: 2.6887 -> 2.4471  accuracy: 42.18% -> 49.66%     
client [88] (testset)   loss: 2.7239 -> 3.3216  accuracy: 45.81% -> 49.72%     
client [3]  (testset)   loss: 2.3238 -> 2.6013  accuracy: 53.91% -> 60.16%     
client [38] (testset)   loss: 2.7322 -> 3.3215  accuracy: 48.60% -> 53.07%     
client [41] (testset)   loss: 3.2816 -> 3.5871  accuracy: 36.29% -> 43.55%     
client [5]  (testset)   loss: 2.8967 -> 3.5882  accuracy: 46.01% -> 49.08%     
client [37] (testset)   loss: 3.1564 -> 3.2316  accuracy: 37.50% -> 45.19%     
client [7]  (testset)   loss: 3.4485 -> 3.6482  accuracy: 41.67% -> 45.18%     
client [45] (testset)   loss: 2.7589 -> 2.9565  accuracy: 49.12% -> 51.77%     
client [47] (testset)   loss: 3.7584 -> 3.2352  accuracy: 25.22% -> 44.35%     
---------------------------- TRAINING EPOCH: 140 ----------------------------  
client [16] (testset)   loss: 3.4683 -> 4.0919  accuracy: 44.63% -> 44.63%     
client [11] (testset)   loss: 2.8479 -> 3.0276  accuracy: 39.55% -> 54.24%     
client [37] (testset)   loss: 2.9050 -> 3.7394  accuracy: 39.42% -> 43.27%     
client [41] (testset)   loss: 3.6548 -> 3.4270  accuracy: 25.81% -> 39.52%     
client [95] (testset)   loss: 3.2264 -> 3.4788  accuracy: 37.35% -> 50.00%     
client [53] (testset)   loss: 2.6473 -> 3.2068  accuracy: 55.32% -> 49.65%     
client [22] (testset)   loss: 3.3849 -> 4.3152  accuracy: 39.47% -> 40.79%     
client [25] (testset)   loss: 2.8494 -> 2.4361  accuracy: 43.75% -> 62.50%     
client [46] (testset)   loss: 2.8360 -> 2.9968  accuracy: 44.76% -> 60.00%     
client [69] (testset)   loss: 2.8542 -> 2.8524  accuracy: 52.35% -> 55.60%     
---------------------------- TRAINING EPOCH: 150 ----------------------------  
client [47] (testset)   loss: 3.3405 -> 3.8200  accuracy: 37.39% -> 42.61%     
client [82] (testset)   loss: 3.1722 -> 3.2880  accuracy: 40.70% -> 43.02%     
client [69] (testset)   loss: 3.0509 -> 3.2290  accuracy: 51.62% -> 54.51%     
client [45] (testset)   loss: 3.2019 -> 2.9411  accuracy: 36.73% -> 52.65%     
client [7]  (testset)   loss: 3.8307 -> 4.0369  accuracy: 39.47% -> 40.35%     
client [50] (testset)   loss: 2.3072 -> 2.3314  accuracy: 48.00% -> 55.00%     
client [35] (testset)   loss: 3.3758 -> 3.7268  accuracy: 44.39% -> 49.49%     
client [24] (testset)   loss: 3.6189 -> 3.7888  accuracy: 38.79% -> 43.97%     
client [15] (testset)   loss: 2.8631 -> 3.3731  accuracy: 48.18% -> 45.99%     
client [58] (testset)   loss: 3.3797 -> 3.8443  accuracy: 46.15% -> 48.46%     
---------------------------- TRAINING EPOCH: 160 ----------------------------  
client [48] (testset)   loss: 3.4212 -> 3.6499  accuracy: 44.85% -> 46.06%     
client [76] (testset)   loss: 3.6003 -> 4.0191  accuracy: 37.43% -> 37.99%     
client [37] (testset)   loss: 3.1724 -> 3.5292  accuracy: 40.38% -> 46.15%     
client [67] (testset)   loss: 2.9316 -> 2.9509  accuracy: 53.85% -> 52.75%     
client [58] (testset)   loss: 3.3286 -> 3.9571  accuracy: 47.69% -> 50.00%     
client [64] (testset)   loss: 2.7782 -> 3.3214  accuracy: 47.30% -> 47.30%     
client [77] (testset)   loss: 2.9706 -> 3.2542  accuracy: 42.13% -> 49.44%     
client [55] (testset)   loss: 2.5021 -> 2.9332  accuracy: 53.62% -> 51.45%     
client [12] (testset)   loss: 2.5487 -> 3.0939  accuracy: 52.27% -> 57.58%     
client [89] (testset)   loss: 3.8420 -> 4.3342  accuracy: 40.13% -> 41.40%     
---------------------------- TRAINING EPOCH: 170 ----------------------------  
client [51] (testset)   loss: 3.3803 -> 4.0535  accuracy: 47.30% -> 43.92%     
client [84] (testset)   loss: 4.0958 -> 4.5241  accuracy: 40.68% -> 39.83%     
client [8]  (testset)   loss: 4.0680 -> 4.5072  accuracy: 49.25% -> 51.76%     
client [18] (testset)   loss: 2.9784 -> 3.3806  accuracy: 50.78% -> 50.78%     
client [94] (testset)   loss: 3.7933 -> 4.5146  accuracy: 36.15% -> 43.85%     
client [81] (testset)   loss: 3.0270 -> 3.6238  accuracy: 44.37% -> 44.37%     
client [3]  (testset)   loss: 2.3139 -> 2.7437  accuracy: 60.16% -> 58.59%     
client [11] (testset)   loss: 3.0442 -> 3.3562  accuracy: 49.15% -> 54.24%     
client [95] (testset)   loss: 3.5126 -> 4.0642  accuracy: 40.96% -> 46.99%     
client [67] (testset)   loss: 2.8159 -> 2.9529  accuracy: 53.30% -> 56.04%     
---------------------------- TRAINING EPOCH: 180 ----------------------------  
client [21] (testset)   loss: 3.1636 -> 2.8489  accuracy: 36.73% -> 45.58%     
client [79] (testset)   loss: 2.6236 -> 2.7682  accuracy: 56.98% -> 63.13%     
client [58] (testset)   loss: 3.4386 -> 3.8170  accuracy: 47.69% -> 45.38%     
client [88] (testset)   loss: 3.1331 -> 3.6333  accuracy: 42.46% -> 48.04%     
client [46] (testset)   loss: 3.1266 -> 3.5006  accuracy: 51.43% -> 59.05%     
client [11] (testset)   loss: 3.0081 -> 3.1973  accuracy: 49.72% -> 54.24%     
client [55] (testset)   loss: 2.7705 -> 2.8513  accuracy: 53.62% -> 55.80%     
client [13] (testset)   loss: 3.0458 -> 3.3478  accuracy: 47.37% -> 49.12%     
client [31] (testset)   loss: 3.6936 -> 4.2269  accuracy: 46.84% -> 47.37%     
client [75] (testset)   loss: 3.1704 -> 3.6813  accuracy: 49.06% -> 48.11%     
---------------------------- TRAINING EPOCH: 190 ----------------------------  
client [19] (testset)   loss: 3.6215 -> 3.7461  accuracy: 41.46% -> 43.90%     
client [7]  (testset)   loss: 4.3041 -> 4.5790  accuracy: 41.67% -> 45.18%     
client [57] (testset)   loss: 2.7513 -> 2.8074  accuracy: 54.60% -> 59.51%     
client [13] (testset)   loss: 3.1537 -> 3.4855  accuracy: 47.95% -> 49.71%     
client [43] (testset)   loss: 4.4175 -> 4.8690  accuracy: 36.30% -> 34.81%     
client [91] (testset)   loss: 3.1852 -> 3.2135  accuracy: 42.76% -> 44.08%     
client [10] (testset)   loss: 3.6369 -> 3.8849  accuracy: 47.12% -> 49.04%     
client [82] (testset)   loss: 3.2703 -> 3.6766  accuracy: 43.02% -> 44.19%     
client [64] (testset)   loss: 2.7649 -> 3.0819  accuracy: 47.97% -> 50.00%     
client [22] (testset)   loss: 4.2695 -> 4.6079  accuracy: 41.45% -> 44.74%     
---------------------------- TRAINING EPOCH: 200 ----------------------------  
client [23] (testset)   loss: 3.8295 -> 3.2358  accuracy: 29.09% -> 40.00%     
client [20] (testset)   loss: 3.3855 -> 2.9764  accuracy: 42.08% -> 55.45%     
client [88] (testset)   loss: 3.3566 -> 3.9699  accuracy: 44.13% -> 45.25%     
client [98] (testset)   loss: 3.7301 -> 3.7966  accuracy: 41.55% -> 47.89%     
client [21] (testset)   loss: 3.2687 -> 3.3191  accuracy: 42.86% -> 46.26%     
client [79] (testset)   loss: 2.8388 -> 2.9725  accuracy: 60.34% -> 62.57%     
client [56] (testset)   loss: 2.3427 -> 2.4064  accuracy: 60.71% -> 63.10%     
client [92] (testset)   loss: 4.0504 -> 4.2595  accuracy: 39.80% -> 42.86%     
client [52] (testset)   loss: 3.9008 -> 4.4436  accuracy: 49.25% -> 44.03%     
client [5]  (testset)   loss: 3.4307 -> 4.0562  accuracy: 45.40% -> 49.08%     
FedFew's average time taken by each global epoch: 0 min 1.46 sec.              
FedFew's total running time: 0 h 4 m 55 s.                                     
==================== FedFew Experiment Results: ====================           
Display format: (before local fine-tuning) -> (after local fine-tuning)        
 So if finetune_epoch = 0, x.xx% -> 0.00% is normal.                           
 Centralized testing ONLY happens after model aggregation, so the stats between
'->' are the same.                                                             
{                                                                              
    "100": {                                                                   
        "all_clients": {                                                       
            "test": {                                                          
                "loss": "2.8586 -> 0.0000",                                    
                "accuracy": "43.10% -> 0.00%"                                  
            }                                                                  
        }                                                                      
    },                                                                         
    "200": {                                                                   
        "all_clients": {                                                       
            "test": {                                                          
                "loss": "3.5158 -> 0.0000",                                    
                "accuracy": "44.17% -> 0.00%"                                  
            }                                                                  
        }                                                                      
    }                                                                          
}                                                                              
==================== FedFew Max Accuracy ====================                  
all_clients:                                                                   
(test) before fine-tuning: 44.17% at epoch 200                                 
(test) after fine-tuning: 0.00% at epoch 100                                   
