==================== pFedFDA ====================                              
Experiment Arguments:                                                          
{
    'method': 'pfedfda',
    'dataset': {
        'name': 'medmnistC',
        'client_num': 100,
        'test_ratio': 0.25,
        'val_ratio': 0.0,
        'seed': 42,
        'split': 'sample',
        'IID_ratio': 0.0,
        'monitor_window_name_suffix': 'medmnistC-100clients-0%IID-Dir(0.5)-seed42',
        'alpha': 0.5,
        'min_samples_per_client': 10
    },
    'model': {
        'name': 'avgcnn',
        'use_torchvision_pretrained_weights': True,
        'external_model_weights_path': None
    },
    'optimizer': {
        'lr': 0.01,
        'dampening': 0,
        'weight_decay': 0,
        'momentum': 0.7,
        'nesterov': False,
        'name': 'sgd'
    },
    'mode': 'serial',
    'parallel': {
        'ray_cluster_addr': None,
        'num_cpus': None,
        'num_gpus': None,
        'num_workers': 2
    },
    'common': {
        'seed': 42,
        'join_ratio': 0.1,
        'global_epoch': 400,
        'local_epoch': 5,
        'batch_size': 32,
        'reset_optimizer_on_global_epoch': True,
        'straggler_ratio': 0,
        'straggler_min_local_epoch': 0,
        'buffers': 'global',
        'client_side_evaluation': True,
        'test': {
            'client': {
                'interval': 100,
                'finetune_epoch': 5,
                'train': False,
                'val': False,
                'test': True
            },
            'server': {
                'interval': -1,
                'train': False,
                'val': False,
                'test': True,
                'model_in_train_mode': False
            }
        },
        'verbose_gap': 10,
        'monitor': None,
        'use_cuda': True,
        'save_log': True,
        'save_model': False,
        'save_learning_curve_plot': True,
        'save_metrics': True,
        'delete_useless_run': True
    },
    'fedprox': {
        'mu': 0.01
    },
    'pfedsim': {
        'warmup_round': 0.5
    },
    'pfedfda': {
        'eps': 0.0001,
        'single_beta': False,
        'local_beta': False,
        'num_cv_folds': 2
    }
}
---------------------------- TRAINING EPOCH: 10 ----------------------------   
client [77] (testset)   loss: 2.9618 -> 1.6872  accuracy: 0.00% -> 19.57%      
client [81] (testset)   loss: 2.5673 -> 2.2659  accuracy: 18.75% -> 18.75%     
client [21] (testset)   loss: 2.0092 -> 1.3272  accuracy: 23.46% -> 58.02%     
client [68] (testset)   loss: 2.6511 -> 1.9738  accuracy: 17.07% -> 34.15%     
client [93] (testset)   loss: 2.2424 -> 1.9914  accuracy: 35.29% -> 35.29%     
client [31] (testset)   loss: 2.5110 -> 1.7429  accuracy: 6.00% -> 40.00%      
client [20] (testset)   loss: 1.8038 -> 1.3713  accuracy: 61.62% -> 61.62%     
client [59] (testset)   loss: 2.0308 -> 1.8553  accuracy: 43.55% -> 43.55%     
client [48] (testset)   loss: 1.9972 -> 1.1129  accuracy: 61.22% -> 61.22%     
client [34] (testset)   loss: 2.3230 -> 2.1217  accuracy: 0.00% -> 21.43%      
---------------------------- TRAINING EPOCH: 20 ----------------------------   
client [69] (testset)   loss: 2.2931 -> 1.6582  accuracy: 33.33% -> 33.33%     
client [99] (testset)   loss: 2.6596 -> 1.8229  accuracy: 18.18% -> 24.24%     
client [67] (testset)   loss: 2.6860 -> 1.5531  accuracy: 0.00% -> 23.53%      
client [0]  (testset)   loss: 2.5641 -> 1.6024  accuracy: 0.00% -> 34.57%      
client [76] (testset)   loss: 2.7695 -> 1.7224  accuracy: 0.00% -> 33.93%      
client [41] (testset)   loss: 2.6063 -> 1.7716  accuracy: 0.00% -> 33.33%      
client [62] (testset)   loss: 2.7457 -> 1.4432  accuracy: 11.94% -> 56.72%     
client [2]  (testset)   loss: 1.8517 -> 1.4218  accuracy: 58.14% -> 58.14%     
client [14] (testset)   loss: 2.3863 -> 1.9337  accuracy: 15.79% -> 15.79%     
client [46] (testset)   loss: 1.9808 -> 1.6600  accuracy: 42.02% -> 24.37%     
---------------------------- TRAINING EPOCH: 30 ----------------------------   
client [24] (testset)   loss: 2.1799 -> 1.7895  accuracy: 37.25% -> 37.25%     
client [68] (testset)   loss: 2.6571 -> 1.9974  accuracy: 0.00% -> 17.07%      
client [57] (testset)   loss: 2.6833 -> 1.4866  accuracy: 1.82% -> 47.27%      
client [17] (testset)   loss: 2.6714 -> 1.5152  accuracy: 4.60% -> 56.32%      
client [54] (testset)   loss: 2.5665 -> 2.1993  accuracy: 8.77% -> 24.56%      
client [23] (testset)   loss: 2.3909 -> 1.9776  accuracy: 19.23% -> 25.00%     
client [35] (testset)   loss: 2.2948 -> 2.1567  accuracy: 31.71% -> 31.71%     
client [59] (testset)   loss: 2.3481 -> 1.8346  accuracy: 4.84% -> 43.55%      
client [31] (testset)   loss: 2.4711 -> 1.7152  accuracy: 0.00% -> 40.00%      
client [9]  (testset)   loss: 2.4672 -> 2.3766  accuracy: 14.29% -> 33.33%     
---------------------------- TRAINING EPOCH: 40 ----------------------------   
client [64] (testset)   loss: 2.3568 -> 1.8740  accuracy: 17.24% -> 39.66%     
client [33] (testset)   loss: 2.5171 -> 2.2507  accuracy: 11.25% -> 20.00%     
client [16] (testset)   loss: 2.1467 -> 1.6209  accuracy: 35.38% -> 35.38%     
client [44] (testset)   loss: 2.7102 -> 1.4641  accuracy: 20.51% -> 58.97%     
client [8]  (testset)   loss: 2.1551 -> 1.9118  accuracy: 31.25% -> 31.25%     
client [31] (testset)   loss: 2.2932 -> 1.7217  accuracy: 6.00% -> 40.00%      
client [47] (testset)   loss: 1.9553 -> 1.7994  accuracy: 44.44% -> 44.44%     
client [36] (testset)   loss: 1.8238 -> 1.2866  accuracy: 66.67% -> 66.67%     
client [20] (testset)   loss: 1.7411 -> 1.3701  accuracy: 61.62% -> 61.62%     
client [56] (testset)   loss: 2.5407 -> 1.5902  accuracy: 0.00% -> 38.00%      
---------------------------- TRAINING EPOCH: 50 ----------------------------   
client [4]  (testset)   loss: 2.3143 -> 1.6327  accuracy: 4.55% -> 30.68%      
client [60] (testset)   loss: 2.5192 -> 2.2639  accuracy: 5.41% -> 24.32%      
client [28] (testset)   loss: 2.7173 -> 1.5874  accuracy: 0.00% -> 52.63%      
client [25] (testset)   loss: 2.5032 -> 1.9261  accuracy: 11.36% -> 31.82%     
client [58] (testset)   loss: 2.5457 -> 2.1153  accuracy: 8.93% -> 25.00%      
client [44] (testset)   loss: 2.2975 -> 1.3776  accuracy: 0.00% -> 58.97%      
client [39] (testset)   loss: 2.5114 -> 1.8214  accuracy: 2.00% -> 43.00%      
client [29] (testset)   loss: 2.5278 -> 1.6782  accuracy: 9.30% -> 34.88%      
client [3]  (testset)   loss: 2.2144 -> 1.6089  accuracy: 0.00% -> 51.11%      
client [84] (testset)   loss: 2.7789 -> 1.8175  accuracy: 14.52% -> 46.77%     
---------------------------- TRAINING EPOCH: 60 ----------------------------   
client [21] (testset)   loss: 2.5683 -> 1.2877  accuracy: 2.47% -> 58.02%      
client [84] (testset)   loss: 2.9059 -> 1.7995  accuracy: 0.00% -> 46.77%      
client [10] (testset)   loss: 2.3320 -> 1.9542  accuracy: 24.00% -> 34.00%     
client [36] (testset)   loss: 2.1268 -> 1.2641  accuracy: 12.12% -> 66.67%     
client [65] (testset)   loss: 2.3548 -> 1.8799  accuracy: 4.35% -> 40.58%      
client [81] (testset)   loss: 2.5274 -> 2.2715  accuracy: 8.33% -> 18.75%      
client [79] (testset)   loss: 2.2904 -> 1.8335  accuracy: 0.00% -> 37.04%      
client [42] (testset)   loss: 2.2680 -> 1.9928  accuracy: 32.76% -> 32.76%     
client [11] (testset)   loss: 2.4650 -> 2.3811  accuracy: 9.38% -> 15.62%      
client [96] (testset)   loss: 2.0626 -> 0.8725  accuracy: 0.00% -> 80.65%      
---------------------------- TRAINING EPOCH: 70 ----------------------------   
client [8]  (testset)   loss: 2.2166 -> 1.9399  accuracy: 31.25% -> 31.25%     
client [53] (testset)   loss: 2.4930 -> 1.7970  accuracy: 0.00% -> 36.00%      
client [52] (testset)   loss: 2.6426 -> 1.8970  accuracy: 9.86% -> 30.99%      
client [42] (testset)   loss: 2.8225 -> 2.0254  accuracy: 0.00% -> 32.76%      
client [69] (testset)   loss: 2.1199 -> 1.6203  accuracy: 33.33% -> 33.33%     
client [59] (testset)   loss: 2.0266 -> 1.8382  accuracy: 43.55% -> 43.55%     
client [7]  (testset)   loss: 2.4303 -> 1.8510  accuracy: 25.00% -> 39.29%     
client [26] (testset)   loss: 1.7961 -> 1.5392  accuracy: 44.00% -> 44.00%     
client [49] (testset)   loss: 2.0215 -> 1.7672  accuracy: 50.55% -> 50.55%     
client [98] (testset)   loss: 2.6610 -> 1.3671  accuracy: 0.00% -> 64.00%      
---------------------------- TRAINING EPOCH: 80 ----------------------------   
client [98] (testset)   loss: 2.1193 -> 1.3584  accuracy: 0.00% -> 64.00%      
client [47] (testset)   loss: 2.2214 -> 1.8307  accuracy: 44.44% -> 44.44%     
client [21] (testset)   loss: 2.3974 -> 1.2823  accuracy: 23.46% -> 58.02%     
client [77] (testset)   loss: 2.4148 -> 1.5988  accuracy: 0.00% -> 19.57%      
client [95] (testset)   loss: 2.3575 -> 1.5643  accuracy: 32.71% -> 32.71%     
client [91] (testset)   loss: 2.3971 -> 1.3677  accuracy: 1.49% -> 62.69%      
client [14] (testset)   loss: 2.2204 -> 1.9584  accuracy: 15.79% -> 17.54%     
client [99] (testset)   loss: 2.3130 -> 1.9709  accuracy: 18.18% -> 18.18%     
client [20] (testset)   loss: 1.9672 -> 1.3440  accuracy: 61.62% -> 61.62%     
client [39] (testset)   loss: 2.2887 -> 1.8152  accuracy: 18.00% -> 43.00%     
---------------------------- TRAINING EPOCH: 90 ----------------------------   
client [52] (testset)   loss: 2.6236 -> 1.9133  accuracy: 0.00% -> 23.94%      
client [62] (testset)   loss: 2.7377 -> 1.4532  accuracy: 0.00% -> 56.72%      
client [71] (testset)   loss: 2.0327 -> 1.4173  accuracy: 64.58% -> 64.58%     
client [97] (testset)   loss: 2.0688 -> 1.7372  accuracy: 0.00% -> 57.89%      
client [30] (testset)   loss: 2.7121 -> 1.6045  accuracy: 0.00% -> 50.00%      
client [88] (testset)   loss: 2.4335 -> 1.7221  accuracy: 18.97% -> 31.03%     
client [60] (testset)   loss: 2.3169 -> 2.2572  accuracy: 24.32% -> 24.32%     
client [82] (testset)   loss: 2.4686 -> 1.7160  accuracy: 11.86% -> 47.46%     
client [91] (testset)   loss: 2.4328 -> 1.4062  accuracy: 5.97% -> 62.69%      
client [57] (testset)   loss: 2.5631 -> 1.5476  accuracy: 1.82% -> 47.27%      
---------------------------- TRAINING EPOCH: 100 ----------------------------  
client [31] (testset)   loss: 2.6550 -> 1.7804  accuracy: 0.00% -> 40.00%      
client [15] (testset)   loss: 2.4894 -> 1.7726  accuracy: 0.00% -> 15.38%      
client [71] (testset)   loss: 2.6087 -> 1.2957  accuracy: 6.25% -> 64.58%      
client [97] (testset)   loss: 2.4380 -> 1.7205  accuracy: 10.53% -> 57.89%     
client [53] (testset)   loss: 2.2076 -> 1.7715  accuracy: 36.00% -> 36.00%     
client [77] (testset)   loss: 3.1276 -> 1.5609  accuracy: 0.00% -> 19.57%      
client [76] (testset)   loss: 2.3707 -> 1.7417  accuracy: 1.79% -> 25.00%      
client [79] (testset)   loss: 2.3104 -> 1.8075  accuracy: 8.15% -> 37.04%      
client [28] (testset)   loss: 2.4625 -> 1.6341  accuracy: 0.00% -> 52.63%      
client [99] (testset)   loss: 2.5929 -> 1.8390  accuracy: 6.06% -> 33.33%      
---------------------------- TRAINING EPOCH: 110 ----------------------------  
client [97] (testset)   loss: 3.0180 -> 1.6105  accuracy: 0.00% -> 57.89%      
client [86] (testset)   loss: 1.4911 -> 0.9631  accuracy: 80.95% -> 80.95%     
client [34] (testset)   loss: 2.8614 -> 2.1753  accuracy: 0.00% -> 21.43%      
client [73] (testset)   loss: 2.4563 -> 1.7340  accuracy: 8.00% -> 42.00%      
client [5]  (testset)   loss: 2.1675 -> 1.6940  accuracy: 32.43% -> 32.43%     
client [96] (testset)   loss: 1.4994 -> 0.8769  accuracy: 80.65% -> 80.65%     
client [22] (testset)   loss: 2.6759 -> 1.9320  accuracy: 6.25% -> 29.17%      
client [60] (testset)   loss: 2.4830 -> 2.2744  accuracy: 8.11% -> 24.32%      
client [66] (testset)   loss: 3.0341 -> 1.6502  accuracy: 0.00% -> 45.45%      
client [83] (testset)   loss: 2.6178 -> 1.3433  accuracy: 20.48% -> 51.81%     
---------------------------- TRAINING EPOCH: 120 ----------------------------  
client [76] (testset)   loss: 2.3812 -> 1.7578  accuracy: 1.79% -> 25.00%      
client [65] (testset)   loss: 2.4316 -> 1.8771  accuracy: 4.35% -> 40.58%      
client [95] (testset)   loss: 2.3207 -> 1.6404  accuracy: 0.93% -> 32.71%      
client [17] (testset)   loss: 2.5492 -> 1.5520  accuracy: 4.60% -> 56.32%      
client [8]  (testset)   loss: 2.3543 -> 1.9256  accuracy: 0.00% -> 31.25%      
client [35] (testset)   loss: 2.2707 -> 2.1627  accuracy: 31.71% -> 31.71%     
client [98] (testset)   loss: 2.7502 -> 1.4049  accuracy: 12.00% -> 64.00%     
client [53] (testset)   loss: 2.1180 -> 1.7618  accuracy: 36.00% -> 36.00%     
client [43] (testset)   loss: 2.5746 -> 1.9997  accuracy: 20.00% -> 23.33%     
client [64] (testset)   loss: 2.3645 -> 1.8384  accuracy: 0.00% -> 39.66%      
---------------------------- TRAINING EPOCH: 130 ----------------------------  
client [21] (testset)   loss: 2.0566 -> 1.3377  accuracy: 23.46% -> 58.02%     
client [88] (testset)   loss: 2.6129 -> 1.7020  accuracy: 1.72% -> 31.03%      
client [38] (testset)   loss: 2.2893 -> 1.6827  accuracy: 36.36% -> 36.36%     
client [3]  (testset)   loss: 1.9208 -> 1.6387  accuracy: 51.11% -> 51.11%     
client [5]  (testset)   loss: 2.2015 -> 1.6935  accuracy: 32.43% -> 32.43%     
client [41] (testset)   loss: 2.6975 -> 1.7028  accuracy: 0.00% -> 33.33%      
client [7]  (testset)   loss: 2.5507 -> 1.8015  accuracy: 25.00% -> 39.29%     
client [37] (testset)   loss: 2.2583 -> 1.4588  accuracy: 22.70% -> 46.81%     
client [45] (testset)   loss: 2.1620 -> 1.8308  accuracy: 33.80% -> 33.80%     
client [47] (testset)   loss: 1.8885 -> 1.7857  accuracy: 44.44% -> 44.44%     
---------------------------- TRAINING EPOCH: 140 ----------------------------  
client [16] (testset)   loss: 2.3921 -> 1.6235  accuracy: 35.38% -> 35.38%     
client [11] (testset)   loss: 2.4209 -> 2.3707  accuracy: 15.62% -> 15.62%     
client [37] (testset)   loss: 2.6281 -> 1.4466  accuracy: 22.70% -> 46.81%     
client [41] (testset)   loss: 2.8661 -> 1.6531  accuracy: 0.00% -> 33.33%      
client [95] (testset)   loss: 2.1896 -> 1.5303  accuracy: 32.71% -> 32.71%     
client [53] (testset)   loss: 2.2185 -> 1.7694  accuracy: 0.00% -> 36.00%      
client [22] (testset)   loss: 2.6521 -> 1.9416  accuracy: 6.25% -> 29.17%      
client [25] (testset)   loss: 2.3174 -> 1.8743  accuracy: 9.09% -> 31.82%      
client [69] (testset)   loss: 2.4859 -> 1.6244  accuracy: 33.33% -> 33.33%     
client [46] (testset)   loss: 2.1705 -> 1.6610  accuracy: 42.02% -> 42.02%     
---------------------------- TRAINING EPOCH: 150 ----------------------------  
client [47] (testset)   loss: 2.2348 -> 1.7440  accuracy: 3.70% -> 44.44%      
client [69] (testset)   loss: 2.4484 -> 1.6100  accuracy: 0.00% -> 33.33%      
client [82] (testset)   loss: 2.1931 -> 1.6984  accuracy: 47.46% -> 47.46%     
client [45] (testset)   loss: 2.3313 -> 1.8399  accuracy: 0.00% -> 33.80%      
client [7]  (testset)   loss: 2.4991 -> 1.8124  accuracy: 7.14% -> 39.29%      
client [50] (testset)   loss: 2.3854 -> 1.9657  accuracy: 10.00% -> 16.67%     
client [35] (testset)   loss: 2.3003 -> 2.1455  accuracy: 31.71% -> 31.71%     
client [24] (testset)   loss: 2.1072 -> 1.7997  accuracy: 37.25% -> 37.25%     
client [15] (testset)   loss: 2.5540 -> 1.4396  accuracy: 0.00% -> 69.23%      
client [58] (testset)   loss: 2.7605 -> 2.1137  accuracy: 10.71% -> 25.00%     
---------------------------- TRAINING EPOCH: 160 ----------------------------  
client [48] (testset)   loss: 1.8874 -> 1.0943  accuracy: 61.22% -> 61.22%     
client [76] (testset)   loss: 2.4947 -> 1.7781  accuracy: 0.00% -> 25.00%      
client [67] (testset)   loss: 2.4344 -> 1.5208  accuracy: 0.00% -> 41.18%      
client [37] (testset)   loss: 2.2023 -> 1.4682  accuracy: 22.70% -> 46.81%     
client [58] (testset)   loss: 2.4043 -> 2.1140  accuracy: 14.29% -> 25.00%     
client [64] (testset)   loss: 2.2533 -> 1.8193  accuracy: 17.24% -> 39.66%     
client [77] (testset)   loss: 2.8885 -> 1.5734  accuracy: 0.00% -> 19.57%      
client [55] (testset)   loss: 2.5927 -> 2.2201  accuracy: 4.35% -> 13.04%      
client [12] (testset)   loss: 2.5070 -> 2.1846  accuracy: 16.98% -> 15.09%     
client [89] (testset)   loss: 2.6256 -> 2.0000  accuracy: 3.12% -> 28.12%      
---------------------------- TRAINING EPOCH: 170 ----------------------------  
client [84] (testset)   loss: 2.4578 -> 1.7986  accuracy: 1.61% -> 46.77%      
client [51] (testset)   loss: 2.6548 -> 1.4671  accuracy: 5.13% -> 64.10%      
client [8]  (testset)   loss: 2.3971 -> 1.9357  accuracy: 2.50% -> 31.25%      
client [18] (testset)   loss: 2.3027 -> 1.9949  accuracy: 33.33% -> 33.33%     
client [94] (testset)   loss: 2.3900 -> 1.0736  accuracy: 0.00% -> 62.32%      
client [81] (testset)   loss: 2.4474 -> 2.2543  accuracy: 8.33% -> 18.75%      
client [3]  (testset)   loss: 2.2558 -> 1.5999  accuracy: 1.48% -> 51.11%      
client [11] (testset)   loss: 2.3317 -> 2.3686  accuracy: 0.00% -> 15.62%      
client [95] (testset)   loss: 2.2726 -> 1.5533  accuracy: 14.02% -> 32.71%     
client [67] (testset)   loss: 2.5485 -> 1.5405  accuracy: 0.00% -> 23.53%      
---------------------------- TRAINING EPOCH: 180 ----------------------------  
client [21] (testset)   loss: 1.6048 -> 1.3127  accuracy: 58.02% -> 58.02%     
client [79] (testset)   loss: 2.4230 -> 1.7961  accuracy: 2.96% -> 37.04%      
client [58] (testset)   loss: 2.4105 -> 2.1852  accuracy: 17.86% -> 25.00%     
client [88] (testset)   loss: 2.6422 -> 1.6926  accuracy: 20.69% -> 31.03%     
client [46] (testset)   loss: 2.3498 -> 1.7199  accuracy: 6.72% -> 14.29%      
client [11] (testset)   loss: 2.6858 -> 2.3983  accuracy: 12.50% -> 15.62%     
client [55] (testset)   loss: 2.8916 -> 2.2176  accuracy: 4.35% -> 21.74%      
client [13] (testset)   loss: 3.2956 -> 2.1437  accuracy: 0.00% -> 21.88%      
client [31] (testset)   loss: 3.2414 -> 1.7542  accuracy: 2.00% -> 40.00%      
client [75] (testset)   loss: 2.1308 -> 2.1548  accuracy: 4.35% -> 4.35%       
---------------------------- TRAINING EPOCH: 190 ----------------------------  
client [19] (testset)   loss: 2.2164 -> 1.6768  accuracy: 0.00% -> 43.90%      
client [7]  (testset)   loss: 2.1912 -> 1.8862  accuracy: 39.29% -> 25.00%     
client [57] (testset)   loss: 2.0759 -> 1.5017  accuracy: 47.27% -> 47.27%     
client [13] (testset)   loss: 2.6352 -> 2.1281  accuracy: 18.75% -> 15.62%     
client [43] (testset)   loss: 2.7483 -> 2.0408  accuracy: 1.67% -> 23.33%      
client [91] (testset)   loss: 2.4388 -> 1.4195  accuracy: 2.99% -> 62.69%      
client [10] (testset)   loss: 2.3622 -> 1.9491  accuracy: 10.00% -> 34.00%     
client [64] (testset)   loss: 2.2856 -> 1.8187  accuracy: 12.07% -> 39.66%     
client [82] (testset)   loss: 2.4571 -> 1.7117  accuracy: 1.69% -> 47.46%      
client [22] (testset)   loss: 2.6937 -> 1.9511  accuracy: 0.00% -> 29.17%      
---------------------------- TRAINING EPOCH: 200 ----------------------------  
client [20] (testset)   loss: 1.9222 -> 1.3366  accuracy: 61.62% -> 61.62%     
client [23] (testset)   loss: 2.8074 -> 1.9331  accuracy: 0.00% -> 19.23%      
client [88] (testset)   loss: 2.6548 -> 1.7134  accuracy: 1.72% -> 31.03%      
client [98] (testset)   loss: 2.1709 -> 1.3501  accuracy: 0.00% -> 64.00%      
client [79] (testset)   loss: 2.0242 -> 1.8029  accuracy: 37.04% -> 37.04%     
client [21] (testset)   loss: 2.4317 -> 1.3485  accuracy: 23.46% -> 58.02%     
client [92] (testset)   loss: 2.1777 -> 1.9334  accuracy: 46.67% -> 46.67%     
client [56] (testset)   loss: 2.7426 -> 1.6067  accuracy: 0.00% -> 38.00%      
client [5]  (testset)   loss: 2.3531 -> 1.6923  accuracy: 32.43% -> 32.43%     
client [52] (testset)   loss: 2.2601 -> 1.9615  accuracy: 9.86% -> 23.94%      
---------------------------- TRAINING EPOCH: 210 ----------------------------  
client [67] (testset)   loss: 2.6986 -> 1.5033  accuracy: 0.00% -> 23.53%      
client [54] (testset)   loss: 2.3100 -> 2.2081  accuracy: 14.04% -> 24.56%     
client [14] (testset)   loss: 2.3368 -> 1.9403  accuracy: 15.79% -> 15.79%     
client [99] (testset)   loss: 2.4200 -> 1.8650  accuracy: 18.18% -> 33.33%     
client [36] (testset)   loss: 2.0660 -> 1.2651  accuracy: 66.67% -> 66.67%     
client [30] (testset)   loss: 2.5867 -> 1.5322  accuracy: 0.00% -> 50.00%      
client [38] (testset)   loss: 2.2243 -> 1.7076  accuracy: 36.36% -> 36.36%     
client [15] (testset)   loss: 2.0430 -> 1.5655  accuracy: 0.00% -> 69.23%      
client [6]  (testset)   loss: 2.5800 -> 1.8925  accuracy: 3.12% -> 45.31%      
client [53] (testset)   loss: 2.5242 -> 1.7686  accuracy: 0.00% -> 36.00%      
---------------------------- TRAINING EPOCH: 220 ----------------------------  
client [99] (testset)   loss: 2.8854 -> 1.8557  accuracy: 18.18% -> 18.18%     
client [6]  (testset)   loss: 2.3013 -> 1.9055  accuracy: 3.12% -> 45.31%      
client [83] (testset)   loss: 2.2903 -> 1.3349  accuracy: 20.48% -> 51.81%     
client [42] (testset)   loss: 2.4926 -> 1.9793  accuracy: 0.00% -> 32.76%      
client [34] (testset)   loss: 2.4168 -> 2.1347  accuracy: 0.00% -> 21.43%      
client [15] (testset)   loss: 2.4026 -> 1.7695  accuracy: 0.00% -> 15.38%      
client [47] (testset)   loss: 1.9979 -> 1.7691  accuracy: 44.44% -> 44.44%     
client [55] (testset)   loss: 3.0254 -> 2.2533  accuracy: 4.35% -> 21.74%      
client [51] (testset)   loss: 2.2343 -> 1.5003  accuracy: 5.13% -> 64.10%      
client [95] (testset)   loss: 2.0619 -> 1.5400  accuracy: 32.71% -> 32.71%     
---------------------------- TRAINING EPOCH: 230 ----------------------------  
client [71] (testset)   loss: 2.3288 -> 1.2901  accuracy: 4.17% -> 64.58%      
client [15] (testset)   loss: 2.8464 -> 1.5997  accuracy: 0.00% -> 15.38%      
client [33] (testset)   loss: 2.5149 -> 2.3118  accuracy: 11.25% -> 20.00%     
client [99] (testset)   loss: 2.7156 -> 1.8104  accuracy: 18.18% -> 33.33%     
client [90] (testset)   loss: 1.5928 -> 0.7628  accuracy: 79.11% -> 79.11%     
client [57] (testset)   loss: 2.7374 -> 1.5253  accuracy: 7.27% -> 47.27%      
client [27] (testset)   loss: 2.5384 -> 1.9523  accuracy: 13.16% -> 34.21%     
client [78] (testset)   loss: 2.2015 -> 1.6086  accuracy: 45.00% -> 45.00%     
client [36] (testset)   loss: 1.7418 -> 1.2546  accuracy: 66.67% -> 66.67%     
client [88] (testset)   loss: 2.6819 -> 1.7223  accuracy: 1.72% -> 31.03%      
---------------------------- TRAINING EPOCH: 240 ----------------------------  
client [70] (testset)   loss: 2.4667 -> 1.5164  accuracy: 12.12% -> 50.00%     
client [35] (testset)   loss: 2.6866 -> 2.1492  accuracy: 4.88% -> 31.71%      
client [16] (testset)   loss: 2.1883 -> 1.6276  accuracy: 35.38% -> 35.38%     
client [80] (testset)   loss: 1.9112 -> 1.2377  accuracy: 3.03% -> 72.73%      
client [38] (testset)   loss: 2.4479 -> 1.7765  accuracy: 36.36% -> 31.82%     
client [78] (testset)   loss: 2.2937 -> 1.6241  accuracy: 45.00% -> 45.00%     
client [68] (testset)   loss: 2.5479 -> 1.9720  accuracy: 17.07% -> 34.15%     
client [11] (testset)   loss: 2.5966 -> 2.4121  accuracy: 15.62% -> 15.62%     
client [64] (testset)   loss: 2.1535 -> 1.8077  accuracy: 17.24% -> 39.66%     
client [82] (testset)   loss: 2.7540 -> 1.7105  accuracy: 1.69% -> 47.46%      
---------------------------- TRAINING EPOCH: 250 ----------------------------  
client [30] (testset)   loss: 2.7394 -> 1.6664  accuracy: 0.00% -> 50.00%      
client [27] (testset)   loss: 2.4919 -> 1.9781  accuracy: 13.16% -> 34.21%     
client [74] (testset)   loss: 2.9386 -> 1.8075  accuracy: 1.41% -> 38.03%      
client [45] (testset)   loss: 2.1974 -> 1.8288  accuracy: 33.80% -> 33.80%     
client [6]  (testset)   loss: 2.6927 -> 1.8870  accuracy: 3.12% -> 45.31%      
client [36] (testset)   loss: 1.6362 -> 1.2125  accuracy: 66.67% -> 66.67%     
client [63] (testset)   loss: 1.9930 -> 1.6658  accuracy: 40.48% -> 40.48%     
client [76] (testset)   loss: 2.9184 -> 1.7674  accuracy: 0.00% -> 25.00%      
client [83] (testset)   loss: 2.6761 -> 1.3276  accuracy: 20.48% -> 51.81%     
client [86] (testset)   loss: 1.3030 -> 0.9342  accuracy: 80.95% -> 80.95%     
---------------------------- TRAINING EPOCH: 260 ----------------------------  
client [83] (testset)   loss: 2.2673 -> 1.3384  accuracy: 20.48% -> 51.81%     
client [99] (testset)   loss: 2.3813 -> 1.8234  accuracy: 18.18% -> 33.33%     
client [74] (testset)   loss: 2.4537 -> 1.7862  accuracy: 1.41% -> 38.03%      
client [73] (testset)   loss: 2.4464 -> 1.7065  accuracy: 8.00% -> 42.00%      
client [29] (testset)   loss: 2.3986 -> 1.7065  accuracy: 20.93% -> 34.88%     
client [92] (testset)   loss: 2.1978 -> 1.9080  accuracy: 46.67% -> 46.67%     
client [6]  (testset)   loss: 2.4684 -> 1.8615  accuracy: 3.12% -> 45.31%      
client [61] (testset)   loss: 2.4783 -> 1.8883  accuracy: 0.00% -> 32.43%      
client [21] (testset)   loss: 2.3784 -> 1.3163  accuracy: 23.46% -> 58.02%     
client [67] (testset)   loss: 2.6574 -> 1.5298  accuracy: 0.00% -> 41.18%      
---------------------------- TRAINING EPOCH: 270 ----------------------------  
client [83] (testset)   loss: 2.1515 -> 1.3170  accuracy: 20.48% -> 51.81%     
client [32] (testset)   loss: 2.4872 -> 1.9138  accuracy: 0.00% -> 31.43%      
client [95] (testset)   loss: 1.9716 -> 1.6100  accuracy: 32.71% -> 32.71%     
client [61] (testset)   loss: 2.3868 -> 1.9254  accuracy: 0.00% -> 16.22%      
client [27] (testset)   loss: 2.4891 -> 1.9659  accuracy: 13.16% -> 34.21%     
client [25] (testset)   loss: 2.2375 -> 1.8864  accuracy: 9.09% -> 31.82%      
client [68] (testset)   loss: 2.6403 -> 1.9685  accuracy: 17.07% -> 34.15%     
client [34] (testset)   loss: 2.4100 -> 2.1409  accuracy: 0.00% -> 21.43%      
client [71] (testset)   loss: 2.2714 -> 1.2866  accuracy: 4.17% -> 64.58%      
client [89] (testset)   loss: 2.6632 -> 2.0336  accuracy: 3.12% -> 28.12%      
---------------------------- TRAINING EPOCH: 280 ----------------------------  
client [78] (testset)   loss: 2.2128 -> 1.7168  accuracy: 45.00% -> 13.33%     
client [81] (testset)   loss: 2.5653 -> 2.2710  accuracy: 18.75% -> 18.75%     
client [51] (testset)   loss: 2.1866 -> 1.4662  accuracy: 5.13% -> 64.10%      
client [54] (testset)   loss: 2.6285 -> 2.2769  accuracy: 14.04% -> 24.56%     
client [65] (testset)   loss: 2.2406 -> 1.8852  accuracy: 40.58% -> 40.58%     
client [41] (testset)   loss: 2.6817 -> 1.6521  accuracy: 0.00% -> 33.33%      
client [11] (testset)   loss: 2.3645 -> 2.3930  accuracy: 15.62% -> 15.62%     
client [85] (testset)   loss: 2.6269 -> 2.0228  accuracy: 12.77% -> 31.91%     
client [12] (testset)   loss: 2.4372 -> 2.1685  accuracy: 16.98% -> 15.09%     
client [23] (testset)   loss: 2.4010 -> 1.9488  accuracy: 0.00% -> 25.00%      
---------------------------- TRAINING EPOCH: 290 ----------------------------  
client [16] (testset)   loss: 2.1170 -> 1.6305  accuracy: 35.38% -> 35.38%     
client [65] (testset)   loss: 2.2254 -> 1.8866  accuracy: 40.58% -> 40.58%     
client [53] (testset)   loss: 2.5115 -> 1.8042  accuracy: 0.00% -> 36.00%      
client [58] (testset)   loss: 2.3137 -> 2.1594  accuracy: 14.29% -> 25.00%     
client [72] (testset)   loss: 2.3375 -> 2.3176  accuracy: 5.88% -> 19.61%      
client [7]  (testset)   loss: 2.1505 -> 1.8787  accuracy: 25.00% -> 39.29%     
client [71] (testset)   loss: 2.7060 -> 1.2819  accuracy: 4.17% -> 64.58%      
client [59] (testset)   loss: 2.3574 -> 1.8423  accuracy: 43.55% -> 43.55%     
client [86] (testset)   loss: 1.9787 -> 0.9562  accuracy: 80.95% -> 80.95%     
client [39] (testset)   loss: 2.4622 -> 1.8436  accuracy: 18.00% -> 43.00%     
---------------------------- TRAINING EPOCH: 300 ----------------------------  
client [99] (testset)   loss: 2.6553 -> 1.8476  accuracy: 0.00% -> 33.33%      
client [7]  (testset)   loss: 2.4377 -> 1.8616  accuracy: 1.79% -> 39.29%      
client [17] (testset)   loss: 2.6297 -> 1.5406  accuracy: 0.00% -> 56.32%      
client [64] (testset)   loss: 2.3903 -> 1.8309  accuracy: 0.00% -> 39.66%      
client [37] (testset)   loss: 2.3145 -> 1.4584  accuracy: 9.22% -> 46.81%      
client [29] (testset)   loss: 2.1192 -> 1.7180  accuracy: 25.58% -> 34.88%     
client [93] (testset)   loss: 2.4533 -> 1.9948  accuracy: 4.71% -> 35.29%      
client [73] (testset)   loss: 2.8064 -> 1.6773  accuracy: 0.00% -> 42.00%      
client [40] (testset)   loss: 2.4100 -> 2.2148  accuracy: 6.58% -> 27.63%      
client [76] (testset)   loss: 2.3952 -> 1.7893  accuracy: 25.00% -> 25.00%     
---------------------------- TRAINING EPOCH: 310 ----------------------------  
client [31] (testset)   loss: 2.8956 -> 1.7306  accuracy: 6.00% -> 40.00%      
client [89] (testset)   loss: 2.9705 -> 1.8972  accuracy: 3.12% -> 28.12%      
client [77] (testset)   loss: 3.3217 -> 1.5548  accuracy: 0.00% -> 19.57%      
client [90] (testset)   loss: 1.7605 -> 0.7602  accuracy: 79.11% -> 79.11%     
client [26] (testset)   loss: 2.3234 -> 1.5344  accuracy: 44.00% -> 32.00%     
client [50] (testset)   loss: 2.5528 -> 1.9638  accuracy: 21.11% -> 16.67%     
client [30] (testset)   loss: 2.6385 -> 1.5892  accuracy: 0.00% -> 50.00%      
client [70] (testset)   loss: 2.9387 -> 1.5945  accuracy: 12.12% -> 50.00%     
client [41] (testset)   loss: 2.8217 -> 1.7048  accuracy: 0.00% -> 33.33%      
client [99] (testset)   loss: 3.1813 -> 1.8630  accuracy: 18.18% -> 33.33%     
---------------------------- TRAINING EPOCH: 320 ----------------------------  
client [68] (testset)   loss: 2.7995 -> 1.9704  accuracy: 17.07% -> 17.07%     
client [70] (testset)   loss: 2.2190 -> 1.5011  accuracy: 12.12% -> 50.00%     
client [52] (testset)   loss: 2.4332 -> 1.8976  accuracy: 9.86% -> 30.99%      
client [1]  (testset)   loss: 2.4546 -> 1.9980  accuracy: 15.62% -> 32.81%     
client [2]  (testset)   loss: 1.7752 -> 1.5088  accuracy: 58.14% -> 58.14%     
client [67] (testset)   loss: 2.5181 -> 1.5472  accuracy: 0.00% -> 41.18%      
client [92] (testset)   loss: 2.1137 -> 1.9171  accuracy: 46.67% -> 46.67%     
client [35] (testset)   loss: 2.5159 -> 2.1462  accuracy: 4.88% -> 31.71%      
client [36] (testset)   loss: 1.7702 -> 1.3011  accuracy: 66.67% -> 66.67%     
client [64] (testset)   loss: 2.3670 -> 1.8502  accuracy: 17.24% -> 39.66%     
---------------------------- TRAINING EPOCH: 330 ----------------------------  
client [44] (testset)   loss: 1.8659 -> 1.3869  accuracy: 58.97% -> 58.97%     
client [6]  (testset)   loss: 2.3394 -> 1.9030  accuracy: 7.81% -> 45.31%      
client [12] (testset)   loss: 2.5458 -> 2.1671  accuracy: 3.77% -> 15.09%      
client [55] (testset)   loss: 2.8095 -> 2.2151  accuracy: 6.52% -> 13.04%      
client [29] (testset)   loss: 2.2605 -> 1.6921  accuracy: 0.00% -> 34.88%      
client [9]  (testset)   loss: 2.2398 -> 1.9682  accuracy: 33.33% -> 33.33%     
client [43] (testset)   loss: 2.9536 -> 2.0059  accuracy: 0.00% -> 26.67%      
client [77] (testset)   loss: 3.0476 -> 1.5920  accuracy: 0.00% -> 19.57%      
client [98] (testset)   loss: 2.7360 -> 1.3882  accuracy: 0.00% -> 64.00%      
client [78] (testset)   loss: 2.2511 -> 1.6172  accuracy: 0.00% -> 45.00%      
---------------------------- TRAINING EPOCH: 340 ----------------------------  
client [92] (testset)   loss: 2.5911 -> 1.9236  accuracy: 2.22% -> 46.67%      
client [80] (testset)   loss: 1.9951 -> 1.5014  accuracy: 0.00% -> 72.73%      
client [63] (testset)   loss: 2.2331 -> 1.6745  accuracy: 14.29% -> 40.48%     
client [76] (testset)   loss: 2.5898 -> 1.7873  accuracy: 25.00% -> 25.00%     
client [78] (testset)   loss: 2.5120 -> 1.6211  accuracy: 0.00% -> 45.00%      
client [25] (testset)   loss: 2.0112 -> 1.9179  accuracy: 31.82% -> 31.82%     
client [58] (testset)   loss: 2.6500 -> 2.1199  accuracy: 7.14% -> 25.00%      
client [13] (testset)   loss: 2.8754 -> 2.1414  accuracy: 0.00% -> 18.75%      
client [17] (testset)   loss: 2.5949 -> 1.5531  accuracy: 0.00% -> 56.32%      
client [38] (testset)   loss: 2.3818 -> 1.7006  accuracy: 9.09% -> 36.36%      
---------------------------- TRAINING EPOCH: 350 ----------------------------  
client [72] (testset)   loss: 2.5914 -> 2.3158  accuracy: 5.88% -> 5.88%       
client [82] (testset)   loss: 2.4000 -> 1.7158  accuracy: 1.69% -> 47.46%      
client [86] (testset)   loss: 1.9541 -> 0.9369  accuracy: 80.95% -> 80.95%     
client [51] (testset)   loss: 2.2191 -> 1.4697  accuracy: 5.13% -> 64.10%      
client [96] (testset)   loss: 1.9292 -> 0.8680  accuracy: 80.65% -> 80.65%     
client [42] (testset)   loss: 2.5773 -> 1.9960  accuracy: 0.00% -> 32.76%      
client [55] (testset)   loss: 2.6144 -> 2.2343  accuracy: 4.35% -> 21.74%      
client [13] (testset)   loss: 2.5970 -> 2.0327  accuracy: 3.12% -> 18.75%      
client [1]  (testset)   loss: 2.3187 -> 1.9660  accuracy: 15.62% -> 32.81%     
client [12] (testset)   loss: 2.4108 -> 2.1773  accuracy: 16.98% -> 15.09%     
---------------------------- TRAINING EPOCH: 360 ----------------------------  
client [68] (testset)   loss: 2.7676 -> 1.9858  accuracy: 17.07% -> 17.07%     
client [23] (testset)   loss: 2.9832 -> 1.9408  accuracy: 0.00% -> 26.92%      
client [46] (testset)   loss: 1.8374 -> 1.6209  accuracy: 42.02% -> 42.02%     
client [41] (testset)   loss: 2.7051 -> 1.7361  accuracy: 0.00% -> 33.33%      
client [25] (testset)   loss: 2.3662 -> 1.8535  accuracy: 9.09% -> 31.82%      
client [58] (testset)   loss: 2.6894 -> 2.1044  accuracy: 14.29% -> 25.00%     
client [14] (testset)   loss: 2.6165 -> 1.9665  accuracy: 15.79% -> 24.56%     
client [33] (testset)   loss: 2.7273 -> 2.2620  accuracy: 11.25% -> 20.00%     
client [85] (testset)   loss: 2.4104 -> 2.0319  accuracy: 12.77% -> 31.91%     
client [62] (testset)   loss: 2.5639 -> 1.5329  accuracy: 11.94% -> 56.72%     
---------------------------- TRAINING EPOCH: 370 ----------------------------  
client [98] (testset)   loss: 3.0107 -> 1.3588  accuracy: 0.00% -> 64.00%      
client [63] (testset)   loss: 2.1552 -> 1.6824  accuracy: 40.48% -> 40.48%     
client [70] (testset)   loss: 2.6276 -> 1.4924  accuracy: 12.12% -> 50.00%     
client [65] (testset)   loss: 2.1571 -> 1.8866  accuracy: 40.58% -> 40.58%     
client [14] (testset)   loss: 2.5367 -> 1.9670  accuracy: 15.79% -> 17.54%     
client [73] (testset)   loss: 2.6094 -> 1.7096  accuracy: 8.00% -> 42.00%      
client [34] (testset)   loss: 2.4409 -> 2.1454  accuracy: 0.00% -> 21.43%      
client [99] (testset)   loss: 2.5666 -> 1.8202  accuracy: 18.18% -> 33.33%     
client [69] (testset)   loss: 2.3061 -> 1.6259  accuracy: 33.33% -> 33.33%     
client [46] (testset)   loss: 2.1086 -> 1.6190  accuracy: 42.02% -> 42.02%     
---------------------------- TRAINING EPOCH: 380 ----------------------------  
client [99] (testset)   loss: 2.4831 -> 1.9823  accuracy: 0.00% -> 18.18%      
client [93] (testset)   loss: 2.4041 -> 1.9578  accuracy: 0.00% -> 35.29%      
client [11] (testset)   loss: 2.4123 -> 2.3819  accuracy: 9.38% -> 15.62%      
client [58] (testset)   loss: 2.4968 -> 2.1970  accuracy: 0.00% -> 25.00%      
client [81] (testset)   loss: 2.3731 -> 2.2807  accuracy: 8.33% -> 18.75%      
client [85] (testset)   loss: 2.5434 -> 2.0204  accuracy: 0.00% -> 31.91%      
client [89] (testset)   loss: 2.4794 -> 2.0067  accuracy: 6.25% -> 28.12%      
client [45] (testset)   loss: 2.3305 -> 1.8468  accuracy: 2.82% -> 33.80%      
client [8]  (testset)   loss: 2.3876 -> 1.9231  accuracy: 1.25% -> 31.25%      
client [68] (testset)   loss: 2.4578 -> 2.0024  accuracy: 7.32% -> 17.07%      
---------------------------- TRAINING EPOCH: 390 ----------------------------  
client [67] (testset)   loss: 2.3844 -> 1.5195  accuracy: 0.00% -> 41.18%      
client [72] (testset)   loss: 3.0603 -> 2.3164  accuracy: 5.88% -> 19.61%      
client [1]  (testset)   loss: 2.5738 -> 1.9652  accuracy: 15.62% -> 32.81%     
client [78] (testset)   loss: 1.9584 -> 1.7709  accuracy: 45.00% -> 13.33%     
client [83] (testset)   loss: 2.4361 -> 1.3090  accuracy: 20.48% -> 51.81%     
client [21] (testset)   loss: 2.2809 -> 1.3029  accuracy: 23.46% -> 58.02%     
client [56] (testset)   loss: 2.9681 -> 1.6252  accuracy: 0.00% -> 38.00%      
client [44] (testset)   loss: 2.9560 -> 1.4383  accuracy: 20.51% -> 58.97%     
client [92] (testset)   loss: 2.2436 -> 1.9372  accuracy: 46.67% -> 46.67%     
client [27] (testset)   loss: 2.5783 -> 1.9332  accuracy: 13.16% -> 34.21%     
---------------------------- TRAINING EPOCH: 400 ----------------------------  
client [10] (testset)   loss: 2.5619 -> 2.0013  accuracy: 0.00% -> 34.00%      
client [39] (testset)   loss: 2.3825 -> 1.8457  accuracy: 7.00% -> 43.00%      
client [65] (testset)   loss: 2.4374 -> 1.8710  accuracy: 4.35% -> 40.58%      
client [26] (testset)   loss: 2.0395 -> 1.5056  accuracy: 8.00% -> 44.00%      
client [19] (testset)   loss: 2.0927 -> 1.6843  accuracy: 21.95% -> 43.90%     
client [68] (testset)   loss: 2.4776 -> 2.0069  accuracy: 0.00% -> 17.07%      
client [41] (testset)   loss: 2.2674 -> 1.6506  accuracy: 0.00% -> 33.33%      
client [50] (testset)   loss: 2.4117 -> 1.9846  accuracy: 10.00% -> 16.67%     
client [75] (testset)   loss: 2.2258 -> 1.9193  accuracy: 8.70% -> 47.83%      
client [81] (testset)   loss: 2.3857 -> 2.2535  accuracy: 4.17% -> 18.75%      
pFedFDA's average time taken by each global epoch: 0 min 0.90 sec.             
pFedFDA's total running time: 0 h 9 m 17 s.                                    
==================== pFedFDA Experiment Results: ====================          
Display format: (before local fine-tuning) -> (after local fine-tuning)        
 So if finetune_epoch = 0, x.xx% -> 0.00% is normal.                           
 Centralized testing ONLY happens after model aggregation, so the stats between
'->' are the same.                                                             
{                                                                              
    "100": {                                                                   
        "all_clients": {                                                       
            "test": {                                                          
                "loss": "2.7911 -> 2.5470",                                    
                "accuracy": "41.45% -> 40.19%"                                 
            }                                                                  
        }                                                                      
    },                                                                         
    "200": {                                                                   
        "all_clients": {                                                       
            "test": {                                                          
                "loss": "2.8206 -> 2.4921",                                    
                "accuracy": "41.45% -> 40.25%"                                 
            }                                                                  
        }                                                                      
    },                                                                         
    "300": {                                                                   
        "all_clients": {                                                       
            "test": {                                                          
                "loss": "2.8384 -> 2.6872",                                    
                "accuracy": "41.45% -> 38.34%"                                 
            }                                                                  
        }                                                                      
    },                                                                         
    "400": {                                                                   
        "all_clients": {                                                       
            "test": {                                                          
                "loss": "2.8727 -> 2.6367",                                    
                "accuracy": "41.45% -> 41.27%"                                 
            }                                                                  
        }                                                                      
    }                                                                          
}                                                                              
==================== pFedFDA Max Accuracy ====================                 
all_clients:                                                                   
(test) before fine-tuning: 41.45% at epoch 100                                 
(test) after fine-tuning: 41.27% at epoch 400                                  
