==================== FedDpag ====================                              
Experiment Arguments:                                                          
{
    'method': 'feddpag',
    'dataset': {
        'name': 'mnist',
        'client_num': 100,
        'test_ratio': 0.25,
        'val_ratio': 0.0,
        'seed': 42,
        'split': 'sample',
        'IID_ratio': 0.0,
        'monitor_window_name_suffix': 'mnist-100clients-0%IID-Dir(0.1)-seed42',
        'alpha': 0.1,
        'min_samples_per_client': 10
    },
    'model': {
        'name': 'avgcnn',
        'use_torchvision_pretrained_weights': True,
        'external_model_weights_path': None
    },
    'optimizer': {
        'lr': 0.01,
        'dampening': 0,
        'weight_decay': 0,
        'momentum': 0.7,
        'nesterov': False,
        'name': 'sgd'
    },
    'mode': 'serial',
    'parallel': {
        'ray_cluster_addr': None,
        'num_cpus': None,
        'num_gpus': None,
        'num_workers': 2
    },
    'common': {
        'seed': 42,
        'join_ratio': 0.1,
        'global_epoch': 400,
        'local_epoch': 5,
        'batch_size': 32,
        'reset_optimizer_on_global_epoch': True,
        'straggler_ratio': 0,
        'straggler_min_local_epoch': 0,
        'buffers': 'global',
        'client_side_evaluation': True,
        'test': {
            'client': {
                'interval': 100,
                'finetune_epoch': 0,
                'train': False,
                'val': False,
                'test': True
            },
            'server': {
                'interval': -1,
                'train': False,
                'val': False,
                'test': True,
                'model_in_train_mode': False
            }
        },
        'verbose_gap': 10,
        'monitor': None,
        'use_cuda': True,
        'save_log': True,
        'save_model': False,
        'save_learning_curve_plot': True,
        'save_metrics': True,
        'delete_useless_run': True
    },
    'fedprox': {
        'mu': 0.01
    },
    'pfedsim': {
        'warmup_round': 0.5
    },
    'feddpag': {
        'fisher_threshold': 0.995
    }
}
---------------------------- TRAINING EPOCH: 10 ----------------------------   
client [77] (testset)   loss: 0.2270 -> 0.0750  accuracy: 92.47% -> 97.95%     
client [81] (testset)   loss: 0.1111 -> 0.0157  accuracy: 98.15% -> 99.38%     
client [21] (testset)   loss: 0.2568 -> 0.0414  accuracy: 93.14% -> 99.02%     
client [68] (testset)   loss: 0.1257 -> 0.0810  accuracy: 96.61% -> 98.31%     
client [93] (testset)   loss: 0.1953 -> 0.0192  accuracy: 96.77% -> 100.00%    
client [31] (testset)   loss: 0.2102 -> 0.1108  accuracy: 85.71% -> 100.00%    
client [20] (testset)   loss: 0.3078 -> 0.1499  accuracy: 91.86% -> 95.02%     
client [59] (testset)   loss: 0.4789 -> 0.1001  accuracy: 75.00% -> 87.50%     
client [48] (testset)   loss: 0.1148 -> 0.0176  accuracy: 98.06% -> 99.03%     
client [34] (testset)   loss: 0.1019 -> 0.4094  accuracy: 100.00% -> 94.44%    
---------------------------- TRAINING EPOCH: 20 ----------------------------   
client [69] (testset)   loss: 0.0327 -> 0.0156  accuracy: 98.54% -> 99.64%     
client [99] (testset)   loss: 0.3399 -> 0.0378  accuracy: 90.48% -> 100.00%    
client [67] (testset)   loss: 0.1683 -> 0.0000  accuracy: 94.59% -> 100.00%    
client [0]  (testset)   loss: 0.2101 -> 0.0083  accuracy: 91.51% -> 100.00%    
client [76] (testset)   loss: 0.2817 -> 0.0338  accuracy: 90.91% -> 98.70%     
client [41] (testset)   loss: 0.1565 -> 0.0101  accuracy: 94.74% -> 100.00%    
client [62] (testset)   loss: 0.4577 -> 0.0234  accuracy: 83.98% -> 98.90%     
client [2]  (testset)   loss: 1.2951 -> 0.0141  accuracy: 63.12% -> 99.24%     
client [14] (testset)   loss: 0.1114 -> 0.0162  accuracy: 95.83% -> 99.31%     
client [46] (testset)   loss: 0.0991 -> 0.0370  accuracy: 97.75% -> 98.87%     
---------------------------- TRAINING EPOCH: 30 ----------------------------   
client [24] (testset)   loss: 0.0392 -> 0.1373  accuracy: 98.65% -> 97.30%     
client [68] (testset)   loss: 0.0897 -> 0.0652  accuracy: 96.61% -> 98.31%     
client [57] (testset)   loss: 0.0523 -> 0.0148  accuracy: 99.03% -> 99.52%     
client [17] (testset)   loss: 0.0311 -> 0.0197  accuracy: 98.44% -> 99.61%     
client [54] (testset)   loss: 0.0751 -> 0.1167  accuracy: 97.67% -> 95.35%     
client [23] (testset)   loss: 0.4152 -> 0.0014  accuracy: 80.00% -> 100.00%    
client [35] (testset)   loss: 0.0707 -> 0.0150  accuracy: 98.04% -> 100.00%    
client [59] (testset)   loss: 0.0039 -> 0.0145  accuracy: 100.00% -> 100.00%   
client [31] (testset)   loss: 0.3575 -> 0.1147  accuracy: 85.71% -> 100.00%    
client [9]  (testset)   loss: 0.0764 -> 0.0408  accuracy: 97.56% -> 98.53%     
---------------------------- TRAINING EPOCH: 40 ----------------------------   
client [64] (testset)   loss: 0.0422 -> 0.0110  accuracy: 98.61% -> 99.72%     
client [33] (testset)   loss: 0.1101 -> 0.0592  accuracy: 97.23% -> 99.18%     
client [16] (testset)   loss: 0.0699 -> 0.0007  accuracy: 98.57% -> 100.00%    
client [44] (testset)   loss: 0.1360 -> 0.0381  accuracy: 96.12% -> 98.81%     
client [8]  (testset)   loss: 0.1253 -> 0.0067  accuracy: 95.24% -> 100.00%    
client [31] (testset)   loss: 0.7386 -> 0.0601  accuracy: 85.71% -> 100.00%    
client [47] (testset)   loss: 0.1819 -> 0.0012  accuracy: 94.32% -> 100.00%    
client [36] (testset)   loss: 0.1592 -> 0.0300  accuracy: 95.94% -> 98.98%     
client [20] (testset)   loss: 0.2352 -> 0.1015  accuracy: 94.57% -> 96.38%     
client [56] (testset)   loss: 0.0488 -> 0.0160  accuracy: 97.85% -> 98.92%     
---------------------------- TRAINING EPOCH: 50 ----------------------------   
client [4]  (testset)   loss: 0.0404 -> 0.0051  accuracy: 98.53% -> 100.00%    
client [60] (testset)   loss: 0.1817 -> 0.0546  accuracy: 92.00% -> 99.00%     
client [28] (testset)   loss: 0.0024 -> 0.0002  accuracy: 100.00% -> 100.00%   
client [25] (testset)   loss: 0.0638 -> 0.0010  accuracy: 96.55% -> 100.00%    
client [58] (testset)   loss: 0.0678 -> 0.0462  accuracy: 96.45% -> 98.58%     
client [44] (testset)   loss: 0.1099 -> 0.0335  accuracy: 97.01% -> 99.10%     
client [39] (testset)   loss: 0.0212 -> 0.0046  accuracy: 99.51% -> 100.00%    
client [29] (testset)   loss: 0.0470 -> 0.0284  accuracy: 98.52% -> 99.26%     
client [3]  (testset)   loss: 0.1056 -> 0.0187  accuracy: 95.60% -> 99.58%     
client [84] (testset)   loss: 0.0531 -> 0.0081  accuracy: 100.00% -> 100.00%   
---------------------------- TRAINING EPOCH: 60 ----------------------------   
client [21] (testset)   loss: 0.0604 -> 0.0043  accuracy: 99.02% -> 100.00%    
client [84] (testset)   loss: 0.0057 -> 0.0043  accuracy: 100.00% -> 100.00%   
client [10] (testset)   loss: 0.0058 -> 0.0020  accuracy: 100.00% -> 100.00%   
client [36] (testset)   loss: 0.0538 -> 0.0365  accuracy: 97.97% -> 98.98%     
client [65] (testset)   loss: 0.0884 -> 0.0337  accuracy: 98.32% -> 98.74%     
client [81] (testset)   loss: 0.0778 -> 0.0186  accuracy: 98.77% -> 99.38%     
client [79] (testset)   loss: 0.0131 -> 0.0010  accuracy: 98.46% -> 100.00%    
client [42] (testset)   loss: 0.1319 -> 0.1372  accuracy: 97.81% -> 98.36%     
client [11] (testset)   loss: 0.0000 -> 0.0007  accuracy: 100.00% -> 100.00%   
client [96] (testset)   loss: 0.0296 -> 0.0013  accuracy: 98.04% -> 100.00%    
---------------------------- TRAINING EPOCH: 70 ----------------------------   
client [8]  (testset)   loss: 0.1032 -> 0.0379  accuracy: 97.62% -> 97.62%     
client [53] (testset)   loss: 0.0080 -> 0.0081  accuracy: 100.00% -> 100.00%   
client [52] (testset)   loss: 0.0593 -> 0.0000  accuracy: 97.37% -> 100.00%    
client [42] (testset)   loss: 0.1394 -> 0.1610  accuracy: 96.17% -> 97.81%     
client [69] (testset)   loss: 0.0266 -> 0.0104  accuracy: 99.09% -> 99.64%     
client [59] (testset)   loss: 0.0008 -> 0.0034  accuracy: 100.00% -> 100.00%   
client [7]  (testset)   loss: 0.0224 -> 0.0002  accuracy: 100.00% -> 100.00%   
client [26] (testset)   loss: 0.0481 -> 0.0616  accuracy: 95.83% -> 95.83%     
client [49] (testset)   loss: 0.0078 -> 0.0003  accuracy: 99.55% -> 100.00%    
client [98] (testset)   loss: 0.1333 -> 0.0093  accuracy: 91.18% -> 100.00%    
---------------------------- TRAINING EPOCH: 80 ----------------------------   
client [98] (testset)   loss: 0.0148 -> 0.0051  accuracy: 100.00% -> 100.00%   
client [47] (testset)   loss: 0.0818 -> 0.0018  accuracy: 96.59% -> 100.00%    
client [21] (testset)   loss: 0.0283 -> 0.0083  accuracy: 99.02% -> 100.00%    
client [77] (testset)   loss: 0.0873 -> 0.0425  accuracy: 95.89% -> 98.63%     
client [95] (testset)   loss: 0.0251 -> 0.0003  accuracy: 99.28% -> 100.00%    
client [91] (testset)   loss: 0.0473 -> 0.0090  accuracy: 98.35% -> 99.67%     
client [14] (testset)   loss: 0.0578 -> 0.0268  accuracy: 98.61% -> 98.61%     
client [99] (testset)   loss: 0.1781 -> 0.0185  accuracy: 95.24% -> 100.00%    
client [20] (testset)   loss: 0.1238 -> 0.0802  accuracy: 96.38% -> 97.29%     
client [39] (testset)   loss: 0.0304 -> 0.0017  accuracy: 98.77% -> 100.00%    
---------------------------- TRAINING EPOCH: 90 ----------------------------   
client [52] (testset)   loss: 0.0054 -> 0.0000  accuracy: 100.00% -> 100.00%   
client [62] (testset)   loss: 0.0062 -> 0.0009  accuracy: 99.45% -> 100.00%    
client [71] (testset)   loss: 0.0070 -> 0.0017  accuracy: 99.54% -> 100.00%    
client [97] (testset)   loss: 0.0140 -> 0.0008  accuracy: 99.67% -> 100.00%    
client [30] (testset)   loss: 0.0014 -> 0.0203  accuracy: 100.00% -> 97.50%    
client [88] (testset)   loss: 0.2355 -> 0.0037  accuracy: 97.06% -> 100.00%    
client [60] (testset)   loss: 0.1612 -> 0.0583  accuracy: 94.00% -> 99.00%     
client [82] (testset)   loss: 0.0132 -> 0.0162  accuracy: 100.00% -> 100.00%   
client [91] (testset)   loss: 0.0246 -> 0.0091  accuracy: 99.34% -> 99.83%     
client [57] (testset)   loss: 0.0095 -> 0.0042  accuracy: 99.52% -> 99.52%     
---------------------------- TRAINING EPOCH: 100 ----------------------------  
client [31] (testset)   loss: 0.0945 -> 0.0009  accuracy: 100.00% -> 100.00%   
client [15] (testset)   loss: 0.2133 -> 0.0451  accuracy: 94.50% -> 99.08%     
client [71] (testset)   loss: 0.0105 -> 0.0012  accuracy: 99.77% -> 100.00%    
client [97] (testset)   loss: 0.0158 -> 0.0009  accuracy: 99.00% -> 100.00%    
client [53] (testset)   loss: 0.0201 -> 0.0099  accuracy: 100.00% -> 100.00%   
client [77] (testset)   loss: 0.1133 -> 0.0463  accuracy: 96.58% -> 99.32%     
client [76] (testset)   loss: 0.0057 -> 0.0393  accuracy: 100.00% -> 98.70%    
client [79] (testset)   loss: 0.0192 -> 0.0011  accuracy: 98.46% -> 100.00%    
client [28] (testset)   loss: 0.0014 -> 0.0001  accuracy: 100.00% -> 100.00%   
client [99] (testset)   loss: 0.1792 -> 0.0093  accuracy: 95.24% -> 100.00%    
---------------------------- TRAINING EPOCH: 110 ----------------------------  
client [97] (testset)   loss: 0.0405 -> 0.0009  accuracy: 98.33% -> 100.00%    
client [86] (testset)   loss: 0.0760 -> 0.0018  accuracy: 96.44% -> 100.00%    
client [34] (testset)   loss: 0.0364 -> 0.0899  accuracy: 100.00% -> 94.44%    
client [73] (testset)   loss: 0.0044 -> 0.0682  accuracy: 100.00% -> 97.06%    
client [5]  (testset)   loss: 0.0704 -> 0.0260  accuracy: 97.93% -> 98.62%     
client [96] (testset)   loss: 0.0482 -> 0.0011  accuracy: 95.10% -> 100.00%    
client [22] (testset)   loss: 0.0431 -> 0.0009  accuracy: 97.87% -> 100.00%    
client [60] (testset)   loss: 0.1731 -> 0.0599  accuracy: 94.00% -> 99.00%     
client [66] (testset)   loss: 0.0241 -> 0.0175  accuracy: 98.23% -> 99.12%     
client [83] (testset)   loss: 0.0979 -> 0.0803  accuracy: 97.51% -> 97.51%     
---------------------------- TRAINING EPOCH: 120 ----------------------------  
client [76] (testset)   loss: 0.0188 -> 0.0760  accuracy: 100.00% -> 98.70%    
client [65] (testset)   loss: 0.0893 -> 0.0461  accuracy: 98.32% -> 98.74%     
client [95] (testset)   loss: 0.0101 -> 0.0010  accuracy: 99.64% -> 100.00%    
client [17] (testset)   loss: 0.0124 -> 0.0105  accuracy: 100.00% -> 99.61%    
client [8]  (testset)   loss: 0.2216 -> 0.0725  accuracy: 95.24% -> 97.62%     
client [35] (testset)   loss: 0.0714 -> 0.0227  accuracy: 98.04% -> 99.02%     
client [98] (testset)   loss: 0.0742 -> 0.0171  accuracy: 97.06% -> 100.00%    
client [53] (testset)   loss: 0.0210 -> 0.0067  accuracy: 100.00% -> 100.00%   
client [43] (testset)   loss: 0.1181 -> 0.0859  accuracy: 98.93% -> 97.86%     
client [64] (testset)   loss: 0.0318 -> 0.0171  accuracy: 98.89% -> 99.72%     
---------------------------- TRAINING EPOCH: 130 ----------------------------  
client [21] (testset)   loss: 0.0243 -> 0.0138  accuracy: 99.02% -> 99.02%     
client [88] (testset)   loss: 0.1364 -> 0.0017  accuracy: 97.06% -> 100.00%    
client [38] (testset)   loss: 0.0698 -> 0.0328  accuracy: 98.25% -> 98.25%     
client [3]  (testset)   loss: 0.0524 -> 0.0146  accuracy: 98.32% -> 99.58%     
client [5]  (testset)   loss: 0.0658 -> 0.0115  accuracy: 97.93% -> 98.62%     
client [41] (testset)   loss: 0.0223 -> 0.0008  accuracy: 98.95% -> 100.00%    
client [7]  (testset)   loss: 0.0526 -> 0.0031  accuracy: 100.00% -> 100.00%   
client [37] (testset)   loss: 0.0991 -> 0.0880  accuracy: 96.54% -> 96.97%     
client [45] (testset)   loss: 0.0311 -> 0.0174  accuracy: 98.77% -> 99.69%     
client [47] (testset)   loss: 0.0853 -> 0.0007  accuracy: 96.59% -> 100.00%    
---------------------------- TRAINING EPOCH: 140 ----------------------------  
client [16] (testset)   loss: 0.0087 -> 0.0001  accuracy: 100.00% -> 100.00%   
client [11] (testset)   loss: 0.0000 -> 0.0000  accuracy: 100.00% -> 100.00%   
client [37] (testset)   loss: 0.0952 -> 0.0873  accuracy: 96.97% -> 97.40%     
client [41] (testset)   loss: 0.0272 -> 0.0003  accuracy: 98.95% -> 100.00%    
client [95] (testset)   loss: 0.0303 -> 0.0001  accuracy: 99.28% -> 100.00%    
client [53] (testset)   loss: 0.0477 -> 0.0119  accuracy: 96.00% -> 100.00%    
client [22] (testset)   loss: 0.0172 -> 0.0015  accuracy: 100.00% -> 100.00%   
client [25] (testset)   loss: 0.0400 -> 0.0002  accuracy: 97.70% -> 100.00%    
client [69] (testset)   loss: 0.0418 -> 0.0092  accuracy: 98.91% -> 99.64%     
client [46] (testset)   loss: 0.0234 -> 0.0196  accuracy: 99.10% -> 99.55%     
---------------------------- TRAINING EPOCH: 150 ----------------------------  
client [47] (testset)   loss: 0.0712 -> 0.0125  accuracy: 97.73% -> 98.86%     
client [69] (testset)   loss: 0.0470 -> 0.0091  accuracy: 98.72% -> 99.64%     
client [82] (testset)   loss: 0.0205 -> 0.0139  accuracy: 98.59% -> 98.59%     
client [45] (testset)   loss: 0.0540 -> 0.0220  accuracy: 97.85% -> 99.69%     
client [7]  (testset)   loss: 0.0784 -> 0.0095  accuracy: 100.00% -> 100.00%   
client [50] (testset)   loss: 0.0781 -> 0.0064  accuracy: 96.92% -> 100.00%    
client [35] (testset)   loss: 0.0857 -> 0.0254  accuracy: 97.06% -> 98.04%     
client [24] (testset)   loss: 0.0192 -> 0.0405  accuracy: 100.00% -> 98.65%    
client [15] (testset)   loss: 0.1294 -> 0.0416  accuracy: 98.17% -> 99.08%     
client [58] (testset)   loss: 0.1065 -> 0.0449  accuracy: 95.74% -> 98.58%     
---------------------------- TRAINING EPOCH: 160 ----------------------------  
client [48] (testset)   loss: 0.0157 -> 0.0019  accuracy: 99.03% -> 100.00%    
client [76] (testset)   loss: 0.0089 -> 0.0547  accuracy: 100.00% -> 98.70%    
client [67] (testset)   loss: 0.0280 -> 0.0000  accuracy: 100.00% -> 100.00%   
client [37] (testset)   loss: 0.1071 -> 0.0884  accuracy: 96.10% -> 97.40%     
client [58] (testset)   loss: 0.0875 -> 0.0692  accuracy: 97.16% -> 98.58%     
client [64] (testset)   loss: 0.0634 -> 0.0364  accuracy: 98.06% -> 99.17%     
client [77] (testset)   loss: 0.0890 -> 0.0548  accuracy: 97.95% -> 99.32%     
client [55] (testset)   loss: 0.0244 -> 0.0051  accuracy: 99.49% -> 99.74%     
client [12] (testset)   loss: 0.0598 -> 0.0221  accuracy: 97.52% -> 99.01%     
client [89] (testset)   loss: 0.0117 -> 0.0079  accuracy: 100.00% -> 100.00%   
---------------------------- TRAINING EPOCH: 170 ----------------------------  
client [84] (testset)   loss: 0.0003 -> 0.0002  accuracy: 100.00% -> 100.00%   
client [51] (testset)   loss: 0.0399 -> 0.0057  accuracy: 97.14% -> 100.00%    
client [8]  (testset)   loss: 0.6357 -> 0.0001  accuracy: 85.71% -> 100.00%    
client [18] (testset)   loss: 0.0333 -> 0.0181  accuracy: 99.31% -> 99.66%     
client [94] (testset)   loss: 0.0006 -> 0.0000  accuracy: 100.00% -> 100.00%   
client [81] (testset)   loss: 0.0672 -> 0.0359  accuracy: 98.77% -> 99.38%     
client [3]  (testset)   loss: 0.0221 -> 0.0084  accuracy: 99.16% -> 99.79%     
client [11] (testset)   loss: 0.0000 -> 0.0002  accuracy: 100.00% -> 100.00%   
client [95] (testset)   loss: 0.0172 -> 0.0013  accuracy: 99.64% -> 100.00%    
client [67] (testset)   loss: 0.0133 -> 0.0001  accuracy: 100.00% -> 100.00%   
---------------------------- TRAINING EPOCH: 180 ----------------------------  
client [21] (testset)   loss: 0.0196 -> 0.0042  accuracy: 99.02% -> 100.00%    
client [79] (testset)   loss: 0.0077 -> 0.0003  accuracy: 100.00% -> 100.00%   
client [58] (testset)   loss: 0.0260 -> 0.0173  accuracy: 99.29% -> 99.29%     
client [88] (testset)   loss: 0.1014 -> 0.0195  accuracy: 97.06% -> 98.53%     
client [46] (testset)   loss: 0.0283 -> 0.0194  accuracy: 99.10% -> 99.55%     
client [11] (testset)   loss: 0.0000 -> 0.0000  accuracy: 100.00% -> 100.00%   
client [55] (testset)   loss: 0.0570 -> 0.0063  accuracy: 97.96% -> 99.74%     
client [13] (testset)   loss: 0.1783 -> 0.0042  accuracy: 95.83% -> 100.00%    
client [31] (testset)   loss: 0.0027 -> 0.0005  accuracy: 100.00% -> 100.00%   
client [75] (testset)   loss: 0.0909 -> 0.0192  accuracy: 97.52% -> 99.38%     
---------------------------- TRAINING EPOCH: 190 ----------------------------  
client [19] (testset)   loss: 0.0497 -> 0.0196  accuracy: 98.15% -> 100.00%    
client [7]  (testset)   loss: 0.0011 -> 0.0003  accuracy: 100.00% -> 100.00%   
client [57] (testset)   loss: 0.0017 -> 0.0001  accuracy: 100.00% -> 100.00%   
client [13] (testset)   loss: 0.0555 -> 0.0076  accuracy: 95.83% -> 100.00%    
client [43] (testset)   loss: 0.1147 -> 0.0644  accuracy: 98.40% -> 98.93%     
client [91] (testset)   loss: 0.0373 -> 0.0090  accuracy: 98.84% -> 99.83%     
client [10] (testset)   loss: 0.0044 -> 0.0009  accuracy: 100.00% -> 100.00%   
client [64] (testset)   loss: 0.0239 -> 0.0107  accuracy: 99.17% -> 99.72%     
client [82] (testset)   loss: 0.0034 -> 0.0050  accuracy: 100.00% -> 100.00%   
client [22] (testset)   loss: 0.0106 -> 0.0028  accuracy: 100.00% -> 100.00%   
---------------------------- TRAINING EPOCH: 200 ----------------------------  
client [20] (testset)   loss: 0.1121 -> 0.0649  accuracy: 95.93% -> 98.64%     
client [23] (testset)   loss: 0.0005 -> 0.0000  accuracy: 100.00% -> 100.00%   
client [88] (testset)   loss: 0.1178 -> 0.0086  accuracy: 97.06% -> 100.00%    
client [98] (testset)   loss: 0.0427 -> 0.0273  accuracy: 97.06% -> 97.06%     
client [79] (testset)   loss: 0.0029 -> 0.0003  accuracy: 100.00% -> 100.00%   
client [21] (testset)   loss: 0.0135 -> 0.0085  accuracy: 99.02% -> 99.02%     
client [92] (testset)   loss: 0.0000 -> 0.0000  accuracy: 100.00% -> 100.00%   
client [56] (testset)   loss: 0.0247 -> 0.0000  accuracy: 98.92% -> 100.00%    
client [5]  (testset)   loss: 0.0265 -> 0.0122  accuracy: 97.93% -> 99.31%     
client [52] (testset)   loss: 0.0054 -> 0.0000  accuracy: 100.00% -> 100.00%   
---------------------------- TRAINING EPOCH: 210 ----------------------------  
client [67] (testset)   loss: 0.0001 -> 0.0000  accuracy: 100.00% -> 100.00%   
client [54] (testset)   loss: 0.0033 -> 0.0047  accuracy: 100.00% -> 100.00%   
client [14] (testset)   loss: 0.0227 -> 0.0458  accuracy: 98.61% -> 98.61%     
client [99] (testset)   loss: 0.0664 -> 0.0230  accuracy: 95.24% -> 100.00%    
client [36] (testset)   loss: 0.1097 -> 0.0352  accuracy: 97.97% -> 99.49%     
client [30] (testset)   loss: 0.0008 -> 0.0293  accuracy: 100.00% -> 97.50%    
client [38] (testset)   loss: 0.0925 -> 0.0345  accuracy: 98.25% -> 98.25%     
client [15] (testset)   loss: 0.1510 -> 0.0783  accuracy: 97.25% -> 99.08%     
client [6]  (testset)   loss: 0.0674 -> 0.0050  accuracy: 97.66% -> 99.74%     
client [53] (testset)   loss: 0.0513 -> 0.0006  accuracy: 96.00% -> 100.00%    
---------------------------- TRAINING EPOCH: 220 ----------------------------  
client [99] (testset)   loss: 0.0899 -> 0.1129  accuracy: 95.24% -> 95.24%     
client [6]  (testset)   loss: 0.0249 -> 0.0083  accuracy: 98.44% -> 99.74%     
client [83] (testset)   loss: 0.1092 -> 0.0801  accuracy: 97.86% -> 98.22%     
client [42] (testset)   loss: 0.1310 -> 0.1080  accuracy: 96.72% -> 98.91%     
client [34] (testset)   loss: 0.0344 -> 0.0784  accuracy: 100.00% -> 94.44%    
client [15] (testset)   loss: 0.1050 -> 0.0780  accuracy: 98.17% -> 99.08%     
client [47] (testset)   loss: 0.0964 -> 0.0200  accuracy: 96.59% -> 98.86%     
client [55] (testset)   loss: 0.0216 -> 0.0111  accuracy: 99.49% -> 99.74%     
client [51] (testset)   loss: 0.0012 -> 0.0002  accuracy: 100.00% -> 100.00%   
client [95] (testset)   loss: 0.0151 -> 0.0001  accuracy: 99.64% -> 100.00%    
---------------------------- TRAINING EPOCH: 230 ----------------------------  
client [71] (testset)   loss: 0.0206 -> 0.0012  accuracy: 99.54% -> 100.00%    
client [15] (testset)   loss: 0.1223 -> 0.0604  accuracy: 97.25% -> 99.08%     
client [33] (testset)   loss: 0.1082 -> 0.0706  accuracy: 98.69% -> 99.18%     
client [99] (testset)   loss: 0.0630 -> 0.0383  accuracy: 95.24% -> 95.24%     
client [90] (testset)   loss: 0.0323 -> 0.0277  accuracy: 99.27% -> 98.91%     
client [57] (testset)   loss: 0.0099 -> 0.0004  accuracy: 99.52% -> 100.00%    
client [27] (testset)   loss: 0.0197 -> 0.0012  accuracy: 98.93% -> 100.00%    
client [78] (testset)   loss: 0.0507 -> 0.0337  accuracy: 98.73% -> 98.73%     
client [36] (testset)   loss: 0.1072 -> 0.0354  accuracy: 97.97% -> 98.98%     
client [88] (testset)   loss: 0.1655 -> 0.0371  accuracy: 97.06% -> 98.53%     
---------------------------- TRAINING EPOCH: 240 ----------------------------  
client [70] (testset)   loss: 0.0380 -> 0.0116  accuracy: 98.35% -> 99.63%     
client [35] (testset)   loss: 0.0827 -> 0.0098  accuracy: 97.06% -> 99.02%     
client [16] (testset)   loss: 0.0002 -> 0.0001  accuracy: 100.00% -> 100.00%   
client [80] (testset)   loss: 0.0015 -> 0.0003  accuracy: 100.00% -> 100.00%   
client [38] (testset)   loss: 0.0840 -> 0.0891  accuracy: 98.25% -> 98.25%     
client [78] (testset)   loss: 0.0845 -> 0.0309  accuracy: 97.45% -> 99.36%     
client [68] (testset)   loss: 0.0062 -> 0.0479  accuracy: 100.00% -> 98.31%    
client [11] (testset)   loss: 0.0000 -> 0.0000  accuracy: 100.00% -> 100.00%   
client [64] (testset)   loss: 0.0274 -> 0.0135  accuracy: 99.17% -> 99.17%     
client [82] (testset)   loss: 0.0027 -> 0.0093  accuracy: 100.00% -> 100.00%   
---------------------------- TRAINING EPOCH: 250 ----------------------------  
client [30] (testset)   loss: 0.0000 -> 0.0327  accuracy: 100.00% -> 97.50%    
client [27] (testset)   loss: 0.0129 -> 0.0005  accuracy: 99.47% -> 100.00%    
client [74] (testset)   loss: 0.1016 -> 0.1124  accuracy: 98.15% -> 98.46%     
client [45] (testset)   loss: 0.0352 -> 0.0242  accuracy: 99.08% -> 99.69%     
client [6]  (testset)   loss: 0.0324 -> 0.0061  accuracy: 98.44% -> 99.74%     
client [36] (testset)   loss: 0.1135 -> 0.0507  accuracy: 97.46% -> 98.48%     
client [63] (testset)   loss: 0.0714 -> 0.0280  accuracy: 98.54% -> 99.27%     
client [76] (testset)   loss: 0.0035 -> 0.0310  accuracy: 100.00% -> 98.70%    
client [83] (testset)   loss: 0.1292 -> 0.0980  accuracy: 98.22% -> 98.22%     
client [86] (testset)   loss: 0.1315 -> 0.0005  accuracy: 96.44% -> 100.00%    
---------------------------- TRAINING EPOCH: 260 ----------------------------  
client [83] (testset)   loss: 0.1184 -> 0.0925  accuracy: 98.22% -> 98.22%     
client [99] (testset)   loss: 0.0453 -> 0.0195  accuracy: 95.24% -> 100.00%    
client [74] (testset)   loss: 0.0788 -> 0.1092  accuracy: 98.77% -> 98.46%     
client [73] (testset)   loss: 0.0031 -> 0.0742  accuracy: 100.00% -> 97.06%    
client [29] (testset)   loss: 0.0862 -> 0.0226  accuracy: 96.31% -> 99.63%     
client [92] (testset)   loss: 0.0000 -> 0.0000  accuracy: 100.00% -> 100.00%   
client [6]  (testset)   loss: 0.0694 -> 0.0078  accuracy: 98.18% -> 99.74%     
client [61] (testset)   loss: 0.0210 -> 0.0004  accuracy: 99.41% -> 100.00%    
client [21] (testset)   loss: 0.0097 -> 0.0036  accuracy: 99.02% -> 100.00%    
client [67] (testset)   loss: 0.0002 -> 0.0000  accuracy: 100.00% -> 100.00%   
---------------------------- TRAINING EPOCH: 270 ----------------------------  
client [83] (testset)   loss: 0.1484 -> 0.0960  accuracy: 97.86% -> 98.22%     
client [32] (testset)   loss: 0.1606 -> 0.0830  accuracy: 96.03% -> 97.62%     
client [95] (testset)   loss: 0.0396 -> 0.0001  accuracy: 98.92% -> 100.00%    
client [61] (testset)   loss: 0.0349 -> 0.0001  accuracy: 99.12% -> 100.00%    
client [27] (testset)   loss: 0.0333 -> 0.0006  accuracy: 98.93% -> 100.00%    
client [25] (testset)   loss: 0.0411 -> 0.0006  accuracy: 97.70% -> 100.00%    
client [68] (testset)   loss: 0.0133 -> 0.0621  accuracy: 100.00% -> 98.31%    
client [34] (testset)   loss: 0.0594 -> 0.1932  accuracy: 100.00% -> 94.44%    
client [71] (testset)   loss: 0.0213 -> 0.0035  accuracy: 99.54% -> 99.77%     
client [89] (testset)   loss: 0.0025 -> 0.0014  accuracy: 100.00% -> 100.00%   
---------------------------- TRAINING EPOCH: 280 ----------------------------  
client [78] (testset)   loss: 0.1249 -> 0.0445  accuracy: 97.45% -> 99.36%     
client [81] (testset)   loss: 0.0342 -> 0.0249  accuracy: 99.38% -> 99.38%     
client [51] (testset)   loss: 0.0055 -> 0.0001  accuracy: 100.00% -> 100.00%   
client [54] (testset)   loss: 0.0006 -> 0.0011  accuracy: 100.00% -> 100.00%   
client [65] (testset)   loss: 0.1061 -> 0.0286  accuracy: 98.32% -> 99.16%     
client [41] (testset)   loss: 0.0319 -> 0.0001  accuracy: 97.89% -> 100.00%    
client [11] (testset)   loss: 0.0000 -> 0.0001  accuracy: 100.00% -> 100.00%   
client [85] (testset)   loss: 0.0789 -> 0.0235  accuracy: 97.93% -> 98.96%     
client [12] (testset)   loss: 0.0721 -> 0.0213  accuracy: 98.02% -> 99.50%     
client [23] (testset)   loss: 0.0031 -> 0.0001  accuracy: 100.00% -> 100.00%   
---------------------------- TRAINING EPOCH: 290 ----------------------------  
client [16] (testset)   loss: 0.0192 -> 0.0000  accuracy: 98.57% -> 100.00%    
client [65] (testset)   loss: 0.0607 -> 0.0411  accuracy: 98.74% -> 98.74%     
client [53] (testset)   loss: 0.0114 -> 0.0013  accuracy: 100.00% -> 100.00%   
client [58] (testset)   loss: 0.0755 -> 0.0406  accuracy: 97.87% -> 98.58%     
client [72] (testset)   loss: 0.0303 -> 0.0009  accuracy: 99.09% -> 100.00%    
client [7]  (testset)   loss: 0.0075 -> 0.0007  accuracy: 100.00% -> 100.00%   
client [71] (testset)   loss: 0.0210 -> 0.0073  accuracy: 99.54% -> 99.77%     
client [59] (testset)   loss: 0.0000 -> 0.0000  accuracy: 100.00% -> 100.00%   
client [86] (testset)   loss: 0.1104 -> 0.0042  accuracy: 96.99% -> 99.73%     
client [39] (testset)   loss: 0.0155 -> 0.0011  accuracy: 99.51% -> 100.00%    
---------------------------- TRAINING EPOCH: 300 ----------------------------  
client [99] (testset)   loss: 0.0735 -> 0.1252  accuracy: 95.24% -> 95.24%     
client [7]  (testset)   loss: 0.0182 -> 0.0001  accuracy: 100.00% -> 100.00%   
client [17] (testset)   loss: 0.0011 -> 0.0018  accuracy: 100.00% -> 100.00%   
client [64] (testset)   loss: 0.0451 -> 0.0179  accuracy: 98.33% -> 99.17%     
client [37] (testset)   loss: 0.1024 -> 0.0682  accuracy: 97.84% -> 97.84%     
client [29] (testset)   loss: 0.0412 -> 0.0226  accuracy: 98.52% -> 99.63%     
client [93] (testset)   loss: 0.0022 -> 0.0001  accuracy: 100.00% -> 100.00%   
client [73] (testset)   loss: 0.0003 -> 0.1675  accuracy: 100.00% -> 91.18%    
client [40] (testset)   loss: 0.0006 -> 0.0000  accuracy: 100.00% -> 100.00%   
client [76] (testset)   loss: 0.0109 -> 0.0411  accuracy: 100.00% -> 98.70%    
---------------------------- TRAINING EPOCH: 310 ----------------------------  
client [31] (testset)   loss: 0.0085 -> 0.0095  accuracy: 100.00% -> 100.00%   
client [89] (testset)   loss: 0.0038 -> 0.0021  accuracy: 100.00% -> 100.00%   
client [77] (testset)   loss: 0.0641 -> 0.0602  accuracy: 97.95% -> 99.32%     
client [90] (testset)   loss: 0.0540 -> 0.0389  accuracy: 98.18% -> 98.91%     
client [26] (testset)   loss: 0.0083 -> 0.1112  accuracy: 100.00% -> 95.83%    
client [50] (testset)   loss: 0.0026 -> 0.0029  accuracy: 100.00% -> 100.00%   
client [30] (testset)   loss: 0.0010 -> 0.0095  accuracy: 100.00% -> 100.00%   
client [70] (testset)   loss: 0.0352 -> 0.0103  accuracy: 98.72% -> 99.63%     
client [41] (testset)   loss: 0.0363 -> 0.0004  accuracy: 97.89% -> 100.00%    
client [99] (testset)   loss: 0.0353 -> 0.1001  accuracy: 95.24% -> 95.24%     
---------------------------- TRAINING EPOCH: 320 ----------------------------  
client [68] (testset)   loss: 0.0119 -> 0.0192  accuracy: 100.00% -> 98.31%    
client [70] (testset)   loss: 0.0443 -> 0.0107  accuracy: 98.35% -> 99.82%     
client [52] (testset)   loss: 0.0134 -> 0.0000  accuracy: 98.68% -> 100.00%    
client [1]  (testset)   loss: 0.0219 -> 0.0141  accuracy: 98.33% -> 100.00%    
client [2]  (testset)   loss: 0.0356 -> 0.0231  accuracy: 99.24% -> 99.24%     
client [67] (testset)   loss: 0.0000 -> 0.0000  accuracy: 100.00% -> 100.00%   
client [92] (testset)   loss: 0.0000 -> 0.0000  accuracy: 100.00% -> 100.00%   
client [35] (testset)   loss: 0.1136 -> 0.0220  accuracy: 96.08% -> 99.02%     
client [36] (testset)   loss: 0.1067 -> 0.0570  accuracy: 98.48% -> 98.98%     
client [64] (testset)   loss: 0.0365 -> 0.0169  accuracy: 98.33% -> 99.17%     
---------------------------- TRAINING EPOCH: 330 ----------------------------  
client [44] (testset)   loss: 0.0405 -> 0.0183  accuracy: 98.51% -> 99.40%     
client [6]  (testset)   loss: 0.0425 -> 0.0060  accuracy: 98.44% -> 99.74%     
client [12] (testset)   loss: 0.0575 -> 0.0227  accuracy: 98.02% -> 99.50%     
client [55] (testset)   loss: 0.0102 -> 0.0017  accuracy: 99.74% -> 100.00%    
client [29] (testset)   loss: 0.0636 -> 0.0282  accuracy: 97.42% -> 99.63%     
client [9]  (testset)   loss: 0.0653 -> 0.0275  accuracy: 97.88% -> 99.02%     
client [43] (testset)   loss: 0.1316 -> 0.0829  accuracy: 98.40% -> 98.40%     
client [77] (testset)   loss: 0.0520 -> 0.0397  accuracy: 98.63% -> 99.32%     
client [98] (testset)   loss: 0.0659 -> 0.0251  accuracy: 97.06% -> 97.06%     
client [78] (testset)   loss: 0.1551 -> 0.0279  accuracy: 96.82% -> 99.36%     
---------------------------- TRAINING EPOCH: 340 ----------------------------  
client [92] (testset)   loss: 0.0000 -> 0.0000  accuracy: 100.00% -> 100.00%   
client [80] (testset)   loss: 0.0030 -> 0.0004  accuracy: 100.00% -> 100.00%   
client [63] (testset)   loss: 0.0426 -> 0.0349  accuracy: 99.27% -> 99.27%     
client [76] (testset)   loss: 0.0009 -> 0.0305  accuracy: 100.00% -> 98.70%    
client [78] (testset)   loss: 0.0670 -> 0.0421  accuracy: 98.09% -> 98.73%     
client [25] (testset)   loss: 0.0029 -> 0.0000  accuracy: 100.00% -> 100.00%   
client [58] (testset)   loss: 0.0353 -> 0.0020  accuracy: 98.58% -> 100.00%    
client [13] (testset)   loss: 0.0083 -> 0.0011  accuracy: 100.00% -> 100.00%   
client [17] (testset)   loss: 0.0094 -> 0.0035  accuracy: 100.00% -> 99.61%    
client [38] (testset)   loss: 0.1088 -> 0.0499  accuracy: 98.25% -> 98.25%     
---------------------------- TRAINING EPOCH: 350 ----------------------------  
client [72] (testset)   loss: 0.0331 -> 0.0010  accuracy: 99.09% -> 100.00%    
client [82] (testset)   loss: 0.0033 -> 0.0045  accuracy: 100.00% -> 100.00%   
client [86] (testset)   loss: 0.0537 -> 0.0009  accuracy: 98.08% -> 100.00%    
client [51] (testset)   loss: 0.0000 -> 0.0000  accuracy: 100.00% -> 100.00%   
client [96] (testset)   loss: 0.0236 -> 0.0001  accuracy: 99.02% -> 100.00%    
client [42] (testset)   loss: 0.1378 -> 0.1185  accuracy: 98.36% -> 98.91%     
client [55] (testset)   loss: 0.0296 -> 0.0004  accuracy: 98.98% -> 100.00%    
client [13] (testset)   loss: 0.0877 -> 0.0075  accuracy: 95.83% -> 100.00%    
client [1]  (testset)   loss: 0.0374 -> 0.0753  accuracy: 96.67% -> 98.33%     
client [12] (testset)   loss: 0.0241 -> 0.0200  accuracy: 99.01% -> 99.01%     
---------------------------- TRAINING EPOCH: 360 ----------------------------  
client [68] (testset)   loss: 0.0055 -> 0.0135  accuracy: 100.00% -> 98.31%    
client [23] (testset)   loss: 0.0030 -> 0.0003  accuracy: 100.00% -> 100.00%   
client [46] (testset)   loss: 0.0379 -> 0.0219  accuracy: 98.87% -> 99.32%     
client [41] (testset)   loss: 0.0123 -> 0.0004  accuracy: 100.00% -> 100.00%   
client [25] (testset)   loss: 0.0023 -> 0.0000  accuracy: 100.00% -> 100.00%   
client [58] (testset)   loss: 0.0117 -> 0.0041  accuracy: 99.29% -> 100.00%    
client [14] (testset)   loss: 0.0700 -> 0.0242  accuracy: 97.22% -> 98.61%     
client [33] (testset)   loss: 0.0888 -> 0.0762  accuracy: 98.86% -> 99.35%     
client [85] (testset)   loss: 0.0570 -> 0.0387  accuracy: 97.93% -> 99.48%     
client [62] (testset)   loss: 0.0002 -> 0.0000  accuracy: 100.00% -> 100.00%   
---------------------------- TRAINING EPOCH: 370 ----------------------------  
client [98] (testset)   loss: 0.1486 -> 0.1208  accuracy: 97.06% -> 97.06%     
client [63] (testset)   loss: 0.0508 -> 0.0278  accuracy: 98.54% -> 99.27%     
client [70] (testset)   loss: 0.0519 -> 0.0112  accuracy: 98.90% -> 99.63%     
client [65] (testset)   loss: 0.0887 -> 0.0522  accuracy: 98.74% -> 98.74%     
client [14] (testset)   loss: 0.0295 -> 0.0343  accuracy: 98.61% -> 98.61%     
client [73] (testset)   loss: 0.0029 -> 0.0010  accuracy: 100.00% -> 100.00%   
client [34] (testset)   loss: 0.0099 -> 0.0328  accuracy: 100.00% -> 100.00%   
client [99] (testset)   loss: 0.0258 -> 0.0591  accuracy: 100.00% -> 95.24%    
client [69] (testset)   loss: 0.0378 -> 0.0071  accuracy: 98.91% -> 99.64%     
client [46] (testset)   loss: 0.0256 -> 0.0131  accuracy: 99.32% -> 99.32%     
---------------------------- TRAINING EPOCH: 380 ----------------------------  
client [99] (testset)   loss: 0.0152 -> 0.0290  accuracy: 100.00% -> 100.00%   
client [93] (testset)   loss: 0.0011 -> 0.0001  accuracy: 100.00% -> 100.00%   
client [11] (testset)   loss: 0.0000 -> 0.0000  accuracy: 100.00% -> 100.00%   
client [58] (testset)   loss: 0.0226 -> 0.0011  accuracy: 99.29% -> 100.00%    
client [81] (testset)   loss: 0.0488 -> 0.0243  accuracy: 99.38% -> 99.38%     
client [85] (testset)   loss: 0.0586 -> 0.0162  accuracy: 97.93% -> 98.96%     
client [89] (testset)   loss: 0.0006 -> 0.0013  accuracy: 100.00% -> 100.00%   
client [45] (testset)   loss: 0.0506 -> 0.0259  accuracy: 98.77% -> 99.69%     
client [8]  (testset)   loss: 0.2820 -> 0.0627  accuracy: 92.86% -> 97.62%     
client [68] (testset)   loss: 0.0077 -> 0.0240  accuracy: 100.00% -> 98.31%    
---------------------------- TRAINING EPOCH: 390 ----------------------------  
client [67] (testset)   loss: 0.0008 -> 0.0000  accuracy: 100.00% -> 100.00%   
client [72] (testset)   loss: 0.0220 -> 0.0002  accuracy: 99.09% -> 100.00%    
client [1]  (testset)   loss: 0.0404 -> 0.0229  accuracy: 98.33% -> 98.33%     
client [78] (testset)   loss: 0.1213 -> 0.0757  accuracy: 97.45% -> 98.09%     
client [83] (testset)   loss: 0.1180 -> 0.0883  accuracy: 98.22% -> 98.22%     
client [21] (testset)   loss: 0.0240 -> 0.0130  accuracy: 99.02% -> 99.02%     
client [56] (testset)   loss: 0.0082 -> 0.0000  accuracy: 100.00% -> 100.00%   
client [44] (testset)   loss: 0.0391 -> 0.0223  accuracy: 98.21% -> 98.81%     
client [92] (testset)   loss: 0.0000 -> 0.0000  accuracy: 100.00% -> 100.00%   
client [27] (testset)   loss: 0.0047 -> 0.0012  accuracy: 100.00% -> 100.00%   
---------------------------- TRAINING EPOCH: 400 ----------------------------  
client [10] (testset)   loss: 0.0003 -> 0.0002  accuracy: 100.00% -> 100.00%   
client [39] (testset)   loss: 0.0215 -> 0.0037  accuracy: 99.26% -> 99.75%     
client [65] (testset)   loss: 0.0901 -> 0.0469  accuracy: 98.74% -> 98.74%     
client [26] (testset)   loss: 0.0079 -> 0.0128  accuracy: 100.00% -> 100.00%   
client [19] (testset)   loss: 0.0230 -> 0.0167  accuracy: 98.15% -> 100.00%    
client [68] (testset)   loss: 0.0047 -> 0.0088  accuracy: 100.00% -> 100.00%   
client [41] (testset)   loss: 0.0184 -> 0.0001  accuracy: 98.95% -> 100.00%    
client [50] (testset)   loss: 0.0095 -> 0.0035  accuracy: 99.49% -> 100.00%    
client [75] (testset)   loss: 0.0506 -> 0.0270  accuracy: 98.76% -> 99.07%     
client [81] (testset)   loss: 0.0366 -> 0.0249  accuracy: 99.38% -> 99.38%     
FedDpag's average time taken by each global epoch: 0 min 2.54 sec.             
FedDpag's total running time: 0 h 17 m 7 s.                                    
==================== FedDpag Experiment Results: ====================          
Display format: (before local fine-tuning) -> (after local fine-tuning)        
 So if finetune_epoch = 0, x.xx% -> 0.00% is normal.                           
 Centralized testing ONLY happens after model aggregation, so the stats between
'->' are the same.                                                             
{                                                                              
    "100": {                                                                   
        "all_clients": {                                                       
            "test": {                                                          
                "loss": "0.0660 -> 0.0000",                                    
                "accuracy": "98.11% -> 0.00%"                                  
            }                                                                  
        }                                                                      
    },                                                                         
    "200": {                                                                   
        "all_clients": {                                                       
            "test": {                                                          
                "loss": "0.0500 -> 0.0000",                                    
                "accuracy": "98.46% -> 0.00%"                                  
            }                                                                  
        }                                                                      
    },                                                                         
    "300": {                                                                   
        "all_clients": {                                                       
            "test": {                                                          
                "loss": "0.0443 -> 0.0000",                                    
                "accuracy": "98.84% -> 0.00%"                                  
            }                                                                  
        }                                                                      
    },                                                                         
    "400": {                                                                   
        "all_clients": {                                                       
            "test": {                                                          
                "loss": "0.0471 -> 0.0000",                                    
                "accuracy": "98.87% -> 0.00%"                                  
            }                                                                  
        }                                                                      
    }                                                                          
}                                                                              
==================== FedDpag Max Accuracy ====================                 
all_clients:                                                                   
(test) before fine-tuning: 98.87% at epoch 400                                 
(test) after fine-tuning: 0.00% at epoch 100                                   
