==================== FedDpag ====================                              
Experiment Arguments:                                                          
{
    'method': 'feddpag',
    'dataset': {
        'name': 'medmnistA',
        'client_num': 100,
        'test_ratio': 0.25,
        'val_ratio': 0.0,
        'seed': 42,
        'split': 'sample',
        'IID_ratio': 0.0,
        'monitor_window_name_suffix': 'medmnistA-100clients-0%IID-Dir(0.1)-seed42',
        'alpha': 0.1,
        'min_samples_per_client': 10
    },
    'model': {
        'name': 'avgcnn',
        'use_torchvision_pretrained_weights': True,
        'external_model_weights_path': None
    },
    'optimizer': {
        'lr': 0.01,
        'dampening': 0,
        'weight_decay': 0,
        'momentum': 0.7,
        'nesterov': False,
        'name': 'sgd'
    },
    'mode': 'serial',
    'parallel': {
        'ray_cluster_addr': None,
        'num_cpus': None,
        'num_gpus': None,
        'num_workers': 2
    },
    'common': {
        'seed': 42,
        'join_ratio': 0.1,
        'global_epoch': 200,
        'local_epoch': 5,
        'batch_size': 32,
        'reset_optimizer_on_global_epoch': True,
        'straggler_ratio': 0,
        'straggler_min_local_epoch': 0,
        'buffers': 'global',
        'client_side_evaluation': True,
        'test': {
            'client': {
                'interval': 100,
                'finetune_epoch': 0,
                'train': False,
                'val': False,
                'test': True
            },
            'server': {
                'interval': -1,
                'train': False,
                'val': False,
                'test': True,
                'model_in_train_mode': False
            }
        },
        'verbose_gap': 10,
        'monitor': None,
        'use_cuda': True,
        'save_log': True,
        'save_model': False,
        'save_learning_curve_plot': True,
        'save_metrics': True,
        'delete_useless_run': True
    },
    'fedprox': {
        'mu': 0.01
    },
    'pfedsim': {
        'warmup_round': 0.5
    },
    'feddpag': {
        'fisher_threshold': 0.995
    }
}
---------------------------- TRAINING EPOCH: 10 ----------------------------   
client [77] (testset)   loss: 2.8523 -> 1.1740  accuracy: 0.00% -> 58.33%      
client [81] (testset)   loss: 3.9910 -> 0.8435  accuracy: 0.00% -> 43.60%      
client [21] (testset)   loss: 4.6196 -> 0.8834  accuracy: 1.59% -> 53.44%      
client [68] (testset)   loss: 3.4266 -> 0.0023  accuracy: 0.00% -> 100.00%     
client [93] (testset)   loss: 4.4005 -> 1.1130  accuracy: 0.00% -> 88.89%      
client [31] (testset)   loss: 3.7379 -> 1.5187  accuracy: 0.00% -> 55.00%      
client [20] (testset)   loss: 0.7392 -> 0.5893  accuracy: 88.08% -> 88.08%     
client [59] (testset)   loss: 3.4800 -> 1.1299  accuracy: 0.00% -> 52.00%      
client [48] (testset)   loss: 3.3340 -> 0.8243  accuracy: 0.00% -> 74.14%      
client [34] (testset)   loss: 2.0815 -> 1.3537  accuracy: 37.04% -> 37.04%     
---------------------------- TRAINING EPOCH: 20 ----------------------------   
client [69] (testset)   loss: 2.0385 -> 1.0641  accuracy: 63.83% -> 63.83%     
client [99] (testset)   loss: 1.9915 -> 1.1856  accuracy: 0.00% -> 63.53%      
client [67] (testset)   loss: 2.0894 -> 1.1348  accuracy: 0.30% -> 55.29%      
client [0]  (testset)   loss: 2.2024 -> 0.9305  accuracy: 6.17% -> 60.35%      
client [76] (testset)   loss: 1.8921 -> 1.2997  accuracy: 52.13% -> 52.13%     
client [41] (testset)   loss: 1.7950 -> 0.8428  accuracy: 4.23% -> 59.15%      
client [62] (testset)   loss: 2.1699 -> 0.9177  accuracy: 10.00% -> 65.00%     
client [2]  (testset)   loss: 2.6940 -> 1.6563  accuracy: 5.71% -> 37.14%      
client [14] (testset)   loss: 1.1874 -> 0.1615  accuracy: 97.22% -> 97.22%     
client [46] (testset)   loss: 2.0050 -> 0.9062  accuracy: 0.00% -> 36.63%      
---------------------------- TRAINING EPOCH: 30 ----------------------------   
client [24] (testset)   loss: 0.3193 -> 0.1561  accuracy: 96.84% -> 96.84%     
client [68] (testset)   loss: 1.9345 -> 0.0114  accuracy: 0.00% -> 100.00%     
client [57] (testset)   loss: 3.2214 -> 0.5821  accuracy: 0.00% -> 79.69%      
client [17] (testset)   loss: 2.0064 -> 1.5022  accuracy: 38.46% -> 38.46%     
client [54] (testset)   loss: 3.7184 -> 0.6878  accuracy: 0.00% -> 80.00%      
client [23] (testset)   loss: 2.7860 -> 0.9351  accuracy: 36.67% -> 56.67%     
client [35] (testset)   loss: 1.6646 -> 1.1810  accuracy: 46.30% -> 46.30%     
client [59] (testset)   loss: 2.2090 -> 0.9318  accuracy: 52.00% -> 52.00%     
client [31] (testset)   loss: 4.2461 -> 1.5064  accuracy: 0.00% -> 55.00%      
client [9]  (testset)   loss: 1.9603 -> 0.7098  accuracy: 9.27% -> 83.44%      
---------------------------- TRAINING EPOCH: 40 ----------------------------   
client [64] (testset)   loss: 1.9214 -> 1.4754  accuracy: 0.00% -> 66.67%      
client [33] (testset)   loss: 1.6283 -> 0.6928  accuracy: 0.00% -> 75.00%      
client [16] (testset)   loss: 1.2201 -> 0.3067  accuracy: 0.00% -> 92.63%      
client [44] (testset)   loss: 2.8855 -> 1.8115  accuracy: 7.69% -> 61.54%      
client [8]  (testset)   loss: 2.8890 -> 1.8200  accuracy: 2.27% -> 40.91%      
client [31] (testset)   loss: 3.7122 -> 1.5570  accuracy: 10.00% -> 55.00%     
client [47] (testset)   loss: 2.4024 -> 1.0386  accuracy: 11.81% -> 39.76%     
client [36] (testset)   loss: 2.4142 -> 1.4017  accuracy: 30.00% -> 37.50%     
client [20] (testset)   loss: 1.5340 -> 0.5666  accuracy: 2.07% -> 88.08%      
client [56] (testset)   loss: 3.1696 -> 1.6294  accuracy: 0.00% -> 16.39%      
---------------------------- TRAINING EPOCH: 50 ----------------------------   
client [4]  (testset)   loss: 1.5226 -> 0.9440  accuracy: 76.74% -> 76.74%     
client [60] (testset)   loss: 0.8089 -> 0.1785  accuracy: 96.62% -> 96.62%     
client [28] (testset)   loss: 1.8252 -> 0.9765  accuracy: 4.35% -> 73.37%      
client [25] (testset)   loss: 2.1149 -> 0.8244  accuracy: 0.00% -> 73.02%      
client [58] (testset)   loss: 1.1135 -> 0.2283  accuracy: 94.34% -> 94.34%     
client [44] (testset)   loss: 1.6216 -> 1.6186  accuracy: 61.54% -> 61.54%     
client [39] (testset)   loss: 1.8960 -> 1.5909  accuracy: 43.40% -> 43.40%     
client [29] (testset)   loss: 2.2724 -> 0.9428  accuracy: 10.05% -> 73.87%     
client [3]  (testset)   loss: 1.9940 -> 0.7689  accuracy: 63.64% -> 36.36%     
client [84] (testset)   loss: 1.4355 -> 0.8101  accuracy: 56.96% -> 56.96%     
---------------------------- TRAINING EPOCH: 60 ----------------------------   
client [21] (testset)   loss: 2.2508 -> 0.8778  accuracy: 0.00% -> 53.44%      
client [84] (testset)   loss: 1.1755 -> 0.8050  accuracy: 56.96% -> 56.96%     
client [10] (testset)   loss: 3.0090 -> 0.9774  accuracy: 0.48% -> 39.61%      
client [36] (testset)   loss: 2.0633 -> 1.4297  accuracy: 30.00% -> 30.00%     
client [65] (testset)   loss: 1.1788 -> 0.6398  accuracy: 83.56% -> 83.56%     
client [81] (testset)   loss: 1.8513 -> 0.7897  accuracy: 43.60% -> 54.74%     
client [79] (testset)   loss: 1.2902 -> 0.9291  accuracy: 77.78% -> 77.78%     
client [42] (testset)   loss: 1.6706 -> 1.1192  accuracy: 58.33% -> 58.33%     
client [11] (testset)   loss: 2.6755 -> 1.1637  accuracy: 0.00% -> 50.88%      
client [96] (testset)   loss: 2.0017 -> 1.2045  accuracy: 55.39% -> 55.39%     
---------------------------- TRAINING EPOCH: 70 ----------------------------   
client [8]  (testset)   loss: 2.9325 -> 1.7603  accuracy: 2.27% -> 40.91%      
client [53] (testset)   loss: 1.4292 -> 0.2262  accuracy: 94.85% -> 94.85%     
client [52] (testset)   loss: 1.5616 -> 0.8756  accuracy: 75.22% -> 75.22%     
client [42] (testset)   loss: 2.7620 -> 1.1028  accuracy: 0.00% -> 58.33%      
client [69] (testset)   loss: 1.4169 -> 1.1484  accuracy: 63.83% -> 63.83%     
client [59] (testset)   loss: 2.0471 -> 0.9447  accuracy: 42.00% -> 52.00%     
client [7]  (testset)   loss: 2.4980 -> 0.4753  accuracy: 0.00% -> 88.85%      
client [26] (testset)   loss: 3.1263 -> 1.2755  accuracy: 0.00% -> 50.53%      
client [49] (testset)   loss: 1.2664 -> 0.7869  accuracy: 79.77% -> 79.77%     
client [98] (testset)   loss: 1.2949 -> 0.9581  accuracy: 74.68% -> 74.68%     
---------------------------- TRAINING EPOCH: 80 ----------------------------   
client [98] (testset)   loss: 1.3317 -> 0.9630  accuracy: 74.68% -> 74.68%     
client [47] (testset)   loss: 3.0583 -> 1.0220  accuracy: 11.81% -> 48.19%     
client [21] (testset)   loss: 2.6825 -> 0.8973  accuracy: 0.00% -> 53.44%      
client [77] (testset)   loss: 2.3822 -> 1.3022  accuracy: 58.33% -> 58.33%     
client [95] (testset)   loss: 0.6775 -> 0.2725  accuracy: 94.83% -> 94.83%     
client [91] (testset)   loss: 1.6519 -> 0.6207  accuracy: 0.00% -> 88.24%      
client [14] (testset)   loss: 0.2627 -> 0.1783  accuracy: 97.22% -> 97.22%     
client [99] (testset)   loss: 2.0320 -> 1.1890  accuracy: 9.41% -> 63.53%      
client [20] (testset)   loss: 1.7705 -> 0.6115  accuracy: 2.07% -> 88.08%      
client [39] (testset)   loss: 2.7507 -> 1.5779  accuracy: 9.43% -> 43.40%      
---------------------------- TRAINING EPOCH: 90 ----------------------------   
client [52] (testset)   loss: 2.2240 -> 0.8658  accuracy: 0.88% -> 75.22%      
client [62] (testset)   loss: 1.7436 -> 0.9328  accuracy: 65.00% -> 65.00%     
client [71] (testset)   loss: 2.0363 -> 1.2904  accuracy: 0.00% -> 50.00%      
client [97] (testset)   loss: 2.5465 -> 1.3604  accuracy: 0.00% -> 47.72%      
client [30] (testset)   loss: 1.2402 -> 0.9010  accuracy: 54.29% -> 54.29%     
client [88] (testset)   loss: 2.7421 -> 1.1870  accuracy: 0.00% -> 67.57%      
client [60] (testset)   loss: 0.9361 -> 0.1896  accuracy: 96.62% -> 96.62%     
client [82] (testset)   loss: 2.2773 -> 1.7289  accuracy: 11.63% -> 46.51%     
client [91] (testset)   loss: 2.4570 -> 0.6019  accuracy: 0.00% -> 88.24%      
client [57] (testset)   loss: 2.8915 -> 0.5602  accuracy: 19.53% -> 79.69%     
---------------------------- TRAINING EPOCH: 100 ----------------------------  
client [31] (testset)   loss: 2.1546 -> 1.5159  accuracy: 55.00% -> 55.00%     
client [15] (testset)   loss: 1.8698 -> 0.8365  accuracy: 17.65% -> 76.47%     
client [71] (testset)   loss: 1.5820 -> 1.2768  accuracy: 50.00% -> 50.00%     
client [97] (testset)   loss: 1.4545 -> 1.3338  accuracy: 47.72% -> 47.72%     
client [53] (testset)   loss: 1.6690 -> 0.2314  accuracy: 0.00% -> 94.85%      
client [77] (testset)   loss: 2.2604 -> 1.0061  accuracy: 1.19% -> 58.33%      
client [76] (testset)   loss: 1.9597 -> 1.2819  accuracy: 52.13% -> 52.13%     
client [79] (testset)   loss: 1.7362 -> 0.9680  accuracy: 77.78% -> 77.78%     
client [28] (testset)   loss: 1.3797 -> 0.9519  accuracy: 73.37% -> 73.37%     
client [99] (testset)   loss: 1.5388 -> 1.1722  accuracy: 63.53% -> 63.53%     
---------------------------- TRAINING EPOCH: 110 ----------------------------  
client [97] (testset)   loss: 1.6430 -> 1.3768  accuracy: 47.72% -> 47.72%     
client [86] (testset)   loss: 0.7501 -> 0.5066  accuracy: 84.66% -> 84.66%     
client [34] (testset)   loss: 2.4831 -> 1.3609  accuracy: 16.05% -> 37.04%     
client [73] (testset)   loss: 2.4244 -> 0.8109  accuracy: 40.00% -> 40.00%     
client [5]  (testset)   loss: 1.6399 -> 1.4638  accuracy: 43.96% -> 43.96%     
client [96] (testset)   loss: 2.2757 -> 1.2410  accuracy: 0.00% -> 55.39%      
client [22] (testset)   loss: 1.2156 -> 0.4151  accuracy: 89.95% -> 89.95%     
client [60] (testset)   loss: 0.6621 -> 0.2444  accuracy: 96.62% -> 96.62%     
client [66] (testset)   loss: 1.9230 -> 1.1206  accuracy: 50.78% -> 50.78%     
client [83] (testset)   loss: 1.5637 -> 0.6863  accuracy: 5.00% -> 85.00%      
---------------------------- TRAINING EPOCH: 120 ----------------------------  
client [76] (testset)   loss: 2.3408 -> 1.2789  accuracy: 0.00% -> 52.13%      
client [65] (testset)   loss: 0.8769 -> 0.5811  accuracy: 83.56% -> 83.56%     
client [95] (testset)   loss: 1.3601 -> 0.2967  accuracy: 94.83% -> 94.83%     
client [17] (testset)   loss: 2.8107 -> 1.4830  accuracy: 0.00% -> 27.69%      
client [8]  (testset)   loss: 2.4009 -> 1.7580  accuracy: 22.73% -> 40.91%     
client [35] (testset)   loss: 2.1771 -> 1.2179  accuracy: 0.00% -> 46.30%      
client [98] (testset)   loss: 2.0268 -> 0.9411  accuracy: 0.63% -> 74.68%      
client [53] (testset)   loss: 0.3738 -> 0.2428  accuracy: 94.85% -> 94.85%     
client [43] (testset)   loss: 1.8572 -> 0.3198  accuracy: 0.00% -> 93.29%      
client [64] (testset)   loss: 2.1629 -> 1.5712  accuracy: 0.00% -> 66.67%      
---------------------------- TRAINING EPOCH: 130 ----------------------------  
client [21] (testset)   loss: 3.0858 -> 0.8909  accuracy: 2.91% -> 53.44%      
client [88] (testset)   loss: 2.3339 -> 1.2697  accuracy: 0.00% -> 67.57%      
client [38] (testset)   loss: 2.1089 -> 1.0675  accuracy: 4.76% -> 66.67%      
client [3]  (testset)   loss: 1.9258 -> 0.8320  accuracy: 0.00% -> 36.36%      
client [5]  (testset)   loss: 2.9319 -> 1.4609  accuracy: 0.00% -> 43.96%      
client [41] (testset)   loss: 2.9038 -> 0.8329  accuracy: 0.00% -> 59.15%      
client [7]  (testset)   loss: 1.6180 -> 0.4756  accuracy: 88.85% -> 88.85%     
client [37] (testset)   loss: 0.9997 -> 0.4748  accuracy: 87.45% -> 87.45%     
client [45] (testset)   loss: 3.0947 -> 1.6282  accuracy: 22.00% -> 44.00%     
client [47] (testset)   loss: 2.7821 -> 0.9988  accuracy: 0.00% -> 39.76%      
---------------------------- TRAINING EPOCH: 140 ----------------------------  
client [16] (testset)   loss: 0.5808 -> 0.3002  accuracy: 92.63% -> 92.63%     
client [11] (testset)   loss: 1.6106 -> 1.1884  accuracy: 50.88% -> 50.88%     
client [37] (testset)   loss: 0.6542 -> 0.4871  accuracy: 87.45% -> 87.45%     
client [41] (testset)   loss: 1.7076 -> 0.8559  accuracy: 0.00% -> 59.15%      
client [95] (testset)   loss: 0.3993 -> 0.2755  accuracy: 94.83% -> 94.83%     
client [53] (testset)   loss: 0.8432 -> 0.2319  accuracy: 94.85% -> 94.85%     
client [22] (testset)   loss: 0.7512 -> 0.4220  accuracy: 89.95% -> 89.95%     
client [25] (testset)   loss: 2.5576 -> 0.7916  accuracy: 23.81% -> 73.02%     
client [69] (testset)   loss: 1.9180 -> 1.0703  accuracy: 63.83% -> 63.83%     
client [46] (testset)   loss: 1.5940 -> 0.8408  accuracy: 59.30% -> 59.30%     
---------------------------- TRAINING EPOCH: 150 ----------------------------  
client [47] (testset)   loss: 1.9468 -> 0.9925  accuracy: 39.76% -> 48.19%     
client [69] (testset)   loss: 2.1863 -> 1.0567  accuracy: 4.26% -> 63.83%      
client [82] (testset)   loss: 2.4955 -> 1.5685  accuracy: 11.63% -> 46.51%     
client [45] (testset)   loss: 2.9632 -> 1.5783  accuracy: 6.00% -> 44.00%      
client [7]  (testset)   loss: 2.6683 -> 0.4779  accuracy: 0.00% -> 88.85%      
client [50] (testset)   loss: 1.3618 -> 0.6818  accuracy: 79.27% -> 79.27%     
client [35] (testset)   loss: 1.3433 -> 1.1894  accuracy: 32.87% -> 46.30%     
client [24] (testset)   loss: 1.1604 -> 0.1588  accuracy: 0.00% -> 96.84%      
client [15] (testset)   loss: 2.1698 -> 0.8567  accuracy: 0.00% -> 76.47%      
client [58] (testset)   loss: 0.7438 -> 0.2305  accuracy: 94.34% -> 94.34%     
---------------------------- TRAINING EPOCH: 160 ----------------------------  
client [48] (testset)   loss: 2.0533 -> 0.7315  accuracy: 0.00% -> 74.14%      
client [76] (testset)   loss: 2.6148 -> 1.2945  accuracy: 0.00% -> 52.13%      
client [67] (testset)   loss: 1.2406 -> 1.2197  accuracy: 29.31% -> 55.29%     
client [37] (testset)   loss: 1.3734 -> 0.4908  accuracy: 0.00% -> 87.45%      
client [58] (testset)   loss: 0.7270 -> 0.2323  accuracy: 94.34% -> 94.34%     
client [64] (testset)   loss: 1.4883 -> 1.3817  accuracy: 66.67% -> 66.67%     
client [77] (testset)   loss: 2.8342 -> 0.9909  accuracy: 1.19% -> 58.33%      
client [55] (testset)   loss: 3.4185 -> 2.3333  accuracy: 12.50% -> 50.00%     
client [12] (testset)   loss: 0.7415 -> 0.5246  accuracy: 86.14% -> 86.14%     
client [89] (testset)   loss: 2.7385 -> 1.9262  accuracy: 18.75% -> 18.75%     
---------------------------- TRAINING EPOCH: 170 ----------------------------  
client [84] (testset)   loss: 1.2565 -> 0.8958  accuracy: 40.51% -> 40.51%     
client [51] (testset)   loss: 1.7455 -> 0.8449  accuracy: 66.67% -> 66.67%     
client [8]  (testset)   loss: 3.5504 -> 1.7593  accuracy: 0.00% -> 40.91%      
client [18] (testset)   loss: 1.5904 -> 0.9387  accuracy: 65.38% -> 65.38%     
client [94] (testset)   loss: 1.6982 -> 1.4155  accuracy: 50.00% -> 20.31%     
client [81] (testset)   loss: 0.9599 -> 0.8440  accuracy: 54.74% -> 54.74%     
client [3]  (testset)   loss: 1.6708 -> 0.7566  accuracy: 63.64% -> 63.64%     
client [11] (testset)   loss: 1.6851 -> 1.1712  accuracy: 50.88% -> 50.88%     
client [95] (testset)   loss: 0.6106 -> 0.3048  accuracy: 94.83% -> 94.83%     
client [67] (testset)   loss: 1.3442 -> 1.1971  accuracy: 55.29% -> 55.29%     
---------------------------- TRAINING EPOCH: 180 ----------------------------  
client [21] (testset)   loss: 2.9708 -> 0.9184  accuracy: 2.91% -> 53.44%      
client [79] (testset)   loss: 1.2790 -> 0.9200  accuracy: 77.78% -> 77.78%     
client [58] (testset)   loss: 0.4049 -> 0.2280  accuracy: 94.34% -> 94.34%     
client [88] (testset)   loss: 2.2031 -> 1.1397  accuracy: 8.11% -> 67.57%      
client [46] (testset)   loss: 2.1394 -> 0.9011  accuracy: 36.63% -> 59.30%     
client [11] (testset)   loss: 1.5745 -> 1.1898  accuracy: 26.21% -> 50.88%     
client [55] (testset)   loss: 1.6659 -> 1.6758  accuracy: 50.00% -> 50.00%     
client [13] (testset)   loss: 0.2304 -> 0.1388  accuracy: 97.78% -> 97.78%     
client [31] (testset)   loss: 3.8976 -> 1.5173  accuracy: 0.00% -> 55.00%      
client [75] (testset)   loss: 2.2468 -> 1.5224  accuracy: 38.38% -> 29.15%     
---------------------------- TRAINING EPOCH: 190 ----------------------------  
client [19] (testset)   loss: 1.9847 -> 1.5576  accuracy: 37.50% -> 37.50%     
client [7]  (testset)   loss: 0.5604 -> 0.4968  accuracy: 88.85% -> 88.85%     
client [57] (testset)   loss: 1.0161 -> 0.6733  accuracy: 79.69% -> 79.69%     
client [13] (testset)   loss: 0.1617 -> 0.1454  accuracy: 97.78% -> 97.78%     
client [43] (testset)   loss: 0.4799 -> 0.3208  accuracy: 93.29% -> 93.29%     
client [91] (testset)   loss: 4.0347 -> 0.6015  accuracy: 0.00% -> 88.24%      
client [10] (testset)   loss: 2.3618 -> 0.9365  accuracy: 39.61% -> 53.62%     
client [64] (testset)   loss: 1.5557 -> 1.2866  accuracy: 66.67% -> 66.67%     
client [82] (testset)   loss: 2.2206 -> 1.6154  accuracy: 46.51% -> 46.51%     
client [22] (testset)   loss: 1.9484 -> 0.4317  accuracy: 6.39% -> 89.95%      
---------------------------- TRAINING EPOCH: 200 ----------------------------  
client [20] (testset)   loss: 1.3460 -> 0.6076  accuracy: 88.08% -> 88.08%     
client [23] (testset)   loss: 1.4565 -> 0.9369  accuracy: 56.67% -> 56.67%     
client [88] (testset)   loss: 3.0292 -> 1.1410  accuracy: 8.11% -> 67.57%      
client [98] (testset)   loss: 1.5920 -> 0.9482  accuracy: 14.56% -> 74.68%     
client [79] (testset)   loss: 3.5414 -> 0.9341  accuracy: 0.00% -> 77.78%      
client [21] (testset)   loss: 2.1227 -> 0.8983  accuracy: 53.44% -> 53.44%     
client [92] (testset)   loss: 1.0040 -> 1.1655  accuracy: 63.64% -> 63.64%     
client [56] (testset)   loss: 2.8457 -> 1.5898  accuracy: 0.00% -> 44.26%      
client [5]  (testset)   loss: 2.7309 -> 1.4646  accuracy: 21.98% -> 43.96%     
client [52] (testset)   loss: 1.3167 -> 0.8630  accuracy: 75.22% -> 75.22%     
FedDpag's average time taken by each global epoch: 0 min 2.32 sec.             
FedDpag's total running time: 0 h 7 m 49 s.                                    
==================== FedDpag Experiment Results: ====================          
Display format: (before local fine-tuning) -> (after local fine-tuning)        
 So if finetune_epoch = 0, x.xx% -> 0.00% is normal.                           
 Centralized testing ONLY happens after model aggregation, so the stats between
'->' are the same.                                                             
{                                                                              
    "100": {                                                                   
        "all_clients": {                                                       
            "test": {                                                          
                "loss": "1.4925 -> 0.0000",                                    
                "accuracy": "55.85% -> 0.00%"                                  
            }                                                                  
        }                                                                      
    },                                                                         
    "200": {                                                                   
        "all_clients": {                                                       
            "test": {                                                          
                "loss": "1.5803 -> 0.0000",                                    
                "accuracy": "51.44% -> 0.00%"                                  
            }                                                                  
        }                                                                      
    }                                                                          
}                                                                              
==================== FedDpag Max Accuracy ====================                 
all_clients:                                                                   
(test) before fine-tuning: 55.85% at epoch 100                                 
(test) after fine-tuning: 0.00% at epoch 100                                   
