==================== FedDpag ====================                              
Experiment Arguments:                                                          
{
    'method': 'feddpag',
    'dataset': {
        'name': 'medmnistC',
        'client_num': 100,
        'test_ratio': 0.25,
        'val_ratio': 0.0,
        'seed': 42,
        'split': 'sample',
        'IID_ratio': 0.0,
        'monitor_window_name_suffix': 'medmnistC-100clients-0%IID-Dir(0.1)-seed42',
        'alpha': 0.1,
        'min_samples_per_client': 10
    },
    'model': {
        'name': 'avgcnn',
        'use_torchvision_pretrained_weights': True,
        'external_model_weights_path': None
    },
    'optimizer': {
        'lr': 0.01,
        'dampening': 0,
        'weight_decay': 0,
        'momentum': 0.7,
        'nesterov': False,
        'name': 'sgd'
    },
    'mode': 'serial',
    'parallel': {
        'ray_cluster_addr': None,
        'num_cpus': None,
        'num_gpus': None,
        'num_workers': 2
    },
    'common': {
        'seed': 42,
        'join_ratio': 0.1,
        'global_epoch': 200,
        'local_epoch': 5,
        'batch_size': 32,
        'reset_optimizer_on_global_epoch': True,
        'straggler_ratio': 0,
        'straggler_min_local_epoch': 0,
        'buffers': 'global',
        'client_side_evaluation': True,
        'test': {
            'client': {
                'interval': 100,
                'finetune_epoch': 0,
                'train': False,
                'val': False,
                'test': True
            },
            'server': {
                'interval': -1,
                'train': False,
                'val': False,
                'test': True,
                'model_in_train_mode': False
            }
        },
        'verbose_gap': 10,
        'monitor': None,
        'use_cuda': True,
        'save_log': True,
        'save_model': False,
        'save_learning_curve_plot': True,
        'save_metrics': True,
        'delete_useless_run': True
    },
    'fedprox': {
        'mu': 0.01
    },
    'pfedsim': {
        'warmup_round': 0.5
    },
    'feddpag': {
        'fisher_threshold': 0.993
    }
}
---------------------------- TRAINING EPOCH: 10 ----------------------------   
client [77] (testset)   loss: 2.2957 -> 1.3597  accuracy: 0.00% -> 36.36%      
client [81] (testset)   loss: 1.9611 -> 0.5019  accuracy: 0.00% -> 80.58%      
client [21] (testset)   loss: 2.8366 -> 0.7592  accuracy: 0.00% -> 74.07%      
client [68] (testset)   loss: 2.1013 -> 1.0813  accuracy: 0.00% -> 59.72%      
client [93] (testset)   loss: 2.0507 -> 0.2513  accuracy: 0.00% -> 93.33%      
client [31] (testset)   loss: 2.3213 -> 0.6761  accuracy: 0.00% -> 85.14%      
client [20] (testset)   loss: 2.2921 -> 1.4744  accuracy: 0.00% -> 37.50%      
client [59] (testset)   loss: 2.2267 -> 1.2724  accuracy: 11.67% -> 33.33%     
client [48] (testset)   loss: 1.2711 -> 0.6433  accuracy: 83.15% -> 83.15%     
client [34] (testset)   loss: 1.7719 -> 0.6009  accuracy: 82.14% -> 82.14%     
---------------------------- TRAINING EPOCH: 20 ----------------------------   
client [69] (testset)   loss: 2.1035 -> 0.8816  accuracy: 15.38% -> 71.15%     
client [99] (testset)   loss: 1.7670 -> 1.7634  accuracy: 71.43% -> 14.29%     
client [67] (testset)   loss: 1.4362 -> 0.6632  accuracy: 85.71% -> 85.71%     
client [0]  (testset)   loss: 1.6844 -> 1.2587  accuracy: 45.12% -> 34.15%     
client [76] (testset)   loss: 1.9148 -> 2.7268  accuracy: 50.00% -> 50.00%     
client [41] (testset)   loss: 2.2040 -> 1.2030  accuracy: 7.41% -> 65.43%      
client [62] (testset)   loss: 3.6178 -> 0.4242  accuracy: 0.00% -> 95.45%      
client [2]  (testset)   loss: 2.6681 -> 1.1151  accuracy: 0.00% -> 47.27%      
client [14] (testset)   loss: 1.1172 -> 0.7954  accuracy: 85.00% -> 85.00%     
client [46] (testset)   loss: 1.6459 -> 0.9759  accuracy: 64.47% -> 64.47%     
---------------------------- TRAINING EPOCH: 30 ----------------------------   
client [24] (testset)   loss: 0.5385 -> 0.3122  accuracy: 93.75% -> 93.75%     
client [68] (testset)   loss: 1.9773 -> 1.0957  accuracy: 59.72% -> 59.72%     
client [57] (testset)   loss: 2.6598 -> 1.6236  accuracy: 0.00% -> 40.91%      
client [17] (testset)   loss: 1.6731 -> 0.8845  accuracy: 17.07% -> 69.92%     
client [54] (testset)   loss: 2.4032 -> 2.5684  accuracy: 25.00% -> 25.00%     
client [23] (testset)   loss: 2.9302 -> 1.8015  accuracy: 0.00% -> 39.13%      
client [35] (testset)   loss: 1.5514 -> 0.6033  accuracy: 85.00% -> 85.00%     
client [59] (testset)   loss: 2.2225 -> 1.1509  accuracy: 0.00% -> 33.33%      
client [31] (testset)   loss: 2.5785 -> 0.6230  accuracy: 1.35% -> 85.14%      
client [9]  (testset)   loss: 2.6245 -> 1.3919  accuracy: 0.00% -> 28.72%      
---------------------------- TRAINING EPOCH: 40 ----------------------------   
client [64] (testset)   loss: 2.2794 -> 1.2617  accuracy: 0.00% -> 50.00%      
client [33] (testset)   loss: 1.7582 -> 0.8667  accuracy: 12.99% -> 75.32%     
client [16] (testset)   loss: 1.1370 -> 0.6392  accuracy: 78.95% -> 78.95%     
client [44] (testset)   loss: 2.8711 -> 0.8808  accuracy: 1.19% -> 63.10%      
client [8]  (testset)   loss: 2.2456 -> 1.1859  accuracy: 54.17% -> 41.67%     
client [31] (testset)   loss: 1.7627 -> 0.6071  accuracy: 85.14% -> 85.14%     
client [47] (testset)   loss: 2.1126 -> 0.5963  accuracy: 3.33% -> 87.78%      
client [36] (testset)   loss: 2.3624 -> 1.7422  accuracy: 28.89% -> 28.89%     
client [20] (testset)   loss: 1.9489 -> 1.1559  accuracy: 37.50% -> 37.50%     
client [56] (testset)   loss: 1.9787 -> 0.7263  accuracy: 7.44% -> 79.34%      
---------------------------- TRAINING EPOCH: 50 ----------------------------   
client [4]  (testset)   loss: 2.4743 -> 2.6394  accuracy: 25.00% -> 25.00%     
client [60] (testset)   loss: 1.2640 -> 0.4151  accuracy: 91.82% -> 91.82%     
client [28] (testset)   loss: 2.0466 -> 1.0650  accuracy: 61.54% -> 61.54%     
client [25] (testset)   loss: 2.6108 -> 0.3278  accuracy: 0.00% -> 90.48%      
client [58] (testset)   loss: 1.2802 -> 0.5102  accuracy: 86.70% -> 86.70%     
client [44] (testset)   loss: 2.0596 -> 0.8658  accuracy: 0.00% -> 63.10%      
client [39] (testset)   loss: 1.5128 -> 0.9964  accuracy: 78.57% -> 78.57%     
client [29] (testset)   loss: 1.7517 -> 0.7924  accuracy: 3.70% -> 81.48%      
client [3]  (testset)   loss: 2.3622 -> 1.6959  accuracy: 23.53% -> 17.65%     
client [84] (testset)   loss: 2.2567 -> 1.6319  accuracy: 0.00% -> 21.84%      
---------------------------- TRAINING EPOCH: 60 ----------------------------   
client [21] (testset)   loss: 2.6534 -> 0.7970  accuracy: 0.00% -> 74.07%      
client [84] (testset)   loss: 2.5608 -> 1.6984  accuracy: 0.00% -> 21.84%      
client [10] (testset)   loss: 2.2350 -> 1.5528  accuracy: 0.00% -> 18.75%      
client [36] (testset)   loss: 2.5744 -> 1.7164  accuracy: 15.56% -> 28.89%     
client [65] (testset)   loss: 1.4478 -> 1.1663  accuracy: 62.22% -> 62.22%     
client [81] (testset)   loss: 1.4909 -> 0.5348  accuracy: 80.58% -> 80.58%     
client [79] (testset)   loss: 1.9092 -> 0.8199  accuracy: 0.00% -> 36.00%      
client [42] (testset)   loss: 0.6200 -> 0.0866  accuracy: 100.00% -> 100.00%   
client [11] (testset)   loss: 2.3525 -> 0.5119  accuracy: 0.00% -> 85.71%      
client [96] (testset)   loss: 2.1142 -> 1.4277  accuracy: 0.00% -> 66.67%      
---------------------------- TRAINING EPOCH: 70 ----------------------------   
client [8]  (testset)   loss: 1.7927 -> 1.1409  accuracy: 0.00% -> 41.67%      
client [53] (testset)   loss: 1.2582 -> 0.7648  accuracy: 78.85% -> 78.85%     
client [52] (testset)   loss: 1.4255 -> 0.9745  accuracy: 65.62% -> 65.62%     
client [42] (testset)   loss: 0.4998 -> 0.0869  accuracy: 100.00% -> 100.00%   
client [69] (testset)   loss: 1.1796 -> 0.8429  accuracy: 71.15% -> 71.15%     
client [59] (testset)   loss: 1.7454 -> 1.1262  accuracy: 11.67% -> 50.83%     
client [7]  (testset)   loss: 1.9307 -> 0.1734  accuracy: 0.00% -> 97.73%      
client [26] (testset)   loss: 1.9760 -> 1.0564  accuracy: 30.77% -> 57.69%     
client [49] (testset)   loss: 1.1115 -> 0.8991  accuracy: 75.00% -> 75.00%     
client [98] (testset)   loss: 0.9458 -> 0.3314  accuracy: 100.00% -> 100.00%   
---------------------------- TRAINING EPOCH: 80 ----------------------------   
client [98] (testset)   loss: 1.4211 -> 0.2055  accuracy: 0.00% -> 100.00%     
client [47] (testset)   loss: 2.4487 -> 0.5976  accuracy: 0.00% -> 87.78%      
client [21] (testset)   loss: 2.5689 -> 0.7587  accuracy: 0.00% -> 74.07%      
client [77] (testset)   loss: 2.5950 -> 1.7571  accuracy: 0.00% -> 36.36%      
client [95] (testset)   loss: 2.4048 -> 1.3661  accuracy: 0.00% -> 46.43%      
client [91] (testset)   loss: 2.5097 -> 3.4109  accuracy: 8.33% -> 16.67%      
client [14] (testset)   loss: 1.7891 -> 0.7257  accuracy: 0.00% -> 85.00%      
client [99] (testset)   loss: 2.3508 -> 2.0518  accuracy: 0.00% -> 71.43%      
client [20] (testset)   loss: 2.3979 -> 1.1985  accuracy: 0.00% -> 37.50%      
client [39] (testset)   loss: 1.1941 -> 0.8747  accuracy: 78.57% -> 78.57%     
---------------------------- TRAINING EPOCH: 90 ----------------------------   
client [52] (testset)   loss: 1.9264 -> 0.9396  accuracy: 0.00% -> 65.62%      
client [62] (testset)   loss: 3.7770 -> 0.4376  accuracy: 0.00% -> 95.45%      
client [71] (testset)   loss: 1.0808 -> 0.8777  accuracy: 71.97% -> 71.97%     
client [97] (testset)   loss: 1.9859 -> 1.3351  accuracy: 0.00% -> 42.02%      
client [30] (testset)   loss: 2.4359 -> 1.3600  accuracy: 13.33% -> 38.89%     
client [88] (testset)   loss: 1.4781 -> 0.4887  accuracy: 0.00% -> 87.41%      
client [60] (testset)   loss: 0.5606 -> 0.4020  accuracy: 91.82% -> 91.82%     
client [82] (testset)   loss: 1.1665 -> 0.9090  accuracy: 69.05% -> 69.05%     
client [91] (testset)   loss: 2.3441 -> 2.9285  accuracy: 8.33% -> 16.67%      
client [57] (testset)   loss: 2.1424 -> 1.3793  accuracy: 0.00% -> 27.27%      
---------------------------- TRAINING EPOCH: 100 ----------------------------  
client [31] (testset)   loss: 0.8930 -> 0.6161  accuracy: 85.14% -> 85.14%     
client [15] (testset)   loss: 2.0280 -> 1.0434  accuracy: 49.32% -> 49.32%     
client [71] (testset)   loss: 1.0190 -> 0.8491  accuracy: 71.97% -> 71.97%     
client [97] (testset)   loss: 3.2433 -> 1.2732  accuracy: 0.00% -> 42.02%      
client [53] (testset)   loss: 1.4844 -> 0.8123  accuracy: 0.00% -> 78.85%      
client [77] (testset)   loss: 2.5115 -> 1.8054  accuracy: 36.36% -> 36.36%     
client [76] (testset)   loss: 1.8264 -> 2.4278  accuracy: 50.00% -> 50.00%     
client [79] (testset)   loss: 2.6595 -> 0.7106  accuracy: 0.00% -> 64.00%      
client [28] (testset)   loss: 2.3551 -> 1.0817  accuracy: 0.00% -> 61.54%      
client [99] (testset)   loss: 2.2547 -> 1.6267  accuracy: 0.00% -> 71.43%      
---------------------------- TRAINING EPOCH: 110 ----------------------------  
client [97] (testset)   loss: 1.7959 -> 1.2841  accuracy: 40.34% -> 40.34%     
client [86] (testset)   loss: 2.1151 -> 1.5770  accuracy: 31.48% -> 31.48%     
client [34] (testset)   loss: 3.4751 -> 0.6175  accuracy: 0.00% -> 82.14%      
client [73] (testset)   loss: 1.3543 -> 0.7399  accuracy: 76.92% -> 76.92%     
client [5]  (testset)   loss: 0.9349 -> 0.5277  accuracy: 90.00% -> 90.00%     
client [96] (testset)   loss: 2.8150 -> 1.5358  accuracy: 0.00% -> 66.67%      
client [22] (testset)   loss: 2.4858 -> 0.9928  accuracy: 42.37% -> 52.54%     
client [60] (testset)   loss: 1.5719 -> 0.4401  accuracy: 91.82% -> 91.82%     
client [66] (testset)   loss: 0.5784 -> 0.1696  accuracy: 97.75% -> 97.75%     
client [83] (testset)   loss: 1.0758 -> 0.4898  accuracy: 87.91% -> 87.91%     
---------------------------- TRAINING EPOCH: 120 ----------------------------  
client [76] (testset)   loss: 1.9189 -> 2.6064  accuracy: 50.00% -> 50.00%     
client [65] (testset)   loss: 1.9687 -> 1.2052  accuracy: 2.22% -> 62.22%      
client [95] (testset)   loss: 2.6637 -> 1.4098  accuracy: 0.00% -> 46.43%      
client [17] (testset)   loss: 2.2283 -> 0.9313  accuracy: 0.00% -> 69.92%      
client [8]  (testset)   loss: 2.5291 -> 1.1644  accuracy: 0.00% -> 41.67%      
client [35] (testset)   loss: 0.8794 -> 0.5065  accuracy: 85.00% -> 85.00%     
client [98] (testset)   loss: 0.6064 -> 0.3856  accuracy: 100.00% -> 100.00%   
client [53] (testset)   loss: 1.0544 -> 0.7665  accuracy: 78.85% -> 78.85%     
client [43] (testset)   loss: 1.8191 -> 0.7350  accuracy: 0.00% -> 83.33%      
client [64] (testset)   loss: 1.9959 -> 1.5252  accuracy: 50.00% -> 0.00%      
---------------------------- TRAINING EPOCH: 130 ----------------------------  
client [21] (testset)   loss: 1.8737 -> 0.7396  accuracy: 0.00% -> 74.07%      
client [88] (testset)   loss: 0.6145 -> 0.4706  accuracy: 87.41% -> 87.41%     
client [38] (testset)   loss: 3.1100 -> 0.8269  accuracy: 16.00% -> 76.00%     
client [3]  (testset)   loss: 2.2321 -> 1.6851  accuracy: 17.65% -> 17.65%     
client [5]  (testset)   loss: 1.0497 -> 0.5225  accuracy: 90.00% -> 90.00%     
client [41] (testset)   loss: 1.8211 -> 1.1835  accuracy: 65.43% -> 65.43%     
client [7]  (testset)   loss: 1.3221 -> 0.1361  accuracy: 97.73% -> 97.73%     
client [37] (testset)   loss: 2.2575 -> 0.9806  accuracy: 0.00% -> 55.00%      
client [45] (testset)   loss: 2.8192 -> 1.4873  accuracy: 36.36% -> 27.27%     
client [47] (testset)   loss: 2.5039 -> 0.6040  accuracy: 0.00% -> 87.78%      
---------------------------- TRAINING EPOCH: 140 ----------------------------  
client [16] (testset)   loss: 2.5951 -> 0.7372  accuracy: 0.00% -> 78.95%      
client [11] (testset)   loss: 2.3777 -> 0.5355  accuracy: 0.00% -> 85.71%      
client [37] (testset)   loss: 2.5868 -> 1.1096  accuracy: 0.00% -> 55.00%      
client [41] (testset)   loss: 2.3339 -> 1.1608  accuracy: 0.00% -> 65.43%      
client [95] (testset)   loss: 2.4515 -> 1.4232  accuracy: 0.00% -> 46.43%      
client [53] (testset)   loss: 1.5040 -> 0.8379  accuracy: 78.85% -> 78.85%     
client [22] (testset)   loss: 2.5055 -> 0.9883  accuracy: 0.00% -> 52.54%      
client [25] (testset)   loss: 1.4328 -> 0.3433  accuracy: 90.48% -> 90.48%     
client [69] (testset)   loss: 1.6400 -> 0.8345  accuracy: 71.15% -> 71.15%     
client [46] (testset)   loss: 1.3067 -> 0.9770  accuracy: 20.81% -> 64.47%     
---------------------------- TRAINING EPOCH: 150 ----------------------------  
client [47] (testset)   loss: 1.1361 -> 0.6042  accuracy: 87.78% -> 87.78%     
client [69] (testset)   loss: 1.1940 -> 0.9001  accuracy: 71.15% -> 71.15%     
client [82] (testset)   loss: 1.0990 -> 0.9038  accuracy: 69.05% -> 69.05%     
client [45] (testset)   loss: 2.1996 -> 1.8148  accuracy: 0.00% -> 27.27%      
client [7]  (testset)   loss: 1.2657 -> 0.1257  accuracy: 97.73% -> 97.73%     
client [50] (testset)   loss: 2.2509 -> 1.1653  accuracy: 0.00% -> 55.56%      
client [35] (testset)   loss: 0.6959 -> 0.4997  accuracy: 85.00% -> 85.00%     
client [24] (testset)   loss: 0.7371 -> 0.2784  accuracy: 93.75% -> 93.75%     
client [15] (testset)   loss: 1.7865 -> 0.9840  accuracy: 39.73% -> 49.32%     
client [58] (testset)   loss: 1.7233 -> 0.4974  accuracy: 8.87% -> 86.70%      
---------------------------- TRAINING EPOCH: 160 ----------------------------  
client [48] (testset)   loss: 1.2569 -> 0.6442  accuracy: 83.15% -> 83.15%     
client [76] (testset)   loss: 1.6211 -> 2.8636  accuracy: 50.00% -> 50.00%     
client [67] (testset)   loss: 1.1841 -> 0.6607  accuracy: 85.71% -> 85.71%     
client [37] (testset)   loss: 1.9838 -> 1.0810  accuracy: 0.00% -> 55.00%      
client [58] (testset)   loss: 0.6370 -> 0.4895  accuracy: 86.70% -> 86.70%     
client [64] (testset)   loss: 1.9190 -> 1.4332  accuracy: 50.00% -> 0.00%      
client [77] (testset)   loss: 2.3348 -> 1.2934  accuracy: 0.00% -> 36.36%      
client [55] (testset)   loss: 1.8226 -> 0.8117  accuracy: 8.11% -> 83.78%      
client [12] (testset)   loss: 2.4273 -> 1.2695  accuracy: 0.00% -> 61.11%      
client [89] (testset)   loss: 1.5914 -> 1.1133  accuracy: 40.00% -> 40.00%     
---------------------------- TRAINING EPOCH: 170 ----------------------------  
client [84] (testset)   loss: 1.9173 -> 1.6106  accuracy: 40.23% -> 40.23%     
client [51] (testset)   loss: 1.2815 -> 0.7609  accuracy: 80.00% -> 80.00%     
client [8]  (testset)   loss: 1.9694 -> 1.0872  accuracy: 41.67% -> 54.17%     
client [18] (testset)   loss: 0.4123 -> 0.1992  accuracy: 97.37% -> 97.37%     
client [94] (testset)   loss: 1.0524 -> 2.2558  accuracy: 83.33% -> 83.33%     
client [81] (testset)   loss: 0.8108 -> 0.5194  accuracy: 80.58% -> 80.58%     
client [3]  (testset)   loss: 2.3643 -> 1.7912  accuracy: 17.65% -> 17.65%     
client [11] (testset)   loss: 0.8041 -> 0.5747  accuracy: 85.71% -> 85.71%     
client [95] (testset)   loss: 2.4556 -> 1.3982  accuracy: 7.14% -> 46.43%      
client [67] (testset)   loss: 1.4167 -> 0.5938  accuracy: 85.71% -> 85.71%     
---------------------------- TRAINING EPOCH: 180 ----------------------------  
client [21] (testset)   loss: 3.4644 -> 0.7568  accuracy: 0.00% -> 74.07%      
client [79] (testset)   loss: 1.0728 -> 0.7635  accuracy: 64.00% -> 64.00%     
client [58] (testset)   loss: 0.6029 -> 0.4952  accuracy: 86.70% -> 86.70%     
client [88] (testset)   loss: 1.0653 -> 0.5115  accuracy: 87.41% -> 87.41%     
client [46] (testset)   loss: 1.9000 -> 0.9650  accuracy: 64.47% -> 64.47%     
client [11] (testset)   loss: 1.7116 -> 0.4624  accuracy: 85.71% -> 85.71%     
client [55] (testset)   loss: 2.5579 -> 0.9324  accuracy: 2.70% -> 83.78%      
client [13] (testset)   loss: 2.4289 -> 1.6030  accuracy: 1.59% -> 46.03%      
client [31] (testset)   loss: 2.3259 -> 0.6180  accuracy: 8.11% -> 85.14%      
client [75] (testset)   loss: 2.4805 -> 0.7492  accuracy: 0.00% -> 100.00%     
---------------------------- TRAINING EPOCH: 190 ----------------------------  
client [19] (testset)   loss: 0.8954 -> 0.5236  accuracy: 80.00% -> 80.00%     
client [7]  (testset)   loss: 0.3492 -> 0.1234  accuracy: 97.73% -> 97.73%     
client [57] (testset)   loss: 1.8955 -> 1.3874  accuracy: 40.91% -> 40.91%     
client [13] (testset)   loss: 1.7397 -> 1.5589  accuracy: 46.03% -> 46.03%     
client [43] (testset)   loss: 1.6973 -> 0.7458  accuracy: 5.56% -> 83.33%      
client [91] (testset)   loss: 2.4570 -> 2.3041  accuracy: 16.67% -> 16.67%     
client [10] (testset)   loss: 2.0598 -> 1.4887  accuracy: 12.50% -> 46.88%     
client [64] (testset)   loss: 1.8713 -> 1.2433  accuracy: 50.00% -> 0.00%      
client [82] (testset)   loss: 0.9671 -> 0.8847  accuracy: 69.05% -> 69.05%     
client [22] (testset)   loss: 1.3131 -> 0.9698  accuracy: 52.54% -> 52.54%     
---------------------------- TRAINING EPOCH: 200 ----------------------------  
client [20] (testset)   loss: 2.1855 -> 1.2661  accuracy: 0.00% -> 37.50%      
client [23] (testset)   loss: 2.2200 -> 1.7634  accuracy: 39.13% -> 39.13%     
client [88] (testset)   loss: 3.2254 -> 0.4779  accuracy: 0.00% -> 87.41%      
client [98] (testset)   loss: 0.3228 -> 0.2450  accuracy: 100.00% -> 100.00%   
client [79] (testset)   loss: 1.5500 -> 0.7325  accuracy: 36.00% -> 64.00%     
client [21] (testset)   loss: 2.1445 -> 0.7567  accuracy: 0.00% -> 74.07%      
client [92] (testset)   loss: 2.6548 -> 1.2535  accuracy: 12.24% -> 55.10%     
client [56] (testset)   loss: 1.4610 -> 0.7255  accuracy: 79.34% -> 79.34%     
client [5]  (testset)   loss: 1.2231 -> 0.5046  accuracy: 90.00% -> 90.00%     
client [52] (testset)   loss: 1.6749 -> 0.9818  accuracy: 65.62% -> 65.62%     
FedDpag's average time taken by each global epoch: 0 min 1.06 sec.             
FedDpag's total running time: 0 h 3 m 35 s.                                    
==================== FedDpag Experiment Results: ====================          
Display format: (before local fine-tuning) -> (after local fine-tuning)        
 So if finetune_epoch = 0, x.xx% -> 0.00% is normal.                           
 Centralized testing ONLY happens after model aggregation, so the stats between
'->' are the same.                                                             
{                                                                              
    "100": {                                                                   
        "all_clients": {                                                       
            "test": {                                                          
                "loss": "1.6084 -> 0.0000",                                    
                "accuracy": "46.31% -> 0.00%"                                  
            }                                                                  
        }                                                                      
    },                                                                         
    "200": {                                                                   
        "all_clients": {                                                       
            "test": {                                                          
                "loss": "1.9710 -> 0.0000",                                    
                "accuracy": "38.92% -> 0.00%"                                  
            }                                                                  
        }                                                                      
    }                                                                          
}                                                                              
==================== FedDpag Max Accuracy ====================                 
all_clients:                                                                   
(test) before fine-tuning: 46.31% at epoch 100                                 
(test) after fine-tuning: 0.00% at epoch 100                                   
