==================== FedDpa ====================                               
Experiment Arguments:                                                          
{
    'method': 'feddpa',
    'dataset': {
        'name': 'svhn',
        'client_num': 100,
        'test_ratio': 0.25,
        'val_ratio': 0.0,
        'seed': 42,
        'split': 'sample',
        'IID_ratio': 0.0,
        'monitor_window_name_suffix': 'svhn-100clients-0%IID-Dir(0.1)-seed42',
        'alpha': 0.1,
        'min_samples_per_client': 10
    },
    'model': {
        'name': 'avgcnn',
        'use_torchvision_pretrained_weights': True,
        'external_model_weights_path': None
    },
    'optimizer': {
        'lr': 0.001,
        'dampening': 0,
        'weight_decay': 0,
        'momentum': 0.7,
        'nesterov': False,
        'name': 'sgd'
    },
    'mode': 'parallel',
    'parallel': {
        'ray_cluster_addr': None,
        'num_cpus': 24.0,
        'num_gpus': 1.0,
        'num_workers': 2
    },
    'common': {
        'seed': 42,
        'join_ratio': 0.1,
        'global_epoch': 400,
        'local_epoch': 5,
        'batch_size': 32,
        'reset_optimizer_on_global_epoch': True,
        'straggler_ratio': 0,
        'straggler_min_local_epoch': 0,
        'buffers': 'global',
        'client_side_evaluation': True,
        'test': {
            'client': {
                'interval': 100,
                'finetune_epoch': 5,
                'train': False,
                'val': False,
                'test': True
            },
            'server': {
                'interval': -1,
                'train': False,
                'val': False,
                'test': True,
                'model_in_train_mode': False
            }
        },
        'verbose_gap': 10,
        'monitor': None,
        'use_cuda': True,
        'save_log': True,
        'save_model': False,
        'save_learning_curve_plot': True,
        'save_metrics': True,
        'delete_useless_run': True
    },
    'fedprox': {
        'mu': 0.01
    },
    'pfedsim': {
        'warmup_round': 0.5
    },
    'feddpa': {
        'fisher_threshold': 0.4
    }
}
---------------------------- TRAINING EPOCH: 10 ----------------------------   
client [81] (testset)   loss: 2.1974 -> 0.7593  accuracy: 3.23% -> 83.87%      
client [21] (testset)   loss: 2.9526 -> 1.2382  accuracy: 2.78% -> 69.44%      
client [68] (testset)   loss: 1.2427 -> 0.2032  accuracy: 81.25% -> 95.83%     
client [93] (testset)   loss: 1.9535 -> 0.9819  accuracy: 41.29% -> 64.52%     
client [31] (testset)   loss: 1.1126 -> 0.7477  accuracy: 74.29% -> 71.43%     
client [77] (testset)   loss: 2.0571 -> 1.0827  accuracy: 35.35% -> 62.95%     
client [20] (testset)   loss: 2.5808 -> 1.1222  accuracy: 13.02% -> 58.33%     
client [48] (testset)   loss: 2.2714 -> 1.7052  accuracy: 18.18% -> 33.33%     
client [34] (testset)   loss: 2.4846 -> 1.0427  accuracy: 22.73% -> 54.55%     
client [59] (testset)   loss: 2.6610 -> 1.1340  accuracy: 1.55% -> 59.33%      
---------------------------- TRAINING EPOCH: 20 ----------------------------   
client [69] (testset)   loss: 2.0806 -> 0.6345  accuracy: 30.46% -> 77.48%     
client [67] (testset)   loss: 1.2793 -> 0.2483  accuracy: 58.50% -> 90.51%     
client [99] (testset)   loss: 1.9771 -> 0.3607  accuracy: 22.38% -> 89.52%     
client [76] (testset)   loss: 1.2547 -> 0.0408  accuracy: 53.21% -> 99.36%     
client [0]  (testset)   loss: 1.7560 -> 0.5347  accuracy: 34.21% -> 82.02%     
client [62] (testset)   loss: 1.8164 -> 0.4652  accuracy: 23.36% -> 87.34%     
client [41] (testset)   loss: 1.6180 -> 0.6149  accuracy: 45.44% -> 81.78%     
client [14] (testset)   loss: 1.3740 -> 0.2942  accuracy: 51.79% -> 91.07%     
client [46] (testset)   loss: 1.8190 -> 0.9069  accuracy: 28.95% -> 76.32%     
client [2]  (testset)   loss: 1.7651 -> 0.0442  accuracy: 48.05% -> 98.62%     
---------------------------- TRAINING EPOCH: 30 ----------------------------   
client [68] (testset)   loss: 0.5593 -> 0.0388  accuracy: 75.00% -> 97.92%     
client [24] (testset)   loss: 0.7484 -> 0.2222  accuracy: 76.40% -> 94.41%     
client [57] (testset)   loss: 1.6641 -> 0.3169  accuracy: 44.59% -> 90.77%     
client [17] (testset)   loss: 2.2787 -> 0.0533  accuracy: 28.35% -> 97.64%     
client [54] (testset)   loss: 0.8236 -> 0.2233  accuracy: 68.04% -> 93.81%     
client [23] (testset)   loss: 2.2156 -> 0.1504  accuracy: 15.89% -> 96.26%     
client [59] (testset)   loss: 1.4399 -> 0.4274  accuracy: 41.45% -> 86.01%     
client [31] (testset)   loss: 0.9150 -> 0.5706  accuracy: 80.00% -> 85.71%     
client [35] (testset)   loss: 0.3660 -> 0.1466  accuracy: 91.37% -> 95.68%     
client [9]  (testset)   loss: 1.2483 -> 0.4405  accuracy: 56.74% -> 88.65%     
---------------------------- TRAINING EPOCH: 40 ----------------------------   
client [64] (testset)   loss: 1.1979 -> 0.2718  accuracy: 65.93% -> 88.89%     
client [16] (testset)   loss: 0.7339 -> 0.1372  accuracy: 75.31% -> 97.53%     
client [33] (testset)   loss: 0.3240 -> 0.1421  accuracy: 91.08% -> 96.00%     
client [44] (testset)   loss: 0.8211 -> 0.2719  accuracy: 72.16% -> 89.69%     
client [8]  (testset)   loss: 1.9953 -> 0.2235  accuracy: 43.75% -> 93.75%     
client [31] (testset)   loss: 0.7259 -> 0.5962  accuracy: 85.71% -> 85.71%     
client [36] (testset)   loss: 1.5091 -> 2.1967  accuracy: 50.00% -> 50.00%     
client [20] (testset)   loss: 1.5061 -> 0.3721  accuracy: 43.23% -> 88.54%     
client [47] (testset)   loss: 0.5403 -> 0.1623  accuracy: 82.52% -> 94.83%     
client [56] (testset)   loss: 0.6388 -> 0.2808  accuracy: 79.71% -> 91.38%     
---------------------------- TRAINING EPOCH: 50 ----------------------------   
client [60] (testset)   loss: 1.7451 -> 0.0032  accuracy: 28.57% -> 100.00%    
client [4]  (testset)   loss: 1.6843 -> 0.0028  accuracy: 64.71% -> 100.00%    
client [25] (testset)   loss: 1.7917 -> 0.5292  accuracy: 45.00% -> 92.50%     
client [28] (testset)   loss: 0.5431 -> 0.1457  accuracy: 82.08% -> 95.28%     
client [44] (testset)   loss: 1.2161 -> 0.2741  accuracy: 59.79% -> 88.66%     
client [58] (testset)   loss: 1.6000 -> 0.2721  accuracy: 52.11% -> 90.42%     
client [39] (testset)   loss: 1.5600 -> 0.2392  accuracy: 51.22% -> 90.24%     
client [3]  (testset)   loss: 1.6764 -> 0.1706  accuracy: 44.58% -> 94.38%     
client [29] (testset)   loss: 1.7731 -> 0.5084  accuracy: 45.13% -> 85.51%     
client [84] (testset)   loss: 1.0419 -> 0.5119  accuracy: 67.42% -> 85.07%     
---------------------------- TRAINING EPOCH: 60 ----------------------------   
client [21] (testset)   loss: 1.6522 -> 0.7811  accuracy: 61.11% -> 83.33%     
client [84] (testset)   loss: 0.7084 -> 0.4768  accuracy: 78.28% -> 85.97%     
client [36] (testset)   loss: 2.3796 -> 2.2211  accuracy: 40.00% -> 60.00%     
client [10] (testset)   loss: 0.4427 -> 0.1671  accuracy: 87.03% -> 95.61%     
client [81] (testset)   loss: 0.9197 -> 0.3293  accuracy: 67.74% -> 90.32%     
client [65] (testset)   loss: 0.3188 -> 0.0589  accuracy: 92.66% -> 98.40%     
client [79] (testset)   loss: 0.6095 -> 0.1255  accuracy: 78.57% -> 96.94%     
client [42] (testset)   loss: 0.6019 -> 0.1843  accuracy: 80.88% -> 92.65%     
client [11] (testset)   loss: 0.4269 -> 0.3660  accuracy: 84.42% -> 90.91%     
client [96] (testset)   loss: 0.6691 -> 0.0669  accuracy: 71.43% -> 98.21%     
---------------------------- TRAINING EPOCH: 70 ----------------------------   
client [8]  (testset)   loss: 0.9529 -> 0.1314  accuracy: 62.50% -> 93.75%     
client [53] (testset)   loss: 0.5773 -> 0.1276  accuracy: 82.10% -> 96.94%     
client [42] (testset)   loss: 0.4448 -> 0.1655  accuracy: 86.76% -> 94.12%     
client [69] (testset)   loss: 0.7374 -> 0.5473  accuracy: 76.82% -> 86.09%     
client [52] (testset)   loss: 0.7545 -> 0.0906  accuracy: 77.01% -> 96.61%     
client [7]  (testset)   loss: 1.9487 -> 0.1578  accuracy: 46.57% -> 93.86%     
client [59] (testset)   loss: 0.8371 -> 0.3072  accuracy: 70.21% -> 88.60%     
client [26] (testset)   loss: 0.5045 -> 0.0985  accuracy: 82.80% -> 97.45%     
client [49] (testset)   loss: 0.7690 -> 0.1268  accuracy: 77.30% -> 95.68%     
client [98] (testset)   loss: 0.7844 -> 0.3067  accuracy: 79.37% -> 92.46%     
---------------------------- TRAINING EPOCH: 80 ----------------------------   
client [98] (testset)   loss: 0.6956 -> 0.2993  accuracy: 84.52% -> 93.25%     
client [21] (testset)   loss: 1.5680 -> 0.8249  accuracy: 58.33% -> 80.56%     
client [77] (testset)   loss: 0.7485 -> 0.3805  accuracy: 76.51% -> 88.14%     
client [47] (testset)   loss: 0.3218 -> 0.1587  accuracy: 92.19% -> 95.23%     
client [95] (testset)   loss: 0.8333 -> 0.2421  accuracy: 78.72% -> 89.36%     
client [91] (testset)   loss: 0.5924 -> 0.3583  accuracy: 82.17% -> 87.90%     
client [14] (testset)   loss: 0.6224 -> 0.1475  accuracy: 83.33% -> 94.64%     
client [20] (testset)   loss: 0.6614 -> 0.3045  accuracy: 73.96% -> 91.67%     
client [39] (testset)   loss: 0.6128 -> 0.1919  accuracy: 78.05% -> 92.68%     
client [99] (testset)   loss: 1.0470 -> 0.2043  accuracy: 75.71% -> 93.10%     
---------------------------- TRAINING EPOCH: 90 ----------------------------   
client [62] (testset)   loss: 0.5798 -> 0.3002  accuracy: 82.31% -> 91.27%     
client [52] (testset)   loss: 0.5455 -> 0.0716  accuracy: 84.67% -> 96.97%     
client [71] (testset)   loss: 0.4433 -> 0.3569  accuracy: 87.43% -> 89.07%     
client [30] (testset)   loss: 0.2889 -> 0.0124  accuracy: 92.06% -> 100.00%    
client [97] (testset)   loss: 0.2902 -> 0.1026  accuracy: 91.51% -> 97.03%     
client [60] (testset)   loss: 0.2595 -> 0.0110  accuracy: 92.86% -> 100.00%    
client [88] (testset)   loss: 0.5819 -> 0.1181  accuracy: 82.30% -> 97.05%     
client [82] (testset)   loss: 1.7944 -> 0.5268  accuracy: 68.42% -> 73.68%     
client [91] (testset)   loss: 0.4398 -> 0.3723  accuracy: 87.26% -> 89.81%     
client [57] (testset)   loss: 0.5147 -> 0.2159  accuracy: 82.88% -> 90.54%     
---------------------------- TRAINING EPOCH: 100 ----------------------------  
client [31] (testset)   loss: 0.6465 -> 0.5298  accuracy: 82.86% -> 85.71%     
client [71] (testset)   loss: 0.4758 -> 0.3458  accuracy: 86.34% -> 88.52%     
client [97] (testset)   loss: 0.3356 -> 0.1075  accuracy: 89.17% -> 96.18%     
client [15] (testset)   loss: 1.3268 -> 0.1774  accuracy: 63.45% -> 93.98%     
client [53] (testset)   loss: 0.2818 -> 0.1451  accuracy: 91.70% -> 96.51%     
client [76] (testset)   loss: 0.7621 -> 0.0167  accuracy: 73.72% -> 100.00%    
client [77] (testset)   loss: 0.8374 -> 0.3626  accuracy: 77.97% -> 90.07%     
client [28] (testset)   loss: 1.5164 -> 0.1422  accuracy: 59.91% -> 96.23%     
client [79] (testset)   loss: 0.7983 -> 0.0918  accuracy: 78.40% -> 97.28%     
client [99] (testset)   loss: 1.4072 -> 0.1829  accuracy: 60.95% -> 93.81%     
---------------------------- TRAINING EPOCH: 110 ----------------------------  
client [86] (testset)   loss: 0.3267 -> 0.1673  accuracy: 89.25% -> 95.16%     
client [34] (testset)   loss: 0.5905 -> 0.2016  accuracy: 86.36% -> 90.91%     
client [97] (testset)   loss: 0.7254 -> 0.1260  accuracy: 78.98% -> 96.39%     
client [73] (testset)   loss: 0.4868 -> 0.0306  accuracy: 88.70% -> 99.13%     
client [96] (testset)   loss: 0.5959 -> 0.0699  accuracy: 66.07% -> 98.21%     
client [5]  (testset)   loss: 1.1136 -> 0.0609  accuracy: 73.44% -> 96.88%     
client [60] (testset)   loss: 0.7340 -> 0.0017  accuracy: 85.71% -> 100.00%    
client [22] (testset)   loss: 1.7028 -> 1.0242  accuracy: 65.62% -> 81.25%     
client [83] (testset)   loss: 0.5047 -> 0.0079  accuracy: 76.92% -> 100.00%    
client [66] (testset)   loss: 0.8894 -> 0.1759  accuracy: 71.11% -> 93.33%     
---------------------------- TRAINING EPOCH: 120 ----------------------------  
client [76] (testset)   loss: 0.4535 -> 0.0183  accuracy: 86.54% -> 100.00%    
client [95] (testset)   loss: 0.6534 -> 0.2346  accuracy: 85.11% -> 92.55%     
client [17] (testset)   loss: 1.0041 -> 0.0441  accuracy: 78.74% -> 99.21%     
client [8]  (testset)   loss: 1.0270 -> 0.1152  accuracy: 75.00% -> 100.00%    
client [65] (testset)   loss: 0.2993 -> 0.0510  accuracy: 91.86% -> 98.53%     
client [35] (testset)   loss: 0.4431 -> 0.1291  accuracy: 87.23% -> 95.50%     
client [98] (testset)   loss: 0.7165 -> 0.2864  accuracy: 83.33% -> 94.05%     
client [53] (testset)   loss: 0.2843 -> 0.1290  accuracy: 89.52% -> 97.82%     
client [43] (testset)   loss: 0.3714 -> 0.2205  accuracy: 88.81% -> 92.91%     
client [64] (testset)   loss: 0.6779 -> 0.1770  accuracy: 75.56% -> 93.33%     
---------------------------- TRAINING EPOCH: 130 ----------------------------  
client [21] (testset)   loss: 1.2161 -> 0.9984  accuracy: 61.11% -> 83.33%     
client [88] (testset)   loss: 0.6994 -> 0.1030  accuracy: 81.97% -> 96.72%     
client [38] (testset)   loss: 0.3309 -> 0.1829  accuracy: 93.22% -> 96.73%     
client [5]  (testset)   loss: 0.7734 -> 0.0723  accuracy: 76.56% -> 95.31%     
client [3]  (testset)   loss: 0.5826 -> 0.1413  accuracy: 83.13% -> 94.78%     
client [7]  (testset)   loss: 0.5836 -> 0.1334  accuracy: 82.31% -> 95.67%     
client [37] (testset)   loss: 0.8446 -> 0.0178  accuracy: 75.00% -> 99.43%     
client [45] (testset)   loss: 1.3630 -> 0.1152  accuracy: 58.33% -> 97.92%     
client [41] (testset)   loss: 0.5223 -> 0.3806  accuracy: 84.50% -> 90.06%     
client [47] (testset)   loss: 0.4404 -> 0.1509  accuracy: 87.81% -> 95.76%     
---------------------------- TRAINING EPOCH: 140 ----------------------------  
client [16] (testset)   loss: 0.3348 -> 0.0687  accuracy: 93.83% -> 97.53%     
client [11] (testset)   loss: 1.3991 -> 0.2149  accuracy: 66.23% -> 93.51%     
client [37] (testset)   loss: 1.0086 -> 0.0162  accuracy: 73.58% -> 99.15%     
client [95] (testset)   loss: 1.6226 -> 0.2838  accuracy: 55.32% -> 91.49%     
client [53] (testset)   loss: 0.4553 -> 0.1114  accuracy: 87.77% -> 97.82%     
client [22] (testset)   loss: 1.6837 -> 1.3797  accuracy: 65.62% -> 81.25%     
client [25] (testset)   loss: 0.5136 -> 0.1615  accuracy: 82.50% -> 95.00%     
client [41] (testset)   loss: 0.6380 -> 0.3900  accuracy: 81.54% -> 89.82%     
client [46] (testset)   loss: 1.5460 -> 0.5280  accuracy: 71.05% -> 89.47%     
client [69] (testset)   loss: 0.6027 -> 0.3907  accuracy: 84.77% -> 89.40%     
---------------------------- TRAINING EPOCH: 150 ----------------------------  
client [69] (testset)   loss: 0.7258 -> 0.3952  accuracy: 84.11% -> 90.73%     
client [82] (testset)   loss: 1.8561 -> 0.3169  accuracy: 78.95% -> 78.95%     
client [45] (testset)   loss: 1.0999 -> 0.1025  accuracy: 66.67% -> 97.92%     
client [7]  (testset)   loss: 0.4797 -> 0.1441  accuracy: 86.64% -> 96.03%     
client [50] (testset)   loss: 0.8534 -> 0.1365  accuracy: 78.57% -> 92.86%     
client [47] (testset)   loss: 0.4615 -> 0.1656  accuracy: 88.87% -> 95.89%     
client [24] (testset)   loss: 0.6947 -> 0.1832  accuracy: 84.16% -> 95.03%     
client [35] (testset)   loss: 0.2026 -> 0.1434  accuracy: 94.96% -> 96.22%     
client [58] (testset)   loss: 0.3137 -> 0.2499  accuracy: 91.57% -> 94.25%     
client [15] (testset)   loss: 1.0510 -> 0.1979  accuracy: 72.97% -> 94.26%     
---------------------------- TRAINING EPOCH: 160 ----------------------------  
client [48] (testset)   loss: 0.5922 -> 0.6834  accuracy: 84.85% -> 87.88%     
client [76] (testset)   loss: 1.0237 -> 0.0071  accuracy: 69.87% -> 100.00%    
client [67] (testset)   loss: 0.4214 -> 0.1361  accuracy: 88.93% -> 94.07%     
client [37] (testset)   loss: 0.2778 -> 0.0133  accuracy: 92.33% -> 99.43%     
client [58] (testset)   loss: 0.8718 -> 0.2536  accuracy: 75.86% -> 93.87%     
client [64] (testset)   loss: 0.9994 -> 0.1473  accuracy: 74.07% -> 94.81%     
client [77] (testset)   loss: 0.9773 -> 0.3832  accuracy: 74.82% -> 89.83%     
client [12] (testset)   loss: 1.2591 -> 0.0005  accuracy: 72.73% -> 100.00%    
client [55] (testset)   loss: 1.3934 -> 0.4237  accuracy: 68.11% -> 85.46%     
client [89] (testset)   loss: 0.4300 -> 0.1808  accuracy: 88.73% -> 94.61%     
---------------------------- TRAINING EPOCH: 170 ----------------------------  
client [84] (testset)   loss: 0.4259 -> 0.4042  accuracy: 87.78% -> 88.24%     
client [8]  (testset)   loss: 0.7921 -> 0.0940  accuracy: 75.00% -> 93.75%     
client [51] (testset)   loss: 0.5136 -> 0.2105  accuracy: 85.93% -> 96.20%     
client [18] (testset)   loss: 0.6976 -> 0.1299  accuracy: 82.95% -> 94.57%     
client [81] (testset)   loss: 1.2448 -> 0.3662  accuracy: 74.19% -> 90.32%     
client [94] (testset)   loss: 0.5354 -> 0.1649  accuracy: 85.58% -> 96.93%     
client [11] (testset)   loss: 0.7559 -> 0.2092  accuracy: 84.42% -> 94.81%     
client [95] (testset)   loss: 0.8774 -> 0.2783  accuracy: 78.72% -> 93.62%     
client [3]  (testset)   loss: 0.5312 -> 0.1425  accuracy: 83.94% -> 95.58%     
client [67] (testset)   loss: 0.5981 -> 0.1488  accuracy: 86.96% -> 94.47%     
---------------------------- TRAINING EPOCH: 180 ----------------------------  
client [21] (testset)   loss: 1.8987 -> 0.8802  accuracy: 58.33% -> 83.33%     
client [58] (testset)   loss: 0.8494 -> 0.2586  accuracy: 79.69% -> 93.87%     
client [79] (testset)   loss: 0.4143 -> 0.0881  accuracy: 89.29% -> 97.28%     
client [88] (testset)   loss: 0.6042 -> 0.0987  accuracy: 84.26% -> 97.38%     
client [46] (testset)   loss: 1.7174 -> 0.5500  accuracy: 71.05% -> 89.47%     
client [11] (testset)   loss: 0.4612 -> 0.2064  accuracy: 84.42% -> 93.51%     
client [13] (testset)   loss: 0.5689 -> 0.1945  accuracy: 86.50% -> 94.50%     
client [31] (testset)   loss: 1.3481 -> 0.4787  accuracy: 71.43% -> 88.57%     
client [55] (testset)   loss: 1.6918 -> 0.2674  accuracy: 66.58% -> 91.58%     
client [75] (testset)   loss: 0.4517 -> 0.2317  accuracy: 88.19% -> 91.67%     
---------------------------- TRAINING EPOCH: 190 ----------------------------  
client [19] (testset)   loss: 0.5793 -> 0.1847  accuracy: 80.37% -> 93.15%     
client [7]  (testset)   loss: 0.7786 -> 0.1450  accuracy: 76.90% -> 95.31%     
client [13] (testset)   loss: 0.5555 -> 0.1909  accuracy: 81.50% -> 95.00%     
client [57] (testset)   loss: 0.3685 -> 0.1811  accuracy: 89.64% -> 92.79%     
client [43] (testset)   loss: 0.5157 -> 0.2412  accuracy: 84.70% -> 93.66%     
client [91] (testset)   loss: 0.9088 -> 0.4825  accuracy: 77.07% -> 88.54%     
client [64] (testset)   loss: 0.3348 -> 0.1254  accuracy: 88.89% -> 94.81%     
client [82] (testset)   loss: 1.7689 -> 0.3574  accuracy: 84.21% -> 84.21%     
client [22] (testset)   loss: 1.5526 -> 0.9415  accuracy: 75.00% -> 84.38%     
client [10] (testset)   loss: 0.5233 -> 0.1440  accuracy: 86.40% -> 96.23%     
---------------------------- TRAINING EPOCH: 200 ----------------------------  
client [23] (testset)   loss: 0.9041 -> 0.1997  accuracy: 68.22% -> 96.26%     
client [20] (testset)   loss: 0.5996 -> 0.3502  accuracy: 80.21% -> 90.10%     
client [88] (testset)   loss: 0.7394 -> 0.0846  accuracy: 79.34% -> 97.70%     
client [98] (testset)   loss: 0.5109 -> 0.2677  accuracy: 90.08% -> 94.44%     
client [21] (testset)   loss: 0.9564 -> 0.8475  accuracy: 77.78% -> 86.11%     
client [92] (testset)   loss: 1.0233 -> 0.3763  accuracy: 81.77% -> 91.71%     
client [79] (testset)   loss: 0.1156 -> 0.0943  accuracy: 96.60% -> 97.62%     
client [5]  (testset)   loss: 0.4252 -> 0.0483  accuracy: 84.38% -> 96.88%     
client [52] (testset)   loss: 0.9670 -> 0.0951  accuracy: 74.87% -> 97.15%     
client [56] (testset)   loss: 0.4512 -> 0.2297  accuracy: 88.78% -> 94.10%     
---------------------------- TRAINING EPOCH: 210 ----------------------------  
client [54] (testset)   loss: 0.7601 -> 0.1449  accuracy: 81.44% -> 94.85%     
client [67] (testset)   loss: 0.4406 -> 0.1352  accuracy: 91.70% -> 94.07%     
client [14] (testset)   loss: 0.4639 -> 0.1463  accuracy: 86.90% -> 95.83%     
client [36] (testset)   loss: 3.1962 -> 4.1521  accuracy: 50.00% -> 60.00%     
client [30] (testset)   loss: 0.0215 -> 0.0042  accuracy: 100.00% -> 100.00%   
client [99] (testset)   loss: 0.9464 -> 0.1699  accuracy: 77.62% -> 94.76%     
client [38] (testset)   loss: 0.2650 -> 0.2007  accuracy: 95.23% -> 97.24%     
client [6]  (testset)   loss: 0.4857 -> 0.1669  accuracy: 84.86% -> 95.62%     
client [53] (testset)   loss: 0.1707 -> 0.1187  accuracy: 94.76% -> 97.82%     
client [15] (testset)   loss: 0.8480 -> 0.2025  accuracy: 79.41% -> 94.26%     
---------------------------- TRAINING EPOCH: 220 ----------------------------  
client [6]  (testset)   loss: 0.3728 -> 0.1673  accuracy: 88.84% -> 95.22%     
client [83] (testset)   loss: 0.3107 -> 0.0106  accuracy: 84.62% -> 100.00%    
client [99] (testset)   loss: 0.6588 -> 0.1805  accuracy: 83.57% -> 94.76%     
client [42] (testset)   loss: 0.6313 -> 0.1492  accuracy: 84.56% -> 94.85%     
client [34] (testset)   loss: 0.5914 -> 0.1240  accuracy: 86.36% -> 100.00%    
client [15] (testset)   loss: 0.8264 -> 0.2023  accuracy: 81.51% -> 94.12%     
client [47] (testset)   loss: 0.6001 -> 0.1720  accuracy: 83.97% -> 96.03%     
client [51] (testset)   loss: 0.6028 -> 0.2201  accuracy: 83.65% -> 95.44%     
client [55] (testset)   loss: 0.9822 -> 0.2940  accuracy: 78.32% -> 91.33%     
client [95] (testset)   loss: 0.9308 -> 0.3026  accuracy: 80.85% -> 93.62%     
---------------------------- TRAINING EPOCH: 230 ----------------------------  
client [71] (testset)   loss: 0.5280 -> 0.3828  accuracy: 87.43% -> 90.71%     
client [33] (testset)   loss: 0.6024 -> 0.1041  accuracy: 84.62% -> 97.85%     
client [15] (testset)   loss: 0.3455 -> 0.1944  accuracy: 91.74% -> 94.12%     
client [90] (testset)   loss: 0.5588 -> 0.0987  accuracy: 85.19% -> 95.06%     
client [99] (testset)   loss: 0.4182 -> 0.1875  accuracy: 90.95% -> 94.52%     
client [27] (testset)   loss: 0.6185 -> 0.3873  accuracy: 85.50% -> 90.00%     
client [57] (testset)   loss: 0.3253 -> 0.1829  accuracy: 91.67% -> 92.79%     
client [36] (testset)   loss: 4.1317 -> 4.5232  accuracy: 40.00% -> 60.00%     
client [78] (testset)   loss: 0.5516 -> 0.1425  accuracy: 86.32% -> 96.58%     
client [88] (testset)   loss: 0.2083 -> 0.0935  accuracy: 94.10% -> 97.38%     
---------------------------- TRAINING EPOCH: 240 ----------------------------  
client [35] (testset)   loss: 1.3513 -> 0.1577  accuracy: 72.66% -> 96.22%     
client [70] (testset)   loss: 0.6887 -> 0.3163  accuracy: 83.68% -> 91.67%     
client [16] (testset)   loss: 0.1800 -> 0.0543  accuracy: 95.06% -> 98.77%     
client [80] (testset)   loss: 2.3903 -> 0.6077  accuracy: 65.22% -> 91.30%     
client [78] (testset)   loss: 0.2699 -> 0.1627  accuracy: 95.73% -> 95.73%     
client [68] (testset)   loss: 0.3595 -> 0.0019  accuracy: 91.67% -> 100.00%    
client [11] (testset)   loss: 0.6030 -> 0.2584  accuracy: 83.12% -> 92.21%     
client [38] (testset)   loss: 0.4125 -> 0.2137  accuracy: 92.71% -> 96.73%     
client [82] (testset)   loss: 0.8759 -> 0.1078  accuracy: 84.21% -> 94.74%     
client [64] (testset)   loss: 0.5049 -> 0.1309  accuracy: 83.70% -> 95.56%     
---------------------------- TRAINING EPOCH: 250 ----------------------------  
client [30] (testset)   loss: 0.0240 -> 0.0034  accuracy: 98.41% -> 100.00%    
client [27] (testset)   loss: 0.7729 -> 0.3566  accuracy: 78.50% -> 90.00%     
client [74] (testset)   loss: 1.7208 -> 0.4556  accuracy: 65.56% -> 87.42%     
client [45] (testset)   loss: 1.0088 -> 0.0995  accuracy: 80.21% -> 96.88%     
client [36] (testset)   loss: 2.7818 -> 4.6722  accuracy: 70.00% -> 60.00%     
client [63] (testset)   loss: 1.6749 -> 0.4285  accuracy: 68.18% -> 95.45%     
client [6]  (testset)   loss: 0.8005 -> 0.1631  accuracy: 79.68% -> 95.22%     
client [83] (testset)   loss: 0.3830 -> 0.0011  accuracy: 84.62% -> 100.00%    
client [76] (testset)   loss: 0.8710 -> 0.0052  accuracy: 75.00% -> 100.00%    
client [86] (testset)   loss: 0.6164 -> 0.2207  accuracy: 87.63% -> 94.09%     
---------------------------- TRAINING EPOCH: 260 ----------------------------  
client [83] (testset)   loss: 0.5558 -> 0.0007  accuracy: 84.62% -> 100.00%    
client [74] (testset)   loss: 1.2217 -> 0.4497  accuracy: 75.50% -> 86.75%     
client [73] (testset)   loss: 1.0902 -> 0.0283  accuracy: 75.65% -> 99.13%     
client [99] (testset)   loss: 0.4709 -> 0.1786  accuracy: 89.29% -> 94.29%     
client [92] (testset)   loss: 0.7470 -> 0.4120  accuracy: 86.19% -> 91.16%     
client [29] (testset)   loss: 1.7806 -> 0.4922  accuracy: 62.47% -> 90.02%     
client [6]  (testset)   loss: 0.2688 -> 0.1831  accuracy: 92.03% -> 95.62%     
client [21] (testset)   loss: 1.7927 -> 0.8822  accuracy: 58.33% -> 80.56%     
client [61] (testset)   loss: 0.5517 -> 0.3790  accuracy: 86.35% -> 89.96%     
client [67] (testset)   loss: 0.4623 -> 0.1323  accuracy: 90.51% -> 95.65%     
---------------------------- TRAINING EPOCH: 270 ----------------------------  
client [83] (testset)   loss: 0.0758 -> 0.0006  accuracy: 92.31% -> 100.00%    
client [95] (testset)   loss: 1.2808 -> 0.3135  accuracy: 70.21% -> 91.49%     
client [32] (testset)   loss: 1.2097 -> 0.6218  accuracy: 78.42% -> 88.49%     
client [27] (testset)   loss: 1.1850 -> 0.3810  accuracy: 79.00% -> 90.00%     
client [61] (testset)   loss: 0.8230 -> 0.3534  accuracy: 79.12% -> 90.36%     
client [25] (testset)   loss: 0.5465 -> 0.3793  accuracy: 87.50% -> 95.00%     
client [68] (testset)   loss: 0.1580 -> 0.0024  accuracy: 95.83% -> 100.00%    
client [34] (testset)   loss: 1.0985 -> 0.1745  accuracy: 77.27% -> 90.91%     
client [71] (testset)   loss: 0.8993 -> 0.4150  accuracy: 81.42% -> 90.71%     
client [89] (testset)   loss: 0.6522 -> 0.1460  accuracy: 84.80% -> 95.10%     
---------------------------- TRAINING EPOCH: 280 ----------------------------  
client [81] (testset)   loss: 0.6767 -> 0.2930  accuracy: 80.65% -> 93.55%     
client [78] (testset)   loss: 0.8311 -> 0.1253  accuracy: 76.07% -> 94.87%     
client [54] (testset)   loss: 0.3688 -> 0.1151  accuracy: 87.63% -> 97.94%     
client [51] (testset)   loss: 0.4854 -> 0.2341  accuracy: 88.21% -> 95.82%     
client [65] (testset)   loss: 0.2264 -> 0.0760  accuracy: 94.53% -> 98.40%     
client [11] (testset)   loss: 0.4633 -> 0.2101  accuracy: 90.91% -> 93.51%     
client [85] (testset)   loss: 0.1685 -> 0.0511  accuracy: 93.75% -> 100.00%    
client [12] (testset)   loss: 0.5252 -> 0.0133  accuracy: 90.91% -> 100.00%    
client [41] (testset)   loss: 0.7476 -> 0.4297  accuracy: 80.47% -> 90.65%     
client [23] (testset)   loss: 0.2197 -> 0.2122  accuracy: 93.46% -> 97.20%     
---------------------------- TRAINING EPOCH: 290 ----------------------------  
client [16] (testset)   loss: 0.7742 -> 0.1014  accuracy: 86.42% -> 98.77%     
client [53] (testset)   loss: 0.2201 -> 0.1153  accuracy: 92.14% -> 97.82%     
client [58] (testset)   loss: 0.3280 -> 0.2612  accuracy: 92.72% -> 95.40%     
client [65] (testset)   loss: 0.1898 -> 0.0731  accuracy: 95.86% -> 98.26%     
client [7]  (testset)   loss: 0.3575 -> 0.1461  accuracy: 90.97% -> 94.95%     
client [72] (testset)   loss: 0.3142 -> 0.2977  accuracy: 93.23% -> 92.72%     
client [71] (testset)   loss: 0.3833 -> 0.4046  accuracy: 91.26% -> 91.26%     
client [86] (testset)   loss: 0.4259 -> 0.2470  accuracy: 89.78% -> 94.09%     
client [39] (testset)   loss: 1.5681 -> 0.2479  accuracy: 70.73% -> 97.56%     
client [59] (testset)   loss: 0.8116 -> 0.2884  accuracy: 78.76% -> 90.41%     
---------------------------- TRAINING EPOCH: 300 ----------------------------  
client [7]  (testset)   loss: 0.7376 -> 0.1401  accuracy: 82.67% -> 95.31%     
client [17] (testset)   loss: 0.4585 -> 0.0453  accuracy: 91.34% -> 99.21%     
client [99] (testset)   loss: 1.2528 -> 0.1819  accuracy: 73.10% -> 94.05%     
client [64] (testset)   loss: 1.1700 -> 0.1436  accuracy: 68.89% -> 95.56%     
client [37] (testset)   loss: 0.5393 -> 0.0196  accuracy: 87.22% -> 98.86%     
client [93] (testset)   loss: 1.4103 -> 0.3852  accuracy: 66.45% -> 86.45%     
client [29] (testset)   loss: 0.4694 -> 0.4954  accuracy: 88.12% -> 88.60%     
client [40] (testset)   loss: 0.5533 -> 0.5400  accuracy: 83.05% -> 79.66%     
client [73] (testset)   loss: 0.1482 -> 0.0437  accuracy: 98.26% -> 99.13%     
client [76] (testset)   loss: 0.5090 -> 0.0036  accuracy: 87.18% -> 100.00%    
---------------------------- TRAINING EPOCH: 310 ----------------------------  
client [31] (testset)   loss: 0.6529 -> 0.5223  accuracy: 82.86% -> 91.43%     
client [89] (testset)   loss: 0.6000 -> 0.1343  accuracy: 86.76% -> 96.08%     
client [90] (testset)   loss: 0.3374 -> 0.1013  accuracy: 91.36% -> 96.30%     
client [77] (testset)   loss: 0.5898 -> 0.3634  accuracy: 87.17% -> 90.80%     
client [26] (testset)   loss: 0.5090 -> 0.0634  accuracy: 84.08% -> 98.73%     
client [50] (testset)   loss: 0.5745 -> 0.1007  accuracy: 88.10% -> 95.24%     
client [30] (testset)   loss: 0.1220 -> 0.0016  accuracy: 96.83% -> 100.00%    
client [70] (testset)   loss: 0.7313 -> 0.3185  accuracy: 83.51% -> 92.53%     
client [41] (testset)   loss: 0.8037 -> 0.4248  accuracy: 78.82% -> 91.12%     
client [99] (testset)   loss: 0.3631 -> 0.1804  accuracy: 90.48% -> 94.52%     
---------------------------- TRAINING EPOCH: 320 ----------------------------  
client [68] (testset)   loss: 0.0902 -> 0.0025  accuracy: 97.92% -> 100.00%    
client [70] (testset)   loss: 1.0169 -> 0.3174  accuracy: 79.34% -> 93.06%     
client [52] (testset)   loss: 0.9799 -> 0.0663  accuracy: 75.58% -> 97.50%     
client [1]  (testset)   loss: 0.6196 -> 0.0548  accuracy: 85.79% -> 98.05%     
client [67] (testset)   loss: 0.3873 -> 0.1410  accuracy: 92.89% -> 94.47%     
client [92] (testset)   loss: 1.1525 -> 0.4267  accuracy: 79.56% -> 91.71%     
client [2]  (testset)   loss: 0.0424 -> 0.0265  accuracy: 99.23% -> 99.54%     
client [36] (testset)   loss: 3.5244 -> 5.3127  accuracy: 70.00% -> 50.00%     
client [35] (testset)   loss: 0.5950 -> 0.1451  accuracy: 86.69% -> 96.22%     
client [64] (testset)   loss: 0.8056 -> 0.1319  accuracy: 77.78% -> 96.30%     
---------------------------- TRAINING EPOCH: 330 ----------------------------  
client [44] (testset)   loss: 1.0296 -> 0.1649  accuracy: 78.35% -> 94.85%     
client [12] (testset)   loss: 0.6592 -> 0.0003  accuracy: 90.91% -> 100.00%    
client [6]  (testset)   loss: 0.2753 -> 0.1654  accuracy: 91.63% -> 96.02%     
client [55] (testset)   loss: 2.0535 -> 0.3176  accuracy: 66.07% -> 90.82%     
client [29] (testset)   loss: 1.1695 -> 0.5204  accuracy: 73.16% -> 89.79%     
client [9]  (testset)   loss: 1.2558 -> 0.4180  accuracy: 75.89% -> 91.49%     
client [43] (testset)   loss: 0.7760 -> 0.2591  accuracy: 82.46% -> 94.03%     
client [77] (testset)   loss: 1.0716 -> 0.3745  accuracy: 78.21% -> 90.31%     
client [98] (testset)   loss: 0.5163 -> 0.2788  accuracy: 91.67% -> 95.24%     
client [78] (testset)   loss: 0.6573 -> 0.1731  accuracy: 82.05% -> 95.73%     
---------------------------- TRAINING EPOCH: 340 ----------------------------  
client [80] (testset)   loss: 0.9696 -> 0.6200  accuracy: 79.71% -> 91.30%     
client [63] (testset)   loss: 1.4425 -> 0.4876  accuracy: 81.82% -> 95.45%     
client [92] (testset)   loss: 0.9433 -> 0.4218  accuracy: 82.87% -> 91.16%     
client [76] (testset)   loss: 0.6101 -> 0.0013  accuracy: 81.41% -> 100.00%    
client [78] (testset)   loss: 0.6898 -> 0.1768  accuracy: 82.91% -> 96.58%     
client [25] (testset)   loss: 0.6683 -> 0.3729  accuracy: 80.00% -> 95.00%     
client [13] (testset)   loss: 0.7235 -> 0.1919  accuracy: 82.50% -> 95.00%     
client [58] (testset)   loss: 0.4711 -> 0.2377  accuracy: 91.57% -> 94.64%     
client [17] (testset)   loss: 0.4183 -> 0.0537  accuracy: 92.91% -> 99.21%     
client [38] (testset)   loss: 0.3079 -> 0.2108  accuracy: 94.72% -> 97.99%     
---------------------------- TRAINING EPOCH: 350 ----------------------------  
client [82] (testset)   loss: 1.6166 -> 0.2639  accuracy: 73.68% -> 89.47%     
client [86] (testset)   loss: 0.6846 -> 0.2112  accuracy: 86.02% -> 95.70%     
client [51] (testset)   loss: 0.6535 -> 0.2227  accuracy: 86.31% -> 96.20%     
client [96] (testset)   loss: 0.1909 -> 0.0273  accuracy: 91.07% -> 98.21%     
client [72] (testset)   loss: 0.5720 -> 0.3042  accuracy: 85.96% -> 93.74%     
client [42] (testset)   loss: 0.3160 -> 0.1623  accuracy: 91.91% -> 95.59%     
client [13] (testset)   loss: 0.4745 -> 0.2109  accuracy: 88.50% -> 95.00%     
client [55] (testset)   loss: 0.9255 -> 0.3364  accuracy: 80.87% -> 92.35%     
client [12] (testset)   loss: 0.3953 -> 0.0278  accuracy: 90.91% -> 100.00%    
client [1]  (testset)   loss: 0.4799 -> 0.0626  accuracy: 87.47% -> 98.05%     
---------------------------- TRAINING EPOCH: 360 ----------------------------  
client [68] (testset)   loss: 0.2319 -> 0.0011  accuracy: 91.67% -> 100.00%    
client [46] (testset)   loss: 1.4175 -> 0.7978  accuracy: 81.58% -> 86.84%     
client [23] (testset)   loss: 0.4117 -> 0.2043  accuracy: 87.85% -> 96.26%     
client [25] (testset)   loss: 0.1143 -> 0.2705  accuracy: 95.00% -> 95.00%     
client [58] (testset)   loss: 0.6464 -> 0.2598  accuracy: 86.97% -> 93.49%     
client [14] (testset)   loss: 0.2065 -> 0.1956  accuracy: 95.83% -> 95.24%     
client [33] (testset)   loss: 0.7991 -> 0.1004  accuracy: 83.08% -> 96.92%     
client [41] (testset)   loss: 0.9043 -> 0.4359  accuracy: 78.46% -> 91.36%     
client [85] (testset)   loss: 0.2373 -> 0.1463  accuracy: 93.75% -> 100.00%    
client [62] (testset)   loss: 0.4352 -> 0.3261  accuracy: 90.83% -> 94.10%     
---------------------------- TRAINING EPOCH: 370 ----------------------------  
client [63] (testset)   loss: 1.6616 -> 0.2836  accuracy: 77.27% -> 95.45%     
client [98] (testset)   loss: 0.4621 -> 0.2692  accuracy: 92.46% -> 94.84%     
client [70] (testset)   loss: 1.0443 -> 0.3295  accuracy: 78.12% -> 93.23%     
client [14] (testset)   loss: 0.3549 -> 0.1616  accuracy: 91.07% -> 95.24%     
client [65] (testset)   loss: 0.3664 -> 0.0761  accuracy: 92.39% -> 98.40%     
client [34] (testset)   loss: 0.8420 -> 0.1313  accuracy: 77.27% -> 100.00%    
client [73] (testset)   loss: 0.1678 -> 0.0469  accuracy: 97.83% -> 99.13%     
client [69] (testset)   loss: 0.7611 -> 0.3846  accuracy: 85.43% -> 92.72%     
client [46] (testset)   loss: 1.6572 -> 0.7009  accuracy: 78.95% -> 92.11%     
client [99] (testset)   loss: 0.5694 -> 0.1694  accuracy: 87.62% -> 94.29%     
---------------------------- TRAINING EPOCH: 380 ----------------------------  
client [93] (testset)   loss: 0.9203 -> 0.3889  accuracy: 81.29% -> 88.39%     
client [11] (testset)   loss: 0.5346 -> 0.1617  accuracy: 87.01% -> 96.10%     
client [99] (testset)   loss: 0.9239 -> 0.1689  accuracy: 78.81% -> 94.05%     
client [81] (testset)   loss: 0.7165 -> 0.2820  accuracy: 83.87% -> 93.55%     
client [85] (testset)   loss: 0.0866 -> 0.0561  accuracy: 100.00% -> 100.00%   
client [58] (testset)   loss: 0.4970 -> 0.2477  accuracy: 89.27% -> 93.49%     
client [45] (testset)   loss: 0.9255 -> 0.0755  accuracy: 76.04% -> 97.92%     
client [8]  (testset)   loss: 0.5820 -> 0.0423  accuracy: 75.00% -> 100.00%    
client [89] (testset)   loss: 0.4845 -> 0.1449  accuracy: 87.75% -> 95.59%     
client [68] (testset)   loss: 0.0264 -> 0.0023  accuracy: 100.00% -> 100.00%   
---------------------------- TRAINING EPOCH: 390 ----------------------------  
client [67] (testset)   loss: 0.6444 -> 0.1512  accuracy: 87.75% -> 96.05%     
client [72] (testset)   loss: 0.5265 -> 0.3040  accuracy: 88.16% -> 93.74%     
client [1]  (testset)   loss: 0.8693 -> 0.0607  accuracy: 80.50% -> 98.33%     
client [83] (testset)   loss: 0.0094 -> 0.0013  accuracy: 100.00% -> 100.00%   
client [21] (testset)   loss: 1.4004 -> 1.0420  accuracy: 63.89% -> 80.56%     
client [78] (testset)   loss: 0.4343 -> 0.1644  accuracy: 87.18% -> 95.73%     
client [44] (testset)   loss: 0.6258 -> 0.1645  accuracy: 86.60% -> 95.88%     
client [92] (testset)   loss: 0.8562 -> 0.4208  accuracy: 85.08% -> 92.27%     
client [27] (testset)   loss: 0.7918 -> 0.3890  accuracy: 84.50% -> 89.50%     
client [56] (testset)   loss: 0.6589 -> 0.2498  accuracy: 86.51% -> 94.90%     
---------------------------- TRAINING EPOCH: 400 ----------------------------  
client [39] (testset)   loss: 0.5230 -> 0.3028  accuracy: 90.24% -> 95.12%     
client [10] (testset)   loss: 0.3192 -> 0.1460  accuracy: 91.63% -> 96.86%     
client [26] (testset)   loss: 0.9810 -> 0.0790  accuracy: 75.16% -> 98.73%     
client [65] (testset)   loss: 0.2069 -> 0.0786  accuracy: 95.99% -> 98.26%     
client [19] (testset)   loss: 0.2728 -> 0.2042  accuracy: 93.15% -> 93.15%     
client [68] (testset)   loss: 0.1010 -> 0.0025  accuracy: 95.83% -> 100.00%    
client [50] (testset)   loss: 0.4857 -> 0.1556  accuracy: 92.86% -> 92.86%     
client [75] (testset)   loss: 1.0279 -> 0.2282  accuracy: 74.31% -> 91.67%     
client [81] (testset)   loss: 1.2704 -> 0.3244  accuracy: 74.19% -> 93.55%     
client [41] (testset)   loss: 0.6043 -> 0.4335  accuracy: 86.51% -> 91.83%     
FedDpa's average time taken by each global epoch: 0 min 15.34 sec.             
FedDpa's total running time: 1 h 51 m 26 s.                                    
==================== FedDpa Experiment Results: ====================           
Display format: (before local fine-tuning) -> (after local fine-tuning)        
 So if finetune_epoch = 0, x.xx% -> 0.00% is normal.                           
 Centralized testing ONLY happens after model aggregation, so the stats between
'->' are the same.                                                             
{                                                                              
    "100": {                                                                   
        "all_clients": {                                                       
            "test": {                                                          
                "loss": "0.5433 -> 0.2013",                                    
                "accuracy": "84.58% -> 93.88%"                                 
            }                                                                  
        }                                                                      
    },                                                                         
    "200": {                                                                   
        "all_clients": {                                                       
            "test": {                                                          
                "loss": "0.5441 -> 0.2089",                                    
                "accuracy": "86.25% -> 94.53%"                                 
            }                                                                  
        }                                                                      
    },                                                                         
    "300": {                                                                   
        "all_clients": {                                                       
            "test": {                                                          
                "loss": "0.5076 -> 0.2217",                                    
                "accuracy": "87.96% -> 94.83%"                                 
            }                                                                  
        }                                                                      
    },                                                                         
    "400": {                                                                   
        "all_clients": {                                                       
            "test": {                                                          
                "loss": "0.5818 -> 0.2303",                                    
                "accuracy": "88.06% -> 94.99%"                                 
            }                                                                  
        }                                                                      
    }                                                                          
}                                                                              
==================== FedDpa Max Accuracy ====================                  
all_clients:                                                                   
(test) before fine-tuning: 88.06% at epoch 400                                 
(test) after fine-tuning: 94.99% at epoch 400                                  
