==================== FedFewA ====================                              
Experiment Arguments:                                                          
{
    'method': 'fedfewa',
    'dataset': {
        'name': 'cifar100',
        'client_num': 100,
        'test_ratio': 0.25,
        'val_ratio': 0.0,
        'seed': 42,
        'split': 'sample',
        'IID_ratio': 0.0,
        'monitor_window_name_suffix': 'cifar100-100clients-0%IID-use20superclasses-Dir(0.1)-seed42',
        'super_class': False,
        'alpha': 0.1,
        'min_samples_per_client': 10
    },
    'model': {
        'name': 'avgcnn',
        'use_torchvision_pretrained_weights': True,
        'external_model_weights_path': None
    },
    'optimizer': {
        'lr': 0.01,
        'dampening': 0,
        'weight_decay': 0,
        'momentum': 0.7,
        'nesterov': False,
        'name': 'sgd'
    },
    'mode': 'serial',
    'parallel': {
        'ray_cluster_addr': None,
        'num_cpus': None,
        'num_gpus': None,
        'num_workers': 2
    },
    'common': {
        'seed': 42,
        'join_ratio': 0.1,
        'global_epoch': 400,
        'local_epoch': 5,
        'batch_size': 32,
        'reset_optimizer_on_global_epoch': True,
        'straggler_ratio': 0,
        'straggler_min_local_epoch': 0,
        'buffers': 'global',
        'client_side_evaluation': True,
        'test': {
            'client': {
                'interval': 100,
                'finetune_epoch': 0,
                'train': False,
                'val': False,
                'test': True
            },
            'server': {
                'interval': -1,
                'train': False,
                'val': False,
                'test': True,
                'model_in_train_mode': False
            }
        },
        'verbose_gap': 10,
        'monitor': None,
        'use_cuda': True,
        'save_log': True,
        'save_model': False,
        'save_learning_curve_plot': True,
        'save_metrics': True,
        'delete_useless_run': True
    },
    'fedprox': {
        'mu': 0.01
    },
    'pfedsim': {
        'warmup_round': 0.5
    },
    'fedfewa': {
        'ig_ratio': 0.99505,
        'alpha': 0.5,
        'norm': 'global',
        'EMA': False,
        'CLS': False,
        'track': False,
        'type': 'Ablation'
    }
}
---------------------------- TRAINING EPOCH: 10 ----------------------------   
client [77] (testset)   loss: 2.0938 -> 1.9853  accuracy: 46.63% -> 46.07%     
client [81] (testset)   loss: 2.6460 -> 2.7737  accuracy: 35.10% -> 44.37%     
client [21] (testset)   loss: 3.8667 -> 2.2248  accuracy: 16.33% -> 39.46%     
client [68] (testset)   loss: 2.4925 -> 2.2723  accuracy: 41.18% -> 44.12%     
client [93] (testset)   loss: 2.9134 -> 2.7781  accuracy: 38.40% -> 35.20%     
client [31] (testset)   loss: 2.7338 -> 2.1987  accuracy: 42.63% -> 42.11%     
client [20] (testset)   loss: 2.1257 -> 2.1363  accuracy: 48.51% -> 48.51%     
client [59] (testset)   loss: 4.1005 -> 2.1757  accuracy: 12.02% -> 38.20%     
client [48] (testset)   loss: 2.6298 -> 2.9731  accuracy: 29.09% -> 34.55%     
client [34] (testset)   loss: 2.7612 -> 2.7569  accuracy: 26.52% -> 34.25%     
---------------------------- TRAINING EPOCH: 20 ----------------------------   
client [69] (testset)   loss: 1.9553 -> 1.9647  accuracy: 51.26% -> 56.32%     
client [99] (testset)   loss: 3.4256 -> 4.1161  accuracy: 19.71% -> 24.09%     
client [67] (testset)   loss: 2.4276 -> 2.5976  accuracy: 38.46% -> 43.41%     
client [0]  (testset)   loss: 2.3754 -> 2.5479  accuracy: 43.14% -> 51.96%     
client [76] (testset)   loss: 2.4243 -> 3.0372  accuracy: 43.58% -> 34.08%     
client [41] (testset)   loss: 3.2156 -> 2.7314  accuracy: 29.03% -> 36.29%     
client [62] (testset)   loss: 3.8094 -> 2.6247  accuracy: 16.02% -> 39.32%     
client [2]  (testset)   loss: 3.8905 -> 2.9796  accuracy: 12.50% -> 38.39%     
client [14] (testset)   loss: 2.7319 -> 3.6158  accuracy: 32.47% -> 33.77%     
client [46] (testset)   loss: 2.4879 -> 2.4991  accuracy: 38.10% -> 60.00%     
---------------------------- TRAINING EPOCH: 30 ----------------------------   
client [24] (testset)   loss: 2.4426 -> 3.0709  accuracy: 43.10% -> 45.69%     
client [68] (testset)   loss: 2.7611 -> 3.1674  accuracy: 44.96% -> 49.58%     
client [57] (testset)   loss: 2.0652 -> 2.4770  accuracy: 51.53% -> 53.37%     
client [17] (testset)   loss: 2.4988 -> 3.4211  accuracy: 42.11% -> 39.10%     
client [54] (testset)   loss: 3.0681 -> 4.3419  accuracy: 43.33% -> 37.50%     
client [23] (testset)   loss: 3.5037 -> 2.4114  accuracy: 12.73% -> 41.82%     
client [35] (testset)   loss: 2.5161 -> 2.8466  accuracy: 37.24% -> 44.90%     
client [59] (testset)   loss: 2.5210 -> 3.1178  accuracy: 43.78% -> 39.91%     
client [31] (testset)   loss: 2.8371 -> 3.4056  accuracy: 44.21% -> 43.68%     
client [9]  (testset)   loss: 2.4671 -> 3.0505  accuracy: 40.94% -> 42.95%     
---------------------------- TRAINING EPOCH: 40 ----------------------------   
client [64] (testset)   loss: 2.2602 -> 3.1518  accuracy: 44.59% -> 43.92%     
client [33] (testset)   loss: 3.0077 -> 3.9796  accuracy: 37.61% -> 40.37%     
client [16] (testset)   loss: 2.9036 -> 3.5734  accuracy: 40.50% -> 38.84%     
client [44] (testset)   loss: 2.8856 -> 2.8164  accuracy: 32.68% -> 39.87%     
client [8]  (testset)   loss: 3.0599 -> 3.8447  accuracy: 48.74% -> 48.74%     
client [31] (testset)   loss: 2.9932 -> 3.6533  accuracy: 44.21% -> 50.00%     
client [47] (testset)   loss: 2.6977 -> 3.2382  accuracy: 37.39% -> 43.48%     
client [36] (testset)   loss: 2.6456 -> 2.6230  accuracy: 36.28% -> 40.71%     
client [20] (testset)   loss: 2.0808 -> 2.3800  accuracy: 49.50% -> 54.95%     
client [56] (testset)   loss: 1.9250 -> 2.3573  accuracy: 57.14% -> 57.14%     
---------------------------- TRAINING EPOCH: 50 ----------------------------   
client [4]  (testset)   loss: 2.1752 -> 2.4431  accuracy: 49.32% -> 55.41%     
client [60] (testset)   loss: 2.7462 -> 3.5372  accuracy: 34.85% -> 37.88%     
client [28] (testset)   loss: 2.3992 -> 2.6141  accuracy: 44.35% -> 49.19%     
client [25] (testset)   loss: 2.2743 -> 2.5709  accuracy: 43.75% -> 54.17%     
client [58] (testset)   loss: 2.9020 -> 3.7224  accuracy: 40.00% -> 37.69%     
client [44] (testset)   loss: 2.5151 -> 3.1038  accuracy: 44.44% -> 43.14%     
client [39] (testset)   loss: 2.4492 -> 2.7392  accuracy: 43.71% -> 45.51%     
client [29] (testset)   loss: 2.5852 -> 3.0141  accuracy: 40.67% -> 40.67%     
client [3]  (testset)   loss: 1.8123 -> 2.2384  accuracy: 55.47% -> 53.91%     
client [84] (testset)   loss: 3.0672 -> 3.8375  accuracy: 40.25% -> 39.41%     
---------------------------- TRAINING EPOCH: 60 ----------------------------   
client [21] (testset)   loss: 2.3760 -> 2.4754  accuracy: 44.22% -> 47.62%     
client [84] (testset)   loss: 3.5390 -> 4.0178  accuracy: 42.37% -> 37.29%     
client [10] (testset)   loss: 2.3351 -> 2.8879  accuracy: 50.00% -> 48.08%     
client [36] (testset)   loss: 2.5531 -> 3.1224  accuracy: 46.02% -> 46.02%     
client [65] (testset)   loss: 2.9405 -> 3.7122  accuracy: 41.82% -> 45.45%     
client [81] (testset)   loss: 2.7892 -> 3.2180  accuracy: 44.37% -> 46.36%     
client [79] (testset)   loss: 2.1310 -> 2.5749  accuracy: 57.54% -> 60.34%     
client [42] (testset)   loss: 2.6752 -> 3.3524  accuracy: 56.16% -> 54.11%     
client [11] (testset)   loss: 2.4189 -> 2.7270  accuracy: 47.46% -> 51.41%     
client [96] (testset)   loss: 2.6828 -> 3.0504  accuracy: 50.29% -> 49.13%     
---------------------------- TRAINING EPOCH: 70 ----------------------------   
client [8]  (testset)   loss: 3.3673 -> 4.3345  accuracy: 48.74% -> 43.22%     
client [53] (testset)   loss: 2.3345 -> 2.8469  accuracy: 51.77% -> 53.90%     
client [52] (testset)   loss: 2.9867 -> 3.6107  accuracy: 45.52% -> 47.01%     
client [42] (testset)   loss: 2.8404 -> 3.4205  accuracy: 53.42% -> 54.11%     
client [69] (testset)   loss: 2.5974 -> 3.0041  accuracy: 53.79% -> 55.60%     
client [59] (testset)   loss: 3.2565 -> 3.8822  accuracy: 42.92% -> 39.91%     
client [7]  (testset)   loss: 3.3187 -> 4.0514  accuracy: 42.98% -> 43.86%     
client [26] (testset)   loss: 2.3772 -> 2.7695  accuracy: 48.67% -> 49.56%     
client [49] (testset)   loss: 2.4563 -> 2.9757  accuracy: 50.62% -> 51.23%     
client [98] (testset)   loss: 3.3270 -> 3.8059  accuracy: 42.25% -> 41.55%     
---------------------------- TRAINING EPOCH: 80 ----------------------------   
client [98] (testset)   loss: 3.4918 -> 4.1211  accuracy: 38.73% -> 39.44%     
client [47] (testset)   loss: 3.0061 -> 3.5949  accuracy: 37.39% -> 40.00%     
client [21] (testset)   loss: 2.4042 -> 2.3868  accuracy: 43.54% -> 49.66%     
client [77] (testset)   loss: 2.5721 -> 2.9330  accuracy: 48.31% -> 51.69%     
client [95] (testset)   loss: 3.3476 -> 4.2496  accuracy: 48.80% -> 43.98%     
client [91] (testset)   loss: 2.5722 -> 3.1674  accuracy: 50.00% -> 39.47%     
client [14] (testset)   loss: 3.0521 -> 4.1131  accuracy: 38.96% -> 40.26%     
client [99] (testset)   loss: 3.7323 -> 4.7277  accuracy: 32.85% -> 35.04%     
client [20] (testset)   loss: 2.4383 -> 2.9632  accuracy: 56.93% -> 54.46%     
client [39] (testset)   loss: 2.6375 -> 3.1320  accuracy: 46.71% -> 44.31%     
---------------------------- TRAINING EPOCH: 90 ----------------------------   
client [52] (testset)   loss: 3.3834 -> 4.0016  accuracy: 47.01% -> 45.52%     
client [62] (testset)   loss: 3.4652 -> 3.7356  accuracy: 44.66% -> 43.20%     
client [71] (testset)   loss: 3.7268 -> 4.3258  accuracy: 36.64% -> 37.40%     
client [97] (testset)   loss: 3.5344 -> 4.0971  accuracy: 34.29% -> 37.14%     
client [30] (testset)   loss: 3.8370 -> 4.4790  accuracy: 37.57% -> 39.23%     
client [88] (testset)   loss: 2.8474 -> 3.1500  accuracy: 39.66% -> 45.25%     
client [60] (testset)   loss: 3.0169 -> 4.2326  accuracy: 39.39% -> 36.36%     
client [82] (testset)   loss: 2.7490 -> 3.5998  accuracy: 45.35% -> 40.70%     
client [91] (testset)   loss: 2.6087 -> 3.4304  accuracy: 48.68% -> 44.74%     
client [57] (testset)   loss: 2.4588 -> 2.8003  accuracy: 57.06% -> 56.44%     
---------------------------- TRAINING EPOCH: 100 ----------------------------  
client [31] (testset)   loss: 3.9384 -> 4.5331  accuracy: 47.37% -> 49.47%     
client [15] (testset)   loss: 2.9752 -> 4.0876  accuracy: 44.53% -> 39.42%     
client [71] (testset)   loss: 4.0239 -> 4.5703  accuracy: 32.82% -> 35.88%     
client [97] (testset)   loss: 3.4873 -> 4.2071  accuracy: 39.05% -> 36.19%     
client [53] (testset)   loss: 2.8366 -> 3.1582  accuracy: 51.77% -> 51.77%     
client [77] (testset)   loss: 2.7250 -> 3.2419  accuracy: 50.00% -> 54.49%     
client [76] (testset)   loss: 3.6069 -> 3.9450  accuracy: 34.64% -> 40.22%     
client [79] (testset)   loss: 2.3263 -> 2.7006  accuracy: 56.98% -> 59.22%     
client [28] (testset)   loss: 2.6362 -> 3.0972  accuracy: 50.00% -> 50.00%     
client [99] (testset)   loss: 4.0372 -> 5.1806  accuracy: 35.04% -> 35.04%     
---------------------------- TRAINING EPOCH: 110 ----------------------------  
client [97] (testset)   loss: 3.9014 -> 4.2788  accuracy: 42.86% -> 37.14%     
client [86] (testset)   loss: 2.7118 -> 3.3872  accuracy: 47.46% -> 50.00%     
client [34] (testset)   loss: 3.8394 -> 4.6654  accuracy: 42.54% -> 37.02%     
client [73] (testset)   loss: 4.2480 -> 4.4492  accuracy: 38.85% -> 44.60%     
client [5]  (testset)   loss: 3.5817 -> 4.6716  accuracy: 49.08% -> 45.40%     
client [96] (testset)   loss: 3.6134 -> 4.0557  accuracy: 50.87% -> 49.13%     
client [22] (testset)   loss: 3.8759 -> 4.7930  accuracy: 42.11% -> 34.21%     
client [60] (testset)   loss: 3.8424 -> 4.6280  accuracy: 36.36% -> 40.91%     
client [66] (testset)   loss: 3.0641 -> 3.9338  accuracy: 49.51% -> 49.03%     
client [83] (testset)   loss: 3.6265 -> 4.2037  accuracy: 38.82% -> 46.71%     
---------------------------- TRAINING EPOCH: 120 ----------------------------  
client [76] (testset)   loss: 3.7367 -> 4.4077  accuracy: 36.87% -> 37.43%     
client [65] (testset)   loss: 3.4235 -> 4.1797  accuracy: 47.27% -> 43.64%     
client [95] (testset)   loss: 3.6086 -> 4.3507  accuracy: 46.99% -> 43.98%     
client [17] (testset)   loss: 3.4725 -> 4.1466  accuracy: 33.08% -> 39.10%     
client [8]  (testset)   loss: 4.1147 -> 5.2157  accuracy: 47.74% -> 48.74%     
client [35] (testset)   loss: 3.7567 -> 4.0295  accuracy: 43.88% -> 48.98%     
client [98] (testset)   loss: 3.8830 -> 4.6870  accuracy: 44.37% -> 37.32%     
client [53] (testset)   loss: 3.1389 -> 3.5039  accuracy: 51.06% -> 49.65%     
client [43] (testset)   loss: 4.0026 -> 4.5727  accuracy: 33.33% -> 38.52%     
client [64] (testset)   loss: 2.9657 -> 3.6888  accuracy: 45.95% -> 45.95%     
---------------------------- TRAINING EPOCH: 130 ----------------------------  
client [21] (testset)   loss: 2.5894 -> 2.8277  accuracy: 43.54% -> 47.62%     
client [88] (testset)   loss: 3.3841 -> 3.8189  accuracy: 50.84% -> 48.04%     
client [38] (testset)   loss: 3.6462 -> 4.2179  accuracy: 47.49% -> 46.93%     
client [3]  (testset)   loss: 2.6246 -> 3.3387  accuracy: 58.59% -> 53.12%     
client [5]  (testset)   loss: 3.8663 -> 4.5648  accuracy: 47.24% -> 46.01%     
client [41] (testset)   loss: 3.8745 -> 4.0658  accuracy: 33.06% -> 38.71%     
client [7]  (testset)   loss: 4.2046 -> 4.5203  accuracy: 42.54% -> 42.98%     
client [37] (testset)   loss: 3.8128 -> 4.3496  accuracy: 37.50% -> 39.42%     
client [45] (testset)   loss: 3.1410 -> 3.1982  accuracy: 46.46% -> 45.13%     
client [47] (testset)   loss: 3.5430 -> 4.2340  accuracy: 33.04% -> 40.87%     
---------------------------- TRAINING EPOCH: 140 ----------------------------  
client [16] (testset)   loss: 4.4584 -> 5.2618  accuracy: 42.98% -> 42.15%     
client [11] (testset)   loss: 3.3620 -> 3.8025  accuracy: 49.72% -> 50.85%     
client [37] (testset)   loss: 4.2105 -> 4.7685  accuracy: 35.58% -> 38.46%     
client [41] (testset)   loss: 3.8273 -> 4.0158  accuracy: 34.68% -> 41.94%     
client [95] (testset)   loss: 4.1335 -> 4.5945  accuracy: 48.19% -> 46.99%     
client [53] (testset)   loss: 3.3393 -> 3.5080  accuracy: 48.94% -> 46.10%     
client [22] (testset)   loss: 4.1794 -> 5.3232  accuracy: 38.16% -> 33.55%     
client [25] (testset)   loss: 2.7051 -> 3.3138  accuracy: 52.08% -> 56.25%     
client [69] (testset)   loss: 3.3558 -> 4.0104  accuracy: 53.07% -> 57.04%     
client [46] (testset)   loss: 3.1306 -> 3.7284  accuracy: 51.43% -> 54.29%     
---------------------------- TRAINING EPOCH: 150 ----------------------------  
client [47] (testset)   loss: 4.1954 -> 4.6764  accuracy: 41.74% -> 38.26%     
client [69] (testset)   loss: 3.6616 -> 3.7281  accuracy: 53.79% -> 54.15%     
client [82] (testset)   loss: 3.5766 -> 4.1372  accuracy: 43.02% -> 38.37%     
client [45] (testset)   loss: 3.4715 -> 3.6634  accuracy: 46.02% -> 47.79%     
client [7]  (testset)   loss: 4.4313 -> 4.7162  accuracy: 40.79% -> 41.23%     
client [50] (testset)   loss: 2.2091 -> 2.9127  accuracy: 54.00% -> 54.00%     
client [35] (testset)   loss: 4.4812 -> 4.6430  accuracy: 45.92% -> 45.41%     
client [24] (testset)   loss: 4.6162 -> 5.0771  accuracy: 39.66% -> 39.66%     
client [15] (testset)   loss: 3.7333 -> 4.5036  accuracy: 47.45% -> 43.07%     
client [58] (testset)   loss: 4.3679 -> 4.5928  accuracy: 43.08% -> 47.69%     
---------------------------- TRAINING EPOCH: 160 ----------------------------  
client [48] (testset)   loss: 4.6612 -> 5.0091  accuracy: 46.06% -> 43.03%     
client [76] (testset)   loss: 4.4987 -> 4.6725  accuracy: 38.55% -> 38.55%     
client [67] (testset)   loss: 3.7175 -> 4.2397  accuracy: 47.80% -> 45.60%     
client [37] (testset)   loss: 4.9468 -> 5.1887  accuracy: 34.62% -> 42.31%     
client [58] (testset)   loss: 4.6104 -> 4.8469  accuracy: 46.15% -> 46.15%     
client [64] (testset)   loss: 3.7518 -> 4.4118  accuracy: 46.62% -> 46.62%     
client [77] (testset)   loss: 3.7070 -> 3.7978  accuracy: 48.88% -> 52.25%     
client [55] (testset)   loss: 3.1731 -> 3.2550  accuracy: 53.62% -> 52.17%     
client [12] (testset)   loss: 3.0930 -> 3.6471  accuracy: 55.30% -> 55.30%     
client [89] (testset)   loss: 4.7186 -> 5.1937  accuracy: 42.04% -> 42.68%     
---------------------------- TRAINING EPOCH: 170 ----------------------------  
client [84] (testset)   loss: 5.1238 -> 5.4416  accuracy: 41.10% -> 42.37%     
client [51] (testset)   loss: 4.5039 -> 5.0391  accuracy: 47.97% -> 41.89%     
client [8]  (testset)   loss: 5.2332 -> 5.6087  accuracy: 47.24% -> 48.74%     
client [18] (testset)   loss: 3.4060 -> 3.8484  accuracy: 52.34% -> 53.12%     
client [94] (testset)   loss: 5.0205 -> 5.2353  accuracy: 43.85% -> 46.15%     
client [81] (testset)   loss: 4.2330 -> 4.9396  accuracy: 43.05% -> 42.38%     
client [3]  (testset)   loss: 2.9996 -> 3.4132  accuracy: 58.59% -> 59.38%     
client [11] (testset)   loss: 3.8897 -> 4.1673  accuracy: 50.28% -> 50.28%     
client [95] (testset)   loss: 4.8732 -> 5.2013  accuracy: 45.78% -> 48.19%     
client [67] (testset)   loss: 3.8444 -> 4.0446  accuracy: 48.35% -> 48.90%     
---------------------------- TRAINING EPOCH: 180 ----------------------------  
client [21] (testset)   loss: 3.1074 -> 3.2077  accuracy: 46.26% -> 46.26%     
client [79] (testset)   loss: 3.2112 -> 3.6055  accuracy: 59.78% -> 62.01%     
client [58] (testset)   loss: 4.7595 -> 4.9986  accuracy: 44.62% -> 47.69%     
client [88] (testset)   loss: 3.7736 -> 4.2508  accuracy: 46.37% -> 49.72%     
client [46] (testset)   loss: 3.7059 -> 4.1341  accuracy: 54.29% -> 57.14%     
client [11] (testset)   loss: 3.9929 -> 4.3256  accuracy: 49.72% -> 50.85%     
client [55] (testset)   loss: 3.3153 -> 3.4427  accuracy: 55.07% -> 53.62%     
client [13] (testset)   loss: 4.1117 -> 4.4259  accuracy: 48.54% -> 46.20%     
client [31] (testset)   loss: 4.9203 -> 5.4694  accuracy: 45.79% -> 45.26%     
client [75] (testset)   loss: 4.6364 -> 4.9169  accuracy: 48.58% -> 48.11%     
---------------------------- TRAINING EPOCH: 190 ----------------------------  
client [19] (testset)   loss: 4.2944 -> 4.5436  accuracy: 41.46% -> 46.95%     
client [7]  (testset)   loss: 5.2534 -> 5.4273  accuracy: 40.79% -> 42.54%     
client [57] (testset)   loss: 3.6432 -> 3.7878  accuracy: 53.37% -> 53.37%     
client [13] (testset)   loss: 4.3585 -> 4.6103  accuracy: 44.44% -> 47.95%     
client [43] (testset)   loss: 5.5119 -> 5.7553  accuracy: 32.59% -> 37.78%     
client [91] (testset)   loss: 3.9782 -> 4.3935  accuracy: 39.47% -> 43.42%     
client [10] (testset)   loss: 4.1927 -> 4.6527  accuracy: 46.15% -> 49.04%     
client [64] (testset)   loss: 3.9660 -> 4.1856  accuracy: 45.27% -> 46.62%     
client [82] (testset)   loss: 4.1875 -> 4.5474  accuracy: 43.02% -> 44.19%     
client [22] (testset)   loss: 5.0540 -> 5.4803  accuracy: 38.16% -> 36.84%     
---------------------------- TRAINING EPOCH: 200 ----------------------------  
client [20] (testset)   loss: 3.8753 -> 4.1233  accuracy: 51.49% -> 54.95%     
client [23] (testset)   loss: 3.4613 -> 3.8722  accuracy: 45.45% -> 42.73%     
client [88] (testset)   loss: 4.0179 -> 4.9464  accuracy: 44.13% -> 46.37%     
client [98] (testset)   loss: 5.2926 -> 5.4550  accuracy: 38.03% -> 38.03%     
client [79] (testset)   loss: 3.3267 -> 3.6073  accuracy: 61.45% -> 61.45%     
client [21] (testset)   loss: 3.3661 -> 3.7213  accuracy: 43.54% -> 48.30%     
client [92] (testset)   loss: 5.0581 -> 5.1241  accuracy: 39.80% -> 42.86%     
client [56] (testset)   loss: 2.8483 -> 3.4130  accuracy: 54.76% -> 53.57%     
client [5]  (testset)   loss: 4.7827 -> 5.3366  accuracy: 46.01% -> 44.79%     
client [52] (testset)   loss: 5.1808 -> 5.1519  accuracy: 43.28% -> 47.01%     
---------------------------- TRAINING EPOCH: 210 ----------------------------  
client [67] (testset)   loss: 4.3292 -> 4.4226  accuracy: 48.90% -> 49.45%     
client [54] (testset)   loss: 6.7586 -> 7.4973  accuracy: 43.33% -> 47.50%     
client [14] (testset)   loss: 4.5881 -> 4.8536  accuracy: 37.66% -> 41.56%     
client [99] (testset)   loss: 6.2615 -> 6.5922  accuracy: 32.12% -> 35.04%     
client [36] (testset)   loss: 4.4610 -> 4.5362  accuracy: 46.02% -> 46.02%     
client [30] (testset)   loss: 5.6882 -> 5.9945  accuracy: 38.12% -> 38.12%     
client [38] (testset)   loss: 4.6895 -> 5.2307  accuracy: 48.60% -> 45.25%     
client [15] (testset)   loss: 4.4960 -> 4.9556  accuracy: 42.34% -> 44.53%     
client [6]  (testset)   loss: 6.1366 -> 6.8017  accuracy: 35.82% -> 37.31%     
client [53] (testset)   loss: 4.3244 -> 4.3054  accuracy: 51.06% -> 51.06%     
---------------------------- TRAINING EPOCH: 220 ----------------------------  
client [99] (testset)   loss: 6.5979 -> 6.8253  accuracy: 34.31% -> 34.31%     
client [6]  (testset)   loss: 6.3075 -> 6.6632  accuracy: 35.82% -> 37.31%     
client [83] (testset)   loss: 5.2140 -> 6.0903  accuracy: 43.42% -> 41.45%     
client [42] (testset)   loss: 4.5547 -> 4.6508  accuracy: 50.00% -> 54.79%     
client [34] (testset)   loss: 5.0585 -> 5.9368  accuracy: 39.78% -> 38.12%     
client [15] (testset)   loss: 4.5367 -> 4.8914  accuracy: 42.34% -> 45.99%     
client [47] (testset)   loss: 5.1376 -> 5.5300  accuracy: 38.26% -> 40.00%     
client [55] (testset)   loss: 3.6655 -> 3.7910  accuracy: 53.62% -> 55.80%     
client [51] (testset)   loss: 5.0004 -> 6.0001  accuracy: 45.95% -> 45.95%     
client [95] (testset)   loss: 5.5767 -> 5.6777  accuracy: 42.77% -> 47.59%     
---------------------------- TRAINING EPOCH: 230 ----------------------------  
client [71] (testset)   loss: 5.3698 -> 6.0844  accuracy: 35.88% -> 37.40%     
client [15] (testset)   loss: 4.4317 -> 4.8684  accuracy: 43.07% -> 44.53%     
client [33] (testset)   loss: 5.1427 -> 5.9575  accuracy: 37.61% -> 32.11%     
client [99] (testset)   loss: 6.3209 -> 6.6890  accuracy: 33.58% -> 35.04%     
client [90] (testset)   loss: 2.9377 -> 3.4152  accuracy: 50.00% -> 52.94%     
client [57] (testset)   loss: 3.8503 -> 3.9759  accuracy: 52.76% -> 52.15%     
client [27] (testset)   loss: 4.3619 -> 4.4921  accuracy: 46.88% -> 48.75%     
client [78] (testset)   loss: 4.1504 -> 4.4871  accuracy: 50.94% -> 49.06%     
client [36] (testset)   loss: 4.6822 -> 4.8757  accuracy: 40.71% -> 46.02%     
client [88] (testset)   loss: 4.4373 -> 4.8290  accuracy: 47.49% -> 48.04%     
---------------------------- TRAINING EPOCH: 240 ----------------------------  
client [70] (testset)   loss: 4.2293 -> 4.4264  accuracy: 52.80% -> 52.17%     
client [35] (testset)   loss: 5.0594 -> 5.1803  accuracy: 39.29% -> 42.86%     
client [16] (testset)   loss: 5.9026 -> 6.0831  accuracy: 42.15% -> 44.63%     
client [80] (testset)   loss: 2.3543 -> 2.6556  accuracy: 65.84% -> 64.60%     
client [38] (testset)   loss: 4.6066 -> 4.9029  accuracy: 47.49% -> 49.72%     
client [78] (testset)   loss: 4.4901 -> 4.6561  accuracy: 49.06% -> 50.94%     
client [68] (testset)   loss: 4.9095 -> 5.6407  accuracy: 42.44% -> 46.64%     
client [11] (testset)   loss: 4.6008 -> 4.8290  accuracy: 49.15% -> 51.41%     
client [64] (testset)   loss: 4.4596 -> 4.6604  accuracy: 46.62% -> 44.59%     
client [82] (testset)   loss: 4.9254 -> 4.9910  accuracy: 43.02% -> 40.70%     
---------------------------- TRAINING EPOCH: 250 ----------------------------  
client [30] (testset)   loss: 7.0369 -> 6.0261  accuracy: 27.62% -> 33.15%     
client [27] (testset)   loss: 4.6567 -> 4.8147  accuracy: 48.12% -> 48.75%     
client [74] (testset)   loss: 4.5691 -> 4.8413  accuracy: 48.98% -> 52.55%     
client [45] (testset)   loss: 4.6644 -> 4.6173  accuracy: 45.13% -> 46.90%     
client [6]  (testset)   loss: 6.6782 -> 6.9817  accuracy: 37.31% -> 37.31%     
client [36] (testset)   loss: 4.8716 -> 4.8352  accuracy: 46.90% -> 46.90%     
client [63] (testset)   loss: 4.9813 -> 5.1297  accuracy: 37.98% -> 37.02%     
client [76] (testset)   loss: 5.5829 -> 5.0158  accuracy: 35.75% -> 38.55%     
client [83] (testset)   loss: 5.6649 -> 5.7446  accuracy: 44.08% -> 45.39%     
client [86] (testset)   loss: 4.4462 -> 4.8420  accuracy: 47.46% -> 48.31%     
---------------------------- TRAINING EPOCH: 260 ----------------------------  
client [83] (testset)   loss: 5.5769 -> 5.7365  accuracy: 43.42% -> 44.74%     
client [99] (testset)   loss: 6.7675 -> 7.4853  accuracy: 32.85% -> 31.39%     
client [74] (testset)   loss: 4.7683 -> 4.8870  accuracy: 49.49% -> 52.55%     
client [73] (testset)   loss: 6.1177 -> 6.1774  accuracy: 42.45% -> 41.73%     
client [29] (testset)   loss: 4.0337 -> 4.9917  accuracy: 42.00% -> 36.00%     
client [92] (testset)   loss: 5.4498 -> 5.5802  accuracy: 42.86% -> 40.82%     
client [6]  (testset)   loss: 6.8294 -> 7.0955  accuracy: 35.82% -> 35.82%     
client [61] (testset)   loss: 5.9767 -> 6.4456  accuracy: 34.81% -> 36.30%     
client [21] (testset)   loss: 3.6187 -> 3.7565  accuracy: 45.58% -> 45.58%     
client [67] (testset)   loss: 4.4370 -> 4.4884  accuracy: 49.45% -> 50.00%     
---------------------------- TRAINING EPOCH: 270 ----------------------------  
client [83] (testset)   loss: 5.5570 -> 5.7232  accuracy: 40.79% -> 44.08%     
client [32] (testset)   loss: 4.8784 -> 4.4612  accuracy: 44.21% -> 44.21%     
client [95] (testset)   loss: 5.8210 -> 6.5778  accuracy: 42.77% -> 36.75%     
client [61] (testset)   loss: 6.5778 -> 6.8446  accuracy: 31.85% -> 34.07%     
client [27] (testset)   loss: 4.6660 -> 4.8768  accuracy: 45.00% -> 46.25%     
client [25] (testset)   loss: 3.5824 -> 3.8155  accuracy: 53.12% -> 53.12%     
client [68] (testset)   loss: 5.3529 -> 5.5351  accuracy: 40.76% -> 44.96%     
client [34] (testset)   loss: 5.6767 -> 6.0703  accuracy: 41.99% -> 37.57%     
client [71] (testset)   loss: 6.1790 -> 6.3075  accuracy: 38.17% -> 40.46%     
client [89] (testset)   loss: 6.0781 -> 6.3545  accuracy: 42.04% -> 40.13%     
---------------------------- TRAINING EPOCH: 280 ----------------------------  
client [78] (testset)   loss: 4.8158 -> 5.0481  accuracy: 50.31% -> 51.57%     
client [81] (testset)   loss: 5.1092 -> 5.2447  accuracy: 43.71% -> 43.71%     
client [51] (testset)   loss: 5.6229 -> 5.9778  accuracy: 45.27% -> 44.59%     
client [54] (testset)   loss: 7.5440 -> 7.6393  accuracy: 43.33% -> 39.17%     
client [65] (testset)   loss: 5.5211 -> 6.1781  accuracy: 40.91% -> 40.91%     
client [41] (testset)   loss: 5.6451 -> 5.6308  accuracy: 38.71% -> 38.71%     
client [11] (testset)   loss: 4.9642 -> 5.0900  accuracy: 48.02% -> 50.28%     
client [85] (testset)   loss: 5.9583 -> 6.0821  accuracy: 46.27% -> 46.27%     
client [12] (testset)   loss: 4.1641 -> 4.3589  accuracy: 53.03% -> 53.79%     
client [23] (testset)   loss: 4.1372 -> 4.4183  accuracy: 41.82% -> 40.91%     
---------------------------- TRAINING EPOCH: 290 ----------------------------  
client [16] (testset)   loss: 6.0542 -> 6.3111  accuracy: 45.45% -> 47.93%     
client [65] (testset)   loss: 5.2602 -> 5.4987  accuracy: 39.09% -> 41.82%     
client [53] (testset)   loss: 4.4061 -> 4.4846  accuracy: 53.90% -> 55.32%     
client [58] (testset)   loss: 5.5219 -> 5.7409  accuracy: 46.15% -> 46.92%     
client [72] (testset)   loss: 6.6999 -> 6.9018  accuracy: 33.58% -> 36.57%     
client [7]  (testset)   loss: 5.8162 -> 6.0167  accuracy: 42.11% -> 41.23%     
client [71] (testset)   loss: 6.2029 -> 6.4960  accuracy: 35.88% -> 38.93%     
client [59] (testset)   loss: 6.1240 -> 6.1192  accuracy: 40.34% -> 42.06%     
client [86] (testset)   loss: 4.7331 -> 4.9710  accuracy: 43.22% -> 44.92%     
client [39] (testset)   loss: 4.3729 -> 4.4674  accuracy: 43.11% -> 44.91%     
---------------------------- TRAINING EPOCH: 300 ----------------------------  
client [99] (testset)   loss: 7.3373 -> 7.4042  accuracy: 30.66% -> 27.74%     
client [7]  (testset)   loss: 6.2973 -> 6.3462  accuracy: 40.35% -> 41.23%     
client [17] (testset)   loss: 6.1555 -> 6.4068  accuracy: 43.61% -> 43.61%     
client [64] (testset)   loss: 4.7665 -> 4.9170  accuracy: 47.97% -> 48.65%     
client [37] (testset)   loss: 6.8713 -> 6.8267  accuracy: 37.50% -> 41.35%     
client [29] (testset)   loss: 4.2281 -> 4.2976  accuracy: 44.00% -> 44.67%     
client [93] (testset)   loss: 5.5587 -> 5.5312  accuracy: 44.80% -> 45.60%     
client [73] (testset)   loss: 6.4631 -> 6.6305  accuracy: 41.73% -> 41.73%     
client [40] (testset)   loss: 5.2817 -> 5.9875  accuracy: 47.44% -> 47.44%     
client [76] (testset)   loss: 5.6878 -> 5.7352  accuracy: 37.43% -> 38.55%     
---------------------------- TRAINING EPOCH: 310 ----------------------------  
client [31] (testset)   loss: 5.8399 -> 5.8969  accuracy: 47.37% -> 45.26%     
client [89] (testset)   loss: 6.4004 -> 6.5770  accuracy: 40.76% -> 41.40%     
client [77] (testset)   loss: 4.7818 -> 4.9056  accuracy: 50.00% -> 51.69%     
client [90] (testset)   loss: 3.6279 -> 3.8345  accuracy: 49.26% -> 52.21%     
client [26] (testset)   loss: 4.3650 -> 4.5229  accuracy: 44.25% -> 46.90%     
client [50] (testset)   loss: 3.4138 -> 3.5795  accuracy: 50.00% -> 50.00%     
client [30] (testset)   loss: 6.6920 -> 6.7244  accuracy: 33.15% -> 34.81%     
client [70] (testset)   loss: 4.6648 -> 4.5938  accuracy: 52.17% -> 54.04%     
client [41] (testset)   loss: 6.0609 -> 5.9359  accuracy: 39.52% -> 37.90%     
client [99] (testset)   loss: 7.5497 -> 7.7102  accuracy: 30.66% -> 26.28%     
---------------------------- TRAINING EPOCH: 320 ----------------------------  
client [68] (testset)   loss: 5.7807 -> 5.8233  accuracy: 44.12% -> 46.22%     
client [70] (testset)   loss: 4.3319 -> 4.2098  accuracy: 55.28% -> 49.69%     
client [52] (testset)   loss: 5.9284 -> 6.0141  accuracy: 45.52% -> 46.27%     
client [1]  (testset)   loss: 4.8938 -> 5.2153  accuracy: 41.44% -> 41.99%     
client [2]  (testset)   loss: 5.7456 -> 6.0259  accuracy: 40.18% -> 41.07%     
client [67] (testset)   loss: 4.5873 -> 4.6543  accuracy: 49.45% -> 48.35%     
client [92] (testset)   loss: 6.1197 -> 6.1999  accuracy: 38.78% -> 40.82%     
client [35] (testset)   loss: 5.3602 -> 5.4625  accuracy: 44.90% -> 46.94%     
client [36] (testset)   loss: 5.0852 -> 5.3840  accuracy: 42.48% -> 44.25%     
client [64] (testset)   loss: 4.8073 -> 5.0958  accuracy: 50.68% -> 50.00%     
---------------------------- TRAINING EPOCH: 330 ----------------------------  
client [44] (testset)   loss: 5.6429 -> 5.4900  accuracy: 37.91% -> 34.64%     
client [6]  (testset)   loss: 7.3967 -> 7.7340  accuracy: 34.33% -> 35.82%     
client [12] (testset)   loss: 4.3524 -> 4.4730  accuracy: 52.27% -> 55.30%     
client [55] (testset)   loss: 4.1104 -> 4.1763  accuracy: 52.90% -> 55.80%     
client [29] (testset)   loss: 4.4507 -> 4.5599  accuracy: 45.33% -> 45.33%     
client [9]  (testset)   loss: 5.1306 -> 5.2649  accuracy: 49.66% -> 46.98%     
client [43] (testset)   loss: 7.0706 -> 7.7658  accuracy: 35.56% -> 36.30%     
client [77] (testset)   loss: 4.8692 -> 4.6633  accuracy: 49.44% -> 48.31%     
client [98] (testset)   loss: 6.3024 -> 6.3935  accuracy: 35.21% -> 36.62%     
client [78] (testset)   loss: 5.2427 -> 5.6724  accuracy: 50.31% -> 51.57%     
---------------------------- TRAINING EPOCH: 340 ----------------------------  
client [92] (testset)   loss: 5.9390 -> 6.1883  accuracy: 41.84% -> 41.84%     
client [80] (testset)   loss: 2.6721 -> 2.6899  accuracy: 63.98% -> 65.22%     
client [63] (testset)   loss: 5.5096 -> 5.4771  accuracy: 36.06% -> 39.42%     
client [76] (testset)   loss: 5.7997 -> 5.8555  accuracy: 36.31% -> 37.43%     
client [78] (testset)   loss: 5.2284 -> 5.6180  accuracy: 50.94% -> 52.83%     
client [25] (testset)   loss: 3.9447 -> 4.4213  accuracy: 51.04% -> 55.21%     
client [58] (testset)   loss: 5.6738 -> 5.9017  accuracy: 44.62% -> 46.92%     
client [13] (testset)   loss: 5.2215 -> 5.3947  accuracy: 46.78% -> 47.37%     
client [17] (testset)   loss: 6.1217 -> 6.6770  accuracy: 40.60% -> 39.85%     
client [38] (testset)   loss: 5.4730 -> 5.5770  accuracy: 48.04% -> 48.60%     
---------------------------- TRAINING EPOCH: 350 ----------------------------  
client [72] (testset)   loss: 7.6598 -> 7.8513  accuracy: 33.58% -> 34.33%     
client [82] (testset)   loss: 5.5765 -> 5.6973  accuracy: 43.02% -> 45.35%     
client [86] (testset)   loss: 5.1897 -> 5.3092  accuracy: 46.61% -> 46.61%     
client [51] (testset)   loss: 6.0431 -> 6.8432  accuracy: 44.59% -> 39.86%     
client [96] (testset)   loss: 5.5785 -> 4.8281  accuracy: 46.82% -> 46.24%     
client [42] (testset)   loss: 5.2757 -> 5.4443  accuracy: 53.42% -> 53.42%     
client [55] (testset)   loss: 4.1622 -> 4.2404  accuracy: 53.62% -> 53.62%     
client [13] (testset)   loss: 5.5063 -> 5.5777  accuracy: 46.78% -> 47.37%     
client [1]  (testset)   loss: 5.3040 -> 5.5754  accuracy: 42.54% -> 42.54%     
client [12] (testset)   loss: 4.5232 -> 4.6977  accuracy: 52.27% -> 51.52%     
---------------------------- TRAINING EPOCH: 360 ----------------------------  
client [68] (testset)   loss: 6.0198 -> 6.1011  accuracy: 44.96% -> 46.64%     
client [23] (testset)   loss: 4.6935 -> 4.7598  accuracy: 42.73% -> 41.82%     
client [46] (testset)   loss: 5.5345 -> 5.6790  accuracy: 57.14% -> 56.19%     
client [41] (testset)   loss: 6.4791 -> 6.4841  accuracy: 38.71% -> 40.32%     
client [25] (testset)   loss: 4.3242 -> 4.3971  accuracy: 50.00% -> 50.00%     
client [58] (testset)   loss: 5.9369 -> 6.1345  accuracy: 48.46% -> 47.69%     
client [14] (testset)   loss: 5.8714 -> 5.8606  accuracy: 37.66% -> 37.66%     
client [33] (testset)   loss: 6.2928 -> 6.4402  accuracy: 39.45% -> 44.95%     
client [85] (testset)   loss: 6.5824 -> 6.6842  accuracy: 45.52% -> 44.78%     
client [62] (testset)   loss: 5.5888 -> 5.5912  accuracy: 42.72% -> 46.12%     
---------------------------- TRAINING EPOCH: 370 ----------------------------  
client [98] (testset)   loss: 6.5512 -> 6.6386  accuracy: 37.32% -> 37.32%     
client [63] (testset)   loss: 5.7139 -> 5.7673  accuracy: 37.98% -> 39.42%     
client [70] (testset)   loss: 4.5910 -> 4.7066  accuracy: 52.17% -> 53.42%     
client [65] (testset)   loss: 5.8237 -> 6.2578  accuracy: 40.91% -> 42.73%     
client [14] (testset)   loss: 5.7136 -> 5.7071  accuracy: 35.06% -> 35.06%     
client [73] (testset)   loss: 6.7935 -> 6.8345  accuracy: 41.73% -> 42.45%     
client [34] (testset)   loss: 6.4084 -> 6.4027  accuracy: 39.23% -> 39.78%     
client [99] (testset)   loss: 7.5272 -> 7.7557  accuracy: 32.85% -> 32.12%     
client [69] (testset)   loss: 4.8131 -> 4.9568  accuracy: 53.07% -> 54.15%     
client [46] (testset)   loss: 5.3852 -> 5.5180  accuracy: 57.14% -> 57.14%     
---------------------------- TRAINING EPOCH: 380 ----------------------------  
client [99] (testset)   loss: 7.5285 -> 7.7195  accuracy: 32.85% -> 32.12%     
client [93] (testset)   loss: 5.6226 -> 5.6631  accuracy: 43.20% -> 40.00%     
client [11] (testset)   loss: 5.4590 -> 5.5986  accuracy: 49.15% -> 49.72%     
client [58] (testset)   loss: 6.0924 -> 6.7225  accuracy: 48.46% -> 44.62%     
client [81] (testset)   loss: 5.9323 -> 5.9194  accuracy: 40.40% -> 46.36%     
client [85] (testset)   loss: 6.3932 -> 6.6094  accuracy: 45.52% -> 47.01%     
client [89] (testset)   loss: 7.0047 -> 7.0707  accuracy: 39.49% -> 40.13%     
client [45] (testset)   loss: 5.3240 -> 5.2919  accuracy: 47.35% -> 47.35%     
client [8]  (testset)   loss: 6.8081 -> 7.0659  accuracy: 49.25% -> 49.25%     
client [68] (testset)   loss: 5.8956 -> 5.9945  accuracy: 45.38% -> 45.80%     
---------------------------- TRAINING EPOCH: 390 ----------------------------  
client [67] (testset)   loss: 4.9684 -> 4.9961  accuracy: 49.45% -> 50.00%     
client [72] (testset)   loss: 7.7133 -> 7.9512  accuracy: 35.07% -> 35.07%     
client [1]  (testset)   loss: 5.4540 -> 5.8905  accuracy: 41.99% -> 44.20%     
client [78] (testset)   loss: 5.5119 -> 5.7865  accuracy: 48.43% -> 50.31%     
client [83] (testset)   loss: 6.4292 -> 6.4709  accuracy: 42.11% -> 43.42%     
client [21] (testset)   loss: 4.3025 -> 4.4468  accuracy: 47.62% -> 46.94%     
client [56] (testset)   loss: 3.6045 -> 3.9749  accuracy: 57.14% -> 61.90%     
client [44] (testset)   loss: 5.7085 -> 5.9884  accuracy: 39.22% -> 40.52%     
client [92] (testset)   loss: 6.3531 -> 6.5209  accuracy: 40.82% -> 42.86%     
client [27] (testset)   loss: 5.3314 -> 5.5181  accuracy: 44.38% -> 46.25%     
---------------------------- TRAINING EPOCH: 400 ----------------------------  
client [10] (testset)   loss: 5.7217 -> 5.8223  accuracy: 44.23% -> 46.15%     
client [39] (testset)   loss: 4.4725 -> 4.5458  accuracy: 45.51% -> 46.71%     
client [65] (testset)   loss: 5.7757 -> 5.9921  accuracy: 39.09% -> 41.82%     
client [26] (testset)   loss: 4.6617 -> 4.8400  accuracy: 39.82% -> 43.36%     
client [19] (testset)   loss: 5.4106 -> 5.3893  accuracy: 35.37% -> 44.51%     
client [68] (testset)   loss: 5.8531 -> 5.9444  accuracy: 44.12% -> 44.96%     
client [41] (testset)   loss: 6.1628 -> 7.1285  accuracy: 37.90% -> 34.68%     
client [50] (testset)   loss: 3.5397 -> 3.7381  accuracy: 49.00% -> 48.00%     
client [75] (testset)   loss: 5.3089 -> 5.5108  accuracy: 48.58% -> 48.11%     
client [81] (testset)   loss: 5.5694 -> 5.6763  accuracy: 44.37% -> 43.71%     
FedFewA's average time taken by each global epoch: 0 min 2.32 sec.             
FedFewA's total running time: 0 h 15 m 36 s.                                   
==================== FedFewA Experiment Results: ====================          
Display format: (before local fine-tuning) -> (after local fine-tuning)        
 So if finetune_epoch = 0, x.xx% -> 0.00% is normal.                           
 Centralized testing ONLY happens after model aggregation, so the stats between
'->' are the same.                                                             
{                                                                              
    "100": {                                                                   
        "all_clients": {                                                       
            "test": {                                                          
                "loss": "3.2679 -> 0.0000",                                    
                "accuracy": "45.98% -> 0.00%"                                  
            }                                                                  
        }                                                                      
    },                                                                         
    "200": {                                                                   
        "all_clients": {                                                       
            "test": {                                                          
                "loss": "4.4326 -> 0.0000",                                    
                "accuracy": "45.37% -> 0.00%"                                  
            }                                                                  
        }                                                                      
    },                                                                         
    "300": {                                                                   
        "all_clients": {                                                       
            "test": {                                                          
                "loss": "5.2979 -> 0.0000",                                    
                "accuracy": "45.17% -> 0.00%"                                  
            }                                                                  
        }                                                                      
    },                                                                         
    "400": {                                                                   
        "all_clients": {                                                       
            "test": {                                                          
                "loss": "5.5587 -> 0.0000",                                    
                "accuracy": "44.89% -> 0.00%"                                  
            }                                                                  
        }                                                                      
    }                                                                          
}                                                                              
==================== FedFewA Max Accuracy ====================                 
all_clients:                                                                   
(test) before fine-tuning: 45.98% at epoch 100                                 
(test) after fine-tuning: 0.00% at epoch 100                                   
