==================== FedDpag ====================                              
Experiment Arguments:                                                          
{
    'method': 'feddpag',
    'dataset': {
        'name': 'medmnistC',
        'client_num': 100,
        'test_ratio': 0.25,
        'val_ratio': 0.0,
        'seed': 42,
        'split': 'sample',
        'IID_ratio': 0.0,
        'monitor_window_name_suffix': 'medmnistC-100clients-0%IID-Dir(0.1)-seed42',
        'alpha': 0.1,
        'min_samples_per_client': 10
    },
    'model': {
        'name': 'avgcnn',
        'use_torchvision_pretrained_weights': True,
        'external_model_weights_path': None
    },
    'optimizer': {
        'lr': 0.01,
        'dampening': 0,
        'weight_decay': 0,
        'momentum': 0.7,
        'nesterov': False,
        'name': 'sgd'
    },
    'mode': 'serial',
    'parallel': {
        'ray_cluster_addr': None,
        'num_cpus': None,
        'num_gpus': None,
        'num_workers': 2
    },
    'common': {
        'seed': 42,
        'join_ratio': 0.1,
        'global_epoch': 200,
        'local_epoch': 5,
        'batch_size': 32,
        'reset_optimizer_on_global_epoch': True,
        'straggler_ratio': 0,
        'straggler_min_local_epoch': 0,
        'buffers': 'global',
        'client_side_evaluation': True,
        'test': {
            'client': {
                'interval': 100,
                'finetune_epoch': 0,
                'train': False,
                'val': False,
                'test': True
            },
            'server': {
                'interval': -1,
                'train': False,
                'val': False,
                'test': True,
                'model_in_train_mode': False
            }
        },
        'verbose_gap': 10,
        'monitor': None,
        'use_cuda': True,
        'save_log': True,
        'save_model': False,
        'save_learning_curve_plot': True,
        'save_metrics': True,
        'delete_useless_run': True
    },
    'fedprox': {
        'mu': 0.01
    },
    'pfedsim': {
        'warmup_round': 0.5
    },
    'feddpag': {
        'fisher_threshold': 0.992
    }
}
---------------------------- TRAINING EPOCH: 10 ----------------------------   
client [77] (testset)   loss: 2.2952 -> 1.3411  accuracy: 0.00% -> 36.36%      
client [81] (testset)   loss: 1.8126 -> 0.5020  accuracy: 0.00% -> 80.58%      
client [21] (testset)   loss: 2.7614 -> 0.7563  accuracy: 0.00% -> 74.07%      
client [68] (testset)   loss: 2.0095 -> 1.0813  accuracy: 59.72% -> 59.72%     
client [93] (testset)   loss: 1.7871 -> 0.2517  accuracy: 0.00% -> 93.33%      
client [31] (testset)   loss: 2.3270 -> 0.6731  accuracy: 0.00% -> 85.14%      
client [20] (testset)   loss: 2.2644 -> 1.4544  accuracy: 0.00% -> 37.50%      
client [59] (testset)   loss: 2.2874 -> 1.2717  accuracy: 11.67% -> 33.33%     
client [48] (testset)   loss: 1.3012 -> 0.6437  accuracy: 83.15% -> 83.15%     
client [34] (testset)   loss: 1.5732 -> 0.6029  accuracy: 82.14% -> 82.14%     
---------------------------- TRAINING EPOCH: 20 ----------------------------   
client [69] (testset)   loss: 2.0888 -> 0.8835  accuracy: 15.38% -> 71.15%     
client [99] (testset)   loss: 1.8222 -> 1.7279  accuracy: 71.43% -> 14.29%     
client [67] (testset)   loss: 1.2058 -> 0.6625  accuracy: 85.71% -> 85.71%     
client [0]  (testset)   loss: 1.6323 -> 1.2574  accuracy: 45.12% -> 34.15%     
client [76] (testset)   loss: 1.8566 -> 2.7521  accuracy: 50.00% -> 50.00%     
client [41] (testset)   loss: 2.1999 -> 1.2058  accuracy: 7.41% -> 65.43%      
client [62] (testset)   loss: 3.7805 -> 0.4174  accuracy: 4.55% -> 95.45%      
client [2]  (testset)   loss: 2.7571 -> 1.1156  accuracy: 0.00% -> 47.27%      
client [14] (testset)   loss: 0.8930 -> 0.8050  accuracy: 85.00% -> 85.00%     
client [46] (testset)   loss: 1.5092 -> 0.9772  accuracy: 64.47% -> 64.47%     
---------------------------- TRAINING EPOCH: 30 ----------------------------   
client [24] (testset)   loss: 0.4627 -> 0.3076  accuracy: 93.75% -> 93.75%     
client [68] (testset)   loss: 1.8662 -> 1.0962  accuracy: 59.72% -> 59.72%     
client [57] (testset)   loss: 2.5687 -> 1.6773  accuracy: 0.00% -> 40.91%      
client [17] (testset)   loss: 1.7045 -> 0.8841  accuracy: 17.07% -> 69.92%     
client [54] (testset)   loss: 2.3762 -> 2.6078  accuracy: 25.00% -> 25.00%     
client [23] (testset)   loss: 3.0802 -> 1.7932  accuracy: 0.00% -> 39.13%      
client [35] (testset)   loss: 1.3602 -> 0.6042  accuracy: 85.00% -> 85.00%     
client [59] (testset)   loss: 1.9670 -> 1.1487  accuracy: 33.33% -> 33.33%     
client [31] (testset)   loss: 2.6131 -> 0.6220  accuracy: 1.35% -> 85.14%      
client [9]  (testset)   loss: 2.5307 -> 1.3918  accuracy: 0.00% -> 28.72%      
---------------------------- TRAINING EPOCH: 40 ----------------------------   
client [64] (testset)   loss: 2.2469 -> 1.2324  accuracy: 0.00% -> 50.00%      
client [33] (testset)   loss: 1.7918 -> 0.8648  accuracy: 12.99% -> 75.32%     
client [16] (testset)   loss: 1.2267 -> 0.6413  accuracy: 78.95% -> 78.95%     
client [44] (testset)   loss: 2.9199 -> 0.8809  accuracy: 1.19% -> 63.10%      
client [8]  (testset)   loss: 2.1482 -> 1.1812  accuracy: 54.17% -> 41.67%     
client [31] (testset)   loss: 1.7201 -> 0.6067  accuracy: 85.14% -> 85.14%     
client [47] (testset)   loss: 1.9599 -> 0.5971  accuracy: 87.78% -> 87.78%     
client [36] (testset)   loss: 2.3681 -> 1.7441  accuracy: 28.89% -> 28.89%     
client [20] (testset)   loss: 1.8544 -> 1.1521  accuracy: 37.50% -> 37.50%     
client [56] (testset)   loss: 1.8491 -> 0.7264  accuracy: 7.44% -> 79.34%      
---------------------------- TRAINING EPOCH: 50 ----------------------------   
client [4]  (testset)   loss: 2.4677 -> 2.0703  accuracy: 25.00% -> 25.00%     
client [60] (testset)   loss: 1.3093 -> 0.4205  accuracy: 91.82% -> 91.82%     
client [28] (testset)   loss: 2.3224 -> 1.2722  accuracy: 0.00% -> 61.54%      
client [25] (testset)   loss: 2.9175 -> 0.3878  accuracy: 0.00% -> 90.48%      
client [58] (testset)   loss: 1.8723 -> 0.4956  accuracy: 0.00% -> 86.70%      
client [44] (testset)   loss: 2.1505 -> 0.8711  accuracy: 0.00% -> 63.10%      
client [39] (testset)   loss: 1.2939 -> 1.0122  accuracy: 78.57% -> 78.57%     
client [29] (testset)   loss: 2.5918 -> 0.7449  accuracy: 3.70% -> 81.48%      
client [3]  (testset)   loss: 2.3335 -> 1.7308  accuracy: 23.53% -> 17.65%     
client [84] (testset)   loss: 2.5806 -> 1.6085  accuracy: 0.00% -> 40.23%      
---------------------------- TRAINING EPOCH: 60 ----------------------------   
client [21] (testset)   loss: 3.1391 -> 0.7602  accuracy: 0.00% -> 74.07%      
client [84] (testset)   loss: 2.3001 -> 1.6688  accuracy: 40.23% -> 21.84%     
client [10] (testset)   loss: 2.6425 -> 1.4872  accuracy: 0.00% -> 18.75%      
client [36] (testset)   loss: 2.7336 -> 1.7166  accuracy: 0.00% -> 28.89%      
client [65] (testset)   loss: 1.5738 -> 1.1666  accuracy: 62.22% -> 62.22%     
client [81] (testset)   loss: 0.9551 -> 0.5392  accuracy: 80.58% -> 80.58%     
client [79] (testset)   loss: 1.5635 -> 0.7291  accuracy: 64.00% -> 64.00%     
client [42] (testset)   loss: 0.2810 -> 0.1012  accuracy: 100.00% -> 100.00%   
client [11] (testset)   loss: 2.7013 -> 0.6570  accuracy: 0.00% -> 85.71%      
client [96] (testset)   loss: 3.0147 -> 1.4806  accuracy: 0.00% -> 66.67%      
---------------------------- TRAINING EPOCH: 70 ----------------------------   
client [8]  (testset)   loss: 2.0130 -> 1.1501  accuracy: 0.00% -> 41.67%      
client [53] (testset)   loss: 1.2012 -> 0.7674  accuracy: 78.85% -> 78.85%     
client [52] (testset)   loss: 1.4278 -> 0.9743  accuracy: 65.62% -> 65.62%     
client [42] (testset)   loss: 0.2944 -> 0.0952  accuracy: 100.00% -> 100.00%   
client [69] (testset)   loss: 1.2783 -> 0.8460  accuracy: 71.15% -> 71.15%     
client [59] (testset)   loss: 1.6824 -> 1.1250  accuracy: 50.83% -> 50.83%     
client [7]  (testset)   loss: 4.3615 -> 0.1607  accuracy: 0.00% -> 97.73%      
client [26] (testset)   loss: 2.2811 -> 1.0288  accuracy: 30.77% -> 57.69%     
client [49] (testset)   loss: 1.1588 -> 0.9089  accuracy: 75.00% -> 75.00%     
client [98] (testset)   loss: 0.5823 -> 0.1708  accuracy: 100.00% -> 100.00%   
---------------------------- TRAINING EPOCH: 80 ----------------------------   
client [98] (testset)   loss: 1.3604 -> 0.1105  accuracy: 0.00% -> 100.00%     
client [47] (testset)   loss: 2.5236 -> 0.6020  accuracy: 0.00% -> 87.78%      
client [21] (testset)   loss: 1.7623 -> 0.7444  accuracy: 0.00% -> 74.07%      
client [77] (testset)   loss: 3.1556 -> 1.5597  accuracy: 0.00% -> 36.36%      
client [95] (testset)   loss: 2.5080 -> 1.3741  accuracy: 0.00% -> 46.43%      
client [91] (testset)   loss: 2.7867 -> 3.2204  accuracy: 8.33% -> 16.67%      
client [14] (testset)   loss: 1.1154 -> 0.8326  accuracy: 85.00% -> 85.00%     
client [99] (testset)   loss: 2.0667 -> 1.2297  accuracy: 0.00% -> 71.43%      
client [20] (testset)   loss: 2.7996 -> 1.1904  accuracy: 0.00% -> 37.50%      
client [39] (testset)   loss: 2.0070 -> 0.9114  accuracy: 3.57% -> 78.57%      
---------------------------- TRAINING EPOCH: 90 ----------------------------   
client [52] (testset)   loss: 1.9992 -> 0.9512  accuracy: 0.00% -> 65.62%      
client [62] (testset)   loss: 4.0048 -> 0.4247  accuracy: 0.00% -> 95.45%      
client [71] (testset)   loss: 1.3093 -> 0.8578  accuracy: 71.97% -> 71.97%     
client [97] (testset)   loss: 2.4786 -> 1.2812  accuracy: 0.00% -> 42.02%      
client [30] (testset)   loss: 2.7815 -> 1.3439  accuracy: 13.33% -> 38.89%     
client [88] (testset)   loss: 0.8979 -> 0.4795  accuracy: 87.41% -> 87.41%     
client [60] (testset)   loss: 0.5486 -> 0.4314  accuracy: 91.82% -> 91.82%     
client [82] (testset)   loss: 1.1865 -> 0.9411  accuracy: 69.05% -> 69.05%     
client [91] (testset)   loss: 2.4627 -> 2.5575  accuracy: 8.33% -> 16.67%      
client [57] (testset)   loss: 2.4130 -> 1.2954  accuracy: 40.91% -> 40.91%     
---------------------------- TRAINING EPOCH: 100 ----------------------------  
client [31] (testset)   loss: 0.9723 -> 0.6164  accuracy: 85.14% -> 85.14%     
client [15] (testset)   loss: 2.3141 -> 1.0301  accuracy: 49.32% -> 49.32%     
client [71] (testset)   loss: 1.3690 -> 0.8292  accuracy: 71.97% -> 71.97%     
client [97] (testset)   loss: 3.6908 -> 1.2548  accuracy: 0.00% -> 42.02%      
client [53] (testset)   loss: 1.9869 -> 0.7728  accuracy: 0.00% -> 78.85%      
client [77] (testset)   loss: 2.7381 -> 1.7048  accuracy: 36.36% -> 36.36%     
client [76] (testset)   loss: 2.3823 -> 1.7112  accuracy: 50.00% -> 50.00%     
client [79] (testset)   loss: 3.1309 -> 0.7373  accuracy: 0.00% -> 64.00%      
client [28] (testset)   loss: 2.3994 -> 1.0576  accuracy: 0.00% -> 61.54%      
client [99] (testset)   loss: 2.3642 -> 1.2480  accuracy: 0.00% -> 71.43%      
---------------------------- TRAINING EPOCH: 110 ----------------------------  
client [97] (testset)   loss: 1.7631 -> 1.2909  accuracy: 40.34% -> 40.34%     
client [86] (testset)   loss: 2.6841 -> 1.4067  accuracy: 31.48% -> 31.48%     
client [34] (testset)   loss: 3.9634 -> 0.6139  accuracy: 0.00% -> 82.14%      
client [73] (testset)   loss: 1.2015 -> 0.7265  accuracy: 76.92% -> 76.92%     
client [5]  (testset)   loss: 0.6580 -> 0.4884  accuracy: 90.00% -> 90.00%     
client [96] (testset)   loss: 3.3661 -> 1.2611  accuracy: 0.00% -> 66.67%      
client [22] (testset)   loss: 2.8583 -> 0.9750  accuracy: 1.69% -> 52.54%      
client [60] (testset)   loss: 1.3584 -> 0.4164  accuracy: 91.82% -> 91.82%     
client [66] (testset)   loss: 0.3701 -> 0.1618  accuracy: 97.75% -> 97.75%     
client [83] (testset)   loss: 1.6701 -> 0.5228  accuracy: 0.00% -> 87.91%      
---------------------------- TRAINING EPOCH: 120 ----------------------------  
client [76] (testset)   loss: 2.4509 -> 1.7193  accuracy: 50.00% -> 50.00%     
client [65] (testset)   loss: 2.2943 -> 1.1974  accuracy: 2.22% -> 62.22%      
client [95] (testset)   loss: 3.0849 -> 1.3884  accuracy: 0.00% -> 46.43%      
client [17] (testset)   loss: 3.0501 -> 0.9045  accuracy: 0.00% -> 69.92%      
client [8]  (testset)   loss: 2.8581 -> 1.2379  accuracy: 0.00% -> 41.67%      
client [35] (testset)   loss: 0.7167 -> 0.5194  accuracy: 85.00% -> 85.00%     
client [98] (testset)   loss: 1.4991 -> 0.0991  accuracy: 0.00% -> 100.00%     
client [53] (testset)   loss: 1.0216 -> 0.8104  accuracy: 78.85% -> 78.85%     
client [43] (testset)   loss: 2.6373 -> 0.9665  accuracy: 0.00% -> 83.33%      
client [64] (testset)   loss: 2.2676 -> 1.7240  accuracy: 50.00% -> 0.00%      
---------------------------- TRAINING EPOCH: 130 ----------------------------  
client [21] (testset)   loss: 2.5601 -> 0.7557  accuracy: 0.00% -> 74.07%      
client [88] (testset)   loss: 0.6257 -> 0.4675  accuracy: 87.41% -> 87.41%     
client [38] (testset)   loss: 3.5986 -> 0.8418  accuracy: 0.00% -> 76.00%      
client [3]  (testset)   loss: 2.6417 -> 1.7372  accuracy: 17.65% -> 17.65%     
client [5]  (testset)   loss: 0.6979 -> 0.4971  accuracy: 90.00% -> 90.00%     
client [41] (testset)   loss: 2.0721 -> 1.1531  accuracy: 0.00% -> 65.43%      
client [7]  (testset)   loss: 0.6106 -> 0.1575  accuracy: 97.73% -> 97.73%     
client [37] (testset)   loss: 2.1680 -> 0.9517  accuracy: 55.00% -> 55.00%     
client [45] (testset)   loss: 3.3371 -> 1.5954  accuracy: 0.00% -> 27.27%      
client [47] (testset)   loss: 2.6989 -> 0.6024  accuracy: 0.00% -> 87.78%      
---------------------------- TRAINING EPOCH: 140 ----------------------------  
client [16] (testset)   loss: 2.8706 -> 0.7448  accuracy: 0.00% -> 78.95%      
client [11] (testset)   loss: 2.8202 -> 0.5354  accuracy: 0.00% -> 85.71%      
client [37] (testset)   loss: 3.4194 -> 1.0415  accuracy: 0.00% -> 55.00%      
client [41] (testset)   loss: 2.0038 -> 1.1521  accuracy: 0.00% -> 65.43%      
client [95] (testset)   loss: 2.8238 -> 1.3971  accuracy: 0.00% -> 46.43%      
client [53] (testset)   loss: 1.5067 -> 0.7769  accuracy: 78.85% -> 78.85%     
client [22] (testset)   loss: 2.6877 -> 0.9749  accuracy: 0.00% -> 52.54%      
client [25] (testset)   loss: 1.3715 -> 0.3400  accuracy: 90.48% -> 90.48%     
client [69] (testset)   loss: 1.9939 -> 0.8486  accuracy: 71.15% -> 71.15%     
client [46] (testset)   loss: 1.3412 -> 0.9533  accuracy: 20.81% -> 64.47%     
---------------------------- TRAINING EPOCH: 150 ----------------------------  
client [47] (testset)   loss: 0.8275 -> 0.6136  accuracy: 87.78% -> 87.78%     
client [69] (testset)   loss: 1.4334 -> 0.8468  accuracy: 71.15% -> 71.15%     
client [82] (testset)   loss: 1.2820 -> 0.8503  accuracy: 69.05% -> 69.05%     
client [45] (testset)   loss: 2.4740 -> 1.6904  accuracy: 0.00% -> 27.27%      
client [7]  (testset)   loss: 0.8266 -> 0.1515  accuracy: 97.73% -> 97.73%     
client [50] (testset)   loss: 2.2803 -> 1.1885  accuracy: 0.00% -> 55.56%      
client [35] (testset)   loss: 0.7626 -> 0.5252  accuracy: 85.00% -> 85.00%     
client [24] (testset)   loss: 0.8047 -> 0.3546  accuracy: 93.75% -> 93.75%     
client [15] (testset)   loss: 2.0404 -> 0.9752  accuracy: 0.00% -> 49.32%      
client [58] (testset)   loss: 3.1344 -> 0.4909  accuracy: 8.87% -> 86.70%      
---------------------------- TRAINING EPOCH: 160 ----------------------------  
client [48] (testset)   loss: 1.1786 -> 0.6490  accuracy: 83.15% -> 83.15%     
client [76] (testset)   loss: 1.8595 -> 1.6333  accuracy: 50.00% -> 50.00%     
client [67] (testset)   loss: 1.3382 -> 0.6237  accuracy: 85.71% -> 85.71%     
client [37] (testset)   loss: 2.1279 -> 0.9210  accuracy: 0.00% -> 55.00%      
client [58] (testset)   loss: 0.7558 -> 0.4905  accuracy: 86.70% -> 86.70%     
client [64] (testset)   loss: 2.1442 -> 1.5095  accuracy: 0.00% -> 0.00%       
client [77] (testset)   loss: 2.5084 -> 1.6596  accuracy: 0.00% -> 36.36%      
client [55] (testset)   loss: 2.0624 -> 0.8498  accuracy: 2.70% -> 83.78%      
client [12] (testset)   loss: 2.4273 -> 1.2888  accuracy: 0.00% -> 61.11%      
client [89] (testset)   loss: 1.9599 -> 1.1564  accuracy: 54.29% -> 40.00%     
---------------------------- TRAINING EPOCH: 170 ----------------------------  
client [84] (testset)   loss: 2.0430 -> 1.6135  accuracy: 40.23% -> 40.23%     
client [51] (testset)   loss: 1.0472 -> 0.9353  accuracy: 80.00% -> 80.00%     
client [8]  (testset)   loss: 2.7705 -> 1.1257  accuracy: 0.00% -> 54.17%      
client [18] (testset)   loss: 0.3353 -> 0.2072  accuracy: 97.37% -> 97.37%     
client [94] (testset)   loss: 1.0088 -> 1.1639  accuracy: 83.33% -> 83.33%     
client [81] (testset)   loss: 1.0680 -> 0.5244  accuracy: 80.58% -> 80.58%     
client [3]  (testset)   loss: 2.6775 -> 1.7950  accuracy: 17.65% -> 17.65%     
client [11] (testset)   loss: 0.8083 -> 0.5388  accuracy: 85.71% -> 85.71%     
client [95] (testset)   loss: 2.5855 -> 1.3724  accuracy: 7.14% -> 46.43%      
client [67] (testset)   loss: 1.1208 -> 0.5867  accuracy: 85.71% -> 85.71%     
---------------------------- TRAINING EPOCH: 180 ----------------------------  
client [21] (testset)   loss: 3.7106 -> 0.7467  accuracy: 0.00% -> 74.07%      
client [79] (testset)   loss: 1.5427 -> 0.7327  accuracy: 36.00% -> 64.00%     
client [58] (testset)   loss: 0.6793 -> 0.4998  accuracy: 86.70% -> 86.70%     
client [88] (testset)   loss: 1.3476 -> 0.5672  accuracy: 87.41% -> 87.41%     
client [46] (testset)   loss: 2.5538 -> 0.9650  accuracy: 0.00% -> 64.47%      
client [11] (testset)   loss: 1.5158 -> 0.5382  accuracy: 85.71% -> 85.71%     
client [55] (testset)   loss: 3.0056 -> 0.8467  accuracy: 2.70% -> 83.78%      
client [13] (testset)   loss: 2.7273 -> 1.5710  accuracy: 1.59% -> 46.03%      
client [31] (testset)   loss: 2.8658 -> 0.6208  accuracy: 1.35% -> 85.14%      
client [75] (testset)   loss: 2.6513 -> 0.2202  accuracy: 0.00% -> 100.00%     
---------------------------- TRAINING EPOCH: 190 ----------------------------  
client [19] (testset)   loss: 1.0340 -> 0.5996  accuracy: 80.00% -> 80.00%     
client [7]  (testset)   loss: 0.1931 -> 0.1451  accuracy: 97.73% -> 97.73%     
client [57] (testset)   loss: 2.2200 -> 1.3036  accuracy: 40.91% -> 40.91%     
client [13] (testset)   loss: 1.8553 -> 1.5730  accuracy: 46.03% -> 46.03%     
client [43] (testset)   loss: 1.6741 -> 0.8541  accuracy: 83.33% -> 83.33%     
client [91] (testset)   loss: 2.3652 -> 2.3331  accuracy: 16.67% -> 16.67%     
client [10] (testset)   loss: 2.1881 -> 1.4634  accuracy: 12.50% -> 46.88%     
client [64] (testset)   loss: 2.2597 -> 1.5049  accuracy: 0.00% -> 0.00%       
client [82] (testset)   loss: 1.2407 -> 0.9123  accuracy: 69.05% -> 69.05%     
client [22] (testset)   loss: 1.6324 -> 0.9712  accuracy: 52.54% -> 42.37%     
---------------------------- TRAINING EPOCH: 200 ----------------------------  
client [20] (testset)   loss: 2.0827 -> 1.1973  accuracy: 0.00% -> 37.50%      
client [23] (testset)   loss: 2.3666 -> 1.8020  accuracy: 0.00% -> 39.13%      
client [88] (testset)   loss: 3.2877 -> 0.4747  accuracy: 0.00% -> 87.41%      
client [98] (testset)   loss: 0.3673 -> 0.2288  accuracy: 100.00% -> 100.00%   
client [79] (testset)   loss: 1.9156 -> 0.7337  accuracy: 36.00% -> 64.00%     
client [21] (testset)   loss: 2.1632 -> 0.7419  accuracy: 0.00% -> 74.07%      
client [92] (testset)   loss: 2.9092 -> 1.2284  accuracy: 12.24% -> 55.10%     
client [56] (testset)   loss: 1.2345 -> 0.7210  accuracy: 79.34% -> 79.34%     
client [5]  (testset)   loss: 0.5759 -> 0.4966  accuracy: 90.00% -> 90.00%     
client [52] (testset)   loss: 1.7887 -> 0.9928  accuracy: 65.62% -> 65.62%     
FedDpag's average time taken by each global epoch: 0 min 1.06 sec.             
FedDpag's total running time: 0 h 3 m 36 s.                                    
==================== FedDpag Experiment Results: ====================          
Display format: (before local fine-tuning) -> (after local fine-tuning)        
 So if finetune_epoch = 0, x.xx% -> 0.00% is normal.                           
 Centralized testing ONLY happens after model aggregation, so the stats between
'->' are the same.                                                             
{                                                                              
    "100": {                                                                   
        "all_clients": {                                                       
            "test": {                                                          
                "loss": "1.9216 -> 0.0000",                                    
                "accuracy": "38.02% -> 0.00%"                                  
            }                                                                  
        }                                                                      
    },                                                                         
    "200": {                                                                   
        "all_clients": {                                                       
            "test": {                                                          
                "loss": "2.1061 -> 0.0000",                                    
                "accuracy": "38.07% -> 0.00%"                                  
            }                                                                  
        }                                                                      
    }                                                                          
}                                                                              
==================== FedDpag Max Accuracy ====================                 
all_clients:                                                                   
(test) before fine-tuning: 38.07% at epoch 200                                 
(test) after fine-tuning: 0.00% at epoch 100                                   
