==================== FedFew ====================                               
Experiment Arguments:                                                          
{
    'method': 'fedfew',
    'dataset': {
        'name': 'medmnistC',
        'client_num': 100,
        'test_ratio': 0.25,
        'val_ratio': 0.0,
        'seed': 42,
        'split': 'sample',
        'IID_ratio': 0.0,
        'monitor_window_name_suffix': 'medmnistC-100clients-0%IID-Dir(0.5)-seed42',
        'alpha': 0.5,
        'min_samples_per_client': 10
    },
    'model': {
        'name': 'avgcnn',
        'use_torchvision_pretrained_weights': True,
        'external_model_weights_path': None
    },
    'optimizer': {
        'lr': 0.01,
        'dampening': 0,
        'weight_decay': 0,
        'momentum': 0.7,
        'nesterov': False,
        'name': 'sgd'
    },
    'mode': 'serial',
    'parallel': {
        'ray_cluster_addr': None,
        'num_cpus': None,
        'num_gpus': None,
        'num_workers': 2
    },
    'common': {
        'seed': 42,
        'join_ratio': 0.1,
        'global_epoch': 400,
        'local_epoch': 5,
        'batch_size': 32,
        'reset_optimizer_on_global_epoch': True,
        'straggler_ratio': 0,
        'straggler_min_local_epoch': 0,
        'buffers': 'global',
        'client_side_evaluation': True,
        'test': {
            'client': {
                'interval': 100,
                'finetune_epoch': 5,
                'train': False,
                'val': False,
                'test': True
            },
            'server': {
                'interval': -1,
                'train': False,
                'val': False,
                'test': True,
                'model_in_train_mode': False
            }
        },
        'verbose_gap': 10,
        'monitor': None,
        'use_cuda': True,
        'save_log': True,
        'save_model': False,
        'save_learning_curve_plot': True,
        'save_metrics': True,
        'delete_useless_run': True
    },
    'fedprox': {
        'mu': 0.01
    },
    'pfedsim': {
        'warmup_round': 0.5
    },
    'fedfew': {
        'ig_ratio': 0.9995,
        'alpha': 0.5,
        'IgRatioScheduler': {
            'init': 0.0,
            'last': 0.9999,
            'num_rounds': 400,
            'mode': 'linear'
        }
    }
}
---------------------------- TRAINING EPOCH: 10 ----------------------------   
client [77] (testset)   loss: 2.4170 -> 1.5573  accuracy: 19.57% -> 19.57%     
client [81] (testset)   loss: 2.4324 -> 2.2370  accuracy: 18.75% -> 18.75%     
client [21] (testset)   loss: 2.0144 -> 1.2889  accuracy: 23.46% -> 58.02%     
client [68] (testset)   loss: 2.3705 -> 2.0145  accuracy: 17.07% -> 17.07%     
client [93] (testset)   loss: 2.1538 -> 2.0241  accuracy: 35.29% -> 35.29%     
client [31] (testset)   loss: 2.3633 -> 1.7402  accuracy: 6.00% -> 40.00%      
client [20] (testset)   loss: 1.5539 -> 1.3391  accuracy: 61.62% -> 61.62%     
client [59] (testset)   loss: 2.0609 -> 1.8637  accuracy: 43.55% -> 43.55%     
client [48] (testset)   loss: 1.4837 -> 1.0966  accuracy: 61.22% -> 61.22%     
client [34] (testset)   loss: 2.1859 -> 2.1344  accuracy: 21.43% -> 21.43%     
---------------------------- TRAINING EPOCH: 20 ----------------------------   
client [69] (testset)   loss: 1.9312 -> 1.6496  accuracy: 33.33% -> 33.33%     
client [99] (testset)   loss: 2.0412 -> 1.8351  accuracy: 18.18% -> 33.33%     
client [67] (testset)   loss: 1.6684 -> 1.5119  accuracy: 23.53% -> 41.18%     
client [0]  (testset)   loss: 1.6372 -> 1.5651  accuracy: 20.99% -> 29.63%     
client [76] (testset)   loss: 1.8715 -> 1.7680  accuracy: 25.00% -> 25.00%     
client [41] (testset)   loss: 1.7961 -> 2.0430  accuracy: 33.33% -> 33.33%     
client [62] (testset)   loss: 2.6068 -> 1.7902  accuracy: 11.94% -> 56.72%     
client [2]  (testset)   loss: 1.9389 -> 1.5132  accuracy: 58.14% -> 58.14%     
client [14] (testset)   loss: 1.9923 -> 1.9449  accuracy: 24.56% -> 15.79%     
client [46] (testset)   loss: 1.6820 -> 1.6416  accuracy: 42.02% -> 42.02%     
---------------------------- TRAINING EPOCH: 30 ----------------------------   
client [24] (testset)   loss: 1.8333 -> 1.7901  accuracy: 25.49% -> 37.25%     
client [68] (testset)   loss: 1.9363 -> 1.9614  accuracy: 34.15% -> 34.15%     
client [57] (testset)   loss: 1.6452 -> 1.5473  accuracy: 47.27% -> 47.27%     
client [17] (testset)   loss: 1.5851 -> 1.6601  accuracy: 56.32% -> 56.32%     
client [54] (testset)   loss: 2.1795 -> 2.2110  accuracy: 24.56% -> 24.56%     
client [23] (testset)   loss: 2.4685 -> 1.9252  accuracy: 0.00% -> 19.23%      
client [35] (testset)   loss: 2.1484 -> 2.1558  accuracy: 31.71% -> 31.71%     
client [59] (testset)   loss: 1.8008 -> 1.8480  accuracy: 43.55% -> 43.55%     
client [31] (testset)   loss: 1.7258 -> 1.7431  accuracy: 40.00% -> 40.00%     
client [9]  (testset)   loss: 2.1091 -> 2.2202  accuracy: 33.33% -> 33.33%     
---------------------------- TRAINING EPOCH: 40 ----------------------------   
client [64] (testset)   loss: 1.8566 -> 1.8153  accuracy: 39.66% -> 39.66%     
client [33] (testset)   loss: 2.2596 -> 2.2702  accuracy: 20.00% -> 20.00%     
client [16] (testset)   loss: 1.6354 -> 1.6073  accuracy: 35.38% -> 35.38%     
client [44] (testset)   loss: 1.9504 -> 1.4068  accuracy: 20.51% -> 58.97%     
client [8]  (testset)   loss: 1.9113 -> 1.9166  accuracy: 31.25% -> 31.25%     
client [31] (testset)   loss: 1.7220 -> 1.7565  accuracy: 40.00% -> 40.00%     
client [47] (testset)   loss: 1.8017 -> 1.8119  accuracy: 44.44% -> 44.44%     
client [36] (testset)   loss: 1.3724 -> 1.6017  accuracy: 66.67% -> 66.67%     
client [20] (testset)   loss: 1.3691 -> 1.4021  accuracy: 61.62% -> 61.62%     
client [56] (testset)   loss: 1.6290 -> 1.6088  accuracy: 38.00% -> 38.00%     
---------------------------- TRAINING EPOCH: 50 ----------------------------   
client [4]  (testset)   loss: 1.6258 -> 1.6424  accuracy: 30.68% -> 30.68%     
client [60] (testset)   loss: 2.3687 -> 2.3064  accuracy: 24.32% -> 24.32%     
client [28] (testset)   loss: 1.7740 -> 1.6647  accuracy: 52.63% -> 52.63%     
client [25] (testset)   loss: 1.9810 -> 1.9467  accuracy: 31.82% -> 31.82%     
client [58] (testset)   loss: 2.0835 -> 2.1114  accuracy: 25.00% -> 25.00%     
client [44] (testset)   loss: 1.4064 -> 1.3797  accuracy: 58.97% -> 58.97%     
client [39] (testset)   loss: 1.8429 -> 1.8167  accuracy: 43.00% -> 43.00%     
client [29] (testset)   loss: 1.7330 -> 1.7211  accuracy: 34.88% -> 34.88%     
client [3]  (testset)   loss: 1.6336 -> 1.6121  accuracy: 51.11% -> 51.11%     
client [84] (testset)   loss: 1.7959 -> 1.7783  accuracy: 46.77% -> 46.77%     
---------------------------- TRAINING EPOCH: 60 ----------------------------   
client [21] (testset)   loss: 1.3721 -> 1.2828  accuracy: 58.02% -> 58.02%     
client [84] (testset)   loss: 1.7973 -> 1.7958  accuracy: 46.77% -> 46.77%     
client [10] (testset)   loss: 1.9428 -> 1.9622  accuracy: 34.00% -> 34.00%     
client [36] (testset)   loss: 1.3240 -> 1.3819  accuracy: 66.67% -> 66.67%     
client [65] (testset)   loss: 1.8776 -> 1.9031  accuracy: 40.58% -> 40.58%     
client [81] (testset)   loss: 2.2773 -> 2.2772  accuracy: 18.75% -> 18.75%     
client [79] (testset)   loss: 1.8071 -> 1.8120  accuracy: 37.04% -> 37.04%     
client [42] (testset)   loss: 1.9872 -> 2.0069  accuracy: 32.76% -> 32.76%     
client [11] (testset)   loss: 2.3499 -> 2.4007  accuracy: 15.62% -> 15.62%     
client [96] (testset)   loss: 0.8853 -> 0.8647  accuracy: 80.65% -> 80.65%     
---------------------------- TRAINING EPOCH: 70 ----------------------------   
client [8]  (testset)   loss: 1.9123 -> 1.9181  accuracy: 31.25% -> 31.25%     
client [53] (testset)   loss: 1.7894 -> 1.8036  accuracy: 18.67% -> 18.67%     
client [52] (testset)   loss: 1.9550 -> 1.8871  accuracy: 23.94% -> 30.99%     
client [42] (testset)   loss: 2.0024 -> 1.9775  accuracy: 32.76% -> 32.76%     
client [69] (testset)   loss: 1.6108 -> 1.6104  accuracy: 33.33% -> 33.33%     
client [59] (testset)   loss: 1.8220 -> 1.8502  accuracy: 43.55% -> 43.55%     
client [7]  (testset)   loss: 1.9072 -> 1.9610  accuracy: 39.29% -> 39.29%     
client [26] (testset)   loss: 1.5022 -> 1.4840  accuracy: 44.00% -> 44.00%     
client [49] (testset)   loss: 1.7453 -> 1.7246  accuracy: 50.55% -> 50.55%     
client [98] (testset)   loss: 1.3773 -> 1.3466  accuracy: 64.00% -> 64.00%     
---------------------------- TRAINING EPOCH: 80 ----------------------------   
client [98] (testset)   loss: 1.4026 -> 1.4219  accuracy: 64.00% -> 64.00%     
client [47] (testset)   loss: 1.9299 -> 1.7416  accuracy: 44.44% -> 44.44%     
client [21] (testset)   loss: 1.3380 -> 1.2917  accuracy: 58.02% -> 58.02%     
client [77] (testset)   loss: 1.5832 -> 1.6232  accuracy: 19.57% -> 19.57%     
client [95] (testset)   loss: 1.5582 -> 1.5538  accuracy: 32.71% -> 32.71%     
client [91] (testset)   loss: 1.4352 -> 1.4370  accuracy: 62.69% -> 62.69%     
client [14] (testset)   loss: 1.9443 -> 1.9649  accuracy: 24.56% -> 17.54%     
client [99] (testset)   loss: 1.8196 -> 1.8927  accuracy: 33.33% -> 33.33%     
client [20] (testset)   loss: 1.3538 -> 1.3420  accuracy: 61.62% -> 61.62%     
client [39] (testset)   loss: 1.8105 -> 1.8413  accuracy: 43.00% -> 43.00%     
---------------------------- TRAINING EPOCH: 90 ----------------------------   
client [52] (testset)   loss: 1.8975 -> 1.9134  accuracy: 30.99% -> 23.94%     
client [62] (testset)   loss: 1.4457 -> 1.4488  accuracy: 56.72% -> 56.72%     
client [71] (testset)   loss: 1.2886 -> 1.3335  accuracy: 64.58% -> 64.58%     
client [97] (testset)   loss: 1.6913 -> 1.7123  accuracy: 57.89% -> 57.89%     
client [30] (testset)   loss: 1.5117 -> 1.5513  accuracy: 50.00% -> 50.00%     
client [88] (testset)   loss: 1.7070 -> 1.6973  accuracy: 31.03% -> 31.03%     
client [60] (testset)   loss: 2.3305 -> 2.3155  accuracy: 24.32% -> 24.32%     
client [82] (testset)   loss: 1.7706 -> 1.7155  accuracy: 47.46% -> 47.46%     
client [91] (testset)   loss: 1.4096 -> 1.4384  accuracy: 62.69% -> 62.69%     
client [57] (testset)   loss: 1.5436 -> 1.5883  accuracy: 47.27% -> 47.27%     
---------------------------- TRAINING EPOCH: 100 ----------------------------  
client [31] (testset)   loss: 1.7196 -> 1.7171  accuracy: 40.00% -> 40.00%     
client [15] (testset)   loss: 1.4733 -> 1.5656  accuracy: 69.23% -> 69.23%     
client [71] (testset)   loss: 1.2805 -> 1.2785  accuracy: 64.58% -> 64.58%     
client [97] (testset)   loss: 1.7544 -> 1.7347  accuracy: 21.05% -> 57.89%     
client [53] (testset)   loss: 1.7945 -> 1.7626  accuracy: 18.67% -> 36.00%     
client [77] (testset)   loss: 1.6217 -> 1.5302  accuracy: 19.57% -> 19.57%     
client [76] (testset)   loss: 1.7588 -> 1.7765  accuracy: 25.00% -> 25.00%     
client [79] (testset)   loss: 1.8016 -> 1.8173  accuracy: 37.04% -> 37.04%     
client [28] (testset)   loss: 1.7186 -> 1.6663  accuracy: 52.63% -> 52.63%     
client [99] (testset)   loss: 1.9261 -> 1.8959  accuracy: 18.18% -> 24.24%     
---------------------------- TRAINING EPOCH: 110 ----------------------------  
client [97] (testset)   loss: 1.7371 -> 1.6867  accuracy: 57.89% -> 57.89%     
client [86] (testset)   loss: 0.9934 -> 1.0005  accuracy: 80.95% -> 80.95%     
client [34] (testset)   loss: 2.1725 -> 2.1809  accuracy: 21.43% -> 21.43%     
client [73] (testset)   loss: 1.6734 -> 1.7017  accuracy: 42.00% -> 42.00%     
client [5]  (testset)   loss: 1.6859 -> 1.6938  accuracy: 32.43% -> 32.43%     
client [96] (testset)   loss: 0.8815 -> 0.9129  accuracy: 80.65% -> 80.65%     
client [22] (testset)   loss: 1.9713 -> 1.9673  accuracy: 29.17% -> 29.17%     
client [60] (testset)   loss: 2.3611 -> 2.3438  accuracy: 24.32% -> 24.32%     
client [66] (testset)   loss: 1.6627 -> 1.6766  accuracy: 45.45% -> 45.45%     
client [83] (testset)   loss: 1.3370 -> 1.3553  accuracy: 51.81% -> 51.81%     
---------------------------- TRAINING EPOCH: 120 ----------------------------  
client [76] (testset)   loss: 1.7421 -> 1.7905  accuracy: 25.00% -> 25.00%     
client [65] (testset)   loss: 1.8941 -> 1.8832  accuracy: 40.58% -> 40.58%     
client [95] (testset)   loss: 1.5328 -> 1.5354  accuracy: 32.71% -> 32.71%     
client [17] (testset)   loss: 1.5290 -> 1.5303  accuracy: 56.32% -> 56.32%     
client [8]  (testset)   loss: 1.9146 -> 1.9140  accuracy: 31.25% -> 31.25%     
client [35] (testset)   loss: 2.1478 -> 2.1570  accuracy: 31.71% -> 31.71%     
client [98] (testset)   loss: 1.4036 -> 1.3992  accuracy: 64.00% -> 64.00%     
client [53] (testset)   loss: 1.7554 -> 1.7658  accuracy: 36.00% -> 36.00%     
client [43] (testset)   loss: 1.9746 -> 1.9764  accuracy: 23.33% -> 23.33%     
client [64] (testset)   loss: 1.8033 -> 1.7915  accuracy: 39.66% -> 39.66%     
---------------------------- TRAINING EPOCH: 130 ----------------------------  
client [21] (testset)   loss: 1.3285 -> 1.2917  accuracy: 58.02% -> 58.02%     
client [88] (testset)   loss: 1.7060 -> 1.6972  accuracy: 31.03% -> 31.03%     
client [38] (testset)   loss: 1.6567 -> 1.7103  accuracy: 31.82% -> 31.82%     
client [3]  (testset)   loss: 1.6139 -> 1.6242  accuracy: 51.11% -> 51.11%     
client [5]  (testset)   loss: 1.6695 -> 1.6834  accuracy: 32.43% -> 32.43%     
client [41] (testset)   loss: 1.6680 -> 1.7219  accuracy: 33.33% -> 33.33%     
client [7]  (testset)   loss: 1.9260 -> 1.9685  accuracy: 39.29% -> 39.29%     
client [37] (testset)   loss: 1.4525 -> 1.4820  accuracy: 46.81% -> 46.81%     
client [45] (testset)   loss: 1.8384 -> 1.8283  accuracy: 33.80% -> 33.80%     
client [47] (testset)   loss: 1.7995 -> 1.7364  accuracy: 44.44% -> 44.44%     
---------------------------- TRAINING EPOCH: 140 ----------------------------  
client [16] (testset)   loss: 1.6139 -> 1.6051  accuracy: 35.38% -> 35.38%     
client [11] (testset)   loss: 2.3617 -> 2.3776  accuracy: 15.62% -> 15.62%     
client [37] (testset)   loss: 1.4612 -> 1.4570  accuracy: 46.81% -> 46.81%     
client [41] (testset)   loss: 1.6862 -> 1.7038  accuracy: 33.33% -> 33.33%     
client [95] (testset)   loss: 1.5694 -> 1.6597  accuracy: 32.71% -> 32.71%     
client [53] (testset)   loss: 1.7553 -> 1.7693  accuracy: 36.00% -> 36.00%     
client [22] (testset)   loss: 1.9656 -> 1.9747  accuracy: 29.17% -> 29.17%     
client [25] (testset)   loss: 1.8619 -> 1.8771  accuracy: 31.82% -> 31.82%     
client [69] (testset)   loss: 1.6422 -> 1.6175  accuracy: 33.33% -> 33.33%     
client [46] (testset)   loss: 1.6436 -> 1.6570  accuracy: 42.02% -> 24.37%     
---------------------------- TRAINING EPOCH: 150 ----------------------------  
client [47] (testset)   loss: 1.7562 -> 1.7259  accuracy: 44.44% -> 44.44%     
client [69] (testset)   loss: 1.6246 -> 1.6318  accuracy: 33.33% -> 33.33%     
client [82] (testset)   loss: 1.7206 -> 1.7204  accuracy: 47.46% -> 47.46%     
client [45] (testset)   loss: 1.8223 -> 1.8129  accuracy: 33.80% -> 33.80%     
client [7]  (testset)   loss: 1.9243 -> 1.9072  accuracy: 39.29% -> 39.29%     
client [50] (testset)   loss: 1.9538 -> 1.9523  accuracy: 22.22% -> 22.22%     
client [35] (testset)   loss: 2.1563 -> 2.1673  accuracy: 31.71% -> 31.71%     
client [24] (testset)   loss: 1.7938 -> 1.7948  accuracy: 37.25% -> 37.25%     
client [15] (testset)   loss: 1.4979 -> 1.3319  accuracy: 69.23% -> 69.23%     
client [58] (testset)   loss: 2.1129 -> 2.1048  accuracy: 25.00% -> 25.00%     
---------------------------- TRAINING EPOCH: 160 ----------------------------  
client [48] (testset)   loss: 1.0884 -> 1.0823  accuracy: 61.22% -> 61.22%     
client [76] (testset)   loss: 1.7628 -> 1.7402  accuracy: 25.00% -> 25.00%     
client [67] (testset)   loss: 1.5113 -> 1.5187  accuracy: 41.18% -> 41.18%     
client [37] (testset)   loss: 1.4497 -> 1.4615  accuracy: 46.81% -> 46.81%     
client [58] (testset)   loss: 2.1079 -> 2.0953  accuracy: 25.00% -> 25.00%     
client [64] (testset)   loss: 1.8012 -> 1.7859  accuracy: 39.66% -> 39.66%     
client [77] (testset)   loss: 1.5612 -> 1.5519  accuracy: 19.57% -> 19.57%     
client [55] (testset)   loss: 2.2691 -> 2.2483  accuracy: 13.04% -> 21.74%     
client [12] (testset)   loss: 2.1812 -> 2.1649  accuracy: 15.09% -> 15.09%     
client [89] (testset)   loss: 1.9337 -> 1.9359  accuracy: 28.12% -> 28.12%     
---------------------------- TRAINING EPOCH: 170 ----------------------------  
client [84] (testset)   loss: 1.7966 -> 1.7945  accuracy: 46.77% -> 46.77%     
client [51] (testset)   loss: 1.4538 -> 1.4762  accuracy: 64.10% -> 64.10%     
client [8]  (testset)   loss: 1.8995 -> 1.9075  accuracy: 31.25% -> 31.25%     
client [18] (testset)   loss: 1.9936 -> 1.9948  accuracy: 33.33% -> 33.33%     
client [94] (testset)   loss: 1.0668 -> 1.0746  accuracy: 62.32% -> 62.32%     
client [81] (testset)   loss: 2.2655 -> 2.2653  accuracy: 18.75% -> 18.75%     
client [3]  (testset)   loss: 1.6292 -> 1.6074  accuracy: 51.11% -> 51.11%     
client [11] (testset)   loss: 2.4250 -> 2.3775  accuracy: 15.62% -> 15.62%     
client [95] (testset)   loss: 1.5271 -> 1.5207  accuracy: 32.71% -> 32.71%     
client [67] (testset)   loss: 1.5261 -> 1.5180  accuracy: 41.18% -> 23.53%     
---------------------------- TRAINING EPOCH: 180 ----------------------------  
client [21] (testset)   loss: 1.2833 -> 1.3156  accuracy: 58.02% -> 58.02%     
client [79] (testset)   loss: 1.8120 -> 1.7877  accuracy: 37.04% -> 37.04%     
client [58] (testset)   loss: 2.0826 -> 2.1132  accuracy: 25.00% -> 25.00%     
client [88] (testset)   loss: 1.7076 -> 1.7025  accuracy: 31.03% -> 31.03%     
client [46] (testset)   loss: 1.6268 -> 1.6429  accuracy: 42.02% -> 42.02%     
client [11] (testset)   loss: 2.3905 -> 2.3535  accuracy: 15.62% -> 15.62%     
client [55] (testset)   loss: 2.2640 -> 2.2556  accuracy: 13.04% -> 13.04%     
client [13] (testset)   loss: 2.0499 -> 2.1762  accuracy: 21.88% -> 21.88%     
client [31] (testset)   loss: 1.7291 -> 1.7352  accuracy: 40.00% -> 40.00%     
client [75] (testset)   loss: 2.0751 -> 1.9751  accuracy: 47.83% -> 47.83%     
---------------------------- TRAINING EPOCH: 190 ----------------------------  
client [19] (testset)   loss: 1.6721 -> 1.6747  accuracy: 43.90% -> 43.90%     
client [7]  (testset)   loss: 1.9561 -> 2.0043  accuracy: 39.29% -> 25.00%     
client [57] (testset)   loss: 1.4727 -> 1.5054  accuracy: 47.27% -> 47.27%     
client [13] (testset)   loss: 2.0407 -> 2.0922  accuracy: 25.00% -> 21.88%     
client [43] (testset)   loss: 1.9725 -> 2.0111  accuracy: 23.33% -> 23.33%     
client [91] (testset)   loss: 1.4257 -> 1.4525  accuracy: 62.69% -> 62.69%     
client [10] (testset)   loss: 1.9409 -> 1.9479  accuracy: 34.00% -> 34.00%     
client [64] (testset)   loss: 1.7987 -> 1.8131  accuracy: 39.66% -> 39.66%     
client [82] (testset)   loss: 1.7243 -> 1.7348  accuracy: 47.46% -> 47.46%     
client [22] (testset)   loss: 1.9794 -> 1.9826  accuracy: 29.17% -> 29.17%     
---------------------------- TRAINING EPOCH: 200 ----------------------------  
client [20] (testset)   loss: 1.3447 -> 1.3880  accuracy: 61.62% -> 61.62%     
client [23] (testset)   loss: 1.9357 -> 1.9371  accuracy: 19.23% -> 25.00%     
client [88] (testset)   loss: 1.6999 -> 1.6959  accuracy: 31.03% -> 31.03%     
client [98] (testset)   loss: 1.3411 -> 1.3315  accuracy: 64.00% -> 64.00%     
client [79] (testset)   loss: 1.8155 -> 1.8173  accuracy: 37.04% -> 37.04%     
client [21] (testset)   loss: 1.2882 -> 1.2909  accuracy: 58.02% -> 58.02%     
client [92] (testset)   loss: 2.0247 -> 2.0133  accuracy: 46.67% -> 46.67%     
client [56] (testset)   loss: 1.5836 -> 1.5851  accuracy: 38.00% -> 38.00%     
client [5]  (testset)   loss: 1.6804 -> 1.6773  accuracy: 32.43% -> 32.43%     
client [52] (testset)   loss: 1.9163 -> 1.9545  accuracy: 23.94% -> 23.94%     
---------------------------- TRAINING EPOCH: 210 ----------------------------  
client [67] (testset)   loss: 1.5068 -> 1.4852  accuracy: 41.18% -> 41.18%     
client [54] (testset)   loss: 2.2342 -> 2.2362  accuracy: 24.56% -> 24.56%     
client [14] (testset)   loss: 1.9459 -> 1.9578  accuracy: 15.79% -> 15.79%     
client [99] (testset)   loss: 1.8791 -> 1.8576  accuracy: 33.33% -> 33.33%     
client [36] (testset)   loss: 1.2674 -> 1.3314  accuracy: 66.67% -> 66.67%     
client [30] (testset)   loss: 1.6396 -> 1.5638  accuracy: 50.00% -> 50.00%     
client [38] (testset)   loss: 1.6646 -> 1.7931  accuracy: 36.36% -> 31.82%     
client [15] (testset)   loss: 1.4997 -> 1.7119  accuracy: 69.23% -> 15.38%     
client [6]  (testset)   loss: 1.9014 -> 1.8984  accuracy: 45.31% -> 45.31%     
client [53] (testset)   loss: 1.7599 -> 1.7651  accuracy: 36.00% -> 36.00%     
---------------------------- TRAINING EPOCH: 220 ----------------------------  
client [99] (testset)   loss: 1.8923 -> 1.8697  accuracy: 33.33% -> 24.24%     
client [6]  (testset)   loss: 1.9114 -> 1.8867  accuracy: 45.31% -> 45.31%     
client [83] (testset)   loss: 1.3218 -> 1.3598  accuracy: 51.81% -> 51.81%     
client [42] (testset)   loss: 1.9835 -> 2.0043  accuracy: 32.76% -> 32.76%     
client [34] (testset)   loss: 2.1439 -> 2.1614  accuracy: 21.43% -> 21.43%     
client [15] (testset)   loss: 1.6705 -> 1.5603  accuracy: 15.38% -> 69.23%     
client [47] (testset)   loss: 1.7499 -> 1.8047  accuracy: 44.44% -> 44.44%     
client [55] (testset)   loss: 2.2472 -> 2.2409  accuracy: 21.74% -> 13.04%     
client [51] (testset)   loss: 1.4689 -> 1.4921  accuracy: 64.10% -> 64.10%     
client [95] (testset)   loss: 1.5568 -> 1.5442  accuracy: 32.71% -> 32.71%     
---------------------------- TRAINING EPOCH: 230 ----------------------------  
client [71] (testset)   loss: 1.2719 -> 1.2791  accuracy: 64.58% -> 64.58%     
client [15] (testset)   loss: 1.5533 -> 1.4672  accuracy: 69.23% -> 69.23%     
client [33] (testset)   loss: 2.2740 -> 2.2636  accuracy: 20.00% -> 20.00%     
client [99] (testset)   loss: 1.9003 -> 1.8952  accuracy: 33.33% -> 33.33%     
client [90] (testset)   loss: 0.7635 -> 0.7558  accuracy: 79.11% -> 79.11%     
client [57] (testset)   loss: 1.4876 -> 1.5343  accuracy: 47.27% -> 47.27%     
client [27] (testset)   loss: 1.9550 -> 1.9685  accuracy: 34.21% -> 34.21%     
client [78] (testset)   loss: 1.6379 -> 1.6423  accuracy: 45.00% -> 45.00%     
client [36] (testset)   loss: 1.2977 -> 1.4201  accuracy: 66.67% -> 66.67%     
client [88] (testset)   loss: 1.6967 -> 1.6998  accuracy: 31.03% -> 31.03%     
---------------------------- TRAINING EPOCH: 240 ----------------------------  
client [70] (testset)   loss: 1.4836 -> 1.4560  accuracy: 50.00% -> 50.00%     
client [35] (testset)   loss: 2.1593 -> 2.1563  accuracy: 31.71% -> 31.71%     
client [16] (testset)   loss: 1.5924 -> 1.5864  accuracy: 35.38% -> 35.38%     
client [80] (testset)   loss: 1.1638 -> 1.1453  accuracy: 72.73% -> 72.73%     
client [38] (testset)   loss: 1.6778 -> 1.6772  accuracy: 31.82% -> 31.82%     
client [78] (testset)   loss: 1.6203 -> 1.6348  accuracy: 45.00% -> 45.00%     
client [68] (testset)   loss: 1.9836 -> 1.9743  accuracy: 17.07% -> 17.07%     
client [11] (testset)   loss: 2.4003 -> 2.3727  accuracy: 15.62% -> 15.62%     
client [64] (testset)   loss: 1.7973 -> 1.8045  accuracy: 39.66% -> 39.66%     
client [82] (testset)   loss: 1.7390 -> 1.7578  accuracy: 47.46% -> 47.46%     
---------------------------- TRAINING EPOCH: 250 ----------------------------  
client [30] (testset)   loss: 1.5617 -> 1.4762  accuracy: 50.00% -> 50.00%     
client [27] (testset)   loss: 1.9668 -> 1.9523  accuracy: 34.21% -> 34.21%     
client [74] (testset)   loss: 1.7588 -> 1.7638  accuracy: 38.03% -> 38.03%     
client [45] (testset)   loss: 1.8250 -> 1.8189  accuracy: 33.80% -> 33.80%     
client [6]  (testset)   loss: 1.8747 -> 1.9472  accuracy: 45.31% -> 45.31%     
client [36] (testset)   loss: 1.2498 -> 1.2796  accuracy: 66.67% -> 66.67%     
client [63] (testset)   loss: 1.6625 -> 1.6643  accuracy: 40.48% -> 40.48%     
client [76] (testset)   loss: 1.7510 -> 1.7510  accuracy: 25.00% -> 25.00%     
client [83] (testset)   loss: 1.3334 -> 1.3523  accuracy: 51.81% -> 51.81%     
client [86] (testset)   loss: 1.0072 -> 1.0203  accuracy: 80.95% -> 80.95%     
---------------------------- TRAINING EPOCH: 260 ----------------------------  
client [83] (testset)   loss: 1.3357 -> 1.3244  accuracy: 51.81% -> 51.81%     
client [99] (testset)   loss: 1.9047 -> 1.8792  accuracy: 33.33% -> 33.33%     
client [74] (testset)   loss: 1.7594 -> 1.7638  accuracy: 38.03% -> 38.03%     
client [73] (testset)   loss: 1.6936 -> 1.7053  accuracy: 42.00% -> 42.00%     
client [29] (testset)   loss: 1.6955 -> 1.6874  accuracy: 34.88% -> 34.88%     
client [92] (testset)   loss: 2.0459 -> 2.0479  accuracy: 46.67% -> 46.67%     
client [6]  (testset)   loss: 1.8956 -> 1.9113  accuracy: 45.31% -> 45.31%     
client [61] (testset)   loss: 1.8789 -> 1.8834  accuracy: 32.43% -> 16.22%     
client [21] (testset)   loss: 1.2894 -> 1.2904  accuracy: 58.02% -> 58.02%     
client [67] (testset)   loss: 1.5101 -> 1.5017  accuracy: 41.18% -> 41.18%     
---------------------------- TRAINING EPOCH: 270 ----------------------------  
client [83] (testset)   loss: 1.3317 -> 1.3213  accuracy: 51.81% -> 51.81%     
client [32] (testset)   loss: 1.9119 -> 1.9060  accuracy: 31.43% -> 31.43%     
client [95] (testset)   loss: 1.5422 -> 1.5297  accuracy: 32.71% -> 32.71%     
client [61] (testset)   loss: 1.8617 -> 1.8906  accuracy: 32.43% -> 16.22%     
client [27] (testset)   loss: 1.9569 -> 1.9691  accuracy: 34.21% -> 34.21%     
client [25] (testset)   loss: 1.8668 -> 1.9072  accuracy: 31.82% -> 31.82%     
client [68] (testset)   loss: 1.9894 -> 1.9580  accuracy: 17.07% -> 34.15%     
client [34] (testset)   loss: 2.1567 -> 2.1430  accuracy: 21.43% -> 21.43%     
client [71] (testset)   loss: 1.2860 -> 1.2971  accuracy: 64.58% -> 64.58%     
client [89] (testset)   loss: 1.8912 -> 1.8743  accuracy: 28.12% -> 28.12%     
---------------------------- TRAINING EPOCH: 280 ----------------------------  
client [78] (testset)   loss: 1.6399 -> 1.6401  accuracy: 45.00% -> 45.00%     
client [81] (testset)   loss: 2.2759 -> 2.2600  accuracy: 18.75% -> 18.75%     
client [51] (testset)   loss: 1.4756 -> 1.5046  accuracy: 64.10% -> 64.10%     
client [54] (testset)   loss: 2.2432 -> 2.2165  accuracy: 24.56% -> 24.56%     
client [65] (testset)   loss: 1.8979 -> 1.9140  accuracy: 40.58% -> 40.58%     
client [41] (testset)   loss: 1.6853 -> 1.6928  accuracy: 33.33% -> 33.33%     
client [11] (testset)   loss: 2.3819 -> 2.3911  accuracy: 15.62% -> 15.62%     
client [85] (testset)   loss: 2.0519 -> 2.0197  accuracy: 31.91% -> 31.91%     
client [12] (testset)   loss: 2.1465 -> 2.1506  accuracy: 15.09% -> 15.09%     
client [23] (testset)   loss: 1.9270 -> 1.9406  accuracy: 19.23% -> 19.23%     
---------------------------- TRAINING EPOCH: 290 ----------------------------  
client [16] (testset)   loss: 1.5910 -> 1.5847  accuracy: 35.38% -> 35.38%     
client [65] (testset)   loss: 1.8911 -> 1.8990  accuracy: 40.58% -> 40.58%     
client [53] (testset)   loss: 1.7579 -> 1.7572  accuracy: 36.00% -> 36.00%     
client [58] (testset)   loss: 2.1175 -> 2.1067  accuracy: 25.00% -> 25.00%     
client [72] (testset)   loss: 2.3558 -> 2.3209  accuracy: 5.88% -> 5.88%       
client [7]  (testset)   loss: 1.9623 -> 2.0731  accuracy: 39.29% -> 39.29%     
client [71] (testset)   loss: 1.2874 -> 1.3245  accuracy: 64.58% -> 64.58%     
client [59] (testset)   loss: 1.8337 -> 1.8484  accuracy: 43.55% -> 43.55%     
client [86] (testset)   loss: 1.0250 -> 1.0585  accuracy: 80.95% -> 80.95%     
client [39] (testset)   loss: 1.8148 -> 1.8238  accuracy: 43.00% -> 43.00%     
---------------------------- TRAINING EPOCH: 300 ----------------------------  
client [99] (testset)   loss: 1.8876 -> 1.9217  accuracy: 33.33% -> 33.33%     
client [7]  (testset)   loss: 1.9723 -> 2.0622  accuracy: 25.00% -> 39.29%     
client [17] (testset)   loss: 1.5231 -> 1.5309  accuracy: 56.32% -> 56.32%     
client [64] (testset)   loss: 1.8034 -> 1.8000  accuracy: 39.66% -> 39.66%     
client [37] (testset)   loss: 1.4799 -> 1.4588  accuracy: 46.81% -> 46.81%     
client [29] (testset)   loss: 1.6724 -> 1.7390  accuracy: 34.88% -> 34.88%     
client [93] (testset)   loss: 1.9660 -> 1.9676  accuracy: 35.29% -> 35.29%     
client [73] (testset)   loss: 1.6964 -> 1.6916  accuracy: 42.00% -> 42.00%     
client [40] (testset)   loss: 2.2073 -> 2.2124  accuracy: 27.63% -> 27.63%     
client [76] (testset)   loss: 1.7651 -> 1.7538  accuracy: 25.00% -> 25.00%     
---------------------------- TRAINING EPOCH: 310 ----------------------------  
client [31] (testset)   loss: 1.7238 -> 1.7254  accuracy: 40.00% -> 40.00%     
client [89] (testset)   loss: 1.8205 -> 1.8668  accuracy: 28.12% -> 28.12%     
client [77] (testset)   loss: 1.5595 -> 1.5903  accuracy: 19.57% -> 19.57%     
client [90] (testset)   loss: 0.7571 -> 0.7540  accuracy: 79.11% -> 79.11%     
client [26] (testset)   loss: 1.4922 -> 1.5351  accuracy: 44.00% -> 44.00%     
client [50] (testset)   loss: 1.9517 -> 1.9495  accuracy: 16.67% -> 22.22%     
client [30] (testset)   loss: 1.4563 -> 1.4665  accuracy: 50.00% -> 50.00%     
client [70] (testset)   loss: 1.4773 -> 1.4918  accuracy: 50.00% -> 50.00%     
client [41] (testset)   loss: 1.6820 -> 1.6607  accuracy: 33.33% -> 33.33%     
client [99] (testset)   loss: 1.9263 -> 1.8891  accuracy: 33.33% -> 33.33%     
---------------------------- TRAINING EPOCH: 320 ----------------------------  
client [68] (testset)   loss: 1.9796 -> 1.9666  accuracy: 17.07% -> 34.15%     
client [70] (testset)   loss: 1.4721 -> 1.4921  accuracy: 50.00% -> 50.00%     
client [52] (testset)   loss: 1.9294 -> 1.9189  accuracy: 23.94% -> 23.94%     
client [1]  (testset)   loss: 1.9812 -> 1.9579  accuracy: 32.81% -> 32.81%     
client [2]  (testset)   loss: 1.5090 -> 1.4581  accuracy: 58.14% -> 58.14%     
client [67] (testset)   loss: 1.5105 -> 1.5052  accuracy: 41.18% -> 41.18%     
client [92] (testset)   loss: 2.0815 -> 2.0489  accuracy: 46.67% -> 46.67%     
client [35] (testset)   loss: 2.1624 -> 2.1548  accuracy: 31.71% -> 31.71%     
client [36] (testset)   loss: 1.2678 -> 1.2725  accuracy: 66.67% -> 66.67%     
client [64] (testset)   loss: 1.8044 -> 1.7903  accuracy: 39.66% -> 39.66%     
---------------------------- TRAINING EPOCH: 330 ----------------------------  
client [44] (testset)   loss: 1.3855 -> 1.3723  accuracy: 58.97% -> 58.97%     
client [6]  (testset)   loss: 1.8922 -> 1.9304  accuracy: 45.31% -> 45.31%     
client [12] (testset)   loss: 2.1637 -> 2.1555  accuracy: 15.09% -> 15.09%     
client [55] (testset)   loss: 2.2525 -> 2.2535  accuracy: 13.04% -> 13.04%     
client [29] (testset)   loss: 1.6824 -> 1.7118  accuracy: 34.88% -> 34.88%     
client [9]  (testset)   loss: 2.0872 -> 1.9660  accuracy: 33.33% -> 33.33%     
client [43] (testset)   loss: 1.9708 -> 1.9930  accuracy: 23.33% -> 23.33%     
client [77] (testset)   loss: 1.5863 -> 1.5521  accuracy: 19.57% -> 19.57%     
client [98] (testset)   loss: 1.3294 -> 1.3520  accuracy: 64.00% -> 64.00%     
client [78] (testset)   loss: 1.6328 -> 1.6341  accuracy: 45.00% -> 45.00%     
---------------------------- TRAINING EPOCH: 340 ----------------------------  
client [92] (testset)   loss: 2.0698 -> 2.0946  accuracy: 46.67% -> 46.67%     
client [80] (testset)   loss: 1.1864 -> 1.2946  accuracy: 72.73% -> 72.73%     
client [63] (testset)   loss: 1.6598 -> 1.6646  accuracy: 40.48% -> 40.48%     
client [76] (testset)   loss: 1.7621 -> 1.7618  accuracy: 25.00% -> 25.00%     
client [78] (testset)   loss: 1.6370 -> 1.6463  accuracy: 45.00% -> 45.00%     
client [25] (testset)   loss: 1.8898 -> 1.8705  accuracy: 31.82% -> 31.82%     
client [58] (testset)   loss: 2.0883 -> 2.1143  accuracy: 25.00% -> 25.00%     
client [13] (testset)   loss: 2.0701 -> 2.0858  accuracy: 21.88% -> 21.88%     
client [17] (testset)   loss: 1.5280 -> 1.5260  accuracy: 56.32% -> 56.32%     
client [38] (testset)   loss: 1.6530 -> 1.6445  accuracy: 31.82% -> 36.36%     
---------------------------- TRAINING EPOCH: 350 ----------------------------  
client [72] (testset)   loss: 2.3462 -> 2.3189  accuracy: 5.88% -> 5.88%       
client [82] (testset)   loss: 1.7511 -> 1.7316  accuracy: 47.46% -> 47.46%     
client [86] (testset)   loss: 1.0317 -> 1.0486  accuracy: 80.95% -> 80.95%     
client [51] (testset)   loss: 1.4835 -> 1.4670  accuracy: 64.10% -> 64.10%     
client [96] (testset)   loss: 0.8682 -> 0.9203  accuracy: 80.65% -> 80.65%     
client [42] (testset)   loss: 1.9921 -> 1.9752  accuracy: 32.76% -> 32.76%     
client [55] (testset)   loss: 2.2484 -> 2.2528  accuracy: 13.04% -> 13.04%     
client [13] (testset)   loss: 2.0722 -> 2.0770  accuracy: 21.88% -> 21.88%     
client [1]  (testset)   loss: 1.9787 -> 1.9795  accuracy: 32.81% -> 32.81%     
client [12] (testset)   loss: 2.1563 -> 2.1591  accuracy: 15.09% -> 15.09%     
---------------------------- TRAINING EPOCH: 360 ----------------------------  
client [68] (testset)   loss: 1.9732 -> 1.9598  accuracy: 17.07% -> 34.15%     
client [23] (testset)   loss: 1.9390 -> 1.9210  accuracy: 25.00% -> 19.23%     
client [46] (testset)   loss: 1.6058 -> 1.6097  accuracy: 42.02% -> 42.02%     
client [41] (testset)   loss: 1.6700 -> 1.7134  accuracy: 33.33% -> 33.33%     
client [25] (testset)   loss: 1.8522 -> 1.8666  accuracy: 31.82% -> 31.82%     
client [58] (testset)   loss: 2.1002 -> 2.0971  accuracy: 25.00% -> 25.00%     
client [14] (testset)   loss: 1.9424 -> 1.9671  accuracy: 24.56% -> 17.54%     
client [33] (testset)   loss: 2.2738 -> 2.2664  accuracy: 20.00% -> 20.00%     
client [85] (testset)   loss: 2.0096 -> 2.0244  accuracy: 31.91% -> 31.91%     
client [62] (testset)   loss: 1.4528 -> 1.4470  accuracy: 56.72% -> 56.72%     
---------------------------- TRAINING EPOCH: 370 ----------------------------  
client [98] (testset)   loss: 1.3576 -> 1.3467  accuracy: 64.00% -> 64.00%     
client [63] (testset)   loss: 1.6783 -> 1.6648  accuracy: 40.48% -> 40.48%     
client [70] (testset)   loss: 1.4700 -> 1.4914  accuracy: 50.00% -> 50.00%     
client [65] (testset)   loss: 1.8844 -> 1.8866  accuracy: 40.58% -> 40.58%     
client [14] (testset)   loss: 1.9486 -> 1.9537  accuracy: 17.54% -> 15.79%     
client [73] (testset)   loss: 1.6879 -> 1.7025  accuracy: 42.00% -> 42.00%     
client [34] (testset)   loss: 2.1387 -> 2.1407  accuracy: 21.43% -> 21.43%     
client [99] (testset)   loss: 1.8993 -> 1.8891  accuracy: 33.33% -> 33.33%     
client [69] (testset)   loss: 1.6298 -> 1.6385  accuracy: 33.33% -> 33.33%     
client [46] (testset)   loss: 1.6138 -> 1.6203  accuracy: 42.02% -> 42.02%     
---------------------------- TRAINING EPOCH: 380 ----------------------------  
client [99] (testset)   loss: 1.9298 -> 1.9238  accuracy: 33.33% -> 24.24%     
client [93] (testset)   loss: 1.9566 -> 1.9753  accuracy: 35.29% -> 35.29%     
client [11] (testset)   loss: 2.4019 -> 2.3960  accuracy: 15.62% -> 15.62%     
client [58] (testset)   loss: 2.1101 -> 2.1219  accuracy: 25.00% -> 25.00%     
client [81] (testset)   loss: 2.2611 -> 2.2682  accuracy: 18.75% -> 18.75%     
client [85] (testset)   loss: 2.0188 -> 2.0355  accuracy: 31.91% -> 31.91%     
client [89] (testset)   loss: 1.8296 -> 1.9101  accuracy: 28.12% -> 28.12%     
client [45] (testset)   loss: 1.8159 -> 1.8145  accuracy: 33.80% -> 33.80%     
client [8]  (testset)   loss: 1.9165 -> 1.9069  accuracy: 31.25% -> 31.25%     
client [68] (testset)   loss: 1.9726 -> 1.9624  accuracy: 17.07% -> 34.15%     
---------------------------- TRAINING EPOCH: 390 ----------------------------  
client [67] (testset)   loss: 1.4985 -> 1.5059  accuracy: 41.18% -> 41.18%     
client [72] (testset)   loss: 2.3435 -> 2.3253  accuracy: 5.88% -> 5.88%       
client [1]  (testset)   loss: 1.9744 -> 1.9613  accuracy: 32.81% -> 32.81%     
client [78] (testset)   loss: 1.6393 -> 1.6537  accuracy: 45.00% -> 45.00%     
client [83] (testset)   loss: 1.3433 -> 1.3268  accuracy: 51.81% -> 51.81%     
client [21] (testset)   loss: 1.2891 -> 1.2863  accuracy: 58.02% -> 58.02%     
client [56] (testset)   loss: 1.5959 -> 1.6111  accuracy: 38.00% -> 38.00%     
client [44] (testset)   loss: 1.3968 -> 1.4208  accuracy: 58.97% -> 58.97%     
client [92] (testset)   loss: 2.0650 -> 2.1097  accuracy: 46.67% -> 46.67%     
client [27] (testset)   loss: 1.9613 -> 1.9462  accuracy: 34.21% -> 34.21%     
---------------------------- TRAINING EPOCH: 400 ----------------------------  
client [10] (testset)   loss: 1.9704 -> 1.9508  accuracy: 34.00% -> 34.00%     
client [39] (testset)   loss: 1.8211 -> 1.8190  accuracy: 43.00% -> 43.00%     
client [65] (testset)   loss: 1.8968 -> 1.8890  accuracy: 40.58% -> 40.58%     
client [26] (testset)   loss: 1.4823 -> 1.4791  accuracy: 44.00% -> 44.00%     
client [19] (testset)   loss: 1.6668 -> 1.6632  accuracy: 43.90% -> 43.90%     
client [68] (testset)   loss: 1.9676 -> 1.9691  accuracy: 34.15% -> 34.15%     
client [41] (testset)   loss: 1.6941 -> 1.6668  accuracy: 33.33% -> 33.33%     
client [50] (testset)   loss: 1.9488 -> 1.9515  accuracy: 22.22% -> 22.22%     
client [75] (testset)   loss: 2.0367 -> 1.9327  accuracy: 47.83% -> 47.83%     
client [81] (testset)   loss: 2.2692 -> 2.2724  accuracy: 18.75% -> 18.75%     
FedFew's average time taken by each global epoch: 0 min 1.38 sec.              
FedFew's total running time: 0 h 10 m 5 s.                                     
==================== FedFew Experiment Results: ====================           
Display format: (before local fine-tuning) -> (after local fine-tuning)        
 So if finetune_epoch = 0, x.xx% -> 0.00% is normal.                           
 Centralized testing ONLY happens after model aggregation, so the stats between
'->' are the same.                                                             
{                                                                              
    "100": {                                                                   
        "all_clients": {                                                       
            "test": {                                                          
                "loss": "1.7006 -> 1.7066",                                    
                "accuracy": "40.84% -> 41.11%"                                 
            }                                                                  
        }                                                                      
    },                                                                         
    "200": {                                                                   
        "all_clients": {                                                       
            "test": {                                                          
                "loss": "1.7018 -> 1.7029",                                    
                "accuracy": "40.77% -> 40.89%"                                 
            }                                                                  
        }                                                                      
    },                                                                         
    "300": {                                                                   
        "all_clients": {                                                       
            "test": {                                                          
                "loss": "1.6970 -> 1.6997",                                    
                "accuracy": "41.15% -> 40.82%"                                 
            }                                                                  
        }                                                                      
    },                                                                         
    "400": {                                                                   
        "all_clients": {                                                       
            "test": {                                                          
                "loss": "1.6961 -> 1.7016",                                    
                "accuracy": "41.33% -> 41.35%"                                 
            }                                                                  
        }                                                                      
    }                                                                          
}                                                                              
==================== FedFew Max Accuracy ====================                  
all_clients:                                                                   
(test) before fine-tuning: 41.33% at epoch 400                                 
(test) after fine-tuning: 41.35% at epoch 400                                  
