==================== pFedFDA ====================                              
Experiment Arguments:                                                          
{
    'method': 'pfedfda',
    'dataset': {
        'name': 'fmnist',
        'client_num': 100,
        'test_ratio': 0.25,
        'val_ratio': 0.0,
        'seed': 42,
        'split': 'sample',
        'IID_ratio': 0.0,
        'monitor_window_name_suffix': 'fmnist-100clients-0%IID-Dir(0.5)-seed42',
        'alpha': 0.5,
        'min_samples_per_client': 10
    },
    'model': {
        'name': 'avgcnn',
        'use_torchvision_pretrained_weights': True,
        'external_model_weights_path': None
    },
    'optimizer': {
        'lr': 0.01,
        'dampening': 0,
        'weight_decay': 0,
        'momentum': 0.7,
        'nesterov': False,
        'name': 'sgd'
    },
    'mode': 'serial',
    'parallel': {
        'ray_cluster_addr': None,
        'num_cpus': None,
        'num_gpus': None,
        'num_workers': 2
    },
    'common': {
        'seed': 42,
        'join_ratio': 0.1,
        'global_epoch': 400,
        'local_epoch': 5,
        'batch_size': 32,
        'reset_optimizer_on_global_epoch': True,
        'straggler_ratio': 0,
        'straggler_min_local_epoch': 0,
        'buffers': 'global',
        'client_side_evaluation': True,
        'test': {
            'client': {
                'interval': 100,
                'finetune_epoch': 5,
                'train': False,
                'val': False,
                'test': True
            },
            'server': {
                'interval': -1,
                'train': False,
                'val': False,
                'test': True,
                'model_in_train_mode': False
            }
        },
        'verbose_gap': 10,
        'monitor': None,
        'use_cuda': True,
        'save_log': True,
        'save_model': False,
        'save_learning_curve_plot': True,
        'save_metrics': True,
        'delete_useless_run': True
    },
    'fedprox': {
        'mu': 0.01
    },
    'pfedsim': {
        'warmup_round': 0.5
    },
    'pfedfda': {
        'eps': 0.0001,
        'single_beta': False,
        'local_beta': False,
        'num_cv_folds': 2
    }
}
---------------------------- TRAINING EPOCH: 10 ----------------------------   
client [77] (testset)   loss: 0.4130 -> 0.3184  accuracy: 86.86% -> 89.71%     
client [81] (testset)   loss: 0.3732 -> 0.1536  accuracy: 84.75% -> 93.22%     
client [21] (testset)   loss: 0.4378 -> 0.3898  accuracy: 83.65% -> 86.79%     
client [68] (testset)   loss: 1.1632 -> 0.6104  accuracy: 53.11% -> 73.29%     
client [93] (testset)   loss: 0.8509 -> 0.6577  accuracy: 62.24% -> 75.87%     
client [31] (testset)   loss: 0.4924 -> 0.6237  accuracy: 82.55% -> 75.84%     
client [20] (testset)   loss: 0.2449 -> 0.2074  accuracy: 92.24% -> 93.06%     
client [59] (testset)   loss: 0.4050 -> 0.2215  accuracy: 84.26% -> 94.44%     
client [48] (testset)   loss: 0.9219 -> 0.6013  accuracy: 67.48% -> 75.61%     
client [34] (testset)   loss: 0.4244 -> 0.3228  accuracy: 84.70% -> 86.34%     
---------------------------- TRAINING EPOCH: 20 ----------------------------   
client [69] (testset)   loss: 0.3561 -> 0.3359  accuracy: 85.03% -> 86.39%     
client [99] (testset)   loss: 0.2271 -> 0.1383  accuracy: 91.35% -> 96.15%     
client [67] (testset)   loss: 0.3091 -> 0.2521  accuracy: 88.31% -> 90.91%     
client [0]  (testset)   loss: 0.4446 -> 0.4496  accuracy: 85.06% -> 83.82%     
client [76] (testset)   loss: 0.6371 -> 0.3071  accuracy: 77.48% -> 88.55%     
client [41] (testset)   loss: 0.5833 -> 0.0966  accuracy: 78.05% -> 96.10%     
client [62] (testset)   loss: 0.3299 -> 0.2329  accuracy: 89.31% -> 93.13%     
client [2]  (testset)   loss: 0.7038 -> 0.3139  accuracy: 71.24% -> 90.85%     
client [14] (testset)   loss: 0.3218 -> 0.2156  accuracy: 85.06% -> 91.70%     
client [46] (testset)   loss: 0.5767 -> 0.4248  accuracy: 80.07% -> 86.27%     
---------------------------- TRAINING EPOCH: 30 ----------------------------   
client [24] (testset)   loss: 0.3922 -> 0.3030  accuracy: 83.33% -> 89.19%     
client [68] (testset)   loss: 0.6130 -> 0.3676  accuracy: 74.53% -> 86.02%     
client [57] (testset)   loss: 0.3062 -> 0.1963  accuracy: 92.54% -> 94.92%     
client [17] (testset)   loss: 0.2864 -> 0.3081  accuracy: 91.78% -> 93.15%     
client [54] (testset)   loss: 0.4237 -> 0.4546  accuracy: 85.57% -> 82.47%     
client [23] (testset)   loss: 0.6149 -> 0.4673  accuracy: 77.14% -> 82.86%     
client [35] (testset)   loss: 0.2163 -> 0.1634  accuracy: 89.68% -> 94.19%     
client [59] (testset)   loss: 0.2500 -> 0.1435  accuracy: 91.67% -> 95.37%     
client [31] (testset)   loss: 0.3443 -> 0.3149  accuracy: 86.58% -> 87.92%     
client [9]  (testset)   loss: 0.2537 -> 0.1141  accuracy: 90.91% -> 97.33%     
---------------------------- TRAINING EPOCH: 40 ----------------------------   
client [64] (testset)   loss: 0.2678 -> 0.1392  accuracy: 90.38% -> 95.82%     
client [33] (testset)   loss: 0.6222 -> 0.4639  accuracy: 77.27% -> 84.71%     
client [16] (testset)   loss: 0.4392 -> 0.3588  accuracy: 85.71% -> 90.98%     
client [44] (testset)   loss: 0.4664 -> 0.4510  accuracy: 83.93% -> 84.21%     
client [8]  (testset)   loss: 0.3892 -> 0.1839  accuracy: 88.24% -> 94.12%     
client [31] (testset)   loss: 0.3176 -> 0.2178  accuracy: 87.92% -> 92.62%     
client [47] (testset)   loss: 0.4721 -> 0.2085  accuracy: 81.94% -> 94.44%     
client [36] (testset)   loss: 0.2103 -> 0.1449  accuracy: 94.01% -> 95.85%     
client [20] (testset)   loss: 0.2545 -> 0.1669  accuracy: 91.84% -> 95.10%     
client [56] (testset)   loss: 0.3987 -> 0.3999  accuracy: 84.18% -> 84.18%     
---------------------------- TRAINING EPOCH: 50 ----------------------------   
client [4]  (testset)   loss: 0.4981 -> 0.5415  accuracy: 83.06% -> 83.06%     
client [60] (testset)   loss: 0.2574 -> 0.1153  accuracy: 88.00% -> 95.33%     
client [28] (testset)   loss: 0.6231 -> 0.3272  accuracy: 81.61% -> 89.69%     
client [25] (testset)   loss: 0.4241 -> 0.3752  accuracy: 85.11% -> 89.69%     
client [58] (testset)   loss: 0.6831 -> 0.4151  accuracy: 77.35% -> 83.43%     
client [44] (testset)   loss: 0.6525 -> 0.4394  accuracy: 77.29% -> 85.60%     
client [39] (testset)   loss: 0.2700 -> 0.3442  accuracy: 88.81% -> 90.30%     
client [29] (testset)   loss: 0.4483 -> 0.3868  accuracy: 88.89% -> 88.33%     
client [3]  (testset)   loss: 0.2635 -> 0.2891  accuracy: 91.03% -> 92.95%     
client [84] (testset)   loss: 0.4751 -> 0.2374  accuracy: 84.54% -> 94.33%     
---------------------------- TRAINING EPOCH: 60 ----------------------------   
client [21] (testset)   loss: 0.5201 -> 0.3224  accuracy: 82.39% -> 90.57%     
client [84] (testset)   loss: 0.3567 -> 0.2601  accuracy: 88.66% -> 94.33%     
client [10] (testset)   loss: 0.1499 -> 0.1575  accuracy: 96.40% -> 95.68%     
client [36] (testset)   loss: 0.1944 -> 0.1202  accuracy: 92.17% -> 96.31%     
client [65] (testset)   loss: 0.3813 -> 0.1979  accuracy: 83.82% -> 91.18%     
client [81] (testset)   loss: 0.1476 -> 0.0445  accuracy: 91.53% -> 98.31%     
client [79] (testset)   loss: 0.4532 -> 0.3108  accuracy: 82.47% -> 87.01%     
client [42] (testset)   loss: 0.4736 -> 0.2616  accuracy: 85.90% -> 92.07%     
client [11] (testset)   loss: 0.1976 -> 0.1488  accuracy: 95.24% -> 95.83%     
client [96] (testset)   loss: 0.3901 -> 0.3009  accuracy: 85.59% -> 91.70%     
---------------------------- TRAINING EPOCH: 70 ----------------------------   
client [8]  (testset)   loss: 0.4326 -> 0.1983  accuracy: 93.14% -> 95.10%     
client [53] (testset)   loss: 0.2736 -> 0.2730  accuracy: 90.44% -> 91.91%     
client [52] (testset)   loss: 0.1762 -> 0.1313  accuracy: 94.00% -> 94.00%     
client [42] (testset)   loss: 0.3313 -> 0.2480  accuracy: 88.99% -> 92.07%     
client [69] (testset)   loss: 0.3763 -> 0.3936  accuracy: 89.12% -> 85.71%     
client [59] (testset)   loss: 0.1684 -> 0.1227  accuracy: 93.52% -> 94.44%     
client [7]  (testset)   loss: 0.3409 -> 0.2473  accuracy: 89.30% -> 94.24%     
client [26] (testset)   loss: 0.2483 -> 0.0656  accuracy: 94.81% -> 98.70%     
client [49] (testset)   loss: 0.3944 -> 0.3139  accuracy: 88.28% -> 89.66%     
client [98] (testset)   loss: 0.1496 -> 0.1300  accuracy: 94.16% -> 96.22%     
---------------------------- TRAINING EPOCH: 80 ----------------------------   
client [98] (testset)   loss: 0.1548 -> 0.1419  accuracy: 95.19% -> 95.53%     
client [47] (testset)   loss: 0.6194 -> 0.2303  accuracy: 79.63% -> 94.44%     
client [21] (testset)   loss: 0.3763 -> 0.3250  accuracy: 86.79% -> 91.82%     
client [77] (testset)   loss: 0.3741 -> 0.2385  accuracy: 89.71% -> 94.86%     
client [95] (testset)   loss: 0.6184 -> 0.4610  accuracy: 88.57% -> 90.48%     
client [91] (testset)   loss: 0.2169 -> 0.1843  accuracy: 91.14% -> 94.94%     
client [14] (testset)   loss: 0.2995 -> 0.1838  accuracy: 89.21% -> 92.95%     
client [99] (testset)   loss: 0.1530 -> 0.0725  accuracy: 92.31% -> 99.04%     
client [20] (testset)   loss: 0.2246 -> 0.1671  accuracy: 94.29% -> 94.69%     
client [39] (testset)   loss: 0.2501 -> 0.3512  accuracy: 90.30% -> 90.30%     
---------------------------- TRAINING EPOCH: 90 ----------------------------   
client [52] (testset)   loss: 0.1205 -> 0.1162  accuracy: 96.00% -> 95.33%     
client [62] (testset)   loss: 0.1841 -> 0.1210  accuracy: 93.13% -> 96.18%     
client [71] (testset)   loss: 0.4677 -> 0.6226  accuracy: 90.62% -> 87.50%     
client [97] (testset)   loss: 0.2133 -> 0.1588  accuracy: 92.11% -> 92.11%     
client [30] (testset)   loss: 0.4185 -> 0.3055  accuracy: 83.52% -> 89.01%     
client [88] (testset)   loss: 0.3644 -> 0.3040  accuracy: 89.93% -> 93.96%     
client [60] (testset)   loss: 0.2533 -> 0.1176  accuracy: 90.67% -> 94.00%     
client [82] (testset)   loss: 0.3400 -> 0.2717  accuracy: 87.71% -> 92.37%     
client [91] (testset)   loss: 0.1782 -> 0.2105  accuracy: 94.30% -> 94.94%     
client [57] (testset)   loss: 0.2242 -> 0.1526  accuracy: 94.24% -> 96.27%     
---------------------------- TRAINING EPOCH: 100 ----------------------------  
client [31] (testset)   loss: 0.1722 -> 0.1856  accuracy: 93.96% -> 91.95%     
client [15] (testset)   loss: 0.2963 -> 0.1856  accuracy: 90.15% -> 92.42%     
client [71] (testset)   loss: 0.6493 -> 0.3814  accuracy: 78.12% -> 87.50%     
client [97] (testset)   loss: 0.3409 -> 0.1610  accuracy: 92.11% -> 91.23%     
client [53] (testset)   loss: 0.4394 -> 0.2365  accuracy: 87.50% -> 93.38%     
client [77] (testset)   loss: 0.5372 -> 0.2506  accuracy: 84.00% -> 93.71%     
client [76] (testset)   loss: 0.6063 -> 0.3001  accuracy: 82.44% -> 91.22%     
client [79] (testset)   loss: 0.4767 -> 0.3133  accuracy: 81.82% -> 86.36%     
client [28] (testset)   loss: 0.5855 -> 0.3735  accuracy: 80.27% -> 89.69%     
client [99] (testset)   loss: 0.0845 -> 0.0633  accuracy: 97.12% -> 99.04%     
---------------------------- TRAINING EPOCH: 110 ----------------------------  
client [97] (testset)   loss: 0.3132 -> 0.1408  accuracy: 88.60% -> 91.23%     
client [86] (testset)   loss: 0.4364 -> 0.4736  accuracy: 87.34% -> 86.03%     
client [34] (testset)   loss: 0.3480 -> 0.2618  accuracy: 89.07% -> 92.35%     
client [73] (testset)   loss: 0.2302 -> 0.1969  accuracy: 90.95% -> 93.67%     
client [5]  (testset)   loss: 0.1931 -> 0.1851  accuracy: 93.56% -> 95.25%     
client [96] (testset)   loss: 0.3428 -> 0.3424  accuracy: 90.39% -> 90.83%     
client [22] (testset)   loss: 0.7131 -> 0.3404  accuracy: 73.98% -> 91.06%     
client [60] (testset)   loss: 0.1658 -> 0.1082  accuracy: 93.33% -> 96.67%     
client [66] (testset)   loss: 0.2095 -> 0.0931  accuracy: 94.69% -> 96.46%     
client [83] (testset)   loss: 0.3503 -> 0.2396  accuracy: 88.24% -> 94.12%     
---------------------------- TRAINING EPOCH: 120 ----------------------------  
client [76] (testset)   loss: 0.3930 -> 0.2833  accuracy: 89.31% -> 91.98%     
client [65] (testset)   loss: 0.4656 -> 0.2114  accuracy: 86.76% -> 91.18%     
client [95] (testset)   loss: 0.7175 -> 0.4294  accuracy: 88.57% -> 91.43%     
client [17] (testset)   loss: 0.2861 -> 0.2534  accuracy: 93.15% -> 92.47%     
client [8]  (testset)   loss: 0.2697 -> 0.1945  accuracy: 93.14% -> 93.14%     
client [35] (testset)   loss: 0.1755 -> 0.1369  accuracy: 94.19% -> 96.13%     
client [98] (testset)   loss: 0.1507 -> 0.1465  accuracy: 95.19% -> 96.22%     
client [53] (testset)   loss: 0.3540 -> 0.2706  accuracy: 87.50% -> 92.65%     
client [43] (testset)   loss: 0.2950 -> 0.3039  accuracy: 88.99% -> 88.99%     
client [64] (testset)   loss: 0.2521 -> 0.1369  accuracy: 92.89% -> 96.23%     
---------------------------- TRAINING EPOCH: 130 ----------------------------  
client [21] (testset)   loss: 0.5272 -> 0.3506  accuracy: 86.79% -> 91.19%     
client [88] (testset)   loss: 0.3812 -> 0.3264  accuracy: 91.95% -> 92.62%     
client [38] (testset)   loss: 0.3625 -> 0.1899  accuracy: 89.19% -> 95.27%     
client [3]  (testset)   loss: 0.2228 -> 0.1878  accuracy: 92.95% -> 92.95%     
client [5]  (testset)   loss: 0.2002 -> 0.1865  accuracy: 95.59% -> 95.59%     
client [41] (testset)   loss: 0.2717 -> 0.1169  accuracy: 93.66% -> 97.07%     
client [7]  (testset)   loss: 0.4714 -> 0.2216  accuracy: 88.07% -> 95.06%     
client [37] (testset)   loss: 0.4900 -> 0.2694  accuracy: 87.57% -> 93.49%     
client [45] (testset)   loss: 0.2485 -> 0.1364  accuracy: 92.22% -> 95.56%     
client [47] (testset)   loss: 0.5887 -> 0.2469  accuracy: 80.56% -> 93.52%     
---------------------------- TRAINING EPOCH: 140 ----------------------------  
client [16] (testset)   loss: 0.3176 -> 0.2856  accuracy: 90.98% -> 92.48%     
client [11] (testset)   loss: 0.1490 -> 0.1210  accuracy: 94.64% -> 98.21%     
client [37] (testset)   loss: 0.5448 -> 0.2879  accuracy: 84.62% -> 94.67%     
client [41] (testset)   loss: 0.3160 -> 0.1138  accuracy: 90.24% -> 97.56%     
client [95] (testset)   loss: 0.6272 -> 0.4638  accuracy: 91.43% -> 91.43%     
client [53] (testset)   loss: 0.3134 -> 0.2780  accuracy: 86.76% -> 91.18%     
client [22] (testset)   loss: 0.4654 -> 0.3729  accuracy: 81.30% -> 89.43%     
client [25] (testset)   loss: 0.3599 -> 0.3526  accuracy: 90.84% -> 92.37%     
client [69] (testset)   loss: 0.2757 -> 0.3454  accuracy: 93.20% -> 89.80%     
client [46] (testset)   loss: 0.2792 -> 0.2642  accuracy: 89.87% -> 91.83%     
---------------------------- TRAINING EPOCH: 150 ----------------------------  
client [47] (testset)   loss: 0.5653 -> 0.2210  accuracy: 81.48% -> 94.91%     
client [69] (testset)   loss: 0.2824 -> 0.3447  accuracy: 92.52% -> 90.48%     
client [82] (testset)   loss: 0.3816 -> 0.2738  accuracy: 88.14% -> 91.95%     
client [45] (testset)   loss: 0.3235 -> 0.1119  accuracy: 89.44% -> 96.11%     
client [7]  (testset)   loss: 0.3457 -> 0.2357  accuracy: 92.18% -> 95.47%     
client [50] (testset)   loss: 0.3269 -> 0.1766  accuracy: 90.07% -> 96.03%     
client [35] (testset)   loss: 0.3327 -> 0.1420  accuracy: 90.32% -> 95.48%     
client [24] (testset)   loss: 0.2987 -> 0.1545  accuracy: 89.64% -> 94.14%     
client [15] (testset)   loss: 0.2314 -> 0.1718  accuracy: 93.18% -> 94.70%     
client [58] (testset)   loss: 0.6535 -> 0.4363  accuracy: 82.32% -> 86.19%     
---------------------------- TRAINING EPOCH: 160 ----------------------------  
client [48] (testset)   loss: 0.7117 -> 0.7325  accuracy: 85.37% -> 82.93%     
client [76] (testset)   loss: 0.5012 -> 0.2974  accuracy: 85.88% -> 92.75%     
client [67] (testset)   loss: 0.2264 -> 0.1600  accuracy: 94.37% -> 94.37%     
client [37] (testset)   loss: 0.4937 -> 0.2631  accuracy: 86.98% -> 94.67%     
client [58] (testset)   loss: 0.6568 -> 0.4517  accuracy: 81.77% -> 88.40%     
client [64] (testset)   loss: 0.2037 -> 0.1382  accuracy: 93.31% -> 96.65%     
client [77] (testset)   loss: 0.4907 -> 0.2917  accuracy: 86.29% -> 93.14%     
client [55] (testset)   loss: 0.2669 -> 0.1774  accuracy: 92.39% -> 95.43%     
client [12] (testset)   loss: 0.2384 -> 0.2980  accuracy: 91.14% -> 92.41%     
client [89] (testset)   loss: 0.1877 -> 0.0547  accuracy: 95.68% -> 97.84%     
---------------------------- TRAINING EPOCH: 170 ----------------------------  
client [84] (testset)   loss: 0.2953 -> 0.2485  accuracy: 91.24% -> 93.81%     
client [51] (testset)   loss: 0.3505 -> 0.1860  accuracy: 88.21% -> 96.20%     
client [8]  (testset)   loss: 0.2425 -> 0.2166  accuracy: 92.16% -> 93.14%     
client [18] (testset)   loss: 0.3347 -> 0.1656  accuracy: 93.13% -> 95.42%     
client [94] (testset)   loss: 0.1984 -> 0.2213  accuracy: 93.79% -> 93.79%     
client [81] (testset)   loss: 0.1735 -> 0.0575  accuracy: 93.22% -> 96.61%     
client [3]  (testset)   loss: 0.1896 -> 0.1674  accuracy: 93.59% -> 93.59%     
client [11] (testset)   loss: 0.1567 -> 0.1136  accuracy: 96.43% -> 98.21%     
client [95] (testset)   loss: 0.6764 -> 0.4837  accuracy: 89.52% -> 93.33%     
client [67] (testset)   loss: 0.2347 -> 0.1782  accuracy: 91.77% -> 93.94%     
---------------------------- TRAINING EPOCH: 180 ----------------------------  
client [21] (testset)   loss: 0.4014 -> 0.3370  accuracy: 89.31% -> 91.19%     
client [79] (testset)   loss: 0.4435 -> 0.3224  accuracy: 82.47% -> 87.01%     
client [58] (testset)   loss: 0.6176 -> 0.4653  accuracy: 82.87% -> 88.95%     
client [88] (testset)   loss: 0.3301 -> 0.3430  accuracy: 92.62% -> 92.62%     
client [46] (testset)   loss: 0.2894 -> 0.2922  accuracy: 91.83% -> 93.14%     
client [11] (testset)   loss: 0.1808 -> 0.1081  accuracy: 95.24% -> 98.21%     
client [55] (testset)   loss: 0.4310 -> 0.1810  accuracy: 88.32% -> 94.92%     
client [13] (testset)   loss: 0.1893 -> 0.1994  accuracy: 94.20% -> 94.64%     
client [31] (testset)   loss: 0.2334 -> 0.2084  accuracy: 91.28% -> 91.28%     
client [75] (testset)   loss: 0.1105 -> 0.1093  accuracy: 95.68% -> 98.56%     
---------------------------- TRAINING EPOCH: 190 ----------------------------  
client [19] (testset)   loss: 0.2935 -> 0.2338  accuracy: 91.11% -> 95.56%     
client [7]  (testset)   loss: 0.5288 -> 0.2463  accuracy: 86.83% -> 95.88%     
client [57] (testset)   loss: 0.1802 -> 0.1221  accuracy: 94.58% -> 96.95%     
client [13] (testset)   loss: 0.1724 -> 0.1880  accuracy: 95.54% -> 94.64%     
client [43] (testset)   loss: 0.2440 -> 0.3221  accuracy: 93.12% -> 89.45%     
client [91] (testset)   loss: 0.1785 -> 0.2160  accuracy: 94.30% -> 94.30%     
client [10] (testset)   loss: 0.2570 -> 0.1602  accuracy: 95.68% -> 96.40%     
client [64] (testset)   loss: 0.2042 -> 0.1387  accuracy: 93.72% -> 96.23%     
client [82] (testset)   loss: 0.5474 -> 0.2767  accuracy: 85.59% -> 91.95%     
client [22] (testset)   loss: 0.8412 -> 0.4148  accuracy: 70.73% -> 89.43%     
---------------------------- TRAINING EPOCH: 200 ----------------------------  
client [20] (testset)   loss: 0.1506 -> 0.1323  accuracy: 95.10% -> 96.73%     
client [23] (testset)   loss: 0.5715 -> 0.5931  accuracy: 82.86% -> 87.14%     
client [88] (testset)   loss: 0.5104 -> 0.3276  accuracy: 85.91% -> 91.95%     
client [98] (testset)   loss: 0.1521 -> 0.1523  accuracy: 96.22% -> 95.88%     
client [79] (testset)   loss: 0.4038 -> 0.3260  accuracy: 86.36% -> 88.31%     
client [21] (testset)   loss: 0.4839 -> 0.3537  accuracy: 86.79% -> 90.57%     
client [92] (testset)   loss: 0.0623 -> 0.0240  accuracy: 98.15% -> 99.07%     
client [56] (testset)   loss: 0.4076 -> 0.3898  accuracy: 87.76% -> 89.29%     
client [5]  (testset)   loss: 0.2779 -> 0.1850  accuracy: 90.85% -> 96.27%     
client [52] (testset)   loss: 0.1103 -> 0.1010  accuracy: 96.00% -> 97.33%     
---------------------------- TRAINING EPOCH: 210 ----------------------------  
client [67] (testset)   loss: 0.2589 -> 0.1828  accuracy: 91.77% -> 93.51%     
client [54] (testset)   loss: 0.3288 -> 0.5205  accuracy: 87.63% -> 86.60%     
client [14] (testset)   loss: 0.2747 -> 0.1730  accuracy: 90.87% -> 94.19%     
client [99] (testset)   loss: 0.0887 -> 0.0522  accuracy: 95.19% -> 97.12%     
client [36] (testset)   loss: 0.1134 -> 0.0893  accuracy: 96.31% -> 96.77%     
client [30] (testset)   loss: 0.3104 -> 0.3153  accuracy: 87.91% -> 86.81%     
client [38] (testset)   loss: 0.3408 -> 0.1784  accuracy: 88.85% -> 96.28%     
client [15] (testset)   loss: 0.1964 -> 0.1745  accuracy: 93.18% -> 93.94%     
client [6]  (testset)   loss: 0.3098 -> 0.2780  accuracy: 93.16% -> 92.74%     
client [53] (testset)   loss: 0.3603 -> 0.3516  accuracy: 88.24% -> 91.91%     
---------------------------- TRAINING EPOCH: 220 ----------------------------  
client [99] (testset)   loss: 0.1307 -> 0.0560  accuracy: 93.27% -> 98.08%     
client [6]  (testset)   loss: 0.3677 -> 0.2995  accuracy: 91.88% -> 91.03%     
client [83] (testset)   loss: 0.2735 -> 0.2567  accuracy: 90.59% -> 94.12%     
client [42] (testset)   loss: 0.3130 -> 0.2472  accuracy: 92.07% -> 92.51%     
client [34] (testset)   loss: 0.4347 -> 0.2268  accuracy: 86.89% -> 94.54%     
client [15] (testset)   loss: 0.1801 -> 0.1910  accuracy: 94.70% -> 95.45%     
client [47] (testset)   loss: 0.5796 -> 0.2570  accuracy: 81.48% -> 94.44%     
client [55] (testset)   loss: 0.3665 -> 0.1600  accuracy: 88.83% -> 95.43%     
client [51] (testset)   loss: 0.2241 -> 0.1831  accuracy: 91.63% -> 96.20%     
client [95] (testset)   loss: 0.6592 -> 0.4672  accuracy: 89.52% -> 92.38%     
---------------------------- TRAINING EPOCH: 230 ----------------------------  
client [71] (testset)   loss: 0.3233 -> 0.5009  accuracy: 93.75% -> 90.62%     
client [15] (testset)   loss: 0.1897 -> 0.2386  accuracy: 95.45% -> 94.70%     
client [33] (testset)   loss: 0.7567 -> 0.3839  accuracy: 80.17% -> 88.84%     
client [99] (testset)   loss: 0.1432 -> 0.0478  accuracy: 96.15% -> 98.08%     
client [90] (testset)   loss: 0.4881 -> 0.2098  accuracy: 89.39% -> 93.30%     
client [57] (testset)   loss: 0.2811 -> 0.1269  accuracy: 92.88% -> 96.61%     
client [27] (testset)   loss: 0.0248 -> 0.0033  accuracy: 98.84% -> 100.00%    
client [78] (testset)   loss: 0.0934 -> 0.1289  accuracy: 96.03% -> 97.62%     
client [36] (testset)   loss: 0.1548 -> 0.1051  accuracy: 96.31% -> 97.70%     
client [88] (testset)   loss: 0.4397 -> 0.3139  accuracy: 91.28% -> 92.62%     
---------------------------- TRAINING EPOCH: 240 ----------------------------  
client [70] (testset)   loss: 0.3341 -> 0.3004  accuracy: 95.35% -> 91.86%     
client [35] (testset)   loss: 0.2334 -> 0.1570  accuracy: 94.19% -> 96.13%     
client [16] (testset)   loss: 0.4140 -> 0.2882  accuracy: 89.47% -> 92.48%     
client [80] (testset)   loss: 0.1750 -> 0.2178  accuracy: 95.28% -> 94.34%     
client [38] (testset)   loss: 0.3891 -> 0.1957  accuracy: 89.86% -> 95.27%     
client [78] (testset)   loss: 0.1084 -> 0.1420  accuracy: 98.41% -> 97.62%     
client [68] (testset)   loss: 0.6188 -> 0.3752  accuracy: 84.16% -> 88.82%     
client [11] (testset)   loss: 0.1763 -> 0.1052  accuracy: 95.83% -> 98.81%     
client [64] (testset)   loss: 0.2455 -> 0.1477  accuracy: 91.63% -> 95.82%     
client [82] (testset)   loss: 0.4450 -> 0.2595  accuracy: 87.29% -> 92.37%     
---------------------------- TRAINING EPOCH: 250 ----------------------------  
client [30] (testset)   loss: 0.4470 -> 0.2500  accuracy: 83.52% -> 89.01%     
client [27] (testset)   loss: 0.0222 -> 0.0004  accuracy: 97.67% -> 100.00%    
client [74] (testset)   loss: 0.2286 -> 0.2295  accuracy: 93.43% -> 93.43%     
client [45] (testset)   loss: 0.2080 -> 0.1221  accuracy: 92.78% -> 96.11%     
client [6]  (testset)   loss: 0.3706 -> 0.2767  accuracy: 92.31% -> 93.16%     
client [36] (testset)   loss: 0.1251 -> 0.0822  accuracy: 94.93% -> 97.24%     
client [63] (testset)   loss: 0.1306 -> 0.0467  accuracy: 96.97% -> 96.97%     
client [76] (testset)   loss: 0.4569 -> 0.3106  accuracy: 87.40% -> 91.98%     
client [83] (testset)   loss: 0.2604 -> 0.2206  accuracy: 90.59% -> 95.29%     
client [86] (testset)   loss: 0.4733 -> 0.4695  accuracy: 87.77% -> 90.83%     
---------------------------- TRAINING EPOCH: 260 ----------------------------  
client [83] (testset)   loss: 0.2654 -> 0.1522  accuracy: 91.76% -> 95.29%     
client [99] (testset)   loss: 0.1951 -> 0.0500  accuracy: 95.19% -> 97.12%     
client [74] (testset)   loss: 0.2072 -> 0.2243  accuracy: 94.63% -> 94.33%     
client [73] (testset)   loss: 0.3013 -> 0.2179  accuracy: 89.14% -> 93.21%     
client [29] (testset)   loss: 0.3399 -> 0.3314  accuracy: 88.89% -> 91.67%     
client [92] (testset)   loss: 0.0598 -> 0.0243  accuracy: 98.15% -> 99.54%     
client [6]  (testset)   loss: 0.4699 -> 0.3125  accuracy: 89.74% -> 92.74%     
client [61] (testset)   loss: 0.7119 -> 0.2661  accuracy: 83.57% -> 92.86%     
client [21] (testset)   loss: 0.5415 -> 0.3796  accuracy: 86.16% -> 91.19%     
client [67] (testset)   loss: 0.1949 -> 0.1755  accuracy: 94.37% -> 94.37%     
---------------------------- TRAINING EPOCH: 270 ----------------------------  
client [83] (testset)   loss: 0.3497 -> 0.2000  accuracy: 90.59% -> 94.12%     
client [32] (testset)   loss: 0.2946 -> 0.2413  accuracy: 92.79% -> 93.69%     
client [95] (testset)   loss: 0.7993 -> 0.4602  accuracy: 88.57% -> 92.38%     
client [61] (testset)   loss: 0.5095 -> 0.2847  accuracy: 90.71% -> 92.14%     
client [27] (testset)   loss: 0.0191 -> 0.0215  accuracy: 98.84% -> 98.84%     
client [25] (testset)   loss: 0.4597 -> 0.3125  accuracy: 87.40% -> 92.75%     
client [68] (testset)   loss: 0.6854 -> 0.3536  accuracy: 84.16% -> 88.82%     
client [34] (testset)   loss: 0.3137 -> 0.1923  accuracy: 90.16% -> 94.54%     
client [71] (testset)   loss: 0.3802 -> 0.5037  accuracy: 90.62% -> 87.50%     
client [89] (testset)   loss: 0.1892 -> 0.0585  accuracy: 96.40% -> 98.56%     
---------------------------- TRAINING EPOCH: 280 ----------------------------  
client [78] (testset)   loss: 0.1019 -> 0.1560  accuracy: 96.83% -> 96.83%     
client [81] (testset)   loss: 0.1956 -> 0.1027  accuracy: 93.22% -> 94.92%     
client [51] (testset)   loss: 0.3666 -> 0.1838  accuracy: 88.97% -> 96.96%     
client [54] (testset)   loss: 0.3622 -> 0.4865  accuracy: 87.63% -> 87.11%     
client [65] (testset)   loss: 0.3649 -> 0.2031  accuracy: 89.71% -> 93.38%     
client [41] (testset)   loss: 0.3235 -> 0.1230  accuracy: 91.71% -> 97.56%     
client [11] (testset)   loss: 0.1494 -> 0.1093  accuracy: 95.83% -> 98.81%     
client [85] (testset)   loss: 0.1394 -> 0.1535  accuracy: 94.57% -> 94.57%     
client [12] (testset)   loss: 0.2857 -> 0.3451  accuracy: 91.77% -> 91.14%     
client [23] (testset)   loss: 0.5606 -> 0.5477  accuracy: 81.43% -> 88.57%     
---------------------------- TRAINING EPOCH: 290 ----------------------------  
client [16] (testset)   loss: 0.2424 -> 0.2664  accuracy: 93.23% -> 93.98%     
client [65] (testset)   loss: 0.5829 -> 0.2355  accuracy: 85.29% -> 91.91%     
client [53] (testset)   loss: 0.3715 -> 0.3818  accuracy: 88.97% -> 91.18%     
client [58] (testset)   loss: 0.8589 -> 0.5730  accuracy: 79.01% -> 86.74%     
client [72] (testset)   loss: 0.6617 -> 0.4398  accuracy: 84.21% -> 86.84%     
client [7]  (testset)   loss: 0.3754 -> 0.2398  accuracy: 93.00% -> 95.47%     
client [71] (testset)   loss: 0.3629 -> 0.3886  accuracy: 90.62% -> 90.62%     
client [59] (testset)   loss: 0.3154 -> 0.1563  accuracy: 90.74% -> 95.37%     
client [86] (testset)   loss: 0.5417 -> 0.4506  accuracy: 86.46% -> 89.96%     
client [39] (testset)   loss: 0.2902 -> 0.3827  accuracy: 91.79% -> 91.79%     
---------------------------- TRAINING EPOCH: 300 ----------------------------  
client [99] (testset)   loss: 0.0581 -> 0.0461  accuracy: 97.12% -> 98.08%     
client [7]  (testset)   loss: 0.4541 -> 0.2403  accuracy: 90.12% -> 95.47%     
client [17] (testset)   loss: 0.3580 -> 0.2401  accuracy: 93.15% -> 92.47%     
client [64] (testset)   loss: 0.2321 -> 0.1431  accuracy: 93.72% -> 95.82%     
client [37] (testset)   loss: 0.4624 -> 0.3057  accuracy: 88.76% -> 94.08%     
client [29] (testset)   loss: 0.2996 -> 0.2917  accuracy: 90.00% -> 91.11%     
client [93] (testset)   loss: 0.5410 -> 0.6178  accuracy: 84.62% -> 83.92%     
client [73] (testset)   loss: 0.1733 -> 0.1962  accuracy: 92.31% -> 93.21%     
client [40] (testset)   loss: 0.2678 -> 0.1152  accuracy: 92.06% -> 96.83%     
client [76] (testset)   loss: 0.6686 -> 0.3285  accuracy: 84.73% -> 91.60%     
---------------------------- TRAINING EPOCH: 310 ----------------------------  
client [31] (testset)   loss: 0.3153 -> 0.2020  accuracy: 91.95% -> 94.63%     
client [89] (testset)   loss: 0.2931 -> 0.0862  accuracy: 93.53% -> 98.56%     
client [77] (testset)   loss: 0.6499 -> 0.3089  accuracy: 86.86% -> 94.29%     
client [90] (testset)   loss: 1.0709 -> 0.2301  accuracy: 75.42% -> 93.30%     
client [26] (testset)   loss: 0.3102 -> 0.1121  accuracy: 93.51% -> 98.70%     
client [50] (testset)   loss: 0.6324 -> 0.1771  accuracy: 83.44% -> 96.03%     
client [30] (testset)   loss: 0.1981 -> 0.2104  accuracy: 91.21% -> 91.21%     
client [70] (testset)   loss: 0.3790 -> 0.3598  accuracy: 91.86% -> 94.19%     
client [41] (testset)   loss: 0.6220 -> 0.1138  accuracy: 85.37% -> 98.05%     
client [99] (testset)   loss: 0.0983 -> 0.0453  accuracy: 96.15% -> 99.04%     
---------------------------- TRAINING EPOCH: 320 ----------------------------  
client [68] (testset)   loss: 0.5445 -> 0.3450  accuracy: 86.02% -> 90.06%     
client [70] (testset)   loss: 0.4050 -> 0.2748  accuracy: 90.70% -> 93.02%     
client [52] (testset)   loss: 0.1204 -> 0.0994  accuracy: 96.67% -> 97.33%     
client [1]  (testset)   loss: 0.3646 -> 0.3418  accuracy: 91.18% -> 91.18%     
client [2]  (testset)   loss: 0.4337 -> 0.2882  accuracy: 86.93% -> 93.46%     
client [67] (testset)   loss: 0.2317 -> 0.1779  accuracy: 93.07% -> 95.24%     
client [92] (testset)   loss: 0.0482 -> 0.0322  accuracy: 98.15% -> 99.54%     
client [35] (testset)   loss: 0.2620 -> 0.1418  accuracy: 92.90% -> 96.13%     
client [36] (testset)   loss: 0.1284 -> 0.0799  accuracy: 96.31% -> 98.16%     
client [64] (testset)   loss: 0.2934 -> 0.1496  accuracy: 92.89% -> 95.40%     
---------------------------- TRAINING EPOCH: 330 ----------------------------  
client [44] (testset)   loss: 0.6497 -> 0.6003  accuracy: 85.32% -> 86.98%     
client [6]  (testset)   loss: 0.3524 -> 0.3001  accuracy: 92.74% -> 93.16%     
client [12] (testset)   loss: 0.2932 -> 0.3154  accuracy: 91.77% -> 91.77%     
client [55] (testset)   loss: 0.4179 -> 0.1920  accuracy: 88.32% -> 95.43%     
client [29] (testset)   loss: 0.3120 -> 0.3076  accuracy: 90.00% -> 92.22%     
client [9]  (testset)   loss: 0.1642 -> 0.1103  accuracy: 94.65% -> 96.26%     
client [43] (testset)   loss: 0.4266 -> 0.3432  accuracy: 89.45% -> 89.45%     
client [77] (testset)   loss: 0.4873 -> 0.3112  accuracy: 89.14% -> 93.71%     
client [98] (testset)   loss: 0.1359 -> 0.1478  accuracy: 97.25% -> 96.56%     
client [78] (testset)   loss: 0.0973 -> 0.1362  accuracy: 97.62% -> 97.62%     
---------------------------- TRAINING EPOCH: 340 ----------------------------  
client [92] (testset)   loss: 0.0647 -> 0.0321  accuracy: 98.61% -> 99.54%     
client [80] (testset)   loss: 0.2009 -> 0.1742  accuracy: 94.34% -> 95.28%     
client [63] (testset)   loss: 0.1229 -> 0.0467  accuracy: 96.97% -> 96.97%     
client [76] (testset)   loss: 0.4238 -> 0.3154  accuracy: 89.31% -> 92.37%     
client [78] (testset)   loss: 0.0895 -> 0.1535  accuracy: 97.62% -> 97.62%     
client [25] (testset)   loss: 0.3774 -> 0.3216  accuracy: 90.46% -> 92.37%     
client [58] (testset)   loss: 0.8551 -> 0.5830  accuracy: 80.11% -> 86.74%     
client [13] (testset)   loss: 0.1718 -> 0.1830  accuracy: 95.54% -> 94.64%     
client [17] (testset)   loss: 0.3127 -> 0.2333  accuracy: 93.15% -> 93.15%     
client [38] (testset)   loss: 0.3271 -> 0.1933  accuracy: 92.57% -> 94.59%     
---------------------------- TRAINING EPOCH: 350 ----------------------------  
client [72] (testset)   loss: 0.4793 -> 0.3860  accuracy: 81.58% -> 92.11%     
client [82] (testset)   loss: 0.2725 -> 0.1978  accuracy: 91.53% -> 94.49%     
client [86] (testset)   loss: 0.4828 -> 0.4665  accuracy: 86.90% -> 89.96%     
client [51] (testset)   loss: 0.2433 -> 0.1957  accuracy: 92.02% -> 96.58%     
client [96] (testset)   loss: 0.2943 -> 0.3478  accuracy: 89.08% -> 91.70%     
client [42] (testset)   loss: 0.3418 -> 0.2456  accuracy: 90.75% -> 92.51%     
client [55] (testset)   loss: 0.3854 -> 0.1791  accuracy: 88.83% -> 95.94%     
client [13] (testset)   loss: 0.2068 -> 0.2047  accuracy: 93.75% -> 93.75%     
client [1]  (testset)   loss: 0.4526 -> 0.3489  accuracy: 91.18% -> 91.18%     
client [12] (testset)   loss: 0.2795 -> 0.3722  accuracy: 91.77% -> 91.77%     
---------------------------- TRAINING EPOCH: 360 ----------------------------  
client [68] (testset)   loss: 0.6799 -> 0.3888  accuracy: 84.16% -> 89.44%     
client [23] (testset)   loss: 0.4929 -> 0.5301  accuracy: 82.86% -> 88.57%     
client [46] (testset)   loss: 0.2691 -> 0.2555  accuracy: 92.16% -> 93.46%     
client [41] (testset)   loss: 0.3461 -> 0.1136  accuracy: 92.20% -> 98.05%     
client [25] (testset)   loss: 0.4058 -> 0.3255  accuracy: 90.08% -> 93.89%     
client [58] (testset)   loss: 0.7616 -> 0.6132  accuracy: 82.87% -> 86.19%     
client [14] (testset)   loss: 0.2987 -> 0.1964  accuracy: 92.12% -> 94.19%     
client [33] (testset)   loss: 0.8564 -> 0.4480  accuracy: 79.75% -> 90.08%     
client [85] (testset)   loss: 0.1713 -> 0.1576  accuracy: 94.57% -> 95.65%     
client [62] (testset)   loss: 0.1501 -> 0.1007  accuracy: 94.66% -> 96.95%     
---------------------------- TRAINING EPOCH: 370 ----------------------------  
client [98] (testset)   loss: 0.1395 -> 0.1367  accuracy: 97.25% -> 97.59%     
client [63] (testset)   loss: 0.1575 -> 0.0423  accuracy: 95.45% -> 98.48%     
client [70] (testset)   loss: 0.4037 -> 0.3235  accuracy: 94.19% -> 91.86%     
client [65] (testset)   loss: 0.4110 -> 0.2479  accuracy: 88.24% -> 93.38%     
client [14] (testset)   loss: 0.2913 -> 0.1774  accuracy: 92.95% -> 94.19%     
client [73] (testset)   loss: 0.2061 -> 0.1918  accuracy: 91.40% -> 93.21%     
client [34] (testset)   loss: 0.3421 -> 0.2463  accuracy: 89.62% -> 94.54%     
client [99] (testset)   loss: 0.1000 -> 0.0437  accuracy: 97.12% -> 98.08%     
client [69] (testset)   loss: 0.2613 -> 0.3208  accuracy: 93.20% -> 92.52%     
client [46] (testset)   loss: 0.2789 -> 0.2726  accuracy: 91.83% -> 93.79%     
---------------------------- TRAINING EPOCH: 380 ----------------------------  
client [99] (testset)   loss: 0.2126 -> 0.0514  accuracy: 94.23% -> 97.12%     
client [93] (testset)   loss: 0.5431 -> 0.6365  accuracy: 86.36% -> 84.27%     
client [11] (testset)   loss: 0.1160 -> 0.1032  accuracy: 97.02% -> 98.81%     
client [58] (testset)   loss: 0.6654 -> 0.6093  accuracy: 85.08% -> 86.74%     
client [81] (testset)   loss: 0.2083 -> 0.0887  accuracy: 94.92% -> 94.92%     
client [85] (testset)   loss: 0.2120 -> 0.1901  accuracy: 93.48% -> 95.65%     
client [89] (testset)   loss: 0.2288 -> 0.0542  accuracy: 96.40% -> 99.28%     
client [45] (testset)   loss: 0.2721 -> 0.1416  accuracy: 91.11% -> 96.11%     
client [8]  (testset)   loss: 0.2785 -> 0.1573  accuracy: 93.14% -> 96.08%     
client [68] (testset)   loss: 0.5496 -> 0.3795  accuracy: 86.02% -> 90.06%     
---------------------------- TRAINING EPOCH: 390 ----------------------------  
client [67] (testset)   loss: 0.2487 -> 0.1674  accuracy: 93.07% -> 95.67%     
client [72] (testset)   loss: 0.7475 -> 0.3142  accuracy: 71.05% -> 94.74%     
client [1]  (testset)   loss: 0.2600 -> 0.3078  accuracy: 89.71% -> 91.18%     
client [78] (testset)   loss: 0.0925 -> 0.1615  accuracy: 98.41% -> 97.62%     
client [83] (testset)   loss: 0.2880 -> 0.2351  accuracy: 91.76% -> 94.12%     
client [21] (testset)   loss: 0.7318 -> 0.4643  accuracy: 86.79% -> 90.57%     
client [56] (testset)   loss: 0.4496 -> 0.3647  accuracy: 87.24% -> 91.33%     
client [44] (testset)   loss: 0.6388 -> 0.6064  accuracy: 87.26% -> 89.20%     
client [92] (testset)   loss: 0.0839 -> 0.0375  accuracy: 98.15% -> 99.54%     
client [27] (testset)   loss: 0.0360 -> 0.0030  accuracy: 97.67% -> 100.00%    
---------------------------- TRAINING EPOCH: 400 ----------------------------  
client [10] (testset)   loss: 0.3873 -> 0.2293  accuracy: 93.53% -> 96.40%     
client [39] (testset)   loss: 0.2652 -> 0.3575  accuracy: 91.04% -> 91.79%     
client [65] (testset)   loss: 0.4231 -> 0.2105  accuracy: 89.71% -> 94.12%     
client [26] (testset)   loss: 0.4086 -> 0.1921  accuracy: 90.91% -> 97.40%     
client [19] (testset)   loss: 0.5134 -> 0.2394  accuracy: 86.67% -> 94.44%     
client [68] (testset)   loss: 0.5994 -> 0.3722  accuracy: 86.34% -> 89.44%     
client [41] (testset)   loss: 0.4651 -> 0.1227  accuracy: 88.78% -> 97.07%     
client [50] (testset)   loss: 0.2829 -> 0.1518  accuracy: 91.39% -> 95.36%     
client [75] (testset)   loss: 0.1668 -> 0.1270  accuracy: 94.96% -> 98.56%     
client [81] (testset)   loss: 0.2510 -> 0.0956  accuracy: 93.22% -> 94.92%     
pFedFDA's average time taken by each global epoch: 0 min 2.46 sec.             
pFedFDA's total running time: 0 h 20 m 40 s.                                   
==================== pFedFDA Experiment Results: ====================          
Display format: (before local fine-tuning) -> (after local fine-tuning)        
 So if finetune_epoch = 0, x.xx% -> 0.00% is normal.                           
 Centralized testing ONLY happens after model aggregation, so the stats between
'->' are the same.                                                             
{                                                                              
    "100": {                                                                   
        "all_clients": {                                                       
            "test": {                                                          
                "loss": "0.8716 -> 1.1369",                                    
                "accuracy": "91.16% -> 88.20%"                                 
            }                                                                  
        }                                                                      
    },                                                                         
    "200": {                                                                   
        "all_clients": {                                                       
            "test": {                                                          
                "loss": "0.9064 -> 1.2557",                                    
                "accuracy": "91.53% -> 88.33%"                                 
            }                                                                  
        }                                                                      
    },                                                                         
    "300": {                                                                   
        "all_clients": {                                                       
            "test": {                                                          
                "loss": "0.9408 -> 1.6268",                                    
                "accuracy": "91.76% -> 87.42%"                                 
            }                                                                  
        }                                                                      
    },                                                                         
    "400": {                                                                   
        "all_clients": {                                                       
            "test": {                                                          
                "loss": "0.9869 -> 1.9275",                                    
                "accuracy": "91.93% -> 87.03%"                                 
            }                                                                  
        }                                                                      
    }                                                                          
}                                                                              
==================== pFedFDA Max Accuracy ====================                 
all_clients:                                                                   
(test) before fine-tuning: 91.93% at epoch 400                                 
(test) after fine-tuning: 88.33% at epoch 200                                  
