==================== FedDpa ====================                               
Experiment Arguments:                                                          
{
    'method': 'feddpa',
    'dataset': {
        'name': 'cifar100',
        'client_num': 100,
        'test_ratio': 0.25,
        'val_ratio': 0.0,
        'seed': 42,
        'split': 'sample',
        'IID_ratio': 0.0,
        'monitor_window_name_suffix': 'cifar100-100clients-0%IID-use20superclasses-Dir(0.1)-seed42',
        'super_class': False,
        'alpha': 0.1,
        'min_samples_per_client': 10
    },
    'model': {
        'name': 'avgcnn',
        'use_torchvision_pretrained_weights': True,
        'external_model_weights_path': None
    },
    'optimizer': {
        'lr': 0.01,
        'dampening': 0,
        'weight_decay': 0,
        'momentum': 0.7,
        'nesterov': False,
        'name': 'sgd'
    },
    'mode': 'parallel',
    'parallel': {
        'ray_cluster_addr': None,
        'num_cpus': 32.0,
        'num_gpus': 1.0,
        'num_workers': 2
    },
    'common': {
        'seed': 42,
        'join_ratio': 0.1,
        'global_epoch': 200,
        'local_epoch': 5,
        'batch_size': 32,
        'reset_optimizer_on_global_epoch': True,
        'straggler_ratio': 0,
        'straggler_min_local_epoch': 0,
        'buffers': 'global',
        'client_side_evaluation': True,
        'test': {
            'client': {
                'interval': 100,
                'finetune_epoch': 0,
                'train': False,
                'val': False,
                'test': True
            },
            'server': {
                'interval': -1,
                'train': False,
                'val': False,
                'test': True,
                'model_in_train_mode': False
            }
        },
        'verbose_gap': 10,
        'monitor': None,
        'use_cuda': True,
        'save_log': True,
        'save_model': False,
        'save_learning_curve_plot': True,
        'save_metrics': True,
        'delete_useless_run': True
    },
    'fedprox': {
        'mu': 0.01
    },
    'pfedsim': {
        'warmup_round': 0.5
    },
    'feddpa': {
        'fisher_threshold': 0.9999
    }
}
---------------------------- TRAINING EPOCH: 10 ----------------------------   
client [81] (testset)   loss: 3.4554 -> 2.9182  accuracy: 23.84% -> 44.37%     
client [77] (testset)   loss: 3.9389 -> 2.3637  accuracy: 10.11% -> 46.07%     
client [21] (testset)   loss: 3.8310 -> 2.5784  accuracy: 15.65% -> 40.82%     
client [68] (testset)   loss: 3.6964 -> 2.8164  accuracy: 14.71% -> 41.60%     
client [93] (testset)   loss: 3.9784 -> 2.8757  accuracy: 6.40% -> 40.00%      
client [31] (testset)   loss: 3.5389 -> 2.7491  accuracy: 19.47% -> 43.68%     
client [20] (testset)   loss: 3.3642 -> 2.1133  accuracy: 23.27% -> 51.49%     
client [48] (testset)   loss: 3.5193 -> 3.2005  accuracy: 13.94% -> 30.91%     
client [59] (testset)   loss: 4.0830 -> 2.3726  accuracy: 13.30% -> 42.06%     
client [34] (testset)   loss: 3.6950 -> 3.1006  accuracy: 13.81% -> 29.83%     
---------------------------- TRAINING EPOCH: 20 ----------------------------   
client [99] (testset)   loss: 4.2901 -> 3.8927  accuracy: 5.84% -> 29.93%      
client [69] (testset)   loss: 3.2289 -> 2.3072  accuracy: 26.71% -> 52.35%     
client [67] (testset)   loss: 3.8677 -> 2.8217  accuracy: 16.48% -> 43.41%     
client [0]  (testset)   loss: 3.7969 -> 2.9973  accuracy: 9.80% -> 47.06%      
client [41] (testset)   loss: 3.9857 -> 2.7381  accuracy: 16.13% -> 36.29%     
client [76] (testset)   loss: 4.0427 -> 2.8982  accuracy: 10.06% -> 40.22%     
client [2]  (testset)   loss: 3.9546 -> 3.5179  accuracy: 11.61% -> 36.61%     
client [62] (testset)   loss: 4.3334 -> 2.7297  accuracy: 14.08% -> 40.29%     
client [14] (testset)   loss: 4.1215 -> 2.8721  accuracy: 11.69% -> 38.96%     
client [46] (testset)   loss: 3.9508 -> 2.4043  accuracy: 19.05% -> 60.95%     
---------------------------- TRAINING EPOCH: 30 ----------------------------   
client [24] (testset)   loss: 3.6261 -> 3.0771  accuracy: 19.83% -> 44.83%     
client [68] (testset)   loss: 3.9660 -> 3.1885  accuracy: 13.87% -> 47.48%     
client [57] (testset)   loss: 3.1843 -> 2.2623  accuracy: 27.61% -> 56.44%     
client [17] (testset)   loss: 3.5308 -> 3.1826  accuracy: 17.29% -> 42.86%     
client [54] (testset)   loss: 3.6747 -> 3.5789  accuracy: 22.50% -> 44.17%     
client [23] (testset)   loss: 3.6447 -> 2.4476  accuracy: 14.55% -> 41.82%     
client [35] (testset)   loss: 4.4821 -> 2.9671  accuracy: 8.67% -> 46.94%      
client [59] (testset)   loss: 3.7802 -> 3.0422  accuracy: 21.03% -> 41.63%     
client [31] (testset)   loss: 3.1321 -> 2.8330  accuracy: 28.42% -> 52.11%     
client [9]  (testset)   loss: 3.6499 -> 2.8638  accuracy: 22.82% -> 45.64%     
---------------------------- TRAINING EPOCH: 40 ----------------------------   
client [33] (testset)   loss: 3.6365 -> 3.2805  accuracy: 16.51% -> 34.86%     
client [64] (testset)   loss: 3.8674 -> 2.5153  accuracy: 16.89% -> 50.00%     
client [16] (testset)   loss: 3.7783 -> 3.0678  accuracy: 24.79% -> 41.32%     
client [44] (testset)   loss: 3.6468 -> 2.7927  accuracy: 18.30% -> 45.10%     
client [8]  (testset)   loss: 3.3313 -> 3.1290  accuracy: 34.17% -> 49.75%     
client [31] (testset)   loss: 3.7258 -> 2.6843  accuracy: 25.79% -> 50.00%     
client [47] (testset)   loss: 3.8151 -> 2.6138  accuracy: 16.52% -> 46.09%     
client [36] (testset)   loss: 3.5631 -> 2.6551  accuracy: 23.01% -> 45.13%     
client [56] (testset)   loss: 2.6842 -> 2.1901  accuracy: 34.52% -> 55.95%     
client [20] (testset)   loss: 3.6021 -> 2.3117  accuracy: 16.83% -> 57.43%     
---------------------------- TRAINING EPOCH: 50 ----------------------------   
client [60] (testset)   loss: 4.2237 -> 3.1152  accuracy: 10.61% -> 42.42%     
client [4]  (testset)   loss: 3.6716 -> 2.1778  accuracy: 20.27% -> 58.78%     
client [28] (testset)   loss: 3.6277 -> 2.4549  accuracy: 25.00% -> 50.00%     
client [25] (testset)   loss: 3.8043 -> 2.2945  accuracy: 23.96% -> 57.29%     
client [58] (testset)   loss: 3.7549 -> 3.3385  accuracy: 19.23% -> 38.46%     
client [44] (testset)   loss: 3.5016 -> 2.8240  accuracy: 24.18% -> 42.48%     
client [39] (testset)   loss: 3.3361 -> 2.4588  accuracy: 25.75% -> 49.70%     
client [29] (testset)   loss: 4.0144 -> 2.9039  accuracy: 19.33% -> 42.67%     
client [3]  (testset)   loss: 2.9552 -> 2.2173  accuracy: 29.69% -> 54.69%     
client [84] (testset)   loss: 3.7446 -> 3.3802  accuracy: 25.42% -> 40.68%     
---------------------------- TRAINING EPOCH: 60 ----------------------------   
client [21] (testset)   loss: 3.7913 -> 2.4303  accuracy: 16.33% -> 42.86%     
client [84] (testset)   loss: 3.9522 -> 3.4472  accuracy: 19.92% -> 41.10%     
client [10] (testset)   loss: 3.7950 -> 2.8451  accuracy: 20.19% -> 44.23%     
client [36] (testset)   loss: 3.6382 -> 2.7033  accuracy: 19.47% -> 43.36%     
client [65] (testset)   loss: 3.8922 -> 3.1196  accuracy: 20.00% -> 43.64%     
client [81] (testset)   loss: 3.4586 -> 3.0357  accuracy: 29.14% -> 47.68%     
client [79] (testset)   loss: 3.1305 -> 1.9443  accuracy: 34.64% -> 60.34%     
client [42] (testset)   loss: 3.3258 -> 2.6814  accuracy: 31.51% -> 56.16%     
client [11] (testset)   loss: 3.4762 -> 2.5521  accuracy: 22.03% -> 52.54%     
client [96] (testset)   loss: 4.0257 -> 2.7428  accuracy: 13.29% -> 49.71%     
---------------------------- TRAINING EPOCH: 70 ----------------------------   
client [53] (testset)   loss: 3.5358 -> 2.8072  accuracy: 21.28% -> 46.81%     
client [8]  (testset)   loss: 3.4411 -> 3.1758  accuracy: 33.67% -> 49.75%     
client [52] (testset)   loss: 3.4532 -> 2.6825  accuracy: 27.61% -> 50.75%     
client [42] (testset)   loss: 3.1663 -> 2.5012  accuracy: 32.19% -> 55.48%     
client [69] (testset)   loss: 2.4624 -> 2.3675  accuracy: 41.52% -> 57.40%     
client [59] (testset)   loss: 3.9637 -> 3.2040  accuracy: 23.61% -> 46.78%     
client [26] (testset)   loss: 3.4743 -> 2.5436  accuracy: 17.70% -> 53.10%     
client [7]  (testset)   loss: 4.0440 -> 3.2255  accuracy: 20.61% -> 43.86%     
client [49] (testset)   loss: 3.0471 -> 2.6800  accuracy: 32.72% -> 52.47%     
client [98] (testset)   loss: 3.6264 -> 2.8990  accuracy: 26.76% -> 49.30%     
---------------------------- TRAINING EPOCH: 80 ----------------------------   
client [47] (testset)   loss: 4.0737 -> 2.8923  accuracy: 19.13% -> 44.35%     
client [98] (testset)   loss: 3.6971 -> 2.8634  accuracy: 23.24% -> 44.37%     
client [21] (testset)   loss: 3.8544 -> 2.4821  accuracy: 20.41% -> 45.58%     
client [77] (testset)   loss: 3.7925 -> 2.8557  accuracy: 21.91% -> 51.69%     
client [95] (testset)   loss: 3.9674 -> 3.1248  accuracy: 19.88% -> 47.59%     
client [14] (testset)   loss: 3.1734 -> 2.6318  accuracy: 31.17% -> 45.45%     
client [91] (testset)   loss: 3.8028 -> 2.5037  accuracy: 24.34% -> 48.03%     
client [99] (testset)   loss: 3.8763 -> 3.9221  accuracy: 17.52% -> 35.04%     
client [20] (testset)   loss: 3.2678 -> 2.3921  accuracy: 29.21% -> 56.44%     
client [39] (testset)   loss: 3.6652 -> 2.3903  accuracy: 23.35% -> 46.11%     
---------------------------- TRAINING EPOCH: 90 ----------------------------   
client [52] (testset)   loss: 3.4484 -> 2.8159  accuracy: 25.37% -> 49.25%     
client [62] (testset)   loss: 3.4656 -> 2.8139  accuracy: 26.70% -> 45.63%     
client [71] (testset)   loss: 3.5921 -> 3.0623  accuracy: 25.19% -> 40.46%     
client [97] (testset)   loss: 3.8028 -> 2.8462  accuracy: 24.76% -> 41.90%     
client [30] (testset)   loss: 3.6732 -> 3.4498  accuracy: 29.83% -> 37.57%     
client [88] (testset)   loss: 4.3121 -> 2.9513  accuracy: 17.88% -> 49.16%     
client [60] (testset)   loss: 4.1851 -> 3.7758  accuracy: 12.12% -> 46.97%     
client [82] (testset)   loss: 3.4438 -> 2.8959  accuracy: 27.91% -> 46.51%     
client [91] (testset)   loss: 3.6659 -> 2.5946  accuracy: 23.03% -> 50.00%     
client [57] (testset)   loss: 3.1799 -> 2.1000  accuracy: 29.45% -> 60.12%     
---------------------------- TRAINING EPOCH: 100 ----------------------------  
client [15] (testset)   loss: 3.7806 -> 3.0567  accuracy: 21.17% -> 41.61%     
client [31] (testset)   loss: 3.6642 -> 2.8942  accuracy: 30.00% -> 50.00%     
client [71] (testset)   loss: 4.1390 -> 3.1417  accuracy: 17.56% -> 33.59%     
client [97] (testset)   loss: 4.0142 -> 3.2087  accuracy: 21.90% -> 43.81%     
client [53] (testset)   loss: 3.6492 -> 2.7746  accuracy: 23.40% -> 44.68%     
client [77] (testset)   loss: 3.9847 -> 2.7778  accuracy: 22.47% -> 52.81%     
client [76] (testset)   loss: 4.1391 -> 3.0914  accuracy: 24.02% -> 39.11%     
client [79] (testset)   loss: 3.2878 -> 2.2255  accuracy: 32.96% -> 63.69%     
client [28] (testset)   loss: 3.7508 -> 2.6921  accuracy: 29.84% -> 50.81%     
client [99] (testset)   loss: 4.1903 -> 3.7093  accuracy: 13.14% -> 34.31%     
---------------------------- TRAINING EPOCH: 110 ----------------------------  
client [97] (testset)   loss: 3.5514 -> 3.2602  accuracy: 29.52% -> 37.14%     
client [86] (testset)   loss: 3.2078 -> 3.1471  accuracy: 32.20% -> 48.31%     
client [73] (testset)   loss: 3.7604 -> 3.7236  accuracy: 27.34% -> 36.69%     
client [34] (testset)   loss: 3.6841 -> 3.5147  accuracy: 27.07% -> 42.54%     
client [5]  (testset)   loss: 3.8118 -> 3.1561  accuracy: 22.09% -> 47.24%     
client [96] (testset)   loss: 4.0902 -> 2.7006  accuracy: 20.81% -> 54.34%     
client [60] (testset)   loss: 3.7526 -> 3.0240  accuracy: 21.21% -> 45.45%     
client [22] (testset)   loss: 4.1677 -> 3.6252  accuracy: 23.68% -> 40.79%     
client [66] (testset)   loss: 3.6401 -> 2.8561  accuracy: 27.67% -> 50.97%     
client [83] (testset)   loss: 4.4386 -> 3.1519  accuracy: 17.76% -> 47.37%     
---------------------------- TRAINING EPOCH: 120 ----------------------------  
client [65] (testset)   loss: 4.3602 -> 3.2722  accuracy: 22.73% -> 43.64%     
client [76] (testset)   loss: 4.1104 -> 3.0250  accuracy: 26.26% -> 45.25%     
client [95] (testset)   loss: 4.0268 -> 3.1777  accuracy: 22.89% -> 45.18%     
client [17] (testset)   loss: 4.2872 -> 3.4042  accuracy: 22.56% -> 45.11%     
client [8]  (testset)   loss: 3.5818 -> 3.2865  accuracy: 35.68% -> 51.76%     
client [35] (testset)   loss: 4.5873 -> 3.2287  accuracy: 18.37% -> 49.49%     
client [98] (testset)   loss: 3.9437 -> 2.9867  accuracy: 27.46% -> 48.59%     
client [53] (testset)   loss: 3.4752 -> 2.8147  accuracy: 34.04% -> 47.52%     
client [43] (testset)   loss: 4.7241 -> 3.5345  accuracy: 20.74% -> 37.78%     
client [64] (testset)   loss: 3.7593 -> 2.8788  accuracy: 22.30% -> 47.97%     
---------------------------- TRAINING EPOCH: 130 ----------------------------  
client [21] (testset)   loss: 3.6450 -> 2.7787  accuracy: 25.17% -> 45.58%     
client [88] (testset)   loss: 4.3325 -> 3.1827  accuracy: 20.67% -> 49.16%     
client [3]  (testset)   loss: 3.1547 -> 2.4560  accuracy: 30.47% -> 59.38%     
client [38] (testset)   loss: 3.9938 -> 2.9129  accuracy: 21.23% -> 51.96%     
client [41] (testset)   loss: 4.8012 -> 3.0625  accuracy: 16.13% -> 41.94%     
client [5]  (testset)   loss: 4.0455 -> 3.1618  accuracy: 22.70% -> 50.31%     
client [37] (testset)   loss: 3.8486 -> 3.1063  accuracy: 24.04% -> 49.04%     
client [7]  (testset)   loss: 4.1722 -> 3.3620  accuracy: 20.61% -> 46.05%     
client [45] (testset)   loss: 3.8607 -> 2.7065  accuracy: 26.99% -> 48.23%     
client [47] (testset)   loss: 4.3079 -> 3.0601  accuracy: 20.00% -> 46.96%     
---------------------------- TRAINING EPOCH: 140 ----------------------------  
client [16] (testset)   loss: 4.0870 -> 2.9385  accuracy: 23.97% -> 47.11%     
client [11] (testset)   loss: 3.7762 -> 3.0419  accuracy: 24.86% -> 50.28%     
client [37] (testset)   loss: 4.0331 -> 2.9727  accuracy: 23.08% -> 49.04%     
client [41] (testset)   loss: 4.6423 -> 3.3299  accuracy: 18.55% -> 41.94%     
client [95] (testset)   loss: 4.3362 -> 3.3855  accuracy: 22.89% -> 44.58%     
client [53] (testset)   loss: 3.9077 -> 3.0710  accuracy: 31.91% -> 48.23%     
client [25] (testset)   loss: 3.8427 -> 2.3888  accuracy: 26.04% -> 60.42%     
client [22] (testset)   loss: 4.0121 -> 3.5264  accuracy: 30.92% -> 40.79%     
client [46] (testset)   loss: 3.8395 -> 2.5187  accuracy: 26.67% -> 62.86%     
client [69] (testset)   loss: 3.9547 -> 2.4382  accuracy: 29.24% -> 60.29%     
---------------------------- TRAINING EPOCH: 150 ----------------------------  
client [47] (testset)   loss: 4.3790 -> 3.3799  accuracy: 23.48% -> 44.35%     
client [82] (testset)   loss: 4.4137 -> 3.5585  accuracy: 25.58% -> 45.35%     
client [69] (testset)   loss: 3.9632 -> 2.5970  accuracy: 30.32% -> 58.84%     
client [45] (testset)   loss: 3.9397 -> 2.9983  accuracy: 30.97% -> 48.23%     
client [7]  (testset)   loss: 4.5477 -> 3.5093  accuracy: 20.61% -> 42.98%     
client [50] (testset)   loss: 3.6673 -> 2.8179  accuracy: 35.00% -> 55.00%     
client [24] (testset)   loss: 4.7313 -> 3.6680  accuracy: 18.97% -> 41.38%     
client [35] (testset)   loss: 4.2623 -> 3.3006  accuracy: 27.55% -> 52.55%     
client [15] (testset)   loss: 3.8232 -> 3.6082  accuracy: 26.28% -> 41.61%     
client [58] (testset)   loss: 4.4115 -> 3.5328  accuracy: 26.92% -> 47.69%     
---------------------------- TRAINING EPOCH: 160 ----------------------------  
client [48] (testset)   loss: 3.9976 -> 3.1414  accuracy: 29.70% -> 49.70%     
client [76] (testset)   loss: 4.0809 -> 3.2272  accuracy: 30.73% -> 45.25%     
client [37] (testset)   loss: 4.3402 -> 3.2877  accuracy: 21.15% -> 45.19%     
client [67] (testset)   loss: 4.0439 -> 3.1858  accuracy: 28.02% -> 50.00%     
client [58] (testset)   loss: 4.4671 -> 3.4289  accuracy: 23.85% -> 48.46%     
client [64] (testset)   loss: 4.2603 -> 2.8437  accuracy: 25.00% -> 52.70%     
client [77] (testset)   loss: 4.6370 -> 3.4433  accuracy: 21.91% -> 53.37%     
client [55] (testset)   loss: 3.5860 -> 2.8060  accuracy: 34.06% -> 54.35%     
client [12] (testset)   loss: 3.3698 -> 2.3546  accuracy: 33.33% -> 56.82%     
client [89] (testset)   loss: 4.5404 -> 3.7898  accuracy: 19.75% -> 40.13%     
---------------------------- TRAINING EPOCH: 170 ----------------------------  
client [51] (testset)   loss: 3.8850 -> 3.1493  accuracy: 22.30% -> 47.30%     
client [84] (testset)   loss: 4.1457 -> 3.5767  accuracy: 27.97% -> 43.64%     
client [8]  (testset)   loss: 4.0865 -> 3.4685  accuracy: 32.66% -> 52.26%     
client [18] (testset)   loss: 3.4425 -> 2.9889  accuracy: 37.50% -> 54.69%     
client [94] (testset)   loss: 5.0456 -> 3.4633  accuracy: 21.54% -> 45.38%     
client [81] (testset)   loss: 3.8924 -> 3.6912  accuracy: 33.77% -> 49.01%     
client [3]  (testset)   loss: 3.3174 -> 2.4191  accuracy: 36.72% -> 62.50%     
client [11] (testset)   loss: 3.9223 -> 3.0092  accuracy: 27.68% -> 54.80%     
client [95] (testset)   loss: 4.4479 -> 3.6509  accuracy: 23.49% -> 43.37%     
client [67] (testset)   loss: 3.7248 -> 2.7754  accuracy: 31.32% -> 54.40%     
---------------------------- TRAINING EPOCH: 180 ----------------------------  
client [21] (testset)   loss: 4.3972 -> 3.0993  accuracy: 23.13% -> 47.62%     
client [79] (testset)   loss: 3.6341 -> 2.0441  accuracy: 32.96% -> 67.60%     
client [58] (testset)   loss: 4.2815 -> 3.1866  accuracy: 26.15% -> 48.46%     
client [88] (testset)   loss: 4.6853 -> 3.5906  accuracy: 22.91% -> 49.16%     
client [46] (testset)   loss: 4.1391 -> 3.1677  accuracy: 25.71% -> 60.95%     
client [11] (testset)   loss: 4.0038 -> 3.1211  accuracy: 30.51% -> 53.11%     
client [55] (testset)   loss: 3.9198 -> 3.0181  accuracy: 30.43% -> 48.55%     
client [13] (testset)   loss: 3.8459 -> 2.9549  accuracy: 33.33% -> 50.88%     
client [31] (testset)   loss: 4.2511 -> 3.4744  accuracy: 29.47% -> 50.00%     
client [75] (testset)   loss: 3.8411 -> 2.8841  accuracy: 36.32% -> 56.60%     
---------------------------- TRAINING EPOCH: 190 ----------------------------  
client [19] (testset)   loss: 4.3993 -> 3.5639  accuracy: 23.78% -> 43.29%     
client [7]  (testset)   loss: 5.2404 -> 3.6902  accuracy: 20.18% -> 44.30%     
client [57] (testset)   loss: 3.4572 -> 2.7062  accuracy: 37.42% -> 57.67%     
client [13] (testset)   loss: 4.2577 -> 2.9159  accuracy: 27.49% -> 47.95%     
client [43] (testset)   loss: 5.6134 -> 4.2880  accuracy: 20.00% -> 37.78%     
client [91] (testset)   loss: 5.0922 -> 3.3148  accuracy: 21.71% -> 42.76%     
client [10] (testset)   loss: 4.3807 -> 3.3652  accuracy: 23.08% -> 48.08%     
client [82] (testset)   loss: 4.5335 -> 4.1048  accuracy: 29.07% -> 38.37%     
client [64] (testset)   loss: 3.6924 -> 2.8431  accuracy: 26.35% -> 54.05%     
client [22] (testset)   loss: 4.9753 -> 4.0172  accuracy: 25.66% -> 42.76%     
---------------------------- TRAINING EPOCH: 200 ----------------------------  
client [23] (testset)   loss: 4.7456 -> 3.7551  accuracy: 26.36% -> 48.18%     
client [20] (testset)   loss: 4.9929 -> 2.8671  accuracy: 21.29% -> 59.90%     
client [88] (testset)   loss: 4.9205 -> 3.7693  accuracy: 28.49% -> 46.93%     
client [98] (testset)   loss: 4.2285 -> 3.3121  accuracy: 30.99% -> 49.30%     
client [79] (testset)   loss: 3.2704 -> 2.1599  accuracy: 40.22% -> 64.80%     
client [21] (testset)   loss: 4.9692 -> 3.1307  accuracy: 19.05% -> 46.94%     
client [92] (testset)   loss: 4.5721 -> 4.6161  accuracy: 34.69% -> 42.86%     
client [56] (testset)   loss: 3.4800 -> 2.4419  accuracy: 42.86% -> 58.33%     
client [52] (testset)   loss: 4.4462 -> 3.5237  accuracy: 30.60% -> 51.49%     
client [5]  (testset)   loss: 4.8941 -> 3.5303  accuracy: 22.70% -> 50.92%     
FedDpa's average time taken by each global epoch: 0 min 3.49 sec.              
FedDpa's total running time: 0 h 12 m 26 s.                                    
==================== FedDpa Experiment Results: ====================           
Display format: (before local fine-tuning) -> (after local fine-tuning)        
 So if finetune_epoch = 0, x.xx% -> 0.00% is normal.                           
 Centralized testing ONLY happens after model aggregation, so the stats between
'->' are the same.                                                             
{                                                                              
    "100": {                                                                   
        "all_clients": {                                                       
            "test": {                                                          
                "loss": "3.7066 -> 0.0000",                                    
                "accuracy": "26.29% -> 0.00%"                                  
            }                                                                  
        }                                                                      
    },                                                                         
    "200": {                                                                   
        "all_clients": {                                                       
            "test": {                                                          
                "loss": "4.4440 -> 0.0000",                                    
                "accuracy": "26.95% -> 0.00%"                                  
            }                                                                  
        }                                                                      
    }                                                                          
}                                                                              
==================== FedDpa Max Accuracy ====================                  
all_clients:                                                                   
(test) before fine-tuning: 26.95% at epoch 200                                 
(test) after fine-tuning: 0.00% at epoch 100                                   
