==================== FedDpag ====================                              
Experiment Arguments:                                                          
{
    'method': 'feddpag',
    'dataset': {
        'name': 'medmnistA',
        'client_num': 100,
        'test_ratio': 0.25,
        'val_ratio': 0.0,
        'seed': 42,
        'split': 'sample',
        'IID_ratio': 0.0,
        'monitor_window_name_suffix': 'medmnistA-100clients-0%IID-Dir(0.1)-seed42',
        'alpha': 0.1,
        'min_samples_per_client': 10
    },
    'model': {
        'name': 'avgcnn',
        'use_torchvision_pretrained_weights': True,
        'external_model_weights_path': None
    },
    'optimizer': {
        'lr': 0.01,
        'dampening': 0,
        'weight_decay': 0,
        'momentum': 0.7,
        'nesterov': False,
        'name': 'sgd'
    },
    'mode': 'serial',
    'parallel': {
        'ray_cluster_addr': None,
        'num_cpus': None,
        'num_gpus': None,
        'num_workers': 2
    },
    'common': {
        'seed': 42,
        'join_ratio': 0.1,
        'global_epoch': 200,
        'local_epoch': 5,
        'batch_size': 32,
        'reset_optimizer_on_global_epoch': True,
        'straggler_ratio': 0,
        'straggler_min_local_epoch': 0,
        'buffers': 'global',
        'client_side_evaluation': True,
        'test': {
            'client': {
                'interval': 100,
                'finetune_epoch': 0,
                'train': False,
                'val': False,
                'test': True
            },
            'server': {
                'interval': -1,
                'train': False,
                'val': False,
                'test': True,
                'model_in_train_mode': False
            }
        },
        'verbose_gap': 10,
        'monitor': None,
        'use_cuda': True,
        'save_log': True,
        'save_model': False,
        'save_learning_curve_plot': True,
        'save_metrics': True,
        'delete_useless_run': True
    },
    'fedprox': {
        'mu': 0.01
    },
    'pfedsim': {
        'warmup_round': 0.5
    },
    'feddpag': {
        'fisher_threshold': 0.991
    }
}
---------------------------- TRAINING EPOCH: 10 ----------------------------   
client [77] (testset)   loss: 2.6104 -> 1.1855  accuracy: 0.00% -> 58.33%      
client [81] (testset)   loss: 4.0122 -> 0.8439  accuracy: 0.00% -> 43.60%      
client [21] (testset)   loss: 4.6677 -> 0.8845  accuracy: 1.59% -> 53.44%      
client [68] (testset)   loss: 3.5797 -> 0.0022  accuracy: 0.00% -> 100.00%     
client [93] (testset)   loss: 4.4230 -> 0.9992  accuracy: 0.00% -> 88.89%      
client [31] (testset)   loss: 3.7872 -> 1.5818  accuracy: 0.00% -> 55.00%      
client [20] (testset)   loss: 0.7384 -> 0.5893  accuracy: 88.08% -> 88.08%     
client [59] (testset)   loss: 3.5580 -> 1.1537  accuracy: 0.00% -> 52.00%      
client [48] (testset)   loss: 2.8142 -> 0.8204  accuracy: 0.00% -> 74.14%      
client [34] (testset)   loss: 2.0702 -> 1.3539  accuracy: 37.04% -> 37.04%     
---------------------------- TRAINING EPOCH: 20 ----------------------------   
client [69] (testset)   loss: 2.0417 -> 1.0634  accuracy: 63.83% -> 63.83%     
client [99] (testset)   loss: 2.0754 -> 1.1857  accuracy: 0.00% -> 63.53%      
client [67] (testset)   loss: 2.0108 -> 1.1345  accuracy: 0.30% -> 55.29%      
client [0]  (testset)   loss: 2.1042 -> 0.9293  accuracy: 6.17% -> 60.35%      
client [76] (testset)   loss: 1.8812 -> 1.2976  accuracy: 52.13% -> 52.13%     
client [41] (testset)   loss: 1.7959 -> 0.8441  accuracy: 4.23% -> 59.15%      
client [62] (testset)   loss: 2.1874 -> 0.9169  accuracy: 10.00% -> 65.00%     
client [2]  (testset)   loss: 2.7122 -> 1.6570  accuracy: 5.71% -> 37.14%      
client [14] (testset)   loss: 0.7981 -> 0.1615  accuracy: 97.22% -> 97.22%     
client [46] (testset)   loss: 1.7164 -> 0.9072  accuracy: 59.30% -> 36.63%     
---------------------------- TRAINING EPOCH: 30 ----------------------------   
client [24] (testset)   loss: 0.2480 -> 0.1562  accuracy: 96.84% -> 96.84%     
client [68] (testset)   loss: 2.4485 -> 0.0115  accuracy: 0.00% -> 100.00%     
client [57] (testset)   loss: 2.3158 -> 0.5801  accuracy: 0.00% -> 79.69%      
client [17] (testset)   loss: 2.0319 -> 1.5034  accuracy: 38.46% -> 38.46%     
client [54] (testset)   loss: 3.8903 -> 0.6818  accuracy: 0.00% -> 80.00%      
client [23] (testset)   loss: 2.6608 -> 0.9369  accuracy: 36.67% -> 56.67%     
client [35] (testset)   loss: 1.5252 -> 1.1816  accuracy: 46.30% -> 46.30%     
client [59] (testset)   loss: 2.3261 -> 0.9322  accuracy: 52.00% -> 52.00%     
client [31] (testset)   loss: 4.1640 -> 1.6160  accuracy: 0.00% -> 55.00%      
client [9]  (testset)   loss: 1.1509 -> 0.7062  accuracy: 9.27% -> 83.44%      
---------------------------- TRAINING EPOCH: 40 ----------------------------   
client [64] (testset)   loss: 1.8177 -> 1.2457  accuracy: 0.00% -> 66.67%      
client [33] (testset)   loss: 1.3071 -> 0.6961  accuracy: 75.00% -> 75.00%     
client [16] (testset)   loss: 0.4783 -> 0.3079  accuracy: 92.63% -> 92.63%     
client [44] (testset)   loss: 3.0600 -> 1.8800  accuracy: 7.69% -> 61.54%      
client [8]  (testset)   loss: 2.6897 -> 1.8113  accuracy: 11.36% -> 40.91%     
client [31] (testset)   loss: 3.8754 -> 1.7304  accuracy: 10.00% -> 55.00%     
client [47] (testset)   loss: 2.4196 -> 1.0369  accuracy: 11.81% -> 39.76%     
client [36] (testset)   loss: 2.5751 -> 1.4019  accuracy: 30.00% -> 37.50%     
client [20] (testset)   loss: 1.3055 -> 0.5680  accuracy: 2.07% -> 88.08%      
client [56] (testset)   loss: 3.1934 -> 1.6475  accuracy: 0.00% -> 16.39%      
---------------------------- TRAINING EPOCH: 50 ----------------------------   
client [4]  (testset)   loss: 1.0899 -> 0.9327  accuracy: 76.74% -> 76.74%     
client [60] (testset)   loss: 1.1295 -> 0.1767  accuracy: 96.62% -> 96.62%     
client [28] (testset)   loss: 1.9709 -> 0.9827  accuracy: 4.35% -> 73.37%      
client [25] (testset)   loss: 2.1914 -> 0.8236  accuracy: 0.00% -> 73.02%      
client [58] (testset)   loss: 0.8733 -> 0.2308  accuracy: 94.34% -> 94.34%     
client [44] (testset)   loss: 1.7358 -> 1.6512  accuracy: 61.54% -> 61.54%     
client [39] (testset)   loss: 1.8428 -> 1.5879  accuracy: 43.40% -> 43.40%     
client [29] (testset)   loss: 2.0841 -> 0.9457  accuracy: 10.05% -> 73.87%     
client [3]  (testset)   loss: 1.7529 -> 0.8008  accuracy: 63.64% -> 36.36%     
client [84] (testset)   loss: 1.6335 -> 0.8098  accuracy: 56.96% -> 56.96%     
---------------------------- TRAINING EPOCH: 60 ----------------------------   
client [21] (testset)   loss: 2.4766 -> 0.8778  accuracy: 0.00% -> 53.44%      
client [84] (testset)   loss: 1.2130 -> 0.8052  accuracy: 56.96% -> 56.96%     
client [10] (testset)   loss: 2.8058 -> 0.9776  accuracy: 0.00% -> 39.61%      
client [36] (testset)   loss: 2.0472 -> 1.4293  accuracy: 30.00% -> 30.00%     
client [65] (testset)   loss: 0.9221 -> 0.6428  accuracy: 83.56% -> 83.56%     
client [81] (testset)   loss: 1.6173 -> 0.7904  accuracy: 43.60% -> 54.74%     
client [79] (testset)   loss: 1.3713 -> 0.9313  accuracy: 77.78% -> 77.78%     
client [42] (testset)   loss: 1.6689 -> 1.1151  accuracy: 58.33% -> 58.33%     
client [11] (testset)   loss: 2.2238 -> 1.1636  accuracy: 0.00% -> 50.88%      
client [96] (testset)   loss: 1.9327 -> 1.2044  accuracy: 55.39% -> 55.39%     
---------------------------- TRAINING EPOCH: 70 ----------------------------   
client [8]  (testset)   loss: 2.9517 -> 1.7602  accuracy: 2.27% -> 40.91%      
client [53] (testset)   loss: 0.7667 -> 0.2318  accuracy: 94.85% -> 94.85%     
client [52] (testset)   loss: 1.5691 -> 0.8766  accuracy: 75.22% -> 75.22%     
client [42] (testset)   loss: 2.7048 -> 1.1039  accuracy: 0.00% -> 58.33%      
client [69] (testset)   loss: 1.5023 -> 1.1527  accuracy: 63.83% -> 63.83%     
client [59] (testset)   loss: 2.1810 -> 0.9478  accuracy: 42.00% -> 52.00%     
client [7]  (testset)   loss: 2.5509 -> 0.4753  accuracy: 0.00% -> 88.85%      
client [26] (testset)   loss: 3.1874 -> 1.2744  accuracy: 0.00% -> 50.53%      
client [49] (testset)   loss: 1.0870 -> 0.7856  accuracy: 79.77% -> 79.77%     
client [98] (testset)   loss: 1.2388 -> 0.9548  accuracy: 74.68% -> 74.68%     
---------------------------- TRAINING EPOCH: 80 ----------------------------   
client [98] (testset)   loss: 1.3818 -> 0.9576  accuracy: 74.68% -> 74.68%     
client [47] (testset)   loss: 2.9471 -> 1.0217  accuracy: 11.81% -> 48.19%     
client [21] (testset)   loss: 2.5744 -> 0.8964  accuracy: 42.06% -> 53.44%     
client [77] (testset)   loss: 2.4543 -> 1.2659  accuracy: 58.33% -> 58.33%     
client [95] (testset)   loss: 0.3590 -> 0.2757  accuracy: 94.83% -> 94.83%     
client [91] (testset)   loss: 0.9817 -> 0.6481  accuracy: 88.24% -> 88.24%     
client [14] (testset)   loss: 0.1973 -> 0.1738  accuracy: 97.22% -> 97.22%     
client [99] (testset)   loss: 1.8040 -> 1.1899  accuracy: 16.47% -> 63.53%     
client [20] (testset)   loss: 1.8202 -> 0.6053  accuracy: 2.07% -> 88.08%      
client [39] (testset)   loss: 2.8445 -> 1.5750  accuracy: 9.43% -> 43.40%      
---------------------------- TRAINING EPOCH: 90 ----------------------------   
client [52] (testset)   loss: 2.5106 -> 0.8667  accuracy: 0.88% -> 75.22%      
client [62] (testset)   loss: 1.6905 -> 0.9275  accuracy: 65.00% -> 65.00%     
client [71] (testset)   loss: 2.0201 -> 1.2902  accuracy: 0.00% -> 50.00%      
client [97] (testset)   loss: 2.7588 -> 1.3582  accuracy: 0.00% -> 47.72%      
client [30] (testset)   loss: 1.3094 -> 0.9012  accuracy: 54.29% -> 54.29%     
client [88] (testset)   loss: 2.7620 -> 1.1795  accuracy: 0.00% -> 67.57%      
client [60] (testset)   loss: 0.6896 -> 0.1910  accuracy: 96.62% -> 96.62%     
client [82] (testset)   loss: 2.4225 -> 1.7270  accuracy: 11.63% -> 46.51%     
client [91] (testset)   loss: 2.0927 -> 0.6048  accuracy: 0.00% -> 88.24%      
client [57] (testset)   loss: 2.8319 -> 0.5603  accuracy: 19.53% -> 79.69%     
---------------------------- TRAINING EPOCH: 100 ----------------------------  
client [31] (testset)   loss: 1.9219 -> 1.5088  accuracy: 55.00% -> 55.00%     
client [15] (testset)   loss: 1.8857 -> 0.8375  accuracy: 17.65% -> 76.47%     
client [71] (testset)   loss: 1.6241 -> 1.2782  accuracy: 50.00% -> 50.00%     
client [97] (testset)   loss: 1.6327 -> 1.3335  accuracy: 47.72% -> 47.72%     
client [53] (testset)   loss: 1.5734 -> 0.2310  accuracy: 0.00% -> 94.85%      
client [77] (testset)   loss: 2.2593 -> 0.9873  accuracy: 1.19% -> 58.33%      
client [76] (testset)   loss: 2.0976 -> 1.2841  accuracy: 52.13% -> 52.13%     
client [79] (testset)   loss: 1.9425 -> 0.9528  accuracy: 0.00% -> 77.78%      
client [28] (testset)   loss: 1.3190 -> 0.9504  accuracy: 73.37% -> 73.37%     
client [99] (testset)   loss: 1.6433 -> 1.1726  accuracy: 63.53% -> 63.53%     
---------------------------- TRAINING EPOCH: 110 ----------------------------  
client [97] (testset)   loss: 1.8158 -> 1.3772  accuracy: 47.72% -> 47.72%     
client [86] (testset)   loss: 0.5987 -> 0.5067  accuracy: 84.66% -> 84.66%     
client [34] (testset)   loss: 2.7482 -> 1.3547  accuracy: 0.00% -> 37.04%      
client [73] (testset)   loss: 2.0954 -> 0.8090  accuracy: 40.00% -> 40.00%     
client [5]  (testset)   loss: 1.7448 -> 1.4596  accuracy: 43.96% -> 43.96%     
client [96] (testset)   loss: 2.1863 -> 1.2429  accuracy: 21.98% -> 55.39%     
client [22] (testset)   loss: 1.1860 -> 0.4151  accuracy: 89.95% -> 89.95%     
client [60] (testset)   loss: 0.4374 -> 0.2523  accuracy: 96.62% -> 96.62%     
client [66] (testset)   loss: 1.7437 -> 1.1225  accuracy: 50.78% -> 50.78%     
client [83] (testset)   loss: 1.4755 -> 0.6931  accuracy: 85.00% -> 85.00%     
---------------------------- TRAINING EPOCH: 120 ----------------------------  
client [76] (testset)   loss: 1.6441 -> 1.2977  accuracy: 52.13% -> 52.13%     
client [65] (testset)   loss: 0.8548 -> 0.5705  accuracy: 83.56% -> 83.56%     
client [95] (testset)   loss: 1.5174 -> 0.4941  accuracy: 94.83% -> 94.83%     
client [17] (testset)   loss: 2.6192 -> 1.5182  accuracy: 27.69% -> 27.69%     
client [8]  (testset)   loss: 2.3302 -> 1.7223  accuracy: 22.73% -> 40.91%     
client [35] (testset)   loss: 1.9947 -> 1.2213  accuracy: 17.59% -> 46.30%     
client [98] (testset)   loss: 1.1366 -> 0.9540  accuracy: 74.68% -> 74.68%     
client [53] (testset)   loss: 0.3428 -> 0.2332  accuracy: 94.85% -> 94.85%     
client [43] (testset)   loss: 1.6029 -> 0.3287  accuracy: 93.29% -> 93.29%     
client [64] (testset)   loss: 1.8442 -> 1.1860  accuracy: 66.67% -> 66.67%     
---------------------------- TRAINING EPOCH: 130 ----------------------------  
client [21] (testset)   loss: 2.8708 -> 0.9073  accuracy: 2.91% -> 53.44%      
client [88] (testset)   loss: 2.3609 -> 1.2526  accuracy: 0.00% -> 67.57%      
client [38] (testset)   loss: 1.6087 -> 1.0570  accuracy: 4.76% -> 66.67%      
client [3]  (testset)   loss: 1.7759 -> 1.1206  accuracy: 0.00% -> 36.36%      
client [5]  (testset)   loss: 2.6076 -> 1.4901  accuracy: 0.00% -> 43.96%      
client [41] (testset)   loss: 2.6168 -> 0.8406  accuracy: 0.00% -> 59.15%      
client [7]  (testset)   loss: 1.0031 -> 0.4776  accuracy: 88.85% -> 88.85%     
client [37] (testset)   loss: 1.7646 -> 0.4833  accuracy: 0.00% -> 87.45%      
client [45] (testset)   loss: 3.6537 -> 1.5826  accuracy: 22.00% -> 44.00%     
client [47] (testset)   loss: 2.9204 -> 1.0000  accuracy: 0.00% -> 39.76%      
---------------------------- TRAINING EPOCH: 140 ----------------------------  
client [16] (testset)   loss: 1.2414 -> 0.2985  accuracy: 92.63% -> 92.63%     
client [11] (testset)   loss: 1.6031 -> 1.1776  accuracy: 50.88% -> 50.88%     
client [37] (testset)   loss: 0.6442 -> 0.4943  accuracy: 87.45% -> 87.45%     
client [41] (testset)   loss: 1.3704 -> 0.8421  accuracy: 59.15% -> 59.15%     
client [95] (testset)   loss: 0.4347 -> 0.2842  accuracy: 94.83% -> 94.83%     
client [53] (testset)   loss: 1.9977 -> 0.2332  accuracy: 0.00% -> 94.85%      
client [22] (testset)   loss: 0.9829 -> 0.4105  accuracy: 89.95% -> 89.95%     
client [25] (testset)   loss: 2.0511 -> 0.7765  accuracy: 23.81% -> 73.02%     
client [69] (testset)   loss: 1.7855 -> 1.0465  accuracy: 63.83% -> 63.83%     
client [46] (testset)   loss: 1.7613 -> 0.8505  accuracy: 59.30% -> 59.30%     
---------------------------- TRAINING EPOCH: 150 ----------------------------  
client [47] (testset)   loss: 1.7766 -> 0.9907  accuracy: 39.76% -> 48.19%     
client [69] (testset)   loss: 2.1979 -> 1.0554  accuracy: 4.26% -> 63.83%      
client [82] (testset)   loss: 2.4415 -> 1.6033  accuracy: 11.63% -> 46.51%     
client [45] (testset)   loss: 2.9068 -> 1.5926  accuracy: 6.00% -> 44.00%      
client [7]  (testset)   loss: 2.8774 -> 0.4770  accuracy: 0.00% -> 88.85%      
client [50] (testset)   loss: 1.0026 -> 0.6842  accuracy: 79.27% -> 79.27%     
client [35] (testset)   loss: 1.3626 -> 1.1746  accuracy: 46.30% -> 46.30%     
client [24] (testset)   loss: 3.5536 -> 0.1636  accuracy: 0.00% -> 96.84%      
client [15] (testset)   loss: 1.8536 -> 0.8747  accuracy: 0.00% -> 76.47%      
client [58] (testset)   loss: 0.6219 -> 0.2331  accuracy: 94.34% -> 94.34%     
---------------------------- TRAINING EPOCH: 160 ----------------------------  
client [48] (testset)   loss: 1.4041 -> 0.7307  accuracy: 74.14% -> 74.14%     
client [76] (testset)   loss: 3.0421 -> 1.2960  accuracy: 0.00% -> 52.13%      
client [67] (testset)   loss: 1.1492 -> 1.2186  accuracy: 55.29% -> 55.29%     
client [37] (testset)   loss: 2.5689 -> 0.4840  accuracy: 0.00% -> 87.45%      
client [58] (testset)   loss: 0.5162 -> 0.2322  accuracy: 94.34% -> 94.34%     
client [64] (testset)   loss: 1.3484 -> 1.3035  accuracy: 66.67% -> 66.67%     
client [77] (testset)   loss: 2.6921 -> 1.0019  accuracy: 1.19% -> 58.33%      
client [55] (testset)   loss: 3.3687 -> 2.1292  accuracy: 12.50% -> 50.00%     
client [12] (testset)   loss: 0.7051 -> 0.5213  accuracy: 86.14% -> 86.14%     
client [89] (testset)   loss: 2.5600 -> 1.8908  accuracy: 18.75% -> 18.75%     
---------------------------- TRAINING EPOCH: 170 ----------------------------  
client [84] (testset)   loss: 1.7925 -> 0.8831  accuracy: 40.51% -> 40.51%     
client [51] (testset)   loss: 1.7132 -> 0.8290  accuracy: 66.67% -> 66.67%     
client [8]  (testset)   loss: 3.6198 -> 1.7613  accuracy: 0.00% -> 40.91%      
client [18] (testset)   loss: 1.6546 -> 0.9399  accuracy: 65.38% -> 65.38%     
client [94] (testset)   loss: 1.6609 -> 1.4133  accuracy: 50.00% -> 20.31%     
client [81] (testset)   loss: 0.9653 -> 0.8433  accuracy: 54.74% -> 54.74%     
client [3]  (testset)   loss: 1.7977 -> 0.7461  accuracy: 63.64% -> 63.64%     
client [11] (testset)   loss: 1.7169 -> 1.1724  accuracy: 50.88% -> 50.88%     
client [95] (testset)   loss: 0.4570 -> 0.3045  accuracy: 94.83% -> 94.83%     
client [67] (testset)   loss: 1.3478 -> 1.1899  accuracy: 55.29% -> 55.29%     
---------------------------- TRAINING EPOCH: 180 ----------------------------  
client [21] (testset)   loss: 3.6004 -> 0.8933  accuracy: 0.00% -> 53.44%      
client [79] (testset)   loss: 1.2275 -> 0.9160  accuracy: 77.78% -> 77.78%     
client [58] (testset)   loss: 0.3475 -> 0.2277  accuracy: 94.34% -> 94.34%     
client [88] (testset)   loss: 2.1405 -> 1.1510  accuracy: 0.00% -> 67.57%      
client [46] (testset)   loss: 1.7307 -> 0.8991  accuracy: 36.63% -> 59.30%     
client [11] (testset)   loss: 1.6970 -> 1.1901  accuracy: 26.21% -> 50.88%     
client [55] (testset)   loss: 1.6910 -> 1.5979  accuracy: 50.00% -> 50.00%     
client [13] (testset)   loss: 0.1540 -> 0.1388  accuracy: 97.78% -> 97.78%     
client [31] (testset)   loss: 3.8497 -> 1.5300  accuracy: 0.00% -> 55.00%      
client [75] (testset)   loss: 2.1022 -> 1.5160  accuracy: 29.15% -> 29.15%     
---------------------------- TRAINING EPOCH: 190 ----------------------------  
client [19] (testset)   loss: 2.1264 -> 1.5567  accuracy: 37.50% -> 37.50%     
client [7]  (testset)   loss: 0.5931 -> 0.4962  accuracy: 88.85% -> 88.85%     
client [57] (testset)   loss: 0.9460 -> 0.6732  accuracy: 79.69% -> 79.69%     
client [13] (testset)   loss: 1.8592 -> 0.1729  accuracy: 0.00% -> 97.78%      
client [43] (testset)   loss: 0.4641 -> 0.3194  accuracy: 93.29% -> 93.29%     
client [91] (testset)   loss: 4.1035 -> 0.5864  accuracy: 0.00% -> 88.24%      
client [10] (testset)   loss: 2.3525 -> 0.9364  accuracy: 39.61% -> 53.62%     
client [64] (testset)   loss: 1.7307 -> 1.2858  accuracy: 66.67% -> 66.67%     
client [82] (testset)   loss: 2.2280 -> 1.6081  accuracy: 11.63% -> 46.51%     
client [22] (testset)   loss: 1.9031 -> 0.4313  accuracy: 3.20% -> 89.95%      
---------------------------- TRAINING EPOCH: 200 ----------------------------  
client [20] (testset)   loss: 1.5181 -> 0.6016  accuracy: 88.08% -> 88.08%     
client [23] (testset)   loss: 1.5265 -> 0.9331  accuracy: 56.67% -> 56.67%     
client [88] (testset)   loss: 2.7684 -> 1.1592  accuracy: 0.00% -> 67.57%      
client [98] (testset)   loss: 1.9486 -> 0.9438  accuracy: 14.56% -> 74.68%     
client [79] (testset)   loss: 3.9518 -> 0.9416  accuracy: 0.00% -> 77.78%      
client [21] (testset)   loss: 1.9855 -> 0.8967  accuracy: 53.44% -> 53.44%     
client [92] (testset)   loss: 0.9795 -> 1.1576  accuracy: 63.64% -> 63.64%     
client [56] (testset)   loss: 2.9750 -> 1.5912  accuracy: 0.00% -> 44.26%      
client [5]  (testset)   loss: 2.7621 -> 1.4668  accuracy: 21.98% -> 43.96%     
client [52] (testset)   loss: 1.2875 -> 0.8621  accuracy: 75.22% -> 75.22%     
FedDpag's average time taken by each global epoch: 0 min 2.31 sec.             
FedDpag's total running time: 0 h 7 m 47 s.                                    
==================== FedDpag Experiment Results: ====================          
Display format: (before local fine-tuning) -> (after local fine-tuning)        
 So if finetune_epoch = 0, x.xx% -> 0.00% is normal.                           
 Centralized testing ONLY happens after model aggregation, so the stats between
'->' are the same.                                                             
{                                                                              
    "100": {                                                                   
        "all_clients": {                                                       
            "test": {                                                          
                "loss": "1.5545 -> 0.0000",                                    
                "accuracy": "55.55% -> 0.00%"                                  
            }                                                                  
        }                                                                      
    },                                                                         
    "200": {                                                                   
        "all_clients": {                                                       
            "test": {                                                          
                "loss": "1.6017 -> 0.0000",                                    
                "accuracy": "53.15% -> 0.00%"                                  
            }                                                                  
        }                                                                      
    }                                                                          
}                                                                              
==================== FedDpag Max Accuracy ====================                 
all_clients:                                                                   
(test) before fine-tuning: 55.55% at epoch 100                                 
(test) after fine-tuning: 0.00% at epoch 100                                   
