==================== FedDpa ====================                               
Experiment Arguments:                                                          
{
    'method': 'feddpa',
    'dataset': {
        'name': 'fmnist',
        'client_num': 100,
        'test_ratio': 0.25,
        'val_ratio': 0.0,
        'seed': 42,
        'split': 'sample',
        'IID_ratio': 0.0,
        'monitor_window_name_suffix': 'fmnist-100clients-0%IID-Dir(0.1)-seed42',
        'alpha': 0.1,
        'min_samples_per_client': 10
    },
    'model': {
        'name': 'avgcnn',
        'use_torchvision_pretrained_weights': True,
        'external_model_weights_path': None
    },
    'optimizer': {
        'lr': 0.01,
        'dampening': 0,
        'weight_decay': 0,
        'momentum': 0.7,
        'nesterov': False,
        'name': 'sgd'
    },
    'mode': 'serial',
    'parallel': {
        'ray_cluster_addr': None,
        'num_cpus': None,
        'num_gpus': None,
        'num_workers': 2
    },
    'common': {
        'seed': 42,
        'join_ratio': 0.1,
        'global_epoch': 200,
        'local_epoch': 5,
        'batch_size': 32,
        'reset_optimizer_on_global_epoch': True,
        'straggler_ratio': 0,
        'straggler_min_local_epoch': 0,
        'buffers': 'global',
        'client_side_evaluation': True,
        'test': {
            'client': {
                'interval': 100,
                'finetune_epoch': 0,
                'train': False,
                'val': False,
                'test': True
            },
            'server': {
                'interval': -1,
                'train': False,
                'val': False,
                'test': True,
                'model_in_train_mode': False
            }
        },
        'verbose_gap': 10,
        'monitor': None,
        'use_cuda': True,
        'save_log': True,
        'save_model': False,
        'save_learning_curve_plot': True,
        'save_metrics': True,
        'delete_useless_run': True
    },
    'fedprox': {
        'mu': 0.01
    },
    'pfedsim': {
        'warmup_round': 0.5
    },
    'feddpa': {
        'fisher_threshold': 0.995
    }
}
---------------------------- TRAINING EPOCH: 10 ----------------------------   
client [77] (testset)   loss: 0.1891 -> 0.0463  accuracy: 92.23% -> 97.93%     
client [81] (testset)   loss: 0.1654 -> 0.0136  accuracy: 94.44% -> 100.00%    
client [21] (testset)   loss: 0.6797 -> 0.2422  accuracy: 76.40% -> 92.55%     
client [68] (testset)   loss: 0.3250 -> 0.1421  accuracy: 87.27% -> 94.55%     
client [93] (testset)   loss: 0.3038 -> 0.0294  accuracy: 91.53% -> 100.00%    
client [31] (testset)   loss: 0.4547 -> 0.6015  accuracy: 86.15% -> 70.77%     
client [20] (testset)   loss: 0.2164 -> 0.0610  accuracy: 93.01% -> 97.85%     
client [59] (testset)   loss: 0.6623 -> 0.4191  accuracy: 81.75% -> 88.32%     
client [48] (testset)   loss: 0.6377 -> 0.0133  accuracy: 79.75% -> 100.00%    
client [34] (testset)   loss: 0.3333 -> 0.3290  accuracy: 80.77% -> 92.31%     
---------------------------- TRAINING EPOCH: 20 ----------------------------   
client [69] (testset)   loss: 0.3302 -> 0.1420  accuracy: 85.80% -> 95.06%     
client [99] (testset)   loss: 0.8114 -> 0.0498  accuracy: 70.26% -> 98.42%     
client [67] (testset)   loss: 2.2301 -> 0.1311  accuracy: 17.53% -> 96.22%     
client [0]  (testset)   loss: 0.3140 -> 0.1829  accuracy: 85.71% -> 89.80%     
client [76] (testset)   loss: 0.6846 -> 0.3003  accuracy: 80.00% -> 86.67%     
client [41] (testset)   loss: 0.4457 -> 0.1825  accuracy: 89.52% -> 93.55%     
client [62] (testset)   loss: 2.0258 -> 0.2312  accuracy: 40.00% -> 95.00%     
client [2]  (testset)   loss: 0.8882 -> 0.0105  accuracy: 66.52% -> 99.56%     
client [14] (testset)   loss: 1.6727 -> 0.3166  accuracy: 42.38% -> 90.24%     
client [46] (testset)   loss: 2.4425 -> 0.3685  accuracy: 10.42% -> 90.62%     
---------------------------- TRAINING EPOCH: 30 ----------------------------   
client [24] (testset)   loss: 0.7169 -> 0.3288  accuracy: 68.00% -> 88.57%     
client [68] (testset)   loss: 0.2484 -> 0.1017  accuracy: 91.82% -> 96.36%     
client [57] (testset)   loss: 0.1244 -> 0.0210  accuracy: 97.45% -> 99.64%     
client [17] (testset)   loss: 0.6198 -> 0.1130  accuracy: 72.19% -> 95.72%     
client [54] (testset)   loss: 0.5528 -> 0.2371  accuracy: 76.62% -> 89.61%     
client [23] (testset)   loss: 0.3334 -> 0.1587  accuracy: 86.87% -> 94.95%     
client [35] (testset)   loss: 1.1933 -> 0.0089  accuracy: 52.70% -> 100.00%    
client [59] (testset)   loss: 0.8489 -> 0.3881  accuracy: 67.88% -> 88.32%     
client [31] (testset)   loss: 0.4214 -> 0.2128  accuracy: 80.00% -> 92.31%     
client [9]  (testset)   loss: 0.2627 -> 0.1246  accuracy: 93.06% -> 95.83%     
---------------------------- TRAINING EPOCH: 40 ----------------------------   
client [64] (testset)   loss: 0.5416 -> 0.1475  accuracy: 77.44% -> 94.74%     
client [33] (testset)   loss: 0.3387 -> 0.0816  accuracy: 85.38% -> 97.66%     
client [16] (testset)   loss: 0.2593 -> 0.0133  accuracy: 90.00% -> 100.00%    
client [44] (testset)   loss: 0.2612 -> 0.0166  accuracy: 86.79% -> 99.06%     
client [8]  (testset)   loss: 0.6294 -> 0.1914  accuracy: 76.49% -> 93.15%     
client [31] (testset)   loss: 0.6623 -> 0.1981  accuracy: 72.31% -> 92.31%     
client [47] (testset)   loss: 0.2500 -> 0.1031  accuracy: 90.65% -> 96.52%     
client [36] (testset)   loss: 0.2580 -> 0.1541  accuracy: 91.95% -> 94.91%     
client [20] (testset)   loss: 0.9113 -> 0.0320  accuracy: 62.10% -> 98.92%     
client [56] (testset)   loss: 0.9592 -> 0.3249  accuracy: 59.66% -> 84.87%     
---------------------------- TRAINING EPOCH: 50 ----------------------------   
client [4]  (testset)   loss: 0.1688 -> 0.1098  accuracy: 95.38% -> 97.69%     
client [60] (testset)   loss: 1.2188 -> 0.1131  accuracy: 57.93% -> 97.05%     
client [28] (testset)   loss: 0.0087 -> 0.0067  accuracy: 100.00% -> 100.00%   
client [25] (testset)   loss: 0.1044 -> 0.0136  accuracy: 94.23% -> 99.04%     
client [58] (testset)   loss: 0.2585 -> 0.0621  accuracy: 91.84% -> 97.45%     
client [44] (testset)   loss: 0.6289 -> 0.0388  accuracy: 79.25% -> 99.06%     
client [39] (testset)   loss: 0.0242 -> 0.0016  accuracy: 100.00% -> 100.00%   
client [29] (testset)   loss: 0.6687 -> 0.2581  accuracy: 84.81% -> 91.14%     
client [3]  (testset)   loss: 0.2439 -> 0.1201  accuracy: 92.22% -> 96.11%     
client [84] (testset)   loss: 0.7619 -> 0.0054  accuracy: 75.31% -> 100.00%    
---------------------------- TRAINING EPOCH: 60 ----------------------------   
client [21] (testset)   loss: 0.2370 -> 0.2213  accuracy: 93.17% -> 91.93%     
client [84] (testset)   loss: 0.7184 -> 0.0065  accuracy: 74.07% -> 100.00%    
client [10] (testset)   loss: 0.2823 -> 0.0203  accuracy: 92.65% -> 100.00%    
client [36] (testset)   loss: 0.4378 -> 0.1640  accuracy: 86.04% -> 94.09%     
client [65] (testset)   loss: 0.6202 -> 0.2404  accuracy: 71.88% -> 90.62%     
client [81] (testset)   loss: 0.6046 -> 0.0025  accuracy: 68.52% -> 100.00%    
client [79] (testset)   loss: 1.0127 -> 0.1678  accuracy: 65.02% -> 93.10%     
client [42] (testset)   loss: 0.1912 -> 0.0562  accuracy: 92.97% -> 98.67%     
client [11] (testset)   loss: 0.7875 -> 0.3191  accuracy: 70.40% -> 88.79%     
client [96] (testset)   loss: 0.3086 -> 0.1723  accuracy: 90.51% -> 93.43%     
---------------------------- TRAINING EPOCH: 70 ----------------------------   
client [8]  (testset)   loss: 0.2572 -> 0.1794  accuracy: 91.67% -> 95.24%     
client [53] (testset)   loss: 0.1152 -> 0.0063  accuracy: 95.18% -> 99.70%     
client [52] (testset)   loss: 0.3316 -> 0.1001  accuracy: 88.14% -> 98.31%     
client [42] (testset)   loss: 0.1637 -> 0.0575  accuracy: 94.67% -> 98.91%     
client [69] (testset)   loss: 0.2807 -> 0.0990  accuracy: 89.51% -> 96.30%     
client [59] (testset)   loss: 0.7308 -> 0.3202  accuracy: 69.34% -> 89.78%     
client [7]  (testset)   loss: 0.1422 -> 0.0180  accuracy: 95.63% -> 99.56%     
client [26] (testset)   loss: 0.3780 -> 0.0513  accuracy: 86.96% -> 98.09%     
client [49] (testset)   loss: 0.0699 -> 0.0321  accuracy: 97.84% -> 99.57%     
client [98] (testset)   loss: 0.6574 -> 0.5456  accuracy: 76.60% -> 87.23%     
---------------------------- TRAINING EPOCH: 80 ----------------------------   
client [98] (testset)   loss: 0.6484 -> 0.5498  accuracy: 85.11% -> 87.23%     
client [47] (testset)   loss: 0.1653 -> 0.1222  accuracy: 94.78% -> 95.65%     
client [21] (testset)   loss: 0.2295 -> 0.1806  accuracy: 94.41% -> 94.41%     
client [77] (testset)   loss: 0.1234 -> 0.0094  accuracy: 96.89% -> 100.00%    
client [95] (testset)   loss: 0.3768 -> 0.1896  accuracy: 85.19% -> 96.30%     
client [91] (testset)   loss: 0.3499 -> 0.0114  accuracy: 84.62% -> 100.00%    
client [14] (testset)   loss: 0.4194 -> 0.3846  accuracy: 88.10% -> 85.24%     
client [99] (testset)   loss: 0.0465 -> 0.0312  accuracy: 99.21% -> 99.21%     
client [20] (testset)   loss: 0.6933 -> 0.0300  accuracy: 73.12% -> 99.46%     
client [39] (testset)   loss: 0.0474 -> 0.0045  accuracy: 93.33% -> 100.00%    
---------------------------- TRAINING EPOCH: 90 ----------------------------   
client [52] (testset)   loss: 0.1789 -> 0.0967  accuracy: 91.53% -> 98.31%     
client [62] (testset)   loss: 0.2969 -> 0.2054  accuracy: 95.00% -> 90.00%     
client [71] (testset)   loss: 0.1047 -> 0.0534  accuracy: 96.74% -> 97.83%     
client [97] (testset)   loss: 0.1299 -> 0.0435  accuracy: 96.10% -> 98.70%     
client [30] (testset)   loss: 0.3692 -> 0.2195  accuracy: 85.58% -> 96.15%     
client [88] (testset)   loss: 0.7703 -> 0.3275  accuracy: 79.27% -> 91.46%     
client [60] (testset)   loss: 0.3946 -> 0.1205  accuracy: 86.35% -> 96.68%     
client [82] (testset)   loss: 1.0881 -> 0.0761  accuracy: 61.99% -> 98.97%     
client [91] (testset)   loss: 0.1493 -> 1.1105  accuracy: 92.31% -> 92.31%     
client [57] (testset)   loss: 1.0391 -> 0.0238  accuracy: 61.68% -> 98.91%     
---------------------------- TRAINING EPOCH: 100 ----------------------------  
client [31] (testset)   loss: 0.6539 -> 0.1436  accuracy: 84.62% -> 92.31%     
client [15] (testset)   loss: 0.3338 -> 0.1530  accuracy: 90.62% -> 94.69%     
client [71] (testset)   loss: 0.1914 -> 0.0560  accuracy: 94.02% -> 98.37%     
client [97] (testset)   loss: 0.2676 -> 0.0410  accuracy: 92.21% -> 98.27%     
client [53] (testset)   loss: 0.1593 -> 0.0088  accuracy: 95.18% -> 99.70%     
client [77] (testset)   loss: 0.0496 -> 0.0081  accuracy: 97.93% -> 100.00%    
client [76] (testset)   loss: 0.3683 -> 0.3104  accuracy: 80.00% -> 93.33%     
client [79] (testset)   loss: 0.6761 -> 0.1634  accuracy: 74.88% -> 92.61%     
client [28] (testset)   loss: 0.0493 -> 0.0010  accuracy: 98.21% -> 100.00%    
client [99] (testset)   loss: 0.3251 -> 0.0295  accuracy: 88.16% -> 99.21%     
---------------------------- TRAINING EPOCH: 110 ----------------------------  
client [97] (testset)   loss: 0.1573 -> 0.0378  accuracy: 94.37% -> 98.70%     
client [86] (testset)   loss: 0.0061 -> 0.0081  accuracy: 100.00% -> 100.00%   
client [34] (testset)   loss: 0.0831 -> 0.0896  accuracy: 100.00% -> 96.15%    
client [73] (testset)   loss: 0.4741 -> 0.0074  accuracy: 84.73% -> 100.00%    
client [5]  (testset)   loss: 0.5660 -> 0.0872  accuracy: 80.95% -> 97.62%     
client [96] (testset)   loss: 0.3016 -> 0.1690  accuracy: 89.78% -> 94.16%     
client [22] (testset)   loss: 0.1690 -> 0.0182  accuracy: 96.91% -> 98.97%     
client [60] (testset)   loss: 0.3234 -> 0.1106  accuracy: 87.82% -> 96.68%     
client [66] (testset)   loss: 0.4961 -> 0.0914  accuracy: 84.46% -> 96.41%     
client [83] (testset)   loss: 0.1476 -> 0.0041  accuracy: 94.27% -> 100.00%    
---------------------------- TRAINING EPOCH: 120 ----------------------------  
client [76] (testset)   loss: 0.2977 -> 0.4051  accuracy: 93.33% -> 93.33%     
client [65] (testset)   loss: 0.4879 -> 0.3259  accuracy: 84.38% -> 90.62%     
client [95] (testset)   loss: 0.3606 -> 0.2099  accuracy: 88.89% -> 94.44%     
client [17] (testset)   loss: 0.2787 -> 0.0911  accuracy: 90.91% -> 97.33%     
client [8]  (testset)   loss: 0.2891 -> 0.1518  accuracy: 91.07% -> 95.83%     
client [35] (testset)   loss: 0.3189 -> 0.0023  accuracy: 91.89% -> 100.00%    
client [98] (testset)   loss: 0.4761 -> 0.4501  accuracy: 85.11% -> 87.23%     
client [53] (testset)   loss: 0.0321 -> 0.0099  accuracy: 99.10% -> 99.40%     
client [43] (testset)   loss: 0.5539 -> 0.0504  accuracy: 78.46% -> 98.46%     
client [64] (testset)   loss: 0.1969 -> 0.1140  accuracy: 91.73% -> 96.24%     
---------------------------- TRAINING EPOCH: 130 ----------------------------  
client [21] (testset)   loss: 0.4004 -> 0.1463  accuracy: 88.82% -> 95.03%     
client [88] (testset)   loss: 0.5427 -> 0.4160  accuracy: 90.24% -> 90.24%     
client [38] (testset)   loss: 0.4761 -> 0.3535  accuracy: 81.82% -> 92.21%     
client [3]  (testset)   loss: 0.3642 -> 0.1159  accuracy: 88.33% -> 96.50%     
client [5]  (testset)   loss: 0.2118 -> 0.0770  accuracy: 93.33% -> 98.10%     
client [41] (testset)   loss: 0.3181 -> 0.1693  accuracy: 92.34% -> 95.56%     
client [7]  (testset)   loss: 0.1296 -> 0.0194  accuracy: 95.63% -> 99.13%     
client [37] (testset)   loss: 0.5519 -> 0.2021  accuracy: 80.43% -> 95.65%     
client [45] (testset)   loss: 0.5719 -> 0.6032  accuracy: 86.49% -> 91.89%     
client [47] (testset)   loss: 0.1440 -> 0.0968  accuracy: 95.43% -> 96.74%     
---------------------------- TRAINING EPOCH: 140 ----------------------------  
client [16] (testset)   loss: 1.1640 -> 0.0113  accuracy: 65.83% -> 99.17%     
client [11] (testset)   loss: 2.9713 -> 0.2506  accuracy: 32.74% -> 89.24%     
client [37] (testset)   loss: 1.6041 -> 0.1986  accuracy: 50.00% -> 95.65%     
client [41] (testset)   loss: 0.8364 -> 0.1672  accuracy: 81.45% -> 95.16%     
client [95] (testset)   loss: 0.7181 -> 0.1682  accuracy: 79.63% -> 96.30%     
client [53] (testset)   loss: 0.1014 -> 0.0112  accuracy: 98.49% -> 99.40%     
client [22] (testset)   loss: 1.7309 -> 0.0013  accuracy: 62.89% -> 100.00%    
client [25] (testset)   loss: 0.1324 -> 0.0046  accuracy: 96.15% -> 100.00%    
client [69] (testset)   loss: 0.4573 -> 0.1186  accuracy: 87.65% -> 96.30%     
client [46] (testset)   loss: 0.2277 -> 0.1585  accuracy: 92.71% -> 93.75%     
---------------------------- TRAINING EPOCH: 150 ----------------------------  
client [47] (testset)   loss: 0.1801 -> 0.0998  accuracy: 93.26% -> 97.17%     
client [69] (testset)   loss: 0.3393 -> 0.1257  accuracy: 90.12% -> 96.30%     
client [82] (testset)   loss: 0.1623 -> 0.1004  accuracy: 93.49% -> 98.97%     
client [45] (testset)   loss: 0.5599 -> 0.5595  accuracy: 86.49% -> 91.89%     
client [7]  (testset)   loss: 0.2329 -> 0.0156  accuracy: 89.52% -> 99.13%     
client [50] (testset)   loss: 0.9374 -> 0.0128  accuracy: 69.23% -> 99.15%     
client [35] (testset)   loss: 0.9978 -> 0.0012  accuracy: 68.92% -> 100.00%    
client [24] (testset)   loss: 0.6775 -> 0.3130  accuracy: 75.43% -> 91.43%     
client [15] (testset)   loss: 0.4605 -> 0.1705  accuracy: 87.19% -> 95.62%     
client [58] (testset)   loss: 0.1445 -> 0.0293  accuracy: 96.43% -> 98.47%     
---------------------------- TRAINING EPOCH: 160 ----------------------------  
client [48] (testset)   loss: 0.1427 -> 0.0070  accuracy: 93.67% -> 100.00%    
client [76] (testset)   loss: 0.1055 -> 0.4206  accuracy: 93.33% -> 93.33%     
client [67] (testset)   loss: 0.9643 -> 0.2008  accuracy: 70.45% -> 95.88%     
client [37] (testset)   loss: 0.1872 -> 0.1549  accuracy: 93.48% -> 95.65%     
client [58] (testset)   loss: 0.1376 -> 0.0379  accuracy: 95.92% -> 98.47%     
client [64] (testset)   loss: 0.1712 -> 0.0870  accuracy: 93.98% -> 97.74%     
client [77] (testset)   loss: 0.0896 -> 0.0098  accuracy: 98.45% -> 100.00%    
client [55] (testset)   loss: 0.0474 -> 0.0001  accuracy: 98.34% -> 100.00%    
client [12] (testset)   loss: 0.5006 -> 0.1351  accuracy: 86.97% -> 96.80%     
client [89] (testset)   loss: 0.4461 -> 0.3879  accuracy: 89.47% -> 94.74%     
---------------------------- TRAINING EPOCH: 170 ----------------------------  
client [84] (testset)   loss: 0.8742 -> 0.0121  accuracy: 69.14% -> 98.77%     
client [51] (testset)   loss: 0.2185 -> 0.0053  accuracy: 93.14% -> 99.51%     
client [8]  (testset)   loss: 0.5244 -> 0.1688  accuracy: 84.52% -> 94.94%     
client [18] (testset)   loss: 0.0977 -> 0.0162  accuracy: 97.01% -> 99.00%     
client [94] (testset)   loss: 0.3488 -> 0.0664  accuracy: 90.08% -> 98.47%     
client [81] (testset)   loss: 0.1080 -> 0.0009  accuracy: 94.44% -> 100.00%    
client [3]  (testset)   loss: 0.5783 -> 0.1306  accuracy: 85.21% -> 96.11%     
client [11] (testset)   loss: 0.5509 -> 0.2655  accuracy: 83.41% -> 90.58%     
client [95] (testset)   loss: 0.5827 -> 0.1720  accuracy: 85.19% -> 96.30%     
client [67] (testset)   loss: 1.2431 -> 0.1892  accuracy: 63.92% -> 95.53%     
---------------------------- TRAINING EPOCH: 180 ----------------------------  
client [21] (testset)   loss: 0.2430 -> 0.1792  accuracy: 94.41% -> 94.41%     
client [79] (testset)   loss: 0.4110 -> 0.1581  accuracy: 87.68% -> 95.57%     
client [58] (testset)   loss: 0.1523 -> 0.0301  accuracy: 95.41% -> 98.47%     
client [88] (testset)   loss: 0.4605 -> 0.3878  accuracy: 86.59% -> 91.46%     
client [46] (testset)   loss: 0.5028 -> 0.2439  accuracy: 84.38% -> 91.67%     
client [11] (testset)   loss: 0.4051 -> 0.2684  accuracy: 84.75% -> 91.03%     
client [55] (testset)   loss: 0.0754 -> 0.0001  accuracy: 98.01% -> 100.00%    
client [13] (testset)   loss: 0.4826 -> 0.4009  accuracy: 83.01% -> 89.42%     
client [31] (testset)   loss: 0.5315 -> 0.1130  accuracy: 81.54% -> 93.85%     
client [75] (testset)   loss: 0.4428 -> 0.2913  accuracy: 85.65% -> 89.00%     
---------------------------- TRAINING EPOCH: 190 ----------------------------  
client [19] (testset)   loss: 0.3316 -> 0.1479  accuracy: 89.83% -> 91.53%     
client [7]  (testset)   loss: 0.1996 -> 0.0102  accuracy: 93.45% -> 99.56%     
client [57] (testset)   loss: 0.2508 -> 0.0482  accuracy: 90.88% -> 98.91%     
client [13] (testset)   loss: 0.5940 -> 0.3399  accuracy: 78.53% -> 89.74%     
client [43] (testset)   loss: 0.5825 -> 0.0514  accuracy: 76.92% -> 98.46%     
client [91] (testset)   loss: 0.1902 -> 0.0373  accuracy: 92.31% -> 100.00%    
client [10] (testset)   loss: 0.1948 -> 0.0254  accuracy: 94.12% -> 98.53%     
client [64] (testset)   loss: 0.3432 -> 0.0983  accuracy: 85.71% -> 95.49%     
client [82] (testset)   loss: 0.1313 -> 0.0748  accuracy: 96.58% -> 98.97%     
client [22] (testset)   loss: 0.3017 -> 0.0257  accuracy: 88.66% -> 98.97%     
---------------------------- TRAINING EPOCH: 200 ----------------------------  
client [20] (testset)   loss: 0.3508 -> 0.0220  accuracy: 87.90% -> 99.46%     
client [23] (testset)   loss: 0.4346 -> 0.1487  accuracy: 86.87% -> 95.96%     
client [88] (testset)   loss: 0.4832 -> 0.3973  accuracy: 90.24% -> 89.02%     
client [98] (testset)   loss: 1.3495 -> 0.4819  accuracy: 57.45% -> 87.23%     
client [79] (testset)   loss: 0.5102 -> 0.2216  accuracy: 85.22% -> 94.58%     
client [21] (testset)   loss: 0.3917 -> 0.1646  accuracy: 91.93% -> 95.65%     
client [92] (testset)   loss: 0.1965 -> 0.0578  accuracy: 94.16% -> 97.81%     
client [56] (testset)   loss: 1.1242 -> 0.3389  accuracy: 58.82% -> 86.55%     
client [5]  (testset)   loss: 0.3051 -> 0.0689  accuracy: 91.43% -> 98.57%     
client [52] (testset)   loss: 0.1919 -> 0.1014  accuracy: 94.92% -> 98.31%     
FedDpa's average time taken by each global epoch: 0 min 2.63 sec.              
FedDpa's total running time: 0 h 8 m 52 s.                                     
==================== FedDpa Experiment Results: ====================           
Display format: (before local fine-tuning) -> (after local fine-tuning)        
 So if finetune_epoch = 0, x.xx% -> 0.00% is normal.                           
 Centralized testing ONLY happens after model aggregation, so the stats between
'->' are the same.                                                             
{                                                                              
    "100": {                                                                   
        "all_clients": {                                                       
            "test": {                                                          
                "loss": "0.3549 -> 0.0000",                                    
                "accuracy": "87.59% -> 0.00%"                                  
            }                                                                  
        }                                                                      
    },                                                                         
    "200": {                                                                   
        "all_clients": {                                                       
            "test": {                                                          
                "loss": "0.4377 -> 0.0000",                                    
                "accuracy": "87.21% -> 0.00%"                                  
            }                                                                  
        }                                                                      
    }                                                                          
}                                                                              
==================== FedDpa Max Accuracy ====================                  
all_clients:                                                                   
(test) before fine-tuning: 87.59% at epoch 100                                 
(test) after fine-tuning: 0.00% at epoch 100                                   
