==================== FedDpa ====================                               
Experiment Arguments:                                                          
{
    'method': 'feddpa',
    'dataset': {
        'name': 'medmnistA',
        'client_num': 100,
        'test_ratio': 0.25,
        'val_ratio': 0.0,
        'seed': 42,
        'split': 'sample',
        'IID_ratio': 0.0,
        'monitor_window_name_suffix': 'medmnistA-100clients-0%IID-Dir(0.1)-seed42',
        'alpha': 0.1,
        'min_samples_per_client': 10
    },
    'model': {
        'name': 'avgcnn',
        'use_torchvision_pretrained_weights': True,
        'external_model_weights_path': None
    },
    'optimizer': {
        'lr': 0.01,
        'dampening': 0,
        'weight_decay': 0,
        'momentum': 0.7,
        'nesterov': False,
        'name': 'sgd'
    },
    'mode': 'serial',
    'parallel': {
        'ray_cluster_addr': None,
        'num_cpus': None,
        'num_gpus': None,
        'num_workers': 2
    },
    'common': {
        'seed': 42,
        'join_ratio': 0.1,
        'global_epoch': 200,
        'local_epoch': 5,
        'batch_size': 32,
        'reset_optimizer_on_global_epoch': True,
        'straggler_ratio': 0,
        'straggler_min_local_epoch': 0,
        'buffers': 'global',
        'client_side_evaluation': True,
        'test': {
            'client': {
                'interval': 100,
                'finetune_epoch': 0,
                'train': False,
                'val': False,
                'test': True
            },
            'server': {
                'interval': -1,
                'train': False,
                'val': False,
                'test': True,
                'model_in_train_mode': False
            }
        },
        'verbose_gap': 10,
        'monitor': None,
        'use_cuda': True,
        'save_log': True,
        'save_model': False,
        'save_learning_curve_plot': True,
        'save_metrics': True,
        'delete_useless_run': True
    },
    'fedprox': {
        'mu': 0.01
    },
    'pfedsim': {
        'warmup_round': 0.5
    },
    'feddpa': {
        'fisher_threshold': 0.4
    }
}
---------------------------- TRAINING EPOCH: 10 ----------------------------   
client [77] (testset)   loss: 1.1002 -> 1.2257  accuracy: 58.33% -> 58.33%     
client [81] (testset)   loss: 0.8959 -> 0.8401  accuracy: 43.60% -> 43.60%     
client [21] (testset)   loss: 2.8157 -> 0.8838  accuracy: 1.59% -> 53.44%      
client [68] (testset)   loss: 0.6916 -> 0.0019  accuracy: 100.00% -> 100.00%   
client [93] (testset)   loss: 0.9354 -> 0.6293  accuracy: 88.89% -> 88.89%     
client [31] (testset)   loss: 1.9117 -> 1.4773  accuracy: 0.00% -> 55.00%      
client [20] (testset)   loss: 0.6097 -> 0.6050  accuracy: 88.08% -> 88.08%     
client [59] (testset)   loss: 2.2889 -> 1.1331  accuracy: 0.00% -> 52.00%      
client [48] (testset)   loss: 0.9274 -> 0.8306  accuracy: 74.14% -> 74.14%     
client [34] (testset)   loss: 1.5011 -> 1.3571  accuracy: 37.04% -> 37.04%     
---------------------------- TRAINING EPOCH: 20 ----------------------------   
client [69] (testset)   loss: 1.5990 -> 1.0711  accuracy: 63.83% -> 63.83%     
client [99] (testset)   loss: 1.3283 -> 1.1834  accuracy: 63.53% -> 63.53%     
client [67] (testset)   loss: 1.1706 -> 1.1303  accuracy: 55.29% -> 55.29%     
client [0]  (testset)   loss: 0.9270 -> 0.9275  accuracy: 60.35% -> 60.35%     
client [76] (testset)   loss: 1.3405 -> 1.2901  accuracy: 52.13% -> 52.13%     
client [41] (testset)   loss: 1.2080 -> 0.8447  accuracy: 36.62% -> 59.15%     
client [62] (testset)   loss: 2.2826 -> 0.9760  accuracy: 10.00% -> 65.00%     
client [2]  (testset)   loss: 2.4064 -> 1.6478  accuracy: 0.00% -> 37.14%      
client [14] (testset)   loss: 0.1620 -> 0.1625  accuracy: 97.22% -> 97.22%     
client [46] (testset)   loss: 0.9068 -> 0.8930  accuracy: 59.30% -> 59.30%     
---------------------------- TRAINING EPOCH: 30 ----------------------------   
client [24] (testset)   loss: 0.1619 -> 0.1550  accuracy: 96.84% -> 96.84%     
client [68] (testset)   loss: 0.0725 -> 0.0116  accuracy: 100.00% -> 100.00%   
client [57] (testset)   loss: 0.5862 -> 0.5703  accuracy: 79.69% -> 79.69%     
client [17] (testset)   loss: 1.6584 -> 1.4958  accuracy: 38.46% -> 38.46%     
client [54] (testset)   loss: 0.8732 -> 0.6423  accuracy: 80.00% -> 80.00%     
client [23] (testset)   loss: 2.3961 -> 0.9611  accuracy: 36.67% -> 56.67%     
client [35] (testset)   loss: 1.1927 -> 1.1751  accuracy: 46.30% -> 46.30%     
client [59] (testset)   loss: 0.9860 -> 0.9293  accuracy: 52.00% -> 52.00%     
client [31] (testset)   loss: 1.4628 -> 1.4030  accuracy: 55.00% -> 55.00%     
client [9]  (testset)   loss: 0.7720 -> 0.7092  accuracy: 83.44% -> 83.44%     
---------------------------- TRAINING EPOCH: 40 ----------------------------   
client [64] (testset)   loss: 1.1118 -> 0.9466  accuracy: 66.67% -> 66.67%     
client [33] (testset)   loss: 0.8050 -> 0.7055  accuracy: 75.00% -> 75.00%     
client [16] (testset)   loss: 0.3546 -> 0.3078  accuracy: 92.63% -> 92.63%     
client [44] (testset)   loss: 1.9245 -> 1.4793  accuracy: 0.00% -> 61.54%      
client [8]  (testset)   loss: 1.7888 -> 1.7709  accuracy: 40.91% -> 40.91%     
client [31] (testset)   loss: 1.5300 -> 1.4359  accuracy: 15.00% -> 55.00%     
client [47] (testset)   loss: 1.2199 -> 1.0307  accuracy: 39.76% -> 39.76%     
client [36] (testset)   loss: 1.4990 -> 1.4020  accuracy: 30.00% -> 37.50%     
client [20] (testset)   loss: 0.7157 -> 0.5722  accuracy: 88.08% -> 88.08%     
client [56] (testset)   loss: 1.6050 -> 1.6891  accuracy: 44.26% -> 16.39%     
---------------------------- TRAINING EPOCH: 50 ----------------------------   
client [4]  (testset)   loss: 0.8494 -> 0.9352  accuracy: 76.74% -> 76.74%     
client [60] (testset)   loss: 0.2051 -> 0.1794  accuracy: 96.62% -> 96.62%     
client [28] (testset)   loss: 1.1113 -> 0.9828  accuracy: 73.37% -> 73.37%     
client [25] (testset)   loss: 0.9520 -> 0.8242  accuracy: 73.02% -> 73.02%     
client [58] (testset)   loss: 0.4504 -> 0.2307  accuracy: 94.34% -> 94.34%     
client [44] (testset)   loss: 1.3141 -> 1.6687  accuracy: 61.54% -> 61.54%     
client [39] (testset)   loss: 1.6350 -> 1.5906  accuracy: 43.40% -> 43.40%     
client [29] (testset)   loss: 1.4386 -> 0.9331  accuracy: 73.87% -> 73.87%     
client [3]  (testset)   loss: 0.7990 -> 0.8724  accuracy: 63.64% -> 36.36%     
client [84] (testset)   loss: 0.8246 -> 0.8080  accuracy: 56.96% -> 56.96%     
---------------------------- TRAINING EPOCH: 60 ----------------------------   
client [21] (testset)   loss: 0.9055 -> 0.8769  accuracy: 42.06% -> 53.44%     
client [84] (testset)   loss: 0.8327 -> 0.8180  accuracy: 40.51% -> 56.96%     
client [10] (testset)   loss: 1.0514 -> 0.9798  accuracy: 53.62% -> 39.61%     
client [36] (testset)   loss: 1.4503 -> 1.4188  accuracy: 30.00% -> 30.00%     
client [65] (testset)   loss: 0.9051 -> 0.6246  accuracy: 83.56% -> 83.56%     
client [81] (testset)   loss: 0.8567 -> 0.7887  accuracy: 43.60% -> 54.74%     
client [79] (testset)   loss: 1.0096 -> 1.0288  accuracy: 77.78% -> 77.78%     
client [42] (testset)   loss: 1.2219 -> 1.1179  accuracy: 58.33% -> 58.33%     
client [11] (testset)   loss: 1.1862 -> 1.1626  accuracy: 50.88% -> 50.88%     
client [96] (testset)   loss: 1.3216 -> 1.2034  accuracy: 55.39% -> 55.39%     
---------------------------- TRAINING EPOCH: 70 ----------------------------   
client [8]  (testset)   loss: 1.8475 -> 1.7131  accuracy: 40.91% -> 40.91%     
client [53] (testset)   loss: 0.3921 -> 0.2313  accuracy: 94.85% -> 94.85%     
client [52] (testset)   loss: 0.8742 -> 0.8852  accuracy: 75.22% -> 75.22%     
client [42] (testset)   loss: 1.1855 -> 1.1097  accuracy: 30.00% -> 58.33%     
client [69] (testset)   loss: 1.0312 -> 1.1500  accuracy: 63.83% -> 63.83%     
client [59] (testset)   loss: 1.0261 -> 0.9411  accuracy: 42.00% -> 52.00%     
client [7]  (testset)   loss: 0.5106 -> 0.4732  accuracy: 88.85% -> 88.85%     
client [26] (testset)   loss: 1.3054 -> 1.2745  accuracy: 50.53% -> 50.53%     
client [49] (testset)   loss: 0.7977 -> 0.7663  accuracy: 79.77% -> 79.77%     
client [98] (testset)   loss: 1.0215 -> 0.9477  accuracy: 74.68% -> 74.68%     
---------------------------- TRAINING EPOCH: 80 ----------------------------   
client [98] (testset)   loss: 0.9566 -> 0.9457  accuracy: 74.68% -> 74.68%     
client [47] (testset)   loss: 1.0211 -> 1.0114  accuracy: 48.19% -> 48.19%     
client [21] (testset)   loss: 0.9159 -> 0.8923  accuracy: 53.44% -> 53.44%     
client [77] (testset)   loss: 1.3284 -> 1.3160  accuracy: 58.33% -> 58.33%     
client [95] (testset)   loss: 0.3071 -> 0.2739  accuracy: 94.83% -> 94.83%     
client [91] (testset)   loss: 0.6156 -> 0.6100  accuracy: 88.24% -> 88.24%     
client [14] (testset)   loss: 0.1635 -> 0.1697  accuracy: 97.22% -> 97.22%     
client [99] (testset)   loss: 1.1730 -> 1.1884  accuracy: 63.53% -> 63.53%     
client [20] (testset)   loss: 0.9507 -> 0.6045  accuracy: 88.08% -> 88.08%     
client [39] (testset)   loss: 1.7605 -> 1.5853  accuracy: 43.40% -> 43.40%     
---------------------------- TRAINING EPOCH: 90 ----------------------------   
client [52] (testset)   loss: 0.8833 -> 0.8734  accuracy: 75.22% -> 75.22%     
client [62] (testset)   loss: 0.9949 -> 0.9219  accuracy: 65.00% -> 65.00%     
client [71] (testset)   loss: 1.2793 -> 1.2827  accuracy: 50.00% -> 50.00%     
client [97] (testset)   loss: 1.3087 -> 1.3374  accuracy: 47.72% -> 47.72%     
client [30] (testset)   loss: 0.9298 -> 0.9098  accuracy: 41.43% -> 54.29%     
client [88] (testset)   loss: 1.1772 -> 1.1351  accuracy: 67.57% -> 67.57%     
client [60] (testset)   loss: 0.3973 -> 0.1846  accuracy: 96.62% -> 96.62%     
client [82] (testset)   loss: 1.7116 -> 1.6929  accuracy: 46.51% -> 46.51%     
client [91] (testset)   loss: 0.5889 -> 0.6346  accuracy: 88.24% -> 88.24%     
client [57] (testset)   loss: 0.5483 -> 0.5577  accuracy: 79.69% -> 79.69%     
---------------------------- TRAINING EPOCH: 100 ----------------------------  
client [31] (testset)   loss: 1.3764 -> 1.3971  accuracy: 55.00% -> 55.00%     
client [15] (testset)   loss: 0.8513 -> 0.8530  accuracy: 76.47% -> 76.47%     
client [71] (testset)   loss: 1.3352 -> 1.2641  accuracy: 50.00% -> 50.00%     
client [97] (testset)   loss: 1.3367 -> 1.3270  accuracy: 47.72% -> 47.72%     
client [53] (testset)   loss: 0.2754 -> 0.2322  accuracy: 94.85% -> 94.85%     
client [77] (testset)   loss: 1.1592 -> 1.0192  accuracy: 58.33% -> 58.33%     
client [76] (testset)   loss: 1.3058 -> 1.2778  accuracy: 52.13% -> 52.13%     
client [79] (testset)   loss: 0.9735 -> 1.2374  accuracy: 77.78% -> 77.78%     
client [28] (testset)   loss: 1.0079 -> 0.9474  accuracy: 73.37% -> 73.37%     
client [99] (testset)   loss: 1.1700 -> 1.1672  accuracy: 63.53% -> 63.53%     
---------------------------- TRAINING EPOCH: 110 ----------------------------  
client [97] (testset)   loss: 1.3115 -> 1.3476  accuracy: 47.72% -> 47.72%     
client [86] (testset)   loss: 0.5181 -> 0.5129  accuracy: 84.66% -> 84.66%     
client [34] (testset)   loss: 1.3585 -> 1.3568  accuracy: 37.04% -> 37.04%     
client [73] (testset)   loss: 0.7639 -> 0.7591  accuracy: 58.95% -> 40.00%     
client [5]  (testset)   loss: 1.4897 -> 1.4572  accuracy: 45.05% -> 43.96%     
client [96] (testset)   loss: 1.2638 -> 1.2381  accuracy: 55.39% -> 55.39%     
client [22] (testset)   loss: 0.6062 -> 0.4224  accuracy: 89.95% -> 89.95%     
client [60] (testset)   loss: 0.2219 -> 0.2062  accuracy: 96.62% -> 96.62%     
client [66] (testset)   loss: 1.0671 -> 1.1044  accuracy: 50.78% -> 50.78%     
client [83] (testset)   loss: 0.6152 -> 0.6094  accuracy: 85.00% -> 85.00%     
---------------------------- TRAINING EPOCH: 120 ----------------------------  
client [76] (testset)   loss: 1.2827 -> 1.2746  accuracy: 52.13% -> 52.13%     
client [65] (testset)   loss: 0.5677 -> 0.5817  accuracy: 83.56% -> 83.56%     
client [95] (testset)   loss: 0.3948 -> 0.4784  accuracy: 94.83% -> 94.83%     
client [17] (testset)   loss: 1.4986 -> 1.4933  accuracy: 27.69% -> 27.69%     
client [8]  (testset)   loss: 1.7727 -> 1.7209  accuracy: 40.91% -> 40.91%     
client [35] (testset)   loss: 1.1914 -> 1.1767  accuracy: 46.30% -> 46.30%     
client [98] (testset)   loss: 0.9565 -> 0.9639  accuracy: 74.68% -> 74.68%     
client [53] (testset)   loss: 0.2281 -> 0.2305  accuracy: 94.85% -> 94.85%     
client [43] (testset)   loss: 0.3219 -> 0.3221  accuracy: 93.29% -> 93.29%     
client [64] (testset)   loss: 0.6985 -> 0.7568  accuracy: 66.67% -> 66.67%     
---------------------------- TRAINING EPOCH: 130 ----------------------------  
client [21] (testset)   loss: 0.8968 -> 0.8841  accuracy: 53.44% -> 53.44%     
client [88] (testset)   loss: 1.0989 -> 1.1330  accuracy: 67.57% -> 67.57%     
client [38] (testset)   loss: 1.0686 -> 1.0433  accuracy: 66.67% -> 66.67%     
client [3]  (testset)   loss: 0.7325 -> 0.9607  accuracy: 63.64% -> 36.36%     
client [5]  (testset)   loss: 1.4491 -> 1.4663  accuracy: 43.96% -> 43.96%     
client [41] (testset)   loss: 0.9120 -> 0.8304  accuracy: 36.62% -> 59.15%     
client [7]  (testset)   loss: 0.4868 -> 0.4739  accuracy: 88.85% -> 88.85%     
client [37] (testset)   loss: 0.4797 -> 0.4826  accuracy: 87.45% -> 87.45%     
client [45] (testset)   loss: 1.6424 -> 1.5689  accuracy: 22.00% -> 44.00%     
client [47] (testset)   loss: 1.0007 -> 0.9963  accuracy: 48.19% -> 39.76%     
---------------------------- TRAINING EPOCH: 140 ----------------------------  
client [16] (testset)   loss: 0.4671 -> 0.2983  accuracy: 92.63% -> 92.63%     
client [11] (testset)   loss: 1.1654 -> 1.1623  accuracy: 50.88% -> 50.88%     
client [37] (testset)   loss: 0.4994 -> 0.4948  accuracy: 87.45% -> 87.45%     
client [41] (testset)   loss: 0.8248 -> 0.8493  accuracy: 59.15% -> 59.15%     
client [95] (testset)   loss: 0.2973 -> 0.2756  accuracy: 94.83% -> 94.83%     
client [53] (testset)   loss: 0.2460 -> 0.2330  accuracy: 94.85% -> 94.85%     
client [22] (testset)   loss: 0.4383 -> 0.4093  accuracy: 89.95% -> 89.95%     
client [25] (testset)   loss: 0.7811 -> 0.7651  accuracy: 73.02% -> 73.02%     
client [69] (testset)   loss: 1.0462 -> 1.0773  accuracy: 63.83% -> 63.83%     
client [46] (testset)   loss: 0.8261 -> 0.8406  accuracy: 59.30% -> 59.30%     
---------------------------- TRAINING EPOCH: 150 ----------------------------  
client [47] (testset)   loss: 1.0259 -> 0.9960  accuracy: 48.19% -> 48.19%     
client [69] (testset)   loss: 1.0521 -> 1.0375  accuracy: 63.83% -> 63.83%     
client [82] (testset)   loss: 1.5268 -> 1.5228  accuracy: 46.51% -> 46.51%     
client [45] (testset)   loss: 1.5848 -> 1.5588  accuracy: 44.00% -> 44.00%     
client [7]  (testset)   loss: 0.4746 -> 0.4880  accuracy: 88.85% -> 88.85%     
client [50] (testset)   loss: 0.6804 -> 0.6759  accuracy: 79.27% -> 79.27%     
client [35] (testset)   loss: 1.1912 -> 1.1682  accuracy: 46.30% -> 46.30%     
client [24] (testset)   loss: 0.1574 -> 0.1575  accuracy: 96.84% -> 96.84%     
client [15] (testset)   loss: 0.8856 -> 0.8835  accuracy: 76.47% -> 76.47%     
client [58] (testset)   loss: 0.2438 -> 0.2274  accuracy: 94.34% -> 94.34%     
---------------------------- TRAINING EPOCH: 160 ----------------------------  
client [48] (testset)   loss: 0.7468 -> 0.7310  accuracy: 74.14% -> 74.14%     
client [76] (testset)   loss: 1.2870 -> 1.2776  accuracy: 52.13% -> 52.13%     
client [67] (testset)   loss: 1.1171 -> 1.2028  accuracy: 55.29% -> 55.29%     
client [37] (testset)   loss: 0.4728 -> 0.4768  accuracy: 87.45% -> 87.45%     
client [58] (testset)   loss: 0.2392 -> 0.2333  accuracy: 94.34% -> 94.34%     
client [64] (testset)   loss: 0.8012 -> 0.8230  accuracy: 66.67% -> 66.67%     
client [77] (testset)   loss: 1.2051 -> 0.9710  accuracy: 58.33% -> 58.33%     
client [55] (testset)   loss: 1.9311 -> 1.8910  accuracy: 50.00% -> 50.00%     
client [12] (testset)   loss: 0.5270 -> 0.5291  accuracy: 86.14% -> 86.14%     
client [89] (testset)   loss: 1.9736 -> 1.8841  accuracy: 18.75% -> 18.75%     
---------------------------- TRAINING EPOCH: 170 ----------------------------  
client [84] (testset)   loss: 0.8927 -> 0.8860  accuracy: 40.51% -> 40.51%     
client [51] (testset)   loss: 0.8369 -> 0.8824  accuracy: 66.67% -> 66.67%     
client [8]  (testset)   loss: 1.6907 -> 1.7473  accuracy: 40.91% -> 40.91%     
client [18] (testset)   loss: 0.9683 -> 0.9295  accuracy: 65.38% -> 65.38%     
client [94] (testset)   loss: 1.3735 -> 1.3947  accuracy: 50.00% -> 50.00%     
client [81] (testset)   loss: 0.7926 -> 0.8196  accuracy: 54.74% -> 54.74%     
client [3]  (testset)   loss: 0.7206 -> 1.1124  accuracy: 63.64% -> 36.36%     
client [11] (testset)   loss: 1.1645 -> 1.1767  accuracy: 50.88% -> 50.88%     
client [95] (testset)   loss: 1.0459 -> 0.3566  accuracy: 94.83% -> 94.83%     
client [67] (testset)   loss: 1.1914 -> 1.1588  accuracy: 55.29% -> 55.29%     
---------------------------- TRAINING EPOCH: 180 ----------------------------  
client [21] (testset)   loss: 0.9168 -> 0.8866  accuracy: 53.44% -> 53.44%     
client [79] (testset)   loss: 1.0918 -> 1.1663  accuracy: 77.78% -> 77.78%     
client [58] (testset)   loss: 0.2275 -> 0.2307  accuracy: 94.34% -> 94.34%     
client [88] (testset)   loss: 1.0913 -> 1.1076  accuracy: 67.57% -> 67.57%     
client [46] (testset)   loss: 0.8364 -> 0.8996  accuracy: 59.30% -> 59.30%     
client [11] (testset)   loss: 1.1718 -> 1.1945  accuracy: 50.88% -> 50.88%     
client [55] (testset)   loss: 2.0472 -> 2.1019  accuracy: 50.00% -> 50.00%     
client [13] (testset)   loss: 0.1183 -> 0.1207  accuracy: 97.78% -> 97.78%     
client [31] (testset)   loss: 1.3704 -> 1.3799  accuracy: 55.00% -> 55.00%     
client [75] (testset)   loss: 1.4632 -> 1.4828  accuracy: 29.15% -> 29.15%     
---------------------------- TRAINING EPOCH: 190 ----------------------------  
client [19] (testset)   loss: 1.5115 -> 1.5585  accuracy: 37.50% -> 37.50%     
client [7]  (testset)   loss: 0.4684 -> 0.4811  accuracy: 88.85% -> 88.85%     
client [57] (testset)   loss: 0.7347 -> 0.6075  accuracy: 79.69% -> 79.69%     
client [13] (testset)   loss: 0.1119 -> 0.1172  accuracy: 97.78% -> 97.78%     
client [43] (testset)   loss: 0.3153 -> 0.3264  accuracy: 93.29% -> 93.29%     
client [91] (testset)   loss: 0.6587 -> 0.5721  accuracy: 88.24% -> 88.24%     
client [10] (testset)   loss: 0.9402 -> 0.9374  accuracy: 53.62% -> 53.62%     
client [64] (testset)   loss: 0.8070 -> 0.8259  accuracy: 66.67% -> 66.67%     
client [82] (testset)   loss: 1.5652 -> 1.5447  accuracy: 46.51% -> 46.51%     
client [22] (testset)   loss: 0.4830 -> 0.4462  accuracy: 89.95% -> 89.95%     
---------------------------- TRAINING EPOCH: 200 ----------------------------  
client [20] (testset)   loss: 0.7494 -> 0.6732  accuracy: 88.08% -> 88.08%     
client [23] (testset)   loss: 0.9478 -> 0.9144  accuracy: 56.67% -> 56.67%     
client [88] (testset)   loss: 1.0990 -> 1.0839  accuracy: 67.57% -> 67.57%     
client [98] (testset)   loss: 0.9557 -> 0.9982  accuracy: 74.68% -> 74.68%     
client [79] (testset)   loss: 1.0795 -> 1.1240  accuracy: 77.78% -> 77.78%     
client [21] (testset)   loss: 0.8779 -> 0.8890  accuracy: 53.44% -> 53.44%     
client [92] (testset)   loss: 1.2466 -> 0.7404  accuracy: 63.64% -> 63.64%     
client [56] (testset)   loss: 1.6814 -> 1.5710  accuracy: 16.39% -> 44.26%     
client [5]  (testset)   loss: 1.5179 -> 1.4476  accuracy: 43.96% -> 43.96%     
client [52] (testset)   loss: 0.8890 -> 0.8848  accuracy: 75.22% -> 75.22%     
FedDpa's average time taken by each global epoch: 0 min 2.31 sec.              
FedDpa's total running time: 0 h 7 m 47 s.                                     
==================== FedDpa Experiment Results: ====================           
Display format: (before local fine-tuning) -> (after local fine-tuning)        
 So if finetune_epoch = 0, x.xx% -> 0.00% is normal.                           
 Centralized testing ONLY happens after model aggregation, so the stats between
'->' are the same.                                                             
{                                                                              
    "100": {                                                                   
        "all_clients": {                                                       
            "test": {                                                          
                "loss": "0.8719 -> 0.0000",                                    
                "accuracy": "67.18% -> 0.00%"                                  
            }                                                                  
        }                                                                      
    },                                                                         
    "200": {                                                                   
        "all_clients": {                                                       
            "test": {                                                          
                "loss": "0.8620 -> 0.0000",                                    
                "accuracy": "67.07% -> 0.00%"                                  
            }                                                                  
        }                                                                      
    }                                                                          
}                                                                              
==================== FedDpa Max Accuracy ====================                  
all_clients:                                                                   
(test) before fine-tuning: 67.18% at epoch 100                                 
(test) after fine-tuning: 0.00% at epoch 100                                   
