==================== FedFew ====================                               
Experiment Arguments:                                                          
{
    'method': 'fedfew',
    'dataset': {
        'name': 'medmnistA',
        'client_num': 100,
        'test_ratio': 0.25,
        'val_ratio': 0.0,
        'seed': 42,
        'split': 'sample',
        'IID_ratio': 0.0,
        'monitor_window_name_suffix': 'medmnistA-100clients-0%IID-Dir(0.1)-seed42',
        'alpha': 0.1,
        'min_samples_per_client': 10
    },
    'model': {
        'name': 'avgcnn',
        'use_torchvision_pretrained_weights': True,
        'external_model_weights_path': None
    },
    'optimizer': {
        'lr': 0.01,
        'dampening': 0,
        'weight_decay': 0,
        'momentum': 0.7,
        'nesterov': False,
        'name': 'sgd'
    },
    'mode': 'serial',
    'parallel': {
        'ray_cluster_addr': None,
        'num_cpus': None,
        'num_gpus': None,
        'num_workers': 2
    },
    'common': {
        'seed': 42,
        'join_ratio': 0.1,
        'global_epoch': 400,
        'local_epoch': 5,
        'batch_size': 32,
        'reset_optimizer_on_global_epoch': True,
        'straggler_ratio': 0,
        'straggler_min_local_epoch': 0,
        'buffers': 'global',
        'client_side_evaluation': True,
        'test': {
            'client': {
                'interval': 100,
                'finetune_epoch': 5,
                'train': False,
                'val': False,
                'test': True
            },
            'server': {
                'interval': -1,
                'train': False,
                'val': False,
                'test': True,
                'model_in_train_mode': False
            }
        },
        'verbose_gap': 10,
        'monitor': None,
        'use_cuda': True,
        'save_log': True,
        'save_model': False,
        'save_learning_curve_plot': True,
        'save_metrics': True,
        'delete_useless_run': True
    },
    'fedprox': {
        'mu': 0.01
    },
    'pfedsim': {
        'warmup_round': 0.5
    },
    'fedfew': {
        'ig_ratio': 0.9999,
        'alpha': 0.1,
        'IgRatioScheduler': {
            'init': 0.0,
            'last': 0.9999,
            'num_rounds': 400,
            'mode': 'linear'
        }
    }
}
---------------------------- TRAINING EPOCH: 10 ----------------------------   
client [77] (testset)   loss: 3.0379 -> 0.9612  accuracy: 0.00% -> 58.33%      
client [81] (testset)   loss: 3.1653 -> 0.8109  accuracy: 0.00% -> 54.74%      
client [21] (testset)   loss: 4.7046 -> 0.9034  accuracy: 1.59% -> 53.44%      
client [68] (testset)   loss: 2.5095 -> 0.0171  accuracy: 0.00% -> 100.00%     
client [93] (testset)   loss: 2.9183 -> 0.6181  accuracy: 0.00% -> 88.89%      
client [31] (testset)   loss: 4.1036 -> 1.4932  accuracy: 0.00% -> 55.00%      
client [20] (testset)   loss: 0.7113 -> 0.5877  accuracy: 88.08% -> 88.08%     
client [59] (testset)   loss: 3.3048 -> 0.9580  accuracy: 0.00% -> 42.00%      
client [48] (testset)   loss: 2.8837 -> 0.7381  accuracy: 0.00% -> 74.14%      
client [34] (testset)   loss: 1.8538 -> 1.4173  accuracy: 37.04% -> 28.40%     
---------------------------- TRAINING EPOCH: 20 ----------------------------   
client [69] (testset)   loss: 2.0092 -> 1.1494  accuracy: 63.83% -> 63.83%     
client [99] (testset)   loss: 1.3285 -> 1.1748  accuracy: 63.53% -> 63.53%     
client [67] (testset)   loss: 1.2030 -> 1.1282  accuracy: 55.29% -> 55.29%     
client [0]  (testset)   loss: 0.9823 -> 0.9037  accuracy: 60.35% -> 60.35%     
client [76] (testset)   loss: 1.3274 -> 1.2741  accuracy: 52.13% -> 52.13%     
client [41] (testset)   loss: 1.2487 -> 0.8363  accuracy: 59.15% -> 59.15%     
client [62] (testset)   loss: 2.2409 -> 0.9148  accuracy: 25.00% -> 65.00%     
client [2]  (testset)   loss: 2.8782 -> 1.6442  accuracy: 5.71% -> 37.14%      
client [14] (testset)   loss: 0.4020 -> 0.1692  accuracy: 97.22% -> 97.22%     
client [46] (testset)   loss: 1.4634 -> 0.8335  accuracy: 36.63% -> 59.30%     
---------------------------- TRAINING EPOCH: 30 ----------------------------   
client [24] (testset)   loss: 0.2098 -> 0.1605  accuracy: 96.84% -> 96.84%     
client [68] (testset)   loss: 0.1090 -> 0.0251  accuracy: 100.00% -> 100.00%   
client [57] (testset)   loss: 0.7209 -> 0.6388  accuracy: 79.69% -> 79.69%     
client [17] (testset)   loss: 1.4566 -> 1.4801  accuracy: 38.46% -> 21.54%     
client [54] (testset)   loss: 0.7057 -> 0.6296  accuracy: 80.00% -> 80.00%     
client [23] (testset)   loss: 2.6030 -> 0.9265  accuracy: 0.00% -> 56.67%      
client [35] (testset)   loss: 1.2544 -> 1.2209  accuracy: 46.30% -> 32.87%     
client [59] (testset)   loss: 1.0833 -> 0.9619  accuracy: 52.00% -> 52.00%     
client [31] (testset)   loss: 1.5402 -> 1.3977  accuracy: 55.00% -> 55.00%     
client [9]  (testset)   loss: 0.6893 -> 0.6573  accuracy: 83.44% -> 83.44%     
---------------------------- TRAINING EPOCH: 40 ----------------------------   
client [64] (testset)   loss: 0.8037 -> 0.9640  accuracy: 66.67% -> 66.67%     
client [33] (testset)   loss: 0.9322 -> 0.7046  accuracy: 75.00% -> 75.00%     
client [16] (testset)   loss: 0.3355 -> 0.2992  accuracy: 92.63% -> 92.63%     
client [44] (testset)   loss: 2.4434 -> 1.9387  accuracy: 30.77% -> 61.54%     
client [8]  (testset)   loss: 1.7522 -> 1.7510  accuracy: 40.91% -> 40.91%     
client [31] (testset)   loss: 1.4154 -> 1.3648  accuracy: 55.00% -> 55.00%     
client [47] (testset)   loss: 1.0090 -> 1.0108  accuracy: 48.19% -> 48.19%     
client [36] (testset)   loss: 1.5502 -> 1.4211  accuracy: 30.00% -> 37.50%     
client [20] (testset)   loss: 0.7506 -> 0.5831  accuracy: 88.08% -> 88.08%     
client [56] (testset)   loss: 1.5404 -> 1.6064  accuracy: 44.26% -> 16.39%     
---------------------------- TRAINING EPOCH: 50 ----------------------------   
client [4]  (testset)   loss: 0.8755 -> 0.8834  accuracy: 76.74% -> 76.74%     
client [60] (testset)   loss: 0.2104 -> 0.1811  accuracy: 96.62% -> 96.62%     
client [28] (testset)   loss: 0.9608 -> 1.0489  accuracy: 73.37% -> 73.37%     
client [25] (testset)   loss: 0.8031 -> 0.8062  accuracy: 73.02% -> 73.02%     
client [58] (testset)   loss: 0.2681 -> 0.2306  accuracy: 94.34% -> 94.34%     
client [44] (testset)   loss: 2.0287 -> 1.7849  accuracy: 61.54% -> 61.54%     
client [39] (testset)   loss: 1.5766 -> 1.5783  accuracy: 43.40% -> 43.40%     
client [29] (testset)   loss: 1.0613 -> 0.9151  accuracy: 73.87% -> 73.87%     
client [3]  (testset)   loss: 0.8209 -> 0.8120  accuracy: 63.64% -> 63.64%     
client [84] (testset)   loss: 0.8250 -> 0.8051  accuracy: 40.51% -> 56.96%     
---------------------------- TRAINING EPOCH: 60 ----------------------------   
client [21] (testset)   loss: 0.9475 -> 0.8816  accuracy: 42.06% -> 53.44%     
client [84] (testset)   loss: 0.8100 -> 0.8094  accuracy: 56.96% -> 56.96%     
client [10] (testset)   loss: 0.9312 -> 0.9346  accuracy: 53.62% -> 53.62%     
client [36] (testset)   loss: 1.4142 -> 1.4087  accuracy: 37.50% -> 30.00%     
client [65] (testset)   loss: 0.5959 -> 0.5732  accuracy: 83.56% -> 83.56%     
client [81] (testset)   loss: 0.7952 -> 0.7919  accuracy: 54.74% -> 54.74%     
client [79] (testset)   loss: 1.1218 -> 1.0010  accuracy: 77.78% -> 77.78%     
client [42] (testset)   loss: 1.1312 -> 1.1314  accuracy: 58.33% -> 58.33%     
client [11] (testset)   loss: 1.2235 -> 1.1998  accuracy: 50.88% -> 50.88%     
client [96] (testset)   loss: 1.2153 -> 1.2820  accuracy: 55.39% -> 55.39%     
---------------------------- TRAINING EPOCH: 70 ----------------------------   
client [8]  (testset)   loss: 1.7959 -> 1.7119  accuracy: 40.91% -> 40.91%     
client [53] (testset)   loss: 0.3135 -> 0.2668  accuracy: 94.85% -> 94.85%     
client [52] (testset)   loss: 0.8652 -> 0.8704  accuracy: 75.22% -> 75.22%     
client [42] (testset)   loss: 1.1009 -> 1.1090  accuracy: 58.33% -> 58.33%     
client [69] (testset)   loss: 1.0989 -> 1.0688  accuracy: 63.83% -> 63.83%     
client [59] (testset)   loss: 1.0338 -> 0.9262  accuracy: 52.00% -> 52.00%     
client [7]  (testset)   loss: 0.4787 -> 0.5068  accuracy: 88.85% -> 88.85%     
client [26] (testset)   loss: 1.3164 -> 1.2481  accuracy: 50.53% -> 50.53%     
client [49] (testset)   loss: 0.7493 -> 0.7326  accuracy: 79.77% -> 79.77%     
client [98] (testset)   loss: 0.9355 -> 0.9742  accuracy: 74.68% -> 74.68%     
---------------------------- TRAINING EPOCH: 80 ----------------------------   
client [98] (testset)   loss: 0.9514 -> 0.9612  accuracy: 74.68% -> 74.68%     
client [47] (testset)   loss: 0.9979 -> 0.9991  accuracy: 48.19% -> 48.19%     
client [21] (testset)   loss: 0.9239 -> 0.8782  accuracy: 42.06% -> 53.44%     
client [77] (testset)   loss: 0.9883 -> 1.2038  accuracy: 58.33% -> 58.33%     
client [95] (testset)   loss: 0.3592 -> 0.2809  accuracy: 94.83% -> 94.83%     
client [91] (testset)   loss: 0.6284 -> 0.6275  accuracy: 88.24% -> 88.24%     
client [14] (testset)   loss: 0.2036 -> 0.1635  accuracy: 97.22% -> 97.22%     
client [99] (testset)   loss: 1.2079 -> 1.1690  accuracy: 63.53% -> 63.53%     
client [20] (testset)   loss: 0.6013 -> 0.5931  accuracy: 88.08% -> 88.08%     
client [39] (testset)   loss: 1.6368 -> 1.5854  accuracy: 20.75% -> 43.40%     
---------------------------- TRAINING EPOCH: 90 ----------------------------   
client [52] (testset)   loss: 0.8741 -> 0.8708  accuracy: 75.22% -> 75.22%     
client [62] (testset)   loss: 0.9293 -> 0.8962  accuracy: 65.00% -> 65.00%     
client [71] (testset)   loss: 1.2882 -> 1.2713  accuracy: 50.00% -> 50.00%     
client [97] (testset)   loss: 1.3329 -> 1.3232  accuracy: 47.72% -> 47.72%     
client [30] (testset)   loss: 0.9063 -> 0.8879  accuracy: 41.43% -> 54.29%     
client [88] (testset)   loss: 1.1781 -> 1.0634  accuracy: 67.57% -> 67.57%     
client [60] (testset)   loss: 0.1985 -> 0.2147  accuracy: 96.62% -> 96.62%     
client [82] (testset)   loss: 1.5491 -> 1.5451  accuracy: 46.51% -> 46.51%     
client [91] (testset)   loss: 0.6780 -> 0.5564  accuracy: 88.24% -> 88.24%     
client [57] (testset)   loss: 0.5496 -> 0.5491  accuracy: 79.69% -> 79.69%     
---------------------------- TRAINING EPOCH: 100 ----------------------------  
client [31] (testset)   loss: 1.3654 -> 1.3869  accuracy: 55.00% -> 55.00%     
client [15] (testset)   loss: 0.9035 -> 0.8848  accuracy: 76.47% -> 76.47%     
client [71] (testset)   loss: 1.2922 -> 1.2586  accuracy: 50.00% -> 50.00%     
client [97] (testset)   loss: 1.3252 -> 1.3366  accuracy: 47.72% -> 47.72%     
client [53] (testset)   loss: 0.2522 -> 0.2259  accuracy: 94.85% -> 94.85%     
client [77] (testset)   loss: 1.0276 -> 1.0868  accuracy: 58.33% -> 58.33%     
client [76] (testset)   loss: 1.2813 -> 1.2950  accuracy: 52.13% -> 52.13%     
client [79] (testset)   loss: 1.0474 -> 1.0575  accuracy: 77.78% -> 77.78%     
client [28] (testset)   loss: 0.9833 -> 0.9658  accuracy: 73.37% -> 73.37%     
client [99] (testset)   loss: 1.1677 -> 1.1701  accuracy: 63.53% -> 63.53%     
---------------------------- TRAINING EPOCH: 110 ----------------------------  
client [97] (testset)   loss: 1.3111 -> 1.3177  accuracy: 47.72% -> 47.72%     
client [86] (testset)   loss: 0.5132 -> 0.5147  accuracy: 84.66% -> 84.66%     
client [34] (testset)   loss: 1.3569 -> 1.3517  accuracy: 37.04% -> 37.04%     
client [73] (testset)   loss: 0.7508 -> 0.7952  accuracy: 58.95% -> 40.00%     
client [5]  (testset)   loss: 1.4845 -> 1.4571  accuracy: 43.96% -> 43.96%     
client [96] (testset)   loss: 1.2316 -> 1.2100  accuracy: 55.39% -> 55.39%     
client [22] (testset)   loss: 0.4785 -> 0.4209  accuracy: 89.95% -> 89.95%     
client [60] (testset)   loss: 0.2033 -> 0.1819  accuracy: 96.62% -> 96.62%     
client [66] (testset)   loss: 1.0820 -> 1.0575  accuracy: 50.78% -> 50.78%     
client [83] (testset)   loss: 0.7291 -> 0.6418  accuracy: 85.00% -> 85.00%     
---------------------------- TRAINING EPOCH: 120 ----------------------------  
client [76] (testset)   loss: 1.3113 -> 1.2657  accuracy: 52.13% -> 52.13%     
client [65] (testset)   loss: 0.5706 -> 0.5678  accuracy: 83.56% -> 83.56%     
client [95] (testset)   loss: 0.3308 -> 0.3212  accuracy: 94.83% -> 94.83%     
client [17] (testset)   loss: 1.4955 -> 1.4524  accuracy: 21.54% -> 38.46%     
client [8]  (testset)   loss: 1.7138 -> 1.6723  accuracy: 40.91% -> 40.91%     
client [35] (testset)   loss: 1.1826 -> 1.1693  accuracy: 46.30% -> 46.30%     
client [98] (testset)   loss: 0.9575 -> 1.1194  accuracy: 74.68% -> 74.68%     
client [53] (testset)   loss: 0.2365 -> 0.2267  accuracy: 94.85% -> 94.85%     
client [43] (testset)   loss: 0.3196 -> 0.3361  accuracy: 93.29% -> 93.29%     
client [64] (testset)   loss: 0.8435 -> 0.8849  accuracy: 66.67% -> 66.67%     
---------------------------- TRAINING EPOCH: 130 ----------------------------  
client [21] (testset)   loss: 0.8850 -> 0.8747  accuracy: 53.44% -> 53.44%     
client [88] (testset)   loss: 1.1167 -> 1.0662  accuracy: 67.57% -> 67.57%     
client [38] (testset)   loss: 1.1625 -> 1.0579  accuracy: 66.67% -> 66.67%     
client [3]  (testset)   loss: 0.8116 -> 0.7984  accuracy: 63.64% -> 36.36%     
client [5]  (testset)   loss: 1.4523 -> 1.4456  accuracy: 43.96% -> 43.96%     
client [41] (testset)   loss: 0.8698 -> 0.8493  accuracy: 59.15% -> 59.15%     
client [7]  (testset)   loss: 0.4819 -> 0.4708  accuracy: 88.85% -> 88.85%     
client [37] (testset)   loss: 0.5321 -> 0.4709  accuracy: 87.45% -> 87.45%     
client [45] (testset)   loss: 1.6227 -> 1.5562  accuracy: 44.00% -> 44.00%     
client [47] (testset)   loss: 1.0083 -> 1.0011  accuracy: 48.19% -> 48.19%     
---------------------------- TRAINING EPOCH: 140 ----------------------------  
client [16] (testset)   loss: 0.3035 -> 0.3045  accuracy: 92.63% -> 92.63%     
client [11] (testset)   loss: 1.1953 -> 1.2084  accuracy: 50.88% -> 50.88%     
client [37] (testset)   loss: 0.4672 -> 0.5023  accuracy: 87.45% -> 87.45%     
client [41] (testset)   loss: 0.8291 -> 0.8441  accuracy: 59.15% -> 59.15%     
client [95] (testset)   loss: 0.2998 -> 0.3807  accuracy: 94.83% -> 94.83%     
client [53] (testset)   loss: 0.2524 -> 0.2299  accuracy: 94.85% -> 94.85%     
client [22] (testset)   loss: 0.4214 -> 0.4161  accuracy: 89.95% -> 89.95%     
client [25] (testset)   loss: 0.8012 -> 0.7777  accuracy: 73.02% -> 73.02%     
client [69] (testset)   loss: 1.0457 -> 1.0523  accuracy: 63.83% -> 63.83%     
client [46] (testset)   loss: 0.8923 -> 0.8909  accuracy: 59.30% -> 59.30%     
---------------------------- TRAINING EPOCH: 150 ----------------------------  
client [47] (testset)   loss: 0.9889 -> 1.0113  accuracy: 48.19% -> 48.19%     
client [69] (testset)   loss: 1.0850 -> 1.0501  accuracy: 63.83% -> 63.83%     
client [82] (testset)   loss: 1.5232 -> 1.5022  accuracy: 46.51% -> 46.51%     
client [45] (testset)   loss: 1.5874 -> 1.5546  accuracy: 44.00% -> 44.00%     
client [7]  (testset)   loss: 0.4741 -> 0.4878  accuracy: 88.85% -> 88.85%     
client [50] (testset)   loss: 0.7367 -> 0.6748  accuracy: 79.27% -> 79.27%     
client [35] (testset)   loss: 1.1672 -> 1.1756  accuracy: 46.30% -> 46.30%     
client [24] (testset)   loss: 0.2059 -> 0.1615  accuracy: 96.84% -> 96.84%     
client [15] (testset)   loss: 0.8930 -> 0.8707  accuracy: 76.47% -> 76.47%     
client [58] (testset)   loss: 0.2815 -> 0.2336  accuracy: 94.34% -> 94.34%     
---------------------------- TRAINING EPOCH: 160 ----------------------------  
client [48] (testset)   loss: 0.7227 -> 0.7510  accuracy: 74.14% -> 74.14%     
client [76] (testset)   loss: 1.2775 -> 1.2672  accuracy: 52.13% -> 52.13%     
client [67] (testset)   loss: 1.1228 -> 1.1481  accuracy: 55.29% -> 55.29%     
client [37] (testset)   loss: 0.4793 -> 0.4665  accuracy: 87.45% -> 87.45%     
client [58] (testset)   loss: 0.2503 -> 0.2238  accuracy: 94.34% -> 94.34%     
client [64] (testset)   loss: 0.7959 -> 0.9661  accuracy: 66.67% -> 66.67%     
client [77] (testset)   loss: 0.9327 -> 0.9758  accuracy: 58.33% -> 58.33%     
client [55] (testset)   loss: 1.6484 -> 1.8074  accuracy: 50.00% -> 50.00%     
client [12] (testset)   loss: 0.5325 -> 0.5366  accuracy: 86.14% -> 86.14%     
client [89] (testset)   loss: 1.9508 -> 1.9390  accuracy: 18.75% -> 18.75%     
---------------------------- TRAINING EPOCH: 170 ----------------------------  
client [84] (testset)   loss: 0.8222 -> 0.8084  accuracy: 40.51% -> 56.96%     
client [51] (testset)   loss: 0.8097 -> 0.8296  accuracy: 66.67% -> 66.67%     
client [8]  (testset)   loss: 1.7023 -> 1.7124  accuracy: 40.91% -> 40.91%     
client [18] (testset)   loss: 0.9298 -> 0.9165  accuracy: 65.38% -> 65.38%     
client [94] (testset)   loss: 1.3877 -> 1.3620  accuracy: 50.00% -> 50.00%     
client [81] (testset)   loss: 0.7959 -> 0.8021  accuracy: 54.74% -> 54.74%     
client [3]  (testset)   loss: 0.7540 -> 0.7228  accuracy: 63.64% -> 63.64%     
client [11] (testset)   loss: 1.1872 -> 1.1705  accuracy: 50.88% -> 50.88%     
client [95] (testset)   loss: 0.3349 -> 0.3242  accuracy: 94.83% -> 94.83%     
client [67] (testset)   loss: 1.1756 -> 1.1754  accuracy: 55.29% -> 55.29%     
---------------------------- TRAINING EPOCH: 180 ----------------------------  
client [21] (testset)   loss: 0.8803 -> 0.8833  accuracy: 53.44% -> 53.44%     
client [79] (testset)   loss: 1.0416 -> 1.0917  accuracy: 77.78% -> 77.78%     
client [58] (testset)   loss: 0.2354 -> 0.2225  accuracy: 94.34% -> 94.34%     
client [88] (testset)   loss: 1.0767 -> 1.0656  accuracy: 67.57% -> 67.57%     
client [46] (testset)   loss: 0.8380 -> 0.8309  accuracy: 59.30% -> 59.30%     
client [11] (testset)   loss: 1.1806 -> 1.1863  accuracy: 50.88% -> 50.88%     
client [55] (testset)   loss: 1.7012 -> 1.8389  accuracy: 50.00% -> 50.00%     
client [13] (testset)   loss: 0.1223 -> 0.1264  accuracy: 97.78% -> 97.78%     
client [31] (testset)   loss: 1.3600 -> 1.3724  accuracy: 55.00% -> 55.00%     
client [75] (testset)   loss: 1.4425 -> 1.4628  accuracy: 38.38% -> 38.38%     
---------------------------- TRAINING EPOCH: 190 ----------------------------  
client [19] (testset)   loss: 1.5458 -> 1.5294  accuracy: 37.50% -> 37.50%     
client [7]  (testset)   loss: 0.4791 -> 0.4771  accuracy: 88.85% -> 88.85%     
client [57] (testset)   loss: 0.5508 -> 0.5432  accuracy: 79.69% -> 79.69%     
client [13] (testset)   loss: 0.1207 -> 0.1273  accuracy: 97.78% -> 97.78%     
client [43] (testset)   loss: 0.3147 -> 0.3216  accuracy: 93.29% -> 93.29%     
client [91] (testset)   loss: 0.6930 -> 0.5995  accuracy: 88.24% -> 88.24%     
client [10] (testset)   loss: 0.9340 -> 0.9290  accuracy: 53.62% -> 53.62%     
client [64] (testset)   loss: 0.9064 -> 0.8606  accuracy: 66.67% -> 66.67%     
client [82] (testset)   loss: 1.5441 -> 1.5977  accuracy: 46.51% -> 46.51%     
client [22] (testset)   loss: 0.4523 -> 0.4516  accuracy: 89.95% -> 89.95%     
---------------------------- TRAINING EPOCH: 200 ----------------------------  
client [20] (testset)   loss: 0.5987 -> 0.5805  accuracy: 88.08% -> 88.08%     
client [23] (testset)   loss: 0.9157 -> 0.9236  accuracy: 56.67% -> 56.67%     
client [88] (testset)   loss: 1.0701 -> 1.0788  accuracy: 67.57% -> 67.57%     
client [98] (testset)   loss: 0.9474 -> 0.9806  accuracy: 74.68% -> 74.68%     
client [79] (testset)   loss: 1.0346 -> 1.0913  accuracy: 77.78% -> 77.78%     
client [21] (testset)   loss: 0.8762 -> 0.8790  accuracy: 53.44% -> 53.44%     
client [92] (testset)   loss: 0.8872 -> 0.8209  accuracy: 63.64% -> 63.64%     
client [56] (testset)   loss: 1.5658 -> 1.5830  accuracy: 44.26% -> 16.39%     
client [5]  (testset)   loss: 1.4809 -> 1.4421  accuracy: 43.96% -> 43.96%     
client [52] (testset)   loss: 0.8776 -> 0.9061  accuracy: 75.22% -> 75.22%     
---------------------------- TRAINING EPOCH: 210 ----------------------------  
client [67] (testset)   loss: 1.1208 -> 1.1325  accuracy: 55.29% -> 55.29%     
client [54] (testset)   loss: 0.7330 -> 0.6462  accuracy: 80.00% -> 80.00%     
client [14] (testset)   loss: 0.1794 -> 0.1566  accuracy: 97.22% -> 97.22%     
client [99] (testset)   loss: 1.1677 -> 1.1710  accuracy: 63.53% -> 63.53%     
client [36] (testset)   loss: 1.4097 -> 1.3989  accuracy: 37.50% -> 37.50%     
client [30] (testset)   loss: 0.8937 -> 0.9031  accuracy: 54.29% -> 54.29%     
client [38] (testset)   loss: 1.1229 -> 1.0344  accuracy: 66.67% -> 66.67%     
client [15] (testset)   loss: 0.8833 -> 0.8841  accuracy: 76.47% -> 76.47%     
client [6]  (testset)   loss: 1.1144 -> 1.1063  accuracy: 47.09% -> 47.09%     
client [53] (testset)   loss: 0.2380 -> 0.2288  accuracy: 94.85% -> 94.85%     
---------------------------- TRAINING EPOCH: 220 ----------------------------  
client [99] (testset)   loss: 1.1637 -> 1.1706  accuracy: 63.53% -> 63.53%     
client [6]  (testset)   loss: 1.1045 -> 1.1107  accuracy: 47.09% -> 47.09%     
client [83] (testset)   loss: 0.6905 -> 0.6646  accuracy: 85.00% -> 85.00%     
client [42] (testset)   loss: 1.1190 -> 1.1398  accuracy: 58.33% -> 58.33%     
client [34] (testset)   loss: 1.3592 -> 1.3506  accuracy: 37.04% -> 37.04%     
client [15] (testset)   loss: 0.8761 -> 0.8744  accuracy: 76.47% -> 76.47%     
client [47] (testset)   loss: 0.9875 -> 0.9875  accuracy: 48.19% -> 48.19%     
client [55] (testset)   loss: 1.7418 -> 1.9168  accuracy: 50.00% -> 50.00%     
client [51] (testset)   loss: 0.8141 -> 0.8443  accuracy: 66.67% -> 66.67%     
client [95] (testset)   loss: 0.3384 -> 0.3003  accuracy: 94.83% -> 94.83%     
---------------------------- TRAINING EPOCH: 230 ----------------------------  
client [71] (testset)   loss: 1.2542 -> 1.2894  accuracy: 50.00% -> 25.00%     
client [15] (testset)   loss: 0.8670 -> 0.8849  accuracy: 76.47% -> 76.47%     
client [33] (testset)   loss: 0.7524 -> 0.7550  accuracy: 75.00% -> 75.00%     
client [99] (testset)   loss: 1.1838 -> 1.1718  accuracy: 63.53% -> 63.53%     
client [90] (testset)   loss: 1.0484 -> 1.0570  accuracy: 50.00% -> 50.00%     
client [57] (testset)   loss: 0.5471 -> 0.5935  accuracy: 79.69% -> 79.69%     
client [27] (testset)   loss: 0.6706 -> 0.6636  accuracy: 82.43% -> 82.43%     
client [78] (testset)   loss: 0.6188 -> 0.6552  accuracy: 84.72% -> 84.72%     
client [36] (testset)   loss: 1.4249 -> 1.4008  accuracy: 37.50% -> 30.00%     
client [88] (testset)   loss: 1.0686 -> 1.1099  accuracy: 67.57% -> 67.57%     
---------------------------- TRAINING EPOCH: 240 ----------------------------  
client [70] (testset)   loss: 1.6187 -> 1.7186  accuracy: 27.78% -> 27.78%     
client [35] (testset)   loss: 1.1708 -> 1.1665  accuracy: 46.30% -> 46.30%     
client [16] (testset)   loss: 0.3189 -> 0.2993  accuracy: 92.63% -> 92.63%     
client [80] (testset)   loss: 0.7367 -> 0.7193  accuracy: 82.81% -> 82.81%     
client [38] (testset)   loss: 1.0863 -> 1.0399  accuracy: 66.67% -> 66.67%     
client [78] (testset)   loss: 0.6121 -> 0.6119  accuracy: 84.72% -> 84.72%     
client [68] (testset)   loss: 0.0456 -> 0.0334  accuracy: 100.00% -> 100.00%   
client [11] (testset)   loss: 1.1848 -> 1.1738  accuracy: 50.88% -> 50.88%     
client [64] (testset)   loss: 0.8258 -> 0.9171  accuracy: 66.67% -> 66.67%     
client [82] (testset)   loss: 1.5420 -> 1.5114  accuracy: 46.51% -> 46.51%     
---------------------------- TRAINING EPOCH: 250 ----------------------------  
client [30] (testset)   loss: 0.8987 -> 0.9147  accuracy: 54.29% -> 54.29%     
client [27] (testset)   loss: 0.6567 -> 0.6703  accuracy: 82.43% -> 82.43%     
client [74] (testset)   loss: 0.7946 -> 0.7910  accuracy: 75.76% -> 75.76%     
client [45] (testset)   loss: 1.5565 -> 1.5482  accuracy: 44.00% -> 44.00%     
client [6]  (testset)   loss: 1.0944 -> 1.0982  accuracy: 47.09% -> 47.09%     
client [36] (testset)   loss: 1.4110 -> 1.3986  accuracy: 30.00% -> 37.50%     
client [63] (testset)   loss: 0.2033 -> 0.2147  accuracy: 96.00% -> 96.00%     
client [76] (testset)   loss: 1.2785 -> 1.2670  accuracy: 52.13% -> 52.13%     
client [83] (testset)   loss: 0.6761 -> 0.6391  accuracy: 85.00% -> 85.00%     
client [86] (testset)   loss: 0.5138 -> 0.5057  accuracy: 84.66% -> 84.66%     
---------------------------- TRAINING EPOCH: 260 ----------------------------  
client [83] (testset)   loss: 0.6497 -> 0.6399  accuracy: 85.00% -> 85.00%     
client [99] (testset)   loss: 1.1713 -> 1.1650  accuracy: 63.53% -> 63.53%     
client [74] (testset)   loss: 0.7858 -> 0.7764  accuracy: 75.76% -> 75.76%     
client [73] (testset)   loss: 0.7327 -> 0.7382  accuracy: 58.95% -> 58.95%     
client [29] (testset)   loss: 0.9076 -> 0.9119  accuracy: 73.87% -> 73.87%     
client [92] (testset)   loss: 0.7831 -> 0.9331  accuracy: 63.64% -> 63.64%     
client [6]  (testset)   loss: 1.1059 -> 1.1253  accuracy: 47.09% -> 47.09%     
client [61] (testset)   loss: 1.3203 -> 1.3456  accuracy: 53.85% -> 53.85%     
client [21] (testset)   loss: 0.8885 -> 0.8788  accuracy: 53.44% -> 53.44%     
client [67] (testset)   loss: 1.1305 -> 1.1325  accuracy: 55.29% -> 55.29%     
---------------------------- TRAINING EPOCH: 270 ----------------------------  
client [83] (testset)   loss: 0.6745 -> 0.6449  accuracy: 85.00% -> 85.00%     
client [32] (testset)   loss: 1.2956 -> 1.2919  accuracy: 47.22% -> 38.89%     
client [95] (testset)   loss: 0.3462 -> 0.2918  accuracy: 94.83% -> 94.83%     
client [61] (testset)   loss: 1.3253 -> 1.3488  accuracy: 53.85% -> 53.85%     
client [27] (testset)   loss: 0.6689 -> 0.6584  accuracy: 82.43% -> 82.43%     
client [25] (testset)   loss: 0.8561 -> 0.7686  accuracy: 73.02% -> 73.02%     
client [68] (testset)   loss: 0.0900 -> 0.0290  accuracy: 100.00% -> 100.00%   
client [34] (testset)   loss: 1.3611 -> 1.3535  accuracy: 37.04% -> 37.04%     
client [71] (testset)   loss: 1.2738 -> 1.2456  accuracy: 50.00% -> 50.00%     
client [89] (testset)   loss: 1.8676 -> 1.9845  accuracy: 18.75% -> 18.75%     
---------------------------- TRAINING EPOCH: 280 ----------------------------  
client [78] (testset)   loss: 0.6147 -> 0.6122  accuracy: 84.72% -> 84.72%     
client [81] (testset)   loss: 0.7990 -> 0.7970  accuracy: 54.74% -> 54.74%     
client [51] (testset)   loss: 0.8341 -> 0.8539  accuracy: 66.67% -> 66.67%     
client [54] (testset)   loss: 0.7034 -> 0.6501  accuracy: 80.00% -> 80.00%     
client [65] (testset)   loss: 0.5715 -> 0.5693  accuracy: 83.56% -> 83.56%     
client [41] (testset)   loss: 0.8755 -> 0.8364  accuracy: 36.62% -> 59.15%     
client [11] (testset)   loss: 1.1717 -> 1.1641  accuracy: 50.88% -> 50.88%     
client [85] (testset)   loss: 1.0286 -> 1.0198  accuracy: 66.67% -> 66.67%     
client [12] (testset)   loss: 0.5157 -> 0.5254  accuracy: 86.14% -> 86.14%     
client [23] (testset)   loss: 0.9208 -> 0.9738  accuracy: 56.67% -> 56.67%     
---------------------------- TRAINING EPOCH: 290 ----------------------------  
client [16] (testset)   loss: 0.2973 -> 0.2996  accuracy: 92.63% -> 92.63%     
client [65] (testset)   loss: 0.5716 -> 0.5678  accuracy: 83.56% -> 83.56%     
client [53] (testset)   loss: 0.2297 -> 0.2290  accuracy: 94.85% -> 94.85%     
client [58] (testset)   loss: 0.2382 -> 0.2318  accuracy: 94.34% -> 94.34%     
client [72] (testset)   loss: 1.2251 -> 1.2694  accuracy: 55.88% -> 26.47%     
client [7]  (testset)   loss: 0.4710 -> 0.4721  accuracy: 88.85% -> 88.85%     
client [71] (testset)   loss: 1.2540 -> 1.2846  accuracy: 50.00% -> 50.00%     
client [59] (testset)   loss: 0.9409 -> 0.9505  accuracy: 52.00% -> 52.00%     
client [86] (testset)   loss: 0.5131 -> 0.5109  accuracy: 84.66% -> 84.66%     
client [39] (testset)   loss: 1.5957 -> 1.5914  accuracy: 43.40% -> 43.40%     
---------------------------- TRAINING EPOCH: 300 ----------------------------  
client [99] (testset)   loss: 1.1655 -> 1.1684  accuracy: 63.53% -> 63.53%     
client [7]  (testset)   loss: 0.4689 -> 0.4699  accuracy: 88.85% -> 88.85%     
client [17] (testset)   loss: 1.4966 -> 1.4874  accuracy: 21.54% -> 21.54%     
client [64] (testset)   loss: 0.8086 -> 0.8883  accuracy: 66.67% -> 66.67%     
client [37] (testset)   loss: 0.4673 -> 0.4667  accuracy: 87.45% -> 87.45%     
client [29] (testset)   loss: 0.9101 -> 0.9056  accuracy: 73.87% -> 73.87%     
client [93] (testset)   loss: 0.6075 -> 0.6558  accuracy: 88.89% -> 88.89%     
client [73] (testset)   loss: 0.7631 -> 0.7361  accuracy: 40.00% -> 58.95%     
client [40] (testset)   loss: 1.1804 -> 1.1835  accuracy: 65.17% -> 65.17%     
client [76] (testset)   loss: 1.2704 -> 1.2671  accuracy: 52.13% -> 52.13%     
---------------------------- TRAINING EPOCH: 310 ----------------------------  
client [31] (testset)   loss: 1.3496 -> 1.3634  accuracy: 55.00% -> 55.00%     
client [89] (testset)   loss: 1.8856 -> 1.9868  accuracy: 18.75% -> 18.75%     
client [77] (testset)   loss: 0.9560 -> 1.0726  accuracy: 58.33% -> 58.33%     
client [90] (testset)   loss: 1.0944 -> 1.1044  accuracy: 28.57% -> 28.57%     
client [26] (testset)   loss: 1.2664 -> 1.2514  accuracy: 50.53% -> 50.53%     
client [50] (testset)   loss: 0.6809 -> 0.6974  accuracy: 79.27% -> 79.27%     
client [30] (testset)   loss: 0.8955 -> 0.8977  accuracy: 54.29% -> 54.29%     
client [70] (testset)   loss: 1.6321 -> 1.7273  accuracy: 27.78% -> 27.78%     
client [41] (testset)   loss: 0.8551 -> 0.8424  accuracy: 59.15% -> 59.15%     
client [99] (testset)   loss: 1.1678 -> 1.1657  accuracy: 63.53% -> 63.53%     
---------------------------- TRAINING EPOCH: 320 ----------------------------  
client [68] (testset)   loss: 0.0576 -> 0.0204  accuracy: 100.00% -> 100.00%   
client [70] (testset)   loss: 1.6629 -> 1.7370  accuracy: 27.78% -> 27.78%     
client [52] (testset)   loss: 0.8730 -> 0.8796  accuracy: 75.22% -> 75.22%     
client [1]  (testset)   loss: 1.0985 -> 1.1113  accuracy: 57.84% -> 57.84%     
client [2]  (testset)   loss: 1.6303 -> 1.6203  accuracy: 21.43% -> 37.14%     
client [67] (testset)   loss: 1.1441 -> 1.1354  accuracy: 55.29% -> 55.29%     
client [92] (testset)   loss: 0.8230 -> 0.8368  accuracy: 63.64% -> 63.64%     
client [35] (testset)   loss: 1.1734 -> 1.1666  accuracy: 46.30% -> 46.30%     
client [36] (testset)   loss: 1.4018 -> 1.3986  accuracy: 37.50% -> 37.50%     
client [64] (testset)   loss: 0.8157 -> 0.8880  accuracy: 66.67% -> 66.67%     
---------------------------- TRAINING EPOCH: 330 ----------------------------  
client [44] (testset)   loss: 1.5857 -> 1.8314  accuracy: 61.54% -> 61.54%     
client [6]  (testset)   loss: 1.0972 -> 1.1187  accuracy: 47.09% -> 47.09%     
client [12] (testset)   loss: 0.5160 -> 0.5205  accuracy: 86.14% -> 86.14%     
client [55] (testset)   loss: 1.7790 -> 1.8566  accuracy: 50.00% -> 50.00%     
client [29] (testset)   loss: 0.9100 -> 0.9286  accuracy: 73.87% -> 73.87%     
client [9]  (testset)   loss: 0.6632 -> 0.6818  accuracy: 83.44% -> 83.44%     
client [43] (testset)   loss: 0.3253 -> 0.3163  accuracy: 93.29% -> 93.29%     
client [77] (testset)   loss: 1.0039 -> 0.9953  accuracy: 58.33% -> 58.33%     
client [98] (testset)   loss: 0.9582 -> 0.9967  accuracy: 74.68% -> 74.68%     
client [78] (testset)   loss: 0.6101 -> 0.6118  accuracy: 84.72% -> 84.72%     
---------------------------- TRAINING EPOCH: 340 ----------------------------  
client [92] (testset)   loss: 0.7857 -> 0.8000  accuracy: 63.64% -> 63.64%     
client [80] (testset)   loss: 0.7133 -> 0.7217  accuracy: 82.81% -> 82.81%     
client [63] (testset)   loss: 0.1992 -> 0.1971  accuracy: 96.00% -> 96.00%     
client [76] (testset)   loss: 1.2739 -> 1.2810  accuracy: 52.13% -> 52.13%     
client [78] (testset)   loss: 0.6113 -> 0.6767  accuracy: 84.72% -> 84.72%     
client [25] (testset)   loss: 0.8285 -> 0.7762  accuracy: 73.02% -> 73.02%     
client [58] (testset)   loss: 0.2557 -> 0.2284  accuracy: 94.34% -> 94.34%     
client [13] (testset)   loss: 0.1137 -> 0.1226  accuracy: 97.78% -> 97.78%     
client [17] (testset)   loss: 1.4876 -> 1.4981  accuracy: 27.69% -> 21.54%     
client [38] (testset)   loss: 1.0460 -> 1.0419  accuracy: 66.67% -> 66.67%     
---------------------------- TRAINING EPOCH: 350 ----------------------------  
client [72] (testset)   loss: 1.2814 -> 1.2988  accuracy: 26.47% -> 26.47%     
client [82] (testset)   loss: 1.5084 -> 1.5162  accuracy: 46.51% -> 46.51%     
client [86] (testset)   loss: 0.5056 -> 0.5099  accuracy: 84.66% -> 84.66%     
client [51] (testset)   loss: 0.8104 -> 0.8402  accuracy: 66.67% -> 66.67%     
client [96] (testset)   loss: 1.2035 -> 1.2027  accuracy: 55.39% -> 55.39%     
client [42] (testset)   loss: 1.1191 -> 1.1393  accuracy: 58.33% -> 58.33%     
client [55] (testset)   loss: 1.7613 -> 1.9192  accuracy: 50.00% -> 50.00%     
client [13] (testset)   loss: 0.1155 -> 0.1239  accuracy: 97.78% -> 97.78%     
client [1]  (testset)   loss: 1.1098 -> 1.1022  accuracy: 57.84% -> 57.84%     
client [12] (testset)   loss: 0.5178 -> 0.5162  accuracy: 86.14% -> 86.14%     
---------------------------- TRAINING EPOCH: 360 ----------------------------  
client [68] (testset)   loss: 0.0415 -> 0.0199  accuracy: 100.00% -> 100.00%   
client [23] (testset)   loss: 0.9452 -> 0.9067  accuracy: 56.67% -> 56.67%     
client [46] (testset)   loss: 0.8407 -> 0.8431  accuracy: 59.30% -> 59.30%     
client [41] (testset)   loss: 0.8393 -> 0.8334  accuracy: 59.15% -> 59.15%     
client [25] (testset)   loss: 0.8478 -> 0.8048  accuracy: 73.02% -> 73.02%     
client [58] (testset)   loss: 0.2542 -> 0.2466  accuracy: 94.34% -> 94.34%     
client [14] (testset)   loss: 0.1816 -> 0.1569  accuracy: 97.22% -> 97.22%     
client [33] (testset)   loss: 0.8282 -> 0.7088  accuracy: 75.00% -> 75.00%     
client [85] (testset)   loss: 1.0232 -> 1.0228  accuracy: 66.67% -> 66.67%     
client [62] (testset)   loss: 0.9396 -> 0.8988  accuracy: 65.00% -> 65.00%     
---------------------------- TRAINING EPOCH: 370 ----------------------------  
client [98] (testset)   loss: 0.9637 -> 0.9692  accuracy: 74.68% -> 74.68%     
client [63] (testset)   loss: 0.2007 -> 0.1964  accuracy: 96.00% -> 96.00%     
client [70] (testset)   loss: 1.6803 -> 1.7508  accuracy: 27.78% -> 27.78%     
client [65] (testset)   loss: 0.5823 -> 0.5737  accuracy: 83.56% -> 83.56%     
client [14] (testset)   loss: 0.1729 -> 0.1566  accuracy: 97.22% -> 97.22%     
client [73] (testset)   loss: 0.7560 -> 0.7525  accuracy: 40.00% -> 40.00%     
client [34] (testset)   loss: 1.3535 -> 1.3523  accuracy: 37.04% -> 37.04%     
client [99] (testset)   loss: 1.1620 -> 1.1645  accuracy: 63.53% -> 63.53%     
client [69] (testset)   loss: 1.0598 -> 1.0534  accuracy: 63.83% -> 63.83%     
client [46] (testset)   loss: 0.8387 -> 0.8715  accuracy: 59.30% -> 59.30%     
---------------------------- TRAINING EPOCH: 380 ----------------------------  
client [99] (testset)   loss: 1.1700 -> 1.1670  accuracy: 63.53% -> 63.53%     
client [93] (testset)   loss: 0.6169 -> 0.6652  accuracy: 88.89% -> 88.89%     
client [11] (testset)   loss: 1.1738 -> 1.1666  accuracy: 50.88% -> 50.88%     
client [58] (testset)   loss: 0.2418 -> 0.2356  accuracy: 94.34% -> 94.34%     
client [81] (testset)   loss: 0.7975 -> 0.8028  accuracy: 54.74% -> 43.60%     
client [85] (testset)   loss: 1.0198 -> 1.0198  accuracy: 66.67% -> 66.67%     
client [89] (testset)   loss: 1.9483 -> 2.0007  accuracy: 18.75% -> 18.75%     
client [45] (testset)   loss: 1.5421 -> 1.5539  accuracy: 44.00% -> 44.00%     
client [8]  (testset)   loss: 1.6989 -> 1.7172  accuracy: 40.91% -> 40.91%     
client [68] (testset)   loss: 0.0402 -> 0.0303  accuracy: 100.00% -> 100.00%   
---------------------------- TRAINING EPOCH: 390 ----------------------------  
client [67] (testset)   loss: 1.1235 -> 1.1509  accuracy: 55.29% -> 55.29%     
client [72] (testset)   loss: 1.2753 -> 1.2790  accuracy: 26.47% -> 26.47%     
client [1]  (testset)   loss: 1.1394 -> 1.0991  accuracy: 57.84% -> 57.84%     
client [78] (testset)   loss: 0.6127 -> 0.6458  accuracy: 84.72% -> 84.72%     
client [83] (testset)   loss: 0.6770 -> 0.6482  accuracy: 85.00% -> 85.00%     
client [21] (testset)   loss: 0.8733 -> 0.8798  accuracy: 53.44% -> 53.44%     
client [56] (testset)   loss: 1.5805 -> 1.5941  accuracy: 16.39% -> 16.39%     
client [44] (testset)   loss: 1.5446 -> 1.7875  accuracy: 61.54% -> 61.54%     
client [92] (testset)   loss: 0.8880 -> 0.9222  accuracy: 63.64% -> 63.64%     
client [27] (testset)   loss: 0.6523 -> 0.6587  accuracy: 82.43% -> 82.43%     
---------------------------- TRAINING EPOCH: 400 ----------------------------  
client [10] (testset)   loss: 0.9341 -> 0.9351  accuracy: 53.62% -> 53.62%     
client [39] (testset)   loss: 1.6007 -> 1.5936  accuracy: 43.40% -> 43.40%     
client [65] (testset)   loss: 0.5778 -> 0.5690  accuracy: 83.56% -> 83.56%     
client [26] (testset)   loss: 1.2513 -> 1.2368  accuracy: 50.53% -> 50.53%     
client [19] (testset)   loss: 1.5207 -> 1.5184  accuracy: 37.50% -> 37.50%     
client [68] (testset)   loss: 0.0502 -> 0.0247  accuracy: 100.00% -> 100.00%   
client [41] (testset)   loss: 0.8418 -> 0.8289  accuracy: 59.15% -> 59.15%     
client [50] (testset)   loss: 0.6783 -> 0.6706  accuracy: 79.27% -> 79.27%     
client [75] (testset)   loss: 1.4299 -> 1.4293  accuracy: 38.38% -> 38.38%     
client [81] (testset)   loss: 0.8056 -> 0.7983  accuracy: 43.60% -> 54.74%     
FedFew's average time taken by each global epoch: 0 min 2.15 sec.              
FedFew's total running time: 0 h 15 m 47 s.                                    
==================== FedFew Experiment Results: ====================           
Display format: (before local fine-tuning) -> (after local fine-tuning)        
 So if finetune_epoch = 0, x.xx% -> 0.00% is normal.                           
 Centralized testing ONLY happens after model aggregation, so the stats between
'->' are the same.                                                             
{                                                                              
    "100": {                                                                   
        "all_clients": {                                                       
            "test": {                                                          
                "loss": "0.8600 -> 0.8530",                                    
                "accuracy": "66.64% -> 67.07%"                                 
            }                                                                  
        }                                                                      
    },                                                                         
    "200": {                                                                   
        "all_clients": {                                                       
            "test": {                                                          
                "loss": "0.8518 -> 0.8532",                                    
                "accuracy": "66.80% -> 67.24%"                                 
            }                                                                  
        }                                                                      
    },                                                                         
    "300": {                                                                   
        "all_clients": {                                                       
            "test": {                                                          
                "loss": "0.8475 -> 0.8490",                                    
                "accuracy": "67.23% -> 67.40%"                                 
            }                                                                  
        }                                                                      
    },                                                                         
    "400": {                                                                   
        "all_clients": {                                                       
            "test": {                                                          
                "loss": "0.8489 -> 0.8499",                                    
                "accuracy": "67.13% -> 67.46%"                                 
            }                                                                  
        }                                                                      
    }                                                                          
}                                                                              
==================== FedFew Max Accuracy ====================                  
all_clients:                                                                   
(test) before fine-tuning: 67.23% at epoch 300                                 
(test) after fine-tuning: 67.46% at epoch 400                                  
