==================== APFL ====================                                 
Experiment Arguments:                                                          
{
    'method': 'apfl',
    'dataset': {
        'name': 'emnist',
        'client_num': 100,
        'test_ratio': 0.25,
        'val_ratio': 0.0,
        'seed': 42,
        'split': 'sample',
        'IID_ratio': 0.0,
        'monitor_window_name_suffix': 'emnist-100clients-0%IID-Dir(0.1)-seed42',
        'emnist_split': 'byclass',
        'alpha': 0.1,
        'min_samples_per_client': 10
    },
    'model': {
        'name': 'avgcnn',
        'use_torchvision_pretrained_weights': True,
        'external_model_weights_path': None
    },
    'optimizer': {
        'lr': 0.01,
        'dampening': 0,
        'weight_decay': 0,
        'momentum': 0.7,
        'nesterov': False,
        'name': 'sgd'
    },
    'mode': 'serial',
    'parallel': {
        'ray_cluster_addr': None,
        'num_cpus': None,
        'num_gpus': None,
        'num_workers': 2
    },
    'common': {
        'seed': 42,
        'join_ratio': 0.1,
        'global_epoch': 400,
        'local_epoch': 5,
        'batch_size': 32,
        'reset_optimizer_on_global_epoch': True,
        'straggler_ratio': 0,
        'straggler_min_local_epoch': 0,
        'buffers': 'global',
        'client_side_evaluation': True,
        'test': {
            'client': {
                'interval': 100,
                'finetune_epoch': 5,
                'train': False,
                'val': False,
                'test': True
            },
            'server': {
                'interval': -1,
                'train': False,
                'val': False,
                'test': True,
                'model_in_train_mode': False
            }
        },
        'verbose_gap': 10,
        'monitor': None,
        'use_cuda': True,
        'save_log': True,
        'save_model': False,
        'save_learning_curve_plot': True,
        'save_metrics': True,
        'delete_useless_run': True
    },
    'fedprox': {
        'mu': 0.01
    },
    'pfedsim': {
        'warmup_round': 0.5
    },
    'apfl': {
        'alpha': 0.5,
        'adaptive_alpha': 1
    }
}
---------------------------- TRAINING EPOCH: 10 ----------------------------   
client [77] (testset)   loss: 0.3479 -> 0.1569  accuracy: 89.96% -> 96.05%     
client [81] (testset)   loss: 0.7652 -> 0.3172  accuracy: 67.00% -> 88.37%     
client [21] (testset)   loss: 0.7836 -> 0.1490  accuracy: 82.12% -> 95.46%     
client [68] (testset)   loss: 0.5014 -> 0.1532  accuracy: 88.15% -> 96.08%     
client [93] (testset)   loss: 0.3215 -> 0.1416  accuracy: 89.69% -> 95.56%     
client [31] (testset)   loss: 0.6193 -> 0.1767  accuracy: 81.82% -> 94.15%     
client [20] (testset)   loss: 1.0821 -> 0.1970  accuracy: 50.52% -> 94.26%     
client [59] (testset)   loss: 0.6112 -> 0.2556  accuracy: 88.02% -> 91.07%     
client [48] (testset)   loss: 1.2869 -> 0.4184  accuracy: 62.79% -> 85.08%     
client [34] (testset)   loss: 0.3768 -> 0.1068  accuracy: 93.13% -> 96.96%     
---------------------------- TRAINING EPOCH: 20 ----------------------------   
client [69] (testset)   loss: 0.5822 -> 0.2211  accuracy: 84.25% -> 93.70%     
client [99] (testset)   loss: 0.2405 -> 0.1214  accuracy: 93.79% -> 96.65%     
client [67] (testset)   loss: 0.2450 -> 0.1521  accuracy: 93.38% -> 95.96%     
client [0]  (testset)   loss: 0.5589 -> 0.1433  accuracy: 78.10% -> 96.58%     
client [76] (testset)   loss: 0.2271 -> 0.0995  accuracy: 94.35% -> 96.33%     
client [41] (testset)   loss: 0.3347 -> 0.2490  accuracy: 89.78% -> 91.10%     
client [62] (testset)   loss: 0.4689 -> 0.1393  accuracy: 87.84% -> 96.79%     
client [2]  (testset)   loss: 0.4718 -> 0.0973  accuracy: 86.69% -> 97.14%     
client [14] (testset)   loss: 0.6782 -> 0.1821  accuracy: 70.88% -> 95.71%     
client [46] (testset)   loss: 0.4164 -> 0.0732  accuracy: 89.59% -> 98.49%     
---------------------------- TRAINING EPOCH: 30 ----------------------------   
client [24] (testset)   loss: 0.2197 -> 0.0987  accuracy: 92.36% -> 96.35%     
client [68] (testset)   loss: 0.4601 -> 0.1324  accuracy: 81.59% -> 96.30%     
client [57] (testset)   loss: 0.3780 -> 0.0458  accuracy: 87.34% -> 99.25%     
client [17] (testset)   loss: 0.9895 -> 0.2771  accuracy: 68.80% -> 93.98%     
client [54] (testset)   loss: 0.8117 -> 0.1158  accuracy: 70.77% -> 97.01%     
client [23] (testset)   loss: 0.6175 -> 0.3450  accuracy: 76.91% -> 84.56%     
client [35] (testset)   loss: 0.2254 -> 0.0887  accuracy: 93.30% -> 97.91%     
client [59] (testset)   loss: 0.2950 -> 0.1881  accuracy: 89.54% -> 93.85%     
client [31] (testset)   loss: 0.3751 -> 0.2055  accuracy: 87.17% -> 94.31%     
client [9]  (testset)   loss: 0.3247 -> 0.1119  accuracy: 92.24% -> 97.35%     
---------------------------- TRAINING EPOCH: 40 ----------------------------   
client [64] (testset)   loss: 0.4141 -> 0.2952  accuracy: 84.63% -> 90.32%     
client [33] (testset)   loss: 0.4022 -> 0.0918  accuracy: 86.35% -> 97.95%     
client [16] (testset)   loss: 0.2571 -> 0.2046  accuracy: 92.78% -> 94.65%     
client [44] (testset)   loss: 0.5594 -> 0.2103  accuracy: 80.53% -> 93.09%     
client [8]  (testset)   loss: 0.7866 -> 0.2310  accuracy: 75.10% -> 93.25%     
client [31] (testset)   loss: 0.3576 -> 0.2136  accuracy: 88.04% -> 94.15%     
client [47] (testset)   loss: 0.3366 -> 0.1866  accuracy: 85.81% -> 94.19%     
client [36] (testset)   loss: 0.1856 -> 0.1246  accuracy: 94.90% -> 96.44%     
client [20] (testset)   loss: 0.6225 -> 0.1810  accuracy: 75.82% -> 95.16%     
client [56] (testset)   loss: 0.2053 -> 0.0737  accuracy: 95.03% -> 98.45%     
---------------------------- TRAINING EPOCH: 50 ----------------------------   
client [4]  (testset)   loss: 0.6376 -> 0.3309  accuracy: 79.37% -> 89.72%     
client [60] (testset)   loss: 0.1678 -> 0.0375  accuracy: 95.44% -> 98.92%     
client [28] (testset)   loss: 0.2651 -> 0.1164  accuracy: 90.57% -> 95.10%     
client [25] (testset)   loss: 0.3576 -> 0.0738  accuracy: 86.50% -> 96.82%     
client [58] (testset)   loss: 0.2987 -> 0.0786  accuracy: 89.44% -> 98.63%     
client [44] (testset)   loss: 0.6626 -> 0.2255  accuracy: 79.36% -> 94.26%     
client [39] (testset)   loss: 0.4890 -> 0.1213  accuracy: 81.06% -> 97.16%     
client [29] (testset)   loss: 0.4247 -> 0.1720  accuracy: 85.43% -> 94.45%     
client [3]  (testset)   loss: 0.3414 -> 0.1429  accuracy: 90.48% -> 96.34%     
client [84] (testset)   loss: 0.1711 -> 0.1077  accuracy: 94.66% -> 96.72%     
---------------------------- TRAINING EPOCH: 60 ----------------------------   
client [21] (testset)   loss: 0.4130 -> 0.1741  accuracy: 86.56% -> 95.75%     
client [84] (testset)   loss: 0.2410 -> 0.1334  accuracy: 91.79% -> 96.17%     
client [10] (testset)   loss: 0.7016 -> 0.1868  accuracy: 73.71% -> 92.59%     
client [36] (testset)   loss: 0.2558 -> 0.1181  accuracy: 91.34% -> 97.02%     
client [65] (testset)   loss: 0.5214 -> 0.3752  accuracy: 81.55% -> 91.54%     
client [81] (testset)   loss: 0.5177 -> 0.3523  accuracy: 82.40% -> 89.32%     
client [79] (testset)   loss: 0.6596 -> 0.2792  accuracy: 75.47% -> 92.95%     
client [42] (testset)   loss: 0.6436 -> 0.2061  accuracy: 72.56% -> 94.85%     
client [11] (testset)   loss: 0.2658 -> 0.1361  accuracy: 90.69% -> 96.90%     
client [96] (testset)   loss: 0.6521 -> 0.1826  accuracy: 74.44% -> 96.54%     
---------------------------- TRAINING EPOCH: 70 ----------------------------   
client [8]  (testset)   loss: 0.8522 -> 0.2833  accuracy: 73.05% -> 93.01%     
client [53] (testset)   loss: 0.3805 -> 0.1420  accuracy: 89.74% -> 97.35%     
client [52] (testset)   loss: 0.3178 -> 0.2528  accuracy: 89.39% -> 92.07%     
client [42] (testset)   loss: 0.4684 -> 0.2118  accuracy: 86.01% -> 94.61%     
client [69] (testset)   loss: 0.4509 -> 0.2134  accuracy: 87.06% -> 94.94%     
client [59] (testset)   loss: 0.4029 -> 0.2428  accuracy: 87.20% -> 92.37%     
client [7]  (testset)   loss: 0.5870 -> 0.1904  accuracy: 80.50% -> 96.28%     
client [26] (testset)   loss: 0.9971 -> 0.2858  accuracy: 59.73% -> 93.90%     
client [49] (testset)   loss: 0.1088 -> 0.0703  accuracy: 96.82% -> 98.34%     
client [98] (testset)   loss: 0.3364 -> 0.1089  accuracy: 89.96% -> 97.21%     
---------------------------- TRAINING EPOCH: 80 ----------------------------   
client [98] (testset)   loss: 0.5675 -> 0.1060  accuracy: 83.77% -> 97.21%     
client [47] (testset)   loss: 0.3578 -> 0.2049  accuracy: 85.73% -> 93.93%     
client [21] (testset)   loss: 0.4749 -> 0.1821  accuracy: 86.70% -> 95.97%     
client [77] (testset)   loss: 0.3713 -> 0.1444  accuracy: 90.35% -> 96.96%     
client [95] (testset)   loss: 1.3583 -> 0.1526  accuracy: 61.14% -> 96.56%     
client [91] (testset)   loss: 0.7208 -> 0.0823  accuracy: 76.20% -> 98.70%     
client [14] (testset)   loss: 0.5357 -> 0.1939  accuracy: 78.85% -> 95.95%     
client [99] (testset)   loss: 0.3017 -> 0.1375  accuracy: 89.55% -> 96.59%     
client [20] (testset)   loss: 1.2513 -> 0.2167  accuracy: 60.10% -> 94.49%     
client [39] (testset)   loss: 0.9761 -> 0.1221  accuracy: 68.66% -> 97.40%     
---------------------------- TRAINING EPOCH: 90 ----------------------------   
client [52] (testset)   loss: 0.6406 -> 0.2985  accuracy: 81.12% -> 92.18%     
client [62] (testset)   loss: 0.4272 -> 0.1784  accuracy: 89.58% -> 96.84%     
client [71] (testset)   loss: 0.1735 -> 0.1161  accuracy: 94.66% -> 97.90%     
client [97] (testset)   loss: 0.3929 -> 0.0977  accuracy: 89.94% -> 97.89%     
client [30] (testset)   loss: 0.6176 -> 0.2366  accuracy: 81.07% -> 94.89%     
client [88] (testset)   loss: 0.4119 -> 0.2617  accuracy: 85.04% -> 92.66%     
client [60] (testset)   loss: 0.5049 -> 0.0437  accuracy: 85.17% -> 98.61%     
client [82] (testset)   loss: 0.7821 -> 0.4635  accuracy: 70.58% -> 81.23%     
client [91] (testset)   loss: 0.6857 -> 0.0710  accuracy: 78.32% -> 98.53%     
client [57] (testset)   loss: 0.2336 -> 0.0503  accuracy: 92.27% -> 98.93%     
---------------------------- TRAINING EPOCH: 100 ----------------------------  
client [31] (testset)   loss: 0.6717 -> 0.2363  accuracy: 82.52% -> 94.98%     
client [15] (testset)   loss: 0.7746 -> 0.2712  accuracy: 76.16% -> 93.52%     
client [71] (testset)   loss: 0.2565 -> 0.1143  accuracy: 90.70% -> 97.76%     
client [97] (testset)   loss: 0.3365 -> 0.1048  accuracy: 90.94% -> 98.00%     
client [53] (testset)   loss: 0.3710 -> 0.1558  accuracy: 90.41% -> 97.21%     
client [77] (testset)   loss: 0.4310 -> 0.1488  accuracy: 89.38% -> 96.70%     
client [76] (testset)   loss: 1.1284 -> 0.1440  accuracy: 60.26% -> 96.26%     
client [79] (testset)   loss: 1.1326 -> 0.2922  accuracy: 73.16% -> 92.11%     
client [28] (testset)   loss: 0.2436 -> 0.1641  accuracy: 92.11% -> 95.06%     
client [99] (testset)   loss: 0.5184 -> 0.1512  accuracy: 84.32% -> 96.45%     
---------------------------- TRAINING EPOCH: 110 ----------------------------  
client [97] (testset)   loss: 0.2649 -> 0.1030  accuracy: 92.64% -> 98.11%     
client [86] (testset)   loss: 0.8169 -> 0.3612  accuracy: 76.44% -> 92.57%     
client [34] (testset)   loss: 0.6186 -> 0.1250  accuracy: 82.43% -> 97.35%     
client [73] (testset)   loss: 0.3956 -> 0.2662  accuracy: 87.87% -> 93.69%     
client [5]  (testset)   loss: 0.5018 -> 0.1752  accuracy: 85.76% -> 96.04%     
client [96] (testset)   loss: 0.9640 -> 0.2006  accuracy: 67.37% -> 96.63%     
client [22] (testset)   loss: 0.3308 -> 0.2339  accuracy: 90.54% -> 95.36%     
client [60] (testset)   loss: 0.6460 -> 0.0503  accuracy: 79.46% -> 98.84%     
client [66] (testset)   loss: 0.5204 -> 0.1944  accuracy: 85.44% -> 95.68%     
client [83] (testset)   loss: 0.4878 -> 0.2184  accuracy: 83.49% -> 96.37%     
---------------------------- TRAINING EPOCH: 120 ----------------------------  
client [76] (testset)   loss: 0.5187 -> 0.1556  accuracy: 84.09% -> 96.48%     
client [65] (testset)   loss: 1.1732 -> 0.3482  accuracy: 62.55% -> 91.05%     
client [95] (testset)   loss: 0.7550 -> 0.1537  accuracy: 73.76% -> 96.75%     
client [17] (testset)   loss: 0.5847 -> 0.3434  accuracy: 84.48% -> 93.68%     
client [8]  (testset)   loss: 0.9639 -> 0.2856  accuracy: 72.99% -> 93.31%     
client [35] (testset)   loss: 0.2223 -> 0.1028  accuracy: 94.00% -> 98.27%     
client [98] (testset)   loss: 0.4206 -> 0.1148  accuracy: 88.24% -> 96.86%     
client [53] (testset)   loss: 0.2916 -> 0.1623  accuracy: 92.97% -> 97.35%     
client [43] (testset)   loss: 0.5490 -> 0.3066  accuracy: 81.55% -> 91.64%     
client [64] (testset)   loss: 1.5450 -> 0.3694  accuracy: 57.69% -> 91.65%     
---------------------------- TRAINING EPOCH: 130 ----------------------------  
client [21] (testset)   loss: 0.5539 -> 0.1800  accuracy: 83.90% -> 95.82%     
client [88] (testset)   loss: 1.0770 -> 0.3416  accuracy: 63.67% -> 92.37%     
client [38] (testset)   loss: 1.1486 -> 0.1166  accuracy: 73.85% -> 97.33%     
client [3]  (testset)   loss: 0.6158 -> 0.1929  accuracy: 81.90% -> 96.79%     
client [5]  (testset)   loss: 0.5321 -> 0.1861  accuracy: 85.47% -> 96.30%     
client [41] (testset)   loss: 0.5910 -> 0.2991  accuracy: 82.13% -> 93.73%     
client [7]  (testset)   loss: 1.2978 -> 0.2362  accuracy: 55.25% -> 95.69%     
client [37] (testset)   loss: 0.5093 -> 0.3069  accuracy: 85.33% -> 93.03%     
client [45] (testset)   loss: 0.5870 -> 0.3859  accuracy: 82.79% -> 89.67%     
client [47] (testset)   loss: 0.4635 -> 0.2360  accuracy: 84.62% -> 94.10%     
---------------------------- TRAINING EPOCH: 140 ----------------------------  
client [16] (testset)   loss: 0.5538 -> 0.3135  accuracy: 83.05% -> 93.35%     
client [11] (testset)   loss: 0.2601 -> 0.1563  accuracy: 92.83% -> 96.97%     
client [37] (testset)   loss: 0.5963 -> 0.3145  accuracy: 81.92% -> 92.77%     
client [41] (testset)   loss: 0.9228 -> 0.3011  accuracy: 74.36% -> 93.86%     
client [95] (testset)   loss: 1.0543 -> 0.1770  accuracy: 67.54% -> 96.51%     
client [53] (testset)   loss: 0.3741 -> 0.1577  accuracy: 91.23% -> 97.25%     
client [22] (testset)   loss: 0.3675 -> 0.2419  accuracy: 91.63% -> 94.99%     
client [25] (testset)   loss: 0.2684 -> 0.0827  accuracy: 90.34% -> 97.15%     
client [69] (testset)   loss: 0.5771 -> 0.2357  accuracy: 85.04% -> 95.16%     
client [46] (testset)   loss: 0.5928 -> 0.1043  accuracy: 77.91% -> 98.29%     
---------------------------- TRAINING EPOCH: 150 ----------------------------  
client [47] (testset)   loss: 0.5963 -> 0.2916  accuracy: 81.88% -> 93.76%     
client [69] (testset)   loss: 0.4935 -> 0.2358  accuracy: 87.63% -> 95.28%     
client [82] (testset)   loss: 0.9105 -> 0.5487  accuracy: 67.50% -> 80.61%     
client [45] (testset)   loss: 0.8711 -> 0.4077  accuracy: 75.30% -> 89.86%     
client [7]  (testset)   loss: 0.9736 -> 0.2383  accuracy: 65.17% -> 95.96%     
client [50] (testset)   loss: 1.2585 -> 0.0769  accuracy: 52.96% -> 98.72%     
client [35] (testset)   loss: 0.2375 -> 0.0999  accuracy: 93.56% -> 98.32%     
client [24] (testset)   loss: 0.6961 -> 0.1700  accuracy: 80.07% -> 96.35%     
client [15] (testset)   loss: 0.5409 -> 0.2864  accuracy: 81.76% -> 93.29%     
client [58] (testset)   loss: 0.5271 -> 0.0982  accuracy: 84.81% -> 98.63%     
---------------------------- TRAINING EPOCH: 160 ----------------------------  
client [48] (testset)   loss: 2.3894 -> 0.6184  accuracy: 53.29% -> 87.02%     
client [76] (testset)   loss: 0.4764 -> 0.1852  accuracy: 86.44% -> 96.63%     
client [67] (testset)   loss: 0.3761 -> 0.1890  accuracy: 86.21% -> 94.85%     
client [37] (testset)   loss: 0.7623 -> 0.3320  accuracy: 79.15% -> 92.95%     
client [58] (testset)   loss: 0.2194 -> 0.0991  accuracy: 94.50% -> 98.71%     
client [64] (testset)   loss: 1.6054 -> 0.3596  accuracy: 58.06% -> 91.46%     
client [77] (testset)   loss: 0.2936 -> 0.1719  accuracy: 93.59% -> 97.09%     
client [55] (testset)   loss: 0.7319 -> 0.3670  accuracy: 75.41% -> 91.29%     
client [12] (testset)   loss: 0.6114 -> 0.1862  accuracy: 84.31% -> 96.26%     
client [89] (testset)   loss: 1.2579 -> 0.4853  accuracy: 60.92% -> 89.34%     
---------------------------- TRAINING EPOCH: 170 ----------------------------  
client [84] (testset)   loss: 0.3945 -> 0.1569  accuracy: 90.15% -> 96.85%     
client [51] (testset)   loss: 0.9809 -> 0.2857  accuracy: 71.62% -> 94.87%     
client [8]  (testset)   loss: 0.9201 -> 0.3292  accuracy: 76.51% -> 93.66%     
client [18] (testset)   loss: 0.7115 -> 0.2098  accuracy: 81.85% -> 95.56%     
client [94] (testset)   loss: 0.3314 -> 0.1932  accuracy: 91.45% -> 96.73%     
client [81] (testset)   loss: 0.9605 -> 0.5343  accuracy: 73.53% -> 88.27%     
client [3]  (testset)   loss: 0.3239 -> 0.2149  accuracy: 92.02% -> 96.77%     
client [11] (testset)   loss: 0.3323 -> 0.1788  accuracy: 91.59% -> 96.76%     
client [95] (testset)   loss: 1.3467 -> 0.1860  accuracy: 59.75% -> 96.22%     
client [67] (testset)   loss: 0.4588 -> 0.1864  accuracy: 85.66% -> 95.22%     
---------------------------- TRAINING EPOCH: 180 ----------------------------  
client [21] (testset)   loss: 0.4130 -> 0.1990  accuracy: 89.10% -> 95.64%     
client [79] (testset)   loss: 1.0880 -> 0.3701  accuracy: 74.42% -> 92.53%     
client [58] (testset)   loss: 0.3768 -> 0.1094  accuracy: 89.15% -> 98.68%     
client [88] (testset)   loss: 0.8511 -> 0.3765  accuracy: 71.73% -> 92.59%     
client [46] (testset)   loss: 0.8993 -> 0.1168  accuracy: 71.07% -> 98.29%     
client [11] (testset)   loss: 0.4850 -> 0.1770  accuracy: 87.59% -> 96.69%     
client [55] (testset)   loss: 1.0015 -> 0.4569  accuracy: 67.89% -> 91.64%     
client [13] (testset)   loss: 0.3427 -> 0.1052  accuracy: 90.28% -> 98.16%     
client [31] (testset)   loss: 0.6860 -> 0.2551  accuracy: 83.15% -> 94.40%     
client [75] (testset)   loss: 0.5629 -> 0.2376  accuracy: 85.53% -> 95.41%     
---------------------------- TRAINING EPOCH: 190 ----------------------------  
client [19] (testset)   loss: 0.8157 -> 0.2610  accuracy: 78.73% -> 96.04%     
client [7]  (testset)   loss: 0.9954 -> 0.2544  accuracy: 66.14% -> 95.96%     
client [57] (testset)   loss: 1.0839 -> 0.0976  accuracy: 63.20% -> 98.50%     
client [13] (testset)   loss: 0.3140 -> 0.0963  accuracy: 91.23% -> 97.97%     
client [43] (testset)   loss: 0.6764 -> 0.3993  accuracy: 82.04% -> 92.13%     
client [91] (testset)   loss: 0.8531 -> 0.0846  accuracy: 77.28% -> 98.32%     
client [10] (testset)   loss: 1.1218 -> 0.2545  accuracy: 65.59% -> 93.15%     
client [64] (testset)   loss: 0.7947 -> 0.3742  accuracy: 77.42% -> 92.41%     
client [82] (testset)   loss: 1.4234 -> 0.7631  accuracy: 56.11% -> 80.24%     
client [22] (testset)   loss: 0.5114 -> 0.2770  accuracy: 89.03% -> 95.03%     
---------------------------- TRAINING EPOCH: 200 ----------------------------  
client [20] (testset)   loss: 0.7233 -> 0.2958  accuracy: 78.90% -> 93.94%     
client [23] (testset)   loss: 0.8300 -> 0.6164  accuracy: 74.94% -> 84.67%     
client [88] (testset)   loss: 1.0356 -> 0.3731  accuracy: 66.33% -> 92.01%     
client [98] (testset)   loss: 0.3977 -> 0.1238  accuracy: 88.39% -> 96.60%     
client [79] (testset)   loss: 0.7091 -> 0.3857  accuracy: 81.58% -> 92.32%     
client [21] (testset)   loss: 0.5490 -> 0.2066  accuracy: 85.25% -> 95.93%     
client [92] (testset)   loss: 0.8067 -> 0.3397  accuracy: 76.23% -> 94.64%     
client [56] (testset)   loss: 0.7850 -> 0.1226  accuracy: 79.44% -> 98.25%     
client [5]  (testset)   loss: 0.6360 -> 0.2240  accuracy: 85.10% -> 95.82%     
client [52] (testset)   loss: 0.7585 -> 0.4007  accuracy: 78.88% -> 91.73%     
---------------------------- TRAINING EPOCH: 210 ----------------------------  
client [67] (testset)   loss: 0.3546 -> 0.2362  accuracy: 88.05% -> 93.93%     
client [54] (testset)   loss: 0.7058 -> 0.1892  accuracy: 79.73% -> 96.52%     
client [14] (testset)   loss: 0.8061 -> 0.2685  accuracy: 76.01% -> 95.23%     
client [99] (testset)   loss: 0.5552 -> 0.2131  accuracy: 83.34% -> 96.33%     
client [36] (testset)   loss: 0.4923 -> 0.1768  accuracy: 87.16% -> 96.73%     
client [30] (testset)   loss: 1.1216 -> 0.2910  accuracy: 68.59% -> 94.89%     
client [38] (testset)   loss: 1.2140 -> 0.1387  accuracy: 69.03% -> 97.44%     
client [15] (testset)   loss: 0.6932 -> 0.3231  accuracy: 77.91% -> 93.09%     
client [6]  (testset)   loss: 0.7700 -> 0.2821  accuracy: 76.93% -> 95.81%     
client [53] (testset)   loss: 0.4020 -> 0.1905  accuracy: 91.57% -> 97.16%     
---------------------------- TRAINING EPOCH: 220 ----------------------------  
client [99] (testset)   loss: 0.6702 -> 0.2190  accuracy: 81.35% -> 96.42%     
client [6]  (testset)   loss: 0.7021 -> 0.2850  accuracy: 78.57% -> 95.53%     
client [83] (testset)   loss: 0.5472 -> 0.2500  accuracy: 82.67% -> 96.51%     
client [42] (testset)   loss: 0.7476 -> 0.2834  accuracy: 77.59% -> 94.37%     
client [34] (testset)   loss: 0.7051 -> 0.1423  accuracy: 79.93% -> 97.35%     
client [15] (testset)   loss: 0.8256 -> 0.3286  accuracy: 75.09% -> 93.13%     
client [47] (testset)   loss: 0.6357 -> 0.2955  accuracy: 81.71% -> 94.27%     
client [55] (testset)   loss: 0.7812 -> 0.4765  accuracy: 77.39% -> 91.85%     
client [51] (testset)   loss: 1.2149 -> 0.3082  accuracy: 64.43% -> 94.81%     
client [95] (testset)   loss: 0.9623 -> 0.2113  accuracy: 73.47% -> 96.13%     
---------------------------- TRAINING EPOCH: 230 ----------------------------  
client [71] (testset)   loss: 0.4876 -> 0.1585  accuracy: 87.17% -> 97.53%     
client [15] (testset)   loss: 1.2076 -> 0.3210  accuracy: 68.30% -> 93.09%     
client [33] (testset)   loss: 0.4764 -> 0.1341  accuracy: 86.53% -> 97.77%     
client [99] (testset)   loss: 0.5781 -> 0.2207  accuracy: 84.49% -> 96.53%     
client [90] (testset)   loss: 0.6382 -> 0.3527  accuracy: 83.52% -> 93.83%     
client [57] (testset)   loss: 1.8470 -> 0.1228  accuracy: 52.47% -> 97.96%     
client [27] (testset)   loss: 0.4636 -> 0.1739  accuracy: 88.79% -> 97.16%     
client [78] (testset)   loss: 1.2976 -> 0.3174  accuracy: 68.97% -> 93.02%     
client [36] (testset)   loss: 0.9228 -> 0.1962  accuracy: 77.69% -> 96.62%     
client [88] (testset)   loss: 0.8480 -> 0.3727  accuracy: 74.10% -> 92.88%     
---------------------------- TRAINING EPOCH: 240 ----------------------------  
client [70] (testset)   loss: 1.0185 -> 0.3202  accuracy: 77.15% -> 93.97%     
client [35] (testset)   loss: 0.3472 -> 0.1225  accuracy: 90.27% -> 98.24%     
client [16] (testset)   loss: 1.0402 -> 0.4221  accuracy: 71.21% -> 93.59%     
client [80] (testset)   loss: 1.1333 -> 0.1460  accuracy: 70.33% -> 97.68%     
client [38] (testset)   loss: 1.2847 -> 0.1572  accuracy: 76.00% -> 97.23%     
client [78] (testset)   loss: 0.9238 -> 0.2956  accuracy: 80.84% -> 93.95%     
client [68] (testset)   loss: 1.7132 -> 0.1764  accuracy: 61.80% -> 95.77%     
client [11] (testset)   loss: 0.6852 -> 0.1916  accuracy: 85.17% -> 96.55%     
client [64] (testset)   loss: 1.8318 -> 0.4257  accuracy: 56.93% -> 92.22%     
client [82] (testset)   loss: 1.3872 -> 0.9346  accuracy: 62.50% -> 79.14%     
---------------------------- TRAINING EPOCH: 250 ----------------------------  
client [30] (testset)   loss: 1.2676 -> 0.3021  accuracy: 67.62% -> 94.95%     
client [27] (testset)   loss: 0.4639 -> 0.1726  accuracy: 89.40% -> 97.08%     
client [74] (testset)   loss: 0.6401 -> 0.2071  accuracy: 83.09% -> 97.02%     
client [45] (testset)   loss: 1.0528 -> 0.4841  accuracy: 75.66% -> 89.07%     
client [6]  (testset)   loss: 0.8417 -> 0.3089  accuracy: 76.51% -> 95.74%     
client [36] (testset)   loss: 0.6327 -> 0.1878  accuracy: 84.81% -> 96.73%     
client [63] (testset)   loss: 1.3102 -> 0.2110  accuracy: 67.45% -> 97.17%     
client [76] (testset)   loss: 0.6521 -> 0.2133  accuracy: 83.50% -> 95.75%     
client [83] (testset)   loss: 0.7145 -> 0.2742  accuracy: 78.80% -> 95.91%     
client [86] (testset)   loss: 1.0133 -> 0.5021  accuracy: 75.29% -> 91.52%     
---------------------------- TRAINING EPOCH: 260 ----------------------------  
client [83] (testset)   loss: 0.7969 -> 0.2753  accuracy: 77.38% -> 96.46%     
client [99] (testset)   loss: 0.8462 -> 0.2234  accuracy: 80.39% -> 96.36%     
client [74] (testset)   loss: 0.6742 -> 0.1814  accuracy: 81.49% -> 97.02%     
client [73] (testset)   loss: 0.9014 -> 0.3424  accuracy: 78.47% -> 93.56%     
client [29] (testset)   loss: 0.8492 -> 0.2546  accuracy: 79.56% -> 94.14%     
client [92] (testset)   loss: 0.8790 -> 0.3539  accuracy: 78.94% -> 94.67%     
client [6]  (testset)   loss: 0.8806 -> 0.3000  accuracy: 75.94% -> 95.10%     
client [61] (testset)   loss: 1.0714 -> 0.5697  accuracy: 75.30% -> 88.57%     
client [21] (testset)   loss: 0.6309 -> 0.2224  accuracy: 85.43% -> 95.97%     
client [67] (testset)   loss: 0.2980 -> 0.2017  accuracy: 89.89% -> 95.04%     
---------------------------- TRAINING EPOCH: 270 ----------------------------  
client [83] (testset)   loss: 0.8487 -> 0.2766  accuracy: 77.79% -> 96.37%     
client [32] (testset)   loss: 0.8641 -> 0.2276  accuracy: 75.38% -> 95.33%     
client [95] (testset)   loss: 1.1421 -> 0.2366  accuracy: 72.23% -> 95.98%     
client [61] (testset)   loss: 0.8144 -> 0.5954  accuracy: 81.66% -> 88.57%     
client [27] (testset)   loss: 0.3846 -> 0.1693  accuracy: 91.45% -> 97.29%     
client [25] (testset)   loss: 0.6904 -> 0.1366  accuracy: 84.41% -> 97.04%     
client [68] (testset)   loss: 0.8692 -> 0.1947  accuracy: 75.56% -> 95.77%     
client [34] (testset)   loss: 0.9835 -> 0.1594  accuracy: 72.52% -> 97.20%     
client [71] (testset)   loss: 0.3304 -> 0.1482  accuracy: 91.25% -> 97.65%     
client [89] (testset)   loss: 1.1425 -> 0.5891  accuracy: 68.50% -> 89.45%     
---------------------------- TRAINING EPOCH: 280 ----------------------------  
client [78] (testset)   loss: 1.3584 -> 0.3516  accuracy: 68.81% -> 94.03%     
client [81] (testset)   loss: 1.0927 -> 0.6220  accuracy: 71.79% -> 87.95%     
client [51] (testset)   loss: 1.0183 -> 0.3329  accuracy: 71.98% -> 94.57%     
client [54] (testset)   loss: 0.6611 -> 0.2227  accuracy: 83.21% -> 96.52%     
client [65] (testset)   loss: 1.0687 -> 0.4211  accuracy: 69.56% -> 91.33%     
client [41] (testset)   loss: 1.1228 -> 0.4033  accuracy: 69.97% -> 92.73%     
client [11] (testset)   loss: 0.3375 -> 0.2081  accuracy: 92.62% -> 96.55%     
client [85] (testset)   loss: 0.5878 -> 0.3944  accuracy: 84.23% -> 94.89%     
client [12] (testset)   loss: 0.6171 -> 0.3077  accuracy: 86.18% -> 94.77%     
client [23] (testset)   loss: 0.8467 -> 0.7931  accuracy: 77.45% -> 84.27%     
---------------------------- TRAINING EPOCH: 290 ----------------------------  
client [16] (testset)   loss: 1.0177 -> 0.4051  accuracy: 69.67% -> 93.92%     
client [65] (testset)   loss: 0.9179 -> 0.4403  accuracy: 72.40% -> 90.98%     
client [53] (testset)   loss: 0.4770 -> 0.2120  accuracy: 91.43% -> 97.01%     
client [58] (testset)   loss: 0.3048 -> 0.1340  accuracy: 93.05% -> 98.31%     
client [72] (testset)   loss: 1.0957 -> 0.3952  accuracy: 68.92% -> 93.69%     
client [7]  (testset)   loss: 1.1697 -> 0.3020  accuracy: 65.69% -> 95.11%     
client [71] (testset)   loss: 0.3443 -> 0.1519  accuracy: 90.45% -> 97.49%     
client [59] (testset)   loss: 0.5262 -> 0.3336  accuracy: 85.78% -> 93.19%     
client [86] (testset)   loss: 1.2207 -> 0.4697  accuracy: 70.16% -> 92.36%     
client [39] (testset)   loss: 0.7218 -> 0.2152  accuracy: 80.16% -> 96.61%     
---------------------------- TRAINING EPOCH: 300 ----------------------------  
client [99] (testset)   loss: 0.5437 -> 0.2535  accuracy: 86.51% -> 96.39%     
client [7]  (testset)   loss: 1.1813 -> 0.3128  accuracy: 66.34% -> 94.98%     
client [17] (testset)   loss: 1.4971 -> 0.5008  accuracy: 63.69% -> 93.53%     
client [64] (testset)   loss: 0.8698 -> 0.4887  accuracy: 79.13% -> 92.03%     
client [37] (testset)   loss: 0.7523 -> 0.4112  accuracy: 82.24% -> 92.92%     
client [29] (testset)   loss: 0.5001 -> 0.3021  accuracy: 87.50% -> 94.19%     
client [93] (testset)   loss: 0.3821 -> 0.2385  accuracy: 90.83% -> 95.56%     
client [73] (testset)   loss: 0.6303 -> 0.3240  accuracy: 85.27% -> 94.06%     
client [40] (testset)   loss: 0.5292 -> 0.1756  accuracy: 87.13% -> 96.93%     
client [76] (testset)   loss: 1.4079 -> 0.2313  accuracy: 65.54% -> 96.04%     
---------------------------- TRAINING EPOCH: 310 ----------------------------  
client [31] (testset)   loss: 0.7866 -> 0.2966  accuracy: 81.65% -> 94.40%     
client [89] (testset)   loss: 1.5527 -> 0.5905  accuracy: 63.04% -> 88.83%     
client [77] (testset)   loss: 0.4721 -> 0.2013  accuracy: 91.00% -> 96.24%     
client [90] (testset)   loss: 1.0763 -> 0.4368  accuracy: 73.58% -> 93.37%     
client [26] (testset)   loss: 0.6396 -> 0.3892  accuracy: 80.76% -> 93.94%     
client [50] (testset)   loss: 1.8219 -> 0.1150  accuracy: 50.21% -> 98.48%     
client [30] (testset)   loss: 1.0727 -> 0.3191  accuracy: 75.35% -> 94.46%     
client [70] (testset)   loss: 0.7496 -> 0.3598  accuracy: 83.06% -> 92.94%     
client [41] (testset)   loss: 1.2378 -> 0.4286  accuracy: 71.35% -> 93.10%     
client [99] (testset)   loss: 0.7793 -> 0.2317  accuracy: 82.36% -> 96.25%     
---------------------------- TRAINING EPOCH: 320 ----------------------------  
client [68] (testset)   loss: 0.8096 -> 0.2161  accuracy: 80.74% -> 95.66%     
client [70] (testset)   loss: 0.6330 -> 0.3883  accuracy: 87.93% -> 93.32%     
client [52] (testset)   loss: 1.2108 -> 0.4506  accuracy: 70.95% -> 91.28%     
client [1]  (testset)   loss: 0.5841 -> 0.2568  accuracy: 87.73% -> 95.33%     
client [2]  (testset)   loss: 0.4588 -> 0.1607  accuracy: 88.91% -> 96.84%     
client [67] (testset)   loss: 0.6945 -> 0.2148  accuracy: 83.64% -> 95.22%     
client [92] (testset)   loss: 0.6809 -> 0.4027  accuracy: 84.35% -> 93.86%     
client [35] (testset)   loss: 0.4354 -> 0.1386  accuracy: 88.92% -> 98.03%     
client [36] (testset)   loss: 0.6477 -> 0.2098  accuracy: 85.15% -> 96.50%     
client [64] (testset)   loss: 1.0032 -> 0.5462  accuracy: 76.09% -> 92.03%     
---------------------------- TRAINING EPOCH: 330 ----------------------------  
client [44] (testset)   loss: 1.3552 -> 0.4673  accuracy: 71.49% -> 92.87%     
client [6]  (testset)   loss: 0.9018 -> 0.3539  accuracy: 79.28% -> 95.17%     
client [12] (testset)   loss: 0.7556 -> 0.2847  accuracy: 84.31% -> 95.14%     
client [55] (testset)   loss: 1.1571 -> 0.5296  accuracy: 71.33% -> 91.71%     
client [29] (testset)   loss: 0.6972 -> 0.2941  accuracy: 84.34% -> 93.72%     
client [9]  (testset)   loss: 0.7954 -> 0.1818  accuracy: 84.49% -> 96.57%     
client [43] (testset)   loss: 0.8026 -> 0.4583  accuracy: 81.43% -> 91.88%     
client [77] (testset)   loss: 0.5922 -> 0.2441  accuracy: 87.44% -> 96.57%     
client [98] (testset)   loss: 1.4738 -> 0.1513  accuracy: 65.77% -> 96.81%     
client [78] (testset)   loss: 1.0313 -> 0.3478  accuracy: 75.56% -> 93.41%     
---------------------------- TRAINING EPOCH: 340 ----------------------------  
client [92] (testset)   loss: 0.7761 -> 0.3930  accuracy: 81.53% -> 94.57%     
client [80] (testset)   loss: 0.9497 -> 0.1587  accuracy: 76.90% -> 97.50%     
client [63] (testset)   loss: 0.6375 -> 0.2288  accuracy: 83.51% -> 97.17%     
client [76] (testset)   loss: 1.0957 -> 0.2265  accuracy: 74.85% -> 96.26%     
client [78] (testset)   loss: 1.3779 -> 0.3876  accuracy: 69.05% -> 92.86%     
client [25] (testset)   loss: 0.5683 -> 0.1323  accuracy: 85.95% -> 97.04%     
client [58] (testset)   loss: 0.4512 -> 0.1381  accuracy: 89.22% -> 98.18%     
client [13] (testset)   loss: 0.4803 -> 0.1077  accuracy: 87.36% -> 98.48%     
client [17] (testset)   loss: 1.0964 -> 0.5330  accuracy: 75.80% -> 93.64%     
client [38] (testset)   loss: 1.1776 -> 0.1509  accuracy: 76.82% -> 96.72%     
---------------------------- TRAINING EPOCH: 350 ----------------------------  
client [72] (testset)   loss: 0.9686 -> 0.4239  accuracy: 78.68% -> 93.99%     
client [82] (testset)   loss: 1.1427 -> 1.0923  accuracy: 72.13% -> 79.10%     
client [86] (testset)   loss: 1.3245 -> 0.5544  accuracy: 74.14% -> 90.99%     
client [51] (testset)   loss: 0.7771 -> 0.3469  accuracy: 81.22% -> 94.87%     
client [96] (testset)   loss: 1.2059 -> 0.3210  accuracy: 73.78% -> 96.07%     
client [42] (testset)   loss: 0.8490 -> 0.3471  accuracy: 79.53% -> 94.19%     
client [55] (testset)   loss: 1.3070 -> 0.5991  accuracy: 72.80% -> 91.64%     
client [13] (testset)   loss: 0.2582 -> 0.1228  accuracy: 93.65% -> 98.35%     
client [1]  (testset)   loss: 0.7741 -> 0.2876  accuracy: 83.58% -> 94.76%     
client [12] (testset)   loss: 0.7367 -> 0.2794  accuracy: 85.68% -> 95.14%     
---------------------------- TRAINING EPOCH: 360 ----------------------------  
client [68] (testset)   loss: 0.9236 -> 0.2437  accuracy: 75.98% -> 94.81%     
client [23] (testset)   loss: 1.1358 -> 0.8700  accuracy: 75.98% -> 83.78%     
client [46] (testset)   loss: 0.8565 -> 0.1559  accuracy: 75.71% -> 97.93%     
client [41] (testset)   loss: 0.7321 -> 0.4387  accuracy: 83.39% -> 92.41%     
client [25] (testset)   loss: 0.5737 -> 0.1275  accuracy: 85.07% -> 96.93%     
client [58] (testset)   loss: 0.4684 -> 0.1435  accuracy: 88.85% -> 98.11%     
client [14] (testset)   loss: 1.1397 -> 0.3380  accuracy: 72.39% -> 95.29%     
client [33] (testset)   loss: 0.7098 -> 0.1603  accuracy: 80.75% -> 98.18%     
client [85] (testset)   loss: 0.6580 -> 0.4194  accuracy: 82.57% -> 94.66%     
client [62] (testset)   loss: 0.7987 -> 0.2674  accuracy: 86.94% -> 96.09%     
---------------------------- TRAINING EPOCH: 370 ----------------------------  
client [98] (testset)   loss: 0.8737 -> 0.1545  accuracy: 78.85% -> 96.91%     
client [63] (testset)   loss: 1.2804 -> 0.2376  accuracy: 70.31% -> 97.06%     
client [70] (testset)   loss: 0.6699 -> 0.3629  accuracy: 86.65% -> 93.45%     
client [65] (testset)   loss: 1.6444 -> 0.5016  accuracy: 59.92% -> 90.78%     
client [14] (testset)   loss: 1.4216 -> 0.3352  accuracy: 68.04% -> 94.92%     
client [73] (testset)   loss: 0.8374 -> 0.3737  accuracy: 83.48% -> 93.19%     
client [34] (testset)   loss: 0.9524 -> 0.2027  accuracy: 76.79% -> 96.76%     
client [99] (testset)   loss: 0.8145 -> 0.2433  accuracy: 81.40% -> 96.30%     
client [69] (testset)   loss: 0.7074 -> 0.3079  accuracy: 84.93% -> 94.38%     
client [46] (testset)   loss: 2.2372 -> 0.1549  accuracy: 47.07% -> 97.88%     
---------------------------- TRAINING EPOCH: 380 ----------------------------  
client [99] (testset)   loss: 1.0461 -> 0.2492  accuracy: 77.19% -> 96.27%     
client [93] (testset)   loss: 0.4632 -> 0.2924  accuracy: 90.26% -> 95.41%     
client [11] (testset)   loss: 0.5919 -> 0.2515  accuracy: 89.86% -> 96.62%     
client [58] (testset)   loss: 0.2835 -> 0.1571  accuracy: 94.22% -> 97.98%     
client [81] (testset)   loss: 1.0950 -> 0.6788  accuracy: 77.93% -> 88.48%     
client [85] (testset)   loss: 1.4758 -> 0.4278  accuracy: 69.33% -> 94.77%     
client [89] (testset)   loss: 1.4396 -> 0.6668  accuracy: 66.41% -> 88.68%     
client [45] (testset)   loss: 1.0889 -> 0.5969  accuracy: 75.48% -> 89.31%     
client [8]  (testset)   loss: 1.2829 -> 0.4261  accuracy: 75.04% -> 92.60%     
client [68] (testset)   loss: 1.2364 -> 0.2769  accuracy: 69.74% -> 95.03%     
---------------------------- TRAINING EPOCH: 390 ----------------------------  
client [67] (testset)   loss: 0.6364 -> 0.2232  accuracy: 85.48% -> 95.40%     
client [72] (testset)   loss: 0.6443 -> 0.4327  accuracy: 85.89% -> 94.44%     
client [1]  (testset)   loss: 0.6612 -> 0.2765  accuracy: 86.27% -> 95.04%     
client [78] (testset)   loss: 1.4666 -> 0.3836  accuracy: 65.87% -> 93.56%     
client [83] (testset)   loss: 0.6874 -> 0.2917  accuracy: 82.02% -> 96.28%     
client [21] (testset)   loss: 0.7687 -> 0.2373  accuracy: 86.34% -> 96.15%     
client [56] (testset)   loss: 0.8598 -> 0.1505  accuracy: 78.83% -> 98.15%     
client [44] (testset)   loss: 1.1007 -> 0.4771  accuracy: 76.91% -> 93.09%     
client [92] (testset)   loss: 0.7704 -> 0.4101  accuracy: 81.81% -> 94.26%     
client [27] (testset)   loss: 0.6200 -> 0.1955  accuracy: 88.22% -> 96.86%     
---------------------------- TRAINING EPOCH: 400 ----------------------------  
client [10] (testset)   loss: 0.6280 -> 0.3279  accuracy: 81.96% -> 92.03%     
client [39] (testset)   loss: 0.9749 -> 0.2215  accuracy: 76.71% -> 96.91%     
client [65] (testset)   loss: 1.0706 -> 0.5366  accuracy: 71.43% -> 90.98%     
client [26] (testset)   loss: 1.4790 -> 0.4687  accuracy: 65.96% -> 93.72%     
client [19] (testset)   loss: 0.7436 -> 0.3276  accuracy: 82.23% -> 95.77%     
client [68] (testset)   loss: 0.8633 -> 0.2433  accuracy: 78.20% -> 95.34%     
client [41] (testset)   loss: 0.9539 -> 0.4723  accuracy: 82.95% -> 92.48%     
client [50] (testset)   loss: 1.2982 -> 0.1352  accuracy: 64.90% -> 98.05%     
client [75] (testset)   loss: 0.7516 -> 0.3004  accuracy: 86.35% -> 95.06%     
client [81] (testset)   loss: 0.9348 -> 0.6866  accuracy: 79.78% -> 88.16%     
APFL's average time taken by each global epoch: 1 min 22.09 sec.               
APFL's total running time: 9 h 38 m 44 s.                                      
==================== APFL Experiment Results: ====================             
Display format: (before local fine-tuning) -> (after local fine-tuning)        
 So if finetune_epoch = 0, x.xx% -> 0.00% is normal.                           
 Centralized testing ONLY happens after model aggregation, so the stats between
'->' are the same.                                                             
{                                                                              
    "100": {                                                                   
        "all_clients": {                                                       
            "test": {                                                          
                "loss": "0.6043 -> 0.1943",                                    
                "accuracy": "80.89% -> 95.27%"                                 
            }                                                                  
        }                                                                      
    },                                                                         
    "200": {                                                                   
        "all_clients": {                                                       
            "test": {                                                          
                "loss": "0.6914 -> 0.2414",                                    
                "accuracy": "81.51% -> 95.01%"                                 
            }                                                                  
        }                                                                      
    },                                                                         
    "300": {                                                                   
        "all_clients": {                                                       
            "test": {                                                          
                "loss": "0.7545 -> 0.2811",                                    
                "accuracy": "81.62% -> 94.81%"                                 
            }                                                                  
        }                                                                      
    },                                                                         
    "400": {                                                                   
        "all_clients": {                                                       
            "test": {                                                          
                "loss": "0.8870 -> 0.3145",                                    
                "accuracy": "80.00% -> 94.63%"                                 
            }                                                                  
        }                                                                      
    }                                                                          
}                                                                              
==================== APFL Max Accuracy ====================                    
all_clients:                                                                   
(test) before fine-tuning: 81.62% at epoch 300                                 
(test) after fine-tuning: 95.27% at epoch 100                                  
