==================== FedFew ====================                               
Experiment Arguments:                                                          
{
    'method': 'fedfew',
    'dataset': {
        'name': 'cifar10',
        'client_num': 100,
        'test_ratio': 0.25,
        'val_ratio': 0.0,
        'seed': 42,
        'split': 'sample',
        'IID_ratio': 0.0,
        'monitor_window_name_suffix': 'cifar10-100clients-0%IID-Dir(0.1)-seed42',
        'alpha': 0.1,
        'min_samples_per_client': 10
    },
    'model': {
        'name': 'avgcnn',
        'use_torchvision_pretrained_weights': True,
        'external_model_weights_path': None
    },
    'optimizer': {
        'lr': 0.01,
        'dampening': 0,
        'weight_decay': 0,
        'momentum': 0.7,
        'nesterov': False,
        'name': 'sgd'
    },
    'mode': 'parallel',
    'parallel': {
        'ray_cluster_addr': None,
        'num_cpus': 32.0,
        'num_gpus': 1.0,
        'num_workers': 2
    },
    'common': {
        'seed': 42,
        'join_ratio': 0.1,
        'global_epoch': 200,
        'local_epoch': 5,
        'batch_size': 32,
        'reset_optimizer_on_global_epoch': True,
        'straggler_ratio': 0,
        'straggler_min_local_epoch': 0,
        'buffers': 'global',
        'client_side_evaluation': True,
        'test': {
            'client': {
                'interval': 100,
                'finetune_epoch': 0,
                'train': False,
                'val': False,
                'test': True
            },
            'server': {
                'interval': -1,
                'train': False,
                'val': False,
                'test': True,
                'model_in_train_mode': False
            }
        },
        'verbose_gap': 10,
        'monitor': None,
        'use_cuda': True,
        'save_log': True,
        'save_model': False,
        'save_learning_curve_plot': True,
        'save_metrics': True,
        'delete_useless_run': True
    },
    'fedprox': {
        'mu': 0.01
    },
    'pfedsim': {
        'warmup_round': 0.5
    },
    'fedfew': {
        'top_k': 9,
        'ig_ratio': 0.9999,
        'alpha': 0.5,
        'type': 'all'
    }
}
---------------------------- TRAINING EPOCH: 10 ----------------------------   
client [81] (testset)   loss: 1.3446 -> 0.0534  accuracy: 47.32% -> 97.32%     
client [21] (testset)   loss: 3.1669 -> 0.9262  accuracy: 4.35% -> 65.22%      
client [77] (testset)   loss: 1.2443 -> 0.4447  accuracy: 55.48% -> 86.57%     
client [93] (testset)   loss: 2.3550 -> 0.3919  accuracy: 21.05% -> 84.21%     
client [68] (testset)   loss: 1.0432 -> 0.2777  accuracy: 68.36% -> 93.79%     
client [31] (testset)   loss: 2.9552 -> 0.1539  accuracy: 1.38% -> 94.47%      
client [59] (testset)   loss: 0.4681 -> 0.0882  accuracy: 100.00% -> 100.00%   
client [48] (testset)   loss: 3.4263 -> 0.5012  accuracy: 15.38% -> 76.92%     
client [34] (testset)   loss: 1.9326 -> 0.8569  accuracy: 23.23% -> 66.45%     
client [20] (testset)   loss: 0.7593 -> 0.6623  accuracy: 76.42% -> 77.98%     
---------------------------- TRAINING EPOCH: 20 ----------------------------   
client [99] (testset)   loss: 0.5041 -> 0.0112  accuracy: 83.54% -> 100.00%    
client [67] (testset)   loss: 2.5361 -> 0.2519  accuracy: 16.77% -> 90.32%     
client [69] (testset)   loss: 2.2654 -> 0.9797  accuracy: 33.64% -> 63.64%     
client [0]  (testset)   loss: 2.6413 -> 0.1610  accuracy: 11.38% -> 96.41%     
client [76] (testset)   loss: 3.6656 -> 0.3260  accuracy: 9.27% -> 89.40%      
client [41] (testset)   loss: 2.0964 -> 1.0263  accuracy: 46.03% -> 65.08%     
client [62] (testset)   loss: 4.1805 -> 0.2892  accuracy: 11.76% -> 94.12%     
client [2]  (testset)   loss: 2.1830 -> 0.4798  accuracy: 47.45% -> 83.94%     
client [14] (testset)   loss: 2.1960 -> 0.6533  accuracy: 33.50% -> 79.31%     
client [46] (testset)   loss: 2.7410 -> 0.6265  accuracy: 20.16% -> 79.07%     
---------------------------- TRAINING EPOCH: 30 ----------------------------   
client [24] (testset)   loss: 1.3178 -> 0.4398  accuracy: 55.56% -> 86.11%     
client [68] (testset)   loss: 0.9299 -> 0.2322  accuracy: 74.01% -> 92.66%     
client [57] (testset)   loss: 0.8378 -> 0.2270  accuracy: 75.53% -> 92.83%     
client [17] (testset)   loss: 1.2110 -> 0.9793  accuracy: 55.95% -> 77.98%     
client [54] (testset)   loss: 1.4587 -> 0.8581  accuracy: 56.25% -> 85.00%     
client [23] (testset)   loss: 2.3779 -> 0.0011  accuracy: 32.14% -> 100.00%    
client [35] (testset)   loss: 2.4753 -> 0.5494  accuracy: 33.33% -> 83.33%     
client [59] (testset)   loss: 1.6726 -> 0.0235  accuracy: 33.33% -> 100.00%    
client [31] (testset)   loss: 0.4022 -> 0.1446  accuracy: 89.40% -> 95.85%     
client [9]  (testset)   loss: 1.3055 -> 0.5909  accuracy: 50.85% -> 84.62%     
---------------------------- TRAINING EPOCH: 40 ----------------------------   
client [33] (testset)   loss: 1.3755 -> 0.2626  accuracy: 59.38% -> 91.67%     
client [64] (testset)   loss: 2.6471 -> 0.2288  accuracy: 15.60% -> 94.50%     
client [16] (testset)   loss: 1.9461 -> 0.8664  accuracy: 45.78% -> 73.49%     
client [44] (testset)   loss: 1.2994 -> 0.2381  accuracy: 55.10% -> 91.84%     
client [8]  (testset)   loss: 1.3571 -> 0.8525  accuracy: 61.29% -> 67.74%     
client [47] (testset)   loss: 1.8947 -> 1.1010  accuracy: 37.50% -> 50.00%     
client [36] (testset)   loss: 2.7372 -> 0.7680  accuracy: 23.40% -> 78.72%     
client [31] (testset)   loss: 1.1707 -> 0.1246  accuracy: 62.67% -> 96.77%     
client [56] (testset)   loss: 0.6229 -> 0.3296  accuracy: 81.54% -> 89.23%     
client [20] (testset)   loss: 1.5317 -> 0.7379  accuracy: 58.55% -> 85.36%     
---------------------------- TRAINING EPOCH: 50 ----------------------------   
client [4]  (testset)   loss: 0.7498 -> 0.0776  accuracy: 77.46% -> 97.18%     
client [28] (testset)   loss: 0.8107 -> 0.3126  accuracy: 76.00% -> 84.00%     
client [60] (testset)   loss: 1.5325 -> 0.3620  accuracy: 47.94% -> 93.26%     
client [25] (testset)   loss: 3.1075 -> 0.6828  accuracy: 18.37% -> 81.63%     
client [58] (testset)   loss: 0.9376 -> 0.3152  accuracy: 72.22% -> 92.86%     
client [44] (testset)   loss: 0.5990 -> 0.2587  accuracy: 77.55% -> 91.84%     
client [39] (testset)   loss: 1.4221 -> 0.6913  accuracy: 60.27% -> 80.82%     
client [29] (testset)   loss: 2.0941 -> 0.2321  accuracy: 44.44% -> 91.81%     
client [84] (testset)   loss: 1.8767 -> 0.4687  accuracy: 53.12% -> 85.94%     
client [3]  (testset)   loss: 1.5893 -> 0.7702  accuracy: 60.96% -> 77.01%     
---------------------------- TRAINING EPOCH: 60 ----------------------------   
client [21] (testset)   loss: 3.7170 -> 0.9738  accuracy: 21.74% -> 73.91%     
client [84] (testset)   loss: 1.8490 -> 0.3995  accuracy: 43.75% -> 84.38%     
client [36] (testset)   loss: 1.1414 -> 0.8404  accuracy: 65.96% -> 76.60%     
client [65] (testset)   loss: 1.2339 -> 0.4342  accuracy: 60.71% -> 85.71%     
client [81] (testset)   loss: 0.5965 -> 0.0380  accuracy: 77.68% -> 99.11%     
client [10] (testset)   loss: 3.9729 -> 0.1679  accuracy: 16.76% -> 96.24%     
client [42] (testset)   loss: 1.6022 -> 0.3100  accuracy: 54.73% -> 93.42%     
client [11] (testset)   loss: 2.5329 -> 0.2586  accuracy: 22.73% -> 86.36%     
client [79] (testset)   loss: 3.0380 -> 0.3030  accuracy: 29.33% -> 91.90%     
client [96] (testset)   loss: 1.3220 -> 1.1230  accuracy: 65.91% -> 72.73%     
---------------------------- TRAINING EPOCH: 70 ----------------------------   
client [8]  (testset)   loss: 1.4310 -> 0.8432  accuracy: 61.29% -> 64.52%     
client [52] (testset)   loss: 0.3765 -> 0.1854  accuracy: 85.29% -> 98.04%     
client [53] (testset)   loss: 1.4720 -> 0.6326  accuracy: 56.12% -> 79.59%     
client [42] (testset)   loss: 0.9172 -> 0.3400  accuracy: 68.72% -> 93.00%     
client [59] (testset)   loss: 0.6925 -> 0.0327  accuracy: 66.67% -> 100.00%    
client [69] (testset)   loss: 2.0979 -> 1.2775  accuracy: 49.70% -> 65.76%     
client [26] (testset)   loss: 1.0335 -> 0.8325  accuracy: 53.85% -> 92.31%     
client [7]  (testset)   loss: 1.9029 -> 0.4877  accuracy: 44.44% -> 84.06%     
client [49] (testset)   loss: 0.9730 -> 0.7016  accuracy: 70.48% -> 80.95%     
client [98] (testset)   loss: 2.5765 -> 0.8855  accuracy: 23.22% -> 82.94%     
---------------------------- TRAINING EPOCH: 80 ----------------------------   
client [47] (testset)   loss: 1.8084 -> 1.2442  accuracy: 62.50% -> 68.75%     
client [21] (testset)   loss: 5.0429 -> 0.9827  accuracy: 4.35% -> 65.22%      
client [98] (testset)   loss: 0.9294 -> 0.8335  accuracy: 75.83% -> 83.41%     
client [95] (testset)   loss: 1.6808 -> 1.0863  accuracy: 57.47% -> 67.82%     
client [77] (testset)   loss: 1.2577 -> 0.4758  accuracy: 67.49% -> 87.99%     
client [91] (testset)   loss: 3.4991 -> 0.5721  accuracy: 17.65% -> 88.24%     
client [99] (testset)   loss: 4.0736 -> 0.0074  accuracy: 10.13% -> 100.00%    
client [14] (testset)   loss: 0.7383 -> 0.6865  accuracy: 76.85% -> 78.82%     
client [39] (testset)   loss: 1.9026 -> 0.7409  accuracy: 48.63% -> 80.14%     
client [20] (testset)   loss: 0.8667 -> 0.6933  accuracy: 76.55% -> 86.53%     
---------------------------- TRAINING EPOCH: 90 ----------------------------   
client [62] (testset)   loss: 0.7875 -> 0.3292  accuracy: 76.47% -> 94.12%     
client [52] (testset)   loss: 0.3206 -> 0.1752  accuracy: 93.14% -> 98.04%     
client [97] (testset)   loss: 2.5461 -> 0.9465  accuracy: 36.59% -> 84.15%     
client [71] (testset)   loss: 1.4233 -> 0.6170  accuracy: 55.38% -> 86.56%     
client [30] (testset)   loss: 1.2189 -> 1.4018  accuracy: 60.22% -> 72.04%     
client [60] (testset)   loss: 2.0976 -> 0.3763  accuracy: 30.71% -> 92.51%     
client [88] (testset)   loss: 1.4922 -> 0.4410  accuracy: 49.21% -> 90.53%     
client [91] (testset)   loss: 1.3978 -> 0.6329  accuracy: 55.88% -> 89.71%     
client [82] (testset)   loss: 0.9226 -> 0.2150  accuracy: 68.18% -> 96.59%     
client [57] (testset)   loss: 0.6236 -> 0.2224  accuracy: 81.01% -> 93.67%     
---------------------------- TRAINING EPOCH: 100 ----------------------------  
client [31] (testset)   loss: 0.2479 -> 0.1279  accuracy: 92.17% -> 96.77%     
client [15] (testset)   loss: 1.3408 -> 0.5921  accuracy: 66.80% -> 86.33%     
client [97] (testset)   loss: 2.0495 -> 1.0288  accuracy: 48.78% -> 82.93%     
client [71] (testset)   loss: 2.1726 -> 0.6758  accuracy: 46.24% -> 83.87%     
client [53] (testset)   loss: 1.2500 -> 0.6805  accuracy: 62.76% -> 82.14%     
client [77] (testset)   loss: 0.8769 -> 0.4630  accuracy: 74.56% -> 88.69%     
client [76] (testset)   loss: 1.0610 -> 0.2636  accuracy: 76.16% -> 92.05%     
client [28] (testset)   loss: 0.9916 -> 0.4064  accuracy: 76.00% -> 80.00%     
client [99] (testset)   loss: 2.0156 -> 0.0076  accuracy: 40.51% -> 100.00%    
client [79] (testset)   loss: 0.8672 -> 0.2918  accuracy: 75.70% -> 92.46%     
---------------------------- TRAINING EPOCH: 110 ----------------------------  
client [97] (testset)   loss: 1.6954 -> 1.0742  accuracy: 48.78% -> 81.71%     
client [86] (testset)   loss: 0.9703 -> 0.5717  accuracy: 75.00% -> 85.53%     
client [73] (testset)   loss: 1.1528 -> 0.6035  accuracy: 60.61% -> 84.85%     
client [34] (testset)   loss: 2.2630 -> 1.0234  accuracy: 42.58% -> 74.19%     
client [96] (testset)   loss: 1.5210 -> 1.3088  accuracy: 70.45% -> 70.45%     
client [22] (testset)   loss: 0.7809 -> 0.5646  accuracy: 81.95% -> 85.71%     
client [5]  (testset)   loss: 1.9760 -> 0.6531  accuracy: 51.80% -> 85.82%     
client [66] (testset)   loss: 1.1461 -> 0.5891  accuracy: 69.85% -> 84.56%     
client [60] (testset)   loss: 2.1882 -> 0.3885  accuracy: 42.32% -> 92.51%     
client [83] (testset)   loss: 0.9775 -> 0.7629  accuracy: 70.87% -> 83.19%     
---------------------------- TRAINING EPOCH: 120 ----------------------------  
client [65] (testset)   loss: 1.6996 -> 0.5663  accuracy: 57.14% -> 85.71%     
client [95] (testset)   loss: 1.5982 -> 1.0703  accuracy: 59.77% -> 74.71%     
client [76] (testset)   loss: 1.1111 -> 0.2563  accuracy: 72.85% -> 91.39%     
client [8]  (testset)   loss: 0.8829 -> 0.9601  accuracy: 77.42% -> 64.52%     
client [35] (testset)   loss: 2.5316 -> 0.9320  accuracy: 16.67% -> 50.00%     
client [17] (testset)   loss: 1.0381 -> 0.9784  accuracy: 65.48% -> 76.19%     
client [98] (testset)   loss: 1.8440 -> 0.9743  accuracy: 52.13% -> 81.04%     
client [43] (testset)   loss: 0.5403 -> 0.3567  accuracy: 81.82% -> 90.91%     
client [53] (testset)   loss: 1.0015 -> 0.6360  accuracy: 70.92% -> 83.16%     
client [64] (testset)   loss: 1.1662 -> 0.2814  accuracy: 61.01% -> 93.58%     
---------------------------- TRAINING EPOCH: 130 ----------------------------  
client [21] (testset)   loss: 2.2314 -> 0.4905  accuracy: 39.13% -> 86.96%     
client [38] (testset)   loss: 0.5845 -> 0.0533  accuracy: 84.62% -> 97.12%     
client [3]  (testset)   loss: 1.4204 -> 0.6997  accuracy: 60.96% -> 82.35%     
client [88] (testset)   loss: 1.5735 -> 0.4741  accuracy: 55.26% -> 91.32%     
client [41] (testset)   loss: 0.9468 -> 0.8361  accuracy: 79.37% -> 74.60%     
client [7]  (testset)   loss: 2.5634 -> 0.5473  accuracy: 37.20% -> 86.47%     
client [37] (testset)   loss: 1.6492 -> 0.6654  accuracy: 50.00% -> 66.67%     
client [45] (testset)   loss: 2.0846 -> 1.0298  accuracy: 36.36% -> 72.73%     
client [5]  (testset)   loss: 2.5708 -> 0.7311  accuracy: 40.98% -> 85.05%     
client [47] (testset)   loss: 3.4312 -> 0.9606  accuracy: 37.50% -> 62.50%     
---------------------------- TRAINING EPOCH: 140 ----------------------------  
client [11] (testset)   loss: 1.8514 -> 0.1408  accuracy: 50.00% -> 90.91%     
client [37] (testset)   loss: 0.8107 -> 0.2614  accuracy: 50.00% -> 83.33%     
client [41] (testset)   loss: 0.8285 -> 0.8134  accuracy: 73.02% -> 74.60%     
client [16] (testset)   loss: 0.7636 -> 0.7718  accuracy: 75.30% -> 77.11%     
client [95] (testset)   loss: 1.6024 -> 1.0680  accuracy: 55.17% -> 71.26%     
client [53] (testset)   loss: 1.8509 -> 0.6576  accuracy: 50.00% -> 81.63%     
client [22] (testset)   loss: 1.2074 -> 0.6323  accuracy: 73.68% -> 87.97%     
client [25] (testset)   loss: 2.3868 -> 0.7805  accuracy: 30.04% -> 82.33%     
client [69] (testset)   loss: 1.7242 -> 1.4271  accuracy: 50.61% -> 64.85%     
client [46] (testset)   loss: 1.0232 -> 0.7557  accuracy: 71.32% -> 82.95%     
---------------------------- TRAINING EPOCH: 150 ----------------------------  
client [47] (testset)   loss: 2.5168 -> 1.2246  accuracy: 43.75% -> 68.75%     
client [82] (testset)   loss: 1.1998 -> 0.5819  accuracy: 68.18% -> 96.59%     
client [45] (testset)   loss: 2.3341 -> 1.6288  accuracy: 27.27% -> 81.82%     
client [69] (testset)   loss: 2.4987 -> 1.4299  accuracy: 46.06% -> 64.85%     
client [50] (testset)   loss: 2.6576 -> 1.4133  accuracy: 57.14% -> 71.43%     
client [35] (testset)   loss: 2.7915 -> 0.6698  accuracy: 16.67% -> 83.33%     
client [7]  (testset)   loss: 1.3128 -> 0.6744  accuracy: 74.88% -> 84.54%     
client [24] (testset)   loss: 0.7618 -> 0.6766  accuracy: 77.78% -> 86.11%     
client [15] (testset)   loss: 1.5067 -> 0.6382  accuracy: 64.84% -> 87.11%     
client [58] (testset)   loss: 0.3871 -> 0.4151  accuracy: 92.86% -> 94.05%     
---------------------------- TRAINING EPOCH: 160 ----------------------------  
client [48] (testset)   loss: 3.3483 -> 1.9220  accuracy: 46.15% -> 46.15%     
client [76] (testset)   loss: 1.2358 -> 0.2609  accuracy: 70.86% -> 92.72%     
client [37] (testset)   loss: 0.7180 -> 1.4673  accuracy: 66.67% -> 50.00%     
client [67] (testset)   loss: 0.6742 -> 0.2320  accuracy: 83.23% -> 92.90%     
client [64] (testset)   loss: 0.5808 -> 0.2990  accuracy: 81.65% -> 94.04%     
client [58] (testset)   loss: 0.5076 -> 0.4314  accuracy: 90.08% -> 94.44%     
client [77] (testset)   loss: 0.5270 -> 0.4756  accuracy: 86.22% -> 88.69%     
client [12] (testset)   loss: 1.4532 -> 0.7082  accuracy: 68.99% -> 83.62%     
client [89] (testset)   loss: 1.7483 -> 0.5655  accuracy: 60.78% -> 94.12%     
client [55] (testset)   loss: 1.3664 -> 0.5112  accuracy: 65.19% -> 87.93%     
---------------------------- TRAINING EPOCH: 170 ----------------------------  
client [51] (testset)   loss: 0.1154 -> 0.5463  accuracy: 100.00% -> 75.00%    
client [84] (testset)   loss: 1.3211 -> 0.5783  accuracy: 70.31% -> 85.94%     
client [8]  (testset)   loss: 0.7137 -> 0.4041  accuracy: 83.87% -> 87.10%     
client [94] (testset)   loss: 2.5425 -> 0.8652  accuracy: 44.62% -> 73.85%     
client [18] (testset)   loss: 0.5935 -> 0.7195  accuracy: 82.63% -> 86.83%     
client [81] (testset)   loss: 0.0365 -> 0.0322  accuracy: 98.21% -> 98.21%     
client [11] (testset)   loss: 1.2444 -> 0.8578  accuracy: 77.27% -> 77.27%     
client [95] (testset)   loss: 1.4754 -> 1.1337  accuracy: 58.62% -> 72.41%     
client [3]  (testset)   loss: 0.8542 -> 0.6491  accuracy: 72.73% -> 85.03%     
client [67] (testset)   loss: 0.2797 -> 0.2355  accuracy: 90.97% -> 94.19%     
---------------------------- TRAINING EPOCH: 180 ----------------------------  
client [21] (testset)   loss: 1.6996 -> 0.9322  accuracy: 56.52% -> 69.57%     
client [58] (testset)   loss: 0.4421 -> 0.4756  accuracy: 90.87% -> 94.05%     
client [79] (testset)   loss: 0.7573 -> 0.3418  accuracy: 80.45% -> 93.85%     
client [46] (testset)   loss: 1.1308 -> 0.7049  accuracy: 76.74% -> 87.60%     
client [11] (testset)   loss: 0.7534 -> 0.6464  accuracy: 77.27% -> 86.36%     
client [88] (testset)   loss: 0.5807 -> 0.4914  accuracy: 85.53% -> 91.05%     
client [13] (testset)   loss: 1.0821 -> 0.6466  accuracy: 73.33% -> 83.89%     
client [31] (testset)   loss: 0.3660 -> 0.1529  accuracy: 89.40% -> 95.85%     
client [55] (testset)   loss: 0.8604 -> 0.5107  accuracy: 79.06% -> 89.18%     
client [75] (testset)   loss: 0.9878 -> 0.4715  accuracy: 73.36% -> 90.27%     
---------------------------- TRAINING EPOCH: 190 ----------------------------  
client [19] (testset)   loss: 0.5307 -> 0.5415  accuracy: 93.81% -> 93.81%     
client [7]  (testset)   loss: 0.8142 -> 0.6386  accuracy: 73.91% -> 85.02%     
client [57] (testset)   loss: 0.6672 -> 0.1802  accuracy: 84.81% -> 94.94%     
client [43] (testset)   loss: 0.5144 -> 0.3617  accuracy: 90.91% -> 90.91%     
client [13] (testset)   loss: 0.9791 -> 0.5821  accuracy: 73.89% -> 85.00%     
client [91] (testset)   loss: 0.6828 -> 0.8670  accuracy: 83.82% -> 89.71%     
client [64] (testset)   loss: 0.3307 -> 0.2930  accuracy: 90.37% -> 94.50%     
client [10] (testset)   loss: 0.9110 -> 0.1889  accuracy: 70.81% -> 96.24%     
client [82] (testset)   loss: 0.1778 -> 0.1947  accuracy: 95.45% -> 96.59%     
client [22] (testset)   loss: 0.6264 -> 0.5394  accuracy: 88.72% -> 90.23%     
---------------------------- TRAINING EPOCH: 200 ----------------------------  
client [23] (testset)   loss: 0.4582 -> 0.0028  accuracy: 82.14% -> 100.00%    
client [88] (testset)   loss: 1.2299 -> 0.5585  accuracy: 65.79% -> 90.53%     
client [98] (testset)   loss: 1.1370 -> 1.0638  accuracy: 72.99% -> 82.46%     
client [20] (testset)   loss: 0.6468 -> 0.6712  accuracy: 82.64% -> 88.08%     
client [21] (testset)   loss: 2.0131 -> 2.1641  accuracy: 56.52% -> 60.87%     
client [92] (testset)   loss: 0.5921 -> 0.2742  accuracy: 84.24% -> 94.09%     
client [79] (testset)   loss: 0.4530 -> 0.3290  accuracy: 90.78% -> 93.02%     
client [56] (testset)   loss: 0.4257 -> 0.3852  accuracy: 87.69% -> 90.77%     
client [52] (testset)   loss: 0.1984 -> 0.1824  accuracy: 96.08% -> 96.08%     
client [5]  (testset)   loss: 0.7570 -> 0.7339  accuracy: 83.25% -> 86.08%     
FedFew's average time taken by each global epoch: 0 min 2.55 sec.              
FedFew's total running time: 0 h 8 m 35 s.                                     
==================== FedFew Experiment Results: ====================           
Display format: (before local fine-tuning) -> (after local fine-tuning)        
 So if finetune_epoch = 0, x.xx% -> 0.00% is normal.                           
 Centralized testing ONLY happens after model aggregation, so the stats between
'->' are the same.                                                             
{                                                                              
    "100": {                                                                   
        "all_clients": {                                                       
            "test": {                                                          
                "loss": "1.1445 -> 0.0000",                                    
                "accuracy": "65.95% -> 0.00%"                                  
            }                                                                  
        }                                                                      
    },                                                                         
    "200": {                                                                   
        "all_clients": {                                                       
            "test": {                                                          
                "loss": "0.9301 -> 0.0000",                                    
                "accuracy": "77.80% -> 0.00%"                                  
            }                                                                  
        }                                                                      
    }                                                                          
}                                                                              
==================== FedFew Max Accuracy ====================                  
all_clients:                                                                   
(test) before fine-tuning: 77.80% at epoch 200                                 
(test) after fine-tuning: 0.00% at epoch 100                                   
