==================== pFedFDA ====================                              
Experiment Arguments:                                                          
{
    'method': 'pfedfda',
    'dataset': {
        'name': 'mnist',
        'client_num': 100,
        'test_ratio': 0.25,
        'val_ratio': 0.0,
        'seed': 42,
        'split': 'sample',
        'IID_ratio': 0.0,
        'monitor_window_name_suffix': 'mnist-100clients-0%IID-Dir(0.1)-seed42',
        'alpha': 0.1,
        'min_samples_per_client': 10
    },
    'model': {
        'name': 'avgcnn',
        'use_torchvision_pretrained_weights': True,
        'external_model_weights_path': None
    },
    'optimizer': {
        'lr': 0.01,
        'dampening': 0,
        'weight_decay': 0,
        'momentum': 0.7,
        'nesterov': False,
        'name': 'sgd'
    },
    'mode': 'serial',
    'parallel': {
        'ray_cluster_addr': None,
        'num_cpus': None,
        'num_gpus': None,
        'num_workers': 2
    },
    'common': {
        'seed': 42,
        'join_ratio': 0.1,
        'global_epoch': 400,
        'local_epoch': 5,
        'batch_size': 32,
        'reset_optimizer_on_global_epoch': True,
        'straggler_ratio': 0,
        'straggler_min_local_epoch': 0,
        'buffers': 'global',
        'client_side_evaluation': True,
        'test': {
            'client': {
                'interval': 100,
                'finetune_epoch': 5,
                'train': False,
                'val': False,
                'test': True
            },
            'server': {
                'interval': -1,
                'train': False,
                'val': False,
                'test': True,
                'model_in_train_mode': False
            }
        },
        'verbose_gap': 10,
        'monitor': None,
        'use_cuda': True,
        'save_log': True,
        'save_model': False,
        'save_learning_curve_plot': True,
        'save_metrics': True,
        'delete_useless_run': True
    },
    'fedprox': {
        'mu': 0.01
    },
    'pfedsim': {
        'warmup_round': 0.5
    },
    'pfedfda': {
        'eps': 0.0001,
        'single_beta': False,
        'local_beta': False,
        'num_cv_folds': 2
    }
}
---------------------------- TRAINING EPOCH: 10 ----------------------------   
client [77] (testset)   loss: 0.2695 -> 0.0828  accuracy: 92.47% -> 97.26%     
client [81] (testset)   loss: 0.1311 -> 0.0146  accuracy: 96.91% -> 99.38%     
client [21] (testset)   loss: 0.1371 -> 0.0424  accuracy: 95.10% -> 99.02%     
client [68] (testset)   loss: 0.0960 -> 0.0741  accuracy: 96.61% -> 98.31%     
client [93] (testset)   loss: 0.1713 -> 0.0223  accuracy: 96.77% -> 100.00%    
client [31] (testset)   loss: 0.3588 -> 0.0796  accuracy: 85.71% -> 100.00%    
client [20] (testset)   loss: 0.2841 -> 0.1667  accuracy: 93.21% -> 95.02%     
client [59] (testset)   loss: 0.0309 -> 0.0135  accuracy: 100.00% -> 100.00%   
client [48] (testset)   loss: 0.1666 -> 0.0115  accuracy: 94.17% -> 100.00%    
client [34] (testset)   loss: 0.1206 -> 0.4506  accuracy: 94.44% -> 94.44%     
---------------------------- TRAINING EPOCH: 20 ----------------------------   
client [69] (testset)   loss: 0.0230 -> 0.0145  accuracy: 99.27% -> 99.27%     
client [99] (testset)   loss: 0.3505 -> 0.0406  accuracy: 90.48% -> 95.24%     
client [67] (testset)   loss: 0.3456 -> 0.0000  accuracy: 89.19% -> 100.00%    
client [0]  (testset)   loss: 0.1878 -> 0.0084  accuracy: 93.40% -> 100.00%    
client [76] (testset)   loss: 0.3741 -> 0.0927  accuracy: 88.31% -> 98.70%     
client [41] (testset)   loss: 0.1591 -> 0.0055  accuracy: 94.74% -> 100.00%    
client [62] (testset)   loss: 0.0647 -> 0.0349  accuracy: 98.90% -> 98.90%     
client [2]  (testset)   loss: 0.3242 -> 0.0055  accuracy: 88.97% -> 99.81%     
client [14] (testset)   loss: 0.1359 -> 0.0204  accuracy: 95.14% -> 98.61%     
client [46] (testset)   loss: 0.1016 -> 0.0333  accuracy: 97.07% -> 98.87%     
---------------------------- TRAINING EPOCH: 30 ----------------------------   
client [24] (testset)   loss: 0.0376 -> 0.1138  accuracy: 98.65% -> 97.30%     
client [68] (testset)   loss: 0.0679 -> 0.0711  accuracy: 98.31% -> 98.31%     
client [57] (testset)   loss: 0.0659 -> 0.0143  accuracy: 98.55% -> 99.52%     
client [17] (testset)   loss: 0.0425 -> 0.0250  accuracy: 98.05% -> 99.22%     
client [54] (testset)   loss: 0.0791 -> 0.3123  accuracy: 97.67% -> 93.02%     
client [23] (testset)   loss: 0.0334 -> 0.0016  accuracy: 100.00% -> 100.00%   
client [35] (testset)   loss: 0.0796 -> 0.0154  accuracy: 98.04% -> 99.02%     
client [59] (testset)   loss: 0.0025 -> 0.0068  accuracy: 100.00% -> 100.00%   
client [31] (testset)   loss: 0.3423 -> 0.1217  accuracy: 85.71% -> 100.00%    
client [9]  (testset)   loss: 0.0896 -> 0.0408  accuracy: 96.91% -> 98.37%     
---------------------------- TRAINING EPOCH: 40 ----------------------------   
client [64] (testset)   loss: 0.0511 -> 0.0125  accuracy: 98.61% -> 99.44%     
client [33] (testset)   loss: 0.1087 -> 0.0597  accuracy: 97.23% -> 99.35%     
client [16] (testset)   loss: 0.0799 -> 0.0011  accuracy: 97.14% -> 100.00%    
client [44] (testset)   loss: 0.1162 -> 0.0364  accuracy: 96.42% -> 99.10%     
client [8]  (testset)   loss: 0.1947 -> 0.0104  accuracy: 95.24% -> 100.00%    
client [31] (testset)   loss: 0.7885 -> 0.1340  accuracy: 85.71% -> 100.00%    
client [47] (testset)   loss: 0.2142 -> 0.0010  accuracy: 94.32% -> 100.00%    
client [36] (testset)   loss: 0.1660 -> 0.0343  accuracy: 95.94% -> 98.98%     
client [20] (testset)   loss: 0.2037 -> 0.1097  accuracy: 94.57% -> 96.83%     
client [56] (testset)   loss: 0.0412 -> 0.0115  accuracy: 98.92% -> 98.92%     
---------------------------- TRAINING EPOCH: 50 ----------------------------   
client [4]  (testset)   loss: 0.0478 -> 0.0031  accuracy: 98.53% -> 100.00%    
client [60] (testset)   loss: 0.1975 -> 0.0573  accuracy: 93.00% -> 98.00%     
client [28] (testset)   loss: 0.0055 -> 0.0003  accuracy: 100.00% -> 100.00%   
client [25] (testset)   loss: 0.0822 -> 0.0009  accuracy: 96.55% -> 100.00%    
client [58] (testset)   loss: 0.0688 -> 0.0362  accuracy: 96.45% -> 98.58%     
client [44] (testset)   loss: 0.1107 -> 0.0309  accuracy: 96.42% -> 99.40%     
client [39] (testset)   loss: 0.0241 -> 0.0025  accuracy: 99.26% -> 100.00%    
client [29] (testset)   loss: 0.0585 -> 0.0276  accuracy: 97.42% -> 99.26%     
client [3]  (testset)   loss: 0.1253 -> 0.0163  accuracy: 95.81% -> 99.58%     
client [84] (testset)   loss: 0.0409 -> 0.0082  accuracy: 100.00% -> 100.00%   
---------------------------- TRAINING EPOCH: 60 ----------------------------   
client [21] (testset)   loss: 0.0491 -> 0.0047  accuracy: 99.02% -> 100.00%    
client [84] (testset)   loss: 0.0043 -> 0.0026  accuracy: 100.00% -> 100.00%   
client [10] (testset)   loss: 0.0077 -> 0.0015  accuracy: 100.00% -> 100.00%   
client [36] (testset)   loss: 0.0500 -> 0.0347  accuracy: 98.48% -> 98.98%     
client [65] (testset)   loss: 0.0861 -> 0.0250  accuracy: 98.74% -> 98.74%     
client [81] (testset)   loss: 0.0678 -> 0.0266  accuracy: 99.38% -> 99.38%     
client [79] (testset)   loss: 0.0137 -> 0.0011  accuracy: 98.46% -> 100.00%    
client [42] (testset)   loss: 0.1354 -> 0.1299  accuracy: 97.81% -> 97.81%     
client [11] (testset)   loss: 0.0000 -> 0.0004  accuracy: 100.00% -> 100.00%   
client [96] (testset)   loss: 0.0367 -> 0.0006  accuracy: 98.04% -> 100.00%    
---------------------------- TRAINING EPOCH: 70 ----------------------------   
client [8]  (testset)   loss: 0.1226 -> 0.0644  accuracy: 97.62% -> 97.62%     
client [53] (testset)   loss: 0.0094 -> 0.0136  accuracy: 100.00% -> 100.00%   
client [52] (testset)   loss: 0.0664 -> 0.0002  accuracy: 97.37% -> 100.00%    
client [42] (testset)   loss: 0.1281 -> 0.1229  accuracy: 96.17% -> 97.81%     
client [69] (testset)   loss: 0.0362 -> 0.0104  accuracy: 99.09% -> 99.64%     
client [59] (testset)   loss: 0.0009 -> 0.0015  accuracy: 100.00% -> 100.00%   
client [7]  (testset)   loss: 0.0774 -> 0.0000  accuracy: 100.00% -> 100.00%   
client [26] (testset)   loss: 0.0422 -> 0.0612  accuracy: 95.83% -> 95.83%     
client [49] (testset)   loss: 0.0104 -> 0.0006  accuracy: 99.55% -> 100.00%    
client [98] (testset)   loss: 0.1628 -> 0.0108  accuracy: 94.12% -> 100.00%    
---------------------------- TRAINING EPOCH: 80 ----------------------------   
client [98] (testset)   loss: 0.0134 -> 0.0034  accuracy: 100.00% -> 100.00%   
client [47] (testset)   loss: 0.1146 -> 0.0023  accuracy: 96.59% -> 100.00%    
client [21] (testset)   loss: 0.0358 -> 0.0109  accuracy: 99.02% -> 100.00%    
client [77] (testset)   loss: 0.1008 -> 0.0348  accuracy: 95.89% -> 97.95%     
client [95] (testset)   loss: 0.0331 -> 0.0023  accuracy: 98.92% -> 100.00%    
client [91] (testset)   loss: 0.0563 -> 0.0134  accuracy: 98.02% -> 99.50%     
client [14] (testset)   loss: 0.0651 -> 0.0281  accuracy: 98.61% -> 98.61%     
client [99] (testset)   loss: 0.1925 -> 0.0089  accuracy: 95.24% -> 100.00%    
client [20] (testset)   loss: 0.1254 -> 0.0682  accuracy: 96.38% -> 98.64%     
client [39] (testset)   loss: 0.0307 -> 0.0018  accuracy: 98.77% -> 100.00%    
---------------------------- TRAINING EPOCH: 90 ----------------------------   
client [52] (testset)   loss: 0.0122 -> 0.0000  accuracy: 98.68% -> 100.00%    
client [62] (testset)   loss: 0.0137 -> 0.0024  accuracy: 99.45% -> 100.00%    
client [71] (testset)   loss: 0.0044 -> 0.0012  accuracy: 100.00% -> 100.00%   
client [97] (testset)   loss: 0.0178 -> 0.0011  accuracy: 99.00% -> 100.00%    
client [30] (testset)   loss: 0.0007 -> 0.0325  accuracy: 100.00% -> 97.50%    
client [88] (testset)   loss: 0.2089 -> 0.0001  accuracy: 97.06% -> 100.00%    
client [60] (testset)   loss: 0.1744 -> 0.0222  accuracy: 93.00% -> 99.00%     
client [82] (testset)   loss: 0.0113 -> 0.0163  accuracy: 100.00% -> 98.59%    
client [91] (testset)   loss: 0.0316 -> 0.0098  accuracy: 99.34% -> 99.67%     
client [57] (testset)   loss: 0.0057 -> 0.0005  accuracy: 99.52% -> 100.00%    
---------------------------- TRAINING EPOCH: 100 ----------------------------  
client [31] (testset)   loss: 0.1176 -> 0.0018  accuracy: 85.71% -> 100.00%    
client [15] (testset)   loss: 0.1883 -> 0.0597  accuracy: 93.58% -> 99.08%     
client [71] (testset)   loss: 0.0094 -> 0.0022  accuracy: 99.77% -> 100.00%    
client [97] (testset)   loss: 0.0149 -> 0.0014  accuracy: 98.66% -> 100.00%    
client [53] (testset)   loss: 0.0116 -> 0.0231  accuracy: 100.00% -> 100.00%   
client [77] (testset)   loss: 0.1198 -> 0.0379  accuracy: 96.58% -> 98.63%     
client [76] (testset)   loss: 0.0065 -> 0.0337  accuracy: 100.00% -> 98.70%    
client [79] (testset)   loss: 0.0229 -> 0.0016  accuracy: 98.46% -> 100.00%    
client [28] (testset)   loss: 0.0030 -> 0.0002  accuracy: 100.00% -> 100.00%   
client [99] (testset)   loss: 0.1876 -> 0.0092  accuracy: 95.24% -> 100.00%    
---------------------------- TRAINING EPOCH: 110 ----------------------------  
client [97] (testset)   loss: 0.0356 -> 0.0012  accuracy: 98.33% -> 100.00%    
client [86] (testset)   loss: 0.1002 -> 0.0039  accuracy: 95.89% -> 99.73%     
client [34] (testset)   loss: 0.0704 -> 0.1461  accuracy: 94.44% -> 94.44%     
client [73] (testset)   loss: 0.0027 -> 0.0994  accuracy: 100.00% -> 94.12%    
client [5]  (testset)   loss: 0.0397 -> 0.0195  accuracy: 97.93% -> 99.31%     
client [96] (testset)   loss: 0.0627 -> 0.0012  accuracy: 95.10% -> 100.00%    
client [22] (testset)   loss: 0.0387 -> 0.0003  accuracy: 97.87% -> 100.00%    
client [60] (testset)   loss: 0.1612 -> 0.0618  accuracy: 93.00% -> 99.00%     
client [66] (testset)   loss: 0.0413 -> 0.0081  accuracy: 98.23% -> 99.12%     
client [83] (testset)   loss: 0.0903 -> 0.0744  accuracy: 98.58% -> 97.86%     
---------------------------- TRAINING EPOCH: 120 ----------------------------  
client [76] (testset)   loss: 0.0214 -> 0.0644  accuracy: 100.00% -> 98.70%    
client [65] (testset)   loss: 0.0872 -> 0.0319  accuracy: 98.32% -> 99.16%     
client [95] (testset)   loss: 0.0125 -> 0.0005  accuracy: 99.64% -> 100.00%    
client [17] (testset)   loss: 0.0089 -> 0.0133  accuracy: 99.61% -> 99.61%     
client [8]  (testset)   loss: 0.2420 -> 0.1311  accuracy: 95.24% -> 97.62%     
client [35] (testset)   loss: 0.0896 -> 0.0298  accuracy: 98.04% -> 99.02%     
client [98] (testset)   loss: 0.0799 -> 0.0059  accuracy: 97.06% -> 100.00%    
client [53] (testset)   loss: 0.0185 -> 0.0092  accuracy: 100.00% -> 100.00%   
client [43] (testset)   loss: 0.1032 -> 0.0548  accuracy: 98.40% -> 98.93%     
client [64] (testset)   loss: 0.0278 -> 0.0055  accuracy: 98.89% -> 100.00%    
---------------------------- TRAINING EPOCH: 130 ----------------------------  
client [21] (testset)   loss: 0.0156 -> 0.0031  accuracy: 100.00% -> 100.00%   
client [88] (testset)   loss: 0.1363 -> 0.0004  accuracy: 97.06% -> 100.00%    
client [38] (testset)   loss: 0.0788 -> 0.0832  accuracy: 98.25% -> 98.25%     
client [3]  (testset)   loss: 0.0808 -> 0.0137  accuracy: 97.90% -> 99.58%     
client [5]  (testset)   loss: 0.0667 -> 0.0173  accuracy: 97.93% -> 99.31%     
client [41] (testset)   loss: 0.0258 -> 0.0005  accuracy: 98.95% -> 100.00%    
client [7]  (testset)   loss: 0.0402 -> 0.0028  accuracy: 100.00% -> 100.00%   
client [37] (testset)   loss: 0.0889 -> 0.1065  accuracy: 96.54% -> 97.40%     
client [45] (testset)   loss: 0.0291 -> 0.0207  accuracy: 99.39% -> 99.69%     
client [47] (testset)   loss: 0.1110 -> 0.0003  accuracy: 96.59% -> 100.00%    
---------------------------- TRAINING EPOCH: 140 ----------------------------  
client [16] (testset)   loss: 0.0141 -> 0.0001  accuracy: 100.00% -> 100.00%   
client [11] (testset)   loss: 0.0000 -> 0.0000  accuracy: 100.00% -> 100.00%   
client [37] (testset)   loss: 0.1058 -> 0.0974  accuracy: 96.54% -> 97.40%     
client [41] (testset)   loss: 0.0459 -> 0.0002  accuracy: 98.95% -> 100.00%    
client [95] (testset)   loss: 0.0377 -> 0.0003  accuracy: 98.92% -> 100.00%    
client [53] (testset)   loss: 0.0259 -> 0.0051  accuracy: 100.00% -> 100.00%   
client [22] (testset)   loss: 0.0189 -> 0.0027  accuracy: 100.00% -> 100.00%   
client [25] (testset)   loss: 0.0616 -> 0.0009  accuracy: 97.70% -> 100.00%    
client [69] (testset)   loss: 0.0574 -> 0.0057  accuracy: 98.36% -> 99.82%     
client [46] (testset)   loss: 0.0223 -> 0.0213  accuracy: 99.32% -> 99.55%     
---------------------------- TRAINING EPOCH: 150 ----------------------------  
client [47] (testset)   loss: 0.0896 -> 0.0174  accuracy: 97.73% -> 98.86%     
client [69] (testset)   loss: 0.0533 -> 0.0070  accuracy: 98.54% -> 99.82%     
client [82] (testset)   loss: 0.0216 -> 0.0183  accuracy: 98.59% -> 98.59%     
client [45] (testset)   loss: 0.0553 -> 0.0193  accuracy: 97.24% -> 99.69%     
client [7]  (testset)   loss: 0.0888 -> 0.0042  accuracy: 87.50% -> 100.00%    
client [50] (testset)   loss: 0.0583 -> 0.0102  accuracy: 98.46% -> 99.49%     
client [35] (testset)   loss: 0.1039 -> 0.0304  accuracy: 97.06% -> 98.04%     
client [24] (testset)   loss: 0.0262 -> 0.0517  accuracy: 100.00% -> 97.30%    
client [15] (testset)   loss: 0.1301 -> 0.0366  accuracy: 97.25% -> 99.08%     
client [58] (testset)   loss: 0.0677 -> 0.0401  accuracy: 97.87% -> 98.58%     
---------------------------- TRAINING EPOCH: 160 ----------------------------  
client [48] (testset)   loss: 0.0150 -> 0.0003  accuracy: 99.03% -> 100.00%    
client [76] (testset)   loss: 0.0094 -> 0.0821  accuracy: 100.00% -> 98.70%    
client [67] (testset)   loss: 0.0263 -> 0.0000  accuracy: 100.00% -> 100.00%   
client [37] (testset)   loss: 0.0973 -> 0.0906  accuracy: 97.40% -> 97.40%     
client [58] (testset)   loss: 0.0887 -> 0.0582  accuracy: 97.16% -> 98.58%     
client [64] (testset)   loss: 0.0660 -> 0.0246  accuracy: 98.06% -> 99.17%     
client [77] (testset)   loss: 0.0864 -> 0.0489  accuracy: 96.58% -> 98.63%     
client [55] (testset)   loss: 0.0221 -> 0.0125  accuracy: 99.49% -> 99.74%     
client [12] (testset)   loss: 0.0655 -> 0.0255  accuracy: 97.52% -> 99.01%     
client [89] (testset)   loss: 0.0108 -> 0.0021  accuracy: 100.00% -> 100.00%   
---------------------------- TRAINING EPOCH: 170 ----------------------------  
client [84] (testset)   loss: 0.0001 -> 0.0001  accuracy: 100.00% -> 100.00%   
client [51] (testset)   loss: 0.0347 -> 0.0110  accuracy: 97.14% -> 100.00%    
client [8]  (testset)   loss: 0.5023 -> 0.0538  accuracy: 88.10% -> 97.62%     
client [18] (testset)   loss: 0.0404 -> 0.0116  accuracy: 99.31% -> 99.66%     
client [94] (testset)   loss: 0.0047 -> 0.0000  accuracy: 100.00% -> 100.00%   
client [81] (testset)   loss: 0.0672 -> 0.0317  accuracy: 98.77% -> 99.38%     
client [3]  (testset)   loss: 0.0438 -> 0.0103  accuracy: 98.53% -> 99.37%     
client [11] (testset)   loss: 0.0000 -> 0.0000  accuracy: 100.00% -> 100.00%   
client [95] (testset)   loss: 0.0177 -> 0.0007  accuracy: 99.64% -> 100.00%    
client [67] (testset)   loss: 0.0198 -> 0.0000  accuracy: 100.00% -> 100.00%   
---------------------------- TRAINING EPOCH: 180 ----------------------------  
client [21] (testset)   loss: 0.0216 -> 0.0086  accuracy: 99.02% -> 99.02%     
client [79] (testset)   loss: 0.0051 -> 0.0003  accuracy: 100.00% -> 100.00%   
client [58] (testset)   loss: 0.0206 -> 0.0105  accuracy: 99.29% -> 99.29%     
client [88] (testset)   loss: 0.1097 -> 0.0046  accuracy: 97.06% -> 100.00%    
client [46] (testset)   loss: 0.0316 -> 0.0228  accuracy: 98.87% -> 99.55%     
client [11] (testset)   loss: 0.0000 -> 0.0000  accuracy: 100.00% -> 100.00%   
client [55] (testset)   loss: 0.0669 -> 0.0047  accuracy: 97.19% -> 99.74%     
client [13] (testset)   loss: 0.1468 -> 0.1435  accuracy: 95.83% -> 95.83%     
client [31] (testset)   loss: 0.0117 -> 0.0004  accuracy: 100.00% -> 100.00%   
client [75] (testset)   loss: 0.1988 -> 0.0104  accuracy: 94.74% -> 99.38%     
---------------------------- TRAINING EPOCH: 190 ----------------------------  
client [19] (testset)   loss: 0.0796 -> 0.0132  accuracy: 96.30% -> 100.00%    
client [7]  (testset)   loss: 0.0019 -> 0.0001  accuracy: 100.00% -> 100.00%   
client [57] (testset)   loss: 0.0013 -> 0.0001  accuracy: 100.00% -> 100.00%   
client [13] (testset)   loss: 0.0497 -> 0.0038  accuracy: 95.83% -> 100.00%    
client [43] (testset)   loss: 0.1118 -> 0.0609  accuracy: 97.86% -> 99.47%     
client [91] (testset)   loss: 0.0370 -> 0.0160  accuracy: 99.01% -> 99.50%     
client [10] (testset)   loss: 0.0127 -> 0.0010  accuracy: 99.01% -> 100.00%    
client [64] (testset)   loss: 0.0250 -> 0.0102  accuracy: 98.61% -> 99.72%     
client [82] (testset)   loss: 0.0055 -> 0.0050  accuracy: 100.00% -> 100.00%   
client [22] (testset)   loss: 0.0130 -> 0.0023  accuracy: 100.00% -> 100.00%   
---------------------------- TRAINING EPOCH: 200 ----------------------------  
client [20] (testset)   loss: 0.0938 -> 0.0583  accuracy: 96.38% -> 98.19%     
client [23] (testset)   loss: 0.0004 -> 0.0001  accuracy: 100.00% -> 100.00%   
client [88] (testset)   loss: 0.1492 -> 0.0043  accuracy: 97.06% -> 100.00%    
client [98] (testset)   loss: 0.0220 -> 0.0128  accuracy: 100.00% -> 100.00%   
client [79] (testset)   loss: 0.0042 -> 0.0004  accuracy: 100.00% -> 100.00%   
client [21] (testset)   loss: 0.0128 -> 0.0073  accuracy: 99.02% -> 99.02%     
client [92] (testset)   loss: 0.0000 -> 0.0000  accuracy: 100.00% -> 100.00%   
client [56] (testset)   loss: 0.0247 -> 0.0001  accuracy: 98.92% -> 100.00%    
client [5]  (testset)   loss: 0.0276 -> 0.0058  accuracy: 99.31% -> 100.00%    
client [52] (testset)   loss: 0.0113 -> 0.0000  accuracy: 100.00% -> 100.00%   
---------------------------- TRAINING EPOCH: 210 ----------------------------  
client [67] (testset)   loss: 0.0001 -> 0.0000  accuracy: 100.00% -> 100.00%   
client [54] (testset)   loss: 0.0127 -> 0.0053  accuracy: 100.00% -> 100.00%   
client [14] (testset)   loss: 0.0315 -> 0.0499  accuracy: 98.61% -> 98.61%     
client [99] (testset)   loss: 0.0650 -> 0.0029  accuracy: 95.24% -> 100.00%    
client [36] (testset)   loss: 0.1189 -> 0.0335  accuracy: 97.97% -> 99.49%     
client [30] (testset)   loss: 0.0004 -> 0.0156  accuracy: 100.00% -> 100.00%   
client [38] (testset)   loss: 0.0934 -> 0.0515  accuracy: 98.25% -> 98.25%     
client [15] (testset)   loss: 0.1284 -> 0.0502  accuracy: 97.25% -> 99.08%     
client [6]  (testset)   loss: 0.0619 -> 0.0068  accuracy: 97.66% -> 99.74%     
client [53] (testset)   loss: 0.0523 -> 0.0066  accuracy: 96.00% -> 100.00%    
---------------------------- TRAINING EPOCH: 220 ----------------------------  
client [99] (testset)   loss: 0.0417 -> 0.0242  accuracy: 100.00% -> 100.00%   
client [6]  (testset)   loss: 0.0222 -> 0.0062  accuracy: 98.44% -> 99.74%     
client [83] (testset)   loss: 0.1040 -> 0.0755  accuracy: 97.86% -> 98.22%     
client [42] (testset)   loss: 0.1114 -> 0.1072  accuracy: 97.81% -> 98.91%     
client [34] (testset)   loss: 0.0672 -> 0.1255  accuracy: 94.44% -> 94.44%     
client [15] (testset)   loss: 0.0997 -> 0.0728  accuracy: 98.17% -> 99.08%     
client [47] (testset)   loss: 0.1097 -> 0.0137  accuracy: 96.59% -> 98.86%     
client [55] (testset)   loss: 0.0207 -> 0.0086  accuracy: 99.23% -> 99.74%     
client [51] (testset)   loss: 0.0005 -> 0.0001  accuracy: 100.00% -> 100.00%   
client [95] (testset)   loss: 0.0187 -> 0.0011  accuracy: 99.64% -> 100.00%    
---------------------------- TRAINING EPOCH: 230 ----------------------------  
client [71] (testset)   loss: 0.0217 -> 0.0044  accuracy: 99.54% -> 99.77%     
client [15] (testset)   loss: 0.1021 -> 0.0679  accuracy: 99.08% -> 99.08%     
client [33] (testset)   loss: 0.1011 -> 0.0580  accuracy: 98.21% -> 99.35%     
client [99] (testset)   loss: 0.0158 -> 0.0072  accuracy: 100.00% -> 100.00%   
client [90] (testset)   loss: 0.0379 -> 0.0383  accuracy: 98.54% -> 98.91%     
client [57] (testset)   loss: 0.0114 -> 0.0001  accuracy: 99.52% -> 100.00%    
client [27] (testset)   loss: 0.0265 -> 0.0019  accuracy: 98.93% -> 100.00%    
client [78] (testset)   loss: 0.0500 -> 0.0323  accuracy: 98.73% -> 98.73%     
client [36] (testset)   loss: 0.1227 -> 0.0274  accuracy: 97.46% -> 99.49%     
client [88] (testset)   loss: 0.2493 -> 0.0001  accuracy: 95.59% -> 100.00%    
---------------------------- TRAINING EPOCH: 240 ----------------------------  
client [70] (testset)   loss: 0.0379 -> 0.0108  accuracy: 98.90% -> 99.82%     
client [35] (testset)   loss: 0.0991 -> 0.0238  accuracy: 96.08% -> 99.02%     
client [16] (testset)   loss: 0.0002 -> 0.0001  accuracy: 100.00% -> 100.00%   
client [80] (testset)   loss: 0.0009 -> 0.0005  accuracy: 100.00% -> 100.00%   
client [38] (testset)   loss: 0.0827 -> 0.0795  accuracy: 98.25% -> 98.25%     
client [78] (testset)   loss: 0.0996 -> 0.0298  accuracy: 97.45% -> 98.73%     
client [68] (testset)   loss: 0.0008 -> 0.0240  accuracy: 100.00% -> 98.31%    
client [11] (testset)   loss: 0.0000 -> 0.0000  accuracy: 100.00% -> 100.00%   
client [64] (testset)   loss: 0.0235 -> 0.0069  accuracy: 99.17% -> 99.72%     
client [82] (testset)   loss: 0.0021 -> 0.0040  accuracy: 100.00% -> 100.00%   
---------------------------- TRAINING EPOCH: 250 ----------------------------  
client [30] (testset)   loss: 0.0001 -> 0.0353  accuracy: 100.00% -> 97.50%    
client [27] (testset)   loss: 0.0156 -> 0.0010  accuracy: 99.47% -> 100.00%    
client [74] (testset)   loss: 0.0863 -> 0.0971  accuracy: 98.46% -> 98.46%     
client [45] (testset)   loss: 0.0354 -> 0.0225  accuracy: 99.08% -> 99.69%     
client [6]  (testset)   loss: 0.0380 -> 0.0045  accuracy: 98.18% -> 100.00%    
client [36] (testset)   loss: 0.1308 -> 0.0362  accuracy: 97.46% -> 98.98%     
client [63] (testset)   loss: 0.0560 -> 0.0359  accuracy: 98.54% -> 98.54%     
client [76] (testset)   loss: 0.0063 -> 0.0335  accuracy: 100.00% -> 98.70%    
client [83] (testset)   loss: 0.1278 -> 0.0928  accuracy: 98.22% -> 97.86%     
client [86] (testset)   loss: 0.1451 -> 0.0023  accuracy: 96.44% -> 99.73%     
---------------------------- TRAINING EPOCH: 260 ----------------------------  
client [83] (testset)   loss: 0.0982 -> 0.0736  accuracy: 98.22% -> 98.58%     
client [99] (testset)   loss: 0.0461 -> 0.0045  accuracy: 100.00% -> 100.00%   
client [74] (testset)   loss: 0.0671 -> 0.0889  accuracy: 98.77% -> 98.77%     
client [73] (testset)   loss: 0.0007 -> 0.2340  accuracy: 100.00% -> 94.12%    
client [29] (testset)   loss: 0.0681 -> 0.0292  accuracy: 97.42% -> 99.63%     
client [92] (testset)   loss: 0.0000 -> 0.0000  accuracy: 100.00% -> 100.00%   
client [6]  (testset)   loss: 0.0682 -> 0.0056  accuracy: 97.92% -> 100.00%    
client [61] (testset)   loss: 0.0235 -> 0.0003  accuracy: 99.41% -> 100.00%    
client [21] (testset)   loss: 0.0136 -> 0.0156  accuracy: 99.02% -> 99.02%     
client [67] (testset)   loss: 0.0001 -> 0.0000  accuracy: 100.00% -> 100.00%   
---------------------------- TRAINING EPOCH: 270 ----------------------------  
client [83] (testset)   loss: 0.1400 -> 0.0907  accuracy: 98.22% -> 98.22%     
client [32] (testset)   loss: 0.1822 -> 0.0963  accuracy: 96.03% -> 98.41%     
client [95] (testset)   loss: 0.0462 -> 0.0002  accuracy: 98.92% -> 100.00%    
client [61] (testset)   loss: 0.0296 -> 0.0006  accuracy: 99.12% -> 100.00%    
client [27] (testset)   loss: 0.0326 -> 0.0010  accuracy: 99.47% -> 100.00%    
client [25] (testset)   loss: 0.0511 -> 0.0000  accuracy: 97.70% -> 100.00%    
client [68] (testset)   loss: 0.0019 -> 0.0340  accuracy: 100.00% -> 98.31%    
client [34] (testset)   loss: 0.0839 -> 0.2399  accuracy: 94.44% -> 94.44%     
client [71] (testset)   loss: 0.0229 -> 0.0053  accuracy: 99.30% -> 99.77%     
client [89] (testset)   loss: 0.0062 -> 0.0019  accuracy: 100.00% -> 100.00%   
---------------------------- TRAINING EPOCH: 280 ----------------------------  
client [78] (testset)   loss: 0.1450 -> 0.0252  accuracy: 96.82% -> 99.36%     
client [81] (testset)   loss: 0.0314 -> 0.0191  accuracy: 99.38% -> 99.38%     
client [51] (testset)   loss: 0.0118 -> 0.0002  accuracy: 100.00% -> 100.00%   
client [54] (testset)   loss: 0.0010 -> 0.0076  accuracy: 100.00% -> 100.00%   
client [65] (testset)   loss: 0.1271 -> 0.0470  accuracy: 97.90% -> 98.74%     
client [41] (testset)   loss: 0.0194 -> 0.0001  accuracy: 98.95% -> 100.00%    
client [11] (testset)   loss: 0.0000 -> 0.0000  accuracy: 100.00% -> 100.00%   
client [85] (testset)   loss: 0.0914 -> 0.0058  accuracy: 97.93% -> 100.00%    
client [12] (testset)   loss: 0.1124 -> 0.0175  accuracy: 98.02% -> 99.50%     
client [23] (testset)   loss: 0.0033 -> 0.0011  accuracy: 100.00% -> 100.00%   
---------------------------- TRAINING EPOCH: 290 ----------------------------  
client [16] (testset)   loss: 0.0156 -> 0.0002  accuracy: 100.00% -> 100.00%   
client [65] (testset)   loss: 0.0625 -> 0.0431  accuracy: 98.32% -> 98.74%     
client [53] (testset)   loss: 0.0065 -> 0.0061  accuracy: 100.00% -> 100.00%   
client [58] (testset)   loss: 0.0726 -> 0.0023  accuracy: 97.87% -> 100.00%    
client [72] (testset)   loss: 0.0395 -> 0.0057  accuracy: 99.09% -> 100.00%    
client [7]  (testset)   loss: 0.0055 -> 0.0010  accuracy: 100.00% -> 100.00%   
client [71] (testset)   loss: 0.0242 -> 0.0052  accuracy: 99.30% -> 99.77%     
client [59] (testset)   loss: 0.0000 -> 0.0000  accuracy: 100.00% -> 100.00%   
client [86] (testset)   loss: 0.1107 -> 0.0004  accuracy: 96.71% -> 100.00%    
client [39] (testset)   loss: 0.0108 -> 0.0013  accuracy: 99.51% -> 100.00%    
---------------------------- TRAINING EPOCH: 300 ----------------------------  
client [99] (testset)   loss: 0.0387 -> 0.0703  accuracy: 100.00% -> 95.24%    
client [7]  (testset)   loss: 0.0054 -> 0.0002  accuracy: 100.00% -> 100.00%   
client [17] (testset)   loss: 0.0014 -> 0.0045  accuracy: 100.00% -> 99.61%    
client [64] (testset)   loss: 0.0432 -> 0.0102  accuracy: 98.61% -> 99.44%     
client [37] (testset)   loss: 0.0751 -> 0.0532  accuracy: 97.84% -> 97.84%     
client [29] (testset)   loss: 0.0540 -> 0.0242  accuracy: 98.89% -> 99.26%     
client [93] (testset)   loss: 0.0024 -> 0.0003  accuracy: 100.00% -> 100.00%   
client [73] (testset)   loss: 0.0002 -> 0.0146  accuracy: 100.00% -> 100.00%   
client [40] (testset)   loss: 0.0012 -> 0.0001  accuracy: 100.00% -> 100.00%   
client [76] (testset)   loss: 0.0118 -> 0.0415  accuracy: 100.00% -> 98.70%    
---------------------------- TRAINING EPOCH: 310 ----------------------------  
client [31] (testset)   loss: 0.0127 -> 0.0220  accuracy: 100.00% -> 100.00%   
client [89] (testset)   loss: 0.0024 -> 0.0016  accuracy: 100.00% -> 100.00%   
client [77] (testset)   loss: 0.0672 -> 0.0463  accuracy: 96.58% -> 99.32%     
client [90] (testset)   loss: 0.0595 -> 0.0419  accuracy: 98.18% -> 99.27%     
client [26] (testset)   loss: 0.0068 -> 0.0924  accuracy: 100.00% -> 95.83%    
client [50] (testset)   loss: 0.0035 -> 0.0039  accuracy: 100.00% -> 100.00%   
client [30] (testset)   loss: 0.0005 -> 0.0111  accuracy: 100.00% -> 100.00%   
client [70] (testset)   loss: 0.0412 -> 0.0089  accuracy: 98.90% -> 99.82%     
client [41] (testset)   loss: 0.0378 -> 0.0005  accuracy: 98.95% -> 100.00%    
client [99] (testset)   loss: 0.0112 -> 0.0250  accuracy: 100.00% -> 100.00%   
---------------------------- TRAINING EPOCH: 320 ----------------------------  
client [68] (testset)   loss: 0.0030 -> 0.0067  accuracy: 100.00% -> 100.00%   
client [70] (testset)   loss: 0.0377 -> 0.0084  accuracy: 98.90% -> 99.82%     
client [52] (testset)   loss: 0.0157 -> 0.0001  accuracy: 100.00% -> 100.00%   
client [1]  (testset)   loss: 0.0103 -> 0.0140  accuracy: 100.00% -> 98.33%    
client [2]  (testset)   loss: 0.0451 -> 0.0297  accuracy: 99.05% -> 99.05%     
client [67] (testset)   loss: 0.0000 -> 0.0000  accuracy: 100.00% -> 100.00%   
client [92] (testset)   loss: 0.0000 -> 0.0000  accuracy: 100.00% -> 100.00%   
client [35] (testset)   loss: 0.1640 -> 0.0274  accuracy: 95.10% -> 99.02%     
client [36] (testset)   loss: 0.1000 -> 0.0431  accuracy: 98.48% -> 98.98%     
client [64] (testset)   loss: 0.0398 -> 0.0168  accuracy: 98.61% -> 99.17%     
---------------------------- TRAINING EPOCH: 330 ----------------------------  
client [44] (testset)   loss: 0.0469 -> 0.0233  accuracy: 98.81% -> 99.40%     
client [6]  (testset)   loss: 0.0313 -> 0.0081  accuracy: 98.44% -> 99.48%     
client [12] (testset)   loss: 0.0555 -> 0.0278  accuracy: 98.51% -> 99.50%     
client [55] (testset)   loss: 0.0119 -> 0.0046  accuracy: 99.49% -> 99.74%     
client [29] (testset)   loss: 0.0972 -> 0.0303  accuracy: 96.68% -> 99.63%     
client [9]  (testset)   loss: 0.0503 -> 0.0241  accuracy: 98.05% -> 99.19%     
client [43] (testset)   loss: 0.1280 -> 0.0709  accuracy: 97.86% -> 99.47%     
client [77] (testset)   loss: 0.0405 -> 0.0450  accuracy: 97.95% -> 97.95%     
client [98] (testset)   loss: 0.0427 -> 0.0113  accuracy: 97.06% -> 100.00%    
client [78] (testset)   loss: 0.1258 -> 0.0371  accuracy: 96.18% -> 98.73%     
---------------------------- TRAINING EPOCH: 340 ----------------------------  
client [92] (testset)   loss: 0.0000 -> 0.0000  accuracy: 100.00% -> 100.00%   
client [80] (testset)   loss: 0.0048 -> 0.0002  accuracy: 100.00% -> 100.00%   
client [63] (testset)   loss: 0.0433 -> 0.0306  accuracy: 98.54% -> 98.54%     
client [76] (testset)   loss: 0.0018 -> 0.0436  accuracy: 100.00% -> 98.70%    
client [78] (testset)   loss: 0.0634 -> 0.0449  accuracy: 98.73% -> 98.73%     
client [25] (testset)   loss: 0.0046 -> 0.0001  accuracy: 100.00% -> 100.00%   
client [58] (testset)   loss: 0.0472 -> 0.0137  accuracy: 98.58% -> 99.29%     
client [13] (testset)   loss: 0.0117 -> 0.0010  accuracy: 100.00% -> 100.00%   
client [17] (testset)   loss: 0.0214 -> 0.0097  accuracy: 98.44% -> 99.61%     
client [38] (testset)   loss: 0.1151 -> 0.0812  accuracy: 98.25% -> 98.25%     
---------------------------- TRAINING EPOCH: 350 ----------------------------  
client [72] (testset)   loss: 0.0431 -> 0.0041  accuracy: 99.09% -> 100.00%    
client [82] (testset)   loss: 0.0015 -> 0.0016  accuracy: 100.00% -> 100.00%   
client [86] (testset)   loss: 0.0534 -> 0.0005  accuracy: 97.53% -> 100.00%    
client [51] (testset)   loss: 0.0001 -> 0.0000  accuracy: 100.00% -> 100.00%   
client [96] (testset)   loss: 0.0595 -> 0.0006  accuracy: 98.04% -> 100.00%    
client [42] (testset)   loss: 0.1303 -> 0.1045  accuracy: 97.27% -> 98.36%     
client [55] (testset)   loss: 0.0454 -> 0.0036  accuracy: 97.96% -> 99.74%     
client [13] (testset)   loss: 0.1101 -> 0.0122  accuracy: 95.83% -> 100.00%    
client [1]  (testset)   loss: 0.0120 -> 0.0166  accuracy: 100.00% -> 98.33%    
client [12] (testset)   loss: 0.0247 -> 0.0208  accuracy: 98.51% -> 99.01%     
---------------------------- TRAINING EPOCH: 360 ----------------------------  
client [68] (testset)   loss: 0.0054 -> 0.0148  accuracy: 100.00% -> 98.31%    
client [23] (testset)   loss: 0.0015 -> 0.0007  accuracy: 100.00% -> 100.00%   
client [46] (testset)   loss: 0.0370 -> 0.0201  accuracy: 99.10% -> 99.10%     
client [41] (testset)   loss: 0.0060 -> 0.0005  accuracy: 100.00% -> 100.00%   
client [25] (testset)   loss: 0.0049 -> 0.0001  accuracy: 100.00% -> 100.00%   
client [58] (testset)   loss: 0.0145 -> 0.0075  accuracy: 99.29% -> 100.00%    
client [14] (testset)   loss: 0.0616 -> 0.0243  accuracy: 97.92% -> 98.61%     
client [33] (testset)   loss: 0.0856 -> 0.0678  accuracy: 98.69% -> 99.51%     
client [85] (testset)   loss: 0.0496 -> 0.0110  accuracy: 98.45% -> 100.00%    
client [62] (testset)   loss: 0.0002 -> 0.0003  accuracy: 100.00% -> 100.00%   
---------------------------- TRAINING EPOCH: 370 ----------------------------  
client [98] (testset)   loss: 0.1065 -> 0.0872  accuracy: 97.06% -> 97.06%     
client [63] (testset)   loss: 0.0372 -> 0.0187  accuracy: 98.54% -> 99.27%     
client [70] (testset)   loss: 0.0425 -> 0.0090  accuracy: 98.72% -> 99.82%     
client [65] (testset)   loss: 0.0905 -> 0.0596  accuracy: 98.74% -> 98.74%     
client [14] (testset)   loss: 0.0358 -> 0.0327  accuracy: 97.92% -> 98.61%     
client [73] (testset)   loss: 0.0110 -> 0.2319  accuracy: 100.00% -> 97.06%    
client [34] (testset)   loss: 0.0198 -> 0.0522  accuracy: 100.00% -> 94.44%    
client [99] (testset)   loss: 0.0401 -> 0.0091  accuracy: 100.00% -> 100.00%   
client [69] (testset)   loss: 0.0372 -> 0.0051  accuracy: 99.09% -> 99.64%     
client [46] (testset)   loss: 0.0287 -> 0.0187  accuracy: 99.32% -> 99.10%     
---------------------------- TRAINING EPOCH: 380 ----------------------------  
client [99] (testset)   loss: 0.0245 -> 0.0071  accuracy: 100.00% -> 100.00%   
client [93] (testset)   loss: 0.0006 -> 0.0001  accuracy: 100.00% -> 100.00%   
client [11] (testset)   loss: 0.0000 -> 0.0000  accuracy: 100.00% -> 100.00%   
client [58] (testset)   loss: 0.0219 -> 0.0040  accuracy: 98.58% -> 100.00%    
client [81] (testset)   loss: 0.0466 -> 0.0116  accuracy: 99.38% -> 99.38%     
client [85] (testset)   loss: 0.0496 -> 0.0068  accuracy: 98.45% -> 100.00%    
client [89] (testset)   loss: 0.0002 -> 0.0161  accuracy: 100.00% -> 100.00%   
client [45] (testset)   loss: 0.0551 -> 0.0286  accuracy: 98.16% -> 99.39%     
client [8]  (testset)   loss: 0.2500 -> 0.1435  accuracy: 95.24% -> 97.62%     
client [68] (testset)   loss: 0.0025 -> 0.0144  accuracy: 100.00% -> 98.31%    
---------------------------- TRAINING EPOCH: 390 ----------------------------  
client [67] (testset)   loss: 0.0002 -> 0.0000  accuracy: 100.00% -> 100.00%   
client [72] (testset)   loss: 0.0144 -> 0.0013  accuracy: 99.09% -> 100.00%    
client [1]  (testset)   loss: 0.0131 -> 0.0065  accuracy: 98.33% -> 100.00%    
client [78] (testset)   loss: 0.1432 -> 0.0515  accuracy: 96.82% -> 98.73%     
client [83] (testset)   loss: 0.1152 -> 0.0752  accuracy: 97.51% -> 97.86%     
client [21] (testset)   loss: 0.0312 -> 0.0232  accuracy: 99.02% -> 99.02%     
client [56] (testset)   loss: 0.0043 -> 0.0000  accuracy: 100.00% -> 100.00%   
client [44] (testset)   loss: 0.0446 -> 0.0243  accuracy: 98.21% -> 98.81%     
client [92] (testset)   loss: 0.0000 -> 0.0000  accuracy: 100.00% -> 100.00%   
client [27] (testset)   loss: 0.0095 -> 0.0013  accuracy: 99.47% -> 100.00%    
---------------------------- TRAINING EPOCH: 400 ----------------------------  
client [10] (testset)   loss: 0.0002 -> 0.0001  accuracy: 100.00% -> 100.00%   
client [39] (testset)   loss: 0.0201 -> 0.0015  accuracy: 99.51% -> 100.00%    
client [65] (testset)   loss: 0.0844 -> 0.0615  accuracy: 98.74% -> 98.74%     
client [26] (testset)   loss: 0.0100 -> 0.0164  accuracy: 100.00% -> 100.00%   
client [19] (testset)   loss: 0.0436 -> 0.0252  accuracy: 96.30% -> 98.15%     
client [68] (testset)   loss: 0.0009 -> 0.0020  accuracy: 100.00% -> 100.00%   
client [41] (testset)   loss: 0.0151 -> 0.0001  accuracy: 98.95% -> 100.00%    
client [50] (testset)   loss: 0.0292 -> 0.0128  accuracy: 99.49% -> 99.49%     
client [75] (testset)   loss: 0.0749 -> 0.0200  accuracy: 98.45% -> 99.38%     
client [81] (testset)   loss: 0.0311 -> 0.0178  accuracy: 99.38% -> 99.38%     
pFedFDA's average time taken by each global epoch: 0 min 2.55 sec.             
pFedFDA's total running time: 0 h 21 m 45 s.                                   
==================== pFedFDA Experiment Results: ====================          
Display format: (before local fine-tuning) -> (after local fine-tuning)        
 So if finetune_epoch = 0, x.xx% -> 0.00% is normal.                           
 Centralized testing ONLY happens after model aggregation, so the stats between
'->' are the same.                                                             
{                                                                              
    "100": {                                                                   
        "all_clients": {                                                       
            "test": {                                                          
                "loss": "0.2854 -> 0.6785",                                    
                "accuracy": "98.81% -> 97.37%"                                 
            }                                                                  
        }                                                                      
    },                                                                         
    "200": {                                                                   
        "all_clients": {                                                       
            "test": {                                                          
                "loss": "0.3006 -> 9.0787",                                    
                "accuracy": "98.88% -> 94.99%"                                 
            }                                                                  
        }                                                                      
    },                                                                         
    "300": {                                                                   
        "all_clients": {                                                       
            "test": {                                                          
                "loss": "0.3151 -> 1.4469",                                    
                "accuracy": "98.89% -> 96.05%"                                 
            }                                                                  
        }                                                                      
    },                                                                         
    "400": {                                                                   
        "all_clients": {                                                       
            "test": {                                                          
                "loss": "0.3360 -> 1.8692",                                    
                "accuracy": "98.93% -> 95.28%"                                 
            }                                                                  
        }                                                                      
    }                                                                          
}                                                                              
==================== pFedFDA Max Accuracy ====================                 
all_clients:                                                                   
(test) before fine-tuning: 98.93% at epoch 400                                 
(test) after fine-tuning: 97.37% at epoch 100                                  
