==================== FedFew ====================                               
Experiment Arguments:                                                          
{
    'method': 'fedfew',
    'dataset': {
        'name': 'cifar10',
        'client_num': 100,
        'test_ratio': 0.25,
        'val_ratio': 0.0,
        'seed': 42,
        'split': 'sample',
        'IID_ratio': 0.0,
        'monitor_window_name_suffix': 'cifar10-100clients-0%IID-Dir(0.1)-seed42',
        'alpha': 0.1,
        'min_samples_per_client': 10
    },
    'model': {
        'name': 'avgcnn',
        'use_torchvision_pretrained_weights': True,
        'external_model_weights_path': None
    },
    'optimizer': {
        'lr': 0.01,
        'dampening': 0,
        'weight_decay': 0,
        'momentum': 0.7,
        'nesterov': False,
        'name': 'sgd'
    },
    'mode': 'serial',
    'parallel': {
        'ray_cluster_addr': None,
        'num_cpus': None,
        'num_gpus': None,
        'num_workers': 2
    },
    'common': {
        'seed': 42,
        'join_ratio': 0.1,
        'global_epoch': 400,
        'local_epoch': 5,
        'batch_size': 32,
        'reset_optimizer_on_global_epoch': True,
        'straggler_ratio': 0,
        'straggler_min_local_epoch': 0,
        'buffers': 'global',
        'client_side_evaluation': True,
        'test': {
            'client': {
                'interval': 100,
                'finetune_epoch': 5,
                'train': False,
                'val': False,
                'test': True
            },
            'server': {
                'interval': -1,
                'train': False,
                'val': False,
                'test': True,
                'model_in_train_mode': False
            }
        },
        'verbose_gap': 10,
        'monitor': None,
        'use_cuda': True,
        'save_log': True,
        'save_model': False,
        'save_learning_curve_plot': True,
        'save_metrics': True,
        'delete_useless_run': True
    },
    'fedprox': {
        'mu': 0.01
    },
    'pfedsim': {
        'warmup_round': 0.5
    },
    'fedfew': {
        'ig_ratio': 0.9999,
        'alpha': 0.1,
        'IgRatioScheduler': {
            'init': 0.0,
            'last': 0.9999,
            'num_rounds': 400,
            'mode': 'linear'
        }
    }
}
---------------------------- TRAINING EPOCH: 10 ----------------------------   
client [77] (testset)   loss: 1.1079 -> 0.4053  accuracy: 62.19% -> 87.28%     
client [81] (testset)   loss: 0.8926 -> 0.0510  accuracy: 67.86% -> 97.32%     
client [21] (testset)   loss: 3.1216 -> 0.8217  accuracy: 0.00% -> 65.22%      
client [68] (testset)   loss: 0.9406 -> 0.2955  accuracy: 71.19% -> 92.09%     
client [93] (testset)   loss: 2.1694 -> 0.4634  accuracy: 21.05% -> 84.21%     
client [31] (testset)   loss: 2.7602 -> 0.1473  accuracy: 5.53% -> 95.39%      
client [20] (testset)   loss: 0.6804 -> 0.5973  accuracy: 78.24% -> 83.68%     
client [59] (testset)   loss: 0.7140 -> 0.0848  accuracy: 66.67% -> 100.00%    
client [48] (testset)   loss: 2.8346 -> 0.5412  accuracy: 23.08% -> 76.92%     
client [34] (testset)   loss: 1.5313 -> 0.8163  accuracy: 38.06% -> 72.26%     
---------------------------- TRAINING EPOCH: 20 ----------------------------   
client [69] (testset)   loss: 2.3821 -> 0.9502  accuracy: 28.79% -> 66.06%     
client [99] (testset)   loss: 0.3803 -> 0.0142  accuracy: 88.61% -> 100.00%    
client [67] (testset)   loss: 2.0873 -> 0.2895  accuracy: 24.52% -> 89.68%     
client [0]  (testset)   loss: 2.1801 -> 0.1595  accuracy: 21.56% -> 96.41%     
client [76] (testset)   loss: 3.1811 -> 0.3207  accuracy: 15.23% -> 85.43%     
client [41] (testset)   loss: 1.9096 -> 0.9249  accuracy: 42.86% -> 66.67%     
client [62] (testset)   loss: 4.3730 -> 0.3459  accuracy: 0.00% -> 94.12%      
client [2]  (testset)   loss: 2.3368 -> 0.5113  accuracy: 41.61% -> 85.40%     
client [14] (testset)   loss: 2.0497 -> 0.7236  accuracy: 36.95% -> 77.34%     
client [46] (testset)   loss: 2.0391 -> 0.5214  accuracy: 32.56% -> 85.27%     
---------------------------- TRAINING EPOCH: 30 ----------------------------   
client [24] (testset)   loss: 0.9947 -> 0.4354  accuracy: 69.44% -> 86.11%     
client [68] (testset)   loss: 0.9691 -> 0.2425  accuracy: 74.01% -> 92.66%     
client [57] (testset)   loss: 0.7847 -> 0.2440  accuracy: 76.37% -> 91.98%     
client [17] (testset)   loss: 1.0998 -> 1.0478  accuracy: 64.29% -> 76.79%     
client [54] (testset)   loss: 1.5588 -> 0.8295  accuracy: 55.00% -> 83.75%     
client [23] (testset)   loss: 1.6755 -> 0.0013  accuracy: 46.43% -> 100.00%    
client [35] (testset)   loss: 2.2123 -> 0.4651  accuracy: 33.33% -> 83.33%     
client [59] (testset)   loss: 1.4469 -> 0.0363  accuracy: 33.33% -> 100.00%    
client [31] (testset)   loss: 0.3118 -> 0.1390  accuracy: 91.71% -> 95.39%     
client [9]  (testset)   loss: 1.1610 -> 0.5618  accuracy: 61.54% -> 85.90%     
---------------------------- TRAINING EPOCH: 40 ----------------------------   
client [64] (testset)   loss: 2.5112 -> 0.2340  accuracy: 23.39% -> 94.04%     
client [33] (testset)   loss: 1.1301 -> 0.2963  accuracy: 66.67% -> 91.67%     
client [16] (testset)   loss: 1.7422 -> 0.8631  accuracy: 51.81% -> 70.48%     
client [44] (testset)   loss: 1.3242 -> 0.2800  accuracy: 50.00% -> 91.84%     
client [8]  (testset)   loss: 1.2351 -> 0.8690  accuracy: 58.06% -> 64.52%     
client [31] (testset)   loss: 0.8901 -> 0.1364  accuracy: 76.50% -> 95.85%     
client [47] (testset)   loss: 1.5889 -> 0.9101  accuracy: 43.75% -> 75.00%     
client [36] (testset)   loss: 2.7365 -> 0.8542  accuracy: 31.91% -> 74.47%     
client [20] (testset)   loss: 1.2480 -> 0.7477  accuracy: 67.75% -> 85.10%     
client [56] (testset)   loss: 0.6116 -> 0.2741  accuracy: 84.62% -> 90.77%     
---------------------------- TRAINING EPOCH: 50 ----------------------------   
client [4]  (testset)   loss: 0.5145 -> 0.1729  accuracy: 84.51% -> 95.77%     
client [60] (testset)   loss: 1.2126 -> 0.3293  accuracy: 55.06% -> 93.63%     
client [28] (testset)   loss: 0.8861 -> 0.4158  accuracy: 72.00% -> 84.00%     
client [25] (testset)   loss: 2.9386 -> 0.6344  accuracy: 22.61% -> 82.33%     
client [58] (testset)   loss: 0.7326 -> 0.3236  accuracy: 80.56% -> 93.25%     
client [44] (testset)   loss: 0.5517 -> 0.3261  accuracy: 78.57% -> 92.86%     
client [39] (testset)   loss: 1.2040 -> 0.7225  accuracy: 63.70% -> 78.77%     
client [29] (testset)   loss: 1.5344 -> 0.1970  accuracy: 59.06% -> 93.57%     
client [3]  (testset)   loss: 1.4076 -> 0.6407  accuracy: 63.64% -> 80.75%     
client [84] (testset)   loss: 1.5951 -> 0.5680  accuracy: 62.50% -> 82.81%     
---------------------------- TRAINING EPOCH: 60 ----------------------------   
client [21] (testset)   loss: 3.5919 -> 0.8878  accuracy: 17.39% -> 69.57%     
client [84] (testset)   loss: 1.6586 -> 0.4861  accuracy: 57.81% -> 87.50%     
client [10] (testset)   loss: 1.9855 -> 0.1693  accuracy: 42.49% -> 96.24%     
client [36] (testset)   loss: 1.2511 -> 0.9121  accuracy: 68.09% -> 76.60%     
client [65] (testset)   loss: 1.0954 -> 0.5341  accuracy: 78.57% -> 89.29%     
client [81] (testset)   loss: 0.3377 -> 0.0336  accuracy: 87.50% -> 98.21%     
client [79] (testset)   loss: 1.6497 -> 0.2781  accuracy: 54.19% -> 93.02%     
client [42] (testset)   loss: 1.1878 -> 0.3574  accuracy: 60.91% -> 93.00%     
client [11] (testset)   loss: 2.2000 -> 0.2223  accuracy: 27.27% -> 90.91%     
client [96] (testset)   loss: 1.5019 -> 0.9588  accuracy: 56.82% -> 70.45%     
---------------------------- TRAINING EPOCH: 70 ----------------------------   
client [8]  (testset)   loss: 0.9795 -> 0.8105  accuracy: 70.97% -> 74.19%     
client [53] (testset)   loss: 0.8029 -> 0.6369  accuracy: 73.47% -> 80.61%     
client [52] (testset)   loss: 0.2123 -> 0.2230  accuracy: 95.10% -> 97.06%     
client [42] (testset)   loss: 0.3642 -> 0.3933  accuracy: 90.12% -> 92.59%     
client [69] (testset)   loss: 1.3608 -> 1.2922  accuracy: 57.88% -> 65.45%     
client [59] (testset)   loss: 0.1221 -> 0.3774  accuracy: 100.00% -> 66.67%    
client [7]  (testset)   loss: 0.9998 -> 0.5369  accuracy: 71.01% -> 85.02%     
client [26] (testset)   loss: 0.3374 -> 0.6054  accuracy: 84.62% -> 92.31%     
client [49] (testset)   loss: 0.8663 -> 0.7149  accuracy: 73.97% -> 80.63%     
client [98] (testset)   loss: 1.1653 -> 0.9412  accuracy: 63.51% -> 84.36%     
---------------------------- TRAINING EPOCH: 80 ----------------------------   
client [98] (testset)   loss: 0.7782 -> 0.8815  accuracy: 80.57% -> 84.83%     
client [47] (testset)   loss: 1.6764 -> 1.2463  accuracy: 68.75% -> 75.00%     
client [21] (testset)   loss: 3.0301 -> 2.0156  accuracy: 30.43% -> 69.57%     
client [77] (testset)   loss: 0.7284 -> 0.4891  accuracy: 80.92% -> 87.28%     
client [95] (testset)   loss: 1.2597 -> 1.0499  accuracy: 63.22% -> 75.86%     
client [91] (testset)   loss: 0.8433 -> 0.7040  accuracy: 75.00% -> 89.71%     
client [14] (testset)   loss: 0.7595 -> 0.7995  accuracy: 76.35% -> 79.80%     
client [99] (testset)   loss: 0.8687 -> 0.0081  accuracy: 70.89% -> 100.00%    
client [20] (testset)   loss: 0.6021 -> 0.7896  accuracy: 86.53% -> 85.75%     
client [39] (testset)   loss: 0.9430 -> 0.7596  accuracy: 69.18% -> 79.45%     
---------------------------- TRAINING EPOCH: 90 ----------------------------   
client [52] (testset)   loss: 0.1617 -> 0.1747  accuracy: 96.08% -> 97.06%     
client [62] (testset)   loss: 0.1139 -> 0.1514  accuracy: 94.12% -> 94.12%     
client [71] (testset)   loss: 0.7188 -> 0.6696  accuracy: 79.57% -> 84.95%     
client [97] (testset)   loss: 1.1292 -> 0.9630  accuracy: 68.29% -> 82.93%     
client [30] (testset)   loss: 1.0757 -> 1.3057  accuracy: 73.12% -> 73.12%     
client [88] (testset)   loss: 0.5150 -> 0.4710  accuracy: 86.05% -> 91.32%     
client [60] (testset)   loss: 0.4180 -> 0.3170  accuracy: 83.52% -> 92.88%     
client [82] (testset)   loss: 0.2604 -> 0.1923  accuracy: 90.91% -> 96.59%     
client [91] (testset)   loss: 0.4378 -> 0.6062  accuracy: 92.65% -> 89.71%     
client [57] (testset)   loss: 0.3937 -> 0.2315  accuracy: 89.45% -> 92.83%     
---------------------------- TRAINING EPOCH: 100 ----------------------------  
client [31] (testset)   loss: 0.2844 -> 0.1503  accuracy: 94.01% -> 97.24%     
client [15] (testset)   loss: 1.0011 -> 0.6150  accuracy: 71.48% -> 86.33%     
client [71] (testset)   loss: 0.6970 -> 0.6905  accuracy: 80.11% -> 85.48%     
client [97] (testset)   loss: 0.7560 -> 0.9720  accuracy: 82.93% -> 82.93%     
client [53] (testset)   loss: 0.5669 -> 0.5959  accuracy: 80.61% -> 85.20%     
client [77] (testset)   loss: 0.4847 -> 0.4905  accuracy: 87.63% -> 87.99%     
client [76] (testset)   loss: 0.4060 -> 0.2366  accuracy: 84.11% -> 92.72%     
client [79] (testset)   loss: 0.3176 -> 0.2581  accuracy: 91.06% -> 93.30%     
client [28] (testset)   loss: 0.4362 -> 0.3563  accuracy: 84.00% -> 84.00%     
client [99] (testset)   loss: 0.1862 -> 0.0142  accuracy: 96.20% -> 100.00%    
---------------------------- TRAINING EPOCH: 110 ----------------------------  
client [97] (testset)   loss: 0.7676 -> 0.9839  accuracy: 85.37% -> 81.71%     
client [86] (testset)   loss: 0.5339 -> 0.4753  accuracy: 86.84% -> 86.84%     
client [34] (testset)   loss: 0.9884 -> 1.1582  accuracy: 70.97% -> 75.48%     
client [73] (testset)   loss: 0.5289 -> 0.5289  accuracy: 84.85% -> 81.82%     
client [5]  (testset)   loss: 0.6641 -> 0.7153  accuracy: 81.70% -> 85.31%     
client [96] (testset)   loss: 1.4172 -> 1.4584  accuracy: 68.18% -> 68.18%     
client [22] (testset)   loss: 0.6325 -> 0.5575  accuracy: 84.96% -> 87.22%     
client [60] (testset)   loss: 0.2869 -> 0.3050  accuracy: 88.76% -> 93.26%     
client [66] (testset)   loss: 0.6193 -> 0.6359  accuracy: 83.82% -> 87.50%     
client [83] (testset)   loss: 0.8087 -> 0.7613  accuracy: 75.63% -> 83.47%     
---------------------------- TRAINING EPOCH: 120 ----------------------------  
client [76] (testset)   loss: 0.2989 -> 0.2533  accuracy: 90.07% -> 90.73%     
client [65] (testset)   loss: 1.2304 -> 0.6469  accuracy: 75.00% -> 85.71%     
client [95] (testset)   loss: 1.2162 -> 1.0467  accuracy: 66.67% -> 73.56%     
client [17] (testset)   loss: 0.9985 -> 1.0624  accuracy: 67.26% -> 76.79%     
client [8]  (testset)   loss: 0.5773 -> 0.9186  accuracy: 87.10% -> 70.97%     
client [35] (testset)   loss: 0.8843 -> 1.2028  accuracy: 66.67% -> 50.00%     
client [98] (testset)   loss: 0.8300 -> 0.9797  accuracy: 77.25% -> 84.83%     
client [53] (testset)   loss: 0.6481 -> 0.6647  accuracy: 85.20% -> 83.16%     
client [43] (testset)   loss: 0.4333 -> 0.1715  accuracy: 90.91% -> 90.91%     
client [64] (testset)   loss: 0.2184 -> 0.3151  accuracy: 94.50% -> 93.58%     
---------------------------- TRAINING EPOCH: 130 ----------------------------  
client [21] (testset)   loss: 2.2826 -> 2.1287  accuracy: 56.52% -> 56.52%     
client [88] (testset)   loss: 0.4652 -> 0.4752  accuracy: 89.47% -> 91.84%     
client [38] (testset)   loss: 0.2343 -> 0.1004  accuracy: 92.31% -> 95.19%     
client [3]  (testset)   loss: 0.8741 -> 0.8700  accuracy: 72.73% -> 80.21%     
client [5]  (testset)   loss: 0.7081 -> 0.7187  accuracy: 80.67% -> 86.60%     
client [41] (testset)   loss: 0.5937 -> 0.9110  accuracy: 82.54% -> 77.78%     
client [7]  (testset)   loss: 0.8427 -> 0.6812  accuracy: 79.71% -> 85.51%     
client [37] (testset)   loss: 0.6848 -> 2.0968  accuracy: 66.67% -> 50.00%     
client [45] (testset)   loss: 1.2777 -> 1.3004  accuracy: 72.73% -> 72.73%     
client [47] (testset)   loss: 1.6342 -> 1.8649  accuracy: 62.50% -> 68.75%     
---------------------------- TRAINING EPOCH: 140 ----------------------------  
client [16] (testset)   loss: 0.8184 -> 0.9054  accuracy: 77.11% -> 77.11%     
client [11] (testset)   loss: 0.6139 -> 0.2923  accuracy: 81.82% -> 86.36%     
client [37] (testset)   loss: 0.9588 -> 1.6512  accuracy: 66.67% -> 50.00%     
client [41] (testset)   loss: 0.7608 -> 0.8414  accuracy: 77.78% -> 76.19%     
client [95] (testset)   loss: 1.3162 -> 1.2583  accuracy: 65.52% -> 70.11%     
client [53] (testset)   loss: 0.6540 -> 0.7257  accuracy: 82.14% -> 82.65%     
client [22] (testset)   loss: 0.6811 -> 0.5636  accuracy: 85.71% -> 88.72%     
client [25] (testset)   loss: 0.7126 -> 0.9229  accuracy: 81.63% -> 83.39%     
client [69] (testset)   loss: 1.2963 -> 1.3618  accuracy: 64.24% -> 66.67%     
client [46] (testset)   loss: 0.6697 -> 0.8160  accuracy: 85.27% -> 86.82%     
---------------------------- TRAINING EPOCH: 150 ----------------------------  
client [47] (testset)   loss: 1.2559 -> 1.5147  accuracy: 81.25% -> 56.25%     
client [69] (testset)   loss: 1.5742 -> 1.4149  accuracy: 63.33% -> 68.18%     
client [82] (testset)   loss: 0.1743 -> 0.2158  accuracy: 96.59% -> 96.59%     
client [45] (testset)   loss: 1.1363 -> 1.9756  accuracy: 81.82% -> 72.73%     
client [7]  (testset)   loss: 0.6394 -> 0.8088  accuracy: 83.57% -> 85.51%     
client [50] (testset)   loss: 1.6718 -> 1.0601  accuracy: 71.43% -> 71.43%     
client [35] (testset)   loss: 1.2089 -> 1.3117  accuracy: 66.67% -> 66.67%     
client [24] (testset)   loss: 0.1790 -> 0.6941  accuracy: 94.44% -> 88.89%     
client [15] (testset)   loss: 0.7510 -> 0.7700  accuracy: 83.20% -> 86.33%     
client [58] (testset)   loss: 0.3875 -> 0.3988  accuracy: 94.44% -> 94.44%     
---------------------------- TRAINING EPOCH: 160 ----------------------------  
client [48] (testset)   loss: 1.9043 -> 2.4525  accuracy: 69.23% -> 61.54%     
client [76] (testset)   loss: 0.2761 -> 0.2725  accuracy: 92.05% -> 91.39%     
client [67] (testset)   loss: 0.2110 -> 0.2700  accuracy: 94.84% -> 94.19%     
client [37] (testset)   loss: 0.6060 -> 1.4230  accuracy: 66.67% -> 50.00%     
client [58] (testset)   loss: 0.3729 -> 0.3981  accuracy: 95.24% -> 95.24%     
client [64] (testset)   loss: 0.2412 -> 0.3030  accuracy: 94.04% -> 93.12%     
client [77] (testset)   loss: 0.4868 -> 0.5026  accuracy: 90.11% -> 89.40%     
client [55] (testset)   loss: 0.4718 -> 0.5068  accuracy: 88.90% -> 88.63%     
client [12] (testset)   loss: 0.7638 -> 0.7379  accuracy: 84.32% -> 83.28%     
client [89] (testset)   loss: 0.5972 -> 0.6337  accuracy: 96.08% -> 92.16%     
---------------------------- TRAINING EPOCH: 170 ----------------------------  
client [84] (testset)   loss: 0.6150 -> 0.8202  accuracy: 87.50% -> 87.50%     
client [51] (testset)   loss: 0.0653 -> 0.2562  accuracy: 100.00% -> 75.00%    
client [8]  (testset)   loss: 0.6751 -> 1.0298  accuracy: 80.65% -> 77.42%     
client [18] (testset)   loss: 0.6857 -> 0.7571  accuracy: 85.03% -> 86.23%     
client [94] (testset)   loss: 0.7537 -> 0.7345  accuracy: 78.46% -> 76.92%     
client [81] (testset)   loss: 0.0064 -> 0.0061  accuracy: 100.00% -> 100.00%   
client [3]  (testset)   loss: 0.8836 -> 0.7812  accuracy: 77.54% -> 82.89%     
client [11] (testset)   loss: 0.3214 -> 1.6197  accuracy: 81.82% -> 86.36%     
client [95] (testset)   loss: 1.2066 -> 1.3513  accuracy: 67.82% -> 70.11%     
client [67] (testset)   loss: 0.1732 -> 0.2471  accuracy: 95.48% -> 93.55%     
---------------------------- TRAINING EPOCH: 180 ----------------------------  
client [21] (testset)   loss: 1.2744 -> 1.3528  accuracy: 65.22% -> 69.57%     
client [79] (testset)   loss: 0.2782 -> 0.2952  accuracy: 93.58% -> 93.58%     
client [58] (testset)   loss: 0.3517 -> 0.4022  accuracy: 95.63% -> 94.84%     
client [88] (testset)   loss: 0.5360 -> 0.5450  accuracy: 90.26% -> 91.32%     
client [46] (testset)   loss: 0.7424 -> 0.7688  accuracy: 82.95% -> 85.27%     
client [11] (testset)   loss: 0.5491 -> 0.4865  accuracy: 81.82% -> 90.91%     
client [55] (testset)   loss: 0.4746 -> 0.4975  accuracy: 88.63% -> 88.90%     
client [13] (testset)   loss: 0.6795 -> 0.7703  accuracy: 83.89% -> 84.44%     
client [31] (testset)   loss: 0.4302 -> 0.2015  accuracy: 90.32% -> 96.31%     
client [75] (testset)   loss: 0.4314 -> 0.4719  accuracy: 87.53% -> 90.91%     
---------------------------- TRAINING EPOCH: 190 ----------------------------  
client [19] (testset)   loss: 0.5807 -> 0.5525  accuracy: 92.92% -> 92.92%     
client [7]  (testset)   loss: 0.6767 -> 0.6514  accuracy: 78.26% -> 84.54%     
client [57] (testset)   loss: 0.2405 -> 0.2580  accuracy: 94.09% -> 94.09%     
client [13] (testset)   loss: 0.7495 -> 0.8316  accuracy: 81.11% -> 83.89%     
client [43] (testset)   loss: 0.5150 -> 0.4464  accuracy: 90.91% -> 90.91%     
client [91] (testset)   loss: 0.5841 -> 0.8536  accuracy: 92.65% -> 86.76%     
client [10] (testset)   loss: 0.1835 -> 0.1543  accuracy: 97.98% -> 97.98%     
client [64] (testset)   loss: 0.3275 -> 0.3027  accuracy: 93.58% -> 93.58%     
client [82] (testset)   loss: 0.2128 -> 0.2142  accuracy: 97.73% -> 97.73%     
client [22] (testset)   loss: 0.7033 -> 0.6579  accuracy: 87.97% -> 88.72%     
---------------------------- TRAINING EPOCH: 200 ----------------------------  
client [20] (testset)   loss: 0.6902 -> 0.7690  accuracy: 86.79% -> 87.95%     
client [23] (testset)   loss: 0.0286 -> 0.0096  accuracy: 100.00% -> 100.00%   
client [88] (testset)   loss: 0.4643 -> 0.5279  accuracy: 91.05% -> 91.32%     
client [98] (testset)   loss: 0.9393 -> 1.0064  accuracy: 81.99% -> 84.83%     
client [79] (testset)   loss: 0.3083 -> 0.3089  accuracy: 92.74% -> 93.02%     
client [21] (testset)   loss: 0.5271 -> 1.5184  accuracy: 82.61% -> 60.87%     
client [92] (testset)   loss: 0.2063 -> 0.2239  accuracy: 94.09% -> 94.58%     
client [56] (testset)   loss: 0.3599 -> 0.3231  accuracy: 90.77% -> 92.31%     
client [5]  (testset)   loss: 0.8022 -> 0.7311  accuracy: 81.70% -> 84.79%     
client [52] (testset)   loss: 0.1373 -> 0.2157  accuracy: 97.06% -> 97.06%     
---------------------------- TRAINING EPOCH: 210 ----------------------------  
client [67] (testset)   loss: 0.1711 -> 0.2059  accuracy: 93.55% -> 92.90%     
client [54] (testset)   loss: 1.0821 -> 1.1032  accuracy: 83.75% -> 81.25%     
client [14] (testset)   loss: 0.8621 -> 0.9013  accuracy: 81.28% -> 78.82%     
client [99] (testset)   loss: 0.0036 -> 0.0080  accuracy: 100.00% -> 100.00%   
client [36] (testset)   loss: 1.0980 -> 1.3393  accuracy: 87.23% -> 80.85%     
client [30] (testset)   loss: 1.3959 -> 1.5820  accuracy: 76.34% -> 74.19%     
client [38] (testset)   loss: 0.0303 -> 0.1500  accuracy: 99.04% -> 96.15%     
client [15] (testset)   loss: 0.6568 -> 0.7234  accuracy: 85.55% -> 88.28%     
client [6]  (testset)   loss: 0.7282 -> 0.8017  accuracy: 88.59% -> 87.45%     
client [53] (testset)   loss: 0.7204 -> 0.7266  accuracy: 83.67% -> 83.67%     
---------------------------- TRAINING EPOCH: 220 ----------------------------  
client [99] (testset)   loss: 0.0209 -> 0.0186  accuracy: 98.73% -> 98.73%     
client [6]  (testset)   loss: 0.7161 -> 0.8121  accuracy: 88.59% -> 87.83%     
client [83] (testset)   loss: 0.8096 -> 0.7512  accuracy: 82.91% -> 85.15%     
client [42] (testset)   loss: 0.4049 -> 0.4505  accuracy: 93.83% -> 93.42%     
client [34] (testset)   loss: 1.4116 -> 1.6741  accuracy: 73.55% -> 70.97%     
client [15] (testset)   loss: 0.6938 -> 0.7585  accuracy: 86.33% -> 87.50%     
client [47] (testset)   loss: 1.2049 -> 2.3743  accuracy: 81.25% -> 62.50%     
client [55] (testset)   loss: 0.5313 -> 0.5279  accuracy: 89.46% -> 89.18%     
client [51] (testset)   loss: 0.1568 -> 0.2366  accuracy: 87.50% -> 87.50%     
client [95] (testset)   loss: 1.5242 -> 1.6998  accuracy: 70.11% -> 64.37%     
---------------------------- TRAINING EPOCH: 230 ----------------------------  
client [71] (testset)   loss: 0.7492 -> 0.9264  accuracy: 85.48% -> 83.87%     
client [15] (testset)   loss: 0.7717 -> 0.7845  accuracy: 87.50% -> 86.72%     
client [33] (testset)   loss: 0.4444 -> 0.4322  accuracy: 92.71% -> 91.67%     
client [99] (testset)   loss: 0.0567 -> 0.0348  accuracy: 96.20% -> 97.47%     
client [90] (testset)   loss: 0.3317 -> 0.2223  accuracy: 93.33% -> 93.33%     
client [57] (testset)   loss: 0.2700 -> 0.2609  accuracy: 94.09% -> 95.36%     
client [27] (testset)   loss: 1.2993 -> 0.8990  accuracy: 85.71% -> 80.95%     
client [78] (testset)   loss: 0.8676 -> 0.9311  accuracy: 80.26% -> 82.89%     
client [36] (testset)   loss: 0.8116 -> 1.2875  accuracy: 85.11% -> 80.85%     
client [88] (testset)   loss: 0.4918 -> 0.5601  accuracy: 90.79% -> 91.05%     
---------------------------- TRAINING EPOCH: 240 ----------------------------  
client [70] (testset)   loss: 0.1895 -> 0.2602  accuracy: 95.83% -> 94.79%     
client [35] (testset)   loss: 1.4609 -> 1.0625  accuracy: 66.67% -> 83.33%     
client [16] (testset)   loss: 0.9098 -> 0.9309  accuracy: 78.92% -> 83.13%     
client [80] (testset)   loss: 0.4802 -> 0.5470  accuracy: 94.77% -> 93.46%     
client [38] (testset)   loss: 0.0626 -> 0.0879  accuracy: 97.12% -> 98.08%     
client [78] (testset)   loss: 0.8968 -> 0.9542  accuracy: 81.14% -> 82.46%     
client [68] (testset)   loss: 0.2262 -> 0.2665  accuracy: 97.18% -> 97.18%     
client [11] (testset)   loss: 1.5268 -> 1.1873  accuracy: 77.27% -> 86.36%     
client [64] (testset)   loss: 0.3470 -> 0.2866  accuracy: 94.50% -> 94.04%     
client [82] (testset)   loss: 0.2716 -> 0.2745  accuracy: 96.59% -> 96.59%     
---------------------------- TRAINING EPOCH: 250 ----------------------------  
client [30] (testset)   loss: 1.6764 -> 1.7484  accuracy: 79.57% -> 76.34%     
client [27] (testset)   loss: 1.1802 -> 0.8511  accuracy: 76.19% -> 80.95%     
client [74] (testset)   loss: 0.8082 -> 1.2449  accuracy: 84.21% -> 89.47%     
client [45] (testset)   loss: 1.6889 -> 2.8720  accuracy: 72.73% -> 72.73%     
client [6]  (testset)   loss: 0.8341 -> 0.9074  accuracy: 87.83% -> 87.45%     
client [36] (testset)   loss: 0.8400 -> 1.2951  accuracy: 85.11% -> 85.11%     
client [63] (testset)   loss: 0.8064 -> 0.7910  accuracy: 87.29% -> 88.98%     
client [76] (testset)   loss: 0.3141 -> 0.3036  accuracy: 90.73% -> 91.39%     
client [83] (testset)   loss: 0.8494 -> 0.7768  accuracy: 82.91% -> 84.31%     
client [86] (testset)   loss: 0.7403 -> 0.7035  accuracy: 89.47% -> 89.47%     
---------------------------- TRAINING EPOCH: 260 ----------------------------  
client [83] (testset)   loss: 0.8590 -> 0.7978  accuracy: 82.63% -> 84.87%     
client [99] (testset)   loss: 0.0085 -> 0.0186  accuracy: 100.00% -> 98.73%    
client [74] (testset)   loss: 0.8247 -> 0.9461  accuracy: 84.21% -> 86.84%     
client [73] (testset)   loss: 0.8512 -> 1.1288  accuracy: 87.88% -> 84.85%     
client [29] (testset)   loss: 0.4092 -> 0.2488  accuracy: 92.98% -> 90.64%     
client [92] (testset)   loss: 0.2755 -> 0.2750  accuracy: 95.07% -> 95.07%     
client [6]  (testset)   loss: 0.8259 -> 0.9071  accuracy: 87.45% -> 87.83%     
client [61] (testset)   loss: 1.2517 -> 1.1759  accuracy: 81.42% -> 83.19%     
client [21] (testset)   loss: 0.7004 -> 1.4021  accuracy: 82.61% -> 60.87%     
client [67] (testset)   loss: 0.2030 -> 0.2277  accuracy: 92.26% -> 92.26%     
---------------------------- TRAINING EPOCH: 270 ----------------------------  
client [83] (testset)   loss: 0.8768 -> 0.8348  accuracy: 82.35% -> 83.47%     
client [32] (testset)   loss: 1.8318 -> 1.8474  accuracy: 61.59% -> 58.70%     
client [95] (testset)   loss: 1.8293 -> 1.7296  accuracy: 66.67% -> 62.07%     
client [61] (testset)   loss: 1.2541 -> 1.1631  accuracy: 79.65% -> 79.65%     
client [27] (testset)   loss: 1.2424 -> 1.3124  accuracy: 76.19% -> 76.19%     
client [25] (testset)   loss: 1.0532 -> 1.0164  accuracy: 83.75% -> 83.75%     
client [68] (testset)   loss: 0.2525 -> 0.2426  accuracy: 96.61% -> 97.18%     
client [34] (testset)   loss: 1.4261 -> 1.7158  accuracy: 72.90% -> 69.68%     
client [71] (testset)   loss: 0.8846 -> 0.8696  accuracy: 88.17% -> 87.10%     
client [89] (testset)   loss: 0.6622 -> 0.7856  accuracy: 96.08% -> 94.12%     
---------------------------- TRAINING EPOCH: 280 ----------------------------  
client [78] (testset)   loss: 0.9341 -> 0.9755  accuracy: 82.46% -> 82.46%     
client [81] (testset)   loss: 0.0054 -> 0.0080  accuracy: 100.00% -> 100.00%   
client [51] (testset)   loss: 0.0651 -> 0.5014  accuracy: 100.00% -> 87.50%    
client [54] (testset)   loss: 1.2982 -> 1.2482  accuracy: 85.00% -> 82.50%     
client [65] (testset)   loss: 1.9773 -> 1.2739  accuracy: 78.57% -> 82.14%     
client [41] (testset)   loss: 0.9962 -> 0.8368  accuracy: 74.60% -> 85.71%     
client [11] (testset)   loss: 0.4176 -> 0.2866  accuracy: 81.82% -> 81.82%     
client [85] (testset)   loss: 0.2944 -> 0.3091  accuracy: 92.20% -> 94.15%     
client [12] (testset)   loss: 0.8221 -> 0.8248  accuracy: 83.28% -> 84.67%     
client [23] (testset)   loss: 0.0047 -> 0.0008  accuracy: 100.00% -> 100.00%   
---------------------------- TRAINING EPOCH: 290 ----------------------------  
client [16] (testset)   loss: 1.0255 -> 0.9715  accuracy: 79.52% -> 78.92%     
client [65] (testset)   loss: 2.0121 -> 1.5637  accuracy: 82.14% -> 82.14%     
client [53] (testset)   loss: 0.7964 -> 0.8138  accuracy: 83.67% -> 84.69%     
client [58] (testset)   loss: 0.4762 -> 0.4876  accuracy: 95.24% -> 94.84%     
client [72] (testset)   loss: 0.0629 -> 0.0222  accuracy: 96.97% -> 100.00%    
client [7]  (testset)   loss: 0.6211 -> 0.6502  accuracy: 86.47% -> 86.47%     
client [71] (testset)   loss: 0.8227 -> 0.8737  accuracy: 87.10% -> 88.17%     
client [59] (testset)   loss: 0.6017 -> 1.2072  accuracy: 66.67% -> 66.67%     
client [86] (testset)   loss: 0.8264 -> 0.7770  accuracy: 86.84% -> 88.16%     
client [39] (testset)   loss: 0.8931 -> 1.0131  accuracy: 83.56% -> 82.88%     
---------------------------- TRAINING EPOCH: 300 ----------------------------  
client [99] (testset)   loss: 0.0108 -> 0.0297  accuracy: 100.00% -> 97.47%    
client [7]  (testset)   loss: 0.6505 -> 0.6564  accuracy: 84.06% -> 85.51%     
client [17] (testset)   loss: 1.0068 -> 1.1658  accuracy: 78.57% -> 78.57%     
client [64] (testset)   loss: 0.4139 -> 0.3253  accuracy: 93.58% -> 94.04%     
client [37] (testset)   loss: 0.8019 -> 1.6005  accuracy: 66.67% -> 50.00%     
client [29] (testset)   loss: 0.1908 -> 0.1965  accuracy: 93.57% -> 94.15%     
client [93] (testset)   loss: 1.8348 -> 1.9892  accuracy: 78.95% -> 78.95%     
client [73] (testset)   loss: 0.7744 -> 1.2775  accuracy: 90.91% -> 75.76%     
client [40] (testset)   loss: 0.0079 -> 0.9357  accuracy: 100.00% -> 88.89%    
client [76] (testset)   loss: 0.3656 -> 0.3311  accuracy: 91.39% -> 90.73%     
---------------------------- TRAINING EPOCH: 310 ----------------------------  
client [31] (testset)   loss: 0.2996 -> 0.2433  accuracy: 95.85% -> 96.77%     
client [89] (testset)   loss: 0.7162 -> 0.6595  accuracy: 96.08% -> 96.08%     
client [77] (testset)   loss: 0.5729 -> 0.5735  accuracy: 91.17% -> 91.52%     
client [90] (testset)   loss: 0.1566 -> 0.0338  accuracy: 93.33% -> 100.00%    
client [26] (testset)   loss: 0.5688 -> 0.6031  accuracy: 92.31% -> 92.31%     
client [50] (testset)   loss: 1.2174 -> 1.0376  accuracy: 85.71% -> 85.71%     
client [30] (testset)   loss: 1.7649 -> 1.7968  accuracy: 76.34% -> 76.34%     
client [70] (testset)   loss: 0.1552 -> 0.1781  accuracy: 95.31% -> 94.79%     
client [41] (testset)   loss: 1.1072 -> 0.9454  accuracy: 77.78% -> 85.71%     
client [99] (testset)   loss: 0.0247 -> 0.0245  accuracy: 98.73% -> 97.47%     
---------------------------- TRAINING EPOCH: 320 ----------------------------  
client [68] (testset)   loss: 0.2377 -> 0.2532  accuracy: 97.74% -> 97.18%     
client [70] (testset)   loss: 0.1660 -> 0.1845  accuracy: 95.31% -> 95.31%     
client [52] (testset)   loss: 0.1826 -> 0.2019  accuracy: 97.06% -> 97.06%     
client [1]  (testset)   loss: 0.6672 -> 0.6256  accuracy: 88.24% -> 90.20%     
client [2]  (testset)   loss: 0.8655 -> 0.7670  accuracy: 84.67% -> 87.59%     
client [67] (testset)   loss: 0.1973 -> 0.2143  accuracy: 92.90% -> 92.90%     
client [92] (testset)   loss: 0.3048 -> 0.2996  accuracy: 95.07% -> 95.07%     
client [35] (testset)   loss: 1.8455 -> 2.0325  accuracy: 66.67% -> 66.67%     
client [36] (testset)   loss: 0.9510 -> 1.8702  accuracy: 82.98% -> 70.21%     
client [64] (testset)   loss: 0.3467 -> 0.3235  accuracy: 94.50% -> 94.04%     
---------------------------- TRAINING EPOCH: 330 ----------------------------  
client [44] (testset)   loss: 0.2726 -> 0.2506  accuracy: 92.86% -> 91.84%     
client [6]  (testset)   loss: 0.9633 -> 1.0086  accuracy: 87.83% -> 87.07%     
client [12] (testset)   loss: 0.9402 -> 0.9359  accuracy: 84.32% -> 85.02%     
client [55] (testset)   loss: 0.6219 -> 0.6240  accuracy: 88.63% -> 89.04%     
client [29] (testset)   loss: 0.2341 -> 0.2088  accuracy: 93.57% -> 94.15%     
client [9]  (testset)   loss: 0.7026 -> 0.7021  accuracy: 86.75% -> 88.03%     
client [43] (testset)   loss: 0.5631 -> 0.6524  accuracy: 90.91% -> 90.91%     
client [77] (testset)   loss: 0.5893 -> 0.5817  accuracy: 90.81% -> 90.81%     
client [98] (testset)   loss: 1.2146 -> 1.2392  accuracy: 84.36% -> 85.78%     
client [78] (testset)   loss: 1.0533 -> 1.0728  accuracy: 82.02% -> 82.89%     
---------------------------- TRAINING EPOCH: 340 ----------------------------  
client [92] (testset)   loss: 0.3041 -> 0.3006  accuracy: 95.07% -> 95.07%     
client [80] (testset)   loss: 0.5546 -> 0.5471  accuracy: 95.42% -> 94.77%     
client [63] (testset)   loss: 0.8752 -> 0.8813  accuracy: 87.29% -> 88.14%     
client [76] (testset)   loss: 0.3786 -> 0.3623  accuracy: 91.39% -> 91.39%     
client [78] (testset)   loss: 1.0764 -> 1.0930  accuracy: 82.02% -> 82.02%     
client [25] (testset)   loss: 1.1521 -> 1.0944  accuracy: 84.45% -> 85.16%     
client [58] (testset)   loss: 0.4915 -> 0.5097  accuracy: 95.24% -> 94.05%     
client [13] (testset)   loss: 0.9651 -> 1.0051  accuracy: 81.11% -> 82.22%     
client [17] (testset)   loss: 1.0799 -> 1.1865  accuracy: 78.57% -> 79.76%     
client [38] (testset)   loss: 0.0495 -> 0.0386  accuracy: 98.08% -> 98.08%     
---------------------------- TRAINING EPOCH: 350 ----------------------------  
client [72] (testset)   loss: 0.0550 -> 0.0354  accuracy: 96.97% -> 96.97%     
client [82] (testset)   loss: 0.3105 -> 0.3165  accuracy: 96.59% -> 96.59%     
client [86] (testset)   loss: 0.9207 -> 0.8862  accuracy: 86.84% -> 88.16%     
client [51] (testset)   loss: 0.0936 -> 0.2068  accuracy: 100.00% -> 87.50%    
client [96] (testset)   loss: 2.5512 -> 2.3994  accuracy: 63.64% -> 65.91%     
client [42] (testset)   loss: 0.5220 -> 0.5278  accuracy: 94.24% -> 94.24%     
client [55] (testset)   loss: 0.6275 -> 0.6272  accuracy: 89.04% -> 89.32%     
client [13] (testset)   loss: 0.9902 -> 1.0187  accuracy: 81.67% -> 82.22%     
client [1]  (testset)   loss: 0.7012 -> 0.6673  accuracy: 88.24% -> 90.20%     
client [12] (testset)   loss: 0.9533 -> 0.9517  accuracy: 82.93% -> 84.67%     
---------------------------- TRAINING EPOCH: 360 ----------------------------  
client [68] (testset)   loss: 0.2534 -> 0.2523  accuracy: 97.18% -> 97.74%     
client [23] (testset)   loss: 0.0013 -> 0.0006  accuracy: 100.00% -> 100.00%   
client [46] (testset)   loss: 0.9880 -> 1.0309  accuracy: 84.50% -> 84.50%     
client [41] (testset)   loss: 1.0081 -> 0.9842  accuracy: 84.13% -> 85.71%     
client [25] (testset)   loss: 1.1183 -> 1.1220  accuracy: 83.39% -> 84.45%     
client [58] (testset)   loss: 0.5045 -> 0.5186  accuracy: 94.84% -> 94.05%     
client [14] (testset)   loss: 1.0430 -> 1.0688  accuracy: 79.80% -> 79.80%     
client [33] (testset)   loss: 0.4531 -> 0.4848  accuracy: 95.83% -> 94.79%     
client [85] (testset)   loss: 0.3687 -> 0.3545  accuracy: 93.66% -> 93.66%     
client [62] (testset)   loss: 0.5880 -> 0.6204  accuracy: 94.12% -> 94.12%     
---------------------------- TRAINING EPOCH: 370 ----------------------------  
client [98] (testset)   loss: 1.2690 -> 1.2744  accuracy: 84.36% -> 85.78%     
client [63] (testset)   loss: 0.8624 -> 0.9076  accuracy: 87.29% -> 87.29%     
client [70] (testset)   loss: 0.1773 -> 0.1995  accuracy: 95.83% -> 94.79%     
client [65] (testset)   loss: 2.2206 -> 1.5794  accuracy: 78.57% -> 75.00%     
client [14] (testset)   loss: 1.0550 -> 1.0801  accuracy: 78.82% -> 79.31%     
client [73] (testset)   loss: 0.9166 -> 0.9197  accuracy: 84.85% -> 87.88%     
client [34] (testset)   loss: 1.6268 -> 1.6473  accuracy: 74.84% -> 74.19%     
client [99] (testset)   loss: 0.0175 -> 0.0235  accuracy: 98.73% -> 98.73%     
client [69] (testset)   loss: 2.0327 -> 1.9053  accuracy: 66.67% -> 68.18%     
client [46] (testset)   loss: 1.0071 -> 1.0403  accuracy: 84.50% -> 85.27%     
---------------------------- TRAINING EPOCH: 380 ----------------------------  
client [99] (testset)   loss: 0.0341 -> 0.0232  accuracy: 98.73% -> 100.00%    
client [93] (testset)   loss: 1.9965 -> 2.1173  accuracy: 78.95% -> 78.95%     
client [11] (testset)   loss: 0.4800 -> 0.8723  accuracy: 86.36% -> 81.82%     
client [58] (testset)   loss: 0.5307 -> 0.5337  accuracy: 94.84% -> 94.44%     
client [81] (testset)   loss: 0.0030 -> 0.0029  accuracy: 100.00% -> 100.00%   
client [85] (testset)   loss: 0.3700 -> 0.3661  accuracy: 93.66% -> 93.66%     
client [89] (testset)   loss: 0.6768 -> 0.5796  accuracy: 96.08% -> 96.08%     
client [45] (testset)   loss: 2.0758 -> 2.4276  accuracy: 81.82% -> 63.64%     
client [8]  (testset)   loss: 0.7859 -> 0.9111  accuracy: 80.65% -> 83.87%     
client [68] (testset)   loss: 0.2511 -> 0.2612  accuracy: 97.18% -> 97.18%     
---------------------------- TRAINING EPOCH: 390 ----------------------------  
client [67] (testset)   loss: 0.2196 -> 0.2386  accuracy: 93.55% -> 94.19%     
client [72] (testset)   loss: 0.0652 -> 0.0415  accuracy: 96.97% -> 96.97%     
client [1]  (testset)   loss: 0.6711 -> 0.6551  accuracy: 88.24% -> 88.24%     
client [78] (testset)   loss: 1.1309 -> 1.1448  accuracy: 82.89% -> 83.33%     
client [83] (testset)   loss: 0.9601 -> 0.8896  accuracy: 84.59% -> 84.87%     
client [21] (testset)   loss: 0.5025 -> 0.5066  accuracy: 82.61% -> 82.61%     
client [56] (testset)   loss: 0.4530 -> 0.4241  accuracy: 89.23% -> 90.77%     
client [44] (testset)   loss: 0.2864 -> 0.2364  accuracy: 93.88% -> 93.88%     
client [92] (testset)   loss: 0.3675 -> 0.3434  accuracy: 94.58% -> 95.07%     
client [27] (testset)   loss: 1.2043 -> 1.1961  accuracy: 76.19% -> 76.19%     
---------------------------- TRAINING EPOCH: 400 ----------------------------  
client [10] (testset)   loss: 0.2639 -> 0.2520  accuracy: 98.27% -> 97.98%     
client [39] (testset)   loss: 1.1323 -> 1.1518  accuracy: 83.56% -> 82.88%     
client [65] (testset)   loss: 2.1764 -> 1.6434  accuracy: 82.14% -> 85.71%     
client [26] (testset)   loss: 0.5913 -> 0.6121  accuracy: 92.31% -> 92.31%     
client [19] (testset)   loss: 0.7482 -> 0.7516  accuracy: 93.81% -> 93.81%     
client [68] (testset)   loss: 0.2675 -> 0.2701  accuracy: 97.18% -> 97.18%     
client [41] (testset)   loss: 1.0856 -> 1.0202  accuracy: 84.13% -> 85.71%     
client [50] (testset)   loss: 0.7781 -> 0.8142  accuracy: 85.71% -> 85.71%     
client [75] (testset)   loss: 0.5355 -> 0.5688  accuracy: 91.54% -> 91.12%     
client [81] (testset)   loss: 0.0031 -> 0.0032  accuracy: 100.00% -> 100.00%   
FedFew's average time taken by each global epoch: 0 min 2.89 sec.              
FedFew's total running time: 0 h 21 m 9 s.                                     
==================== FedFew Experiment Results: ====================           
Display format: (before local fine-tuning) -> (after local fine-tuning)        
 So if finetune_epoch = 0, x.xx% -> 0.00% is normal.                           
 Centralized testing ONLY happens after model aggregation, so the stats between
'->' are the same.                                                             
{                                                                              
    "100": {                                                                   
        "all_clients": {                                                       
            "test": {                                                          
                "loss": "0.5616 -> 0.5831",                                    
                "accuracy": "83.96% -> 86.87%"                                 
            }                                                                  
        }                                                                      
    },                                                                         
    "200": {                                                                   
        "all_clients": {                                                       
            "test": {                                                          
                "loss": "0.6426 -> 0.6750",                                    
                "accuracy": "86.83% -> 87.35%"                                 
            }                                                                  
        }                                                                      
    },                                                                         
    "300": {                                                                   
        "all_clients": {                                                       
            "test": {                                                          
                "loss": "0.7436 -> 0.7557",                                    
                "accuracy": "87.35% -> 87.70%"                                 
            }                                                                  
        }                                                                      
    },                                                                         
    "400": {                                                                   
        "all_clients": {                                                       
            "test": {                                                          
                "loss": "0.8192 -> 0.8222",                                    
                "accuracy": "87.75% -> 87.81%"                                 
            }                                                                  
        }                                                                      
    }                                                                          
}                                                                              
==================== FedFew Max Accuracy ====================                  
all_clients:                                                                   
(test) before fine-tuning: 87.75% at epoch 400                                 
(test) after fine-tuning: 87.81% at epoch 400                                  
