==================== FedDpa ====================                               
Experiment Arguments:                                                          
{
    'method': 'feddpa',
    'dataset': {
        'name': 'cifar10',
        'client_num': 100,
        'test_ratio': 0.25,
        'val_ratio': 0.0,
        'seed': 42,
        'split': 'sample',
        'IID_ratio': 0.0,
        'monitor_window_name_suffix': 'cifar10-100clients-0%IID-Dir(0.1)-seed42',
        'alpha': 0.1,
        'min_samples_per_client': 10
    },
    'model': {
        'name': 'avgcnn',
        'use_torchvision_pretrained_weights': True,
        'external_model_weights_path': None
    },
    'optimizer': {
        'lr': 0.01,
        'dampening': 0,
        'weight_decay': 0,
        'momentum': 0.7,
        'nesterov': False,
        'name': 'sgd'
    },
    'mode': 'parallel',
    'parallel': {
        'ray_cluster_addr': None,
        'num_cpus': 32.0,
        'num_gpus': 1.0,
        'num_workers': 2
    },
    'common': {
        'seed': 42,
        'join_ratio': 0.1,
        'global_epoch': 200,
        'local_epoch': 5,
        'batch_size': 32,
        'reset_optimizer_on_global_epoch': True,
        'straggler_ratio': 0,
        'straggler_min_local_epoch': 0,
        'buffers': 'global',
        'client_side_evaluation': True,
        'test': {
            'client': {
                'interval': 100,
                'finetune_epoch': 0,
                'train': False,
                'val': False,
                'test': True
            },
            'server': {
                'interval': -1,
                'train': False,
                'val': False,
                'test': True,
                'model_in_train_mode': False
            }
        },
        'verbose_gap': 10,
        'monitor': None,
        'use_cuda': True,
        'save_log': True,
        'save_model': False,
        'save_learning_curve_plot': True,
        'save_metrics': True,
        'delete_useless_run': True
    },
    'fedprox': {
        'mu': 0.01
    },
    'pfedsim': {
        'warmup_round': 0.5
    },
    'feddpa': {
        'fisher_threshold': 0.9995
    }
}
---------------------------- TRAINING EPOCH: 10 ----------------------------   
client [81] (testset)   loss: 1.0387 -> 0.0624  accuracy: 60.71% -> 96.43%     
client [21] (testset)   loss: 3.3647 -> 0.8263  accuracy: 0.00% -> 73.91%      
client [77] (testset)   loss: 1.4786 -> 0.4582  accuracy: 48.06% -> 89.05%     
client [93] (testset)   loss: 2.1941 -> 0.3751  accuracy: 26.32% -> 84.21%     
client [68] (testset)   loss: 1.1078 -> 0.2824  accuracy: 64.97% -> 91.53%     
client [31] (testset)   loss: 3.1770 -> 0.1531  accuracy: 0.92% -> 94.01%      
client [59] (testset)   loss: 0.5307 -> 0.0944  accuracy: 100.00% -> 100.00%   
client [48] (testset)   loss: 3.4173 -> 0.6265  accuracy: 15.38% -> 69.23%     
client [34] (testset)   loss: 1.7802 -> 1.0633  accuracy: 30.32% -> 58.71%     
client [20] (testset)   loss: 0.7729 -> 0.6107  accuracy: 75.52% -> 81.99%     
---------------------------- TRAINING EPOCH: 20 ----------------------------   
client [99] (testset)   loss: 0.4471 -> 0.0084  accuracy: 84.81% -> 100.00%    
client [67] (testset)   loss: 2.8210 -> 0.2736  accuracy: 14.19% -> 89.68%     
client [69] (testset)   loss: 2.7406 -> 0.9634  accuracy: 27.58% -> 61.52%     
client [0]  (testset)   loss: 3.0520 -> 0.1428  accuracy: 10.18% -> 97.01%     
client [76] (testset)   loss: 4.2511 -> 0.3118  accuracy: 6.62% -> 87.42%      
client [41] (testset)   loss: 2.2825 -> 0.9522  accuracy: 39.68% -> 68.25%     
client [62] (testset)   loss: 4.9455 -> 0.3789  accuracy: 5.88% -> 94.12%      
client [2]  (testset)   loss: 2.4758 -> 0.4679  accuracy: 45.99% -> 83.94%     
client [14] (testset)   loss: 2.4511 -> 0.8474  accuracy: 31.53% -> 75.86%     
client [46] (testset)   loss: 2.7708 -> 0.5620  accuracy: 19.38% -> 83.72%     
---------------------------- TRAINING EPOCH: 30 ----------------------------   
client [24] (testset)   loss: 1.6390 -> 0.4534  accuracy: 44.44% -> 86.11%     
client [68] (testset)   loss: 1.1871 -> 0.2421  accuracy: 63.84% -> 93.22%     
client [57] (testset)   loss: 1.0980 -> 0.2649  accuracy: 67.93% -> 93.25%     
client [17] (testset)   loss: 1.1767 -> 1.0658  accuracy: 61.90% -> 76.79%     
client [54] (testset)   loss: 1.7360 -> 0.7747  accuracy: 43.75% -> 85.00%     
client [35] (testset)   loss: 2.6988 -> 0.4096  accuracy: 33.33% -> 66.67%     
client [23] (testset)   loss: 2.6445 -> 0.0007  accuracy: 25.00% -> 100.00%    
client [59] (testset)   loss: 1.7806 -> 0.0009  accuracy: 33.33% -> 100.00%    
client [31] (testset)   loss: 0.4816 -> 0.1335  accuracy: 86.18% -> 96.31%     
client [9]  (testset)   loss: 1.2624 -> 0.6090  accuracy: 54.70% -> 85.04%     
---------------------------- TRAINING EPOCH: 40 ----------------------------   
client [33] (testset)   loss: 1.3431 -> 0.3157  accuracy: 59.38% -> 90.62%     
client [64] (testset)   loss: 3.3044 -> 0.2468  accuracy: 10.55% -> 93.12%     
client [16] (testset)   loss: 2.0858 -> 0.8954  accuracy: 41.57% -> 72.29%     
client [8]  (testset)   loss: 1.4085 -> 0.7642  accuracy: 54.84% -> 61.29%     
client [44] (testset)   loss: 1.2941 -> 0.2505  accuracy: 52.04% -> 92.86%     
client [47] (testset)   loss: 1.7652 -> 0.9512  accuracy: 37.50% -> 68.75%     
client [36] (testset)   loss: 3.0723 -> 0.8212  accuracy: 25.53% -> 78.72%     
client [31] (testset)   loss: 1.9316 -> 0.1228  accuracy: 34.10% -> 96.77%     
client [56] (testset)   loss: 0.7033 -> 0.2325  accuracy: 81.54% -> 89.23%     
client [20] (testset)   loss: 1.5926 -> 0.7409  accuracy: 56.74% -> 84.97%     
---------------------------- TRAINING EPOCH: 50 ----------------------------   
client [4]  (testset)   loss: 0.7680 -> 0.1761  accuracy: 78.87% -> 94.37%     
client [28] (testset)   loss: 0.9425 -> 0.4014  accuracy: 60.00% -> 84.00%     
client [60] (testset)   loss: 1.3885 -> 0.3715  accuracy: 50.19% -> 92.88%     
client [25] (testset)   loss: 3.0394 -> 0.6763  accuracy: 20.14% -> 82.69%     
client [44] (testset)   loss: 0.7238 -> 0.2873  accuracy: 72.45% -> 91.84%     
client [58] (testset)   loss: 1.2171 -> 0.3222  accuracy: 63.10% -> 90.87%     
client [39] (testset)   loss: 1.3670 -> 0.7610  accuracy: 64.38% -> 80.14%     
client [29] (testset)   loss: 2.4770 -> 0.1923  accuracy: 34.50% -> 92.40%     
client [84] (testset)   loss: 1.7962 -> 0.4759  accuracy: 56.25% -> 82.81%     
client [3]  (testset)   loss: 1.6494 -> 0.7012  accuracy: 58.82% -> 80.75%     
---------------------------- TRAINING EPOCH: 60 ----------------------------   
client [21] (testset)   loss: 4.3175 -> 1.0608  accuracy: 17.39% -> 65.22%     
client [84] (testset)   loss: 2.1881 -> 0.4536  accuracy: 40.62% -> 85.94%     
client [36] (testset)   loss: 1.4279 -> 0.8277  accuracy: 59.57% -> 76.60%     
client [65] (testset)   loss: 1.2003 -> 0.4642  accuracy: 64.29% -> 85.71%     
client [81] (testset)   loss: 0.7044 -> 0.0387  accuracy: 78.57% -> 99.11%     
client [10] (testset)   loss: 4.9476 -> 0.1735  accuracy: 15.32% -> 96.53%     
client [42] (testset)   loss: 2.0177 -> 0.3202  accuracy: 44.03% -> 92.59%     
client [79] (testset)   loss: 3.5207 -> 0.3264  accuracy: 29.05% -> 92.74%     
client [11] (testset)   loss: 2.7930 -> 0.4660  accuracy: 13.64% -> 77.27%     
client [96] (testset)   loss: 1.4796 -> 1.4275  accuracy: 59.09% -> 72.73%     
---------------------------- TRAINING EPOCH: 70 ----------------------------   
client [8]  (testset)   loss: 1.5415 -> 0.7720  accuracy: 54.84% -> 64.52%     
client [52] (testset)   loss: 0.4671 -> 0.2382  accuracy: 84.31% -> 97.06%     
client [53] (testset)   loss: 1.6190 -> 0.6511  accuracy: 53.06% -> 79.59%     
client [42] (testset)   loss: 1.2034 -> 0.3026  accuracy: 59.26% -> 93.00%     
client [59] (testset)   loss: 0.6708 -> 0.0189  accuracy: 66.67% -> 100.00%    
client [69] (testset)   loss: 1.7046 -> 1.2113  accuracy: 50.91% -> 67.27%     
client [26] (testset)   loss: 0.6265 -> 1.6401  accuracy: 61.54% -> 92.31%     
client [7]  (testset)   loss: 2.4180 -> 0.5708  accuracy: 29.95% -> 85.99%     
client [98] (testset)   loss: 2.7941 -> 0.8825  accuracy: 21.80% -> 83.41%     
client [49] (testset)   loss: 1.0667 -> 0.7904  accuracy: 67.30% -> 81.27%     
---------------------------- TRAINING EPOCH: 80 ----------------------------   
client [47] (testset)   loss: 2.0018 -> 1.5124  accuracy: 50.00% -> 62.50%     
client [21] (testset)   loss: 5.3165 -> 1.1034  accuracy: 8.70% -> 60.87%      
client [98] (testset)   loss: 0.9567 -> 0.8394  accuracy: 72.51% -> 84.36%     
client [95] (testset)   loss: 1.6324 -> 0.9398  accuracy: 56.32% -> 71.26%     
client [77] (testset)   loss: 1.5734 -> 0.4674  accuracy: 56.18% -> 86.93%     
client [91] (testset)   loss: 3.7129 -> 0.6108  accuracy: 25.00% -> 89.71%     
client [99] (testset)   loss: 4.2591 -> 0.0041  accuracy: 10.13% -> 100.00%    
client [14] (testset)   loss: 0.7549 -> 0.7304  accuracy: 77.34% -> 80.79%     
client [39] (testset)   loss: 1.9369 -> 0.7854  accuracy: 52.05% -> 81.51%     
client [20] (testset)   loss: 1.0304 -> 0.7478  accuracy: 72.15% -> 86.40%     
---------------------------- TRAINING EPOCH: 90 ----------------------------   
client [62] (testset)   loss: 1.0784 -> 0.1160  accuracy: 58.82% -> 94.12%     
client [52] (testset)   loss: 0.4307 -> 0.1638  accuracy: 83.33% -> 97.06%     
client [97] (testset)   loss: 2.6065 -> 0.8569  accuracy: 34.15% -> 82.93%     
client [71] (testset)   loss: 1.5731 -> 0.6511  accuracy: 53.76% -> 84.95%     
client [30] (testset)   loss: 1.2352 -> 1.2593  accuracy: 55.91% -> 69.89%     
client [60] (testset)   loss: 2.7971 -> 0.3887  accuracy: 17.60% -> 91.76%     
client [88] (testset)   loss: 1.6604 -> 0.4451  accuracy: 43.68% -> 90.00%     
client [82] (testset)   loss: 1.0202 -> 0.2217  accuracy: 71.59% -> 96.59%     
client [91] (testset)   loss: 1.8407 -> 0.6102  accuracy: 35.29% -> 89.71%     
client [57] (testset)   loss: 0.8708 -> 0.2916  accuracy: 75.53% -> 91.56%     
---------------------------- TRAINING EPOCH: 100 ----------------------------  
client [31] (testset)   loss: 0.8164 -> 0.1296  accuracy: 76.04% -> 96.31%     
client [15] (testset)   loss: 1.5493 -> 0.6184  accuracy: 60.16% -> 87.11%     
client [97] (testset)   loss: 2.4832 -> 0.9865  accuracy: 37.80% -> 82.93%     
client [71] (testset)   loss: 2.6613 -> 0.5799  accuracy: 40.86% -> 86.02%     
client [53] (testset)   loss: 1.4084 -> 0.6534  accuracy: 58.67% -> 80.10%     
client [77] (testset)   loss: 1.2577 -> 0.4643  accuracy: 62.19% -> 87.63%     
client [76] (testset)   loss: 1.2622 -> 0.2889  accuracy: 69.54% -> 90.73%     
client [28] (testset)   loss: 1.2175 -> 0.5241  accuracy: 76.00% -> 80.00%     
client [99] (testset)   loss: 2.0166 -> 0.0056  accuracy: 40.51% -> 100.00%    
client [79] (testset)   loss: 1.0838 -> 0.2878  accuracy: 70.67% -> 94.13%     
---------------------------- TRAINING EPOCH: 110 ----------------------------  
client [86] (testset)   loss: 1.0625 -> 0.5230  accuracy: 67.11% -> 85.53%     
client [97] (testset)   loss: 1.6069 -> 0.9524  accuracy: 52.44% -> 84.15%     
client [73] (testset)   loss: 1.1126 -> 0.8923  accuracy: 69.70% -> 81.82%     
client [34] (testset)   loss: 2.5675 -> 1.1027  accuracy: 32.26% -> 71.61%     
client [96] (testset)   loss: 1.7524 -> 1.3383  accuracy: 63.64% -> 70.45%     
client [22] (testset)   loss: 1.1858 -> 0.5402  accuracy: 66.17% -> 87.22%     
client [5]  (testset)   loss: 2.2308 -> 0.7292  accuracy: 46.13% -> 85.31%     
client [66] (testset)   loss: 1.0365 -> 0.6473  accuracy: 72.79% -> 85.29%     
client [60] (testset)   loss: 2.8442 -> 0.4336  accuracy: 27.72% -> 91.76%     
client [83] (testset)   loss: 1.3329 -> 0.6473  accuracy: 55.74% -> 84.87%     
---------------------------- TRAINING EPOCH: 120 ----------------------------  
client [65] (testset)   loss: 1.7048 -> 0.5681  accuracy: 60.71% -> 89.29%     
client [95] (testset)   loss: 1.5134 -> 1.1703  accuracy: 51.72% -> 71.26%     
client [76] (testset)   loss: 1.6029 -> 0.2685  accuracy: 55.63% -> 92.72%     
client [8]  (testset)   loss: 0.9406 -> 0.7623  accuracy: 74.19% -> 67.74%     
client [35] (testset)   loss: 2.6763 -> 1.1386  accuracy: 33.33% -> 66.67%     
client [17] (testset)   loss: 1.1970 -> 1.0576  accuracy: 62.50% -> 76.79%     
client [98] (testset)   loss: 2.1427 -> 0.8404  accuracy: 38.86% -> 86.26%     
client [43] (testset)   loss: 0.5469 -> 0.1577  accuracy: 81.82% -> 90.91%     
client [53] (testset)   loss: 1.1564 -> 0.6766  accuracy: 64.80% -> 81.12%     
client [64] (testset)   loss: 1.6378 -> 0.2505  accuracy: 44.95% -> 93.58%     
---------------------------- TRAINING EPOCH: 130 ----------------------------  
client [21] (testset)   loss: 2.6710 -> 1.1893  accuracy: 30.43% -> 69.57%     
client [38] (testset)   loss: 0.7501 -> 0.0590  accuracy: 82.69% -> 99.04%     
client [3]  (testset)   loss: 1.6529 -> 0.7113  accuracy: 57.22% -> 79.68%     
client [88] (testset)   loss: 2.2348 -> 0.5070  accuracy: 42.11% -> 91.05%     
client [41] (testset)   loss: 1.0867 -> 0.6508  accuracy: 77.78% -> 77.78%     
client [7]  (testset)   loss: 3.1880 -> 0.5780  accuracy: 32.37% -> 86.47%     
client [37] (testset)   loss: 1.8932 -> 0.3866  accuracy: 50.00% -> 83.33%     
client [45] (testset)   loss: 2.5682 -> 1.0235  accuracy: 45.45% -> 72.73%     
client [47] (testset)   loss: 4.3101 -> 1.5378  accuracy: 12.50% -> 56.25%     
client [5]  (testset)   loss: 3.6158 -> 0.6715  accuracy: 28.61% -> 84.79%     
---------------------------- TRAINING EPOCH: 140 ----------------------------  
client [11] (testset)   loss: 2.4195 -> 0.2699  accuracy: 45.45% -> 90.91%     
client [37] (testset)   loss: 0.7966 -> 0.0917  accuracy: 66.67% -> 100.00%    
client [41] (testset)   loss: 0.9152 -> 0.5420  accuracy: 74.60% -> 79.37%     
client [16] (testset)   loss: 1.1672 -> 0.8673  accuracy: 68.67% -> 76.51%     
client [95] (testset)   loss: 1.6171 -> 1.1150  accuracy: 51.72% -> 72.41%     
client [22] (testset)   loss: 1.3219 -> 0.5419  accuracy: 62.41% -> 88.72%     
client [53] (testset)   loss: 1.8894 -> 0.6434  accuracy: 48.98% -> 81.63%     
client [25] (testset)   loss: 2.5264 -> 0.8160  accuracy: 33.57% -> 83.04%     
client [69] (testset)   loss: 2.3304 -> 1.2186  accuracy: 40.61% -> 66.36%     
client [46] (testset)   loss: 1.5278 -> 0.7013  accuracy: 56.59% -> 85.27%     
---------------------------- TRAINING EPOCH: 150 ----------------------------  
client [47] (testset)   loss: 3.5761 -> 3.7754  accuracy: 37.50% -> 50.00%     
client [82] (testset)   loss: 3.3190 -> 0.2646  accuracy: 27.27% -> 96.59%     
client [45] (testset)   loss: 2.7213 -> 1.4068  accuracy: 27.27% -> 72.73%     
client [69] (testset)   loss: 3.3411 -> 1.2530  accuracy: 32.12% -> 65.15%     
client [50] (testset)   loss: 3.3229 -> 1.4977  accuracy: 42.86% -> 71.43%     
client [7]  (testset)   loss: 1.4061 -> 0.5634  accuracy: 70.53% -> 87.44%     
client [35] (testset)   loss: 2.6065 -> 0.7835  accuracy: 33.33% -> 66.67%     
client [24] (testset)   loss: 1.9415 -> 0.7771  accuracy: 52.78% -> 88.89%     
client [15] (testset)   loss: 2.3616 -> 0.7494  accuracy: 49.61% -> 87.89%     
client [58] (testset)   loss: 0.5072 -> 0.4176  accuracy: 87.30% -> 93.65%     
---------------------------- TRAINING EPOCH: 160 ----------------------------  
client [48] (testset)   loss: 4.1398 -> 1.3923  accuracy: 46.15% -> 76.92%     
client [76] (testset)   loss: 2.0997 -> 0.2923  accuracy: 46.36% -> 90.73%     
client [37] (testset)   loss: 1.0962 -> 0.4099  accuracy: 66.67% -> 66.67%     
client [67] (testset)   loss: 1.8813 -> 0.2476  accuracy: 49.68% -> 93.55%     
client [64] (testset)   loss: 1.3997 -> 0.2892  accuracy: 54.13% -> 93.58%     
client [58] (testset)   loss: 1.0272 -> 0.3829  accuracy: 70.63% -> 93.65%     
client [77] (testset)   loss: 0.8566 -> 0.4606  accuracy: 74.20% -> 88.34%     
client [12] (testset)   loss: 1.5373 -> 0.6847  accuracy: 63.41% -> 85.37%     
client [89] (testset)   loss: 3.0019 -> 0.4675  accuracy: 29.41% -> 96.08%     
client [55] (testset)   loss: 1.8978 -> 0.4870  accuracy: 50.62% -> 87.52%     
---------------------------- TRAINING EPOCH: 170 ----------------------------  
client [51] (testset)   loss: 0.3941 -> 0.2629  accuracy: 87.50% -> 87.50%     
client [8]  (testset)   loss: 1.2134 -> 0.7723  accuracy: 61.29% -> 77.42%     
client [84] (testset)   loss: 1.3871 -> 0.4135  accuracy: 59.38% -> 87.50%     
client [94] (testset)   loss: 2.7356 -> 0.7949  accuracy: 29.23% -> 80.00%     
client [18] (testset)   loss: 1.2100 -> 0.6287  accuracy: 63.47% -> 86.83%     
client [81] (testset)   loss: 0.9772 -> 0.0355  accuracy: 68.75% -> 98.21%     
client [11] (testset)   loss: 2.4505 -> 0.3577  accuracy: 45.45% -> 90.91%     
client [95] (testset)   loss: 1.9367 -> 1.0437  accuracy: 41.38% -> 67.82%     
client [3]  (testset)   loss: 0.9811 -> 0.6060  accuracy: 67.91% -> 84.49%     
client [67] (testset)   loss: 0.4427 -> 0.2637  accuracy: 86.45% -> 91.61%     
---------------------------- TRAINING EPOCH: 180 ----------------------------  
client [21] (testset)   loss: 2.6601 -> 2.3121  accuracy: 47.83% -> 65.22%     
client [58] (testset)   loss: 1.2442 -> 0.4353  accuracy: 65.48% -> 93.65%     
client [79] (testset)   loss: 2.0866 -> 0.3244  accuracy: 52.79% -> 93.85%     
client [46] (testset)   loss: 2.2070 -> 0.7101  accuracy: 45.74% -> 84.50%     
client [11] (testset)   loss: 1.8166 -> 0.4328  accuracy: 40.91% -> 86.36%     
client [88] (testset)   loss: 1.2153 -> 0.5288  accuracy: 62.89% -> 90.53%     
client [13] (testset)   loss: 2.3251 -> 0.8911  accuracy: 48.33% -> 83.89%     
client [31] (testset)   loss: 2.2078 -> 0.1375  accuracy: 41.01% -> 96.77%     
client [55] (testset)   loss: 1.8232 -> 0.4134  accuracy: 56.73% -> 88.21%     
client [75] (testset)   loss: 2.0561 -> 0.4294  accuracy: 51.37% -> 91.54%     
---------------------------- TRAINING EPOCH: 190 ----------------------------  
client [19] (testset)   loss: 0.6249 -> 0.6606  accuracy: 83.19% -> 92.04%     
client [7]  (testset)   loss: 2.0149 -> 0.5747  accuracy: 43.96% -> 85.99%     
client [57] (testset)   loss: 1.6323 -> 0.2206  accuracy: 58.65% -> 95.78%     
client [43] (testset)   loss: 0.6073 -> 0.1762  accuracy: 81.82% -> 90.91%     
client [13] (testset)   loss: 2.3824 -> 0.8404  accuracy: 38.89% -> 82.22%     
client [91] (testset)   loss: 1.4810 -> 0.9206  accuracy: 55.88% -> 85.29%     
client [64] (testset)   loss: 1.2290 -> 0.3191  accuracy: 63.30% -> 93.58%     
client [10] (testset)   loss: 2.5242 -> 0.1829  accuracy: 34.39% -> 96.82%     
client [82] (testset)   loss: 1.4842 -> 0.2961  accuracy: 61.36% -> 96.59%     
client [22] (testset)   loss: 0.7302 -> 0.4997  accuracy: 81.95% -> 90.23%     
---------------------------- TRAINING EPOCH: 200 ----------------------------  
client [23] (testset)   loss: 2.0974 -> 0.0001  accuracy: 35.71% -> 100.00%    
client [88] (testset)   loss: 2.2258 -> 0.5284  accuracy: 41.32% -> 89.21%     
client [98] (testset)   loss: 2.1642 -> 0.9003  accuracy: 43.13% -> 84.83%     
client [20] (testset)   loss: 1.2560 -> 0.7086  accuracy: 68.01% -> 87.82%     
client [21] (testset)   loss: 3.1458 -> 1.9976  accuracy: 21.74% -> 56.52%     
client [79] (testset)   loss: 0.8906 -> 0.3308  accuracy: 76.26% -> 94.69%     
client [92] (testset)   loss: 1.2536 -> 0.2256  accuracy: 66.01% -> 93.10%     
client [56] (testset)   loss: 1.6613 -> 0.3029  accuracy: 55.38% -> 89.23%     
client [52] (testset)   loss: 1.9294 -> 0.3071  accuracy: 56.86% -> 97.06%     
client [5]  (testset)   loss: 1.8612 -> 0.7084  accuracy: 52.84% -> 85.82%     
FedDpa's average time taken by each global epoch: 0 min 6.17 sec.              
FedDpa's total running time: 0 h 21 m 47 s.                                    
==================== FedDpa Experiment Results: ====================           
Display format: (before local fine-tuning) -> (after local fine-tuning)        
 So if finetune_epoch = 0, x.xx% -> 0.00% is normal.                           
 Centralized testing ONLY happens after model aggregation, so the stats between
'->' are the same.                                                             
{                                                                              
    "100": {                                                                   
        "all_clients": {                                                       
            "test": {                                                          
                "loss": "1.3373 -> 0.0000",                                    
                "accuracy": "60.46% -> 0.00%"                                  
            }                                                                  
        }                                                                      
    },                                                                         
    "200": {                                                                   
        "all_clients": {                                                       
            "test": {                                                          
                "loss": "1.8964 -> 0.0000",                                    
                "accuracy": "57.24% -> 0.00%"                                  
            }                                                                  
        }                                                                      
    }                                                                          
}                                                                              
==================== FedDpa Max Accuracy ====================                  
all_clients:                                                                   
(test) before fine-tuning: 60.46% at epoch 100                                 
(test) after fine-tuning: 0.00% at epoch 100                                   
