==================== FedRep ====================                               
Experiment Arguments:                                                          
{
    'method': 'fedrep',
    'dataset': {
        'name': 'fmnist',
        'client_num': 100,
        'test_ratio': 0.25,
        'val_ratio': 0.0,
        'seed': 42,
        'split': 'sample',
        'IID_ratio': 0.0,
        'monitor_window_name_suffix': 'fmnist-100clients-0%IID-Dir(0.1)-seed42',
        'alpha': 0.1,
        'min_samples_per_client': 10
    },
    'model': {
        'name': 'avgcnn',
        'use_torchvision_pretrained_weights': True,
        'external_model_weights_path': None
    },
    'optimizer': {
        'lr': 0.01,
        'dampening': 0,
        'weight_decay': 0,
        'momentum': 0.7,
        'nesterov': False,
        'name': 'sgd'
    },
    'mode': 'parallel',
    'parallel': {
        'ray_cluster_addr': None,
        'num_cpus': 24.0,
        'num_gpus': 1.0,
        'num_workers': 2
    },
    'common': {
        'seed': 42,
        'join_ratio': 0.1,
        'global_epoch': 400,
        'local_epoch': 5,
        'batch_size': 32,
        'reset_optimizer_on_global_epoch': True,
        'straggler_ratio': 0,
        'straggler_min_local_epoch': 0,
        'buffers': 'global',
        'client_side_evaluation': True,
        'test': {
            'client': {
                'interval': 100,
                'finetune_epoch': 5,
                'train': False,
                'val': False,
                'test': True
            },
            'server': {
                'interval': -1,
                'train': False,
                'val': False,
                'test': True,
                'model_in_train_mode': False
            }
        },
        'verbose_gap': 10,
        'monitor': None,
        'use_cuda': True,
        'save_log': True,
        'save_model': False,
        'save_learning_curve_plot': True,
        'save_metrics': True,
        'delete_useless_run': True
    },
    'fedprox': {
        'mu': 0.01
    },
    'pfedsim': {
        'warmup_round': 0.5
    },
    'fedrep': {
        'train_body_epoch': 1
    }
}
---------------------------- TRAINING EPOCH: 10 ----------------------------   
client [81] (testset)   loss: 0.2512 -> 1.0269  accuracy: 92.59% -> 51.85%     
client [77] (testset)   loss: 0.1402 -> 0.1134  accuracy: 94.82% -> 95.34%     
client [21] (testset)   loss: 1.0103 -> 0.3522  accuracy: 66.46% -> 86.34%     
client [68] (testset)   loss: 0.1912 -> 0.1775  accuracy: 94.55% -> 94.55%     
client [93] (testset)   loss: 0.0073 -> 0.0101  accuracy: 100.00% -> 100.00%   
client [31] (testset)   loss: 0.7385 -> 0.3223  accuracy: 89.23% -> 89.23%     
client [59] (testset)   loss: 0.6742 -> 0.4612  accuracy: 84.67% -> 85.40%     
client [48] (testset)   loss: 0.0246 -> 0.0333  accuracy: 100.00% -> 100.00%   
client [34] (testset)   loss: 0.2497 -> 0.2666  accuracy: 96.15% -> 96.15%     
client [20] (testset)   loss: 0.0824 -> 0.0799  accuracy: 97.04% -> 97.04%     
---------------------------- TRAINING EPOCH: 20 ----------------------------   
client [69] (testset)   loss: 0.3244 -> 0.2101  accuracy: 93.83% -> 94.44%     
client [99] (testset)   loss: 0.0867 -> 0.0842  accuracy: 98.16% -> 98.16%     
client [0]  (testset)   loss: 0.3677 -> 0.3208  accuracy: 89.80% -> 87.76%     
client [67] (testset)   loss: 0.2440 -> 0.2653  accuracy: 93.13% -> 90.38%     
client [76] (testset)   loss: 0.3827 -> 0.3590  accuracy: 86.67% -> 86.67%     
client [62] (testset)   loss: 2.1753 -> 0.3544  accuracy: 40.00% -> 90.00%     
client [41] (testset)   loss: 0.2979 -> 0.3261  accuracy: 89.92% -> 88.71%     
client [2]  (testset)   loss: 1.7776 -> 0.0212  accuracy: 7.66% -> 99.34%      
client [46] (testset)   loss: 0.3411 -> 0.3280  accuracy: 90.62% -> 89.58%     
client [14] (testset)   loss: 0.4670 -> 0.5215  accuracy: 84.76% -> 83.57%     
---------------------------- TRAINING EPOCH: 30 ----------------------------   
client [68] (testset)   loss: 0.1734 -> 0.1654  accuracy: 93.64% -> 93.64%     
client [24] (testset)   loss: 0.4348 -> 0.4176  accuracy: 84.57% -> 84.00%     
client [17] (testset)   loss: 0.2083 -> 0.1804  accuracy: 94.12% -> 95.72%     
client [57] (testset)   loss: 0.0638 -> 0.0445  accuracy: 98.18% -> 99.27%     
client [54] (testset)   loss: 0.2676 -> 0.2465  accuracy: 87.01% -> 87.01%     
client [23] (testset)   loss: 0.4991 -> 0.1234  accuracy: 67.68% -> 95.96%     
client [35] (testset)   loss: 0.0498 -> 0.0504  accuracy: 98.65% -> 98.65%     
client [31] (testset)   loss: 0.2657 -> 0.2594  accuracy: 90.77% -> 90.77%     
client [59] (testset)   loss: 0.4454 -> 0.4543  accuracy: 87.59% -> 86.86%     
client [9]  (testset)   loss: 0.1469 -> 0.2232  accuracy: 96.53% -> 92.36%     
---------------------------- TRAINING EPOCH: 40 ----------------------------   
client [64] (testset)   loss: 0.1642 -> 0.1490  accuracy: 94.74% -> 94.74%     
client [33] (testset)   loss: 0.1211 -> 0.1081  accuracy: 95.91% -> 96.49%     
client [16] (testset)   loss: 0.0376 -> 0.0376  accuracy: 98.33% -> 98.33%     
client [44] (testset)   loss: 0.1198 -> 0.1161  accuracy: 96.23% -> 96.23%     
client [31] (testset)   loss: 0.2486 -> 0.2578  accuracy: 90.77% -> 90.77%     
client [8]  (testset)   loss: 0.3546 -> 0.4700  accuracy: 89.29% -> 84.52%     
client [47] (testset)   loss: 0.1624 -> 0.9335  accuracy: 93.91% -> 68.26%     
client [20] (testset)   loss: 0.0427 -> 0.0429  accuracy: 98.66% -> 98.66%     
client [36] (testset)   loss: 0.1861 -> 0.2016  accuracy: 93.76% -> 93.27%     
client [56] (testset)   loss: 0.3911 -> 0.3542  accuracy: 82.35% -> 84.03%     
---------------------------- TRAINING EPOCH: 50 ----------------------------   
client [4]  (testset)   loss: 0.1289 -> 0.1137  accuracy: 97.69% -> 97.69%     
client [28] (testset)   loss: 0.0337 -> 0.0448  accuracy: 98.21% -> 98.21%     
client [60] (testset)   loss: 0.1736 -> 0.1707  accuracy: 94.83% -> 94.83%     
client [25] (testset)   loss: 0.0976 -> 0.0871  accuracy: 97.12% -> 96.15%     
client [58] (testset)   loss: 0.1431 -> 0.1229  accuracy: 94.90% -> 95.41%     
client [44] (testset)   loss: 0.0967 -> 0.1007  accuracy: 96.23% -> 95.28%     
client [39] (testset)   loss: 0.0099 -> 0.0079  accuracy: 100.00% -> 100.00%   
client [29] (testset)   loss: 0.2461 -> 0.2330  accuracy: 89.87% -> 89.87%     
client [84] (testset)   loss: 0.0097 -> 0.0083  accuracy: 100.00% -> 100.00%   
client [3]  (testset)   loss: 0.1839 -> 0.3242  accuracy: 92.61% -> 87.55%     
---------------------------- TRAINING EPOCH: 60 ----------------------------   
client [84] (testset)   loss: 0.0076 -> 0.0067  accuracy: 100.00% -> 100.00%   
client [21] (testset)   loss: 0.2404 -> 0.2776  accuracy: 90.68% -> 89.44%     
client [10] (testset)   loss: 0.0338 -> 0.0270  accuracy: 98.53% -> 98.53%     
client [65] (testset)   loss: 0.3683 -> 0.3549  accuracy: 87.50% -> 87.50%     
client [81] (testset)   loss: 0.0233 -> 0.0196  accuracy: 100.00% -> 100.00%   
client [79] (testset)   loss: 0.2657 -> 0.3505  accuracy: 88.67% -> 86.21%     
client [36] (testset)   loss: 0.1760 -> 0.1853  accuracy: 93.92% -> 93.60%     
client [11] (testset)   loss: 0.3254 -> 0.3164  accuracy: 89.69% -> 89.24%     
client [96] (testset)   loss: 0.2104 -> 0.2198  accuracy: 93.43% -> 94.16%     
client [42] (testset)   loss: 0.0658 -> 0.0617  accuracy: 98.30% -> 98.79%     
---------------------------- TRAINING EPOCH: 70 ----------------------------   
client [8]  (testset)   loss: 0.3338 -> 0.3464  accuracy: 90.77% -> 91.07%     
client [53] (testset)   loss: 0.0144 -> 0.0143  accuracy: 99.40% -> 99.70%     
client [52] (testset)   loss: 0.1957 -> 0.1921  accuracy: 89.83% -> 89.83%     
client [69] (testset)   loss: 0.1642 -> 0.3960  accuracy: 96.30% -> 85.80%     
client [59] (testset)   loss: 0.4245 -> 0.4284  accuracy: 89.78% -> 89.78%     
client [7]  (testset)   loss: 0.0564 -> 0.0518  accuracy: 97.82% -> 98.25%     
client [42] (testset)   loss: 0.0585 -> 0.0628  accuracy: 98.79% -> 98.79%     
client [49] (testset)   loss: 0.0290 -> 0.0270  accuracy: 99.14% -> 99.57%     
client [98] (testset)   loss: 0.5485 -> 0.4115  accuracy: 85.11% -> 93.62%     
client [26] (testset)   loss: 0.0772 -> 0.0740  accuracy: 97.93% -> 97.77%     
---------------------------- TRAINING EPOCH: 80 ----------------------------   
client [98] (testset)   loss: 0.4612 -> 0.7070  accuracy: 89.36% -> 72.34%     
client [21] (testset)   loss: 0.2151 -> 0.3837  accuracy: 91.30% -> 87.58%     
client [47] (testset)   loss: 0.1083 -> 0.1486  accuracy: 94.78% -> 93.70%     
client [77] (testset)   loss: 0.0452 -> 0.0416  accuracy: 98.96% -> 98.96%     
client [95] (testset)   loss: 0.2102 -> 0.1828  accuracy: 90.74% -> 92.59%     
client [91] (testset)   loss: 0.4064 -> 0.4032  accuracy: 92.31% -> 92.31%     
client [99] (testset)   loss: 0.0750 -> 0.0791  accuracy: 98.16% -> 98.16%     
client [14] (testset)   loss: 0.3842 -> 0.3581  accuracy: 86.19% -> 88.57%     
client [39] (testset)   loss: 0.0055 -> 0.0045  accuracy: 100.00% -> 100.00%   
client [20] (testset)   loss: 0.0430 -> 0.0409  accuracy: 98.66% -> 98.66%     
---------------------------- TRAINING EPOCH: 90 ----------------------------   
client [62] (testset)   loss: 0.3262 -> 0.3295  accuracy: 90.00% -> 90.00%     
client [52] (testset)   loss: 0.1813 -> 0.1955  accuracy: 91.53% -> 89.83%     
client [71] (testset)   loss: 0.0756 -> 0.0838  accuracy: 96.74% -> 96.74%     
client [97] (testset)   loss: 0.0649 -> 0.0606  accuracy: 98.27% -> 98.70%     
client [30] (testset)   loss: 0.1368 -> 0.1384  accuracy: 97.12% -> 97.12%     
client [88] (testset)   loss: 0.4316 -> 0.4018  accuracy: 86.59% -> 86.59%     
client [60] (testset)   loss: 0.1554 -> 0.1607  accuracy: 95.57% -> 95.57%     
client [82] (testset)   loss: 0.1026 -> 0.1047  accuracy: 98.63% -> 98.63%     
client [91] (testset)   loss: 0.4259 -> 0.4255  accuracy: 92.31% -> 92.31%     
client [57] (testset)   loss: 0.0344 -> 0.0299  accuracy: 99.27% -> 99.27%     
---------------------------- TRAINING EPOCH: 100 ----------------------------  
client [31] (testset)   loss: 0.2093 -> 0.2377  accuracy: 90.77% -> 92.31%     
client [71] (testset)   loss: 0.0793 -> 0.0729  accuracy: 96.20% -> 97.28%     
client [15] (testset)   loss: 0.2374 -> 0.2052  accuracy: 91.56% -> 92.19%     
client [97] (testset)   loss: 0.0661 -> 0.0602  accuracy: 97.84% -> 98.70%     
client [53] (testset)   loss: 0.0096 -> 0.0077  accuracy: 99.70% -> 99.70%     
client [76] (testset)   loss: 0.3199 -> 0.3174  accuracy: 86.67% -> 86.67%     
client [77] (testset)   loss: 0.0387 -> 0.0359  accuracy: 99.48% -> 99.48%     
client [28] (testset)   loss: 0.0146 -> 0.0202  accuracy: 100.00% -> 100.00%   
client [79] (testset)   loss: 0.2363 -> 0.2406  accuracy: 90.15% -> 89.16%     
client [99] (testset)   loss: 0.0783 -> 0.0767  accuracy: 98.42% -> 98.42%     
---------------------------- TRAINING EPOCH: 110 ----------------------------  
client [86] (testset)   loss: 0.2156 -> 0.2337  accuracy: 88.24% -> 88.24%     
client [34] (testset)   loss: 0.4073 -> 0.3814  accuracy: 92.31% -> 96.15%     
client [97] (testset)   loss: 0.0545 -> 0.0561  accuracy: 98.70% -> 98.70%     
client [73] (testset)   loss: 0.0241 -> 0.0220  accuracy: 100.00% -> 100.00%   
client [96] (testset)   loss: 0.2114 -> 0.2070  accuracy: 94.16% -> 93.43%     
client [5]  (testset)   loss: 0.1079 -> 0.1129  accuracy: 96.67% -> 96.67%     
client [22] (testset)   loss: 0.0298 -> 0.0262  accuracy: 100.00% -> 100.00%   
client [60] (testset)   loss: 0.1443 -> 0.1737  accuracy: 95.57% -> 94.83%     
client [66] (testset)   loss: 0.0997 -> 0.1147  accuracy: 95.62% -> 96.02%     
client [83] (testset)   loss: 0.0291 -> 0.0267  accuracy: 99.36% -> 99.36%     
---------------------------- TRAINING EPOCH: 120 ----------------------------  
client [76] (testset)   loss: 0.2950 -> 0.3250  accuracy: 86.67% -> 86.67%     
client [65] (testset)   loss: 0.2494 -> 0.2779  accuracy: 90.62% -> 90.62%     
client [95] (testset)   loss: 0.1754 -> 0.1805  accuracy: 94.44% -> 92.59%     
client [17] (testset)   loss: 0.1344 -> 0.1404  accuracy: 96.26% -> 95.72%     
client [35] (testset)   loss: 0.0279 -> 0.0226  accuracy: 98.65% -> 98.65%     
client [98] (testset)   loss: 0.4549 -> 0.4981  accuracy: 89.36% -> 85.11%     
client [8]  (testset)   loss: 0.2749 -> 0.2967  accuracy: 91.07% -> 90.18%     
client [43] (testset)   loss: 0.1161 -> 0.1003  accuracy: 96.92% -> 96.92%     
client [64] (testset)   loss: 0.1194 -> 0.1141  accuracy: 94.74% -> 93.98%     
client [53] (testset)   loss: 0.0096 -> 0.0106  accuracy: 99.70% -> 99.70%     
---------------------------- TRAINING EPOCH: 130 ----------------------------  
client [88] (testset)   loss: 0.3516 -> 0.3752  accuracy: 87.80% -> 85.37%     
client [21] (testset)   loss: 0.2501 -> 0.2205  accuracy: 90.68% -> 92.55%     
client [38] (testset)   loss: 0.4131 -> 0.3619  accuracy: 87.01% -> 90.91%     
client [5]  (testset)   loss: 0.0998 -> 0.1068  accuracy: 96.19% -> 96.19%     
client [3]  (testset)   loss: 0.1865 -> 0.2019  accuracy: 94.16% -> 92.61%     
client [7]  (testset)   loss: 0.0413 -> 0.0414  accuracy: 98.25% -> 98.25%     
client [41] (testset)   loss: 0.1804 -> 0.1938  accuracy: 93.15% -> 93.55%     
client [45] (testset)   loss: 0.2543 -> 0.2372  accuracy: 86.49% -> 86.49%     
client [37] (testset)   loss: 0.1400 -> 0.1418  accuracy: 97.83% -> 97.83%     
client [47] (testset)   loss: 0.1312 -> 0.1050  accuracy: 94.57% -> 96.30%     
---------------------------- TRAINING EPOCH: 140 ----------------------------  
client [16] (testset)   loss: 0.0233 -> 0.0176  accuracy: 98.33% -> 100.00%    
client [11] (testset)   loss: 0.2836 -> 0.2976  accuracy: 88.79% -> 88.34%     
client [37] (testset)   loss: 0.1329 -> 0.1438  accuracy: 97.83% -> 97.83%     
client [95] (testset)   loss: 0.1355 -> 0.1799  accuracy: 94.44% -> 94.44%     
client [41] (testset)   loss: 0.1771 -> 0.1736  accuracy: 93.55% -> 93.55%     
client [22] (testset)   loss: 0.0332 -> 0.0213  accuracy: 98.97% -> 100.00%    
client [53] (testset)   loss: 0.0121 -> 0.0081  accuracy: 99.70% -> 99.70%     
client [25] (testset)   loss: 0.0620 -> 0.0630  accuracy: 98.08% -> 98.08%     
client [69] (testset)   loss: 0.1665 -> 0.1717  accuracy: 96.30% -> 95.06%     
client [46] (testset)   loss: 0.2471 -> 0.2491  accuracy: 90.62% -> 91.67%     
---------------------------- TRAINING EPOCH: 150 ----------------------------  
client [69] (testset)   loss: 0.1728 -> 0.1881  accuracy: 96.30% -> 95.06%     
client [47] (testset)   loss: 0.1032 -> 0.2954  accuracy: 96.09% -> 88.26%     
client [45] (testset)   loss: 0.2375 -> 0.2420  accuracy: 89.19% -> 91.89%     
client [82] (testset)   loss: 0.1007 -> 0.0984  accuracy: 98.63% -> 98.97%     
client [7]  (testset)   loss: 0.0398 -> 0.0371  accuracy: 98.25% -> 99.13%     
client [35] (testset)   loss: 0.0202 -> 0.0189  accuracy: 98.65% -> 98.65%     
client [50] (testset)   loss: 0.0197 -> 0.0236  accuracy: 99.15% -> 99.15%     
client [24] (testset)   loss: 0.3400 -> 0.4280  accuracy: 86.86% -> 83.43%     
client [58] (testset)   loss: 0.0995 -> 0.0938  accuracy: 96.43% -> 96.43%     
client [15] (testset)   loss: 0.2002 -> 0.2545  accuracy: 93.12% -> 92.19%     
---------------------------- TRAINING EPOCH: 160 ----------------------------  
client [76] (testset)   loss: 0.3237 -> 0.3369  accuracy: 86.67% -> 86.67%     
client [48] (testset)   loss: 0.0061 -> 0.0057  accuracy: 100.00% -> 100.00%   
client [37] (testset)   loss: 0.1310 -> 0.1499  accuracy: 97.83% -> 96.74%     
client [67] (testset)   loss: 0.1273 -> 0.1419  accuracy: 95.88% -> 95.88%     
client [58] (testset)   loss: 0.0928 -> 0.0958  accuracy: 96.43% -> 96.43%     
client [64] (testset)   loss: 0.1142 -> 0.1260  accuracy: 94.74% -> 94.74%     
client [77] (testset)   loss: 0.0275 -> 0.0261  accuracy: 99.48% -> 99.48%     
client [55] (testset)   loss: 0.0013 -> 0.0008  accuracy: 100.00% -> 100.00%   
client [89] (testset)   loss: 0.4754 -> 0.4716  accuracy: 89.47% -> 89.47%     
client [12] (testset)   loss: 0.1262 -> 0.1472  accuracy: 95.38% -> 95.26%     
---------------------------- TRAINING EPOCH: 170 ----------------------------  
client [84] (testset)   loss: 0.0033 -> 0.0028  accuracy: 100.00% -> 100.00%   
client [51] (testset)   loss: 0.0247 -> 0.0243  accuracy: 98.53% -> 98.04%     
client [18] (testset)   loss: 0.0084 -> 0.0090  accuracy: 100.00% -> 100.00%   
client [8]  (testset)   loss: 0.2236 -> 0.2256  accuracy: 91.67% -> 91.96%     
client [81] (testset)   loss: 0.0091 -> 0.0096  accuracy: 100.00% -> 100.00%   
client [94] (testset)   loss: 0.1346 -> 0.1343  accuracy: 96.18% -> 95.42%     
client [11] (testset)   loss: 0.2842 -> 0.7330  accuracy: 88.34% -> 82.06%     
client [3]  (testset)   loss: 0.1193 -> 0.1248  accuracy: 96.11% -> 96.11%     
client [95] (testset)   loss: 0.1892 -> 0.1855  accuracy: 94.44% -> 94.44%     
client [67] (testset)   loss: 0.1268 -> 0.1242  accuracy: 96.56% -> 96.22%     
---------------------------- TRAINING EPOCH: 180 ----------------------------  
client [21] (testset)   loss: 0.1778 -> 0.2135  accuracy: 93.17% -> 91.93%     
client [79] (testset)   loss: 0.2258 -> 0.2624  accuracy: 92.12% -> 89.16%     
client [88] (testset)   loss: 0.3283 -> 0.8723  accuracy: 87.80% -> 64.63%     
client [58] (testset)   loss: 0.0917 -> 0.0941  accuracy: 96.94% -> 96.43%     
client [46] (testset)   loss: 0.2109 -> 0.2427  accuracy: 91.67% -> 92.71%     
client [11] (testset)   loss: 0.3009 -> 0.4704  accuracy: 89.69% -> 86.55%     
client [55] (testset)   loss: 0.0010 -> 0.0018  accuracy: 100.00% -> 100.00%   
client [31] (testset)   loss: 0.1825 -> 0.1486  accuracy: 92.31% -> 93.85%     
client [13] (testset)   loss: 0.3616 -> 0.3205  accuracy: 88.14% -> 88.14%     
client [75] (testset)   loss: 0.3051 -> 0.2944  accuracy: 89.47% -> 89.47%     
---------------------------- TRAINING EPOCH: 190 ----------------------------  
client [19] (testset)   loss: 0.1857 -> 0.2272  accuracy: 93.22% -> 89.83%     
client [7]  (testset)   loss: 0.0306 -> 0.0331  accuracy: 99.56% -> 99.13%     
client [57] (testset)   loss: 0.0205 -> 0.0194  accuracy: 99.27% -> 99.64%     
client [43] (testset)   loss: 0.0809 -> 0.0801  accuracy: 96.92% -> 96.92%     
client [91] (testset)   loss: 0.4349 -> 0.4353  accuracy: 92.31% -> 92.31%     
client [13] (testset)   loss: 0.3460 -> 0.3105  accuracy: 89.42% -> 88.14%     
client [10] (testset)   loss: 0.0158 -> 0.0174  accuracy: 100.00% -> 100.00%   
client [64] (testset)   loss: 0.1185 -> 0.1208  accuracy: 94.74% -> 94.74%     
client [22] (testset)   loss: 0.0138 -> 0.0124  accuracy: 100.00% -> 100.00%   
client [82] (testset)   loss: 0.1088 -> 0.1089  accuracy: 98.97% -> 98.97%     
---------------------------- TRAINING EPOCH: 200 ----------------------------  
client [23] (testset)   loss: 0.1420 -> 0.1617  accuracy: 94.95% -> 94.95%     
client [88] (testset)   loss: 0.3360 -> 0.3796  accuracy: 86.59% -> 85.37%     
client [98] (testset)   loss: 0.4907 -> 0.4899  accuracy: 87.23% -> 87.23%     
client [20] (testset)   loss: 0.0383 -> 0.0369  accuracy: 98.66% -> 98.92%     
client [79] (testset)   loss: 0.2343 -> 0.2553  accuracy: 91.13% -> 91.63%     
client [21] (testset)   loss: 0.2025 -> 0.4142  accuracy: 93.17% -> 86.96%     
client [92] (testset)   loss: 0.0966 -> 0.1012  accuracy: 96.35% -> 96.35%     
client [56] (testset)   loss: 0.3317 -> 0.3391  accuracy: 89.08% -> 89.92%     
client [5]  (testset)   loss: 0.0835 -> 0.0913  accuracy: 96.67% -> 96.67%     
client [52] (testset)   loss: 0.1457 -> 0.1169  accuracy: 91.53% -> 94.92%     
---------------------------- TRAINING EPOCH: 210 ----------------------------  
client [54] (testset)   loss: 0.2360 -> 0.2192  accuracy: 87.01% -> 88.31%     
client [67] (testset)   loss: 0.1390 -> 0.1477  accuracy: 95.53% -> 96.22%     
client [14] (testset)   loss: 0.3924 -> 0.3537  accuracy: 85.24% -> 89.52%     
client [99] (testset)   loss: 0.0623 -> 0.0613  accuracy: 98.42% -> 98.42%     
client [30] (testset)   loss: 0.1499 -> 0.1712  accuracy: 97.12% -> 96.15%     
client [38] (testset)   loss: 0.4124 -> 0.3265  accuracy: 87.01% -> 88.31%     
client [36] (testset)   loss: 0.1649 -> 0.2007  accuracy: 95.57% -> 93.92%     
client [15] (testset)   loss: 0.1903 -> 0.1964  accuracy: 93.44% -> 92.19%     
client [6]  (testset)   loss: 0.0346 -> 0.0382  accuracy: 97.40% -> 96.75%     
client [53] (testset)   loss: 0.0055 -> 0.0046  accuracy: 99.70% -> 99.70%     
---------------------------- TRAINING EPOCH: 220 ----------------------------  
client [6]  (testset)   loss: 0.0346 -> 0.0418  accuracy: 98.05% -> 98.05%     
client [83] (testset)   loss: 0.0156 -> 0.0154  accuracy: 99.36% -> 99.36%     
client [99] (testset)   loss: 0.0623 -> 0.0636  accuracy: 98.42% -> 98.42%     
client [34] (testset)   loss: 0.3655 -> 0.3977  accuracy: 96.15% -> 96.15%     
client [15] (testset)   loss: 0.2004 -> 0.2429  accuracy: 93.12% -> 91.56%     
client [42] (testset)   loss: 0.0605 -> 0.0616  accuracy: 98.67% -> 98.67%     
client [47] (testset)   loss: 0.1177 -> 0.1327  accuracy: 95.65% -> 95.87%     
client [55] (testset)   loss: 0.0011 -> 0.0004  accuracy: 100.00% -> 100.00%   
client [51] (testset)   loss: 0.0206 -> 0.0203  accuracy: 98.53% -> 98.53%     
client [95] (testset)   loss: 0.1972 -> 0.1964  accuracy: 94.44% -> 94.44%     
---------------------------- TRAINING EPOCH: 230 ----------------------------  
client [71] (testset)   loss: 0.0813 -> 0.0683  accuracy: 97.83% -> 97.28%     
client [15] (testset)   loss: 0.2000 -> 0.1917  accuracy: 93.44% -> 93.44%     
client [33] (testset)   loss: 0.0924 -> 0.0514  accuracy: 96.49% -> 97.08%     
client [90] (testset)   loss: 0.0582 -> 0.0630  accuracy: 97.97% -> 97.97%     
client [99] (testset)   loss: 0.0574 -> 0.0606  accuracy: 98.42% -> 98.42%     
client [57] (testset)   loss: 0.0194 -> 0.0183  accuracy: 99.64% -> 99.64%     
client [27] (testset)   loss: 0.0231 -> 0.0227  accuracy: 97.67% -> 97.67%     
client [78] (testset)   loss: 0.0098 -> 0.0100  accuracy: 99.21% -> 99.21%     
client [88] (testset)   loss: 0.3586 -> 0.5539  accuracy: 90.24% -> 80.49%     
client [36] (testset)   loss: 0.1977 -> 0.2240  accuracy: 94.75% -> 94.25%     
---------------------------- TRAINING EPOCH: 240 ----------------------------  
client [70] (testset)   loss: 0.2831 -> 0.2902  accuracy: 94.59% -> 94.59%     
client [35] (testset)   loss: 0.0151 -> 0.0125  accuracy: 100.00% -> 100.00%   
client [80] (testset)   loss: 0.0372 -> 0.0426  accuracy: 98.08% -> 96.15%     
client [16] (testset)   loss: 0.0111 -> 0.0094  accuracy: 99.17% -> 100.00%    
client [38] (testset)   loss: 0.3798 -> 0.3231  accuracy: 88.31% -> 89.61%     
client [78] (testset)   loss: 0.0107 -> 0.0092  accuracy: 99.21% -> 99.21%     
client [68] (testset)   loss: 0.1291 -> 0.1281  accuracy: 94.55% -> 95.45%     
client [11] (testset)   loss: 0.2813 -> 0.3277  accuracy: 90.13% -> 87.89%     
client [64] (testset)   loss: 0.1208 -> 0.1416  accuracy: 94.74% -> 94.74%     
client [82] (testset)   loss: 0.1208 -> 0.1210  accuracy: 98.97% -> 98.97%     
---------------------------- TRAINING EPOCH: 250 ----------------------------  
client [27] (testset)   loss: 0.0251 -> 0.0244  accuracy: 97.67% -> 97.67%     
client [30] (testset)   loss: 0.1695 -> 0.1794  accuracy: 97.12% -> 97.12%     
client [74] (testset)   loss: 0.2261 -> 0.1745  accuracy: 92.59% -> 92.59%     
client [45] (testset)   loss: 0.2371 -> 0.2359  accuracy: 86.49% -> 89.19%     
client [6]  (testset)   loss: 0.0302 -> 0.0384  accuracy: 98.05% -> 98.70%     
client [63] (testset)   loss: 0.0306 -> 0.0337  accuracy: 98.97% -> 98.97%     
client [76] (testset)   loss: 0.3968 -> 0.3967  accuracy: 86.67% -> 86.67%     
client [83] (testset)   loss: 0.0135 -> 0.0140  accuracy: 99.36% -> 99.36%     
client [86] (testset)   loss: 0.1437 -> 0.1514  accuracy: 94.12% -> 94.12%     
client [36] (testset)   loss: 0.1897 -> 0.1982  accuracy: 95.40% -> 94.75%     
---------------------------- TRAINING EPOCH: 260 ----------------------------  
client [83] (testset)   loss: 0.0158 -> 0.0145  accuracy: 99.36% -> 99.36%     
client [74] (testset)   loss: 0.1543 -> 0.1796  accuracy: 92.59% -> 92.59%     
client [73] (testset)   loss: 0.0156 -> 0.0146  accuracy: 100.00% -> 100.00%   
client [99] (testset)   loss: 0.0715 -> 0.0633  accuracy: 98.42% -> 98.42%     
client [29] (testset)   loss: 0.2622 -> 0.2668  accuracy: 87.34% -> 87.34%     
client [92] (testset)   loss: 0.0914 -> 0.1070  accuracy: 96.35% -> 97.08%     
client [6]  (testset)   loss: 0.0345 -> 0.0468  accuracy: 98.05% -> 98.70%     
client [61] (testset)   loss: 0.0151 -> 0.0123  accuracy: 100.00% -> 100.00%   
client [21] (testset)   loss: 0.1950 -> 0.2062  accuracy: 94.41% -> 93.17%     
client [67] (testset)   loss: 0.1480 -> 0.1929  accuracy: 96.22% -> 95.88%     
---------------------------- TRAINING EPOCH: 270 ----------------------------  
client [83] (testset)   loss: 0.0141 -> 0.0138  accuracy: 99.36% -> 99.36%     
client [95] (testset)   loss: 0.1922 -> 0.1952  accuracy: 94.44% -> 94.44%     
client [32] (testset)   loss: 0.2884 -> 0.6534  accuracy: 89.44% -> 80.83%     
client [61] (testset)   loss: 0.0129 -> 0.0131  accuracy: 100.00% -> 100.00%   
client [27] (testset)   loss: 0.0193 -> 0.0197  accuracy: 97.67% -> 97.67%     
client [25] (testset)   loss: 0.0369 -> 0.0431  accuracy: 98.08% -> 98.08%     
client [68] (testset)   loss: 0.1228 -> 0.1237  accuracy: 94.55% -> 95.45%     
client [34] (testset)   loss: 0.4003 -> 0.4163  accuracy: 96.15% -> 96.15%     
client [89] (testset)   loss: 0.5290 -> 0.5408  accuracy: 89.47% -> 89.47%     
client [71] (testset)   loss: 0.0718 -> 0.0860  accuracy: 97.83% -> 96.74%     
---------------------------- TRAINING EPOCH: 280 ----------------------------  
client [81] (testset)   loss: 0.0048 -> 0.0042  accuracy: 100.00% -> 100.00%   
client [78] (testset)   loss: 0.0081 -> 0.0078  accuracy: 99.21% -> 99.21%     
client [54] (testset)   loss: 0.2364 -> 0.2136  accuracy: 89.61% -> 89.61%     
client [51] (testset)   loss: 0.0172 -> 0.0173  accuracy: 99.02% -> 99.02%     
client [65] (testset)   loss: 0.2992 -> 0.3172  accuracy: 90.62% -> 90.62%     
client [11] (testset)   loss: 0.3019 -> 0.3191  accuracy: 90.58% -> 88.79%     
client [41] (testset)   loss: 0.1732 -> 0.1798  accuracy: 94.76% -> 94.76%     
client [85] (testset)   loss: 0.0556 -> 0.0552  accuracy: 98.25% -> 98.25%     
client [23] (testset)   loss: 0.1490 -> 0.1733  accuracy: 94.95% -> 93.94%     
client [12] (testset)   loss: 0.1362 -> 0.1478  accuracy: 95.50% -> 95.38%     
---------------------------- TRAINING EPOCH: 290 ----------------------------  
client [65] (testset)   loss: 0.3389 -> 0.3040  accuracy: 87.50% -> 87.50%     
client [16] (testset)   loss: 0.0079 -> 0.0100  accuracy: 100.00% -> 100.00%   
client [58] (testset)   loss: 0.0836 -> 0.0857  accuracy: 96.43% -> 96.94%     
client [53] (testset)   loss: 0.0047 -> 0.0045  accuracy: 99.70% -> 99.70%     
client [72] (testset)   loss: 0.0167 -> 0.0132  accuracy: 100.00% -> 100.00%   
client [7]  (testset)   loss: 0.0269 -> 0.0289  accuracy: 99.13% -> 99.13%     
client [71] (testset)   loss: 0.0794 -> 0.0766  accuracy: 97.28% -> 97.28%     
client [86] (testset)   loss: 0.1612 -> 0.1564  accuracy: 94.12% -> 94.12%     
client [39] (testset)   loss: 0.0004 -> 0.0004  accuracy: 100.00% -> 100.00%   
client [59] (testset)   loss: 0.3815 -> 0.3890  accuracy: 90.51% -> 91.24%     
---------------------------- TRAINING EPOCH: 300 ----------------------------  
client [7]  (testset)   loss: 0.0264 -> 0.0277  accuracy: 99.13% -> 99.13%     
client [99] (testset)   loss: 0.0619 -> 0.0701  accuracy: 98.42% -> 98.42%     
client [17] (testset)   loss: 0.0984 -> 0.1412  accuracy: 96.79% -> 94.12%     
client [37] (testset)   loss: 0.1433 -> 0.1557  accuracy: 96.74% -> 96.74%     
client [64] (testset)   loss: 0.1112 -> 0.1066  accuracy: 94.74% -> 96.24%     
client [29] (testset)   loss: 0.2699 -> 0.2831  accuracy: 86.08% -> 86.08%     
client [93] (testset)   loss: 0.0211 -> 0.0213  accuracy: 98.31% -> 98.31%     
client [73] (testset)   loss: 0.0138 -> 0.0134  accuracy: 100.00% -> 100.00%   
client [76] (testset)   loss: 0.4183 -> 0.4336  accuracy: 86.67% -> 86.67%     
client [40] (testset)   loss: 0.0897 -> 0.0920  accuracy: 95.00% -> 95.00%     
---------------------------- TRAINING EPOCH: 310 ----------------------------  
client [89] (testset)   loss: 0.5193 -> 0.5344  accuracy: 89.47% -> 89.47%     
client [31] (testset)   loss: 0.1434 -> 0.1755  accuracy: 92.31% -> 92.31%     
client [90] (testset)   loss: 0.0706 -> 0.0677  accuracy: 97.97% -> 97.97%     
client [77] (testset)   loss: 0.0187 -> 0.0189  accuracy: 99.48% -> 99.48%     
client [50] (testset)   loss: 0.0216 -> 0.0219  accuracy: 99.15% -> 99.15%     
client [30] (testset)   loss: 0.1739 -> 0.1906  accuracy: 97.12% -> 96.15%     
client [70] (testset)   loss: 0.3040 -> 0.3064  accuracy: 94.59% -> 94.59%     
client [26] (testset)   loss: 0.0643 -> 0.0794  accuracy: 98.09% -> 97.77%     
client [41] (testset)   loss: 0.1893 -> 0.2455  accuracy: 94.76% -> 93.95%     
client [99] (testset)   loss: 0.0685 -> 0.0677  accuracy: 98.42% -> 98.42%     
---------------------------- TRAINING EPOCH: 320 ----------------------------  
client [70] (testset)   loss: 0.3189 -> 0.3157  accuracy: 94.59% -> 94.59%     
client [68] (testset)   loss: 0.1335 -> 0.1341  accuracy: 95.45% -> 95.45%     
client [52] (testset)   loss: 0.1089 -> 0.1070  accuracy: 94.92% -> 94.92%     
client [1]  (testset)   loss: 0.2962 -> 0.2974  accuracy: 93.65% -> 93.65%     
client [67] (testset)   loss: 0.1703 -> 0.2010  accuracy: 96.56% -> 95.88%     
client [2]  (testset)   loss: 0.0090 -> 0.0107  accuracy: 99.56% -> 99.56%     
client [35] (testset)   loss: 0.0099 -> 0.0088  accuracy: 100.00% -> 100.00%   
client [92] (testset)   loss: 0.1085 -> 0.1081  accuracy: 97.08% -> 95.62%     
client [64] (testset)   loss: 0.1111 -> 0.1067  accuracy: 96.99% -> 95.49%     
client [36] (testset)   loss: 0.2062 -> 0.2182  accuracy: 94.75% -> 95.40%     
---------------------------- TRAINING EPOCH: 330 ----------------------------  
client [44] (testset)   loss: 0.0233 -> 0.0330  accuracy: 99.06% -> 99.06%     
client [6]  (testset)   loss: 0.0363 -> 0.0428  accuracy: 98.05% -> 98.05%     
client [55] (testset)   loss: 0.0002 -> 0.0007  accuracy: 100.00% -> 100.00%   
client [29] (testset)   loss: 0.2991 -> 0.2946  accuracy: 87.34% -> 87.34%     
client [12] (testset)   loss: 0.1420 -> 0.1648  accuracy: 95.38% -> 95.50%     
client [9]  (testset)   loss: 0.1144 -> 0.1148  accuracy: 96.88% -> 97.22%     
client [43] (testset)   loss: 0.0775 -> 0.0746  accuracy: 96.92% -> 96.92%     
client [98] (testset)   loss: 0.6192 -> 0.7458  accuracy: 89.36% -> 85.11%     
client [77] (testset)   loss: 0.0179 -> 0.0176  accuracy: 99.48% -> 99.48%     
client [78] (testset)   loss: 0.0094 -> 0.0079  accuracy: 99.21% -> 99.21%     
---------------------------- TRAINING EPOCH: 340 ----------------------------  
client [80] (testset)   loss: 0.0352 -> 0.0347  accuracy: 96.15% -> 98.08%     
client [92] (testset)   loss: 0.1070 -> 0.1100  accuracy: 97.08% -> 96.35%     
client [76] (testset)   loss: 0.4086 -> 0.4290  accuracy: 86.67% -> 86.67%     
client [63] (testset)   loss: 0.0373 -> 0.0360  accuracy: 98.97% -> 98.97%     
client [78] (testset)   loss: 0.0095 -> 0.0086  accuracy: 99.21% -> 99.21%     
client [25] (testset)   loss: 0.0432 -> 0.0330  accuracy: 98.08% -> 98.08%     
client [58] (testset)   loss: 0.0767 -> 0.0834  accuracy: 97.96% -> 97.45%     
client [13] (testset)   loss: 0.3601 -> 0.4759  accuracy: 89.10% -> 88.14%     
client [17] (testset)   loss: 0.0992 -> 0.1033  accuracy: 96.79% -> 95.72%     
client [38] (testset)   loss: 0.3618 -> 0.3528  accuracy: 88.31% -> 89.61%     
---------------------------- TRAINING EPOCH: 350 ----------------------------  
client [72] (testset)   loss: 0.0125 -> 0.0118  accuracy: 100.00% -> 100.00%   
client [86] (testset)   loss: 0.1220 -> 0.1276  accuracy: 94.12% -> 94.12%     
client [82] (testset)   loss: 0.1308 -> 0.1315  accuracy: 98.97% -> 98.97%     
client [51] (testset)   loss: 0.0162 -> 0.0163  accuracy: 99.02% -> 99.02%     
client [96] (testset)   loss: 0.2099 -> 0.2241  accuracy: 93.43% -> 94.16%     
client [55] (testset)   loss: 0.0003 -> 0.0004  accuracy: 100.00% -> 100.00%   
client [13] (testset)   loss: 0.3299 -> 0.4264  accuracy: 89.10% -> 89.42%     
client [42] (testset)   loss: 0.0681 -> 0.0741  accuracy: 98.67% -> 98.67%     
client [1]  (testset)   loss: 0.2911 -> 0.2971  accuracy: 93.65% -> 93.65%     
client [12] (testset)   loss: 0.1454 -> 0.1598  accuracy: 95.85% -> 95.38%     
---------------------------- TRAINING EPOCH: 360 ----------------------------  
client [23] (testset)   loss: 0.1573 -> 0.1545  accuracy: 93.94% -> 93.94%     
client [68] (testset)   loss: 0.1393 -> 0.1358  accuracy: 94.55% -> 95.45%     
client [46] (testset)   loss: 0.1878 -> 0.2681  accuracy: 92.71% -> 92.71%     
client [25] (testset)   loss: 0.0302 -> 0.0312  accuracy: 99.04% -> 99.04%     
client [41] (testset)   loss: 0.2028 -> 0.2495  accuracy: 94.35% -> 93.95%     
client [58] (testset)   loss: 0.0872 -> 0.0844  accuracy: 96.94% -> 97.45%     
client [33] (testset)   loss: 0.0419 -> 0.0557  accuracy: 98.25% -> 98.25%     
client [14] (testset)   loss: 0.3613 -> 0.3744  accuracy: 88.57% -> 87.14%     
client [85] (testset)   loss: 0.0532 -> 0.0539  accuracy: 98.25% -> 98.25%     
client [62] (testset)   loss: 0.2646 -> 0.2636  accuracy: 90.00% -> 90.00%     
---------------------------- TRAINING EPOCH: 370 ----------------------------  
client [98] (testset)   loss: 0.6559 -> 0.6084  accuracy: 87.23% -> 91.49%     
client [63] (testset)   loss: 0.0337 -> 0.0365  accuracy: 98.97% -> 98.97%     
client [70] (testset)   loss: 0.3082 -> 0.3113  accuracy: 94.59% -> 94.59%     
client [65] (testset)   loss: 0.3294 -> 0.3338  accuracy: 87.50% -> 87.50%     
client [73] (testset)   loss: 0.0106 -> 0.0107  accuracy: 100.00% -> 100.00%   
client [34] (testset)   loss: 0.4196 -> 0.4069  accuracy: 96.15% -> 96.15%     
client [14] (testset)   loss: 0.3540 -> 0.3624  accuracy: 88.81% -> 87.62%     
client [99] (testset)   loss: 0.0667 -> 0.0643  accuracy: 98.42% -> 98.68%     
client [46] (testset)   loss: 0.2019 -> 0.2120  accuracy: 91.67% -> 92.71%     
client [69] (testset)   loss: 0.2080 -> 0.1863  accuracy: 95.68% -> 96.30%     
---------------------------- TRAINING EPOCH: 380 ----------------------------  
client [93] (testset)   loss: 0.0197 -> 0.0193  accuracy: 98.31% -> 98.31%     
client [11] (testset)   loss: 0.3173 -> 0.3593  accuracy: 91.48% -> 87.00%     
client [99] (testset)   loss: 0.0619 -> 0.0612  accuracy: 98.68% -> 98.95%     
client [81] (testset)   loss: 0.0019 -> 0.0021  accuracy: 100.00% -> 100.00%   
client [85] (testset)   loss: 0.0470 -> 0.0477  accuracy: 98.25% -> 98.25%     
client [58] (testset)   loss: 0.0807 -> 0.0858  accuracy: 97.45% -> 96.94%     
client [89] (testset)   loss: 0.5788 -> 0.5694  accuracy: 89.47% -> 89.47%     
client [45] (testset)   loss: 0.2658 -> 0.2733  accuracy: 86.49% -> 86.49%     
client [68] (testset)   loss: 0.1457 -> 0.1449  accuracy: 95.45% -> 95.45%     
client [8]  (testset)   loss: 0.2029 -> 0.2151  accuracy: 92.56% -> 93.15%     
---------------------------- TRAINING EPOCH: 390 ----------------------------  
client [72] (testset)   loss: 0.0138 -> 0.0101  accuracy: 100.00% -> 100.00%   
client [1]  (testset)   loss: 0.3037 -> 0.3036  accuracy: 93.65% -> 93.65%     
client [67] (testset)   loss: 0.2017 -> 0.2245  accuracy: 95.88% -> 95.53%     
client [78] (testset)   loss: 0.0079 -> 0.0076  accuracy: 99.21% -> 99.21%     
client [83] (testset)   loss: 0.0109 -> 0.0107  accuracy: 99.36% -> 99.36%     
client [21] (testset)   loss: 0.1948 -> 0.2919  accuracy: 92.55% -> 90.06%     
client [56] (testset)   loss: 0.3768 -> 0.3649  accuracy: 87.39% -> 89.08%     
client [44] (testset)   loss: 0.0229 -> 0.0260  accuracy: 99.06% -> 99.06%     
client [27] (testset)   loss: 0.0177 -> 0.0179  accuracy: 97.67% -> 97.67%     
client [92] (testset)   loss: 0.1034 -> 0.1234  accuracy: 97.08% -> 96.35%     
---------------------------- TRAINING EPOCH: 400 ----------------------------  
client [39] (testset)   loss: 0.0001 -> 0.0001  accuracy: 100.00% -> 100.00%   
client [10] (testset)   loss: 0.0138 -> 0.0134  accuracy: 98.53% -> 98.53%     
client [65] (testset)   loss: 0.3769 -> 0.3645  accuracy: 87.50% -> 87.50%     
client [19] (testset)   loss: 0.2116 -> 0.2110  accuracy: 94.92% -> 94.92%     
client [68] (testset)   loss: 0.1503 -> 0.1523  accuracy: 95.45% -> 95.45%     
client [26] (testset)   loss: 0.0670 -> 0.0675  accuracy: 98.25% -> 98.25%     
client [41] (testset)   loss: 0.2011 -> 0.2144  accuracy: 95.56% -> 95.16%     
client [50] (testset)   loss: 0.0248 -> 0.0255  accuracy: 98.86% -> 98.86%     
client [75] (testset)   loss: 0.2936 -> 0.3242  accuracy: 91.39% -> 90.43%     
client [81] (testset)   loss: 0.0021 -> 0.0018  accuracy: 100.00% -> 100.00%   
FedRep's average time taken by each global epoch: 0 min 2.31 sec.              
FedRep's total running time: 0 h 16 m 45 s.                                    
==================== FedRep Experiment Results: ====================           
Display format: (before local fine-tuning) -> (after local fine-tuning)        
 So if finetune_epoch = 0, x.xx% -> 0.00% is normal.                           
 Centralized testing ONLY happens after model aggregation, so the stats between
'->' are the same.                                                             
{                                                                              
    "100": {                                                                   
        "all_clients": {                                                       
            "test": {                                                          
                "loss": "0.1323 -> 0.1303",                                    
                "accuracy": "95.37% -> 95.49%"                                 
            }                                                                  
        }                                                                      
    },                                                                         
    "200": {                                                                   
        "all_clients": {                                                       
            "test": {                                                          
                "loss": "0.1224 -> 0.1186",                                    
                "accuracy": "95.88% -> 96.03%"                                 
            }                                                                  
        }                                                                      
    },                                                                         
    "300": {                                                                   
        "all_clients": {                                                       
            "test": {                                                          
                "loss": "0.1243 -> 0.1251",                                    
                "accuracy": "96.11% -> 96.09%"                                 
            }                                                                  
        }                                                                      
    },                                                                         
    "400": {                                                                   
        "all_clients": {                                                       
            "test": {                                                          
                "loss": "0.1350 -> 0.1339",                                    
                "accuracy": "96.15% -> 96.20%"                                 
            }                                                                  
        }                                                                      
    }                                                                          
}                                                                              
==================== FedRep Max Accuracy ====================                  
all_clients:                                                                   
(test) before fine-tuning: 96.15% at epoch 400                                 
(test) after fine-tuning: 96.20% at epoch 400                                  
