==================== FedDpag ====================                              
Experiment Arguments:                                                          
{
    'method': 'feddpag',
    'dataset': {
        'name': 'cifar10',
        'client_num': 100,
        'test_ratio': 0.25,
        'val_ratio': 0.0,
        'seed': 42,
        'split': 'sample',
        'IID_ratio': 0.0,
        'monitor_window_name_suffix': 'cifar10-100clients-0%IID-Dir(0.1)-seed42',
        'alpha': 0.1,
        'min_samples_per_client': 10
    },
    'model': {
        'name': 'avgcnn',
        'use_torchvision_pretrained_weights': True,
        'external_model_weights_path': None
    },
    'optimizer': {
        'lr': 0.01,
        'dampening': 0,
        'weight_decay': 0,
        'momentum': 0.7,
        'nesterov': False,
        'name': 'sgd'
    },
    'mode': 'parallel',
    'parallel': {
        'ray_cluster_addr': None,
        'num_cpus': 32.0,
        'num_gpus': 1.0,
        'num_workers': 2
    },
    'common': {
        'seed': 42,
        'join_ratio': 0.1,
        'global_epoch': 200,
        'local_epoch': 5,
        'batch_size': 32,
        'reset_optimizer_on_global_epoch': True,
        'straggler_ratio': 0,
        'straggler_min_local_epoch': 0,
        'buffers': 'global',
        'client_side_evaluation': True,
        'test': {
            'client': {
                'interval': 100,
                'finetune_epoch': 0,
                'train': False,
                'val': False,
                'test': True
            },
            'server': {
                'interval': -1,
                'train': False,
                'val': False,
                'test': True,
                'model_in_train_mode': False
            }
        },
        'verbose_gap': 10,
        'monitor': None,
        'use_cuda': True,
        'save_log': True,
        'save_model': False,
        'save_learning_curve_plot': True,
        'save_metrics': True,
        'delete_useless_run': True
    },
    'fedprox': {
        'mu': 0.01
    },
    'pfedsim': {
        'warmup_round': 0.5
    },
    'feddpag': {
        'fisher_threshold': 0.9999
    }
}
---------------------------- TRAINING EPOCH: 10 ----------------------------   
client [81] (testset)   loss: 1.2918 -> 0.0715  accuracy: 51.79% -> 96.43%     
client [21] (testset)   loss: 3.2709 -> 0.8495  accuracy: 0.00% -> 60.87%      
client [77] (testset)   loss: 1.5455 -> 0.3914  accuracy: 46.29% -> 84.81%     
client [93] (testset)   loss: 2.3188 -> 0.4200  accuracy: 21.05% -> 84.21%     
client [68] (testset)   loss: 1.3353 -> 0.3756  accuracy: 54.80% -> 87.01%     
client [31] (testset)   loss: 3.0661 -> 0.1318  accuracy: 0.92% -> 95.39%      
client [59] (testset)   loss: 0.4494 -> 0.0905  accuracy: 100.00% -> 100.00%   
client [48] (testset)   loss: 3.2490 -> 0.5262  accuracy: 15.38% -> 76.92%     
client [34] (testset)   loss: 1.8935 -> 0.7896  accuracy: 32.26% -> 70.32%     
client [20] (testset)   loss: 0.7456 -> 0.6198  accuracy: 75.91% -> 80.44%     
---------------------------- TRAINING EPOCH: 20 ----------------------------   
client [99] (testset)   loss: 0.4821 -> 0.0072  accuracy: 82.28% -> 100.00%    
client [67] (testset)   loss: 2.7758 -> 0.2368  accuracy: 16.77% -> 91.61%     
client [69] (testset)   loss: 2.8786 -> 1.1092  accuracy: 29.09% -> 60.30%     
client [0]  (testset)   loss: 3.1781 -> 0.1455  accuracy: 8.38% -> 96.41%      
client [76] (testset)   loss: 4.3129 -> 0.2697  accuracy: 5.96% -> 90.73%      
client [41] (testset)   loss: 2.3378 -> 0.9214  accuracy: 41.27% -> 68.25%     
client [62] (testset)   loss: 5.0945 -> 0.2061  accuracy: 0.00% -> 94.12%      
client [2]  (testset)   loss: 2.5858 -> 0.5328  accuracy: 43.80% -> 86.13%     
client [14] (testset)   loss: 2.4278 -> 0.7087  accuracy: 32.02% -> 78.82%     
client [46] (testset)   loss: 2.8118 -> 0.5587  accuracy: 18.60% -> 83.72%     
---------------------------- TRAINING EPOCH: 30 ----------------------------   
client [24] (testset)   loss: 1.6713 -> 0.5071  accuracy: 44.44% -> 86.11%     
client [68] (testset)   loss: 1.1155 -> 0.2508  accuracy: 67.23% -> 92.09%     
client [57] (testset)   loss: 1.0168 -> 0.2397  accuracy: 68.35% -> 94.09%     
client [17] (testset)   loss: 1.2162 -> 1.1446  accuracy: 57.14% -> 76.19%     
client [54] (testset)   loss: 1.7367 -> 0.8629  accuracy: 38.75% -> 85.00%     
client [35] (testset)   loss: 2.8884 -> 0.5849  accuracy: 33.33% -> 66.67%     
client [23] (testset)   loss: 2.4410 -> 0.0011  accuracy: 28.57% -> 100.00%    
client [59] (testset)   loss: 1.7630 -> 0.0066  accuracy: 33.33% -> 100.00%    
client [31] (testset)   loss: 0.4841 -> 0.1442  accuracy: 86.64% -> 95.85%     
client [9]  (testset)   loss: 1.2177 -> 0.5734  accuracy: 55.98% -> 86.32%     
---------------------------- TRAINING EPOCH: 40 ----------------------------   
client [33] (testset)   loss: 1.4305 -> 0.2942  accuracy: 56.25% -> 91.67%     
client [64] (testset)   loss: 3.5085 -> 0.2201  accuracy: 8.72% -> 93.58%      
client [16] (testset)   loss: 2.1684 -> 0.8250  accuracy: 38.55% -> 74.70%     
client [8]  (testset)   loss: 1.4580 -> 0.7852  accuracy: 54.84% -> 70.97%     
client [44] (testset)   loss: 1.4285 -> 0.3336  accuracy: 53.06% -> 92.86%     
client [47] (testset)   loss: 1.7704 -> 1.0488  accuracy: 43.75% -> 62.50%     
client [36] (testset)   loss: 3.0832 -> 0.8586  accuracy: 23.40% -> 76.60%     
client [31] (testset)   loss: 2.0001 -> 0.1409  accuracy: 35.94% -> 96.31%     
client [56] (testset)   loss: 0.6591 -> 0.2220  accuracy: 81.54% -> 93.85%     
client [20] (testset)   loss: 1.5943 -> 0.7286  accuracy: 56.74% -> 85.36%     
---------------------------- TRAINING EPOCH: 50 ----------------------------   
client [4]  (testset)   loss: 0.8524 -> 0.1500  accuracy: 76.06% -> 94.37%     
client [28] (testset)   loss: 0.8088 -> 0.4127  accuracy: 76.00% -> 84.00%     
client [60] (testset)   loss: 1.5453 -> 0.3541  accuracy: 47.57% -> 92.88%     
client [25] (testset)   loss: 3.1669 -> 0.6510  accuracy: 18.73% -> 83.04%     
client [44] (testset)   loss: 0.6611 -> 0.3336  accuracy: 72.45% -> 89.80%     
client [58] (testset)   loss: 1.3962 -> 0.2998  accuracy: 56.75% -> 92.46%     
client [39] (testset)   loss: 1.3683 -> 0.8103  accuracy: 63.01% -> 78.08%     
client [29] (testset)   loss: 2.8030 -> 0.1763  accuracy: 30.41% -> 93.57%     
client [84] (testset)   loss: 1.7968 -> 0.4905  accuracy: 56.25% -> 85.94%     
client [3]  (testset)   loss: 1.5331 -> 0.6842  accuracy: 65.78% -> 79.14%     
---------------------------- TRAINING EPOCH: 60 ----------------------------   
client [21] (testset)   loss: 4.2861 -> 0.9606  accuracy: 21.74% -> 73.91%     
client [84] (testset)   loss: 2.3718 -> 0.4583  accuracy: 42.19% -> 87.50%     
client [36] (testset)   loss: 1.3442 -> 0.7751  accuracy: 65.96% -> 82.98%     
client [65] (testset)   loss: 1.3491 -> 0.4322  accuracy: 64.29% -> 89.29%     
client [81] (testset)   loss: 0.6240 -> 0.0302  accuracy: 78.57% -> 99.11%     
client [10] (testset)   loss: 4.5124 -> 0.1923  accuracy: 16.18% -> 96.82%     
client [42] (testset)   loss: 2.2944 -> 0.3338  accuracy: 39.09% -> 93.00%     
client [79] (testset)   loss: 3.3981 -> 0.3029  accuracy: 29.05% -> 93.58%     
client [11] (testset)   loss: 2.6427 -> 0.2109  accuracy: 31.82% -> 90.91%     
client [96] (testset)   loss: 1.4137 -> 1.4298  accuracy: 65.91% -> 65.91%     
---------------------------- TRAINING EPOCH: 70 ----------------------------   
client [8]  (testset)   loss: 1.7844 -> 0.8138  accuracy: 54.84% -> 64.52%     
client [52] (testset)   loss: 0.4361 -> 0.3000  accuracy: 84.31% -> 97.06%     
client [53] (testset)   loss: 1.6268 -> 0.6697  accuracy: 51.02% -> 79.08%     
client [42] (testset)   loss: 1.4300 -> 0.3262  accuracy: 55.56% -> 91.36%     
client [59] (testset)   loss: 0.3479 -> 0.0025  accuracy: 100.00% -> 100.00%   
client [69] (testset)   loss: 1.7534 -> 1.2630  accuracy: 50.00% -> 66.36%     
client [26] (testset)   loss: 1.0482 -> 1.6385  accuracy: 61.54% -> 92.31%     
client [7]  (testset)   loss: 2.7294 -> 0.5078  accuracy: 23.19% -> 85.99%     
client [98] (testset)   loss: 2.9350 -> 0.9257  accuracy: 19.91% -> 83.89%     
client [49] (testset)   loss: 1.0769 -> 0.7708  accuracy: 66.98% -> 82.22%     
---------------------------- TRAINING EPOCH: 80 ----------------------------   
client [47] (testset)   loss: 1.8128 -> 1.1728  accuracy: 62.50% -> 68.75%     
client [21] (testset)   loss: 5.5258 -> 0.8586  accuracy: 4.35% -> 73.91%      
client [98] (testset)   loss: 0.9490 -> 0.8719  accuracy: 72.51% -> 83.89%     
client [95] (testset)   loss: 1.6501 -> 1.1320  accuracy: 54.02% -> 72.41%     
client [77] (testset)   loss: 1.5709 -> 0.4406  accuracy: 58.30% -> 89.40%     
client [91] (testset)   loss: 3.5513 -> 0.7285  accuracy: 20.59% -> 89.71%     
client [99] (testset)   loss: 4.0701 -> 0.0053  accuracy: 12.66% -> 100.00%    
client [14] (testset)   loss: 0.7777 -> 0.6534  accuracy: 72.91% -> 80.30%     
client [39] (testset)   loss: 2.0550 -> 0.8063  accuracy: 47.26% -> 80.82%     
client [20] (testset)   loss: 0.9595 -> 0.7435  accuracy: 72.67% -> 87.05%     
---------------------------- TRAINING EPOCH: 90 ----------------------------   
client [62] (testset)   loss: 1.4508 -> 0.2680  accuracy: 58.82% -> 94.12%     
client [52] (testset)   loss: 0.2992 -> 0.1699  accuracy: 94.12% -> 97.06%     
client [97] (testset)   loss: 2.5381 -> 0.8396  accuracy: 35.37% -> 85.37%     
client [71] (testset)   loss: 1.4676 -> 0.6422  accuracy: 54.84% -> 85.48%     
client [30] (testset)   loss: 1.4031 -> 1.3315  accuracy: 54.84% -> 73.12%     
client [60] (testset)   loss: 2.8491 -> 0.3211  accuracy: 16.10% -> 92.51%     
client [88] (testset)   loss: 1.8242 -> 0.4516  accuracy: 42.63% -> 90.79%     
client [82] (testset)   loss: 1.3811 -> 0.2373  accuracy: 59.09% -> 96.59%     
client [91] (testset)   loss: 1.7648 -> 0.5724  accuracy: 36.76% -> 89.71%     
client [57] (testset)   loss: 0.9194 -> 0.2017  accuracy: 73.00% -> 94.09%     
---------------------------- TRAINING EPOCH: 100 ----------------------------  
client [31] (testset)   loss: 0.7885 -> 0.1328  accuracy: 77.88% -> 96.31%     
client [15] (testset)   loss: 1.7292 -> 0.6511  accuracy: 56.64% -> 86.72%     
client [97] (testset)   loss: 2.3634 -> 0.9160  accuracy: 42.68% -> 84.15%     
client [71] (testset)   loss: 2.8303 -> 0.6635  accuracy: 40.32% -> 84.95%     
client [53] (testset)   loss: 1.4849 -> 0.7159  accuracy: 53.57% -> 78.57%     
client [77] (testset)   loss: 1.2666 -> 0.4580  accuracy: 60.42% -> 89.40%     
client [76] (testset)   loss: 1.2909 -> 0.2629  accuracy: 64.90% -> 92.05%     
client [28] (testset)   loss: 1.3169 -> 0.5681  accuracy: 64.00% -> 80.00%     
client [99] (testset)   loss: 2.0298 -> 0.0291  accuracy: 30.38% -> 98.73%     
client [79] (testset)   loss: 1.1379 -> 0.2999  accuracy: 67.04% -> 93.30%     
---------------------------- TRAINING EPOCH: 110 ----------------------------  
client [86] (testset)   loss: 0.9495 -> 0.5549  accuracy: 71.05% -> 84.21%     
client [97] (testset)   loss: 1.6038 -> 0.8375  accuracy: 57.32% -> 84.15%     
client [73] (testset)   loss: 1.2963 -> 0.8529  accuracy: 63.64% -> 78.79%     
client [34] (testset)   loss: 2.7215 -> 1.0686  accuracy: 29.03% -> 76.13%     
client [96] (testset)   loss: 1.8610 -> 1.3326  accuracy: 59.09% -> 75.00%     
client [22] (testset)   loss: 1.2344 -> 0.5781  accuracy: 64.66% -> 85.71%     
client [5]  (testset)   loss: 2.2653 -> 0.6880  accuracy: 44.59% -> 82.73%     
client [66] (testset)   loss: 1.0655 -> 0.6970  accuracy: 69.85% -> 85.29%     
client [60] (testset)   loss: 2.9493 -> 0.3165  accuracy: 29.21% -> 92.88%     
client [83] (testset)   loss: 1.3375 -> 0.6592  accuracy: 55.18% -> 84.03%     
---------------------------- TRAINING EPOCH: 120 ----------------------------  
client [65] (testset)   loss: 1.7130 -> 0.6890  accuracy: 67.86% -> 89.29%     
client [95] (testset)   loss: 1.5518 -> 1.0507  accuracy: 49.43% -> 67.82%     
client [76] (testset)   loss: 1.5832 -> 0.2286  accuracy: 55.63% -> 94.04%     
client [8]  (testset)   loss: 0.9407 -> 0.6168  accuracy: 74.19% -> 74.19%     
client [35] (testset)   loss: 3.1202 -> 1.0652  accuracy: 16.67% -> 66.67%     
client [17] (testset)   loss: 1.2045 -> 1.0694  accuracy: 63.69% -> 76.79%     
client [98] (testset)   loss: 2.1796 -> 0.8618  accuracy: 38.39% -> 84.83%     
client [43] (testset)   loss: 0.4634 -> 0.3483  accuracy: 81.82% -> 90.91%     
client [53] (testset)   loss: 1.1878 -> 0.7054  accuracy: 61.22% -> 80.61%     
client [64] (testset)   loss: 1.8323 -> 0.2523  accuracy: 42.66% -> 94.04%     
---------------------------- TRAINING EPOCH: 130 ----------------------------  
client [21] (testset)   loss: 2.9679 -> 1.8527  accuracy: 43.48% -> 52.17%     
client [38] (testset)   loss: 0.7455 -> 0.0801  accuracy: 82.69% -> 98.08%     
client [3]  (testset)   loss: 1.6352 -> 0.7596  accuracy: 56.68% -> 82.35%     
client [88] (testset)   loss: 2.4175 -> 0.4805  accuracy: 43.42% -> 90.00%     
client [41] (testset)   loss: 1.1714 -> 0.8286  accuracy: 76.19% -> 76.19%     
client [7]  (testset)   loss: 3.0961 -> 0.5353  accuracy: 32.37% -> 85.02%     
client [37] (testset)   loss: 1.8588 -> 0.1086  accuracy: 50.00% -> 100.00%    
client [45] (testset)   loss: 2.2383 -> 1.7393  accuracy: 54.55% -> 81.82%     
client [5]  (testset)   loss: 3.6525 -> 0.6957  accuracy: 25.26% -> 84.79%     
client [47] (testset)   loss: 4.4381 -> 0.8364  accuracy: 25.00% -> 75.00%     
---------------------------- TRAINING EPOCH: 140 ----------------------------  
client [11] (testset)   loss: 2.5026 -> 0.4997  accuracy: 40.91% -> 86.36%     
client [37] (testset)   loss: 1.2300 -> 0.1234  accuracy: 66.67% -> 100.00%    
client [41] (testset)   loss: 1.0909 -> 0.8733  accuracy: 74.60% -> 74.60%     
client [16] (testset)   loss: 1.2618 -> 0.8166  accuracy: 62.65% -> 78.31%     
client [95] (testset)   loss: 1.6428 -> 1.1534  accuracy: 50.57% -> 70.11%     
client [22] (testset)   loss: 1.5370 -> 0.6312  accuracy: 55.64% -> 87.22%     
client [53] (testset)   loss: 2.0886 -> 0.8082  accuracy: 43.37% -> 78.06%     
client [25] (testset)   loss: 2.5411 -> 0.8443  accuracy: 28.98% -> 81.98%     
client [69] (testset)   loss: 2.2560 -> 1.3819  accuracy: 43.94% -> 66.67%     
client [46] (testset)   loss: 1.4446 -> 0.6153  accuracy: 55.04% -> 86.05%     
---------------------------- TRAINING EPOCH: 150 ----------------------------  
client [47] (testset)   loss: 3.7427 -> 1.3346  accuracy: 37.50% -> 56.25%     
client [82] (testset)   loss: 3.4319 -> 0.2335  accuracy: 30.68% -> 96.59%     
client [45] (testset)   loss: 2.4125 -> 1.1732  accuracy: 27.27% -> 72.73%     
client [69] (testset)   loss: 3.3968 -> 1.3508  accuracy: 29.70% -> 66.36%     
client [50] (testset)   loss: 3.6244 -> 1.8927  accuracy: 42.86% -> 71.43%     
client [7]  (testset)   loss: 1.4281 -> 0.4807  accuracy: 70.53% -> 85.02%     
client [35] (testset)   loss: 2.6680 -> 0.6451  accuracy: 33.33% -> 83.33%     
client [24] (testset)   loss: 1.8241 -> 0.7723  accuracy: 55.56% -> 91.67%     
client [15] (testset)   loss: 2.2962 -> 0.6500  accuracy: 51.95% -> 87.50%     
client [58] (testset)   loss: 0.4501 -> 0.3837  accuracy: 89.29% -> 94.05%     
---------------------------- TRAINING EPOCH: 160 ----------------------------  
client [48] (testset)   loss: 3.3323 -> 1.0560  accuracy: 30.77% -> 76.92%     
client [76] (testset)   loss: 2.2095 -> 0.3344  accuracy: 44.37% -> 90.07%     
client [37] (testset)   loss: 1.5819 -> 0.2706  accuracy: 33.33% -> 83.33%     
client [67] (testset)   loss: 2.0278 -> 0.2395  accuracy: 45.16% -> 92.90%     
client [64] (testset)   loss: 1.3987 -> 0.3014  accuracy: 55.96% -> 93.58%     
client [58] (testset)   loss: 1.0017 -> 0.4320  accuracy: 71.83% -> 93.25%     
client [77] (testset)   loss: 0.9002 -> 0.4633  accuracy: 74.20% -> 90.11%     
client [12] (testset)   loss: 1.8409 -> 0.5838  accuracy: 55.75% -> 86.06%     
client [89] (testset)   loss: 3.3150 -> 0.8618  accuracy: 25.49% -> 96.08%     
client [55] (testset)   loss: 2.3959 -> 0.4425  accuracy: 44.11% -> 87.24%     
---------------------------- TRAINING EPOCH: 170 ----------------------------  
client [51] (testset)   loss: 0.4414 -> 0.5968  accuracy: 87.50% -> 75.00%     
client [8]  (testset)   loss: 1.1254 -> 0.6331  accuracy: 58.06% -> 70.97%     
client [84] (testset)   loss: 1.5594 -> 0.3113  accuracy: 62.50% -> 93.75%     
client [94] (testset)   loss: 2.6001 -> 0.5362  accuracy: 30.77% -> 81.54%     
client [18] (testset)   loss: 1.2263 -> 0.6319  accuracy: 62.87% -> 86.83%     
client [81] (testset)   loss: 0.9941 -> 0.0638  accuracy: 61.61% -> 99.11%     
client [11] (testset)   loss: 2.1904 -> 0.2258  accuracy: 36.36% -> 90.91%     
client [95] (testset)   loss: 1.9578 -> 1.2607  accuracy: 45.98% -> 70.11%     
client [3]  (testset)   loss: 1.1248 -> 0.7366  accuracy: 68.45% -> 80.21%     
client [67] (testset)   loss: 0.4661 -> 0.1960  accuracy: 87.10% -> 94.84%     
---------------------------- TRAINING EPOCH: 180 ----------------------------  
client [21] (testset)   loss: 2.7638 -> 2.1278  accuracy: 39.13% -> 65.22%     
client [58] (testset)   loss: 1.0960 -> 0.4208  accuracy: 71.43% -> 94.05%     
client [79] (testset)   loss: 2.2231 -> 0.3517  accuracy: 50.28% -> 93.02%     
client [46] (testset)   loss: 2.3819 -> 0.6022  accuracy: 43.41% -> 86.82%     
client [11] (testset)   loss: 2.0275 -> 0.3384  accuracy: 40.91% -> 86.36%     
client [88] (testset)   loss: 1.3194 -> 0.4538  accuracy: 62.63% -> 91.58%     
client [13] (testset)   loss: 2.3670 -> 0.6714  accuracy: 47.78% -> 83.89%     
client [31] (testset)   loss: 2.4248 -> 0.2141  accuracy: 38.25% -> 96.31%     
client [55] (testset)   loss: 1.8081 -> 0.4417  accuracy: 56.45% -> 88.49%     
client [75] (testset)   loss: 2.1115 -> 0.4951  accuracy: 50.53% -> 90.91%     
---------------------------- TRAINING EPOCH: 190 ----------------------------  
client [19] (testset)   loss: 0.6526 -> 0.6343  accuracy: 81.42% -> 91.15%     
client [7]  (testset)   loss: 2.1577 -> 0.5548  accuracy: 42.51% -> 88.89%     
client [57] (testset)   loss: 1.7217 -> 0.2558  accuracy: 55.70% -> 94.94%     
client [43] (testset)   loss: 0.4898 -> 0.3760  accuracy: 81.82% -> 90.91%     
client [13] (testset)   loss: 2.2267 -> 0.5344  accuracy: 45.00% -> 88.33%     
client [91] (testset)   loss: 1.5480 -> 0.5975  accuracy: 58.82% -> 91.18%     
client [64] (testset)   loss: 1.2056 -> 0.3050  accuracy: 64.68% -> 94.50%     
client [10] (testset)   loss: 2.5805 -> 0.1681  accuracy: 32.08% -> 96.24%     
client [82] (testset)   loss: 1.1838 -> 0.2877  accuracy: 69.32% -> 95.45%     
client [22] (testset)   loss: 0.9018 -> 0.6292  accuracy: 78.20% -> 88.72%     
---------------------------- TRAINING EPOCH: 200 ----------------------------  
client [23] (testset)   loss: 2.3197 -> 0.0000  accuracy: 39.29% -> 100.00%    
client [88] (testset)   loss: 2.2308 -> 0.5418  accuracy: 42.89% -> 90.00%     
client [98] (testset)   loss: 2.1214 -> 0.8769  accuracy: 42.18% -> 85.78%     
client [20] (testset)   loss: 1.2962 -> 0.7528  accuracy: 66.84% -> 87.56%     
client [21] (testset)   loss: 3.3198 -> 1.2834  accuracy: 26.09% -> 56.52%     
client [79] (testset)   loss: 1.0730 -> 0.3248  accuracy: 70.95% -> 93.85%     
client [92] (testset)   loss: 1.3386 -> 0.2500  accuracy: 63.05% -> 93.10%     
client [56] (testset)   loss: 2.0414 -> 0.1907  accuracy: 46.15% -> 95.38%     
client [52] (testset)   loss: 2.2729 -> 0.3866  accuracy: 47.06% -> 96.08%     
client [5]  (testset)   loss: 1.6520 -> 0.6542  accuracy: 55.41% -> 86.08%     
FedDpag's average time taken by each global epoch: 0 min 5.80 sec.             
FedDpag's total running time: 0 h 20 m 24 s.                                   
==================== FedDpag Experiment Results: ====================          
Display format: (before local fine-tuning) -> (after local fine-tuning)        
 So if finetune_epoch = 0, x.xx% -> 0.00% is normal.                           
 Centralized testing ONLY happens after model aggregation, so the stats between
'->' are the same.                                                             
{                                                                              
    "100": {                                                                   
        "all_clients": {                                                       
            "test": {                                                          
                "loss": "1.3771 -> 0.0000",                                    
                "accuracy": "58.88% -> 0.00%"                                  
            }                                                                  
        }                                                                      
    },                                                                         
    "200": {                                                                   
        "all_clients": {                                                       
            "test": {                                                          
                "loss": "2.0864 -> 0.0000",                                    
                "accuracy": "53.91% -> 0.00%"                                  
            }                                                                  
        }                                                                      
    }                                                                          
}                                                                              
==================== FedDpag Max Accuracy ====================                 
all_clients:                                                                   
(test) before fine-tuning: 58.88% at epoch 100                                 
(test) after fine-tuning: 0.00% at epoch 100                                   
