==================== FedDpa ====================                               
Experiment Arguments:                                                          
{
    'method': 'feddpa',
    'dataset': {
        'name': 'cifar10',
        'client_num': 100,
        'test_ratio': 0.25,
        'val_ratio': 0.0,
        'seed': 42,
        'split': 'sample',
        'IID_ratio': 0.0,
        'monitor_window_name_suffix': 'cifar10-100clients-0%IID-Dir(0.1)-seed42',
        'alpha': 0.1,
        'min_samples_per_client': 10
    },
    'model': {
        'name': 'avgcnn',
        'use_torchvision_pretrained_weights': True,
        'external_model_weights_path': None
    },
    'optimizer': {
        'lr': 0.01,
        'dampening': 0,
        'weight_decay': 0,
        'momentum': 0.7,
        'nesterov': False,
        'name': 'sgd'
    },
    'mode': 'parallel',
    'parallel': {
        'ray_cluster_addr': None,
        'num_cpus': 32.0,
        'num_gpus': 1.0,
        'num_workers': 2
    },
    'common': {
        'seed': 42,
        'join_ratio': 0.1,
        'global_epoch': 200,
        'local_epoch': 5,
        'batch_size': 32,
        'reset_optimizer_on_global_epoch': True,
        'straggler_ratio': 0,
        'straggler_min_local_epoch': 0,
        'buffers': 'global',
        'client_side_evaluation': True,
        'test': {
            'client': {
                'interval': 100,
                'finetune_epoch': 0,
                'train': False,
                'val': False,
                'test': True
            },
            'server': {
                'interval': -1,
                'train': False,
                'val': False,
                'test': True,
                'model_in_train_mode': False
            }
        },
        'verbose_gap': 10,
        'monitor': None,
        'use_cuda': True,
        'save_log': True,
        'save_model': False,
        'save_learning_curve_plot': True,
        'save_metrics': True,
        'delete_useless_run': True
    },
    'fedprox': {
        'mu': 0.01
    },
    'pfedsim': {
        'warmup_round': 0.5
    },
    'feddpa': {
        'fisher_threshold': 0.1
    }
}
---------------------------- TRAINING EPOCH: 10 ----------------------------   
client [81] (testset)   loss: 0.1385 -> 0.0781  accuracy: 97.32% -> 97.32%     
client [21] (testset)   loss: 2.4470 -> 0.9125  accuracy: 0.00% -> 43.48%      
client [77] (testset)   loss: 0.4560 -> 0.4374  accuracy: 85.16% -> 85.51%     
client [93] (testset)   loss: 1.1603 -> 0.8397  accuracy: 73.68% -> 73.68%     
client [68] (testset)   loss: 2.2413 -> 0.3663  accuracy: 0.00% -> 93.79%      
client [31] (testset)   loss: 2.2495 -> 0.2825  accuracy: 2.30% -> 90.78%      
client [59] (testset)   loss: 2.0314 -> 0.0675  accuracy: 33.33% -> 100.00%    
client [48] (testset)   loss: 0.4402 -> 0.5227  accuracy: 84.62% -> 84.62%     
client [34] (testset)   loss: 2.3865 -> 0.8685  accuracy: 12.90% -> 66.45%     
client [20] (testset)   loss: 0.5952 -> 0.5767  accuracy: 80.44% -> 81.74%     
---------------------------- TRAINING EPOCH: 20 ----------------------------   
client [99] (testset)   loss: 0.0814 -> 0.0775  accuracy: 100.00% -> 100.00%   
client [67] (testset)   loss: 2.2696 -> 0.5589  accuracy: 1.94% -> 78.71%      
client [69] (testset)   loss: 1.0493 -> 0.9829  accuracy: 54.24% -> 56.06%     
client [0]  (testset)   loss: 0.3700 -> 0.2957  accuracy: 88.62% -> 89.82%     
client [76] (testset)   loss: 0.7078 -> 0.4607  accuracy: 72.19% -> 81.46%     
client [41] (testset)   loss: 1.3451 -> 1.1616  accuracy: 57.14% -> 60.32%     
client [62] (testset)   loss: 2.3997 -> 0.4369  accuracy: 0.00% -> 94.12%      
client [2]  (testset)   loss: 2.3239 -> 0.6240  accuracy: 0.00% -> 71.53%      
client [14] (testset)   loss: 2.1943 -> 1.4347  accuracy: 67.00% -> 26.11%     
client [46] (testset)   loss: 0.6646 -> 0.6025  accuracy: 72.87% -> 78.29%     
---------------------------- TRAINING EPOCH: 30 ----------------------------   
client [24] (testset)   loss: 0.7284 -> 0.7028  accuracy: 72.22% -> 72.22%     
client [68] (testset)   loss: 0.3844 -> 0.3676  accuracy: 93.22% -> 93.22%     
client [57] (testset)   loss: 0.3730 -> 0.4051  accuracy: 85.65% -> 86.08%     
client [17] (testset)   loss: 2.3483 -> 1.0095  accuracy: 0.00% -> 72.62%      
client [54] (testset)   loss: 0.6815 -> 0.7266  accuracy: 78.75% -> 76.25%     
client [35] (testset)   loss: 0.9837 -> 0.9377  accuracy: 50.00% -> 33.33%     
client [23] (testset)   loss: 2.3144 -> 0.0006  accuracy: 0.00% -> 100.00%     
client [59] (testset)   loss: 0.1781 -> 0.1705  accuracy: 100.00% -> 100.00%   
client [31] (testset)   loss: 0.2506 -> 0.2335  accuracy: 92.17% -> 93.09%     
client [9]  (testset)   loss: 0.7145 -> 0.7096  accuracy: 74.79% -> 77.35%     
---------------------------- TRAINING EPOCH: 40 ----------------------------   
client [33] (testset)   loss: 0.4996 -> 0.6523  accuracy: 85.42% -> 82.29%     
client [64] (testset)   loss: 0.3257 -> 0.3441  accuracy: 90.83% -> 91.28%     
client [16] (testset)   loss: 1.2277 -> 1.0668  accuracy: 50.60% -> 60.24%     
client [8]  (testset)   loss: 0.9580 -> 1.0233  accuracy: 58.06% -> 54.84%     
client [44] (testset)   loss: 0.5929 -> 0.5499  accuracy: 82.65% -> 83.67%     
client [47] (testset)   loss: 2.2136 -> 1.2038  accuracy: 50.00% -> 50.00%     
client [36] (testset)   loss: 0.6588 -> 0.7628  accuracy: 82.98% -> 72.34%     
client [31] (testset)   loss: 0.2293 -> 0.1860  accuracy: 93.09% -> 94.01%     
client [56] (testset)   loss: 0.9489 -> 0.4832  accuracy: 52.31% -> 81.54%     
client [20] (testset)   loss: 0.5486 -> 0.6158  accuracy: 83.03% -> 81.99%     
---------------------------- TRAINING EPOCH: 50 ----------------------------   
client [4]  (testset)   loss: 0.2690 -> 0.2633  accuracy: 91.55% -> 90.14%     
client [28] (testset)   loss: 1.1299 -> 1.4821  accuracy: 60.00% -> 56.00%     
client [60] (testset)   loss: 0.3924 -> 0.4078  accuracy: 91.39% -> 90.26%     
client [25] (testset)   loss: 0.7091 -> 0.5748  accuracy: 79.86% -> 78.09%     
client [44] (testset)   loss: 0.5458 -> 0.4950  accuracy: 83.67% -> 85.71%     
client [58] (testset)   loss: 0.3623 -> 0.3723  accuracy: 89.68% -> 88.89%     
client [39] (testset)   loss: 0.6767 -> 0.6386  accuracy: 71.92% -> 76.03%     
client [29] (testset)   loss: 0.4464 -> 0.3008  accuracy: 84.21% -> 87.72%     
client [84] (testset)   loss: 0.7390 -> 0.8037  accuracy: 71.88% -> 67.19%     
client [3]  (testset)   loss: 1.0559 -> 0.7622  accuracy: 60.96% -> 67.38%     
---------------------------- TRAINING EPOCH: 60 ----------------------------   
client [21] (testset)   loss: 1.0635 -> 0.8069  accuracy: 52.17% -> 47.83%     
client [84] (testset)   loss: 0.7716 -> 0.7918  accuracy: 68.75% -> 71.88%     
client [36] (testset)   loss: 0.7432 -> 0.8323  accuracy: 78.72% -> 57.45%     
client [65] (testset)   loss: 0.7990 -> 0.8830  accuracy: 75.00% -> 57.14%     
client [81] (testset)   loss: 0.0754 -> 0.0943  accuracy: 96.43% -> 95.54%     
client [10] (testset)   loss: 0.2549 -> 0.2260  accuracy: 93.93% -> 95.09%     
client [42] (testset)   loss: 0.4197 -> 0.5073  accuracy: 89.71% -> 89.30%     
client [79] (testset)   loss: 0.2522 -> 0.2355  accuracy: 92.46% -> 92.18%     
client [11] (testset)   loss: 0.3259 -> 0.2134  accuracy: 90.91% -> 90.91%     
client [96] (testset)   loss: 1.1124 -> 1.2319  accuracy: 56.82% -> 56.82%     
---------------------------- TRAINING EPOCH: 70 ----------------------------   
client [8]  (testset)   loss: 1.2768 -> 1.2126  accuracy: 54.84% -> 41.94%     
client [52] (testset)   loss: 0.3658 -> 0.4058  accuracy: 93.14% -> 94.12%     
client [53] (testset)   loss: 0.8006 -> 0.8618  accuracy: 70.92% -> 70.41%     
client [42] (testset)   loss: 0.4776 -> 0.4946  accuracy: 88.89% -> 89.30%     
client [59] (testset)   loss: 0.1362 -> 0.1381  accuracy: 100.00% -> 100.00%   
client [69] (testset)   loss: 1.7524 -> 1.9370  accuracy: 60.30% -> 60.30%     
client [26] (testset)   loss: 0.7419 -> 0.7565  accuracy: 92.31% -> 92.31%     
client [7]  (testset)   loss: 0.5388 -> 0.5609  accuracy: 82.13% -> 78.74%     
client [98] (testset)   loss: 0.7475 -> 0.9404  accuracy: 81.52% -> 78.20%     
client [49] (testset)   loss: 0.8190 -> 0.9798  accuracy: 70.79% -> 73.02%     
---------------------------- TRAINING EPOCH: 80 ----------------------------   
client [47] (testset)   loss: 1.7239 -> 1.7522  accuracy: 56.25% -> 62.50%     
client [21] (testset)   loss: 0.7234 -> 0.8045  accuracy: 69.57% -> 52.17%     
client [98] (testset)   loss: 0.9204 -> 0.9951  accuracy: 78.20% -> 78.67%     
client [95] (testset)   loss: 1.3838 -> 1.6784  accuracy: 44.83% -> 48.28%     
client [77] (testset)   loss: 0.5254 -> 0.5532  accuracy: 84.45% -> 85.51%     
client [91] (testset)   loss: 0.5167 -> 0.5356  accuracy: 89.71% -> 88.24%     
client [99] (testset)   loss: 0.1079 -> 0.0706  accuracy: 100.00% -> 100.00%   
client [14] (testset)   loss: 0.9799 -> 1.1118  accuracy: 74.38% -> 74.38%     
client [39] (testset)   loss: 0.7052 -> 0.6855  accuracy: 74.66% -> 78.77%     
client [20] (testset)   loss: 1.0329 -> 1.0320  accuracy: 83.16% -> 84.72%     
---------------------------- TRAINING EPOCH: 90 ----------------------------   
client [62] (testset)   loss: 0.5171 -> 0.5771  accuracy: 94.12% -> 94.12%     
client [52] (testset)   loss: 0.3982 -> 0.4619  accuracy: 94.12% -> 94.12%     
client [97] (testset)   loss: 0.8614 -> 0.8485  accuracy: 71.95% -> 68.29%     
client [71] (testset)   loss: 0.7926 -> 0.8155  accuracy: 81.18% -> 79.57%     
client [30] (testset)   loss: 2.0819 -> 1.8438  accuracy: 52.69% -> 61.29%     
client [60] (testset)   loss: 0.3333 -> 0.5297  accuracy: 90.64% -> 83.52%     
client [88] (testset)   loss: 0.4966 -> 0.4562  accuracy: 82.37% -> 84.21%     
client [82] (testset)   loss: 0.3076 -> 0.2995  accuracy: 96.59% -> 96.59%     
client [91] (testset)   loss: 0.5511 -> 0.5987  accuracy: 89.71% -> 86.76%     
client [57] (testset)   loss: 0.3778 -> 0.4803  accuracy: 86.50% -> 86.50%     
---------------------------- TRAINING EPOCH: 100 ----------------------------  
client [31] (testset)   loss: 0.2976 -> 0.2821  accuracy: 94.47% -> 93.09%     
client [15] (testset)   loss: 0.7552 -> 2.8787  accuracy: 76.17% -> 19.92%     
client [97] (testset)   loss: 1.2762 -> 1.3192  accuracy: 78.05% -> 76.83%     
client [71] (testset)   loss: 0.6579 -> 0.9160  accuracy: 80.65% -> 80.11%     
client [53] (testset)   loss: 1.2160 -> 1.2671  accuracy: 71.94% -> 72.96%     
client [77] (testset)   loss: 0.4893 -> 0.6837  accuracy: 84.10% -> 84.81%     
client [76] (testset)   loss: 0.4955 -> 0.5852  accuracy: 80.79% -> 80.79%     
client [28] (testset)   loss: 1.1092 -> 1.3769  accuracy: 60.00% -> 48.00%     
client [99] (testset)   loss: 0.0839 -> 0.0405  accuracy: 100.00% -> 100.00%   
client [79] (testset)   loss: 0.3549 -> 0.3624  accuracy: 92.46% -> 92.18%     
---------------------------- TRAINING EPOCH: 110 ----------------------------  
client [86] (testset)   loss: 0.8151 -> 0.8437  accuracy: 73.68% -> 73.68%     
client [97] (testset)   loss: 0.7913 -> 0.9603  accuracy: 71.95% -> 70.73%     
client [73] (testset)   loss: 1.0343 -> 1.4806  accuracy: 60.61% -> 39.39%     
client [34] (testset)   loss: 1.3333 -> 1.6296  accuracy: 68.39% -> 67.10%     
client [96] (testset)   loss: 1.2570 -> 1.3212  accuracy: 61.36% -> 61.36%     
client [22] (testset)   loss: 0.7452 -> 0.6721  accuracy: 78.95% -> 81.95%     
client [5]  (testset)   loss: 1.0327 -> 1.1217  accuracy: 79.38% -> 78.09%     
client [66] (testset)   loss: 0.8413 -> 0.7568  accuracy: 72.79% -> 78.68%     
client [60] (testset)   loss: 0.4128 -> 0.4917  accuracy: 89.89% -> 90.64%     
client [83] (testset)   loss: 0.9465 -> 1.1381  accuracy: 75.63% -> 77.59%     
---------------------------- TRAINING EPOCH: 120 ----------------------------  
client [65] (testset)   loss: 1.0199 -> 0.8426  accuracy: 67.86% -> 75.00%     
client [95] (testset)   loss: 1.5496 -> 1.5941  accuracy: 49.43% -> 48.28%     
client [76] (testset)   loss: 0.6267 -> 0.6665  accuracy: 84.11% -> 82.12%     
client [8]  (testset)   loss: 1.6516 -> 1.5817  accuracy: 51.61% -> 45.16%     
client [35] (testset)   loss: 1.2011 -> 1.0819  accuracy: 33.33% -> 33.33%     
client [17] (testset)   loss: 1.0590 -> 1.3001  accuracy: 68.45% -> 69.05%     
client [98] (testset)   loss: 1.3265 -> 1.4227  accuracy: 77.25% -> 77.73%     
client [43] (testset)   loss: 0.9442 -> 0.9609  accuracy: 81.82% -> 81.82%     
client [53] (testset)   loss: 1.3596 -> 1.4955  accuracy: 73.98% -> 70.92%     
client [64] (testset)   loss: 0.3250 -> 0.3985  accuracy: 91.28% -> 91.74%     
---------------------------- TRAINING EPOCH: 130 ----------------------------  
client [21] (testset)   loss: 0.8233 -> 0.7733  accuracy: 43.48% -> 65.22%     
client [38] (testset)   loss: 0.4467 -> 0.5450  accuracy: 88.46% -> 87.50%     
client [3]  (testset)   loss: 1.0963 -> 1.2802  accuracy: 71.12% -> 67.91%     
client [88] (testset)   loss: 0.5803 -> 0.5565  accuracy: 86.58% -> 86.84%     
client [41] (testset)   loss: 1.1217 -> 1.1919  accuracy: 61.90% -> 58.73%     
client [7]  (testset)   loss: 0.5089 -> 0.9338  accuracy: 81.16% -> 81.16%     
client [37] (testset)   loss: 1.8466 -> 1.9840  accuracy: 16.67% -> 33.33%     
client [45] (testset)   loss: 0.5304 -> 1.0654  accuracy: 81.82% -> 18.18%     
client [5]  (testset)   loss: 1.0986 -> 1.1961  accuracy: 77.84% -> 78.87%     
client [47] (testset)   loss: 1.9498 -> 2.0516  accuracy: 50.00% -> 50.00%     
---------------------------- TRAINING EPOCH: 140 ----------------------------  
client [11] (testset)   loss: 0.3807 -> 0.3529  accuracy: 81.82% -> 86.36%     
client [37] (testset)   loss: 1.9586 -> 1.4155  accuracy: 33.33% -> 83.33%     
client [41] (testset)   loss: 1.2101 -> 1.2732  accuracy: 58.73% -> 61.90%     
client [16] (testset)   loss: 1.5748 -> 1.6561  accuracy: 65.66% -> 66.27%     
client [95] (testset)   loss: 2.1333 -> 2.4651  accuracy: 47.13% -> 44.83%     
client [22] (testset)   loss: 0.6812 -> 0.8497  accuracy: 81.20% -> 79.70%     
client [53] (testset)   loss: 0.8329 -> 0.7460  accuracy: 59.69% -> 71.43%     
client [25] (testset)   loss: 0.6170 -> 0.7855  accuracy: 80.21% -> 72.44%     
client [69] (testset)   loss: 1.5265 -> 1.9774  accuracy: 62.12% -> 58.18%     
client [46] (testset)   loss: 0.7691 -> 0.8967  accuracy: 77.52% -> 78.29%     
---------------------------- TRAINING EPOCH: 150 ----------------------------  
client [47] (testset)   loss: 1.7539 -> 1.9445  accuracy: 50.00% -> 50.00%     
client [82] (testset)   loss: 0.3366 -> 0.3058  accuracy: 96.59% -> 96.59%     
client [45] (testset)   loss: 0.6428 -> 1.3438  accuracy: 63.64% -> 18.18%     
client [69] (testset)   loss: 2.1978 -> 2.2198  accuracy: 58.18% -> 60.00%     
client [50] (testset)   loss: 0.9833 -> 0.9706  accuracy: 71.43% -> 71.43%     
client [7]  (testset)   loss: 0.6870 -> 0.8966  accuracy: 80.19% -> 81.64%     
client [35] (testset)   loss: 1.3792 -> 1.0722  accuracy: 16.67% -> 33.33%     
client [24] (testset)   loss: 0.9215 -> 0.9517  accuracy: 69.44% -> 75.00%     
client [15] (testset)   loss: 0.8472 -> 0.9488  accuracy: 81.25% -> 82.81%     
client [58] (testset)   loss: 0.4021 -> 0.4273  accuracy: 93.25% -> 92.86%     
---------------------------- TRAINING EPOCH: 160 ----------------------------  
client [48] (testset)   loss: 0.5966 -> 0.7609  accuracy: 69.23% -> 69.23%     
client [76] (testset)   loss: 0.5689 -> 0.4772  accuracy: 80.13% -> 82.78%     
client [37] (testset)   loss: 2.5074 -> 1.5704  accuracy: 0.00% -> 66.67%      
client [67] (testset)   loss: 0.5039 -> 0.5568  accuracy: 81.94% -> 85.16%     
client [64] (testset)   loss: 0.3937 -> 0.4325  accuracy: 92.20% -> 92.20%     
client [58] (testset)   loss: 0.3775 -> 0.3955  accuracy: 92.86% -> 93.25%     
client [77] (testset)   loss: 0.7647 -> 0.8098  accuracy: 84.10% -> 85.51%     
client [12] (testset)   loss: 1.0315 -> 1.1012  accuracy: 79.79% -> 77.70%     
client [89] (testset)   loss: 0.7872 -> 0.8075  accuracy: 84.31% -> 84.31%     
client [55] (testset)   loss: 0.8298 -> 0.8174  accuracy: 81.83% -> 81.69%     
---------------------------- TRAINING EPOCH: 170 ----------------------------  
client [51] (testset)   loss: 1.5366 -> 1.4979  accuracy: 50.00% -> 62.50%     
client [8]  (testset)   loss: 1.5846 -> 1.6240  accuracy: 48.39% -> 45.16%     
client [84] (testset)   loss: 1.0835 -> 1.1127  accuracy: 73.44% -> 73.44%     
client [94] (testset)   loss: 0.8197 -> 0.8540  accuracy: 76.92% -> 76.92%     
client [18] (testset)   loss: 1.4003 -> 1.5028  accuracy: 76.05% -> 77.84%     
client [81] (testset)   loss: 0.0719 -> 0.0741  accuracy: 97.32% -> 98.21%     
client [11] (testset)   loss: 0.3910 -> 0.1760  accuracy: 77.27% -> 100.00%    
client [95] (testset)   loss: 2.5569 -> 2.7746  accuracy: 48.28% -> 47.13%     
client [3]  (testset)   loss: 1.7511 -> 1.7534  accuracy: 66.84% -> 66.31%     
client [67] (testset)   loss: 0.5702 -> 0.6415  accuracy: 84.52% -> 83.87%     
---------------------------- TRAINING EPOCH: 180 ----------------------------  
client [21] (testset)   loss: 0.7380 -> 0.6922  accuracy: 73.91% -> 69.57%     
client [58] (testset)   loss: 0.4520 -> 0.4553  accuracy: 92.46% -> 92.06%     
client [79] (testset)   loss: 0.4385 -> 0.4689  accuracy: 92.18% -> 92.18%     
client [46] (testset)   loss: 1.0601 -> 1.1316  accuracy: 78.29% -> 77.52%     
client [11] (testset)   loss: 0.3179 -> 0.2417  accuracy: 90.91% -> 86.36%     
client [88] (testset)   loss: 0.7048 -> 0.7324  accuracy: 86.32% -> 87.37%     
client [13] (testset)   loss: 1.0526 -> 1.0638  accuracy: 77.22% -> 78.33%     
client [31] (testset)   loss: 0.2820 -> 0.2930  accuracy: 93.55% -> 93.55%     
client [55] (testset)   loss: 0.8290 -> 0.8492  accuracy: 81.69% -> 82.94%     
client [75] (testset)   loss: 0.6959 -> 0.6900  accuracy: 86.89% -> 87.95%     
---------------------------- TRAINING EPOCH: 190 ----------------------------  
client [19] (testset)   loss: 0.4713 -> 0.5404  accuracy: 90.27% -> 92.92%     
client [7]  (testset)   loss: 0.7011 -> 0.8354  accuracy: 75.85% -> 81.64%     
client [57] (testset)   loss: 0.4559 -> 0.4553  accuracy: 89.87% -> 90.30%     
client [43] (testset)   loss: 0.9504 -> 1.0057  accuracy: 72.73% -> 81.82%     
client [13] (testset)   loss: 1.0491 -> 1.1009  accuracy: 78.33% -> 78.33%     
client [91] (testset)   loss: 0.6798 -> 0.7073  accuracy: 86.76% -> 86.76%     
client [64] (testset)   loss: 0.3940 -> 0.4051  accuracy: 92.20% -> 93.12%     
client [10] (testset)   loss: 0.2945 -> 0.3416  accuracy: 96.24% -> 95.66%     
client [82] (testset)   loss: 0.2928 -> 0.3213  accuracy: 96.59% -> 96.59%     
client [22] (testset)   loss: 1.2301 -> 1.2506  accuracy: 81.20% -> 81.20%     
---------------------------- TRAINING EPOCH: 200 ----------------------------  
client [23] (testset)   loss: 0.0122 -> 0.0138  accuracy: 100.00% -> 100.00%   
client [88] (testset)   loss: 0.5533 -> 0.6035  accuracy: 85.26% -> 87.11%     
client [98] (testset)   loss: 1.3040 -> 1.4013  accuracy: 77.73% -> 77.73%     
client [20] (testset)   loss: 1.1913 -> 1.1888  accuracy: 83.29% -> 83.42%     
client [21] (testset)   loss: 1.0875 -> 0.7043  accuracy: 43.48% -> 78.26%     
client [79] (testset)   loss: 0.4798 -> 0.5029  accuracy: 91.34% -> 91.62%     
client [92] (testset)   loss: 0.3453 -> 0.3451  accuracy: 91.13% -> 89.16%     
client [56] (testset)   loss: 1.0138 -> 1.0861  accuracy: 78.46% -> 80.00%     
client [52] (testset)   loss: 0.5400 -> 0.5779  accuracy: 94.12% -> 94.12%     
client [5]  (testset)   loss: 1.3212 -> 1.3577  accuracy: 78.35% -> 79.90%     
FedDpa's average time taken by each global epoch: 0 min 6.79 sec.              
FedDpa's total running time: 0 h 24 m 0 s.                                     
==================== FedDpa Experiment Results: ====================           
Display format: (before local fine-tuning) -> (after local fine-tuning)        
 So if finetune_epoch = 0, x.xx% -> 0.00% is normal.                           
 Centralized testing ONLY happens after model aggregation, so the stats between
'->' are the same.                                                             
{                                                                              
    "100": {                                                                   
        "all_clients": {                                                       
            "test": {                                                          
                "loss": "0.7425 -> 0.0000",                                    
                "accuracy": "80.52% -> 0.00%"                                  
            }                                                                  
        }                                                                      
    },                                                                         
    "200": {                                                                   
        "all_clients": {                                                       
            "test": {                                                          
                "loss": "0.9556 -> 0.0000",                                    
                "accuracy": "81.16% -> 0.00%"                                  
            }                                                                  
        }                                                                      
    }                                                                          
}                                                                              
==================== FedDpa Max Accuracy ====================                  
all_clients:                                                                   
(test) before fine-tuning: 81.16% at epoch 200                                 
(test) after fine-tuning: 0.00% at epoch 100                                   
