==================== FedFewA ====================                              
Experiment Arguments:                                                          
{
    'method': 'fedfewa',
    'dataset': {
        'name': 'mnist',
        'client_num': 100,
        'test_ratio': 0.25,
        'val_ratio': 0.0,
        'seed': 42,
        'split': 'sample',
        'IID_ratio': 0.0,
        'monitor_window_name_suffix': 'mnist-100clients-0%IID-Dir(0.1)-seed42',
        'alpha': 0.1,
        'min_samples_per_client': 10
    },
    'model': {
        'name': 'avgcnn',
        'use_torchvision_pretrained_weights': True,
        'external_model_weights_path': None
    },
    'optimizer': {
        'lr': 0.01,
        'dampening': 0,
        'weight_decay': 0,
        'momentum': 0.7,
        'nesterov': False,
        'name': 'sgd'
    },
    'mode': 'serial',
    'parallel': {
        'ray_cluster_addr': None,
        'num_cpus': None,
        'num_gpus': None,
        'num_workers': 2
    },
    'common': {
        'seed': 42,
        'join_ratio': 0.1,
        'global_epoch': 400,
        'local_epoch': 5,
        'batch_size': 32,
        'reset_optimizer_on_global_epoch': True,
        'straggler_ratio': 0,
        'straggler_min_local_epoch': 0,
        'buffers': 'global',
        'client_side_evaluation': True,
        'test': {
            'client': {
                'interval': 100,
                'finetune_epoch': 0,
                'train': False,
                'val': False,
                'test': True
            },
            'server': {
                'interval': -1,
                'train': False,
                'val': False,
                'test': True,
                'model_in_train_mode': False
            }
        },
        'verbose_gap': 10,
        'monitor': None,
        'use_cuda': True,
        'save_log': True,
        'save_model': False,
        'save_learning_curve_plot': True,
        'save_metrics': True,
        'delete_useless_run': True
    },
    'fedprox': {
        'mu': 0.01
    },
    'pfedsim': {
        'warmup_round': 0.5
    },
    'fedfewa': {
        'ig_ratio': 0.9995,
        'alpha': 0.5,
        'norm': 'other',
        'EMA': False,
        'CLS': False,
        'track': False,
        'type': 'Ablation'
    }
}
---------------------------- TRAINING EPOCH: 10 ----------------------------   
client [77] (testset)   loss: 0.1560 -> 0.0825  accuracy: 96.58% -> 97.95%     
client [81] (testset)   loss: 0.0813 -> 0.0238  accuracy: 98.15% -> 99.38%     
client [21] (testset)   loss: 0.2046 -> 0.0498  accuracy: 93.14% -> 98.04%     
client [68] (testset)   loss: 0.0946 -> 0.0758  accuracy: 96.61% -> 98.31%     
client [93] (testset)   loss: 0.1608 -> 0.0230  accuracy: 96.77% -> 100.00%    
client [31] (testset)   loss: 0.3859 -> 0.1267  accuracy: 85.71% -> 85.71%     
client [20] (testset)   loss: 0.3212 -> 0.1672  accuracy: 91.40% -> 95.48%     
client [59] (testset)   loss: 0.0943 -> 0.0702  accuracy: 100.00% -> 100.00%   
client [48] (testset)   loss: 0.0754 -> 0.0270  accuracy: 98.06% -> 99.03%     
client [34] (testset)   loss: 0.1517 -> 0.3714  accuracy: 94.44% -> 94.44%     
---------------------------- TRAINING EPOCH: 20 ----------------------------   
client [69] (testset)   loss: 0.0146 -> 0.0159  accuracy: 99.27% -> 99.45%     
client [99] (testset)   loss: 0.3015 -> 0.0849  accuracy: 95.24% -> 95.24%     
client [67] (testset)   loss: 0.1672 -> 0.0003  accuracy: 94.59% -> 100.00%    
client [0]  (testset)   loss: 0.0872 -> 0.0073  accuracy: 97.17% -> 100.00%    
client [76] (testset)   loss: 0.1162 -> 0.0651  accuracy: 96.10% -> 98.70%     
client [41] (testset)   loss: 0.1565 -> 0.0110  accuracy: 93.68% -> 100.00%    
client [62] (testset)   loss: 0.0441 -> 0.0148  accuracy: 99.45% -> 99.45%     
client [2]  (testset)   loss: 0.2022 -> 0.0103  accuracy: 93.54% -> 99.43%     
client [14] (testset)   loss: 0.0689 -> 0.0266  accuracy: 96.53% -> 99.31%     
client [46] (testset)   loss: 0.0718 -> 0.0372  accuracy: 97.97% -> 98.65%     
---------------------------- TRAINING EPOCH: 30 ----------------------------   
client [24] (testset)   loss: 0.0520 -> 0.1127  accuracy: 98.65% -> 97.30%     
client [68] (testset)   loss: 0.0782 -> 0.1055  accuracy: 96.61% -> 98.31%     
client [57] (testset)   loss: 0.0260 -> 0.0153  accuracy: 99.03% -> 99.03%     
client [17] (testset)   loss: 0.0171 -> 0.0204  accuracy: 99.61% -> 99.22%     
client [54] (testset)   loss: 0.0607 -> 0.1784  accuracy: 97.67% -> 93.02%     
client [23] (testset)   loss: 0.1179 -> 0.0042  accuracy: 94.29% -> 100.00%    
client [35] (testset)   loss: 0.0473 -> 0.0241  accuracy: 98.04% -> 98.04%     
client [59] (testset)   loss: 0.0142 -> 0.0235  accuracy: 100.00% -> 100.00%   
client [31] (testset)   loss: 0.1929 -> 0.1295  accuracy: 85.71% -> 100.00%    
client [9]  (testset)   loss: 0.0489 -> 0.0429  accuracy: 98.53% -> 98.53%     
---------------------------- TRAINING EPOCH: 40 ----------------------------   
client [64] (testset)   loss: 0.0255 -> 0.0128  accuracy: 99.17% -> 99.72%     
client [33] (testset)   loss: 0.0668 -> 0.0616  accuracy: 99.18% -> 99.35%     
client [16] (testset)   loss: 0.0637 -> 0.0019  accuracy: 97.14% -> 100.00%    
client [44] (testset)   loss: 0.0912 -> 0.0405  accuracy: 97.31% -> 98.81%     
client [8]  (testset)   loss: 0.0188 -> 0.0021  accuracy: 100.00% -> 100.00%   
client [31] (testset)   loss: 0.3832 -> 0.1263  accuracy: 85.71% -> 100.00%    
client [47] (testset)   loss: 0.0905 -> 0.0020  accuracy: 96.59% -> 100.00%    
client [36] (testset)   loss: 0.1056 -> 0.0371  accuracy: 96.45% -> 98.98%     
client [20] (testset)   loss: 0.1647 -> 0.0968  accuracy: 96.38% -> 97.29%     
client [56] (testset)   loss: 0.0347 -> 0.0234  accuracy: 97.85% -> 98.92%     
---------------------------- TRAINING EPOCH: 50 ----------------------------   
client [4]  (testset)   loss: 0.0196 -> 0.0037  accuracy: 99.27% -> 100.00%    
client [60] (testset)   loss: 0.1362 -> 0.0486  accuracy: 95.00% -> 99.00%     
client [28] (testset)   loss: 0.0006 -> 0.0002  accuracy: 100.00% -> 100.00%   
client [25] (testset)   loss: 0.0342 -> 0.0009  accuracy: 97.70% -> 100.00%    
client [58] (testset)   loss: 0.0287 -> 0.0450  accuracy: 99.29% -> 98.58%     
client [44] (testset)   loss: 0.0720 -> 0.0343  accuracy: 97.91% -> 99.10%     
client [39] (testset)   loss: 0.0144 -> 0.0052  accuracy: 99.51% -> 100.00%    
client [29] (testset)   loss: 0.0286 -> 0.0262  accuracy: 98.89% -> 99.26%     
client [3]  (testset)   loss: 0.0259 -> 0.0183  accuracy: 98.74% -> 99.58%     
client [84] (testset)   loss: 0.0753 -> 0.0145  accuracy: 100.00% -> 100.00%   
---------------------------- TRAINING EPOCH: 60 ----------------------------   
client [21] (testset)   loss: 0.0343 -> 0.0136  accuracy: 99.02% -> 99.02%     
client [84] (testset)   loss: 0.0147 -> 0.0071  accuracy: 100.00% -> 100.00%   
client [10] (testset)   loss: 0.0089 -> 0.0009  accuracy: 100.00% -> 100.00%   
client [36] (testset)   loss: 0.0433 -> 0.0372  accuracy: 98.48% -> 98.98%     
client [65] (testset)   loss: 0.0613 -> 0.0197  accuracy: 98.74% -> 99.16%     
client [81] (testset)   loss: 0.0486 -> 0.0194  accuracy: 99.38% -> 99.38%     
client [79] (testset)   loss: 0.0099 -> 0.0020  accuracy: 100.00% -> 100.00%   
client [42] (testset)   loss: 0.1222 -> 0.1278  accuracy: 97.27% -> 97.81%     
client [11] (testset)   loss: 0.0001 -> 0.0002  accuracy: 100.00% -> 100.00%   
client [96] (testset)   loss: 0.0224 -> 0.0045  accuracy: 99.02% -> 100.00%    
---------------------------- TRAINING EPOCH: 70 ----------------------------   
client [8]  (testset)   loss: 0.0158 -> 0.0067  accuracy: 100.00% -> 100.00%   
client [53] (testset)   loss: 0.0211 -> 0.0158  accuracy: 100.00% -> 100.00%   
client [52] (testset)   loss: 0.0341 -> 0.0001  accuracy: 98.68% -> 100.00%    
client [42] (testset)   loss: 0.1320 -> 0.1351  accuracy: 96.72% -> 98.36%     
client [69] (testset)   loss: 0.0119 -> 0.0108  accuracy: 99.64% -> 99.45%     
client [59] (testset)   loss: 0.0059 -> 0.0109  accuracy: 100.00% -> 100.00%   
client [7]  (testset)   loss: 0.0051 -> 0.0014  accuracy: 100.00% -> 100.00%   
client [26] (testset)   loss: 0.0560 -> 0.0827  accuracy: 95.83% -> 95.83%     
client [49] (testset)   loss: 0.0049 -> 0.0007  accuracy: 99.55% -> 100.00%    
client [98] (testset)   loss: 0.0421 -> 0.0159  accuracy: 100.00% -> 100.00%   
---------------------------- TRAINING EPOCH: 80 ----------------------------   
client [98] (testset)   loss: 0.0123 -> 0.0080  accuracy: 100.00% -> 100.00%   
client [47] (testset)   loss: 0.0402 -> 0.0015  accuracy: 97.73% -> 100.00%    
client [21] (testset)   loss: 0.0126 -> 0.0099  accuracy: 99.02% -> 100.00%    
client [77] (testset)   loss: 0.0575 -> 0.0392  accuracy: 97.95% -> 97.95%     
client [95] (testset)   loss: 0.0127 -> 0.0016  accuracy: 99.64% -> 100.00%    
client [91] (testset)   loss: 0.0171 -> 0.0134  accuracy: 99.50% -> 99.67%     
client [14] (testset)   loss: 0.0408 -> 0.0349  accuracy: 98.61% -> 98.61%     
client [99] (testset)   loss: 0.1563 -> 0.0600  accuracy: 95.24% -> 95.24%     
client [20] (testset)   loss: 0.0973 -> 0.0759  accuracy: 97.29% -> 97.74%     
client [39] (testset)   loss: 0.0086 -> 0.0023  accuracy: 99.75% -> 100.00%    
---------------------------- TRAINING EPOCH: 90 ----------------------------   
client [52] (testset)   loss: 0.0039 -> 0.0001  accuracy: 100.00% -> 100.00%   
client [62] (testset)   loss: 0.0006 -> 0.0004  accuracy: 100.00% -> 100.00%   
client [71] (testset)   loss: 0.0015 -> 0.0016  accuracy: 100.00% -> 100.00%   
client [97] (testset)   loss: 0.0033 -> 0.0021  accuracy: 100.00% -> 100.00%   
client [30] (testset)   loss: 0.0026 -> 0.0419  accuracy: 100.00% -> 97.50%    
client [88] (testset)   loss: 0.1085 -> 0.0203  accuracy: 97.06% -> 98.53%     
client [60] (testset)   loss: 0.1301 -> 0.0354  accuracy: 96.00% -> 99.00%     
client [82] (testset)   loss: 0.0379 -> 0.0626  accuracy: 98.59% -> 97.18%     
client [91] (testset)   loss: 0.0122 -> 0.0131  accuracy: 99.67% -> 99.50%     
client [57] (testset)   loss: 0.0031 -> 0.0120  accuracy: 100.00% -> 99.52%    
---------------------------- TRAINING EPOCH: 100 ----------------------------  
client [31] (testset)   loss: 0.0264 -> 0.0107  accuracy: 100.00% -> 100.00%   
client [15] (testset)   loss: 0.1203 -> 0.0620  accuracy: 96.33% -> 99.08%     
client [71] (testset)   loss: 0.0014 -> 0.0012  accuracy: 100.00% -> 100.00%   
client [97] (testset)   loss: 0.0029 -> 0.0029  accuracy: 100.00% -> 100.00%   
client [53] (testset)   loss: 0.0171 -> 0.0025  accuracy: 100.00% -> 100.00%   
client [77] (testset)   loss: 0.0690 -> 0.0415  accuracy: 97.95% -> 97.95%     
client [76] (testset)   loss: 0.0075 -> 0.0589  accuracy: 100.00% -> 98.70%    
client [79] (testset)   loss: 0.0091 -> 0.0007  accuracy: 100.00% -> 100.00%   
client [28] (testset)   loss: 0.0003 -> 0.0000  accuracy: 100.00% -> 100.00%   
client [99] (testset)   loss: 0.1724 -> 0.1078  accuracy: 90.48% -> 95.24%     
---------------------------- TRAINING EPOCH: 110 ----------------------------  
client [97] (testset)   loss: 0.0073 -> 0.0034  accuracy: 99.67% -> 99.67%     
client [86] (testset)   loss: 0.0157 -> 0.0030  accuracy: 99.18% -> 100.00%    
client [34] (testset)   loss: 0.2124 -> 0.2654  accuracy: 94.44% -> 94.44%     
client [73] (testset)   loss: 0.0236 -> 0.0838  accuracy: 100.00% -> 97.06%    
client [5]  (testset)   loss: 0.0382 -> 0.0373  accuracy: 98.62% -> 98.62%     
client [96] (testset)   loss: 0.0171 -> 0.0021  accuracy: 99.02% -> 100.00%    
client [22] (testset)   loss: 0.0057 -> 0.0010  accuracy: 100.00% -> 100.00%   
client [60] (testset)   loss: 0.1184 -> 0.0548  accuracy: 96.00% -> 99.00%     
client [66] (testset)   loss: 0.0199 -> 0.0064  accuracy: 98.23% -> 100.00%    
client [83] (testset)   loss: 0.0939 -> 0.1051  accuracy: 97.51% -> 97.15%     
---------------------------- TRAINING EPOCH: 120 ----------------------------  
client [76] (testset)   loss: 0.0037 -> 0.0572  accuracy: 100.00% -> 98.70%    
client [65] (testset)   loss: 0.0594 -> 0.0330  accuracy: 98.32% -> 99.16%     
client [95] (testset)   loss: 0.0045 -> 0.0015  accuracy: 99.64% -> 100.00%    
client [17] (testset)   loss: 0.0059 -> 0.0157  accuracy: 100.00% -> 99.61%    
client [8]  (testset)   loss: 0.0514 -> 0.0126  accuracy: 97.62% -> 100.00%    
client [35] (testset)   loss: 0.0328 -> 0.0104  accuracy: 98.04% -> 100.00%    
client [98] (testset)   loss: 0.0251 -> 0.0108  accuracy: 100.00% -> 100.00%   
client [53] (testset)   loss: 0.0205 -> 0.0121  accuracy: 100.00% -> 100.00%   
client [43] (testset)   loss: 0.0831 -> 0.0565  accuracy: 98.40% -> 98.93%     
client [64] (testset)   loss: 0.0083 -> 0.0156  accuracy: 99.72% -> 99.72%     
---------------------------- TRAINING EPOCH: 130 ----------------------------  
client [21] (testset)   loss: 0.0067 -> 0.0071  accuracy: 100.00% -> 100.00%   
client [88] (testset)   loss: 0.0338 -> 0.0082  accuracy: 98.53% -> 100.00%    
client [38] (testset)   loss: 0.0331 -> 0.0098  accuracy: 98.25% -> 100.00%    
client [3]  (testset)   loss: 0.0132 -> 0.0127  accuracy: 99.79% -> 99.79%     
client [5]  (testset)   loss: 0.0168 -> 0.0287  accuracy: 99.31% -> 98.62%     
client [41] (testset)   loss: 0.0024 -> 0.0016  accuracy: 100.00% -> 100.00%   
client [7]  (testset)   loss: 0.0077 -> 0.0039  accuracy: 100.00% -> 100.00%   
client [37] (testset)   loss: 0.0864 -> 0.1184  accuracy: 96.97% -> 96.97%     
client [45] (testset)   loss: 0.0166 -> 0.0192  accuracy: 99.39% -> 99.39%     
client [47] (testset)   loss: 0.0130 -> 0.0007  accuracy: 100.00% -> 100.00%   
---------------------------- TRAINING EPOCH: 140 ----------------------------  
client [16] (testset)   loss: 0.0100 -> 0.0003  accuracy: 100.00% -> 100.00%   
client [11] (testset)   loss: 0.0000 -> 0.0000  accuracy: 100.00% -> 100.00%   
client [37] (testset)   loss: 0.1058 -> 0.1157  accuracy: 97.40% -> 96.97%     
client [41] (testset)   loss: 0.0019 -> 0.0015  accuracy: 100.00% -> 100.00%   
client [95] (testset)   loss: 0.0126 -> 0.0018  accuracy: 99.64% -> 100.00%    
client [53] (testset)   loss: 0.0386 -> 0.0274  accuracy: 96.00% -> 100.00%    
client [22] (testset)   loss: 0.0066 -> 0.0011  accuracy: 100.00% -> 100.00%   
client [25] (testset)   loss: 0.0143 -> 0.0004  accuracy: 100.00% -> 100.00%   
client [69] (testset)   loss: 0.0067 -> 0.0125  accuracy: 99.64% -> 99.64%     
client [46] (testset)   loss: 0.0248 -> 0.0315  accuracy: 99.55% -> 99.32%     
---------------------------- TRAINING EPOCH: 150 ----------------------------  
client [47] (testset)   loss: 0.0041 -> 0.0008  accuracy: 100.00% -> 100.00%   
client [69] (testset)   loss: 0.0098 -> 0.0081  accuracy: 99.45% -> 99.64%     
client [82] (testset)   loss: 0.0550 -> 0.0453  accuracy: 97.18% -> 97.18%     
client [45] (testset)   loss: 0.0149 -> 0.0189  accuracy: 99.69% -> 99.39%     
client [7]  (testset)   loss: 0.0041 -> 0.0024  accuracy: 100.00% -> 100.00%   
client [50] (testset)   loss: 0.0511 -> 0.0164  accuracy: 97.44% -> 99.49%     
client [35] (testset)   loss: 0.0293 -> 0.0174  accuracy: 98.04% -> 99.02%     
client [24] (testset)   loss: 0.0820 -> 0.1152  accuracy: 97.30% -> 97.30%     
client [15] (testset)   loss: 0.0801 -> 0.0590  accuracy: 99.08% -> 99.08%     
client [58] (testset)   loss: 0.0424 -> 0.0523  accuracy: 97.16% -> 98.58%     
---------------------------- TRAINING EPOCH: 160 ----------------------------  
client [48] (testset)   loss: 0.0014 -> 0.0005  accuracy: 100.00% -> 100.00%   
client [76] (testset)   loss: 0.0090 -> 0.0589  accuracy: 100.00% -> 98.70%    
client [67] (testset)   loss: 0.0014 -> 0.0000  accuracy: 100.00% -> 100.00%   
client [37] (testset)   loss: 0.0995 -> 0.1157  accuracy: 97.40% -> 96.97%     
client [58] (testset)   loss: 0.0503 -> 0.0566  accuracy: 98.58% -> 98.58%     
client [64] (testset)   loss: 0.0189 -> 0.0154  accuracy: 99.17% -> 99.44%     
client [77] (testset)   loss: 0.0487 -> 0.0411  accuracy: 98.63% -> 99.32%     
client [55] (testset)   loss: 0.0141 -> 0.0078  accuracy: 99.49% -> 99.74%     
client [12] (testset)   loss: 0.0268 -> 0.0202  accuracy: 99.01% -> 99.01%     
client [89] (testset)   loss: 0.0007 -> 0.0009  accuracy: 100.00% -> 100.00%   
---------------------------- TRAINING EPOCH: 170 ----------------------------  
client [84] (testset)   loss: 0.0019 -> 0.0013  accuracy: 100.00% -> 100.00%   
client [51] (testset)   loss: 0.0088 -> 0.0018  accuracy: 100.00% -> 100.00%   
client [8]  (testset)   loss: 0.0465 -> 0.0068  accuracy: 97.62% -> 100.00%    
client [18] (testset)   loss: 0.0135 -> 0.0113  accuracy: 99.31% -> 99.66%     
client [94] (testset)   loss: 0.0000 -> 0.0000  accuracy: 100.00% -> 100.00%   
client [81] (testset)   loss: 0.0440 -> 0.0296  accuracy: 99.38% -> 99.38%     
client [3]  (testset)   loss: 0.0146 -> 0.0116  accuracy: 99.58% -> 99.58%     
client [11] (testset)   loss: 0.0000 -> 0.0000  accuracy: 100.00% -> 100.00%   
client [95] (testset)   loss: 0.0021 -> 0.0011  accuracy: 100.00% -> 100.00%   
client [67] (testset)   loss: 0.0006 -> 0.0001  accuracy: 100.00% -> 100.00%   
---------------------------- TRAINING EPOCH: 180 ----------------------------  
client [21] (testset)   loss: 0.0045 -> 0.0074  accuracy: 100.00% -> 100.00%   
client [79] (testset)   loss: 0.0005 -> 0.0004  accuracy: 100.00% -> 100.00%   
client [58] (testset)   loss: 0.0445 -> 0.0512  accuracy: 98.58% -> 98.58%     
client [88] (testset)   loss: 0.0290 -> 0.0110  accuracy: 98.53% -> 98.53%     
client [46] (testset)   loss: 0.0250 -> 0.0361  accuracy: 99.55% -> 99.32%     
client [11] (testset)   loss: 0.0000 -> 0.0000  accuracy: 100.00% -> 100.00%   
client [55] (testset)   loss: 0.0155 -> 0.0091  accuracy: 99.74% -> 99.74%     
client [13] (testset)   loss: 0.0711 -> 0.0548  accuracy: 91.67% -> 95.83%     
client [31] (testset)   loss: 0.0021 -> 0.0016  accuracy: 100.00% -> 100.00%   
client [75] (testset)   loss: 0.0129 -> 0.0227  accuracy: 99.38% -> 99.38%     
---------------------------- TRAINING EPOCH: 190 ----------------------------  
client [19] (testset)   loss: 0.0364 -> 0.0420  accuracy: 98.15% -> 98.15%     
client [7]  (testset)   loss: 0.0020 -> 0.0015  accuracy: 100.00% -> 100.00%   
client [57] (testset)   loss: 0.0004 -> 0.0007  accuracy: 100.00% -> 100.00%   
client [13] (testset)   loss: 0.0170 -> 0.0119  accuracy: 100.00% -> 100.00%   
client [43] (testset)   loss: 0.0987 -> 0.0644  accuracy: 97.86% -> 99.47%     
client [91] (testset)   loss: 0.0165 -> 0.0181  accuracy: 99.67% -> 99.50%     
client [10] (testset)   loss: 0.0014 -> 0.0007  accuracy: 100.00% -> 100.00%   
client [64] (testset)   loss: 0.0096 -> 0.0084  accuracy: 99.72% -> 99.72%     
client [82] (testset)   loss: 0.0141 -> 0.0296  accuracy: 100.00% -> 97.18%    
client [22] (testset)   loss: 0.0014 -> 0.0008  accuracy: 100.00% -> 100.00%   
---------------------------- TRAINING EPOCH: 200 ----------------------------  
client [20] (testset)   loss: 0.0609 -> 0.0530  accuracy: 97.74% -> 98.64%     
client [23] (testset)   loss: 0.0008 -> 0.0004  accuracy: 100.00% -> 100.00%   
client [88] (testset)   loss: 0.0392 -> 0.0121  accuracy: 98.53% -> 98.53%     
client [98] (testset)   loss: 0.0102 -> 0.0104  accuracy: 100.00% -> 100.00%   
client [79] (testset)   loss: 0.0006 -> 0.0004  accuracy: 100.00% -> 100.00%   
client [21] (testset)   loss: 0.0018 -> 0.0043  accuracy: 100.00% -> 100.00%   
client [92] (testset)   loss: 0.0000 -> 0.0000  accuracy: 100.00% -> 100.00%   
client [56] (testset)   loss: 0.0054 -> 0.0176  accuracy: 100.00% -> 98.92%    
client [5]  (testset)   loss: 0.0310 -> 0.0377  accuracy: 98.62% -> 98.62%     
client [52] (testset)   loss: 0.0001 -> 0.0000  accuracy: 100.00% -> 100.00%   
---------------------------- TRAINING EPOCH: 210 ----------------------------  
client [67] (testset)   loss: 0.0000 -> 0.0000  accuracy: 100.00% -> 100.00%   
client [54] (testset)   loss: 0.0113 -> 0.0219  accuracy: 100.00% -> 97.67%    
client [14] (testset)   loss: 0.0261 -> 0.0417  accuracy: 98.61% -> 98.61%     
client [99] (testset)   loss: 0.1350 -> 0.1421  accuracy: 95.24% -> 95.24%     
client [36] (testset)   loss: 0.0289 -> 0.0260  accuracy: 98.48% -> 98.48%     
client [30] (testset)   loss: 0.0018 -> 0.0468  accuracy: 100.00% -> 97.50%    
client [38] (testset)   loss: 0.0336 -> 0.0288  accuracy: 98.25% -> 98.25%     
client [15] (testset)   loss: 0.0812 -> 0.0752  accuracy: 99.08% -> 99.08%     
client [6]  (testset)   loss: 0.0237 -> 0.0149  accuracy: 99.22% -> 99.74%     
client [53] (testset)   loss: 0.0473 -> 0.0386  accuracy: 100.00% -> 100.00%   
---------------------------- TRAINING EPOCH: 220 ----------------------------  
client [99] (testset)   loss: 0.1107 -> 0.0878  accuracy: 95.24% -> 95.24%     
client [6]  (testset)   loss: 0.0152 -> 0.0123  accuracy: 99.48% -> 99.74%     
client [83] (testset)   loss: 0.1007 -> 0.1019  accuracy: 96.80% -> 97.15%     
client [42] (testset)   loss: 0.1476 -> 0.1583  accuracy: 98.91% -> 97.81%     
client [34] (testset)   loss: 0.1804 -> 0.2378  accuracy: 94.44% -> 94.44%     
client [15] (testset)   loss: 0.0822 -> 0.0743  accuracy: 98.17% -> 99.08%     
client [47] (testset)   loss: 0.0014 -> 0.0010  accuracy: 100.00% -> 100.00%   
client [55] (testset)   loss: 0.0167 -> 0.0128  accuracy: 99.49% -> 99.74%     
client [51] (testset)   loss: 0.0006 -> 0.0004  accuracy: 100.00% -> 100.00%   
client [95] (testset)   loss: 0.0054 -> 0.0024  accuracy: 99.64% -> 100.00%    
---------------------------- TRAINING EPOCH: 230 ----------------------------  
client [71] (testset)   loss: 0.0025 -> 0.0007  accuracy: 99.77% -> 100.00%    
client [15] (testset)   loss: 0.0720 -> 0.0655  accuracy: 99.08% -> 99.08%     
client [33] (testset)   loss: 0.0749 -> 0.0632  accuracy: 99.18% -> 99.51%     
client [99] (testset)   loss: 0.1149 -> 0.1025  accuracy: 95.24% -> 95.24%     
client [90] (testset)   loss: 0.0371 -> 0.0365  accuracy: 98.54% -> 98.91%     
client [57] (testset)   loss: 0.0015 -> 0.0016  accuracy: 100.00% -> 100.00%   
client [27] (testset)   loss: 0.0036 -> 0.0025  accuracy: 100.00% -> 100.00%   
client [78] (testset)   loss: 0.0290 -> 0.0285  accuracy: 99.36% -> 98.73%     
client [36] (testset)   loss: 0.0316 -> 0.0285  accuracy: 98.48% -> 98.48%     
client [88] (testset)   loss: 0.0771 -> 0.0316  accuracy: 97.06% -> 98.53%     
---------------------------- TRAINING EPOCH: 240 ----------------------------  
client [70] (testset)   loss: 0.0179 -> 0.0195  accuracy: 99.45% -> 99.27%     
client [35] (testset)   loss: 0.0273 -> 0.0149  accuracy: 99.02% -> 100.00%    
client [16] (testset)   loss: 0.0007 -> 0.0002  accuracy: 100.00% -> 100.00%   
client [80] (testset)   loss: 0.0002 -> 0.0001  accuracy: 100.00% -> 100.00%   
client [38] (testset)   loss: 0.0423 -> 0.0428  accuracy: 98.25% -> 98.25%     
client [78] (testset)   loss: 0.0296 -> 0.0277  accuracy: 99.36% -> 98.73%     
client [68] (testset)   loss: 0.0212 -> 0.0628  accuracy: 98.31% -> 98.31%     
client [11] (testset)   loss: 0.0000 -> 0.0000  accuracy: 100.00% -> 100.00%   
client [64] (testset)   loss: 0.0056 -> 0.0092  accuracy: 99.44% -> 99.72%     
client [82] (testset)   loss: 0.0177 -> 0.0365  accuracy: 98.59% -> 98.59%     
---------------------------- TRAINING EPOCH: 250 ----------------------------  
client [30] (testset)   loss: 0.0052 -> 0.0760  accuracy: 100.00% -> 97.50%    
client [27] (testset)   loss: 0.0020 -> 0.0017  accuracy: 100.00% -> 100.00%   
client [74] (testset)   loss: 0.1343 -> 0.1486  accuracy: 98.77% -> 98.77%     
client [45] (testset)   loss: 0.0139 -> 0.0164  accuracy: 99.69% -> 99.39%     
client [6]  (testset)   loss: 0.0157 -> 0.0166  accuracy: 99.48% -> 99.48%     
client [36] (testset)   loss: 0.0367 -> 0.0337  accuracy: 98.48% -> 98.48%     
client [63] (testset)   loss: 0.0112 -> 0.0071  accuracy: 99.27% -> 100.00%    
client [76] (testset)   loss: 0.0172 -> 0.0612  accuracy: 98.70% -> 98.70%     
client [83] (testset)   loss: 0.1170 -> 0.1238  accuracy: 97.86% -> 97.51%     
client [86] (testset)   loss: 0.0102 -> 0.0007  accuracy: 99.45% -> 100.00%    
---------------------------- TRAINING EPOCH: 260 ----------------------------  
client [83] (testset)   loss: 0.1108 -> 0.1194  accuracy: 97.86% -> 97.15%     
client [99] (testset)   loss: 0.0791 -> 0.1369  accuracy: 95.24% -> 95.24%     
client [74] (testset)   loss: 0.1411 -> 0.1495  accuracy: 98.77% -> 98.77%     
client [73] (testset)   loss: 0.0605 -> 0.1224  accuracy: 97.06% -> 97.06%     
client [29] (testset)   loss: 0.0243 -> 0.0259  accuracy: 99.63% -> 99.63%     
client [92] (testset)   loss: 0.0000 -> 0.0000  accuracy: 100.00% -> 100.00%   
client [6]  (testset)   loss: 0.0219 -> 0.0171  accuracy: 99.48% -> 99.48%     
client [61] (testset)   loss: 0.0003 -> 0.0001  accuracy: 100.00% -> 100.00%   
client [21] (testset)   loss: 0.0013 -> 0.0016  accuracy: 100.00% -> 100.00%   
client [67] (testset)   loss: 0.0000 -> 0.0000  accuracy: 100.00% -> 100.00%   
---------------------------- TRAINING EPOCH: 270 ----------------------------  
client [83] (testset)   loss: 0.1156 -> 0.1282  accuracy: 97.86% -> 97.15%     
client [32] (testset)   loss: 0.0809 -> 0.0782  accuracy: 98.41% -> 98.41%     
client [95] (testset)   loss: 0.0034 -> 0.0024  accuracy: 99.64% -> 100.00%    
client [61] (testset)   loss: 0.0003 -> 0.0001  accuracy: 100.00% -> 100.00%   
client [27] (testset)   loss: 0.0023 -> 0.0023  accuracy: 100.00% -> 100.00%   
client [25] (testset)   loss: 0.0005 -> 0.0001  accuracy: 100.00% -> 100.00%   
client [68] (testset)   loss: 0.0312 -> 0.0648  accuracy: 98.31% -> 98.31%     
client [34] (testset)   loss: 0.1969 -> 0.2309  accuracy: 94.44% -> 94.44%     
client [71] (testset)   loss: 0.0008 -> 0.0007  accuracy: 100.00% -> 100.00%   
client [89] (testset)   loss: 0.0001 -> 0.0001  accuracy: 100.00% -> 100.00%   
---------------------------- TRAINING EPOCH: 280 ----------------------------  
client [78] (testset)   loss: 0.0302 -> 0.0283  accuracy: 99.36% -> 98.73%     
client [81] (testset)   loss: 0.0540 -> 0.0412  accuracy: 99.38% -> 99.38%     
client [51] (testset)   loss: 0.0002 -> 0.0002  accuracy: 100.00% -> 100.00%   
client [54] (testset)   loss: 0.0243 -> 0.0297  accuracy: 97.67% -> 97.67%     
client [65] (testset)   loss: 0.0486 -> 0.0329  accuracy: 98.74% -> 98.74%     
client [41] (testset)   loss: 0.0007 -> 0.0005  accuracy: 100.00% -> 100.00%   
client [11] (testset)   loss: 0.0000 -> 0.0000  accuracy: 100.00% -> 100.00%   
client [85] (testset)   loss: 0.0524 -> 0.0498  accuracy: 98.96% -> 97.93%     
client [12] (testset)   loss: 0.0282 -> 0.0188  accuracy: 99.50% -> 99.50%     
client [23] (testset)   loss: 0.0009 -> 0.0004  accuracy: 100.00% -> 100.00%   
---------------------------- TRAINING EPOCH: 290 ----------------------------  
client [16] (testset)   loss: 0.0064 -> 0.0008  accuracy: 100.00% -> 100.00%   
client [65] (testset)   loss: 0.0446 -> 0.0372  accuracy: 98.74% -> 99.16%     
client [53] (testset)   loss: 0.0272 -> 0.0243  accuracy: 100.00% -> 100.00%   
client [58] (testset)   loss: 0.0363 -> 0.0423  accuracy: 98.58% -> 98.58%     
client [72] (testset)   loss: 0.0005 -> 0.0002  accuracy: 100.00% -> 100.00%   
client [7]  (testset)   loss: 0.0013 -> 0.0011  accuracy: 100.00% -> 100.00%   
client [71] (testset)   loss: 0.0010 -> 0.0007  accuracy: 100.00% -> 100.00%   
client [59] (testset)   loss: 0.0002 -> 0.0003  accuracy: 100.00% -> 100.00%   
client [86] (testset)   loss: 0.0020 -> 0.0007  accuracy: 100.00% -> 100.00%   
client [39] (testset)   loss: 0.0008 -> 0.0006  accuracy: 100.00% -> 100.00%   
---------------------------- TRAINING EPOCH: 300 ----------------------------  
client [99] (testset)   loss: 0.0932 -> 0.1190  accuracy: 95.24% -> 95.24%     
client [7]  (testset)   loss: 0.0008 -> 0.0007  accuracy: 100.00% -> 100.00%   
client [17] (testset)   loss: 0.0100 -> 0.0091  accuracy: 99.61% -> 99.61%     
client [64] (testset)   loss: 0.0107 -> 0.0100  accuracy: 99.44% -> 99.72%     
client [37] (testset)   loss: 0.1206 -> 0.1117  accuracy: 97.84% -> 96.97%     
client [29] (testset)   loss: 0.0282 -> 0.0281  accuracy: 99.63% -> 99.63%     
client [93] (testset)   loss: 0.0026 -> 0.0011  accuracy: 100.00% -> 100.00%   
client [73] (testset)   loss: 0.0643 -> 0.1355  accuracy: 97.06% -> 97.06%     
client [40] (testset)   loss: 0.0005 -> 0.0003  accuracy: 100.00% -> 100.00%   
client [76] (testset)   loss: 0.0545 -> 0.0757  accuracy: 98.70% -> 98.70%     
---------------------------- TRAINING EPOCH: 310 ----------------------------  
client [31] (testset)   loss: 0.0062 -> 0.0055  accuracy: 100.00% -> 100.00%   
client [89] (testset)   loss: 0.0001 -> 0.0001  accuracy: 100.00% -> 100.00%   
client [77] (testset)   loss: 0.0480 -> 0.0465  accuracy: 98.63% -> 99.32%     
client [90] (testset)   loss: 0.0476 -> 0.0440  accuracy: 98.91% -> 98.91%     
client [26] (testset)   loss: 0.0506 -> 0.0768  accuracy: 100.00% -> 95.83%    
client [50] (testset)   loss: 0.0044 -> 0.0072  accuracy: 100.00% -> 100.00%   
client [30] (testset)   loss: 0.0081 -> 0.0486  accuracy: 100.00% -> 97.50%    
client [70] (testset)   loss: 0.0157 -> 0.0173  accuracy: 99.45% -> 99.45%     
client [41] (testset)   loss: 0.0008 -> 0.0004  accuracy: 100.00% -> 100.00%   
client [99] (testset)   loss: 0.1337 -> 0.1308  accuracy: 95.24% -> 95.24%     
---------------------------- TRAINING EPOCH: 320 ----------------------------  
client [68] (testset)   loss: 0.0632 -> 0.0711  accuracy: 98.31% -> 98.31%     
client [70] (testset)   loss: 0.0209 -> 0.0191  accuracy: 99.45% -> 99.63%     
client [52] (testset)   loss: 0.0000 -> 0.0000  accuracy: 100.00% -> 100.00%   
client [1]  (testset)   loss: 0.0419 -> 0.0354  accuracy: 98.33% -> 98.33%     
client [2]  (testset)   loss: 0.0057 -> 0.0031  accuracy: 99.43% -> 100.00%    
client [67] (testset)   loss: 0.0000 -> 0.0000  accuracy: 100.00% -> 100.00%   
client [92] (testset)   loss: 0.0000 -> 0.0000  accuracy: 100.00% -> 100.00%   
client [35] (testset)   loss: 0.0359 -> 0.0183  accuracy: 98.04% -> 99.02%     
client [36] (testset)   loss: 0.0206 -> 0.0234  accuracy: 98.48% -> 98.48%     
client [64] (testset)   loss: 0.0071 -> 0.0101  accuracy: 99.72% -> 99.72%     
---------------------------- TRAINING EPOCH: 330 ----------------------------  
client [44] (testset)   loss: 0.0362 -> 0.0383  accuracy: 98.81% -> 99.10%     
client [6]  (testset)   loss: 0.0136 -> 0.0152  accuracy: 99.74% -> 99.48%     
client [12] (testset)   loss: 0.0274 -> 0.0264  accuracy: 99.50% -> 99.50%     
client [55] (testset)   loss: 0.0161 -> 0.0134  accuracy: 99.74% -> 99.74%     
client [29] (testset)   loss: 0.0219 -> 0.0228  accuracy: 99.26% -> 99.63%     
client [9]  (testset)   loss: 0.0332 -> 0.0350  accuracy: 99.02% -> 99.02%     
client [43] (testset)   loss: 0.0932 -> 0.0774  accuracy: 98.93% -> 98.93%     
client [77] (testset)   loss: 0.0470 -> 0.0477  accuracy: 99.32% -> 99.32%     
client [98] (testset)   loss: 0.0077 -> 0.0067  accuracy: 100.00% -> 100.00%   
client [78] (testset)   loss: 0.0314 -> 0.0299  accuracy: 98.73% -> 98.73%     
---------------------------- TRAINING EPOCH: 340 ----------------------------  
client [92] (testset)   loss: 0.0000 -> 0.0000  accuracy: 100.00% -> 100.00%   
client [80] (testset)   loss: 0.0002 -> 0.0001  accuracy: 100.00% -> 100.00%   
client [63] (testset)   loss: 0.0083 -> 0.0063  accuracy: 100.00% -> 100.00%   
client [76] (testset)   loss: 0.0294 -> 0.0600  accuracy: 98.70% -> 98.70%     
client [78] (testset)   loss: 0.0337 -> 0.0316  accuracy: 98.73% -> 98.73%     
client [25] (testset)   loss: 0.0003 -> 0.0001  accuracy: 100.00% -> 100.00%   
client [58] (testset)   loss: 0.0287 -> 0.0353  accuracy: 99.29% -> 99.29%     
client [13] (testset)   loss: 0.0070 -> 0.0099  accuracy: 100.00% -> 100.00%   
client [17] (testset)   loss: 0.0069 -> 0.0092  accuracy: 99.61% -> 99.61%     
client [38] (testset)   loss: 0.0580 -> 0.0572  accuracy: 98.25% -> 98.25%     
---------------------------- TRAINING EPOCH: 350 ----------------------------  
client [72] (testset)   loss: 0.0005 -> 0.0002  accuracy: 100.00% -> 100.00%   
client [82] (testset)   loss: 0.0459 -> 0.0442  accuracy: 98.59% -> 98.59%     
client [86] (testset)   loss: 0.0019 -> 0.0006  accuracy: 100.00% -> 100.00%   
client [51] (testset)   loss: 0.0001 -> 0.0001  accuracy: 100.00% -> 100.00%   
client [96] (testset)   loss: 0.0062 -> 0.0045  accuracy: 100.00% -> 100.00%   
client [42] (testset)   loss: 0.1489 -> 0.1578  accuracy: 98.91% -> 98.36%     
client [55] (testset)   loss: 0.0145 -> 0.0130  accuracy: 99.74% -> 99.74%     
client [13] (testset)   loss: 0.0278 -> 0.0271  accuracy: 100.00% -> 100.00%   
client [1]  (testset)   loss: 0.0430 -> 0.0356  accuracy: 98.33% -> 98.33%     
client [12] (testset)   loss: 0.0248 -> 0.0244  accuracy: 99.50% -> 99.50%     
---------------------------- TRAINING EPOCH: 360 ----------------------------  
client [68] (testset)   loss: 0.0573 -> 0.0723  accuracy: 98.31% -> 98.31%     
client [23] (testset)   loss: 0.0004 -> 0.0002  accuracy: 100.00% -> 100.00%   
client [46] (testset)   loss: 0.0343 -> 0.0375  accuracy: 99.55% -> 99.55%     
client [41] (testset)   loss: 0.0003 -> 0.0003  accuracy: 100.00% -> 100.00%   
client [25] (testset)   loss: 0.0002 -> 0.0001  accuracy: 100.00% -> 100.00%   
client [58] (testset)   loss: 0.0394 -> 0.0431  accuracy: 99.29% -> 99.29%     
client [14] (testset)   loss: 0.0472 -> 0.0530  accuracy: 98.61% -> 98.61%     
client [33] (testset)   loss: 0.0764 -> 0.0778  accuracy: 99.18% -> 99.18%     
client [85] (testset)   loss: 0.0501 -> 0.0496  accuracy: 98.45% -> 98.45%     
client [62] (testset)   loss: 0.0002 -> 0.0002  accuracy: 100.00% -> 100.00%   
---------------------------- TRAINING EPOCH: 370 ----------------------------  
client [98] (testset)   loss: 0.0154 -> 0.0165  accuracy: 100.00% -> 100.00%   
client [63] (testset)   loss: 0.0069 -> 0.0051  accuracy: 100.00% -> 100.00%   
client [70] (testset)   loss: 0.0193 -> 0.0210  accuracy: 99.27% -> 99.45%     
client [65] (testset)   loss: 0.0532 -> 0.0462  accuracy: 98.74% -> 98.74%     
client [14] (testset)   loss: 0.0473 -> 0.0551  accuracy: 98.61% -> 98.61%     
client [73] (testset)   loss: 0.0704 -> 0.1072  accuracy: 97.06% -> 97.06%     
client [34] (testset)   loss: 0.1878 -> 0.2137  accuracy: 94.44% -> 94.44%     
client [99] (testset)   loss: 0.1486 -> 0.1519  accuracy: 95.24% -> 95.24%     
client [69] (testset)   loss: 0.0032 -> 0.0033  accuracy: 100.00% -> 99.82%    
client [46] (testset)   loss: 0.0326 -> 0.0383  accuracy: 99.55% -> 99.55%     
---------------------------- TRAINING EPOCH: 380 ----------------------------  
client [99] (testset)   loss: 0.1050 -> 0.1195  accuracy: 95.24% -> 95.24%     
client [93] (testset)   loss: 0.0024 -> 0.0008  accuracy: 100.00% -> 100.00%   
client [11] (testset)   loss: 0.0000 -> 0.0000  accuracy: 100.00% -> 100.00%   
client [58] (testset)   loss: 0.0388 -> 0.0425  accuracy: 99.29% -> 99.29%     
client [81] (testset)   loss: 0.0536 -> 0.0444  accuracy: 99.38% -> 99.38%     
client [85] (testset)   loss: 0.0453 -> 0.0480  accuracy: 98.45% -> 98.45%     
client [89] (testset)   loss: 0.0000 -> 0.0001  accuracy: 100.00% -> 100.00%   
client [45] (testset)   loss: 0.0191 -> 0.0253  accuracy: 99.69% -> 99.39%     
client [8]  (testset)   loss: 0.0244 -> 0.0156  accuracy: 97.62% -> 100.00%    
client [68] (testset)   loss: 0.0702 -> 0.0704  accuracy: 98.31% -> 98.31%     
---------------------------- TRAINING EPOCH: 390 ----------------------------  
client [67] (testset)   loss: 0.0000 -> 0.0000  accuracy: 100.00% -> 100.00%   
client [72] (testset)   loss: 0.0004 -> 0.0003  accuracy: 100.00% -> 100.00%   
client [1]  (testset)   loss: 0.0321 -> 0.0211  accuracy: 98.33% -> 98.33%     
client [78] (testset)   loss: 0.0365 -> 0.0322  accuracy: 98.73% -> 98.73%     
client [83] (testset)   loss: 0.1334 -> 0.1390  accuracy: 97.51% -> 97.15%     
client [21] (testset)   loss: 0.0017 -> 0.0042  accuracy: 100.00% -> 100.00%   
client [56] (testset)   loss: 0.0159 -> 0.0208  accuracy: 98.92% -> 98.92%     
client [44] (testset)   loss: 0.0462 -> 0.0430  accuracy: 98.81% -> 99.10%     
client [92] (testset)   loss: 0.0000 -> 0.0000  accuracy: 100.00% -> 100.00%   
client [27] (testset)   loss: 0.0036 -> 0.0027  accuracy: 100.00% -> 100.00%   
---------------------------- TRAINING EPOCH: 400 ----------------------------  
client [10] (testset)   loss: 0.0004 -> 0.0004  accuracy: 100.00% -> 100.00%   
client [39] (testset)   loss: 0.0014 -> 0.0007  accuracy: 100.00% -> 100.00%   
client [65] (testset)   loss: 0.0509 -> 0.0435  accuracy: 98.74% -> 98.74%     
client [26] (testset)   loss: 0.1245 -> 0.1355  accuracy: 95.83% -> 95.83%     
client [19] (testset)   loss: 0.0260 -> 0.0254  accuracy: 98.15% -> 98.15%     
client [68] (testset)   loss: 0.0531 -> 0.0617  accuracy: 98.31% -> 98.31%     
client [41] (testset)   loss: 0.0002 -> 0.0002  accuracy: 100.00% -> 100.00%   
client [50] (testset)   loss: 0.0056 -> 0.0062  accuracy: 100.00% -> 100.00%   
client [75] (testset)   loss: 0.0304 -> 0.0321  accuracy: 99.38% -> 99.38%     
client [81] (testset)   loss: 0.0604 -> 0.0504  accuracy: 99.38% -> 99.38%     
FedFewA's average time taken by each global epoch: 0 min 2.84 sec.             
FedFewA's total running time: 0 h 19 m 6 s.                                    
==================== FedFewA Experiment Results: ====================          
Display format: (before local fine-tuning) -> (after local fine-tuning)        
 So if finetune_epoch = 0, x.xx% -> 0.00% is normal.                           
 Centralized testing ONLY happens after model aggregation, so the stats between
'->' are the same.                                                             
{                                                                              
    "100": {                                                                   
        "all_clients": {                                                       
            "test": {                                                          
                "loss": "0.0361 -> 0.0000",                                    
                "accuracy": "98.97% -> 0.00%"                                  
            }                                                                  
        }                                                                      
    },                                                                         
    "200": {                                                                   
        "all_clients": {                                                       
            "test": {                                                          
                "loss": "0.0273 -> 0.0000",                                    
                "accuracy": "99.31% -> 0.00%"                                  
            }                                                                  
        }                                                                      
    },                                                                         
    "300": {                                                                   
        "all_clients": {                                                       
            "test": {                                                          
                "loss": "0.0281 -> 0.0000",                                    
                "accuracy": "99.38% -> 0.00%"                                  
            }                                                                  
        }                                                                      
    },                                                                         
    "400": {                                                                   
        "all_clients": {                                                       
            "test": {                                                          
                "loss": "0.0308 -> 0.0000",                                    
                "accuracy": "99.36% -> 0.00%"                                  
            }                                                                  
        }                                                                      
    }                                                                          
}                                                                              
==================== FedFewA Max Accuracy ====================                 
all_clients:                                                                   
(test) before fine-tuning: 99.38% at epoch 300                                 
(test) after fine-tuning: 0.00% at epoch 100                                   
