==================== FedDpag ====================                              
Experiment Arguments:                                                          
{
    'method': 'feddpag',
    'dataset': {
        'name': 'cifar100',
        'client_num': 100,
        'test_ratio': 0.25,
        'val_ratio': 0.0,
        'seed': 42,
        'split': 'sample',
        'IID_ratio': 0.0,
        'monitor_window_name_suffix': 'cifar100-100clients-0%IID-use20superclasses-Dir(0.1)-seed42',
        'super_class': False,
        'alpha': 0.1,
        'min_samples_per_client': 10
    },
    'model': {
        'name': 'avgcnn',
        'use_torchvision_pretrained_weights': True,
        'external_model_weights_path': None
    },
    'optimizer': {
        'lr': 0.01,
        'dampening': 0,
        'weight_decay': 0,
        'momentum': 0.7,
        'nesterov': False,
        'name': 'sgd'
    },
    'mode': 'parallel',
    'parallel': {
        'ray_cluster_addr': None,
        'num_cpus': 32.0,
        'num_gpus': 1.0,
        'num_workers': 2
    },
    'common': {
        'seed': 42,
        'join_ratio': 0.1,
        'global_epoch': 200,
        'local_epoch': 5,
        'batch_size': 32,
        'reset_optimizer_on_global_epoch': True,
        'straggler_ratio': 0,
        'straggler_min_local_epoch': 0,
        'buffers': 'global',
        'client_side_evaluation': True,
        'test': {
            'client': {
                'interval': 100,
                'finetune_epoch': 0,
                'train': False,
                'val': False,
                'test': True
            },
            'server': {
                'interval': -1,
                'train': False,
                'val': False,
                'test': True,
                'model_in_train_mode': False
            }
        },
        'verbose_gap': 10,
        'monitor': None,
        'use_cuda': True,
        'save_log': True,
        'save_model': False,
        'save_learning_curve_plot': True,
        'save_metrics': True,
        'delete_useless_run': True
    },
    'fedprox': {
        'mu': 0.01
    },
    'pfedsim': {
        'warmup_round': 0.5
    },
    'feddpag': {
        'fisher_threshold': 0.999
    }
}
---------------------------- TRAINING EPOCH: 10 ----------------------------   
client [81] (testset)   loss: 3.2505 -> 2.6668  accuracy: 26.49% -> 43.05%     
client [77] (testset)   loss: 3.4555 -> 2.2785  accuracy: 17.98% -> 44.94%     
client [21] (testset)   loss: 4.0313 -> 2.2973  accuracy: 13.61% -> 44.90%     
client [68] (testset)   loss: 3.4708 -> 2.5936  accuracy: 20.59% -> 42.44%     
client [93] (testset)   loss: 4.0309 -> 2.9532  accuracy: 8.00% -> 42.40%      
client [31] (testset)   loss: 3.4258 -> 2.4494  accuracy: 23.16% -> 47.89%     
client [20] (testset)   loss: 3.5475 -> 2.1076  accuracy: 19.80% -> 52.48%     
client [48] (testset)   loss: 3.4842 -> 2.9319  accuracy: 12.73% -> 39.39%     
client [59] (testset)   loss: 4.2415 -> 2.4757  accuracy: 9.01% -> 39.48%      
client [34] (testset)   loss: 3.5056 -> 3.1311  accuracy: 16.57% -> 30.39%     
---------------------------- TRAINING EPOCH: 20 ----------------------------   
client [99] (testset)   loss: 4.2938 -> 3.9826  accuracy: 5.84% -> 33.58%      
client [69] (testset)   loss: 3.2372 -> 2.1618  accuracy: 24.55% -> 53.07%     
client [67] (testset)   loss: 4.0123 -> 2.7693  accuracy: 18.13% -> 41.76%     
client [0]  (testset)   loss: 4.1685 -> 2.7452  accuracy: 10.78% -> 49.02%     
client [41] (testset)   loss: 4.1611 -> 2.8354  accuracy: 13.71% -> 39.52%     
client [76] (testset)   loss: 4.3207 -> 2.9290  accuracy: 10.06% -> 37.43%     
client [2]  (testset)   loss: 4.3289 -> 3.5114  accuracy: 10.71% -> 38.39%     
client [14] (testset)   loss: 4.0755 -> 3.0027  accuracy: 11.69% -> 35.06%     
client [62] (testset)   loss: 4.5665 -> 2.7100  accuracy: 6.80% -> 44.66%      
client [46] (testset)   loss: 4.4350 -> 2.5063  accuracy: 17.14% -> 59.05%     
---------------------------- TRAINING EPOCH: 30 ----------------------------   
client [24] (testset)   loss: 3.5626 -> 2.8673  accuracy: 18.97% -> 50.86%     
client [68] (testset)   loss: 3.9053 -> 3.0686  accuracy: 14.71% -> 47.06%     
client [57] (testset)   loss: 3.2129 -> 2.2015  accuracy: 24.54% -> 57.67%     
client [17] (testset)   loss: 3.6261 -> 3.3410  accuracy: 18.80% -> 39.85%     
client [54] (testset)   loss: 3.5830 -> 3.5090  accuracy: 23.33% -> 40.00%     
client [23] (testset)   loss: 4.0003 -> 2.8704  accuracy: 10.91% -> 39.09%     
client [35] (testset)   loss: 4.4800 -> 2.8724  accuracy: 11.22% -> 47.96%     
client [59] (testset)   loss: 3.5126 -> 3.0050  accuracy: 22.32% -> 39.91%     
client [31] (testset)   loss: 3.1467 -> 2.8981  accuracy: 29.47% -> 46.84%     
client [9]  (testset)   loss: 4.1340 -> 2.7608  accuracy: 18.12% -> 46.31%     
---------------------------- TRAINING EPOCH: 40 ----------------------------   
client [33] (testset)   loss: 3.6448 -> 3.0601  accuracy: 19.27% -> 39.45%     
client [64] (testset)   loss: 3.7354 -> 2.6216  accuracy: 14.86% -> 52.03%     
client [16] (testset)   loss: 3.6692 -> 2.9278  accuracy: 24.79% -> 39.67%     
client [44] (testset)   loss: 3.7020 -> 2.5982  accuracy: 21.57% -> 49.67%     
client [8]  (testset)   loss: 3.2284 -> 3.2384  accuracy: 33.67% -> 48.24%     
client [31] (testset)   loss: 3.6682 -> 2.7812  accuracy: 24.74% -> 48.95%     
client [47] (testset)   loss: 3.8228 -> 2.7709  accuracy: 17.39% -> 48.70%     
client [36] (testset)   loss: 3.3375 -> 2.4069  accuracy: 23.01% -> 44.25%     
client [56] (testset)   loss: 2.5606 -> 2.1966  accuracy: 40.48% -> 55.95%     
client [20] (testset)   loss: 3.3249 -> 2.2683  accuracy: 22.28% -> 57.43%     
---------------------------- TRAINING EPOCH: 50 ----------------------------   
client [60] (testset)   loss: 3.9368 -> 3.4713  accuracy: 18.18% -> 43.94%     
client [4]  (testset)   loss: 3.4843 -> 2.2953  accuracy: 26.35% -> 58.11%     
client [28] (testset)   loss: 3.5613 -> 2.3862  accuracy: 29.03% -> 50.00%     
client [25] (testset)   loss: 3.8246 -> 2.1716  accuracy: 15.62% -> 62.50%     
client [58] (testset)   loss: 3.7098 -> 3.2841  accuracy: 22.31% -> 43.08%     
client [44] (testset)   loss: 3.4235 -> 2.8116  accuracy: 28.10% -> 45.75%     
client [39] (testset)   loss: 3.3625 -> 2.5390  accuracy: 29.34% -> 47.31%     
client [29] (testset)   loss: 3.6914 -> 2.8476  accuracy: 22.00% -> 43.33%     
client [3]  (testset)   loss: 2.6595 -> 2.1570  accuracy: 40.62% -> 54.69%     
client [84] (testset)   loss: 3.4602 -> 3.4022  accuracy: 28.39% -> 41.53%     
---------------------------- TRAINING EPOCH: 60 ----------------------------   
client [21] (testset)   loss: 3.4868 -> 2.3730  accuracy: 19.73% -> 46.94%     
client [10] (testset)   loss: 3.7707 -> 2.8790  accuracy: 20.19% -> 50.00%     
client [84] (testset)   loss: 3.5311 -> 3.3231  accuracy: 26.27% -> 41.95%     
client [36] (testset)   loss: 3.5192 -> 2.5511  accuracy: 22.12% -> 42.48%     
client [65] (testset)   loss: 3.6945 -> 3.0258  accuracy: 22.73% -> 46.36%     
client [81] (testset)   loss: 3.3824 -> 2.8969  accuracy: 27.81% -> 50.33%     
client [79] (testset)   loss: 2.7249 -> 1.8273  accuracy: 39.66% -> 60.89%     
client [42] (testset)   loss: 3.3027 -> 2.3917  accuracy: 33.56% -> 57.53%     
client [11] (testset)   loss: 3.2903 -> 2.6749  accuracy: 23.16% -> 53.67%     
client [96] (testset)   loss: 3.6136 -> 2.5973  accuracy: 17.34% -> 50.29%     
---------------------------- TRAINING EPOCH: 70 ----------------------------   
client [53] (testset)   loss: 3.4420 -> 2.7379  accuracy: 28.37% -> 46.81%     
client [8]  (testset)   loss: 3.4823 -> 3.0730  accuracy: 34.17% -> 49.25%     
client [52] (testset)   loss: 3.4805 -> 3.0843  accuracy: 27.61% -> 47.76%     
client [42] (testset)   loss: 3.0504 -> 2.4551  accuracy: 36.30% -> 56.16%     
client [69] (testset)   loss: 2.4948 -> 2.2558  accuracy: 45.85% -> 56.68%     
client [59] (testset)   loss: 3.9163 -> 2.9390  accuracy: 27.90% -> 47.64%     
client [26] (testset)   loss: 3.4023 -> 2.5234  accuracy: 17.70% -> 49.56%     
client [7]  (testset)   loss: 3.8394 -> 3.1388  accuracy: 24.56% -> 43.86%     
client [49] (testset)   loss: 3.0228 -> 2.6205  accuracy: 36.42% -> 51.85%     
client [98] (testset)   loss: 3.5229 -> 2.6948  accuracy: 28.87% -> 43.66%     
---------------------------- TRAINING EPOCH: 80 ----------------------------   
client [47] (testset)   loss: 3.9415 -> 2.9805  accuracy: 20.87% -> 44.35%     
client [98] (testset)   loss: 3.5535 -> 2.6745  accuracy: 25.35% -> 46.48%     
client [21] (testset)   loss: 3.5585 -> 2.5345  accuracy: 19.73% -> 47.62%     
client [77] (testset)   loss: 3.7383 -> 2.9152  accuracy: 23.03% -> 51.12%     
client [95] (testset)   loss: 3.9139 -> 3.1994  accuracy: 24.70% -> 48.19%     
client [91] (testset)   loss: 3.5014 -> 2.5873  accuracy: 26.32% -> 50.00%     
client [14] (testset)   loss: 2.9021 -> 2.5153  accuracy: 38.96% -> 45.45%     
client [99] (testset)   loss: 3.8671 -> 3.9872  accuracy: 19.71% -> 33.58%     
client [20] (testset)   loss: 3.0591 -> 2.3002  accuracy: 32.67% -> 58.91%     
client [39] (testset)   loss: 3.7212 -> 2.4220  accuracy: 25.75% -> 47.90%     
---------------------------- TRAINING EPOCH: 90 ----------------------------   
client [52] (testset)   loss: 3.4496 -> 2.9160  accuracy: 29.10% -> 47.01%     
client [62] (testset)   loss: 3.5708 -> 2.8822  accuracy: 27.18% -> 46.12%     
client [71] (testset)   loss: 3.4811 -> 3.0857  accuracy: 25.95% -> 38.17%     
client [97] (testset)   loss: 4.0002 -> 3.2284  accuracy: 22.86% -> 34.29%     
client [30] (testset)   loss: 3.7013 -> 3.6473  accuracy: 28.73% -> 38.67%     
client [88] (testset)   loss: 4.1227 -> 2.9386  accuracy: 15.08% -> 50.84%     
client [60] (testset)   loss: 4.2375 -> 3.4317  accuracy: 12.12% -> 46.97%     
client [82] (testset)   loss: 3.5907 -> 3.2188  accuracy: 25.58% -> 45.35%     
client [91] (testset)   loss: 3.3930 -> 2.5734  accuracy: 25.66% -> 51.97%     
client [57] (testset)   loss: 3.0435 -> 2.2676  accuracy: 36.81% -> 58.28%     
---------------------------- TRAINING EPOCH: 100 ----------------------------  
client [15] (testset)   loss: 3.6221 -> 3.0294  accuracy: 29.20% -> 43.07%     
client [31] (testset)   loss: 3.7059 -> 2.7720  accuracy: 30.53% -> 47.89%     
client [71] (testset)   loss: 4.0428 -> 2.9422  accuracy: 17.56% -> 45.80%     
client [97] (testset)   loss: 4.0260 -> 2.9592  accuracy: 24.76% -> 41.90%     
client [53] (testset)   loss: 3.4567 -> 2.8118  accuracy: 29.79% -> 48.23%     
client [77] (testset)   loss: 3.8530 -> 2.8037  accuracy: 26.40% -> 49.44%     
client [76] (testset)   loss: 4.0522 -> 2.9567  accuracy: 24.58% -> 41.90%     
client [79] (testset)   loss: 3.0004 -> 2.0043  accuracy: 39.66% -> 67.60%     
client [28] (testset)   loss: 3.2813 -> 2.3523  accuracy: 33.87% -> 50.81%     
client [99] (testset)   loss: 4.0437 -> 3.8185  accuracy: 19.71% -> 32.85%     
---------------------------- TRAINING EPOCH: 110 ----------------------------  
client [97] (testset)   loss: 3.6642 -> 3.0798  accuracy: 33.33% -> 40.95%     
client [86] (testset)   loss: 3.2695 -> 2.3581  accuracy: 33.90% -> 53.39%     
client [73] (testset)   loss: 3.6191 -> 2.9433  accuracy: 28.06% -> 46.04%     
client [34] (testset)   loss: 3.6032 -> 3.4008  accuracy: 29.28% -> 46.96%     
client [5]  (testset)   loss: 3.5776 -> 3.2325  accuracy: 28.83% -> 51.53%     
client [96] (testset)   loss: 3.8010 -> 3.1391  accuracy: 25.43% -> 51.45%     
client [60] (testset)   loss: 3.7906 -> 3.3530  accuracy: 18.18% -> 43.94%     
client [22] (testset)   loss: 4.2314 -> 3.5390  accuracy: 22.37% -> 41.45%     
client [66] (testset)   loss: 3.5361 -> 3.0213  accuracy: 27.67% -> 50.49%     
client [83] (testset)   loss: 4.2914 -> 3.3731  accuracy: 19.74% -> 48.03%     
---------------------------- TRAINING EPOCH: 120 ----------------------------  
client [65] (testset)   loss: 4.3738 -> 3.5374  accuracy: 20.91% -> 42.73%     
client [76] (testset)   loss: 3.9748 -> 2.8362  accuracy: 26.26% -> 43.02%     
client [95] (testset)   loss: 3.9920 -> 3.5329  accuracy: 23.49% -> 48.80%     
client [17] (testset)   loss: 4.0310 -> 3.4430  accuracy: 21.05% -> 41.35%     
client [8]  (testset)   loss: 3.7494 -> 3.7606  accuracy: 36.68% -> 50.25%     
client [35] (testset)   loss: 4.4996 -> 2.9829  accuracy: 18.37% -> 52.04%     
client [98] (testset)   loss: 3.8762 -> 3.1605  accuracy: 26.06% -> 40.85%     
client [53] (testset)   loss: 3.4432 -> 3.1694  accuracy: 34.04% -> 50.35%     
client [43] (testset)   loss: 4.4270 -> 3.3742  accuracy: 20.74% -> 42.22%     
client [64] (testset)   loss: 3.4918 -> 2.7557  accuracy: 30.41% -> 48.65%     
---------------------------- TRAINING EPOCH: 130 ----------------------------  
client [21] (testset)   loss: 3.3605 -> 2.5880  accuracy: 30.61% -> 45.58%     
client [88] (testset)   loss: 3.9703 -> 3.1364  accuracy: 21.23% -> 51.40%     
client [3]  (testset)   loss: 2.9670 -> 2.2555  accuracy: 39.84% -> 66.41%     
client [38] (testset)   loss: 4.1366 -> 2.9087  accuracy: 24.58% -> 52.51%     
client [41] (testset)   loss: 4.5482 -> 3.3095  accuracy: 19.35% -> 42.74%     
client [5]  (testset)   loss: 3.8595 -> 3.3971  accuracy: 28.22% -> 50.92%     
client [37] (testset)   loss: 3.6813 -> 3.0379  accuracy: 29.81% -> 48.08%     
client [7]  (testset)   loss: 4.1476 -> 3.3704  accuracy: 23.68% -> 45.18%     
client [47] (testset)   loss: 4.1196 -> 3.1025  accuracy: 20.87% -> 44.35%     
client [45] (testset)   loss: 3.7722 -> 2.5416  accuracy: 27.88% -> 50.00%     
---------------------------- TRAINING EPOCH: 140 ----------------------------  
client [16] (testset)   loss: 3.9668 -> 3.1311  accuracy: 31.40% -> 51.24%     
client [11] (testset)   loss: 3.5346 -> 2.9155  accuracy: 28.25% -> 53.67%     
client [37] (testset)   loss: 3.8644 -> 3.0731  accuracy: 25.00% -> 50.96%     
client [41] (testset)   loss: 4.6562 -> 3.1621  accuracy: 19.35% -> 43.55%     
client [95] (testset)   loss: 4.0966 -> 3.4445  accuracy: 30.72% -> 49.40%     
client [53] (testset)   loss: 3.6825 -> 3.0140  accuracy: 36.88% -> 50.35%     
client [22] (testset)   loss: 4.0368 -> 3.6051  accuracy: 28.29% -> 41.45%     
client [25] (testset)   loss: 3.4984 -> 2.3118  accuracy: 34.38% -> 58.33%     
client [46] (testset)   loss: 3.5109 -> 3.0881  accuracy: 29.52% -> 54.29%     
client [69] (testset)   loss: 3.7351 -> 2.4935  accuracy: 34.30% -> 58.12%     
---------------------------- TRAINING EPOCH: 150 ----------------------------  
client [47] (testset)   loss: 4.2103 -> 3.3099  accuracy: 25.22% -> 39.13%     
client [82] (testset)   loss: 4.0901 -> 3.9257  accuracy: 29.07% -> 38.37%     
client [69] (testset)   loss: 3.9648 -> 2.5040  accuracy: 33.57% -> 58.12%     
client [45] (testset)   loss: 4.0407 -> 2.7913  accuracy: 30.97% -> 49.12%     
client [7]  (testset)   loss: 4.5746 -> 3.6839  accuracy: 25.44% -> 43.42%     
client [50] (testset)   loss: 3.4638 -> 2.8573  accuracy: 34.00% -> 54.00%     
client [24] (testset)   loss: 4.5055 -> 3.7239  accuracy: 24.14% -> 46.55%     
client [35] (testset)   loss: 4.1658 -> 3.2353  accuracy: 28.06% -> 50.51%     
client [15] (testset)   loss: 4.0154 -> 3.3239  accuracy: 35.04% -> 46.72%     
client [58] (testset)   loss: 4.3637 -> 3.3537  accuracy: 28.46% -> 50.77%     
---------------------------- TRAINING EPOCH: 160 ----------------------------  
client [48] (testset)   loss: 3.8320 -> 3.1921  accuracy: 33.33% -> 52.73%     
client [76] (testset)   loss: 3.8938 -> 3.2361  accuracy: 28.49% -> 43.58%     
client [37] (testset)   loss: 4.1168 -> 3.3731  accuracy: 23.08% -> 44.23%     
client [67] (testset)   loss: 3.6766 -> 3.0129  accuracy: 32.97% -> 51.10%     
client [58] (testset)   loss: 4.3080 -> 3.8044  accuracy: 24.62% -> 45.38%     
client [64] (testset)   loss: 3.6845 -> 2.8691  accuracy: 29.73% -> 50.68%     
client [77] (testset)   loss: 4.3953 -> 3.2984  accuracy: 25.84% -> 51.12%     
client [55] (testset)   loss: 3.5461 -> 2.6410  accuracy: 36.23% -> 52.17%     
client [12] (testset)   loss: 3.2744 -> 2.3368  accuracy: 37.12% -> 60.61%     
client [89] (testset)   loss: 4.4490 -> 3.9973  accuracy: 28.03% -> 43.31%     
---------------------------- TRAINING EPOCH: 170 ----------------------------  
client [51] (testset)   loss: 3.6849 -> 3.0913  accuracy: 33.11% -> 48.65%     
client [84] (testset)   loss: 3.9846 -> 3.4984  accuracy: 28.39% -> 46.19%     
client [18] (testset)   loss: 3.2863 -> 2.9934  accuracy: 39.84% -> 56.25%     
client [8]  (testset)   loss: 4.0319 -> 3.5008  accuracy: 37.69% -> 51.76%     
client [94] (testset)   loss: 4.8709 -> 3.5443  accuracy: 26.15% -> 47.69%     
client [81] (testset)   loss: 3.6299 -> 3.2361  accuracy: 34.44% -> 50.33%     
client [3]  (testset)   loss: 2.9598 -> 2.3677  accuracy: 39.06% -> 64.84%     
client [11] (testset)   loss: 3.7188 -> 2.7957  accuracy: 31.64% -> 54.24%     
client [95] (testset)   loss: 4.1723 -> 3.6386  accuracy: 27.11% -> 45.78%     
client [67] (testset)   loss: 3.7938 -> 2.8783  accuracy: 31.32% -> 54.95%     
---------------------------- TRAINING EPOCH: 180 ----------------------------  
client [21] (testset)   loss: 3.9137 -> 3.0119  accuracy: 28.57% -> 46.94%     
client [79] (testset)   loss: 3.2035 -> 2.1119  accuracy: 43.58% -> 66.48%     
client [58] (testset)   loss: 3.9814 -> 3.4342  accuracy: 31.54% -> 45.38%     
client [88] (testset)   loss: 4.8689 -> 3.3753  accuracy: 18.99% -> 51.96%     
client [46] (testset)   loss: 3.5940 -> 3.3385  accuracy: 34.29% -> 58.10%     
client [55] (testset)   loss: 3.9171 -> 3.0148  accuracy: 34.06% -> 52.17%     
client [11] (testset)   loss: 3.6268 -> 2.9896  accuracy: 30.51% -> 55.93%     
client [13] (testset)   loss: 4.0860 -> 3.4595  accuracy: 34.50% -> 47.37%     
client [31] (testset)   loss: 3.9899 -> 3.5104  accuracy: 31.58% -> 46.84%     
client [75] (testset)   loss: 3.6519 -> 3.0903  accuracy: 37.26% -> 54.25%     
---------------------------- TRAINING EPOCH: 190 ----------------------------  
client [19] (testset)   loss: 4.6749 -> 3.6138  accuracy: 23.78% -> 43.29%     
client [7]  (testset)   loss: 5.1947 -> 3.5486  accuracy: 21.49% -> 47.81%     
client [57] (testset)   loss: 3.0745 -> 2.6325  accuracy: 44.17% -> 61.35%     
client [13] (testset)   loss: 4.5365 -> 4.0208  accuracy: 30.41% -> 45.61%     
client [43] (testset)   loss: 5.2505 -> 3.7133  accuracy: 20.74% -> 45.19%     
client [91] (testset)   loss: 5.0768 -> 3.2877  accuracy: 22.37% -> 47.37%     
client [10] (testset)   loss: 4.2293 -> 3.2139  accuracy: 28.85% -> 50.00%     
client [82] (testset)   loss: 4.2128 -> 3.9325  accuracy: 29.07% -> 47.67%     
client [64] (testset)   loss: 3.3703 -> 2.6376  accuracy: 32.43% -> 56.08%     
client [22] (testset)   loss: 4.8370 -> 3.9718  accuracy: 26.97% -> 44.74%     
---------------------------- TRAINING EPOCH: 200 ----------------------------  
client [23] (testset)   loss: 5.1285 -> 3.5762  accuracy: 29.09% -> 47.27%     
client [20] (testset)   loss: 4.1781 -> 2.7979  accuracy: 27.72% -> 58.42%     
client [88] (testset)   loss: 4.6548 -> 3.7937  accuracy: 26.26% -> 51.40%     
client [98] (testset)   loss: 4.2625 -> 3.4578  accuracy: 31.69% -> 43.66%     
client [21] (testset)   loss: 4.7740 -> 3.2133  accuracy: 19.05% -> 48.30%     
client [79] (testset)   loss: 3.1892 -> 2.5253  accuracy: 45.25% -> 63.69%     
client [56] (testset)   loss: 3.4113 -> 2.3866  accuracy: 41.67% -> 61.90%     
client [92] (testset)   loss: 4.4690 -> 3.8872  accuracy: 32.65% -> 43.88%     
client [52] (testset)   loss: 4.3167 -> 3.6746  accuracy: 34.33% -> 48.51%     
client [5]  (testset)   loss: 4.5031 -> 3.5301  accuracy: 30.06% -> 53.99%     
FedDpag's average time taken by each global epoch: 0 min 3.06 sec.             
FedDpag's total running time: 0 h 10 m 51 s.                                   
==================== FedDpag Experiment Results: ====================          
Display format: (before local fine-tuning) -> (after local fine-tuning)        
 So if finetune_epoch = 0, x.xx% -> 0.00% is normal.                           
 Centralized testing ONLY happens after model aggregation, so the stats between
'->' are the same.                                                             
{                                                                              
    "100": {                                                                   
        "all_clients": {                                                       
            "test": {                                                          
                "loss": "3.4706 -> 0.0000",                                    
                "accuracy": "30.68% -> 0.00%"                                  
            }                                                                  
        }                                                                      
    },                                                                         
    "200": {                                                                   
        "all_clients": {                                                       
            "test": {                                                          
                "loss": "4.2999 -> 0.0000",                                    
                "accuracy": "31.09% -> 0.00%"                                  
            }                                                                  
        }                                                                      
    }                                                                          
}                                                                              
==================== FedDpag Max Accuracy ====================                 
all_clients:                                                                   
(test) before fine-tuning: 31.09% at epoch 200                                 
(test) after fine-tuning: 0.00% at epoch 100                                   
