==================== FedDpag ====================                              
Experiment Arguments:                                                          
{
    'method': 'feddpag',
    'dataset': {
        'name': 'fmnist',
        'client_num': 100,
        'test_ratio': 0.25,
        'val_ratio': 0.0,
        'seed': 42,
        'split': 'sample',
        'IID_ratio': 0.0,
        'monitor_window_name_suffix': 'fmnist-100clients-0%IID-Dir(0.1)-seed42',
        'alpha': 0.1,
        'min_samples_per_client': 10
    },
    'model': {
        'name': 'avgcnn',
        'use_torchvision_pretrained_weights': True,
        'external_model_weights_path': None
    },
    'optimizer': {
        'lr': 0.01,
        'dampening': 0,
        'weight_decay': 0,
        'momentum': 0.7,
        'nesterov': False,
        'name': 'sgd'
    },
    'mode': 'serial',
    'parallel': {
        'ray_cluster_addr': None,
        'num_cpus': None,
        'num_gpus': None,
        'num_workers': 2
    },
    'common': {
        'seed': 42,
        'join_ratio': 0.1,
        'global_epoch': 200,
        'local_epoch': 5,
        'batch_size': 32,
        'reset_optimizer_on_global_epoch': True,
        'straggler_ratio': 0,
        'straggler_min_local_epoch': 0,
        'buffers': 'global',
        'client_side_evaluation': True,
        'test': {
            'client': {
                'interval': 100,
                'finetune_epoch': 0,
                'train': False,
                'val': False,
                'test': True
            },
            'server': {
                'interval': -1,
                'train': False,
                'val': False,
                'test': True,
                'model_in_train_mode': False
            }
        },
        'verbose_gap': 10,
        'monitor': None,
        'use_cuda': True,
        'save_log': True,
        'save_model': False,
        'save_learning_curve_plot': True,
        'save_metrics': True,
        'delete_useless_run': True
    },
    'fedprox': {
        'mu': 0.01
    },
    'pfedsim': {
        'warmup_round': 0.5
    },
    'feddpag': {
        'fisher_threshold': 0.99
    }
}
---------------------------- TRAINING EPOCH: 10 ----------------------------   
client [77] (testset)   loss: 0.1776 -> 0.0459  accuracy: 93.26% -> 97.93%     
client [81] (testset)   loss: 0.1678 -> 0.0142  accuracy: 94.44% -> 100.00%    
client [21] (testset)   loss: 0.9309 -> 0.2463  accuracy: 66.46% -> 92.55%     
client [68] (testset)   loss: 0.2569 -> 0.1433  accuracy: 89.09% -> 94.55%     
client [93] (testset)   loss: 0.2090 -> 0.0295  accuracy: 94.92% -> 100.00%    
client [31] (testset)   loss: 0.4972 -> 0.5934  accuracy: 87.69% -> 70.77%     
client [20] (testset)   loss: 0.2415 -> 0.0614  accuracy: 92.47% -> 97.85%     
client [59] (testset)   loss: 1.1220 -> 0.4227  accuracy: 59.85% -> 88.32%     
client [48] (testset)   loss: 0.4944 -> 0.0135  accuracy: 84.81% -> 100.00%    
client [34] (testset)   loss: 0.4048 -> 0.3268  accuracy: 80.77% -> 92.31%     
---------------------------- TRAINING EPOCH: 20 ----------------------------   
client [69] (testset)   loss: 0.3234 -> 0.1430  accuracy: 86.42% -> 95.68%     
client [99] (testset)   loss: 0.7950 -> 0.0493  accuracy: 70.53% -> 98.42%     
client [67] (testset)   loss: 1.9225 -> 0.1342  accuracy: 24.05% -> 95.88%     
client [0]  (testset)   loss: 0.3584 -> 0.1853  accuracy: 85.71% -> 89.80%     
client [76] (testset)   loss: 0.6646 -> 0.3276  accuracy: 80.00% -> 86.67%     
client [41] (testset)   loss: 0.4371 -> 0.1850  accuracy: 89.52% -> 93.95%     
client [62] (testset)   loss: 2.4849 -> 0.2355  accuracy: 40.00% -> 95.00%     
client [2]  (testset)   loss: 1.6170 -> 0.0117  accuracy: 31.29% -> 99.34%     
client [14] (testset)   loss: 1.4842 -> 0.3181  accuracy: 49.29% -> 90.00%     
client [46] (testset)   loss: 2.3200 -> 0.3713  accuracy: 10.42% -> 90.62%     
---------------------------- TRAINING EPOCH: 30 ----------------------------   
client [24] (testset)   loss: 0.7326 -> 0.3301  accuracy: 69.14% -> 89.14%     
client [68] (testset)   loss: 0.3280 -> 0.1003  accuracy: 88.18% -> 96.36%     
client [57] (testset)   loss: 0.0971 -> 0.0199  accuracy: 98.18% -> 99.64%     
client [17] (testset)   loss: 0.6693 -> 0.1140  accuracy: 70.05% -> 96.26%     
client [54] (testset)   loss: 0.4238 -> 0.2357  accuracy: 81.82% -> 89.61%     
client [23] (testset)   loss: 0.7643 -> 0.1640  accuracy: 66.67% -> 94.95%     
client [35] (testset)   loss: 1.2136 -> 0.0088  accuracy: 52.70% -> 100.00%    
client [59] (testset)   loss: 0.8381 -> 0.3919  accuracy: 68.61% -> 88.32%     
client [31] (testset)   loss: 0.4000 -> 0.2002  accuracy: 83.08% -> 92.31%     
client [9]  (testset)   loss: 0.2686 -> 0.1250  accuracy: 93.06% -> 95.83%     
---------------------------- TRAINING EPOCH: 40 ----------------------------   
client [64] (testset)   loss: 0.5330 -> 0.1440  accuracy: 78.20% -> 94.74%     
client [33] (testset)   loss: 0.2964 -> 0.0787  accuracy: 86.55% -> 97.66%     
client [16] (testset)   loss: 0.1717 -> 0.0133  accuracy: 96.67% -> 100.00%    
client [44] (testset)   loss: 0.2892 -> 0.0181  accuracy: 85.85% -> 99.06%     
client [8]  (testset)   loss: 0.5829 -> 0.1942  accuracy: 79.17% -> 92.26%     
client [31] (testset)   loss: 0.5808 -> 0.1873  accuracy: 75.38% -> 93.85%     
client [47] (testset)   loss: 0.2432 -> 0.1021  accuracy: 90.43% -> 96.52%     
client [36] (testset)   loss: 0.2554 -> 0.1551  accuracy: 92.12% -> 95.24%     
client [20] (testset)   loss: 0.6606 -> 0.0310  accuracy: 71.24% -> 98.92%     
client [56] (testset)   loss: 0.9137 -> 0.3130  accuracy: 61.34% -> 85.71%     
---------------------------- TRAINING EPOCH: 50 ----------------------------   
client [4]  (testset)   loss: 0.1486 -> 0.1120  accuracy: 96.15% -> 98.46%     
client [60] (testset)   loss: 1.1672 -> 0.1132  accuracy: 60.52% -> 96.68%     
client [28] (testset)   loss: 0.0083 -> 0.0088  accuracy: 100.00% -> 100.00%   
client [25] (testset)   loss: 0.1382 -> 0.0192  accuracy: 94.23% -> 99.04%     
client [58] (testset)   loss: 0.2605 -> 0.0652  accuracy: 90.82% -> 97.45%     
client [44] (testset)   loss: 0.6500 -> 0.0381  accuracy: 78.30% -> 99.06%     
client [39] (testset)   loss: 0.0199 -> 0.0015  accuracy: 100.00% -> 100.00%   
client [29] (testset)   loss: 0.6935 -> 0.2643  accuracy: 82.28% -> 91.14%     
client [3]  (testset)   loss: 0.2505 -> 0.1224  accuracy: 92.22% -> 96.11%     
client [84] (testset)   loss: 0.6689 -> 0.0061  accuracy: 79.01% -> 100.00%    
---------------------------- TRAINING EPOCH: 60 ----------------------------   
client [21] (testset)   loss: 0.2383 -> 0.2135  accuracy: 92.55% -> 91.93%     
client [84] (testset)   loss: 0.6768 -> 0.0065  accuracy: 72.84% -> 100.00%    
client [10] (testset)   loss: 0.2840 -> 0.0201  accuracy: 92.65% -> 98.53%     
client [36] (testset)   loss: 0.4223 -> 0.1545  accuracy: 87.03% -> 95.07%     
client [65] (testset)   loss: 0.5459 -> 0.2235  accuracy: 78.12% -> 90.62%     
client [81] (testset)   loss: 0.5575 -> 0.0022  accuracy: 70.37% -> 100.00%    
client [79] (testset)   loss: 0.8626 -> 0.1692  accuracy: 68.47% -> 92.61%     
client [42] (testset)   loss: 0.1922 -> 0.0574  accuracy: 92.97% -> 98.79%     
client [11] (testset)   loss: 0.6574 -> 0.3323  accuracy: 73.99% -> 88.34%     
client [96] (testset)   loss: 0.2999 -> 0.1775  accuracy: 90.51% -> 93.43%     
---------------------------- TRAINING EPOCH: 70 ----------------------------   
client [8]  (testset)   loss: 0.2657 -> 0.1806  accuracy: 91.37% -> 94.64%     
client [53] (testset)   loss: 0.1043 -> 0.0083  accuracy: 96.69% -> 99.70%     
client [52] (testset)   loss: 0.3205 -> 0.0952  accuracy: 88.14% -> 98.31%     
client [42] (testset)   loss: 0.1449 -> 0.0588  accuracy: 95.39% -> 98.79%     
client [69] (testset)   loss: 0.2636 -> 0.1022  accuracy: 90.12% -> 96.30%     
client [59] (testset)   loss: 0.7143 -> 0.3243  accuracy: 70.80% -> 90.51%     
client [7]  (testset)   loss: 0.1702 -> 0.0187  accuracy: 93.89% -> 99.13%     
client [26] (testset)   loss: 0.2969 -> 0.0538  accuracy: 89.35% -> 98.09%     
client [49] (testset)   loss: 0.0546 -> 0.0314  accuracy: 98.28% -> 99.57%     
client [98] (testset)   loss: 0.6362 -> 0.5350  accuracy: 80.85% -> 89.36%     
---------------------------- TRAINING EPOCH: 80 ----------------------------   
client [98] (testset)   loss: 0.5819 -> 0.5558  accuracy: 85.11% -> 85.11%     
client [47] (testset)   loss: 0.1736 -> 0.1261  accuracy: 94.35% -> 95.65%     
client [21] (testset)   loss: 0.2531 -> 0.1775  accuracy: 91.93% -> 93.79%     
client [77] (testset)   loss: 0.1158 -> 0.0092  accuracy: 96.37% -> 100.00%    
client [95] (testset)   loss: 0.3867 -> 0.1984  accuracy: 85.19% -> 96.30%     
client [91] (testset)   loss: 0.3467 -> 0.0068  accuracy: 84.62% -> 100.00%    
client [14] (testset)   loss: 0.4377 -> 0.3847  accuracy: 87.62% -> 85.24%     
client [99] (testset)   loss: 0.0490 -> 0.0342  accuracy: 98.68% -> 99.21%     
client [20] (testset)   loss: 0.9979 -> 0.0322  accuracy: 65.32% -> 99.19%     
client [39] (testset)   loss: 0.0595 -> 0.0045  accuracy: 93.33% -> 100.00%    
---------------------------- TRAINING EPOCH: 90 ----------------------------   
client [52] (testset)   loss: 0.1960 -> 0.0986  accuracy: 89.83% -> 98.31%     
client [62] (testset)   loss: 0.2914 -> 0.2125  accuracy: 90.00% -> 95.00%     
client [71] (testset)   loss: 0.1081 -> 0.0548  accuracy: 97.28% -> 97.83%     
client [97] (testset)   loss: 0.1231 -> 0.0444  accuracy: 95.67% -> 98.27%     
client [30] (testset)   loss: 0.3626 -> 0.2271  accuracy: 85.58% -> 96.15%     
client [88] (testset)   loss: 0.7456 -> 0.3207  accuracy: 78.05% -> 89.02%     
client [60] (testset)   loss: 0.3730 -> 0.1204  accuracy: 87.45% -> 96.31%     
client [82] (testset)   loss: 1.1184 -> 0.0786  accuracy: 61.30% -> 98.97%     
client [91] (testset)   loss: 0.1327 -> 1.2368  accuracy: 92.31% -> 92.31%     
client [57] (testset)   loss: 1.0021 -> 0.0244  accuracy: 62.77% -> 99.27%     
---------------------------- TRAINING EPOCH: 100 ----------------------------  
client [31] (testset)   loss: 0.7632 -> 0.1412  accuracy: 73.85% -> 92.31%     
client [15] (testset)   loss: 0.3147 -> 0.1543  accuracy: 91.56% -> 94.38%     
client [71] (testset)   loss: 0.1790 -> 0.0575  accuracy: 94.02% -> 98.37%     
client [97] (testset)   loss: 0.2927 -> 0.0438  accuracy: 90.91% -> 98.27%     
client [53] (testset)   loss: 0.1585 -> 0.0090  accuracy: 94.88% -> 99.70%     
client [77] (testset)   loss: 0.0448 -> 0.0084  accuracy: 98.45% -> 100.00%    
client [76] (testset)   loss: 0.3932 -> 0.3169  accuracy: 73.33% -> 93.33%     
client [79] (testset)   loss: 0.6589 -> 0.1724  accuracy: 73.89% -> 92.12%     
client [28] (testset)   loss: 0.0374 -> 0.0011  accuracy: 98.21% -> 100.00%    
client [99] (testset)   loss: 0.3196 -> 0.0305  accuracy: 89.21% -> 99.21%     
---------------------------- TRAINING EPOCH: 110 ----------------------------  
client [97] (testset)   loss: 0.1499 -> 0.0412  accuracy: 94.81% -> 99.13%     
client [86] (testset)   loss: 0.0052 -> 0.0111  accuracy: 100.00% -> 100.00%   
client [34] (testset)   loss: 0.0905 -> 0.0841  accuracy: 100.00% -> 96.15%    
client [73] (testset)   loss: 0.5150 -> 0.0085  accuracy: 83.97% -> 100.00%    
client [5]  (testset)   loss: 0.5724 -> 0.0982  accuracy: 81.43% -> 97.62%     
client [96] (testset)   loss: 0.3074 -> 0.1744  accuracy: 89.05% -> 93.43%     
client [22] (testset)   loss: 0.1689 -> 0.0340  accuracy: 95.88% -> 98.97%     
client [60] (testset)   loss: 0.3483 -> 0.1157  accuracy: 87.82% -> 96.68%     
client [66] (testset)   loss: 0.4656 -> 0.0946  accuracy: 86.06% -> 96.41%     
client [83] (testset)   loss: 0.1322 -> 0.0039  accuracy: 96.18% -> 100.00%    
---------------------------- TRAINING EPOCH: 120 ----------------------------  
client [76] (testset)   loss: 0.3310 -> 0.4031  accuracy: 93.33% -> 93.33%     
client [65] (testset)   loss: 0.4839 -> 0.3191  accuracy: 81.25% -> 90.62%     
client [95] (testset)   loss: 0.3761 -> 0.2267  accuracy: 88.89% -> 94.44%     
client [17] (testset)   loss: 0.3429 -> 0.1007  accuracy: 88.77% -> 96.79%     
client [8]  (testset)   loss: 0.2794 -> 0.1583  accuracy: 91.37% -> 95.54%     
client [35] (testset)   loss: 0.3100 -> 0.0018  accuracy: 90.54% -> 100.00%    
client [98] (testset)   loss: 0.4732 -> 0.4751  accuracy: 87.23% -> 87.23%     
client [53] (testset)   loss: 0.0299 -> 0.0089  accuracy: 99.40% -> 99.70%     
client [43] (testset)   loss: 0.5206 -> 0.0606  accuracy: 80.00% -> 96.92%     
client [64] (testset)   loss: 0.1919 -> 0.1285  accuracy: 91.73% -> 95.49%     
---------------------------- TRAINING EPOCH: 130 ----------------------------  
client [21] (testset)   loss: 0.3553 -> 0.1428  accuracy: 90.06% -> 95.03%     
client [88] (testset)   loss: 0.4987 -> 0.3726  accuracy: 87.80% -> 92.68%     
client [38] (testset)   loss: 0.4545 -> 0.3551  accuracy: 84.42% -> 93.51%     
client [3]  (testset)   loss: 0.3248 -> 0.1144  accuracy: 89.88% -> 97.28%     
client [5]  (testset)   loss: 0.2191 -> 0.0996  accuracy: 93.81% -> 97.14%     
client [41] (testset)   loss: 0.3181 -> 0.1621  accuracy: 91.94% -> 95.56%     
client [7]  (testset)   loss: 0.1471 -> 0.0182  accuracy: 94.32% -> 99.13%     
client [37] (testset)   loss: 0.5133 -> 0.2125  accuracy: 84.78% -> 95.65%     
client [45] (testset)   loss: 0.6366 -> 0.6049  accuracy: 86.49% -> 89.19%     
client [47] (testset)   loss: 0.1506 -> 0.1023  accuracy: 95.65% -> 96.74%     
---------------------------- TRAINING EPOCH: 140 ----------------------------  
client [16] (testset)   loss: 0.9174 -> 0.0145  accuracy: 71.67% -> 99.17%     
client [11] (testset)   loss: 2.6939 -> 0.2672  accuracy: 36.77% -> 91.48%     
client [37] (testset)   loss: 1.3651 -> 0.2047  accuracy: 53.26% -> 95.65%     
client [41] (testset)   loss: 0.7950 -> 0.1752  accuracy: 81.85% -> 95.16%     
client [95] (testset)   loss: 0.6646 -> 0.1718  accuracy: 81.48% -> 94.44%     
client [53] (testset)   loss: 0.0967 -> 0.0083  accuracy: 98.49% -> 99.40%     
client [22] (testset)   loss: 1.6442 -> 0.0011  accuracy: 62.89% -> 100.00%    
client [25] (testset)   loss: 0.1260 -> 0.0027  accuracy: 96.15% -> 100.00%    
client [69] (testset)   loss: 0.4622 -> 0.1305  accuracy: 88.27% -> 96.30%     
client [46] (testset)   loss: 0.1893 -> 0.1670  accuracy: 94.79% -> 90.62%     
---------------------------- TRAINING EPOCH: 150 ----------------------------  
client [47] (testset)   loss: 0.1907 -> 0.1023  accuracy: 93.26% -> 97.39%     
client [69] (testset)   loss: 0.3567 -> 0.1357  accuracy: 90.74% -> 96.30%     
client [82] (testset)   loss: 0.1424 -> 0.1061  accuracy: 94.52% -> 98.97%     
client [45] (testset)   loss: 0.6282 -> 0.5981  accuracy: 86.49% -> 91.89%     
client [7]  (testset)   loss: 0.1822 -> 0.0198  accuracy: 92.14% -> 99.13%     
client [50] (testset)   loss: 0.8856 -> 0.0126  accuracy: 69.80% -> 99.15%     
client [35] (testset)   loss: 0.8743 -> 0.0013  accuracy: 72.97% -> 100.00%    
client [24] (testset)   loss: 0.6573 -> 0.3312  accuracy: 77.71% -> 90.86%     
client [15] (testset)   loss: 0.4416 -> 0.1604  accuracy: 87.81% -> 95.31%     
client [58] (testset)   loss: 0.1467 -> 0.0376  accuracy: 95.92% -> 98.47%     
---------------------------- TRAINING EPOCH: 160 ----------------------------  
client [48] (testset)   loss: 0.2205 -> 0.0028  accuracy: 89.87% -> 100.00%    
client [76] (testset)   loss: 0.1277 -> 0.3626  accuracy: 93.33% -> 93.33%     
client [67] (testset)   loss: 1.1013 -> 0.2226  accuracy: 69.07% -> 95.19%     
client [37] (testset)   loss: 0.1963 -> 0.1642  accuracy: 92.39% -> 95.65%     
client [58] (testset)   loss: 0.1543 -> 0.0559  accuracy: 95.92% -> 98.47%     
client [64] (testset)   loss: 0.1863 -> 0.1059  accuracy: 92.48% -> 96.24%     
client [77] (testset)   loss: 0.0844 -> 0.0090  accuracy: 98.45% -> 99.48%     
client [55] (testset)   loss: 0.0449 -> 0.0002  accuracy: 98.01% -> 100.00%    
client [12] (testset)   loss: 0.4916 -> 0.1360  accuracy: 87.09% -> 96.80%     
client [89] (testset)   loss: 0.3893 -> 0.4029  accuracy: 89.47% -> 94.74%     
---------------------------- TRAINING EPOCH: 170 ----------------------------  
client [84] (testset)   loss: 0.7295 -> 0.0166  accuracy: 75.31% -> 98.77%     
client [51] (testset)   loss: 0.2048 -> 0.0039  accuracy: 94.61% -> 100.00%    
client [8]  (testset)   loss: 0.5219 -> 0.1735  accuracy: 84.82% -> 94.64%     
client [18] (testset)   loss: 0.0783 -> 0.0136  accuracy: 97.01% -> 99.50%     
client [94] (testset)   loss: 0.3547 -> 0.0582  accuracy: 89.31% -> 98.47%     
client [81] (testset)   loss: 0.0794 -> 0.0011  accuracy: 98.15% -> 100.00%    
client [3]  (testset)   loss: 0.5795 -> 0.1198  accuracy: 86.38% -> 95.72%     
client [11] (testset)   loss: 0.5846 -> 0.2721  accuracy: 82.06% -> 91.03%     
client [95] (testset)   loss: 0.5531 -> 0.1816  accuracy: 85.19% -> 94.44%     
client [67] (testset)   loss: 1.4309 -> 0.2072  accuracy: 61.86% -> 95.53%     
---------------------------- TRAINING EPOCH: 180 ----------------------------  
client [21] (testset)   loss: 0.2897 -> 0.1671  accuracy: 93.79% -> 95.03%     
client [79] (testset)   loss: 0.4265 -> 0.1687  accuracy: 87.19% -> 94.58%     
client [58] (testset)   loss: 0.1756 -> 0.0431  accuracy: 94.90% -> 98.47%     
client [88] (testset)   loss: 0.4693 -> 0.3959  accuracy: 85.37% -> 90.24%     
client [46] (testset)   loss: 0.5658 -> 0.2537  accuracy: 81.25% -> 92.71%     
client [11] (testset)   loss: 0.4466 -> 0.2891  accuracy: 83.86% -> 90.58%     
client [55] (testset)   loss: 0.0775 -> 0.0002  accuracy: 97.35% -> 100.00%    
client [13] (testset)   loss: 0.4642 -> 0.3861  accuracy: 83.01% -> 90.06%     
client [31] (testset)   loss: 0.5705 -> 0.1443  accuracy: 81.54% -> 93.85%     
client [75] (testset)   loss: 0.4481 -> 0.2861  accuracy: 87.56% -> 90.43%     
---------------------------- TRAINING EPOCH: 190 ----------------------------  
client [19] (testset)   loss: 0.3558 -> 0.1573  accuracy: 91.53% -> 93.22%     
client [7]  (testset)   loss: 0.1876 -> 0.0153  accuracy: 94.76% -> 99.56%     
client [57] (testset)   loss: 0.2404 -> 0.0380  accuracy: 90.51% -> 99.27%     
client [13] (testset)   loss: 0.6013 -> 0.3468  accuracy: 78.53% -> 90.38%     
client [43] (testset)   loss: 0.6530 -> 0.0579  accuracy: 76.92% -> 98.46%     
client [91] (testset)   loss: 0.1894 -> 0.0387  accuracy: 92.31% -> 100.00%    
client [10] (testset)   loss: 0.2161 -> 0.0217  accuracy: 94.12% -> 100.00%    
client [64] (testset)   loss: 0.4088 -> 0.1201  accuracy: 86.47% -> 96.24%     
client [82] (testset)   loss: 0.1515 -> 0.0908  accuracy: 94.18% -> 98.97%     
client [22] (testset)   loss: 0.2609 -> 0.0069  accuracy: 90.72% -> 100.00%    
---------------------------- TRAINING EPOCH: 200 ----------------------------  
client [20] (testset)   loss: 0.3497 -> 0.0289  accuracy: 88.98% -> 99.46%     
client [23] (testset)   loss: 0.4466 -> 0.1334  accuracy: 85.86% -> 97.98%     
client [88] (testset)   loss: 0.4573 -> 0.3809  accuracy: 90.24% -> 90.24%     
client [98] (testset)   loss: 1.3950 -> 0.7900  accuracy: 59.57% -> 80.85%     
client [79] (testset)   loss: 0.5583 -> 0.2487  accuracy: 81.28% -> 94.09%     
client [21] (testset)   loss: 0.4412 -> 0.1611  accuracy: 89.44% -> 95.03%     
client [92] (testset)   loss: 0.1974 -> 0.0569  accuracy: 94.89% -> 97.81%     
client [56] (testset)   loss: 1.1861 -> 0.3188  accuracy: 61.34% -> 89.08%     
client [5]  (testset)   loss: 0.2927 -> 0.0726  accuracy: 90.95% -> 98.57%     
client [52] (testset)   loss: 0.2085 -> 0.1182  accuracy: 94.92% -> 98.31%     
FedDpag's average time taken by each global epoch: 0 min 2.57 sec.             
FedDpag's total running time: 0 h 8 m 39 s.                                    
==================== FedDpag Experiment Results: ====================          
Display format: (before local fine-tuning) -> (after local fine-tuning)        
 So if finetune_epoch = 0, x.xx% -> 0.00% is normal.                           
 Centralized testing ONLY happens after model aggregation, so the stats between
'->' are the same.                                                             
{                                                                              
    "100": {                                                                   
        "all_clients": {                                                       
            "test": {                                                          
                "loss": "0.3453 -> 0.0000",                                    
                "accuracy": "88.15% -> 0.00%"                                  
            }                                                                  
        }                                                                      
    },                                                                         
    "200": {                                                                   
        "all_clients": {                                                       
            "test": {                                                          
                "loss": "0.4387 -> 0.0000",                                    
                "accuracy": "87.52% -> 0.00%"                                  
            }                                                                  
        }                                                                      
    }                                                                          
}                                                                              
==================== FedDpag Max Accuracy ====================                 
all_clients:                                                                   
(test) before fine-tuning: 88.15% at epoch 100                                 
(test) after fine-tuning: 0.00% at epoch 100                                   
