==================== FedDpa ====================                               
Experiment Arguments:                                                          
{
    'method': 'feddpa',
    'dataset': {
        'name': 'mnist',
        'client_num': 100,
        'test_ratio': 0.25,
        'val_ratio': 0.0,
        'seed': 42,
        'split': 'sample',
        'IID_ratio': 0.0,
        'monitor_window_name_suffix': 'mnist-100clients-0%IID-Dir(0.1)-seed42',
        'alpha': 0.1,
        'min_samples_per_client': 10
    },
    'model': {
        'name': 'avgcnn',
        'use_torchvision_pretrained_weights': True,
        'external_model_weights_path': None
    },
    'optimizer': {
        'lr': 0.01,
        'dampening': 0,
        'weight_decay': 0,
        'momentum': 0.7,
        'nesterov': False,
        'name': 'sgd'
    },
    'mode': 'serial',
    'parallel': {
        'ray_cluster_addr': None,
        'num_cpus': None,
        'num_gpus': None,
        'num_workers': 2
    },
    'common': {
        'seed': 42,
        'join_ratio': 0.1,
        'global_epoch': 200,
        'local_epoch': 5,
        'batch_size': 32,
        'reset_optimizer_on_global_epoch': True,
        'straggler_ratio': 0,
        'straggler_min_local_epoch': 0,
        'buffers': 'global',
        'client_side_evaluation': True,
        'test': {
            'client': {
                'interval': 100,
                'finetune_epoch': 0,
                'train': False,
                'val': False,
                'test': True
            },
            'server': {
                'interval': -1,
                'train': False,
                'val': False,
                'test': True,
                'model_in_train_mode': False
            }
        },
        'verbose_gap': 10,
        'monitor': None,
        'use_cuda': True,
        'save_log': True,
        'save_model': False,
        'save_learning_curve_plot': True,
        'save_metrics': True,
        'delete_useless_run': True
    },
    'fedprox': {
        'mu': 0.01
    },
    'pfedsim': {
        'warmup_round': 0.5
    },
    'feddpa': {
        'fisher_threshold': 0.991
    }
}
---------------------------- TRAINING EPOCH: 10 ----------------------------   
client [77] (testset)   loss: 0.2222 -> 0.0748  accuracy: 93.15% -> 97.95%     
client [81] (testset)   loss: 0.1093 -> 0.0178  accuracy: 98.15% -> 99.38%     
client [21] (testset)   loss: 0.2763 -> 0.0481  accuracy: 89.22% -> 99.02%     
client [68] (testset)   loss: 0.1349 -> 0.0784  accuracy: 96.61% -> 98.31%     
client [93] (testset)   loss: 0.1945 -> 0.0202  accuracy: 93.55% -> 100.00%    
client [31] (testset)   loss: 0.2532 -> 0.1090  accuracy: 85.71% -> 100.00%    
client [20] (testset)   loss: 0.2840 -> 0.1499  accuracy: 92.76% -> 95.02%     
client [59] (testset)   loss: 0.4568 -> 0.0963  accuracy: 75.00% -> 100.00%    
client [48] (testset)   loss: 0.1351 -> 0.0208  accuracy: 95.15% -> 99.03%     
client [34] (testset)   loss: 0.0956 -> 0.3913  accuracy: 100.00% -> 94.44%    
---------------------------- TRAINING EPOCH: 20 ----------------------------   
client [69] (testset)   loss: 0.0255 -> 0.0149  accuracy: 98.91% -> 99.64%     
client [99] (testset)   loss: 0.3308 -> 0.0424  accuracy: 90.48% -> 95.24%     
client [67] (testset)   loss: 0.1338 -> 0.0001  accuracy: 97.30% -> 100.00%    
client [0]  (testset)   loss: 0.1835 -> 0.0080  accuracy: 92.45% -> 100.00%    
client [76] (testset)   loss: 0.2766 -> 0.0479  accuracy: 92.21% -> 98.70%     
client [41] (testset)   loss: 0.1346 -> 0.0121  accuracy: 95.79% -> 98.95%     
client [62] (testset)   loss: 0.3565 -> 0.0251  accuracy: 88.40% -> 98.90%     
client [2]  (testset)   loss: 1.1842 -> 0.0153  accuracy: 65.02% -> 99.24%     
client [14] (testset)   loss: 0.1083 -> 0.0166  accuracy: 96.53% -> 99.31%     
client [46] (testset)   loss: 0.0969 -> 0.0386  accuracy: 97.97% -> 98.87%     
---------------------------- TRAINING EPOCH: 30 ----------------------------   
client [24] (testset)   loss: 0.0410 -> 0.1284  accuracy: 98.65% -> 97.30%     
client [68] (testset)   loss: 0.0910 -> 0.0715  accuracy: 96.61% -> 98.31%     
client [57] (testset)   loss: 0.0470 -> 0.0156  accuracy: 99.03% -> 99.03%     
client [17] (testset)   loss: 0.0272 -> 0.0193  accuracy: 98.83% -> 99.61%     
client [54] (testset)   loss: 0.0772 -> 0.1464  accuracy: 97.67% -> 95.35%     
client [23] (testset)   loss: 0.4087 -> 0.0018  accuracy: 82.86% -> 100.00%    
client [35] (testset)   loss: 0.0636 -> 0.0155  accuracy: 98.04% -> 100.00%    
client [59] (testset)   loss: 0.0040 -> 0.0153  accuracy: 100.00% -> 100.00%   
client [31] (testset)   loss: 0.3302 -> 0.1187  accuracy: 85.71% -> 100.00%    
client [9]  (testset)   loss: 0.0700 -> 0.0397  accuracy: 97.56% -> 98.53%     
---------------------------- TRAINING EPOCH: 40 ----------------------------   
client [64] (testset)   loss: 0.0405 -> 0.0117  accuracy: 98.89% -> 99.72%     
client [33] (testset)   loss: 0.1095 -> 0.0588  accuracy: 96.90% -> 99.18%     
client [16] (testset)   loss: 0.0623 -> 0.0007  accuracy: 98.57% -> 100.00%    
client [44] (testset)   loss: 0.1385 -> 0.0377  accuracy: 95.52% -> 98.81%     
client [8]  (testset)   loss: 0.1001 -> 0.0081  accuracy: 95.24% -> 100.00%    
client [31] (testset)   loss: 0.7294 -> 0.0770  accuracy: 85.71% -> 100.00%    
client [47] (testset)   loss: 0.1430 -> 0.0011  accuracy: 95.45% -> 100.00%    
client [36] (testset)   loss: 0.1433 -> 0.0313  accuracy: 95.94% -> 98.98%     
client [20] (testset)   loss: 0.2322 -> 0.1002  accuracy: 94.57% -> 96.83%     
client [56] (testset)   loss: 0.0501 -> 0.0149  accuracy: 97.85% -> 98.92%     
---------------------------- TRAINING EPOCH: 50 ----------------------------   
client [4]  (testset)   loss: 0.0398 -> 0.0048  accuracy: 98.53% -> 100.00%    
client [60] (testset)   loss: 0.1681 -> 0.0602  accuracy: 94.00% -> 98.00%     
client [28] (testset)   loss: 0.0028 -> 0.0002  accuracy: 100.00% -> 100.00%   
client [25] (testset)   loss: 0.0639 -> 0.0011  accuracy: 96.55% -> 100.00%    
client [58] (testset)   loss: 0.0675 -> 0.0452  accuracy: 96.45% -> 98.58%     
client [44] (testset)   loss: 0.1032 -> 0.0354  accuracy: 96.42% -> 99.10%     
client [39] (testset)   loss: 0.0222 -> 0.0041  accuracy: 99.51% -> 100.00%    
client [29] (testset)   loss: 0.0480 -> 0.0270  accuracy: 98.15% -> 99.26%     
client [3]  (testset)   loss: 0.0898 -> 0.0190  accuracy: 96.44% -> 99.37%     
client [84] (testset)   loss: 0.0596 -> 0.0057  accuracy: 100.00% -> 100.00%   
---------------------------- TRAINING EPOCH: 60 ----------------------------   
client [21] (testset)   loss: 0.0650 -> 0.0056  accuracy: 99.02% -> 100.00%    
client [84] (testset)   loss: 0.0060 -> 0.0041  accuracy: 100.00% -> 100.00%   
client [10] (testset)   loss: 0.0058 -> 0.0018  accuracy: 100.00% -> 100.00%   
client [36] (testset)   loss: 0.0489 -> 0.0372  accuracy: 98.98% -> 98.98%     
client [65] (testset)   loss: 0.0856 -> 0.0305  accuracy: 98.32% -> 98.74%     
client [81] (testset)   loss: 0.0766 -> 0.0168  accuracy: 98.77% -> 98.77%     
client [79] (testset)   loss: 0.0146 -> 0.0009  accuracy: 98.46% -> 100.00%    
client [42] (testset)   loss: 0.1278 -> 0.1358  accuracy: 97.81% -> 98.36%     
client [11] (testset)   loss: 0.0000 -> 0.0010  accuracy: 100.00% -> 100.00%   
client [96] (testset)   loss: 0.0277 -> 0.0011  accuracy: 98.04% -> 100.00%    
---------------------------- TRAINING EPOCH: 70 ----------------------------   
client [8]  (testset)   loss: 0.0910 -> 0.0347  accuracy: 97.62% -> 97.62%     
client [53] (testset)   loss: 0.0143 -> 0.0166  accuracy: 100.00% -> 100.00%   
client [52] (testset)   loss: 0.0622 -> 0.0000  accuracy: 97.37% -> 100.00%    
client [42] (testset)   loss: 0.1422 -> 0.1604  accuracy: 96.17% -> 97.81%     
client [69] (testset)   loss: 0.0213 -> 0.0100  accuracy: 99.09% -> 99.64%     
client [59] (testset)   loss: 0.0011 -> 0.0050  accuracy: 100.00% -> 100.00%   
client [7]  (testset)   loss: 0.0269 -> 0.0003  accuracy: 100.00% -> 100.00%   
client [26] (testset)   loss: 0.0553 -> 0.0708  accuracy: 95.83% -> 95.83%     
client [49] (testset)   loss: 0.0085 -> 0.0004  accuracy: 99.55% -> 100.00%    
client [98] (testset)   loss: 0.1206 -> 0.0112  accuracy: 94.12% -> 100.00%    
---------------------------- TRAINING EPOCH: 80 ----------------------------   
client [98] (testset)   loss: 0.0157 -> 0.0060  accuracy: 100.00% -> 100.00%   
client [47] (testset)   loss: 0.0721 -> 0.0017  accuracy: 97.73% -> 100.00%    
client [21] (testset)   loss: 0.0314 -> 0.0102  accuracy: 99.02% -> 99.02%     
client [77] (testset)   loss: 0.0887 -> 0.0436  accuracy: 95.89% -> 98.63%     
client [95] (testset)   loss: 0.0223 -> 0.0003  accuracy: 99.28% -> 100.00%    
client [91] (testset)   loss: 0.0402 -> 0.0101  accuracy: 98.68% -> 99.67%     
client [14] (testset)   loss: 0.0632 -> 0.0293  accuracy: 97.22% -> 98.61%     
client [99] (testset)   loss: 0.1842 -> 0.0174  accuracy: 95.24% -> 100.00%    
client [20] (testset)   loss: 0.1198 -> 0.0796  accuracy: 95.93% -> 97.29%     
client [39] (testset)   loss: 0.0300 -> 0.0020  accuracy: 99.02% -> 100.00%    
---------------------------- TRAINING EPOCH: 90 ----------------------------   
client [52] (testset)   loss: 0.0047 -> 0.0000  accuracy: 100.00% -> 100.00%   
client [62] (testset)   loss: 0.0059 -> 0.0009  accuracy: 100.00% -> 100.00%   
client [71] (testset)   loss: 0.0071 -> 0.0018  accuracy: 99.54% -> 100.00%    
client [97] (testset)   loss: 0.0145 -> 0.0010  accuracy: 99.67% -> 100.00%    
client [30] (testset)   loss: 0.0018 -> 0.0194  accuracy: 100.00% -> 97.50%    
client [88] (testset)   loss: 0.2359 -> 0.0024  accuracy: 97.06% -> 100.00%    
client [60] (testset)   loss: 0.1614 -> 0.0569  accuracy: 95.00% -> 99.00%     
client [82] (testset)   loss: 0.0122 -> 0.0164  accuracy: 100.00% -> 100.00%   
client [91] (testset)   loss: 0.0238 -> 0.0105  accuracy: 99.34% -> 99.67%     
client [57] (testset)   loss: 0.0092 -> 0.0049  accuracy: 99.52% -> 99.52%     
---------------------------- TRAINING EPOCH: 100 ----------------------------  
client [31] (testset)   loss: 0.0959 -> 0.0007  accuracy: 100.00% -> 100.00%   
client [15] (testset)   loss: 0.1776 -> 0.0410  accuracy: 94.50% -> 99.08%     
client [71] (testset)   loss: 0.0099 -> 0.0013  accuracy: 99.77% -> 100.00%    
client [97] (testset)   loss: 0.0153 -> 0.0010  accuracy: 98.66% -> 100.00%    
client [53] (testset)   loss: 0.0393 -> 0.0277  accuracy: 96.00% -> 100.00%    
client [77] (testset)   loss: 0.1117 -> 0.0466  accuracy: 97.26% -> 98.63%     
client [76] (testset)   loss: 0.0066 -> 0.0463  accuracy: 100.00% -> 98.70%    
client [79] (testset)   loss: 0.0166 -> 0.0013  accuracy: 100.00% -> 100.00%   
client [28] (testset)   loss: 0.0015 -> 0.0002  accuracy: 100.00% -> 100.00%   
client [99] (testset)   loss: 0.1904 -> 0.0108  accuracy: 90.48% -> 100.00%    
---------------------------- TRAINING EPOCH: 110 ----------------------------  
client [97] (testset)   loss: 0.0448 -> 0.0010  accuracy: 98.33% -> 100.00%    
client [86] (testset)   loss: 0.0792 -> 0.0019  accuracy: 96.16% -> 100.00%    
client [34] (testset)   loss: 0.0296 -> 0.0865  accuracy: 100.00% -> 94.44%    
client [73] (testset)   loss: 0.0043 -> 0.0565  accuracy: 100.00% -> 100.00%   
client [5]  (testset)   loss: 0.0689 -> 0.0301  accuracy: 97.93% -> 98.62%     
client [96] (testset)   loss: 0.0366 -> 0.0013  accuracy: 97.06% -> 100.00%    
client [22] (testset)   loss: 0.0360 -> 0.0006  accuracy: 97.87% -> 100.00%    
client [60] (testset)   loss: 0.1771 -> 0.0624  accuracy: 95.00% -> 99.00%     
client [66] (testset)   loss: 0.0151 -> 0.0269  accuracy: 100.00% -> 99.12%    
client [83] (testset)   loss: 0.0950 -> 0.0767  accuracy: 97.51% -> 97.51%     
---------------------------- TRAINING EPOCH: 120 ----------------------------  
client [76] (testset)   loss: 0.0182 -> 0.0781  accuracy: 100.00% -> 98.70%    
client [65] (testset)   loss: 0.0886 -> 0.0434  accuracy: 98.32% -> 99.16%     
client [95] (testset)   loss: 0.0117 -> 0.0005  accuracy: 99.64% -> 100.00%    
client [17] (testset)   loss: 0.0090 -> 0.0116  accuracy: 100.00% -> 99.61%    
client [8]  (testset)   loss: 0.2106 -> 0.0803  accuracy: 95.24% -> 97.62%     
client [35] (testset)   loss: 0.0672 -> 0.0210  accuracy: 98.04% -> 99.02%     
client [98] (testset)   loss: 0.0694 -> 0.0173  accuracy: 97.06% -> 100.00%    
client [53] (testset)   loss: 0.0573 -> 0.0224  accuracy: 96.00% -> 100.00%    
client [43] (testset)   loss: 0.1065 -> 0.0801  accuracy: 98.93% -> 97.86%     
client [64] (testset)   loss: 0.0284 -> 0.0159  accuracy: 98.89% -> 99.72%     
---------------------------- TRAINING EPOCH: 130 ----------------------------  
client [21] (testset)   loss: 0.0255 -> 0.0139  accuracy: 99.02% -> 99.02%     
client [88] (testset)   loss: 0.1182 -> 0.0020  accuracy: 97.06% -> 100.00%    
client [38] (testset)   loss: 0.0733 -> 0.0301  accuracy: 98.25% -> 98.25%     
client [3]  (testset)   loss: 0.0440 -> 0.0149  accuracy: 98.32% -> 99.37%     
client [5]  (testset)   loss: 0.0605 -> 0.0157  accuracy: 97.93% -> 98.62%     
client [41] (testset)   loss: 0.0201 -> 0.0009  accuracy: 98.95% -> 100.00%    
client [7]  (testset)   loss: 0.0469 -> 0.0029  accuracy: 100.00% -> 100.00%   
client [37] (testset)   loss: 0.1007 -> 0.0886  accuracy: 96.54% -> 96.97%     
client [45] (testset)   loss: 0.0266 -> 0.0162  accuracy: 99.08% -> 99.69%     
client [47] (testset)   loss: 0.0803 -> 0.0005  accuracy: 96.59% -> 100.00%    
---------------------------- TRAINING EPOCH: 140 ----------------------------  
client [16] (testset)   loss: 0.0092 -> 0.0001  accuracy: 100.00% -> 100.00%   
client [11] (testset)   loss: 0.0000 -> 0.0000  accuracy: 100.00% -> 100.00%   
client [37] (testset)   loss: 0.0971 -> 0.0883  accuracy: 97.40% -> 96.97%     
client [41] (testset)   loss: 0.0284 -> 0.0006  accuracy: 98.95% -> 100.00%    
client [95] (testset)   loss: 0.0290 -> 0.0002  accuracy: 99.28% -> 100.00%    
client [53] (testset)   loss: 0.0663 -> 0.0273  accuracy: 96.00% -> 100.00%    
client [22] (testset)   loss: 0.0133 -> 0.0009  accuracy: 100.00% -> 100.00%   
client [25] (testset)   loss: 0.0299 -> 0.0002  accuracy: 97.70% -> 100.00%    
client [69] (testset)   loss: 0.0373 -> 0.0075  accuracy: 99.09% -> 99.64%     
client [46] (testset)   loss: 0.0222 -> 0.0190  accuracy: 99.10% -> 99.55%     
---------------------------- TRAINING EPOCH: 150 ----------------------------  
client [47] (testset)   loss: 0.0616 -> 0.0086  accuracy: 97.73% -> 98.86%     
client [69] (testset)   loss: 0.0383 -> 0.0087  accuracy: 98.91% -> 99.64%     
client [82] (testset)   loss: 0.0182 -> 0.0110  accuracy: 100.00% -> 100.00%   
client [45] (testset)   loss: 0.0482 -> 0.0203  accuracy: 97.85% -> 99.69%     
client [7]  (testset)   loss: 0.0551 -> 0.0081  accuracy: 100.00% -> 100.00%   
client [50] (testset)   loss: 0.0752 -> 0.0065  accuracy: 96.41% -> 100.00%    
client [35] (testset)   loss: 0.0864 -> 0.0220  accuracy: 97.06% -> 98.04%     
client [24] (testset)   loss: 0.0200 -> 0.0419  accuracy: 100.00% -> 97.30%    
client [15] (testset)   loss: 0.1138 -> 0.0414  accuracy: 98.17% -> 99.08%     
client [58] (testset)   loss: 0.1052 -> 0.0414  accuracy: 95.74% -> 98.58%     
---------------------------- TRAINING EPOCH: 160 ----------------------------  
client [48] (testset)   loss: 0.0173 -> 0.0014  accuracy: 99.03% -> 100.00%    
client [76] (testset)   loss: 0.0094 -> 0.0553  accuracy: 100.00% -> 98.70%    
client [67] (testset)   loss: 0.0246 -> 0.0000  accuracy: 100.00% -> 100.00%   
client [37] (testset)   loss: 0.1034 -> 0.0954  accuracy: 96.54% -> 97.40%     
client [58] (testset)   loss: 0.0905 -> 0.0729  accuracy: 97.16% -> 98.58%     
client [64] (testset)   loss: 0.0569 -> 0.0351  accuracy: 98.06% -> 99.17%     
client [77] (testset)   loss: 0.0864 -> 0.0561  accuracy: 97.95% -> 99.32%     
client [55] (testset)   loss: 0.0235 -> 0.0045  accuracy: 99.49% -> 99.74%     
client [12] (testset)   loss: 0.0516 -> 0.0222  accuracy: 98.51% -> 99.01%     
client [89] (testset)   loss: 0.0123 -> 0.0080  accuracy: 100.00% -> 100.00%   
---------------------------- TRAINING EPOCH: 170 ----------------------------  
client [84] (testset)   loss: 0.0004 -> 0.0003  accuracy: 100.00% -> 100.00%   
client [51] (testset)   loss: 0.0325 -> 0.0058  accuracy: 97.14% -> 100.00%    
client [8]  (testset)   loss: 0.5245 -> 0.0009  accuracy: 85.71% -> 100.00%    
client [18] (testset)   loss: 0.0352 -> 0.0211  accuracy: 99.31% -> 99.31%     
client [94] (testset)   loss: 0.0004 -> 0.0000  accuracy: 100.00% -> 100.00%   
client [81] (testset)   loss: 0.0594 -> 0.0309  accuracy: 98.77% -> 99.38%     
client [3]  (testset)   loss: 0.0209 -> 0.0091  accuracy: 99.37% -> 99.58%     
client [11] (testset)   loss: 0.0000 -> 0.0001  accuracy: 100.00% -> 100.00%   
client [95] (testset)   loss: 0.0157 -> 0.0012  accuracy: 99.64% -> 100.00%    
client [67] (testset)   loss: 0.0083 -> 0.0001  accuracy: 100.00% -> 100.00%   
---------------------------- TRAINING EPOCH: 180 ----------------------------  
client [21] (testset)   loss: 0.0205 -> 0.0046  accuracy: 99.02% -> 100.00%    
client [79] (testset)   loss: 0.0080 -> 0.0004  accuracy: 100.00% -> 100.00%   
client [58] (testset)   loss: 0.0304 -> 0.0248  accuracy: 99.29% -> 99.29%     
client [88] (testset)   loss: 0.0807 -> 0.0131  accuracy: 97.06% -> 98.53%     
client [46] (testset)   loss: 0.0251 -> 0.0194  accuracy: 99.32% -> 99.55%     
client [11] (testset)   loss: 0.0000 -> 0.0000  accuracy: 100.00% -> 100.00%   
client [55] (testset)   loss: 0.0493 -> 0.0062  accuracy: 98.21% -> 99.74%     
client [13] (testset)   loss: 0.1694 -> 0.0288  accuracy: 95.83% -> 100.00%    
client [31] (testset)   loss: 0.0023 -> 0.0008  accuracy: 100.00% -> 100.00%   
client [75] (testset)   loss: 0.0810 -> 0.0171  accuracy: 97.83% -> 99.38%     
---------------------------- TRAINING EPOCH: 190 ----------------------------  
client [19] (testset)   loss: 0.0497 -> 0.0222  accuracy: 96.30% -> 98.15%     
client [7]  (testset)   loss: 0.0019 -> 0.0006  accuracy: 100.00% -> 100.00%   
client [57] (testset)   loss: 0.0017 -> 0.0002  accuracy: 100.00% -> 100.00%   
client [13] (testset)   loss: 0.0504 -> 0.0077  accuracy: 95.83% -> 100.00%    
client [43] (testset)   loss: 0.1079 -> 0.0600  accuracy: 98.40% -> 98.93%     
client [91] (testset)   loss: 0.0343 -> 0.0102  accuracy: 99.01% -> 99.83%     
client [10] (testset)   loss: 0.0024 -> 0.0011  accuracy: 100.00% -> 100.00%   
client [64] (testset)   loss: 0.0220 -> 0.0129  accuracy: 99.17% -> 99.44%     
client [82] (testset)   loss: 0.0045 -> 0.0036  accuracy: 100.00% -> 100.00%   
client [22] (testset)   loss: 0.0104 -> 0.0028  accuracy: 100.00% -> 100.00%   
---------------------------- TRAINING EPOCH: 200 ----------------------------  
client [20] (testset)   loss: 0.1048 -> 0.0581  accuracy: 95.93% -> 98.64%     
client [23] (testset)   loss: 0.0004 -> 0.0000  accuracy: 100.00% -> 100.00%   
client [88] (testset)   loss: 0.1214 -> 0.0101  accuracy: 97.06% -> 100.00%    
client [98] (testset)   loss: 0.0479 -> 0.0311  accuracy: 97.06% -> 97.06%     
client [79] (testset)   loss: 0.0027 -> 0.0003  accuracy: 100.00% -> 100.00%   
client [21] (testset)   loss: 0.0133 -> 0.0110  accuracy: 99.02% -> 99.02%     
client [92] (testset)   loss: 0.0000 -> 0.0000  accuracy: 100.00% -> 100.00%   
client [56] (testset)   loss: 0.0274 -> 0.0001  accuracy: 98.92% -> 100.00%    
client [5]  (testset)   loss: 0.0211 -> 0.0112  accuracy: 97.93% -> 99.31%     
client [52] (testset)   loss: 0.0053 -> 0.0000  accuracy: 100.00% -> 100.00%   
FedDpa's average time taken by each global epoch: 0 min 2.63 sec.              
FedDpa's total running time: 0 h 8 m 52 s.                                     
==================== FedDpa Experiment Results: ====================           
Display format: (before local fine-tuning) -> (after local fine-tuning)        
 So if finetune_epoch = 0, x.xx% -> 0.00% is normal.                           
 Centralized testing ONLY happens after model aggregation, so the stats between
'->' are the same.                                                             
{                                                                              
    "100": {                                                                   
        "all_clients": {                                                       
            "test": {                                                          
                "loss": "0.0618 -> 0.0000",                                    
                "accuracy": "98.24% -> 0.00%"                                  
            }                                                                  
        }                                                                      
    },                                                                         
    "200": {                                                                   
        "all_clients": {                                                       
            "test": {                                                          
                "loss": "0.0475 -> 0.0000",                                    
                "accuracy": "98.56% -> 0.00%"                                  
            }                                                                  
        }                                                                      
    }                                                                          
}                                                                              
==================== FedDpa Max Accuracy ====================                  
all_clients:                                                                   
(test) before fine-tuning: 98.56% at epoch 200                                 
(test) after fine-tuning: 0.00% at epoch 100                                   
