==================== FedFew ====================                               
Experiment Arguments:                                                          
{
    'method': 'fedfew',
    'dataset': {
        'name': 'cifar10',
        'client_num': 100,
        'test_ratio': 0.25,
        'val_ratio': 0.0,
        'seed': 42,
        'split': 'sample',
        'IID_ratio': 0.0,
        'monitor_window_name_suffix': 'cifar10-100clients-0%IID-Dir(0.1)-seed42',
        'alpha': 0.1,
        'min_samples_per_client': 10
    },
    'model': {
        'name': 'avgcnn',
        'use_torchvision_pretrained_weights': True,
        'external_model_weights_path': None
    },
    'optimizer': {
        'lr': 0.01,
        'dampening': 0,
        'weight_decay': 0,
        'momentum': 0.7,
        'nesterov': False,
        'name': 'sgd'
    },
    'mode': 'parallel',
    'parallel': {
        'ray_cluster_addr': None,
        'num_cpus': 32.0,
        'num_gpus': 1.0,
        'num_workers': 2
    },
    'common': {
        'seed': 42,
        'join_ratio': 0.1,
        'global_epoch': 200,
        'local_epoch': 5,
        'batch_size': 32,
        'reset_optimizer_on_global_epoch': True,
        'straggler_ratio': 0,
        'straggler_min_local_epoch': 0,
        'buffers': 'global',
        'client_side_evaluation': True,
        'test': {
            'client': {
                'interval': 100,
                'finetune_epoch': 0,
                'train': False,
                'val': False,
                'test': True
            },
            'server': {
                'interval': -1,
                'train': False,
                'val': False,
                'test': True,
                'model_in_train_mode': False
            }
        },
        'verbose_gap': 10,
        'monitor': None,
        'use_cuda': True,
        'save_log': True,
        'save_model': False,
        'save_learning_curve_plot': True,
        'save_metrics': True,
        'delete_useless_run': True
    },
    'fedprox': {
        'mu': 0.01
    },
    'pfedsim': {
        'warmup_round': 0.5
    },
    'fedfew': {
        'top_k': 9,
        'ig_ratio': 0.8,
        'alpha': 0.5,
        'type': 'all'
    }
}
---------------------------- TRAINING EPOCH: 10 ----------------------------   
client [81] (testset)   loss: 0.1189 -> 0.0679  accuracy: 97.32% -> 97.32%     
client [21] (testset)   loss: 2.3798 -> 0.9355  accuracy: 4.35% -> 43.48%      
client [77] (testset)   loss: 0.5380 -> 0.4487  accuracy: 84.45% -> 84.81%     
client [93] (testset)   loss: 1.0274 -> 0.7963  accuracy: 73.68% -> 73.68%     
client [68] (testset)   loss: 0.3841 -> 0.3424  accuracy: 93.79% -> 93.79%     
client [31] (testset)   loss: 2.3181 -> 0.2689  accuracy: 0.92% -> 90.32%      
client [59] (testset)   loss: 2.0557 -> 0.0597  accuracy: 33.33% -> 100.00%    
client [48] (testset)   loss: 0.6660 -> 0.4468  accuracy: 84.62% -> 84.62%     
client [34] (testset)   loss: 2.2866 -> 0.8587  accuracy: 12.26% -> 69.68%     
client [20] (testset)   loss: 0.5354 -> 0.6081  accuracy: 82.51% -> 81.74%     
---------------------------- TRAINING EPOCH: 20 ----------------------------   
client [99] (testset)   loss: 0.1925 -> 0.0672  accuracy: 100.00% -> 100.00%   
client [67] (testset)   loss: 2.0640 -> 0.5534  accuracy: 41.94% -> 76.13%     
client [69] (testset)   loss: 1.1132 -> 0.9591  accuracy: 54.85% -> 61.21%     
client [0]  (testset)   loss: 0.3687 -> 0.2769  accuracy: 89.82% -> 92.22%     
client [76] (testset)   loss: 0.4802 -> 0.4758  accuracy: 83.44% -> 80.13%     
client [62] (testset)   loss: 2.2455 -> 0.4464  accuracy: 5.88% -> 94.12%      
client [41] (testset)   loss: 1.1886 -> 1.0731  accuracy: 60.32% -> 58.73%     
client [2]  (testset)   loss: 2.2795 -> 0.7125  accuracy: 7.30% -> 68.61%      
client [14] (testset)   loss: 0.6213 -> 0.6921  accuracy: 74.38% -> 76.35%     
client [46] (testset)   loss: 0.8590 -> 0.5659  accuracy: 63.57% -> 80.62%     
---------------------------- TRAINING EPOCH: 30 ----------------------------   
client [24] (testset)   loss: 0.6020 -> 0.6229  accuracy: 72.22% -> 77.78%     
client [68] (testset)   loss: 0.3386 -> 0.3646  accuracy: 94.35% -> 94.35%     
client [57] (testset)   loss: 0.3586 -> 0.3196  accuracy: 87.76% -> 89.03%     
client [17] (testset)   loss: 0.9802 -> 1.0223  accuracy: 71.43% -> 71.43%     
client [54] (testset)   loss: 0.6603 -> 0.6896  accuracy: 83.75% -> 78.75%     
client [23] (testset)   loss: 1.9531 -> 0.0006  accuracy: 71.43% -> 100.00%    
client [35] (testset)   loss: 0.9490 -> 0.9300  accuracy: 66.67% -> 66.67%     
client [59] (testset)   loss: 2.3455 -> 0.0556  accuracy: 0.00% -> 100.00%     
client [31] (testset)   loss: 0.1974 -> 0.2770  accuracy: 93.55% -> 93.55%     
client [9]  (testset)   loss: 2.2894 -> 0.7484  accuracy: 6.84% -> 75.21%      
---------------------------- TRAINING EPOCH: 40 ----------------------------   
client [33] (testset)   loss: 0.4864 -> 0.3877  accuracy: 85.42% -> 88.54%     
client [64] (testset)   loss: 0.2690 -> 0.2489  accuracy: 93.12% -> 92.66%     
client [16] (testset)   loss: 0.9369 -> 1.0485  accuracy: 63.25% -> 66.87%     
client [44] (testset)   loss: 0.5593 -> 0.5905  accuracy: 83.67% -> 83.67%     
client [8]  (testset)   loss: 0.8022 -> 0.8482  accuracy: 61.29% -> 61.29%     
client [47] (testset)   loss: 1.4507 -> 1.6241  accuracy: 50.00% -> 50.00%     
client [36] (testset)   loss: 2.3881 -> 0.8708  accuracy: 8.51% -> 59.57%      
client [31] (testset)   loss: 0.2054 -> 0.2717  accuracy: 93.55% -> 94.01%     
client [56] (testset)   loss: 0.7204 -> 0.4705  accuracy: 67.69% -> 81.54%     
client [20] (testset)   loss: 0.8891 -> 0.9766  accuracy: 83.55% -> 84.20%     
---------------------------- TRAINING EPOCH: 50 ----------------------------   
client [4]  (testset)   loss: 0.2270 -> 0.1966  accuracy: 92.96% -> 92.96%     
client [28] (testset)   loss: 1.0731 -> 1.0477  accuracy: 60.00% -> 64.00%     
client [60] (testset)   loss: 0.3736 -> 0.3599  accuracy: 90.64% -> 90.64%     
client [25] (testset)   loss: 0.6047 -> 0.5563  accuracy: 79.86% -> 80.57%     
client [58] (testset)   loss: 0.2718 -> 0.2953  accuracy: 94.05% -> 92.86%     
client [44] (testset)   loss: 0.5567 -> 0.5181  accuracy: 83.67% -> 82.65%     
client [39] (testset)   loss: 0.6608 -> 0.6117  accuracy: 71.23% -> 77.40%     
client [29] (testset)   loss: 0.2782 -> 0.1977  accuracy: 88.30% -> 91.81%     
client [84] (testset)   loss: 0.7690 -> 0.6260  accuracy: 70.31% -> 75.00%     
client [3]  (testset)   loss: 0.8539 -> 0.7450  accuracy: 72.73% -> 72.19%     
---------------------------- TRAINING EPOCH: 60 ----------------------------   
client [21] (testset)   loss: 1.0537 -> 0.9525  accuracy: 43.48% -> 56.52%     
client [84] (testset)   loss: 0.6808 -> 0.6665  accuracy: 78.12% -> 76.56%     
client [36] (testset)   loss: 0.6785 -> 0.7413  accuracy: 72.34% -> 61.70%     
client [65] (testset)   loss: 0.9119 -> 0.6632  accuracy: 57.14% -> 67.86%     
client [81] (testset)   loss: 0.0637 -> 0.0666  accuracy: 98.21% -> 98.21%     
client [10] (testset)   loss: 0.1927 -> 0.1667  accuracy: 95.38% -> 95.66%     
client [42] (testset)   loss: 0.4704 -> 0.4732  accuracy: 88.89% -> 86.01%     
client [11] (testset)   loss: 0.3713 -> 0.2473  accuracy: 90.91% -> 90.91%     
client [79] (testset)   loss: 0.3512 -> 0.2878  accuracy: 88.83% -> 91.90%     
client [96] (testset)   loss: 1.4099 -> 1.0571  accuracy: 43.18% -> 65.91%     
---------------------------- TRAINING EPOCH: 70 ----------------------------   
client [8]  (testset)   loss: 0.9769 -> 1.0511  accuracy: 61.29% -> 51.61%     
client [52] (testset)   loss: 0.3112 -> 0.3811  accuracy: 94.12% -> 93.14%     
client [53] (testset)   loss: 0.6928 -> 0.7318  accuracy: 75.00% -> 73.47%     
client [42] (testset)   loss: 0.4055 -> 0.4030  accuracy: 87.65% -> 89.71%     
client [59] (testset)   loss: 0.1381 -> 0.1333  accuracy: 100.00% -> 100.00%   
client [69] (testset)   loss: 1.7061 -> 1.8370  accuracy: 62.42% -> 61.82%     
client [26] (testset)   loss: 0.7724 -> 0.7889  accuracy: 92.31% -> 92.31%     
client [7]  (testset)   loss: 0.4820 -> 0.5791  accuracy: 81.16% -> 81.16%     
client [98] (testset)   loss: 0.9889 -> 1.1058  accuracy: 77.25% -> 78.67%     
client [49] (testset)   loss: 0.7121 -> 0.8430  accuracy: 73.33% -> 70.16%     
---------------------------- TRAINING EPOCH: 80 ----------------------------   
client [47] (testset)   loss: 1.8108 -> 2.0024  accuracy: 56.25% -> 56.25%     
client [21] (testset)   loss: 1.1741 -> 0.7162  accuracy: 56.52% -> 69.57%     
client [98] (testset)   loss: 1.1016 -> 1.2088  accuracy: 78.67% -> 74.88%     
client [95] (testset)   loss: 1.2202 -> 1.7348  accuracy: 55.17% -> 40.23%     
client [77] (testset)   loss: 0.4257 -> 0.5306  accuracy: 84.81% -> 86.57%     
client [91] (testset)   loss: 0.6520 -> 0.5614  accuracy: 72.06% -> 80.88%     
client [99] (testset)   loss: 0.0927 -> 0.0528  accuracy: 100.00% -> 100.00%   
client [14] (testset)   loss: 0.9751 -> 0.9983  accuracy: 71.92% -> 74.38%     
client [39] (testset)   loss: 0.6366 -> 0.8199  accuracy: 79.45% -> 79.45%     
client [20] (testset)   loss: 0.7276 -> 0.7673  accuracy: 79.27% -> 82.25%     
---------------------------- TRAINING EPOCH: 90 ----------------------------   
client [62] (testset)   loss: 0.5312 -> 0.5583  accuracy: 94.12% -> 94.12%     
client [52] (testset)   loss: 0.3653 -> 0.3919  accuracy: 94.12% -> 93.14%     
client [97] (testset)   loss: 0.8040 -> 0.7880  accuracy: 70.73% -> 71.95%     
client [71] (testset)   loss: 0.6236 -> 0.7711  accuracy: 80.65% -> 81.18%     
client [30] (testset)   loss: 1.3523 -> 1.4327  accuracy: 62.37% -> 67.74%     
client [60] (testset)   loss: 0.3577 -> 0.4660  accuracy: 91.76% -> 91.39%     
client [88] (testset)   loss: 0.4862 -> 0.4039  accuracy: 82.89% -> 86.84%     
client [91] (testset)   loss: 0.6224 -> 0.6669  accuracy: 86.76% -> 88.24%     
client [82] (testset)   loss: 0.2663 -> 0.2829  accuracy: 96.59% -> 96.59%     
client [57] (testset)   loss: 0.3227 -> 0.2864  accuracy: 89.03% -> 91.56%     
---------------------------- TRAINING EPOCH: 100 ----------------------------  
client [31] (testset)   loss: 0.2737 -> 0.2611  accuracy: 94.47% -> 94.01%     
client [15] (testset)   loss: 0.5278 -> 0.5929  accuracy: 84.38% -> 82.81%     
client [97] (testset)   loss: 1.2131 -> 1.2237  accuracy: 73.17% -> 75.61%     
client [71] (testset)   loss: 0.7323 -> 0.7705  accuracy: 82.26% -> 83.33%     
client [53] (testset)   loss: 0.8492 -> 1.0326  accuracy: 72.45% -> 75.00%     
client [77] (testset)   loss: 0.5635 -> 0.4711  accuracy: 85.16% -> 85.51%     
client [76] (testset)   loss: 0.3975 -> 0.5215  accuracy: 86.75% -> 81.46%     
client [28] (testset)   loss: 0.9328 -> 1.0004  accuracy: 64.00% -> 60.00%     
client [99] (testset)   loss: 0.0339 -> 0.0200  accuracy: 100.00% -> 100.00%   
client [79] (testset)   loss: 0.2699 -> 0.3234  accuracy: 92.46% -> 92.18%     
---------------------------- TRAINING EPOCH: 110 ----------------------------  
client [86] (testset)   loss: 0.7409 -> 0.8705  accuracy: 78.95% -> 75.00%     
client [97] (testset)   loss: 0.8683 -> 0.8753  accuracy: 73.17% -> 70.73%     
client [73] (testset)   loss: 0.9776 -> 1.3931  accuracy: 57.58% -> 54.55%     
client [34] (testset)   loss: 1.6214 -> 1.6199  accuracy: 68.39% -> 69.03%     
client [96] (testset)   loss: 1.0200 -> 1.3678  accuracy: 63.64% -> 70.45%     
client [22] (testset)   loss: 0.5990 -> 0.6953  accuracy: 82.71% -> 80.45%     
client [5]  (testset)   loss: 0.9875 -> 1.0739  accuracy: 79.90% -> 79.64%     
client [66] (testset)   loss: 0.6352 -> 0.8250  accuracy: 79.41% -> 77.94%     
client [60] (testset)   loss: 0.3327 -> 0.4200  accuracy: 90.64% -> 91.01%     
client [83] (testset)   loss: 0.9743 -> 1.0626  accuracy: 76.19% -> 76.75%     
---------------------------- TRAINING EPOCH: 120 ----------------------------  
client [65] (testset)   loss: 0.8516 -> 0.7742  accuracy: 60.71% -> 67.86%     
client [95] (testset)   loss: 1.5999 -> 2.0313  accuracy: 51.72% -> 48.28%     
client [76] (testset)   loss: 0.5542 -> 0.5922  accuracy: 84.77% -> 84.77%     
client [8]  (testset)   loss: 1.2176 -> 1.2885  accuracy: 51.61% -> 58.06%     
client [35] (testset)   loss: 1.0522 -> 0.9920  accuracy: 50.00% -> 50.00%     
client [17] (testset)   loss: 1.3906 -> 1.5218  accuracy: 71.43% -> 68.45%     
client [98] (testset)   loss: 1.3617 -> 1.4645  accuracy: 80.09% -> 78.67%     
client [43] (testset)   loss: 0.7047 -> 0.6985  accuracy: 81.82% -> 81.82%     
client [53] (testset)   loss: 0.9767 -> 1.2104  accuracy: 74.49% -> 73.98%     
client [64] (testset)   loss: 0.3406 -> 0.2792  accuracy: 93.12% -> 92.20%     
---------------------------- TRAINING EPOCH: 130 ----------------------------  
client [21] (testset)   loss: 0.8878 -> 0.5911  accuracy: 60.87% -> 78.26%     
client [38] (testset)   loss: 0.2976 -> 0.2971  accuracy: 90.38% -> 91.35%     
client [3]  (testset)   loss: 1.0013 -> 1.1111  accuracy: 70.05% -> 68.98%     
client [88] (testset)   loss: 0.4242 -> 0.4847  accuracy: 88.42% -> 88.16%     
client [41] (testset)   loss: 1.1001 -> 1.2017  accuracy: 65.08% -> 65.08%     
client [7]  (testset)   loss: 0.5658 -> 0.5364  accuracy: 78.74% -> 77.78%     
client [37] (testset)   loss: 1.7385 -> 1.6452  accuracy: 33.33% -> 50.00%     
client [5]  (testset)   loss: 1.1344 -> 1.1664  accuracy: 78.09% -> 79.90%     
client [45] (testset)   loss: 0.6514 -> 0.5920  accuracy: 63.64% -> 81.82%     
client [47] (testset)   loss: 1.3060 -> 1.5381  accuracy: 56.25% -> 68.75%     
---------------------------- TRAINING EPOCH: 140 ----------------------------  
client [11] (testset)   loss: 0.2213 -> 0.2381  accuracy: 90.91% -> 86.36%     
client [37] (testset)   loss: 1.8309 -> 1.8896  accuracy: 50.00% -> 50.00%     
client [41] (testset)   loss: 1.1107 -> 1.3080  accuracy: 65.08% -> 65.08%     
client [16] (testset)   loss: 1.1279 -> 1.4058  accuracy: 69.88% -> 68.07%     
client [95] (testset)   loss: 2.0010 -> 2.1060  accuracy: 51.72% -> 52.87%     
client [53] (testset)   loss: 0.7209 -> 0.7536  accuracy: 69.90% -> 75.51%     
client [22] (testset)   loss: 0.7948 -> 1.2440  accuracy: 81.20% -> 81.20%     
client [25] (testset)   loss: 0.6560 -> 0.7499  accuracy: 79.51% -> 79.86%     
client [69] (testset)   loss: 2.1925 -> 2.1417  accuracy: 63.03% -> 62.42%     
client [46] (testset)   loss: 0.6188 -> 0.7495  accuracy: 81.40% -> 80.62%     
---------------------------- TRAINING EPOCH: 150 ----------------------------  
client [47] (testset)   loss: 1.6684 -> 2.0259  accuracy: 50.00% -> 56.25%     
client [82] (testset)   loss: 0.2810 -> 0.2858  accuracy: 96.59% -> 96.59%     
client [45] (testset)   loss: 0.5264 -> 0.5370  accuracy: 81.82% -> 81.82%     
client [69] (testset)   loss: 2.1758 -> 2.2093  accuracy: 63.64% -> 62.73%     
client [50] (testset)   loss: 0.8804 -> 1.0072  accuracy: 71.43% -> 71.43%     
client [7]  (testset)   loss: 0.6721 -> 0.7440  accuracy: 82.13% -> 81.16%     
client [35] (testset)   loss: 1.1305 -> 1.1011  accuracy: 66.67% -> 50.00%     
client [24] (testset)   loss: 0.5163 -> 0.5364  accuracy: 80.56% -> 80.56%     
client [15] (testset)   loss: 0.7972 -> 0.8784  accuracy: 82.42% -> 82.81%     
client [58] (testset)   loss: 0.4209 -> 0.4079  accuracy: 92.86% -> 92.06%     
---------------------------- TRAINING EPOCH: 160 ----------------------------  
client [48] (testset)   loss: 0.7951 -> 0.8730  accuracy: 69.23% -> 69.23%     
client [76] (testset)   loss: 0.4320 -> 0.4904  accuracy: 84.77% -> 83.44%     
client [37] (testset)   loss: 1.9592 -> 1.7767  accuracy: 50.00% -> 66.67%     
client [67] (testset)   loss: 0.3880 -> 0.4992  accuracy: 83.87% -> 80.00%     
client [64] (testset)   loss: 0.3666 -> 0.3383  accuracy: 92.66% -> 92.66%     
client [58] (testset)   loss: 0.3606 -> 0.3827  accuracy: 92.86% -> 92.46%     
client [77] (testset)   loss: 0.7453 -> 0.7781  accuracy: 85.16% -> 86.57%     
client [12] (testset)   loss: 0.9620 -> 1.0257  accuracy: 80.84% -> 78.75%     
client [89] (testset)   loss: 0.8124 -> 0.8126  accuracy: 84.31% -> 86.27%     
client [55] (testset)   loss: 0.7184 -> 0.7233  accuracy: 84.05% -> 83.36%     
---------------------------- TRAINING EPOCH: 170 ----------------------------  
client [51] (testset)   loss: 1.2241 -> 1.3910  accuracy: 75.00% -> 75.00%     
client [84] (testset)   loss: 1.0305 -> 1.0577  accuracy: 73.44% -> 73.44%     
client [8]  (testset)   loss: 1.2821 -> 1.4767  accuracy: 51.61% -> 51.61%     
client [94] (testset)   loss: 0.6083 -> 0.7219  accuracy: 81.54% -> 78.46%     
client [18] (testset)   loss: 1.2515 -> 1.3782  accuracy: 80.84% -> 80.84%     
client [81] (testset)   loss: 0.0817 -> 0.0825  accuracy: 98.21% -> 98.21%     
client [11] (testset)   loss: 0.1699 -> 0.3656  accuracy: 95.45% -> 81.82%     
client [95] (testset)   loss: 2.4784 -> 2.6991  accuracy: 55.17% -> 52.87%     
client [3]  (testset)   loss: 1.3216 -> 1.4258  accuracy: 68.98% -> 68.98%     
client [67] (testset)   loss: 0.5033 -> 0.5317  accuracy: 83.87% -> 83.23%     
---------------------------- TRAINING EPOCH: 180 ----------------------------  
client [21] (testset)   loss: 0.6237 -> 1.5192  accuracy: 86.96% -> 39.13%     
client [58] (testset)   loss: 0.4322 -> 0.4266  accuracy: 92.46% -> 92.46%     
client [79] (testset)   loss: 0.4068 -> 0.4441  accuracy: 92.46% -> 91.90%     
client [46] (testset)   loss: 0.7276 -> 0.9396  accuracy: 80.62% -> 79.84%     
client [11] (testset)   loss: 0.2731 -> 0.1496  accuracy: 86.36% -> 95.45%     
client [88] (testset)   loss: 0.7022 -> 0.6747  accuracy: 87.37% -> 87.63%     
client [13] (testset)   loss: 1.0271 -> 1.0706  accuracy: 79.44% -> 79.44%     
client [31] (testset)   loss: 0.2709 -> 0.2746  accuracy: 94.47% -> 94.47%     
client [55] (testset)   loss: 0.8052 -> 0.8275  accuracy: 83.22% -> 83.08%     
client [75] (testset)   loss: 0.6259 -> 0.6549  accuracy: 88.16% -> 88.16%     
---------------------------- TRAINING EPOCH: 190 ----------------------------  
client [19] (testset)   loss: 0.5734 -> 0.5669  accuracy: 92.92% -> 93.81%     
client [7]  (testset)   loss: 0.6422 -> 0.6319  accuracy: 82.61% -> 77.78%     
client [57] (testset)   loss: 0.3786 -> 0.3899  accuracy: 89.87% -> 89.03%     
client [43] (testset)   loss: 0.7258 -> 0.7399  accuracy: 81.82% -> 72.73%     
client [13] (testset)   loss: 0.6810 -> 0.7519  accuracy: 77.22% -> 78.89%     
client [91] (testset)   loss: 0.5661 -> 0.6569  accuracy: 88.24% -> 85.29%     
client [64] (testset)   loss: 0.3662 -> 0.3978  accuracy: 92.66% -> 92.20%     
client [10] (testset)   loss: 0.2588 -> 0.2737  accuracy: 95.95% -> 95.95%     
client [82] (testset)   loss: 0.3493 -> 0.3369  accuracy: 96.59% -> 96.59%     
client [22] (testset)   loss: 1.0307 -> 1.1625  accuracy: 80.45% -> 81.20%     
---------------------------- TRAINING EPOCH: 200 ----------------------------  
client [23] (testset)   loss: 0.0115 -> 0.0104  accuracy: 100.00% -> 100.00%   
client [88] (testset)   loss: 0.4611 -> 0.4876  accuracy: 87.63% -> 88.16%     
client [98] (testset)   loss: 1.1826 -> 1.2805  accuracy: 77.25% -> 77.25%     
client [20] (testset)   loss: 1.0300 -> 1.0638  accuracy: 83.55% -> 83.94%     
client [21] (testset)   loss: 1.1106 -> 0.8874  accuracy: 43.48% -> 52.17%     
client [79] (testset)   loss: 0.4681 -> 0.4982  accuracy: 92.18% -> 92.46%     
client [92] (testset)   loss: 0.2827 -> 0.3110  accuracy: 89.16% -> 89.66%     
client [56] (testset)   loss: 0.8613 -> 0.8621  accuracy: 81.54% -> 83.08%     
client [52] (testset)   loss: 0.4646 -> 0.4937  accuracy: 94.12% -> 94.12%     
client [5]  (testset)   loss: 1.3065 -> 1.3336  accuracy: 79.38% -> 79.64%     
FedFew's average time taken by each global epoch: 0 min 2.64 sec.              
FedFew's total running time: 0 h 8 m 53 s.                                     
==================== FedFew Experiment Results: ====================           
Display format: (before local fine-tuning) -> (after local fine-tuning)        
 So if finetune_epoch = 0, x.xx% -> 0.00% is normal.                           
 Centralized testing ONLY happens after model aggregation, so the stats between
'->' are the same.                                                             
{                                                                              
    "100": {                                                                   
        "all_clients": {                                                       
            "test": {                                                          
                "loss": "0.7106 -> 0.0000",                                    
                "accuracy": "81.76% -> 0.00%"                                  
            }                                                                  
        }                                                                      
    },                                                                         
    "200": {                                                                   
        "all_clients": {                                                       
            "test": {                                                          
                "loss": "0.9365 -> 0.0000",                                    
                "accuracy": "82.15% -> 0.00%"                                  
            }                                                                  
        }                                                                      
    }                                                                          
}                                                                              
==================== FedFew Max Accuracy ====================                  
all_clients:                                                                   
(test) before fine-tuning: 82.15% at epoch 200                                 
(test) after fine-tuning: 0.00% at epoch 100                                   
