==================== FedFewA ====================                              
Experiment Arguments:                                                          
{
    'method': 'fedfewa',
    'dataset': {
        'name': 'medmnistA',
        'client_num': 100,
        'test_ratio': 0.25,
        'val_ratio': 0.0,
        'seed': 42,
        'split': 'sample',
        'IID_ratio': 0.0,
        'monitor_window_name_suffix': 'medmnistA-100clients-0%IID-Dir(0.1)-seed42',
        'alpha': 0.1,
        'min_samples_per_client': 10
    },
    'model': {
        'name': 'avgcnn',
        'use_torchvision_pretrained_weights': True,
        'external_model_weights_path': None
    },
    'optimizer': {
        'lr': 0.01,
        'dampening': 0,
        'weight_decay': 0,
        'momentum': 0.7,
        'nesterov': False,
        'name': 'sgd'
    },
    'mode': 'serial',
    'parallel': {
        'ray_cluster_addr': None,
        'num_cpus': None,
        'num_gpus': None,
        'num_workers': 2
    },
    'common': {
        'seed': 42,
        'join_ratio': 0.1,
        'global_epoch': 400,
        'local_epoch': 5,
        'batch_size': 32,
        'reset_optimizer_on_global_epoch': True,
        'straggler_ratio': 0,
        'straggler_min_local_epoch': 0,
        'buffers': 'global',
        'client_side_evaluation': True,
        'test': {
            'client': {
                'interval': 100,
                'finetune_epoch': 0,
                'train': False,
                'val': False,
                'test': True
            },
            'server': {
                'interval': -1,
                'train': False,
                'val': False,
                'test': True,
                'model_in_train_mode': False
            }
        },
        'verbose_gap': 10,
        'monitor': None,
        'use_cuda': True,
        'save_log': True,
        'save_model': False,
        'save_learning_curve_plot': True,
        'save_metrics': True,
        'delete_useless_run': True
    },
    'fedprox': {
        'mu': 0.01
    },
    'pfedsim': {
        'warmup_round': 0.5
    },
    'fedfewa': {
        'ig_ratio': 0.97,
        'alpha': 0.5,
        'norm': 'layer',
        'EMA': False,
        'CLS': False,
        'track': False,
        'type': 'Ablation'
    }
}
---------------------------- TRAINING EPOCH: 10 ----------------------------   
client [77] (testset)   loss: 1.0033 -> 1.0469  accuracy: 58.33% -> 58.33%     
client [81] (testset)   loss: 0.9214 -> 0.8103  accuracy: 43.60% -> 54.74%     
client [21] (testset)   loss: 2.7595 -> 0.9027  accuracy: 1.59% -> 53.44%      
client [68] (testset)   loss: 0.2556 -> 0.0186  accuracy: 100.00% -> 100.00%   
client [93] (testset)   loss: 0.9173 -> 0.6591  accuracy: 88.89% -> 88.89%     
client [31] (testset)   loss: 1.8658 -> 1.4123  accuracy: 0.00% -> 55.00%      
client [20] (testset)   loss: 0.5776 -> 0.5916  accuracy: 88.08% -> 88.08%     
client [59] (testset)   loss: 2.3077 -> 0.9574  accuracy: 0.00% -> 42.00%      
client [48] (testset)   loss: 0.8900 -> 0.7329  accuracy: 23.28% -> 74.14%     
client [34] (testset)   loss: 1.4084 -> 1.4085  accuracy: 37.04% -> 28.40%     
---------------------------- TRAINING EPOCH: 20 ----------------------------   
client [69] (testset)   loss: 1.0933 -> 1.1879  accuracy: 63.83% -> 63.83%     
client [99] (testset)   loss: 1.2437 -> 1.1743  accuracy: 63.53% -> 63.53%     
client [67] (testset)   loss: 1.1838 -> 1.1275  accuracy: 55.29% -> 55.29%     
client [0]  (testset)   loss: 0.9219 -> 0.9105  accuracy: 60.35% -> 60.35%     
client [76] (testset)   loss: 1.3212 -> 1.2719  accuracy: 52.13% -> 52.13%     
client [41] (testset)   loss: 1.0313 -> 0.8308  accuracy: 36.62% -> 59.15%     
client [62] (testset)   loss: 2.3081 -> 0.9693  accuracy: 0.00% -> 65.00%      
client [2]  (testset)   loss: 2.4833 -> 1.6438  accuracy: 0.00% -> 37.14%      
client [14] (testset)   loss: 0.1599 -> 0.1688  accuracy: 97.22% -> 97.22%     
client [46] (testset)   loss: 0.9536 -> 0.8294  accuracy: 59.30% -> 59.30%     
---------------------------- TRAINING EPOCH: 30 ----------------------------   
client [24] (testset)   loss: 0.1710 -> 0.1706  accuracy: 96.84% -> 96.84%     
client [68] (testset)   loss: 0.0110 -> 0.0174  accuracy: 100.00% -> 100.00%   
client [57] (testset)   loss: 0.7471 -> 0.6417  accuracy: 79.69% -> 79.69%     
client [17] (testset)   loss: 1.4704 -> 1.4855  accuracy: 38.46% -> 21.54%     
client [54] (testset)   loss: 0.6463 -> 0.6714  accuracy: 80.00% -> 80.00%     
client [23] (testset)   loss: 2.4068 -> 0.9271  accuracy: 36.67% -> 56.67%     
client [35] (testset)   loss: 1.1878 -> 1.2134  accuracy: 46.30% -> 32.87%     
client [59] (testset)   loss: 0.9952 -> 0.9502  accuracy: 52.00% -> 52.00%     
client [31] (testset)   loss: 1.3450 -> 1.3917  accuracy: 55.00% -> 55.00%     
client [9]  (testset)   loss: 0.6515 -> 0.6506  accuracy: 83.44% -> 83.44%     
---------------------------- TRAINING EPOCH: 40 ----------------------------   
client [64] (testset)   loss: 0.8894 -> 0.8496  accuracy: 66.67% -> 66.67%     
client [33] (testset)   loss: 0.8508 -> 0.6918  accuracy: 75.00% -> 75.00%     
client [16] (testset)   loss: 0.3015 -> 0.2996  accuracy: 92.63% -> 92.63%     
client [44] (testset)   loss: 1.2565 -> 1.7649  accuracy: 61.54% -> 0.00%      
client [8]  (testset)   loss: 1.7463 -> 1.7807  accuracy: 40.91% -> 40.91%     
client [31] (testset)   loss: 1.3664 -> 1.3897  accuracy: 55.00% -> 55.00%     
client [47] (testset)   loss: 1.0051 -> 1.0174  accuracy: 48.19% -> 48.19%     
client [36] (testset)   loss: 1.6435 -> 1.4266  accuracy: 30.00% -> 37.50%     
client [20] (testset)   loss: 0.5838 -> 0.5867  accuracy: 88.08% -> 88.08%     
client [56] (testset)   loss: 1.5440 -> 1.6311  accuracy: 44.26% -> 14.75%     
---------------------------- TRAINING EPOCH: 50 ----------------------------   
client [4]  (testset)   loss: 0.8440 -> 0.8737  accuracy: 76.74% -> 76.74%     
client [60] (testset)   loss: 0.1861 -> 0.1768  accuracy: 96.62% -> 96.62%     
client [28] (testset)   loss: 0.9677 -> 1.0567  accuracy: 73.37% -> 73.37%     
client [25] (testset)   loss: 0.7933 -> 0.8029  accuracy: 73.02% -> 73.02%     
client [58] (testset)   loss: 0.2275 -> 0.2314  accuracy: 94.34% -> 94.34%     
client [44] (testset)   loss: 1.5314 -> 1.7612  accuracy: 61.54% -> 0.00%      
client [39] (testset)   loss: 1.5971 -> 1.5801  accuracy: 43.40% -> 43.40%     
client [29] (testset)   loss: 0.9551 -> 0.9159  accuracy: 73.87% -> 73.87%     
client [3]  (testset)   loss: 0.9566 -> 0.9003  accuracy: 63.64% -> 63.64%     
client [84] (testset)   loss: 0.8092 -> 0.8133  accuracy: 56.96% -> 56.96%     
---------------------------- TRAINING EPOCH: 60 ----------------------------   
client [21] (testset)   loss: 0.8984 -> 0.8811  accuracy: 42.06% -> 53.44%     
client [84] (testset)   loss: 0.8092 -> 0.8119  accuracy: 56.96% -> 56.96%     
client [10] (testset)   loss: 0.9447 -> 0.9445  accuracy: 53.62% -> 53.62%     
client [36] (testset)   loss: 1.4066 -> 1.4172  accuracy: 37.50% -> 30.00%     
client [65] (testset)   loss: 0.5864 -> 0.5692  accuracy: 83.56% -> 83.56%     
client [81] (testset)   loss: 0.7877 -> 0.7915  accuracy: 54.74% -> 54.74%     
client [79] (testset)   loss: 0.9835 -> 1.0165  accuracy: 77.78% -> 77.78%     
client [42] (testset)   loss: 1.1336 -> 1.1576  accuracy: 58.33% -> 58.33%     
client [11] (testset)   loss: 1.1821 -> 1.2072  accuracy: 50.88% -> 50.88%     
client [96] (testset)   loss: 1.2171 -> 1.2896  accuracy: 55.39% -> 55.39%     
---------------------------- TRAINING EPOCH: 70 ----------------------------   
client [8]  (testset)   loss: 1.7519 -> 1.7139  accuracy: 40.91% -> 40.91%     
client [53] (testset)   loss: 0.2532 -> 0.2946  accuracy: 94.85% -> 94.85%     
client [52] (testset)   loss: 0.8601 -> 0.8634  accuracy: 75.22% -> 75.22%     
client [42] (testset)   loss: 1.1206 -> 1.1222  accuracy: 58.33% -> 58.33%     
client [69] (testset)   loss: 1.1077 -> 1.0668  accuracy: 63.83% -> 63.83%     
client [59] (testset)   loss: 1.0064 -> 0.9203  accuracy: 52.00% -> 52.00%     
client [7]  (testset)   loss: 0.4902 -> 0.5094  accuracy: 88.85% -> 88.85%     
client [26] (testset)   loss: 1.2909 -> 1.2650  accuracy: 50.53% -> 50.53%     
client [49] (testset)   loss: 0.7654 -> 0.7352  accuracy: 79.77% -> 79.77%     
client [98] (testset)   loss: 0.9430 -> 0.9847  accuracy: 74.68% -> 74.68%     
---------------------------- TRAINING EPOCH: 80 ----------------------------   
client [98] (testset)   loss: 0.9861 -> 0.9562  accuracy: 74.68% -> 74.68%     
client [47] (testset)   loss: 0.9921 -> 0.9992  accuracy: 48.19% -> 48.19%     
client [21] (testset)   loss: 0.9012 -> 0.8790  accuracy: 42.06% -> 53.44%     
client [77] (testset)   loss: 1.1501 -> 1.2055  accuracy: 58.33% -> 58.33%     
client [95] (testset)   loss: 0.3263 -> 0.2792  accuracy: 94.83% -> 94.83%     
client [91] (testset)   loss: 0.5833 -> 0.7672  accuracy: 88.24% -> 88.24%     
client [14] (testset)   loss: 0.1656 -> 0.1694  accuracy: 97.22% -> 97.22%     
client [99] (testset)   loss: 1.2296 -> 1.1774  accuracy: 63.53% -> 63.53%     
client [20] (testset)   loss: 0.5949 -> 0.5916  accuracy: 88.08% -> 88.08%     
client [39] (testset)   loss: 1.6215 -> 1.5941  accuracy: 43.40% -> 43.40%     
---------------------------- TRAINING EPOCH: 90 ----------------------------   
client [52] (testset)   loss: 0.8597 -> 0.8670  accuracy: 75.22% -> 75.22%     
client [62] (testset)   loss: 0.8949 -> 0.9187  accuracy: 65.00% -> 65.00%     
client [71] (testset)   loss: 1.2611 -> 1.3490  accuracy: 50.00% -> 25.00%     
client [97] (testset)   loss: 1.3611 -> 1.3270  accuracy: 47.72% -> 47.72%     
client [30] (testset)   loss: 0.9128 -> 0.8862  accuracy: 54.29% -> 54.29%     
client [88] (testset)   loss: 1.1119 -> 1.0782  accuracy: 67.57% -> 67.57%     
client [60] (testset)   loss: 0.1909 -> 0.2146  accuracy: 96.62% -> 96.62%     
client [82] (testset)   loss: 1.5371 -> 1.5636  accuracy: 46.51% -> 46.51%     
client [91] (testset)   loss: 0.5718 -> 0.5342  accuracy: 88.24% -> 88.24%     
client [57] (testset)   loss: 0.5513 -> 0.5492  accuracy: 79.69% -> 79.69%     
---------------------------- TRAINING EPOCH: 100 ----------------------------  
client [31] (testset)   loss: 1.3422 -> 1.3799  accuracy: 55.00% -> 55.00%     
client [15] (testset)   loss: 0.8765 -> 0.8956  accuracy: 76.47% -> 76.47%     
client [71] (testset)   loss: 1.3001 -> 1.2780  accuracy: 50.00% -> 50.00%     
client [97] (testset)   loss: 1.3357 -> 1.3367  accuracy: 47.72% -> 47.72%     
client [53] (testset)   loss: 0.2359 -> 0.2142  accuracy: 94.85% -> 94.85%     
client [77] (testset)   loss: 1.2042 -> 1.1074  accuracy: 58.33% -> 58.33%     
client [76] (testset)   loss: 1.2776 -> 1.2896  accuracy: 52.13% -> 52.13%     
client [79] (testset)   loss: 1.0297 -> 1.3696  accuracy: 77.78% -> 77.78%     
client [28] (testset)   loss: 0.9562 -> 0.9613  accuracy: 73.37% -> 73.37%     
client [99] (testset)   loss: 1.1894 -> 1.1726  accuracy: 63.53% -> 63.53%     
---------------------------- TRAINING EPOCH: 110 ----------------------------  
client [97] (testset)   loss: 1.3539 -> 1.3159  accuracy: 47.72% -> 47.72%     
client [86] (testset)   loss: 0.5468 -> 0.5096  accuracy: 84.66% -> 84.66%     
client [34] (testset)   loss: 1.3660 -> 1.3941  accuracy: 37.04% -> 37.04%     
client [73] (testset)   loss: 0.7550 -> 0.7467  accuracy: 58.95% -> 58.95%     
client [5]  (testset)   loss: 1.4714 -> 1.4508  accuracy: 43.96% -> 43.96%     
client [96] (testset)   loss: 1.2384 -> 1.2050  accuracy: 55.39% -> 55.39%     
client [22] (testset)   loss: 0.4175 -> 0.4312  accuracy: 89.95% -> 89.95%     
client [60] (testset)   loss: 0.1843 -> 0.1811  accuracy: 96.62% -> 96.62%     
client [66] (testset)   loss: 1.0878 -> 1.0713  accuracy: 50.78% -> 50.78%     
client [83] (testset)   loss: 0.6021 -> 0.6471  accuracy: 85.00% -> 85.00%     
---------------------------- TRAINING EPOCH: 120 ----------------------------  
client [76] (testset)   loss: 1.2700 -> 1.2716  accuracy: 52.13% -> 52.13%     
client [65] (testset)   loss: 0.5786 -> 0.5639  accuracy: 83.56% -> 83.56%     
client [95] (testset)   loss: 0.2997 -> 0.3108  accuracy: 94.83% -> 94.83%     
client [17] (testset)   loss: 1.4986 -> 1.7732  accuracy: 21.54% -> 21.54%     
client [8]  (testset)   loss: 1.7282 -> 1.6855  accuracy: 40.91% -> 40.91%     
client [35] (testset)   loss: 1.1812 -> 1.1663  accuracy: 46.30% -> 46.30%     
client [98] (testset)   loss: 0.9527 -> 0.9805  accuracy: 74.68% -> 74.68%     
client [53] (testset)   loss: 0.2268 -> 0.2400  accuracy: 94.85% -> 94.85%     
client [43] (testset)   loss: 0.3203 -> 0.3170  accuracy: 93.29% -> 93.29%     
client [64] (testset)   loss: 0.9000 -> 0.8711  accuracy: 66.67% -> 66.67%     
---------------------------- TRAINING EPOCH: 130 ----------------------------  
client [21] (testset)   loss: 0.9220 -> 0.8799  accuracy: 53.44% -> 53.44%     
client [88] (testset)   loss: 1.1040 -> 1.1347  accuracy: 67.57% -> 67.57%     
client [38] (testset)   loss: 1.0483 -> 1.0733  accuracy: 66.67% -> 66.67%     
client [3]  (testset)   loss: 0.9604 -> 0.9400  accuracy: 63.64% -> 36.36%     
client [5]  (testset)   loss: 1.4781 -> 1.4627  accuracy: 43.96% -> 43.96%     
client [41] (testset)   loss: 0.8660 -> 0.8850  accuracy: 59.15% -> 59.15%     
client [7]  (testset)   loss: 0.4728 -> 0.4769  accuracy: 88.85% -> 88.85%     
client [37] (testset)   loss: 0.4681 -> 0.5539  accuracy: 87.45% -> 87.45%     
client [45] (testset)   loss: 1.6043 -> 1.5944  accuracy: 44.00% -> 44.00%     
client [47] (testset)   loss: 0.9948 -> 1.0237  accuracy: 48.19% -> 39.76%     
---------------------------- TRAINING EPOCH: 140 ----------------------------  
client [16] (testset)   loss: 0.2997 -> 0.3021  accuracy: 92.63% -> 92.63%     
client [11] (testset)   loss: 1.1750 -> 1.1742  accuracy: 50.88% -> 50.88%     
client [37] (testset)   loss: 0.4800 -> 0.4784  accuracy: 87.45% -> 87.45%     
client [41] (testset)   loss: 0.8817 -> 0.8515  accuracy: 59.15% -> 59.15%     
client [95] (testset)   loss: 0.2906 -> 0.2708  accuracy: 94.83% -> 94.83%     
client [53] (testset)   loss: 0.2348 -> 0.2378  accuracy: 94.85% -> 94.85%     
client [22] (testset)   loss: 0.4808 -> 0.4139  accuracy: 89.95% -> 89.95%     
client [25] (testset)   loss: 0.7386 -> 0.7472  accuracy: 73.02% -> 73.02%     
client [69] (testset)   loss: 1.0333 -> 1.0560  accuracy: 63.83% -> 63.83%     
client [46] (testset)   loss: 0.8341 -> 0.8515  accuracy: 59.30% -> 59.30%     
---------------------------- TRAINING EPOCH: 150 ----------------------------  
client [47] (testset)   loss: 0.9942 -> 1.0118  accuracy: 48.19% -> 39.76%     
client [69] (testset)   loss: 1.0982 -> 1.1290  accuracy: 63.83% -> 63.83%     
client [82] (testset)   loss: 1.5525 -> 1.5741  accuracy: 46.51% -> 46.51%     
client [45] (testset)   loss: 1.5865 -> 1.5511  accuracy: 44.00% -> 44.00%     
client [7]  (testset)   loss: 0.4800 -> 0.4790  accuracy: 88.85% -> 88.85%     
client [50] (testset)   loss: 0.6817 -> 0.6736  accuracy: 79.27% -> 79.27%     
client [35] (testset)   loss: 1.1920 -> 1.1709  accuracy: 46.30% -> 46.30%     
client [24] (testset)   loss: 0.1801 -> 0.1652  accuracy: 96.84% -> 96.84%     
client [15] (testset)   loss: 0.8641 -> 0.8820  accuracy: 76.47% -> 76.47%     
client [58] (testset)   loss: 0.2273 -> 0.2302  accuracy: 94.34% -> 94.34%     
---------------------------- TRAINING EPOCH: 160 ----------------------------  
client [48] (testset)   loss: 0.7308 -> 0.7541  accuracy: 74.14% -> 74.14%     
client [76] (testset)   loss: 1.2678 -> 1.2824  accuracy: 52.13% -> 52.13%     
client [67] (testset)   loss: 1.1247 -> 1.1623  accuracy: 55.29% -> 55.29%     
client [37] (testset)   loss: 0.4757 -> 0.5084  accuracy: 87.45% -> 87.45%     
client [58] (testset)   loss: 0.2372 -> 0.2482  accuracy: 94.34% -> 94.34%     
client [64] (testset)   loss: 0.8948 -> 0.9279  accuracy: 66.67% -> 66.67%     
client [77] (testset)   loss: 1.0155 -> 0.9668  accuracy: 58.33% -> 58.33%     
client [55] (testset)   loss: 1.9781 -> 2.0124  accuracy: 50.00% -> 50.00%     
client [12] (testset)   loss: 0.5259 -> 0.5331  accuracy: 86.14% -> 86.14%     
client [89] (testset)   loss: 2.0425 -> 1.9751  accuracy: 18.75% -> 18.75%     
---------------------------- TRAINING EPOCH: 170 ----------------------------  
client [84] (testset)   loss: 0.8085 -> 0.8030  accuracy: 56.96% -> 56.96%     
client [51] (testset)   loss: 0.8171 -> 0.8505  accuracy: 66.67% -> 66.67%     
client [8]  (testset)   loss: 1.7092 -> 1.6963  accuracy: 40.91% -> 40.91%     
client [18] (testset)   loss: 0.9446 -> 0.9889  accuracy: 65.38% -> 65.38%     
client [94] (testset)   loss: 1.3612 -> 1.3732  accuracy: 50.00% -> 50.00%     
client [81] (testset)   loss: 0.7891 -> 0.7901  accuracy: 54.74% -> 54.74%     
client [3]  (testset)   loss: 0.7317 -> 0.7224  accuracy: 63.64% -> 63.64%     
client [11] (testset)   loss: 1.1667 -> 1.2348  accuracy: 50.88% -> 50.88%     
client [95] (testset)   loss: 0.2928 -> 0.3298  accuracy: 94.83% -> 94.83%     
client [67] (testset)   loss: 1.1502 -> 1.1321  accuracy: 55.29% -> 55.29%     
---------------------------- TRAINING EPOCH: 180 ----------------------------  
client [21] (testset)   loss: 0.8794 -> 0.8863  accuracy: 53.44% -> 53.44%     
client [79] (testset)   loss: 1.1544 -> 1.0692  accuracy: 77.78% -> 77.78%     
client [58] (testset)   loss: 0.2403 -> 0.2249  accuracy: 94.34% -> 94.34%     
client [88] (testset)   loss: 1.0767 -> 1.0778  accuracy: 67.57% -> 67.57%     
client [46] (testset)   loss: 0.8261 -> 0.8453  accuracy: 59.30% -> 59.30%     
client [11] (testset)   loss: 1.1990 -> 1.1651  accuracy: 50.88% -> 50.88%     
client [55] (testset)   loss: 1.9931 -> 1.9856  accuracy: 50.00% -> 50.00%     
client [13] (testset)   loss: 0.1134 -> 0.1208  accuracy: 97.78% -> 97.78%     
client [31] (testset)   loss: 1.4124 -> 1.3571  accuracy: 55.00% -> 55.00%     
client [75] (testset)   loss: 1.4478 -> 1.4472  accuracy: 38.38% -> 29.15%     
---------------------------- TRAINING EPOCH: 190 ----------------------------  
client [19] (testset)   loss: 1.5449 -> 1.5152  accuracy: 37.50% -> 37.50%     
client [7]  (testset)   loss: 0.4840 -> 0.5008  accuracy: 88.85% -> 88.85%     
client [57] (testset)   loss: 0.5693 -> 0.5453  accuracy: 79.69% -> 79.69%     
client [13] (testset)   loss: 0.1222 -> 0.1157  accuracy: 97.78% -> 97.78%     
client [43] (testset)   loss: 0.3171 -> 0.3171  accuracy: 93.29% -> 93.29%     
client [91] (testset)   loss: 0.5884 -> 0.6687  accuracy: 88.24% -> 88.24%     
client [10] (testset)   loss: 0.9557 -> 0.9394  accuracy: 53.62% -> 39.61%     
client [64] (testset)   loss: 0.9213 -> 0.9660  accuracy: 66.67% -> 66.67%     
client [82] (testset)   loss: 1.5438 -> 1.5396  accuracy: 46.51% -> 46.51%     
client [22] (testset)   loss: 0.4341 -> 0.4111  accuracy: 89.95% -> 89.95%     
---------------------------- TRAINING EPOCH: 200 ----------------------------  
client [20] (testset)   loss: 0.5771 -> 0.5834  accuracy: 88.08% -> 88.08%     
client [23] (testset)   loss: 1.0886 -> 0.9304  accuracy: 56.67% -> 56.67%     
client [88] (testset)   loss: 1.0755 -> 1.1084  accuracy: 67.57% -> 67.57%     
client [98] (testset)   loss: 0.9564 -> 0.9687  accuracy: 74.68% -> 74.68%     
client [79] (testset)   loss: 1.0838 -> 1.0912  accuracy: 77.78% -> 77.78%     
client [21] (testset)   loss: 0.8940 -> 0.8783  accuracy: 53.44% -> 53.44%     
client [92] (testset)   loss: 1.2612 -> 0.7102  accuracy: 63.64% -> 63.64%     
client [56] (testset)   loss: 1.5937 -> 1.5958  accuracy: 16.39% -> 44.26%     
client [5]  (testset)   loss: 1.4574 -> 1.4464  accuracy: 43.96% -> 43.96%     
client [52] (testset)   loss: 0.8677 -> 0.9196  accuracy: 75.22% -> 75.22%     
---------------------------- TRAINING EPOCH: 210 ----------------------------  
client [67] (testset)   loss: 1.1894 -> 1.1455  accuracy: 55.29% -> 55.29%     
client [54] (testset)   loss: 0.6223 -> 0.6411  accuracy: 80.00% -> 80.00%     
client [14] (testset)   loss: 0.1698 -> 0.1941  accuracy: 97.22% -> 97.22%     
client [99] (testset)   loss: 1.1719 -> 1.1670  accuracy: 63.53% -> 63.53%     
client [36] (testset)   loss: 1.3978 -> 1.3991  accuracy: 37.50% -> 37.50%     
client [30] (testset)   loss: 0.9006 -> 0.9160  accuracy: 54.29% -> 41.43%     
client [38] (testset)   loss: 1.0540 -> 1.0466  accuracy: 66.67% -> 66.67%     
client [15] (testset)   loss: 0.8655 -> 0.8690  accuracy: 76.47% -> 76.47%     
client [6]  (testset)   loss: 1.0996 -> 1.1013  accuracy: 47.09% -> 47.09%     
client [53] (testset)   loss: 0.2321 -> 0.2282  accuracy: 94.85% -> 94.85%     
---------------------------- TRAINING EPOCH: 220 ----------------------------  
client [99] (testset)   loss: 1.1648 -> 1.1731  accuracy: 63.53% -> 63.53%     
client [6]  (testset)   loss: 1.0967 -> 1.1564  accuracy: 47.09% -> 47.09%     
client [83] (testset)   loss: 0.6164 -> 0.6552  accuracy: 85.00% -> 85.00%     
client [42] (testset)   loss: 1.1140 -> 1.1453  accuracy: 58.33% -> 58.33%     
client [34] (testset)   loss: 1.3764 -> 1.3475  accuracy: 37.04% -> 37.04%     
client [15] (testset)   loss: 0.8668 -> 0.8980  accuracy: 76.47% -> 76.47%     
client [47] (testset)   loss: 0.9985 -> 0.9894  accuracy: 48.19% -> 48.19%     
client [55] (testset)   loss: 2.0134 -> 2.0324  accuracy: 50.00% -> 50.00%     
client [51] (testset)   loss: 0.8360 -> 0.8387  accuracy: 66.67% -> 66.67%     
client [95] (testset)   loss: 0.3024 -> 0.3125  accuracy: 94.83% -> 94.83%     
---------------------------- TRAINING EPOCH: 230 ----------------------------  
client [71] (testset)   loss: 1.2652 -> 1.2977  accuracy: 50.00% -> 25.00%     
client [15] (testset)   loss: 0.8757 -> 0.8905  accuracy: 76.47% -> 76.47%     
client [33] (testset)   loss: 0.7011 -> 0.6748  accuracy: 75.00% -> 75.00%     
client [99] (testset)   loss: 1.1681 -> 1.1663  accuracy: 63.53% -> 63.53%     
client [90] (testset)   loss: 1.0639 -> 1.1673  accuracy: 50.00% -> 28.57%     
client [57] (testset)   loss: 0.5863 -> 0.5585  accuracy: 79.69% -> 79.69%     
client [27] (testset)   loss: 0.6507 -> 0.6602  accuracy: 82.43% -> 82.43%     
client [78] (testset)   loss: 0.6350 -> 0.6447  accuracy: 84.72% -> 84.72%     
client [36] (testset)   loss: 1.4008 -> 1.4019  accuracy: 37.50% -> 30.00%     
client [88] (testset)   loss: 1.0777 -> 1.1251  accuracy: 67.57% -> 67.57%     
---------------------------- TRAINING EPOCH: 240 ----------------------------  
client [70] (testset)   loss: 1.7053 -> 1.7835  accuracy: 27.78% -> 27.78%     
client [35] (testset)   loss: 1.1800 -> 1.1805  accuracy: 46.30% -> 46.30%     
client [16] (testset)   loss: 0.3024 -> 0.2972  accuracy: 92.63% -> 92.63%     
client [80] (testset)   loss: 0.7194 -> 0.7084  accuracy: 82.81% -> 82.81%     
client [38] (testset)   loss: 1.0804 -> 1.0531  accuracy: 66.67% -> 66.67%     
client [78] (testset)   loss: 0.6603 -> 0.6131  accuracy: 84.72% -> 84.72%     
client [68] (testset)   loss: 0.0316 -> 0.0127  accuracy: 100.00% -> 100.00%   
client [11] (testset)   loss: 1.1856 -> 1.1615  accuracy: 50.88% -> 50.88%     
client [64] (testset)   loss: 0.8147 -> 0.8527  accuracy: 66.67% -> 66.67%     
client [82] (testset)   loss: 1.5563 -> 1.5575  accuracy: 46.51% -> 46.51%     
---------------------------- TRAINING EPOCH: 250 ----------------------------  
client [30] (testset)   loss: 0.9170 -> 0.9088  accuracy: 54.29% -> 54.29%     
client [27] (testset)   loss: 0.6599 -> 0.6578  accuracy: 82.43% -> 82.43%     
client [74] (testset)   loss: 0.8363 -> 0.7851  accuracy: 75.76% -> 75.76%     
client [45] (testset)   loss: 1.5763 -> 1.5617  accuracy: 44.00% -> 44.00%     
client [6]  (testset)   loss: 1.1109 -> 1.1084  accuracy: 47.09% -> 40.21%     
client [36] (testset)   loss: 1.4086 -> 1.3990  accuracy: 37.50% -> 37.50%     
client [63] (testset)   loss: 0.2032 -> 0.2006  accuracy: 96.00% -> 96.00%     
client [76] (testset)   loss: 1.2700 -> 1.2681  accuracy: 52.13% -> 52.13%     
client [83] (testset)   loss: 0.6380 -> 0.6229  accuracy: 85.00% -> 85.00%     
client [86] (testset)   loss: 0.5288 -> 0.5052  accuracy: 84.66% -> 84.66%     
---------------------------- TRAINING EPOCH: 260 ----------------------------  
client [83] (testset)   loss: 0.6474 -> 0.6108  accuracy: 85.00% -> 85.00%     
client [99] (testset)   loss: 1.1649 -> 1.1814  accuracy: 63.53% -> 63.53%     
client [74] (testset)   loss: 0.7839 -> 0.8400  accuracy: 75.76% -> 75.76%     
client [73] (testset)   loss: 0.7426 -> 0.7388  accuracy: 58.95% -> 58.95%     
client [29] (testset)   loss: 0.9201 -> 0.9366  accuracy: 73.87% -> 73.87%     
client [92] (testset)   loss: 1.1055 -> 1.0869  accuracy: 63.64% -> 63.64%     
client [6]  (testset)   loss: 1.0951 -> 1.1137  accuracy: 47.09% -> 47.09%     
client [61] (testset)   loss: 1.3682 -> 1.4152  accuracy: 53.85% -> 53.85%     
client [21] (testset)   loss: 0.9044 -> 0.8916  accuracy: 53.44% -> 53.44%     
client [67] (testset)   loss: 1.1407 -> 1.1314  accuracy: 55.29% -> 55.29%     
---------------------------- TRAINING EPOCH: 270 ----------------------------  
client [83] (testset)   loss: 0.6100 -> 0.6449  accuracy: 85.00% -> 85.00%     
client [32] (testset)   loss: 1.2734 -> 1.3124  accuracy: 47.22% -> 38.89%     
client [95] (testset)   loss: 0.2809 -> 0.3474  accuracy: 94.83% -> 94.83%     
client [61] (testset)   loss: 1.3063 -> 1.4431  accuracy: 53.85% -> 53.85%     
client [27] (testset)   loss: 0.6605 -> 0.6605  accuracy: 82.43% -> 82.43%     
client [25] (testset)   loss: 0.7609 -> 0.8306  accuracy: 73.02% -> 73.02%     
client [68] (testset)   loss: 0.0174 -> 0.0182  accuracy: 100.00% -> 100.00%   
client [34] (testset)   loss: 1.3795 -> 1.3527  accuracy: 37.04% -> 37.04%     
client [71] (testset)   loss: 1.3117 -> 1.2871  accuracy: 50.00% -> 50.00%     
client [89] (testset)   loss: 1.9820 -> 1.9860  accuracy: 18.75% -> 18.75%     
---------------------------- TRAINING EPOCH: 280 ----------------------------  
client [78] (testset)   loss: 0.6430 -> 0.6175  accuracy: 84.72% -> 84.72%     
client [81] (testset)   loss: 0.7900 -> 0.8044  accuracy: 54.74% -> 54.74%     
client [51] (testset)   loss: 0.8885 -> 0.8736  accuracy: 66.67% -> 66.67%     
client [54] (testset)   loss: 0.6359 -> 0.6332  accuracy: 80.00% -> 80.00%     
client [65] (testset)   loss: 0.5742 -> 0.5693  accuracy: 83.56% -> 83.56%     
client [41] (testset)   loss: 0.8215 -> 0.8158  accuracy: 59.15% -> 59.15%     
client [11] (testset)   loss: 1.1664 -> 1.1657  accuracy: 50.88% -> 50.88%     
client [85] (testset)   loss: 1.0004 -> 1.0074  accuracy: 66.67% -> 66.67%     
client [12] (testset)   loss: 0.5213 -> 0.5213  accuracy: 86.14% -> 86.14%     
client [23] (testset)   loss: 0.9085 -> 0.9143  accuracy: 56.67% -> 56.67%     
---------------------------- TRAINING EPOCH: 290 ----------------------------  
client [16] (testset)   loss: 0.3139 -> 0.3081  accuracy: 92.63% -> 92.63%     
client [65] (testset)   loss: 0.5696 -> 0.5670  accuracy: 83.56% -> 83.56%     
client [53] (testset)   loss: 0.2206 -> 0.2357  accuracy: 94.85% -> 94.85%     
client [58] (testset)   loss: 0.2278 -> 0.2267  accuracy: 94.34% -> 94.34%     
client [72] (testset)   loss: 1.2540 -> 1.2732  accuracy: 55.88% -> 26.47%     
client [7]  (testset)   loss: 0.4728 -> 0.4747  accuracy: 88.85% -> 88.85%     
client [71] (testset)   loss: 1.2968 -> 1.2602  accuracy: 50.00% -> 50.00%     
client [59] (testset)   loss: 0.9545 -> 0.9467  accuracy: 52.00% -> 52.00%     
client [86] (testset)   loss: 0.5027 -> 0.5227  accuracy: 84.66% -> 84.66%     
client [39] (testset)   loss: 1.6054 -> 1.5851  accuracy: 43.40% -> 43.40%     
---------------------------- TRAINING EPOCH: 300 ----------------------------  
client [99] (testset)   loss: 1.1662 -> 1.1745  accuracy: 63.53% -> 63.53%     
client [7]  (testset)   loss: 0.4797 -> 0.4751  accuracy: 88.85% -> 88.85%     
client [17] (testset)   loss: 1.4857 -> 1.4700  accuracy: 21.54% -> 27.69%     
client [64] (testset)   loss: 1.0312 -> 0.8875  accuracy: 66.67% -> 66.67%     
client [37] (testset)   loss: 0.5251 -> 0.4657  accuracy: 87.45% -> 87.45%     
client [29] (testset)   loss: 0.9089 -> 0.9169  accuracy: 73.87% -> 73.87%     
client [93] (testset)   loss: 0.8266 -> 0.8190  accuracy: 88.89% -> 88.89%     
client [73] (testset)   loss: 0.7425 -> 0.7356  accuracy: 58.95% -> 58.95%     
client [40] (testset)   loss: 1.1874 -> 1.1902  accuracy: 65.17% -> 65.17%     
client [76] (testset)   loss: 1.2698 -> 1.2823  accuracy: 52.13% -> 52.13%     
---------------------------- TRAINING EPOCH: 310 ----------------------------  
client [31] (testset)   loss: 1.3604 -> 1.3478  accuracy: 55.00% -> 55.00%     
client [89] (testset)   loss: 1.9907 -> 2.0005  accuracy: 18.75% -> 18.75%     
client [77] (testset)   loss: 1.0581 -> 0.9213  accuracy: 58.33% -> 58.33%     
client [90] (testset)   loss: 1.0504 -> 1.1363  accuracy: 50.00% -> 28.57%     
client [26] (testset)   loss: 1.2365 -> 1.2666  accuracy: 50.53% -> 50.53%     
client [50] (testset)   loss: 0.6765 -> 0.6686  accuracy: 79.27% -> 79.27%     
client [30] (testset)   loss: 0.8977 -> 0.9019  accuracy: 54.29% -> 54.29%     
client [70] (testset)   loss: 1.7107 -> 1.7798  accuracy: 27.78% -> 27.78%     
client [41] (testset)   loss: 0.8508 -> 0.8323  accuracy: 59.15% -> 59.15%     
client [99] (testset)   loss: 1.1696 -> 1.1678  accuracy: 63.53% -> 63.53%     
---------------------------- TRAINING EPOCH: 320 ----------------------------  
client [68] (testset)   loss: 0.0074 -> 0.0160  accuracy: 100.00% -> 100.00%   
client [70] (testset)   loss: 1.7456 -> 1.7310  accuracy: 27.78% -> 50.00%     
client [52] (testset)   loss: 0.8931 -> 0.8684  accuracy: 75.22% -> 75.22%     
client [1]  (testset)   loss: 1.1019 -> 1.1004  accuracy: 57.84% -> 57.84%     
client [2]  (testset)   loss: 1.6372 -> 1.6370  accuracy: 37.14% -> 37.14%     
client [67] (testset)   loss: 1.1564 -> 1.1285  accuracy: 55.29% -> 55.29%     
client [92] (testset)   loss: 0.7028 -> 1.0278  accuracy: 63.64% -> 63.64%     
client [35] (testset)   loss: 1.1719 -> 1.1732  accuracy: 46.30% -> 46.30%     
client [36] (testset)   loss: 1.4088 -> 1.4228  accuracy: 30.00% -> 30.00%     
client [64] (testset)   loss: 0.8199 -> 0.8318  accuracy: 66.67% -> 66.67%     
---------------------------- TRAINING EPOCH: 330 ----------------------------  
client [44] (testset)   loss: 1.7697 -> 1.6916  accuracy: 61.54% -> 61.54%     
client [6]  (testset)   loss: 1.0978 -> 1.1144  accuracy: 47.09% -> 47.09%     
client [12] (testset)   loss: 0.5306 -> 0.5297  accuracy: 86.14% -> 86.14%     
client [55] (testset)   loss: 2.0466 -> 2.0717  accuracy: 50.00% -> 50.00%     
client [29] (testset)   loss: 0.9048 -> 0.9049  accuracy: 73.87% -> 73.87%     
client [9]  (testset)   loss: 0.6626 -> 0.6932  accuracy: 83.44% -> 83.44%     
client [43] (testset)   loss: 0.3209 -> 0.3201  accuracy: 93.29% -> 93.29%     
client [77] (testset)   loss: 0.9352 -> 1.0365  accuracy: 58.33% -> 58.33%     
client [98] (testset)   loss: 1.0475 -> 0.9784  accuracy: 74.68% -> 74.68%     
client [78] (testset)   loss: 0.6205 -> 0.6364  accuracy: 84.72% -> 84.72%     
---------------------------- TRAINING EPOCH: 340 ----------------------------  
client [92] (testset)   loss: 0.9611 -> 0.8619  accuracy: 63.64% -> 63.64%     
client [80] (testset)   loss: 0.7250 -> 0.7160  accuracy: 82.81% -> 82.81%     
client [63] (testset)   loss: 0.1971 -> 0.2019  accuracy: 96.00% -> 96.00%     
client [76] (testset)   loss: 1.2692 -> 1.2747  accuracy: 52.13% -> 52.13%     
client [78] (testset)   loss: 0.6257 -> 0.6291  accuracy: 84.72% -> 84.72%     
client [25] (testset)   loss: 0.7434 -> 0.7705  accuracy: 73.02% -> 73.02%     
client [58] (testset)   loss: 0.2271 -> 0.2245  accuracy: 94.34% -> 94.34%     
client [13] (testset)   loss: 0.1155 -> 0.1219  accuracy: 97.78% -> 97.78%     
client [17] (testset)   loss: 1.4631 -> 1.4719  accuracy: 38.46% -> 38.46%     
client [38] (testset)   loss: 1.0549 -> 1.0326  accuracy: 66.67% -> 66.67%     
---------------------------- TRAINING EPOCH: 350 ----------------------------  
client [72] (testset)   loss: 1.2644 -> 1.2398  accuracy: 26.47% -> 55.88%     
client [82] (testset)   loss: 1.5155 -> 1.5274  accuracy: 46.51% -> 46.51%     
client [86] (testset)   loss: 0.5093 -> 0.5392  accuracy: 84.66% -> 84.66%     
client [51] (testset)   loss: 0.8684 -> 0.8339  accuracy: 66.67% -> 66.67%     
client [96] (testset)   loss: 1.2024 -> 1.2041  accuracy: 55.39% -> 55.39%     
client [42] (testset)   loss: 1.1269 -> 1.1321  accuracy: 58.33% -> 58.33%     
client [55] (testset)   loss: 2.0430 -> 2.0905  accuracy: 50.00% -> 50.00%     
client [13] (testset)   loss: 0.1262 -> 0.1188  accuracy: 97.78% -> 97.78%     
client [1]  (testset)   loss: 1.1005 -> 1.0946  accuracy: 57.84% -> 57.84%     
client [12] (testset)   loss: 0.5253 -> 0.5165  accuracy: 86.14% -> 86.14%     
---------------------------- TRAINING EPOCH: 360 ----------------------------  
client [68] (testset)   loss: 0.0124 -> 0.0088  accuracy: 100.00% -> 100.00%   
client [23] (testset)   loss: 0.9089 -> 0.9265  accuracy: 56.67% -> 56.67%     
client [46] (testset)   loss: 0.8350 -> 0.8570  accuracy: 59.30% -> 59.30%     
client [41] (testset)   loss: 0.8205 -> 0.8311  accuracy: 59.15% -> 59.15%     
client [25] (testset)   loss: 0.8158 -> 0.8132  accuracy: 73.02% -> 73.02%     
client [58] (testset)   loss: 0.2452 -> 0.2329  accuracy: 94.34% -> 94.34%     
client [14] (testset)   loss: 0.1562 -> 0.1560  accuracy: 97.22% -> 97.22%     
client [33] (testset)   loss: 0.6809 -> 0.6947  accuracy: 75.00% -> 75.00%     
client [85] (testset)   loss: 0.9829 -> 0.9957  accuracy: 66.67% -> 66.67%     
client [62] (testset)   loss: 0.9062 -> 0.9005  accuracy: 65.00% -> 65.00%     
---------------------------- TRAINING EPOCH: 370 ----------------------------  
client [98] (testset)   loss: 0.9515 -> 0.9576  accuracy: 74.68% -> 74.68%     
client [63] (testset)   loss: 0.1964 -> 0.1997  accuracy: 96.00% -> 96.00%     
client [70] (testset)   loss: 1.7862 -> 1.7572  accuracy: 27.78% -> 27.78%     
client [65] (testset)   loss: 0.5790 -> 0.5771  accuracy: 83.56% -> 83.56%     
client [14] (testset)   loss: 0.1896 -> 0.1618  accuracy: 97.22% -> 97.22%     
client [73] (testset)   loss: 0.7418 -> 0.8119  accuracy: 58.95% -> 40.00%     
client [34] (testset)   loss: 1.3754 -> 1.3549  accuracy: 37.04% -> 37.04%     
client [99] (testset)   loss: 1.1688 -> 1.1678  accuracy: 63.53% -> 63.53%     
client [69] (testset)   loss: 1.0662 -> 1.0772  accuracy: 63.83% -> 63.83%     
client [46] (testset)   loss: 0.8540 -> 0.8250  accuracy: 59.30% -> 59.30%     
---------------------------- TRAINING EPOCH: 380 ----------------------------  
client [99] (testset)   loss: 1.1674 -> 1.2048  accuracy: 63.53% -> 63.53%     
client [93] (testset)   loss: 0.8325 -> 0.7979  accuracy: 88.89% -> 88.89%     
client [11] (testset)   loss: 1.1703 -> 1.1750  accuracy: 50.88% -> 50.88%     
client [58] (testset)   loss: 0.2373 -> 0.2263  accuracy: 94.34% -> 94.34%     
client [81] (testset)   loss: 0.8103 -> 0.8007  accuracy: 54.74% -> 54.74%     
client [85] (testset)   loss: 0.9662 -> 0.9879  accuracy: 66.67% -> 66.67%     
client [89] (testset)   loss: 2.0002 -> 1.9675  accuracy: 18.75% -> 18.75%     
client [45] (testset)   loss: 1.5643 -> 1.5469  accuracy: 44.00% -> 44.00%     
client [8]  (testset)   loss: 1.7057 -> 1.6802  accuracy: 40.91% -> 40.91%     
client [68] (testset)   loss: 0.0212 -> 0.0094  accuracy: 100.00% -> 100.00%   
---------------------------- TRAINING EPOCH: 390 ----------------------------  
client [67] (testset)   loss: 1.1268 -> 1.1269  accuracy: 55.29% -> 55.29%     
client [72] (testset)   loss: 1.2699 -> 1.2530  accuracy: 26.47% -> 55.88%     
client [1]  (testset)   loss: 1.0934 -> 1.0957  accuracy: 57.84% -> 57.84%     
client [78] (testset)   loss: 0.6166 -> 0.6426  accuracy: 84.72% -> 84.72%     
client [83] (testset)   loss: 0.6176 -> 0.6358  accuracy: 85.00% -> 85.00%     
client [21] (testset)   loss: 0.8741 -> 0.8775  accuracy: 53.44% -> 53.44%     
client [56] (testset)   loss: 1.5950 -> 1.5839  accuracy: 16.39% -> 16.39%     
client [44] (testset)   loss: 1.7241 -> 1.8700  accuracy: 61.54% -> 61.54%     
client [92] (testset)   loss: 0.7282 -> 0.8242  accuracy: 63.64% -> 63.64%     
client [27] (testset)   loss: 0.6535 -> 0.6567  accuracy: 82.43% -> 82.43%     
---------------------------- TRAINING EPOCH: 400 ----------------------------  
client [10] (testset)   loss: 0.9327 -> 0.9555  accuracy: 53.62% -> 53.62%     
client [39] (testset)   loss: 1.5973 -> 1.5879  accuracy: 43.40% -> 43.40%     
client [65] (testset)   loss: 0.5716 -> 0.5683  accuracy: 83.56% -> 83.56%     
client [26] (testset)   loss: 1.2423 -> 1.2384  accuracy: 50.53% -> 50.53%     
client [19] (testset)   loss: 1.5208 -> 1.5375  accuracy: 37.50% -> 37.50%     
client [68] (testset)   loss: 0.0134 -> 0.0164  accuracy: 100.00% -> 100.00%   
client [41] (testset)   loss: 0.8568 -> 0.8559  accuracy: 59.15% -> 59.15%     
client [50] (testset)   loss: 0.6689 -> 0.6892  accuracy: 79.27% -> 79.27%     
client [75] (testset)   loss: 1.4314 -> 1.4398  accuracy: 38.38% -> 38.38%     
client [81] (testset)   loss: 0.7930 -> 0.8057  accuracy: 54.74% -> 54.74%     
FedFewA's average time taken by each global epoch: 0 min 1.90 sec.             
FedFewA's total running time: 0 h 12 m 45 s.                                   
==================== FedFewA Experiment Results: ====================          
Display format: (before local fine-tuning) -> (after local fine-tuning)        
 So if finetune_epoch = 0, x.xx% -> 0.00% is normal.                           
 Centralized testing ONLY happens after model aggregation, so the stats between
'->' are the same.                                                             
{                                                                              
    "100": {                                                                   
        "all_clients": {                                                       
            "test": {                                                          
                "loss": "0.8560 -> 0.0000",                                    
                "accuracy": "66.78% -> 0.00%"                                  
            }                                                                  
        }                                                                      
    },                                                                         
    "200": {                                                                   
        "all_clients": {                                                       
            "test": {                                                          
                "loss": "0.8513 -> 0.0000",                                    
                "accuracy": "67.38% -> 0.00%"                                  
            }                                                                  
        }                                                                      
    },                                                                         
    "300": {                                                                   
        "all_clients": {                                                       
            "test": {                                                          
                "loss": "0.8506 -> 0.0000",                                    
                "accuracy": "67.39% -> 0.00%"                                  
            }                                                                  
        }                                                                      
    },                                                                         
    "400": {                                                                   
        "all_clients": {                                                       
            "test": {                                                          
                "loss": "0.8519 -> 0.0000",                                    
                "accuracy": "67.09% -> 0.00%"                                  
            }                                                                  
        }                                                                      
    }                                                                          
}                                                                              
==================== FedFewA Max Accuracy ====================                 
all_clients:                                                                   
(test) before fine-tuning: 67.39% at epoch 300                                 
(test) after fine-tuning: 0.00% at epoch 100                                   
