==================== FedFew ====================                               
Experiment Arguments:                                                          
{
    'method': 'fedfew',
    'dataset': {
        'name': 'fmnist',
        'client_num': 100,
        'test_ratio': 0.25,
        'val_ratio': 0.0,
        'seed': 42,
        'split': 'sample',
        'IID_ratio': 0.0,
        'monitor_window_name_suffix': 'fmnist-100clients-0%IID-Dir(0.5)-seed42',
        'alpha': 0.5,
        'min_samples_per_client': 10
    },
    'model': {
        'name': 'avgcnn',
        'use_torchvision_pretrained_weights': True,
        'external_model_weights_path': None
    },
    'optimizer': {
        'lr': 0.01,
        'dampening': 0,
        'weight_decay': 0,
        'momentum': 0.7,
        'nesterov': False,
        'name': 'sgd'
    },
    'mode': 'serial',
    'parallel': {
        'ray_cluster_addr': None,
        'num_cpus': None,
        'num_gpus': None,
        'num_workers': 2
    },
    'common': {
        'seed': 42,
        'join_ratio': 0.1,
        'global_epoch': 400,
        'local_epoch': 5,
        'batch_size': 32,
        'reset_optimizer_on_global_epoch': True,
        'straggler_ratio': 0,
        'straggler_min_local_epoch': 0,
        'buffers': 'global',
        'client_side_evaluation': True,
        'test': {
            'client': {
                'interval': 100,
                'finetune_epoch': 5,
                'train': False,
                'val': False,
                'test': True
            },
            'server': {
                'interval': -1,
                'train': False,
                'val': False,
                'test': True,
                'model_in_train_mode': False
            }
        },
        'verbose_gap': 10,
        'monitor': None,
        'use_cuda': True,
        'save_log': True,
        'save_model': False,
        'save_learning_curve_plot': True,
        'save_metrics': True,
        'delete_useless_run': True
    },
    'fedprox': {
        'mu': 0.01
    },
    'pfedsim': {
        'warmup_round': 0.5
    },
    'fedfew': {
        'ig_ratio': 0.9992,
        'alpha': 0.5,
        'IgRatioScheduler': {
            'init': 0.0,
            'last': 0.9999,
            'num_rounds': 400,
            'mode': 'linear'
        }
    }
}
---------------------------- TRAINING EPOCH: 10 ----------------------------   
client [77] (testset)   loss: 0.3905 -> 0.3307  accuracy: 88.57% -> 89.14%     
client [81] (testset)   loss: 0.3064 -> 0.1809  accuracy: 88.14% -> 91.53%     
client [21] (testset)   loss: 0.5270 -> 0.4420  accuracy: 81.13% -> 84.91%     
client [68] (testset)   loss: 1.0389 -> 0.4233  accuracy: 54.35% -> 82.30%     
client [93] (testset)   loss: 0.8828 -> 0.7848  accuracy: 61.89% -> 68.18%     
client [31] (testset)   loss: 0.5210 -> 0.3796  accuracy: 81.88% -> 86.58%     
client [20] (testset)   loss: 0.2527 -> 0.2309  accuracy: 91.84% -> 91.84%     
client [59] (testset)   loss: 0.3976 -> 0.3481  accuracy: 87.96% -> 89.81%     
client [48] (testset)   loss: 0.7670 -> 0.6857  accuracy: 67.48% -> 69.11%     
client [34] (testset)   loss: 0.3738 -> 0.2672  accuracy: 87.98% -> 89.62%     
---------------------------- TRAINING EPOCH: 20 ----------------------------   
client [69] (testset)   loss: 0.3373 -> 0.3678  accuracy: 86.39% -> 87.07%     
client [99] (testset)   loss: 0.2476 -> 0.1646  accuracy: 93.27% -> 97.12%     
client [67] (testset)   loss: 0.3381 -> 0.2546  accuracy: 86.58% -> 90.04%     
client [0]  (testset)   loss: 0.4165 -> 0.3642  accuracy: 86.72% -> 87.97%     
client [76] (testset)   loss: 0.5511 -> 0.3520  accuracy: 79.39% -> 86.26%     
client [41] (testset)   loss: 0.4300 -> 0.1151  accuracy: 85.37% -> 96.10%     
client [62] (testset)   loss: 0.3331 -> 0.2240  accuracy: 90.08% -> 92.37%     
client [2]  (testset)   loss: 0.7130 -> 0.3200  accuracy: 74.51% -> 92.16%     
client [14] (testset)   loss: 0.3025 -> 0.2446  accuracy: 87.14% -> 90.87%     
client [46] (testset)   loss: 0.4205 -> 0.4598  accuracy: 87.58% -> 84.64%     
---------------------------- TRAINING EPOCH: 30 ----------------------------   
client [24] (testset)   loss: 0.3851 -> 0.3066  accuracy: 85.59% -> 88.74%     
client [68] (testset)   loss: 0.5187 -> 0.4000  accuracy: 82.92% -> 86.96%     
client [57] (testset)   loss: 0.2397 -> 0.2029  accuracy: 93.56% -> 93.90%     
client [17] (testset)   loss: 0.2825 -> 0.3129  accuracy: 91.78% -> 93.15%     
client [54] (testset)   loss: 0.4279 -> 0.4348  accuracy: 82.47% -> 80.93%     
client [23] (testset)   loss: 0.5623 -> 0.4374  accuracy: 72.86% -> 82.86%     
client [35] (testset)   loss: 0.1882 -> 0.1953  accuracy: 92.90% -> 94.19%     
client [59] (testset)   loss: 0.1952 -> 0.1691  accuracy: 93.52% -> 95.37%     
client [31] (testset)   loss: 0.3176 -> 0.2743  accuracy: 88.59% -> 89.26%     
client [9]  (testset)   loss: 0.1804 -> 0.1089  accuracy: 94.65% -> 97.33%     
---------------------------- TRAINING EPOCH: 40 ----------------------------   
client [64] (testset)   loss: 0.2230 -> 0.1595  accuracy: 93.31% -> 94.98%     
client [33] (testset)   loss: 0.4849 -> 0.3910  accuracy: 82.23% -> 85.54%     
client [16] (testset)   loss: 0.3428 -> 0.3408  accuracy: 88.72% -> 90.98%     
client [44] (testset)   loss: 0.4479 -> 0.4285  accuracy: 84.49% -> 85.04%     
client [8]  (testset)   loss: 0.3149 -> 0.1632  accuracy: 91.18% -> 95.10%     
client [31] (testset)   loss: 0.2834 -> 0.2957  accuracy: 88.59% -> 89.93%     
client [47] (testset)   loss: 0.3683 -> 0.2081  accuracy: 87.04% -> 92.59%     
client [36] (testset)   loss: 0.1745 -> 0.1339  accuracy: 95.39% -> 95.39%     
client [20] (testset)   loss: 0.2211 -> 0.1943  accuracy: 93.47% -> 93.06%     
client [56] (testset)   loss: 0.3671 -> 0.3988  accuracy: 85.20% -> 84.69%     
---------------------------- TRAINING EPOCH: 50 ----------------------------   
client [4]  (testset)   loss: 0.4830 -> 0.4997  accuracy: 83.87% -> 83.06%     
client [60] (testset)   loss: 0.2139 -> 0.1351  accuracy: 92.67% -> 96.00%     
client [28] (testset)   loss: 0.4699 -> 0.3569  accuracy: 84.30% -> 89.24%     
client [25] (testset)   loss: 0.3508 -> 0.3471  accuracy: 87.40% -> 89.69%     
client [58] (testset)   loss: 0.5605 -> 0.4097  accuracy: 82.32% -> 84.53%     
client [44] (testset)   loss: 0.5141 -> 0.3966  accuracy: 81.16% -> 86.98%     
client [39] (testset)   loss: 0.2402 -> 0.3447  accuracy: 89.55% -> 85.82%     
client [29] (testset)   loss: 0.4521 -> 0.4365  accuracy: 87.22% -> 85.56%     
client [3]  (testset)   loss: 0.2682 -> 0.2528  accuracy: 90.38% -> 91.03%     
client [84] (testset)   loss: 0.3259 -> 0.2611  accuracy: 89.18% -> 93.30%     
---------------------------- TRAINING EPOCH: 60 ----------------------------   
client [21] (testset)   loss: 0.5072 -> 0.3155  accuracy: 79.87% -> 87.42%     
client [84] (testset)   loss: 0.2507 -> 0.2862  accuracy: 90.72% -> 93.81%     
client [10] (testset)   loss: 0.1303 -> 0.1549  accuracy: 95.68% -> 95.68%     
client [36] (testset)   loss: 0.1703 -> 0.1102  accuracy: 93.55% -> 96.77%     
client [65] (testset)   loss: 0.3035 -> 0.1964  accuracy: 86.03% -> 90.44%     
client [81] (testset)   loss: 0.1147 -> 0.0692  accuracy: 96.61% -> 98.31%     
client [79] (testset)   loss: 0.3321 -> 0.3875  accuracy: 85.06% -> 84.42%     
client [42] (testset)   loss: 0.3287 -> 0.2540  accuracy: 88.99% -> 92.07%     
client [11] (testset)   loss: 0.1515 -> 0.1515  accuracy: 95.24% -> 95.83%     
client [96] (testset)   loss: 0.3645 -> 0.3320  accuracy: 87.77% -> 89.52%     
---------------------------- TRAINING EPOCH: 70 ----------------------------   
client [8]  (testset)   loss: 0.2814 -> 0.1757  accuracy: 92.16% -> 95.10%     
client [53] (testset)   loss: 0.1883 -> 0.2323  accuracy: 94.12% -> 93.38%     
client [52] (testset)   loss: 0.1770 -> 0.1537  accuracy: 94.00% -> 94.00%     
client [42] (testset)   loss: 0.2829 -> 0.2622  accuracy: 90.75% -> 91.63%     
client [69] (testset)   loss: 0.3267 -> 0.3293  accuracy: 90.48% -> 89.80%     
client [59] (testset)   loss: 0.1738 -> 0.1442  accuracy: 93.52% -> 95.37%     
client [7]  (testset)   loss: 0.2519 -> 0.2164  accuracy: 93.00% -> 94.65%     
client [26] (testset)   loss: 0.1700 -> 0.0677  accuracy: 93.51% -> 98.70%     
client [49] (testset)   loss: 0.3469 -> 0.3296  accuracy: 87.59% -> 88.28%     
client [98] (testset)   loss: 0.1473 -> 0.1343  accuracy: 94.50% -> 94.85%     
---------------------------- TRAINING EPOCH: 80 ----------------------------   
client [98] (testset)   loss: 0.1580 -> 0.1261  accuracy: 94.85% -> 96.22%     
client [47] (testset)   loss: 0.3302 -> 0.2006  accuracy: 85.65% -> 94.44%     
client [21] (testset)   loss: 0.3874 -> 0.3452  accuracy: 88.05% -> 90.57%     
client [77] (testset)   loss: 0.2859 -> 0.2743  accuracy: 90.86% -> 88.00%     
client [95] (testset)   loss: 0.4706 -> 0.4124  accuracy: 87.62% -> 91.43%     
client [91] (testset)   loss: 0.1576 -> 0.1856  accuracy: 94.94% -> 95.57%     
client [14] (testset)   loss: 0.2070 -> 0.2651  accuracy: 91.70% -> 91.70%     
client [99] (testset)   loss: 0.1310 -> 0.0910  accuracy: 95.19% -> 97.12%     
client [20] (testset)   loss: 0.1951 -> 0.1718  accuracy: 94.29% -> 94.69%     
client [39] (testset)   loss: 0.2307 -> 0.3827  accuracy: 88.06% -> 87.31%     
---------------------------- TRAINING EPOCH: 90 ----------------------------   
client [52] (testset)   loss: 0.1362 -> 0.1533  accuracy: 96.67% -> 94.00%     
client [62] (testset)   loss: 0.1153 -> 0.1014  accuracy: 95.42% -> 94.66%     
client [71] (testset)   loss: 0.5384 -> 0.4199  accuracy: 84.38% -> 87.50%     
client [97] (testset)   loss: 0.1912 -> 0.1406  accuracy: 94.74% -> 93.86%     
client [30] (testset)   loss: 0.3801 -> 0.2872  accuracy: 84.62% -> 89.01%     
client [88] (testset)   loss: 0.3323 -> 0.3106  accuracy: 92.62% -> 91.95%     
client [60] (testset)   loss: 0.1372 -> 0.1128  accuracy: 95.33% -> 96.00%     
client [82] (testset)   loss: 0.2686 -> 0.4314  accuracy: 90.68% -> 84.32%     
client [91] (testset)   loss: 0.1329 -> 0.2343  accuracy: 96.84% -> 94.30%     
client [57] (testset)   loss: 0.1845 -> 0.1638  accuracy: 95.93% -> 95.59%     
---------------------------- TRAINING EPOCH: 100 ----------------------------  
client [31] (testset)   loss: 0.1853 -> 0.2304  accuracy: 93.29% -> 89.93%     
client [15] (testset)   loss: 0.2047 -> 0.1864  accuracy: 93.94% -> 93.18%     
client [71] (testset)   loss: 0.6209 -> 0.5242  accuracy: 84.38% -> 84.38%     
client [97] (testset)   loss: 0.2696 -> 0.1356  accuracy: 92.98% -> 94.74%     
client [53] (testset)   loss: 0.2885 -> 0.2545  accuracy: 90.44% -> 92.65%     
client [77] (testset)   loss: 0.4153 -> 0.2253  accuracy: 83.43% -> 94.86%     
client [76] (testset)   loss: 0.3852 -> 0.2640  accuracy: 88.17% -> 89.69%     
client [79] (testset)   loss: 0.3885 -> 0.3736  accuracy: 85.06% -> 87.01%     
client [28] (testset)   loss: 0.4427 -> 0.3464  accuracy: 84.75% -> 90.58%     
client [99] (testset)   loss: 0.0684 -> 0.0896  accuracy: 99.04% -> 97.12%     
---------------------------- TRAINING EPOCH: 110 ----------------------------  
client [97] (testset)   loss: 0.1937 -> 0.1479  accuracy: 95.61% -> 93.86%     
client [86] (testset)   loss: 0.4334 -> 0.4674  accuracy: 86.46% -> 86.46%     
client [34] (testset)   loss: 0.2549 -> 0.2669  accuracy: 91.80% -> 92.35%     
client [73] (testset)   loss: 0.2065 -> 0.2092  accuracy: 91.40% -> 93.21%     
client [5]  (testset)   loss: 0.1918 -> 0.2236  accuracy: 92.88% -> 94.92%     
client [96] (testset)   loss: 0.3369 -> 0.3498  accuracy: 90.83% -> 90.39%     
client [22] (testset)   loss: 0.2422 -> 0.2537  accuracy: 89.43% -> 91.87%     
client [60] (testset)   loss: 0.1211 -> 0.1425  accuracy: 94.67% -> 93.33%     
client [66] (testset)   loss: 0.1586 -> 0.1120  accuracy: 94.69% -> 96.46%     
client [83] (testset)   loss: 0.2816 -> 0.2539  accuracy: 91.76% -> 95.29%     
---------------------------- TRAINING EPOCH: 120 ----------------------------  
client [76] (testset)   loss: 0.3248 -> 0.2708  accuracy: 91.60% -> 91.22%     
client [65] (testset)   loss: 0.2956 -> 0.1816  accuracy: 85.29% -> 92.65%     
client [95] (testset)   loss: 0.5116 -> 0.4293  accuracy: 91.43% -> 92.38%     
client [17] (testset)   loss: 0.2512 -> 0.2482  accuracy: 92.47% -> 92.47%     
client [8]  (testset)   loss: 0.2262 -> 0.1703  accuracy: 93.14% -> 94.12%     
client [35] (testset)   loss: 0.1161 -> 0.1491  accuracy: 96.77% -> 95.48%     
client [98] (testset)   loss: 0.1556 -> 0.1404  accuracy: 95.53% -> 95.53%     
client [53] (testset)   loss: 0.2009 -> 0.2440  accuracy: 91.91% -> 91.91%     
client [43] (testset)   loss: 0.3416 -> 0.3492  accuracy: 86.24% -> 88.07%     
client [64] (testset)   loss: 0.2399 -> 0.1620  accuracy: 93.31% -> 95.40%     
---------------------------- TRAINING EPOCH: 130 ----------------------------  
client [21] (testset)   loss: 0.5078 -> 0.3816  accuracy: 82.39% -> 90.57%     
client [88] (testset)   loss: 0.3962 -> 0.3852  accuracy: 91.95% -> 93.29%     
client [38] (testset)   loss: 0.2038 -> 0.1811  accuracy: 94.26% -> 94.93%     
client [3]  (testset)   loss: 0.2344 -> 0.2133  accuracy: 94.23% -> 92.95%     
client [5]  (testset)   loss: 0.1945 -> 0.2186  accuracy: 95.25% -> 94.24%     
client [41] (testset)   loss: 0.1689 -> 0.1104  accuracy: 93.66% -> 97.07%     
client [7]  (testset)   loss: 0.3221 -> 0.2396  accuracy: 91.77% -> 95.06%     
client [37] (testset)   loss: 0.3929 -> 0.3176  accuracy: 89.94% -> 92.90%     
client [45] (testset)   loss: 0.2125 -> 0.1362  accuracy: 92.22% -> 95.00%     
client [47] (testset)   loss: 0.3649 -> 0.2419  accuracy: 87.96% -> 94.44%     
---------------------------- TRAINING EPOCH: 140 ----------------------------  
client [16] (testset)   loss: 0.2374 -> 0.3269  accuracy: 93.23% -> 93.98%     
client [11] (testset)   loss: 0.1088 -> 0.1235  accuracy: 97.02% -> 97.02%     
client [37] (testset)   loss: 0.3928 -> 0.3431  accuracy: 89.94% -> 92.90%     
client [41] (testset)   loss: 0.1798 -> 0.1157  accuracy: 94.63% -> 97.07%     
client [95] (testset)   loss: 0.4760 -> 0.4369  accuracy: 90.48% -> 92.38%     
client [53] (testset)   loss: 0.2091 -> 0.2592  accuracy: 91.91% -> 92.65%     
client [22] (testset)   loss: 0.2081 -> 0.2644  accuracy: 93.50% -> 91.06%     
client [25] (testset)   loss: 0.4220 -> 0.4287  accuracy: 89.31% -> 90.84%     
client [69] (testset)   loss: 0.3228 -> 0.3805  accuracy: 90.48% -> 89.80%     
client [46] (testset)   loss: 0.2801 -> 0.3255  accuracy: 90.52% -> 91.18%     
---------------------------- TRAINING EPOCH: 150 ----------------------------  
client [47] (testset)   loss: 0.3286 -> 0.2374  accuracy: 89.35% -> 94.44%     
client [69] (testset)   loss: 0.3401 -> 0.4398  accuracy: 91.16% -> 89.12%     
client [82] (testset)   loss: 0.3062 -> 0.2773  accuracy: 90.68% -> 91.53%     
client [45] (testset)   loss: 0.2598 -> 0.1772  accuracy: 92.22% -> 95.00%     
client [7]  (testset)   loss: 0.2544 -> 0.2457  accuracy: 94.24% -> 95.06%     
client [50] (testset)   loss: 0.2607 -> 0.1886  accuracy: 89.40% -> 95.36%     
client [35] (testset)   loss: 0.2697 -> 0.1420  accuracy: 92.26% -> 96.13%     
client [24] (testset)   loss: 0.2783 -> 0.1696  accuracy: 90.54% -> 94.14%     
client [15] (testset)   loss: 0.2153 -> 0.2181  accuracy: 93.94% -> 93.18%     
client [58] (testset)   loss: 0.5210 -> 0.4162  accuracy: 85.08% -> 87.85%     
---------------------------- TRAINING EPOCH: 160 ----------------------------  
client [48] (testset)   loss: 0.6477 -> 0.7932  accuracy: 84.55% -> 85.37%     
client [76] (testset)   loss: 0.3387 -> 0.2575  accuracy: 91.60% -> 90.84%     
client [67] (testset)   loss: 0.2012 -> 0.2143  accuracy: 93.07% -> 93.51%     
client [37] (testset)   loss: 0.3894 -> 0.3218  accuracy: 91.12% -> 92.90%     
client [58] (testset)   loss: 0.5014 -> 0.4217  accuracy: 85.64% -> 88.95%     
client [64] (testset)   loss: 0.2254 -> 0.1676  accuracy: 92.47% -> 94.98%     
client [77] (testset)   loss: 0.3673 -> 0.2221  accuracy: 86.86% -> 93.14%     
client [55] (testset)   loss: 0.2791 -> 0.2108  accuracy: 91.88% -> 94.42%     
client [12] (testset)   loss: 0.2412 -> 0.3022  accuracy: 93.04% -> 93.67%     
client [89] (testset)   loss: 0.0715 -> 0.0694  accuracy: 97.84% -> 97.12%     
---------------------------- TRAINING EPOCH: 170 ----------------------------  
client [84] (testset)   loss: 0.2620 -> 0.3123  accuracy: 92.78% -> 93.30%     
client [51] (testset)   loss: 0.1348 -> 0.1419  accuracy: 95.06% -> 96.58%     
client [8]  (testset)   loss: 0.1929 -> 0.2026  accuracy: 93.14% -> 93.14%     
client [18] (testset)   loss: 0.2450 -> 0.1893  accuracy: 95.42% -> 93.89%     
client [94] (testset)   loss: 0.1858 -> 0.2135  accuracy: 93.17% -> 94.41%     
client [81] (testset)   loss: 0.1287 -> 0.0949  accuracy: 94.92% -> 96.61%     
client [3]  (testset)   loss: 0.2486 -> 0.2114  accuracy: 93.59% -> 92.31%     
client [11] (testset)   loss: 0.1135 -> 0.1326  accuracy: 97.62% -> 97.02%     
client [95] (testset)   loss: 0.5323 -> 0.5212  accuracy: 91.43% -> 93.33%     
client [67] (testset)   loss: 0.2130 -> 0.1962  accuracy: 93.51% -> 94.37%     
---------------------------- TRAINING EPOCH: 180 ----------------------------  
client [21] (testset)   loss: 0.4222 -> 0.3894  accuracy: 86.16% -> 89.94%     
client [79] (testset)   loss: 0.4039 -> 0.4737  accuracy: 87.66% -> 87.66%     
client [58] (testset)   loss: 0.5824 -> 0.5425  accuracy: 83.43% -> 82.87%     
client [88] (testset)   loss: 0.3461 -> 0.3538  accuracy: 93.29% -> 93.96%     
client [46] (testset)   loss: 0.3294 -> 0.3522  accuracy: 92.16% -> 92.16%     
client [11] (testset)   loss: 0.1204 -> 0.1179  accuracy: 96.43% -> 97.02%     
client [55] (testset)   loss: 0.3077 -> 0.2147  accuracy: 91.88% -> 94.92%     
client [13] (testset)   loss: 0.1902 -> 0.2325  accuracy: 94.64% -> 94.20%     
client [31] (testset)   loss: 0.2150 -> 0.1784  accuracy: 91.28% -> 94.63%     
client [75] (testset)   loss: 0.0513 -> 0.0899  accuracy: 98.56% -> 97.84%     
---------------------------- TRAINING EPOCH: 190 ----------------------------  
client [19] (testset)   loss: 0.1931 -> 0.2052  accuracy: 95.56% -> 94.44%     
client [7]  (testset)   loss: 0.3124 -> 0.2467  accuracy: 93.42% -> 95.47%     
client [57] (testset)   loss: 0.1660 -> 0.1446  accuracy: 96.27% -> 96.61%     
client [13] (testset)   loss: 0.2468 -> 0.1853  accuracy: 93.75% -> 94.20%     
client [43] (testset)   loss: 0.3193 -> 0.3887  accuracy: 88.53% -> 89.45%     
client [91] (testset)   loss: 0.1509 -> 0.2297  accuracy: 95.57% -> 94.94%     
client [10] (testset)   loss: 0.1381 -> 0.2430  accuracy: 96.40% -> 91.37%     
client [64] (testset)   loss: 0.2181 -> 0.1739  accuracy: 93.72% -> 95.40%     
client [82] (testset)   loss: 0.2960 -> 0.2846  accuracy: 90.68% -> 92.37%     
client [22] (testset)   loss: 0.2158 -> 0.3406  accuracy: 92.68% -> 91.06%     
---------------------------- TRAINING EPOCH: 200 ----------------------------  
client [20] (testset)   loss: 0.2014 -> 0.1998  accuracy: 95.10% -> 96.33%     
client [23] (testset)   loss: 0.5278 -> 0.4653  accuracy: 84.29% -> 84.29%     
client [88] (testset)   loss: 0.4132 -> 0.3754  accuracy: 90.60% -> 91.95%     
client [98] (testset)   loss: 0.1852 -> 0.1591  accuracy: 95.53% -> 95.88%     
client [79] (testset)   loss: 0.4300 -> 0.4464  accuracy: 87.01% -> 87.01%     
client [21] (testset)   loss: 0.5075 -> 0.4200  accuracy: 84.91% -> 89.31%     
client [92] (testset)   loss: 0.0373 -> 0.0431  accuracy: 98.61% -> 98.61%     
client [56] (testset)   loss: 0.4489 -> 0.4365  accuracy: 87.76% -> 88.78%     
client [5]  (testset)   loss: 0.2466 -> 0.2546  accuracy: 93.22% -> 93.56%     
client [52] (testset)   loss: 0.1302 -> 0.1387  accuracy: 94.67% -> 94.00%     
---------------------------- TRAINING EPOCH: 210 ----------------------------  
client [67] (testset)   loss: 0.2255 -> 0.2063  accuracy: 92.21% -> 93.51%     
client [54] (testset)   loss: 0.3701 -> 0.4620  accuracy: 87.11% -> 85.57%     
client [14] (testset)   loss: 0.2026 -> 0.2495  accuracy: 92.95% -> 93.36%     
client [99] (testset)   loss: 0.0613 -> 0.0504  accuracy: 97.12% -> 97.12%     
client [36] (testset)   loss: 0.1390 -> 0.1447  accuracy: 94.93% -> 96.77%     
client [30] (testset)   loss: 0.2362 -> 0.3068  accuracy: 89.01% -> 90.11%     
client [38] (testset)   loss: 0.1842 -> 0.1982  accuracy: 93.92% -> 95.27%     
client [15] (testset)   loss: 0.2086 -> 0.2365  accuracy: 93.18% -> 92.42%     
client [6]  (testset)   loss: 0.2908 -> 0.3020  accuracy: 91.03% -> 90.60%     
client [53] (testset)   loss: 0.1989 -> 0.2904  accuracy: 95.59% -> 93.38%     
---------------------------- TRAINING EPOCH: 220 ----------------------------  
client [99] (testset)   loss: 0.0679 -> 0.0557  accuracy: 97.12% -> 97.12%     
client [6]  (testset)   loss: 0.3050 -> 0.3137  accuracy: 91.03% -> 90.60%     
client [83] (testset)   loss: 0.2568 -> 0.2493  accuracy: 92.94% -> 95.29%     
client [42] (testset)   loss: 0.3309 -> 0.3165  accuracy: 90.75% -> 92.51%     
client [34] (testset)   loss: 0.3201 -> 0.2971  accuracy: 91.26% -> 91.80%     
client [15] (testset)   loss: 0.2301 -> 0.2587  accuracy: 93.18% -> 93.18%     
client [47] (testset)   loss: 0.3811 -> 0.2686  accuracy: 91.20% -> 94.91%     
client [55] (testset)   loss: 0.2856 -> 0.2028  accuracy: 92.39% -> 94.42%     
client [51] (testset)   loss: 0.1407 -> 0.1605  accuracy: 95.82% -> 96.58%     
client [95] (testset)   loss: 0.5610 -> 0.5200  accuracy: 91.43% -> 93.33%     
---------------------------- TRAINING EPOCH: 230 ----------------------------  
client [71] (testset)   loss: 0.4866 -> 0.4976  accuracy: 87.50% -> 84.38%     
client [15] (testset)   loss: 0.2320 -> 0.2661  accuracy: 93.94% -> 92.42%     
client [33] (testset)   loss: 0.6537 -> 0.4864  accuracy: 84.30% -> 88.84%     
client [99] (testset)   loss: 0.0614 -> 0.0495  accuracy: 98.08% -> 97.12%     
client [90] (testset)   loss: 0.1694 -> 0.2547  accuracy: 94.41% -> 93.85%     
client [57] (testset)   loss: 0.2266 -> 0.1497  accuracy: 95.59% -> 96.95%     
client [27] (testset)   loss: 0.0006 -> 0.0005  accuracy: 100.00% -> 100.00%   
client [78] (testset)   loss: 0.0657 -> 0.0893  accuracy: 96.83% -> 96.83%     
client [36] (testset)   loss: 0.1380 -> 0.1480  accuracy: 95.85% -> 96.77%     
client [88] (testset)   loss: 0.3827 -> 0.3857  accuracy: 92.62% -> 93.29%     
---------------------------- TRAINING EPOCH: 240 ----------------------------  
client [70] (testset)   loss: 0.3584 -> 0.3084  accuracy: 94.19% -> 93.02%     
client [35] (testset)   loss: 0.1815 -> 0.1473  accuracy: 94.84% -> 96.13%     
client [16] (testset)   loss: 0.3052 -> 0.3780  accuracy: 92.48% -> 93.23%     
client [80] (testset)   loss: 0.2468 -> 0.2586  accuracy: 95.28% -> 94.34%     
client [38] (testset)   loss: 0.1995 -> 0.2093  accuracy: 93.92% -> 94.93%     
client [78] (testset)   loss: 0.0631 -> 0.0931  accuracy: 97.62% -> 97.62%     
client [68] (testset)   loss: 0.4728 -> 0.4479  accuracy: 87.58% -> 86.65%     
client [11] (testset)   loss: 0.1053 -> 0.1172  accuracy: 98.21% -> 97.62%     
client [64] (testset)   loss: 0.2584 -> 0.1917  accuracy: 92.47% -> 94.98%     
client [82] (testset)   loss: 0.3208 -> 0.3121  accuracy: 92.37% -> 92.37%     
---------------------------- TRAINING EPOCH: 250 ----------------------------  
client [30] (testset)   loss: 0.2957 -> 0.2795  accuracy: 90.11% -> 90.11%     
client [27] (testset)   loss: 0.0001 -> 0.0004  accuracy: 100.00% -> 100.00%   
client [74] (testset)   loss: 0.2835 -> 0.2536  accuracy: 93.13% -> 94.03%     
client [45] (testset)   loss: 0.1797 -> 0.1604  accuracy: 94.44% -> 94.44%     
client [6]  (testset)   loss: 0.3473 -> 0.3301  accuracy: 90.60% -> 91.03%     
client [36] (testset)   loss: 0.1492 -> 0.1458  accuracy: 95.85% -> 96.77%     
client [63] (testset)   loss: 0.0627 -> 0.0386  accuracy: 96.97% -> 96.97%     
client [76] (testset)   loss: 0.3707 -> 0.3168  accuracy: 92.37% -> 92.37%     
client [83] (testset)   loss: 0.2918 -> 0.2507  accuracy: 90.59% -> 95.29%     
client [86] (testset)   loss: 0.6507 -> 0.6253  accuracy: 87.77% -> 86.90%     
---------------------------- TRAINING EPOCH: 260 ----------------------------  
client [83] (testset)   loss: 0.2965 -> 0.2761  accuracy: 90.59% -> 95.29%     
client [99] (testset)   loss: 0.0751 -> 0.0460  accuracy: 97.12% -> 98.08%     
client [74] (testset)   loss: 0.2847 -> 0.2445  accuracy: 93.43% -> 94.93%     
client [73] (testset)   loss: 0.3409 -> 0.2901  accuracy: 90.50% -> 92.76%     
client [29] (testset)   loss: 0.3009 -> 0.3300  accuracy: 90.56% -> 88.89%     
client [92] (testset)   loss: 0.0558 -> 0.0487  accuracy: 98.15% -> 98.61%     
client [6]  (testset)   loss: 0.3535 -> 0.3468  accuracy: 91.03% -> 91.45%     
client [61] (testset)   loss: 0.4066 -> 0.2702  accuracy: 89.29% -> 92.86%     
client [21] (testset)   loss: 0.5811 -> 0.4592  accuracy: 84.91% -> 89.94%     
client [67] (testset)   loss: 0.2098 -> 0.2106  accuracy: 93.94% -> 93.51%     
---------------------------- TRAINING EPOCH: 270 ----------------------------  
client [83] (testset)   loss: 0.3151 -> 0.1963  accuracy: 90.59% -> 95.29%     
client [32] (testset)   loss: 0.2191 -> 0.2174  accuracy: 90.99% -> 90.99%     
client [95] (testset)   loss: 0.6326 -> 0.5308  accuracy: 91.43% -> 94.29%     
client [61] (testset)   loss: 0.3527 -> 0.2732  accuracy: 92.14% -> 92.14%     
client [27] (testset)   loss: 0.0001 -> 0.0006  accuracy: 100.00% -> 100.00%   
client [25] (testset)   loss: 0.5226 -> 0.4888  accuracy: 90.46% -> 91.22%     
client [68] (testset)   loss: 0.5730 -> 0.5204  accuracy: 84.47% -> 86.65%     
client [34] (testset)   loss: 0.3243 -> 0.3288  accuracy: 93.44% -> 92.35%     
client [71] (testset)   loss: 0.5658 -> 0.5268  accuracy: 87.50% -> 84.38%     
client [89] (testset)   loss: 0.0593 -> 0.0570  accuracy: 97.84% -> 97.84%     
---------------------------- TRAINING EPOCH: 280 ----------------------------  
client [78] (testset)   loss: 0.0494 -> 0.1021  accuracy: 98.41% -> 96.83%     
client [81] (testset)   loss: 0.2056 -> 0.1796  accuracy: 94.92% -> 96.61%     
client [51] (testset)   loss: 0.1777 -> 0.1670  accuracy: 95.06% -> 96.20%     
client [54] (testset)   loss: 0.4461 -> 0.4912  accuracy: 85.57% -> 87.63%     
client [65] (testset)   loss: 0.2167 -> 0.2029  accuracy: 91.91% -> 93.38%     
client [41] (testset)   loss: 0.2021 -> 0.1651  accuracy: 94.63% -> 96.10%     
client [11] (testset)   loss: 0.1056 -> 0.1094  accuracy: 98.81% -> 98.81%     
client [85] (testset)   loss: 0.1574 -> 0.1697  accuracy: 95.65% -> 95.11%     
client [12] (testset)   loss: 0.3227 -> 0.3863  accuracy: 92.41% -> 92.41%     
client [23] (testset)   loss: 0.5737 -> 0.4993  accuracy: 82.86% -> 88.57%     
---------------------------- TRAINING EPOCH: 290 ----------------------------  
client [16] (testset)   loss: 0.2635 -> 0.3575  accuracy: 94.74% -> 93.23%     
client [65] (testset)   loss: 0.2692 -> 0.2045  accuracy: 90.44% -> 94.85%     
client [53] (testset)   loss: 0.2458 -> 0.3845  accuracy: 94.85% -> 93.38%     
client [58] (testset)   loss: 0.6906 -> 0.6155  accuracy: 83.98% -> 86.19%     
client [72] (testset)   loss: 0.6967 -> 0.6367  accuracy: 86.84% -> 89.47%     
client [7]  (testset)   loss: 0.3571 -> 0.3079  accuracy: 93.83% -> 95.06%     
client [71] (testset)   loss: 0.5915 -> 0.5583  accuracy: 87.50% -> 87.50%     
client [59] (testset)   loss: 0.2627 -> 0.2638  accuracy: 93.52% -> 92.59%     
client [86] (testset)   loss: 0.7115 -> 0.7242  accuracy: 86.46% -> 87.34%     
client [39] (testset)   loss: 0.4468 -> 0.4650  accuracy: 90.30% -> 90.30%     
---------------------------- TRAINING EPOCH: 300 ----------------------------  
client [99] (testset)   loss: 0.0339 -> 0.0638  accuracy: 99.04% -> 97.12%     
client [7]  (testset)   loss: 0.3279 -> 0.3052  accuracy: 94.65% -> 95.47%     
client [17] (testset)   loss: 0.3303 -> 0.2937  accuracy: 92.47% -> 93.84%     
client [64] (testset)   loss: 0.2793 -> 0.2276  accuracy: 94.56% -> 95.40%     
client [37] (testset)   loss: 0.4240 -> 0.4176  accuracy: 91.12% -> 92.90%     
client [29] (testset)   loss: 0.3422 -> 0.3662  accuracy: 90.00% -> 88.89%     
client [93] (testset)   loss: 0.8497 -> 0.8421  accuracy: 83.92% -> 83.22%     
client [73] (testset)   loss: 0.2937 -> 0.3205  accuracy: 91.86% -> 92.76%     
client [40] (testset)   loss: 0.1529 -> 0.1602  accuracy: 95.24% -> 95.24%     
client [76] (testset)   loss: 0.4154 -> 0.2825  accuracy: 92.37% -> 92.37%     
---------------------------- TRAINING EPOCH: 310 ----------------------------  
client [31] (testset)   loss: 0.2431 -> 0.2197  accuracy: 93.29% -> 91.95%     
client [89] (testset)   loss: 0.0783 -> 0.0547  accuracy: 97.12% -> 97.84%     
client [77] (testset)   loss: 0.3852 -> 0.2604  accuracy: 89.14% -> 93.71%     
client [90] (testset)   loss: 0.2454 -> 0.3179  accuracy: 93.30% -> 93.30%     
client [26] (testset)   loss: 0.2182 -> 0.1915  accuracy: 96.10% -> 96.10%     
client [50] (testset)   loss: 0.3230 -> 0.1888  accuracy: 87.42% -> 95.36%     
client [30] (testset)   loss: 0.2873 -> 0.3444  accuracy: 90.11% -> 89.01%     
client [70] (testset)   loss: 0.4023 -> 0.3241  accuracy: 94.19% -> 93.02%     
client [41] (testset)   loss: 0.2333 -> 0.1717  accuracy: 94.15% -> 96.10%     
client [99] (testset)   loss: 0.0370 -> 0.0367  accuracy: 98.08% -> 98.08%     
---------------------------- TRAINING EPOCH: 320 ----------------------------  
client [68] (testset)   loss: 0.5300 -> 0.5467  accuracy: 87.27% -> 86.34%     
client [70] (testset)   loss: 0.3895 -> 0.3267  accuracy: 91.86% -> 93.02%     
client [52] (testset)   loss: 0.1596 -> 0.1424  accuracy: 93.33% -> 94.67%     
client [1]  (testset)   loss: 0.2964 -> 0.2641  accuracy: 93.38% -> 91.91%     
client [2]  (testset)   loss: 0.4279 -> 0.4231  accuracy: 88.24% -> 91.50%     
client [67] (testset)   loss: 0.2304 -> 0.2270  accuracy: 93.94% -> 93.51%     
client [92] (testset)   loss: 0.0467 -> 0.0626  accuracy: 98.15% -> 98.61%     
client [35] (testset)   loss: 0.1966 -> 0.1731  accuracy: 94.19% -> 95.48%     
client [36] (testset)   loss: 0.1428 -> 0.1611  accuracy: 95.39% -> 96.31%     
client [64] (testset)   loss: 0.2851 -> 0.2348  accuracy: 92.89% -> 94.98%     
---------------------------- TRAINING EPOCH: 330 ----------------------------  
client [44] (testset)   loss: 0.7482 -> 0.7248  accuracy: 84.21% -> 86.70%     
client [6]  (testset)   loss: 0.3533 -> 0.3639  accuracy: 92.31% -> 91.45%     
client [12] (testset)   loss: 0.3587 -> 0.4156  accuracy: 93.67% -> 93.04%     
client [55] (testset)   loss: 0.2861 -> 0.2407  accuracy: 92.89% -> 94.92%     
client [29] (testset)   loss: 0.3353 -> 0.3441  accuracy: 90.00% -> 89.44%     
client [9]  (testset)   loss: 0.1607 -> 0.1697  accuracy: 96.79% -> 96.79%     
client [43] (testset)   loss: 0.5487 -> 0.4763  accuracy: 88.53% -> 89.91%     
client [77] (testset)   loss: 0.3344 -> 0.2651  accuracy: 90.86% -> 93.14%     
client [98] (testset)   loss: 0.1971 -> 0.2030  accuracy: 95.53% -> 95.19%     
client [78] (testset)   loss: 0.0578 -> 0.0914  accuracy: 98.41% -> 96.83%     
---------------------------- TRAINING EPOCH: 340 ----------------------------  
client [92] (testset)   loss: 0.0543 -> 0.0584  accuracy: 98.61% -> 98.61%     
client [80] (testset)   loss: 0.2763 -> 0.2535  accuracy: 94.34% -> 95.28%     
client [63] (testset)   loss: 0.0567 -> 0.0309  accuracy: 98.48% -> 98.48%     
client [76] (testset)   loss: 0.4137 -> 0.3208  accuracy: 91.60% -> 92.37%     
client [78] (testset)   loss: 0.0567 -> 0.0991  accuracy: 97.62% -> 96.83%     
client [25] (testset)   loss: 0.4875 -> 0.5190  accuracy: 91.22% -> 91.60%     
client [58] (testset)   loss: 0.6388 -> 0.5991  accuracy: 87.29% -> 87.29%     
client [13] (testset)   loss: 0.2465 -> 0.2646  accuracy: 94.20% -> 93.75%     
client [17] (testset)   loss: 0.3278 -> 0.3090  accuracy: 92.47% -> 93.15%     
client [38] (testset)   loss: 0.2154 -> 0.2298  accuracy: 94.26% -> 95.27%     
---------------------------- TRAINING EPOCH: 350 ----------------------------  
client [72] (testset)   loss: 0.6418 -> 0.6397  accuracy: 89.47% -> 89.47%     
client [82] (testset)   loss: 0.3369 -> 0.3262  accuracy: 92.37% -> 91.95%     
client [86] (testset)   loss: 0.7914 -> 0.7717  accuracy: 85.59% -> 86.90%     
client [51] (testset)   loss: 0.1632 -> 0.1835  accuracy: 96.58% -> 96.96%     
client [96] (testset)   loss: 0.4970 -> 0.5256  accuracy: 90.83% -> 90.39%     
client [42] (testset)   loss: 0.3873 -> 0.3722  accuracy: 90.75% -> 92.07%     
client [55] (testset)   loss: 0.3213 -> 0.2618  accuracy: 92.89% -> 94.92%     
client [13] (testset)   loss: 0.2317 -> 0.2688  accuracy: 93.75% -> 93.75%     
client [1]  (testset)   loss: 0.3292 -> 0.2730  accuracy: 93.38% -> 92.65%     
client [12] (testset)   loss: 0.3737 -> 0.4263  accuracy: 93.04% -> 91.77%     
---------------------------- TRAINING EPOCH: 360 ----------------------------  
client [68] (testset)   loss: 0.5861 -> 0.6303  accuracy: 86.65% -> 86.65%     
client [23] (testset)   loss: 0.6115 -> 0.5942  accuracy: 85.71% -> 88.57%     
client [46] (testset)   loss: 0.3827 -> 0.4034  accuracy: 92.81% -> 92.48%     
client [41] (testset)   loss: 0.2417 -> 0.1766  accuracy: 93.66% -> 95.61%     
client [25] (testset)   loss: 0.5515 -> 0.5473  accuracy: 89.69% -> 91.60%     
client [58] (testset)   loss: 0.7187 -> 0.6608  accuracy: 86.19% -> 86.19%     
client [14] (testset)   loss: 0.2553 -> 0.2376  accuracy: 93.36% -> 94.61%     
client [33] (testset)   loss: 0.8221 -> 0.6826  accuracy: 83.47% -> 87.19%     
client [85] (testset)   loss: 0.1734 -> 0.1907  accuracy: 95.65% -> 95.11%     
client [62] (testset)   loss: 0.0275 -> 0.0637  accuracy: 98.47% -> 97.71%     
---------------------------- TRAINING EPOCH: 370 ----------------------------  
client [98] (testset)   loss: 0.2146 -> 0.2059  accuracy: 95.19% -> 95.53%     
client [63] (testset)   loss: 0.0455 -> 0.0265  accuracy: 98.48% -> 100.00%    
client [70] (testset)   loss: 0.4830 -> 0.4069  accuracy: 91.86% -> 93.02%     
client [65] (testset)   loss: 0.2248 -> 0.2072  accuracy: 91.91% -> 93.38%     
client [14] (testset)   loss: 0.2385 -> 0.2492  accuracy: 92.95% -> 94.61%     
client [73] (testset)   loss: 0.3287 -> 0.3404  accuracy: 92.31% -> 93.21%     
client [34] (testset)   loss: 0.3717 -> 0.3877  accuracy: 91.80% -> 93.99%     
client [99] (testset)   loss: 0.0401 -> 0.0520  accuracy: 98.08% -> 98.08%     
client [69] (testset)   loss: 0.5066 -> 0.5533  accuracy: 89.12% -> 89.80%     
client [46] (testset)   loss: 0.3843 -> 0.4399  accuracy: 91.83% -> 92.81%     
---------------------------- TRAINING EPOCH: 380 ----------------------------  
client [99] (testset)   loss: 0.0461 -> 0.0357  accuracy: 99.04% -> 99.04%     
client [93] (testset)   loss: 0.8841 -> 0.9210  accuracy: 83.57% -> 82.52%     
client [11] (testset)   loss: 0.1015 -> 0.1190  accuracy: 99.40% -> 99.40%     
client [58] (testset)   loss: 0.6962 -> 0.6754  accuracy: 87.29% -> 86.74%     
client [81] (testset)   loss: 0.1799 -> 0.1780  accuracy: 96.61% -> 96.61%     
client [85] (testset)   loss: 0.1982 -> 0.1944  accuracy: 96.20% -> 95.11%     
client [89] (testset)   loss: 0.0851 -> 0.0382  accuracy: 97.12% -> 98.56%     
client [45] (testset)   loss: 0.2362 -> 0.2026  accuracy: 93.33% -> 94.44%     
client [8]  (testset)   loss: 0.2813 -> 0.2537  accuracy: 93.14% -> 96.08%     
client [68] (testset)   loss: 0.6304 -> 0.5994  accuracy: 87.58% -> 86.65%     
---------------------------- TRAINING EPOCH: 390 ----------------------------  
client [67] (testset)   loss: 0.2887 -> 0.2831  accuracy: 92.64% -> 93.94%     
client [72] (testset)   loss: 0.7951 -> 0.7635  accuracy: 86.84% -> 89.47%     
client [1]  (testset)   loss: 0.3035 -> 0.2579  accuracy: 94.85% -> 93.38%     
client [78] (testset)   loss: 0.0527 -> 0.1004  accuracy: 98.41% -> 96.83%     
client [83] (testset)   loss: 0.3412 -> 0.2864  accuracy: 90.59% -> 92.94%     
client [21] (testset)   loss: 0.6662 -> 0.5517  accuracy: 86.79% -> 89.94%     
client [56] (testset)   loss: 0.5461 -> 0.5994  accuracy: 89.80% -> 89.80%     
client [44] (testset)   loss: 0.8380 -> 0.8725  accuracy: 85.60% -> 86.15%     
client [92] (testset)   loss: 0.0637 -> 0.0577  accuracy: 98.15% -> 98.61%     
client [27] (testset)   loss: 0.0001 -> 0.0001  accuracy: 100.00% -> 100.00%   
---------------------------- TRAINING EPOCH: 400 ----------------------------  
client [10] (testset)   loss: 0.2629 -> 0.2347  accuracy: 93.53% -> 94.96%     
client [39] (testset)   loss: 0.4319 -> 0.5284  accuracy: 90.30% -> 90.30%     
client [65] (testset)   loss: 0.2230 -> 0.2137  accuracy: 91.91% -> 94.12%     
client [26] (testset)   loss: 0.2580 -> 0.2031  accuracy: 96.10% -> 97.40%     
client [19] (testset)   loss: 0.2878 -> 0.3019  accuracy: 92.22% -> 94.44%     
client [68] (testset)   loss: 0.6622 -> 0.6526  accuracy: 85.71% -> 86.02%     
client [41] (testset)   loss: 0.2662 -> 0.1938  accuracy: 94.63% -> 96.59%     
client [50] (testset)   loss: 0.2131 -> 0.2165  accuracy: 95.36% -> 94.70%     
client [75] (testset)   loss: 0.0864 -> 0.1154  accuracy: 98.56% -> 98.56%     
client [81] (testset)   loss: 0.2343 -> 0.2086  accuracy: 94.92% -> 94.92%     
FedFew's average time taken by each global epoch: 0 min 3.40 sec.              
FedFew's total running time: 0 h 25 m 0 s.                                     
==================== FedFew Experiment Results: ====================           
Display format: (before local fine-tuning) -> (after local fine-tuning)        
 So if finetune_epoch = 0, x.xx% -> 0.00% is normal.                           
 Centralized testing ONLY happens after model aggregation, so the stats between
'->' are the same.                                                             
{                                                                              
    "100": {                                                                   
        "all_clients": {                                                       
            "test": {                                                          
                "loss": "0.2659 -> 0.2611",                                    
                "accuracy": "91.37% -> 91.98%"                                 
            }                                                                  
        }                                                                      
    },                                                                         
    "200": {                                                                   
        "all_clients": {                                                       
            "test": {                                                          
                "loss": "0.2942 -> 0.2835",                                    
                "accuracy": "92.07% -> 92.94%"                                 
            }                                                                  
        }                                                                      
    },                                                                         
    "300": {                                                                   
        "all_clients": {                                                       
            "test": {                                                          
                "loss": "0.3394 -> 0.3309",                                    
                "accuracy": "92.29% -> 92.99%"                                 
            }                                                                  
        }                                                                      
    },                                                                         
    "400": {                                                                   
        "all_clients": {                                                       
            "test": {                                                          
                "loss": "0.3756 -> 0.3675",                                    
                "accuracy": "92.63% -> 93.01%"                                 
            }                                                                  
        }                                                                      
    }                                                                          
}                                                                              
==================== FedFew Max Accuracy ====================                  
all_clients:                                                                   
(test) before fine-tuning: 92.63% at epoch 400                                 
(test) after fine-tuning: 93.01% at epoch 400                                  
