==================== Floco ====================                                
Experiment Arguments:                                                          
{
    'method': 'floco',
    'dataset': {
        'name': 'medmnistC',
        'client_num': 100,
        'test_ratio': 0.25,
        'val_ratio': 0.0,
        'seed': 42,
        'split': 'sample',
        'IID_ratio': 0.0,
        'monitor_window_name_suffix': 'medmnistC-100clients-0%IID-Dir(0.1)-seed42',
        'alpha': 0.1,
        'min_samples_per_client': 10
    },
    'model': {
        'name': 'avgcnn',
        'use_torchvision_pretrained_weights': True,
        'external_model_weights_path': None
    },
    'optimizer': {
        'lr': 0.01,
        'dampening': 0,
        'weight_decay': 0,
        'momentum': 0.7,
        'nesterov': False,
        'name': 'sgd'
    },
    'mode': 'serial',
    'parallel': {
        'ray_cluster_addr': None,
        'num_cpus': None,
        'num_gpus': None,
        'num_workers': 2
    },
    'common': {
        'seed': 42,
        'join_ratio': 0.1,
        'global_epoch': 400,
        'local_epoch': 5,
        'batch_size': 32,
        'reset_optimizer_on_global_epoch': True,
        'straggler_ratio': 0,
        'straggler_min_local_epoch': 0,
        'buffers': 'global',
        'client_side_evaluation': True,
        'test': {
            'client': {
                'interval': 100,
                'finetune_epoch': 5,
                'train': False,
                'val': False,
                'test': True
            },
            'server': {
                'interval': -1,
                'train': False,
                'val': False,
                'test': True,
                'model_in_train_mode': False
            }
        },
        'verbose_gap': 10,
        'monitor': None,
        'use_cuda': True,
        'save_log': True,
        'save_model': False,
        'save_learning_curve_plot': True,
        'save_metrics': True,
        'delete_useless_run': True
    },
    'fedprox': {
        'mu': 0.01
    },
    'pfedsim': {
        'warmup_round': 0.5
    },
    'floco': {
        'endpoints': 10,
        'tau': 10,
        'rho': 0.1,
        'pers_epoch': 0,
        'lamda': 1
    }
}
---------------------------- TRAINING EPOCH: 10 ----------------------------   
client [77] (testset)   loss: 2.4530 -> 1.3394  accuracy: 0.00% -> 36.36%      
client [81] (testset)   loss: 3.3263 -> 0.5100  accuracy: 0.00% -> 80.58%      
client [21] (testset)   loss: 2.9002 -> 0.7822  accuracy: 0.00% -> 74.07%      
client [68] (testset)   loss: 2.8882 -> 1.1099  accuracy: 0.00% -> 59.72%      
client [93] (testset)   loss: 3.2147 -> 0.2768  accuracy: 0.00% -> 93.33%      
client [31] (testset)   loss: 2.5678 -> 0.6176  accuracy: 0.00% -> 85.14%      
client [20] (testset)   loss: 2.3744 -> 1.2493  accuracy: 0.00% -> 37.50%      
client [59] (testset)   loss: 2.3787 -> 1.1464  accuracy: 11.67% -> 50.83%     
client [48] (testset)   loss: 2.5946 -> 0.6601  accuracy: 0.00% -> 83.15%      
client [34] (testset)   loss: 3.1253 -> 0.7734  accuracy: 0.00% -> 82.14%      
---------------------------- TRAINING EPOCH: 20 ----------------------------   
client [69] (testset)   loss: 1.6601 -> 0.8434  accuracy: 71.15% -> 71.15%     
client [99] (testset)   loss: 1.6904 -> 1.2923  accuracy: 14.29% -> 71.43%     
client [67] (testset)   loss: 1.2050 -> 0.5974  accuracy: 85.71% -> 85.71%     
client [0]  (testset)   loss: 1.8777 -> 1.3033  accuracy: 34.15% -> 45.12%     
client [76] (testset)   loss: 1.8006 -> 2.6126  accuracy: 50.00% -> 25.00%     
client [41] (testset)   loss: 1.7200 -> 1.1558  accuracy: 65.43% -> 65.43%     
client [62] (testset)   loss: 1.1317 -> 0.5993  accuracy: 95.45% -> 95.45%     
client [2]  (testset)   loss: 3.2724 -> 1.1148  accuracy: 17.73% -> 47.27%     
client [14] (testset)   loss: 0.6763 -> 0.7353  accuracy: 85.00% -> 85.00%     
client [46] (testset)   loss: 1.2368 -> 0.9451  accuracy: 64.47% -> 64.47%     
---------------------------- TRAINING EPOCH: 30 ----------------------------   
client [24] (testset)   loss: 0.3353 -> 0.2789  accuracy: 93.75% -> 93.75%     
client [68] (testset)   loss: 1.6232 -> 1.1175  accuracy: 59.72% -> 59.72%     
client [57] (testset)   loss: 2.1969 -> 1.3778  accuracy: 40.91% -> 40.91%     
client [17] (testset)   loss: 1.5057 -> 0.8946  accuracy: 69.92% -> 69.92%     
client [54] (testset)   loss: 1.9510 -> 2.1334  accuracy: 25.00% -> 25.00%     
client [23] (testset)   loss: 1.8190 -> 1.8582  accuracy: 39.13% -> 39.13%     
client [35] (testset)   loss: 0.5526 -> 0.5357  accuracy: 85.00% -> 85.00%     
client [59] (testset)   loss: 1.3510 -> 1.1240  accuracy: 50.83% -> 50.83%     
client [31] (testset)   loss: 0.9569 -> 0.6247  accuracy: 85.14% -> 85.14%     
client [9]  (testset)   loss: 2.4984 -> 1.4192  accuracy: 11.70% -> 23.40%     
---------------------------- TRAINING EPOCH: 40 ----------------------------   
client [64] (testset)   loss: 1.8168 -> 1.3823  accuracy: 0.00% -> 0.00%       
client [33] (testset)   loss: 1.0952 -> 0.8200  accuracy: 75.32% -> 75.32%     
client [16] (testset)   loss: 0.7340 -> 0.7446  accuracy: 78.95% -> 78.95%     
client [44] (testset)   loss: 2.0378 -> 0.8721  accuracy: 0.00% -> 63.10%      
client [8]  (testset)   loss: 1.1672 -> 1.2111  accuracy: 54.17% -> 41.67%     
client [31] (testset)   loss: 0.9618 -> 0.6065  accuracy: 85.14% -> 85.14%     
client [47] (testset)   loss: 1.3761 -> 0.5977  accuracy: 87.78% -> 87.78%     
client [36] (testset)   loss: 2.1278 -> 1.7043  accuracy: 15.56% -> 28.89%     
client [20] (testset)   loss: 1.7486 -> 1.2439  accuracy: 37.50% -> 37.50%     
client [56] (testset)   loss: 1.3802 -> 0.7368  accuracy: 7.44% -> 79.34%      
---------------------------- TRAINING EPOCH: 50 ----------------------------   
client [4]  (testset)   loss: 2.5523 -> 1.9752  accuracy: 16.67% -> 25.00%     
client [60] (testset)   loss: 0.5903 -> 0.4367  accuracy: 91.82% -> 91.82%     
client [28] (testset)   loss: 1.5948 -> 1.1074  accuracy: 61.54% -> 61.54%     
client [25] (testset)   loss: 0.5194 -> 0.3358  accuracy: 90.48% -> 90.48%     
client [58] (testset)   loss: 0.7302 -> 0.4914  accuracy: 86.70% -> 86.70%     
client [44] (testset)   loss: 1.2684 -> 0.9630  accuracy: 63.10% -> 32.14%     
client [39] (testset)   loss: 1.0436 -> 0.9162  accuracy: 78.57% -> 78.57%     
client [29] (testset)   loss: 0.9973 -> 0.7473  accuracy: 81.48% -> 81.48%     
client [3]  (testset)   loss: 1.6099 -> 1.7973  accuracy: 17.65% -> 17.65%     
client [84] (testset)   loss: 2.4806 -> 1.6589  accuracy: 0.00% -> 18.39%      
---------------------------- TRAINING EPOCH: 60 ----------------------------   
client [21] (testset)   loss: 1.4730 -> 0.7475  accuracy: 74.07% -> 74.07%     
client [84] (testset)   loss: 2.4533 -> 1.6706  accuracy: 18.39% -> 18.39%     
client [10] (testset)   loss: 2.0142 -> 1.4557  accuracy: 0.00% -> 46.88%      
client [36] (testset)   loss: 2.1461 -> 1.7455  accuracy: 15.56% -> 28.89%     
client [65] (testset)   loss: 1.5355 -> 1.1895  accuracy: 62.22% -> 62.22%     
client [81] (testset)   loss: 1.2355 -> 0.5161  accuracy: 80.58% -> 80.58%     
client [79] (testset)   loss: 1.4551 -> 0.7162  accuracy: 64.00% -> 64.00%     
client [42] (testset)   loss: 0.0830 -> 0.1347  accuracy: 100.00% -> 100.00%   
client [11] (testset)   loss: 1.1263 -> 0.5111  accuracy: 85.71% -> 85.71%     
client [96] (testset)   loss: 1.6202 -> 1.4393  accuracy: 66.67% -> 66.67%     
---------------------------- TRAINING EPOCH: 70 ----------------------------   
client [8]  (testset)   loss: 1.2630 -> 1.2058  accuracy: 41.67% -> 41.67%     
client [53] (testset)   loss: 0.9634 -> 0.7515  accuracy: 78.85% -> 78.85%     
client [52] (testset)   loss: 1.4478 -> 0.9471  accuracy: 28.12% -> 65.62%     
client [42] (testset)   loss: 0.0823 -> 0.1245  accuracy: 100.00% -> 100.00%   
client [69] (testset)   loss: 1.0736 -> 0.8468  accuracy: 71.15% -> 71.15%     
client [59] (testset)   loss: 1.3573 -> 1.1216  accuracy: 33.33% -> 50.83%     
client [7]  (testset)   loss: 0.3657 -> 0.1246  accuracy: 97.73% -> 97.73%     
client [26] (testset)   loss: 1.4226 -> 1.0512  accuracy: 57.69% -> 57.69%     
client [49] (testset)   loss: 1.0370 -> 0.9317  accuracy: 75.00% -> 75.00%     
client [98] (testset)   loss: 0.3564 -> 0.2408  accuracy: 100.00% -> 100.00%   
---------------------------- TRAINING EPOCH: 80 ----------------------------   
client [98] (testset)   loss: 0.3775 -> 0.2405  accuracy: 100.00% -> 100.00%   
client [47] (testset)   loss: 0.8840 -> 0.5981  accuracy: 87.78% -> 87.78%     
client [21] (testset)   loss: 1.3959 -> 0.7535  accuracy: 74.07% -> 74.07%     
client [77] (testset)   loss: 1.4187 -> 1.4356  accuracy: 36.36% -> 27.27%     
client [95] (testset)   loss: 1.7514 -> 1.4228  accuracy: 46.43% -> 46.43%     
client [91] (testset)   loss: 3.0218 -> 2.4618  accuracy: 16.67% -> 16.67%     
client [14] (testset)   loss: 0.9153 -> 0.9055  accuracy: 85.00% -> 85.00%     
client [99] (testset)   loss: 1.2672 -> 1.2702  accuracy: 71.43% -> 71.43%     
client [20] (testset)   loss: 1.6120 -> 1.2783  accuracy: 37.50% -> 37.50%     
client [39] (testset)   loss: 0.8598 -> 0.9221  accuracy: 78.57% -> 78.57%     
---------------------------- TRAINING EPOCH: 90 ----------------------------   
client [52] (testset)   loss: 1.2418 -> 0.9488  accuracy: 28.12% -> 65.62%     
client [62] (testset)   loss: 0.2581 -> 0.5483  accuracy: 95.45% -> 95.45%     
client [71] (testset)   loss: 0.9705 -> 0.8618  accuracy: 71.97% -> 71.97%     
client [97] (testset)   loss: 3.1952 -> 1.2519  accuracy: 42.02% -> 42.02%     
client [30] (testset)   loss: 1.6705 -> 1.3636  accuracy: 13.33% -> 38.89%     
client [88] (testset)   loss: 0.6696 -> 0.4890  accuracy: 87.41% -> 87.41%     
client [60] (testset)   loss: 0.5386 -> 0.3999  accuracy: 91.82% -> 91.82%     
client [82] (testset)   loss: 1.6390 -> 0.8535  accuracy: 69.05% -> 69.05%     
client [91] (testset)   loss: 2.8259 -> 2.5415  accuracy: 16.67% -> 16.67%     
client [57] (testset)   loss: 3.2048 -> 1.4162  accuracy: 40.91% -> 40.91%     
---------------------------- TRAINING EPOCH: 100 ----------------------------  
client [31] (testset)   loss: 0.7356 -> 0.6063  accuracy: 85.14% -> 85.14%     
client [15] (testset)   loss: 2.1856 -> 1.0086  accuracy: 49.32% -> 39.73%     
client [71] (testset)   loss: 0.9755 -> 0.8516  accuracy: 71.97% -> 71.97%     
client [97] (testset)   loss: 2.8913 -> 1.2646  accuracy: 42.02% -> 42.02%     
client [53] (testset)   loss: 0.8297 -> 0.7594  accuracy: 78.85% -> 78.85%     
client [77] (testset)   loss: 1.4991 -> 1.7761  accuracy: 36.36% -> 36.36%     
client [76] (testset)   loss: 1.9286 -> 2.7643  accuracy: 50.00% -> 50.00%     
client [79] (testset)   loss: 1.5808 -> 0.7118  accuracy: 64.00% -> 64.00%     
client [28] (testset)   loss: 1.7300 -> 1.1710  accuracy: 61.54% -> 61.54%     
client [99] (testset)   loss: 1.2492 -> 1.2739  accuracy: 71.43% -> 71.43%     
---------------------------- TRAINING EPOCH: 110 ----------------------------  
client [97] (testset)   loss: 1.5999 -> 1.2876  accuracy: 42.02% -> 42.02%     
client [86] (testset)   loss: 1.3906 -> 1.3968  accuracy: 31.48% -> 31.48%     
client [34] (testset)   loss: 1.7429 -> 0.6117  accuracy: 14.29% -> 82.14%     
client [73] (testset)   loss: 1.0676 -> 0.7142  accuracy: 76.92% -> 76.92%     
client [5]  (testset)   loss: 0.8427 -> 0.5520  accuracy: 90.00% -> 90.00%     
client [96] (testset)   loss: 1.5558 -> 1.4722  accuracy: 66.67% -> 66.67%     
client [22] (testset)   loss: 1.6763 -> 0.9753  accuracy: 42.37% -> 52.54%     
client [60] (testset)   loss: 0.5101 -> 0.4095  accuracy: 91.82% -> 91.82%     
client [66] (testset)   loss: 0.2335 -> 0.1761  accuracy: 97.75% -> 97.75%     
client [83] (testset)   loss: 0.7143 -> 0.4436  accuracy: 87.91% -> 87.91%     
---------------------------- TRAINING EPOCH: 120 ----------------------------  
client [76] (testset)   loss: 1.8744 -> 2.5624  accuracy: 50.00% -> 50.00%     
client [65] (testset)   loss: 1.4526 -> 1.2801  accuracy: 62.22% -> 62.22%     
client [95] (testset)   loss: 2.0840 -> 1.3667  accuracy: 7.14% -> 46.43%      
client [17] (testset)   loss: 1.5520 -> 0.9101  accuracy: 69.92% -> 69.92%     
client [8]  (testset)   loss: 1.2115 -> 1.0950  accuracy: 41.67% -> 41.67%     
client [35] (testset)   loss: 0.5920 -> 0.5898  accuracy: 85.00% -> 85.00%     
client [98] (testset)   loss: 0.4944 -> 0.2098  accuracy: 100.00% -> 100.00%   
client [53] (testset)   loss: 0.8295 -> 0.7517  accuracy: 78.85% -> 78.85%     
client [43] (testset)   loss: 1.0231 -> 0.8519  accuracy: 83.33% -> 83.33%     
client [64] (testset)   loss: 1.6311 -> 1.4537  accuracy: 50.00% -> 0.00%      
---------------------------- TRAINING EPOCH: 130 ----------------------------  
client [21] (testset)   loss: 1.7210 -> 0.7793  accuracy: 74.07% -> 74.07%     
client [88] (testset)   loss: 0.6024 -> 0.4885  accuracy: 87.41% -> 87.41%     
client [38] (testset)   loss: 1.1397 -> 0.8345  accuracy: 76.00% -> 76.00%     
client [3]  (testset)   loss: 1.6334 -> 1.6677  accuracy: 17.65% -> 17.65%     
client [5]  (testset)   loss: 0.6970 -> 0.5742  accuracy: 90.00% -> 90.00%     
client [41] (testset)   loss: 1.2959 -> 1.2036  accuracy: 65.43% -> 65.43%     
client [7]  (testset)   loss: 0.2334 -> 0.1284  accuracy: 97.73% -> 97.73%     
client [37] (testset)   loss: 1.9621 -> 1.0324  accuracy: 55.00% -> 55.00%     
client [45] (testset)   loss: 1.6386 -> 1.3138  accuracy: 27.27% -> 27.27%     
client [47] (testset)   loss: 0.9578 -> 0.6213  accuracy: 87.78% -> 87.78%     
---------------------------- TRAINING EPOCH: 140 ----------------------------  
client [16] (testset)   loss: 0.9040 -> 0.6919  accuracy: 78.95% -> 78.95%     
client [11] (testset)   loss: 0.8965 -> 0.5009  accuracy: 85.71% -> 85.71%     
client [37] (testset)   loss: 2.1299 -> 1.0586  accuracy: 0.00% -> 55.00%      
client [41] (testset)   loss: 1.3332 -> 1.1648  accuracy: 65.43% -> 65.43%     
client [95] (testset)   loss: 1.7356 -> 1.3260  accuracy: 7.14% -> 46.43%      
client [53] (testset)   loss: 0.9455 -> 0.7898  accuracy: 78.85% -> 78.85%     
client [22] (testset)   loss: 2.0243 -> 0.9719  accuracy: 42.37% -> 52.54%     
client [25] (testset)   loss: 0.3875 -> 0.3235  accuracy: 90.48% -> 90.48%     
client [69] (testset)   loss: 1.0796 -> 0.8352  accuracy: 71.15% -> 71.15%     
client [46] (testset)   loss: 1.1330 -> 0.9434  accuracy: 64.47% -> 64.47%     
---------------------------- TRAINING EPOCH: 150 ----------------------------  
client [47] (testset)   loss: 0.7194 -> 0.6043  accuracy: 87.78% -> 87.78%     
client [69] (testset)   loss: 1.0270 -> 0.8413  accuracy: 71.15% -> 71.15%     
client [82] (testset)   loss: 1.3752 -> 0.8528  accuracy: 69.05% -> 69.05%     
client [45] (testset)   loss: 1.7928 -> 1.3031  accuracy: 27.27% -> 27.27%     
client [7]  (testset)   loss: 0.2074 -> 0.1251  accuracy: 97.73% -> 97.73%     
client [50] (testset)   loss: 1.8115 -> 1.2853  accuracy: 55.56% -> 55.56%     
client [35] (testset)   loss: 0.6476 -> 0.5161  accuracy: 85.00% -> 85.00%     
client [24] (testset)   loss: 0.2624 -> 0.2727  accuracy: 93.75% -> 93.75%     
client [15] (testset)   loss: 2.4869 -> 1.0234  accuracy: 49.32% -> 39.73%     
client [58] (testset)   loss: 0.6846 -> 0.5211  accuracy: 86.70% -> 86.70%     
---------------------------- TRAINING EPOCH: 160 ----------------------------  
client [48] (testset)   loss: 0.6983 -> 0.6662  accuracy: 83.15% -> 83.15%     
client [76] (testset)   loss: 1.9682 -> 2.8712  accuracy: 50.00% -> 50.00%     
client [67] (testset)   loss: 1.2514 -> 0.5926  accuracy: 5.71% -> 85.71%      
client [37] (testset)   loss: 1.8205 -> 1.0516  accuracy: 55.00% -> 55.00%     
client [58] (testset)   loss: 0.5600 -> 1.0152  accuracy: 86.70% -> 86.70%     
client [64] (testset)   loss: 1.7576 -> 1.4822  accuracy: 0.00% -> 0.00%       
client [77] (testset)   loss: 1.6294 -> 1.9632  accuracy: 36.36% -> 36.36%     
client [55] (testset)   loss: 0.8901 -> 0.9254  accuracy: 83.78% -> 83.78%     
client [12] (testset)   loss: 1.5297 -> 1.3600  accuracy: 16.67% -> 61.11%     
client [89] (testset)   loss: 1.0443 -> 1.0118  accuracy: 54.29% -> 54.29%     
---------------------------- TRAINING EPOCH: 170 ----------------------------  
client [84] (testset)   loss: 2.0552 -> 1.6206  accuracy: 18.39% -> 40.23%     
client [51] (testset)   loss: 1.1748 -> 1.1792  accuracy: 80.00% -> 80.00%     
client [8]  (testset)   loss: 1.2208 -> 1.1096  accuracy: 41.67% -> 41.67%     
client [18] (testset)   loss: 0.7420 -> 0.1854  accuracy: 97.37% -> 97.37%     
client [94] (testset)   loss: 0.9550 -> 1.6430  accuracy: 83.33% -> 83.33%     
client [81] (testset)   loss: 0.9261 -> 0.4977  accuracy: 80.58% -> 80.58%     
client [3]  (testset)   loss: 1.5264 -> 1.6485  accuracy: 47.06% -> 47.06%     
client [11] (testset)   loss: 1.0776 -> 0.5311  accuracy: 85.71% -> 85.71%     
client [95] (testset)   loss: 1.8062 -> 1.3550  accuracy: 32.14% -> 46.43%     
client [67] (testset)   loss: 0.8884 -> 0.6281  accuracy: 85.71% -> 85.71%     
---------------------------- TRAINING EPOCH: 180 ----------------------------  
client [21] (testset)   loss: 1.5718 -> 0.7844  accuracy: 74.07% -> 74.07%     
client [79] (testset)   loss: 0.8147 -> 0.7293  accuracy: 64.00% -> 64.00%     
client [58] (testset)   loss: 0.7716 -> 0.5323  accuracy: 86.70% -> 86.70%     
client [88] (testset)   loss: 0.5847 -> 0.5082  accuracy: 87.41% -> 87.41%     
client [46] (testset)   loss: 1.5241 -> 0.9453  accuracy: 64.47% -> 64.47%     
client [11] (testset)   loss: 0.8520 -> 0.5374  accuracy: 85.71% -> 85.71%     
client [55] (testset)   loss: 0.8704 -> 0.9130  accuracy: 83.78% -> 83.78%     
client [13] (testset)   loss: 2.6636 -> 1.5732  accuracy: 14.29% -> 46.03%     
client [31] (testset)   loss: 0.7499 -> 0.6398  accuracy: 85.14% -> 85.14%     
client [75] (testset)   loss: 0.1948 -> 0.5103  accuracy: 100.00% -> 100.00%   
---------------------------- TRAINING EPOCH: 190 ----------------------------  
client [19] (testset)   loss: 0.9310 -> 0.5322  accuracy: 80.00% -> 80.00%     
client [7]  (testset)   loss: 0.2471 -> 0.1262  accuracy: 97.73% -> 97.73%     
client [57] (testset)   loss: 2.8202 -> 1.3879  accuracy: 40.91% -> 40.91%     
client [13] (testset)   loss: 2.3519 -> 1.5639  accuracy: 14.29% -> 46.03%     
client [43] (testset)   loss: 1.0388 -> 0.9527  accuracy: 83.33% -> 83.33%     
client [91] (testset)   loss: 3.1949 -> 2.7390  accuracy: 16.67% -> 16.67%     
client [10] (testset)   loss: 2.3731 -> 1.5620  accuracy: 0.00% -> 18.75%      
client [64] (testset)   loss: 1.9382 -> 1.5047  accuracy: 0.00% -> 0.00%       
client [82] (testset)   loss: 1.0815 -> 0.8590  accuracy: 69.05% -> 69.05%     
client [22] (testset)   loss: 2.0063 -> 0.9786  accuracy: 42.37% -> 52.54%     
---------------------------- TRAINING EPOCH: 200 ----------------------------  
client [20] (testset)   loss: 1.8427 -> 1.2147  accuracy: 37.50% -> 37.50%     
client [23] (testset)   loss: 1.9325 -> 1.7716  accuracy: 13.04% -> 39.13%     
client [88] (testset)   loss: 0.6979 -> 0.4668  accuracy: 87.41% -> 87.41%     
client [98] (testset)   loss: 0.3783 -> 0.2196  accuracy: 100.00% -> 100.00%   
client [79] (testset)   loss: 0.8567 -> 0.7278  accuracy: 64.00% -> 64.00%     
client [21] (testset)   loss: 1.4009 -> 0.7492  accuracy: 74.07% -> 74.07%     
client [92] (testset)   loss: 1.7184 -> 1.2643  accuracy: 55.10% -> 55.10%     
client [56] (testset)   loss: 0.8768 -> 0.7263  accuracy: 79.34% -> 79.34%     
client [5]  (testset)   loss: 0.6328 -> 0.5459  accuracy: 90.00% -> 90.00%     
client [52] (testset)   loss: 1.3200 -> 0.9457  accuracy: 28.12% -> 65.62%     
---------------------------- TRAINING EPOCH: 210 ----------------------------  
client [67] (testset)   loss: 0.8183 -> 0.6374  accuracy: 85.71% -> 85.71%     
client [54] (testset)   loss: 1.9334 -> 1.8221  accuracy: 25.00% -> 25.00%     
client [14] (testset)   loss: 0.9119 -> 0.9547  accuracy: 85.00% -> 85.00%     
client [99] (testset)   loss: 1.2540 -> 1.2837  accuracy: 71.43% -> 71.43%     
client [36] (testset)   loss: 1.9066 -> 1.7421  accuracy: 15.56% -> 28.89%     
client [30] (testset)   loss: 1.5511 -> 1.3368  accuracy: 38.89% -> 38.89%     
client [38] (testset)   loss: 1.0312 -> 0.8174  accuracy: 76.00% -> 76.00%     
client [15] (testset)   loss: 1.7215 -> 1.0531  accuracy: 49.32% -> 49.32%     
client [6]  (testset)   loss: 0.9117 -> 0.7296  accuracy: 85.71% -> 85.71%     
client [53] (testset)   loss: 0.9202 -> 0.7740  accuracy: 78.85% -> 78.85%     
---------------------------- TRAINING EPOCH: 220 ----------------------------  
client [99] (testset)   loss: 1.2612 -> 1.2001  accuracy: 71.43% -> 71.43%     
client [6]  (testset)   loss: 0.7882 -> 0.9834  accuracy: 85.71% -> 85.71%     
client [83] (testset)   loss: 0.7441 -> 0.5436  accuracy: 87.91% -> 87.91%     
client [42] (testset)   loss: 0.0505 -> 0.1476  accuracy: 100.00% -> 100.00%   
client [34] (testset)   loss: 0.6253 -> 0.6370  accuracy: 82.14% -> 82.14%     
client [15] (testset)   loss: 2.2042 -> 1.0150  accuracy: 49.32% -> 49.32%     
client [47] (testset)   loss: 0.8859 -> 0.6115  accuracy: 87.78% -> 87.78%     
client [55] (testset)   loss: 0.8441 -> 0.8653  accuracy: 83.78% -> 83.78%     
client [51] (testset)   loss: 1.0495 -> 1.0081  accuracy: 80.00% -> 80.00%     
client [95] (testset)   loss: 1.8044 -> 1.3597  accuracy: 10.71% -> 46.43%     
---------------------------- TRAINING EPOCH: 230 ----------------------------  
client [71] (testset)   loss: 0.9770 -> 0.8308  accuracy: 71.97% -> 71.97%     
client [15] (testset)   loss: 2.4103 -> 0.9844  accuracy: 49.32% -> 39.73%     
client [33] (testset)   loss: 0.9047 -> 0.9387  accuracy: 75.32% -> 75.32%     
client [99] (testset)   loss: 1.2327 -> 1.8315  accuracy: 71.43% -> 71.43%     
client [90] (testset)   loss: 1.9642 -> 0.8946  accuracy: 37.50% -> 58.33%     
client [57] (testset)   loss: 3.0518 -> 1.5289  accuracy: 40.91% -> 40.91%     
client [27] (testset)   loss: 0.6928 -> 0.6740  accuracy: 85.26% -> 85.26%     
client [78] (testset)   loss: 0.9388 -> 0.6351  accuracy: 76.92% -> 76.92%     
client [36] (testset)   loss: 2.4103 -> 1.7072  accuracy: 15.56% -> 28.89%     
client [88] (testset)   loss: 0.6417 -> 0.4783  accuracy: 87.41% -> 87.41%     
---------------------------- TRAINING EPOCH: 240 ----------------------------  
client [70] (testset)   loss: 0.4296 -> 0.5241  accuracy: 90.00% -> 90.00%     
client [35] (testset)   loss: 0.5586 -> 0.5184  accuracy: 85.00% -> 85.00%     
client [16] (testset)   loss: 0.7969 -> 0.7008  accuracy: 78.95% -> 78.95%     
client [80] (testset)   loss: 0.0325 -> 0.0098  accuracy: 100.00% -> 100.00%   
client [38] (testset)   loss: 1.0108 -> 0.8700  accuracy: 76.00% -> 76.00%     
client [78] (testset)   loss: 1.2600 -> 0.6380  accuracy: 2.56% -> 76.92%      
client [68] (testset)   loss: 3.5488 -> 1.0843  accuracy: 0.00% -> 59.72%      
client [11] (testset)   loss: 0.7225 -> 0.4949  accuracy: 85.71% -> 85.71%     
client [64] (testset)   loss: 1.7072 -> 1.6561  accuracy: 50.00% -> 0.00%      
client [82] (testset)   loss: 1.3238 -> 0.8826  accuracy: 69.05% -> 69.05%     
---------------------------- TRAINING EPOCH: 250 ----------------------------  
client [30] (testset)   loss: 1.6799 -> 1.3585  accuracy: 13.33% -> 38.89%     
client [27] (testset)   loss: 0.6908 -> 0.6326  accuracy: 85.26% -> 85.26%     
client [74] (testset)   loss: 1.9940 -> 1.6536  accuracy: 21.05% -> 30.53%     
client [45] (testset)   loss: 1.9191 -> 1.4384  accuracy: 27.27% -> 27.27%     
client [6]  (testset)   loss: 0.8384 -> 0.7582  accuracy: 85.71% -> 85.71%     
client [36] (testset)   loss: 2.0501 -> 1.7123  accuracy: 15.56% -> 28.89%     
client [63] (testset)   loss: 1.1675 -> 0.7576  accuracy: 78.50% -> 78.50%     
client [76] (testset)   loss: 1.8863 -> 2.0847  accuracy: 50.00% -> 50.00%     
client [83] (testset)   loss: 0.7909 -> 0.4390  accuracy: 87.91% -> 87.91%     
client [86] (testset)   loss: 1.3509 -> 1.2748  accuracy: 31.48% -> 31.48%     
---------------------------- TRAINING EPOCH: 260 ----------------------------  
client [83] (testset)   loss: 0.5887 -> 0.4671  accuracy: 87.91% -> 87.91%     
client [99] (testset)   loss: 1.2130 -> 1.4354  accuracy: 71.43% -> 71.43%     
client [74] (testset)   loss: 2.1055 -> 1.6620  accuracy: 21.05% -> 21.05%     
client [73] (testset)   loss: 0.9892 -> 0.7484  accuracy: 76.92% -> 76.92%     
client [29] (testset)   loss: 0.9831 -> 0.7377  accuracy: 81.48% -> 81.48%     
client [92] (testset)   loss: 1.7241 -> 1.2610  accuracy: 55.10% -> 55.10%     
client [6]  (testset)   loss: 0.7907 -> 0.6848  accuracy: 85.71% -> 85.71%     
client [61] (testset)   loss: 1.2529 -> 1.0018  accuracy: 68.09% -> 68.09%     
client [21] (testset)   loss: 1.6425 -> 0.7633  accuracy: 74.07% -> 74.07%     
client [67] (testset)   loss: 0.7323 -> 0.6369  accuracy: 85.71% -> 85.71%     
---------------------------- TRAINING EPOCH: 270 ----------------------------  
client [83] (testset)   loss: 0.5985 -> 0.4389  accuracy: 87.91% -> 87.91%     
client [32] (testset)   loss: 2.4763 -> 2.2809  accuracy: 28.57% -> 28.57%     
client [95] (testset)   loss: 1.7415 -> 1.3232  accuracy: 32.14% -> 46.43%     
client [61] (testset)   loss: 1.1083 -> 1.0017  accuracy: 68.09% -> 68.09%     
client [27] (testset)   loss: 0.6939 -> 0.6574  accuracy: 85.26% -> 85.26%     
client [25] (testset)   loss: 0.3981 -> 0.3259  accuracy: 90.48% -> 90.48%     
client [68] (testset)   loss: 2.2401 -> 1.0750  accuracy: 11.11% -> 59.72%     
client [34] (testset)   loss: 0.8818 -> 0.6060  accuracy: 82.14% -> 82.14%     
client [71] (testset)   loss: 1.0087 -> 0.8363  accuracy: 71.97% -> 71.97%     
client [89] (testset)   loss: 1.0468 -> 1.0448  accuracy: 54.29% -> 40.00%     
---------------------------- TRAINING EPOCH: 280 ----------------------------  
client [78] (testset)   loss: 1.0566 -> 0.6393  accuracy: 76.92% -> 76.92%     
client [81] (testset)   loss: 1.3363 -> 0.5300  accuracy: 80.58% -> 80.58%     
client [51] (testset)   loss: 1.0975 -> 1.0458  accuracy: 80.00% -> 80.00%     
client [54] (testset)   loss: 2.3611 -> 2.0744  accuracy: 25.00% -> 25.00%     
client [65] (testset)   loss: 1.4348 -> 1.1963  accuracy: 62.22% -> 62.22%     
client [41] (testset)   loss: 1.4042 -> 1.1670  accuracy: 65.43% -> 65.43%     
client [11] (testset)   loss: 1.0279 -> 0.5747  accuracy: 85.71% -> 85.71%     
client [85] (testset)   loss: 1.9115 -> 0.9164  accuracy: 68.61% -> 68.61%     
client [12] (testset)   loss: 1.4231 -> 1.2827  accuracy: 61.11% -> 61.11%     
client [23] (testset)   loss: 1.9810 -> 1.7627  accuracy: 13.04% -> 39.13%     
---------------------------- TRAINING EPOCH: 290 ----------------------------  
client [16] (testset)   loss: 0.7482 -> 0.7830  accuracy: 78.95% -> 78.95%     
client [65] (testset)   loss: 1.4338 -> 1.2511  accuracy: 62.22% -> 62.22%     
client [53] (testset)   loss: 0.8350 -> 0.7647  accuracy: 78.85% -> 78.85%     
client [58] (testset)   loss: 0.5317 -> 0.5457  accuracy: 86.70% -> 86.70%     
client [72] (testset)   loss: 1.1238 -> 1.0820  accuracy: 70.59% -> 70.59%     
client [7]  (testset)   loss: 0.2067 -> 0.1288  accuracy: 97.73% -> 97.73%     
client [71] (testset)   loss: 0.9847 -> 0.8204  accuracy: 71.97% -> 71.97%     
client [59] (testset)   loss: 1.2943 -> 1.1195  accuracy: 50.83% -> 50.83%     
client [86] (testset)   loss: 1.6468 -> 1.3116  accuracy: 31.48% -> 31.48%     
client [39] (testset)   loss: 0.9110 -> 0.9512  accuracy: 78.57% -> 78.57%     
---------------------------- TRAINING EPOCH: 300 ----------------------------  
client [99] (testset)   loss: 1.2485 -> 1.6150  accuracy: 71.43% -> 71.43%     
client [7]  (testset)   loss: 0.1821 -> 0.1298  accuracy: 97.73% -> 97.73%     
client [17] (testset)   loss: 1.2476 -> 0.8840  accuracy: 69.92% -> 69.92%     
client [64] (testset)   loss: 1.8028 -> 1.5544  accuracy: 0.00% -> 0.00%       
client [37] (testset)   loss: 1.7981 -> 1.0487  accuracy: 55.00% -> 55.00%     
client [29] (testset)   loss: 1.0361 -> 0.7434  accuracy: 81.48% -> 81.48%     
client [93] (testset)   loss: 0.7865 -> 0.2546  accuracy: 6.67% -> 93.33%      
client [73] (testset)   loss: 0.9643 -> 0.7187  accuracy: 76.92% -> 76.92%     
client [40] (testset)   loss: 3.1033 -> 1.2270  accuracy: 0.00% -> 46.15%      
client [76] (testset)   loss: 2.1705 -> 1.9639  accuracy: 50.00% -> 50.00%     
---------------------------- TRAINING EPOCH: 310 ----------------------------  
client [31] (testset)   loss: 0.7832 -> 0.6266  accuracy: 85.14% -> 85.14%     
client [89] (testset)   loss: 1.0717 -> 1.0701  accuracy: 54.29% -> 40.00%     
client [77] (testset)   loss: 1.5091 -> 1.6629  accuracy: 36.36% -> 27.27%     
client [90] (testset)   loss: 2.0094 -> 0.9501  accuracy: 37.50% -> 58.33%     
client [26] (testset)   loss: 1.2652 -> 1.0433  accuracy: 57.69% -> 57.69%     
client [50] (testset)   loss: 1.6476 -> 1.1266  accuracy: 55.56% -> 55.56%     
client [30] (testset)   loss: 1.4493 -> 1.3417  accuracy: 38.89% -> 38.89%     
client [70] (testset)   loss: 0.5037 -> 0.5468  accuracy: 90.00% -> 90.00%     
client [41] (testset)   loss: 1.4422 -> 1.1731  accuracy: 65.43% -> 65.43%     
client [99] (testset)   loss: 1.2339 -> 1.2648  accuracy: 71.43% -> 71.43%     
---------------------------- TRAINING EPOCH: 320 ----------------------------  
client [68] (testset)   loss: 1.9788 -> 1.0800  accuracy: 0.00% -> 59.72%      
client [70] (testset)   loss: 0.6526 -> 0.6929  accuracy: 90.00% -> 90.00%     
client [52] (testset)   loss: 1.3397 -> 0.9410  accuracy: 28.12% -> 65.62%     
client [1]  (testset)   loss: 1.6828 -> 1.3862  accuracy: 32.54% -> 37.28%     
client [2]  (testset)   loss: 1.4747 -> 1.0825  accuracy: 17.73% -> 47.27%     
client [67] (testset)   loss: 1.1456 -> 0.6274  accuracy: 85.71% -> 85.71%     
client [92] (testset)   loss: 1.5949 -> 1.2608  accuracy: 55.10% -> 55.10%     
client [35] (testset)   loss: 0.6369 -> 0.5395  accuracy: 85.00% -> 85.00%     
client [36] (testset)   loss: 1.9754 -> 1.7302  accuracy: 15.56% -> 28.89%     
client [64] (testset)   loss: 1.7305 -> 1.6681  accuracy: 0.00% -> 0.00%       
---------------------------- TRAINING EPOCH: 330 ----------------------------  
client [44] (testset)   loss: 1.0712 -> 0.8876  accuracy: 63.10% -> 63.10%     
client [6]  (testset)   loss: 0.9203 -> 0.6793  accuracy: 85.71% -> 85.71%     
client [12] (testset)   loss: 1.6726 -> 1.2793  accuracy: 16.67% -> 61.11%     
client [55] (testset)   loss: 0.8411 -> 0.8901  accuracy: 83.78% -> 83.78%     
client [29] (testset)   loss: 0.9779 -> 0.7429  accuracy: 81.48% -> 81.48%     
client [9]  (testset)   loss: 1.8970 -> 1.3816  accuracy: 11.70% -> 28.72%     
client [43] (testset)   loss: 1.0488 -> 0.8916  accuracy: 83.33% -> 83.33%     
client [77] (testset)   loss: 1.6144 -> 1.3594  accuracy: 36.36% -> 36.36%     
client [98] (testset)   loss: 0.3662 -> 0.2334  accuracy: 100.00% -> 100.00%   
client [78] (testset)   loss: 0.9653 -> 0.6363  accuracy: 76.92% -> 76.92%     
---------------------------- TRAINING EPOCH: 340 ----------------------------  
client [92] (testset)   loss: 2.1428 -> 1.2684  accuracy: 55.10% -> 55.10%     
client [80] (testset)   loss: 0.0660 -> 0.0250  accuracy: 100.00% -> 100.00%   
client [63] (testset)   loss: 1.1794 -> 0.7585  accuracy: 78.50% -> 78.50%     
client [76] (testset)   loss: 2.0554 -> 2.2430  accuracy: 50.00% -> 50.00%     
client [78] (testset)   loss: 0.8341 -> 0.6625  accuracy: 76.92% -> 76.92%     
client [25] (testset)   loss: 0.3996 -> 0.3261  accuracy: 90.48% -> 90.48%     
client [58] (testset)   loss: 0.6015 -> 0.5431  accuracy: 86.70% -> 86.70%     
client [13] (testset)   loss: 2.0373 -> 1.6045  accuracy: 14.29% -> 46.03%     
client [17] (testset)   loss: 1.6145 -> 0.8881  accuracy: 69.92% -> 69.92%     
client [38] (testset)   loss: 0.9076 -> 0.8603  accuracy: 76.00% -> 76.00%     
---------------------------- TRAINING EPOCH: 350 ----------------------------  
client [72] (testset)   loss: 1.1186 -> 1.0432  accuracy: 70.59% -> 70.59%     
client [82] (testset)   loss: 1.2404 -> 0.8413  accuracy: 69.05% -> 69.05%     
client [86] (testset)   loss: 1.6400 -> 1.2765  accuracy: 31.48% -> 31.48%     
client [51] (testset)   loss: 1.1886 -> 1.2013  accuracy: 80.00% -> 80.00%     
client [96] (testset)   loss: 1.6789 -> 1.4837  accuracy: 66.67% -> 66.67%     
client [42] (testset)   loss: 0.2586 -> 0.0963  accuracy: 100.00% -> 100.00%   
client [55] (testset)   loss: 0.8661 -> 0.9118  accuracy: 83.78% -> 83.78%     
client [13] (testset)   loss: 2.3711 -> 1.5772  accuracy: 14.29% -> 46.03%     
client [1]  (testset)   loss: 1.7870 -> 1.3853  accuracy: 32.54% -> 37.28%     
client [12] (testset)   loss: 1.5752 -> 1.2691  accuracy: 16.67% -> 61.11%     
---------------------------- TRAINING EPOCH: 360 ----------------------------  
client [68] (testset)   loss: 1.9735 -> 1.0864  accuracy: 0.00% -> 59.72%      
client [23] (testset)   loss: 1.8981 -> 1.7870  accuracy: 13.04% -> 39.13%     
client [46] (testset)   loss: 1.1633 -> 0.9570  accuracy: 64.47% -> 64.47%     
client [41] (testset)   loss: 1.3997 -> 1.1903  accuracy: 65.43% -> 65.43%     
client [25] (testset)   loss: 0.5627 -> 0.3259  accuracy: 90.48% -> 90.48%     
client [58] (testset)   loss: 0.5997 -> 0.5458  accuracy: 86.70% -> 86.70%     
client [14] (testset)   loss: 0.7610 -> 0.8057  accuracy: 85.00% -> 85.00%     
client [33] (testset)   loss: 1.1581 -> 0.8205  accuracy: 75.32% -> 75.32%     
client [85] (testset)   loss: 1.2298 -> 0.9140  accuracy: 68.61% -> 68.61%     
client [62] (testset)   loss: 0.3832 -> 0.3390  accuracy: 95.45% -> 95.45%     
---------------------------- TRAINING EPOCH: 370 ----------------------------  
client [98] (testset)   loss: 0.3651 -> 0.2100  accuracy: 100.00% -> 100.00%   
client [63] (testset)   loss: 1.2399 -> 0.7537  accuracy: 78.50% -> 78.50%     
client [70] (testset)   loss: 0.5147 -> 0.5281  accuracy: 90.00% -> 90.00%     
client [65] (testset)   loss: 1.4941 -> 1.1576  accuracy: 62.22% -> 62.22%     
client [14] (testset)   loss: 0.6987 -> 0.7634  accuracy: 85.00% -> 85.00%     
client [73] (testset)   loss: 1.0797 -> 0.7205  accuracy: 76.92% -> 76.92%     
client [34] (testset)   loss: 0.7296 -> 0.6306  accuracy: 82.14% -> 82.14%     
client [99] (testset)   loss: 1.1856 -> 1.2614  accuracy: 71.43% -> 71.43%     
client [69] (testset)   loss: 1.0543 -> 0.8405  accuracy: 71.15% -> 71.15%     
client [46] (testset)   loss: 1.2226 -> 0.9495  accuracy: 64.47% -> 64.47%     
---------------------------- TRAINING EPOCH: 380 ----------------------------  
client [99] (testset)   loss: 1.1879 -> 1.2162  accuracy: 71.43% -> 71.43%     
client [93] (testset)   loss: 0.3819 -> 0.2577  accuracy: 93.33% -> 93.33%     
client [11] (testset)   loss: 0.8668 -> 0.6027  accuracy: 85.71% -> 85.71%     
client [58] (testset)   loss: 0.5341 -> 0.4880  accuracy: 86.70% -> 86.70%     
client [81] (testset)   loss: 0.8227 -> 0.5318  accuracy: 80.58% -> 80.58%     
client [85] (testset)   loss: 1.6460 -> 0.9108  accuracy: 68.61% -> 68.61%     
client [89] (testset)   loss: 1.0343 -> 1.0477  accuracy: 54.29% -> 40.00%     
client [45] (testset)   loss: 1.9151 -> 1.4691  accuracy: 27.27% -> 36.36%     
client [8]  (testset)   loss: 1.4135 -> 1.1467  accuracy: 41.67% -> 41.67%     
client [68] (testset)   loss: 1.7080 -> 1.0851  accuracy: 59.72% -> 59.72%     
---------------------------- TRAINING EPOCH: 390 ----------------------------  
client [67] (testset)   loss: 0.9477 -> 0.6197  accuracy: 85.71% -> 85.71%     
client [72] (testset)   loss: 1.1247 -> 1.0821  accuracy: 70.59% -> 70.59%     
client [1]  (testset)   loss: 1.7026 -> 1.4314  accuracy: 32.54% -> 37.28%     
client [78] (testset)   loss: 0.9908 -> 0.6607  accuracy: 76.92% -> 76.92%     
client [83] (testset)   loss: 0.5652 -> 0.4572  accuracy: 87.91% -> 87.91%     
client [21] (testset)   loss: 1.2629 -> 0.7733  accuracy: 74.07% -> 74.07%     
client [56] (testset)   loss: 0.8857 -> 0.7336  accuracy: 79.34% -> 79.34%     
client [44] (testset)   loss: 1.0638 -> 0.8574  accuracy: 63.10% -> 63.10%     
client [92] (testset)   loss: 1.8358 -> 1.2777  accuracy: 55.10% -> 55.10%     
client [27] (testset)   loss: 0.6690 -> 0.6345  accuracy: 85.26% -> 85.26%     
---------------------------- TRAINING EPOCH: 400 ----------------------------  
client [10] (testset)   loss: 2.0398 -> 1.5174  accuracy: 0.00% -> 46.88%      
client [39] (testset)   loss: 0.8329 -> 0.9356  accuracy: 78.57% -> 78.57%     
client [65] (testset)   loss: 1.9543 -> 1.1856  accuracy: 8.89% -> 62.22%      
client [26] (testset)   loss: 1.3609 -> 1.0207  accuracy: 57.69% -> 57.69%     
client [19] (testset)   loss: 1.2564 -> 0.6467  accuracy: 80.00% -> 80.00%     
client [68] (testset)   loss: 2.2748 -> 1.0757  accuracy: 0.00% -> 59.72%      
client [41] (testset)   loss: 1.3663 -> 1.1778  accuracy: 65.43% -> 65.43%     
client [50] (testset)   loss: 1.9284 -> 1.2097  accuracy: 55.56% -> 55.56%     
client [75] (testset)   loss: 0.1287 -> 0.6630  accuracy: 100.00% -> 100.00%   
client [81] (testset)   loss: 0.7498 -> 0.4998  accuracy: 80.58% -> 80.58%     
Floco's average time taken by each global epoch: 0 min 1.64 sec.               
Floco's total running time: 0 h 11 m 54 s.                                     
==================== Floco Experiment Results: ====================            
Display format: (before local fine-tuning) -> (after local fine-tuning)        
 So if finetune_epoch = 0, x.xx% -> 0.00% is normal.                           
 Centralized testing ONLY happens after model aggregation, so the stats between
'->' are the same.                                                             
{                                                                              
    "100": {                                                                   
        "all_clients": {                                                       
            "test": {                                                          
                "loss": "1.3372 -> 0.9177",                                    
                "accuracy": "61.45% -> 66.48%"                                 
            }                                                                  
        }                                                                      
    },                                                                         
    "200": {                                                                   
        "all_clients": {                                                       
            "test": {                                                          
                "loss": "1.2806 -> 0.9167",                                    
                "accuracy": "59.46% -> 65.85%"                                 
            }                                                                  
        }                                                                      
    },                                                                         
    "300": {                                                                   
        "all_clients": {                                                       
            "test": {                                                          
                "loss": "1.2233 -> 0.9199",                                    
                "accuracy": "62.51% -> 66.31%"                                 
            }                                                                  
        }                                                                      
    },                                                                         
    "400": {                                                                   
        "all_clients": {                                                       
            "test": {                                                          
                "loss": "1.2172 -> 0.9158",                                    
                "accuracy": "61.76% -> 66.19%"                                 
            }                                                                  
        }                                                                      
    }                                                                          
}                                                                              
==================== Floco Max Accuracy ====================                   
all_clients:                                                                   
(test) before fine-tuning: 62.51% at epoch 300                                 
(test) after fine-tuning: 66.48% at epoch 100                                  
