==================== FedDpag ====================                              
Experiment Arguments:                                                          
{
    'method': 'feddpag',
    'dataset': {
        'name': 'cifar10',
        'client_num': 100,
        'test_ratio': 0.25,
        'val_ratio': 0.0,
        'seed': 42,
        'split': 'sample',
        'IID_ratio': 0.0,
        'monitor_window_name_suffix': 'cifar10-100clients-0%IID-Dir(0.1)-seed42',
        'alpha': 0.1,
        'min_samples_per_client': 10
    },
    'model': {
        'name': 'avgcnn',
        'use_torchvision_pretrained_weights': True,
        'external_model_weights_path': None
    },
    'optimizer': {
        'lr': 0.01,
        'dampening': 0,
        'weight_decay': 0,
        'momentum': 0.7,
        'nesterov': False,
        'name': 'sgd'
    },
    'mode': 'parallel',
    'parallel': {
        'ray_cluster_addr': None,
        'num_cpus': 32.0,
        'num_gpus': 1.0,
        'num_workers': 2
    },
    'common': {
        'seed': 42,
        'join_ratio': 0.1,
        'global_epoch': 200,
        'local_epoch': 5,
        'batch_size': 32,
        'reset_optimizer_on_global_epoch': True,
        'straggler_ratio': 0,
        'straggler_min_local_epoch': 0,
        'buffers': 'global',
        'client_side_evaluation': True,
        'test': {
            'client': {
                'interval': 100,
                'finetune_epoch': 0,
                'train': False,
                'val': False,
                'test': True
            },
            'server': {
                'interval': -1,
                'train': False,
                'val': False,
                'test': True,
                'model_in_train_mode': False
            }
        },
        'verbose_gap': 10,
        'monitor': None,
        'use_cuda': True,
        'save_log': True,
        'save_model': False,
        'save_learning_curve_plot': True,
        'save_metrics': True,
        'delete_useless_run': True
    },
    'fedprox': {
        'mu': 0.01
    },
    'pfedsim': {
        'warmup_round': 0.5
    },
    'feddpag': {
        'fisher_threshold': 0.9991
    }
}
---------------------------- TRAINING EPOCH: 10 ----------------------------   
client [81] (testset)   loss: 1.2699 -> 0.0585  accuracy: 51.79% -> 97.32%     
client [21] (testset)   loss: 3.2697 -> 0.9020  accuracy: 0.00% -> 60.87%      
client [77] (testset)   loss: 1.5514 -> 0.4631  accuracy: 45.94% -> 87.99%     
client [93] (testset)   loss: 2.3314 -> 0.4319  accuracy: 26.32% -> 84.21%     
client [68] (testset)   loss: 1.2146 -> 0.2881  accuracy: 61.02% -> 93.22%     
client [31] (testset)   loss: 3.3026 -> 0.1361  accuracy: 1.38% -> 94.93%      
client [59] (testset)   loss: 0.5735 -> 0.0701  accuracy: 100.00% -> 100.00%   
client [48] (testset)   loss: 3.2908 -> 0.6769  accuracy: 15.38% -> 69.23%     
client [34] (testset)   loss: 1.9404 -> 0.9948  accuracy: 25.16% -> 63.23%     
client [20] (testset)   loss: 0.7761 -> 0.5848  accuracy: 75.00% -> 83.68%     
---------------------------- TRAINING EPOCH: 20 ----------------------------   
client [99] (testset)   loss: 0.4649 -> 0.0111  accuracy: 84.81% -> 100.00%    
client [67] (testset)   loss: 2.9264 -> 0.3060  accuracy: 15.48% -> 87.10%     
client [69] (testset)   loss: 2.5810 -> 0.9667  accuracy: 32.73% -> 62.12%     
client [0]  (testset)   loss: 2.8152 -> 0.1902  accuracy: 13.77% -> 97.01%     
client [76] (testset)   loss: 4.0203 -> 0.2830  accuracy: 9.93% -> 89.40%      
client [41] (testset)   loss: 2.2876 -> 1.0468  accuracy: 42.86% -> 66.67%     
client [62] (testset)   loss: 5.0488 -> 0.2011  accuracy: 0.00% -> 94.12%      
client [2]  (testset)   loss: 2.5176 -> 0.5193  accuracy: 43.07% -> 86.86%     
client [14] (testset)   loss: 2.3829 -> 0.7492  accuracy: 32.02% -> 76.85%     
client [46] (testset)   loss: 2.6193 -> 0.5273  accuracy: 23.26% -> 82.95%     
---------------------------- TRAINING EPOCH: 30 ----------------------------   
client [24] (testset)   loss: 1.5097 -> 0.4818  accuracy: 44.44% -> 83.33%     
client [68] (testset)   loss: 1.2447 -> 0.2216  accuracy: 62.71% -> 93.22%     
client [57] (testset)   loss: 1.0904 -> 0.2419  accuracy: 65.40% -> 93.25%     
client [17] (testset)   loss: 1.3937 -> 1.0444  accuracy: 49.40% -> 77.38%     
client [54] (testset)   loss: 1.6469 -> 0.8451  accuracy: 43.75% -> 85.00%     
client [23] (testset)   loss: 2.3763 -> 0.0004  accuracy: 28.57% -> 100.00%    
client [35] (testset)   loss: 2.5059 -> 0.7035  accuracy: 33.33% -> 66.67%     
client [59] (testset)   loss: 1.7666 -> 0.0155  accuracy: 33.33% -> 100.00%    
client [31] (testset)   loss: 0.4381 -> 0.1327  accuracy: 85.71% -> 96.77%     
client [9]  (testset)   loss: 1.2223 -> 0.5723  accuracy: 57.69% -> 84.62%     
---------------------------- TRAINING EPOCH: 40 ----------------------------   
client [33] (testset)   loss: 1.4701 -> 0.3133  accuracy: 58.33% -> 92.71%     
client [64] (testset)   loss: 3.1790 -> 0.2069  accuracy: 11.01% -> 94.50%     
client [16] (testset)   loss: 2.1338 -> 0.8289  accuracy: 35.54% -> 75.30%     
client [8]  (testset)   loss: 1.4921 -> 0.8456  accuracy: 61.29% -> 67.74%     
client [44] (testset)   loss: 1.5621 -> 0.3523  accuracy: 52.04% -> 92.86%     
client [47] (testset)   loss: 1.7831 -> 0.8609  accuracy: 37.50% -> 68.75%     
client [36] (testset)   loss: 2.9706 -> 0.9115  accuracy: 25.53% -> 80.85%     
client [31] (testset)   loss: 1.8315 -> 0.1307  accuracy: 44.24% -> 96.77%     
client [56] (testset)   loss: 0.6812 -> 0.3657  accuracy: 81.54% -> 90.77%     
client [20] (testset)   loss: 1.6042 -> 0.7588  accuracy: 58.16% -> 86.27%     
---------------------------- TRAINING EPOCH: 50 ----------------------------   
client [4]  (testset)   loss: 0.7284 -> 0.1302  accuracy: 76.06% -> 94.37%     
client [28] (testset)   loss: 0.7044 -> 0.3402  accuracy: 80.00% -> 88.00%     
client [60] (testset)   loss: 1.5238 -> 0.3689  accuracy: 50.19% -> 93.63%     
client [25] (testset)   loss: 3.2561 -> 0.6707  accuracy: 18.37% -> 81.63%     
client [44] (testset)   loss: 0.7237 -> 0.3546  accuracy: 70.41% -> 92.86%     
client [58] (testset)   loss: 1.3989 -> 0.3170  accuracy: 59.13% -> 91.67%     
client [39] (testset)   loss: 1.3911 -> 0.7563  accuracy: 61.64% -> 78.77%     
client [29] (testset)   loss: 2.6662 -> 0.2613  accuracy: 30.99% -> 94.15%     
client [84] (testset)   loss: 1.8160 -> 0.5721  accuracy: 57.81% -> 84.38%     
client [3]  (testset)   loss: 1.6222 -> 0.7109  accuracy: 61.50% -> 80.21%     
---------------------------- TRAINING EPOCH: 60 ----------------------------   
client [21] (testset)   loss: 4.3399 -> 1.5327  accuracy: 21.74% -> 65.22%     
client [84] (testset)   loss: 2.3425 -> 0.4446  accuracy: 40.62% -> 85.94%     
client [36] (testset)   loss: 1.2588 -> 0.8617  accuracy: 65.96% -> 80.85%     
client [65] (testset)   loss: 1.3579 -> 0.4656  accuracy: 60.71% -> 89.29%     
client [81] (testset)   loss: 0.5830 -> 0.0423  accuracy: 80.36% -> 99.11%     
client [10] (testset)   loss: 4.9333 -> 0.1659  accuracy: 15.32% -> 96.82%     
client [42] (testset)   loss: 2.0407 -> 0.3210  accuracy: 43.21% -> 92.18%     
client [79] (testset)   loss: 3.4039 -> 0.3217  accuracy: 31.28% -> 92.74%     
client [11] (testset)   loss: 2.4159 -> 0.1836  accuracy: 22.73% -> 90.91%     
client [96] (testset)   loss: 1.4070 -> 1.2228  accuracy: 56.82% -> 68.18%     
---------------------------- TRAINING EPOCH: 70 ----------------------------   
client [8]  (testset)   loss: 1.6541 -> 1.2151  accuracy: 58.06% -> 61.29%     
client [52] (testset)   loss: 0.4640 -> 0.2327  accuracy: 85.29% -> 98.04%     
client [53] (testset)   loss: 1.3931 -> 0.7089  accuracy: 55.61% -> 80.61%     
client [42] (testset)   loss: 1.2059 -> 0.3342  accuracy: 60.91% -> 91.36%     
client [59] (testset)   loss: 0.3871 -> 0.0136  accuracy: 100.00% -> 100.00%   
client [69] (testset)   loss: 1.7660 -> 1.3180  accuracy: 49.70% -> 63.64%     
client [26] (testset)   loss: 1.1800 -> 1.8183  accuracy: 61.54% -> 92.31%     
client [7]  (testset)   loss: 2.1049 -> 0.5265  accuracy: 34.78% -> 85.99%     
client [49] (testset)   loss: 1.0683 -> 0.7879  accuracy: 69.52% -> 80.63%     
client [98] (testset)   loss: 2.8199 -> 0.8723  accuracy: 22.75% -> 82.94%     
---------------------------- TRAINING EPOCH: 80 ----------------------------   
client [47] (testset)   loss: 1.7651 -> 1.0874  accuracy: 62.50% -> 75.00%     
client [21] (testset)   loss: 5.5286 -> 1.1566  accuracy: 4.35% -> 60.87%      
client [98] (testset)   loss: 0.9351 -> 0.8691  accuracy: 73.93% -> 84.83%     
client [95] (testset)   loss: 1.6586 -> 1.1764  accuracy: 56.32% -> 67.82%     
client [77] (testset)   loss: 1.5098 -> 0.4495  accuracy: 59.01% -> 89.05%     
client [91] (testset)   loss: 3.5791 -> 0.6166  accuracy: 19.12% -> 91.18%     
client [99] (testset)   loss: 4.2048 -> 0.0037  accuracy: 10.13% -> 100.00%    
client [14] (testset)   loss: 0.7938 -> 0.6861  accuracy: 75.86% -> 80.30%     
client [39] (testset)   loss: 1.8791 -> 0.7003  accuracy: 52.74% -> 82.88%     
client [20] (testset)   loss: 0.9964 -> 0.7309  accuracy: 72.67% -> 87.18%     
---------------------------- TRAINING EPOCH: 90 ----------------------------   
client [62] (testset)   loss: 1.0324 -> 0.1343  accuracy: 70.59% -> 94.12%     
client [52] (testset)   loss: 0.3617 -> 0.1867  accuracy: 86.27% -> 97.06%     
client [97] (testset)   loss: 2.7431 -> 0.8030  accuracy: 31.71% -> 85.37%     
client [71] (testset)   loss: 1.4201 -> 0.5926  accuracy: 54.84% -> 87.10%     
client [30] (testset)   loss: 1.2343 -> 1.2588  accuracy: 61.29% -> 69.89%     
client [60] (testset)   loss: 2.6991 -> 0.3719  accuracy: 18.35% -> 92.51%     
client [88] (testset)   loss: 1.8310 -> 0.4473  accuracy: 41.84% -> 90.79%     
client [82] (testset)   loss: 1.2302 -> 0.3275  accuracy: 61.36% -> 96.59%     
client [91] (testset)   loss: 1.8503 -> 0.4746  accuracy: 35.29% -> 91.18%     
client [57] (testset)   loss: 0.7817 -> 0.2175  accuracy: 77.64% -> 94.51%     
---------------------------- TRAINING EPOCH: 100 ----------------------------  
client [31] (testset)   loss: 0.5945 -> 0.1440  accuracy: 81.11% -> 96.31%     
client [15] (testset)   loss: 1.5220 -> 0.5899  accuracy: 62.11% -> 85.94%     
client [97] (testset)   loss: 2.6036 -> 0.7513  accuracy: 39.02% -> 85.37%     
client [71] (testset)   loss: 2.8455 -> 0.6155  accuracy: 39.25% -> 88.17%     
client [53] (testset)   loss: 1.4892 -> 0.6080  accuracy: 55.10% -> 82.65%     
client [77] (testset)   loss: 1.3112 -> 0.4557  accuracy: 58.66% -> 89.40%     
client [76] (testset)   loss: 1.2676 -> 0.2484  accuracy: 67.55% -> 92.05%     
client [28] (testset)   loss: 1.4807 -> 0.7386  accuracy: 68.00% -> 80.00%     
client [99] (testset)   loss: 2.1545 -> 0.0074  accuracy: 34.18% -> 100.00%    
client [79] (testset)   loss: 1.0288 -> 0.2752  accuracy: 70.11% -> 93.58%     
---------------------------- TRAINING EPOCH: 110 ----------------------------  
client [86] (testset)   loss: 1.0282 -> 0.6866  accuracy: 63.16% -> 81.58%     
client [97] (testset)   loss: 1.4456 -> 0.9970  accuracy: 57.32% -> 81.71%     
client [73] (testset)   loss: 1.3900 -> 1.1275  accuracy: 60.61% -> 78.79%     
client [34] (testset)   loss: 2.5275 -> 1.1386  accuracy: 36.77% -> 74.19%     
client [96] (testset)   loss: 1.8026 -> 1.4830  accuracy: 59.09% -> 65.91%     
client [22] (testset)   loss: 1.0838 -> 0.5205  accuracy: 70.68% -> 87.22%     
client [5]  (testset)   loss: 2.2125 -> 0.7324  accuracy: 43.56% -> 84.02%     
client [66] (testset)   loss: 1.0057 -> 0.7081  accuracy: 73.53% -> 83.09%     
client [60] (testset)   loss: 2.8416 -> 0.3554  accuracy: 31.09% -> 92.13%     
client [83] (testset)   loss: 1.2747 -> 0.7097  accuracy: 59.10% -> 82.63%     
---------------------------- TRAINING EPOCH: 120 ----------------------------  
client [65] (testset)   loss: 1.8187 -> 0.5080  accuracy: 50.00% -> 89.29%     
client [95] (testset)   loss: 1.5535 -> 1.2973  accuracy: 56.32% -> 70.11%     
client [76] (testset)   loss: 1.5431 -> 0.2816  accuracy: 56.29% -> 92.72%     
client [8]  (testset)   loss: 1.0280 -> 0.9196  accuracy: 77.42% -> 64.52%     
client [35] (testset)   loss: 2.7198 -> 1.2089  accuracy: 33.33% -> 66.67%     
client [17] (testset)   loss: 1.2512 -> 1.1674  accuracy: 63.69% -> 74.40%     
client [98] (testset)   loss: 1.9741 -> 0.8950  accuracy: 41.71% -> 85.31%     
client [43] (testset)   loss: 0.5315 -> 0.3570  accuracy: 81.82% -> 90.91%     
client [53] (testset)   loss: 1.1243 -> 0.7042  accuracy: 67.86% -> 79.59%     
client [64] (testset)   loss: 1.6657 -> 0.2668  accuracy: 46.79% -> 93.58%     
---------------------------- TRAINING EPOCH: 130 ----------------------------  
client [21] (testset)   loss: 2.4995 -> 0.9220  accuracy: 39.13% -> 78.26%     
client [38] (testset)   loss: 0.6350 -> 0.0575  accuracy: 83.65% -> 97.12%     
client [3]  (testset)   loss: 1.4560 -> 0.7380  accuracy: 60.43% -> 81.82%     
client [88] (testset)   loss: 2.2710 -> 0.4880  accuracy: 46.32% -> 91.05%     
client [41] (testset)   loss: 1.0436 -> 0.9814  accuracy: 74.60% -> 80.95%     
client [7]  (testset)   loss: 3.1288 -> 0.6109  accuracy: 30.43% -> 86.47%     
client [37] (testset)   loss: 2.0794 -> 0.2347  accuracy: 66.67% -> 83.33%     
client [45] (testset)   loss: 2.2062 -> 2.1717  accuracy: 45.45% -> 63.64%     
client [5]  (testset)   loss: 3.6509 -> 0.6521  accuracy: 26.29% -> 85.31%     
client [47] (testset)   loss: 3.8290 -> 0.8612  accuracy: 25.00% -> 75.00%     
---------------------------- TRAINING EPOCH: 140 ----------------------------  
client [11] (testset)   loss: 2.2769 -> 0.2064  accuracy: 45.45% -> 90.91%     
client [37] (testset)   loss: 0.9251 -> 0.1859  accuracy: 66.67% -> 100.00%    
client [41] (testset)   loss: 1.0283 -> 0.9720  accuracy: 73.02% -> 73.02%     
client [16] (testset)   loss: 1.2095 -> 0.7494  accuracy: 62.65% -> 77.11%     
client [95] (testset)   loss: 1.6840 -> 1.2968  accuracy: 50.57% -> 66.67%     
client [22] (testset)   loss: 1.2434 -> 0.4784  accuracy: 69.92% -> 90.23%     
client [53] (testset)   loss: 1.8895 -> 0.6606  accuracy: 52.04% -> 83.16%     
client [25] (testset)   loss: 2.7608 -> 0.8116  accuracy: 25.09% -> 81.27%     
client [69] (testset)   loss: 2.4900 -> 1.3434  accuracy: 42.73% -> 67.58%     
client [46] (testset)   loss: 1.6020 -> 0.6982  accuracy: 55.04% -> 86.05%     
---------------------------- TRAINING EPOCH: 150 ----------------------------  
client [47] (testset)   loss: 2.9704 -> 1.0591  accuracy: 50.00% -> 68.75%     
client [82] (testset)   loss: 3.0154 -> 0.3808  accuracy: 37.50% -> 96.59%     
client [45] (testset)   loss: 2.6979 -> 2.8106  accuracy: 27.27% -> 72.73%     
client [69] (testset)   loss: 3.1899 -> 1.4099  accuracy: 32.42% -> 63.33%     
client [50] (testset)   loss: 3.7341 -> 1.1916  accuracy: 42.86% -> 71.43%     
client [7]  (testset)   loss: 1.4405 -> 0.6405  accuracy: 70.53% -> 85.99%     
client [35] (testset)   loss: 3.0859 -> 0.9942  accuracy: 16.67% -> 83.33%     
client [24] (testset)   loss: 1.7537 -> 0.4688  accuracy: 55.56% -> 91.67%     
client [15] (testset)   loss: 2.2756 -> 0.7008  accuracy: 50.39% -> 86.33%     
client [58] (testset)   loss: 0.4069 -> 0.4283  accuracy: 92.06% -> 94.05%     
---------------------------- TRAINING EPOCH: 160 ----------------------------  
client [48] (testset)   loss: 3.3621 -> 0.8979  accuracy: 38.46% -> 69.23%     
client [76] (testset)   loss: 2.3584 -> 0.2661  accuracy: 41.72% -> 92.05%     
client [37] (testset)   loss: 1.1752 -> 0.1877  accuracy: 66.67% -> 100.00%    
client [67] (testset)   loss: 2.0919 -> 0.2697  accuracy: 41.94% -> 92.26%     
client [64] (testset)   loss: 1.4075 -> 0.3058  accuracy: 54.13% -> 94.04%     
client [58] (testset)   loss: 0.8782 -> 0.4057  accuracy: 75.40% -> 92.06%     
client [77] (testset)   loss: 0.8085 -> 0.5114  accuracy: 77.74% -> 87.63%     
client [12] (testset)   loss: 1.7877 -> 0.7359  accuracy: 59.23% -> 86.41%     
client [89] (testset)   loss: 2.8071 -> 0.5243  accuracy: 27.45% -> 94.12%     
client [55] (testset)   loss: 2.0927 -> 0.4749  accuracy: 50.49% -> 87.79%     
---------------------------- TRAINING EPOCH: 170 ----------------------------  
client [51] (testset)   loss: 0.4796 -> 0.2720  accuracy: 75.00% -> 87.50%     
client [8]  (testset)   loss: 0.8400 -> 0.6711  accuracy: 70.97% -> 74.19%     
client [84] (testset)   loss: 1.5461 -> 0.4484  accuracy: 64.06% -> 87.50%     
client [94] (testset)   loss: 2.5754 -> 0.9668  accuracy: 33.85% -> 78.46%     
client [18] (testset)   loss: 1.3387 -> 0.6216  accuracy: 61.68% -> 87.43%     
client [81] (testset)   loss: 1.2128 -> 0.0246  accuracy: 64.29% -> 99.11%     
client [11] (testset)   loss: 1.7066 -> 0.2729  accuracy: 45.45% -> 95.45%     
client [95] (testset)   loss: 2.1146 -> 1.1990  accuracy: 45.98% -> 71.26%     
client [3]  (testset)   loss: 1.0576 -> 0.5995  accuracy: 66.84% -> 84.49%     
client [67] (testset)   loss: 0.2783 -> 0.1891  accuracy: 89.03% -> 94.19%     
---------------------------- TRAINING EPOCH: 180 ----------------------------  
client [21] (testset)   loss: 2.1318 -> 1.2142  accuracy: 43.48% -> 69.57%     
client [58] (testset)   loss: 0.4967 -> 0.3856  accuracy: 89.68% -> 94.05%     
client [79] (testset)   loss: 2.0579 -> 0.2788  accuracy: 52.51% -> 93.85%     
client [46] (testset)   loss: 2.5247 -> 0.6835  accuracy: 44.19% -> 86.82%     
client [11] (testset)   loss: 1.9788 -> 0.2875  accuracy: 36.36% -> 90.91%     
client [88] (testset)   loss: 1.2526 -> 0.4953  accuracy: 66.05% -> 89.74%     
client [13] (testset)   loss: 2.4224 -> 0.7247  accuracy: 43.89% -> 81.67%     
client [31] (testset)   loss: 2.5007 -> 0.1423  accuracy: 38.25% -> 96.31%     
client [55] (testset)   loss: 1.6912 -> 0.4976  accuracy: 57.42% -> 87.93%     
client [75] (testset)   loss: 2.1758 -> 0.4452  accuracy: 48.63% -> 89.85%     
---------------------------- TRAINING EPOCH: 190 ----------------------------  
client [19] (testset)   loss: 0.4536 -> 0.5267  accuracy: 85.84% -> 92.92%     
client [7]  (testset)   loss: 2.3521 -> 0.6883  accuracy: 41.06% -> 85.02%     
client [57] (testset)   loss: 1.5289 -> 0.2342  accuracy: 58.65% -> 95.78%     
client [43] (testset)   loss: 0.4703 -> 0.3450  accuracy: 81.82% -> 90.91%     
client [13] (testset)   loss: 2.4032 -> 0.7023  accuracy: 42.78% -> 82.22%     
client [91] (testset)   loss: 1.3861 -> 0.6832  accuracy: 60.29% -> 91.18%     
client [64] (testset)   loss: 1.4163 -> 0.2343  accuracy: 58.26% -> 94.04%     
client [10] (testset)   loss: 2.3533 -> 0.1760  accuracy: 35.26% -> 96.24%     
client [82] (testset)   loss: 1.0622 -> 0.3842  accuracy: 73.86% -> 96.59%     
client [22] (testset)   loss: 0.8601 -> 0.4534  accuracy: 80.45% -> 90.23%     
---------------------------- TRAINING EPOCH: 200 ----------------------------  
client [23] (testset)   loss: 1.4644 -> 0.0000  accuracy: 53.57% -> 100.00%    
client [88] (testset)   loss: 2.8405 -> 0.4788  accuracy: 37.11% -> 90.26%     
client [98] (testset)   loss: 1.9731 -> 0.9055  accuracy: 49.29% -> 83.89%     
client [20] (testset)   loss: 1.2541 -> 0.7284  accuracy: 66.97% -> 86.79%     
client [21] (testset)   loss: 3.0643 -> 2.2334  accuracy: 26.09% -> 47.83%     
client [79] (testset)   loss: 1.0710 -> 0.3234  accuracy: 72.63% -> 93.30%     
client [92] (testset)   loss: 1.1033 -> 0.2631  accuracy: 65.52% -> 93.60%     
client [56] (testset)   loss: 1.1166 -> 0.3037  accuracy: 69.23% -> 95.38%     
client [52] (testset)   loss: 1.7454 -> 0.2920  accuracy: 58.82% -> 97.06%     
client [5]  (testset)   loss: 1.6737 -> 0.6654  accuracy: 54.90% -> 84.54%     
FedDpag's average time taken by each global epoch: 0 min 3.27 sec.             
FedDpag's total running time: 0 h 11 m 35 s.                                   
==================== FedDpag Experiment Results: ====================          
Display format: (before local fine-tuning) -> (after local fine-tuning)        
 So if finetune_epoch = 0, x.xx% -> 0.00% is normal.                           
 Centralized testing ONLY happens after model aggregation, so the stats between
'->' are the same.                                                             
{                                                                              
    "100": {                                                                   
        "all_clients": {                                                       
            "test": {                                                          
                "loss": "1.3442 -> 0.0000",                                    
                "accuracy": "59.98% -> 0.00%"                                  
            }                                                                  
        }                                                                      
    },                                                                         
    "200": {                                                                   
        "all_clients": {                                                       
            "test": {                                                          
                "loss": "1.9088 -> 0.0000",                                    
                "accuracy": "57.66% -> 0.00%"                                  
            }                                                                  
        }                                                                      
    }                                                                          
}                                                                              
==================== FedDpag Max Accuracy ====================                 
all_clients:                                                                   
(test) before fine-tuning: 59.98% at epoch 100                                 
(test) after fine-tuning: 0.00% at epoch 100                                   
