==================== FedDpag ====================                              
Experiment Arguments:                                                          
{
    'method': 'feddpag',
    'dataset': {
        'name': 'cifar10',
        'client_num': 100,
        'test_ratio': 0.25,
        'val_ratio': 0.0,
        'seed': 42,
        'split': 'sample',
        'IID_ratio': 0.0,
        'monitor_window_name_suffix': 'cifar10-100clients-0%IID-Dir(0.1)-seed42',
        'alpha': 0.1,
        'min_samples_per_client': 10
    },
    'model': {
        'name': 'avgcnn',
        'use_torchvision_pretrained_weights': True,
        'external_model_weights_path': None
    },
    'optimizer': {
        'lr': 0.01,
        'dampening': 0,
        'weight_decay': 0,
        'momentum': 0.7,
        'nesterov': False,
        'name': 'sgd'
    },
    'mode': 'parallel',
    'parallel': {
        'ray_cluster_addr': None,
        'num_cpus': 32.0,
        'num_gpus': 1.0,
        'num_workers': 2
    },
    'common': {
        'seed': 42,
        'join_ratio': 0.1,
        'global_epoch': 200,
        'local_epoch': 5,
        'batch_size': 32,
        'reset_optimizer_on_global_epoch': True,
        'straggler_ratio': 0,
        'straggler_min_local_epoch': 0,
        'buffers': 'global',
        'client_side_evaluation': True,
        'test': {
            'client': {
                'interval': 100,
                'finetune_epoch': 0,
                'train': False,
                'val': False,
                'test': True
            },
            'server': {
                'interval': -1,
                'train': False,
                'val': False,
                'test': True,
                'model_in_train_mode': False
            }
        },
        'verbose_gap': 10,
        'monitor': None,
        'use_cuda': True,
        'save_log': True,
        'save_model': False,
        'save_learning_curve_plot': True,
        'save_metrics': True,
        'delete_useless_run': True
    },
    'fedprox': {
        'mu': 0.01
    },
    'pfedsim': {
        'warmup_round': 0.5
    },
    'feddpag': {
        'fisher_threshold': 0.991
    }
}
---------------------------- TRAINING EPOCH: 10 ----------------------------   
client [81] (testset)   loss: 0.9481 -> 0.0805  accuracy: 65.18% -> 96.43%     
client [21] (testset)   loss: 3.6583 -> 0.9857  accuracy: 0.00% -> 47.83%      
client [77] (testset)   loss: 1.2721 -> 0.3986  accuracy: 57.95% -> 85.16%     
client [93] (testset)   loss: 1.9737 -> 0.4055  accuracy: 31.58% -> 84.21%     
client [68] (testset)   loss: 0.7868 -> 0.2407  accuracy: 78.53% -> 94.35%     
client [31] (testset)   loss: 3.6749 -> 0.1327  accuracy: 0.46% -> 95.39%      
client [59] (testset)   loss: 0.7415 -> 0.0507  accuracy: 66.67% -> 100.00%    
client [48] (testset)   loss: 2.5181 -> 0.5165  accuracy: 23.08% -> 76.92%     
client [34] (testset)   loss: 2.3660 -> 0.9318  accuracy: 9.68% -> 65.81%      
client [20] (testset)   loss: 0.7396 -> 0.5813  accuracy: 77.59% -> 83.42%     
---------------------------- TRAINING EPOCH: 20 ----------------------------   
client [99] (testset)   loss: 0.4005 -> 0.0100  accuracy: 87.34% -> 100.00%    
client [67] (testset)   loss: 3.7948 -> 0.3210  accuracy: 7.74% -> 88.39%      
client [69] (testset)   loss: 2.4737 -> 0.9789  accuracy: 32.73% -> 63.03%     
client [0]  (testset)   loss: 2.5585 -> 0.1467  accuracy: 19.16% -> 97.01%     
client [76] (testset)   loss: 3.1802 -> 0.4410  accuracy: 16.56% -> 84.77%     
client [62] (testset)   loss: 5.5802 -> 0.1931  accuracy: 0.00% -> 94.12%      
client [41] (testset)   loss: 2.0440 -> 1.0086  accuracy: 46.03% -> 68.25%     
client [2]  (testset)   loss: 2.9846 -> 0.4884  accuracy: 32.12% -> 84.67%     
client [14] (testset)   loss: 1.7850 -> 0.6769  accuracy: 53.69% -> 76.35%     
client [46] (testset)   loss: 2.2475 -> 0.5685  accuracy: 27.13% -> 82.95%     
---------------------------- TRAINING EPOCH: 30 ----------------------------   
client [24] (testset)   loss: 1.1784 -> 0.4648  accuracy: 58.33% -> 86.11%     
client [68] (testset)   loss: 0.8602 -> 0.2641  accuracy: 75.14% -> 93.22%     
client [57] (testset)   loss: 0.9885 -> 0.2667  accuracy: 68.35% -> 92.83%     
client [17] (testset)   loss: 2.2176 -> 0.9222  accuracy: 21.43% -> 75.00%     
client [54] (testset)   loss: 1.2304 -> 0.7462  accuracy: 60.00% -> 81.25%     
client [35] (testset)   loss: 2.6245 -> 0.5291  accuracy: 33.33% -> 66.67%     
client [23] (testset)   loss: 2.8661 -> 0.0000  accuracy: 21.43% -> 100.00%    
client [59] (testset)   loss: 1.2355 -> 0.1386  accuracy: 33.33% -> 100.00%    
client [31] (testset)   loss: 0.4390 -> 0.1296  accuracy: 87.10% -> 96.31%     
client [9]  (testset)   loss: 1.1645 -> 0.6248  accuracy: 58.12% -> 86.32%     
---------------------------- TRAINING EPOCH: 40 ----------------------------   
client [33] (testset)   loss: 1.2453 -> 0.4064  accuracy: 61.46% -> 86.46%     
client [64] (testset)   loss: 2.6530 -> 0.2032  accuracy: 18.35% -> 93.12%     
client [16] (testset)   loss: 2.1218 -> 0.8468  accuracy: 36.75% -> 73.49%     
client [8]  (testset)   loss: 1.2937 -> 0.8341  accuracy: 64.52% -> 64.52%     
client [44] (testset)   loss: 1.5074 -> 0.2959  accuracy: 48.98% -> 91.84%     
client [47] (testset)   loss: 1.9434 -> 0.9591  accuracy: 43.75% -> 68.75%     
client [36] (testset)   loss: 2.3472 -> 0.8623  accuracy: 31.91% -> 76.60%     
client [31] (testset)   loss: 1.2904 -> 0.1304  accuracy: 55.76% -> 96.31%     
client [56] (testset)   loss: 0.6320 -> 0.2593  accuracy: 80.00% -> 87.69%     
client [20] (testset)   loss: 1.5797 -> 0.7326  accuracy: 57.38% -> 85.36%     
---------------------------- TRAINING EPOCH: 50 ----------------------------   
client [4]  (testset)   loss: 0.5131 -> 0.0567  accuracy: 84.51% -> 97.18%     
client [28] (testset)   loss: 0.7601 -> 0.5516  accuracy: 80.00% -> 80.00%     
client [60] (testset)   loss: 1.7488 -> 0.3629  accuracy: 42.32% -> 92.51%     
client [25] (testset)   loss: 2.5018 -> 0.6661  accuracy: 28.62% -> 83.04%     
client [44] (testset)   loss: 0.7463 -> 0.2943  accuracy: 71.43% -> 92.86%     
client [58] (testset)   loss: 1.1107 -> 0.3005  accuracy: 67.86% -> 93.25%     
client [39] (testset)   loss: 1.3606 -> 0.7041  accuracy: 62.33% -> 82.19%     
client [29] (testset)   loss: 2.2018 -> 0.2219  accuracy: 39.77% -> 91.23%     
client [84] (testset)   loss: 1.5891 -> 0.5431  accuracy: 62.50% -> 89.06%     
client [3]  (testset)   loss: 1.4818 -> 0.7280  accuracy: 62.57% -> 77.54%     
---------------------------- TRAINING EPOCH: 60 ----------------------------   
client [21] (testset)   loss: 4.0073 -> 1.1341  accuracy: 26.09% -> 69.57%     
client [84] (testset)   loss: 1.9493 -> 0.4675  accuracy: 42.19% -> 85.94%     
client [36] (testset)   loss: 1.0882 -> 0.8250  accuracy: 65.96% -> 78.72%     
client [65] (testset)   loss: 1.3153 -> 0.4247  accuracy: 71.43% -> 89.29%     
client [81] (testset)   loss: 0.2461 -> 0.0447  accuracy: 91.96% -> 99.11%     
client [10] (testset)   loss: 4.4995 -> 0.1501  accuracy: 16.18% -> 96.53%     
client [42] (testset)   loss: 1.4367 -> 0.3671  accuracy: 54.73% -> 91.36%     
client [79] (testset)   loss: 2.9326 -> 0.3199  accuracy: 43.58% -> 93.30%     
client [11] (testset)   loss: 1.5151 -> 0.2014  accuracy: 36.36% -> 90.91%     
client [96] (testset)   loss: 1.1869 -> 1.2377  accuracy: 63.64% -> 72.73%     
---------------------------- TRAINING EPOCH: 70 ----------------------------   
client [8]  (testset)   loss: 1.5631 -> 0.7065  accuracy: 61.29% -> 67.74%     
client [52] (testset)   loss: 0.4269 -> 0.1928  accuracy: 86.27% -> 98.04%     
client [53] (testset)   loss: 1.6197 -> 0.6763  accuracy: 53.06% -> 77.55%     
client [42] (testset)   loss: 0.9918 -> 0.3670  accuracy: 66.26% -> 92.18%     
client [59] (testset)   loss: 0.3693 -> 0.0235  accuracy: 100.00% -> 100.00%   
client [69] (testset)   loss: 1.6787 -> 1.2366  accuracy: 49.09% -> 66.06%     
client [26] (testset)   loss: 0.7106 -> 0.9561  accuracy: 69.23% -> 92.31%     
client [7]  (testset)   loss: 2.4714 -> 0.5062  accuracy: 29.47% -> 85.02%     
client [98] (testset)   loss: 2.6148 -> 0.9649  accuracy: 22.27% -> 82.94%     
client [49] (testset)   loss: 1.0357 -> 0.7172  accuracy: 68.57% -> 81.90%     
---------------------------- TRAINING EPOCH: 80 ----------------------------   
client [47] (testset)   loss: 1.5146 -> 1.3641  accuracy: 68.75% -> 62.50%     
client [21] (testset)   loss: 4.9165 -> 1.0415  accuracy: 8.70% -> 65.22%      
client [98] (testset)   loss: 0.9087 -> 0.9129  accuracy: 76.30% -> 83.41%     
client [95] (testset)   loss: 1.8307 -> 1.1717  accuracy: 54.02% -> 67.82%     
client [77] (testset)   loss: 1.1203 -> 0.4939  accuracy: 74.56% -> 87.99%     
client [91] (testset)   loss: 3.0672 -> 0.6045  accuracy: 30.88% -> 89.71%     
client [99] (testset)   loss: 4.5157 -> 0.0054  accuracy: 7.59% -> 100.00%     
client [14] (testset)   loss: 0.8090 -> 0.7790  accuracy: 75.37% -> 78.82%     
client [39] (testset)   loss: 1.8418 -> 0.6947  accuracy: 54.79% -> 83.56%     
client [20] (testset)   loss: 0.8112 -> 0.7108  accuracy: 76.81% -> 86.79%     
---------------------------- TRAINING EPOCH: 90 ----------------------------   
client [62] (testset)   loss: 0.8842 -> 0.1356  accuracy: 70.59% -> 94.12%     
client [52] (testset)   loss: 0.2795 -> 0.1766  accuracy: 95.10% -> 96.08%     
client [97] (testset)   loss: 2.6208 -> 0.9422  accuracy: 39.02% -> 82.93%     
client [71] (testset)   loss: 1.2149 -> 0.6357  accuracy: 59.68% -> 86.02%     
client [30] (testset)   loss: 1.3802 -> 1.3582  accuracy: 61.29% -> 69.89%     
client [60] (testset)   loss: 2.3144 -> 0.3640  accuracy: 24.34% -> 92.13%     
client [88] (testset)   loss: 2.5021 -> 0.4300  accuracy: 35.26% -> 90.26%     
client [82] (testset)   loss: 1.3056 -> 0.3172  accuracy: 59.09% -> 96.59%     
client [91] (testset)   loss: 1.5473 -> 0.5065  accuracy: 45.59% -> 91.18%     
client [57] (testset)   loss: 0.8375 -> 0.2257  accuracy: 77.64% -> 94.51%     
---------------------------- TRAINING EPOCH: 100 ----------------------------  
client [31] (testset)   loss: 0.3697 -> 0.1228  accuracy: 89.40% -> 97.24%     
client [15] (testset)   loss: 1.4535 -> 0.6487  accuracy: 66.02% -> 86.33%     
client [97] (testset)   loss: 1.8358 -> 0.8225  accuracy: 60.98% -> 84.15%     
client [71] (testset)   loss: 2.8068 -> 0.5951  accuracy: 44.62% -> 86.56%     
client [53] (testset)   loss: 1.5014 -> 0.6449  accuracy: 53.06% -> 79.08%     
client [77] (testset)   loss: 1.1570 -> 0.4713  accuracy: 66.08% -> 88.34%     
client [76] (testset)   loss: 1.1091 -> 0.2448  accuracy: 71.52% -> 92.05%     
client [28] (testset)   loss: 1.5364 -> 0.6282  accuracy: 64.00% -> 80.00%     
client [99] (testset)   loss: 2.0876 -> 0.0044  accuracy: 41.77% -> 100.00%    
client [79] (testset)   loss: 0.7815 -> 0.3114  accuracy: 79.61% -> 92.74%     
---------------------------- TRAINING EPOCH: 110 ----------------------------  
client [86] (testset)   loss: 1.0916 -> 0.5083  accuracy: 67.11% -> 84.21%     
client [97] (testset)   loss: 1.0278 -> 0.9062  accuracy: 76.83% -> 81.71%     
client [73] (testset)   loss: 1.2058 -> 0.5708  accuracy: 69.70% -> 84.85%     
client [34] (testset)   loss: 2.2603 -> 1.0912  accuracy: 42.58% -> 73.55%     
client [96] (testset)   loss: 1.5197 -> 1.3558  accuracy: 70.45% -> 68.18%     
client [22] (testset)   loss: 1.2472 -> 0.6270  accuracy: 66.92% -> 86.47%     
client [5]  (testset)   loss: 1.8119 -> 0.7144  accuracy: 54.38% -> 84.79%     
client [66] (testset)   loss: 1.0685 -> 0.6211  accuracy: 72.06% -> 86.76%     
client [60] (testset)   loss: 1.9637 -> 0.3893  accuracy: 49.06% -> 92.13%     
client [83] (testset)   loss: 1.1108 -> 0.7311  accuracy: 63.87% -> 82.91%     
---------------------------- TRAINING EPOCH: 120 ----------------------------  
client [65] (testset)   loss: 1.8387 -> 0.5477  accuracy: 53.57% -> 89.29%     
client [95] (testset)   loss: 1.7374 -> 1.3653  accuracy: 50.57% -> 63.22%     
client [76] (testset)   loss: 1.1547 -> 0.2783  accuracy: 63.58% -> 90.73%     
client [8]  (testset)   loss: 0.9495 -> 0.8757  accuracy: 77.42% -> 64.52%     
client [35] (testset)   loss: 1.8795 -> 1.0505  accuracy: 66.67% -> 50.00%     
client [17] (testset)   loss: 1.4133 -> 1.0688  accuracy: 57.74% -> 77.38%     
client [98] (testset)   loss: 1.4649 -> 0.9466  accuracy: 57.82% -> 84.36%     
client [43] (testset)   loss: 0.5749 -> 0.4445  accuracy: 90.91% -> 90.91%     
client [53] (testset)   loss: 1.0261 -> 0.6044  accuracy: 67.86% -> 82.14%     
client [64] (testset)   loss: 1.3747 -> 0.2426  accuracy: 57.80% -> 94.50%     
---------------------------- TRAINING EPOCH: 130 ----------------------------  
client [21] (testset)   loss: 2.8782 -> 0.9242  accuracy: 39.13% -> 73.91%     
client [38] (testset)   loss: 0.7531 -> 0.0764  accuracy: 79.81% -> 97.12%     
client [3]  (testset)   loss: 1.6758 -> 0.7856  accuracy: 54.55% -> 81.28%     
client [88] (testset)   loss: 1.8523 -> 0.4380  accuracy: 52.63% -> 91.84%     
client [41] (testset)   loss: 0.8780 -> 0.8414  accuracy: 74.60% -> 79.37%     
client [7]  (testset)   loss: 3.6268 -> 0.5628  accuracy: 24.15% -> 85.51%     
client [37] (testset)   loss: 1.7470 -> 0.2239  accuracy: 50.00% -> 100.00%    
client [45] (testset)   loss: 2.4295 -> 1.2318  accuracy: 36.36% -> 81.82%     
client [5]  (testset)   loss: 3.0327 -> 0.6993  accuracy: 34.28% -> 84.02%     
client [47] (testset)   loss: 3.5232 -> 1.1820  accuracy: 31.25% -> 56.25%     
---------------------------- TRAINING EPOCH: 140 ----------------------------  
client [11] (testset)   loss: 1.7967 -> 0.3991  accuracy: 54.55% -> 86.36%     
client [37] (testset)   loss: 0.8582 -> 0.0875  accuracy: 66.67% -> 100.00%    
client [41] (testset)   loss: 0.9168 -> 0.8421  accuracy: 73.02% -> 77.78%     
client [16] (testset)   loss: 1.2188 -> 0.7709  accuracy: 65.66% -> 76.51%     
client [95] (testset)   loss: 1.7301 -> 1.4593  accuracy: 56.32% -> 67.82%     
client [22] (testset)   loss: 1.1974 -> 0.6219  accuracy: 72.18% -> 86.47%     
client [53] (testset)   loss: 1.7352 -> 0.5824  accuracy: 48.98% -> 84.18%     
client [25] (testset)   loss: 1.9227 -> 0.8097  accuracy: 43.46% -> 83.75%     
client [69] (testset)   loss: 2.1104 -> 1.3592  accuracy: 45.45% -> 64.55%     
client [46] (testset)   loss: 1.4230 -> 0.6644  accuracy: 57.36% -> 83.72%     
---------------------------- TRAINING EPOCH: 150 ----------------------------  
client [47] (testset)   loss: 3.2507 -> 1.9908  accuracy: 50.00% -> 56.25%     
client [82] (testset)   loss: 2.1613 -> 0.4392  accuracy: 50.00% -> 96.59%     
client [45] (testset)   loss: 3.2388 -> 1.5194  accuracy: 36.36% -> 63.64%     
client [69] (testset)   loss: 3.0199 -> 1.4020  accuracy: 34.55% -> 66.06%     
client [50] (testset)   loss: 3.9122 -> 2.7767  accuracy: 42.86% -> 71.43%     
client [7]  (testset)   loss: 1.3342 -> 0.4676  accuracy: 73.43% -> 87.44%     
client [35] (testset)   loss: 2.1812 -> 0.9161  accuracy: 50.00% -> 66.67%     
client [24] (testset)   loss: 1.2353 -> 1.0377  accuracy: 66.67% -> 91.67%     
client [15] (testset)   loss: 2.2303 -> 0.7065  accuracy: 51.56% -> 87.50%     
client [58] (testset)   loss: 0.3989 -> 0.4225  accuracy: 93.65% -> 92.86%     
---------------------------- TRAINING EPOCH: 160 ----------------------------  
client [48] (testset)   loss: 3.9417 -> 1.3541  accuracy: 38.46% -> 76.92%     
client [76] (testset)   loss: 2.1128 -> 0.2354  accuracy: 43.71% -> 93.38%     
client [37] (testset)   loss: 1.1747 -> 0.0726  accuracy: 50.00% -> 100.00%    
client [67] (testset)   loss: 2.0389 -> 0.2396  accuracy: 54.84% -> 90.97%     
client [64] (testset)   loss: 1.0683 -> 0.2516  accuracy: 66.97% -> 94.50%     
client [58] (testset)   loss: 0.7606 -> 0.3742  accuracy: 84.13% -> 92.86%     
client [77] (testset)   loss: 0.7252 -> 0.5550  accuracy: 82.69% -> 90.46%     
client [12] (testset)   loss: 1.6400 -> 0.7547  accuracy: 63.41% -> 85.71%     
client [89] (testset)   loss: 2.5867 -> 0.3996  accuracy: 39.22% -> 96.08%     
client [55] (testset)   loss: 1.6315 -> 0.4846  accuracy: 58.81% -> 88.35%     
---------------------------- TRAINING EPOCH: 170 ----------------------------  
client [51] (testset)   loss: 0.4155 -> 0.5184  accuracy: 87.50% -> 75.00%     
client [8]  (testset)   loss: 0.8854 -> 0.7103  accuracy: 74.19% -> 70.97%     
client [84] (testset)   loss: 1.1238 -> 0.3578  accuracy: 73.44% -> 89.06%     
client [94] (testset)   loss: 1.4910 -> 0.6865  accuracy: 52.31% -> 80.00%     
client [18] (testset)   loss: 1.3421 -> 0.6969  accuracy: 61.08% -> 86.23%     
client [81] (testset)   loss: 0.4686 -> 0.0150  accuracy: 83.93% -> 99.11%     
client [11] (testset)   loss: 1.5671 -> 0.4823  accuracy: 50.00% -> 86.36%     
client [95] (testset)   loss: 2.1234 -> 1.4819  accuracy: 43.68% -> 66.67%     
client [3]  (testset)   loss: 1.0955 -> 0.7838  accuracy: 66.84% -> 83.42%     
client [67] (testset)   loss: 0.2164 -> 0.1757  accuracy: 92.90% -> 93.55%     
---------------------------- TRAINING EPOCH: 180 ----------------------------  
client [21] (testset)   loss: 2.7532 -> 0.8575  accuracy: 47.83% -> 65.22%     
client [58] (testset)   loss: 0.4323 -> 0.4213  accuracy: 92.86% -> 93.25%     
client [79] (testset)   loss: 2.0602 -> 0.3384  accuracy: 56.15% -> 93.85%     
client [46] (testset)   loss: 1.7289 -> 0.7098  accuracy: 58.14% -> 87.60%     
client [11] (testset)   loss: 1.7512 -> 0.3655  accuracy: 40.91% -> 81.82%     
client [88] (testset)   loss: 1.2091 -> 0.4558  accuracy: 66.58% -> 89.74%     
client [13] (testset)   loss: 1.9266 -> 0.7868  accuracy: 54.44% -> 81.67%     
client [31] (testset)   loss: 1.4384 -> 0.1976  accuracy: 66.36% -> 97.24%     
client [55] (testset)   loss: 1.4988 -> 0.4195  accuracy: 64.22% -> 89.32%     
client [75] (testset)   loss: 1.8766 -> 0.4454  accuracy: 57.29% -> 90.49%     
---------------------------- TRAINING EPOCH: 190 ----------------------------  
client [19] (testset)   loss: 0.5426 -> 0.6601  accuracy: 92.04% -> 92.92%     
client [7]  (testset)   loss: 1.4063 -> 0.5177  accuracy: 62.32% -> 85.99%     
client [57] (testset)   loss: 1.0380 -> 0.2857  accuracy: 71.73% -> 94.94%     
client [43] (testset)   loss: 0.4566 -> 0.3649  accuracy: 90.91% -> 90.91%     
client [13] (testset)   loss: 1.6038 -> 0.7348  accuracy: 60.56% -> 82.78%     
client [91] (testset)   loss: 1.1072 -> 0.5445  accuracy: 73.53% -> 89.71%     
client [64] (testset)   loss: 1.1397 -> 0.2776  accuracy: 67.43% -> 93.58%     
client [10] (testset)   loss: 1.4756 -> 0.1590  accuracy: 54.34% -> 96.53%     
client [82] (testset)   loss: 0.5897 -> 0.2021  accuracy: 84.09% -> 96.59%     
client [22] (testset)   loss: 0.6982 -> 0.5827  accuracy: 87.22% -> 87.22%     
---------------------------- TRAINING EPOCH: 200 ----------------------------  
client [23] (testset)   loss: 0.8214 -> 0.0000  accuracy: 71.43% -> 100.00%    
client [88] (testset)   loss: 3.5429 -> 0.5117  accuracy: 33.16% -> 89.74%     
client [98] (testset)   loss: 1.4799 -> 1.0146  accuracy: 63.03% -> 84.83%     
client [20] (testset)   loss: 1.3815 -> 0.7137  accuracy: 68.91% -> 86.79%     
client [21] (testset)   loss: 2.7385 -> 0.9386  accuracy: 34.78% -> 73.91%     
client [92] (testset)   loss: 0.9218 -> 0.2544  accuracy: 73.89% -> 93.60%     
client [79] (testset)   loss: 0.6841 -> 0.3269  accuracy: 85.20% -> 92.74%     
client [56] (testset)   loss: 1.7785 -> 0.3506  accuracy: 60.00% -> 93.85%     
client [52] (testset)   loss: 0.7574 -> 0.2817  accuracy: 84.31% -> 97.06%     
client [5]  (testset)   loss: 1.4444 -> 0.7589  accuracy: 63.14% -> 84.54%     
FedDpag's average time taken by each global epoch: 0 min 3.24 sec.             
FedDpag's total running time: 0 h 11 m 28 s.                                   
==================== FedDpag Experiment Results: ====================          
Display format: (before local fine-tuning) -> (after local fine-tuning)        
 So if finetune_epoch = 0, x.xx% -> 0.00% is normal.                           
 Centralized testing ONLY happens after model aggregation, so the stats between
'->' are the same.                                                             
{                                                                              
    "100": {                                                                   
        "all_clients": {                                                       
            "test": {                                                          
                "loss": "1.0973 -> 0.0000",                                    
                "accuracy": "67.24% -> 0.00%"                                  
            }                                                                  
        }                                                                      
    },                                                                         
    "200": {                                                                   
        "all_clients": {                                                       
            "test": {                                                          
                "loss": "1.6517 -> 0.0000",                                    
                "accuracy": "64.28% -> 0.00%"                                  
            }                                                                  
        }                                                                      
    }                                                                          
}                                                                              
==================== FedDpag Max Accuracy ====================                 
all_clients:                                                                   
(test) before fine-tuning: 67.24% at epoch 100                                 
(test) after fine-tuning: 0.00% at epoch 100                                   
