==================== FedDpag ====================                              
Experiment Arguments:                                                          
{
    'method': 'feddpag',
    'dataset': {
        'name': 'medmnistA',
        'client_num': 100,
        'test_ratio': 0.25,
        'val_ratio': 0.0,
        'seed': 42,
        'split': 'sample',
        'IID_ratio': 0.0,
        'monitor_window_name_suffix': 'medmnistA-100clients-0%IID-Dir(0.1)-seed42',
        'alpha': 0.1,
        'min_samples_per_client': 10
    },
    'model': {
        'name': 'avgcnn',
        'use_torchvision_pretrained_weights': True,
        'external_model_weights_path': None
    },
    'optimizer': {
        'lr': 0.01,
        'dampening': 0,
        'weight_decay': 0,
        'momentum': 0.7,
        'nesterov': False,
        'name': 'sgd'
    },
    'mode': 'serial',
    'parallel': {
        'ray_cluster_addr': None,
        'num_cpus': None,
        'num_gpus': None,
        'num_workers': 2
    },
    'common': {
        'seed': 42,
        'join_ratio': 0.1,
        'global_epoch': 200,
        'local_epoch': 5,
        'batch_size': 32,
        'reset_optimizer_on_global_epoch': True,
        'straggler_ratio': 0,
        'straggler_min_local_epoch': 0,
        'buffers': 'global',
        'client_side_evaluation': True,
        'test': {
            'client': {
                'interval': 100,
                'finetune_epoch': 0,
                'train': False,
                'val': False,
                'test': True
            },
            'server': {
                'interval': -1,
                'train': False,
                'val': False,
                'test': True,
                'model_in_train_mode': False
            }
        },
        'verbose_gap': 10,
        'monitor': None,
        'use_cuda': True,
        'save_log': True,
        'save_model': False,
        'save_learning_curve_plot': True,
        'save_metrics': True,
        'delete_useless_run': True
    },
    'fedprox': {
        'mu': 0.01
    },
    'pfedsim': {
        'warmup_round': 0.5
    },
    'feddpag': {
        'fisher_threshold': 0.0
    }
}
---------------------------- TRAINING EPOCH: 10 ----------------------------   
client [77] (testset)   loss: 1.3275 -> 1.2259  accuracy: 58.33% -> 58.33%     
client [81] (testset)   loss: 0.8132 -> 0.8306  accuracy: 43.60% -> 43.60%     
client [21] (testset)   loss: 2.4523 -> 0.8837  accuracy: 1.59% -> 53.44%      
client [68] (testset)   loss: 0.0188 -> 0.0016  accuracy: 100.00% -> 100.00%   
client [93] (testset)   loss: 0.5875 -> 0.6336  accuracy: 88.89% -> 88.89%     
client [31] (testset)   loss: 1.5324 -> 1.3995  accuracy: 55.00% -> 55.00%     
client [20] (testset)   loss: 0.5978 -> 0.6099  accuracy: 88.08% -> 88.08%     
client [59] (testset)   loss: 2.3728 -> 1.1745  accuracy: 0.00% -> 52.00%      
client [48] (testset)   loss: 0.7461 -> 0.7953  accuracy: 74.14% -> 74.14%     
client [34] (testset)   loss: 1.3698 -> 1.3526  accuracy: 37.04% -> 37.04%     
---------------------------- TRAINING EPOCH: 20 ----------------------------   
client [69] (testset)   loss: 1.1265 -> 1.0609  accuracy: 63.83% -> 63.83%     
client [99] (testset)   loss: 1.1871 -> 1.1825  accuracy: 63.53% -> 63.53%     
client [67] (testset)   loss: 1.1187 -> 1.1284  accuracy: 55.29% -> 55.29%     
client [0]  (testset)   loss: 0.8948 -> 0.9162  accuracy: 60.35% -> 60.35%     
client [76] (testset)   loss: 1.2616 -> 1.2787  accuracy: 52.13% -> 52.13%     
client [41] (testset)   loss: 0.9387 -> 0.8472  accuracy: 36.62% -> 59.15%     
client [62] (testset)   loss: 2.3569 -> 0.9641  accuracy: 10.00% -> 65.00%     
client [2]  (testset)   loss: 2.4413 -> 1.6444  accuracy: 0.00% -> 37.14%      
client [14] (testset)   loss: 0.1710 -> 0.1603  accuracy: 97.22% -> 97.22%     
client [46] (testset)   loss: 0.8954 -> 0.8871  accuracy: 59.30% -> 59.30%     
---------------------------- TRAINING EPOCH: 30 ----------------------------   
client [24] (testset)   loss: 0.1680 -> 0.1544  accuracy: 96.84% -> 96.84%     
client [68] (testset)   loss: 0.0304 -> 0.0119  accuracy: 100.00% -> 100.00%   
client [57] (testset)   loss: 0.5518 -> 0.5542  accuracy: 79.69% -> 79.69%     
client [17] (testset)   loss: 1.5508 -> 1.4736  accuracy: 21.54% -> 38.46%     
client [54] (testset)   loss: 0.6670 -> 0.6586  accuracy: 80.00% -> 80.00%     
client [23] (testset)   loss: 2.4077 -> 0.9670  accuracy: 0.00% -> 56.67%      
client [35] (testset)   loss: 1.1915 -> 1.1791  accuracy: 32.87% -> 46.30%     
client [59] (testset)   loss: 0.9358 -> 0.9280  accuracy: 52.00% -> 52.00%     
client [31] (testset)   loss: 1.3936 -> 1.3659  accuracy: 55.00% -> 55.00%     
client [9]  (testset)   loss: 0.6632 -> 0.7248  accuracy: 83.44% -> 83.44%     
---------------------------- TRAINING EPOCH: 40 ----------------------------   
client [64] (testset)   loss: 0.8530 -> 0.8477  accuracy: 66.67% -> 66.67%     
client [33] (testset)   loss: 0.6963 -> 0.7015  accuracy: 75.00% -> 75.00%     
client [16] (testset)   loss: 0.2981 -> 0.3034  accuracy: 92.63% -> 92.63%     
client [44] (testset)   loss: 1.4584 -> 1.7344  accuracy: 61.54% -> 61.54%     
client [8]  (testset)   loss: 1.7249 -> 1.7443  accuracy: 40.91% -> 40.91%     
client [31] (testset)   loss: 1.3614 -> 1.4003  accuracy: 55.00% -> 55.00%     
client [47] (testset)   loss: 1.0148 -> 1.0119  accuracy: 39.76% -> 39.76%     
client [36] (testset)   loss: 1.4231 -> 1.4004  accuracy: 37.50% -> 37.50%     
client [20] (testset)   loss: 0.5908 -> 0.5855  accuracy: 88.08% -> 88.08%     
client [56] (testset)   loss: 1.6586 -> 1.6475  accuracy: 16.39% -> 16.39%     
---------------------------- TRAINING EPOCH: 50 ----------------------------   
client [4]  (testset)   loss: 0.8738 -> 0.9317  accuracy: 76.74% -> 76.74%     
client [60] (testset)   loss: 0.1781 -> 0.1797  accuracy: 96.62% -> 96.62%     
client [28] (testset)   loss: 0.9745 -> 0.9738  accuracy: 73.37% -> 73.37%     
client [25] (testset)   loss: 0.7740 -> 0.8131  accuracy: 73.02% -> 73.02%     
client [58] (testset)   loss: 0.2767 -> 0.2273  accuracy: 94.34% -> 94.34%     
client [44] (testset)   loss: 1.7285 -> 1.6669  accuracy: 61.54% -> 61.54%     
client [39] (testset)   loss: 1.5761 -> 1.5931  accuracy: 43.40% -> 43.40%     
client [29] (testset)   loss: 0.9284 -> 0.9169  accuracy: 73.87% -> 73.87%     
client [3]  (testset)   loss: 0.6976 -> 0.8597  accuracy: 63.64% -> 36.36%     
client [84] (testset)   loss: 0.8084 -> 0.8097  accuracy: 56.96% -> 56.96%     
---------------------------- TRAINING EPOCH: 60 ----------------------------   
client [21] (testset)   loss: 0.8873 -> 0.8799  accuracy: 42.06% -> 53.44%     
client [84] (testset)   loss: 0.8162 -> 0.8110  accuracy: 56.96% -> 56.96%     
client [10] (testset)   loss: 0.9538 -> 0.9629  accuracy: 53.62% -> 39.61%     
client [36] (testset)   loss: 1.4091 -> 1.4119  accuracy: 30.00% -> 30.00%     
client [65] (testset)   loss: 0.6002 -> 0.6085  accuracy: 83.56% -> 83.56%     
client [81] (testset)   loss: 0.8069 -> 0.7906  accuracy: 43.60% -> 54.74%     
client [79] (testset)   loss: 1.0382 -> 1.0507  accuracy: 77.78% -> 77.78%     
client [42] (testset)   loss: 1.1255 -> 1.1216  accuracy: 58.33% -> 58.33%     
client [11] (testset)   loss: 1.1630 -> 1.1612  accuracy: 50.88% -> 50.88%     
client [96] (testset)   loss: 1.2047 -> 1.2046  accuracy: 55.39% -> 55.39%     
---------------------------- TRAINING EPOCH: 70 ----------------------------   
client [8]  (testset)   loss: 1.7300 -> 1.7006  accuracy: 40.91% -> 40.91%     
client [53] (testset)   loss: 0.2383 -> 0.2233  accuracy: 94.85% -> 94.85%     
client [52] (testset)   loss: 0.8911 -> 0.8843  accuracy: 75.22% -> 75.22%     
client [42] (testset)   loss: 1.1420 -> 1.1198  accuracy: 58.33% -> 58.33%     
client [69] (testset)   loss: 1.0244 -> 1.1359  accuracy: 63.83% -> 63.83%     
client [59] (testset)   loss: 0.9467 -> 0.9351  accuracy: 52.00% -> 52.00%     
client [7]  (testset)   loss: 0.4765 -> 0.4717  accuracy: 88.85% -> 88.85%     
client [26] (testset)   loss: 1.2908 -> 1.2679  accuracy: 50.53% -> 50.53%     
client [49] (testset)   loss: 0.7351 -> 0.7560  accuracy: 79.77% -> 79.77%     
client [98] (testset)   loss: 0.9532 -> 0.9540  accuracy: 74.68% -> 74.68%     
---------------------------- TRAINING EPOCH: 80 ----------------------------   
client [98] (testset)   loss: 0.9503 -> 0.9531  accuracy: 74.68% -> 74.68%     
client [47] (testset)   loss: 0.9934 -> 1.0036  accuracy: 48.19% -> 48.19%     
client [21] (testset)   loss: 0.9103 -> 0.8890  accuracy: 53.44% -> 53.44%     
client [77] (testset)   loss: 1.0001 -> 1.1571  accuracy: 58.33% -> 58.33%     
client [95] (testset)   loss: 0.3246 -> 0.2799  accuracy: 94.83% -> 94.83%     
client [91] (testset)   loss: 0.5450 -> 0.5858  accuracy: 88.24% -> 88.24%     
client [14] (testset)   loss: 0.1578 -> 0.1634  accuracy: 97.22% -> 97.22%     
client [99] (testset)   loss: 1.1671 -> 1.1861  accuracy: 63.53% -> 63.53%     
client [20] (testset)   loss: 0.7601 -> 0.6000  accuracy: 88.08% -> 88.08%     
client [39] (testset)   loss: 1.5909 -> 1.5976  accuracy: 43.40% -> 43.40%     
---------------------------- TRAINING EPOCH: 90 ----------------------------   
client [52] (testset)   loss: 0.8844 -> 0.8764  accuracy: 75.22% -> 75.22%     
client [62] (testset)   loss: 0.9162 -> 0.9008  accuracy: 65.00% -> 65.00%     
client [71] (testset)   loss: 1.2632 -> 1.2653  accuracy: 50.00% -> 50.00%     
client [97] (testset)   loss: 1.3115 -> 1.3263  accuracy: 47.72% -> 47.72%     
client [30] (testset)   loss: 0.9223 -> 0.9160  accuracy: 41.43% -> 54.29%     
client [88] (testset)   loss: 1.0860 -> 1.1015  accuracy: 67.57% -> 67.57%     
client [60] (testset)   loss: 0.1857 -> 0.1862  accuracy: 96.62% -> 96.62%     
client [82] (testset)   loss: 1.6067 -> 1.6325  accuracy: 46.51% -> 46.51%     
client [91] (testset)   loss: 0.5328 -> 0.6600  accuracy: 88.24% -> 88.24%     
client [57] (testset)   loss: 0.5466 -> 0.5603  accuracy: 79.69% -> 79.69%     
---------------------------- TRAINING EPOCH: 100 ----------------------------  
client [31] (testset)   loss: 1.3536 -> 1.3909  accuracy: 55.00% -> 55.00%     
client [15] (testset)   loss: 0.8790 -> 0.8796  accuracy: 76.47% -> 76.47%     
client [71] (testset)   loss: 1.2653 -> 1.2544  accuracy: 50.00% -> 50.00%     
client [97] (testset)   loss: 1.3401 -> 1.3330  accuracy: 47.72% -> 47.72%     
client [53] (testset)   loss: 0.2266 -> 0.2286  accuracy: 94.85% -> 94.85%     
client [77] (testset)   loss: 1.1569 -> 0.9589  accuracy: 58.33% -> 58.33%     
client [76] (testset)   loss: 1.2859 -> 1.2759  accuracy: 52.13% -> 52.13%     
client [79] (testset)   loss: 1.0987 -> 1.1484  accuracy: 77.78% -> 77.78%     
client [28] (testset)   loss: 0.9761 -> 0.9465  accuracy: 73.37% -> 73.37%     
client [99] (testset)   loss: 1.1653 -> 1.1655  accuracy: 63.53% -> 63.53%     
---------------------------- TRAINING EPOCH: 110 ----------------------------  
client [97] (testset)   loss: 1.3354 -> 1.3343  accuracy: 47.72% -> 47.72%     
client [86] (testset)   loss: 0.5173 -> 0.5143  accuracy: 84.66% -> 84.66%     
client [34] (testset)   loss: 1.3573 -> 1.3549  accuracy: 37.04% -> 37.04%     
client [73] (testset)   loss: 0.7359 -> 0.7339  accuracy: 58.95% -> 58.95%     
client [5]  (testset)   loss: 1.4889 -> 1.4628  accuracy: 21.98% -> 43.96%     
client [96] (testset)   loss: 1.2045 -> 1.2074  accuracy: 55.39% -> 55.39%     
client [22] (testset)   loss: 0.4236 -> 0.4285  accuracy: 89.95% -> 89.95%     
client [60] (testset)   loss: 0.2228 -> 0.1997  accuracy: 96.62% -> 96.62%     
client [66] (testset)   loss: 1.0646 -> 1.0986  accuracy: 50.78% -> 50.78%     
client [83] (testset)   loss: 0.6236 -> 0.6171  accuracy: 85.00% -> 85.00%     
---------------------------- TRAINING EPOCH: 120 ----------------------------  
client [76] (testset)   loss: 1.2800 -> 1.2760  accuracy: 52.13% -> 52.13%     
client [65] (testset)   loss: 0.5790 -> 0.5915  accuracy: 83.56% -> 83.56%     
client [95] (testset)   loss: 0.3998 -> 0.4221  accuracy: 94.83% -> 94.83%     
client [17] (testset)   loss: 1.4790 -> 1.4849  accuracy: 27.69% -> 27.69%     
client [8]  (testset)   loss: 1.7417 -> 1.7085  accuracy: 40.91% -> 40.91%     
client [35] (testset)   loss: 1.1743 -> 1.1686  accuracy: 46.30% -> 46.30%     
client [98] (testset)   loss: 1.1408 -> 0.9688  accuracy: 74.68% -> 74.68%     
client [53] (testset)   loss: 0.2238 -> 0.2291  accuracy: 94.85% -> 94.85%     
client [43] (testset)   loss: 0.3192 -> 0.3197  accuracy: 93.29% -> 93.29%     
client [64] (testset)   loss: 0.8415 -> 0.8413  accuracy: 66.67% -> 66.67%     
---------------------------- TRAINING EPOCH: 130 ----------------------------  
client [21] (testset)   loss: 0.9022 -> 0.8770  accuracy: 53.44% -> 53.44%     
client [88] (testset)   loss: 1.0757 -> 1.1047  accuracy: 67.57% -> 67.57%     
client [38] (testset)   loss: 1.0434 -> 1.0381  accuracy: 66.67% -> 66.67%     
client [3]  (testset)   loss: 0.7092 -> 0.9238  accuracy: 63.64% -> 63.64%     
client [5]  (testset)   loss: 1.4472 -> 1.4651  accuracy: 43.96% -> 43.96%     
client [41] (testset)   loss: 0.8839 -> 0.8307  accuracy: 36.62% -> 59.15%     
client [7]  (testset)   loss: 0.4820 -> 0.4729  accuracy: 88.85% -> 88.85%     
client [37] (testset)   loss: 0.4786 -> 0.4764  accuracy: 87.45% -> 87.45%     
client [45] (testset)   loss: 1.5586 -> 1.5591  accuracy: 44.00% -> 44.00%     
client [47] (testset)   loss: 0.9929 -> 0.9928  accuracy: 48.19% -> 39.76%     
---------------------------- TRAINING EPOCH: 140 ----------------------------  
client [16] (testset)   loss: 0.3257 -> 0.2991  accuracy: 92.63% -> 92.63%     
client [11] (testset)   loss: 1.1649 -> 1.1617  accuracy: 50.88% -> 50.88%     
client [37] (testset)   loss: 0.4979 -> 0.4896  accuracy: 87.45% -> 87.45%     
client [41] (testset)   loss: 0.8677 -> 0.8440  accuracy: 59.15% -> 59.15%     
client [95] (testset)   loss: 0.2988 -> 0.2720  accuracy: 94.83% -> 94.83%     
client [53] (testset)   loss: 0.2272 -> 0.2292  accuracy: 94.85% -> 94.85%     
client [22] (testset)   loss: 0.4258 -> 0.4121  accuracy: 89.95% -> 89.95%     
client [25] (testset)   loss: 0.7759 -> 0.7694  accuracy: 73.02% -> 73.02%     
client [69] (testset)   loss: 1.0300 -> 1.0915  accuracy: 63.83% -> 63.83%     
client [46] (testset)   loss: 0.8228 -> 0.8375  accuracy: 59.30% -> 59.30%     
---------------------------- TRAINING EPOCH: 150 ----------------------------  
client [47] (testset)   loss: 1.0306 -> 0.9919  accuracy: 48.19% -> 48.19%     
client [69] (testset)   loss: 1.0475 -> 1.0373  accuracy: 63.83% -> 63.83%     
client [82] (testset)   loss: 1.5223 -> 1.5630  accuracy: 46.51% -> 46.51%     
client [45] (testset)   loss: 1.5601 -> 1.5497  accuracy: 44.00% -> 44.00%     
client [7]  (testset)   loss: 0.4729 -> 0.4900  accuracy: 88.85% -> 88.85%     
client [50] (testset)   loss: 0.6860 -> 0.6782  accuracy: 79.27% -> 79.27%     
client [35] (testset)   loss: 1.1802 -> 1.1660  accuracy: 46.30% -> 46.30%     
client [24] (testset)   loss: 0.1584 -> 0.1565  accuracy: 96.84% -> 96.84%     
client [15] (testset)   loss: 0.8939 -> 0.8933  accuracy: 76.47% -> 76.47%     
client [58] (testset)   loss: 0.2395 -> 0.2254  accuracy: 94.34% -> 94.34%     
---------------------------- TRAINING EPOCH: 160 ----------------------------  
client [48] (testset)   loss: 0.7348 -> 0.7377  accuracy: 74.14% -> 74.14%     
client [76] (testset)   loss: 1.2734 -> 1.2697  accuracy: 52.13% -> 52.13%     
client [67] (testset)   loss: 1.1736 -> 1.1664  accuracy: 55.29% -> 55.29%     
client [37] (testset)   loss: 0.4667 -> 0.4834  accuracy: 87.45% -> 87.45%     
client [58] (testset)   loss: 0.2314 -> 0.2286  accuracy: 94.34% -> 94.34%     
client [64] (testset)   loss: 0.8431 -> 0.8413  accuracy: 66.67% -> 66.67%     
client [77] (testset)   loss: 1.0755 -> 0.9705  accuracy: 58.33% -> 58.33%     
client [55] (testset)   loss: 2.1789 -> 2.1886  accuracy: 50.00% -> 50.00%     
client [12] (testset)   loss: 0.5304 -> 0.5293  accuracy: 86.14% -> 86.14%     
client [89] (testset)   loss: 1.9920 -> 1.9613  accuracy: 18.75% -> 18.75%     
---------------------------- TRAINING EPOCH: 170 ----------------------------  
client [84] (testset)   loss: 0.8569 -> 0.8729  accuracy: 40.51% -> 40.51%     
client [51] (testset)   loss: 0.8568 -> 0.8833  accuracy: 66.67% -> 66.67%     
client [8]  (testset)   loss: 1.6957 -> 1.7265  accuracy: 40.91% -> 40.91%     
client [18] (testset)   loss: 0.9283 -> 0.9418  accuracy: 65.38% -> 65.38%     
client [94] (testset)   loss: 1.3713 -> 1.3816  accuracy: 50.00% -> 50.00%     
client [81] (testset)   loss: 0.7981 -> 0.8071  accuracy: 54.74% -> 54.74%     
client [3]  (testset)   loss: 0.7379 -> 1.0617  accuracy: 63.64% -> 36.36%     
client [11] (testset)   loss: 1.1612 -> 1.1715  accuracy: 50.88% -> 50.88%     
client [95] (testset)   loss: 0.2966 -> 0.3094  accuracy: 94.83% -> 94.83%     
client [67] (testset)   loss: 1.1665 -> 1.1614  accuracy: 55.29% -> 55.29%     
---------------------------- TRAINING EPOCH: 180 ----------------------------  
client [21] (testset)   loss: 0.8781 -> 0.8807  accuracy: 53.44% -> 53.44%     
client [79] (testset)   loss: 1.1574 -> 1.1802  accuracy: 77.78% -> 77.78%     
client [58] (testset)   loss: 0.2243 -> 0.2321  accuracy: 94.34% -> 94.34%     
client [88] (testset)   loss: 1.0911 -> 1.0911  accuracy: 67.57% -> 67.57%     
client [46] (testset)   loss: 0.8233 -> 0.8748  accuracy: 59.30% -> 59.30%     
client [11] (testset)   loss: 1.1715 -> 1.1844  accuracy: 50.88% -> 50.88%     
client [55] (testset)   loss: 2.2221 -> 2.2378  accuracy: 50.00% -> 50.00%     
client [13] (testset)   loss: 0.1182 -> 0.1211  accuracy: 97.78% -> 97.78%     
client [31] (testset)   loss: 1.3526 -> 1.3553  accuracy: 55.00% -> 55.00%     
client [75] (testset)   loss: 1.4640 -> 1.4778  accuracy: 29.15% -> 29.15%     
---------------------------- TRAINING EPOCH: 190 ----------------------------  
client [19] (testset)   loss: 1.5128 -> 1.5588  accuracy: 37.50% -> 37.50%     
client [7]  (testset)   loss: 0.4701 -> 0.4796  accuracy: 88.85% -> 88.85%     
client [57] (testset)   loss: 0.7754 -> 0.5826  accuracy: 19.53% -> 79.69%     
client [13] (testset)   loss: 0.1175 -> 0.1173  accuracy: 97.78% -> 97.78%     
client [43] (testset)   loss: 0.3154 -> 0.3243  accuracy: 93.29% -> 93.29%     
client [91] (testset)   loss: 0.6481 -> 0.5597  accuracy: 88.24% -> 88.24%     
client [10] (testset)   loss: 0.9361 -> 0.9370  accuracy: 53.62% -> 53.62%     
client [64] (testset)   loss: 0.8400 -> 0.8401  accuracy: 66.67% -> 66.67%     
client [82] (testset)   loss: 1.5217 -> 1.5236  accuracy: 46.51% -> 46.51%     
client [22] (testset)   loss: 0.4519 -> 0.4429  accuracy: 89.95% -> 89.95%     
---------------------------- TRAINING EPOCH: 200 ----------------------------  
client [20] (testset)   loss: 0.6175 -> 0.6361  accuracy: 88.08% -> 88.08%     
client [23] (testset)   loss: 0.9652 -> 0.9090  accuracy: 56.67% -> 56.67%     
client [88] (testset)   loss: 1.0893 -> 1.0610  accuracy: 67.57% -> 67.57%     
client [98] (testset)   loss: 0.9630 -> 1.0025  accuracy: 74.68% -> 74.68%     
client [79] (testset)   loss: 1.1211 -> 1.1482  accuracy: 77.78% -> 77.78%     
client [21] (testset)   loss: 0.8742 -> 0.8845  accuracy: 53.44% -> 53.44%     
client [92] (testset)   loss: 1.2019 -> 0.7864  accuracy: 63.64% -> 63.64%     
client [56] (testset)   loss: 1.5722 -> 1.5822  accuracy: 16.39% -> 16.39%     
client [5]  (testset)   loss: 1.4447 -> 1.4481  accuracy: 43.96% -> 43.96%     
client [52] (testset)   loss: 0.8886 -> 0.8855  accuracy: 75.22% -> 75.22%     
FedDpag's average time taken by each global epoch: 0 min 2.32 sec.             
FedDpag's total running time: 0 h 7 m 48 s.                                    
==================== FedDpag Experiment Results: ====================          
Display format: (before local fine-tuning) -> (after local fine-tuning)        
 So if finetune_epoch = 0, x.xx% -> 0.00% is normal.                           
 Centralized testing ONLY happens after model aggregation, so the stats between
'->' are the same.                                                             
{                                                                              
    "100": {                                                                   
        "all_clients": {                                                       
            "test": {                                                          
                "loss": "0.8510 -> 0.0000",                                    
                "accuracy": "67.57% -> 0.00%"                                  
            }                                                                  
        }                                                                      
    },                                                                         
    "200": {                                                                   
        "all_clients": {                                                       
            "test": {                                                          
                "loss": "0.8522 -> 0.0000",                                    
                "accuracy": "67.24% -> 0.00%"                                  
            }                                                                  
        }                                                                      
    }                                                                          
}                                                                              
==================== FedDpag Max Accuracy ====================                 
all_clients:                                                                   
(test) before fine-tuning: 67.57% at epoch 100                                 
(test) after fine-tuning: 0.00% at epoch 100                                   
