==================== FedFew ====================                               
Experiment Arguments:                                                          
{
    'method': 'fedfew',
    'dataset': {
        'name': 'medmnistC',
        'client_num': 100,
        'test_ratio': 0.25,
        'val_ratio': 0.0,
        'seed': 42,
        'split': 'sample',
        'IID_ratio': 0.0,
        'monitor_window_name_suffix': 'medmnistC-100clients-0%IID-Dir(0.1)-seed42',
        'alpha': 0.1,
        'min_samples_per_client': 10
    },
    'model': {
        'name': 'avgcnn',
        'use_torchvision_pretrained_weights': True,
        'external_model_weights_path': None
    },
    'optimizer': {
        'lr': 0.01,
        'dampening': 0,
        'weight_decay': 0,
        'momentum': 0.7,
        'nesterov': False,
        'name': 'sgd'
    },
    'mode': 'serial',
    'parallel': {
        'ray_cluster_addr': None,
        'num_cpus': None,
        'num_gpus': None,
        'num_workers': 2
    },
    'common': {
        'seed': 42,
        'join_ratio': 0.1,
        'global_epoch': 200,
        'local_epoch': 5,
        'batch_size': 32,
        'reset_optimizer_on_global_epoch': True,
        'straggler_ratio': 0,
        'straggler_min_local_epoch': 0,
        'buffers': 'global',
        'client_side_evaluation': True,
        'test': {
            'client': {
                'interval': 100,
                'finetune_epoch': 0,
                'train': False,
                'val': False,
                'test': True
            },
            'server': {
                'interval': -1,
                'train': False,
                'val': False,
                'test': True,
                'model_in_train_mode': False
            }
        },
        'verbose_gap': 10,
        'monitor': None,
        'use_cuda': True,
        'save_log': True,
        'save_model': False,
        'save_learning_curve_plot': True,
        'save_metrics': True,
        'delete_useless_run': True
    },
    'fedprox': {
        'mu': 0.01
    },
    'pfedsim': {
        'warmup_round': 0.5
    },
    'fedfew': {
        'ig_ratio': 0.8,
        'alpha': 0.5,
        'norm': 'global',
        'EMA': False,
        'track': False,
        'type': 'Main'
    }
}
---------------------------- TRAINING EPOCH: 10 ----------------------------   
client [77] (testset)   loss: 1.2672 -> 1.2568  accuracy: 36.36% -> 36.36%     
client [81] (testset)   loss: 0.5213 -> 0.5674  accuracy: 80.58% -> 80.58%     
client [21] (testset)   loss: 2.4596 -> 0.7712  accuracy: 0.00% -> 74.07%      
client [68] (testset)   loss: 1.1437 -> 1.0977  accuracy: 59.72% -> 59.72%     
client [93] (testset)   loss: 0.2570 -> 0.2543  accuracy: 93.33% -> 93.33%     
client [31] (testset)   loss: 0.6213 -> 0.7007  accuracy: 85.14% -> 85.14%     
client [20] (testset)   loss: 1.2005 -> 1.2885  accuracy: 37.50% -> 37.50%     
client [59] (testset)   loss: 2.4045 -> 1.1880  accuracy: 0.00% -> 33.33%      
client [48] (testset)   loss: 0.6561 -> 0.6331  accuracy: 83.15% -> 83.15%     
client [34] (testset)   loss: 0.5929 -> 0.6522  accuracy: 82.14% -> 82.14%     
---------------------------- TRAINING EPOCH: 20 ----------------------------   
client [69] (testset)   loss: 0.8693 -> 0.8462  accuracy: 71.15% -> 71.15%     
client [99] (testset)   loss: 1.1474 -> 1.8187  accuracy: 71.43% -> 14.29%     
client [67] (testset)   loss: 0.6140 -> 0.5886  accuracy: 85.71% -> 85.71%     
client [0]  (testset)   loss: 1.2297 -> 1.2261  accuracy: 45.12% -> 45.12%     
client [76] (testset)   loss: 2.0948 -> 2.3740  accuracy: 50.00% -> 50.00%     
client [41] (testset)   loss: 1.1983 -> 1.1475  accuracy: 65.43% -> 65.43%     
client [62] (testset)   loss: 2.3918 -> 0.5141  accuracy: 4.55% -> 95.45%      
client [2]  (testset)   loss: 2.4801 -> 1.0727  accuracy: 0.00% -> 47.27%      
client [14] (testset)   loss: 1.0201 -> 0.9987  accuracy: 85.00% -> 85.00%     
client [46] (testset)   loss: 0.9502 -> 1.0227  accuracy: 64.47% -> 64.47%     
---------------------------- TRAINING EPOCH: 30 ----------------------------   
client [24] (testset)   loss: 0.3126 -> 0.2747  accuracy: 93.75% -> 93.75%     
client [68] (testset)   loss: 1.0657 -> 1.2031  accuracy: 59.72% -> 59.72%     
client [57] (testset)   loss: 1.3963 -> 1.4100  accuracy: 27.27% -> 27.27%     
client [17] (testset)   loss: 0.8965 -> 0.8895  accuracy: 69.92% -> 69.92%     
client [54] (testset)   loss: 2.8289 -> 2.9038  accuracy: 25.00% -> 25.00%     
client [23] (testset)   loss: 2.4065 -> 1.8014  accuracy: 13.04% -> 39.13%     
client [35] (testset)   loss: 0.5522 -> 0.5166  accuracy: 85.00% -> 85.00%     
client [59] (testset)   loss: 1.1157 -> 1.1118  accuracy: 50.83% -> 50.83%     
client [31] (testset)   loss: 0.6065 -> 0.6010  accuracy: 85.14% -> 85.14%     
client [9]  (testset)   loss: 1.3908 -> 1.3940  accuracy: 23.40% -> 23.40%     
---------------------------- TRAINING EPOCH: 40 ----------------------------   
client [64] (testset)   loss: 1.2938 -> 1.2922  accuracy: 50.00% -> 50.00%     
client [33] (testset)   loss: 0.8235 -> 0.8305  accuracy: 75.32% -> 75.32%     
client [16] (testset)   loss: 0.7854 -> 0.7166  accuracy: 78.95% -> 78.95%     
client [44] (testset)   loss: 0.8841 -> 0.9184  accuracy: 63.10% -> 63.10%     
client [8]  (testset)   loss: 1.1071 -> 1.0299  accuracy: 41.67% -> 41.67%     
client [31] (testset)   loss: 0.6547 -> 0.6104  accuracy: 85.14% -> 85.14%     
client [47] (testset)   loss: 0.6381 -> 0.6162  accuracy: 87.78% -> 87.78%     
client [36] (testset)   loss: 1.7120 -> 1.6964  accuracy: 28.89% -> 28.89%     
client [20] (testset)   loss: 1.1672 -> 1.2874  accuracy: 37.50% -> 37.50%     
client [56] (testset)   loss: 0.7224 -> 0.7898  accuracy: 79.34% -> 79.34%     
---------------------------- TRAINING EPOCH: 50 ----------------------------   
client [4]  (testset)   loss: 2.0746 -> 2.0049  accuracy: 16.67% -> 33.33%     
client [60] (testset)   loss: 0.4223 -> 0.4390  accuracy: 91.82% -> 91.82%     
client [28] (testset)   loss: 1.1875 -> 1.2198  accuracy: 61.54% -> 61.54%     
client [25] (testset)   loss: 0.3292 -> 0.3241  accuracy: 90.48% -> 90.48%     
client [58] (testset)   loss: 0.5299 -> 0.4880  accuracy: 86.70% -> 86.70%     
client [44] (testset)   loss: 0.9168 -> 0.8823  accuracy: 63.10% -> 63.10%     
client [39] (testset)   loss: 1.0048 -> 0.9760  accuracy: 78.57% -> 78.57%     
client [29] (testset)   loss: 0.7979 -> 0.8025  accuracy: 81.48% -> 81.48%     
client [3]  (testset)   loss: 1.9688 -> 1.8502  accuracy: 17.65% -> 17.65%     
client [84] (testset)   loss: 1.6243 -> 1.6270  accuracy: 40.23% -> 40.23%     
---------------------------- TRAINING EPOCH: 60 ----------------------------   
client [21] (testset)   loss: 0.7465 -> 0.7233  accuracy: 74.07% -> 74.07%     
client [84] (testset)   loss: 1.6214 -> 1.6056  accuracy: 40.23% -> 40.23%     
client [10] (testset)   loss: 1.4747 -> 1.4709  accuracy: 46.88% -> 46.88%     
client [36] (testset)   loss: 1.7239 -> 1.7332  accuracy: 28.89% -> 28.89%     
client [65] (testset)   loss: 1.1712 -> 1.1998  accuracy: 62.22% -> 62.22%     
client [81] (testset)   loss: 0.5075 -> 0.5064  accuracy: 80.58% -> 80.58%     
client [79] (testset)   loss: 0.7271 -> 0.7143  accuracy: 64.00% -> 64.00%     
client [42] (testset)   loss: 0.1120 -> 0.1120  accuracy: 100.00% -> 100.00%   
client [11] (testset)   loss: 0.4937 -> 0.5328  accuracy: 85.71% -> 85.71%     
client [96] (testset)   loss: 1.2252 -> 1.2206  accuracy: 66.67% -> 66.67%     
---------------------------- TRAINING EPOCH: 70 ----------------------------   
client [8]  (testset)   loss: 1.0774 -> 1.1769  accuracy: 41.67% -> 41.67%     
client [53] (testset)   loss: 0.7805 -> 0.7517  accuracy: 78.85% -> 78.85%     
client [52] (testset)   loss: 0.9373 -> 0.9949  accuracy: 65.62% -> 28.12%     
client [42] (testset)   loss: 0.1100 -> 0.1108  accuracy: 100.00% -> 100.00%   
client [69] (testset)   loss: 0.8590 -> 0.8313  accuracy: 71.15% -> 71.15%     
client [59] (testset)   loss: 1.1316 -> 1.1152  accuracy: 50.83% -> 50.83%     
client [7]  (testset)   loss: 0.1251 -> 0.1256  accuracy: 97.73% -> 97.73%     
client [26] (testset)   loss: 1.0249 -> 1.0953  accuracy: 57.69% -> 57.69%     
client [49] (testset)   loss: 0.9103 -> 0.9056  accuracy: 75.00% -> 75.00%     
client [98] (testset)   loss: 0.2510 -> 0.2508  accuracy: 100.00% -> 100.00%   
---------------------------- TRAINING EPOCH: 80 ----------------------------   
client [98] (testset)   loss: 0.2481 -> 0.2522  accuracy: 100.00% -> 100.00%   
client [47] (testset)   loss: 0.6193 -> 0.6134  accuracy: 87.78% -> 87.78%     
client [21] (testset)   loss: 0.7537 -> 0.7281  accuracy: 74.07% -> 74.07%     
client [77] (testset)   loss: 1.3230 -> 1.2932  accuracy: 36.36% -> 36.36%     
client [95] (testset)   loss: 1.3561 -> 1.3156  accuracy: 46.43% -> 46.43%     
client [91] (testset)   loss: 2.7010 -> 2.2171  accuracy: 0.00% -> 16.67%      
client [14] (testset)   loss: 1.1813 -> 1.0457  accuracy: 85.00% -> 85.00%     
client [99] (testset)   loss: 1.2296 -> 1.2661  accuracy: 71.43% -> 71.43%     
client [20] (testset)   loss: 1.2580 -> 1.1425  accuracy: 37.50% -> 37.50%     
client [39] (testset)   loss: 0.9642 -> 0.9327  accuracy: 78.57% -> 78.57%     
---------------------------- TRAINING EPOCH: 90 ----------------------------   
client [52] (testset)   loss: 0.9975 -> 0.9112  accuracy: 28.12% -> 65.62%     
client [62] (testset)   loss: 0.5558 -> 0.5403  accuracy: 95.45% -> 95.45%     
client [71] (testset)   loss: 0.8563 -> 0.8416  accuracy: 71.97% -> 71.97%     
client [97] (testset)   loss: 1.2507 -> 1.2656  accuracy: 42.02% -> 40.34%     
client [30] (testset)   loss: 1.3407 -> 1.3783  accuracy: 38.89% -> 38.89%     
client [88] (testset)   loss: 0.4634 -> 0.5289  accuracy: 87.41% -> 87.41%     
client [60] (testset)   loss: 0.4090 -> 0.4361  accuracy: 91.82% -> 91.82%     
client [82] (testset)   loss: 0.8679 -> 0.8409  accuracy: 69.05% -> 69.05%     
client [91] (testset)   loss: 2.3233 -> 3.2744  accuracy: 0.00% -> 16.67%      
client [57] (testset)   loss: 1.4473 -> 1.2973  accuracy: 40.91% -> 40.91%     
---------------------------- TRAINING EPOCH: 100 ----------------------------  
client [31] (testset)   loss: 0.6092 -> 0.6039  accuracy: 85.14% -> 85.14%     
client [15] (testset)   loss: 0.9724 -> 0.9755  accuracy: 39.73% -> 39.73%     
client [71] (testset)   loss: 0.8415 -> 0.8354  accuracy: 71.97% -> 71.97%     
client [97] (testset)   loss: 1.2918 -> 1.2537  accuracy: 42.02% -> 42.02%     
client [53] (testset)   loss: 0.7643 -> 0.7571  accuracy: 78.85% -> 78.85%     
client [77] (testset)   loss: 1.2867 -> 1.2216  accuracy: 36.36% -> 36.36%     
client [76] (testset)   loss: 2.8358 -> 2.8842  accuracy: 50.00% -> 50.00%     
client [79] (testset)   loss: 0.7290 -> 0.7361  accuracy: 64.00% -> 64.00%     
client [28] (testset)   loss: 1.1457 -> 1.1921  accuracy: 61.54% -> 61.54%     
client [99] (testset)   loss: 1.2866 -> 1.2726  accuracy: 71.43% -> 71.43%     
---------------------------- TRAINING EPOCH: 110 ----------------------------  
client [97] (testset)   loss: 1.2312 -> 1.2474  accuracy: 42.02% -> 40.34%     
client [86] (testset)   loss: 1.3819 -> 1.2928  accuracy: 31.48% -> 31.48%     
client [34] (testset)   loss: 0.6165 -> 0.6188  accuracy: 82.14% -> 82.14%     
client [73] (testset)   loss: 0.7622 -> 0.7153  accuracy: 76.92% -> 76.92%     
client [5]  (testset)   loss: 0.5439 -> 0.5643  accuracy: 90.00% -> 90.00%     
client [96] (testset)   loss: 1.1991 -> 1.2148  accuracy: 66.67% -> 66.67%     
client [22] (testset)   loss: 0.9876 -> 0.9844  accuracy: 52.54% -> 42.37%     
client [60] (testset)   loss: 0.3994 -> 0.4045  accuracy: 91.82% -> 91.82%     
client [66] (testset)   loss: 0.1917 -> 0.1843  accuracy: 97.75% -> 97.75%     
client [83] (testset)   loss: 0.4948 -> 0.4260  accuracy: 87.91% -> 87.91%     
---------------------------- TRAINING EPOCH: 120 ----------------------------  
client [76] (testset)   loss: 2.9840 -> 2.9842  accuracy: 50.00% -> 50.00%     
client [65] (testset)   loss: 1.1571 -> 1.1921  accuracy: 62.22% -> 62.22%     
client [95] (testset)   loss: 1.3259 -> 1.3293  accuracy: 46.43% -> 46.43%     
client [17] (testset)   loss: 0.8770 -> 0.8827  accuracy: 69.92% -> 69.92%     
client [8]  (testset)   loss: 1.1250 -> 1.0730  accuracy: 41.67% -> 41.67%     
client [35] (testset)   loss: 0.5124 -> 0.5183  accuracy: 85.00% -> 85.00%     
client [98] (testset)   loss: 0.2487 -> 0.2516  accuracy: 100.00% -> 100.00%   
client [53] (testset)   loss: 0.7821 -> 0.7704  accuracy: 78.85% -> 78.85%     
client [43] (testset)   loss: 0.7076 -> 0.6881  accuracy: 83.33% -> 83.33%     
client [64] (testset)   loss: 1.2859 -> 1.2948  accuracy: 50.00% -> 0.00%      
---------------------------- TRAINING EPOCH: 130 ----------------------------  
client [21] (testset)   loss: 0.7764 -> 0.7220  accuracy: 74.07% -> 74.07%     
client [88] (testset)   loss: 0.4641 -> 0.5051  accuracy: 87.41% -> 87.41%     
client [38] (testset)   loss: 0.8274 -> 0.8530  accuracy: 76.00% -> 76.00%     
client [3]  (testset)   loss: 1.9088 -> 1.8424  accuracy: 47.06% -> 17.65%     
client [5]  (testset)   loss: 0.5484 -> 0.5467  accuracy: 90.00% -> 90.00%     
client [41] (testset)   loss: 1.1229 -> 1.1334  accuracy: 65.43% -> 65.43%     
client [7]  (testset)   loss: 0.1274 -> 0.1244  accuracy: 97.73% -> 97.73%     
client [37] (testset)   loss: 1.0147 -> 1.0743  accuracy: 55.00% -> 55.00%     
client [45] (testset)   loss: 1.2898 -> 1.4804  accuracy: 36.36% -> 27.27%     
client [47] (testset)   loss: 0.6740 -> 0.6525  accuracy: 87.78% -> 87.78%     
---------------------------- TRAINING EPOCH: 140 ----------------------------  
client [16] (testset)   loss: 0.6922 -> 0.7338  accuracy: 78.95% -> 78.95%     
client [11] (testset)   loss: 0.6656 -> 0.5289  accuracy: 85.71% -> 85.71%     
client [37] (testset)   loss: 1.0682 -> 1.0748  accuracy: 55.00% -> 55.00%     
client [41] (testset)   loss: 1.1327 -> 1.1295  accuracy: 65.43% -> 65.43%     
client [95] (testset)   loss: 1.3415 -> 1.3350  accuracy: 46.43% -> 46.43%     
client [53] (testset)   loss: 0.7667 -> 0.7668  accuracy: 78.85% -> 78.85%     
client [22] (testset)   loss: 0.9764 -> 0.9790  accuracy: 52.54% -> 52.54%     
client [25] (testset)   loss: 0.3322 -> 0.3243  accuracy: 90.48% -> 90.48%     
client [69] (testset)   loss: 0.8431 -> 0.8305  accuracy: 71.15% -> 71.15%     
client [46] (testset)   loss: 0.9408 -> 0.9562  accuracy: 64.47% -> 64.47%     
---------------------------- TRAINING EPOCH: 150 ----------------------------  
client [47] (testset)   loss: 0.6203 -> 0.6331  accuracy: 87.78% -> 87.78%     
client [69] (testset)   loss: 0.8244 -> 0.8733  accuracy: 71.15% -> 71.15%     
client [82] (testset)   loss: 0.8491 -> 0.8465  accuracy: 69.05% -> 69.05%     
client [45] (testset)   loss: 1.4920 -> 1.2512  accuracy: 27.27% -> 27.27%     
client [7]  (testset)   loss: 0.1251 -> 0.1211  accuracy: 97.73% -> 97.73%     
client [50] (testset)   loss: 1.0522 -> 1.0569  accuracy: 55.56% -> 55.56%     
client [35] (testset)   loss: 0.5420 -> 0.5083  accuracy: 85.00% -> 85.00%     
client [24] (testset)   loss: 0.2895 -> 0.3056  accuracy: 93.75% -> 93.75%     
client [15] (testset)   loss: 0.9738 -> 0.9709  accuracy: 49.32% -> 49.32%     
client [58] (testset)   loss: 0.4844 -> 0.5001  accuracy: 86.70% -> 86.70%     
---------------------------- TRAINING EPOCH: 160 ----------------------------  
client [48] (testset)   loss: 0.6320 -> 0.6360  accuracy: 83.15% -> 83.15%     
client [76] (testset)   loss: 2.8658 -> 2.8990  accuracy: 50.00% -> 50.00%     
client [67] (testset)   loss: 0.7150 -> 0.6266  accuracy: 85.71% -> 85.71%     
client [37] (testset)   loss: 1.1046 -> 1.0468  accuracy: 55.00% -> 55.00%     
client [58] (testset)   loss: 0.4834 -> 0.4847  accuracy: 86.70% -> 86.70%     
client [64] (testset)   loss: 1.3121 -> 1.2252  accuracy: 0.00% -> 50.00%      
client [77] (testset)   loss: 1.2578 -> 1.2803  accuracy: 36.36% -> 36.36%     
client [55] (testset)   loss: 0.8268 -> 0.8534  accuracy: 83.78% -> 83.78%     
client [12] (testset)   loss: 1.2610 -> 1.2569  accuracy: 61.11% -> 61.11%     
client [89] (testset)   loss: 1.0345 -> 1.0607  accuracy: 40.00% -> 40.00%     
---------------------------- TRAINING EPOCH: 170 ----------------------------  
client [84] (testset)   loss: 1.6190 -> 1.6516  accuracy: 40.23% -> 40.23%     
client [51] (testset)   loss: 0.6759 -> 0.6721  accuracy: 80.00% -> 80.00%     
client [8]  (testset)   loss: 1.0979 -> 1.0682  accuracy: 41.67% -> 41.67%     
client [18] (testset)   loss: 0.1863 -> 0.1759  accuracy: 97.37% -> 97.37%     
client [94] (testset)   loss: 2.6312 -> 2.6314  accuracy: 83.33% -> 83.33%     
client [81] (testset)   loss: 0.4943 -> 0.4960  accuracy: 80.58% -> 80.58%     
client [3]  (testset)   loss: 2.0790 -> 1.8522  accuracy: 17.65% -> 17.65%     
client [11] (testset)   loss: 0.5115 -> 0.5036  accuracy: 85.71% -> 85.71%     
client [95] (testset)   loss: 1.3240 -> 1.3161  accuracy: 46.43% -> 46.43%     
client [67] (testset)   loss: 0.6285 -> 0.7123  accuracy: 85.71% -> 85.71%     
---------------------------- TRAINING EPOCH: 180 ----------------------------  
client [21] (testset)   loss: 0.7401 -> 0.7304  accuracy: 74.07% -> 74.07%     
client [79] (testset)   loss: 0.7562 -> 0.7114  accuracy: 64.00% -> 64.00%     
client [58] (testset)   loss: 0.4869 -> 0.5197  accuracy: 86.70% -> 86.70%     
client [88] (testset)   loss: 0.5303 -> 0.5407  accuracy: 87.41% -> 87.41%     
client [46] (testset)   loss: 0.9489 -> 0.9440  accuracy: 64.47% -> 64.47%     
client [11] (testset)   loss: 0.5045 -> 0.5045  accuracy: 85.71% -> 85.71%     
client [55] (testset)   loss: 0.8022 -> 0.8339  accuracy: 83.78% -> 83.78%     
client [13] (testset)   loss: 1.6058 -> 1.5600  accuracy: 46.03% -> 46.03%     
client [31] (testset)   loss: 0.6217 -> 0.6047  accuracy: 85.14% -> 85.14%     
client [75] (testset)   loss: 0.5424 -> 0.4841  accuracy: 100.00% -> 100.00%   
---------------------------- TRAINING EPOCH: 190 ----------------------------  
client [19] (testset)   loss: 0.5233 -> 0.6079  accuracy: 80.00% -> 80.00%     
client [7]  (testset)   loss: 0.1111 -> 0.1226  accuracy: 97.73% -> 97.73%     
client [57] (testset)   loss: 1.4223 -> 1.3555  accuracy: 40.91% -> 40.91%     
client [13] (testset)   loss: 1.5542 -> 1.5572  accuracy: 46.03% -> 46.03%     
client [43] (testset)   loss: 0.6930 -> 0.6992  accuracy: 83.33% -> 83.33%     
client [91] (testset)   loss: 2.9273 -> 2.5570  accuracy: 16.67% -> 16.67%     
client [10] (testset)   loss: 1.4802 -> 1.4618  accuracy: 46.88% -> 46.88%     
client [64] (testset)   loss: 1.2897 -> 1.3031  accuracy: 50.00% -> 0.00%      
client [82] (testset)   loss: 0.8656 -> 0.8437  accuracy: 69.05% -> 69.05%     
client [22] (testset)   loss: 0.9935 -> 0.9905  accuracy: 52.54% -> 52.54%     
---------------------------- TRAINING EPOCH: 200 ----------------------------  
client [20] (testset)   loss: 1.2042 -> 1.1420  accuracy: 37.50% -> 37.50%     
client [23] (testset)   loss: 1.9468 -> 1.9995  accuracy: 39.13% -> 39.13%     
client [88] (testset)   loss: 0.5427 -> 0.5180  accuracy: 87.41% -> 87.41%     
client [98] (testset)   loss: 0.2534 -> 0.2511  accuracy: 100.00% -> 100.00%   
client [79] (testset)   loss: 0.7195 -> 0.7253  accuracy: 64.00% -> 64.00%     
client [21] (testset)   loss: 0.7280 -> 0.7392  accuracy: 74.07% -> 74.07%     
client [92] (testset)   loss: 1.2559 -> 1.2696  accuracy: 55.10% -> 55.10%     
client [56] (testset)   loss: 0.7171 -> 0.7161  accuracy: 79.34% -> 79.34%     
client [5]  (testset)   loss: 0.5716 -> 0.5414  accuracy: 90.00% -> 90.00%     
client [52] (testset)   loss: 0.9262 -> 0.9311  accuracy: 65.62% -> 65.62%     
FedFew's average time taken by each global epoch: 0 min 0.98 sec.              
FedFew's total running time: 0 h 3 m 17 s.                                     
==================== FedFew Experiment Results: ====================           
Display format: (before local fine-tuning) -> (after local fine-tuning)        
 So if finetune_epoch = 0, x.xx% -> 0.00% is normal.                           
 Centralized testing ONLY happens after model aggregation, so the stats between
'->' are the same.                                                             
{                                                                              
    "100": {                                                                   
        "all_clients": {                                                       
            "test": {                                                          
                "loss": "0.9172 -> 0.0000",                                    
                "accuracy": "65.87% -> 0.00%"                                  
            }                                                                  
        }                                                                      
    },                                                                         
    "200": {                                                                   
        "all_clients": {                                                       
            "test": {                                                          
                "loss": "0.9150 -> 0.0000",                                    
                "accuracy": "66.38% -> 0.00%"                                  
            }                                                                  
        }                                                                      
    }                                                                          
}                                                                              
==================== FedFew Max Accuracy ====================                  
all_clients:                                                                   
(test) before fine-tuning: 66.38% at epoch 200                                 
(test) after fine-tuning: 0.00% at epoch 100                                   
