==================== FedRep ====================                               
Experiment Arguments:                                                          
{
    'method': 'fedrep',
    'dataset': {
        'name': 'mnist',
        'client_num': 100,
        'test_ratio': 0.25,
        'val_ratio': 0.0,
        'seed': 42,
        'split': 'sample',
        'IID_ratio': 0.0,
        'monitor_window_name_suffix': 'mnist-100clients-0%IID-Dir(0.5)-seed42',
        'alpha': 0.5,
        'min_samples_per_client': 10
    },
    'model': {
        'name': 'avgcnn',
        'use_torchvision_pretrained_weights': True,
        'external_model_weights_path': None
    },
    'optimizer': {
        'lr': 0.01,
        'dampening': 0,
        'weight_decay': 0,
        'momentum': 0.7,
        'nesterov': False,
        'name': 'sgd'
    },
    'mode': 'parallel',
    'parallel': {
        'ray_cluster_addr': None,
        'num_cpus': 24.0,
        'num_gpus': 1.0,
        'num_workers': 2
    },
    'common': {
        'seed': 42,
        'join_ratio': 0.1,
        'global_epoch': 400,
        'local_epoch': 5,
        'batch_size': 32,
        'reset_optimizer_on_global_epoch': True,
        'straggler_ratio': 0,
        'straggler_min_local_epoch': 0,
        'buffers': 'global',
        'client_side_evaluation': True,
        'test': {
            'client': {
                'interval': 100,
                'finetune_epoch': 5,
                'train': False,
                'val': False,
                'test': True
            },
            'server': {
                'interval': -1,
                'train': False,
                'val': False,
                'test': True,
                'model_in_train_mode': False
            }
        },
        'verbose_gap': 10,
        'monitor': None,
        'use_cuda': True,
        'save_log': True,
        'save_model': False,
        'save_learning_curve_plot': True,
        'save_metrics': True,
        'delete_useless_run': True
    },
    'fedprox': {
        'mu': 0.01
    },
    'pfedsim': {
        'warmup_round': 0.5
    },
    'fedrep': {
        'train_body_epoch': 1
    }
}
---------------------------- TRAINING EPOCH: 10 ----------------------------   
client [77] (testset)   loss: 0.4369 -> 0.3482  accuracy: 87.06% -> 90.59%     
client [81] (testset)   loss: 0.2651 -> 0.2465  accuracy: 92.12% -> 92.53%     
client [21] (testset)   loss: 0.2295 -> 0.1386  accuracy: 92.34% -> 96.65%     
client [93] (testset)   loss: 0.1393 -> 0.1516  accuracy: 95.74% -> 93.62%     
client [68] (testset)   loss: 0.1069 -> 0.0939  accuracy: 97.77% -> 96.88%     
client [20] (testset)   loss: 0.2253 -> 0.2263  accuracy: 94.37% -> 93.66%     
client [31] (testset)   loss: 1.2190 -> 0.2166  accuracy: 75.40% -> 94.65%     
client [59] (testset)   loss: 0.1498 -> 0.1115  accuracy: 95.83% -> 94.79%     
client [48] (testset)   loss: 0.1033 -> 0.1114  accuracy: 96.45% -> 96.45%     
client [34] (testset)   loss: 0.1366 -> 0.1260  accuracy: 96.25% -> 95.88%     
---------------------------- TRAINING EPOCH: 20 ----------------------------   
client [69] (testset)   loss: 0.1970 -> 0.2229  accuracy: 94.29% -> 93.57%     
client [99] (testset)   loss: 0.1933 -> 0.1859  accuracy: 91.72% -> 92.31%     
client [67] (testset)   loss: 0.1467 -> 0.1544  accuracy: 96.00% -> 96.00%     
client [0]  (testset)   loss: 0.1642 -> 0.1785  accuracy: 95.54% -> 94.90%     
client [76] (testset)   loss: 0.0951 -> 0.0999  accuracy: 97.81% -> 96.17%     
client [62] (testset)   loss: 0.1039 -> 0.0357  accuracy: 95.76% -> 97.58%     
client [41] (testset)   loss: 0.1676 -> 0.1406  accuracy: 94.17% -> 93.72%     
client [14] (testset)   loss: 0.1248 -> 0.1355  accuracy: 96.59% -> 96.02%     
client [2]  (testset)   loss: 0.1282 -> 0.0734  accuracy: 96.75% -> 97.08%     
client [46] (testset)   loss: 0.1478 -> 0.1404  accuracy: 94.50% -> 94.50%     
---------------------------- TRAINING EPOCH: 30 ----------------------------   
client [24] (testset)   loss: 0.1408 -> 0.1620  accuracy: 95.79% -> 94.74%     
client [68] (testset)   loss: 0.0602 -> 0.0535  accuracy: 98.21% -> 98.21%     
client [57] (testset)   loss: 0.1927 -> 0.2030  accuracy: 96.81% -> 96.81%     
client [17] (testset)   loss: 0.1719 -> 0.1844  accuracy: 95.97% -> 94.35%     
client [23] (testset)   loss: 0.1347 -> 0.0680  accuracy: 96.52% -> 97.39%     
client [54] (testset)   loss: 0.1242 -> 0.1209  accuracy: 97.79% -> 97.79%     
client [59] (testset)   loss: 0.0786 -> 0.0695  accuracy: 97.92% -> 96.88%     
client [35] (testset)   loss: 0.1884 -> 0.1721  accuracy: 95.80% -> 96.64%     
client [9]  (testset)   loss: 0.1250 -> 0.1273  accuracy: 94.55% -> 94.55%     
client [31] (testset)   loss: 0.0901 -> 0.0998  accuracy: 97.86% -> 97.33%     
---------------------------- TRAINING EPOCH: 40 ----------------------------   
client [64] (testset)   loss: 0.1688 -> 0.1921  accuracy: 94.44% -> 94.44%     
client [33] (testset)   loss: 0.0955 -> 0.0974  accuracy: 96.69% -> 96.13%     
client [16] (testset)   loss: 0.1700 -> 0.1864  accuracy: 94.12% -> 92.44%     
client [8]  (testset)   loss: 0.0425 -> 0.0380  accuracy: 98.53% -> 98.53%     
client [44] (testset)   loss: 0.1094 -> 0.0966  accuracy: 94.90% -> 96.60%     
client [31] (testset)   loss: 0.0865 -> 0.0987  accuracy: 97.33% -> 96.79%     
client [36] (testset)   loss: 0.1074 -> 0.1168  accuracy: 96.91% -> 96.91%     
client [20] (testset)   loss: 0.1327 -> 0.1634  accuracy: 95.07% -> 94.37%     
client [47] (testset)   loss: 0.0830 -> 0.1084  accuracy: 96.98% -> 96.22%     
client [56] (testset)   loss: 0.0956 -> 0.1068  accuracy: 97.31% -> 97.69%     
---------------------------- TRAINING EPOCH: 50 ----------------------------   
client [4]  (testset)   loss: 0.2546 -> 0.2711  accuracy: 96.20% -> 94.94%     
client [60] (testset)   loss: 0.0670 -> 0.0760  accuracy: 98.69% -> 98.04%     
client [25] (testset)   loss: 0.2048 -> 0.2048  accuracy: 94.37% -> 95.77%     
client [28] (testset)   loss: 0.0416 -> 0.0595  accuracy: 98.53% -> 97.06%     
client [58] (testset)   loss: 0.1959 -> 0.1210  accuracy: 96.43% -> 97.45%     
client [39] (testset)   loss: 0.1321 -> 0.1272  accuracy: 96.93% -> 96.32%     
client [44] (testset)   loss: 0.0964 -> 0.1722  accuracy: 96.60% -> 94.33%     
client [29] (testset)   loss: 0.0577 -> 0.0694  accuracy: 98.26% -> 97.09%     
client [3]  (testset)   loss: 0.2846 -> 0.2583  accuracy: 95.96% -> 94.95%     
client [84] (testset)   loss: 0.0457 -> 0.0549  accuracy: 98.65% -> 97.31%     
---------------------------- TRAINING EPOCH: 60 ----------------------------   
client [21] (testset)   loss: 0.0765 -> 0.0690  accuracy: 96.65% -> 97.61%     
client [84] (testset)   loss: 0.0401 -> 0.0511  accuracy: 98.21% -> 98.21%     
client [10] (testset)   loss: 0.0281 -> 0.0190  accuracy: 98.53% -> 99.02%     
client [36] (testset)   loss: 0.0759 -> 0.0737  accuracy: 97.30% -> 96.91%     
client [65] (testset)   loss: 0.0621 -> 0.0659  accuracy: 97.45% -> 97.87%     
client [81] (testset)   loss: 0.1026 -> 0.1310  accuracy: 96.68% -> 95.85%     
client [79] (testset)   loss: 0.1860 -> 0.1941  accuracy: 95.92% -> 95.92%     
client [42] (testset)   loss: 0.1302 -> 0.1619  accuracy: 96.63% -> 95.67%     
client [11] (testset)   loss: 0.0631 -> 0.0555  accuracy: 98.21% -> 97.76%     
client [96] (testset)   loss: 0.0759 -> 0.0539  accuracy: 97.89% -> 97.19%     
---------------------------- TRAINING EPOCH: 70 ----------------------------   
client [8]  (testset)   loss: 0.0412 -> 0.0353  accuracy: 97.06% -> 98.53%     
client [53] (testset)   loss: 0.1881 -> 0.1775  accuracy: 94.31% -> 95.93%     
client [52] (testset)   loss: 0.2546 -> 0.2240  accuracy: 96.10% -> 96.10%     
client [42] (testset)   loss: 0.1591 -> 0.1691  accuracy: 96.15% -> 95.67%     
client [69] (testset)   loss: 0.0956 -> 0.0990  accuracy: 97.86% -> 97.14%     
client [59] (testset)   loss: 0.0533 -> 0.0493  accuracy: 97.92% -> 97.92%     
client [7]  (testset)   loss: 0.0682 -> 0.0571  accuracy: 97.78% -> 98.22%     
client [26] (testset)   loss: 0.0920 -> 0.1042  accuracy: 97.56% -> 97.56%     
client [49] (testset)   loss: 0.1115 -> 0.1174  accuracy: 94.85% -> 94.85%     
client [98] (testset)   loss: 0.1113 -> 0.1203  accuracy: 97.14% -> 97.14%     
---------------------------- TRAINING EPOCH: 80 ----------------------------   
client [98] (testset)   loss: 0.1466 -> 0.1300  accuracy: 95.24% -> 97.14%     
client [21] (testset)   loss: 0.0467 -> 0.0457  accuracy: 98.56% -> 99.04%     
client [77] (testset)   loss: 0.2330 -> 0.2461  accuracy: 92.94% -> 92.94%     
client [47] (testset)   loss: 0.0950 -> 0.1143  accuracy: 97.16% -> 95.84%     
client [91] (testset)   loss: 0.0482 -> 0.0507  accuracy: 99.12% -> 99.12%     
client [95] (testset)   loss: 0.1065 -> 0.1096  accuracy: 96.24% -> 95.77%     
client [99] (testset)   loss: 0.1294 -> 0.1364  accuracy: 95.27% -> 95.27%     
client [14] (testset)   loss: 0.0896 -> 0.0816  accuracy: 96.59% -> 97.16%     
client [20] (testset)   loss: 0.1374 -> 0.1837  accuracy: 95.77% -> 95.07%     
client [39] (testset)   loss: 0.1718 -> 0.1533  accuracy: 95.71% -> 96.93%     
---------------------------- TRAINING EPOCH: 90 ----------------------------   
client [52] (testset)   loss: 0.2114 -> 0.2284  accuracy: 96.10% -> 96.10%     
client [62] (testset)   loss: 0.0099 -> 0.0155  accuracy: 100.00% -> 99.39%    
client [71] (testset)   loss: 0.0811 -> 0.0889  accuracy: 96.15% -> 96.15%     
client [97] (testset)   loss: 0.0891 -> 0.0912  accuracy: 96.63% -> 97.19%     
client [30] (testset)   loss: 0.0411 -> 0.0370  accuracy: 98.71% -> 99.35%     
client [88] (testset)   loss: 0.0017 -> 0.0017  accuracy: 100.00% -> 100.00%   
client [60] (testset)   loss: 0.0461 -> 0.0480  accuracy: 98.69% -> 98.69%     
client [91] (testset)   loss: 0.0565 -> 0.0533  accuracy: 98.23% -> 98.23%     
client [57] (testset)   loss: 0.2367 -> 0.2276  accuracy: 96.81% -> 96.81%     
client [82] (testset)   loss: 0.0583 -> 0.0766  accuracy: 98.74% -> 98.48%     
---------------------------- TRAINING EPOCH: 100 ----------------------------  
client [15] (testset)   loss: 0.1164 -> 0.1159  accuracy: 96.13% -> 96.13%     
client [31] (testset)   loss: 0.0934 -> 0.1008  accuracy: 97.86% -> 97.33%     
client [71] (testset)   loss: 0.0866 -> 0.0845  accuracy: 96.15% -> 96.15%     
client [97] (testset)   loss: 0.0997 -> 0.0998  accuracy: 97.19% -> 97.19%     
client [53] (testset)   loss: 0.2032 -> 0.2018  accuracy: 95.12% -> 95.93%     
client [77] (testset)   loss: 0.2599 -> 0.2513  accuracy: 92.94% -> 92.94%     
client [76] (testset)   loss: 0.0637 -> 0.0630  accuracy: 97.27% -> 97.27%     
client [79] (testset)   loss: 0.2077 -> 0.2073  accuracy: 95.92% -> 95.92%     
client [28] (testset)   loss: 0.0304 -> 0.0290  accuracy: 98.53% -> 98.53%     
client [99] (testset)   loss: 0.1302 -> 0.1152  accuracy: 95.27% -> 95.86%     
---------------------------- TRAINING EPOCH: 110 ----------------------------  
client [86] (testset)   loss: 0.1314 -> 0.1331  accuracy: 96.45% -> 96.45%     
client [97] (testset)   loss: 0.1063 -> 0.1071  accuracy: 96.63% -> 96.63%     
client [73] (testset)   loss: 0.0482 -> 0.0399  accuracy: 98.26% -> 98.26%     
client [34] (testset)   loss: 0.0967 -> 0.0996  accuracy: 97.38% -> 97.38%     
client [5]  (testset)   loss: 0.1323 -> 0.1439  accuracy: 95.29% -> 95.29%     
client [96] (testset)   loss: 0.0488 -> 0.0507  accuracy: 98.25% -> 98.25%     
client [22] (testset)   loss: 0.0499 -> 0.0495  accuracy: 96.30% -> 96.30%     
client [60] (testset)   loss: 0.0418 -> 0.0471  accuracy: 98.69% -> 98.69%     
client [66] (testset)   loss: 0.0827 -> 0.0742  accuracy: 97.91% -> 97.91%     
client [83] (testset)   loss: 0.1218 -> 0.1159  accuracy: 97.48% -> 98.32%     
---------------------------- TRAINING EPOCH: 120 ----------------------------  
client [76] (testset)   loss: 0.0659 -> 0.0646  accuracy: 97.27% -> 96.72%     
client [65] (testset)   loss: 0.0649 -> 0.0678  accuracy: 97.45% -> 97.87%     
client [17] (testset)   loss: 0.1619 -> 0.1731  accuracy: 96.77% -> 96.77%     
client [95] (testset)   loss: 0.1076 -> 0.1040  accuracy: 95.77% -> 96.24%     
client [8]  (testset)   loss: 0.0448 -> 0.0338  accuracy: 98.53% -> 98.53%     
client [35] (testset)   loss: 0.1708 -> 0.1740  accuracy: 95.80% -> 95.80%     
client [98] (testset)   loss: 0.1517 -> 0.1233  accuracy: 97.14% -> 97.14%     
client [53] (testset)   loss: 0.1838 -> 0.2019  accuracy: 95.93% -> 95.93%     
client [43] (testset)   loss: 0.1590 -> 0.1581  accuracy: 94.44% -> 95.24%     
client [64] (testset)   loss: 0.1575 -> 0.1538  accuracy: 95.24% -> 96.03%     
---------------------------- TRAINING EPOCH: 130 ----------------------------  
client [88] (testset)   loss: 0.0011 -> 0.0011  accuracy: 100.00% -> 100.00%   
client [21] (testset)   loss: 0.0389 -> 0.0425  accuracy: 98.56% -> 98.56%     
client [38] (testset)   loss: 0.1064 -> 0.1055  accuracy: 97.91% -> 97.91%     
client [3]  (testset)   loss: 0.3484 -> 0.3240  accuracy: 95.96% -> 95.96%     
client [5]  (testset)   loss: 0.1420 -> 0.1388  accuracy: 94.71% -> 95.29%     
client [41] (testset)   loss: 0.1463 -> 0.1612  accuracy: 95.07% -> 94.62%     
client [37] (testset)   loss: 0.0845 -> 0.0645  accuracy: 98.35% -> 97.52%     
client [7]  (testset)   loss: 0.0395 -> 0.8835  accuracy: 99.11% -> 80.00%     
client [45] (testset)   loss: 0.0803 -> 0.0846  accuracy: 97.89% -> 97.89%     
client [47] (testset)   loss: 0.0893 -> 0.0861  accuracy: 98.11% -> 97.92%     
---------------------------- TRAINING EPOCH: 140 ----------------------------  
client [16] (testset)   loss: 0.2405 -> 0.2363  accuracy: 93.28% -> 93.28%     
client [11] (testset)   loss: 0.0739 -> 0.0555  accuracy: 96.41% -> 97.31%     
client [37] (testset)   loss: 0.0705 -> 0.0756  accuracy: 97.52% -> 97.52%     
client [41] (testset)   loss: 0.1556 -> 0.1459  accuracy: 94.62% -> 95.07%     
client [95] (testset)   loss: 0.1031 -> 0.1035  accuracy: 96.24% -> 96.24%     
client [53] (testset)   loss: 0.2051 -> 0.1852  accuracy: 95.93% -> 95.93%     
client [22] (testset)   loss: 0.0381 -> 0.0421  accuracy: 97.04% -> 97.04%     
client [25] (testset)   loss: 0.2152 -> 0.2167  accuracy: 95.77% -> 95.77%     
client [69] (testset)   loss: 0.0940 -> 0.0880  accuracy: 97.86% -> 97.14%     
client [46] (testset)   loss: 0.1110 -> 0.1109  accuracy: 96.33% -> 96.33%     
---------------------------- TRAINING EPOCH: 150 ----------------------------  
client [69] (testset)   loss: 0.0899 -> 0.0934  accuracy: 97.14% -> 97.86%     
client [47] (testset)   loss: 0.0936 -> 0.0926  accuracy: 97.92% -> 97.92%     
client [82] (testset)   loss: 0.0652 -> 0.0681  accuracy: 98.74% -> 98.74%     
client [45] (testset)   loss: 0.0825 -> 0.0851  accuracy: 97.89% -> 97.89%     
client [50] (testset)   loss: 0.0620 -> 0.0575  accuracy: 97.75% -> 97.75%     
client [7]  (testset)   loss: 0.0370 -> 0.0485  accuracy: 98.67% -> 98.67%     
client [35] (testset)   loss: 0.1832 -> 0.1833  accuracy: 95.80% -> 96.64%     
client [24] (testset)   loss: 0.1299 -> 0.1260  accuracy: 97.89% -> 97.89%     
client [15] (testset)   loss: 0.1213 -> 0.1227  accuracy: 96.13% -> 96.13%     
client [58] (testset)   loss: 0.1479 -> 0.1475  accuracy: 97.45% -> 97.45%     
---------------------------- TRAINING EPOCH: 160 ----------------------------  
client [48] (testset)   loss: 0.0785 -> 0.0789  accuracy: 97.87% -> 97.87%     
client [76] (testset)   loss: 0.0773 -> 0.0716  accuracy: 96.72% -> 97.27%     
client [67] (testset)   loss: 0.0464 -> 0.0453  accuracy: 98.29% -> 98.29%     
client [37] (testset)   loss: 0.0651 -> 0.0694  accuracy: 97.52% -> 97.52%     
client [64] (testset)   loss: 0.1628 -> 0.1613  accuracy: 95.24% -> 95.24%     
client [58] (testset)   loss: 0.1553 -> 0.1500  accuracy: 97.45% -> 97.45%     
client [77] (testset)   loss: 0.2653 -> 0.2616  accuracy: 91.76% -> 91.76%     
client [12] (testset)   loss: 0.1338 -> 0.1390  accuracy: 97.16% -> 96.45%     
client [55] (testset)   loss: 0.0518 -> 0.0571  accuracy: 98.93% -> 98.93%     
client [89] (testset)   loss: 0.1030 -> 0.1110  accuracy: 98.73% -> 98.31%     
---------------------------- TRAINING EPOCH: 170 ----------------------------  
client [51] (testset)   loss: 0.0186 -> 0.0170  accuracy: 99.50% -> 99.50%     
client [84] (testset)   loss: 0.0426 -> 0.0437  accuracy: 98.21% -> 98.21%     
client [8]  (testset)   loss: 0.0232 -> 0.0242  accuracy: 98.53% -> 98.53%     
client [18] (testset)   loss: 0.0779 -> 0.0985  accuracy: 97.06% -> 96.32%     
client [94] (testset)   loss: 0.1211 -> 0.1305  accuracy: 96.34% -> 96.34%     
client [81] (testset)   loss: 0.1118 -> 0.1132  accuracy: 97.51% -> 97.51%     
client [3]  (testset)   loss: 0.3511 -> 0.3471  accuracy: 95.96% -> 95.96%     
client [95] (testset)   loss: 0.1035 -> 0.1077  accuracy: 96.24% -> 96.71%     
client [11] (testset)   loss: 0.0624 -> 0.0581  accuracy: 97.31% -> 97.76%     
client [67] (testset)   loss: 0.0452 -> 0.0443  accuracy: 98.29% -> 98.29%     
---------------------------- TRAINING EPOCH: 180 ----------------------------  
client [79] (testset)   loss: 0.2460 -> 0.2425  accuracy: 95.92% -> 95.92%     
client [21] (testset)   loss: 0.0455 -> 0.0514  accuracy: 99.04% -> 98.56%     
client [88] (testset)   loss: 0.0010 -> 0.0010  accuracy: 100.00% -> 100.00%   
client [58] (testset)   loss: 0.1639 -> 0.1602  accuracy: 97.45% -> 97.45%     
client [46] (testset)   loss: 0.1231 -> 0.1189  accuracy: 96.33% -> 96.33%     
client [11] (testset)   loss: 0.0545 -> 0.0616  accuracy: 97.31% -> 96.86%     
client [55] (testset)   loss: 0.0590 -> 0.0596  accuracy: 98.93% -> 98.93%     
client [13] (testset)   loss: 0.1462 -> 0.1376  accuracy: 96.28% -> 96.28%     
client [75] (testset)   loss: 0.0018 -> 0.0019  accuracy: 100.00% -> 100.00%   
client [31] (testset)   loss: 0.0969 -> 0.1119  accuracy: 98.40% -> 97.86%     
---------------------------- TRAINING EPOCH: 190 ----------------------------  
client [19] (testset)   loss: 0.0318 -> 0.0333  accuracy: 97.70% -> 97.70%     
client [7]  (testset)   loss: 0.0480 -> 0.0460  accuracy: 99.11% -> 98.67%     
client [57] (testset)   loss: 0.3073 -> 0.3098  accuracy: 96.81% -> 96.81%     
client [43] (testset)   loss: 0.1715 -> 0.1725  accuracy: 95.24% -> 95.24%     
client [13] (testset)   loss: 0.1551 -> 0.1526  accuracy: 95.98% -> 96.28%     
client [91] (testset)   loss: 0.0581 -> 0.0584  accuracy: 99.12% -> 99.12%     
client [64] (testset)   loss: 0.1669 -> 0.1677  accuracy: 95.24% -> 95.24%     
client [10] (testset)   loss: 0.0174 -> 0.0176  accuracy: 99.02% -> 99.02%     
client [22] (testset)   loss: 0.0397 -> 0.0379  accuracy: 97.04% -> 97.04%     
client [82] (testset)   loss: 0.0700 -> 0.0710  accuracy: 98.74% -> 98.74%     
---------------------------- TRAINING EPOCH: 200 ----------------------------  
client [23] (testset)   loss: 0.0425 -> 0.0402  accuracy: 98.26% -> 98.26%     
client [20] (testset)   loss: 0.1830 -> 0.1778  accuracy: 95.77% -> 95.77%     
client [88] (testset)   loss: 0.0009 -> 0.0007  accuracy: 100.00% -> 100.00%   
client [98] (testset)   loss: 0.1385 -> 0.1379  accuracy: 97.14% -> 97.14%     
client [79] (testset)   loss: 0.2451 -> 0.2446  accuracy: 95.92% -> 95.92%     
client [92] (testset)   loss: 0.1613 -> 0.1637  accuracy: 98.25% -> 98.25%     
client [21] (testset)   loss: 0.0511 -> 0.0519  accuracy: 98.56% -> 98.56%     
client [5]  (testset)   loss: 0.1548 -> 0.1535  accuracy: 95.29% -> 95.29%     
client [56] (testset)   loss: 0.1398 -> 0.1384  accuracy: 97.69% -> 97.69%     
client [52] (testset)   loss: 0.2791 -> 0.2808  accuracy: 96.10% -> 96.10%     
---------------------------- TRAINING EPOCH: 210 ----------------------------  
client [67] (testset)   loss: 0.0523 -> 0.0520  accuracy: 97.71% -> 97.71%     
client [54] (testset)   loss: 0.2311 -> 0.2349  accuracy: 96.46% -> 96.46%     
client [14] (testset)   loss: 0.1192 -> 0.1197  accuracy: 96.59% -> 96.59%     
client [99] (testset)   loss: 0.1371 -> 0.1408  accuracy: 95.86% -> 95.86%     
client [30] (testset)   loss: 0.0366 -> 0.0362  accuracy: 99.35% -> 99.35%     
client [36] (testset)   loss: 0.0597 -> 0.0612  accuracy: 96.53% -> 96.53%     
client [38] (testset)   loss: 0.1185 -> 0.1193  accuracy: 97.91% -> 97.91%     
client [15] (testset)   loss: 0.1324 -> 0.1295  accuracy: 96.13% -> 96.13%     
client [53] (testset)   loss: 0.2320 -> 0.2322  accuracy: 95.93% -> 95.93%     
client [6]  (testset)   loss: 0.1057 -> 0.1178  accuracy: 96.71% -> 96.71%     
---------------------------- TRAINING EPOCH: 220 ----------------------------  
client [6]  (testset)   loss: 0.1119 -> 0.1030  accuracy: 98.03% -> 97.37%     
client [99] (testset)   loss: 0.1390 -> 0.1357  accuracy: 95.86% -> 95.86%     
client [83] (testset)   loss: 0.1324 -> 0.1315  accuracy: 97.48% -> 97.48%     
client [42] (testset)   loss: 0.2038 -> 0.2036  accuracy: 95.67% -> 96.15%     
client [34] (testset)   loss: 0.1133 -> 0.1107  accuracy: 97.38% -> 97.75%     
client [15] (testset)   loss: 0.1286 -> 0.1259  accuracy: 96.13% -> 96.13%     
client [55] (testset)   loss: 0.0616 -> 0.0606  accuracy: 98.93% -> 98.93%     
client [47] (testset)   loss: 0.1025 -> 0.1036  accuracy: 97.92% -> 97.92%     
client [51] (testset)   loss: 0.0095 -> 0.0135  accuracy: 99.50% -> 99.50%     
client [95] (testset)   loss: 0.1209 -> 0.1168  accuracy: 96.24% -> 96.71%     
---------------------------- TRAINING EPOCH: 230 ----------------------------  
client [71] (testset)   loss: 0.0979 -> 0.0917  accuracy: 94.87% -> 96.15%     
client [15] (testset)   loss: 0.1265 -> 0.1270  accuracy: 96.13% -> 96.13%     
client [33] (testset)   loss: 0.0613 -> 0.0645  accuracy: 96.69% -> 96.13%     
client [99] (testset)   loss: 0.1423 -> 0.1411  accuracy: 95.86% -> 95.86%     
client [90] (testset)   loss: 0.1065 -> 0.1079  accuracy: 97.84% -> 97.84%     
client [57] (testset)   loss: 0.3304 -> 0.3329  accuracy: 96.81% -> 96.81%     
client [78] (testset)   loss: 0.0894 -> 0.0901  accuracy: 97.59% -> 97.59%     
client [27] (testset)   loss: 0.1060 -> 0.1166  accuracy: 96.95% -> 96.95%     
client [88] (testset)   loss: 0.0007 -> 0.0006  accuracy: 100.00% -> 100.00%   
client [36] (testset)   loss: 0.0606 -> 0.0627  accuracy: 96.91% -> 96.53%     
---------------------------- TRAINING EPOCH: 240 ----------------------------  
client [70] (testset)   loss: 0.0653 -> 0.0651  accuracy: 97.30% -> 97.30%     
client [35] (testset)   loss: 0.2058 -> 0.2036  accuracy: 96.64% -> 96.64%     
client [16] (testset)   loss: 0.2613 -> 0.2612  accuracy: 94.12% -> 94.12%     
client [80] (testset)   loss: 0.0014 -> 0.0014  accuracy: 100.00% -> 100.00%   
client [78] (testset)   loss: 0.1021 -> 0.0976  accuracy: 97.59% -> 97.59%     
client [38] (testset)   loss: 0.1207 -> 0.1223  accuracy: 97.91% -> 97.91%     
client [68] (testset)   loss: 0.0710 -> 0.0662  accuracy: 98.21% -> 98.66%     
client [11] (testset)   loss: 0.0596 -> 0.0621  accuracy: 96.86% -> 96.86%     
client [64] (testset)   loss: 0.1732 -> 0.1739  accuracy: 96.03% -> 96.03%     
client [82] (testset)   loss: 0.0766 -> 0.0775  accuracy: 98.74% -> 98.74%     
---------------------------- TRAINING EPOCH: 250 ----------------------------  
client [30] (testset)   loss: 0.0361 -> 0.0350  accuracy: 99.35% -> 99.35%     
client [27] (testset)   loss: 0.1019 -> 0.1135  accuracy: 97.46% -> 96.95%     
client [74] (testset)   loss: 0.0653 -> 0.0672  accuracy: 98.05% -> 98.05%     
client [45] (testset)   loss: 0.1033 -> 0.1038  accuracy: 97.89% -> 97.89%     
client [6]  (testset)   loss: 0.1080 -> 0.1111  accuracy: 97.37% -> 96.71%     
client [36] (testset)   loss: 0.0657 -> 0.0669  accuracy: 96.53% -> 96.91%     
client [63] (testset)   loss: 0.2100 -> 0.2199  accuracy: 97.69% -> 97.22%     
client [76] (testset)   loss: 0.0791 -> 0.0806  accuracy: 96.72% -> 96.72%     
client [83] (testset)   loss: 0.1323 -> 0.1323  accuracy: 97.48% -> 97.48%     
client [86] (testset)   loss: 0.1570 -> 0.1570  accuracy: 96.45% -> 96.45%     
---------------------------- TRAINING EPOCH: 260 ----------------------------  
client [83] (testset)   loss: 0.1339 -> 0.1357  accuracy: 98.32% -> 97.48%     
client [99] (testset)   loss: 0.1383 -> 0.1421  accuracy: 95.86% -> 95.86%     
client [74] (testset)   loss: 0.0699 -> 0.0703  accuracy: 98.05% -> 98.05%     
client [73] (testset)   loss: 0.0393 -> 0.0409  accuracy: 98.26% -> 98.26%     
client [92] (testset)   loss: 0.1771 -> 0.1774  accuracy: 98.25% -> 98.25%     
client [29] (testset)   loss: 0.0293 -> 0.0277  accuracy: 98.26% -> 98.26%     
client [6]  (testset)   loss: 0.1091 -> 0.0918  accuracy: 96.71% -> 98.03%     
client [61] (testset)   loss: 0.1652 -> 0.1627  accuracy: 98.74% -> 98.74%     
client [21] (testset)   loss: 0.0522 -> 0.0543  accuracy: 98.56% -> 98.56%     
client [67] (testset)   loss: 0.0442 -> 0.0516  accuracy: 98.86% -> 98.29%     
---------------------------- TRAINING EPOCH: 270 ----------------------------  
client [83] (testset)   loss: 0.1350 -> 0.1354  accuracy: 97.48% -> 97.48%     
client [32] (testset)   loss: 0.1464 -> 0.1465  accuracy: 95.45% -> 96.21%     
client [61] (testset)   loss: 0.1656 -> 0.1643  accuracy: 98.74% -> 98.74%     
client [95] (testset)   loss: 0.1225 -> 0.1233  accuracy: 96.24% -> 96.71%     
client [25] (testset)   loss: 0.2485 -> 0.2471  accuracy: 95.77% -> 95.77%     
client [27] (testset)   loss: 0.1122 -> 0.1067  accuracy: 96.95% -> 97.46%     
client [68] (testset)   loss: 0.0677 -> 0.0677  accuracy: 98.66% -> 98.66%     
client [34] (testset)   loss: 0.1154 -> 0.1204  accuracy: 97.75% -> 97.38%     
client [71] (testset)   loss: 0.0919 -> 0.0897  accuracy: 96.15% -> 96.15%     
client [89] (testset)   loss: 0.1149 -> 0.1194  accuracy: 98.73% -> 98.73%     
---------------------------- TRAINING EPOCH: 280 ----------------------------  
client [78] (testset)   loss: 0.1008 -> 0.1000  accuracy: 97.59% -> 97.59%     
client [81] (testset)   loss: 0.1227 -> 0.1233  accuracy: 97.51% -> 97.51%     
client [51] (testset)   loss: 0.0141 -> 0.0136  accuracy: 99.50% -> 99.50%     
client [54] (testset)   loss: 0.2409 -> 0.2443  accuracy: 96.46% -> 96.46%     
client [65] (testset)   loss: 0.0806 -> 0.0816  accuracy: 97.87% -> 97.87%     
client [41] (testset)   loss: 0.1817 -> 0.1755  accuracy: 95.07% -> 94.62%     
client [11] (testset)   loss: 0.0601 -> 0.0645  accuracy: 96.86% -> 96.86%     
client [12] (testset)   loss: 0.1513 -> 0.1497  accuracy: 95.74% -> 95.74%     
client [85] (testset)   loss: 0.0903 -> 0.0918  accuracy: 97.75% -> 97.75%     
client [23] (testset)   loss: 0.0489 -> 0.0467  accuracy: 98.26% -> 98.26%     
---------------------------- TRAINING EPOCH: 290 ----------------------------  
client [16] (testset)   loss: 0.2676 -> 0.2674  accuracy: 94.12% -> 94.12%     
client [65] (testset)   loss: 0.0817 -> 0.0823  accuracy: 97.87% -> 97.87%     
client [53] (testset)   loss: 0.2536 -> 0.2536  accuracy: 95.93% -> 95.93%     
client [58] (testset)   loss: 0.1809 -> 0.1722  accuracy: 97.45% -> 97.45%     
client [72] (testset)   loss: 0.0246 -> 0.0236  accuracy: 99.07% -> 99.07%     
client [7]  (testset)   loss: 0.0524 -> 0.0515  accuracy: 98.67% -> 98.67%     
client [71] (testset)   loss: 0.0897 -> 0.0900  accuracy: 96.15% -> 96.15%     
client [59] (testset)   loss: 0.0563 -> 0.0566  accuracy: 97.92% -> 97.92%     
client [86] (testset)   loss: 0.1592 -> 0.1614  accuracy: 96.45% -> 96.45%     
client [39] (testset)   loss: 0.2247 -> 0.2277  accuracy: 96.32% -> 96.32%     
---------------------------- TRAINING EPOCH: 300 ----------------------------  
client [99] (testset)   loss: 0.1533 -> 0.1481  accuracy: 95.86% -> 95.86%     
client [7]  (testset)   loss: 0.0551 -> 0.0500  accuracy: 99.11% -> 98.67%     
client [17] (testset)   loss: 0.2386 -> 0.2390  accuracy: 95.97% -> 95.97%     
client [64] (testset)   loss: 0.1845 -> 0.1850  accuracy: 95.24% -> 95.24%     
client [37] (testset)   loss: 0.0900 -> 0.0893  accuracy: 97.52% -> 97.52%     
client [29] (testset)   loss: 0.0255 -> 0.0241  accuracy: 97.67% -> 98.26%     
client [93] (testset)   loss: 0.0754 -> 0.0749  accuracy: 97.16% -> 97.16%     
client [73] (testset)   loss: 0.0453 -> 0.0425  accuracy: 98.26% -> 98.26%     
client [40] (testset)   loss: 0.0755 -> 0.0804  accuracy: 99.32% -> 99.32%     
client [76] (testset)   loss: 0.0812 -> 0.0818  accuracy: 96.72% -> 96.72%     
---------------------------- TRAINING EPOCH: 310 ----------------------------  
client [31] (testset)   loss: 0.1205 -> 0.1217  accuracy: 98.40% -> 97.33%     
client [89] (testset)   loss: 0.1173 -> 0.1121  accuracy: 98.73% -> 98.73%     
client [77] (testset)   loss: 0.2942 -> 0.2947  accuracy: 91.76% -> 91.76%     
client [90] (testset)   loss: 0.1179 -> 0.1163  accuracy: 97.84% -> 97.84%     
client [26] (testset)   loss: 0.1291 -> 0.1276  accuracy: 97.56% -> 97.56%     
client [50] (testset)   loss: 0.0551 -> 0.0553  accuracy: 97.75% -> 97.75%     
client [70] (testset)   loss: 0.0632 -> 0.0620  accuracy: 97.30% -> 97.30%     
client [30] (testset)   loss: 0.0349 -> 0.0351  accuracy: 99.35% -> 99.35%     
client [99] (testset)   loss: 0.1473 -> 0.1473  accuracy: 95.86% -> 95.86%     
client [41] (testset)   loss: 0.1848 -> 0.1910  accuracy: 94.62% -> 94.62%     
---------------------------- TRAINING EPOCH: 320 ----------------------------  
client [70] (testset)   loss: 0.0644 -> 0.0633  accuracy: 97.30% -> 97.30%     
client [52] (testset)   loss: 0.3127 -> 0.3116  accuracy: 96.10% -> 96.10%     
client [68] (testset)   loss: 0.0702 -> 0.0706  accuracy: 98.66% -> 98.21%     
client [1]  (testset)   loss: 0.2233 -> 0.2225  accuracy: 95.48% -> 95.48%     
client [2]  (testset)   loss: 0.0591 -> 0.0591  accuracy: 98.38% -> 98.38%     
client [67] (testset)   loss: 0.0532 -> 0.0529  accuracy: 98.29% -> 98.29%     
client [92] (testset)   loss: 0.1862 -> 0.1863  accuracy: 98.25% -> 98.25%     
client [35] (testset)   loss: 0.2162 -> 0.2137  accuracy: 96.64% -> 96.64%     
client [64] (testset)   loss: 0.1893 -> 0.1871  accuracy: 95.24% -> 95.24%     
client [36] (testset)   loss: 0.0668 -> 0.0651  accuracy: 96.53% -> 96.53%     
---------------------------- TRAINING EPOCH: 330 ----------------------------  
client [6]  (testset)   loss: 0.1174 -> 0.1167  accuracy: 96.71% -> 96.71%     
client [12] (testset)   loss: 0.1593 -> 0.1584  accuracy: 96.45% -> 96.45%     
client [44] (testset)   loss: 0.0629 -> 0.0618  accuracy: 98.30% -> 98.30%     
client [29] (testset)   loss: 0.0243 -> 0.0279  accuracy: 98.26% -> 98.26%     
client [9]  (testset)   loss: 0.1100 -> 0.1101  accuracy: 96.36% -> 96.36%     
client [55] (testset)   loss: 0.0666 -> 0.0662  accuracy: 98.93% -> 98.93%     
client [43] (testset)   loss: 0.1993 -> 0.1998  accuracy: 95.24% -> 95.24%     
client [77] (testset)   loss: 0.2991 -> 0.2977  accuracy: 91.76% -> 91.76%     
client [98] (testset)   loss: 0.1522 -> 0.1528  accuracy: 97.14% -> 97.14%     
client [78] (testset)   loss: 0.0981 -> 0.0994  accuracy: 97.59% -> 97.59%     
---------------------------- TRAINING EPOCH: 340 ----------------------------  
client [92] (testset)   loss: 0.1901 -> 0.1896  accuracy: 98.25% -> 98.25%     
client [80] (testset)   loss: 0.0009 -> 0.0009  accuracy: 100.00% -> 100.00%   
client [63] (testset)   loss: 0.2260 -> 0.2328  accuracy: 97.69% -> 97.69%     
client [76] (testset)   loss: 0.0844 -> 0.0836  accuracy: 96.72% -> 96.72%     
client [78] (testset)   loss: 0.0981 -> 0.0996  accuracy: 97.59% -> 97.59%     
client [25] (testset)   loss: 0.2602 -> 0.2613  accuracy: 95.77% -> 95.77%     
client [58] (testset)   loss: 0.1915 -> 0.1786  accuracy: 97.45% -> 97.45%     
client [13] (testset)   loss: 0.1657 -> 0.1773  accuracy: 96.59% -> 95.98%     
client [17] (testset)   loss: 0.2467 -> 0.2460  accuracy: 95.97% -> 95.97%     
client [38] (testset)   loss: 0.1306 -> 0.1310  accuracy: 97.91% -> 97.91%     
---------------------------- TRAINING EPOCH: 350 ----------------------------  
client [72] (testset)   loss: 0.0255 -> 0.0257  accuracy: 99.07% -> 99.07%     
client [82] (testset)   loss: 0.0819 -> 0.0835  accuracy: 98.74% -> 98.74%     
client [86] (testset)   loss: 0.1696 -> 0.1673  accuracy: 96.45% -> 96.45%     
client [51] (testset)   loss: 0.0141 -> 0.0147  accuracy: 99.50% -> 99.50%     
client [42] (testset)   loss: 0.2269 -> 0.2252  accuracy: 95.67% -> 95.67%     
client [96] (testset)   loss: 0.0541 -> 0.0563  accuracy: 98.25% -> 98.25%     
client [13] (testset)   loss: 0.1662 -> 0.1669  accuracy: 96.59% -> 96.59%     
client [55] (testset)   loss: 0.0675 -> 0.0677  accuracy: 98.93% -> 98.93%     
client [1]  (testset)   loss: 0.2279 -> 0.2271  accuracy: 95.48% -> 95.48%     
client [12] (testset)   loss: 0.1591 -> 0.1589  accuracy: 96.45% -> 96.45%     
---------------------------- TRAINING EPOCH: 360 ----------------------------  
client [23] (testset)   loss: 0.0498 -> 0.0499  accuracy: 98.26% -> 98.26%     
client [68] (testset)   loss: 0.0695 -> 0.0699  accuracy: 98.21% -> 98.21%     
client [46] (testset)   loss: 0.1323 -> 0.1324  accuracy: 96.33% -> 96.33%     
client [25] (testset)   loss: 0.2621 -> 0.2627  accuracy: 95.77% -> 95.77%     
client [41] (testset)   loss: 0.1912 -> 0.2167  accuracy: 94.62% -> 95.07%     
client [58] (testset)   loss: 0.1894 -> 0.1888  accuracy: 97.45% -> 97.45%     
client [14] (testset)   loss: 0.1303 -> 0.1310  accuracy: 96.59% -> 96.59%     
client [33] (testset)   loss: 0.0675 -> 0.0677  accuracy: 96.13% -> 96.13%     
client [85] (testset)   loss: 0.0958 -> 0.0963  accuracy: 97.75% -> 97.75%     
client [62] (testset)   loss: 0.0303 -> 0.0302  accuracy: 98.79% -> 98.79%     
---------------------------- TRAINING EPOCH: 370 ----------------------------  
client [98] (testset)   loss: 0.1528 -> 0.1536  accuracy: 97.14% -> 97.14%     
client [70] (testset)   loss: 0.0568 -> 0.0568  accuracy: 97.30% -> 97.30%     
client [63] (testset)   loss: 0.2319 -> 0.2315  accuracy: 97.69% -> 97.22%     
client [14] (testset)   loss: 0.1334 -> 0.1336  accuracy: 96.59% -> 96.59%     
client [65] (testset)   loss: 0.0867 -> 0.0866  accuracy: 97.87% -> 97.87%     
client [73] (testset)   loss: 0.0413 -> 0.0415  accuracy: 98.26% -> 98.26%     
client [34] (testset)   loss: 0.1273 -> 0.1278  accuracy: 97.75% -> 97.75%     
client [99] (testset)   loss: 0.1511 -> 0.1515  accuracy: 95.86% -> 95.86%     
client [46] (testset)   loss: 0.1337 -> 0.1335  accuracy: 96.33% -> 96.33%     
client [69] (testset)   loss: 0.1030 -> 0.1029  accuracy: 97.86% -> 97.86%     
---------------------------- TRAINING EPOCH: 380 ----------------------------  
client [93] (testset)   loss: 0.0784 -> 0.0779  accuracy: 97.16% -> 97.16%     
client [99] (testset)   loss: 0.1534 -> 0.1514  accuracy: 96.45% -> 96.45%     
client [11] (testset)   loss: 0.0648 -> 0.0669  accuracy: 96.86% -> 97.31%     
client [58] (testset)   loss: 0.1904 -> 0.1861  accuracy: 97.45% -> 97.45%     
client [81] (testset)   loss: 0.1287 -> 0.1286  accuracy: 97.51% -> 97.51%     
client [85] (testset)   loss: 0.0965 -> 0.0972  accuracy: 97.75% -> 97.75%     
client [45] (testset)   loss: 0.1141 -> 0.1147  accuracy: 97.89% -> 97.89%     
client [89] (testset)   loss: 0.1189 -> 0.1164  accuracy: 98.73% -> 98.73%     
client [8]  (testset)   loss: 0.0206 -> 0.0213  accuracy: 98.53% -> 98.53%     
client [68] (testset)   loss: 0.0711 -> 0.0712  accuracy: 98.66% -> 98.21%     
---------------------------- TRAINING EPOCH: 390 ----------------------------  
client [67] (testset)   loss: 0.0553 -> 0.0544  accuracy: 98.29% -> 98.29%     
client [72] (testset)   loss: 0.0252 -> 0.0286  accuracy: 99.07% -> 99.07%     
client [1]  (testset)   loss: 0.2314 -> 0.2313  accuracy: 95.48% -> 95.48%     
client [78] (testset)   loss: 0.1026 -> 0.1034  accuracy: 97.59% -> 97.59%     
client [83] (testset)   loss: 0.1434 -> 0.1435  accuracy: 98.32% -> 98.32%     
client [21] (testset)   loss: 0.0576 -> 0.0579  accuracy: 98.56% -> 98.56%     
client [56] (testset)   loss: 0.1640 -> 0.1639  accuracy: 97.69% -> 97.69%     
client [92] (testset)   loss: 0.1938 -> 0.1938  accuracy: 98.25% -> 98.25%     
client [44] (testset)   loss: 0.0658 -> 0.0654  accuracy: 98.30% -> 98.58%     
client [27] (testset)   loss: 0.1168 -> 0.1177  accuracy: 97.46% -> 97.46%     
---------------------------- TRAINING EPOCH: 400 ----------------------------  
client [39] (testset)   loss: 0.2441 -> 0.2414  accuracy: 96.32% -> 96.32%     
client [10] (testset)   loss: 0.0200 -> 0.0200  accuracy: 99.02% -> 99.02%     
client [26] (testset)   loss: 0.1355 -> 0.1356  accuracy: 97.56% -> 97.56%     
client [65] (testset)   loss: 0.0879 -> 0.0881  accuracy: 97.87% -> 97.87%     
client [19] (testset)   loss: 0.0395 -> 0.0398  accuracy: 97.70% -> 97.70%     
client [68] (testset)   loss: 0.0707 -> 0.0718  accuracy: 98.66% -> 98.21%     
client [41] (testset)   loss: 0.1930 -> 0.2009  accuracy: 94.62% -> 94.62%     
client [75] (testset)   loss: 0.0012 -> 0.0012  accuracy: 100.00% -> 100.00%   
client [50] (testset)   loss: 0.0589 -> 0.0596  accuracy: 97.75% -> 97.75%     
client [81] (testset)   loss: 0.1297 -> 0.1293  accuracy: 97.51% -> 97.51%     
FedRep's average time taken by each global epoch: 0 min 2.37 sec.              
FedRep's total running time: 0 h 17 m 13 s.                                    
==================== FedRep Experiment Results: ====================           
Display format: (before local fine-tuning) -> (after local fine-tuning)        
 So if finetune_epoch = 0, x.xx% -> 0.00% is normal.                           
 Centralized testing ONLY happens after model aggregation, so the stats between
'->' are the same.                                                             
{                                                                              
    "100": {                                                                   
        "all_clients": {                                                       
            "test": {                                                          
                "loss": "0.0942 -> 0.0934",                                    
                "accuracy": "97.51% -> 97.47%"                                 
            }                                                                  
        }                                                                      
    },                                                                         
    "200": {                                                                   
        "all_clients": {                                                       
            "test": {                                                          
                "loss": "0.1082 -> 0.1086",                                    
                "accuracy": "97.46% -> 97.47%"                                 
            }                                                                  
        }                                                                      
    },                                                                         
    "300": {                                                                   
        "all_clients": {                                                       
            "test": {                                                          
                "loss": "0.1180 -> 0.1180",                                    
                "accuracy": "97.42% -> 97.45%"                                 
            }                                                                  
        }                                                                      
    },                                                                         
    "400": {                                                                   
        "all_clients": {                                                       
            "test": {                                                          
                "loss": "0.1245 -> 0.1246",                                    
                "accuracy": "97.48% -> 97.48%"                                 
            }                                                                  
        }                                                                      
    }                                                                          
}                                                                              
==================== FedRep Max Accuracy ====================                  
all_clients:                                                                   
(test) before fine-tuning: 97.51% at epoch 100                                 
(test) after fine-tuning: 97.48% at epoch 400                                  
