==================== FLUTE ====================                                
Experiment Arguments:                                                          
{
    'method': 'flute',
    'dataset': {
        'name': 'medmnistC',
        'client_num': 100,
        'test_ratio': 0.25,
        'val_ratio': 0.0,
        'seed': 42,
        'split': 'sample',
        'IID_ratio': 0.0,
        'monitor_window_name_suffix': 'medmnistC-100clients-0%IID-Dir(0.1)-seed42',
        'alpha': 0.1,
        'min_samples_per_client': 10
    },
    'model': {
        'name': 'avgcnn',
        'use_torchvision_pretrained_weights': True,
        'external_model_weights_path': None
    },
    'optimizer': {
        'lr': 0.01,
        'dampening': 0,
        'weight_decay': 0,
        'momentum': 0.7,
        'nesterov': False,
        'name': 'sgd'
    },
    'mode': 'parallel',
    'parallel': {
        'ray_cluster_addr': None,
        'num_cpus': 24.0,
        'num_gpus': 1.0,
        'num_workers': 2
    },
    'common': {
        'seed': 42,
        'join_ratio': 0.1,
        'global_epoch': 400,
        'local_epoch': 5,
        'batch_size': 32,
        'reset_optimizer_on_global_epoch': True,
        'straggler_ratio': 0,
        'straggler_min_local_epoch': 0,
        'buffers': 'global',
        'client_side_evaluation': True,
        'test': {
            'client': {
                'interval': 100,
                'finetune_epoch': 5,
                'train': False,
                'val': False,
                'test': True
            },
            'server': {
                'interval': -1,
                'train': False,
                'val': False,
                'test': True,
                'model_in_train_mode': False
            }
        },
        'verbose_gap': 10,
        'monitor': None,
        'use_cuda': True,
        'save_log': True,
        'save_model': False,
        'save_learning_curve_plot': True,
        'save_metrics': True,
        'delete_useless_run': True
    },
    'fedprox': {
        'mu': 0.01
    },
    'pfedsim': {
        'warmup_round': 0.5
    },
    'flute': {
        'rep_round': 1,
        'lamda1': 0.25,
        'lamda2': 0.0025,
        'lamda3': 0.0005,
        'gamma1': 1,
        'gamma2': 1,
        'nc2_lr': 0.5
    }
}
---------------------------- TRAINING EPOCH: 10 ----------------------------   
client [77] (testset)   loss: 2.9481 -> 2.5333  accuracy: 36.36% -> 36.36%     
client [21] (testset)   loss: 3.0578 -> 0.9049  accuracy: 0.00% -> 74.07%      
client [81] (testset)   loss: 3.7931 -> 0.5417  accuracy: 0.00% -> 80.58%      
client [68] (testset)   loss: 3.8902 -> 1.1590  accuracy: 11.11% -> 59.72%     
client [93] (testset)   loss: 0.3335 -> 0.3038  accuracy: 93.33% -> 93.33%     
client [20] (testset)   loss: 1.4053 -> 1.3223  accuracy: 37.50% -> 37.50%     
client [31] (testset)   loss: 2.6673 -> 0.6980  accuracy: 0.00% -> 85.14%      
client [48] (testset)   loss: 0.7157 -> 0.6891  accuracy: 83.15% -> 83.15%     
client [59] (testset)   loss: 2.3797 -> 1.1808  accuracy: 11.67% -> 50.83%     
client [34] (testset)   loss: 4.4348 -> 0.7997  accuracy: 0.00% -> 82.14%      
---------------------------- TRAINING EPOCH: 20 ----------------------------   
client [99] (testset)   loss: 1.2655 -> 1.1951  accuracy: 71.43% -> 71.43%     
client [69] (testset)   loss: 0.9993 -> 0.9407  accuracy: 71.15% -> 71.15%     
client [67] (testset)   loss: 2.3926 -> 0.6425  accuracy: 7.14% -> 85.71%      
client [0]  (testset)   loss: 2.3240 -> 1.4141  accuracy: 45.12% -> 45.12%     
client [76] (testset)   loss: 3.9136 -> 2.5790  accuracy: 0.00% -> 0.00%       
client [62] (testset)   loss: 3.0739 -> 0.3719  accuracy: 4.55% -> 95.45%      
client [41] (testset)   loss: 1.2124 -> 1.1844  accuracy: 65.43% -> 65.43%     
client [14] (testset)   loss: 3.4995 -> 0.9055  accuracy: 0.00% -> 85.00%      
client [2]  (testset)   loss: 2.6631 -> 1.1140  accuracy: 0.00% -> 47.27%      
client [46] (testset)   loss: 1.5523 -> 0.9835  accuracy: 64.47% -> 64.47%     
---------------------------- TRAINING EPOCH: 30 ----------------------------   
client [24] (testset)   loss: 2.7659 -> 0.4507  accuracy: 0.00% -> 93.75%      
client [57] (testset)   loss: 1.7037 -> 1.5701  accuracy: 40.91% -> 40.91%     
client [68] (testset)   loss: 3.0365 -> 1.1386  accuracy: 11.11% -> 59.72%     
client [54] (testset)   loss: 2.2052 -> 2.0203  accuracy: 25.00% -> 25.00%     
client [23] (testset)   loss: 2.5401 -> 1.8663  accuracy: 0.00% -> 39.13%      
client [17] (testset)   loss: 1.5496 -> 0.9360  accuracy: 69.92% -> 69.92%     
client [35] (testset)   loss: 0.5747 -> 0.5573  accuracy: 85.00% -> 85.00%     
client [59] (testset)   loss: 1.1758 -> 1.1589  accuracy: 50.83% -> 50.83%     
client [31] (testset)   loss: 3.2519 -> 0.7098  accuracy: 0.00% -> 85.14%      
client [9]  (testset)   loss: 2.9926 -> 1.4630  accuracy: 0.00% -> 23.40%      
---------------------------- TRAINING EPOCH: 40 ----------------------------   
client [64] (testset)   loss: 2.2357 -> 1.9166  accuracy: 50.00% -> 50.00%     
client [16] (testset)   loss: 3.4743 -> 0.8201  accuracy: 0.00% -> 78.95%      
client [33] (testset)   loss: 1.8824 -> 0.8946  accuracy: 7.79% -> 75.32%      
client [8]  (testset)   loss: 2.4342 -> 1.2858  accuracy: 41.67% -> 41.67%     
client [44] (testset)   loss: 1.6476 -> 0.9258  accuracy: 63.10% -> 63.10%     
client [31] (testset)   loss: 0.6687 -> 0.6540  accuracy: 85.14% -> 85.14%     
client [47] (testset)   loss: 3.9844 -> 0.6436  accuracy: 3.33% -> 87.78%      
client [36] (testset)   loss: 2.9819 -> 1.9065  accuracy: 4.44% -> 28.89%      
client [20] (testset)   loss: 2.5571 -> 1.6072  accuracy: 37.50% -> 37.50%     
client [56] (testset)   loss: 2.8605 -> 0.7603  accuracy: 7.44% -> 79.34%      
---------------------------- TRAINING EPOCH: 50 ----------------------------   
client [4]  (testset)   loss: 4.8077 -> 2.6656  accuracy: 0.00% -> 25.00%      
client [28] (testset)   loss: 3.2172 -> 1.5745  accuracy: 0.00% -> 61.54%      
client [25] (testset)   loss: 2.5481 -> 0.4211  accuracy: 9.52% -> 90.48%      
client [60] (testset)   loss: 3.3698 -> 0.4380  accuracy: 2.73% -> 91.82%      
client [44] (testset)   loss: 2.5923 -> 0.9292  accuracy: 0.00% -> 63.10%      
client [39] (testset)   loss: 1.1082 -> 1.0768  accuracy: 78.57% -> 78.57%     
client [29] (testset)   loss: 2.9928 -> 0.8447  accuracy: 0.00% -> 81.48%      
client [3]  (testset)   loss: 2.6518 -> 1.9645  accuracy: 0.00% -> 17.65%      
client [58] (testset)   loss: 0.7265 -> 0.5288  accuracy: 86.70% -> 86.70%     
client [84] (testset)   loss: 1.6441 -> 1.6206  accuracy: 40.23% -> 40.23%     
---------------------------- TRAINING EPOCH: 60 ----------------------------   
client [21] (testset)   loss: 0.8116 -> 0.7926  accuracy: 74.07% -> 74.07%     
client [10] (testset)   loss: 3.7822 -> 1.5889  accuracy: 12.50% -> 46.88%     
client [84] (testset)   loss: 1.6111 -> 1.6039  accuracy: 40.23% -> 40.23%     
client [36] (testset)   loss: 3.0077 -> 1.8668  accuracy: 0.00% -> 28.89%      
client [65] (testset)   loss: 1.2345 -> 1.2234  accuracy: 62.22% -> 62.22%     
client [79] (testset)   loss: 0.7570 -> 0.7407  accuracy: 64.00% -> 64.00%     
client [42] (testset)   loss: 2.5024 -> 1.1098  accuracy: 0.00% -> 100.00%     
client [81] (testset)   loss: 1.9183 -> 0.5401  accuracy: 19.42% -> 80.58%     
client [11] (testset)   loss: 0.6950 -> 0.6481  accuracy: 85.71% -> 85.71%     
client [96] (testset)   loss: 3.6267 -> 2.7473  accuracy: 0.00% -> 0.00%       
---------------------------- TRAINING EPOCH: 70 ----------------------------   
client [8]  (testset)   loss: 2.0881 -> 1.2161  accuracy: 0.00% -> 41.67%      
client [53] (testset)   loss: 3.4715 -> 0.8502  accuracy: 0.00% -> 78.85%      
client [42] (testset)   loss: 3.7959 -> 1.6947  accuracy: 0.00% -> 0.00%       
client [52] (testset)   loss: 1.1764 -> 1.0026  accuracy: 65.62% -> 65.62%     
client [69] (testset)   loss: 2.9989 -> 1.0822  accuracy: 0.00% -> 71.15%      
client [7]  (testset)   loss: 3.1715 -> 0.1458  accuracy: 2.27% -> 97.73%      
client [59] (testset)   loss: 1.1650 -> 1.1514  accuracy: 50.83% -> 50.83%     
client [26] (testset)   loss: 1.8603 -> 1.1867  accuracy: 57.69% -> 57.69%     
client [98] (testset)   loss: 2.5696 -> 0.9059  accuracy: 0.00% -> 100.00%     
client [49] (testset)   loss: 0.9242 -> 0.9159  accuracy: 75.00% -> 75.00%     
---------------------------- TRAINING EPOCH: 80 ----------------------------   
client [98] (testset)   loss: 3.8148 -> 1.8797  accuracy: 0.00% -> 0.00%       
client [21] (testset)   loss: 3.4214 -> 0.9162  accuracy: 0.00% -> 74.07%      
client [77] (testset)   loss: 2.2336 -> 1.9704  accuracy: 27.27% -> 36.36%     
client [47] (testset)   loss: 0.6245 -> 0.6162  accuracy: 87.78% -> 87.78%     
client [95] (testset)   loss: 3.1622 -> 1.6130  accuracy: 0.00% -> 46.43%      
client [91] (testset)   loss: 3.0701 -> 2.5521  accuracy: 0.00% -> 16.67%      
client [14] (testset)   loss: 1.9896 -> 0.7226  accuracy: 0.00% -> 85.00%      
client [99] (testset)   loss: 1.2980 -> 1.2286  accuracy: 71.43% -> 71.43%     
client [20] (testset)   loss: 1.4038 -> 1.3187  accuracy: 37.50% -> 37.50%     
client [39] (testset)   loss: 0.9815 -> 0.9691  accuracy: 78.57% -> 78.57%     
---------------------------- TRAINING EPOCH: 90 ----------------------------   
client [62] (testset)   loss: 0.3871 -> 0.4455  accuracy: 95.45% -> 95.45%     
client [52] (testset)   loss: 2.2805 -> 0.9273  accuracy: 5.21% -> 65.62%      
client [71] (testset)   loss: 0.8821 -> 0.8525  accuracy: 71.97% -> 71.97%     
client [97] (testset)   loss: 1.2782 -> 1.2696  accuracy: 42.02% -> 42.02%     
client [30] (testset)   loss: 2.4728 -> 1.4499  accuracy: 25.56% -> 38.89%     
client [88] (testset)   loss: 5.1225 -> 0.4970  accuracy: 1.40% -> 87.41%      
client [60] (testset)   loss: 0.4360 -> 0.4302  accuracy: 91.82% -> 91.82%     
client [91] (testset)   loss: 3.1042 -> 2.7350  accuracy: 0.00% -> 16.67%      
client [82] (testset)   loss: 2.6742 -> 0.9246  accuracy: 0.00% -> 69.05%      
client [57] (testset)   loss: 3.4732 -> 1.5896  accuracy: 0.00% -> 40.91%      
---------------------------- TRAINING EPOCH: 100 ----------------------------  
client [31] (testset)   loss: 0.6481 -> 0.6368  accuracy: 85.14% -> 85.14%     
client [15] (testset)   loss: 1.0776 -> 1.0300  accuracy: 49.32% -> 49.32%     
client [97] (testset)   loss: 1.5412 -> 1.2840  accuracy: 40.34% -> 42.02%     
client [71] (testset)   loss: 0.8536 -> 0.8447  accuracy: 71.97% -> 71.97%     
client [77] (testset)   loss: 3.5977 -> 2.4274  accuracy: 0.00% -> 0.00%       
client [76] (testset)   loss: 1.6274 -> 1.6274  accuracy: 50.00% -> 50.00%     
client [53] (testset)   loss: 1.1596 -> 0.8199  accuracy: 78.85% -> 78.85%     
client [79] (testset)   loss: 2.3103 -> 0.8075  accuracy: 0.00% -> 64.00%      
client [28] (testset)   loss: 1.7875 -> 1.3615  accuracy: 61.54% -> 61.54%     
client [99] (testset)   loss: 2.9738 -> 1.2136  accuracy: 0.00% -> 71.43%      
---------------------------- TRAINING EPOCH: 110 ----------------------------  
client [86] (testset)   loss: 1.3619 -> 1.3400  accuracy: 31.48% -> 31.48%     
client [34] (testset)   loss: 1.0526 -> 0.6795  accuracy: 82.14% -> 82.14%     
client [97] (testset)   loss: 2.7239 -> 1.3255  accuracy: 0.00% -> 42.02%      
client [73] (testset)   loss: 0.9390 -> 0.8505  accuracy: 76.92% -> 76.92%     
client [5]  (testset)   loss: 0.4858 -> 0.4602  accuracy: 90.00% -> 90.00%     
client [96] (testset)   loss: 3.5466 -> 2.7468  accuracy: 0.00% -> 0.00%       
client [22] (testset)   loss: 2.6851 -> 0.9802  accuracy: 0.00% -> 52.54%      
client [60] (testset)   loss: 2.1927 -> 0.4262  accuracy: 3.64% -> 91.82%      
client [66] (testset)   loss: 0.1556 -> 0.1559  accuracy: 97.75% -> 97.75%     
client [83] (testset)   loss: 0.4850 -> 0.4701  accuracy: 87.91% -> 87.91%     
---------------------------- TRAINING EPOCH: 120 ----------------------------  
client [76] (testset)   loss: 1.7284 -> 1.6983  accuracy: 50.00% -> 50.00%     
client [65] (testset)   loss: 1.2229 -> 1.2109  accuracy: 62.22% -> 62.22%     
client [95] (testset)   loss: 2.4607 -> 1.5318  accuracy: 0.00% -> 46.43%      
client [8]  (testset)   loss: 2.8779 -> 1.2250  accuracy: 0.00% -> 41.67%      
client [17] (testset)   loss: 0.9216 -> 0.9092  accuracy: 69.92% -> 69.92%     
client [98] (testset)   loss: 0.3691 -> 0.3036  accuracy: 100.00% -> 100.00%   
client [35] (testset)   loss: 0.5694 -> 0.5509  accuracy: 85.00% -> 85.00%     
client [43] (testset)   loss: 1.9146 -> 0.9002  accuracy: 0.00% -> 83.33%      
client [64] (testset)   loss: 2.4598 -> 1.9539  accuracy: 0.00% -> 0.00%       
client [53] (testset)   loss: 0.8414 -> 0.8104  accuracy: 78.85% -> 78.85%     
---------------------------- TRAINING EPOCH: 130 ----------------------------  
client [21] (testset)   loss: 0.8821 -> 0.8218  accuracy: 74.07% -> 74.07%     
client [38] (testset)   loss: 1.6369 -> 0.9133  accuracy: 76.00% -> 76.00%     
client [3]  (testset)   loss: 2.9518 -> 1.8691  accuracy: 11.76% -> 17.65%     
client [88] (testset)   loss: 2.3886 -> 0.5052  accuracy: 10.49% -> 87.41%     
client [5]  (testset)   loss: 3.0388 -> 0.5743  accuracy: 0.00% -> 90.00%      
client [7]  (testset)   loss: 0.6772 -> 0.1538  accuracy: 97.73% -> 97.73%     
client [41] (testset)   loss: 2.9439 -> 1.1817  accuracy: 9.88% -> 65.43%      
client [37] (testset)   loss: 3.4731 -> 1.6886  accuracy: 0.00% -> 55.00%      
client [45] (testset)   loss: 2.0106 -> 1.7407  accuracy: 36.36% -> 27.27%     
client [47] (testset)   loss: 0.6221 -> 0.6136  accuracy: 87.78% -> 87.78%     
---------------------------- TRAINING EPOCH: 140 ----------------------------  
client [11] (testset)   loss: 0.8189 -> 0.7329  accuracy: 85.71% -> 85.71%     
client [16] (testset)   loss: 0.7489 -> 0.7547  accuracy: 78.95% -> 78.95%     
client [37] (testset)   loss: 3.5895 -> 1.7734  accuracy: 0.00% -> 55.00%      
client [95] (testset)   loss: 1.3901 -> 1.3780  accuracy: 46.43% -> 46.43%     
client [41] (testset)   loss: 2.6172 -> 1.1940  accuracy: 9.88% -> 65.43%      
client [22] (testset)   loss: 0.9588 -> 0.9564  accuracy: 52.54% -> 52.54%     
client [53] (testset)   loss: 2.3095 -> 0.8251  accuracy: 0.00% -> 78.85%      
client [25] (testset)   loss: 1.7692 -> 0.4724  accuracy: 0.00% -> 90.48%      
client [69] (testset)   loss: 2.0782 -> 1.0703  accuracy: 0.00% -> 71.15%      
client [46] (testset)   loss: 3.1467 -> 0.9771  accuracy: 0.00% -> 64.47%      
---------------------------- TRAINING EPOCH: 150 ----------------------------  
client [69] (testset)   loss: 1.9347 -> 0.9907  accuracy: 0.00% -> 71.15%      
client [47] (testset)   loss: 0.6188 -> 0.6125  accuracy: 87.78% -> 87.78%     
client [45] (testset)   loss: 3.2049 -> 1.9160  accuracy: 0.00% -> 27.27%      
client [82] (testset)   loss: 1.5870 -> 0.9138  accuracy: 69.05% -> 69.05%     
client [50] (testset)   loss: 2.8758 -> 2.1348  accuracy: 0.00% -> 11.11%      
client [7]  (testset)   loss: 0.5914 -> 0.1534  accuracy: 97.73% -> 97.73%     
client [24] (testset)   loss: 0.3750 -> 0.3260  accuracy: 93.75% -> 93.75%     
client [35] (testset)   loss: 0.6702 -> 0.5621  accuracy: 85.00% -> 85.00%     
client [15] (testset)   loss: 1.0588 -> 1.0188  accuracy: 39.73% -> 49.32%     
client [58] (testset)   loss: 0.7161 -> 0.5099  accuracy: 86.70% -> 86.70%     
---------------------------- TRAINING EPOCH: 160 ----------------------------  
client [76] (testset)   loss: 2.2112 -> 1.8111  accuracy: 0.00% -> 50.00%      
client [48] (testset)   loss: 0.6762 -> 0.6606  accuracy: 83.15% -> 83.15%     
client [67] (testset)   loss: 2.7338 -> 0.6529  accuracy: 0.00% -> 85.71%      
client [37] (testset)   loss: 1.4072 -> 1.1904  accuracy: 45.00% -> 55.00%     
client [64] (testset)   loss: 2.4084 -> 2.1370  accuracy: 50.00% -> 50.00%     
client [77] (testset)   loss: 2.6624 -> 2.1126  accuracy: 0.00% -> 36.36%      
client [55] (testset)   loss: 0.7946 -> 0.8152  accuracy: 83.78% -> 83.78%     
client [12] (testset)   loss: 1.9737 -> 1.3629  accuracy: 0.00% -> 61.11%      
client [58] (testset)   loss: 1.0268 -> 0.5160  accuracy: 86.70% -> 86.70%     
client [89] (testset)   loss: 1.3201 -> 1.0326  accuracy: 54.29% -> 40.00%     
---------------------------- TRAINING EPOCH: 170 ----------------------------  
client [51] (testset)   loss: 1.9565 -> 1.3121  accuracy: 0.00% -> 80.00%      
client [84] (testset)   loss: 1.6061 -> 1.6041  accuracy: 40.23% -> 40.23%     
client [8]  (testset)   loss: 1.7625 -> 1.2080  accuracy: 41.67% -> 41.67%     
client [18] (testset)   loss: 1.2920 -> 0.1985  accuracy: 97.37% -> 97.37%     
client [94] (testset)   loss: 0.9508 -> 0.9438  accuracy: 83.33% -> 83.33%     
client [3]  (testset)   loss: 2.1675 -> 1.7023  accuracy: 0.00% -> 17.65%      
client [11] (testset)   loss: 1.7598 -> 0.7832  accuracy: 0.00% -> 85.71%      
client [81] (testset)   loss: 0.5428 -> 0.5172  accuracy: 80.58% -> 80.58%     
client [95] (testset)   loss: 1.4103 -> 1.3884  accuracy: 46.43% -> 46.43%     
client [67] (testset)   loss: 0.6523 -> 0.6207  accuracy: 85.71% -> 85.71%     
---------------------------- TRAINING EPOCH: 180 ----------------------------  
client [21] (testset)   loss: 0.7888 -> 0.7799  accuracy: 74.07% -> 74.07%     
client [79] (testset)   loss: 0.7778 -> 0.7432  accuracy: 64.00% -> 64.00%     
client [88] (testset)   loss: 1.2282 -> 0.5097  accuracy: 87.41% -> 87.41%     
client [58] (testset)   loss: 0.4998 -> 0.4949  accuracy: 86.70% -> 86.70%     
client [11] (testset)   loss: 0.7693 -> 0.6883  accuracy: 85.71% -> 85.71%     
client [55] (testset)   loss: 0.8072 -> 0.8223  accuracy: 83.78% -> 83.78%     
client [13] (testset)   loss: 1.5980 -> 1.5913  accuracy: 46.03% -> 46.03%     
client [46] (testset)   loss: 2.5203 -> 0.9744  accuracy: 0.00% -> 64.47%      
client [75] (testset)   loss: 1.4851 -> 0.9333  accuracy: 0.00% -> 100.00%     
client [31] (testset)   loss: 0.6285 -> 0.6266  accuracy: 85.14% -> 85.14%     
---------------------------- TRAINING EPOCH: 190 ----------------------------  
client [19] (testset)   loss: 1.5074 -> 0.9122  accuracy: 80.00% -> 80.00%     
client [7]  (testset)   loss: 0.1910 -> 0.1832  accuracy: 97.73% -> 97.73%     
client [57] (testset)   loss: 1.5008 -> 1.4427  accuracy: 40.91% -> 40.91%     
client [43] (testset)   loss: 0.8295 -> 0.7804  accuracy: 83.33% -> 83.33%     
client [91] (testset)   loss: 3.0830 -> 2.9924  accuracy: 16.67% -> 16.67%     
client [13] (testset)   loss: 1.6117 -> 1.5998  accuracy: 46.03% -> 46.03%     
client [64] (testset)   loss: 1.7477 -> 1.6527  accuracy: 50.00% -> 50.00%     
client [10] (testset)   loss: 2.7252 -> 1.5236  accuracy: 0.00% -> 46.88%      
client [22] (testset)   loss: 1.7644 -> 0.9836  accuracy: 42.37% -> 52.54%     
client [82] (testset)   loss: 0.9156 -> 0.8816  accuracy: 69.05% -> 69.05%     
---------------------------- TRAINING EPOCH: 200 ----------------------------  
client [20] (testset)   loss: 1.3301 -> 1.2927  accuracy: 37.50% -> 37.50%     
client [23] (testset)   loss: 3.5812 -> 1.9801  accuracy: 0.00% -> 39.13%      
client [98] (testset)   loss: 0.4154 -> 0.3355  accuracy: 100.00% -> 100.00%   
client [88] (testset)   loss: 1.6517 -> 0.5073  accuracy: 10.49% -> 87.41%     
client [79] (testset)   loss: 0.7331 -> 0.7321  accuracy: 64.00% -> 64.00%     
client [21] (testset)   loss: 0.7779 -> 0.7759  accuracy: 74.07% -> 74.07%     
client [92] (testset)   loss: 2.0939 -> 1.3097  accuracy: 12.24% -> 55.10%     
client [5]  (testset)   loss: 0.4562 -> 0.4587  accuracy: 90.00% -> 90.00%     
client [56] (testset)   loss: 1.4021 -> 0.7527  accuracy: 79.34% -> 79.34%     
client [52] (testset)   loss: 1.3903 -> 0.9805  accuracy: 65.62% -> 65.62%     
---------------------------- TRAINING EPOCH: 210 ----------------------------  
client [54] (testset)   loss: 1.9136 -> 1.8967  accuracy: 25.00% -> 25.00%     
client [14] (testset)   loss: 1.3909 -> 0.6692  accuracy: 0.00% -> 85.00%      
client [67] (testset)   loss: 0.6253 -> 0.6093  accuracy: 85.71% -> 85.71%     
client [99] (testset)   loss: 1.4158 -> 1.2602  accuracy: 71.43% -> 71.43%     
client [36] (testset)   loss: 2.2295 -> 1.7714  accuracy: 0.00% -> 28.89%      
client [30] (testset)   loss: 1.9053 -> 1.4062  accuracy: 0.00% -> 38.89%      
client [38] (testset)   loss: 0.9191 -> 0.8911  accuracy: 76.00% -> 76.00%     
client [6]  (testset)   loss: 1.4829 -> 0.7961  accuracy: 85.71% -> 85.71%     
client [15] (testset)   loss: 4.0858 -> 1.0615  accuracy: 0.00% -> 49.32%      
client [53] (testset)   loss: 1.1602 -> 0.8234  accuracy: 78.85% -> 78.85%     
---------------------------- TRAINING EPOCH: 220 ----------------------------  
client [99] (testset)   loss: 1.2392 -> 1.1679  accuracy: 71.43% -> 71.43%     
client [6]  (testset)   loss: 1.9207 -> 0.7412  accuracy: 0.00% -> 85.71%      
client [42] (testset)   loss: 0.7497 -> 0.3949  accuracy: 100.00% -> 100.00%   
client [34] (testset)   loss: 0.7936 -> 0.7076  accuracy: 82.14% -> 82.14%     
client [83] (testset)   loss: 0.4707 -> 0.4619  accuracy: 87.91% -> 87.91%     
client [15] (testset)   loss: 1.6028 -> 1.0426  accuracy: 39.73% -> 39.73%     
client [47] (testset)   loss: 1.2843 -> 0.6143  accuracy: 87.78% -> 87.78%     
client [55] (testset)   loss: 2.0197 -> 0.8212  accuracy: 5.41% -> 83.78%      
client [51] (testset)   loss: 1.2723 -> 0.9648  accuracy: 80.00% -> 80.00%     
client [95] (testset)   loss: 1.3753 -> 1.3739  accuracy: 46.43% -> 46.43%     
---------------------------- TRAINING EPOCH: 230 ----------------------------  
client [15] (testset)   loss: 1.0439 -> 1.0173  accuracy: 39.73% -> 39.73%     
client [71] (testset)   loss: 1.6913 -> 0.8543  accuracy: 71.97% -> 71.97%     
client [33] (testset)   loss: 2.1932 -> 0.8716  accuracy: 3.90% -> 75.32%      
client [99] (testset)   loss: 2.1875 -> 1.1859  accuracy: 14.29% -> 71.43%     
client [90] (testset)   loss: 2.8851 -> 1.1094  accuracy: 0.00% -> 58.33%      
client [57] (testset)   loss: 1.8453 -> 1.5392  accuracy: 40.91% -> 40.91%     
client [78] (testset)   loss: 0.7597 -> 0.7091  accuracy: 76.92% -> 76.92%     
client [27] (testset)   loss: 0.7768 -> 0.6889  accuracy: 85.26% -> 85.26%     
client [36] (testset)   loss: 1.7551 -> 1.7420  accuracy: 28.89% -> 28.89%     
client [88] (testset)   loss: 1.6576 -> 0.5016  accuracy: 10.49% -> 87.41%     
---------------------------- TRAINING EPOCH: 240 ----------------------------  
client [70] (testset)   loss: 0.6046 -> 0.5957  accuracy: 90.00% -> 90.00%     
client [16] (testset)   loss: 0.8184 -> 0.7687  accuracy: 78.95% -> 78.95%     
client [35] (testset)   loss: 0.5474 -> 0.5412  accuracy: 85.00% -> 85.00%     
client [80] (testset)   loss: 0.8347 -> 0.0580  accuracy: 100.00% -> 100.00%   
client [78] (testset)   loss: 0.7501 -> 0.7092  accuracy: 76.92% -> 76.92%     
client [38] (testset)   loss: 0.8709 -> 0.8765  accuracy: 76.00% -> 76.00%     
client [11] (testset)   loss: 0.6311 -> 0.5896  accuracy: 85.71% -> 85.71%     
client [64] (testset)   loss: 1.7640 -> 1.6792  accuracy: 50.00% -> 50.00%     
client [68] (testset)   loss: 1.0894 -> 1.0874  accuracy: 59.72% -> 59.72%     
client [82] (testset)   loss: 0.8822 -> 0.8711  accuracy: 69.05% -> 69.05%     
---------------------------- TRAINING EPOCH: 250 ----------------------------  
client [30] (testset)   loss: 1.3835 -> 1.3710  accuracy: 38.89% -> 38.89%     
client [27] (testset)   loss: 1.5856 -> 0.6810  accuracy: 3.16% -> 85.26%      
client [45] (testset)   loss: 2.8350 -> 2.0494  accuracy: 0.00% -> 27.27%      
client [6]  (testset)   loss: 0.7285 -> 0.7203  accuracy: 85.71% -> 85.71%     
client [74] (testset)   loss: 3.8514 -> 1.6743  accuracy: 13.68% -> 30.53%     
client [36] (testset)   loss: 1.7412 -> 1.7421  accuracy: 28.89% -> 28.89%     
client [76] (testset)   loss: 2.0186 -> 1.6920  accuracy: 50.00% -> 50.00%     
client [63] (testset)   loss: 1.2276 -> 0.7898  accuracy: 78.50% -> 78.50%     
client [83] (testset)   loss: 0.4663 -> 0.4617  accuracy: 87.91% -> 87.91%     
client [86] (testset)   loss: 1.6396 -> 1.3288  accuracy: 33.33% -> 31.48%     
---------------------------- TRAINING EPOCH: 260 ----------------------------  
client [99] (testset)   loss: 1.5055 -> 1.2613  accuracy: 71.43% -> 71.43%     
client [83] (testset)   loss: 0.4626 -> 0.4555  accuracy: 87.91% -> 87.91%     
client [74] (testset)   loss: 2.4621 -> 1.6851  accuracy: 13.68% -> 30.53%     
client [73] (testset)   loss: 1.5193 -> 0.8558  accuracy: 12.82% -> 76.92%     
client [29] (testset)   loss: 0.7812 -> 0.7548  accuracy: 81.48% -> 81.48%     
client [92] (testset)   loss: 1.2939 -> 1.2932  accuracy: 55.10% -> 55.10%     
client [6]  (testset)   loss: 0.6337 -> 0.6581  accuracy: 85.71% -> 85.71%     
client [21] (testset)   loss: 1.8026 -> 0.8452  accuracy: 22.22% -> 74.07%     
client [67] (testset)   loss: 0.6327 -> 0.6102  accuracy: 85.71% -> 85.71%     
client [61] (testset)   loss: 1.0228 -> 1.0159  accuracy: 68.09% -> 68.09%     
---------------------------- TRAINING EPOCH: 270 ----------------------------  
client [32] (testset)   loss: 1.9509 -> 1.9372  accuracy: 28.57% -> 28.57%     
client [95] (testset)   loss: 2.1375 -> 1.5247  accuracy: 0.00% -> 46.43%      
client [83] (testset)   loss: 1.2351 -> 0.4859  accuracy: 87.91% -> 87.91%     
client [27] (testset)   loss: 0.6818 -> 0.6691  accuracy: 85.26% -> 85.26%     
client [61] (testset)   loss: 1.0120 -> 1.0065  accuracy: 68.09% -> 68.09%     
client [25] (testset)   loss: 1.0609 -> 0.4439  accuracy: 90.48% -> 90.48%     
client [68] (testset)   loss: 1.6458 -> 1.1348  accuracy: 25.00% -> 59.72%     
client [34] (testset)   loss: 1.5741 -> 0.7479  accuracy: 82.14% -> 82.14%     
client [89] (testset)   loss: 1.6401 -> 1.0615  accuracy: 40.00% -> 40.00%     
client [71] (testset)   loss: 1.7287 -> 0.8497  accuracy: 7.01% -> 71.97%      
---------------------------- TRAINING EPOCH: 280 ----------------------------  
client [78] (testset)   loss: 0.9049 -> 0.7321  accuracy: 76.92% -> 76.92%     
client [51] (testset)   loss: 1.4897 -> 1.0624  accuracy: 80.00% -> 80.00%     
client [54] (testset)   loss: 2.3344 -> 2.1889  accuracy: 25.00% -> 25.00%     
client [81] (testset)   loss: 0.7913 -> 0.5383  accuracy: 80.58% -> 80.58%     
client [65] (testset)   loss: 1.2879 -> 1.2436  accuracy: 62.22% -> 62.22%     
client [11] (testset)   loss: 0.7677 -> 0.6950  accuracy: 85.71% -> 85.71%     
client [41] (testset)   loss: 1.1874 -> 1.1737  accuracy: 65.43% -> 65.43%     
client [12] (testset)   loss: 2.2522 -> 1.3470  accuracy: 8.33% -> 61.11%      
client [23] (testset)   loss: 1.8425 -> 1.7982  accuracy: 39.13% -> 39.13%     
client [85] (testset)   loss: 0.9374 -> 0.9269  accuracy: 68.61% -> 68.61%     
---------------------------- TRAINING EPOCH: 290 ----------------------------  
client [16] (testset)   loss: 1.8485 -> 0.7949  accuracy: 18.42% -> 78.95%     
client [65] (testset)   loss: 1.4726 -> 1.2568  accuracy: 62.22% -> 62.22%     
client [53] (testset)   loss: 2.0399 -> 0.8347  accuracy: 9.62% -> 78.85%      
client [72] (testset)   loss: 1.2781 -> 1.0862  accuracy: 70.59% -> 70.59%     
client [7]  (testset)   loss: 0.1754 -> 0.1706  accuracy: 97.73% -> 97.73%     
client [58] (testset)   loss: 0.5012 -> 0.5016  accuracy: 86.70% -> 86.70%     
client [71] (testset)   loss: 1.8603 -> 0.8430  accuracy: 19.75% -> 71.97%     
client [59] (testset)   loss: 1.1454 -> 1.1381  accuracy: 50.83% -> 50.83%     
client [39] (testset)   loss: 0.9597 -> 0.9423  accuracy: 78.57% -> 78.57%     
client [86] (testset)   loss: 1.6292 -> 1.3351  accuracy: 33.33% -> 37.04%     
---------------------------- TRAINING EPOCH: 300 ----------------------------  
client [99] (testset)   loss: 1.1558 -> 1.1453  accuracy: 71.43% -> 71.43%     
client [7]  (testset)   loss: 0.1737 -> 0.1632  accuracy: 97.73% -> 97.73%     
client [64] (testset)   loss: 1.6260 -> 1.5698  accuracy: 50.00% -> 50.00%     
client [17] (testset)   loss: 1.5422 -> 0.9047  accuracy: 17.07% -> 69.92%     
client [37] (testset)   loss: 1.9510 -> 1.3878  accuracy: 55.00% -> 55.00%     
client [29] (testset)   loss: 0.9095 -> 0.7862  accuracy: 81.48% -> 81.48%     
client [73] (testset)   loss: 0.8007 -> 0.7741  accuracy: 76.92% -> 76.92%     
client [93] (testset)   loss: 0.5591 -> 0.3018  accuracy: 93.33% -> 93.33%     
client [40] (testset)   loss: 1.2874 -> 1.2633  accuracy: 46.15% -> 46.15%     
client [76] (testset)   loss: 1.8953 -> 1.8242  accuracy: 50.00% -> 50.00%     
---------------------------- TRAINING EPOCH: 310 ----------------------------  
client [89] (testset)   loss: 1.0270 -> 1.0009  accuracy: 40.00% -> 40.00%     
client [77] (testset)   loss: 2.0310 -> 1.8195  accuracy: 36.36% -> 36.36%     
client [31] (testset)   loss: 0.8205 -> 0.6374  accuracy: 85.14% -> 85.14%     
client [26] (testset)   loss: 1.7062 -> 1.1422  accuracy: 30.77% -> 57.69%     
client [90] (testset)   loss: 1.0273 -> 0.9712  accuracy: 58.33% -> 58.33%     
client [50] (testset)   loss: 1.9706 -> 1.6004  accuracy: 33.33% -> 33.33%     
client [70] (testset)   loss: 0.5641 -> 0.6131  accuracy: 90.00% -> 90.00%     
client [30] (testset)   loss: 1.3896 -> 1.3731  accuracy: 38.89% -> 38.89%     
client [41] (testset)   loss: 1.1512 -> 1.1512  accuracy: 65.43% -> 65.43%     
client [99] (testset)   loss: 1.1432 -> 1.1356  accuracy: 71.43% -> 71.43%     
---------------------------- TRAINING EPOCH: 320 ----------------------------  
client [70] (testset)   loss: 0.5959 -> 0.5931  accuracy: 90.00% -> 90.00%     
client [68] (testset)   loss: 1.6958 -> 1.1275  accuracy: 2.78% -> 59.72%      
client [52] (testset)   loss: 0.9651 -> 0.9797  accuracy: 65.62% -> 65.62%     
client [1]  (testset)   loss: 1.5756 -> 1.3917  accuracy: 37.28% -> 37.28%     
client [67] (testset)   loss: 0.6206 -> 0.6151  accuracy: 85.71% -> 85.71%     
client [2]  (testset)   loss: 1.4729 -> 1.0881  accuracy: 47.27% -> 47.27%     
client [92] (testset)   loss: 1.3933 -> 1.2944  accuracy: 55.10% -> 55.10%     
client [36] (testset)   loss: 1.7805 -> 1.7320  accuracy: 28.89% -> 28.89%     
client [64] (testset)   loss: 1.2834 -> 1.3104  accuracy: 50.00% -> 50.00%     
client [35] (testset)   loss: 1.2259 -> 0.5715  accuracy: 85.00% -> 85.00%     
---------------------------- TRAINING EPOCH: 330 ----------------------------  
client [6]  (testset)   loss: 1.2168 -> 0.7015  accuracy: 85.71% -> 85.71%     
client [12] (testset)   loss: 1.2823 -> 1.2890  accuracy: 61.11% -> 61.11%     
client [44] (testset)   loss: 0.9126 -> 0.8991  accuracy: 63.10% -> 63.10%     
client [29] (testset)   loss: 0.7982 -> 0.7694  accuracy: 81.48% -> 81.48%     
client [55] (testset)   loss: 1.0743 -> 0.7854  accuracy: 83.78% -> 83.78%     
client [43] (testset)   loss: 1.0340 -> 0.8214  accuracy: 83.33% -> 83.33%     
client [77] (testset)   loss: 1.4947 -> 1.4628  accuracy: 36.36% -> 36.36%     
client [98] (testset)   loss: 0.4020 -> 0.3400  accuracy: 100.00% -> 100.00%   
client [78] (testset)   loss: 0.9223 -> 0.7064  accuracy: 76.92% -> 76.92%     
client [9]  (testset)   loss: 1.8039 -> 1.4253  accuracy: 28.72% -> 23.40%     
---------------------------- TRAINING EPOCH: 340 ----------------------------  
client [80] (testset)   loss: 0.4629 -> 0.0661  accuracy: 100.00% -> 100.00%   
client [92] (testset)   loss: 1.3442 -> 1.3209  accuracy: 55.10% -> 55.10%     
client [76] (testset)   loss: 1.7682 -> 1.7703  accuracy: 50.00% -> 50.00%     
client [78] (testset)   loss: 0.9001 -> 0.7100  accuracy: 76.92% -> 76.92%     
client [63] (testset)   loss: 1.2699 -> 0.7902  accuracy: 78.50% -> 78.50%     
client [25] (testset)   loss: 0.7691 -> 0.4765  accuracy: 90.48% -> 90.48%     
client [13] (testset)   loss: 2.0084 -> 1.6206  accuracy: 14.29% -> 46.03%     
client [58] (testset)   loss: 0.5026 -> 0.5022  accuracy: 86.70% -> 86.70%     
client [17] (testset)   loss: 0.9943 -> 0.9086  accuracy: 69.92% -> 69.92%     
client [38] (testset)   loss: 0.8796 -> 0.8713  accuracy: 76.00% -> 76.00%     
---------------------------- TRAINING EPOCH: 350 ----------------------------  
client [72] (testset)   loss: 1.8591 -> 1.1201  accuracy: 5.88% -> 70.59%      
client [82] (testset)   loss: 0.8964 -> 0.8752  accuracy: 69.05% -> 69.05%     
client [86] (testset)   loss: 1.3412 -> 1.3228  accuracy: 31.48% -> 31.48%     
client [51] (testset)   loss: 1.6481 -> 1.0779  accuracy: 0.00% -> 80.00%      
client [96] (testset)   loss: 1.6950 -> 1.5304  accuracy: 66.67% -> 66.67%     
client [42] (testset)   loss: 0.5976 -> 0.3416  accuracy: 100.00% -> 100.00%   
client [55] (testset)   loss: 0.8010 -> 0.8205  accuracy: 83.78% -> 83.78%     
client [13] (testset)   loss: 1.7126 -> 1.6234  accuracy: 46.03% -> 46.03%     
client [12] (testset)   loss: 1.8448 -> 1.3625  accuracy: 16.67% -> 61.11%     
client [1]  (testset)   loss: 1.6370 -> 1.3825  accuracy: 32.54% -> 37.28%     
---------------------------- TRAINING EPOCH: 360 ----------------------------  
client [23] (testset)   loss: 1.8592 -> 1.8051  accuracy: 39.13% -> 39.13%     
client [68] (testset)   loss: 1.3182 -> 1.1062  accuracy: 59.72% -> 59.72%     
client [41] (testset)   loss: 1.1673 -> 1.1564  accuracy: 65.43% -> 65.43%     
client [25] (testset)   loss: 0.4264 -> 0.3886  accuracy: 90.48% -> 90.48%     
client [46] (testset)   loss: 1.0403 -> 0.9604  accuracy: 64.47% -> 64.47%     
client [14] (testset)   loss: 0.7252 -> 0.7344  accuracy: 85.00% -> 85.00%     
client [33] (testset)   loss: 1.7061 -> 0.8651  accuracy: 12.99% -> 75.32%     
client [58] (testset)   loss: 0.6273 -> 0.4990  accuracy: 86.70% -> 86.70%     
client [62] (testset)   loss: 0.4441 -> 0.5017  accuracy: 95.45% -> 95.45%     
client [85] (testset)   loss: 1.0208 -> 0.9256  accuracy: 68.61% -> 68.61%     
---------------------------- TRAINING EPOCH: 370 ----------------------------  
client [98] (testset)   loss: 1.2284 -> 0.6713  accuracy: 100.00% -> 100.00%   
client [70] (testset)   loss: 0.8188 -> 0.5987  accuracy: 90.00% -> 90.00%     
client [65] (testset)   loss: 1.2138 -> 1.2016  accuracy: 62.22% -> 62.22%     
client [63] (testset)   loss: 0.7650 -> 0.7660  accuracy: 78.50% -> 78.50%     
client [14] (testset)   loss: 0.8373 -> 0.7423  accuracy: 85.00% -> 85.00%     
client [73] (testset)   loss: 1.2112 -> 0.8231  accuracy: 76.92% -> 76.92%     
client [34] (testset)   loss: 1.3499 -> 0.7190  accuracy: 82.14% -> 82.14%     
client [99] (testset)   loss: 1.1593 -> 1.1367  accuracy: 71.43% -> 71.43%     
client [69] (testset)   loss: 0.9411 -> 0.9033  accuracy: 71.15% -> 71.15%     
client [46] (testset)   loss: 1.1751 -> 0.9593  accuracy: 64.47% -> 64.47%     
---------------------------- TRAINING EPOCH: 380 ----------------------------  
client [99] (testset)   loss: 1.5052 -> 1.3051  accuracy: 71.43% -> 71.43%     
client [11] (testset)   loss: 0.6428 -> 0.6110  accuracy: 85.71% -> 85.71%     
client [93] (testset)   loss: 1.7007 -> 0.3167  accuracy: 0.00% -> 93.33%      
client [81] (testset)   loss: 0.5306 -> 0.5135  accuracy: 80.58% -> 80.58%     
client [58] (testset)   loss: 0.6278 -> 0.5071  accuracy: 86.70% -> 86.70%     
client [89] (testset)   loss: 1.0144 -> 1.0021  accuracy: 40.00% -> 40.00%     
client [45] (testset)   loss: 1.6665 -> 1.6274  accuracy: 27.27% -> 27.27%     
client [8]  (testset)   loss: 1.3377 -> 1.1588  accuracy: 41.67% -> 41.67%     
client [85] (testset)   loss: 1.1721 -> 0.9279  accuracy: 68.61% -> 68.61%     
client [68] (testset)   loss: 1.2591 -> 1.1131  accuracy: 59.72% -> 59.72%     
---------------------------- TRAINING EPOCH: 390 ----------------------------  
client [72] (testset)   loss: 1.4369 -> 1.0353  accuracy: 17.65% -> 70.59%     
client [67] (testset)   loss: 0.5991 -> 0.6027  accuracy: 85.71% -> 85.71%     
client [78] (testset)   loss: 0.6721 -> 0.6622  accuracy: 76.92% -> 76.92%     
client [1]  (testset)   loss: 1.8180 -> 1.4060  accuracy: 32.54% -> 37.28%     
client [83] (testset)   loss: 0.5338 -> 0.4749  accuracy: 87.91% -> 87.91%     
client [21] (testset)   loss: 1.4340 -> 0.8837  accuracy: 74.07% -> 74.07%     
client [44] (testset)   loss: 0.8910 -> 0.8870  accuracy: 63.10% -> 63.10%     
client [56] (testset)   loss: 0.7611 -> 0.7442  accuracy: 79.34% -> 79.34%     
client [92] (testset)   loss: 1.2952 -> 1.2932  accuracy: 55.10% -> 55.10%     
client [27] (testset)   loss: 0.6795 -> 0.6670  accuracy: 85.26% -> 85.26%     
---------------------------- TRAINING EPOCH: 400 ----------------------------  
client [39] (testset)   loss: 1.5011 -> 1.0466  accuracy: 78.57% -> 78.57%     
client [10] (testset)   loss: 1.4932 -> 1.4526  accuracy: 46.88% -> 46.88%     
client [26] (testset)   loss: 1.7046 -> 1.1620  accuracy: 30.77% -> 57.69%     
client [65] (testset)   loss: 2.0507 -> 1.2435  accuracy: 2.22% -> 62.22%      
client [19] (testset)   loss: 0.8168 -> 0.7529  accuracy: 80.00% -> 80.00%     
client [68] (testset)   loss: 1.3529 -> 1.1127  accuracy: 59.72% -> 59.72%     
client [50] (testset)   loss: 2.4296 -> 1.7090  accuracy: 11.11% -> 11.11%     
client [41] (testset)   loss: 1.2983 -> 1.1657  accuracy: 65.43% -> 65.43%     
client [75] (testset)   loss: 1.3945 -> 0.9223  accuracy: 100.00% -> 100.00%   
client [81] (testset)   loss: 0.7418 -> 0.5313  accuracy: 80.58% -> 80.58%     
FLUTE's average time taken by each global epoch: 0 min 1.72 sec.               
FLUTE's total running time: 0 h 12 m 8 s.                                      
==================== FLUTE Experiment Results: ====================            
Display format: (before local fine-tuning) -> (after local fine-tuning)        
 So if finetune_epoch = 0, x.xx% -> 0.00% is normal.                           
 Centralized testing ONLY happens after model aggregation, so the stats between
'->' are the same.                                                             
{                                                                              
    "100": {                                                                   
        "all_clients": {                                                       
            "test": {                                                          
                "loss": "1.8614 -> 0.9303",                                    
                "accuracy": "34.32% -> 66.24%"                                 
            }                                                                  
        }                                                                      
    },                                                                         
    "200": {                                                                   
        "all_clients": {                                                       
            "test": {                                                          
                "loss": "1.3211 -> 0.9318",                                    
                "accuracy": "52.31% -> 65.58%"                                 
            }                                                                  
        }                                                                      
    },                                                                         
    "300": {                                                                   
        "all_clients": {                                                       
            "test": {                                                          
                "loss": "1.1783 -> 0.9246",                                    
                "accuracy": "58.46% -> 66.48%"                                 
            }                                                                  
        }                                                                      
    },                                                                         
    "400": {                                                                   
        "all_clients": {                                                       
            "test": {                                                          
                "loss": "1.0669 -> 0.9203",                                    
                "accuracy": "61.97% -> 65.92%"                                 
            }                                                                  
        }                                                                      
    }                                                                          
}                                                                              
==================== FLUTE Max Accuracy ====================                   
all_clients:                                                                   
(test) before fine-tuning: 61.97% at epoch 400                                 
(test) after fine-tuning: 66.48% at epoch 300                                  
