==================== FedFew ====================                               
Experiment Arguments:                                                          
{
    'method': 'fedfew',
    'dataset': {
        'name': 'mnist',
        'client_num': 100,
        'test_ratio': 0.25,
        'val_ratio': 0.0,
        'seed': 42,
        'split': 'sample',
        'IID_ratio': 0.0,
        'monitor_window_name_suffix': 'mnist-100clients-0%IID-Dir(0.1)-seed42',
        'alpha': 0.1,
        'min_samples_per_client': 10
    },
    'model': {
        'name': 'avgcnn',
        'use_torchvision_pretrained_weights': True,
        'external_model_weights_path': None
    },
    'optimizer': {
        'lr': 0.01,
        'dampening': 0,
        'weight_decay': 0,
        'momentum': 0.7,
        'nesterov': False,
        'name': 'sgd'
    },
    'mode': 'serial',
    'parallel': {
        'ray_cluster_addr': None,
        'num_cpus': None,
        'num_gpus': None,
        'num_workers': 2
    },
    'common': {
        'seed': 42,
        'join_ratio': 0.1,
        'global_epoch': 400,
        'local_epoch': 5,
        'batch_size': 32,
        'reset_optimizer_on_global_epoch': True,
        'straggler_ratio': 0,
        'straggler_min_local_epoch': 0,
        'buffers': 'global',
        'client_side_evaluation': True,
        'test': {
            'client': {
                'interval': 100,
                'finetune_epoch': 0,
                'train': False,
                'val': False,
                'test': True
            },
            'server': {
                'interval': -1,
                'train': False,
                'val': False,
                'test': True,
                'model_in_train_mode': False
            }
        },
        'verbose_gap': 10,
        'monitor': None,
        'use_cuda': True,
        'save_log': True,
        'save_model': False,
        'save_learning_curve_plot': True,
        'save_metrics': True,
        'delete_useless_run': True
    },
    'fedprox': {
        'mu': 0.01
    },
    'pfedsim': {
        'warmup_round': 0.5
    },
    'fedfew': {
        'ig_ratio': 0.993,
        'alpha': 0.5,
        'norm': 'global',
        'EMA': False,
        'track': False,
        'type': 'Main'
    }
}
---------------------------- TRAINING EPOCH: 10 ----------------------------   
client [77] (testset)   loss: 0.1141 -> 0.0986  accuracy: 97.26% -> 97.95%     
client [81] (testset)   loss: 0.0407 -> 0.0326  accuracy: 99.38% -> 99.38%     
client [21] (testset)   loss: 0.4744 -> 0.0892  accuracy: 90.20% -> 96.08%     
client [68] (testset)   loss: 0.1184 -> 0.0939  accuracy: 98.31% -> 96.61%     
client [93] (testset)   loss: 0.1044 -> 0.0411  accuracy: 96.77% -> 100.00%    
client [31] (testset)   loss: 0.2873 -> 0.2973  accuracy: 100.00% -> 85.71%    
client [20] (testset)   loss: 0.2419 -> 0.1967  accuracy: 93.67% -> 94.57%     
client [59] (testset)   loss: 0.3093 -> 0.1374  accuracy: 100.00% -> 100.00%   
client [48] (testset)   loss: 0.0520 -> 0.0491  accuracy: 99.03% -> 98.06%     
client [34] (testset)   loss: 0.2359 -> 0.3778  accuracy: 94.44% -> 88.89%     
---------------------------- TRAINING EPOCH: 20 ----------------------------   
client [69] (testset)   loss: 0.0187 -> 0.0157  accuracy: 99.09% -> 99.45%     
client [99] (testset)   loss: 0.2494 -> 0.2296  accuracy: 95.24% -> 90.48%     
client [67] (testset)   loss: 0.0473 -> 0.0039  accuracy: 100.00% -> 100.00%   
client [0]  (testset)   loss: 0.0452 -> 0.0117  accuracy: 98.11% -> 100.00%    
client [76] (testset)   loss: 0.0655 -> 0.1124  accuracy: 97.40% -> 96.10%     
client [41] (testset)   loss: 0.0574 -> 0.0178  accuracy: 97.89% -> 98.95%     
client [62] (testset)   loss: 0.2259 -> 0.0410  accuracy: 98.90% -> 99.45%     
client [2]  (testset)   loss: 0.3959 -> 0.0268  accuracy: 90.49% -> 99.24%     
client [14] (testset)   loss: 0.0336 -> 0.0327  accuracy: 97.92% -> 97.92%     
client [46] (testset)   loss: 0.0467 -> 0.0432  accuracy: 98.87% -> 98.65%     
---------------------------- TRAINING EPOCH: 30 ----------------------------   
client [24] (testset)   loss: 0.0785 -> 0.1194  accuracy: 95.95% -> 95.95%     
client [68] (testset)   loss: 0.0666 -> 0.0916  accuracy: 98.31% -> 98.31%     
client [57] (testset)   loss: 0.0268 -> 0.0399  accuracy: 99.03% -> 99.03%     
client [17] (testset)   loss: 0.0314 -> 0.0284  accuracy: 98.83% -> 98.83%     
client [54] (testset)   loss: 0.3263 -> 0.4334  accuracy: 93.02% -> 93.02%     
client [23] (testset)   loss: 0.3325 -> 0.0165  accuracy: 85.71% -> 100.00%    
client [35] (testset)   loss: 0.0490 -> 0.0462  accuracy: 97.06% -> 98.04%     
client [59] (testset)   loss: 0.0638 -> 0.0526  accuracy: 100.00% -> 100.00%   
client [31] (testset)   loss: 0.1750 -> 0.1799  accuracy: 100.00% -> 100.00%   
client [9]  (testset)   loss: 0.0389 -> 0.0479  accuracy: 98.53% -> 98.21%     
---------------------------- TRAINING EPOCH: 40 ----------------------------   
client [64] (testset)   loss: 0.0164 -> 0.0179  accuracy: 99.44% -> 99.44%     
client [33] (testset)   loss: 0.0661 -> 0.0682  accuracy: 99.35% -> 99.35%     
client [16] (testset)   loss: 0.0131 -> 0.0066  accuracy: 100.00% -> 100.00%   
client [44] (testset)   loss: 0.0636 -> 0.0547  accuracy: 97.91% -> 98.51%     
client [8]  (testset)   loss: 0.0007 -> 0.0005  accuracy: 100.00% -> 100.00%   
client [31] (testset)   loss: 0.1617 -> 0.1626  accuracy: 100.00% -> 100.00%   
client [47] (testset)   loss: 0.0065 -> 0.0081  accuracy: 100.00% -> 100.00%   
client [36] (testset)   loss: 0.0675 -> 0.0410  accuracy: 98.48% -> 98.98%     
client [20] (testset)   loss: 0.1349 -> 0.1252  accuracy: 96.83% -> 96.83%     
client [56] (testset)   loss: 0.0370 -> 0.0349  accuracy: 98.92% -> 98.92%     
---------------------------- TRAINING EPOCH: 50 ----------------------------   
client [4]  (testset)   loss: 0.0118 -> 0.0129  accuracy: 99.63% -> 99.63%     
client [60] (testset)   loss: 0.0604 -> 0.0607  accuracy: 99.00% -> 97.00%     
client [28] (testset)   loss: 0.0013 -> 0.0019  accuracy: 100.00% -> 100.00%   
client [25] (testset)   loss: 0.0101 -> 0.0088  accuracy: 100.00% -> 100.00%   
client [58] (testset)   loss: 0.0558 -> 0.0602  accuracy: 97.87% -> 97.87%     
client [44] (testset)   loss: 0.0544 -> 0.0474  accuracy: 98.21% -> 99.10%     
client [39] (testset)   loss: 0.0063 -> 0.0059  accuracy: 100.00% -> 100.00%   
client [29] (testset)   loss: 0.0298 -> 0.0310  accuracy: 98.52% -> 99.26%     
client [3]  (testset)   loss: 0.0274 -> 0.0239  accuracy: 99.58% -> 99.58%     
client [84] (testset)   loss: 0.0065 -> 0.0044  accuracy: 100.00% -> 100.00%   
---------------------------- TRAINING EPOCH: 60 ----------------------------   
client [21] (testset)   loss: 0.0218 -> 0.0245  accuracy: 100.00% -> 99.02%    
client [84] (testset)   loss: 0.0043 -> 0.0030  accuracy: 100.00% -> 100.00%   
client [10] (testset)   loss: 0.0032 -> 0.0022  accuracy: 100.00% -> 100.00%   
client [36] (testset)   loss: 0.0384 -> 0.0469  accuracy: 98.98% -> 97.97%     
client [65] (testset)   loss: 0.0100 -> 0.0075  accuracy: 99.58% -> 99.58%     
client [81] (testset)   loss: 0.0129 -> 0.0167  accuracy: 99.38% -> 99.38%     
client [79] (testset)   loss: 0.0086 -> 0.0062  accuracy: 100.00% -> 100.00%   
client [42] (testset)   loss: 0.1538 -> 0.1634  accuracy: 97.81% -> 97.81%     
client [11] (testset)   loss: 0.0178 -> 0.0118  accuracy: 100.00% -> 100.00%   
client [96] (testset)   loss: 0.0069 -> 0.0065  accuracy: 100.00% -> 100.00%   
---------------------------- TRAINING EPOCH: 70 ----------------------------   
client [8]  (testset)   loss: 0.0004 -> 0.0003  accuracy: 100.00% -> 100.00%   
client [53] (testset)   loss: 0.0199 -> 0.0215  accuracy: 100.00% -> 100.00%   
client [52] (testset)   loss: 0.0016 -> 0.0005  accuracy: 100.00% -> 100.00%   
client [42] (testset)   loss: 0.1640 -> 0.1829  accuracy: 97.81% -> 98.36%     
client [69] (testset)   loss: 0.0105 -> 0.0107  accuracy: 99.64% -> 99.64%     
client [59] (testset)   loss: 0.0293 -> 0.0274  accuracy: 100.00% -> 100.00%   
client [7]  (testset)   loss: 0.0105 -> 0.0097  accuracy: 100.00% -> 100.00%   
client [26] (testset)   loss: 0.1365 -> 0.1529  accuracy: 95.83% -> 95.83%     
client [49] (testset)   loss: 0.0014 -> 0.0007  accuracy: 100.00% -> 100.00%   
client [98] (testset)   loss: 0.0385 -> 0.0601  accuracy: 97.06% -> 97.06%     
---------------------------- TRAINING EPOCH: 80 ----------------------------   
client [98] (testset)   loss: 0.0522 -> 0.0665  accuracy: 97.06% -> 97.06%     
client [47] (testset)   loss: 0.0045 -> 0.0054  accuracy: 100.00% -> 100.00%   
client [21] (testset)   loss: 0.0207 -> 0.0197  accuracy: 99.02% -> 99.02%     
client [77] (testset)   loss: 0.0720 -> 0.0684  accuracy: 97.95% -> 97.95%     
client [95] (testset)   loss: 0.0029 -> 0.0035  accuracy: 100.00% -> 100.00%   
client [91] (testset)   loss: 0.0252 -> 0.0287  accuracy: 99.50% -> 99.67%     
client [14] (testset)   loss: 0.0306 -> 0.0211  accuracy: 98.61% -> 99.31%     
client [99] (testset)   loss: 0.1036 -> 0.0943  accuracy: 95.24% -> 95.24%     
client [20] (testset)   loss: 0.1226 -> 0.1228  accuracy: 97.29% -> 96.83%     
client [39] (testset)   loss: 0.0040 -> 0.0051  accuracy: 100.00% -> 100.00%   
---------------------------- TRAINING EPOCH: 90 ----------------------------   
client [52] (testset)   loss: 0.0007 -> 0.0005  accuracy: 100.00% -> 100.00%   
client [62] (testset)   loss: 0.0150 -> 0.0162  accuracy: 99.45% -> 99.45%     
client [71] (testset)   loss: 0.0045 -> 0.0064  accuracy: 100.00% -> 99.77%    
client [97] (testset)   loss: 0.0101 -> 0.0139  accuracy: 99.33% -> 99.00%     
client [30] (testset)   loss: 0.1031 -> 0.1287  accuracy: 95.00% -> 95.00%     
client [88] (testset)   loss: 0.0023 -> 0.0028  accuracy: 100.00% -> 100.00%   
client [60] (testset)   loss: 0.0326 -> 0.0484  accuracy: 99.00% -> 97.00%     
client [82] (testset)   loss: 0.1313 -> 0.1472  accuracy: 97.18% -> 97.18%     
client [91] (testset)   loss: 0.0264 -> 0.0290  accuracy: 99.67% -> 99.67%     
client [57] (testset)   loss: 0.0259 -> 0.0306  accuracy: 99.52% -> 99.52%     
---------------------------- TRAINING EPOCH: 100 ----------------------------  
client [31] (testset)   loss: 0.0739 -> 0.0770  accuracy: 100.00% -> 100.00%   
client [15] (testset)   loss: 0.0711 -> 0.0692  accuracy: 98.17% -> 98.17%     
client [71] (testset)   loss: 0.0037 -> 0.0088  accuracy: 100.00% -> 99.54%    
client [97] (testset)   loss: 0.0127 -> 0.0138  accuracy: 99.33% -> 99.00%     
client [53] (testset)   loss: 0.0106 -> 0.0124  accuracy: 100.00% -> 100.00%   
client [77] (testset)   loss: 0.0666 -> 0.0670  accuracy: 97.95% -> 97.95%     
client [76] (testset)   loss: 0.0939 -> 0.1308  accuracy: 97.40% -> 96.10%     
client [79] (testset)   loss: 0.0036 -> 0.0038  accuracy: 100.00% -> 100.00%   
client [28] (testset)   loss: 0.0009 -> 0.0007  accuracy: 100.00% -> 100.00%   
client [99] (testset)   loss: 0.1074 -> 0.0957  accuracy: 95.24% -> 95.24%     
---------------------------- TRAINING EPOCH: 110 ----------------------------  
client [97] (testset)   loss: 0.0130 -> 0.0137  accuracy: 99.33% -> 99.00%     
client [86] (testset)   loss: 0.0063 -> 0.0063  accuracy: 99.73% -> 99.73%     
client [34] (testset)   loss: 0.3283 -> 0.3363  accuracy: 94.44% -> 88.89%     
client [73] (testset)   loss: 0.0907 -> 0.0964  accuracy: 91.18% -> 91.18%     
client [5]  (testset)   loss: 0.0647 -> 0.0605  accuracy: 98.62% -> 98.62%     
client [96] (testset)   loss: 0.0027 -> 0.0026  accuracy: 100.00% -> 100.00%   
client [22] (testset)   loss: 0.0076 -> 0.0085  accuracy: 100.00% -> 100.00%   
client [60] (testset)   loss: 0.0347 -> 0.0478  accuracy: 97.00% -> 97.00%     
client [66] (testset)   loss: 0.0520 -> 0.0566  accuracy: 98.23% -> 98.23%     
client [83] (testset)   loss: 0.1284 -> 0.1226  accuracy: 97.15% -> 96.80%     
---------------------------- TRAINING EPOCH: 120 ----------------------------  
client [76] (testset)   loss: 0.1049 -> 0.1235  accuracy: 97.40% -> 97.40%     
client [65] (testset)   loss: 0.0083 -> 0.0079  accuracy: 99.58% -> 99.58%     
client [95] (testset)   loss: 0.0044 -> 0.0033  accuracy: 99.64% -> 100.00%    
client [17] (testset)   loss: 0.0259 -> 0.0277  accuracy: 98.83% -> 99.22%     
client [8]  (testset)   loss: 0.0002 -> 0.0002  accuracy: 100.00% -> 100.00%   
client [35] (testset)   loss: 0.0475 -> 0.0417  accuracy: 98.04% -> 98.04%     
client [98] (testset)   loss: 0.0398 -> 0.0501  accuracy: 97.06% -> 97.06%     
client [53] (testset)   loss: 0.0097 -> 0.0110  accuracy: 100.00% -> 100.00%   
client [43] (testset)   loss: 0.0955 -> 0.0885  accuracy: 96.79% -> 96.79%     
client [64] (testset)   loss: 0.0129 -> 0.0167  accuracy: 99.44% -> 99.44%     
---------------------------- TRAINING EPOCH: 130 ----------------------------  
client [21] (testset)   loss: 0.0163 -> 0.0168  accuracy: 99.02% -> 99.02%     
client [88] (testset)   loss: 0.0014 -> 0.0016  accuracy: 100.00% -> 100.00%   
client [38] (testset)   loss: 0.0271 -> 0.0234  accuracy: 98.25% -> 100.00%    
client [3]  (testset)   loss: 0.0177 -> 0.0161  accuracy: 99.79% -> 99.79%     
client [5]  (testset)   loss: 0.0555 -> 0.0606  accuracy: 98.62% -> 98.62%     
client [41] (testset)   loss: 0.0071 -> 0.0068  accuracy: 100.00% -> 100.00%   
client [7]  (testset)   loss: 0.0050 -> 0.0048  accuracy: 100.00% -> 100.00%   
client [37] (testset)   loss: 0.1625 -> 0.1747  accuracy: 96.97% -> 96.54%     
client [45] (testset)   loss: 0.0142 -> 0.0212  accuracy: 99.69% -> 99.39%     
client [47] (testset)   loss: 0.0027 -> 0.0032  accuracy: 100.00% -> 100.00%   
---------------------------- TRAINING EPOCH: 140 ----------------------------  
client [16] (testset)   loss: 0.0008 -> 0.0008  accuracy: 100.00% -> 100.00%   
client [11] (testset)   loss: 0.0020 -> 0.0021  accuracy: 100.00% -> 100.00%   
client [37] (testset)   loss: 0.1795 -> 0.1770  accuracy: 96.54% -> 96.54%     
client [41] (testset)   loss: 0.0064 -> 0.0061  accuracy: 100.00% -> 100.00%   
client [95] (testset)   loss: 0.0029 -> 0.0028  accuracy: 100.00% -> 100.00%   
client [53] (testset)   loss: 0.0081 -> 0.0082  accuracy: 100.00% -> 100.00%   
client [22] (testset)   loss: 0.0059 -> 0.0064  accuracy: 100.00% -> 100.00%   
client [25] (testset)   loss: 0.0027 -> 0.0027  accuracy: 100.00% -> 100.00%   
client [69] (testset)   loss: 0.0094 -> 0.0101  accuracy: 99.64% -> 99.64%     
client [46] (testset)   loss: 0.0314 -> 0.0383  accuracy: 99.32% -> 99.10%     
---------------------------- TRAINING EPOCH: 150 ----------------------------  
client [47] (testset)   loss: 0.0023 -> 0.0025  accuracy: 100.00% -> 100.00%   
client [69] (testset)   loss: 0.0108 -> 0.0107  accuracy: 99.64% -> 99.64%     
client [82] (testset)   loss: 0.1568 -> 0.1596  accuracy: 97.18% -> 97.18%     
client [45] (testset)   loss: 0.0154 -> 0.0211  accuracy: 99.69% -> 99.69%     
client [7]  (testset)   loss: 0.0050 -> 0.0046  accuracy: 100.00% -> 100.00%   
client [50] (testset)   loss: 0.0500 -> 0.0555  accuracy: 97.95% -> 97.95%     
client [35] (testset)   loss: 0.0552 -> 0.0514  accuracy: 98.04% -> 98.04%     
client [24] (testset)   loss: 0.1353 -> 0.1327  accuracy: 95.95% -> 95.95%     
client [15] (testset)   loss: 0.0742 -> 0.0719  accuracy: 99.08% -> 99.08%     
client [58] (testset)   loss: 0.0589 -> 0.0599  accuracy: 97.87% -> 97.87%     
---------------------------- TRAINING EPOCH: 160 ----------------------------  
client [48] (testset)   loss: 0.0051 -> 0.0043  accuracy: 100.00% -> 100.00%   
client [76] (testset)   loss: 0.1212 -> 0.1301  accuracy: 97.40% -> 97.40%     
client [67] (testset)   loss: 0.0001 -> 0.0001  accuracy: 100.00% -> 100.00%   
client [37] (testset)   loss: 0.1834 -> 0.1814  accuracy: 96.54% -> 96.54%     
client [58] (testset)   loss: 0.0616 -> 0.0619  accuracy: 97.87% -> 97.87%     
client [64] (testset)   loss: 0.0154 -> 0.0181  accuracy: 99.44% -> 99.44%     
client [77] (testset)   loss: 0.0724 -> 0.0716  accuracy: 97.95% -> 97.95%     
client [55] (testset)   loss: 0.0183 -> 0.0150  accuracy: 99.49% -> 99.23%     
client [12] (testset)   loss: 0.0107 -> 0.0101  accuracy: 99.50% -> 99.50%     
client [89] (testset)   loss: 0.0082 -> 0.0083  accuracy: 100.00% -> 100.00%   
---------------------------- TRAINING EPOCH: 170 ----------------------------  
client [84] (testset)   loss: 0.0005 -> 0.0005  accuracy: 100.00% -> 100.00%   
client [51] (testset)   loss: 0.0030 -> 0.0031  accuracy: 100.00% -> 100.00%   
client [8]  (testset)   loss: 0.0001 -> 0.0001  accuracy: 100.00% -> 100.00%   
client [18] (testset)   loss: 0.0732 -> 0.0707  accuracy: 98.62% -> 98.62%     
client [94] (testset)   loss: 0.0000 -> 0.0000  accuracy: 100.00% -> 100.00%   
client [81] (testset)   loss: 0.0128 -> 0.0136  accuracy: 99.38% -> 99.38%     
client [3]  (testset)   loss: 0.0171 -> 0.0139  accuracy: 99.79% -> 99.79%     
client [11] (testset)   loss: 0.0013 -> 0.0014  accuracy: 100.00% -> 100.00%   
client [95] (testset)   loss: 0.0028 -> 0.0028  accuracy: 100.00% -> 100.00%   
client [67] (testset)   loss: 0.0001 -> 0.0001  accuracy: 100.00% -> 100.00%   
---------------------------- TRAINING EPOCH: 180 ----------------------------  
client [21] (testset)   loss: 0.0207 -> 0.0170  accuracy: 99.02% -> 99.02%     
client [79] (testset)   loss: 0.0012 -> 0.0015  accuracy: 100.00% -> 100.00%   
client [58] (testset)   loss: 0.0596 -> 0.0607  accuracy: 97.87% -> 97.87%     
client [88] (testset)   loss: 0.0012 -> 0.0014  accuracy: 100.00% -> 100.00%   
client [46] (testset)   loss: 0.0333 -> 0.0416  accuracy: 99.32% -> 99.10%     
client [11] (testset)   loss: 0.0011 -> 0.0011  accuracy: 100.00% -> 100.00%   
client [55] (testset)   loss: 0.0144 -> 0.0154  accuracy: 99.23% -> 99.23%     
client [13] (testset)   loss: 0.0247 -> 0.0209  accuracy: 100.00% -> 100.00%   
client [31] (testset)   loss: 0.0506 -> 0.0548  accuracy: 100.00% -> 100.00%   
client [75] (testset)   loss: 0.0119 -> 0.0163  accuracy: 99.07% -> 99.07%     
---------------------------- TRAINING EPOCH: 190 ----------------------------  
client [19] (testset)   loss: 0.0267 -> 0.0300  accuracy: 98.15% -> 98.15%     
client [7]  (testset)   loss: 0.0029 -> 0.0028  accuracy: 100.00% -> 100.00%   
client [57] (testset)   loss: 0.0317 -> 0.0331  accuracy: 99.52% -> 99.52%     
client [13] (testset)   loss: 0.0389 -> 0.0331  accuracy: 100.00% -> 100.00%   
client [43] (testset)   loss: 0.1026 -> 0.0977  accuracy: 97.33% -> 96.79%     
client [91] (testset)   loss: 0.0329 -> 0.0354  accuracy: 99.50% -> 99.67%     
client [10] (testset)   loss: 0.0006 -> 0.0005  accuracy: 100.00% -> 100.00%   
client [64] (testset)   loss: 0.0174 -> 0.0179  accuracy: 99.44% -> 99.44%     
client [82] (testset)   loss: 0.1576 -> 0.1600  accuracy: 97.18% -> 97.18%     
client [22] (testset)   loss: 0.0049 -> 0.0046  accuracy: 100.00% -> 100.00%   
---------------------------- TRAINING EPOCH: 200 ----------------------------  
client [20] (testset)   loss: 0.1335 -> 0.1314  accuracy: 97.29% -> 97.29%     
client [23] (testset)   loss: 0.0033 -> 0.0034  accuracy: 100.00% -> 100.00%   
client [88] (testset)   loss: 0.0010 -> 0.0011  accuracy: 100.00% -> 100.00%   
client [98] (testset)   loss: 0.0616 -> 0.0532  accuracy: 97.06% -> 97.06%     
client [79] (testset)   loss: 0.0017 -> 0.0013  accuracy: 100.00% -> 100.00%   
client [21] (testset)   loss: 0.0126 -> 0.0150  accuracy: 99.02% -> 99.02%     
client [92] (testset)   loss: 0.0022 -> 0.0020  accuracy: 100.00% -> 100.00%   
client [56] (testset)   loss: 0.0490 -> 0.0513  accuracy: 98.92% -> 98.92%     
client [5]  (testset)   loss: 0.0661 -> 0.0654  accuracy: 98.62% -> 98.62%     
client [52] (testset)   loss: 0.0001 -> 0.0001  accuracy: 100.00% -> 100.00%   
---------------------------- TRAINING EPOCH: 210 ----------------------------  
client [67] (testset)   loss: 0.0000 -> 0.0000  accuracy: 100.00% -> 100.00%   
client [54] (testset)   loss: 0.3454 -> 0.3521  accuracy: 93.02% -> 93.02%     
client [14] (testset)   loss: 0.0278 -> 0.0328  accuracy: 98.61% -> 98.61%     
client [99] (testset)   loss: 0.0860 -> 0.0819  accuracy: 95.24% -> 95.24%     
client [36] (testset)   loss: 0.0464 -> 0.0491  accuracy: 98.98% -> 98.98%     
client [30] (testset)   loss: 0.1335 -> 0.1473  accuracy: 95.00% -> 95.00%     
client [38] (testset)   loss: 0.0212 -> 0.0193  accuracy: 100.00% -> 100.00%   
client [15] (testset)   loss: 0.0759 -> 0.0748  accuracy: 99.08% -> 99.08%     
client [6]  (testset)   loss: 0.0181 -> 0.0188  accuracy: 99.48% -> 99.48%     
client [53] (testset)   loss: 0.0040 -> 0.0042  accuracy: 100.00% -> 100.00%   
---------------------------- TRAINING EPOCH: 220 ----------------------------  
client [99] (testset)   loss: 0.0721 -> 0.0726  accuracy: 95.24% -> 95.24%     
client [6]  (testset)   loss: 0.0187 -> 0.0189  accuracy: 99.48% -> 99.48%     
client [83] (testset)   loss: 0.1462 -> 0.1443  accuracy: 97.51% -> 97.51%     
client [42] (testset)   loss: 0.2238 -> 0.2231  accuracy: 97.81% -> 97.81%     
client [34] (testset)   loss: 0.3839 -> 0.3855  accuracy: 88.89% -> 88.89%     
client [15] (testset)   loss: 0.0783 -> 0.0774  accuracy: 99.08% -> 99.08%     
client [47] (testset)   loss: 0.0018 -> 0.0018  accuracy: 100.00% -> 100.00%   
client [55] (testset)   loss: 0.0163 -> 0.0139  accuracy: 99.23% -> 99.23%     
client [51] (testset)   loss: 0.0022 -> 0.0021  accuracy: 100.00% -> 100.00%   
client [95] (testset)   loss: 0.0022 -> 0.0023  accuracy: 100.00% -> 100.00%   
---------------------------- TRAINING EPOCH: 230 ----------------------------  
client [71] (testset)   loss: 0.0077 -> 0.0080  accuracy: 99.77% -> 99.54%     
client [15] (testset)   loss: 0.0781 -> 0.0765  accuracy: 99.08% -> 99.08%     
client [33] (testset)   loss: 0.0863 -> 0.0871  accuracy: 99.35% -> 99.35%     
client [99] (testset)   loss: 0.0779 -> 0.0772  accuracy: 95.24% -> 95.24%     
client [90] (testset)   loss: 0.0663 -> 0.0631  accuracy: 98.54% -> 98.18%     
client [57] (testset)   loss: 0.0340 -> 0.0349  accuracy: 99.52% -> 99.52%     
client [27] (testset)   loss: 0.0164 -> 0.0146  accuracy: 98.93% -> 99.47%     
client [78] (testset)   loss: 0.0089 -> 0.0090  accuracy: 99.36% -> 99.36%     
client [36] (testset)   loss: 0.0509 -> 0.0520  accuracy: 98.98% -> 98.98%     
client [88] (testset)   loss: 0.0012 -> 0.0013  accuracy: 100.00% -> 100.00%   
---------------------------- TRAINING EPOCH: 240 ----------------------------  
client [70] (testset)   loss: 0.0499 -> 0.0500  accuracy: 98.72% -> 98.72%     
client [35] (testset)   loss: 0.0542 -> 0.0511  accuracy: 98.04% -> 99.02%     
client [16] (testset)   loss: 0.0002 -> 0.0002  accuracy: 100.00% -> 100.00%   
client [80] (testset)   loss: 0.0001 -> 0.0001  accuracy: 100.00% -> 100.00%   
client [38] (testset)   loss: 0.0220 -> 0.0196  accuracy: 100.00% -> 100.00%   
client [78] (testset)   loss: 0.0085 -> 0.0088  accuracy: 99.36% -> 99.36%     
client [68] (testset)   loss: 0.0710 -> 0.0583  accuracy: 98.31% -> 98.31%     
client [11] (testset)   loss: 0.0005 -> 0.0005  accuracy: 100.00% -> 100.00%   
client [64] (testset)   loss: 0.0197 -> 0.0202  accuracy: 99.44% -> 99.44%     
client [82] (testset)   loss: 0.1515 -> 0.1565  accuracy: 97.18% -> 97.18%     
---------------------------- TRAINING EPOCH: 250 ----------------------------  
client [30] (testset)   loss: 0.1500 -> 0.1585  accuracy: 95.00% -> 95.00%     
client [27] (testset)   loss: 0.0159 -> 0.0149  accuracy: 98.93% -> 98.93%     
client [74] (testset)   loss: 0.1645 -> 0.1719  accuracy: 98.77% -> 98.15%     
client [45] (testset)   loss: 0.0273 -> 0.0281  accuracy: 99.39% -> 99.39%     
client [6]  (testset)   loss: 0.0181 -> 0.0182  accuracy: 99.48% -> 99.48%     
client [36] (testset)   loss: 0.0519 -> 0.0521  accuracy: 98.98% -> 98.98%     
client [63] (testset)   loss: 0.0475 -> 0.0482  accuracy: 99.27% -> 99.27%     
client [76] (testset)   loss: 0.1444 -> 0.1643  accuracy: 97.40% -> 96.10%     
client [83] (testset)   loss: 0.1483 -> 0.1474  accuracy: 97.15% -> 97.15%     
client [86] (testset)   loss: 0.0040 -> 0.0046  accuracy: 99.73% -> 99.73%     
---------------------------- TRAINING EPOCH: 260 ----------------------------  
client [83] (testset)   loss: 0.1484 -> 0.1483  accuracy: 97.51% -> 97.15%     
client [99] (testset)   loss: 0.0761 -> 0.0763  accuracy: 95.24% -> 95.24%     
client [74] (testset)   loss: 0.1762 -> 0.1762  accuracy: 98.15% -> 98.15%     
client [73] (testset)   loss: 0.1292 -> 0.1262  accuracy: 91.18% -> 91.18%     
client [29] (testset)   loss: 0.0401 -> 0.0431  accuracy: 98.89% -> 98.52%     
client [92] (testset)   loss: 0.0011 -> 0.0010  accuracy: 100.00% -> 100.00%   
client [6]  (testset)   loss: 0.0195 -> 0.0192  accuracy: 99.48% -> 99.48%     
client [61] (testset)   loss: 0.0086 -> 0.0080  accuracy: 99.71% -> 99.71%     
client [21] (testset)   loss: 0.0136 -> 0.0144  accuracy: 99.02% -> 99.02%     
client [67] (testset)   loss: 0.0000 -> 0.0000  accuracy: 100.00% -> 100.00%   
---------------------------- TRAINING EPOCH: 270 ----------------------------  
client [83] (testset)   loss: 0.1483 -> 0.1507  accuracy: 97.51% -> 97.15%     
client [32] (testset)   loss: 0.0475 -> 0.0482  accuracy: 96.83% -> 96.83%     
client [95] (testset)   loss: 0.0021 -> 0.0021  accuracy: 100.00% -> 100.00%   
client [61] (testset)   loss: 0.0099 -> 0.0094  accuracy: 99.71% -> 99.71%     
client [27] (testset)   loss: 0.0173 -> 0.0147  accuracy: 98.93% -> 99.47%     
client [25] (testset)   loss: 0.0013 -> 0.0014  accuracy: 100.00% -> 100.00%   
client [68] (testset)   loss: 0.0637 -> 0.0619  accuracy: 98.31% -> 98.31%     
client [34] (testset)   loss: 0.3825 -> 0.3870  accuracy: 88.89% -> 88.89%     
client [71] (testset)   loss: 0.0065 -> 0.0089  accuracy: 99.77% -> 99.54%     
client [89] (testset)   loss: 0.0054 -> 0.0053  accuracy: 100.00% -> 100.00%   
---------------------------- TRAINING EPOCH: 280 ----------------------------  
client [78] (testset)   loss: 0.0071 -> 0.0070  accuracy: 99.36% -> 99.36%     
client [81] (testset)   loss: 0.0160 -> 0.0174  accuracy: 99.38% -> 99.38%     
client [51] (testset)   loss: 0.0012 -> 0.0012  accuracy: 100.00% -> 100.00%   
client [54] (testset)   loss: 0.3479 -> 0.3483  accuracy: 93.02% -> 93.02%     
client [65] (testset)   loss: 0.0072 -> 0.0069  accuracy: 99.16% -> 99.16%     
client [41] (testset)   loss: 0.0049 -> 0.0045  accuracy: 100.00% -> 100.00%   
client [11] (testset)   loss: 0.0004 -> 0.0004  accuracy: 100.00% -> 100.00%   
client [85] (testset)   loss: 0.0665 -> 0.0675  accuracy: 98.96% -> 98.96%     
client [12] (testset)   loss: 0.0125 -> 0.0103  accuracy: 99.01% -> 99.01%     
client [23] (testset)   loss: 0.0037 -> 0.0037  accuracy: 100.00% -> 100.00%   
---------------------------- TRAINING EPOCH: 290 ----------------------------  
client [16] (testset)   loss: 0.0002 -> 0.0002  accuracy: 100.00% -> 100.00%   
client [65] (testset)   loss: 0.0073 -> 0.0071  accuracy: 99.16% -> 99.16%     
client [53] (testset)   loss: 0.0040 -> 0.0037  accuracy: 100.00% -> 100.00%   
client [58] (testset)   loss: 0.0632 -> 0.0637  accuracy: 97.87% -> 97.87%     
client [72] (testset)   loss: 0.0096 -> 0.0101  accuracy: 100.00% -> 100.00%   
client [7]  (testset)   loss: 0.0017 -> 0.0017  accuracy: 100.00% -> 100.00%   
client [71] (testset)   loss: 0.0069 -> 0.0074  accuracy: 99.77% -> 99.77%     
client [59] (testset)   loss: 0.0096 -> 0.0091  accuracy: 100.00% -> 100.00%   
client [86] (testset)   loss: 0.0055 -> 0.0051  accuracy: 99.73% -> 99.73%     
client [39] (testset)   loss: 0.0011 -> 0.0014  accuracy: 100.00% -> 100.00%   
---------------------------- TRAINING EPOCH: 300 ----------------------------  
client [99] (testset)   loss: 0.0714 -> 0.0655  accuracy: 95.24% -> 95.24%     
client [7]  (testset)   loss: 0.0015 -> 0.0015  accuracy: 100.00% -> 100.00%   
client [17] (testset)   loss: 0.0262 -> 0.0265  accuracy: 99.22% -> 99.22%     
client [64] (testset)   loss: 0.0185 -> 0.0198  accuracy: 99.44% -> 99.44%     
client [37] (testset)   loss: 0.1991 -> 0.2011  accuracy: 96.54% -> 96.54%     
client [29] (testset)   loss: 0.0448 -> 0.0450  accuracy: 98.89% -> 98.52%     
client [93] (testset)   loss: 0.0045 -> 0.0050  accuracy: 100.00% -> 100.00%   
client [73] (testset)   loss: 0.1147 -> 0.1212  accuracy: 91.18% -> 91.18%     
client [40] (testset)   loss: 0.0013 -> 0.0013  accuracy: 100.00% -> 100.00%   
client [76] (testset)   loss: 0.1634 -> 0.1698  accuracy: 96.10% -> 96.10%     
---------------------------- TRAINING EPOCH: 310 ----------------------------  
client [31] (testset)   loss: 0.0768 -> 0.0777  accuracy: 100.00% -> 100.00%   
client [89] (testset)   loss: 0.0045 -> 0.0044  accuracy: 100.00% -> 100.00%   
client [77] (testset)   loss: 0.0759 -> 0.0756  accuracy: 97.95% -> 97.95%     
client [90] (testset)   loss: 0.0688 -> 0.0698  accuracy: 98.54% -> 98.18%     
client [26] (testset)   loss: 0.1807 -> 0.1772  accuracy: 95.83% -> 95.83%     
client [50] (testset)   loss: 0.0505 -> 0.0497  accuracy: 98.97% -> 97.95%     
client [30] (testset)   loss: 0.1598 -> 0.1724  accuracy: 95.00% -> 95.00%     
client [70] (testset)   loss: 0.0503 -> 0.0530  accuracy: 98.90% -> 98.90%     
client [41] (testset)   loss: 0.0043 -> 0.0045  accuracy: 100.00% -> 100.00%   
client [99] (testset)   loss: 0.0712 -> 0.0660  accuracy: 95.24% -> 95.24%     
---------------------------- TRAINING EPOCH: 320 ----------------------------  
client [68] (testset)   loss: 0.0693 -> 0.0672  accuracy: 98.31% -> 98.31%     
client [70] (testset)   loss: 0.0553 -> 0.0526  accuracy: 98.72% -> 98.90%     
client [52] (testset)   loss: 0.0000 -> 0.0000  accuracy: 100.00% -> 100.00%   
client [1]  (testset)   loss: 0.0206 -> 0.0208  accuracy: 98.33% -> 98.33%     
client [2]  (testset)   loss: 0.0116 -> 0.0120  accuracy: 99.81% -> 99.81%     
client [67] (testset)   loss: 0.0000 -> 0.0000  accuracy: 100.00% -> 100.00%   
client [92] (testset)   loss: 0.0006 -> 0.0006  accuracy: 100.00% -> 100.00%   
client [35] (testset)   loss: 0.0487 -> 0.0507  accuracy: 99.02% -> 99.02%     
client [36] (testset)   loss: 0.0533 -> 0.0539  accuracy: 98.98% -> 98.98%     
client [64] (testset)   loss: 0.0199 -> 0.0205  accuracy: 99.44% -> 99.44%     
---------------------------- TRAINING EPOCH: 330 ----------------------------  
client [44] (testset)   loss: 0.0548 -> 0.0536  accuracy: 98.81% -> 98.81%     
client [6]  (testset)   loss: 0.0200 -> 0.0198  accuracy: 99.48% -> 99.48%     
client [12] (testset)   loss: 0.0130 -> 0.0110  accuracy: 99.01% -> 99.50%     
client [55] (testset)   loss: 0.0168 -> 0.0148  accuracy: 99.23% -> 99.23%     
client [29] (testset)   loss: 0.0437 -> 0.0448  accuracy: 99.26% -> 98.52%     
client [9]  (testset)   loss: 0.0434 -> 0.0440  accuracy: 98.86% -> 98.86%     
client [43] (testset)   loss: 0.1017 -> 0.0990  accuracy: 97.33% -> 97.33%     
client [77] (testset)   loss: 0.0771 -> 0.0759  accuracy: 97.95% -> 97.95%     
client [98] (testset)   loss: 0.0463 -> 0.0522  accuracy: 97.06% -> 97.06%     
client [78] (testset)   loss: 0.0066 -> 0.0075  accuracy: 99.36% -> 99.36%     
---------------------------- TRAINING EPOCH: 340 ----------------------------  
client [92] (testset)   loss: 0.0006 -> 0.0006  accuracy: 100.00% -> 100.00%   
client [80] (testset)   loss: 0.0000 -> 0.0000  accuracy: 100.00% -> 100.00%   
client [63] (testset)   loss: 0.0514 -> 0.0493  accuracy: 99.27% -> 99.27%     
client [76] (testset)   loss: 0.1670 -> 0.1787  accuracy: 96.10% -> 96.10%     
client [78] (testset)   loss: 0.0061 -> 0.0073  accuracy: 99.36% -> 99.36%     
client [25] (testset)   loss: 0.0008 -> 0.0009  accuracy: 100.00% -> 100.00%   
client [58] (testset)   loss: 0.0670 -> 0.0674  accuracy: 97.87% -> 97.87%     
client [13] (testset)   loss: 0.0285 -> 0.0262  accuracy: 100.00% -> 100.00%   
client [17] (testset)   loss: 0.0227 -> 0.0259  accuracy: 99.22% -> 99.22%     
client [38] (testset)   loss: 0.0166 -> 0.0171  accuracy: 100.00% -> 100.00%   
---------------------------- TRAINING EPOCH: 350 ----------------------------  
client [72] (testset)   loss: 0.0078 -> 0.0081  accuracy: 100.00% -> 100.00%   
client [82] (testset)   loss: 0.1761 -> 0.1779  accuracy: 97.18% -> 97.18%     
client [86] (testset)   loss: 0.0050 -> 0.0046  accuracy: 99.73% -> 99.73%     
client [51] (testset)   loss: 0.0011 -> 0.0012  accuracy: 100.00% -> 100.00%   
client [96] (testset)   loss: 0.0007 -> 0.0007  accuracy: 100.00% -> 100.00%   
client [42] (testset)   loss: 0.2427 -> 0.2437  accuracy: 98.36% -> 98.36%     
client [55] (testset)   loss: 0.0142 -> 0.0137  accuracy: 99.23% -> 99.23%     
client [13] (testset)   loss: 0.0239 -> 0.0206  accuracy: 100.00% -> 100.00%   
client [1]  (testset)   loss: 0.0233 -> 0.0207  accuracy: 98.33% -> 98.33%     
client [12] (testset)   loss: 0.0108 -> 0.0108  accuracy: 99.01% -> 99.01%     
---------------------------- TRAINING EPOCH: 360 ----------------------------  
client [68] (testset)   loss: 0.0710 -> 0.0726  accuracy: 98.31% -> 98.31%     
client [23] (testset)   loss: 0.0023 -> 0.0023  accuracy: 100.00% -> 100.00%   
client [46] (testset)   loss: 0.0464 -> 0.0471  accuracy: 99.10% -> 99.10%     
client [41] (testset)   loss: 0.0041 -> 0.0041  accuracy: 100.00% -> 100.00%   
client [25] (testset)   loss: 0.0010 -> 0.0011  accuracy: 100.00% -> 100.00%   
client [58] (testset)   loss: 0.0622 -> 0.0629  accuracy: 97.87% -> 97.87%     
client [14] (testset)   loss: 0.0317 -> 0.0349  accuracy: 98.61% -> 98.61%     
client [33] (testset)   loss: 0.0929 -> 0.0936  accuracy: 99.35% -> 99.35%     
client [85] (testset)   loss: 0.0735 -> 0.0715  accuracy: 98.96% -> 98.96%     
client [62] (testset)   loss: 0.0225 -> 0.0224  accuracy: 99.45% -> 99.45%     
---------------------------- TRAINING EPOCH: 370 ----------------------------  
client [98] (testset)   loss: 0.0477 -> 0.0516  accuracy: 97.06% -> 97.06%     
client [63] (testset)   loss: 0.0477 -> 0.0503  accuracy: 99.27% -> 99.27%     
client [70] (testset)   loss: 0.0504 -> 0.0535  accuracy: 98.90% -> 98.90%     
client [65] (testset)   loss: 0.0094 -> 0.0091  accuracy: 99.16% -> 99.16%     
client [14] (testset)   loss: 0.0380 -> 0.0367  accuracy: 98.61% -> 98.61%     
client [73] (testset)   loss: 0.1482 -> 0.1371  accuracy: 91.18% -> 91.18%     
client [34] (testset)   loss: 0.3969 -> 0.3986  accuracy: 88.89% -> 88.89%     
client [99] (testset)   loss: 0.0674 -> 0.0683  accuracy: 95.24% -> 95.24%     
client [69] (testset)   loss: 0.0106 -> 0.0111  accuracy: 99.64% -> 99.64%     
client [46] (testset)   loss: 0.0462 -> 0.0465  accuracy: 99.32% -> 99.10%     
---------------------------- TRAINING EPOCH: 380 ----------------------------  
client [99] (testset)   loss: 0.0597 -> 0.0592  accuracy: 95.24% -> 95.24%     
client [93] (testset)   loss: 0.0042 -> 0.0042  accuracy: 100.00% -> 100.00%   
client [11] (testset)   loss: 0.0002 -> 0.0002  accuracy: 100.00% -> 100.00%   
client [58] (testset)   loss: 0.0600 -> 0.0610  accuracy: 97.87% -> 97.87%     
client [81] (testset)   loss: 0.0163 -> 0.0165  accuracy: 99.38% -> 99.38%     
client [85] (testset)   loss: 0.0697 -> 0.0704  accuracy: 98.96% -> 98.96%     
client [89] (testset)   loss: 0.0035 -> 0.0039  accuracy: 100.00% -> 100.00%   
client [45] (testset)   loss: 0.0301 -> 0.0321  accuracy: 99.69% -> 99.39%     
client [8]  (testset)   loss: 0.0000 -> 0.0000  accuracy: 100.00% -> 100.00%   
client [68] (testset)   loss: 0.0712 -> 0.0679  accuracy: 98.31% -> 98.31%     
---------------------------- TRAINING EPOCH: 390 ----------------------------  
client [67] (testset)   loss: 0.0000 -> 0.0000  accuracy: 100.00% -> 100.00%   
client [72] (testset)   loss: 0.0082 -> 0.0081  accuracy: 100.00% -> 100.00%   
client [1]  (testset)   loss: 0.0189 -> 0.0187  accuracy: 98.33% -> 98.33%     
client [78] (testset)   loss: 0.0070 -> 0.0068  accuracy: 99.36% -> 99.36%     
client [83] (testset)   loss: 0.1603 -> 0.1597  accuracy: 97.15% -> 97.15%     
client [21] (testset)   loss: 0.0123 -> 0.0131  accuracy: 99.02% -> 99.02%     
client [56] (testset)   loss: 0.0668 -> 0.0653  accuracy: 98.92% -> 98.92%     
client [44] (testset)   loss: 0.0546 -> 0.0546  accuracy: 98.81% -> 98.81%     
client [92] (testset)   loss: 0.0005 -> 0.0005  accuracy: 100.00% -> 100.00%   
client [27] (testset)   loss: 0.0116 -> 0.0112  accuracy: 99.47% -> 99.47%     
---------------------------- TRAINING EPOCH: 400 ----------------------------  
client [10] (testset)   loss: 0.0002 -> 0.0002  accuracy: 100.00% -> 100.00%   
client [39] (testset)   loss: 0.0009 -> 0.0011  accuracy: 100.00% -> 100.00%   
client [65] (testset)   loss: 0.0081 -> 0.0080  accuracy: 99.16% -> 99.16%     
client [26] (testset)   loss: 0.1987 -> 0.2023  accuracy: 91.67% -> 91.67%     
client [19] (testset)   loss: 0.0192 -> 0.0175  accuracy: 98.15% -> 98.15%     
client [68] (testset)   loss: 0.0693 -> 0.0670  accuracy: 98.31% -> 98.31%     
client [41] (testset)   loss: 0.0040 -> 0.0038  accuracy: 100.00% -> 100.00%   
client [50] (testset)   loss: 0.0507 -> 0.0516  accuracy: 97.95% -> 97.95%     
client [75] (testset)   loss: 0.0182 -> 0.0209  accuracy: 99.07% -> 99.07%     
client [81] (testset)   loss: 0.0171 -> 0.0177  accuracy: 99.38% -> 99.38%     
FedFew's average time taken by each global epoch: 0 min 2.41 sec.              
FedFew's total running time: 0 h 16 m 11 s.                                    
==================== FedFew Experiment Results: ====================           
Display format: (before local fine-tuning) -> (after local fine-tuning)        
 So if finetune_epoch = 0, x.xx% -> 0.00% is normal.                           
 Centralized testing ONLY happens after model aggregation, so the stats between
'->' are the same.                                                             
{                                                                              
    "100": {                                                                   
        "all_clients": {                                                       
            "test": {                                                          
                "loss": "0.0369 -> 0.0000",                                    
                "accuracy": "99.04% -> 0.00%"                                  
            }                                                                  
        }                                                                      
    },                                                                         
    "200": {                                                                   
        "all_clients": {                                                       
            "test": {                                                          
                "loss": "0.0414 -> 0.0000",                                    
                "accuracy": "99.06% -> 0.00%"                                  
            }                                                                  
        }                                                                      
    },                                                                         
    "300": {                                                                   
        "all_clients": {                                                       
            "test": {                                                          
                "loss": "0.0439 -> 0.0000",                                    
                "accuracy": "99.08% -> 0.00%"                                  
            }                                                                  
        }                                                                      
    },                                                                         
    "400": {                                                                   
        "all_clients": {                                                       
            "test": {                                                          
                "loss": "0.0456 -> 0.0000",                                    
                "accuracy": "99.08% -> 0.00%"                                  
            }                                                                  
        }                                                                      
    }                                                                          
}                                                                              
==================== FedFew Max Accuracy ====================                  
all_clients:                                                                   
(test) before fine-tuning: 99.08% at epoch 300                                 
(test) after fine-tuning: 0.00% at epoch 100                                   
