==================== FedDpag ====================                              
Experiment Arguments:                                                          
{
    'method': 'feddpag',
    'dataset': {
        'name': 'fmnist',
        'client_num': 100,
        'test_ratio': 0.25,
        'val_ratio': 0.0,
        'seed': 42,
        'split': 'sample',
        'IID_ratio': 0.0,
        'monitor_window_name_suffix': 'fmnist-100clients-0%IID-Dir(0.1)-seed42',
        'alpha': 0.1,
        'min_samples_per_client': 10
    },
    'model': {
        'name': 'avgcnn',
        'use_torchvision_pretrained_weights': True,
        'external_model_weights_path': None
    },
    'optimizer': {
        'lr': 0.01,
        'dampening': 0,
        'weight_decay': 0,
        'momentum': 0.7,
        'nesterov': False,
        'name': 'sgd'
    },
    'mode': 'serial',
    'parallel': {
        'ray_cluster_addr': None,
        'num_cpus': None,
        'num_gpus': None,
        'num_workers': 2
    },
    'common': {
        'seed': 42,
        'join_ratio': 0.1,
        'global_epoch': 200,
        'local_epoch': 5,
        'batch_size': 32,
        'reset_optimizer_on_global_epoch': True,
        'straggler_ratio': 0,
        'straggler_min_local_epoch': 0,
        'buffers': 'global',
        'client_side_evaluation': True,
        'test': {
            'client': {
                'interval': 100,
                'finetune_epoch': 0,
                'train': False,
                'val': False,
                'test': True
            },
            'server': {
                'interval': -1,
                'train': False,
                'val': False,
                'test': True,
                'model_in_train_mode': False
            }
        },
        'verbose_gap': 10,
        'monitor': None,
        'use_cuda': True,
        'save_log': True,
        'save_model': False,
        'save_learning_curve_plot': True,
        'save_metrics': True,
        'delete_useless_run': True
    },
    'fedprox': {
        'mu': 0.01
    },
    'pfedsim': {
        'warmup_round': 0.5
    },
    'feddpag': {
        'fisher_threshold': 0.994
    }
}
---------------------------- TRAINING EPOCH: 10 ----------------------------   
client [77] (testset)   loss: 0.1937 -> 0.0459  accuracy: 92.23% -> 97.93%     
client [81] (testset)   loss: 0.1867 -> 0.0145  accuracy: 94.44% -> 100.00%    
client [21] (testset)   loss: 0.7855 -> 0.2414  accuracy: 70.81% -> 92.55%     
client [68] (testset)   loss: 0.2712 -> 0.1418  accuracy: 88.18% -> 94.55%     
client [93] (testset)   loss: 0.2947 -> 0.0294  accuracy: 89.83% -> 100.00%    
client [31] (testset)   loss: 0.4712 -> 0.5790  accuracy: 86.15% -> 70.77%     
client [20] (testset)   loss: 0.2295 -> 0.0611  accuracy: 92.74% -> 97.85%     
client [59] (testset)   loss: 0.8605 -> 0.4204  accuracy: 76.64% -> 88.32%     
client [48] (testset)   loss: 0.6054 -> 0.0136  accuracy: 81.01% -> 100.00%    
client [34] (testset)   loss: 0.4173 -> 0.3239  accuracy: 80.77% -> 92.31%     
---------------------------- TRAINING EPOCH: 20 ----------------------------   
client [69] (testset)   loss: 0.3249 -> 0.1403  accuracy: 86.42% -> 95.68%     
client [99] (testset)   loss: 0.8616 -> 0.0487  accuracy: 68.68% -> 98.42%     
client [67] (testset)   loss: 2.1390 -> 0.1345  accuracy: 19.24% -> 96.22%     
client [0]  (testset)   loss: 0.3402 -> 0.1874  accuracy: 85.71% -> 89.80%     
client [76] (testset)   loss: 0.6723 -> 0.3142  accuracy: 80.00% -> 86.67%     
client [41] (testset)   loss: 0.4441 -> 0.1845  accuracy: 89.52% -> 93.55%     
client [62] (testset)   loss: 2.3024 -> 0.2325  accuracy: 40.00% -> 95.00%     
client [2]  (testset)   loss: 1.2446 -> 0.0110  accuracy: 51.86% -> 99.34%     
client [14] (testset)   loss: 1.6531 -> 0.3168  accuracy: 43.57% -> 90.00%     
client [46] (testset)   loss: 2.4947 -> 0.3692  accuracy: 10.42% -> 90.62%     
---------------------------- TRAINING EPOCH: 30 ----------------------------   
client [24] (testset)   loss: 0.7682 -> 0.3293  accuracy: 66.29% -> 89.71%     
client [68] (testset)   loss: 0.2908 -> 0.1008  accuracy: 90.91% -> 96.36%     
client [57] (testset)   loss: 0.1270 -> 0.0203  accuracy: 97.08% -> 99.64%     
client [17] (testset)   loss: 0.6865 -> 0.1143  accuracy: 70.05% -> 96.26%     
client [54] (testset)   loss: 0.4747 -> 0.2346  accuracy: 77.92% -> 89.61%     
client [23] (testset)   loss: 0.5116 -> 0.1618  accuracy: 76.77% -> 94.95%     
client [35] (testset)   loss: 1.2011 -> 0.0092  accuracy: 52.70% -> 100.00%    
client [59] (testset)   loss: 0.8622 -> 0.3888  accuracy: 67.15% -> 88.32%     
client [31] (testset)   loss: 0.4237 -> 0.2054  accuracy: 80.00% -> 92.31%     
client [9]  (testset)   loss: 0.2668 -> 0.1218  accuracy: 93.06% -> 95.83%     
---------------------------- TRAINING EPOCH: 40 ----------------------------   
client [64] (testset)   loss: 0.5365 -> 0.1498  accuracy: 77.44% -> 94.74%     
client [33] (testset)   loss: 0.3268 -> 0.0742  accuracy: 85.96% -> 97.66%     
client [16] (testset)   loss: 0.2439 -> 0.0142  accuracy: 91.67% -> 99.17%     
client [44] (testset)   loss: 0.2852 -> 0.0164  accuracy: 86.79% -> 99.06%     
client [8]  (testset)   loss: 0.6343 -> 0.1910  accuracy: 76.19% -> 93.45%     
client [31] (testset)   loss: 0.6613 -> 0.1920  accuracy: 72.31% -> 92.31%     
client [47] (testset)   loss: 0.2385 -> 0.1011  accuracy: 90.65% -> 96.52%     
client [36] (testset)   loss: 0.2576 -> 0.1553  accuracy: 91.95% -> 95.07%     
client [20] (testset)   loss: 0.8192 -> 0.0308  accuracy: 65.59% -> 98.92%     
client [56] (testset)   loss: 0.9505 -> 0.3099  accuracy: 58.82% -> 87.39%     
---------------------------- TRAINING EPOCH: 50 ----------------------------   
client [4]  (testset)   loss: 0.1576 -> 0.1097  accuracy: 96.15% -> 97.69%     
client [60] (testset)   loss: 1.2686 -> 0.1136  accuracy: 57.20% -> 96.68%     
client [28] (testset)   loss: 0.0087 -> 0.0075  accuracy: 100.00% -> 100.00%   
client [25] (testset)   loss: 0.1309 -> 0.0169  accuracy: 94.23% -> 99.04%     
client [58] (testset)   loss: 0.2610 -> 0.0635  accuracy: 91.33% -> 97.96%     
client [44] (testset)   loss: 0.6566 -> 0.0401  accuracy: 76.42% -> 99.06%     
client [39] (testset)   loss: 0.0251 -> 0.0016  accuracy: 100.00% -> 100.00%   
client [29] (testset)   loss: 0.6918 -> 0.2658  accuracy: 82.28% -> 91.14%     
client [3]  (testset)   loss: 0.2481 -> 0.1236  accuracy: 92.22% -> 95.72%     
client [84] (testset)   loss: 0.7600 -> 0.0053  accuracy: 74.07% -> 100.00%    
---------------------------- TRAINING EPOCH: 60 ----------------------------   
client [21] (testset)   loss: 0.2422 -> 0.2081  accuracy: 92.55% -> 91.93%     
client [84] (testset)   loss: 0.7215 -> 0.0056  accuracy: 72.84% -> 100.00%    
client [10] (testset)   loss: 0.2998 -> 0.0228  accuracy: 91.18% -> 98.53%     
client [36] (testset)   loss: 0.4477 -> 0.1571  accuracy: 85.88% -> 94.75%     
client [65] (testset)   loss: 0.6449 -> 0.2224  accuracy: 71.88% -> 90.62%     
client [81] (testset)   loss: 0.6765 -> 0.0021  accuracy: 66.67% -> 100.00%    
client [79] (testset)   loss: 1.0329 -> 0.1682  accuracy: 63.55% -> 93.10%     
client [42] (testset)   loss: 0.1942 -> 0.0577  accuracy: 92.73% -> 98.79%     
client [11] (testset)   loss: 0.7290 -> 0.3330  accuracy: 71.75% -> 89.24%     
client [96] (testset)   loss: 0.3017 -> 0.1777  accuracy: 90.51% -> 93.43%     
---------------------------- TRAINING EPOCH: 70 ----------------------------   
client [8]  (testset)   loss: 0.2577 -> 0.1793  accuracy: 91.37% -> 94.64%     
client [53] (testset)   loss: 0.1164 -> 0.0081  accuracy: 95.78% -> 99.70%     
client [52] (testset)   loss: 0.3296 -> 0.0997  accuracy: 86.44% -> 98.31%     
client [42] (testset)   loss: 0.1652 -> 0.0597  accuracy: 94.67% -> 98.67%     
client [69] (testset)   loss: 0.2730 -> 0.1038  accuracy: 90.12% -> 96.30%     
client [59] (testset)   loss: 0.7233 -> 0.3266  accuracy: 70.80% -> 90.51%     
client [7]  (testset)   loss: 0.1611 -> 0.0170  accuracy: 94.32% -> 99.13%     
client [26] (testset)   loss: 0.3457 -> 0.0543  accuracy: 87.92% -> 97.93%     
client [49] (testset)   loss: 0.0714 -> 0.0325  accuracy: 98.28% -> 99.57%     
client [98] (testset)   loss: 0.6284 -> 0.5367  accuracy: 78.72% -> 87.23%     
---------------------------- TRAINING EPOCH: 80 ----------------------------   
client [98] (testset)   loss: 0.6258 -> 0.5638  accuracy: 87.23% -> 85.11%     
client [47] (testset)   loss: 0.1694 -> 0.1217  accuracy: 94.78% -> 95.87%     
client [21] (testset)   loss: 0.2520 -> 0.1784  accuracy: 91.93% -> 93.79%     
client [77] (testset)   loss: 0.1210 -> 0.0097  accuracy: 95.85% -> 100.00%    
client [95] (testset)   loss: 0.3916 -> 0.1882  accuracy: 85.19% -> 96.30%     
client [91] (testset)   loss: 0.3672 -> 0.0057  accuracy: 84.62% -> 100.00%    
client [14] (testset)   loss: 0.4192 -> 0.3752  accuracy: 87.86% -> 85.48%     
client [99] (testset)   loss: 0.0501 -> 0.0341  accuracy: 98.95% -> 99.21%     
client [20] (testset)   loss: 1.0667 -> 0.0307  accuracy: 63.17% -> 99.19%     
client [39] (testset)   loss: 0.0588 -> 0.0053  accuracy: 93.33% -> 100.00%    
---------------------------- TRAINING EPOCH: 90 ----------------------------   
client [52] (testset)   loss: 0.1981 -> 0.1032  accuracy: 91.53% -> 98.31%     
client [62] (testset)   loss: 0.3144 -> 0.2194  accuracy: 90.00% -> 95.00%     
client [71] (testset)   loss: 0.1035 -> 0.0478  accuracy: 96.74% -> 97.83%     
client [97] (testset)   loss: 0.1311 -> 0.0441  accuracy: 95.24% -> 98.27%     
client [30] (testset)   loss: 0.3647 -> 0.2232  accuracy: 85.58% -> 96.15%     
client [88] (testset)   loss: 0.7602 -> 0.3410  accuracy: 75.61% -> 89.02%     
client [60] (testset)   loss: 0.4084 -> 0.1169  accuracy: 86.35% -> 96.68%     
client [82] (testset)   loss: 1.0967 -> 0.0786  accuracy: 62.33% -> 98.97%     
client [91] (testset)   loss: 0.1476 -> 1.0861  accuracy: 92.31% -> 92.31%     
client [57] (testset)   loss: 1.0147 -> 0.0249  accuracy: 64.23% -> 98.91%     
---------------------------- TRAINING EPOCH: 100 ----------------------------  
client [31] (testset)   loss: 0.7481 -> 0.1497  accuracy: 75.38% -> 92.31%     
client [15] (testset)   loss: 0.3239 -> 0.1519  accuracy: 90.94% -> 94.69%     
client [71] (testset)   loss: 0.1915 -> 0.0535  accuracy: 92.93% -> 98.37%     
client [97] (testset)   loss: 0.2965 -> 0.0417  accuracy: 91.34% -> 98.70%     
client [53] (testset)   loss: 0.1619 -> 0.0085  accuracy: 95.18% -> 99.70%     
client [77] (testset)   loss: 0.0468 -> 0.0086  accuracy: 97.93% -> 100.00%    
client [76] (testset)   loss: 0.3863 -> 0.2933  accuracy: 80.00% -> 93.33%     
client [79] (testset)   loss: 0.6872 -> 0.1569  accuracy: 73.89% -> 93.60%     
client [28] (testset)   loss: 0.0604 -> 0.0007  accuracy: 96.43% -> 100.00%    
client [99] (testset)   loss: 0.3273 -> 0.0302  accuracy: 88.42% -> 99.21%     
---------------------------- TRAINING EPOCH: 110 ----------------------------  
client [97] (testset)   loss: 0.1565 -> 0.0381  accuracy: 93.94% -> 98.70%     
client [86] (testset)   loss: 0.0062 -> 0.0094  accuracy: 100.00% -> 100.00%   
client [34] (testset)   loss: 0.0904 -> 0.0911  accuracy: 100.00% -> 96.15%    
client [73] (testset)   loss: 0.5395 -> 0.0075  accuracy: 83.21% -> 100.00%    
client [5]  (testset)   loss: 0.5851 -> 0.0930  accuracy: 81.43% -> 97.62%     
client [96] (testset)   loss: 0.3006 -> 0.1702  accuracy: 89.05% -> 93.43%     
client [22] (testset)   loss: 0.1652 -> 0.0222  accuracy: 95.88% -> 98.97%     
client [60] (testset)   loss: 0.3727 -> 0.1132  accuracy: 86.35% -> 96.31%     
client [66] (testset)   loss: 0.4681 -> 0.0971  accuracy: 86.06% -> 96.41%     
client [83] (testset)   loss: 0.1551 -> 0.0041  accuracy: 96.18% -> 100.00%    
---------------------------- TRAINING EPOCH: 120 ----------------------------  
client [76] (testset)   loss: 0.3249 -> 0.3856  accuracy: 93.33% -> 93.33%     
client [65] (testset)   loss: 0.5998 -> 0.3594  accuracy: 78.12% -> 90.62%     
client [95] (testset)   loss: 0.3879 -> 0.2177  accuracy: 88.89% -> 94.44%     
client [17] (testset)   loss: 0.3349 -> 0.1021  accuracy: 89.30% -> 97.33%     
client [8]  (testset)   loss: 0.2911 -> 0.1544  accuracy: 90.48% -> 95.54%     
client [35] (testset)   loss: 0.3343 -> 0.0014  accuracy: 89.19% -> 100.00%    
client [98] (testset)   loss: 0.4952 -> 0.4938  accuracy: 82.98% -> 87.23%     
client [53] (testset)   loss: 0.0303 -> 0.0089  accuracy: 99.40% -> 99.40%     
client [43] (testset)   loss: 0.5936 -> 0.0575  accuracy: 76.92% -> 98.46%     
client [64] (testset)   loss: 0.1897 -> 0.1233  accuracy: 92.48% -> 95.49%     
---------------------------- TRAINING EPOCH: 130 ----------------------------  
client [21] (testset)   loss: 0.3709 -> 0.1460  accuracy: 90.68% -> 95.03%     
client [88] (testset)   loss: 0.5410 -> 0.4051  accuracy: 87.80% -> 91.46%     
client [38] (testset)   loss: 0.5025 -> 0.3417  accuracy: 81.82% -> 92.21%     
client [3]  (testset)   loss: 0.3344 -> 0.1174  accuracy: 89.49% -> 97.28%     
client [5]  (testset)   loss: 0.2208 -> 0.0897  accuracy: 93.81% -> 97.62%     
client [41] (testset)   loss: 0.3203 -> 0.1722  accuracy: 91.94% -> 95.56%     
client [7]  (testset)   loss: 0.1665 -> 0.0221  accuracy: 94.76% -> 99.13%     
client [37] (testset)   loss: 0.5319 -> 0.2227  accuracy: 82.61% -> 95.65%     
client [45] (testset)   loss: 0.6230 -> 0.6274  accuracy: 86.49% -> 89.19%     
client [47] (testset)   loss: 0.1527 -> 0.1042  accuracy: 95.65% -> 96.52%     
---------------------------- TRAINING EPOCH: 140 ----------------------------  
client [16] (testset)   loss: 1.1634 -> 0.0150  accuracy: 66.67% -> 99.17%     
client [11] (testset)   loss: 2.8253 -> 0.2707  accuracy: 35.43% -> 90.58%     
client [37] (testset)   loss: 1.5677 -> 0.1973  accuracy: 51.09% -> 95.65%     
client [41] (testset)   loss: 0.8300 -> 0.1711  accuracy: 83.06% -> 95.56%     
client [95] (testset)   loss: 0.6717 -> 0.1711  accuracy: 81.48% -> 96.30%     
client [53] (testset)   loss: 0.0932 -> 0.0081  accuracy: 98.80% -> 99.40%     
client [22] (testset)   loss: 1.7067 -> 0.0007  accuracy: 62.89% -> 100.00%    
client [25] (testset)   loss: 0.1265 -> 0.0032  accuracy: 96.15% -> 100.00%    
client [69] (testset)   loss: 0.4613 -> 0.1290  accuracy: 88.89% -> 96.30%     
client [46] (testset)   loss: 0.1974 -> 0.1356  accuracy: 93.75% -> 93.75%     
---------------------------- TRAINING EPOCH: 150 ----------------------------  
client [47] (testset)   loss: 0.1937 -> 0.1017  accuracy: 93.48% -> 96.96%     
client [69] (testset)   loss: 0.3522 -> 0.1315  accuracy: 90.74% -> 96.30%     
client [82] (testset)   loss: 0.1693 -> 0.1019  accuracy: 93.15% -> 98.97%     
client [45] (testset)   loss: 0.6346 -> 0.6381  accuracy: 86.49% -> 89.19%     
client [7]  (testset)   loss: 0.2312 -> 0.0259  accuracy: 91.27% -> 99.13%     
client [50] (testset)   loss: 0.9057 -> 0.0120  accuracy: 70.37% -> 99.15%     
client [35] (testset)   loss: 0.9525 -> 0.0008  accuracy: 71.62% -> 100.00%    
client [24] (testset)   loss: 0.6883 -> 0.3160  accuracy: 73.71% -> 90.86%     
client [15] (testset)   loss: 0.4538 -> 0.1653  accuracy: 87.19% -> 94.69%     
client [58] (testset)   loss: 0.1467 -> 0.0304  accuracy: 96.94% -> 98.47%     
---------------------------- TRAINING EPOCH: 160 ----------------------------  
client [48] (testset)   loss: 0.2202 -> 0.0045  accuracy: 89.87% -> 100.00%    
client [76] (testset)   loss: 0.1139 -> 0.3923  accuracy: 93.33% -> 93.33%     
client [67] (testset)   loss: 1.2991 -> 0.2257  accuracy: 64.26% -> 95.53%     
client [37] (testset)   loss: 0.2266 -> 0.1645  accuracy: 92.39% -> 95.65%     
client [58] (testset)   loss: 0.1425 -> 0.0499  accuracy: 95.41% -> 97.96%     
client [64] (testset)   loss: 0.1784 -> 0.0982  accuracy: 92.48% -> 96.99%     
client [77] (testset)   loss: 0.0825 -> 0.0072  accuracy: 98.45% -> 100.00%    
client [55] (testset)   loss: 0.0495 -> 0.0003  accuracy: 98.01% -> 100.00%    
client [12] (testset)   loss: 0.5077 -> 0.1358  accuracy: 86.73% -> 97.04%     
client [89] (testset)   loss: 0.4283 -> 0.3923  accuracy: 89.47% -> 94.74%     
---------------------------- TRAINING EPOCH: 170 ----------------------------  
client [84] (testset)   loss: 0.8219 -> 0.0219  accuracy: 72.84% -> 98.77%     
client [51] (testset)   loss: 0.2186 -> 0.0027  accuracy: 93.63% -> 100.00%    
client [8]  (testset)   loss: 0.5581 -> 0.1671  accuracy: 83.63% -> 94.94%     
client [18] (testset)   loss: 0.0862 -> 0.0193  accuracy: 97.01% -> 99.00%     
client [94] (testset)   loss: 0.3640 -> 0.0497  accuracy: 90.08% -> 98.47%     
client [81] (testset)   loss: 0.1042 -> 0.0010  accuracy: 96.30% -> 100.00%    
client [3]  (testset)   loss: 0.5819 -> 0.1344  accuracy: 85.60% -> 95.72%     
client [11] (testset)   loss: 0.5934 -> 0.2765  accuracy: 81.17% -> 91.03%     
client [95] (testset)   loss: 0.6103 -> 0.1695  accuracy: 83.33% -> 96.30%     
client [67] (testset)   loss: 1.5229 -> 0.2091  accuracy: 61.17% -> 95.53%     
---------------------------- TRAINING EPOCH: 180 ----------------------------  
client [21] (testset)   loss: 0.2788 -> 0.1726  accuracy: 93.79% -> 95.65%     
client [79] (testset)   loss: 0.4479 -> 0.1548  accuracy: 86.70% -> 95.57%     
client [58] (testset)   loss: 0.1608 -> 0.0397  accuracy: 95.41% -> 98.47%     
client [88] (testset)   loss: 0.5015 -> 0.4033  accuracy: 85.37% -> 90.24%     
client [46] (testset)   loss: 0.6688 -> 0.2692  accuracy: 77.08% -> 93.75%     
client [11] (testset)   loss: 0.4699 -> 0.2755  accuracy: 82.06% -> 91.03%     
client [55] (testset)   loss: 0.0818 -> 0.0002  accuracy: 97.35% -> 100.00%    
client [13] (testset)   loss: 0.4677 -> 0.3815  accuracy: 83.01% -> 90.06%     
client [31] (testset)   loss: 0.5365 -> 0.1297  accuracy: 83.08% -> 92.31%     
client [75] (testset)   loss: 0.4874 -> 0.2987  accuracy: 85.65% -> 90.43%     
---------------------------- TRAINING EPOCH: 190 ----------------------------  
client [19] (testset)   loss: 0.3759 -> 0.1922  accuracy: 89.83% -> 93.22%     
client [7]  (testset)   loss: 0.2057 -> 0.0191  accuracy: 93.89% -> 99.56%     
client [57] (testset)   loss: 0.2377 -> 0.0315  accuracy: 89.78% -> 99.27%     
client [13] (testset)   loss: 0.5777 -> 0.3253  accuracy: 78.85% -> 91.03%     
client [43] (testset)   loss: 0.7020 -> 0.0622  accuracy: 75.38% -> 98.46%     
client [91] (testset)   loss: 0.1440 -> 0.0299  accuracy: 92.31% -> 100.00%    
client [10] (testset)   loss: 0.2048 -> 0.0260  accuracy: 94.12% -> 98.53%     
client [64] (testset)   loss: 0.4004 -> 0.1030  accuracy: 85.71% -> 96.24%     
client [82] (testset)   loss: 0.1568 -> 0.0789  accuracy: 94.86% -> 98.97%     
client [22] (testset)   loss: 0.2914 -> 0.0092  accuracy: 87.63% -> 100.00%    
---------------------------- TRAINING EPOCH: 200 ----------------------------  
client [20] (testset)   loss: 0.4185 -> 0.0249  accuracy: 87.90% -> 99.46%     
client [23] (testset)   loss: 0.4572 -> 0.1335  accuracy: 86.87% -> 96.97%     
client [88] (testset)   loss: 0.4773 -> 0.4115  accuracy: 89.02% -> 90.24%     
client [98] (testset)   loss: 1.4735 -> 0.4919  accuracy: 55.32% -> 87.23%     
client [79] (testset)   loss: 0.5683 -> 0.2161  accuracy: 80.30% -> 94.58%     
client [21] (testset)   loss: 0.4308 -> 0.1608  accuracy: 90.68% -> 95.65%     
client [92] (testset)   loss: 0.2047 -> 0.0555  accuracy: 92.70% -> 97.81%     
client [56] (testset)   loss: 1.2783 -> 0.3037  accuracy: 57.14% -> 87.39%     
client [5]  (testset)   loss: 0.3213 -> 0.0732  accuracy: 91.43% -> 98.10%     
client [52] (testset)   loss: 0.1929 -> 0.0914  accuracy: 96.61% -> 98.31%     
FedDpag's average time taken by each global epoch: 0 min 2.58 sec.             
FedDpag's total running time: 0 h 8 m 42 s.                                    
==================== FedDpag Experiment Results: ====================          
Display format: (before local fine-tuning) -> (after local fine-tuning)        
 So if finetune_epoch = 0, x.xx% -> 0.00% is normal.                           
 Centralized testing ONLY happens after model aggregation, so the stats between
'->' are the same.                                                             
{                                                                              
    "100": {                                                                   
        "all_clients": {                                                       
            "test": {                                                          
                "loss": "0.3631 -> 0.0000",                                    
                "accuracy": "87.47% -> 0.00%"                                  
            }                                                                  
        }                                                                      
    },                                                                         
    "200": {                                                                   
        "all_clients": {                                                       
            "test": {                                                          
                "loss": "0.4640 -> 0.0000",                                    
                "accuracy": "86.76% -> 0.00%"                                  
            }                                                                  
        }                                                                      
    }                                                                          
}                                                                              
==================== FedDpag Max Accuracy ====================                 
all_clients:                                                                   
(test) before fine-tuning: 87.47% at epoch 100                                 
(test) after fine-tuning: 0.00% at epoch 100                                   
