==================== FedDpa ====================                               
Experiment Arguments:                                                          
{
    'method': 'feddpa',
    'dataset': {
        'name': 'emnist',
        'client_num': 100,
        'test_ratio': 0.25,
        'val_ratio': 0.0,
        'seed': 42,
        'split': 'sample',
        'IID_ratio': 0.0,
        'monitor_window_name_suffix': 'emnist-100clients-0%IID-Dir(0.5)-seed42',
        'emnist_split': 'byclass',
        'alpha': 0.5,
        'min_samples_per_client': 10
    },
    'model': {
        'name': 'avgcnn',
        'use_torchvision_pretrained_weights': True,
        'external_model_weights_path': None
    },
    'optimizer': {
        'lr': 0.01,
        'dampening': 0,
        'weight_decay': 0,
        'momentum': 0.7,
        'nesterov': False,
        'name': 'sgd'
    },
    'mode': 'serial',
    'parallel': {
        'ray_cluster_addr': None,
        'num_cpus': None,
        'num_gpus': None,
        'num_workers': 2
    },
    'common': {
        'seed': 42,
        'join_ratio': 0.1,
        'global_epoch': 400,
        'local_epoch': 5,
        'batch_size': 32,
        'reset_optimizer_on_global_epoch': True,
        'straggler_ratio': 0,
        'straggler_min_local_epoch': 0,
        'buffers': 'global',
        'client_side_evaluation': True,
        'test': {
            'client': {
                'interval': 100,
                'finetune_epoch': 5,
                'train': False,
                'val': False,
                'test': True
            },
            'server': {
                'interval': -1,
                'train': False,
                'val': False,
                'test': True,
                'model_in_train_mode': False
            }
        },
        'verbose_gap': 10,
        'monitor': None,
        'use_cuda': True,
        'save_log': True,
        'save_model': False,
        'save_learning_curve_plot': True,
        'save_metrics': True,
        'delete_useless_run': True
    },
    'fedprox': {
        'mu': 0.01
    },
    'pfedsim': {
        'warmup_round': 0.5
    },
    'feddpa': {
        'fisher_threshold': 0.4
    }
}
---------------------------- TRAINING EPOCH: 10 ----------------------------   
client [77] (testset)   loss: 0.6061 -> 0.4560  accuracy: 77.89% -> 83.78%     
client [81] (testset)   loss: 0.5499 -> 0.4280  accuracy: 80.66% -> 85.79%     
client [21] (testset)   loss: 0.5423 -> 0.3033  accuracy: 72.83% -> 91.91%     
client [68] (testset)   loss: 0.3161 -> 0.2856  accuracy: 88.52% -> 89.51%     
client [93] (testset)   loss: 0.5257 -> 0.3479  accuracy: 83.92% -> 91.65%     
client [31] (testset)   loss: 0.5121 -> 0.3513  accuracy: 82.39% -> 87.52%     
client [20] (testset)   loss: 0.4027 -> 0.3645  accuracy: 86.56% -> 90.04%     
client [59] (testset)   loss: 0.6628 -> 0.4459  accuracy: 71.90% -> 83.88%     
client [48] (testset)   loss: 0.4814 -> 0.5507  accuracy: 83.09% -> 81.47%     
client [34] (testset)   loss: 0.4753 -> 0.4000  accuracy: 84.68% -> 89.90%     
---------------------------- TRAINING EPOCH: 20 ----------------------------   
client [69] (testset)   loss: 0.4326 -> 0.2690  accuracy: 84.53% -> 92.55%     
client [99] (testset)   loss: 0.4828 -> 0.2658  accuracy: 81.71% -> 92.36%     
client [67] (testset)   loss: 0.3449 -> 0.2980  accuracy: 87.49% -> 89.88%     
client [0]  (testset)   loss: 0.4073 -> 0.2597  accuracy: 87.60% -> 93.39%     
client [76] (testset)   loss: 0.6320 -> 0.4827  accuracy: 79.63% -> 85.02%     
client [41] (testset)   loss: 0.6988 -> 0.5200  accuracy: 70.07% -> 83.71%     
client [62] (testset)   loss: 0.5407 -> 0.3978  accuracy: 80.09% -> 88.66%     
client [2]  (testset)   loss: 0.3477 -> 0.2481  accuracy: 88.51% -> 91.89%     
client [14] (testset)   loss: 0.3935 -> 0.2799  accuracy: 89.55% -> 92.08%     
client [46] (testset)   loss: 0.3581 -> 0.2968  accuracy: 88.34% -> 91.65%     
---------------------------- TRAINING EPOCH: 30 ----------------------------   
client [24] (testset)   loss: 0.4529 -> 0.3005  accuracy: 85.25% -> 92.67%     
client [68] (testset)   loss: 0.2885 -> 0.2891  accuracy: 89.63% -> 91.03%     
client [57] (testset)   loss: 0.4587 -> 0.4630  accuracy: 85.40% -> 85.67%     
client [17] (testset)   loss: 0.3616 -> 0.2613  accuracy: 88.86% -> 92.47%     
client [54] (testset)   loss: 0.3347 -> 0.2684  accuracy: 88.63% -> 91.61%     
client [23] (testset)   loss: 0.6124 -> 0.4474  accuracy: 76.83% -> 87.09%     
client [35] (testset)   loss: 0.5919 -> 0.4683  accuracy: 79.54% -> 84.43%     
client [59] (testset)   loss: 0.4962 -> 0.4652  accuracy: 82.48% -> 83.50%     
client [31] (testset)   loss: 0.3964 -> 0.3424  accuracy: 86.81% -> 89.43%     
client [9]  (testset)   loss: 0.8002 -> 0.5696  accuracy: 73.68% -> 82.26%     
---------------------------- TRAINING EPOCH: 40 ----------------------------   
client [64] (testset)   loss: 0.5783 -> 0.4426  accuracy: 79.72% -> 86.61%     
client [33] (testset)   loss: 0.3993 -> 0.3892  accuracy: 84.98% -> 87.03%     
client [16] (testset)   loss: 0.3516 -> 0.3280  accuracy: 88.83% -> 92.24%     
client [44] (testset)   loss: 0.5990 -> 0.5244  accuracy: 78.49% -> 83.01%     
client [8]  (testset)   loss: 0.4024 -> 0.3310  accuracy: 88.76% -> 91.39%     
client [31] (testset)   loss: 0.3987 -> 0.3424  accuracy: 87.27% -> 89.53%     
client [47] (testset)   loss: 0.6237 -> 0.4735  accuracy: 77.74% -> 85.16%     
client [36] (testset)   loss: 0.4226 -> 0.3837  accuracy: 84.84% -> 87.83%     
client [20] (testset)   loss: 0.4719 -> 0.3432  accuracy: 84.79% -> 90.33%     
client [56] (testset)   loss: 0.5022 -> 0.3998  accuracy: 80.09% -> 88.57%     
---------------------------- TRAINING EPOCH: 50 ----------------------------   
client [4]  (testset)   loss: 0.3655 -> 0.3138  accuracy: 89.10% -> 91.18%     
client [60] (testset)   loss: 0.4073 -> 0.2210  accuracy: 83.47% -> 93.85%     
client [28] (testset)   loss: 0.4431 -> 0.3424  accuracy: 86.07% -> 90.08%     
client [25] (testset)   loss: 0.3007 -> 0.2204  accuracy: 90.32% -> 95.39%     
client [58] (testset)   loss: 0.2970 -> 0.2966  accuracy: 89.03% -> 92.55%     
client [44] (testset)   loss: 0.5682 -> 0.5448  accuracy: 80.00% -> 82.81%     
client [39] (testset)   loss: 0.4603 -> 0.4439  accuracy: 84.00% -> 86.80%     
client [29] (testset)   loss: 0.5821 -> 0.5321  accuracy: 83.03% -> 84.76%     
client [3]  (testset)   loss: 0.3648 -> 0.2106  accuracy: 89.57% -> 94.65%     
client [84] (testset)   loss: 0.4350 -> 0.3123  accuracy: 85.97% -> 92.24%     
---------------------------- TRAINING EPOCH: 60 ----------------------------   
client [21] (testset)   loss: 0.4099 -> 0.3162  accuracy: 88.10% -> 92.37%     
client [84] (testset)   loss: 0.4240 -> 0.3277  accuracy: 86.51% -> 92.03%     
client [10] (testset)   loss: 0.3569 -> 0.3269  accuracy: 87.40% -> 91.25%     
client [36] (testset)   loss: 0.4589 -> 0.4325  accuracy: 83.49% -> 88.38%     
client [65] (testset)   loss: 0.7004 -> 0.5147  accuracy: 76.65% -> 86.64%     
client [81] (testset)   loss: 0.5744 -> 0.4833  accuracy: 80.57% -> 84.62%     
client [79] (testset)   loss: 0.2957 -> 0.1925  accuracy: 90.10% -> 95.05%     
client [42] (testset)   loss: 0.3441 -> 0.2771  accuracy: 88.62% -> 92.84%     
client [11] (testset)   loss: 0.3963 -> 0.2441  accuracy: 88.83% -> 94.47%     
client [96] (testset)   loss: 0.5415 -> 0.4060  accuracy: 81.34% -> 90.00%     
---------------------------- TRAINING EPOCH: 70 ----------------------------   
client [8]  (testset)   loss: 0.5206 -> 0.3370  accuracy: 82.62% -> 91.99%     
client [53] (testset)   loss: 0.4606 -> 0.3913  accuracy: 86.47% -> 87.53%     
client [52] (testset)   loss: 0.5913 -> 0.5221  accuracy: 81.69% -> 85.48%     
client [42] (testset)   loss: 0.4189 -> 0.3064  accuracy: 86.13% -> 92.58%     
client [69] (testset)   loss: 0.3520 -> 0.3008  accuracy: 89.67% -> 93.16%     
client [59] (testset)   loss: 0.5286 -> 0.4754  accuracy: 82.59% -> 84.52%     
client [7]  (testset)   loss: 0.4125 -> 0.3521  accuracy: 85.10% -> 89.25%     
client [26] (testset)   loss: 0.4304 -> 0.3818  accuracy: 84.97% -> 89.31%     
client [49] (testset)   loss: 0.2985 -> 0.2964  accuracy: 92.15% -> 93.39%     
client [98] (testset)   loss: 0.2912 -> 0.2879  accuracy: 92.05% -> 93.13%     
---------------------------- TRAINING EPOCH: 80 ----------------------------   
client [98] (testset)   loss: 0.3199 -> 0.3078  accuracy: 91.81% -> 93.25%     
client [47] (testset)   loss: 0.7188 -> 0.5708  accuracy: 75.43% -> 84.36%     
client [21] (testset)   loss: 0.4749 -> 0.3269  accuracy: 86.36% -> 92.59%     
client [77] (testset)   loss: 0.5893 -> 0.5017  accuracy: 82.27% -> 85.68%     
client [95] (testset)   loss: 0.3602 -> 0.2683  accuracy: 88.21% -> 93.45%     
client [91] (testset)   loss: 0.6349 -> 0.4266  accuracy: 80.53% -> 88.24%     
client [14] (testset)   loss: 0.4033 -> 0.3025  accuracy: 87.35% -> 92.55%     
client [99] (testset)   loss: 0.4811 -> 0.2927  accuracy: 84.61% -> 93.03%     
client [20] (testset)   loss: 0.5356 -> 0.3890  accuracy: 82.72% -> 91.51%     
client [39] (testset)   loss: 0.5354 -> 0.4658  accuracy: 82.04% -> 85.53%     
---------------------------- TRAINING EPOCH: 90 ----------------------------   
client [52] (testset)   loss: 0.6579 -> 0.5153  accuracy: 81.23% -> 87.38%     
client [62] (testset)   loss: 0.4683 -> 0.4632  accuracy: 85.80% -> 89.43%     
client [71] (testset)   loss: 0.6662 -> 0.6384  accuracy: 77.79% -> 83.44%     
client [97] (testset)   loss: 0.4703 -> 0.2418  accuracy: 84.42% -> 94.06%     
client [30] (testset)   loss: 0.3846 -> 0.4129  accuracy: 89.15% -> 91.14%     
client [88] (testset)   loss: 0.4383 -> 0.3520  accuracy: 85.98% -> 87.59%     
client [60] (testset)   loss: 0.3763 -> 0.2404  accuracy: 86.86% -> 94.28%     
client [82] (testset)   loss: 0.6812 -> 0.4598  accuracy: 79.68% -> 86.74%     
client [91] (testset)   loss: 0.5153 -> 0.4517  accuracy: 83.83% -> 88.34%     
client [57] (testset)   loss: 0.5690 -> 0.5539  accuracy: 82.29% -> 85.81%     
---------------------------- TRAINING EPOCH: 100 ----------------------------  
client [31] (testset)   loss: 0.4640 -> 0.3917  accuracy: 85.61% -> 89.38%     
client [15] (testset)   loss: 0.5291 -> 0.5168  accuracy: 82.65% -> 85.39%     
client [71] (testset)   loss: 0.6473 -> 0.6250  accuracy: 80.24% -> 84.20%     
client [97] (testset)   loss: 0.4084 -> 0.2562  accuracy: 88.25% -> 94.06%     
client [53] (testset)   loss: 0.5176 -> 0.4174  accuracy: 85.28% -> 88.71%     
client [77] (testset)   loss: 0.6495 -> 0.5238  accuracy: 81.30% -> 85.19%     
client [76] (testset)   loss: 0.7991 -> 0.5566  accuracy: 74.94% -> 86.12%     
client [79] (testset)   loss: 0.3431 -> 0.2102  accuracy: 88.57% -> 94.47%     
client [28] (testset)   loss: 0.4953 -> 0.3929  accuracy: 85.32% -> 90.60%     
client [99] (testset)   loss: 0.4480 -> 0.2941  accuracy: 85.05% -> 93.25%     
---------------------------- TRAINING EPOCH: 110 ----------------------------  
client [97] (testset)   loss: 0.3993 -> 0.2727  accuracy: 88.05% -> 93.59%     
client [86] (testset)   loss: 0.3631 -> 0.2787  accuracy: 90.70% -> 93.91%     
client [34] (testset)   loss: 0.5870 -> 0.4607  accuracy: 82.75% -> 89.67%     
client [73] (testset)   loss: 0.5545 -> 0.6068  accuracy: 83.30% -> 85.24%     
client [5]  (testset)   loss: 0.5559 -> 0.3919  accuracy: 84.15% -> 90.76%     
client [96] (testset)   loss: 0.5546 -> 0.4467  accuracy: 83.93% -> 89.80%     
client [22] (testset)   loss: 0.6375 -> 0.6274  accuracy: 82.36% -> 84.86%     
client [60] (testset)   loss: 0.3495 -> 0.2527  accuracy: 88.92% -> 94.22%     
client [66] (testset)   loss: 0.3745 -> 0.3056  accuracy: 88.57% -> 93.45%     
client [83] (testset)   loss: 0.6269 -> 0.3563  accuracy: 80.49% -> 91.46%     
---------------------------- TRAINING EPOCH: 120 ----------------------------  
client [76] (testset)   loss: 0.7795 -> 0.5870  accuracy: 78.91% -> 85.57%     
client [65] (testset)   loss: 0.7560 -> 0.5615  accuracy: 80.30% -> 86.50%     
client [95] (testset)   loss: 0.4379 -> 0.2870  accuracy: 87.06% -> 94.12%     
client [17] (testset)   loss: 0.4494 -> 0.2967  accuracy: 87.83% -> 92.39%     
client [8]  (testset)   loss: 0.4941 -> 0.3602  accuracy: 84.87% -> 92.81%     
client [35] (testset)   loss: 0.8075 -> 0.6452  accuracy: 77.07% -> 85.28%     
client [98] (testset)   loss: 0.3459 -> 0.3225  accuracy: 90.69% -> 92.97%     
client [53] (testset)   loss: 0.5104 -> 0.4347  accuracy: 85.70% -> 88.53%     
client [43] (testset)   loss: 0.4485 -> 0.3477  accuracy: 85.73% -> 91.87%     
client [64] (testset)   loss: 0.6554 -> 0.4945  accuracy: 80.04% -> 86.66%     
---------------------------- TRAINING EPOCH: 130 ----------------------------  
client [21] (testset)   loss: 0.5742 -> 0.3399  accuracy: 82.50% -> 92.82%     
client [88] (testset)   loss: 0.4401 -> 0.4245  accuracy: 85.84% -> 88.49%     
client [38] (testset)   loss: 0.3496 -> 0.3442  accuracy: 90.86% -> 93.17%     
client [3]  (testset)   loss: 0.3801 -> 0.2159  accuracy: 89.47% -> 95.02%     
client [5]  (testset)   loss: 0.5429 -> 0.3820  accuracy: 85.18% -> 91.71%     
client [41] (testset)   loss: 0.7925 -> 0.6443  accuracy: 77.31% -> 83.62%     
client [7]  (testset)   loss: 0.3928 -> 0.3799  accuracy: 87.64% -> 89.06%     
client [37] (testset)   loss: 0.4856 -> 0.3735  accuracy: 85.69% -> 89.96%     
client [45] (testset)   loss: 0.5593 -> 0.4478  accuracy: 82.52% -> 89.64%     
client [47] (testset)   loss: 0.7174 -> 0.6177  accuracy: 76.02% -> 83.82%     
---------------------------- TRAINING EPOCH: 140 ----------------------------  
client [16] (testset)   loss: 0.4315 -> 0.3872  accuracy: 88.50% -> 92.43%     
client [11] (testset)   loss: 0.5699 -> 0.2797  accuracy: 81.22% -> 94.58%     
client [37] (testset)   loss: 0.4831 -> 0.3914  accuracy: 86.55% -> 90.26%     
client [41] (testset)   loss: 0.7608 -> 0.6717  accuracy: 79.05% -> 82.29%     
client [95] (testset)   loss: 0.3636 -> 0.3034  accuracy: 89.48% -> 93.97%     
client [53] (testset)   loss: 0.5560 -> 0.4142  accuracy: 84.04% -> 89.07%     
client [22] (testset)   loss: 0.6724 -> 0.6677  accuracy: 79.79% -> 84.03%     
client [25] (testset)   loss: 0.3691 -> 0.2802  accuracy: 87.95% -> 95.56%     
client [69] (testset)   loss: 0.4689 -> 0.3568  accuracy: 85.78% -> 93.41%     
client [46] (testset)   loss: 0.4204 -> 0.3489  accuracy: 87.29% -> 91.96%     
---------------------------- TRAINING EPOCH: 150 ----------------------------  
client [47] (testset)   loss: 0.6972 -> 0.7000  accuracy: 78.70% -> 83.65%     
client [69] (testset)   loss: 0.5677 -> 0.3625  accuracy: 84.03% -> 93.55%     
client [82] (testset)   loss: 0.7120 -> 0.5316  accuracy: 81.21% -> 87.30%     
client [45] (testset)   loss: 0.5623 -> 0.4723  accuracy: 82.68% -> 88.82%     
client [7]  (testset)   loss: 0.4524 -> 0.4318  accuracy: 87.54% -> 88.72%     
client [50] (testset)   loss: 0.4797 -> 0.3837  accuracy: 87.91% -> 89.47%     
client [35] (testset)   loss: 0.8099 -> 0.6868  accuracy: 79.22% -> 84.30%     
client [24] (testset)   loss: 0.5340 -> 0.3803  accuracy: 86.51% -> 92.76%     
client [15] (testset)   loss: 0.5870 -> 0.5705  accuracy: 82.58% -> 85.53%     
client [58] (testset)   loss: 0.4623 -> 0.3984  accuracy: 87.16% -> 92.51%     
---------------------------- TRAINING EPOCH: 160 ----------------------------  
client [48] (testset)   loss: 0.5239 -> 0.4856  accuracy: 83.62% -> 87.52%     
client [76] (testset)   loss: 0.8578 -> 0.6395  accuracy: 75.22% -> 85.19%     
client [67] (testset)   loss: 0.3777 -> 0.3886  accuracy: 88.32% -> 89.82%     
client [37] (testset)   loss: 0.4844 -> 0.3945  accuracy: 86.09% -> 89.91%     
client [58] (testset)   loss: 0.4695 -> 0.3871  accuracy: 85.94% -> 92.04%     
client [64] (testset)   loss: 0.6207 -> 0.5340  accuracy: 80.90% -> 87.04%     
client [77] (testset)   loss: 0.6326 -> 0.6024  accuracy: 82.11% -> 84.43%     
client [55] (testset)   loss: 0.5587 -> 0.5679  accuracy: 81.96% -> 86.85%     
client [12] (testset)   loss: 0.5771 -> 0.4954  accuracy: 82.02% -> 86.46%     
client [89] (testset)   loss: 0.6121 -> 0.5853  accuracy: 83.04% -> 86.74%     
---------------------------- TRAINING EPOCH: 170 ----------------------------  
client [84] (testset)   loss: 0.4932 -> 0.4059  accuracy: 87.26% -> 92.20%     
client [51] (testset)   loss: 0.3830 -> 0.3622  accuracy: 89.73% -> 92.69%     
client [8]  (testset)   loss: 0.5325 -> 0.3841  accuracy: 85.84% -> 92.06%     
client [18] (testset)   loss: 0.5491 -> 0.5219  accuracy: 86.10% -> 86.75%     
client [94] (testset)   loss: 0.4946 -> 0.4484  accuracy: 87.81% -> 90.16%     
client [81] (testset)   loss: 0.6929 -> 0.6517  accuracy: 83.06% -> 85.45%     
client [3]  (testset)   loss: 0.4212 -> 0.2266  accuracy: 89.31% -> 95.12%     
client [11] (testset)   loss: 0.4785 -> 0.3090  accuracy: 88.23% -> 94.80%     
client [95] (testset)   loss: 0.3889 -> 0.3193  accuracy: 89.88% -> 94.12%     
client [67] (testset)   loss: 0.4687 -> 0.4036  accuracy: 86.50% -> 89.82%     
---------------------------- TRAINING EPOCH: 180 ----------------------------  
client [21] (testset)   loss: 0.4915 -> 0.3354  accuracy: 86.47% -> 92.86%     
client [79] (testset)   loss: 0.3677 -> 0.2380  accuracy: 89.37% -> 94.69%     
client [58] (testset)   loss: 0.4881 -> 0.4122  accuracy: 86.29% -> 92.16%     
client [88] (testset)   loss: 0.4872 -> 0.4370  accuracy: 85.89% -> 88.78%     
client [46] (testset)   loss: 0.4197 -> 0.3656  accuracy: 88.76% -> 91.86%     
client [11] (testset)   loss: 0.5261 -> 0.2987  accuracy: 86.42% -> 94.85%     
client [55] (testset)   loss: 0.5741 -> 0.6087  accuracy: 84.25% -> 87.46%     
client [13] (testset)   loss: 0.5581 -> 0.5167  accuracy: 84.13% -> 88.28%     
client [31] (testset)   loss: 0.5430 -> 0.4554  accuracy: 85.46% -> 88.48%     
client [75] (testset)   loss: 0.5190 -> 0.4985  accuracy: 84.74% -> 88.63%     
---------------------------- TRAINING EPOCH: 190 ----------------------------  
client [19] (testset)   loss: 0.4920 -> 0.4789  accuracy: 86.71% -> 91.21%     
client [7]  (testset)   loss: 0.4443 -> 0.4382  accuracy: 86.47% -> 88.67%     
client [57] (testset)   loss: 0.6361 -> 0.6930  accuracy: 81.42% -> 84.23%     
client [13] (testset)   loss: 0.5520 -> 0.5289  accuracy: 83.33% -> 88.10%     
client [43] (testset)   loss: 0.4838 -> 0.4087  accuracy: 85.47% -> 91.87%     
client [91] (testset)   loss: 0.6234 -> 0.5183  accuracy: 81.48% -> 87.49%     
client [10] (testset)   loss: 0.4938 -> 0.4024  accuracy: 85.74% -> 90.85%     
client [64] (testset)   loss: 0.6721 -> 0.5971  accuracy: 79.88% -> 86.77%     
client [82] (testset)   loss: 0.6758 -> 0.5835  accuracy: 81.49% -> 88.04%     
client [22] (testset)   loss: 0.7951 -> 0.7146  accuracy: 78.96% -> 84.24%     
---------------------------- TRAINING EPOCH: 200 ----------------------------  
client [20] (testset)   loss: 0.5779 -> 0.4390  accuracy: 83.67% -> 91.04%     
client [23] (testset)   loss: 0.7079 -> 0.6362  accuracy: 81.32% -> 85.12%     
client [88] (testset)   loss: 0.5539 -> 0.4505  accuracy: 84.80% -> 88.02%     
client [98] (testset)   loss: 0.3806 -> 0.3993  accuracy: 90.81% -> 92.89%     
client [79] (testset)   loss: 0.3484 -> 0.2516  accuracy: 90.17% -> 94.47%     
client [21] (testset)   loss: 0.5250 -> 0.3634  accuracy: 85.75% -> 92.89%     
client [92] (testset)   loss: 0.4770 -> 0.3205  accuracy: 87.65% -> 93.03%     
client [56] (testset)   loss: 0.6312 -> 0.4931  accuracy: 82.04% -> 89.46%     
client [5]  (testset)   loss: 0.6433 -> 0.4411  accuracy: 85.03% -> 90.76%     
client [52] (testset)   loss: 0.8313 -> 0.6368  accuracy: 79.01% -> 87.10%     
---------------------------- TRAINING EPOCH: 210 ----------------------------  
client [67] (testset)   loss: 0.4935 -> 0.4442  accuracy: 87.33% -> 89.72%     
client [54] (testset)   loss: 0.4073 -> 0.3417  accuracy: 89.53% -> 92.17%     
client [14] (testset)   loss: 0.4981 -> 0.4006  accuracy: 85.35% -> 92.55%     
client [99] (testset)   loss: 0.6870 -> 0.3411  accuracy: 82.38% -> 93.14%     
client [36] (testset)   loss: 0.5733 -> 0.5848  accuracy: 84.89% -> 87.83%     
client [30] (testset)   loss: 0.5028 -> 0.5424  accuracy: 88.56% -> 90.28%     
client [38] (testset)   loss: 0.3631 -> 0.3941  accuracy: 91.77% -> 92.71%     
client [15] (testset)   loss: 0.6797 -> 0.5721  accuracy: 81.21% -> 86.32%     
client [6]  (testset)   loss: 0.8897 -> 0.6478  accuracy: 75.41% -> 87.39%     
client [53] (testset)   loss: 0.5837 -> 0.4844  accuracy: 85.22% -> 88.89%     
---------------------------- TRAINING EPOCH: 220 ----------------------------  
client [99] (testset)   loss: 0.7108 -> 0.3492  accuracy: 80.09% -> 92.75%     
client [6]  (testset)   loss: 0.8916 -> 0.6466  accuracy: 75.59% -> 87.61%     
client [83] (testset)   loss: 0.6382 -> 0.4409  accuracy: 80.64% -> 91.18%     
client [42] (testset)   loss: 0.4496 -> 0.4087  accuracy: 88.76% -> 92.36%     
client [34] (testset)   loss: 0.6526 -> 0.5417  accuracy: 83.03% -> 89.22%     
client [15] (testset)   loss: 0.7128 -> 0.6024  accuracy: 80.92% -> 86.83%     
client [47] (testset)   loss: 0.8943 -> 0.8080  accuracy: 76.10% -> 84.19%     
client [55] (testset)   loss: 0.6313 -> 0.6681  accuracy: 82.16% -> 86.95%     
client [51] (testset)   loss: 0.4711 -> 0.4031  accuracy: 87.03% -> 92.56%     
client [95] (testset)   loss: 0.4434 -> 0.3331  accuracy: 88.29% -> 93.97%     
---------------------------- TRAINING EPOCH: 230 ----------------------------  
client [71] (testset)   loss: 1.1156 -> 0.8373  accuracy: 72.63% -> 82.96%     
client [15] (testset)   loss: 0.8611 -> 0.6206  accuracy: 78.55% -> 86.11%     
client [33] (testset)   loss: 0.6822 -> 0.5850  accuracy: 81.37% -> 86.92%     
client [99] (testset)   loss: 0.6017 -> 0.3566  accuracy: 84.38% -> 93.08%     
client [90] (testset)   loss: 0.9138 -> 0.7337  accuracy: 77.81% -> 82.64%     
client [57] (testset)   loss: 0.6970 -> 0.7489  accuracy: 84.23% -> 84.83%     
client [27] (testset)   loss: 0.3864 -> 0.3945  accuracy: 90.72% -> 92.92%     
client [78] (testset)   loss: 0.5101 -> 0.4183  accuracy: 87.37% -> 91.68%     
client [36] (testset)   loss: 0.6975 -> 0.6210  accuracy: 82.54% -> 88.03%     
client [88] (testset)   loss: 0.5648 -> 0.4856  accuracy: 85.23% -> 87.83%     
---------------------------- TRAINING EPOCH: 240 ----------------------------  
client [70] (testset)   loss: 0.8364 -> 0.6548  accuracy: 80.02% -> 85.73%     
client [35] (testset)   loss: 1.1355 -> 0.7445  accuracy: 75.24% -> 85.15%     
client [16] (testset)   loss: 0.5826 -> 0.4877  accuracy: 87.93% -> 91.58%     
client [80] (testset)   loss: 0.8734 -> 0.7213  accuracy: 77.91% -> 86.32%     
client [38] (testset)   loss: 0.4233 -> 0.3957  accuracy: 91.25% -> 92.55%     
client [78] (testset)   loss: 0.4559 -> 0.4391  accuracy: 89.53% -> 90.97%     
client [68] (testset)   loss: 0.4485 -> 0.4435  accuracy: 88.97% -> 91.26%     
client [11] (testset)   loss: 0.5925 -> 0.3341  accuracy: 86.04% -> 94.74%     
client [64] (testset)   loss: 0.8548 -> 0.6553  accuracy: 80.53% -> 87.25%     
client [82] (testset)   loss: 0.7117 -> 0.6107  accuracy: 83.80% -> 87.30%     
---------------------------- TRAINING EPOCH: 250 ----------------------------  
client [30] (testset)   loss: 0.5208 -> 0.5702  accuracy: 88.78% -> 90.33%     
client [27] (testset)   loss: 0.4117 -> 0.3926  accuracy: 89.55% -> 93.07%     
client [74] (testset)   loss: 0.6046 -> 0.4221  accuracy: 84.94% -> 91.43%     
client [45] (testset)   loss: 0.6657 -> 0.5546  accuracy: 82.02% -> 88.98%     
client [6]  (testset)   loss: 0.8972 -> 0.6707  accuracy: 74.64% -> 87.07%     
client [36] (testset)   loss: 0.5970 -> 0.6432  accuracy: 85.69% -> 87.28%     
client [63] (testset)   loss: 0.4642 -> 0.4220  accuracy: 89.01% -> 91.41%     
client [76] (testset)   loss: 0.8790 -> 0.6955  accuracy: 80.89% -> 85.13%     
client [83] (testset)   loss: 0.7570 -> 0.4692  accuracy: 77.46% -> 91.18%     
client [86] (testset)   loss: 0.4920 -> 0.3691  accuracy: 88.37% -> 92.97%     
---------------------------- TRAINING EPOCH: 260 ----------------------------  
client [83] (testset)   loss: 0.8738 -> 0.4803  accuracy: 76.67% -> 91.03%     
client [99] (testset)   loss: 0.6846 -> 0.3848  accuracy: 82.26% -> 92.64%     
client [74] (testset)   loss: 0.4992 -> 0.4206  accuracy: 87.33% -> 92.56%     
client [73] (testset)   loss: 0.6977 -> 0.7415  accuracy: 82.79% -> 84.38%     
client [29] (testset)   loss: 0.8866 -> 0.7228  accuracy: 80.25% -> 83.60%     
client [92] (testset)   loss: 0.4321 -> 0.3510  accuracy: 89.22% -> 92.37%     
client [6]  (testset)   loss: 0.6924 -> 0.6635  accuracy: 82.21% -> 86.89%     
client [61] (testset)   loss: 0.4132 -> 0.3740  accuracy: 90.56% -> 92.70%     
client [21] (testset)   loss: 0.5656 -> 0.4049  accuracy: 84.77% -> 92.25%     
client [67] (testset)   loss: 0.5398 -> 0.4455  accuracy: 86.19% -> 89.62%     
---------------------------- TRAINING EPOCH: 270 ----------------------------  
client [83] (testset)   loss: 0.9660 -> 0.4878  accuracy: 73.10% -> 91.32%     
client [32] (testset)   loss: 0.5359 -> 0.4516  accuracy: 88.66% -> 91.86%     
client [95] (testset)   loss: 0.4951 -> 0.3558  accuracy: 87.61% -> 93.77%     
client [61] (testset)   loss: 0.4285 -> 0.3780  accuracy: 90.80% -> 93.36%     
client [27] (testset)   loss: 0.4309 -> 0.4076  accuracy: 89.33% -> 93.22%     
client [25] (testset)   loss: 0.4634 -> 0.3148  accuracy: 87.66% -> 95.39%     
client [68] (testset)   loss: 0.4529 -> 0.4685  accuracy: 88.74% -> 90.97%     
client [34] (testset)   loss: 0.7497 -> 0.5689  accuracy: 80.08% -> 89.27%     
client [71] (testset)   loss: 0.9303 -> 0.8834  accuracy: 76.68% -> 83.49%     
client [89] (testset)   loss: 0.6619 -> 0.6541  accuracy: 84.41% -> 86.22%     
---------------------------- TRAINING EPOCH: 280 ----------------------------  
client [78] (testset)   loss: 0.4961 -> 0.4751  accuracy: 88.55% -> 91.43%     
client [81] (testset)   loss: 0.8039 -> 0.7981  accuracy: 83.50% -> 84.96%     
client [51] (testset)   loss: 0.4216 -> 0.4445  accuracy: 89.22% -> 92.56%     
client [54] (testset)   loss: 0.4517 -> 0.3655  accuracy: 89.25% -> 92.45%     
client [65] (testset)   loss: 1.0194 -> 0.7511  accuracy: 77.60% -> 86.03%     
client [41] (testset)   loss: 1.4637 -> 0.8947  accuracy: 65.75% -> 82.29%     
client [11] (testset)   loss: 0.6623 -> 0.3442  accuracy: 84.83% -> 94.36%     
client [85] (testset)   loss: 0.4313 -> 0.4522  accuracy: 91.58% -> 92.35%     
client [12] (testset)   loss: 0.6414 -> 0.5562  accuracy: 83.44% -> 86.81%     
client [23] (testset)   loss: 0.7500 -> 0.7129  accuracy: 83.93% -> 85.26%     
---------------------------- TRAINING EPOCH: 290 ----------------------------  
client [16] (testset)   loss: 0.5318 -> 0.5082  accuracy: 88.12% -> 92.33%     
client [65] (testset)   loss: 0.9869 -> 0.7377  accuracy: 78.41% -> 86.03%     
client [53] (testset)   loss: 0.6552 -> 0.5490  accuracy: 85.05% -> 88.06%     
client [58] (testset)   loss: 0.5250 -> 0.4466  accuracy: 87.28% -> 92.31%     
client [72] (testset)   loss: 0.5792 -> 0.6297  accuracy: 83.33% -> 86.84%     
client [7]  (testset)   loss: 0.5084 -> 0.5242  accuracy: 87.25% -> 88.32%     
client [71] (testset)   loss: 0.9623 -> 0.9049  accuracy: 77.61% -> 82.51%     
client [59] (testset)   loss: 0.7186 -> 0.6830  accuracy: 82.00% -> 84.63%     
client [86] (testset)   loss: 0.4532 -> 0.4120  accuracy: 90.50% -> 92.87%     
client [39] (testset)   loss: 0.7565 -> 0.7104  accuracy: 80.86% -> 85.40%     
---------------------------- TRAINING EPOCH: 300 ----------------------------  
client [99] (testset)   loss: 0.5680 -> 0.4020  accuracy: 86.89% -> 92.86%     
client [7]  (testset)   loss: 0.5671 -> 0.5204  accuracy: 85.20% -> 88.37%     
client [17] (testset)   loss: 0.6236 -> 0.4022  accuracy: 86.00% -> 92.07%     
client [64] (testset)   loss: 0.9642 -> 0.6897  accuracy: 77.03% -> 87.14%     
client [37] (testset)   loss: 0.7305 -> 0.5133  accuracy: 84.44% -> 89.46%     
client [29] (testset)   loss: 0.8087 -> 0.7944  accuracy: 81.99% -> 82.10%     
client [93] (testset)   loss: 0.8458 -> 0.5604  accuracy: 79.30% -> 91.98%     
client [73] (testset)   loss: 0.8301 -> 0.7681  accuracy: 81.66% -> 85.75%     
client [40] (testset)   loss: 0.7099 -> 0.5432  accuracy: 84.00% -> 88.62%     
client [76] (testset)   loss: 1.0881 -> 0.7884  accuracy: 74.56% -> 84.58%     
---------------------------- TRAINING EPOCH: 310 ----------------------------  
client [31] (testset)   loss: 0.6434 -> 0.5884  accuracy: 86.36% -> 88.37%     
client [89] (testset)   loss: 0.6662 -> 0.6821  accuracy: 84.02% -> 85.90%     
client [77] (testset)   loss: 0.7582 -> 0.7610  accuracy: 82.43% -> 84.86%     
client [90] (testset)   loss: 0.9179 -> 0.8596  accuracy: 77.77% -> 82.23%     
client [26] (testset)   loss: 0.6714 -> 0.5903  accuracy: 84.66% -> 89.00%     
client [50] (testset)   loss: 0.5013 -> 0.4259  accuracy: 87.60% -> 89.94%     
client [30] (testset)   loss: 0.6241 -> 0.6274  accuracy: 87.10% -> 90.28%     
client [70] (testset)   loss: 0.9453 -> 0.6598  accuracy: 78.81% -> 85.88%     
client [41] (testset)   loss: 1.2714 -> 0.9025  accuracy: 71.07% -> 82.38%     
client [99] (testset)   loss: 0.6862 -> 0.4144  accuracy: 85.22% -> 92.92%     
---------------------------- TRAINING EPOCH: 320 ----------------------------  
client [68] (testset)   loss: 0.4775 -> 0.4810  accuracy: 89.22% -> 90.87%     
client [70] (testset)   loss: 1.0342 -> 0.7102  accuracy: 78.74% -> 85.20%     
client [52] (testset)   loss: 0.9840 -> 0.7631  accuracy: 77.99% -> 86.78%     
client [1]  (testset)   loss: 0.5911 -> 0.4738  accuracy: 85.61% -> 90.30%     
client [2]  (testset)   loss: 0.4608 -> 0.4356  accuracy: 90.32% -> 91.73%     
client [67] (testset)   loss: 0.5805 -> 0.4989  accuracy: 86.76% -> 89.51%     
client [92] (testset)   loss: 0.5751 -> 0.3901  accuracy: 86.73% -> 92.54%     
client [35] (testset)   loss: 0.9875 -> 0.8139  accuracy: 78.83% -> 84.63%     
client [36] (testset)   loss: 0.7246 -> 0.6544  accuracy: 83.79% -> 88.18%     
client [64] (testset)   loss: 0.8373 -> 0.7037  accuracy: 81.23% -> 86.55%     
---------------------------- TRAINING EPOCH: 330 ----------------------------  
client [44] (testset)   loss: 0.9256 -> 0.8260  accuracy: 79.11% -> 81.78%     
client [6]  (testset)   loss: 1.0616 -> 0.7079  accuracy: 74.59% -> 86.93%     
client [12] (testset)   loss: 0.6486 -> 0.5627  accuracy: 84.27% -> 86.34%     
client [55] (testset)   loss: 0.7267 -> 0.7187  accuracy: 82.87% -> 86.75%     
client [29] (testset)   loss: 0.9004 -> 0.8374  accuracy: 80.72% -> 81.99%     
client [9]  (testset)   loss: 1.0805 -> 0.8856  accuracy: 77.25% -> 81.15%     
client [43] (testset)   loss: 0.5964 -> 0.5068  accuracy: 85.21% -> 90.92%     
client [77] (testset)   loss: 0.7527 -> 0.7847  accuracy: 83.73% -> 85.41%     
client [98] (testset)   loss: 0.4712 -> 0.4682  accuracy: 91.01% -> 92.09%     
client [78] (testset)   loss: 0.5593 -> 0.5061  accuracy: 87.89% -> 90.55%     
---------------------------- TRAINING EPOCH: 340 ----------------------------  
client [92] (testset)   loss: 0.5848 -> 0.3641  accuracy: 87.48% -> 91.96%     
client [80] (testset)   loss: 0.8426 -> 0.7847  accuracy: 78.80% -> 85.94%     
client [63] (testset)   loss: 0.5945 -> 0.4942  accuracy: 87.65% -> 91.65%     
client [76] (testset)   loss: 1.0245 -> 0.8076  accuracy: 79.35% -> 84.91%     
client [78] (testset)   loss: 0.6139 -> 0.4926  accuracy: 86.34% -> 91.38%     
client [25] (testset)   loss: 0.4234 -> 0.3645  accuracy: 90.15% -> 94.95%     
client [58] (testset)   loss: 0.5711 -> 0.5104  accuracy: 86.93% -> 91.96%     
client [13] (testset)   loss: 0.7227 -> 0.6455  accuracy: 83.88% -> 87.18%     
client [17] (testset)   loss: 0.5490 -> 0.4318  accuracy: 88.54% -> 92.11%     
client [38] (testset)   loss: 0.4350 -> 0.4237  accuracy: 91.41% -> 92.42%     
---------------------------- TRAINING EPOCH: 350 ----------------------------  
client [72] (testset)   loss: 0.6892 -> 0.6799  accuracy: 84.99% -> 86.25%     
client [82] (testset)   loss: 0.7585 -> 0.6915  accuracy: 83.80% -> 87.58%     
client [86] (testset)   loss: 0.4840 -> 0.4539  accuracy: 91.54% -> 93.12%     
client [51] (testset)   loss: 0.5019 -> 0.4809  accuracy: 88.81% -> 92.51%     
client [96] (testset)   loss: 0.8081 -> 0.6337  accuracy: 83.50% -> 89.66%     
client [42] (testset)   loss: 0.4931 -> 0.5039  accuracy: 90.44% -> 92.04%     
client [55] (testset)   loss: 0.6828 -> 0.7503  accuracy: 85.22% -> 87.31%     
client [13] (testset)   loss: 0.7457 -> 0.6201  accuracy: 85.04% -> 87.30%     
client [1]  (testset)   loss: 0.6248 -> 0.4901  accuracy: 84.81% -> 91.04%     
client [12] (testset)   loss: 0.7786 -> 0.6082  accuracy: 82.73% -> 86.40%     
---------------------------- TRAINING EPOCH: 360 ----------------------------  
client [68] (testset)   loss: 0.5382 -> 0.5109  accuracy: 88.39% -> 90.52%     
client [23] (testset)   loss: 0.8394 -> 0.7565  accuracy: 82.05% -> 85.62%     
client [46] (testset)   loss: 0.5644 -> 0.4894  accuracy: 88.03% -> 91.44%     
client [41] (testset)   loss: 1.2222 -> 0.9304  accuracy: 72.73% -> 82.04%     
client [25] (testset)   loss: 0.4096 -> 0.3593  accuracy: 91.31% -> 95.34%     
client [58] (testset)   loss: 0.5637 -> 0.5072  accuracy: 87.84% -> 91.72%     
client [14] (testset)   loss: 0.5175 -> 0.4898  accuracy: 87.40% -> 91.93%     
client [33] (testset)   loss: 0.7181 -> 0.6753  accuracy: 82.32% -> 87.31%     
client [85] (testset)   loss: 0.4750 -> 0.4917  accuracy: 90.59% -> 92.24%     
client [62] (testset)   loss: 0.7146 -> 0.6930  accuracy: 84.41% -> 89.35%     
---------------------------- TRAINING EPOCH: 370 ----------------------------  
client [98] (testset)   loss: 0.4849 -> 0.5052  accuracy: 91.61% -> 92.17%     
client [63] (testset)   loss: 0.5803 -> 0.4993  accuracy: 89.01% -> 91.46%     
client [70] (testset)   loss: 1.0608 -> 0.7554  accuracy: 79.26% -> 84.60%     
client [65] (testset)   loss: 1.2872 -> 0.8483  accuracy: 74.76% -> 85.29%     
client [14] (testset)   loss: 0.5735 -> 0.4891  accuracy: 86.06% -> 91.93%     
client [73] (testset)   loss: 0.9552 -> 0.8262  accuracy: 80.86% -> 85.18%     
client [34] (testset)   loss: 0.7526 -> 0.6518  accuracy: 85.64% -> 89.10%     
client [99] (testset)   loss: 0.7091 -> 0.4172  accuracy: 85.00% -> 93.53%     
client [69] (testset)   loss: 0.7252 -> 0.5116  accuracy: 84.46% -> 92.84%     
client [46] (testset)   loss: 0.5655 -> 0.4992  accuracy: 89.08% -> 91.44%     
---------------------------- TRAINING EPOCH: 380 ----------------------------  
client [99] (testset)   loss: 0.8739 -> 0.4193  accuracy: 79.64% -> 92.92%     
client [93] (testset)   loss: 0.8295 -> 0.6291  accuracy: 81.11% -> 91.86%     
client [11] (testset)   loss: 0.6684 -> 0.3984  accuracy: 85.05% -> 94.41%     
client [58] (testset)   loss: 0.5512 -> 0.4928  accuracy: 87.92% -> 92.12%     
client [81] (testset)   loss: 0.9278 -> 0.8960  accuracy: 78.91% -> 84.86%     
client [85] (testset)   loss: 0.5180 -> 0.5021  accuracy: 89.38% -> 92.06%     
client [89] (testset)   loss: 0.7657 -> 0.7408  accuracy: 83.30% -> 84.86%     
client [45] (testset)   loss: 0.7134 -> 0.6235  accuracy: 83.51% -> 88.48%     
client [8]  (testset)   loss: 0.6877 -> 0.5072  accuracy: 85.17% -> 91.09%     
client [68] (testset)   loss: 0.5353 -> 0.5145  accuracy: 88.17% -> 90.68%     
---------------------------- TRAINING EPOCH: 390 ----------------------------  
client [67] (testset)   loss: 0.6173 -> 0.5390  accuracy: 86.66% -> 89.56%     
client [72] (testset)   loss: 0.7047 -> 0.7164  accuracy: 84.13% -> 86.91%     
client [1]  (testset)   loss: 0.6533 -> 0.5135  accuracy: 83.74% -> 90.94%     
client [78] (testset)   loss: 0.6096 -> 0.5372  accuracy: 87.53% -> 91.17%     
client [83] (testset)   loss: 0.7640 -> 0.5919  accuracy: 82.67% -> 90.89%     
client [21] (testset)   loss: 0.5272 -> 0.4720  accuracy: 88.06% -> 92.52%     
client [56] (testset)   loss: 0.6269 -> 0.6235  accuracy: 85.75% -> 88.69%     
client [44] (testset)   loss: 0.9749 -> 0.9125  accuracy: 79.25% -> 82.47%     
client [92] (testset)   loss: 0.6885 -> 0.4004  accuracy: 85.49% -> 92.21%     
client [27] (testset)   loss: 0.4811 -> 0.4520  accuracy: 89.81% -> 93.18%     
---------------------------- TRAINING EPOCH: 400 ----------------------------  
client [10] (testset)   loss: 0.6217 -> 0.5818  accuracy: 86.94% -> 90.72%     
client [39] (testset)   loss: 0.8796 -> 0.8066  accuracy: 81.95% -> 85.45%     
client [65] (testset)   loss: 1.1111 -> 0.8312  accuracy: 78.74% -> 85.96%     
client [26] (testset)   loss: 0.7374 -> 0.6686  accuracy: 84.16% -> 88.61%     
client [19] (testset)   loss: 0.6413 -> 0.6231  accuracy: 87.30% -> 90.81%     
client [68] (testset)   loss: 0.4983 -> 0.5364  accuracy: 89.22% -> 91.35%     
client [41] (testset)   loss: 1.1836 -> 1.0094  accuracy: 75.06% -> 81.88%     
client [50] (testset)   loss: 0.5502 -> 0.4650  accuracy: 87.66% -> 89.89%     
client [75] (testset)   loss: 0.6719 -> 0.6638  accuracy: 83.99% -> 86.83%     
client [81] (testset)   loss: 0.8463 -> 0.9132  accuracy: 82.13% -> 85.16%     
FedDpa's average time taken by each global epoch: 2 min 21.62 sec.             
FedDpa's total running time: 17 h 14 m 47 s.                                   
==================== FedDpa Experiment Results: ====================           
Display format: (before local fine-tuning) -> (after local fine-tuning)        
 So if finetune_epoch = 0, x.xx% -> 0.00% is normal.                           
 Centralized testing ONLY happens after model aggregation, so the stats between
'->' are the same.                                                             
{                                                                              
    "100": {                                                                   
        "all_clients": {                                                       
            "test": {                                                          
                "loss": "0.4598 -> 0.4049",                                    
                "accuracy": "85.77% -> 89.99%"                                 
            }                                                                  
        }                                                                      
    },                                                                         
    "200": {                                                                   
        "all_clients": {                                                       
            "test": {                                                          
                "loss": "0.5456 -> 0.4858",                                    
                "accuracy": "85.44% -> 89.79%"                                 
            }                                                                  
        }                                                                      
    },                                                                         
    "300": {                                                                   
        "all_clients": {                                                       
            "test": {                                                          
                "loss": "0.6224 -> 0.5541",                                    
                "accuracy": "85.00% -> 89.62%"                                 
            }                                                                  
        }                                                                      
    },                                                                         
    "400": {                                                                   
        "all_clients": {                                                       
            "test": {                                                          
                "loss": "0.7358 -> 0.6251",                                    
                "accuracy": "84.67% -> 89.37%"                                 
            }                                                                  
        }                                                                      
    }                                                                          
}                                                                              
==================== FedDpa Max Accuracy ====================                  
all_clients:                                                                   
(test) before fine-tuning: 85.77% at epoch 100                                 
(test) after fine-tuning: 89.99% at epoch 100                                  
