==================== FedFewA ====================                              
Experiment Arguments:                                                          
{
    'method': 'fedfewa',
    'dataset': {
        'name': 'svhn',
        'client_num': 100,
        'test_ratio': 0.25,
        'val_ratio': 0.0,
        'seed': 42,
        'split': 'sample',
        'IID_ratio': 0.0,
        'monitor_window_name_suffix': 'svhn-100clients-0%IID-Dir(0.1)-seed42',
        'alpha': 0.1,
        'min_samples_per_client': 10
    },
    'model': {
        'name': 'avgcnn',
        'use_torchvision_pretrained_weights': True,
        'external_model_weights_path': None
    },
    'optimizer': {
        'lr': 0.01,
        'dampening': 0,
        'weight_decay': 0,
        'momentum': 0.7,
        'nesterov': False,
        'name': 'sgd'
    },
    'mode': 'serial',
    'parallel': {
        'ray_cluster_addr': None,
        'num_cpus': None,
        'num_gpus': None,
        'num_workers': 2
    },
    'common': {
        'seed': 42,
        'join_ratio': 0.1,
        'global_epoch': 400,
        'local_epoch': 5,
        'batch_size': 32,
        'reset_optimizer_on_global_epoch': True,
        'straggler_ratio': 0,
        'straggler_min_local_epoch': 0,
        'buffers': 'global',
        'client_side_evaluation': True,
        'test': {
            'client': {
                'interval': 100,
                'finetune_epoch': 0,
                'train': False,
                'val': False,
                'test': True
            },
            'server': {
                'interval': -1,
                'train': False,
                'val': False,
                'test': True,
                'model_in_train_mode': False
            }
        },
        'verbose_gap': 10,
        'monitor': None,
        'use_cuda': True,
        'save_log': True,
        'save_model': False,
        'save_learning_curve_plot': True,
        'save_metrics': True,
        'delete_useless_run': True
    },
    'fedprox': {
        'mu': 0.01
    },
    'pfedsim': {
        'warmup_round': 0.5
    },
    'fedfewa': {
        'ig_ratio': 0.9999,
        'alpha': 0.5,
        'norm': 'global',
        'EMA': True,
        'CLS': False,
        'track': False,
        'type': 'Ablation'
    }
}
---------------------------- TRAINING EPOCH: 10 ----------------------------   
client [77] (testset)   loss: 0.6944 -> 0.4768  accuracy: 81.60% -> 88.38%     
client [81] (testset)   loss: 1.2023 -> 0.3953  accuracy: 61.29% -> 87.10%     
client [21] (testset)   loss: 1.7802 -> 1.0018  accuracy: 61.11% -> 83.33%     
client [68] (testset)   loss: 0.1833 -> 0.0187  accuracy: 97.92% -> 97.92%     
client [93] (testset)   loss: 0.9203 -> 0.4861  accuracy: 73.55% -> 83.23%     
client [31] (testset)   loss: 0.6403 -> 0.3994  accuracy: 88.57% -> 91.43%     
client [20] (testset)   loss: 1.1423 -> 0.3341  accuracy: 63.54% -> 88.02%     
client [59] (testset)   loss: 1.0540 -> 0.3659  accuracy: 60.36% -> 86.27%     
client [48] (testset)   loss: 1.0401 -> 1.2741  accuracy: 72.73% -> 57.58%     
client [34] (testset)   loss: 0.7916 -> 0.4733  accuracy: 81.82% -> 81.82%     
---------------------------- TRAINING EPOCH: 20 ----------------------------   
client [69] (testset)   loss: 1.0711 -> 0.4950  accuracy: 72.85% -> 88.08%     
client [99] (testset)   loss: 0.9334 -> 0.2337  accuracy: 76.43% -> 94.29%     
client [67] (testset)   loss: 0.9169 -> 0.1581  accuracy: 75.89% -> 93.28%     
client [0]  (testset)   loss: 0.8314 -> 0.3533  accuracy: 77.19% -> 90.79%     
client [76] (testset)   loss: 0.7280 -> 0.0104  accuracy: 79.49% -> 100.00%    
client [41] (testset)   loss: 0.7863 -> 0.4145  accuracy: 78.34% -> 89.70%     
client [62] (testset)   loss: 0.7001 -> 0.3897  accuracy: 80.13% -> 90.83%     
client [2]  (testset)   loss: 0.8894 -> 0.0325  accuracy: 75.82% -> 99.23%     
client [14] (testset)   loss: 0.6754 -> 0.1987  accuracy: 80.36% -> 95.24%     
client [46] (testset)   loss: 0.9897 -> 0.6988  accuracy: 81.58% -> 86.84%     
---------------------------- TRAINING EPOCH: 30 ----------------------------   
client [24] (testset)   loss: 0.4738 -> 0.1837  accuracy: 89.13% -> 95.96%     
client [68] (testset)   loss: 0.1738 -> 0.0064  accuracy: 95.83% -> 100.00%    
client [57] (testset)   loss: 0.7650 -> 0.1751  accuracy: 75.45% -> 93.92%     
client [17] (testset)   loss: 1.2366 -> 0.0601  accuracy: 74.80% -> 97.64%     
client [54] (testset)   loss: 0.3504 -> 0.1079  accuracy: 90.72% -> 94.85%     
client [23] (testset)   loss: 0.9076 -> 0.1905  accuracy: 75.70% -> 97.20%     
client [35] (testset)   loss: 0.1956 -> 0.1659  accuracy: 94.78% -> 95.68%     
client [59] (testset)   loss: 0.5790 -> 0.2280  accuracy: 80.57% -> 91.71%     
client [31] (testset)   loss: 0.5944 -> 0.2801  accuracy: 85.71% -> 91.43%     
client [9]  (testset)   loss: 0.7596 -> 0.3321  accuracy: 81.56% -> 92.20%     
---------------------------- TRAINING EPOCH: 40 ----------------------------   
client [64] (testset)   loss: 0.8881 -> 0.2009  accuracy: 78.52% -> 92.59%     
client [33] (testset)   loss: 0.2109 -> 0.1102  accuracy: 92.00% -> 97.54%     
client [16] (testset)   loss: 0.4039 -> 0.0113  accuracy: 87.65% -> 100.00%    
client [44] (testset)   loss: 0.5258 -> 0.2335  accuracy: 85.57% -> 93.81%     
client [8]  (testset)   loss: 1.6798 -> 0.0613  accuracy: 68.75% -> 93.75%     
client [31] (testset)   loss: 0.5930 -> 0.2769  accuracy: 82.86% -> 88.57%     
client [47] (testset)   loss: 0.4210 -> 0.1582  accuracy: 89.01% -> 96.42%     
client [36] (testset)   loss: 2.2716 -> 3.7037  accuracy: 60.00% -> 60.00%     
client [20] (testset)   loss: 1.1013 -> 0.2579  accuracy: 66.15% -> 94.27%     
client [56] (testset)   loss: 0.4339 -> 0.2832  accuracy: 89.12% -> 94.78%     
---------------------------- TRAINING EPOCH: 50 ----------------------------   
client [4]  (testset)   loss: 1.4220 -> 0.0514  accuracy: 80.88% -> 98.53%     
client [60] (testset)   loss: 0.6275 -> 0.0001  accuracy: 78.57% -> 100.00%    
client [28] (testset)   loss: 0.2556 -> 0.1276  accuracy: 92.45% -> 96.23%     
client [25] (testset)   loss: 1.1364 -> 0.4606  accuracy: 75.00% -> 95.00%     
client [58] (testset)   loss: 1.0862 -> 0.2466  accuracy: 78.93% -> 93.87%     
client [44] (testset)   loss: 0.7562 -> 0.1693  accuracy: 78.35% -> 93.81%     
client [39] (testset)   loss: 0.6444 -> 0.1248  accuracy: 80.49% -> 97.56%     
client [29] (testset)   loss: 0.8109 -> 0.4919  accuracy: 80.76% -> 89.31%     
client [3]  (testset)   loss: 0.6901 -> 0.1381  accuracy: 79.52% -> 96.39%     
client [84] (testset)   loss: 0.5570 -> 0.3265  accuracy: 85.07% -> 90.95%     
---------------------------- TRAINING EPOCH: 60 ----------------------------   
client [21] (testset)   loss: 1.4070 -> 0.8552  accuracy: 72.22% -> 86.11%     
client [84] (testset)   loss: 0.4436 -> 0.3223  accuracy: 86.43% -> 90.95%     
client [10] (testset)   loss: 0.3459 -> 0.1494  accuracy: 92.05% -> 97.07%     
client [36] (testset)   loss: 3.4086 -> 4.3254  accuracy: 60.00% -> 60.00%     
client [65] (testset)   loss: 0.2697 -> 0.0789  accuracy: 94.39% -> 98.66%     
client [81] (testset)   loss: 0.8755 -> 0.3301  accuracy: 74.19% -> 93.55%     
client [79] (testset)   loss: 0.3625 -> 0.0931  accuracy: 88.78% -> 97.11%     
client [42] (testset)   loss: 0.3000 -> 0.1284  accuracy: 88.97% -> 95.59%     
client [11] (testset)   loss: 0.2848 -> 0.1450  accuracy: 88.31% -> 96.10%     
client [96] (testset)   loss: 0.7015 -> 0.0191  accuracy: 75.00% -> 100.00%    
---------------------------- TRAINING EPOCH: 70 ----------------------------   
client [8]  (testset)   loss: 1.0239 -> 0.1033  accuracy: 81.25% -> 100.00%    
client [53] (testset)   loss: 0.2623 -> 0.1543  accuracy: 90.39% -> 97.38%     
client [52] (testset)   loss: 0.4906 -> 0.0675  accuracy: 88.24% -> 97.33%     
client [42] (testset)   loss: 0.1612 -> 0.0898  accuracy: 93.38% -> 97.79%     
client [69] (testset)   loss: 0.3954 -> 0.3601  accuracy: 90.73% -> 92.72%     
client [59] (testset)   loss: 0.5186 -> 0.2276  accuracy: 84.97% -> 92.23%     
client [7]  (testset)   loss: 1.3071 -> 0.1672  accuracy: 71.12% -> 93.50%     
client [26] (testset)   loss: 0.2464 -> 0.0900  accuracy: 92.36% -> 98.09%     
client [49] (testset)   loss: 0.4121 -> 0.0542  accuracy: 88.65% -> 97.84%     
client [98] (testset)   loss: 0.3757 -> 0.3156  accuracy: 90.08% -> 95.24%     
---------------------------- TRAINING EPOCH: 80 ----------------------------   
client [98] (testset)   loss: 0.4394 -> 0.2807  accuracy: 91.27% -> 96.03%     
client [47] (testset)   loss: 0.3356 -> 0.1747  accuracy: 93.11% -> 96.69%     
client [21] (testset)   loss: 1.4998 -> 0.9458  accuracy: 77.78% -> 86.11%     
client [77] (testset)   loss: 0.5869 -> 0.3871  accuracy: 88.14% -> 91.04%     
client [95] (testset)   loss: 0.6597 -> 0.3229  accuracy: 85.11% -> 95.74%     
client [91] (testset)   loss: 0.6108 -> 0.2966  accuracy: 85.99% -> 90.45%     
client [14] (testset)   loss: 0.4776 -> 0.1562  accuracy: 89.88% -> 96.43%     
client [99] (testset)   loss: 0.6704 -> 0.1876  accuracy: 86.43% -> 95.24%     
client [20] (testset)   loss: 0.3551 -> 0.3278  accuracy: 86.98% -> 92.71%     
client [39] (testset)   loss: 0.2274 -> 0.1678  accuracy: 92.68% -> 95.12%     
---------------------------- TRAINING EPOCH: 90 ----------------------------   
client [52] (testset)   loss: 0.5551 -> 0.0647  accuracy: 87.52% -> 97.86%     
client [62] (testset)   loss: 0.4353 -> 0.3601  accuracy: 92.14% -> 93.89%     
client [71] (testset)   loss: 0.3446 -> 0.3008  accuracy: 93.99% -> 93.44%     
client [97] (testset)   loss: 0.2262 -> 0.1063  accuracy: 93.42% -> 97.24%     
client [30] (testset)   loss: 0.1170 -> 0.0126  accuracy: 96.83% -> 100.00%    
client [88] (testset)   loss: 0.1856 -> 0.1186  accuracy: 93.44% -> 98.03%     
client [60] (testset)   loss: 0.0332 -> 0.0000  accuracy: 100.00% -> 100.00%   
client [82] (testset)   loss: 2.1350 -> 0.8900  accuracy: 84.21% -> 89.47%     
client [91] (testset)   loss: 0.5574 -> 0.3755  accuracy: 87.90% -> 89.81%     
client [57] (testset)   loss: 0.2560 -> 0.1575  accuracy: 93.69% -> 95.27%     
---------------------------- TRAINING EPOCH: 100 ----------------------------  
client [31] (testset)   loss: 0.6945 -> 0.4543  accuracy: 88.57% -> 88.57%     
client [15] (testset)   loss: 0.6970 -> 0.1825  accuracy: 85.15% -> 95.52%     
client [71] (testset)   loss: 0.4265 -> 0.2777  accuracy: 91.80% -> 94.54%     
client [97] (testset)   loss: 0.2698 -> 0.1155  accuracy: 93.63% -> 97.03%     
client [53] (testset)   loss: 0.1925 -> 0.1663  accuracy: 95.20% -> 97.82%     
client [77] (testset)   loss: 0.5432 -> 0.3919  accuracy: 90.56% -> 92.49%     
client [76] (testset)   loss: 0.6290 -> 0.0047  accuracy: 83.97% -> 100.00%    
client [79] (testset)   loss: 0.5311 -> 0.0926  accuracy: 87.59% -> 97.62%     
client [28] (testset)   loss: 0.6668 -> 0.1255  accuracy: 89.15% -> 98.11%     
client [99] (testset)   loss: 0.9280 -> 0.2203  accuracy: 81.67% -> 95.24%     
---------------------------- TRAINING EPOCH: 110 ----------------------------  
client [97] (testset)   loss: 0.3993 -> 0.0992  accuracy: 90.66% -> 97.24%     
client [86] (testset)   loss: 0.4273 -> 0.3354  accuracy: 93.55% -> 95.16%     
client [34] (testset)   loss: 0.5515 -> 0.3315  accuracy: 86.36% -> 90.91%     
client [73] (testset)   loss: 0.4106 -> 0.0608  accuracy: 92.61% -> 99.13%     
client [5]  (testset)   loss: 0.5181 -> 0.1529  accuracy: 87.50% -> 95.31%     
client [96] (testset)   loss: 0.1640 -> 0.0057  accuracy: 94.64% -> 100.00%    
client [22] (testset)   loss: 1.8592 -> 0.9040  accuracy: 81.25% -> 81.25%     
client [60] (testset)   loss: 0.2823 -> 0.0000  accuracy: 92.86% -> 100.00%    
client [66] (testset)   loss: 0.5467 -> 0.2397  accuracy: 88.15% -> 95.56%     
client [83] (testset)   loss: 0.1071 -> 0.0066  accuracy: 92.31% -> 100.00%    
---------------------------- TRAINING EPOCH: 120 ----------------------------  
client [76] (testset)   loss: 0.1478 -> 0.0065  accuracy: 94.87% -> 100.00%    
client [65] (testset)   loss: 0.2009 -> 0.0943  accuracy: 95.59% -> 98.53%     
client [95] (testset)   loss: 0.5169 -> 0.4461  accuracy: 94.68% -> 93.62%     
client [17] (testset)   loss: 0.5403 -> 0.0468  accuracy: 88.19% -> 99.21%     
client [8]  (testset)   loss: 0.8412 -> 0.1757  accuracy: 81.25% -> 93.75%     
client [35] (testset)   loss: 0.1690 -> 0.1697  accuracy: 95.50% -> 97.12%     
client [98] (testset)   loss: 0.3968 -> 0.2503  accuracy: 89.68% -> 96.83%     
client [53] (testset)   loss: 0.1405 -> 0.1323  accuracy: 96.07% -> 98.25%     
client [43] (testset)   loss: 0.2789 -> 0.2070  accuracy: 93.28% -> 94.78%     
client [64] (testset)   loss: 0.4074 -> 0.1761  accuracy: 88.15% -> 93.33%     
---------------------------- TRAINING EPOCH: 130 ----------------------------  
client [21] (testset)   loss: 1.0266 -> 1.0993  accuracy: 77.78% -> 80.56%     
client [88] (testset)   loss: 0.1250 -> 0.0920  accuracy: 97.70% -> 98.03%     
client [38] (testset)   loss: 0.4009 -> 0.2505  accuracy: 95.23% -> 97.24%     
client [3]  (testset)   loss: 0.2778 -> 0.1328  accuracy: 94.38% -> 96.39%     
client [5]  (testset)   loss: 0.3853 -> 0.2331  accuracy: 92.19% -> 96.88%     
client [41] (testset)   loss: 0.3952 -> 0.4314  accuracy: 91.01% -> 92.07%     
client [7]  (testset)   loss: 0.2467 -> 0.2808  accuracy: 94.22% -> 93.86%     
client [37] (testset)   loss: 0.2332 -> 0.0384  accuracy: 94.89% -> 99.15%     
client [45] (testset)   loss: 0.2252 -> 0.1154  accuracy: 93.75% -> 95.83%     
client [47] (testset)   loss: 0.3557 -> 0.1857  accuracy: 93.25% -> 96.29%     
---------------------------- TRAINING EPOCH: 140 ----------------------------  
client [16] (testset)   loss: 0.2737 -> 0.0753  accuracy: 97.53% -> 97.53%     
client [11] (testset)   loss: 0.2516 -> 0.1659  accuracy: 92.21% -> 96.10%     
client [37] (testset)   loss: 0.1888 -> 0.0353  accuracy: 96.31% -> 99.43%     
client [41] (testset)   loss: 0.3971 -> 0.4552  accuracy: 91.12% -> 92.07%     
client [95] (testset)   loss: 0.4770 -> 0.5008  accuracy: 94.68% -> 92.55%     
client [53] (testset)   loss: 0.1025 -> 0.1634  accuracy: 97.82% -> 96.94%     
client [22] (testset)   loss: 1.5486 -> 0.8392  accuracy: 81.25% -> 87.50%     
client [25] (testset)   loss: 0.1911 -> 0.3938  accuracy: 95.00% -> 95.00%     
client [69] (testset)   loss: 0.2706 -> 0.3208  accuracy: 93.38% -> 94.04%     
client [46] (testset)   loss: 0.9853 -> 1.0019  accuracy: 86.84% -> 89.47%     
---------------------------- TRAINING EPOCH: 150 ----------------------------  
client [47] (testset)   loss: 0.2597 -> 0.1861  accuracy: 95.50% -> 96.82%     
client [69] (testset)   loss: 0.3191 -> 0.2936  accuracy: 92.72% -> 92.05%     
client [82] (testset)   loss: 1.8870 -> 0.7913  accuracy: 84.21% -> 89.47%     
client [45] (testset)   loss: 0.1558 -> 0.0977  accuracy: 96.88% -> 97.92%     
client [7]  (testset)   loss: 0.1964 -> 0.1629  accuracy: 94.95% -> 95.67%     
client [50] (testset)   loss: 0.4620 -> 0.1967  accuracy: 92.86% -> 95.24%     
client [35] (testset)   loss: 0.1335 -> 0.1617  accuracy: 96.76% -> 97.30%     
client [24] (testset)   loss: 0.3008 -> 0.2469  accuracy: 94.10% -> 96.89%     
client [15] (testset)   loss: 0.5176 -> 0.1968  accuracy: 88.52% -> 96.50%     
client [58] (testset)   loss: 0.3708 -> 0.2829  accuracy: 93.49% -> 93.87%     
---------------------------- TRAINING EPOCH: 160 ----------------------------  
client [48] (testset)   loss: 0.2521 -> 0.6839  accuracy: 90.91% -> 87.88%     
client [76] (testset)   loss: 0.0501 -> 0.0062  accuracy: 97.44% -> 100.00%    
client [67] (testset)   loss: 0.2485 -> 0.1901  accuracy: 94.86% -> 96.84%     
client [37] (testset)   loss: 0.1081 -> 0.0317  accuracy: 97.73% -> 99.43%     
client [58] (testset)   loss: 0.3714 -> 0.2805  accuracy: 93.49% -> 94.64%     
client [64] (testset)   loss: 0.3083 -> 0.1965  accuracy: 88.15% -> 92.59%     
client [77] (testset)   loss: 0.4956 -> 0.4113  accuracy: 92.25% -> 93.70%     
client [55] (testset)   loss: 0.4481 -> 0.3334  accuracy: 91.33% -> 92.60%     
client [12] (testset)   loss: 0.2993 -> 0.0000  accuracy: 90.91% -> 100.00%    
client [89] (testset)   loss: 0.2990 -> 0.1580  accuracy: 93.14% -> 95.59%     
---------------------------- TRAINING EPOCH: 170 ----------------------------  
client [84] (testset)   loss: 0.3014 -> 0.3815  accuracy: 92.31% -> 92.31%     
client [51] (testset)   loss: 0.2248 -> 0.2136  accuracy: 97.34% -> 97.34%     
client [8]  (testset)   loss: 0.0405 -> 0.0104  accuracy: 100.00% -> 100.00%   
client [18] (testset)   loss: 0.1699 -> 0.1171  accuracy: 94.96% -> 95.35%     
client [94] (testset)   loss: 0.1101 -> 0.0835  accuracy: 96.63% -> 98.16%     
client [81] (testset)   loss: 0.4378 -> 0.3977  accuracy: 90.32% -> 93.55%     
client [3]  (testset)   loss: 0.1489 -> 0.1434  accuracy: 96.39% -> 95.98%     
client [11] (testset)   loss: 0.2359 -> 0.1408  accuracy: 96.10% -> 96.10%     
client [95] (testset)   loss: 0.4095 -> 0.4561  accuracy: 94.68% -> 94.68%     
client [67] (testset)   loss: 0.3258 -> 0.2119  accuracy: 94.07% -> 96.44%     
---------------------------- TRAINING EPOCH: 180 ----------------------------  
client [21] (testset)   loss: 0.8626 -> 0.8641  accuracy: 88.89% -> 88.89%     
client [79] (testset)   loss: 0.0911 -> 0.0677  accuracy: 96.94% -> 98.13%     
client [58] (testset)   loss: 0.2947 -> 0.2790  accuracy: 94.64% -> 95.02%     
client [88] (testset)   loss: 0.1169 -> 0.0890  accuracy: 97.70% -> 98.36%     
client [46] (testset)   loss: 1.3891 -> 1.2057  accuracy: 84.21% -> 86.84%     
client [11] (testset)   loss: 0.1364 -> 0.2007  accuracy: 97.40% -> 97.40%     
client [55] (testset)   loss: 0.4078 -> 0.3353  accuracy: 92.35% -> 93.37%     
client [13] (testset)   loss: 0.1514 -> 0.1209  accuracy: 95.50% -> 97.50%     
client [31] (testset)   loss: 0.5591 -> 0.6524  accuracy: 82.86% -> 88.57%     
client [75] (testset)   loss: 0.2186 -> 0.2236  accuracy: 93.75% -> 93.06%     
---------------------------- TRAINING EPOCH: 190 ----------------------------  
client [19] (testset)   loss: 0.1473 -> 0.1809  accuracy: 95.89% -> 94.98%     
client [7]  (testset)   loss: 0.2285 -> 0.1720  accuracy: 94.58% -> 95.67%     
client [57] (testset)   loss: 0.2222 -> 0.2011  accuracy: 95.05% -> 96.62%     
client [13] (testset)   loss: 0.1285 -> 0.1447  accuracy: 95.50% -> 97.50%     
client [43] (testset)   loss: 0.2583 -> 0.2671  accuracy: 94.78% -> 94.40%     
client [91] (testset)   loss: 0.4478 -> 0.3030  accuracy: 90.45% -> 91.72%     
client [10] (testset)   loss: 0.3299 -> 0.1883  accuracy: 92.89% -> 96.23%     
client [64] (testset)   loss: 0.1918 -> 0.2033  accuracy: 92.59% -> 93.33%     
client [82] (testset)   loss: 1.2325 -> 0.7953  accuracy: 89.47% -> 89.47%     
client [22] (testset)   loss: 1.3467 -> 0.9154  accuracy: 87.50% -> 81.25%     
---------------------------- TRAINING EPOCH: 200 ----------------------------  
client [20] (testset)   loss: 0.2629 -> 0.3195  accuracy: 93.23% -> 93.23%     
client [23] (testset)   loss: 0.0920 -> 0.2738  accuracy: 98.13% -> 97.20%     
client [88] (testset)   loss: 0.0918 -> 0.0953  accuracy: 98.03% -> 98.03%     
client [98] (testset)   loss: 0.2428 -> 0.2365  accuracy: 95.63% -> 97.22%     
client [79] (testset)   loss: 0.0578 -> 0.0676  accuracy: 98.13% -> 97.96%     
client [21] (testset)   loss: 0.8819 -> 1.0079  accuracy: 86.11% -> 86.11%     
client [92] (testset)   loss: 0.4330 -> 0.3390  accuracy: 91.16% -> 93.37%     
client [56] (testset)   loss: 0.2437 -> 0.2815  accuracy: 95.24% -> 96.03%     
client [5]  (testset)   loss: 0.2197 -> 0.1684  accuracy: 93.75% -> 95.31%     
client [52] (testset)   loss: 0.1058 -> 0.0952  accuracy: 96.61% -> 97.86%     
---------------------------- TRAINING EPOCH: 210 ----------------------------  
client [67] (testset)   loss: 0.2228 -> 0.2046  accuracy: 96.05% -> 96.05%     
client [54] (testset)   loss: 0.0878 -> 0.2438  accuracy: 97.94% -> 94.85%     
client [14] (testset)   loss: 0.3405 -> 0.1104  accuracy: 95.24% -> 97.02%     
client [99] (testset)   loss: 0.2544 -> 0.2005  accuracy: 95.95% -> 96.90%     
client [36] (testset)   loss: 6.0059 -> 5.4481  accuracy: 60.00% -> 70.00%     
client [30] (testset)   loss: 0.0023 -> 0.0087  accuracy: 100.00% -> 100.00%   
client [38] (testset)   loss: 0.2983 -> 0.2625  accuracy: 96.98% -> 97.49%     
client [15] (testset)   loss: 0.1561 -> 0.1710  accuracy: 96.50% -> 97.06%     
client [6]  (testset)   loss: 0.2151 -> 0.1464  accuracy: 94.82% -> 96.02%     
client [53] (testset)   loss: 0.1391 -> 0.1513  accuracy: 98.25% -> 98.25%     
---------------------------- TRAINING EPOCH: 220 ----------------------------  
client [99] (testset)   loss: 0.2385 -> 0.2355  accuracy: 95.71% -> 96.43%     
client [6]  (testset)   loss: 0.3293 -> 0.1653  accuracy: 93.23% -> 95.22%     
client [83] (testset)   loss: 0.0141 -> 0.0055  accuracy: 100.00% -> 100.00%   
client [42] (testset)   loss: 0.1822 -> 0.2526  accuracy: 94.12% -> 94.12%     
client [34] (testset)   loss: 0.3474 -> 0.4302  accuracy: 86.36% -> 90.91%     
client [15] (testset)   loss: 0.1696 -> 0.1837  accuracy: 95.94% -> 96.64%     
client [47] (testset)   loss: 0.2279 -> 0.2152  accuracy: 95.89% -> 96.95%     
client [55] (testset)   loss: 0.3587 -> 0.3749  accuracy: 92.86% -> 92.60%     
client [51] (testset)   loss: 0.2261 -> 0.2226  accuracy: 97.34% -> 97.72%     
client [95] (testset)   loss: 0.4722 -> 0.5802  accuracy: 94.68% -> 92.55%     
---------------------------- TRAINING EPOCH: 230 ----------------------------  
client [71] (testset)   loss: 0.3217 -> 0.3326  accuracy: 95.08% -> 94.54%     
client [15] (testset)   loss: 0.1619 -> 0.1629  accuracy: 96.36% -> 96.78%     
client [33] (testset)   loss: 0.1482 -> 0.1577  accuracy: 96.00% -> 97.85%     
client [99] (testset)   loss: 0.2369 -> 0.2292  accuracy: 95.48% -> 95.95%     
client [90] (testset)   loss: 0.0427 -> 0.0308  accuracy: 96.30% -> 98.77%     
client [57] (testset)   loss: 0.1905 -> 0.1888  accuracy: 97.07% -> 97.30%     
client [27] (testset)   loss: 0.3565 -> 0.2825  accuracy: 94.50% -> 95.50%     
client [78] (testset)   loss: 0.1146 -> 0.1151  accuracy: 97.44% -> 97.44%     
client [36] (testset)   loss: 5.7722 -> 5.3375  accuracy: 70.00% -> 70.00%     
client [88] (testset)   loss: 0.1106 -> 0.1068  accuracy: 98.36% -> 98.36%     
---------------------------- TRAINING EPOCH: 240 ----------------------------  
client [70] (testset)   loss: 0.3916 -> 0.3929  accuracy: 93.75% -> 94.44%     
client [35] (testset)   loss: 0.1575 -> 0.1702  accuracy: 96.58% -> 97.48%     
client [16] (testset)   loss: 0.1066 -> 0.1279  accuracy: 97.53% -> 97.53%     
client [80] (testset)   loss: 0.6250 -> 0.5955  accuracy: 89.86% -> 91.30%     
client [38] (testset)   loss: 0.2906 -> 0.2874  accuracy: 96.98% -> 97.24%     
client [78] (testset)   loss: 0.1651 -> 0.1421  accuracy: 96.58% -> 97.44%     
client [68] (testset)   loss: 0.0007 -> 0.0008  accuracy: 100.00% -> 100.00%   
client [11] (testset)   loss: 0.1516 -> 0.1532  accuracy: 97.40% -> 98.70%     
client [64] (testset)   loss: 0.2703 -> 0.2505  accuracy: 92.59% -> 91.85%     
client [82] (testset)   loss: 0.8020 -> 0.5592  accuracy: 84.21% -> 84.21%     
---------------------------- TRAINING EPOCH: 250 ----------------------------  
client [30] (testset)   loss: 0.0024 -> 0.0312  accuracy: 100.00% -> 98.41%    
client [27] (testset)   loss: 0.3352 -> 0.2978  accuracy: 95.00% -> 94.00%     
client [74] (testset)   loss: 0.5765 -> 0.5717  accuracy: 89.40% -> 89.40%     
client [45] (testset)   loss: 0.0720 -> 0.0778  accuracy: 98.96% -> 97.92%     
client [6]  (testset)   loss: 0.1927 -> 0.1679  accuracy: 94.82% -> 96.41%     
client [36] (testset)   loss: 7.2140 -> 6.3439  accuracy: 60.00% -> 70.00%     
client [63] (testset)   loss: 0.4021 -> 0.3890  accuracy: 90.91% -> 90.91%     
client [76] (testset)   loss: 0.0072 -> 0.0375  accuracy: 99.36% -> 99.36%     
client [83] (testset)   loss: 0.0012 -> 0.0011  accuracy: 100.00% -> 100.00%   
client [86] (testset)   loss: 0.4161 -> 0.4201  accuracy: 95.16% -> 95.16%     
---------------------------- TRAINING EPOCH: 260 ----------------------------  
client [83] (testset)   loss: 0.0011 -> 0.0007  accuracy: 100.00% -> 100.00%   
client [99] (testset)   loss: 0.2654 -> 0.2719  accuracy: 95.48% -> 96.19%     
client [74] (testset)   loss: 0.5613 -> 0.4531  accuracy: 88.08% -> 89.40%     
client [73] (testset)   loss: 0.1044 -> 0.0991  accuracy: 98.70% -> 99.13%     
client [29] (testset)   loss: 0.4932 -> 0.7675  accuracy: 90.97% -> 86.94%     
client [92] (testset)   loss: 0.3891 -> 0.4197  accuracy: 92.27% -> 93.37%     
client [6]  (testset)   loss: 0.2446 -> 0.1759  accuracy: 95.22% -> 96.41%     
client [61] (testset)   loss: 0.3623 -> 0.4452  accuracy: 92.77% -> 92.77%     
client [21] (testset)   loss: 1.3440 -> 1.0254  accuracy: 75.00% -> 83.33%     
client [67] (testset)   loss: 0.2503 -> 0.2321  accuracy: 96.44% -> 96.44%     
---------------------------- TRAINING EPOCH: 270 ----------------------------  
client [83] (testset)   loss: 0.0010 -> 0.0004  accuracy: 100.00% -> 100.00%   
client [32] (testset)   loss: 0.4653 -> 0.7268  accuracy: 92.09% -> 87.77%     
client [95] (testset)   loss: 0.5127 -> 0.5585  accuracy: 92.55% -> 91.49%     
client [61] (testset)   loss: 0.3502 -> 0.3848  accuracy: 93.57% -> 94.38%     
client [27] (testset)   loss: 0.3401 -> 0.3242  accuracy: 94.50% -> 95.50%     
client [25] (testset)   loss: 0.2394 -> 0.5908  accuracy: 92.50% -> 92.50%     
client [68] (testset)   loss: 0.0002 -> 0.0002  accuracy: 100.00% -> 100.00%   
client [34] (testset)   loss: 0.7695 -> 0.4985  accuracy: 86.36% -> 90.91%     
client [71] (testset)   loss: 0.3671 -> 0.3581  accuracy: 94.54% -> 95.08%     
client [89] (testset)   loss: 0.2694 -> 0.2838  accuracy: 94.61% -> 94.61%     
---------------------------- TRAINING EPOCH: 280 ----------------------------  
client [78] (testset)   loss: 0.1467 -> 0.1305  accuracy: 96.58% -> 97.44%     
client [81] (testset)   loss: 0.5476 -> 0.6223  accuracy: 90.32% -> 90.32%     
client [51] (testset)   loss: 0.2537 -> 0.2604  accuracy: 97.72% -> 95.82%     
client [54] (testset)   loss: 0.1471 -> 0.1961  accuracy: 97.94% -> 95.88%     
client [65] (testset)   loss: 0.1039 -> 0.1078  accuracy: 98.13% -> 98.66%     
client [41] (testset)   loss: 0.4253 -> 0.4593  accuracy: 92.78% -> 91.95%     
client [11] (testset)   loss: 0.2026 -> 0.1832  accuracy: 97.40% -> 97.40%     
client [85] (testset)   loss: 0.0766 -> 0.0910  accuracy: 93.75% -> 93.75%     
client [12] (testset)   loss: 0.2764 -> 0.2746  accuracy: 90.91% -> 90.91%     
client [23] (testset)   loss: 0.0498 -> 0.1094  accuracy: 99.07% -> 98.13%     
---------------------------- TRAINING EPOCH: 290 ----------------------------  
client [16] (testset)   loss: 0.0643 -> 0.0079  accuracy: 97.53% -> 100.00%    
client [65] (testset)   loss: 0.0982 -> 0.1103  accuracy: 98.53% -> 98.66%     
client [53] (testset)   loss: 0.1344 -> 0.1433  accuracy: 97.82% -> 97.82%     
client [58] (testset)   loss: 0.3149 -> 0.3267  accuracy: 93.87% -> 93.87%     
client [72] (testset)   loss: 0.4470 -> 0.4497  accuracy: 94.59% -> 94.75%     
client [7]  (testset)   loss: 0.1874 -> 0.1885  accuracy: 95.31% -> 96.03%     
client [71] (testset)   loss: 0.3671 -> 0.3704  accuracy: 94.54% -> 94.54%     
client [59] (testset)   loss: 0.2890 -> 0.2927  accuracy: 90.67% -> 91.71%     
client [86] (testset)   loss: 0.3814 -> 0.3857  accuracy: 95.70% -> 95.70%     
client [39] (testset)   loss: 0.0968 -> 0.0899  accuracy: 97.56% -> 97.56%     
---------------------------- TRAINING EPOCH: 300 ----------------------------  
client [99] (testset)   loss: 0.2646 -> 0.2677  accuracy: 96.19% -> 96.43%     
client [7]  (testset)   loss: 0.1817 -> 0.1884  accuracy: 96.03% -> 95.67%     
client [17] (testset)   loss: 0.1728 -> 0.1511  accuracy: 99.21% -> 99.21%     
client [64] (testset)   loss: 0.2164 -> 0.2042  accuracy: 92.59% -> 92.59%     
client [37] (testset)   loss: 0.0374 -> 0.0332  accuracy: 99.15% -> 99.43%     
client [29] (testset)   loss: 0.5136 -> 0.5614  accuracy: 91.45% -> 91.21%     
client [93] (testset)   loss: 0.3345 -> 0.3569  accuracy: 90.97% -> 90.97%     
client [73] (testset)   loss: 0.1020 -> 0.1011  accuracy: 99.13% -> 99.13%     
client [40] (testset)   loss: 0.4620 -> 0.9544  accuracy: 84.75% -> 77.97%     
client [76] (testset)   loss: 0.0079 -> 0.0065  accuracy: 99.36% -> 100.00%    
---------------------------- TRAINING EPOCH: 310 ----------------------------  
client [31] (testset)   loss: 0.5827 -> 0.6396  accuracy: 91.43% -> 91.43%     
client [89] (testset)   loss: 0.2319 -> 0.2244  accuracy: 95.10% -> 95.59%     
client [77] (testset)   loss: 0.4740 -> 0.4570  accuracy: 92.49% -> 92.49%     
client [90] (testset)   loss: 0.0751 -> 0.0689  accuracy: 96.30% -> 96.30%     
client [26] (testset)   loss: 0.0531 -> 0.1358  accuracy: 97.45% -> 98.73%     
client [50] (testset)   loss: 0.2817 -> 0.1855  accuracy: 95.24% -> 95.24%     
client [30] (testset)   loss: 0.0100 -> 0.0163  accuracy: 100.00% -> 98.41%    
client [70] (testset)   loss: 0.3924 -> 0.4016  accuracy: 94.62% -> 94.44%     
client [41] (testset)   loss: 0.4381 -> 0.4716  accuracy: 92.31% -> 91.95%     
client [99] (testset)   loss: 0.2619 -> 0.2667  accuracy: 96.19% -> 96.43%     
---------------------------- TRAINING EPOCH: 320 ----------------------------  
client [68] (testset)   loss: 0.0002 -> 0.0002  accuracy: 100.00% -> 100.00%   
client [70] (testset)   loss: 0.3857 -> 0.3867  accuracy: 94.44% -> 94.27%     
client [52] (testset)   loss: 0.1096 -> 0.0955  accuracy: 96.97% -> 97.15%     
client [1]  (testset)   loss: 0.0897 -> 0.0743  accuracy: 98.61% -> 98.89%     
client [2]  (testset)   loss: 0.0540 -> 0.0499  accuracy: 99.16% -> 99.23%     
client [67] (testset)   loss: 0.2465 -> 0.2397  accuracy: 96.05% -> 96.05%     
client [92] (testset)   loss: 0.4323 -> 0.4147  accuracy: 92.82% -> 92.82%     
client [35] (testset)   loss: 0.1495 -> 0.1589  accuracy: 97.12% -> 97.48%     
client [36] (testset)   loss: 5.2673 -> 4.7628  accuracy: 60.00% -> 60.00%     
client [64] (testset)   loss: 0.1959 -> 0.1988  accuracy: 94.07% -> 94.07%     
---------------------------- TRAINING EPOCH: 330 ----------------------------  
client [44] (testset)   loss: 0.1582 -> 0.1511  accuracy: 96.91% -> 96.91%     
client [6]  (testset)   loss: 0.1962 -> 0.1668  accuracy: 94.82% -> 95.62%     
client [12] (testset)   loss: 0.3348 -> 0.3335  accuracy: 90.91% -> 90.91%     
client [55] (testset)   loss: 0.4366 -> 0.4097  accuracy: 91.84% -> 93.62%     
client [29] (testset)   loss: 0.5582 -> 0.5938  accuracy: 90.97% -> 90.97%     
client [9]  (testset)   loss: 0.6983 -> 0.7500  accuracy: 92.20% -> 91.49%     
client [43] (testset)   loss: 0.5408 -> 0.2736  accuracy: 93.28% -> 94.78%     
client [77] (testset)   loss: 0.4490 -> 0.4468  accuracy: 92.98% -> 92.74%     
client [98] (testset)   loss: 0.2724 -> 0.2949  accuracy: 98.02% -> 97.62%     
client [78] (testset)   loss: 0.1625 -> 0.2210  accuracy: 98.29% -> 96.58%     
---------------------------- TRAINING EPOCH: 340 ----------------------------  
client [92] (testset)   loss: 0.4206 -> 0.4336  accuracy: 91.71% -> 92.27%     
client [80] (testset)   loss: 0.5048 -> 0.6215  accuracy: 94.20% -> 92.75%     
client [63] (testset)   loss: 0.3791 -> 0.2895  accuracy: 95.45% -> 95.45%     
client [76] (testset)   loss: 0.0088 -> 0.0069  accuracy: 99.36% -> 99.36%     
client [78] (testset)   loss: 0.1639 -> 0.1677  accuracy: 97.44% -> 97.44%     
client [25] (testset)   loss: 0.3715 -> 0.4189  accuracy: 95.00% -> 92.50%     
client [58] (testset)   loss: 0.3427 -> 0.3483  accuracy: 93.87% -> 93.87%     
client [13] (testset)   loss: 0.1946 -> 0.1954  accuracy: 97.00% -> 97.50%     
client [17] (testset)   loss: 0.2089 -> 0.1615  accuracy: 97.64% -> 99.21%     
client [38] (testset)   loss: 0.3475 -> 0.3498  accuracy: 97.24% -> 97.49%     
---------------------------- TRAINING EPOCH: 350 ----------------------------  
client [72] (testset)   loss: 0.4767 -> 0.4841  accuracy: 94.08% -> 94.42%     
client [82] (testset)   loss: 0.7734 -> 0.4755  accuracy: 84.21% -> 89.47%     
client [86] (testset)   loss: 0.4223 -> 0.4390  accuracy: 95.16% -> 95.16%     
client [51] (testset)   loss: 0.2591 -> 0.2608  accuracy: 98.10% -> 97.72%     
client [96] (testset)   loss: 0.0011 -> 0.0115  accuracy: 100.00% -> 100.00%   
client [42] (testset)   loss: 0.1634 -> 0.1735  accuracy: 95.59% -> 96.32%     
client [55] (testset)   loss: 0.4401 -> 0.4500  accuracy: 93.11% -> 93.37%     
client [13] (testset)   loss: 0.1854 -> 0.1883  accuracy: 97.50% -> 97.50%     
client [1]  (testset)   loss: 0.0956 -> 0.0905  accuracy: 98.89% -> 98.89%     
client [12] (testset)   loss: 0.2555 -> 0.2552  accuracy: 90.91% -> 90.91%     
---------------------------- TRAINING EPOCH: 360 ----------------------------  
client [68] (testset)   loss: 0.0001 -> 0.0001  accuracy: 100.00% -> 100.00%   
client [23] (testset)   loss: 0.0834 -> 0.0954  accuracy: 98.13% -> 98.13%     
client [46] (testset)   loss: 1.5457 -> 1.3215  accuracy: 89.47% -> 86.84%     
client [41] (testset)   loss: 0.5052 -> 0.4998  accuracy: 91.48% -> 91.95%     
client [25] (testset)   loss: 0.3136 -> 0.3897  accuracy: 95.00% -> 92.50%     
client [58] (testset)   loss: 0.3658 -> 0.3647  accuracy: 93.87% -> 93.87%     
client [14] (testset)   loss: 0.1841 -> 0.1827  accuracy: 97.62% -> 97.02%     
client [33] (testset)   loss: 0.1792 -> 0.1403  accuracy: 95.08% -> 98.15%     
client [85] (testset)   loss: 0.0700 -> 0.0655  accuracy: 93.75% -> 93.75%     
client [62] (testset)   loss: 0.3688 -> 0.4133  accuracy: 94.98% -> 94.76%     
---------------------------- TRAINING EPOCH: 370 ----------------------------  
client [98] (testset)   loss: 0.2991 -> 0.3052  accuracy: 96.03% -> 97.62%     
client [63] (testset)   loss: 0.2517 -> 0.8515  accuracy: 90.91% -> 90.91%     
client [70] (testset)   loss: 0.4240 -> 0.4229  accuracy: 94.10% -> 94.10%     
client [65] (testset)   loss: 0.1176 -> 0.1223  accuracy: 98.26% -> 98.53%     
client [14] (testset)   loss: 0.1338 -> 0.1393  accuracy: 98.81% -> 98.21%     
client [73] (testset)   loss: 0.1033 -> 0.1021  accuracy: 99.13% -> 99.13%     
client [34] (testset)   loss: 0.0949 -> 0.2894  accuracy: 95.45% -> 95.45%     
client [99] (testset)   loss: 0.2742 -> 0.2844  accuracy: 96.43% -> 96.43%     
client [69] (testset)   loss: 0.3813 -> 0.3691  accuracy: 93.38% -> 92.72%     
client [46] (testset)   loss: 1.5189 -> 1.3491  accuracy: 86.84% -> 89.47%     
---------------------------- TRAINING EPOCH: 380 ----------------------------  
client [99] (testset)   loss: 0.2792 -> 0.2849  accuracy: 96.43% -> 96.19%     
client [93] (testset)   loss: 0.3398 -> 0.3448  accuracy: 91.61% -> 92.26%     
client [11] (testset)   loss: 0.1858 -> 0.1627  accuracy: 98.70% -> 98.70%     
client [58] (testset)   loss: 0.3631 -> 0.3725  accuracy: 94.25% -> 93.87%     
client [81] (testset)   loss: 0.9032 -> 0.9103  accuracy: 90.32% -> 90.32%     
client [85] (testset)   loss: 0.0407 -> 0.0420  accuracy: 100.00% -> 100.00%   
client [89] (testset)   loss: 0.3098 -> 0.2905  accuracy: 94.61% -> 94.61%     
client [45] (testset)   loss: 0.0564 -> 0.0613  accuracy: 98.96% -> 97.92%     
client [8]  (testset)   loss: 0.0000 -> 0.0000  accuracy: 100.00% -> 100.00%   
client [68] (testset)   loss: 0.0000 -> 0.0000  accuracy: 100.00% -> 100.00%   
---------------------------- TRAINING EPOCH: 390 ----------------------------  
client [67] (testset)   loss: 0.2963 -> 0.2342  accuracy: 95.65% -> 95.65%     
client [72] (testset)   loss: 0.5157 -> 0.5196  accuracy: 94.59% -> 94.59%     
client [1]  (testset)   loss: 0.0912 -> 0.0902  accuracy: 98.89% -> 98.89%     
client [78] (testset)   loss: 0.1492 -> 0.1586  accuracy: 98.29% -> 96.58%     
client [83] (testset)   loss: 0.0001 -> 0.0001  accuracy: 100.00% -> 100.00%   
client [21] (testset)   loss: 1.1047 -> 0.6235  accuracy: 88.89% -> 88.89%     
client [56] (testset)   loss: 0.3569 -> 0.3673  accuracy: 96.03% -> 95.80%     
client [44] (testset)   loss: 0.1505 -> 0.1569  accuracy: 96.91% -> 96.91%     
client [92] (testset)   loss: 0.5321 -> 0.4893  accuracy: 91.71% -> 92.27%     
client [27] (testset)   loss: 0.3714 -> 0.3721  accuracy: 95.00% -> 94.50%     
---------------------------- TRAINING EPOCH: 400 ----------------------------  
client [10] (testset)   loss: 0.2600 -> 0.2557  accuracy: 95.61% -> 95.82%     
client [39] (testset)   loss: 0.0931 -> 0.0758  accuracy: 97.56% -> 97.56%     
client [65] (testset)   loss: 0.1174 -> 0.1241  accuracy: 98.53% -> 98.40%     
client [26] (testset)   loss: 0.0802 -> 0.1416  accuracy: 98.09% -> 98.73%     
client [19] (testset)   loss: 0.2076 -> 0.2164  accuracy: 95.89% -> 95.89%     
client [68] (testset)   loss: 0.0000 -> 0.0000  accuracy: 100.00% -> 100.00%   
client [41] (testset)   loss: 0.5290 -> 0.5275  accuracy: 91.83% -> 91.95%     
client [50] (testset)   loss: 0.3159 -> 0.2870  accuracy: 97.62% -> 95.24%     
client [75] (testset)   loss: 0.2355 -> 0.2406  accuracy: 94.44% -> 94.44%     
client [81] (testset)   loss: 0.7408 -> 0.7358  accuracy: 90.32% -> 90.32%     
FedFewA's average time taken by each global epoch: 0 min 3.66 sec.             
FedFewA's total running time: 0 h 24 m 34 s.                                   
==================== FedFewA Experiment Results: ====================          
Display format: (before local fine-tuning) -> (after local fine-tuning)        
 So if finetune_epoch = 0, x.xx% -> 0.00% is normal.                           
 Centralized testing ONLY happens after model aggregation, so the stats between
'->' are the same.                                                             
{                                                                              
    "100": {                                                                   
        "all_clients": {                                                       
            "test": {                                                          
                "loss": "0.3789 -> 0.0000",                                    
                "accuracy": "90.96% -> 0.00%"                                  
            }                                                                  
        }                                                                      
    },                                                                         
    "200": {                                                                   
        "all_clients": {                                                       
            "test": {                                                          
                "loss": "0.2383 -> 0.0000",                                    
                "accuracy": "95.23% -> 0.00%"                                  
            }                                                                  
        }                                                                      
    },                                                                         
    "300": {                                                                   
        "all_clients": {                                                       
            "test": {                                                          
                "loss": "0.2658 -> 0.0000",                                    
                "accuracy": "95.76% -> 0.00%"                                  
            }                                                                  
        }                                                                      
    },                                                                         
    "400": {                                                                   
        "all_clients": {                                                       
            "test": {                                                          
                "loss": "0.2932 -> 0.0000",                                    
                "accuracy": "95.88% -> 0.00%"                                  
            }                                                                  
        }                                                                      
    }                                                                          
}                                                                              
==================== FedFewA Max Accuracy ====================                 
all_clients:                                                                   
(test) before fine-tuning: 95.88% at epoch 400                                 
(test) after fine-tuning: 0.00% at epoch 100                                   
