==================== FedFew ====================                               
Experiment Arguments:                                                          
{
    'method': 'fedfew',
    'dataset': {
        'name': 'cifar100',
        'client_num': 100,
        'test_ratio': 0.25,
        'val_ratio': 0.0,
        'seed': 42,
        'split': 'sample',
        'IID_ratio': 0.0,
        'monitor_window_name_suffix': 'cifar100-100clients-0%IID-use20superclasses-Dir(0.1)-seed42',
        'super_class': False,
        'alpha': 0.1,
        'min_samples_per_client': 10
    },
    'model': {
        'name': 'avgcnn',
        'use_torchvision_pretrained_weights': True,
        'external_model_weights_path': None
    },
    'optimizer': {
        'lr': 0.01,
        'dampening': 0,
        'weight_decay': 0,
        'momentum': 0.7,
        'nesterov': False,
        'name': 'sgd'
    },
    'mode': 'parallel',
    'parallel': {
        'ray_cluster_addr': None,
        'num_cpus': 32.0,
        'num_gpus': 1.0,
        'num_workers': 2
    },
    'common': {
        'seed': 42,
        'join_ratio': 0.1,
        'global_epoch': 200,
        'local_epoch': 5,
        'batch_size': 32,
        'reset_optimizer_on_global_epoch': True,
        'straggler_ratio': 0,
        'straggler_min_local_epoch': 0,
        'buffers': 'global',
        'client_side_evaluation': True,
        'test': {
            'client': {
                'interval': 100,
                'finetune_epoch': 0,
                'train': False,
                'val': False,
                'test': True
            },
            'server': {
                'interval': -1,
                'train': False,
                'val': False,
                'test': True,
                'model_in_train_mode': False
            }
        },
        'verbose_gap': 10,
        'monitor': None,
        'use_cuda': True,
        'save_log': True,
        'save_model': False,
        'save_learning_curve_plot': True,
        'save_metrics': True,
        'delete_useless_run': True
    },
    'fedprox': {
        'mu': 0.01
    },
    'pfedsim': {
        'warmup_round': 0.5
    },
    'fedfew': {
        'top_k': 9,
        'ig_ratio': 0.991,
        'alpha': 0.5,
        'type': 'all'
    }
}
---------------------------- TRAINING EPOCH: 10 ----------------------------   
client [81] (testset)   loss: 2.7836 -> 2.6717  accuracy: 35.76% -> 37.09%     
client [77] (testset)   loss: 1.9995 -> 2.0474  accuracy: 45.51% -> 45.51%     
client [21] (testset)   loss: 4.0036 -> 2.3033  accuracy: 15.65% -> 32.65%     
client [68] (testset)   loss: 2.4111 -> 2.2797  accuracy: 42.02% -> 39.50%     
client [93] (testset)   loss: 4.1585 -> 2.6422  accuracy: 4.00% -> 34.40%      
client [31] (testset)   loss: 3.8415 -> 2.3376  accuracy: 21.05% -> 36.32%     
client [20] (testset)   loss: 3.9864 -> 2.0728  accuracy: 13.86% -> 43.56%     
client [48] (testset)   loss: 2.7537 -> 2.6640  accuracy: 28.48% -> 36.97%     
client [59] (testset)   loss: 4.2170 -> 2.1312  accuracy: 9.44% -> 41.20%      
client [34] (testset)   loss: 2.7889 -> 3.0193  accuracy: 25.41% -> 30.94%     
---------------------------- TRAINING EPOCH: 20 ----------------------------   
client [99] (testset)   loss: 3.9312 -> 3.5907  accuracy: 8.03% -> 24.82%      
client [69] (testset)   loss: 2.0856 -> 1.9380  accuracy: 51.99% -> 52.71%     
client [67] (testset)   loss: 3.7103 -> 2.9466  accuracy: 14.29% -> 30.77%     
client [0]  (testset)   loss: 3.8761 -> 2.1555  accuracy: 10.78% -> 50.98%     
client [76] (testset)   loss: 2.5013 -> 2.6034  accuracy: 41.34% -> 39.11%     
client [41] (testset)   loss: 3.9504 -> 2.5301  accuracy: 11.29% -> 33.06%     
client [2]  (testset)   loss: 4.0499 -> 3.0645  accuracy: 6.25% -> 30.36%      
client [62] (testset)   loss: 3.9132 -> 2.5616  accuracy: 16.02% -> 41.75%     
client [14] (testset)   loss: 3.9053 -> 2.8263  accuracy: 10.39% -> 36.36%     
client [46] (testset)   loss: 3.9129 -> 2.2301  accuracy: 14.29% -> 56.19%     
---------------------------- TRAINING EPOCH: 30 ----------------------------   
client [24] (testset)   loss: 2.3510 -> 2.7069  accuracy: 43.10% -> 44.83%     
client [68] (testset)   loss: 2.4132 -> 2.6284  accuracy: 44.54% -> 44.96%     
client [57] (testset)   loss: 2.2128 -> 2.1449  accuracy: 49.08% -> 52.76%     
client [17] (testset)   loss: 2.4166 -> 3.2998  accuracy: 40.60% -> 36.84%     
client [54] (testset)   loss: 3.0603 -> 3.7376  accuracy: 40.00% -> 39.17%     
client [23] (testset)   loss: 3.5372 -> 2.6400  accuracy: 19.09% -> 32.73%     
client [35] (testset)   loss: 2.2907 -> 2.7333  accuracy: 43.88% -> 42.86%     
client [59] (testset)   loss: 2.3481 -> 2.8867  accuracy: 43.78% -> 41.63%     
client [31] (testset)   loss: 2.4775 -> 3.0294  accuracy: 46.32% -> 46.84%     
client [9]  (testset)   loss: 3.5294 -> 2.5290  accuracy: 17.45% -> 43.62%     
---------------------------- TRAINING EPOCH: 40 ----------------------------   
client [33] (testset)   loss: 2.6832 -> 3.1464  accuracy: 33.03% -> 35.78%     
client [64] (testset)   loss: 2.3071 -> 2.8263  accuracy: 41.89% -> 41.89%     
client [16] (testset)   loss: 2.7094 -> 3.3209  accuracy: 38.84% -> 36.36%     
client [44] (testset)   loss: 3.3825 -> 2.4415  accuracy: 20.92% -> 37.25%     
client [8]  (testset)   loss: 2.4949 -> 3.5161  accuracy: 51.76% -> 44.22%     
client [31] (testset)   loss: 3.0049 -> 3.3306  accuracy: 44.74% -> 46.32%     
client [47] (testset)   loss: 2.4327 -> 2.8653  accuracy: 40.87% -> 47.83%     
client [36] (testset)   loss: 2.5237 -> 2.6994  accuracy: 34.51% -> 39.82%     
client [56] (testset)   loss: 1.9876 -> 2.4428  accuracy: 54.76% -> 50.00%     
client [20] (testset)   loss: 1.7584 -> 2.4162  accuracy: 54.95% -> 54.95%     
---------------------------- TRAINING EPOCH: 50 ----------------------------   
client [60] (testset)   loss: 2.7523 -> 2.9617  accuracy: 30.30% -> 40.91%     
client [4]  (testset)   loss: 2.0268 -> 2.4398  accuracy: 50.68% -> 51.35%     
client [28] (testset)   loss: 2.5717 -> 2.1624  accuracy: 38.71% -> 46.77%     
client [25] (testset)   loss: 2.5560 -> 2.1992  accuracy: 40.62% -> 56.25%     
client [58] (testset)   loss: 2.4094 -> 3.4276  accuracy: 43.08% -> 40.00%     
client [44] (testset)   loss: 2.3277 -> 2.9727  accuracy: 45.75% -> 39.87%     
client [39] (testset)   loss: 2.3401 -> 2.8065  accuracy: 44.91% -> 48.50%     
client [29] (testset)   loss: 2.3662 -> 2.9835  accuracy: 46.67% -> 38.67%     
client [3]  (testset)   loss: 1.9352 -> 2.0874  accuracy: 55.47% -> 58.59%     
client [84] (testset)   loss: 2.7013 -> 3.5576  accuracy: 42.37% -> 38.56%     
---------------------------- TRAINING EPOCH: 60 ----------------------------   
client [21] (testset)   loss: 2.4276 -> 2.4609  accuracy: 41.50% -> 45.58%     
client [84] (testset)   loss: 3.1993 -> 3.6848  accuracy: 39.41% -> 38.14%     
client [10] (testset)   loss: 2.5679 -> 2.7827  accuracy: 41.35% -> 43.27%     
client [36] (testset)   loss: 2.2434 -> 2.6845  accuracy: 40.71% -> 42.48%     
client [65] (testset)   loss: 2.5931 -> 3.3772  accuracy: 42.73% -> 39.09%     
client [81] (testset)   loss: 2.5563 -> 2.7080  accuracy: 45.03% -> 47.68%     
client [79] (testset)   loss: 1.9898 -> 2.4744  accuracy: 55.87% -> 56.98%     
client [42] (testset)   loss: 2.3365 -> 3.1199  accuracy: 53.42% -> 53.42%     
client [11] (testset)   loss: 2.0406 -> 2.6879  accuracy: 50.85% -> 50.85%     
client [96] (testset)   loss: 2.1631 -> 3.0102  accuracy: 52.02% -> 50.29%     
---------------------------- TRAINING EPOCH: 70 ----------------------------   
client [53] (testset)   loss: 2.3578 -> 2.9003  accuracy: 47.52% -> 48.94%     
client [8]  (testset)   loss: 2.8569 -> 3.8672  accuracy: 49.75% -> 49.25%     
client [52] (testset)   loss: 2.9778 -> 3.6405  accuracy: 45.52% -> 45.52%     
client [42] (testset)   loss: 2.5721 -> 3.3856  accuracy: 54.11% -> 49.32%     
client [69] (testset)   loss: 2.4750 -> 2.9271  accuracy: 56.68% -> 55.96%     
client [59] (testset)   loss: 2.7149 -> 3.4757  accuracy: 42.49% -> 39.91%     
client [26] (testset)   loss: 2.3562 -> 2.8614  accuracy: 46.90% -> 47.79%     
client [7]  (testset)   loss: 2.7825 -> 3.7074  accuracy: 44.74% -> 40.35%     
client [49] (testset)   loss: 2.2177 -> 3.0636  accuracy: 52.47% -> 48.77%     
client [98] (testset)   loss: 2.9073 -> 3.4903  accuracy: 42.25% -> 37.32%     
---------------------------- TRAINING EPOCH: 80 ----------------------------   
client [47] (testset)   loss: 2.5119 -> 3.2050  accuracy: 39.13% -> 41.74%     
client [98] (testset)   loss: 2.7772 -> 3.3613  accuracy: 41.55% -> 40.14%     
client [21] (testset)   loss: 2.3202 -> 2.3862  accuracy: 41.50% -> 46.94%     
client [77] (testset)   loss: 2.2977 -> 3.4748  accuracy: 51.12% -> 46.63%     
client [95] (testset)   loss: 3.0909 -> 4.0238  accuracy: 46.99% -> 42.17%     
client [91] (testset)   loss: 2.1995 -> 3.0649  accuracy: 44.74% -> 42.76%     
client [14] (testset)   loss: 2.6776 -> 3.7809  accuracy: 36.36% -> 37.66%     
client [99] (testset)   loss: 3.4328 -> 4.7617  accuracy: 35.04% -> 32.85%     
client [20] (testset)   loss: 2.0118 -> 2.5773  accuracy: 55.45% -> 56.93%     
client [39] (testset)   loss: 2.3798 -> 2.7173  accuracy: 45.51% -> 47.31%     
---------------------------- TRAINING EPOCH: 90 ----------------------------   
client [52] (testset)   loss: 2.4543 -> 3.3190  accuracy: 50.00% -> 45.52%     
client [62] (testset)   loss: 3.1333 -> 3.7289  accuracy: 41.26% -> 42.23%     
client [71] (testset)   loss: 3.4809 -> 4.0820  accuracy: 39.69% -> 36.64%     
client [97] (testset)   loss: 3.5451 -> 3.8450  accuracy: 32.38% -> 34.29%     
client [30] (testset)   loss: 3.6799 -> 3.9486  accuracy: 34.81% -> 34.25%     
client [88] (testset)   loss: 2.8560 -> 2.6667  accuracy: 29.05% -> 51.40%     
client [60] (testset)   loss: 2.8026 -> 3.7389  accuracy: 34.85% -> 42.42%     
client [82] (testset)   loss: 2.8579 -> 3.6988  accuracy: 38.37% -> 33.72%     
client [91] (testset)   loss: 2.3316 -> 3.0897  accuracy: 46.05% -> 43.42%     
client [57] (testset)   loss: 2.2346 -> 2.7254  accuracy: 57.06% -> 58.28%     
---------------------------- TRAINING EPOCH: 100 ----------------------------  
client [15] (testset)   loss: 2.5305 -> 3.3798  accuracy: 38.69% -> 39.42%     
client [31] (testset)   loss: 3.6409 -> 4.1317  accuracy: 46.84% -> 46.84%     
client [71] (testset)   loss: 2.8914 -> 3.4034  accuracy: 32.82% -> 38.93%     
client [97] (testset)   loss: 3.1272 -> 3.7220  accuracy: 27.62% -> 32.38%     
client [53] (testset)   loss: 2.6005 -> 3.3839  accuracy: 53.19% -> 48.94%     
client [77] (testset)   loss: 2.6059 -> 2.9365  accuracy: 49.44% -> 51.12%     
client [76] (testset)   loss: 2.8194 -> 3.3890  accuracy: 39.66% -> 40.78%     
client [79] (testset)   loss: 2.0426 -> 2.8133  accuracy: 58.10% -> 57.54%     
client [28] (testset)   loss: 2.1004 -> 2.7268  accuracy: 50.00% -> 51.61%     
client [99] (testset)   loss: 3.6314 -> 4.7706  accuracy: 34.31% -> 34.31%     
---------------------------- TRAINING EPOCH: 110 ----------------------------  
client [97] (testset)   loss: 3.3562 -> 3.9408  accuracy: 30.48% -> 37.14%     
client [86] (testset)   loss: 2.6880 -> 3.6701  accuracy: 53.39% -> 44.92%     
client [73] (testset)   loss: 3.7168 -> 3.7291  accuracy: 38.13% -> 44.60%     
client [34] (testset)   loss: 3.0968 -> 3.8135  accuracy: 44.75% -> 40.33%     
client [5]  (testset)   loss: 3.0508 -> 3.8102  accuracy: 46.01% -> 42.94%     
client [96] (testset)   loss: 3.2511 -> 3.9343  accuracy: 47.40% -> 47.98%     
client [60] (testset)   loss: 3.1360 -> 4.1669  accuracy: 36.36% -> 39.39%     
client [22] (testset)   loss: 3.5824 -> 4.5966  accuracy: 39.47% -> 36.84%     
client [83] (testset)   loss: 3.3423 -> 3.6841  accuracy: 40.13% -> 45.39%     
client [66] (testset)   loss: 2.6028 -> 3.2333  accuracy: 47.09% -> 44.66%     
---------------------------- TRAINING EPOCH: 120 ----------------------------  
client [65] (testset)   loss: 2.9317 -> 3.5181  accuracy: 41.82% -> 42.73%     
client [76] (testset)   loss: 3.5995 -> 4.1445  accuracy: 35.20% -> 39.11%     
client [95] (testset)   loss: 3.6752 -> 4.7200  accuracy: 45.78% -> 41.57%     
client [17] (testset)   loss: 2.9867 -> 4.0226  accuracy: 36.84% -> 37.59%     
client [8]  (testset)   loss: 3.6863 -> 4.2258  accuracy: 49.75% -> 49.75%     
client [35] (testset)   loss: 3.7548 -> 4.3790  accuracy: 44.90% -> 42.86%     
client [98] (testset)   loss: 3.6440 -> 4.2994  accuracy: 40.85% -> 35.92%     
client [53] (testset)   loss: 2.4429 -> 3.1447  accuracy: 46.10% -> 51.77%     
client [43] (testset)   loss: 3.7137 -> 4.5314  accuracy: 37.04% -> 33.33%     
client [64] (testset)   loss: 2.4405 -> 3.1037  accuracy: 47.30% -> 50.68%     
---------------------------- TRAINING EPOCH: 130 ----------------------------  
client [21] (testset)   loss: 2.2372 -> 2.7635  accuracy: 44.22% -> 45.58%     
client [88] (testset)   loss: 2.9251 -> 3.6255  accuracy: 45.25% -> 48.04%     
client [3]  (testset)   loss: 2.7127 -> 3.0479  accuracy: 54.69% -> 59.38%     
client [38] (testset)   loss: 3.1046 -> 3.8289  accuracy: 45.81% -> 46.37%     
client [41] (testset)   loss: 3.3847 -> 3.5459  accuracy: 33.06% -> 37.10%     
client [5]  (testset)   loss: 3.0881 -> 3.9916  accuracy: 46.01% -> 42.94%     
client [37] (testset)   loss: 2.8301 -> 3.7529  accuracy: 44.23% -> 40.38%     
client [7]  (testset)   loss: 3.7605 -> 4.1076  accuracy: 40.35% -> 40.79%     
client [47] (testset)   loss: 2.8565 -> 3.8470  accuracy: 42.61% -> 42.61%     
client [45] (testset)   loss: 2.6897 -> 2.9420  accuracy: 45.58% -> 48.23%     
---------------------------- TRAINING EPOCH: 140 ----------------------------  
client [16] (testset)   loss: 3.6382 -> 4.4931  accuracy: 42.98% -> 38.02%     
client [11] (testset)   loss: 2.6447 -> 3.3009  accuracy: 53.11% -> 49.15%     
client [37] (testset)   loss: 3.3491 -> 4.4334  accuracy: 42.31% -> 42.31%     
client [41] (testset)   loss: 3.3100 -> 3.6027  accuracy: 37.10% -> 34.68%     
client [95] (testset)   loss: 3.8541 -> 4.4489  accuracy: 46.99% -> 45.18%     
client [53] (testset)   loss: 3.1243 -> 3.6553  accuracy: 55.32% -> 53.90%     
client [25] (testset)   loss: 2.3292 -> 2.9167  accuracy: 54.17% -> 52.08%     
client [22] (testset)   loss: 3.4065 -> 4.2684  accuracy: 41.45% -> 39.47%     
client [46] (testset)   loss: 2.6613 -> 3.1886  accuracy: 47.62% -> 57.14%     
client [69] (testset)   loss: 3.6468 -> 3.7237  accuracy: 53.43% -> 57.04%     
---------------------------- TRAINING EPOCH: 150 ----------------------------  
client [47] (testset)   loss: 3.4229 -> 4.1139  accuracy: 42.61% -> 41.74%     
client [82] (testset)   loss: 2.5608 -> 3.5172  accuracy: 43.02% -> 46.51%     
client [69] (testset)   loss: 3.4980 -> 3.7053  accuracy: 55.96% -> 56.68%     
client [45] (testset)   loss: 2.4008 -> 2.9239  accuracy: 47.79% -> 47.35%     
client [7]  (testset)   loss: 3.7781 -> 4.3358  accuracy: 39.47% -> 38.60%     
client [50] (testset)   loss: 1.8050 -> 2.5280  accuracy: 54.00% -> 53.00%     
client [35] (testset)   loss: 3.6088 -> 3.9876  accuracy: 45.92% -> 47.96%     
client [24] (testset)   loss: 3.6550 -> 3.9876  accuracy: 43.10% -> 46.55%     
client [15] (testset)   loss: 3.0791 -> 3.8322  accuracy: 40.15% -> 40.88%     
client [58] (testset)   loss: 3.7720 -> 4.5030  accuracy: 43.08% -> 47.69%     
---------------------------- TRAINING EPOCH: 160 ----------------------------  
client [48] (testset)   loss: 3.6620 -> 4.5217  accuracy: 47.27% -> 46.06%     
client [76] (testset)   loss: 3.8570 -> 4.2094  accuracy: 37.99% -> 37.99%     
client [37] (testset)   loss: 3.6236 -> 4.2378  accuracy: 40.38% -> 39.42%     
client [67] (testset)   loss: 3.3744 -> 3.8600  accuracy: 51.10% -> 49.45%     
client [58] (testset)   loss: 4.2641 -> 4.8551  accuracy: 40.77% -> 43.08%     
client [64] (testset)   loss: 3.0480 -> 3.5736  accuracy: 45.27% -> 46.62%     
client [77] (testset)   loss: 2.7374 -> 3.1977  accuracy: 52.81% -> 52.81%     
client [55] (testset)   loss: 2.8353 -> 3.6081  accuracy: 54.35% -> 50.00%     
client [12] (testset)   loss: 2.6258 -> 3.3286  accuracy: 52.27% -> 50.00%     
client [89] (testset)   loss: 4.2842 -> 4.6569  accuracy: 45.22% -> 40.76%     
---------------------------- TRAINING EPOCH: 170 ----------------------------  
client [51] (testset)   loss: 4.0717 -> 5.3261  accuracy: 43.92% -> 41.89%     
client [84] (testset)   loss: 5.0656 -> 5.2989  accuracy: 36.86% -> 37.71%     
client [8]  (testset)   loss: 4.8239 -> 5.1268  accuracy: 49.25% -> 51.26%     
client [18] (testset)   loss: 2.6218 -> 3.3828  accuracy: 54.69% -> 53.91%     
client [94] (testset)   loss: 3.8495 -> 4.9774  accuracy: 41.54% -> 41.54%     
client [81] (testset)   loss: 3.4287 -> 3.8122  accuracy: 46.36% -> 49.67%     
client [3]  (testset)   loss: 2.9650 -> 3.3695  accuracy: 58.59% -> 57.81%     
client [11] (testset)   loss: 3.5316 -> 3.8022  accuracy: 50.85% -> 50.85%     
client [95] (testset)   loss: 4.3597 -> 5.0203  accuracy: 45.18% -> 43.98%     
client [67] (testset)   loss: 3.4984 -> 3.7526  accuracy: 48.90% -> 50.55%     
---------------------------- TRAINING EPOCH: 180 ----------------------------  
client [21] (testset)   loss: 2.8428 -> 3.2006  accuracy: 44.90% -> 42.86%     
client [79] (testset)   loss: 2.9326 -> 3.4523  accuracy: 59.22% -> 58.66%     
client [58] (testset)   loss: 4.2976 -> 4.7021  accuracy: 46.15% -> 45.38%     
client [88] (testset)   loss: 3.4770 -> 4.4339  accuracy: 43.02% -> 48.60%     
client [46] (testset)   loss: 3.0233 -> 3.7123  accuracy: 51.43% -> 54.29%     
client [11] (testset)   loss: 3.1813 -> 3.5811  accuracy: 52.54% -> 47.46%     
client [55] (testset)   loss: 3.0265 -> 3.1911  accuracy: 55.07% -> 54.35%     
client [13] (testset)   loss: 3.1610 -> 3.7467  accuracy: 48.54% -> 49.12%     
client [31] (testset)   loss: 4.2849 -> 4.6659  accuracy: 48.95% -> 47.89%     
client [75] (testset)   loss: 3.5775 -> 4.0190  accuracy: 49.06% -> 47.64%     
---------------------------- TRAINING EPOCH: 190 ----------------------------  
client [19] (testset)   loss: 4.2751 -> 4.4782  accuracy: 41.46% -> 42.68%     
client [7]  (testset)   loss: 4.8765 -> 5.3190  accuracy: 39.91% -> 39.47%     
client [57] (testset)   loss: 3.4117 -> 3.6831  accuracy: 57.67% -> 57.67%     
client [13] (testset)   loss: 3.4249 -> 3.6804  accuracy: 49.12% -> 47.95%     
client [43] (testset)   loss: 4.6527 -> 5.2202  accuracy: 32.59% -> 37.04%     
client [91] (testset)   loss: 2.7797 -> 3.7933  accuracy: 44.74% -> 41.45%     
client [10] (testset)   loss: 3.5691 -> 4.1881  accuracy: 48.08% -> 40.38%     
client [82] (testset)   loss: 3.5164 -> 3.8144  accuracy: 41.86% -> 41.86%     
client [64] (testset)   loss: 3.1647 -> 3.9673  accuracy: 50.68% -> 43.92%     
client [22] (testset)   loss: 4.9221 -> 5.6617  accuracy: 36.84% -> 36.84%     
---------------------------- TRAINING EPOCH: 200 ----------------------------  
client [23] (testset)   loss: 2.3909 -> 2.6980  accuracy: 46.36% -> 45.45%     
client [20] (testset)   loss: 2.5260 -> 3.1306  accuracy: 58.42% -> 59.41%     
client [88] (testset)   loss: 3.7588 -> 4.2793  accuracy: 44.13% -> 43.58%     
client [98] (testset)   loss: 4.5879 -> 4.8071  accuracy: 42.25% -> 42.25%     
client [79] (testset)   loss: 3.4030 -> 3.6409  accuracy: 60.34% -> 63.69%     
client [21] (testset)   loss: 3.1560 -> 4.2348  accuracy: 47.62% -> 41.50%     
client [92] (testset)   loss: 3.9663 -> 4.8780  accuracy: 42.86% -> 35.71%     
client [56] (testset)   loss: 3.1234 -> 3.4901  accuracy: 51.19% -> 53.57%     
client [52] (testset)   loss: 3.8981 -> 4.6206  accuracy: 41.79% -> 43.28%     
client [5]  (testset)   loss: 4.5786 -> 5.3747  accuracy: 42.33% -> 42.94%     
FedFew's average time taken by each global epoch: 0 min 1.23 sec.              
FedFew's total running time: 0 h 4 m 8 s.                                      
==================== FedFew Experiment Results: ====================           
Display format: (before local fine-tuning) -> (after local fine-tuning)        
 So if finetune_epoch = 0, x.xx% -> 0.00% is normal.                           
 Centralized testing ONLY happens after model aggregation, so the stats between
'->' are the same.                                                             
{                                                                              
    "100": {                                                                   
        "all_clients": {                                                       
            "test": {                                                          
                "loss": "2.9024 -> 0.0000",                                    
                "accuracy": "45.33% -> 0.00%"                                  
            }                                                                  
        }                                                                      
    },                                                                         
    "200": {                                                                   
        "all_clients": {                                                       
            "test": {                                                          
                "loss": "3.7903 -> 0.0000",                                    
                "accuracy": "45.96% -> 0.00%"                                  
            }                                                                  
        }                                                                      
    }                                                                          
}                                                                              
==================== FedFew Max Accuracy ====================                  
all_clients:                                                                   
(test) before fine-tuning: 45.96% at epoch 200                                 
(test) after fine-tuning: 0.00% at epoch 100                                   
