==================== FedFew ====================                               
Experiment Arguments:                                                          
{
    'method': 'fedfew',
    'dataset': {
        'name': 'cifar10',
        'client_num': 100,
        'test_ratio': 0.25,
        'val_ratio': 0.0,
        'seed': 42,
        'split': 'sample',
        'IID_ratio': 0.0,
        'monitor_window_name_suffix': 'cifar10-100clients-0%IID-Dir(0.1)-seed42',
        'alpha': 0.1,
        'min_samples_per_client': 10
    },
    'model': {
        'name': 'avgcnn',
        'use_torchvision_pretrained_weights': True,
        'external_model_weights_path': None
    },
    'optimizer': {
        'lr': 0.01,
        'dampening': 0,
        'weight_decay': 0,
        'momentum': 0.7,
        'nesterov': False,
        'name': 'sgd'
    },
    'mode': 'parallel',
    'parallel': {
        'ray_cluster_addr': None,
        'num_cpus': 32.0,
        'num_gpus': 1.0,
        'num_workers': 2
    },
    'common': {
        'seed': 42,
        'join_ratio': 0.1,
        'global_epoch': 200,
        'local_epoch': 5,
        'batch_size': 32,
        'reset_optimizer_on_global_epoch': True,
        'straggler_ratio': 0,
        'straggler_min_local_epoch': 0,
        'buffers': 'global',
        'client_side_evaluation': True,
        'test': {
            'client': {
                'interval': 100,
                'finetune_epoch': 0,
                'train': False,
                'val': False,
                'test': True
            },
            'server': {
                'interval': -1,
                'train': False,
                'val': False,
                'test': True,
                'model_in_train_mode': False
            }
        },
        'verbose_gap': 10,
        'monitor': None,
        'use_cuda': True,
        'save_log': True,
        'save_model': False,
        'save_learning_curve_plot': True,
        'save_metrics': True,
        'delete_useless_run': True
    },
    'fedprox': {
        'mu': 0.01
    },
    'pfedsim': {
        'warmup_round': 0.5
    },
    'fedfew': {
        'top_k': 9,
        'ig_ratio': 0.995,
        'alpha': 0.5,
        'type': 'all'
    }
}
---------------------------- TRAINING EPOCH: 10 ----------------------------   
client [81] (testset)   loss: 0.1977 -> 0.0641  accuracy: 97.32% -> 97.32%     
client [21] (testset)   loss: 2.6959 -> 0.8726  accuracy: 4.35% -> 47.83%      
client [77] (testset)   loss: 0.5307 -> 0.4478  accuracy: 82.69% -> 85.87%     
client [93] (testset)   loss: 1.0136 -> 0.3739  accuracy: 73.68% -> 78.95%     
client [68] (testset)   loss: 0.4627 -> 0.2793  accuracy: 90.96% -> 93.79%     
client [31] (testset)   loss: 2.4709 -> 0.1820  accuracy: 0.46% -> 94.47%      
client [59] (testset)   loss: 1.1393 -> 0.0743  accuracy: 66.67% -> 100.00%    
client [48] (testset)   loss: 1.1381 -> 0.5535  accuracy: 69.23% -> 84.62%     
client [34] (testset)   loss: 1.9708 -> 0.8491  accuracy: 18.71% -> 63.23%     
client [20] (testset)   loss: 0.5302 -> 0.5439  accuracy: 83.29% -> 81.74%     
---------------------------- TRAINING EPOCH: 20 ----------------------------   
client [99] (testset)   loss: 0.2386 -> 0.0283  accuracy: 100.00% -> 100.00%   
client [67] (testset)   loss: 1.5682 -> 0.3615  accuracy: 40.65% -> 85.81%     
client [69] (testset)   loss: 1.0155 -> 0.9422  accuracy: 56.67% -> 61.21%     
client [0]  (testset)   loss: 0.5131 -> 0.1627  accuracy: 90.42% -> 94.61%     
client [76] (testset)   loss: 0.5861 -> 0.3491  accuracy: 77.48% -> 88.08%     
client [41] (testset)   loss: 0.9255 -> 0.8052  accuracy: 66.67% -> 71.43%     
client [62] (testset)   loss: 2.0282 -> 0.3545  accuracy: 11.76% -> 94.12%     
client [2]  (testset)   loss: 1.8398 -> 0.4416  accuracy: 29.93% -> 86.86%     
client [14] (testset)   loss: 1.7501 -> 0.5647  accuracy: 31.53% -> 77.34%     
client [46] (testset)   loss: 0.9689 -> 0.8884  accuracy: 67.44% -> 61.24%     
---------------------------- TRAINING EPOCH: 30 ----------------------------   
client [24] (testset)   loss: 1.1995 -> 0.3090  accuracy: 63.89% -> 88.89%     
client [68] (testset)   loss: 0.2070 -> 0.2587  accuracy: 93.79% -> 91.53%     
client [57] (testset)   loss: 0.2618 -> 0.4385  accuracy: 92.83% -> 85.65%     
client [17] (testset)   loss: 1.5225 -> 0.8953  accuracy: 48.81% -> 75.60%     
client [54] (testset)   loss: 0.6028 -> 0.6647  accuracy: 76.25% -> 78.75%     
client [23] (testset)   loss: 1.0472 -> 0.0008  accuracy: 75.00% -> 100.00%    
client [35] (testset)   loss: 1.1645 -> 0.7564  accuracy: 50.00% -> 66.67%     
client [59] (testset)   loss: 1.9216 -> 0.0230  accuracy: 0.00% -> 100.00%     
client [31] (testset)   loss: 0.1320 -> 0.1441  accuracy: 95.39% -> 94.01%     
client [9]  (testset)   loss: 1.8976 -> 0.5335  accuracy: 25.64% -> 84.62%     
---------------------------- TRAINING EPOCH: 40 ----------------------------   
client [33] (testset)   loss: 0.5741 -> 0.3996  accuracy: 81.25% -> 85.42%     
client [64] (testset)   loss: 0.2711 -> 0.1925  accuracy: 90.37% -> 94.50%     
client [16] (testset)   loss: 0.9516 -> 1.1586  accuracy: 69.28% -> 64.46%     
client [44] (testset)   loss: 0.5559 -> 0.3216  accuracy: 82.65% -> 90.82%     
client [8]  (testset)   loss: 0.6976 -> 0.8054  accuracy: 70.97% -> 61.29%     
client [47] (testset)   loss: 1.4139 -> 1.3764  accuracy: 43.75% -> 50.00%     
client [36] (testset)   loss: 2.3736 -> 0.6564  accuracy: 21.28% -> 74.47%     
client [31] (testset)   loss: 0.1526 -> 0.1466  accuracy: 95.85% -> 94.93%     
client [56] (testset)   loss: 0.3125 -> 0.3730  accuracy: 90.77% -> 86.15%     
client [20] (testset)   loss: 1.1646 -> 0.7804  accuracy: 82.90% -> 83.94%     
---------------------------- TRAINING EPOCH: 50 ----------------------------   
client [4]  (testset)   loss: 0.0888 -> 0.0743  accuracy: 95.77% -> 95.77%     
client [28] (testset)   loss: 0.5510 -> 0.6674  accuracy: 76.00% -> 80.00%     
client [60] (testset)   loss: 0.4434 -> 0.3294  accuracy: 87.27% -> 90.64%     
client [25] (testset)   loss: 0.6185 -> 0.5787  accuracy: 80.21% -> 80.92%     
client [58] (testset)   loss: 0.4103 -> 0.2761  accuracy: 87.70% -> 91.67%     
client [44] (testset)   loss: 0.2942 -> 0.2898  accuracy: 90.82% -> 90.82%     
client [39] (testset)   loss: 0.6508 -> 0.5302  accuracy: 72.60% -> 82.88%     
client [29] (testset)   loss: 0.1794 -> 0.2452  accuracy: 94.74% -> 92.40%     
client [84] (testset)   loss: 0.6703 -> 0.5207  accuracy: 81.25% -> 81.25%     
client [3]  (testset)   loss: 0.7542 -> 0.7753  accuracy: 75.40% -> 73.26%     
---------------------------- TRAINING EPOCH: 60 ----------------------------   
client [21] (testset)   loss: 1.3454 -> 1.4462  accuracy: 52.17% -> 39.13%     
client [84] (testset)   loss: 0.6062 -> 0.6366  accuracy: 82.81% -> 84.38%     
client [36] (testset)   loss: 0.6719 -> 0.8997  accuracy: 72.34% -> 72.34%     
client [65] (testset)   loss: 0.6448 -> 0.6525  accuracy: 78.57% -> 75.00%     
client [81] (testset)   loss: 0.0450 -> 0.0222  accuracy: 99.11% -> 100.00%    
client [10] (testset)   loss: 0.2144 -> 0.2046  accuracy: 94.80% -> 94.80%     
client [42] (testset)   loss: 0.3890 -> 0.3603  accuracy: 85.60% -> 90.53%     
client [79] (testset)   loss: 0.3002 -> 0.3183  accuracy: 90.50% -> 90.78%     
client [11] (testset)   loss: 0.2812 -> 0.1275  accuracy: 86.36% -> 95.45%     
client [96] (testset)   loss: 1.0918 -> 0.9495  accuracy: 68.18% -> 68.18%     
---------------------------- TRAINING EPOCH: 70 ----------------------------   
client [8]  (testset)   loss: 0.6815 -> 0.9320  accuracy: 67.74% -> 61.29%     
client [52] (testset)   loss: 0.1892 -> 0.2417  accuracy: 98.04% -> 97.06%     
client [53] (testset)   loss: 0.5201 -> 0.6231  accuracy: 83.16% -> 81.12%     
client [42] (testset)   loss: 0.3448 -> 0.3755  accuracy: 87.65% -> 89.71%     
client [59] (testset)   loss: 0.1569 -> 0.1250  accuracy: 100.00% -> 100.00%   
client [69] (testset)   loss: 1.3894 -> 1.5466  accuracy: 60.91% -> 60.61%     
client [26] (testset)   loss: 0.4183 -> 0.6287  accuracy: 92.31% -> 92.31%     
client [7]  (testset)   loss: 0.4826 -> 0.4939  accuracy: 83.09% -> 81.16%     
client [98] (testset)   loss: 0.7290 -> 0.8885  accuracy: 79.62% -> 82.94%     
client [49] (testset)   loss: 0.7326 -> 0.7409  accuracy: 74.92% -> 77.46%     
---------------------------- TRAINING EPOCH: 80 ----------------------------   
client [47] (testset)   loss: 1.4469 -> 1.2412  accuracy: 50.00% -> 50.00%     
client [21] (testset)   loss: 1.0125 -> 1.2413  accuracy: 69.57% -> 47.83%     
client [98] (testset)   loss: 0.7102 -> 0.9262  accuracy: 83.41% -> 81.52%     
client [95] (testset)   loss: 1.1024 -> 1.4034  accuracy: 67.82% -> 59.77%     
client [77] (testset)   loss: 0.4607 -> 0.4835  accuracy: 85.51% -> 86.57%     
client [91] (testset)   loss: 0.4878 -> 0.5961  accuracy: 86.76% -> 88.24%     
client [99] (testset)   loss: 0.0990 -> 0.0162  accuracy: 97.47% -> 100.00%    
client [14] (testset)   loss: 0.5055 -> 0.6615  accuracy: 80.79% -> 79.80%     
client [39] (testset)   loss: 0.5581 -> 0.7007  accuracy: 80.14% -> 84.25%     
client [20] (testset)   loss: 0.7377 -> 0.7664  accuracy: 84.46% -> 84.33%     
---------------------------- TRAINING EPOCH: 90 ----------------------------   
client [62] (testset)   loss: 0.4854 -> 0.6512  accuracy: 94.12% -> 94.12%     
client [52] (testset)   loss: 0.2050 -> 0.2414  accuracy: 97.06% -> 98.04%     
client [97] (testset)   loss: 0.9012 -> 0.9356  accuracy: 75.61% -> 81.71%     
client [71] (testset)   loss: 0.6315 -> 0.7168  accuracy: 80.11% -> 84.95%     
client [30] (testset)   loss: 1.1471 -> 1.3020  accuracy: 76.34% -> 72.04%     
client [60] (testset)   loss: 0.3863 -> 0.3929  accuracy: 87.64% -> 91.01%     
client [88] (testset)   loss: 0.5587 -> 0.4806  accuracy: 80.53% -> 86.58%     
client [91] (testset)   loss: 0.7186 -> 0.6085  accuracy: 82.35% -> 88.24%     
client [82] (testset)   loss: 0.1666 -> 0.2067  accuracy: 96.59% -> 96.59%     
client [57] (testset)   loss: 0.2026 -> 0.1882  accuracy: 94.51% -> 93.25%     
---------------------------- TRAINING EPOCH: 100 ----------------------------  
client [31] (testset)   loss: 0.1614 -> 0.1576  accuracy: 95.85% -> 94.01%     
client [15] (testset)   loss: 0.4438 -> 0.5145  accuracy: 86.72% -> 86.33%     
client [97] (testset)   loss: 1.0439 -> 1.1323  accuracy: 81.71% -> 85.37%     
client [71] (testset)   loss: 0.6155 -> 0.7496  accuracy: 84.41% -> 84.41%     
client [53] (testset)   loss: 0.5798 -> 0.6839  accuracy: 83.67% -> 79.59%     
client [77] (testset)   loss: 0.3774 -> 0.5068  accuracy: 87.28% -> 86.93%     
client [76] (testset)   loss: 0.3761 -> 0.2803  accuracy: 87.42% -> 90.73%     
client [28] (testset)   loss: 0.5787 -> 0.6823  accuracy: 80.00% -> 72.00%     
client [99] (testset)   loss: 0.0930 -> 0.0079  accuracy: 97.47% -> 100.00%    
client [79] (testset)   loss: 0.2800 -> 0.3330  accuracy: 92.46% -> 91.62%     
---------------------------- TRAINING EPOCH: 110 ----------------------------  
client [97] (testset)   loss: 0.8519 -> 1.1123  accuracy: 81.71% -> 81.71%     
client [86] (testset)   loss: 0.4611 -> 0.4777  accuracy: 85.53% -> 82.89%     
client [73] (testset)   loss: 0.6733 -> 0.7394  accuracy: 75.76% -> 78.79%     
client [34] (testset)   loss: 0.8976 -> 1.1624  accuracy: 70.32% -> 70.32%     
client [96] (testset)   loss: 0.9796 -> 1.0441  accuracy: 70.45% -> 75.00%     
client [22] (testset)   loss: 0.4772 -> 0.6258  accuracy: 86.47% -> 84.96%     
client [5]  (testset)   loss: 0.6541 -> 0.7994  accuracy: 82.99% -> 81.70%     
client [66] (testset)   loss: 0.4654 -> 0.6341  accuracy: 85.29% -> 82.35%     
client [60] (testset)   loss: 0.3331 -> 0.4217  accuracy: 91.39% -> 91.01%     
client [83] (testset)   loss: 0.8367 -> 0.8576  accuracy: 78.99% -> 79.55%     
---------------------------- TRAINING EPOCH: 120 ----------------------------  
client [65] (testset)   loss: 0.6457 -> 0.5769  accuracy: 78.57% -> 75.00%     
client [95] (testset)   loss: 1.0573 -> 1.5283  accuracy: 67.82% -> 66.67%     
client [76] (testset)   loss: 0.3406 -> 0.2781  accuracy: 88.08% -> 90.73%     
client [8]  (testset)   loss: 0.7753 -> 1.0018  accuracy: 70.97% -> 67.74%     
client [35] (testset)   loss: 1.1025 -> 0.8864  accuracy: 66.67% -> 66.67%     
client [17] (testset)   loss: 0.7862 -> 1.0909  accuracy: 79.17% -> 77.98%     
client [98] (testset)   loss: 0.8806 -> 1.0129  accuracy: 77.73% -> 81.04%     
client [43] (testset)   loss: 0.2142 -> 0.1936  accuracy: 90.91% -> 90.91%     
client [53] (testset)   loss: 0.6199 -> 0.7176  accuracy: 85.71% -> 80.61%     
client [64] (testset)   loss: 0.1669 -> 0.2543  accuracy: 94.95% -> 94.50%     
---------------------------- TRAINING EPOCH: 130 ----------------------------  
client [21] (testset)   loss: 1.2385 -> 1.1436  accuracy: 52.17% -> 60.87%     
client [38] (testset)   loss: 0.1987 -> 0.1000  accuracy: 94.23% -> 95.19%     
client [3]  (testset)   loss: 0.7405 -> 0.9824  accuracy: 75.94% -> 72.73%     
client [88] (testset)   loss: 0.4495 -> 0.5403  accuracy: 87.63% -> 88.42%     
client [41] (testset)   loss: 0.6679 -> 0.8317  accuracy: 74.60% -> 77.78%     
client [7]  (testset)   loss: 0.5007 -> 0.4920  accuracy: 83.09% -> 84.06%     
client [37] (testset)   loss: 0.8260 -> 1.0957  accuracy: 66.67% -> 66.67%     
client [45] (testset)   loss: 1.0898 -> 1.3528  accuracy: 54.55% -> 63.64%     
client [5]  (testset)   loss: 0.8812 -> 0.9235  accuracy: 80.93% -> 81.70%     
client [47] (testset)   loss: 1.4844 -> 1.6474  accuracy: 43.75% -> 43.75%     
---------------------------- TRAINING EPOCH: 140 ----------------------------  
client [11] (testset)   loss: 0.2352 -> 0.1596  accuracy: 90.91% -> 95.45%     
client [37] (testset)   loss: 0.8525 -> 1.0570  accuracy: 66.67% -> 66.67%     
client [41] (testset)   loss: 0.7384 -> 0.8429  accuracy: 74.60% -> 74.60%     
client [16] (testset)   loss: 1.0158 -> 1.0811  accuracy: 74.10% -> 73.49%     
client [95] (testset)   loss: 1.1599 -> 1.5508  accuracy: 63.22% -> 64.37%     
client [53] (testset)   loss: 0.4811 -> 0.6046  accuracy: 83.67% -> 82.14%     
client [22] (testset)   loss: 0.4919 -> 0.6531  accuracy: 87.22% -> 84.96%     
client [25] (testset)   loss: 0.6357 -> 0.8072  accuracy: 78.45% -> 80.92%     
client [69] (testset)   loss: 1.7900 -> 1.7696  accuracy: 63.94% -> 62.42%     
client [46] (testset)   loss: 0.7775 -> 0.6448  accuracy: 79.07% -> 83.72%     
---------------------------- TRAINING EPOCH: 150 ----------------------------  
client [47] (testset)   loss: 1.7425 -> 1.9177  accuracy: 43.75% -> 50.00%     
client [82] (testset)   loss: 0.1721 -> 0.2407  accuracy: 96.59% -> 96.59%     
client [45] (testset)   loss: 0.8075 -> 0.9273  accuracy: 63.64% -> 63.64%     
client [69] (testset)   loss: 1.8511 -> 1.9829  accuracy: 60.00% -> 61.82%     
client [50] (testset)   loss: 0.6845 -> 0.5809  accuracy: 71.43% -> 71.43%     
client [35] (testset)   loss: 1.2371 -> 1.1496  accuracy: 66.67% -> 66.67%     
client [7]  (testset)   loss: 0.6222 -> 0.6213  accuracy: 83.57% -> 85.51%     
client [24] (testset)   loss: 0.2927 -> 0.5466  accuracy: 91.67% -> 86.11%     
client [15] (testset)   loss: 0.4572 -> 0.5778  accuracy: 86.72% -> 85.94%     
client [58] (testset)   loss: 0.2540 -> 0.2666  accuracy: 95.24% -> 93.65%     
---------------------------- TRAINING EPOCH: 160 ----------------------------  
client [48] (testset)   loss: 1.0308 -> 1.0902  accuracy: 69.23% -> 69.23%     
client [76] (testset)   loss: 0.3637 -> 0.2563  accuracy: 88.74% -> 92.05%     
client [37] (testset)   loss: 0.9911 -> 1.0184  accuracy: 66.67% -> 66.67%     
client [67] (testset)   loss: 0.3860 -> 0.2594  accuracy: 85.81% -> 90.32%     
client [64] (testset)   loss: 0.1930 -> 0.2844  accuracy: 95.41% -> 95.41%     
client [58] (testset)   loss: 0.2544 -> 0.2868  accuracy: 94.05% -> 94.05%     
client [77] (testset)   loss: 0.4628 -> 0.5805  accuracy: 87.99% -> 86.57%     
client [12] (testset)   loss: 0.7186 -> 0.8127  accuracy: 82.93% -> 82.93%     
client [89] (testset)   loss: 0.4386 -> 0.4737  accuracy: 96.08% -> 96.08%     
client [55] (testset)   loss: 0.6438 -> 0.6438  accuracy: 85.71% -> 85.02%     
---------------------------- TRAINING EPOCH: 170 ----------------------------  
client [51] (testset)   loss: 0.0875 -> 0.1485  accuracy: 100.00% -> 100.00%   
client [84] (testset)   loss: 0.7485 -> 0.8496  accuracy: 82.81% -> 85.94%     
client [8]  (testset)   loss: 0.7520 -> 1.0315  accuracy: 61.29% -> 61.29%     
client [94] (testset)   loss: 0.6974 -> 0.6231  accuracy: 76.92% -> 81.54%     
client [18] (testset)   loss: 0.7928 -> 0.9737  accuracy: 83.23% -> 83.23%     
client [81] (testset)   loss: 0.0182 -> 0.0164  accuracy: 99.11% -> 100.00%    
client [11] (testset)   loss: 0.2472 -> 0.2122  accuracy: 86.36% -> 90.91%     
client [3]  (testset)   loss: 0.8395 -> 0.9472  accuracy: 77.01% -> 74.33%     
client [95] (testset)   loss: 1.6421 -> 1.6781  accuracy: 64.37% -> 65.52%     
client [67] (testset)   loss: 0.3568 -> 0.2423  accuracy: 85.16% -> 89.03%     
---------------------------- TRAINING EPOCH: 180 ----------------------------  
client [21] (testset)   loss: 1.0967 -> 1.4767  accuracy: 60.87% -> 39.13%     
client [58] (testset)   loss: 0.3364 -> 0.3328  accuracy: 93.65% -> 93.65%     
client [79] (testset)   loss: 0.3548 -> 0.3416  accuracy: 90.78% -> 91.90%     
client [46] (testset)   loss: 1.0100 -> 0.6814  accuracy: 75.19% -> 81.40%     
client [11] (testset)   loss: 0.2257 -> 0.1411  accuracy: 86.36% -> 90.91%     
client [88] (testset)   loss: 0.5729 -> 0.6327  accuracy: 89.21% -> 88.68%     
client [13] (testset)   loss: 0.5995 -> 0.7432  accuracy: 85.00% -> 82.22%     
client [31] (testset)   loss: 0.1672 -> 0.1733  accuracy: 94.47% -> 94.01%     
client [55] (testset)   loss: 0.7264 -> 0.7512  accuracy: 85.99% -> 85.85%     
client [75] (testset)   loss: 0.4690 -> 0.4882  accuracy: 89.85% -> 90.06%     
---------------------------- TRAINING EPOCH: 190 ----------------------------  
client [19] (testset)   loss: 0.5009 -> 0.5219  accuracy: 94.69% -> 93.81%     
client [7]  (testset)   loss: 0.5614 -> 0.6465  accuracy: 84.06% -> 84.54%     
client [57] (testset)   loss: 0.2086 -> 0.2239  accuracy: 93.67% -> 93.67%     
client [13] (testset)   loss: 0.5488 -> 0.6291  accuracy: 83.33% -> 81.11%     
client [43] (testset)   loss: 0.2095 -> 0.1473  accuracy: 90.91% -> 90.91%     
client [91] (testset)   loss: 0.6023 -> 0.6853  accuracy: 86.76% -> 88.24%     
client [64] (testset)   loss: 0.2039 -> 0.2912  accuracy: 95.41% -> 94.50%     
client [10] (testset)   loss: 0.2191 -> 0.2390  accuracy: 96.82% -> 96.24%     
client [82] (testset)   loss: 0.2389 -> 0.2711  accuracy: 96.59% -> 96.59%     
client [22] (testset)   loss: 0.5380 -> 0.6593  accuracy: 86.47% -> 84.96%     
---------------------------- TRAINING EPOCH: 200 ----------------------------  
client [23] (testset)   loss: 0.0314 -> 0.0203  accuracy: 100.00% -> 100.00%   
client [88] (testset)   loss: 0.5126 -> 0.5592  accuracy: 88.16% -> 89.47%     
client [98] (testset)   loss: 0.9432 -> 1.0434  accuracy: 80.09% -> 83.89%     
client [20] (testset)   loss: 0.9333 -> 0.9533  accuracy: 84.84% -> 85.36%     
client [21] (testset)   loss: 1.3408 -> 2.2294  accuracy: 43.48% -> 34.78%     
client [92] (testset)   loss: 0.1859 -> 0.2389  accuracy: 93.60% -> 93.10%     
client [79] (testset)   loss: 0.3716 -> 0.3894  accuracy: 90.78% -> 91.06%     
client [56] (testset)   loss: 0.2700 -> 0.3350  accuracy: 87.69% -> 89.23%     
client [52] (testset)   loss: 0.2477 -> 0.2683  accuracy: 97.06% -> 97.06%     
client [5]  (testset)   loss: 0.9749 -> 0.9978  accuracy: 82.73% -> 82.73%     
FedFew's average time taken by each global epoch: 0 min 2.55 sec.              
FedFew's total running time: 0 h 8 m 35 s.                                     
==================== FedFew Experiment Results: ====================           
Display format: (before local fine-tuning) -> (after local fine-tuning)        
 So if finetune_epoch = 0, x.xx% -> 0.00% is normal.                           
 Centralized testing ONLY happens after model aggregation, so the stats between
'->' are the same.                                                             
{                                                                              
    "100": {                                                                   
        "all_clients": {                                                       
            "test": {                                                          
                "loss": "0.5478 -> 0.0000",                                    
                "accuracy": "84.78% -> 0.00%"                                  
            }                                                                  
        }                                                                      
    },                                                                         
    "200": {                                                                   
        "all_clients": {                                                       
            "test": {                                                          
                "loss": "0.6977 -> 0.0000",                                    
                "accuracy": "85.49% -> 0.00%"                                  
            }                                                                  
        }                                                                      
    }                                                                          
}                                                                              
==================== FedFew Max Accuracy ====================                  
all_clients:                                                                   
(test) before fine-tuning: 85.49% at epoch 200                                 
(test) after fine-tuning: 0.00% at epoch 100                                   
