==================== FedDpa ====================                               
Experiment Arguments:                                                          
{
    'method': 'feddpa',
    'dataset': {
        'name': 'medmnistA',
        'client_num': 100,
        'test_ratio': 0.25,
        'val_ratio': 0.0,
        'seed': 42,
        'split': 'sample',
        'IID_ratio': 0.0,
        'monitor_window_name_suffix': 'medmnistA-100clients-0%IID-Dir(0.1)-seed42',
        'alpha': 0.1,
        'min_samples_per_client': 10
    },
    'model': {
        'name': 'avgcnn',
        'use_torchvision_pretrained_weights': True,
        'external_model_weights_path': None
    },
    'optimizer': {
        'lr': 0.01,
        'dampening': 0,
        'weight_decay': 0,
        'momentum': 0.7,
        'nesterov': False,
        'name': 'sgd'
    },
    'mode': 'serial',
    'parallel': {
        'ray_cluster_addr': None,
        'num_cpus': None,
        'num_gpus': None,
        'num_workers': 2
    },
    'common': {
        'seed': 42,
        'join_ratio': 0.1,
        'global_epoch': 200,
        'local_epoch': 5,
        'batch_size': 32,
        'reset_optimizer_on_global_epoch': True,
        'straggler_ratio': 0,
        'straggler_min_local_epoch': 0,
        'buffers': 'global',
        'client_side_evaluation': True,
        'test': {
            'client': {
                'interval': 100,
                'finetune_epoch': 0,
                'train': False,
                'val': False,
                'test': True
            },
            'server': {
                'interval': -1,
                'train': False,
                'val': False,
                'test': True,
                'model_in_train_mode': False
            }
        },
        'verbose_gap': 10,
        'monitor': None,
        'use_cuda': True,
        'save_log': True,
        'save_model': False,
        'save_learning_curve_plot': True,
        'save_metrics': True,
        'delete_useless_run': True
    },
    'fedprox': {
        'mu': 0.01
    },
    'pfedsim': {
        'warmup_round': 0.5
    },
    'feddpa': {
        'fisher_threshold': 0.9
    }
}
---------------------------- TRAINING EPOCH: 10 ----------------------------   
client [77] (testset)   loss: 1.7438 -> 1.2255  accuracy: 58.33% -> 58.33%     
client [81] (testset)   loss: 1.3981 -> 0.8478  accuracy: 54.74% -> 43.60%     
client [21] (testset)   loss: 3.3084 -> 0.8824  accuracy: 1.59% -> 53.44%      
client [68] (testset)   loss: 1.5681 -> 0.0019  accuracy: 0.00% -> 100.00%     
client [93] (testset)   loss: 2.7030 -> 0.6425  accuracy: 0.00% -> 88.89%      
client [31] (testset)   loss: 2.9203 -> 1.4939  accuracy: 0.00% -> 55.00%      
client [20] (testset)   loss: 0.6159 -> 0.5925  accuracy: 88.08% -> 88.08%     
client [59] (testset)   loss: 2.2620 -> 1.0976  accuracy: 0.00% -> 52.00%      
client [48] (testset)   loss: 1.0472 -> 0.8342  accuracy: 74.14% -> 74.14%     
client [34] (testset)   loss: 1.5931 -> 1.3608  accuracy: 37.04% -> 37.04%     
---------------------------- TRAINING EPOCH: 20 ----------------------------   
client [69] (testset)   loss: 1.9785 -> 1.0716  accuracy: 63.83% -> 63.83%     
client [99] (testset)   loss: 1.4761 -> 1.1834  accuracy: 63.53% -> 63.53%     
client [67] (testset)   loss: 1.3125 -> 1.1325  accuracy: 55.29% -> 55.29%     
client [0]  (testset)   loss: 0.9475 -> 0.9317  accuracy: 60.35% -> 60.35%     
client [76] (testset)   loss: 1.4530 -> 1.2982  accuracy: 52.13% -> 52.13%     
client [41] (testset)   loss: 1.4245 -> 0.8468  accuracy: 59.15% -> 59.15%     
client [62] (testset)   loss: 2.2355 -> 0.9723  accuracy: 10.00% -> 65.00%     
client [2]  (testset)   loss: 2.5148 -> 1.6502  accuracy: 0.00% -> 37.14%      
client [14] (testset)   loss: 0.2065 -> 0.1639  accuracy: 97.22% -> 97.22%     
client [46] (testset)   loss: 1.0164 -> 0.9078  accuracy: 59.30% -> 36.63%     
---------------------------- TRAINING EPOCH: 30 ----------------------------   
client [24] (testset)   loss: 0.1948 -> 0.1584  accuracy: 96.84% -> 96.84%     
client [68] (testset)   loss: 0.5064 -> 0.0112  accuracy: 100.00% -> 100.00%   
client [57] (testset)   loss: 1.3090 -> 0.5769  accuracy: 79.69% -> 79.69%     
client [17] (testset)   loss: 1.8130 -> 1.5041  accuracy: 38.46% -> 38.46%     
client [54] (testset)   loss: 2.5742 -> 0.6225  accuracy: 0.00% -> 80.00%      
client [23] (testset)   loss: 2.3100 -> 0.9582  accuracy: 36.67% -> 56.67%     
client [35] (testset)   loss: 1.2292 -> 1.1771  accuracy: 46.30% -> 46.30%     
client [59] (testset)   loss: 1.4848 -> 0.9309  accuracy: 52.00% -> 52.00%     
client [31] (testset)   loss: 2.2907 -> 1.4598  accuracy: 15.00% -> 55.00%     
client [9]  (testset)   loss: 1.1641 -> 0.7076  accuracy: 9.27% -> 83.44%      
---------------------------- TRAINING EPOCH: 40 ----------------------------   
client [64] (testset)   loss: 1.0448 -> 0.7246  accuracy: 66.67% -> 66.67%     
client [33] (testset)   loss: 0.8211 -> 0.7072  accuracy: 75.00% -> 75.00%     
client [16] (testset)   loss: 0.5244 -> 0.3096  accuracy: 92.63% -> 92.63%     
client [44] (testset)   loss: 1.7771 -> 1.5749  accuracy: 7.69% -> 61.54%      
client [8]  (testset)   loss: 2.1458 -> 1.7745  accuracy: 40.91% -> 40.91%     
client [31] (testset)   loss: 2.8623 -> 1.6061  accuracy: 10.00% -> 55.00%     
client [47] (testset)   loss: 2.1188 -> 1.0384  accuracy: 11.81% -> 39.76%     
client [36] (testset)   loss: 1.7332 -> 1.4020  accuracy: 30.00% -> 37.50%     
client [20] (testset)   loss: 1.6200 -> 0.5674  accuracy: 2.07% -> 88.08%      
client [56] (testset)   loss: 1.8534 -> 1.7032  accuracy: 16.39% -> 16.39%     
---------------------------- TRAINING EPOCH: 50 ----------------------------   
client [4]  (testset)   loss: 0.8527 -> 0.9381  accuracy: 76.74% -> 76.74%     
client [60] (testset)   loss: 0.2979 -> 0.1778  accuracy: 96.62% -> 96.62%     
client [28] (testset)   loss: 1.3936 -> 0.9760  accuracy: 73.37% -> 73.37%     
client [25] (testset)   loss: 1.3791 -> 0.8228  accuracy: 23.81% -> 73.02%     
client [58] (testset)   loss: 1.6008 -> 0.2311  accuracy: 94.34% -> 94.34%     
client [44] (testset)   loss: 1.3518 -> 1.7996  accuracy: 61.54% -> 61.54%     
client [39] (testset)   loss: 1.7716 -> 1.6007  accuracy: 43.40% -> 43.40%     
client [29] (testset)   loss: 2.2935 -> 0.9494  accuracy: 10.05% -> 73.87%     
client [3]  (testset)   loss: 1.3978 -> 0.8175  accuracy: 63.64% -> 36.36%     
client [84] (testset)   loss: 1.2238 -> 0.8095  accuracy: 56.96% -> 56.96%     
---------------------------- TRAINING EPOCH: 60 ----------------------------   
client [21] (testset)   loss: 2.0530 -> 0.8768  accuracy: 0.00% -> 53.44%      
client [84] (testset)   loss: 1.2554 -> 0.8055  accuracy: 56.96% -> 56.96%     
client [10] (testset)   loss: 1.7564 -> 0.9719  accuracy: 39.61% -> 39.61%     
client [36] (testset)   loss: 1.7435 -> 1.4278  accuracy: 30.00% -> 30.00%     
client [65] (testset)   loss: 1.9808 -> 0.6301  accuracy: 0.00% -> 83.56%      
client [81] (testset)   loss: 1.0540 -> 0.7881  accuracy: 43.60% -> 54.74%     
client [79] (testset)   loss: 1.7889 -> 0.9886  accuracy: 77.78% -> 77.78%     
client [42] (testset)   loss: 1.9179 -> 1.1200  accuracy: 6.67% -> 58.33%      
client [11] (testset)   loss: 2.0007 -> 1.1634  accuracy: 0.00% -> 50.88%      
client [96] (testset)   loss: 1.7043 -> 1.2042  accuracy: 55.39% -> 55.39%     
---------------------------- TRAINING EPOCH: 70 ----------------------------   
client [8]  (testset)   loss: 1.9192 -> 1.7403  accuracy: 40.91% -> 40.91%     
client [53] (testset)   loss: 0.5825 -> 0.2363  accuracy: 94.85% -> 94.85%     
client [52] (testset)   loss: 1.1411 -> 0.8783  accuracy: 75.22% -> 75.22%     
client [42] (testset)   loss: 1.9247 -> 1.1118  accuracy: 30.00% -> 58.33%     
client [69] (testset)   loss: 1.3779 -> 1.1477  accuracy: 63.83% -> 63.83%     
client [59] (testset)   loss: 1.4900 -> 0.9385  accuracy: 42.00% -> 52.00%     
client [7]  (testset)   loss: 0.5479 -> 0.4753  accuracy: 88.85% -> 88.85%     
client [26] (testset)   loss: 1.8299 -> 1.2757  accuracy: 4.21% -> 50.53%      
client [49] (testset)   loss: 1.3447 -> 0.7777  accuracy: 79.77% -> 79.77%     
client [98] (testset)   loss: 1.7198 -> 0.9572  accuracy: 74.68% -> 74.68%     
---------------------------- TRAINING EPOCH: 80 ----------------------------   
client [98] (testset)   loss: 1.0555 -> 0.9490  accuracy: 74.68% -> 74.68%     
client [47] (testset)   loss: 2.2959 -> 1.0214  accuracy: 39.76% -> 48.19%     
client [21] (testset)   loss: 1.6768 -> 0.8946  accuracy: 42.06% -> 53.44%     
client [77] (testset)   loss: 1.9770 -> 1.3269  accuracy: 58.33% -> 58.33%     
client [95] (testset)   loss: 0.2962 -> 0.2755  accuracy: 94.83% -> 94.83%     
client [91] (testset)   loss: 1.3508 -> 0.6365  accuracy: 88.24% -> 88.24%     
client [14] (testset)   loss: 0.1699 -> 0.1756  accuracy: 97.22% -> 97.22%     
client [99] (testset)   loss: 1.3685 -> 1.1915  accuracy: 63.53% -> 63.53%     
client [20] (testset)   loss: 1.6445 -> 0.6029  accuracy: 2.07% -> 88.08%      
client [39] (testset)   loss: 2.1384 -> 1.5723  accuracy: 9.43% -> 43.40%      
---------------------------- TRAINING EPOCH: 90 ----------------------------   
client [52] (testset)   loss: 1.0650 -> 0.8613  accuracy: 75.22% -> 75.22%     
client [62] (testset)   loss: 1.1102 -> 0.8992  accuracy: 65.00% -> 65.00%     
client [71] (testset)   loss: 1.4117 -> 1.2865  accuracy: 25.00% -> 50.00%     
client [97] (testset)   loss: 1.3799 -> 1.3519  accuracy: 24.07% -> 47.72%     
client [30] (testset)   loss: 0.9062 -> 0.9022  accuracy: 41.43% -> 54.29%     
client [88] (testset)   loss: 1.4614 -> 1.1470  accuracy: 67.57% -> 67.57%     
client [60] (testset)   loss: 0.5356 -> 0.1885  accuracy: 96.62% -> 96.62%     
client [82] (testset)   loss: 1.9537 -> 1.6885  accuracy: 11.63% -> 46.51%     
client [91] (testset)   loss: 1.3130 -> 0.6967  accuracy: 5.88% -> 88.24%      
client [57] (testset)   loss: 1.0728 -> 0.5571  accuracy: 79.69% -> 79.69%     
---------------------------- TRAINING EPOCH: 100 ----------------------------  
client [31] (testset)   loss: 1.7820 -> 1.4670  accuracy: 55.00% -> 55.00%     
client [15] (testset)   loss: 0.9844 -> 0.8329  accuracy: 76.47% -> 76.47%     
client [71] (testset)   loss: 1.6074 -> 1.2734  accuracy: 50.00% -> 50.00%     
client [97] (testset)   loss: 1.3448 -> 1.3316  accuracy: 47.72% -> 47.72%     
client [53] (testset)   loss: 0.6818 -> 0.2360  accuracy: 94.85% -> 94.85%     
client [77] (testset)   loss: 1.0073 -> 1.0510  accuracy: 58.33% -> 58.33%     
client [76] (testset)   loss: 1.4397 -> 1.2820  accuracy: 52.13% -> 52.13%     
client [79] (testset)   loss: 1.5984 -> 1.1296  accuracy: 77.78% -> 77.78%     
client [28] (testset)   loss: 1.4579 -> 0.9511  accuracy: 73.37% -> 73.37%     
client [99] (testset)   loss: 1.2367 -> 1.1702  accuracy: 63.53% -> 63.53%     
---------------------------- TRAINING EPOCH: 110 ----------------------------  
client [97] (testset)   loss: 1.5479 -> 1.3755  accuracy: 47.72% -> 47.72%     
client [86] (testset)   loss: 0.6782 -> 0.5075  accuracy: 84.66% -> 84.66%     
client [34] (testset)   loss: 1.8166 -> 1.3611  accuracy: 16.05% -> 37.04%     
client [73] (testset)   loss: 2.0309 -> 0.8166  accuracy: 40.00% -> 40.00%     
client [5]  (testset)   loss: 1.8063 -> 1.4474  accuracy: 43.96% -> 43.96%     
client [96] (testset)   loss: 1.8865 -> 1.2407  accuracy: 21.98% -> 55.39%     
client [22] (testset)   loss: 0.5401 -> 0.4146  accuracy: 89.95% -> 89.95%     
client [60] (testset)   loss: 0.3482 -> 0.2268  accuracy: 96.62% -> 96.62%     
client [66] (testset)   loss: 1.4673 -> 1.1157  accuracy: 50.78% -> 50.78%     
client [83] (testset)   loss: 0.6634 -> 0.6083  accuracy: 85.00% -> 85.00%     
---------------------------- TRAINING EPOCH: 120 ----------------------------  
client [76] (testset)   loss: 1.6385 -> 1.3001  accuracy: 52.13% -> 52.13%     
client [65] (testset)   loss: 0.6736 -> 0.5678  accuracy: 83.56% -> 83.56%     
client [95] (testset)   loss: 0.3561 -> 0.5242  accuracy: 94.83% -> 94.83%     
client [17] (testset)   loss: 1.8280 -> 1.5524  accuracy: 21.54% -> 27.69%     
client [8]  (testset)   loss: 1.9994 -> 1.7300  accuracy: 40.91% -> 40.91%     
client [35] (testset)   loss: 1.9857 -> 1.2165  accuracy: 32.87% -> 46.30%     
client [98] (testset)   loss: 1.0789 -> 0.9588  accuracy: 74.68% -> 74.68%     
client [53] (testset)   loss: 0.3869 -> 0.2313  accuracy: 94.85% -> 94.85%     
client [43] (testset)   loss: 0.4023 -> 0.3284  accuracy: 93.29% -> 93.29%     
client [64] (testset)   loss: 0.9989 -> 0.8331  accuracy: 66.67% -> 66.67%     
---------------------------- TRAINING EPOCH: 130 ----------------------------  
client [21] (testset)   loss: 1.6322 -> 0.9128  accuracy: 42.06% -> 53.44%     
client [88] (testset)   loss: 2.1845 -> 1.1408  accuracy: 0.00% -> 67.57%      
client [38] (testset)   loss: 1.9022 -> 1.1207  accuracy: 4.76% -> 66.67%      
client [3]  (testset)   loss: 0.9874 -> 1.2442  accuracy: 63.64% -> 36.36%     
client [5]  (testset)   loss: 1.4990 -> 1.4858  accuracy: 43.96% -> 43.96%     
client [41] (testset)   loss: 1.8246 -> 0.8579  accuracy: 36.62% -> 59.15%     
client [7]  (testset)   loss: 0.6454 -> 0.4777  accuracy: 88.85% -> 88.85%     
client [37] (testset)   loss: 0.9065 -> 0.4853  accuracy: 87.45% -> 87.45%     
client [45] (testset)   loss: 2.6897 -> 1.5682  accuracy: 22.00% -> 44.00%     
client [47] (testset)   loss: 1.6834 -> 1.0002  accuracy: 39.76% -> 39.76%     
---------------------------- TRAINING EPOCH: 140 ----------------------------  
client [16] (testset)   loss: 0.6665 -> 0.2979  accuracy: 92.63% -> 92.63%     
client [11] (testset)   loss: 1.4251 -> 1.1775  accuracy: 50.88% -> 50.88%     
client [37] (testset)   loss: 0.6586 -> 0.4981  accuracy: 87.45% -> 87.45%     
client [41] (testset)   loss: 0.9743 -> 0.8514  accuracy: 59.15% -> 59.15%     
client [95] (testset)   loss: 0.3108 -> 0.2841  accuracy: 94.83% -> 94.83%     
client [53] (testset)   loss: 0.8517 -> 0.2375  accuracy: 94.85% -> 94.85%     
client [22] (testset)   loss: 0.5071 -> 0.4112  accuracy: 89.95% -> 89.95%     
client [25] (testset)   loss: 0.8937 -> 0.7406  accuracy: 73.02% -> 73.02%     
client [69] (testset)   loss: 1.0940 -> 1.0308  accuracy: 63.83% -> 63.83%     
client [46] (testset)   loss: 1.2601 -> 0.8481  accuracy: 59.30% -> 59.30%     
---------------------------- TRAINING EPOCH: 150 ----------------------------  
client [47] (testset)   loss: 1.1062 -> 0.9977  accuracy: 48.19% -> 48.19%     
client [69] (testset)   loss: 1.2760 -> 1.0360  accuracy: 63.83% -> 63.83%     
client [82] (testset)   loss: 2.0940 -> 1.5844  accuracy: 2.33% -> 46.51%      
client [45] (testset)   loss: 1.7045 -> 1.5911  accuracy: 44.00% -> 44.00%     
client [7]  (testset)   loss: 0.5553 -> 0.4845  accuracy: 88.85% -> 88.85%     
client [50] (testset)   loss: 2.0824 -> 0.6901  accuracy: 0.00% -> 79.27%      
client [35] (testset)   loss: 1.2144 -> 1.1732  accuracy: 46.30% -> 46.30%     
client [24] (testset)   loss: 0.9983 -> 0.1593  accuracy: 96.84% -> 96.84%     
client [15] (testset)   loss: 1.7917 -> 0.8461  accuracy: 0.00% -> 76.47%      
client [58] (testset)   loss: 0.5683 -> 0.2303  accuracy: 94.34% -> 94.34%     
---------------------------- TRAINING EPOCH: 160 ----------------------------  
client [48] (testset)   loss: 0.8810 -> 0.7368  accuracy: 74.14% -> 74.14%     
client [76] (testset)   loss: 1.3352 -> 1.3040  accuracy: 52.13% -> 52.13%     
client [67] (testset)   loss: 1.3477 -> 1.2051  accuracy: 55.29% -> 55.29%     
client [37] (testset)   loss: 0.5384 -> 0.4746  accuracy: 87.45% -> 87.45%     
client [58] (testset)   loss: 0.4228 -> 0.2459  accuracy: 94.34% -> 94.34%     
client [64] (testset)   loss: 0.7868 -> 0.6631  accuracy: 66.67% -> 66.67%     
client [77] (testset)   loss: 1.3707 -> 0.9701  accuracy: 58.33% -> 58.33%     
client [55] (testset)   loss: 1.6601 -> 1.7595  accuracy: 50.00% -> 50.00%     
client [12] (testset)   loss: 0.5718 -> 0.5298  accuracy: 86.14% -> 86.14%     
client [89] (testset)   loss: 1.8705 -> 1.9716  accuracy: 18.75% -> 18.75%     
---------------------------- TRAINING EPOCH: 170 ----------------------------  
client [84] (testset)   loss: 1.3233 -> 0.8927  accuracy: 40.51% -> 40.51%     
client [51] (testset)   loss: 1.2472 -> 0.8617  accuracy: 30.56% -> 66.67%     
client [8]  (testset)   loss: 1.9649 -> 1.8175  accuracy: 40.91% -> 40.91%     
client [18] (testset)   loss: 1.8719 -> 0.9310  accuracy: 65.38% -> 65.38%     
client [94] (testset)   loss: 1.5137 -> 1.3898  accuracy: 50.00% -> 50.00%     
client [81] (testset)   loss: 0.8369 -> 0.8395  accuracy: 54.74% -> 54.74%     
client [3]  (testset)   loss: 0.8465 -> 1.3223  accuracy: 63.64% -> 36.36%     
client [11] (testset)   loss: 1.3131 -> 1.1755  accuracy: 50.88% -> 50.88%     
client [95] (testset)   loss: 0.4040 -> 0.3655  accuracy: 94.83% -> 94.83%     
client [67] (testset)   loss: 1.4833 -> 1.2182  accuracy: 55.29% -> 55.29%     
---------------------------- TRAINING EPOCH: 180 ----------------------------  
client [21] (testset)   loss: 1.0496 -> 0.8987  accuracy: 53.44% -> 53.44%     
client [79] (testset)   loss: 1.2346 -> 1.2294  accuracy: 77.78% -> 77.78%     
client [58] (testset)   loss: 0.2405 -> 0.2297  accuracy: 94.34% -> 94.34%     
client [88] (testset)   loss: 1.9077 -> 1.1278  accuracy: 67.57% -> 67.57%     
client [46] (testset)   loss: 1.2298 -> 0.9256  accuracy: 36.63% -> 59.30%     
client [11] (testset)   loss: 1.3657 -> 1.1998  accuracy: 50.88% -> 50.88%     
client [55] (testset)   loss: 1.6784 -> 1.6905  accuracy: 50.00% -> 50.00%     
client [13] (testset)   loss: 0.1325 -> 0.1267  accuracy: 97.78% -> 97.78%     
client [31] (testset)   loss: 1.3819 -> 1.4374  accuracy: 55.00% -> 55.00%     
client [75] (testset)   loss: 1.7724 -> 1.4927  accuracy: 38.38% -> 29.15%     
---------------------------- TRAINING EPOCH: 190 ----------------------------  
client [19] (testset)   loss: 1.5219 -> 1.5537  accuracy: 37.50% -> 37.50%     
client [7]  (testset)   loss: 0.8767 -> 0.4870  accuracy: 88.85% -> 88.85%     
client [57] (testset)   loss: 1.2689 -> 0.6703  accuracy: 79.69% -> 79.69%     
client [13] (testset)   loss: 0.1688 -> 0.1207  accuracy: 97.78% -> 97.78%     
client [43] (testset)   loss: 0.3463 -> 0.3350  accuracy: 93.29% -> 93.29%     
client [91] (testset)   loss: 1.1160 -> 0.5851  accuracy: 88.24% -> 88.24%     
client [10] (testset)   loss: 2.0177 -> 0.9384  accuracy: 53.62% -> 53.62%     
client [64] (testset)   loss: 1.4485 -> 0.6803  accuracy: 66.67% -> 66.67%     
client [82] (testset)   loss: 1.9172 -> 1.5947  accuracy: 2.33% -> 46.51%      
client [22] (testset)   loss: 0.5598 -> 0.4439  accuracy: 89.95% -> 89.95%     
---------------------------- TRAINING EPOCH: 200 ----------------------------  
client [20] (testset)   loss: 0.9530 -> 0.7597  accuracy: 88.08% -> 88.08%     
client [23] (testset)   loss: 1.1395 -> 0.9477  accuracy: 56.67% -> 36.67%     
client [88] (testset)   loss: 1.2536 -> 1.0920  accuracy: 67.57% -> 67.57%     
client [98] (testset)   loss: 0.9829 -> 0.9955  accuracy: 74.68% -> 74.68%     
client [79] (testset)   loss: 1.7218 -> 1.0444  accuracy: 77.78% -> 77.78%     
client [21] (testset)   loss: 1.3182 -> 0.9017  accuracy: 53.44% -> 53.44%     
client [92] (testset)   loss: 1.2984 -> 0.6580  accuracy: 63.64% -> 63.64%     
client [56] (testset)   loss: 2.5827 -> 1.5737  accuracy: 0.00% -> 44.26%      
client [5]  (testset)   loss: 2.4234 -> 1.4811  accuracy: 21.98% -> 43.96%     
client [52] (testset)   loss: 1.1187 -> 0.8886  accuracy: 75.22% -> 75.22%     
FedDpa's average time taken by each global epoch: 0 min 2.31 sec.              
FedDpa's total running time: 0 h 7 m 47 s.                                     
==================== FedDpa Experiment Results: ====================           
Display format: (before local fine-tuning) -> (after local fine-tuning)        
 So if finetune_epoch = 0, x.xx% -> 0.00% is normal.                           
 Centralized testing ONLY happens after model aggregation, so the stats between
'->' are the same.                                                             
{                                                                              
    "100": {                                                                   
        "all_clients": {                                                       
            "test": {                                                          
                "loss": "1.1208 -> 0.0000",                                    
                "accuracy": "61.46% -> 0.00%"                                  
            }                                                                  
        }                                                                      
    },                                                                         
    "200": {                                                                   
        "all_clients": {                                                       
            "test": {                                                          
                "loss": "1.1103 -> 0.0000",                                    
                "accuracy": "61.46% -> 0.00%"                                  
            }                                                                  
        }                                                                      
    }                                                                          
}                                                                              
==================== FedDpa Max Accuracy ====================                  
all_clients:                                                                   
(test) before fine-tuning: 61.46% at epoch 200                                 
(test) after fine-tuning: 0.00% at epoch 100                                   
