==================== FedDpag ====================                              
Experiment Arguments:                                                          
{
    'method': 'feddpag',
    'dataset': {
        'name': 'medmnistA',
        'client_num': 100,
        'test_ratio': 0.25,
        'val_ratio': 0.0,
        'seed': 42,
        'split': 'sample',
        'IID_ratio': 0.0,
        'monitor_window_name_suffix': 'medmnistA-100clients-0%IID-Dir(0.1)-seed42',
        'alpha': 0.1,
        'min_samples_per_client': 10
    },
    'model': {
        'name': 'avgcnn',
        'use_torchvision_pretrained_weights': True,
        'external_model_weights_path': None
    },
    'optimizer': {
        'lr': 0.01,
        'dampening': 0,
        'weight_decay': 0,
        'momentum': 0.7,
        'nesterov': False,
        'name': 'sgd'
    },
    'mode': 'serial',
    'parallel': {
        'ray_cluster_addr': None,
        'num_cpus': None,
        'num_gpus': None,
        'num_workers': 2
    },
    'common': {
        'seed': 42,
        'join_ratio': 0.1,
        'global_epoch': 200,
        'local_epoch': 5,
        'batch_size': 32,
        'reset_optimizer_on_global_epoch': True,
        'straggler_ratio': 0,
        'straggler_min_local_epoch': 0,
        'buffers': 'global',
        'client_side_evaluation': True,
        'test': {
            'client': {
                'interval': 100,
                'finetune_epoch': 0,
                'train': False,
                'val': False,
                'test': True
            },
            'server': {
                'interval': -1,
                'train': False,
                'val': False,
                'test': True,
                'model_in_train_mode': False
            }
        },
        'verbose_gap': 10,
        'monitor': None,
        'use_cuda': True,
        'save_log': True,
        'save_model': False,
        'save_learning_curve_plot': True,
        'save_metrics': True,
        'delete_useless_run': True
    },
    'fedprox': {
        'mu': 0.01
    },
    'pfedsim': {
        'warmup_round': 0.5
    },
    'feddpag': {
        'fisher_threshold': 0.1
    }
}
---------------------------- TRAINING EPOCH: 10 ----------------------------   
client [77] (testset)   loss: 1.2566 -> 1.2199  accuracy: 58.33% -> 58.33%     
client [81] (testset)   loss: 0.8410 -> 0.8334  accuracy: 43.60% -> 43.60%     
client [21] (testset)   loss: 2.9845 -> 0.8836  accuracy: 1.59% -> 53.44%      
client [68] (testset)   loss: 0.8093 -> 0.0019  accuracy: 100.00% -> 100.00%   
client [93] (testset)   loss: 0.9912 -> 0.6025  accuracy: 88.89% -> 88.89%     
client [31] (testset)   loss: 1.4920 -> 1.3960  accuracy: 55.00% -> 55.00%     
client [20] (testset)   loss: 0.6672 -> 0.5960  accuracy: 88.08% -> 88.08%     
client [59] (testset)   loss: 3.1737 -> 1.0875  accuracy: 0.00% -> 52.00%      
client [48] (testset)   loss: 0.7812 -> 0.8222  accuracy: 74.14% -> 74.14%     
client [34] (testset)   loss: 1.4692 -> 1.3536  accuracy: 37.04% -> 37.04%     
---------------------------- TRAINING EPOCH: 20 ----------------------------   
client [69] (testset)   loss: 1.2093 -> 1.0626  accuracy: 63.83% -> 63.83%     
client [99] (testset)   loss: 1.2069 -> 1.1825  accuracy: 63.53% -> 63.53%     
client [67] (testset)   loss: 1.3582 -> 1.1316  accuracy: 55.29% -> 55.29%     
client [0]  (testset)   loss: 1.4640 -> 0.9264  accuracy: 32.60% -> 60.35%     
client [76] (testset)   loss: 1.3597 -> 1.2912  accuracy: 52.13% -> 52.13%     
client [41] (testset)   loss: 1.0038 -> 0.8458  accuracy: 59.15% -> 59.15%     
client [62] (testset)   loss: 2.5107 -> 0.9524  accuracy: 10.00% -> 65.00%     
client [2]  (testset)   loss: 2.7649 -> 1.6439  accuracy: 0.00% -> 37.14%      
client [14] (testset)   loss: 0.1913 -> 0.1646  accuracy: 97.22% -> 97.22%     
client [46] (testset)   loss: 1.1833 -> 0.9001  accuracy: 59.30% -> 36.63%     
---------------------------- TRAINING EPOCH: 30 ----------------------------   
client [24] (testset)   loss: 0.2081 -> 0.1555  accuracy: 96.84% -> 96.84%     
client [68] (testset)   loss: 0.0447 -> 0.0115  accuracy: 100.00% -> 100.00%   
client [57] (testset)   loss: 0.5605 -> 0.5621  accuracy: 79.69% -> 79.69%     
client [17] (testset)   loss: 1.5762 -> 1.4888  accuracy: 21.54% -> 38.46%     
client [54] (testset)   loss: 1.1336 -> 0.6660  accuracy: 0.00% -> 80.00%      
client [23] (testset)   loss: 2.1825 -> 0.9703  accuracy: 36.67% -> 56.67%     
client [35] (testset)   loss: 1.4676 -> 1.1741  accuracy: 46.30% -> 46.30%     
client [59] (testset)   loss: 1.0547 -> 0.9327  accuracy: 52.00% -> 52.00%     
client [31] (testset)   loss: 1.7484 -> 1.4057  accuracy: 55.00% -> 55.00%     
client [9]  (testset)   loss: 0.7094 -> 0.7111  accuracy: 83.44% -> 83.44%     
---------------------------- TRAINING EPOCH: 40 ----------------------------   
client [64] (testset)   loss: 1.0429 -> 0.7400  accuracy: 66.67% -> 66.67%     
client [33] (testset)   loss: 0.7246 -> 0.7059  accuracy: 75.00% -> 75.00%     
client [16] (testset)   loss: 0.3094 -> 0.3044  accuracy: 92.63% -> 92.63%     
client [44] (testset)   loss: 1.4190 -> 1.7265  accuracy: 61.54% -> 61.54%     
client [8]  (testset)   loss: 1.8698 -> 1.7645  accuracy: 40.91% -> 40.91%     
client [31] (testset)   loss: 1.6662 -> 1.4426  accuracy: 55.00% -> 55.00%     
client [47] (testset)   loss: 1.4072 -> 1.0223  accuracy: 39.76% -> 39.76%     
client [36] (testset)   loss: 1.4554 -> 1.4008  accuracy: 30.00% -> 37.50%     
client [20] (testset)   loss: 0.6142 -> 0.5753  accuracy: 88.08% -> 88.08%     
client [56] (testset)   loss: 1.7003 -> 1.6513  accuracy: 16.39% -> 16.39%     
---------------------------- TRAINING EPOCH: 50 ----------------------------   
client [4]  (testset)   loss: 0.8641 -> 0.9288  accuracy: 76.74% -> 76.74%     
client [60] (testset)   loss: 0.2225 -> 0.1818  accuracy: 96.62% -> 96.62%     
client [28] (testset)   loss: 0.9681 -> 0.9737  accuracy: 73.37% -> 73.37%     
client [25] (testset)   loss: 0.7821 -> 0.8213  accuracy: 73.02% -> 73.02%     
client [58] (testset)   loss: 0.3191 -> 0.2324  accuracy: 94.34% -> 94.34%     
client [44] (testset)   loss: 1.3672 -> 1.7536  accuracy: 61.54% -> 61.54%     
client [39] (testset)   loss: 1.6947 -> 1.5948  accuracy: 43.40% -> 43.40%     
client [29] (testset)   loss: 0.9320 -> 0.9264  accuracy: 73.87% -> 73.87%     
client [3]  (testset)   loss: 0.8119 -> 0.8133  accuracy: 63.64% -> 36.36%     
client [84] (testset)   loss: 0.8277 -> 0.8087  accuracy: 56.96% -> 56.96%     
---------------------------- TRAINING EPOCH: 60 ----------------------------   
client [21] (testset)   loss: 0.9354 -> 0.8783  accuracy: 42.06% -> 53.44%     
client [84] (testset)   loss: 0.8383 -> 0.8162  accuracy: 56.96% -> 56.96%     
client [10] (testset)   loss: 0.9816 -> 0.9761  accuracy: 53.62% -> 39.61%     
client [36] (testset)   loss: 1.5707 -> 1.4170  accuracy: 30.00% -> 30.00%     
client [65] (testset)   loss: 0.6527 -> 0.6340  accuracy: 83.56% -> 83.56%     
client [81] (testset)   loss: 1.4126 -> 0.7891  accuracy: 43.60% -> 54.74%     
client [79] (testset)   loss: 1.0138 -> 1.0731  accuracy: 77.78% -> 77.78%     
client [42] (testset)   loss: 1.1111 -> 1.1133  accuracy: 58.33% -> 58.33%     
client [11] (testset)   loss: 1.1627 -> 1.1617  accuracy: 50.88% -> 50.88%     
client [96] (testset)   loss: 1.2082 -> 1.2031  accuracy: 55.39% -> 55.39%     
---------------------------- TRAINING EPOCH: 70 ----------------------------   
client [8]  (testset)   loss: 1.7964 -> 1.6963  accuracy: 40.91% -> 40.91%     
client [53] (testset)   loss: 0.2765 -> 0.2280  accuracy: 94.85% -> 94.85%     
client [52] (testset)   loss: 0.8910 -> 0.8790  accuracy: 75.22% -> 75.22%     
client [42] (testset)   loss: 1.1530 -> 1.1043  accuracy: 30.00% -> 58.33%     
client [69] (testset)   loss: 1.1636 -> 1.1552  accuracy: 63.83% -> 63.83%     
client [59] (testset)   loss: 1.0640 -> 0.9403  accuracy: 52.00% -> 52.00%     
client [7]  (testset)   loss: 0.4836 -> 0.4733  accuracy: 88.85% -> 88.85%     
client [26] (testset)   loss: 1.4333 -> 1.2763  accuracy: 50.53% -> 50.53%     
client [49] (testset)   loss: 0.7643 -> 0.7742  accuracy: 79.77% -> 79.77%     
client [98] (testset)   loss: 0.9458 -> 0.9495  accuracy: 74.68% -> 74.68%     
---------------------------- TRAINING EPOCH: 80 ----------------------------   
client [98] (testset)   loss: 0.9486 -> 0.9464  accuracy: 74.68% -> 74.68%     
client [47] (testset)   loss: 1.0094 -> 1.0110  accuracy: 48.19% -> 48.19%     
client [21] (testset)   loss: 0.9095 -> 0.8950  accuracy: 53.44% -> 53.44%     
client [77] (testset)   loss: 1.0139 -> 1.2133  accuracy: 58.33% -> 58.33%     
client [95] (testset)   loss: 0.3081 -> 0.2749  accuracy: 94.83% -> 94.83%     
client [91] (testset)   loss: 0.5013 -> 0.5863  accuracy: 88.24% -> 88.24%     
client [14] (testset)   loss: 0.2040 -> 0.1689  accuracy: 97.22% -> 97.22%     
client [99] (testset)   loss: 1.2104 -> 1.1910  accuracy: 63.53% -> 63.53%     
client [20] (testset)   loss: 0.8582 -> 0.5935  accuracy: 88.08% -> 88.08%     
client [39] (testset)   loss: 1.5989 -> 1.5758  accuracy: 43.40% -> 43.40%     
---------------------------- TRAINING EPOCH: 90 ----------------------------   
client [52] (testset)   loss: 0.9342 -> 0.8682  accuracy: 75.22% -> 75.22%     
client [62] (testset)   loss: 1.1214 -> 0.9140  accuracy: 65.00% -> 65.00%     
client [71] (testset)   loss: 1.4600 -> 1.2740  accuracy: 50.00% -> 50.00%     
client [97] (testset)   loss: 1.7239 -> 1.3425  accuracy: 16.18% -> 47.72%     
client [30] (testset)   loss: 0.8913 -> 0.9029  accuracy: 54.29% -> 54.29%     
client [88] (testset)   loss: 1.3643 -> 1.1301  accuracy: 67.57% -> 67.57%     
client [60] (testset)   loss: 0.1863 -> 0.1831  accuracy: 96.62% -> 96.62%     
client [82] (testset)   loss: 1.6305 -> 1.7050  accuracy: 46.51% -> 46.51%     
client [91] (testset)   loss: 1.2607 -> 0.6543  accuracy: 5.88% -> 88.24%      
client [57] (testset)   loss: 0.5550 -> 0.5610  accuracy: 79.69% -> 79.69%     
---------------------------- TRAINING EPOCH: 100 ----------------------------  
client [31] (testset)   loss: 1.3729 -> 1.3997  accuracy: 55.00% -> 55.00%     
client [15] (testset)   loss: 1.0887 -> 0.8531  accuracy: 17.65% -> 76.47%     
client [71] (testset)   loss: 1.3049 -> 1.2677  accuracy: 50.00% -> 50.00%     
client [97] (testset)   loss: 1.4104 -> 1.3298  accuracy: 47.72% -> 47.72%     
client [53] (testset)   loss: 0.2923 -> 0.2302  accuracy: 94.85% -> 94.85%     
client [77] (testset)   loss: 1.1196 -> 0.9602  accuracy: 58.33% -> 58.33%     
client [76] (testset)   loss: 1.4594 -> 1.2788  accuracy: 52.13% -> 52.13%     
client [79] (testset)   loss: 0.9330 -> 1.2087  accuracy: 77.78% -> 77.78%     
client [28] (testset)   loss: 0.9951 -> 0.9464  accuracy: 73.37% -> 73.37%     
client [99] (testset)   loss: 1.2133 -> 1.1682  accuracy: 63.53% -> 63.53%     
---------------------------- TRAINING EPOCH: 110 ----------------------------  
client [97] (testset)   loss: 1.4754 -> 1.3553  accuracy: 47.72% -> 47.72%     
client [86] (testset)   loss: 0.5274 -> 0.5126  accuracy: 84.66% -> 84.66%     
client [34] (testset)   loss: 1.3733 -> 1.3616  accuracy: 37.04% -> 37.04%     
client [73] (testset)   loss: 0.7469 -> 0.7466  accuracy: 58.95% -> 58.95%     
client [5]  (testset)   loss: 1.5324 -> 1.4637  accuracy: 21.98% -> 43.96%     
client [96] (testset)   loss: 1.2205 -> 1.2158  accuracy: 55.39% -> 55.39%     
client [22] (testset)   loss: 0.4446 -> 0.4231  accuracy: 89.95% -> 89.95%     
client [60] (testset)   loss: 0.2050 -> 0.2100  accuracy: 96.62% -> 96.62%     
client [66] (testset)   loss: 1.5458 -> 1.1081  accuracy: 50.78% -> 50.78%     
client [83] (testset)   loss: 0.6124 -> 0.6229  accuracy: 85.00% -> 85.00%     
---------------------------- TRAINING EPOCH: 120 ----------------------------  
client [76] (testset)   loss: 1.3481 -> 1.2792  accuracy: 52.13% -> 52.13%     
client [65] (testset)   loss: 0.6137 -> 0.5725  accuracy: 83.56% -> 83.56%     
client [95] (testset)   loss: 0.4343 -> 0.5043  accuracy: 94.83% -> 94.83%     
client [17] (testset)   loss: 1.4675 -> 1.4896  accuracy: 27.69% -> 27.69%     
client [8]  (testset)   loss: 1.7681 -> 1.7153  accuracy: 40.91% -> 40.91%     
client [35] (testset)   loss: 1.3027 -> 1.1851  accuracy: 32.87% -> 46.30%     
client [98] (testset)   loss: 1.0444 -> 0.9651  accuracy: 74.68% -> 74.68%     
client [53] (testset)   loss: 0.2441 -> 0.2306  accuracy: 94.85% -> 94.85%     
client [43] (testset)   loss: 0.3539 -> 0.3245  accuracy: 93.29% -> 93.29%     
client [64] (testset)   loss: 0.8962 -> 0.8432  accuracy: 66.67% -> 66.67%     
---------------------------- TRAINING EPOCH: 130 ----------------------------  
client [21] (testset)   loss: 0.9097 -> 0.8814  accuracy: 53.44% -> 53.44%     
client [88] (testset)   loss: 1.1115 -> 1.1301  accuracy: 67.57% -> 67.57%     
client [38] (testset)   loss: 1.1468 -> 1.0477  accuracy: 66.67% -> 66.67%     
client [3]  (testset)   loss: 0.7866 -> 0.9701  accuracy: 63.64% -> 36.36%     
client [5]  (testset)   loss: 1.5079 -> 1.4683  accuracy: 21.98% -> 43.96%     
client [41] (testset)   loss: 0.8959 -> 0.8343  accuracy: 36.62% -> 59.15%     
client [7]  (testset)   loss: 0.4708 -> 0.4743  accuracy: 88.85% -> 88.85%     
client [37] (testset)   loss: 0.4783 -> 0.4820  accuracy: 87.45% -> 87.45%     
client [45] (testset)   loss: 1.6546 -> 1.5691  accuracy: 22.00% -> 44.00%     
client [47] (testset)   loss: 1.0359 -> 0.9977  accuracy: 48.19% -> 39.76%     
---------------------------- TRAINING EPOCH: 140 ----------------------------  
client [16] (testset)   loss: 0.3647 -> 0.2977  accuracy: 92.63% -> 92.63%     
client [11] (testset)   loss: 1.3521 -> 1.1689  accuracy: 50.88% -> 50.88%     
client [37] (testset)   loss: 0.5411 -> 0.4955  accuracy: 87.45% -> 87.45%     
client [41] (testset)   loss: 1.9567 -> 0.8600  accuracy: 36.62% -> 59.15%     
client [95] (testset)   loss: 0.2868 -> 0.2789  accuracy: 94.83% -> 94.83%     
client [53] (testset)   loss: 0.2399 -> 0.2339  accuracy: 94.85% -> 94.85%     
client [22] (testset)   loss: 0.4391 -> 0.4090  accuracy: 89.95% -> 89.95%     
client [25] (testset)   loss: 0.8333 -> 0.7624  accuracy: 73.02% -> 73.02%     
client [69] (testset)   loss: 1.1059 -> 1.0383  accuracy: 63.83% -> 63.83%     
client [46] (testset)   loss: 0.8252 -> 0.8420  accuracy: 59.30% -> 59.30%     
---------------------------- TRAINING EPOCH: 150 ----------------------------  
client [47] (testset)   loss: 1.6168 -> 0.9961  accuracy: 39.76% -> 48.19%     
client [69] (testset)   loss: 1.2441 -> 1.0356  accuracy: 63.83% -> 63.83%     
client [82] (testset)   loss: 1.5348 -> 1.5233  accuracy: 46.51% -> 46.51%     
client [45] (testset)   loss: 1.6052 -> 1.5585  accuracy: 44.00% -> 44.00%     
client [7]  (testset)   loss: 0.4739 -> 0.4884  accuracy: 88.85% -> 88.85%     
client [50] (testset)   loss: 0.7111 -> 0.6818  accuracy: 79.27% -> 79.27%     
client [35] (testset)   loss: 1.1771 -> 1.1703  accuracy: 46.30% -> 46.30%     
client [24] (testset)   loss: 0.1774 -> 0.1572  accuracy: 96.84% -> 96.84%     
client [15] (testset)   loss: 1.0964 -> 0.8615  accuracy: 76.47% -> 76.47%     
client [58] (testset)   loss: 0.2473 -> 0.2297  accuracy: 94.34% -> 94.34%     
---------------------------- TRAINING EPOCH: 160 ----------------------------  
client [48] (testset)   loss: 0.7457 -> 0.7510  accuracy: 74.14% -> 74.14%     
client [76] (testset)   loss: 1.7841 -> 1.2854  accuracy: 17.54% -> 52.13%     
client [67] (testset)   loss: 1.1920 -> 1.1988  accuracy: 55.29% -> 55.29%     
client [37] (testset)   loss: 0.4753 -> 0.4771  accuracy: 87.45% -> 87.45%     
client [58] (testset)   loss: 0.2331 -> 0.2374  accuracy: 94.34% -> 94.34%     
client [64] (testset)   loss: 0.7212 -> 0.7699  accuracy: 66.67% -> 66.67%     
client [77] (testset)   loss: 0.9890 -> 0.9734  accuracy: 36.90% -> 58.33%     
client [55] (testset)   loss: 1.6521 -> 1.8889  accuracy: 50.00% -> 50.00%     
client [12] (testset)   loss: 0.6202 -> 0.5291  accuracy: 86.14% -> 86.14%     
client [89] (testset)   loss: 2.0362 -> 1.9166  accuracy: 18.75% -> 18.75%     
---------------------------- TRAINING EPOCH: 170 ----------------------------  
client [84] (testset)   loss: 0.8687 -> 0.9113  accuracy: 40.51% -> 40.51%     
client [51] (testset)   loss: 0.8488 -> 0.8292  accuracy: 66.67% -> 66.67%     
client [8]  (testset)   loss: 2.1355 -> 1.7580  accuracy: 11.36% -> 40.91%     
client [18] (testset)   loss: 1.1450 -> 0.9371  accuracy: 65.38% -> 65.38%     
client [94] (testset)   loss: 1.4501 -> 1.4125  accuracy: 50.00% -> 50.00%     
client [81] (testset)   loss: 1.3296 -> 0.8307  accuracy: 54.74% -> 54.74%     
client [3]  (testset)   loss: 0.8079 -> 1.3058  accuracy: 63.64% -> 36.36%     
client [11] (testset)   loss: 1.6742 -> 1.1770  accuracy: 50.88% -> 50.88%     
client [95] (testset)   loss: 0.2888 -> 0.3393  accuracy: 94.83% -> 94.83%     
client [67] (testset)   loss: 1.1901 -> 1.1731  accuracy: 55.29% -> 55.29%     
---------------------------- TRAINING EPOCH: 180 ----------------------------  
client [21] (testset)   loss: 0.8909 -> 0.8862  accuracy: 42.06% -> 53.44%     
client [79] (testset)   loss: 1.0471 -> 1.1617  accuracy: 77.78% -> 77.78%     
client [58] (testset)   loss: 0.2566 -> 0.2291  accuracy: 94.34% -> 94.34%     
client [88] (testset)   loss: 1.2917 -> 1.1117  accuracy: 67.57% -> 67.57%     
client [46] (testset)   loss: 0.8393 -> 0.8958  accuracy: 59.30% -> 59.30%     
client [11] (testset)   loss: 1.1883 -> 1.1956  accuracy: 50.88% -> 50.88%     
client [55] (testset)   loss: 1.7943 -> 1.7948  accuracy: 12.50% -> 50.00%     
client [13] (testset)   loss: 0.1126 -> 0.1205  accuracy: 97.78% -> 97.78%     
client [31] (testset)   loss: 1.4638 -> 1.4010  accuracy: 55.00% -> 55.00%     
client [75] (testset)   loss: 1.6701 -> 1.4846  accuracy: 29.15% -> 29.15%     
---------------------------- TRAINING EPOCH: 190 ----------------------------  
client [19] (testset)   loss: 1.5554 -> 1.5538  accuracy: 37.50% -> 37.50%     
client [7]  (testset)   loss: 0.4834 -> 0.4814  accuracy: 88.85% -> 88.85%     
client [57] (testset)   loss: 0.7793 -> 0.5890  accuracy: 19.53% -> 79.69%     
client [13] (testset)   loss: 0.1730 -> 0.1210  accuracy: 97.78% -> 97.78%     
client [43] (testset)   loss: 0.3233 -> 0.3287  accuracy: 93.29% -> 93.29%     
client [91] (testset)   loss: 0.6630 -> 0.5638  accuracy: 88.24% -> 88.24%     
client [10] (testset)   loss: 0.9416 -> 0.9370  accuracy: 53.62% -> 53.62%     
client [64] (testset)   loss: 0.7764 -> 0.8105  accuracy: 66.67% -> 66.67%     
client [82] (testset)   loss: 1.5959 -> 1.5791  accuracy: 46.51% -> 46.51%     
client [22] (testset)   loss: 0.4498 -> 0.4478  accuracy: 89.95% -> 89.95%     
---------------------------- TRAINING EPOCH: 200 ----------------------------  
client [20] (testset)   loss: 0.6390 -> 0.6531  accuracy: 88.08% -> 88.08%     
client [23] (testset)   loss: 0.9713 -> 0.9158  accuracy: 56.67% -> 56.67%     
client [88] (testset)   loss: 1.0800 -> 1.0921  accuracy: 67.57% -> 67.57%     
client [98] (testset)   loss: 1.0208 -> 0.9977  accuracy: 74.68% -> 74.68%     
client [79] (testset)   loss: 1.0398 -> 1.0899  accuracy: 77.78% -> 77.78%     
client [21] (testset)   loss: 0.8841 -> 0.8890  accuracy: 53.44% -> 53.44%     
client [92] (testset)   loss: 1.1732 -> 0.7467  accuracy: 63.64% -> 63.64%     
client [56] (testset)   loss: 1.6573 -> 1.5682  accuracy: 16.39% -> 44.26%     
client [5]  (testset)   loss: 1.5668 -> 1.4537  accuracy: 21.98% -> 43.96%     
client [52] (testset)   loss: 1.1862 -> 0.8881  accuracy: 75.22% -> 75.22%     
FedDpag's average time taken by each global epoch: 0 min 2.31 sec.             
FedDpag's total running time: 0 h 7 m 47 s.                                    
==================== FedDpag Experiment Results: ====================          
Display format: (before local fine-tuning) -> (after local fine-tuning)        
 So if finetune_epoch = 0, x.xx% -> 0.00% is normal.                           
 Centralized testing ONLY happens after model aggregation, so the stats between
'->' are the same.                                                             
{                                                                              
    "100": {                                                                   
        "all_clients": {                                                       
            "test": {                                                          
                "loss": "0.9332 -> 0.0000",                                    
                "accuracy": "66.08% -> 0.00%"                                  
            }                                                                  
        }                                                                      
    },                                                                         
    "200": {                                                                   
        "all_clients": {                                                       
            "test": {                                                          
                "loss": "0.9500 -> 0.0000",                                    
                "accuracy": "64.13% -> 0.00%"                                  
            }                                                                  
        }                                                                      
    }                                                                          
}                                                                              
==================== FedDpag Max Accuracy ====================                 
all_clients:                                                                   
(test) before fine-tuning: 66.08% at epoch 100                                 
(test) after fine-tuning: 0.00% at epoch 100                                   
