==================== FedDpag ====================                              
Experiment Arguments:                                                          
{
    'method': 'feddpag',
    'dataset': {
        'name': 'mnist',
        'client_num': 100,
        'test_ratio': 0.25,
        'val_ratio': 0.0,
        'seed': 42,
        'split': 'sample',
        'IID_ratio': 0.0,
        'monitor_window_name_suffix': 'mnist-100clients-0%IID-Dir(0.1)-seed42',
        'alpha': 0.1,
        'min_samples_per_client': 10
    },
    'model': {
        'name': 'avgcnn',
        'use_torchvision_pretrained_weights': True,
        'external_model_weights_path': None
    },
    'optimizer': {
        'lr': 0.01,
        'dampening': 0,
        'weight_decay': 0,
        'momentum': 0.7,
        'nesterov': False,
        'name': 'sgd'
    },
    'mode': 'serial',
    'parallel': {
        'ray_cluster_addr': None,
        'num_cpus': None,
        'num_gpus': None,
        'num_workers': 2
    },
    'common': {
        'seed': 42,
        'join_ratio': 0.1,
        'global_epoch': 400,
        'local_epoch': 5,
        'batch_size': 32,
        'reset_optimizer_on_global_epoch': True,
        'straggler_ratio': 0,
        'straggler_min_local_epoch': 0,
        'buffers': 'global',
        'client_side_evaluation': True,
        'test': {
            'client': {
                'interval': 100,
                'finetune_epoch': 0,
                'train': False,
                'val': False,
                'test': True
            },
            'server': {
                'interval': -1,
                'train': False,
                'val': False,
                'test': True,
                'model_in_train_mode': False
            }
        },
        'verbose_gap': 10,
        'monitor': None,
        'use_cuda': True,
        'save_log': True,
        'save_model': False,
        'save_learning_curve_plot': True,
        'save_metrics': True,
        'delete_useless_run': True
    },
    'fedprox': {
        'mu': 0.01
    },
    'pfedsim': {
        'warmup_round': 0.5
    },
    'feddpag': {
        'fisher_threshold': 0.999
    }
}
---------------------------- TRAINING EPOCH: 10 ----------------------------   
client [77] (testset)   loss: 0.2670 -> 0.0760  accuracy: 90.41% -> 97.95%     
client [81] (testset)   loss: 0.1231 -> 0.0149  accuracy: 97.53% -> 99.38%     
client [21] (testset)   loss: 0.1535 -> 0.0387  accuracy: 94.12% -> 99.02%     
client [68] (testset)   loss: 0.1122 -> 0.0803  accuracy: 96.61% -> 98.31%     
client [93] (testset)   loss: 0.1922 -> 0.0179  accuracy: 96.77% -> 100.00%    
client [31] (testset)   loss: 0.2530 -> 0.0837  accuracy: 85.71% -> 100.00%    
client [20] (testset)   loss: 0.3146 -> 0.1480  accuracy: 92.31% -> 95.48%     
client [59] (testset)   loss: 0.1403 -> 0.0314  accuracy: 87.50% -> 100.00%    
client [48] (testset)   loss: 0.1303 -> 0.0158  accuracy: 95.15% -> 99.03%     
client [34] (testset)   loss: 0.1076 -> 0.4218  accuracy: 94.44% -> 94.44%     
---------------------------- TRAINING EPOCH: 20 ----------------------------   
client [69] (testset)   loss: 0.0287 -> 0.0163  accuracy: 98.91% -> 99.64%     
client [99] (testset)   loss: 0.3281 -> 0.0289  accuracy: 90.48% -> 100.00%    
client [67] (testset)   loss: 0.3110 -> 0.0000  accuracy: 94.59% -> 100.00%    
client [0]  (testset)   loss: 0.1931 -> 0.0078  accuracy: 92.45% -> 100.00%    
client [76] (testset)   loss: 0.3479 -> 0.0447  accuracy: 89.61% -> 98.70%     
client [41] (testset)   loss: 0.1594 -> 0.0117  accuracy: 94.74% -> 98.95%     
client [62] (testset)   loss: 0.1011 -> 0.0193  accuracy: 97.79% -> 98.90%     
client [2]  (testset)   loss: 0.5421 -> 0.0085  accuracy: 82.70% -> 99.81%     
client [14] (testset)   loss: 0.1245 -> 0.0162  accuracy: 94.44% -> 99.31%     
client [46] (testset)   loss: 0.0979 -> 0.0362  accuracy: 97.52% -> 98.87%     
---------------------------- TRAINING EPOCH: 30 ----------------------------   
client [24] (testset)   loss: 0.0379 -> 0.1476  accuracy: 98.65% -> 97.30%     
client [68] (testset)   loss: 0.0858 -> 0.0651  accuracy: 96.61% -> 98.31%     
client [57] (testset)   loss: 0.0561 -> 0.0123  accuracy: 99.03% -> 99.52%     
client [17] (testset)   loss: 0.0357 -> 0.0182  accuracy: 98.44% -> 99.61%     
client [54] (testset)   loss: 0.0698 -> 0.1321  accuracy: 97.67% -> 95.35%     
client [23] (testset)   loss: 0.0970 -> 0.0012  accuracy: 97.14% -> 100.00%    
client [35] (testset)   loss: 0.0785 -> 0.0142  accuracy: 98.04% -> 99.02%     
client [59] (testset)   loss: 0.0026 -> 0.0107  accuracy: 100.00% -> 100.00%   
client [31] (testset)   loss: 0.4332 -> 0.0926  accuracy: 85.71% -> 100.00%    
client [9]  (testset)   loss: 0.0794 -> 0.0399  accuracy: 97.23% -> 98.70%     
---------------------------- TRAINING EPOCH: 40 ----------------------------   
client [64] (testset)   loss: 0.0494 -> 0.0134  accuracy: 98.61% -> 99.72%     
client [33] (testset)   loss: 0.1177 -> 0.0600  accuracy: 96.90% -> 99.18%     
client [16] (testset)   loss: 0.0863 -> 0.0007  accuracy: 98.57% -> 100.00%    
client [44] (testset)   loss: 0.1394 -> 0.0369  accuracy: 96.12% -> 98.81%     
client [8]  (testset)   loss: 0.1316 -> 0.0087  accuracy: 95.24% -> 100.00%    
client [31] (testset)   loss: 0.8111 -> 0.0590  accuracy: 85.71% -> 100.00%    
client [47] (testset)   loss: 0.1897 -> 0.0012  accuracy: 94.32% -> 100.00%    
client [36] (testset)   loss: 0.1670 -> 0.0287  accuracy: 95.94% -> 98.98%     
client [20] (testset)   loss: 0.2407 -> 0.0997  accuracy: 94.57% -> 96.38%     
client [56] (testset)   loss: 0.0465 -> 0.0116  accuracy: 98.92% -> 98.92%     
---------------------------- TRAINING EPOCH: 50 ----------------------------   
client [4]  (testset)   loss: 0.0469 -> 0.0045  accuracy: 98.53% -> 100.00%    
client [60] (testset)   loss: 0.1978 -> 0.0653  accuracy: 93.00% -> 98.00%     
client [28] (testset)   loss: 0.0036 -> 0.0002  accuracy: 100.00% -> 100.00%   
client [25] (testset)   loss: 0.0635 -> 0.0010  accuracy: 96.55% -> 100.00%    
client [58] (testset)   loss: 0.0674 -> 0.0463  accuracy: 96.45% -> 98.58%     
client [44] (testset)   loss: 0.1104 -> 0.0319  accuracy: 97.01% -> 99.10%     
client [39] (testset)   loss: 0.0195 -> 0.0049  accuracy: 99.51% -> 99.75%     
client [29] (testset)   loss: 0.0471 -> 0.0275  accuracy: 98.89% -> 99.26%     
client [3]  (testset)   loss: 0.1380 -> 0.0168  accuracy: 94.76% -> 99.58%     
client [84] (testset)   loss: 0.0397 -> 0.0072  accuracy: 100.00% -> 100.00%   
---------------------------- TRAINING EPOCH: 60 ----------------------------   
client [21] (testset)   loss: 0.0569 -> 0.0047  accuracy: 99.02% -> 100.00%    
client [84] (testset)   loss: 0.0039 -> 0.0032  accuracy: 100.00% -> 100.00%   
client [10] (testset)   loss: 0.0060 -> 0.0020  accuracy: 100.00% -> 100.00%   
client [36] (testset)   loss: 0.0527 -> 0.0342  accuracy: 97.97% -> 98.98%     
client [65] (testset)   loss: 0.0880 -> 0.0346  accuracy: 98.74% -> 98.74%     
client [81] (testset)   loss: 0.0808 -> 0.0182  accuracy: 98.77% -> 99.38%     
client [79] (testset)   loss: 0.0119 -> 0.0010  accuracy: 100.00% -> 100.00%   
client [42] (testset)   loss: 0.1307 -> 0.1305  accuracy: 97.81% -> 98.36%     
client [11] (testset)   loss: 0.0000 -> 0.0005  accuracy: 100.00% -> 100.00%   
client [96] (testset)   loss: 0.0375 -> 0.0018  accuracy: 98.04% -> 100.00%    
---------------------------- TRAINING EPOCH: 70 ----------------------------   
client [8]  (testset)   loss: 0.1068 -> 0.0486  accuracy: 97.62% -> 97.62%     
client [53] (testset)   loss: 0.0097 -> 0.0096  accuracy: 100.00% -> 100.00%   
client [52] (testset)   loss: 0.0714 -> 0.0000  accuracy: 97.37% -> 100.00%    
client [42] (testset)   loss: 0.1373 -> 0.1554  accuracy: 96.17% -> 98.36%     
client [69] (testset)   loss: 0.0315 -> 0.0100  accuracy: 99.09% -> 99.64%     
client [59] (testset)   loss: 0.0007 -> 0.0023  accuracy: 100.00% -> 100.00%   
client [7]  (testset)   loss: 0.0265 -> 0.0001  accuracy: 100.00% -> 100.00%   
client [26] (testset)   loss: 0.0494 -> 0.0612  accuracy: 95.83% -> 95.83%     
client [49] (testset)   loss: 0.0086 -> 0.0004  accuracy: 99.55% -> 100.00%    
client [98] (testset)   loss: 0.1187 -> 0.0088  accuracy: 94.12% -> 100.00%    
---------------------------- TRAINING EPOCH: 80 ----------------------------   
client [98] (testset)   loss: 0.0122 -> 0.0044  accuracy: 100.00% -> 100.00%   
client [47] (testset)   loss: 0.0950 -> 0.0017  accuracy: 96.59% -> 100.00%    
client [21] (testset)   loss: 0.0240 -> 0.0065  accuracy: 99.02% -> 100.00%    
client [77] (testset)   loss: 0.0868 -> 0.0417  accuracy: 96.58% -> 97.95%     
client [95] (testset)   loss: 0.0305 -> 0.0004  accuracy: 99.28% -> 100.00%    
client [91] (testset)   loss: 0.0523 -> 0.0101  accuracy: 98.35% -> 99.67%     
client [14] (testset)   loss: 0.0617 -> 0.0310  accuracy: 97.92% -> 98.61%     
client [99] (testset)   loss: 0.1862 -> 0.0114  accuracy: 95.24% -> 100.00%    
client [20] (testset)   loss: 0.1248 -> 0.0739  accuracy: 96.83% -> 97.29%     
client [39] (testset)   loss: 0.0291 -> 0.0016  accuracy: 99.26% -> 100.00%    
---------------------------- TRAINING EPOCH: 90 ----------------------------   
client [52] (testset)   loss: 0.0098 -> 0.0000  accuracy: 100.00% -> 100.00%   
client [62] (testset)   loss: 0.0063 -> 0.0016  accuracy: 100.00% -> 100.00%   
client [71] (testset)   loss: 0.0082 -> 0.0018  accuracy: 99.54% -> 100.00%    
client [97] (testset)   loss: 0.0160 -> 0.0007  accuracy: 99.00% -> 100.00%    
client [30] (testset)   loss: 0.0013 -> 0.0091  accuracy: 100.00% -> 100.00%   
client [88] (testset)   loss: 0.2269 -> 0.0021  accuracy: 97.06% -> 100.00%    
client [60] (testset)   loss: 0.1623 -> 0.0333  accuracy: 96.00% -> 99.00%     
client [82] (testset)   loss: 0.0141 -> 0.0125  accuracy: 100.00% -> 100.00%   
client [91] (testset)   loss: 0.0243 -> 0.0090  accuracy: 99.34% -> 99.67%     
client [57] (testset)   loss: 0.0084 -> 0.0035  accuracy: 99.52% -> 100.00%    
---------------------------- TRAINING EPOCH: 100 ----------------------------  
client [31] (testset)   loss: 0.0766 -> 0.0009  accuracy: 100.00% -> 100.00%   
client [15] (testset)   loss: 0.2126 -> 0.0394  accuracy: 94.50% -> 99.08%     
client [71] (testset)   loss: 0.0107 -> 0.0013  accuracy: 99.54% -> 100.00%    
client [97] (testset)   loss: 0.0151 -> 0.0008  accuracy: 99.00% -> 100.00%    
client [53] (testset)   loss: 0.0261 -> 0.0185  accuracy: 100.00% -> 100.00%   
client [77] (testset)   loss: 0.1127 -> 0.0440  accuracy: 97.26% -> 98.63%     
client [76] (testset)   loss: 0.0062 -> 0.0427  accuracy: 100.00% -> 98.70%    
client [79] (testset)   loss: 0.0149 -> 0.0009  accuracy: 100.00% -> 100.00%   
client [28] (testset)   loss: 0.0018 -> 0.0001  accuracy: 100.00% -> 100.00%   
client [99] (testset)   loss: 0.1963 -> 0.0131  accuracy: 90.48% -> 100.00%    
---------------------------- TRAINING EPOCH: 110 ----------------------------  
client [97] (testset)   loss: 0.0451 -> 0.0007  accuracy: 98.33% -> 100.00%    
client [86] (testset)   loss: 0.0914 -> 0.0015  accuracy: 96.16% -> 100.00%    
client [34] (testset)   loss: 0.0516 -> 0.1139  accuracy: 94.44% -> 94.44%     
client [73] (testset)   loss: 0.0044 -> 0.0895  accuracy: 100.00% -> 94.12%    
client [5]  (testset)   loss: 0.0666 -> 0.0217  accuracy: 97.93% -> 98.62%     
client [96] (testset)   loss: 0.0737 -> 0.0013  accuracy: 95.10% -> 100.00%    
client [22] (testset)   loss: 0.0477 -> 0.0006  accuracy: 97.87% -> 100.00%    
client [60] (testset)   loss: 0.1917 -> 0.0617  accuracy: 94.00% -> 99.00%     
client [66] (testset)   loss: 0.0282 -> 0.0136  accuracy: 98.23% -> 99.12%     
client [83] (testset)   loss: 0.0979 -> 0.0796  accuracy: 97.51% -> 97.51%     
---------------------------- TRAINING EPOCH: 120 ----------------------------  
client [76] (testset)   loss: 0.0199 -> 0.0699  accuracy: 100.00% -> 98.70%    
client [65] (testset)   loss: 0.0910 -> 0.0445  accuracy: 98.32% -> 98.74%     
client [95] (testset)   loss: 0.0122 -> 0.0005  accuracy: 99.64% -> 100.00%    
client [17] (testset)   loss: 0.0084 -> 0.0100  accuracy: 100.00% -> 99.61%    
client [8]  (testset)   loss: 0.2445 -> 0.0639  accuracy: 95.24% -> 97.62%     
client [35] (testset)   loss: 0.0837 -> 0.0275  accuracy: 98.04% -> 99.02%     
client [98] (testset)   loss: 0.0794 -> 0.0128  accuracy: 97.06% -> 100.00%    
client [53] (testset)   loss: 0.0328 -> 0.0153  accuracy: 96.00% -> 100.00%    
client [43] (testset)   loss: 0.1156 -> 0.0826  accuracy: 98.93% -> 97.86%     
client [64] (testset)   loss: 0.0339 -> 0.0195  accuracy: 98.89% -> 99.72%     
---------------------------- TRAINING EPOCH: 130 ----------------------------  
client [21] (testset)   loss: 0.0234 -> 0.0137  accuracy: 99.02% -> 99.02%     
client [88] (testset)   loss: 0.1363 -> 0.0016  accuracy: 97.06% -> 100.00%    
client [38] (testset)   loss: 0.0846 -> 0.0503  accuracy: 98.25% -> 98.25%     
client [3]  (testset)   loss: 0.0698 -> 0.0129  accuracy: 97.90% -> 99.58%     
client [5]  (testset)   loss: 0.0696 -> 0.0096  accuracy: 97.93% -> 99.31%     
client [41] (testset)   loss: 0.0213 -> 0.0008  accuracy: 98.95% -> 100.00%    
client [7]  (testset)   loss: 0.0533 -> 0.0026  accuracy: 100.00% -> 100.00%   
client [37] (testset)   loss: 0.0936 -> 0.0878  accuracy: 96.54% -> 96.97%     
client [45] (testset)   loss: 0.0283 -> 0.0181  accuracy: 99.08% -> 99.69%     
client [47] (testset)   loss: 0.1011 -> 0.0005  accuracy: 96.59% -> 100.00%    
---------------------------- TRAINING EPOCH: 140 ----------------------------  
client [16] (testset)   loss: 0.0148 -> 0.0001  accuracy: 100.00% -> 100.00%   
client [11] (testset)   loss: 0.0000 -> 0.0000  accuracy: 100.00% -> 100.00%   
client [37] (testset)   loss: 0.0940 -> 0.0835  accuracy: 96.97% -> 96.97%     
client [41] (testset)   loss: 0.0287 -> 0.0004  accuracy: 98.95% -> 100.00%    
client [95] (testset)   loss: 0.0325 -> 0.0001  accuracy: 99.28% -> 100.00%    
client [53] (testset)   loss: 0.0572 -> 0.0209  accuracy: 96.00% -> 100.00%    
client [22] (testset)   loss: 0.0236 -> 0.0015  accuracy: 97.87% -> 100.00%    
client [25] (testset)   loss: 0.0513 -> 0.0002  accuracy: 96.55% -> 100.00%    
client [69] (testset)   loss: 0.0514 -> 0.0077  accuracy: 98.54% -> 99.64%     
client [46] (testset)   loss: 0.0246 -> 0.0191  accuracy: 99.10% -> 99.55%     
---------------------------- TRAINING EPOCH: 150 ----------------------------  
client [47] (testset)   loss: 0.0869 -> 0.0167  accuracy: 97.73% -> 98.86%     
client [69] (testset)   loss: 0.0563 -> 0.0050  accuracy: 98.36% -> 99.64%     
client [82] (testset)   loss: 0.0222 -> 0.0147  accuracy: 98.59% -> 98.59%     
client [45] (testset)   loss: 0.0542 -> 0.0233  accuracy: 97.85% -> 99.69%     
client [7]  (testset)   loss: 0.0600 -> 0.0053  accuracy: 100.00% -> 100.00%   
client [50] (testset)   loss: 0.0737 -> 0.0052  accuracy: 97.95% -> 100.00%    
client [35] (testset)   loss: 0.0941 -> 0.0263  accuracy: 97.06% -> 99.02%     
client [24] (testset)   loss: 0.0229 -> 0.0402  accuracy: 100.00% -> 98.65%    
client [15] (testset)   loss: 0.1283 -> 0.0351  accuracy: 96.33% -> 99.08%     
client [58] (testset)   loss: 0.1159 -> 0.0434  accuracy: 95.74% -> 98.58%     
---------------------------- TRAINING EPOCH: 160 ----------------------------  
client [48] (testset)   loss: 0.0176 -> 0.0011  accuracy: 99.03% -> 100.00%    
client [76] (testset)   loss: 0.0105 -> 0.0494  accuracy: 100.00% -> 98.70%    
client [67] (testset)   loss: 0.0339 -> 0.0000  accuracy: 100.00% -> 100.00%   
client [37] (testset)   loss: 0.1025 -> 0.0840  accuracy: 97.40% -> 97.84%     
client [58] (testset)   loss: 0.0942 -> 0.0667  accuracy: 97.16% -> 98.58%     
client [64] (testset)   loss: 0.0637 -> 0.0369  accuracy: 97.78% -> 99.17%     
client [77] (testset)   loss: 0.0897 -> 0.0529  accuracy: 97.26% -> 98.63%     
client [55] (testset)   loss: 0.0214 -> 0.0047  accuracy: 99.74% -> 99.74%     
client [12] (testset)   loss: 0.0632 -> 0.0223  accuracy: 97.52% -> 99.01%     
client [89] (testset)   loss: 0.0107 -> 0.0068  accuracy: 100.00% -> 100.00%   
---------------------------- TRAINING EPOCH: 170 ----------------------------  
client [84] (testset)   loss: 0.0002 -> 0.0002  accuracy: 100.00% -> 100.00%   
client [51] (testset)   loss: 0.0231 -> 0.0023  accuracy: 100.00% -> 100.00%   
client [8]  (testset)   loss: 0.5673 -> 0.0004  accuracy: 85.71% -> 100.00%    
client [18] (testset)   loss: 0.0340 -> 0.0206  accuracy: 99.31% -> 99.66%     
client [94] (testset)   loss: 0.0008 -> 0.0000  accuracy: 100.00% -> 100.00%   
client [81] (testset)   loss: 0.0658 -> 0.0230  accuracy: 98.77% -> 99.38%     
client [3]  (testset)   loss: 0.0493 -> 0.0087  accuracy: 98.32% -> 99.58%     
client [11] (testset)   loss: 0.0000 -> 0.0001  accuracy: 100.00% -> 100.00%   
client [95] (testset)   loss: 0.0174 -> 0.0009  accuracy: 99.64% -> 100.00%    
client [67] (testset)   loss: 0.0300 -> 0.0000  accuracy: 97.30% -> 100.00%    
---------------------------- TRAINING EPOCH: 180 ----------------------------  
client [21] (testset)   loss: 0.0185 -> 0.0038  accuracy: 99.02% -> 100.00%    
client [79] (testset)   loss: 0.0055 -> 0.0002  accuracy: 100.00% -> 100.00%   
client [58] (testset)   loss: 0.0250 -> 0.0157  accuracy: 99.29% -> 99.29%     
client [88] (testset)   loss: 0.0932 -> 0.0178  accuracy: 97.06% -> 98.53%     
client [46] (testset)   loss: 0.0329 -> 0.0200  accuracy: 98.87% -> 99.55%     
client [11] (testset)   loss: 0.0000 -> 0.0000  accuracy: 100.00% -> 100.00%   
client [55] (testset)   loss: 0.0677 -> 0.0042  accuracy: 97.70% -> 99.74%     
client [13] (testset)   loss: 0.2164 -> 0.0393  accuracy: 95.83% -> 95.83%     
client [31] (testset)   loss: 0.0027 -> 0.0009  accuracy: 100.00% -> 100.00%   
client [75] (testset)   loss: 0.1240 -> 0.0197  accuracy: 96.90% -> 99.38%     
---------------------------- TRAINING EPOCH: 190 ----------------------------  
client [19] (testset)   loss: 0.0669 -> 0.0201  accuracy: 96.30% -> 100.00%    
client [7]  (testset)   loss: 0.0031 -> 0.0003  accuracy: 100.00% -> 100.00%   
client [57] (testset)   loss: 0.0016 -> 0.0001  accuracy: 100.00% -> 100.00%   
client [13] (testset)   loss: 0.0630 -> 0.0077  accuracy: 95.83% -> 100.00%    
client [43] (testset)   loss: 0.1167 -> 0.0595  accuracy: 98.40% -> 98.93%     
client [91] (testset)   loss: 0.0354 -> 0.0097  accuracy: 98.84% -> 99.83%     
client [10] (testset)   loss: 0.0061 -> 0.0008  accuracy: 100.00% -> 100.00%   
client [64] (testset)   loss: 0.0242 -> 0.0120  accuracy: 99.17% -> 99.72%     
client [82] (testset)   loss: 0.0033 -> 0.0035  accuracy: 100.00% -> 100.00%   
client [22] (testset)   loss: 0.0106 -> 0.0032  accuracy: 100.00% -> 100.00%   
---------------------------- TRAINING EPOCH: 200 ----------------------------  
client [20] (testset)   loss: 0.1053 -> 0.0593  accuracy: 95.93% -> 98.64%     
client [23] (testset)   loss: 0.0005 -> 0.0000  accuracy: 100.00% -> 100.00%   
client [88] (testset)   loss: 0.1236 -> 0.0101  accuracy: 97.06% -> 100.00%    
client [98] (testset)   loss: 0.0456 -> 0.0281  accuracy: 97.06% -> 97.06%     
client [79] (testset)   loss: 0.0023 -> 0.0002  accuracy: 100.00% -> 100.00%   
client [21] (testset)   loss: 0.0126 -> 0.0091  accuracy: 99.02% -> 99.02%     
client [92] (testset)   loss: 0.0000 -> 0.0000  accuracy: 100.00% -> 100.00%   
client [56] (testset)   loss: 0.0196 -> 0.0000  accuracy: 98.92% -> 100.00%    
client [5]  (testset)   loss: 0.0241 -> 0.0063  accuracy: 98.62% -> 100.00%    
client [52] (testset)   loss: 0.0094 -> 0.0000  accuracy: 100.00% -> 100.00%   
---------------------------- TRAINING EPOCH: 210 ----------------------------  
client [67] (testset)   loss: 0.0001 -> 0.0000  accuracy: 100.00% -> 100.00%   
client [54] (testset)   loss: 0.0045 -> 0.0052  accuracy: 100.00% -> 100.00%   
client [14] (testset)   loss: 0.0264 -> 0.0323  accuracy: 98.61% -> 98.61%     
client [99] (testset)   loss: 0.0616 -> 0.0108  accuracy: 95.24% -> 100.00%    
client [36] (testset)   loss: 0.1112 -> 0.0349  accuracy: 97.97% -> 99.49%     
client [30] (testset)   loss: 0.0009 -> 0.0269  accuracy: 100.00% -> 97.50%    
client [38] (testset)   loss: 0.0955 -> 0.0338  accuracy: 98.25% -> 98.25%     
client [15] (testset)   loss: 0.1441 -> 0.0703  accuracy: 97.25% -> 99.08%     
client [6]  (testset)   loss: 0.0688 -> 0.0054  accuracy: 97.40% -> 99.74%     
client [53] (testset)   loss: 0.0620 -> 0.0007  accuracy: 96.00% -> 100.00%    
---------------------------- TRAINING EPOCH: 220 ----------------------------  
client [99] (testset)   loss: 0.0395 -> 0.0423  accuracy: 100.00% -> 95.24%    
client [6]  (testset)   loss: 0.0272 -> 0.0072  accuracy: 98.44% -> 99.74%     
client [83] (testset)   loss: 0.1028 -> 0.0797  accuracy: 97.86% -> 98.22%     
client [42] (testset)   loss: 0.1154 -> 0.1032  accuracy: 98.36% -> 98.91%     
client [34] (testset)   loss: 0.0462 -> 0.0896  accuracy: 94.44% -> 94.44%     
client [15] (testset)   loss: 0.1068 -> 0.0765  accuracy: 98.17% -> 99.08%     
client [47] (testset)   loss: 0.1076 -> 0.0168  accuracy: 96.59% -> 98.86%     
client [55] (testset)   loss: 0.0180 -> 0.0085  accuracy: 99.49% -> 99.74%     
client [51] (testset)   loss: 0.0006 -> 0.0001  accuracy: 100.00% -> 100.00%   
client [95] (testset)   loss: 0.0188 -> 0.0001  accuracy: 99.64% -> 100.00%    
---------------------------- TRAINING EPOCH: 230 ----------------------------  
client [71] (testset)   loss: 0.0213 -> 0.0010  accuracy: 99.77% -> 100.00%    
client [15] (testset)   loss: 0.1201 -> 0.0586  accuracy: 97.25% -> 99.08%     
client [33] (testset)   loss: 0.1073 -> 0.0686  accuracy: 98.69% -> 99.18%     
client [99] (testset)   loss: 0.0262 -> 0.0142  accuracy: 100.00% -> 100.00%   
client [90] (testset)   loss: 0.0320 -> 0.0291  accuracy: 99.27% -> 98.91%     
client [57] (testset)   loss: 0.0109 -> 0.0004  accuracy: 99.52% -> 100.00%    
client [27] (testset)   loss: 0.0217 -> 0.0011  accuracy: 99.47% -> 100.00%    
client [78] (testset)   loss: 0.0531 -> 0.0349  accuracy: 98.73% -> 99.36%     
client [36] (testset)   loss: 0.1101 -> 0.0348  accuracy: 97.97% -> 99.49%     
client [88] (testset)   loss: 0.2056 -> 0.0324  accuracy: 97.06% -> 98.53%     
---------------------------- TRAINING EPOCH: 240 ----------------------------  
client [70] (testset)   loss: 0.0391 -> 0.0119  accuracy: 98.35% -> 99.63%     
client [35] (testset)   loss: 0.1076 -> 0.0190  accuracy: 96.08% -> 99.02%     
client [16] (testset)   loss: 0.0002 -> 0.0001  accuracy: 100.00% -> 100.00%   
client [80] (testset)   loss: 0.0016 -> 0.0002  accuracy: 100.00% -> 100.00%   
client [38] (testset)   loss: 0.0791 -> 0.0807  accuracy: 98.25% -> 98.25%     
client [78] (testset)   loss: 0.0938 -> 0.0287  accuracy: 97.45% -> 99.36%     
client [68] (testset)   loss: 0.0034 -> 0.0399  accuracy: 100.00% -> 98.31%    
client [11] (testset)   loss: 0.0000 -> 0.0000  accuracy: 100.00% -> 100.00%   
client [64] (testset)   loss: 0.0264 -> 0.0117  accuracy: 99.17% -> 99.17%     
client [82] (testset)   loss: 0.0023 -> 0.0049  accuracy: 100.00% -> 100.00%   
---------------------------- TRAINING EPOCH: 250 ----------------------------  
client [30] (testset)   loss: 0.0000 -> 0.0321  accuracy: 100.00% -> 97.50%    
client [27] (testset)   loss: 0.0135 -> 0.0006  accuracy: 99.47% -> 100.00%    
client [74] (testset)   loss: 0.0916 -> 0.1095  accuracy: 98.46% -> 98.77%     
client [45] (testset)   loss: 0.0351 -> 0.0250  accuracy: 99.08% -> 99.69%     
client [6]  (testset)   loss: 0.0351 -> 0.0065  accuracy: 98.18% -> 99.74%     
client [36] (testset)   loss: 0.1166 -> 0.0520  accuracy: 97.46% -> 98.98%     
client [63] (testset)   loss: 0.0589 -> 0.0220  accuracy: 98.54% -> 99.27%     
client [76] (testset)   loss: 0.0053 -> 0.0274  accuracy: 100.00% -> 98.70%    
client [83] (testset)   loss: 0.1258 -> 0.0975  accuracy: 98.22% -> 97.86%     
client [86] (testset)   loss: 0.1344 -> 0.0003  accuracy: 95.89% -> 100.00%    
---------------------------- TRAINING EPOCH: 260 ----------------------------  
client [83] (testset)   loss: 0.1129 -> 0.0880  accuracy: 98.22% -> 97.86%     
client [99] (testset)   loss: 0.0460 -> 0.0078  accuracy: 95.24% -> 100.00%    
client [74] (testset)   loss: 0.0718 -> 0.0980  accuracy: 99.08% -> 98.77%     
client [73] (testset)   loss: 0.0010 -> 0.0601  accuracy: 100.00% -> 97.06%    
client [29] (testset)   loss: 0.0912 -> 0.0195  accuracy: 95.94% -> 99.63%     
client [92] (testset)   loss: 0.0000 -> 0.0000  accuracy: 100.00% -> 100.00%   
client [6]  (testset)   loss: 0.0680 -> 0.0074  accuracy: 98.18% -> 99.74%     
client [61] (testset)   loss: 0.0235 -> 0.0004  accuracy: 99.41% -> 100.00%    
client [21] (testset)   loss: 0.0068 -> 0.0043  accuracy: 100.00% -> 100.00%   
client [67] (testset)   loss: 0.0002 -> 0.0000  accuracy: 100.00% -> 100.00%   
---------------------------- TRAINING EPOCH: 270 ----------------------------  
client [83] (testset)   loss: 0.1468 -> 0.0938  accuracy: 97.86% -> 98.22%     
client [32] (testset)   loss: 0.1648 -> 0.0733  accuracy: 96.03% -> 98.41%     
client [95] (testset)   loss: 0.0348 -> 0.0001  accuracy: 99.28% -> 100.00%    
client [61] (testset)   loss: 0.0334 -> 0.0003  accuracy: 99.12% -> 100.00%    
client [27] (testset)   loss: 0.0320 -> 0.0004  accuracy: 99.47% -> 100.00%    
client [25] (testset)   loss: 0.0466 -> 0.0024  accuracy: 97.70% -> 100.00%    
client [68] (testset)   loss: 0.0085 -> 0.0302  accuracy: 100.00% -> 98.31%    
client [34] (testset)   loss: 0.0726 -> 0.2300  accuracy: 94.44% -> 94.44%     
client [71] (testset)   loss: 0.0230 -> 0.0039  accuracy: 99.54% -> 99.77%     
client [89] (testset)   loss: 0.0037 -> 0.0024  accuracy: 100.00% -> 100.00%   
---------------------------- TRAINING EPOCH: 280 ----------------------------  
client [78] (testset)   loss: 0.1407 -> 0.0401  accuracy: 97.45% -> 98.73%     
client [81] (testset)   loss: 0.0384 -> 0.0261  accuracy: 99.38% -> 99.38%     
client [51] (testset)   loss: 0.0082 -> 0.0001  accuracy: 100.00% -> 100.00%   
client [54] (testset)   loss: 0.0007 -> 0.0018  accuracy: 100.00% -> 100.00%   
client [65] (testset)   loss: 0.1036 -> 0.0364  accuracy: 98.32% -> 98.74%     
client [41] (testset)   loss: 0.0341 -> 0.0001  accuracy: 97.89% -> 100.00%    
client [11] (testset)   loss: 0.0000 -> 0.0001  accuracy: 100.00% -> 100.00%   
client [85] (testset)   loss: 0.0879 -> 0.0194  accuracy: 97.93% -> 98.45%     
client [12] (testset)   loss: 0.0813 -> 0.0241  accuracy: 98.02% -> 99.50%     
client [23] (testset)   loss: 0.0019 -> 0.0001  accuracy: 100.00% -> 100.00%   
---------------------------- TRAINING EPOCH: 290 ----------------------------  
client [16] (testset)   loss: 0.0252 -> 0.0000  accuracy: 98.57% -> 100.00%    
client [65] (testset)   loss: 0.0633 -> 0.0435  accuracy: 98.74% -> 98.74%     
client [53] (testset)   loss: 0.0181 -> 0.0075  accuracy: 100.00% -> 100.00%   
client [58] (testset)   loss: 0.0769 -> 0.0429  accuracy: 97.87% -> 98.58%     
client [72] (testset)   loss: 0.0458 -> 0.0007  accuracy: 99.09% -> 100.00%    
client [7]  (testset)   loss: 0.0167 -> 0.0039  accuracy: 100.00% -> 100.00%   
client [71] (testset)   loss: 0.0228 -> 0.0032  accuracy: 99.30% -> 99.77%     
client [59] (testset)   loss: 0.0000 -> 0.0000  accuracy: 100.00% -> 100.00%   
client [86] (testset)   loss: 0.1112 -> 0.0021  accuracy: 96.99% -> 99.73%     
client [39] (testset)   loss: 0.0125 -> 0.0023  accuracy: 99.26% -> 99.75%     
---------------------------- TRAINING EPOCH: 300 ----------------------------  
client [99] (testset)   loss: 0.0874 -> 0.0930  accuracy: 95.24% -> 95.24%     
client [7]  (testset)   loss: 0.0119 -> 0.0001  accuracy: 100.00% -> 100.00%   
client [17] (testset)   loss: 0.0014 -> 0.0016  accuracy: 100.00% -> 100.00%   
client [64] (testset)   loss: 0.0514 -> 0.0230  accuracy: 98.33% -> 99.17%     
client [37] (testset)   loss: 0.0963 -> 0.0593  accuracy: 97.84% -> 97.40%     
client [29] (testset)   loss: 0.0558 -> 0.0221  accuracy: 98.52% -> 99.63%     
client [93] (testset)   loss: 0.0013 -> 0.0001  accuracy: 100.00% -> 100.00%   
client [73] (testset)   loss: 0.0008 -> 0.0545  accuracy: 100.00% -> 97.06%    
client [40] (testset)   loss: 0.0007 -> 0.0001  accuracy: 100.00% -> 100.00%   
client [76] (testset)   loss: 0.0211 -> 0.0545  accuracy: 98.70% -> 98.70%     
---------------------------- TRAINING EPOCH: 310 ----------------------------  
client [31] (testset)   loss: 0.0157 -> 0.0461  accuracy: 100.00% -> 100.00%   
client [89] (testset)   loss: 0.0031 -> 0.0023  accuracy: 100.00% -> 100.00%   
client [77] (testset)   loss: 0.0731 -> 0.0536  accuracy: 97.95% -> 99.32%     
client [90] (testset)   loss: 0.0573 -> 0.0386  accuracy: 98.18% -> 98.91%     
client [26] (testset)   loss: 0.0107 -> 0.0984  accuracy: 100.00% -> 95.83%    
client [50] (testset)   loss: 0.0037 -> 0.0044  accuracy: 100.00% -> 100.00%   
client [30] (testset)   loss: 0.0008 -> 0.0125  accuracy: 100.00% -> 100.00%   
client [70] (testset)   loss: 0.0332 -> 0.0106  accuracy: 98.72% -> 99.63%     
client [41] (testset)   loss: 0.0269 -> 0.0004  accuracy: 98.95% -> 100.00%    
client [99] (testset)   loss: 0.0279 -> 0.0687  accuracy: 100.00% -> 95.24%    
---------------------------- TRAINING EPOCH: 320 ----------------------------  
client [68] (testset)   loss: 0.0047 -> 0.0093  accuracy: 100.00% -> 100.00%   
client [70] (testset)   loss: 0.0428 -> 0.0111  accuracy: 98.35% -> 99.63%     
client [52] (testset)   loss: 0.0180 -> 0.0000  accuracy: 98.68% -> 100.00%    
client [1]  (testset)   loss: 0.0226 -> 0.0944  accuracy: 100.00% -> 96.67%    
client [2]  (testset)   loss: 0.0361 -> 0.0222  accuracy: 99.05% -> 99.24%     
client [67] (testset)   loss: 0.0000 -> 0.0000  accuracy: 100.00% -> 100.00%   
client [92] (testset)   loss: 0.0000 -> 0.0000  accuracy: 100.00% -> 100.00%   
client [35] (testset)   loss: 0.1562 -> 0.0296  accuracy: 96.08% -> 99.02%     
client [36] (testset)   loss: 0.0968 -> 0.0521  accuracy: 98.48% -> 98.48%     
client [64] (testset)   loss: 0.0368 -> 0.0167  accuracy: 98.61% -> 99.17%     
---------------------------- TRAINING EPOCH: 330 ----------------------------  
client [44] (testset)   loss: 0.0451 -> 0.0182  accuracy: 98.81% -> 99.40%     
client [6]  (testset)   loss: 0.0366 -> 0.0110  accuracy: 98.44% -> 99.48%     
client [12] (testset)   loss: 0.0588 -> 0.0226  accuracy: 98.02% -> 99.50%     
client [55] (testset)   loss: 0.0085 -> 0.0018  accuracy: 99.74% -> 100.00%    
client [29] (testset)   loss: 0.0786 -> 0.0274  accuracy: 96.68% -> 99.63%     
client [9]  (testset)   loss: 0.0597 -> 0.0246  accuracy: 97.88% -> 99.02%     
client [43] (testset)   loss: 0.1321 -> 0.0834  accuracy: 97.86% -> 98.93%     
client [77] (testset)   loss: 0.0568 -> 0.0372  accuracy: 97.26% -> 99.32%     
client [98] (testset)   loss: 0.0511 -> 0.0142  accuracy: 97.06% -> 100.00%    
client [78] (testset)   loss: 0.1576 -> 0.0283  accuracy: 96.82% -> 99.36%     
---------------------------- TRAINING EPOCH: 340 ----------------------------  
client [92] (testset)   loss: 0.0000 -> 0.0000  accuracy: 100.00% -> 100.00%   
client [80] (testset)   loss: 0.0024 -> 0.0003  accuracy: 100.00% -> 100.00%   
client [63] (testset)   loss: 0.0377 -> 0.0295  accuracy: 99.27% -> 99.27%     
client [76] (testset)   loss: 0.0012 -> 0.0201  accuracy: 100.00% -> 98.70%    
client [78] (testset)   loss: 0.0774 -> 0.0466  accuracy: 98.09% -> 98.73%     
client [25] (testset)   loss: 0.0047 -> 0.0000  accuracy: 100.00% -> 100.00%   
client [58] (testset)   loss: 0.0332 -> 0.0019  accuracy: 98.58% -> 100.00%    
client [13] (testset)   loss: 0.0142 -> 0.0013  accuracy: 100.00% -> 100.00%   
client [17] (testset)   loss: 0.0095 -> 0.0055  accuracy: 100.00% -> 99.61%    
client [38] (testset)   loss: 0.1116 -> 0.0839  accuracy: 98.25% -> 98.25%     
---------------------------- TRAINING EPOCH: 350 ----------------------------  
client [72] (testset)   loss: 0.0485 -> 0.0020  accuracy: 98.18% -> 100.00%    
client [82] (testset)   loss: 0.0045 -> 0.0054  accuracy: 100.00% -> 100.00%   
client [86] (testset)   loss: 0.0749 -> 0.0011  accuracy: 96.71% -> 100.00%    
client [51] (testset)   loss: 0.0000 -> 0.0000  accuracy: 100.00% -> 100.00%   
client [96] (testset)   loss: 0.0420 -> 0.0006  accuracy: 99.02% -> 100.00%    
client [42] (testset)   loss: 0.1300 -> 0.1097  accuracy: 98.36% -> 98.91%     
client [55] (testset)   loss: 0.0349 -> 0.0008  accuracy: 98.98% -> 100.00%    
client [13] (testset)   loss: 0.1130 -> 0.0106  accuracy: 95.83% -> 100.00%    
client [1]  (testset)   loss: 0.0260 -> 0.0328  accuracy: 98.33% -> 98.33%     
client [12] (testset)   loss: 0.0236 -> 0.0217  accuracy: 99.01% -> 99.01%     
---------------------------- TRAINING EPOCH: 360 ----------------------------  
client [68] (testset)   loss: 0.0023 -> 0.0056  accuracy: 100.00% -> 100.00%   
client [23] (testset)   loss: 0.0031 -> 0.0004  accuracy: 100.00% -> 100.00%   
client [46] (testset)   loss: 0.0351 -> 0.0216  accuracy: 98.87% -> 99.32%     
client [41] (testset)   loss: 0.0131 -> 0.0003  accuracy: 100.00% -> 100.00%   
client [25] (testset)   loss: 0.0048 -> 0.0000  accuracy: 100.00% -> 100.00%   
client [58] (testset)   loss: 0.0162 -> 0.0108  accuracy: 99.29% -> 99.29%     
client [14] (testset)   loss: 0.0662 -> 0.0263  accuracy: 97.22% -> 98.61%     
client [33] (testset)   loss: 0.0861 -> 0.0698  accuracy: 98.69% -> 99.35%     
client [85] (testset)   loss: 0.0547 -> 0.0304  accuracy: 97.41% -> 99.48%     
client [62] (testset)   loss: 0.0002 -> 0.0000  accuracy: 100.00% -> 100.00%   
---------------------------- TRAINING EPOCH: 370 ----------------------------  
client [98] (testset)   loss: 0.1409 -> 0.1117  accuracy: 97.06% -> 97.06%     
client [63] (testset)   loss: 0.0458 -> 0.0222  accuracy: 98.54% -> 99.27%     
client [70] (testset)   loss: 0.0466 -> 0.0107  accuracy: 98.90% -> 99.63%     
client [65] (testset)   loss: 0.0906 -> 0.0532  accuracy: 98.74% -> 98.74%     
client [14] (testset)   loss: 0.0414 -> 0.0435  accuracy: 97.92% -> 98.61%     
client [73] (testset)   loss: 0.0060 -> 0.0002  accuracy: 100.00% -> 100.00%   
client [34] (testset)   loss: 0.0163 -> 0.0470  accuracy: 100.00% -> 94.44%    
client [99] (testset)   loss: 0.0185 -> 0.0240  accuracy: 100.00% -> 100.00%   
client [69] (testset)   loss: 0.0354 -> 0.0057  accuracy: 98.91% -> 99.64%     
client [46] (testset)   loss: 0.0260 -> 0.0155  accuracy: 99.32% -> 99.10%     
---------------------------- TRAINING EPOCH: 380 ----------------------------  
client [99] (testset)   loss: 0.0173 -> 0.0155  accuracy: 100.00% -> 100.00%   
client [93] (testset)   loss: 0.0013 -> 0.0001  accuracy: 100.00% -> 100.00%   
client [11] (testset)   loss: 0.0000 -> 0.0000  accuracy: 100.00% -> 100.00%   
client [58] (testset)   loss: 0.0313 -> 0.0018  accuracy: 99.29% -> 100.00%    
client [81] (testset)   loss: 0.0521 -> 0.0221  accuracy: 99.38% -> 99.38%     
client [85] (testset)   loss: 0.0508 -> 0.0107  accuracy: 97.93% -> 99.48%     
client [89] (testset)   loss: 0.0002 -> 0.0005  accuracy: 100.00% -> 100.00%   
client [45] (testset)   loss: 0.0531 -> 0.0281  accuracy: 98.47% -> 99.69%     
client [8]  (testset)   loss: 0.2955 -> 0.0488  accuracy: 92.86% -> 97.62%     
client [68] (testset)   loss: 0.0034 -> 0.0122  accuracy: 100.00% -> 98.31%    
---------------------------- TRAINING EPOCH: 390 ----------------------------  
client [67] (testset)   loss: 0.0006 -> 0.0000  accuracy: 100.00% -> 100.00%   
client [72] (testset)   loss: 0.0267 -> 0.0004  accuracy: 99.09% -> 100.00%    
client [1]  (testset)   loss: 0.0418 -> 0.0275  accuracy: 98.33% -> 98.33%     
client [78] (testset)   loss: 0.1326 -> 0.0668  accuracy: 97.45% -> 98.73%     
client [83] (testset)   loss: 0.1221 -> 0.0887  accuracy: 97.86% -> 98.22%     
client [21] (testset)   loss: 0.0186 -> 0.0092  accuracy: 99.02% -> 99.02%     
client [56] (testset)   loss: 0.0051 -> 0.0000  accuracy: 100.00% -> 100.00%   
client [44] (testset)   loss: 0.0471 -> 0.0229  accuracy: 98.21% -> 98.81%     
client [92] (testset)   loss: 0.0000 -> 0.0000  accuracy: 100.00% -> 100.00%   
client [27] (testset)   loss: 0.0049 -> 0.0006  accuracy: 100.00% -> 100.00%   
---------------------------- TRAINING EPOCH: 400 ----------------------------  
client [10] (testset)   loss: 0.0003 -> 0.0002  accuracy: 100.00% -> 100.00%   
client [39] (testset)   loss: 0.0218 -> 0.0055  accuracy: 99.51% -> 99.75%     
client [65] (testset)   loss: 0.0927 -> 0.0454  accuracy: 98.74% -> 98.74%     
client [26] (testset)   loss: 0.0085 -> 0.0103  accuracy: 100.00% -> 100.00%   
client [19] (testset)   loss: 0.0445 -> 0.0221  accuracy: 98.15% -> 98.15%     
client [68] (testset)   loss: 0.0021 -> 0.0051  accuracy: 100.00% -> 100.00%   
client [41] (testset)   loss: 0.0143 -> 0.0001  accuracy: 98.95% -> 100.00%    
client [50] (testset)   loss: 0.0104 -> 0.0045  accuracy: 99.49% -> 99.49%     
client [75] (testset)   loss: 0.0622 -> 0.0277  accuracy: 98.76% -> 99.07%     
client [81] (testset)   loss: 0.0389 -> 0.0267  accuracy: 99.38% -> 99.38%     
FedDpag's average time taken by each global epoch: 0 min 2.54 sec.             
FedDpag's total running time: 0 h 17 m 6 s.                                    
==================== FedDpag Experiment Results: ====================          
Display format: (before local fine-tuning) -> (after local fine-tuning)        
 So if finetune_epoch = 0, x.xx% -> 0.00% is normal.                           
 Centralized testing ONLY happens after model aggregation, so the stats between
'->' are the same.                                                             
{                                                                              
    "100": {                                                                   
        "all_clients": {                                                       
            "test": {                                                          
                "loss": "0.0719 -> 0.0000",                                    
                "accuracy": "97.92% -> 0.00%"                                  
            }                                                                  
        }                                                                      
    },                                                                         
    "200": {                                                                   
        "all_clients": {                                                       
            "test": {                                                          
                "loss": "0.0528 -> 0.0000",                                    
                "accuracy": "98.43% -> 0.00%"                                  
            }                                                                  
        }                                                                      
    },                                                                         
    "300": {                                                                   
        "all_clients": {                                                       
            "test": {                                                          
                "loss": "0.0450 -> 0.0000",                                    
                "accuracy": "98.79% -> 0.00%"                                  
            }                                                                  
        }                                                                      
    },                                                                         
    "400": {                                                                   
        "all_clients": {                                                       
            "test": {                                                          
                "loss": "0.0473 -> 0.0000",                                    
                "accuracy": "98.78% -> 0.00%"                                  
            }                                                                  
        }                                                                      
    }                                                                          
}                                                                              
==================== FedDpag Max Accuracy ====================                 
all_clients:                                                                   
(test) before fine-tuning: 98.79% at epoch 300                                 
(test) after fine-tuning: 0.00% at epoch 100                                   
