==================== Floco ====================                                
Experiment Arguments:                                                          
{
    'method': 'floco',
    'dataset': {
        'name': 'cifar100',
        'client_num': 100,
        'test_ratio': 0.25,
        'val_ratio': 0.0,
        'seed': 42,
        'split': 'sample',
        'IID_ratio': 0.0,
        'monitor_window_name_suffix': 'cifar100-100clients-0%IID-use20superclasses-Dir(0.5)-seed42',
        'super_class': False,
        'alpha': 0.5,
        'min_samples_per_client': 10
    },
    'model': {
        'name': 'avgcnn',
        'use_torchvision_pretrained_weights': True,
        'external_model_weights_path': None
    },
    'optimizer': {
        'lr': 0.01,
        'dampening': 0,
        'weight_decay': 0,
        'momentum': 0.7,
        'nesterov': False,
        'name': 'sgd'
    },
    'mode': 'serial',
    'parallel': {
        'ray_cluster_addr': None,
        'num_cpus': None,
        'num_gpus': None,
        'num_workers': 2
    },
    'common': {
        'seed': 42,
        'join_ratio': 0.1,
        'global_epoch': 400,
        'local_epoch': 5,
        'batch_size': 32,
        'reset_optimizer_on_global_epoch': True,
        'straggler_ratio': 0,
        'straggler_min_local_epoch': 0,
        'buffers': 'global',
        'client_side_evaluation': True,
        'test': {
            'client': {
                'interval': 100,
                'finetune_epoch': 5,
                'train': False,
                'val': False,
                'test': True
            },
            'server': {
                'interval': -1,
                'train': False,
                'val': False,
                'test': True,
                'model_in_train_mode': False
            }
        },
        'verbose_gap': 10,
        'monitor': None,
        'use_cuda': True,
        'save_log': True,
        'save_model': False,
        'save_learning_curve_plot': True,
        'save_metrics': True,
        'delete_useless_run': True
    },
    'fedprox': {
        'mu': 0.01
    },
    'pfedsim': {
        'warmup_round': 0.5
    },
    'floco': {
        'endpoints': 10,
        'tau': 10,
        'rho': 0.1,
        'pers_epoch': 0,
        'lamda': 1
    }
}
---------------------------- TRAINING EPOCH: 10 ----------------------------   
client [77] (testset)   loss: 3.7832 -> 3.4980  accuracy: 12.59% -> 17.48%     
client [81] (testset)   loss: 3.5584 -> 3.2267  accuracy: 17.19% -> 23.44%     
client [21] (testset)   loss: 3.7822 -> 3.8660  accuracy: 10.17% -> 16.10%     
client [68] (testset)   loss: 3.6571 -> 3.3455  accuracy: 16.54% -> 18.80%     
client [93] (testset)   loss: 3.9003 -> 3.4912  accuracy: 13.77% -> 22.46%     
client [31] (testset)   loss: 3.6746 -> 3.4882  accuracy: 16.39% -> 20.49%     
client [20] (testset)   loss: 3.4170 -> 3.5826  accuracy: 18.38% -> 20.59%     
client [59] (testset)   loss: 3.8254 -> 3.3314  accuracy: 11.66% -> 23.93%     
client [48] (testset)   loss: 3.8855 -> 3.6436  accuracy: 11.85% -> 18.52%     
client [34] (testset)   loss: 3.6968 -> 3.5931  accuracy: 18.40% -> 24.00%     
---------------------------- TRAINING EPOCH: 20 ----------------------------   
client [69] (testset)   loss: 3.5825 -> 4.4924  accuracy: 20.33% -> 22.76%     
client [99] (testset)   loss: 4.0646 -> 5.1282  accuracy: 9.74% -> 20.13%      
client [67] (testset)   loss: 3.8970 -> 4.8712  accuracy: 17.16% -> 23.08%     
client [0]  (testset)   loss: 4.0388 -> 5.1821  accuracy: 16.67% -> 15.52%     
client [76] (testset)   loss: 3.7711 -> 4.8129  accuracy: 13.82% -> 18.70%     
client [41] (testset)   loss: 4.3179 -> 4.9276  accuracy: 12.63% -> 22.11%     
client [62] (testset)   loss: 4.1114 -> 4.5794  accuracy: 12.43% -> 17.75%     
client [2]  (testset)   loss: 3.9643 -> 4.4094  accuracy: 10.06% -> 19.55%     
client [14] (testset)   loss: 3.6031 -> 4.9376  accuracy: 18.60% -> 20.35%     
client [46] (testset)   loss: 4.6842 -> 6.4397  accuracy: 11.05% -> 13.37%     
---------------------------- TRAINING EPOCH: 30 ----------------------------   
client [24] (testset)   loss: 4.0780 -> 4.8055  accuracy: 10.16% -> 18.75%     
client [68] (testset)   loss: 3.8349 -> 4.5735  accuracy: 21.05% -> 18.05%     
client [57] (testset)   loss: 4.1429 -> 4.6212  accuracy: 8.76% -> 19.71%      
client [17] (testset)   loss: 5.2222 -> 5.4536  accuracy: 7.97% -> 17.39%      
client [54] (testset)   loss: 3.8103 -> 4.2493  accuracy: 13.89% -> 22.22%     
client [23] (testset)   loss: 4.1059 -> 5.1149  accuracy: 9.93% -> 17.73%      
client [35] (testset)   loss: 3.9749 -> 4.8136  accuracy: 15.24% -> 20.12%     
client [59] (testset)   loss: 3.7674 -> 4.6518  accuracy: 22.09% -> 26.38%     
client [31] (testset)   loss: 3.6202 -> 4.7462  accuracy: 18.85% -> 20.49%     
client [9]  (testset)   loss: 3.9488 -> 5.1112  accuracy: 9.03% -> 15.97%      
---------------------------- TRAINING EPOCH: 40 ----------------------------   
client [64] (testset)   loss: 4.9789 -> 5.2246  accuracy: 14.75% -> 21.86%     
client [33] (testset)   loss: 4.2823 -> 4.7836  accuracy: 20.63% -> 23.02%     
client [16] (testset)   loss: 4.2433 -> 5.3610  accuracy: 18.12% -> 22.82%     
client [44] (testset)   loss: 4.0911 -> 4.3406  accuracy: 18.12% -> 26.85%     
client [8]  (testset)   loss: 4.1466 -> 5.1267  accuracy: 20.69% -> 15.17%     
client [31] (testset)   loss: 3.6412 -> 4.6219  accuracy: 20.49% -> 24.59%     
client [47] (testset)   loss: 3.9471 -> 4.4530  accuracy: 19.57% -> 21.74%     
client [36] (testset)   loss: 3.4939 -> 4.2287  accuracy: 23.89% -> 25.66%     
client [20] (testset)   loss: 3.6790 -> 4.7672  accuracy: 23.53% -> 24.26%     
client [56] (testset)   loss: 4.2142 -> 5.0325  accuracy: 11.90% -> 15.08%     
---------------------------- TRAINING EPOCH: 50 ----------------------------   
client [4]  (testset)   loss: 5.0264 -> 4.7219  accuracy: 17.50% -> 18.33%     
client [60] (testset)   loss: 3.8962 -> 4.7173  accuracy: 17.21% -> 24.59%     
client [28] (testset)   loss: 4.7269 -> 4.9298  accuracy: 15.15% -> 23.64%     
client [25] (testset)   loss: 4.8102 -> 4.5516  accuracy: 18.82% -> 24.19%     
client [58] (testset)   loss: 4.6076 -> 4.8005  accuracy: 14.84% -> 23.87%     
client [44] (testset)   loss: 3.9396 -> 4.3502  accuracy: 22.15% -> 24.16%     
client [39] (testset)   loss: 4.4136 -> 5.0918  accuracy: 16.06% -> 18.25%     
client [29] (testset)   loss: 5.1766 -> 5.4492  accuracy: 14.81% -> 18.52%     
client [3]  (testset)   loss: 5.3553 -> 4.8260  accuracy: 10.36% -> 23.32%     
client [84] (testset)   loss: 4.9458 -> 5.5801  accuracy: 12.57% -> 19.76%     
---------------------------- TRAINING EPOCH: 60 ----------------------------   
client [21] (testset)   loss: 4.3807 -> 5.2927  accuracy: 16.10% -> 22.03%     
client [84] (testset)   loss: 5.1475 -> 5.7885  accuracy: 11.98% -> 19.76%     
client [10] (testset)   loss: 4.2769 -> 4.3247  accuracy: 16.95% -> 24.29%     
client [36] (testset)   loss: 3.5494 -> 4.1146  accuracy: 25.66% -> 30.97%     
client [65] (testset)   loss: 3.9346 -> 4.6445  accuracy: 20.69% -> 27.59%     
client [81] (testset)   loss: 4.0651 -> 4.6442  accuracy: 25.52% -> 24.48%     
client [79] (testset)   loss: 6.2327 -> 5.1862  accuracy: 19.29% -> 28.57%     
client [42] (testset)   loss: 4.4175 -> 4.4141  accuracy: 18.12% -> 24.64%     
client [11] (testset)   loss: 4.0391 -> 3.9473  accuracy: 19.20% -> 25.60%     
client [96] (testset)   loss: 4.4086 -> 4.8934  accuracy: 18.71% -> 23.87%     
---------------------------- TRAINING EPOCH: 70 ----------------------------   
client [8]  (testset)   loss: 4.0809 -> 4.5147  accuracy: 20.69% -> 20.69%     
client [53] (testset)   loss: 4.6944 -> 4.6655  accuracy: 11.61% -> 22.58%     
client [52] (testset)   loss: 4.3250 -> 4.9448  accuracy: 17.74% -> 26.34%     
client [42] (testset)   loss: 4.0400 -> 4.2095  accuracy: 21.01% -> 24.64%     
client [69] (testset)   loss: 3.5264 -> 4.6264  accuracy: 25.20% -> 27.64%     
client [59] (testset)   loss: 3.7277 -> 4.4890  accuracy: 25.15% -> 29.45%     
client [7]  (testset)   loss: 5.3184 -> 6.0207  accuracy: 13.67% -> 13.67%     
client [26] (testset)   loss: 4.1792 -> 4.5274  accuracy: 14.38% -> 25.34%     
client [49] (testset)   loss: 4.2733 -> 5.3612  accuracy: 15.45% -> 16.36%     
client [98] (testset)   loss: 4.5042 -> 5.5827  accuracy: 14.69% -> 20.90%     
---------------------------- TRAINING EPOCH: 80 ----------------------------   
client [98] (testset)   loss: 4.9849 -> 5.8116  accuracy: 14.12% -> 20.90%     
client [47] (testset)   loss: 4.2454 -> 4.3672  accuracy: 20.29% -> 26.09%     
client [21] (testset)   loss: 4.2209 -> 5.1661  accuracy: 22.03% -> 19.49%     
client [77] (testset)   loss: 4.1614 -> 4.7502  accuracy: 20.98% -> 22.38%     
client [95] (testset)   loss: 4.4630 -> 5.0607  accuracy: 14.46% -> 20.48%     
client [91] (testset)   loss: 4.8874 -> 5.5808  accuracy: 16.99% -> 18.95%     
client [14] (testset)   loss: 3.8872 -> 4.6792  accuracy: 21.51% -> 27.33%     
client [99] (testset)   loss: 4.5490 -> 4.9504  accuracy: 18.83% -> 20.78%     
client [20] (testset)   loss: 4.0333 -> 4.9820  accuracy: 27.21% -> 19.85%     
client [39] (testset)   loss: 4.7416 -> 5.2412  accuracy: 13.87% -> 18.98%     
---------------------------- TRAINING EPOCH: 90 ----------------------------   
client [52] (testset)   loss: 4.3682 -> 5.1010  accuracy: 22.04% -> 27.96%     
client [62] (testset)   loss: 3.9393 -> 4.5965  accuracy: 17.16% -> 21.89%     
client [71] (testset)   loss: 4.8590 -> 6.0253  accuracy: 21.09% -> 23.44%     
client [97] (testset)   loss: 4.3897 -> 4.5637  accuracy: 16.46% -> 27.22%     
client [30] (testset)   loss: 4.4020 -> 5.1098  accuracy: 17.18% -> 23.93%     
client [88] (testset)   loss: 3.9548 -> 4.0639  accuracy: 16.41% -> 21.88%     
client [60] (testset)   loss: 3.5945 -> 4.5210  accuracy: 20.49% -> 30.33%     
client [82] (testset)   loss: 4.6561 -> 5.2029  accuracy: 16.42% -> 22.39%     
client [91] (testset)   loss: 4.4445 -> 5.7252  accuracy: 18.30% -> 21.57%     
client [57] (testset)   loss: 4.1753 -> 4.2464  accuracy: 15.33% -> 23.36%     
---------------------------- TRAINING EPOCH: 100 ----------------------------  
client [31] (testset)   loss: 3.6598 -> 4.4640  accuracy: 28.69% -> 31.15%     
client [15] (testset)   loss: 5.0132 -> 5.3708  accuracy: 12.22% -> 17.78%     
client [71] (testset)   loss: 5.2475 -> 6.3441  accuracy: 15.62% -> 23.44%     
client [97] (testset)   loss: 4.5426 -> 4.6195  accuracy: 20.89% -> 25.32%     
client [53] (testset)   loss: 4.7916 -> 4.7117  accuracy: 12.26% -> 20.65%     
client [77] (testset)   loss: 4.1806 -> 4.7106  accuracy: 17.48% -> 23.78%     
client [76] (testset)   loss: 4.4890 -> 5.0138  accuracy: 17.07% -> 21.14%     
client [79] (testset)   loss: 5.8808 -> 5.7527  accuracy: 20.00% -> 29.29%     
client [28] (testset)   loss: 4.5233 -> 5.3654  accuracy: 20.61% -> 23.64%     
client [99] (testset)   loss: 4.4186 -> 4.7842  accuracy: 17.53% -> 21.43%     
---------------------------- TRAINING EPOCH: 110 ----------------------------  
client [97] (testset)   loss: 4.5545 -> 4.8095  accuracy: 18.99% -> 27.85%     
client [86] (testset)   loss: 4.2022 -> 4.6239  accuracy: 20.51% -> 26.92%     
client [34] (testset)   loss: 4.3795 -> 4.7965  accuracy: 15.20% -> 30.40%     
client [73] (testset)   loss: 4.3396 -> 5.3860  accuracy: 17.61% -> 25.00%     
client [5]  (testset)   loss: 4.3449 -> 4.7987  accuracy: 17.93% -> 24.83%     
client [96] (testset)   loss: 4.6063 -> 5.2668  accuracy: 19.35% -> 25.16%     
client [22] (testset)   loss: 4.7155 -> 4.6893  accuracy: 12.16% -> 21.62%     
client [60] (testset)   loss: 3.8461 -> 4.8229  accuracy: 21.31% -> 25.41%     
client [66] (testset)   loss: 7.1535 -> 7.4333  accuracy: 13.45% -> 15.79%     
client [83] (testset)   loss: 4.2409 -> 4.7851  accuracy: 21.60% -> 20.00%     
---------------------------- TRAINING EPOCH: 120 ----------------------------  
client [76] (testset)   loss: 4.7521 -> 5.2566  accuracy: 19.51% -> 23.58%     
client [65] (testset)   loss: 4.2415 -> 4.7879  accuracy: 24.83% -> 28.97%     
client [95] (testset)   loss: 4.8038 -> 5.5454  accuracy: 18.07% -> 19.88%     
client [17] (testset)   loss: 6.9986 -> 8.3858  accuracy: 10.14% -> 18.12%     
client [8]  (testset)   loss: 4.3729 -> 5.0447  accuracy: 20.69% -> 19.31%     
client [35] (testset)   loss: 4.5787 -> 5.2118  accuracy: 21.95% -> 23.78%     
client [98] (testset)   loss: 5.3721 -> 6.2963  accuracy: 17.51% -> 20.90%     
client [53] (testset)   loss: 4.9367 -> 5.2013  accuracy: 13.55% -> 20.65%     
client [43] (testset)   loss: 5.8693 -> 5.9977  accuracy: 14.62% -> 16.15%     
client [64] (testset)   loss: 5.6663 -> 6.2936  accuracy: 15.30% -> 21.86%     
---------------------------- TRAINING EPOCH: 130 ----------------------------  
client [21] (testset)   loss: 4.4961 -> 5.3340  accuracy: 24.58% -> 22.03%     
client [88] (testset)   loss: 4.2914 -> 4.4323  accuracy: 20.31% -> 31.25%     
client [38] (testset)   loss: 7.1421 -> 7.0673  accuracy: 18.18% -> 27.27%     
client [3]  (testset)   loss: 5.8116 -> 5.6801  accuracy: 18.65% -> 26.94%     
client [5]  (testset)   loss: 4.6766 -> 4.9184  accuracy: 22.76% -> 26.21%     
client [41] (testset)   loss: 4.9991 -> 5.1683  accuracy: 18.95% -> 28.95%     
client [7]  (testset)   loss: 6.7465 -> 6.6922  accuracy: 12.23% -> 12.95%     
client [37] (testset)   loss: 5.9661 -> 5.5330  accuracy: 13.55% -> 23.23%     
client [45] (testset)   loss: 5.1834 -> 4.8721  accuracy: 23.73% -> 29.38%     
client [47] (testset)   loss: 4.5712 -> 4.7397  accuracy: 18.84% -> 26.09%     
---------------------------- TRAINING EPOCH: 140 ----------------------------  
client [16] (testset)   loss: 4.8128 -> 5.6681  accuracy: 24.83% -> 24.83%     
client [11] (testset)   loss: 3.9807 -> 4.1616  accuracy: 23.20% -> 32.00%     
client [37] (testset)   loss: 5.3776 -> 5.5703  accuracy: 15.48% -> 20.65%     
client [41] (testset)   loss: 4.7305 -> 4.8019  accuracy: 18.95% -> 28.95%     
client [95] (testset)   loss: 4.8452 -> 5.5877  accuracy: 20.48% -> 21.08%     
client [53] (testset)   loss: 5.2035 -> 4.8277  accuracy: 16.13% -> 25.16%     
client [22] (testset)   loss: 4.7197 -> 5.0571  accuracy: 16.22% -> 21.62%     
client [25] (testset)   loss: 4.9280 -> 5.4077  accuracy: 19.35% -> 24.73%     
client [69] (testset)   loss: 3.9402 -> 4.5204  accuracy: 26.02% -> 27.64%     
client [46] (testset)   loss: 5.6973 -> 6.9866  accuracy: 20.35% -> 18.60%     
---------------------------- TRAINING EPOCH: 150 ----------------------------  
client [47] (testset)   loss: 4.8008 -> 5.0651  accuracy: 21.74% -> 23.91%     
client [69] (testset)   loss: 4.1367 -> 4.7876  accuracy: 24.39% -> 30.89%     
client [82] (testset)   loss: 5.7681 -> 5.9278  accuracy: 18.66% -> 23.88%     
client [45] (testset)   loss: 5.1863 -> 5.5203  accuracy: 27.68% -> 28.25%     
client [7]  (testset)   loss: 7.0780 -> 7.4458  accuracy: 12.23% -> 11.51%     
client [50] (testset)   loss: 4.7595 -> 5.2088  accuracy: 21.15% -> 20.51%     
client [35] (testset)   loss: 4.9805 -> 5.8612  accuracy: 20.73% -> 23.17%     
client [24] (testset)   loss: 5.4976 -> 6.1780  accuracy: 17.97% -> 25.00%     
client [15] (testset)   loss: 6.1160 -> 6.4567  accuracy: 16.11% -> 19.44%     
client [58] (testset)   loss: 5.2221 -> 5.6180  accuracy: 20.65% -> 25.81%     
---------------------------- TRAINING EPOCH: 160 ----------------------------  
client [48] (testset)   loss: 4.5632 -> 5.1044  accuracy: 23.70% -> 28.15%     
client [76] (testset)   loss: 5.2494 -> 5.3649  accuracy: 18.70% -> 18.70%     
client [67] (testset)   loss: 4.8420 -> 5.0667  accuracy: 27.81% -> 29.59%     
client [37] (testset)   loss: 6.0236 -> 5.9247  accuracy: 18.71% -> 23.23%     
client [58] (testset)   loss: 5.3742 -> 5.7473  accuracy: 19.35% -> 27.10%     
client [64] (testset)   loss: 6.4450 -> 6.5290  accuracy: 15.85% -> 21.31%     
client [77] (testset)   loss: 4.9713 -> 5.6159  accuracy: 17.48% -> 26.57%     
client [55] (testset)   loss: 4.9569 -> 5.4178  accuracy: 17.24% -> 18.97%     
client [12] (testset)   loss: 6.8773 -> 7.1602  accuracy: 13.92% -> 15.19%     
client [89] (testset)   loss: 4.8436 -> 5.4038  accuracy: 17.14% -> 21.43%     
---------------------------- TRAINING EPOCH: 170 ----------------------------  
client [84] (testset)   loss: 6.2853 -> 6.6691  accuracy: 18.56% -> 20.36%     
client [51] (testset)   loss: 7.6090 -> 8.5219  accuracy: 16.88% -> 19.38%     
client [8]  (testset)   loss: 4.9040 -> 5.4753  accuracy: 22.07% -> 22.76%     
client [18] (testset)   loss: 4.9249 -> 5.5860  accuracy: 19.66% -> 26.97%     
client [94] (testset)   loss: 4.4873 -> 4.6697  accuracy: 17.12% -> 23.42%     
client [81] (testset)   loss: 5.1130 -> 5.9529  accuracy: 18.75% -> 21.35%     
client [3]  (testset)   loss: 6.3318 -> 6.3840  accuracy: 19.69% -> 26.94%     
client [11] (testset)   loss: 4.5199 -> 4.2790  accuracy: 19.20% -> 31.20%     
client [95] (testset)   loss: 5.2434 -> 5.7858  accuracy: 18.07% -> 24.70%     
client [67] (testset)   loss: 5.0244 -> 5.3722  accuracy: 26.04% -> 30.18%     
---------------------------- TRAINING EPOCH: 180 ----------------------------  
client [21] (testset)   loss: 5.1103 -> 5.3515  accuracy: 24.58% -> 26.27%     
client [79] (testset)   loss: 8.1004 -> 7.4708  accuracy: 25.00% -> 30.71%     
client [58] (testset)   loss: 5.8984 -> 6.0727  accuracy: 20.00% -> 27.74%     
client [88] (testset)   loss: 5.1029 -> 4.8706  accuracy: 16.41% -> 31.25%     
client [46] (testset)   loss: 7.3703 -> 7.3949  accuracy: 15.12% -> 21.51%     
client [11] (testset)   loss: 4.7341 -> 4.6962  accuracy: 22.40% -> 28.00%     
client [55] (testset)   loss: 5.2937 -> 5.7101  accuracy: 22.41% -> 22.41%     
client [13] (testset)   loss: 5.3884 -> 5.6887  accuracy: 17.78% -> 22.96%     
client [31] (testset)   loss: 4.8775 -> 6.0051  accuracy: 28.69% -> 27.05%     
client [75] (testset)   loss: 6.4943 -> 6.9235  accuracy: 17.86% -> 19.29%     
---------------------------- TRAINING EPOCH: 190 ----------------------------  
client [19] (testset)   loss: 7.3973 -> 7.3936  accuracy: 14.29% -> 19.55%     
client [7]  (testset)   loss: 8.1083 -> 8.2053  accuracy: 12.23% -> 15.11%     
client [57] (testset)   loss: 5.2377 -> 5.1267  accuracy: 18.25% -> 24.09%     
client [13] (testset)   loss: 5.5613 -> 5.9007  accuracy: 18.52% -> 19.26%     
client [43] (testset)   loss: 7.4645 -> 7.8454  accuracy: 13.85% -> 14.62%     
client [91] (testset)   loss: 6.4968 -> 6.6477  accuracy: 18.95% -> 23.53%     
client [10] (testset)   loss: 5.2302 -> 4.9753  accuracy: 23.16% -> 28.25%     
client [64] (testset)   loss: 6.8771 -> 7.1206  accuracy: 20.22% -> 23.50%     
client [82] (testset)   loss: 6.6144 -> 6.6787  accuracy: 17.16% -> 22.39%     
client [22] (testset)   loss: 5.8350 -> 6.0759  accuracy: 16.22% -> 19.59%     
---------------------------- TRAINING EPOCH: 200 ----------------------------  
client [20] (testset)   loss: 5.1959 -> 5.9792  accuracy: 29.41% -> 23.53%     
client [23] (testset)   loss: 5.1156 -> 5.7925  accuracy: 16.31% -> 21.28%     
client [88] (testset)   loss: 5.4358 -> 5.0819  accuracy: 17.19% -> 28.91%     
client [98] (testset)   loss: 6.8800 -> 6.8982  accuracy: 16.38% -> 19.21%     
client [79] (testset)   loss: 8.6130 -> 8.2729  accuracy: 26.43% -> 30.00%     
client [21] (testset)   loss: 5.3387 -> 6.2631  accuracy: 26.27% -> 23.73%     
client [92] (testset)   loss: 7.7890 -> 7.7102  accuracy: 18.24% -> 18.92%     
client [56] (testset)   loss: 5.9079 -> 6.4512  accuracy: 13.49% -> 19.05%     
client [5]  (testset)   loss: 5.8862 -> 5.9573  accuracy: 20.00% -> 24.14%     
client [52] (testset)   loss: 6.4525 -> 6.4609  accuracy: 17.20% -> 25.27%     
---------------------------- TRAINING EPOCH: 210 ----------------------------  
client [67] (testset)   loss: 5.3287 -> 5.4811  accuracy: 27.81% -> 30.18%     
client [54] (testset)   loss: 5.4639 -> 5.5738  accuracy: 17.36% -> 27.78%     
client [14] (testset)   loss: 5.2446 -> 5.6955  accuracy: 23.26% -> 24.42%     
client [99] (testset)   loss: 5.7154 -> 6.6814  accuracy: 21.43% -> 24.68%     
client [36] (testset)   loss: 4.1924 -> 4.5195  accuracy: 30.97% -> 34.51%     
client [30] (testset)   loss: 6.5023 -> 6.2505  accuracy: 21.47% -> 25.15%     
client [38] (testset)   loss: 9.4276 -> 8.5461  accuracy: 17.17% -> 26.26%     
client [15] (testset)   loss: 7.2531 -> 8.0382  accuracy: 14.44% -> 18.33%     
client [6]  (testset)   loss: 5.5610 -> 5.6251  accuracy: 21.19% -> 24.58%     
client [53] (testset)   loss: 6.3456 -> 6.0332  accuracy: 18.06% -> 20.00%     
---------------------------- TRAINING EPOCH: 220 ----------------------------  
client [99] (testset)   loss: 6.2075 -> 6.3970  accuracy: 18.83% -> 20.78%     
client [6]  (testset)   loss: 5.9463 -> 5.8939  accuracy: 22.88% -> 27.12%     
client [83] (testset)   loss: 5.5553 -> 6.1501  accuracy: 24.00% -> 18.40%     
client [42] (testset)   loss: 5.7933 -> 5.5408  accuracy: 20.29% -> 27.54%     
client [34] (testset)   loss: 6.2813 -> 6.1341  accuracy: 16.80% -> 22.40%     
client [15] (testset)   loss: 8.1940 -> 8.2080  accuracy: 11.67% -> 19.44%     
client [47] (testset)   loss: 6.2573 -> 6.0558  accuracy: 24.64% -> 24.64%     
client [55] (testset)   loss: 5.8966 -> 6.1126  accuracy: 19.83% -> 21.55%     
client [51] (testset)   loss: 9.4760 -> 8.6299  accuracy: 16.25% -> 20.00%     
client [95] (testset)   loss: 6.4807 -> 6.5823  accuracy: 18.07% -> 18.67%     
---------------------------- TRAINING EPOCH: 230 ----------------------------  
client [71] (testset)   loss: 7.6441 -> 7.9768  accuracy: 18.75% -> 25.78%     
client [15] (testset)   loss: 7.4790 -> 7.2857  accuracy: 11.11% -> 17.22%     
client [33] (testset)   loss: 6.4755 -> 6.9759  accuracy: 17.46% -> 23.81%     
client [99] (testset)   loss: 5.9954 -> 6.2339  accuracy: 18.83% -> 22.08%     
client [90] (testset)   loss: 6.4365 -> 6.0910  accuracy: 19.39% -> 29.70%     
client [57] (testset)   loss: 5.4888 -> 5.5531  accuracy: 16.79% -> 27.74%     
client [27] (testset)   loss: 4.0703 -> 3.9640  accuracy: 26.96% -> 38.26%     
client [78] (testset)   loss: 7.5259 -> 7.1308  accuracy: 11.51% -> 21.58%     
client [36] (testset)   loss: 4.2324 -> 4.7487  accuracy: 25.66% -> 33.63%     
client [88] (testset)   loss: 5.2523 -> 5.1457  accuracy: 17.97% -> 28.91%     
---------------------------- TRAINING EPOCH: 240 ----------------------------  
client [70] (testset)   loss: 9.8737 -> 9.7157  accuracy: 13.66% -> 14.21%     
client [35] (testset)   loss: 6.5340 -> 6.6728  accuracy: 21.34% -> 23.17%     
client [16] (testset)   loss: 6.1248 -> 6.3086  accuracy: 22.15% -> 26.85%     
client [80] (testset)   loss: 6.4693 -> 6.4251  accuracy: 14.86% -> 22.30%     
client [38] (testset)   loss: 9.8396 -> 9.0541  accuracy: 17.17% -> 22.22%     
client [78] (testset)   loss: 8.0782 -> 7.4638  accuracy: 13.67% -> 19.42%     
client [68] (testset)   loss: 4.9361 -> 5.8360  accuracy: 27.07% -> 21.80%     
client [11] (testset)   loss: 5.2599 -> 4.9205  accuracy: 24.00% -> 26.40%     
client [64] (testset)   loss: 7.9540 -> 8.0059  accuracy: 17.49% -> 20.22%     
client [82] (testset)   loss: 7.1641 -> 7.4075  accuracy: 18.66% -> 20.90%     
---------------------------- TRAINING EPOCH: 250 ----------------------------  
client [30] (testset)   loss: 7.3753 -> 7.0085  accuracy: 20.25% -> 26.38%     
client [27] (testset)   loss: 4.6014 -> 4.3813  accuracy: 26.96% -> 40.87%     
client [74] (testset)   loss: 6.8300 -> 6.1579  accuracy: 13.71% -> 25.81%     
client [45] (testset)   loss: 6.8796 -> 6.9339  accuracy: 28.81% -> 26.55%     
client [6]  (testset)   loss: 6.4150 -> 6.1181  accuracy: 21.19% -> 27.12%     
client [36] (testset)   loss: 4.9136 -> 4.9933  accuracy: 29.20% -> 34.51%     
client [63] (testset)   loss: 9.0923 -> 8.8261  accuracy: 19.54% -> 22.99%     
client [76] (testset)   loss: 7.1262 -> 7.4035  accuracy: 15.45% -> 19.51%     
client [83] (testset)   loss: 5.9283 -> 6.1556  accuracy: 22.40% -> 26.40%     
client [86] (testset)   loss: 6.3742 -> 6.6640  accuracy: 23.08% -> 26.28%     
---------------------------- TRAINING EPOCH: 260 ----------------------------  
client [83] (testset)   loss: 5.9851 -> 6.1948  accuracy: 21.60% -> 26.40%     
client [99] (testset)   loss: 6.6116 -> 6.8089  accuracy: 22.08% -> 22.08%     
client [74] (testset)   loss: 6.6519 -> 6.5180  accuracy: 15.32% -> 24.19%     
client [73] (testset)   loss: 6.7185 -> 6.8147  accuracy: 18.18% -> 25.00%     
client [29] (testset)   loss: 8.5625 -> 8.3656  accuracy: 15.43% -> 22.22%     
client [92] (testset)   loss: 9.3054 -> 9.0214  accuracy: 15.54% -> 19.59%     
client [6]  (testset)   loss: 6.2653 -> 5.9842  accuracy: 22.88% -> 25.42%     
client [61] (testset)   loss: 6.9551 -> 7.0755  accuracy: 17.51% -> 22.03%     
client [21] (testset)   loss: 6.1325 -> 6.7940  accuracy: 24.58% -> 23.73%     
client [67] (testset)   loss: 6.3148 -> 6.1272  accuracy: 26.04% -> 31.36%     
---------------------------- TRAINING EPOCH: 270 ----------------------------  
client [83] (testset)   loss: 6.2888 -> 6.4021  accuracy: 20.00% -> 20.00%     
client [32] (testset)   loss: 7.0112 -> 6.6776  accuracy: 23.62% -> 28.35%     
client [95] (testset)   loss: 7.5181 -> 7.4634  accuracy: 15.66% -> 19.28%     
client [61] (testset)   loss: 7.1058 -> 7.0356  accuracy: 20.34% -> 24.86%     
client [27] (testset)   loss: 4.9576 -> 4.6693  accuracy: 29.57% -> 33.04%     
client [25] (testset)   loss: 7.3980 -> 7.2035  accuracy: 17.74% -> 24.19%     
client [68] (testset)   loss: 5.4533 -> 5.4308  accuracy: 24.06% -> 25.56%     
client [34] (testset)   loss: 6.8952 -> 6.4194  accuracy: 15.20% -> 26.40%     
client [71] (testset)   loss: 9.2693 -> 9.0982  accuracy: 18.75% -> 22.66%     
client [89] (testset)   loss: 6.6517 -> 6.6022  accuracy: 17.86% -> 19.29%     
---------------------------- TRAINING EPOCH: 280 ----------------------------  
client [78] (testset)   loss: 9.0227 -> 8.1643  accuracy: 12.95% -> 15.83%     
client [81] (testset)   loss: 7.0405 -> 6.9591  accuracy: 21.35% -> 27.08%     
client [51] (testset)   loss: 11.0279 -> 12.1950    accuracy: 15.00% -> 18.12% 
client [54] (testset)   loss: 6.9916 -> 7.1215  accuracy: 19.44% -> 22.22%     
client [65] (testset)   loss: 6.1753 -> 6.5711  accuracy: 22.07% -> 25.52%     
client [41] (testset)   loss: 7.4743 -> 7.1347  accuracy: 22.11% -> 24.21%     
client [11] (testset)   loss: 5.9452 -> 5.7130  accuracy: 22.40% -> 28.00%     
client [85] (testset)   loss: 7.5359 -> 7.3701  accuracy: 19.25% -> 24.84%     
client [12] (testset)   loss: 9.5962 -> 9.4544  accuracy: 13.92% -> 16.46%     
client [23] (testset)   loss: 6.0337 -> 6.4446  accuracy: 19.15% -> 19.15%     
---------------------------- TRAINING EPOCH: 290 ----------------------------  
client [16] (testset)   loss: 7.6338 -> 7.5817  accuracy: 22.15% -> 26.85%     
client [65] (testset)   loss: 6.2063 -> 6.4511  accuracy: 22.07% -> 26.90%     
client [53] (testset)   loss: 7.9623 -> 7.1318  accuracy: 14.84% -> 21.94%     
client [58] (testset)   loss: 7.4535 -> 7.3409  accuracy: 18.06% -> 22.58%     
client [72] (testset)   loss: 8.1667 -> 7.9896  accuracy: 20.00% -> 22.58%     
client [7]  (testset)   loss: 10.5704 -> 10.4451    accuracy: 11.51% -> 12.23% 
client [71] (testset)   loss: 9.4919 -> 9.4306  accuracy: 20.31% -> 24.22%     
client [59] (testset)   loss: 6.2607 -> 6.5794  accuracy: 25.77% -> 29.45%     
client [86] (testset)   loss: 6.8316 -> 6.7004  accuracy: 21.15% -> 25.64%     
client [39] (testset)   loss: 8.0032 -> 8.0203  accuracy: 18.98% -> 21.90%     
---------------------------- TRAINING EPOCH: 300 ----------------------------  
client [99] (testset)   loss: 7.3799 -> 7.4511  accuracy: 22.08% -> 21.43%     
client [7]  (testset)   loss: 11.0631 -> 11.0178    accuracy: 10.07% -> 12.23% 
client [17] (testset)   loss: 11.8608 -> 11.6183    accuracy: 11.59% -> 11.59% 
client [64] (testset)   loss: 9.7344 -> 9.4092  accuracy: 14.75% -> 19.13%     
client [37] (testset)   loss: 9.5499 -> 8.7966  accuracy: 15.48% -> 20.65%     
client [29] (testset)   loss: 9.2251 -> 8.7833  accuracy: 16.67% -> 21.60%     
client [93] (testset)   loss: 7.6337 -> 7.0198  accuracy: 15.22% -> 21.74%     
client [73] (testset)   loss: 7.4713 -> 7.3398  accuracy: 18.75% -> 19.89%     
client [40] (testset)   loss: 7.4125 -> 6.6421  accuracy: 16.07% -> 23.81%     
client [76] (testset)   loss: 7.8185 -> 7.9259  accuracy: 17.07% -> 17.89%     
---------------------------- TRAINING EPOCH: 310 ----------------------------  
client [31] (testset)   loss: 6.6889 -> 6.6816  accuracy: 28.69% -> 32.79%     
client [89] (testset)   loss: 7.1621 -> 6.9006  accuracy: 19.29% -> 21.43%     
client [77] (testset)   loss: 7.2154 -> 6.8807  accuracy: 21.68% -> 25.87%     
client [90] (testset)   loss: 8.1318 -> 7.5367  accuracy: 21.82% -> 28.48%     
client [26] (testset)   loss: 6.8673 -> 6.6552  accuracy: 23.97% -> 27.40%     
client [50] (testset)   loss: 7.3275 -> 7.0052  accuracy: 21.15% -> 28.21%     
client [30] (testset)   loss: 8.4363 -> 8.0399  accuracy: 19.02% -> 21.47%     
client [70] (testset)   loss: 12.6326 -> 12.2318    accuracy: 12.02% -> 15.85% 
client [41] (testset)   loss: 7.9803 -> 7.3861  accuracy: 21.05% -> 26.84%     
client [99] (testset)   loss: 7.5604 -> 7.5844  accuracy: 22.08% -> 18.83%     
---------------------------- TRAINING EPOCH: 320 ----------------------------  
client [68] (testset)   loss: 5.6000 -> 5.5783  accuracy: 26.32% -> 25.56%     
client [70] (testset)   loss: 11.4217 -> 11.4422    accuracy: 14.21% -> 15.30% 
client [52] (testset)   loss: 7.7833 -> 7.5841  accuracy: 19.89% -> 25.81%     
client [1]  (testset)   loss: 6.4531 -> 6.2372  accuracy: 22.63% -> 27.74%     
client [2]  (testset)   loss: 5.7250 -> 5.8368  accuracy: 27.93% -> 24.58%     
client [67] (testset)   loss: 6.5440 -> 6.4166  accuracy: 26.63% -> 28.40%     
client [92] (testset)   loss: 10.2619 -> 9.9051 accuracy: 12.84% -> 17.57%     
client [35] (testset)   loss: 7.2056 -> 7.5504  accuracy: 20.12% -> 23.78%     
client [36] (testset)   loss: 5.3068 -> 5.2249  accuracy: 24.78% -> 30.97%     
client [64] (testset)   loss: 9.1103 -> 9.0539  accuracy: 14.21% -> 22.40%     
---------------------------- TRAINING EPOCH: 330 ----------------------------  
client [44] (testset)   loss: 6.9510 -> 6.3439  accuracy: 24.16% -> 22.15%     
client [6]  (testset)   loss: 7.5235 -> 7.2112  accuracy: 18.64% -> 24.58%     
client [12] (testset)   loss: 10.2867 -> 9.8808 accuracy: 14.56% -> 14.56%     
client [55] (testset)   loss: 7.6593 -> 7.3079  accuracy: 19.83% -> 23.28%     
client [29] (testset)   loss: 9.5834 -> 8.9705  accuracy: 16.05% -> 19.75%     
client [9]  (testset)   loss: 7.0635 -> 6.9223  accuracy: 16.67% -> 21.53%     
client [43] (testset)   loss: 10.7870 -> 10.1076    accuracy: 13.08% -> 17.69% 
client [77] (testset)   loss: 7.3236 -> 7.0274  accuracy: 20.98% -> 27.97%     
client [98] (testset)   loss: 9.6959 -> 9.3127  accuracy: 14.69% -> 18.08%     
client [78] (testset)   loss: 9.9812 -> 10.0849 accuracy: 12.95% -> 20.14%     
---------------------------- TRAINING EPOCH: 340 ----------------------------  
client [92] (testset)   loss: 10.7065 -> 10.2976    accuracy: 15.54% -> 16.22% 
client [80] (testset)   loss: 7.8211 -> 7.5409  accuracy: 12.84% -> 21.62%     
client [63] (testset)   loss: 10.3130 -> 9.9848 accuracy: 19.54% -> 21.26%     
client [76] (testset)   loss: 7.9962 -> 8.1028  accuracy: 15.45% -> 16.26%     
client [78] (testset)   loss: 9.6096 -> 8.9979  accuracy: 10.79% -> 15.83%     
client [25] (testset)   loss: 7.8727 -> 7.3379  accuracy: 19.35% -> 25.81%     
client [58] (testset)   loss: 7.9371 -> 7.7858  accuracy: 19.35% -> 26.45%     
client [13] (testset)   loss: 7.1435 -> 7.1359  accuracy: 18.52% -> 19.26%     
client [17] (testset)   loss: 11.5541 -> 11.1923    accuracy: 9.42% -> 12.32%  
client [38] (testset)   loss: 12.0060 -> 11.6864    accuracy: 15.66% -> 16.16% 
---------------------------- TRAINING EPOCH: 350 ----------------------------  
client [72] (testset)   loss: 8.6893 -> 8.7289  accuracy: 20.00% -> 22.58%     
client [82] (testset)   loss: 9.0669 -> 8.7417  accuracy: 14.18% -> 17.91%     
client [86] (testset)   loss: 7.2491 -> 7.1455  accuracy: 21.79% -> 25.00%     
client [51] (testset)   loss: 11.4311 -> 11.3324    accuracy: 18.12% -> 18.75% 
client [96] (testset)   loss: 8.4730 -> 8.1408  accuracy: 22.58% -> 23.87%     
client [42] (testset)   loss: 7.2930 -> 7.0175  accuracy: 18.84% -> 26.09%     
client [55] (testset)   loss: 7.3981 -> 7.4982  accuracy: 18.97% -> 23.28%     
client [13] (testset)   loss: 7.2947 -> 7.2641  accuracy: 17.78% -> 20.00%     
client [1]  (testset)   loss: 6.9927 -> 6.7115  accuracy: 24.09% -> 25.55%     
client [12] (testset)   loss: 10.2316 -> 9.7171 accuracy: 15.19% -> 16.46%     
---------------------------- TRAINING EPOCH: 360 ----------------------------  
client [68] (testset)   loss: 6.4068 -> 6.2798  accuracy: 24.81% -> 23.31%     
client [23] (testset)   loss: 7.2312 -> 7.2805  accuracy: 19.15% -> 19.86%     
client [46] (testset)   loss: 11.0135 -> 10.6812    accuracy: 19.77% -> 20.93% 
client [41] (testset)   loss: 8.9631 -> 8.0861  accuracy: 21.05% -> 31.05%     
client [25] (testset)   loss: 8.6290 -> 8.2039  accuracy: 19.89% -> 23.12%     
client [58] (testset)   loss: 8.8822 -> 8.4951  accuracy: 18.06% -> 21.94%     
client [14] (testset)   loss: 7.4536 -> 7.3025  accuracy: 23.26% -> 26.74%     
client [33] (testset)   loss: 9.1943 -> 9.0880  accuracy: 20.63% -> 23.81%     
client [85] (testset)   loss: 8.7433 -> 8.3658  accuracy: 19.25% -> 20.50%     
client [62] (testset)   loss: 8.3844 -> 8.1355  accuracy: 15.98% -> 21.30%     
---------------------------- TRAINING EPOCH: 370 ----------------------------  
client [98] (testset)   loss: 10.0386 -> 9.7030 accuracy: 16.38% -> 18.64%     
client [63] (testset)   loss: 11.8970 -> 11.4497    accuracy: 16.09% -> 20.11% 
client [70] (testset)   loss: 13.7068 -> 15.1574    accuracy: 9.84% -> 12.02%  
client [65] (testset)   loss: 7.0408 -> 7.1150  accuracy: 22.76% -> 27.59%     
client [14] (testset)   loss: 7.2771 -> 7.1332  accuracy: 22.09% -> 25.00%     
client [73] (testset)   loss: 8.1611 -> 8.0000  accuracy: 16.48% -> 18.75%     
client [34] (testset)   loss: 7.9610 -> 7.2829  accuracy: 15.20% -> 22.40%     
client [99] (testset)   loss: 8.0179 -> 7.7978  accuracy: 22.08% -> 23.38%     
client [69] (testset)   loss: 6.7307 -> 6.5614  accuracy: 28.46% -> 28.46%     
client [46] (testset)   loss: 10.8554 -> 10.4384    accuracy: 21.51% -> 22.67% 
---------------------------- TRAINING EPOCH: 380 ----------------------------  
client [99] (testset)   loss: 8.1041 -> 7.9492  accuracy: 22.08% -> 23.38%     
client [93] (testset)   loss: 8.9395 -> 7.8813  accuracy: 16.67% -> 21.01%     
client [11] (testset)   loss: 6.6898 -> 6.2050  accuracy: 20.80% -> 23.20%     
client [58] (testset)   loss: 8.7233 -> 8.5637  accuracy: 20.00% -> 21.29%     
client [81] (testset)   loss: 8.0342 -> 7.9006  accuracy: 24.48% -> 26.04%     
client [85] (testset)   loss: 8.8655 -> 8.5470  accuracy: 19.25% -> 19.88%     
client [89] (testset)   loss: 7.7713 -> 7.4701  accuracy: 17.86% -> 20.71%     
client [45] (testset)   loss: 8.7922 -> 8.0662  accuracy: 26.55% -> 28.81%     
client [8]  (testset)   loss: 8.0736 -> 7.6499  accuracy: 20.69% -> 24.83%     
client [68] (testset)   loss: 6.4319 -> 6.2726  accuracy: 24.81% -> 22.56%     
---------------------------- TRAINING EPOCH: 390 ----------------------------  
client [67] (testset)   loss: 7.8040 -> 7.1833  accuracy: 25.44% -> 30.18%     
client [72] (testset)   loss: 9.8664 -> 9.7145  accuracy: 18.06% -> 19.35%     
client [1]  (testset)   loss: 7.3677 -> 6.8834  accuracy: 24.09% -> 24.82%     
client [78] (testset)   loss: 10.7061 -> 10.2241    accuracy: 13.67% -> 12.95% 
client [83] (testset)   loss: 7.3070 -> 7.2051  accuracy: 21.60% -> 22.40%     
client [21] (testset)   loss: 7.4739 -> 7.1975  accuracy: 24.58% -> 27.12%     
client [56] (testset)   loss: 8.3367 -> 8.1942  accuracy: 16.67% -> 22.22%     
client [44] (testset)   loss: 7.3192 -> 6.8916  accuracy: 25.50% -> 27.52%     
client [92] (testset)   loss: 11.8930 -> 11.3877    accuracy: 16.89% -> 17.57% 
client [27] (testset)   loss: 5.4958 -> 5.2696  accuracy: 31.30% -> 39.13%     
---------------------------- TRAINING EPOCH: 400 ----------------------------  
client [10] (testset)   loss: 7.4711 -> 7.1035  accuracy: 19.21% -> 24.86%     
client [39] (testset)   loss: 9.2551 -> 8.9400  accuracy: 21.90% -> 20.44%     
client [65] (testset)   loss: 7.3349 -> 7.3089  accuracy: 24.83% -> 26.90%     
client [26] (testset)   loss: 7.7577 -> 7.1818  accuracy: 19.86% -> 25.34%     
client [19] (testset)   loss: 11.4708 -> 10.9770    accuracy: 16.54% -> 17.29% 
client [68] (testset)   loss: 6.6353 -> 6.4862  accuracy: 22.56% -> 23.31%     
client [41] (testset)   loss: 8.6320 -> 8.0742  accuracy: 21.58% -> 25.26%     
client [50] (testset)   loss: 7.8940 -> 7.6778  accuracy: 21.15% -> 24.36%     
client [75] (testset)   loss: 10.0956 -> 9.7995 accuracy: 16.43% -> 18.57%     
client [81] (testset)   loss: 8.0241 -> 7.9388  accuracy: 27.08% -> 29.17%     
Floco's average time taken by each global epoch: 0 min 4.85 sec.               
Floco's total running time: 0 h 35 m 22 s.                                     
==================== Floco Experiment Results: ====================            
Display format: (before local fine-tuning) -> (after local fine-tuning)        
 So if finetune_epoch = 0, x.xx% -> 0.00% is normal.                           
 Centralized testing ONLY happens after model aggregation, so the stats between
'->' are the same.                                                             
{                                                                              
    "100": {                                                                   
        "all_clients": {                                                       
            "test": {                                                          
                "loss": "4.4259 -> 5.0192",                                    
                "accuracy": "18.77% -> 23.80%"                                 
            }                                                                  
        }                                                                      
    },                                                                         
    "200": {                                                                   
        "all_clients": {                                                       
            "test": {                                                          
                "loss": "6.2695 -> 6.4066",                                    
                "accuracy": "19.34% -> 23.71%"                                 
            }                                                                  
        }                                                                      
    },                                                                         
    "300": {                                                                   
        "all_clients": {                                                       
            "test": {                                                          
                "loss": "8.0746 -> 7.8713",                                    
                "accuracy": "19.21% -> 22.46%"                                 
            }                                                                  
        }                                                                      
    },                                                                         
    "400": {                                                                   
        "all_clients": {                                                       
            "test": {                                                          
                "loss": "9.2196 -> 8.8430",                                    
                "accuracy": "19.57% -> 21.95%"                                 
            }                                                                  
        }                                                                      
    }                                                                          
}                                                                              
==================== Floco Max Accuracy ====================                   
all_clients:                                                                   
(test) before fine-tuning: 19.57% at epoch 400                                 
(test) after fine-tuning: 23.80% at epoch 100                                  
