==================== FedDpa ====================                               
Experiment Arguments:                                                          
{
    'method': 'feddpa',
    'dataset': {
        'name': 'cifar10',
        'client_num': 100,
        'test_ratio': 0.25,
        'val_ratio': 0.0,
        'seed': 42,
        'split': 'sample',
        'IID_ratio': 0.0,
        'monitor_window_name_suffix': 'cifar10-100clients-0%IID-Dir(0.1)-seed42',
        'alpha': 0.1,
        'min_samples_per_client': 10
    },
    'model': {
        'name': 'avgcnn',
        'use_torchvision_pretrained_weights': True,
        'external_model_weights_path': None
    },
    'optimizer': {
        'lr': 0.01,
        'dampening': 0,
        'weight_decay': 0,
        'momentum': 0.7,
        'nesterov': False,
        'name': 'sgd'
    },
    'mode': 'parallel',
    'parallel': {
        'ray_cluster_addr': None,
        'num_cpus': 32.0,
        'num_gpus': 1.0,
        'num_workers': 2
    },
    'common': {
        'seed': 42,
        'join_ratio': 0.1,
        'global_epoch': 200,
        'local_epoch': 5,
        'batch_size': 32,
        'reset_optimizer_on_global_epoch': True,
        'straggler_ratio': 0,
        'straggler_min_local_epoch': 0,
        'buffers': 'global',
        'client_side_evaluation': True,
        'test': {
            'client': {
                'interval': 100,
                'finetune_epoch': 0,
                'train': False,
                'val': False,
                'test': True
            },
            'server': {
                'interval': -1,
                'train': False,
                'val': False,
                'test': True,
                'model_in_train_mode': False
            }
        },
        'verbose_gap': 10,
        'monitor': None,
        'use_cuda': True,
        'save_log': True,
        'save_model': False,
        'save_learning_curve_plot': True,
        'save_metrics': True,
        'delete_useless_run': True
    },
    'fedprox': {
        'mu': 0.01
    },
    'pfedsim': {
        'warmup_round': 0.5
    },
    'feddpa': {
        'fisher_threshold': 0.995
    }
}
---------------------------- TRAINING EPOCH: 10 ----------------------------   
client [81] (testset)   loss: 1.0417 -> 0.0547  accuracy: 61.61% -> 96.43%     
client [21] (testset)   loss: 3.4036 -> 0.9348  accuracy: 0.00% -> 56.52%      
client [77] (testset)   loss: 1.4320 -> 0.4536  accuracy: 51.24% -> 86.22%     
client [93] (testset)   loss: 2.0762 -> 0.4163  accuracy: 26.32% -> 84.21%     
client [68] (testset)   loss: 0.9415 -> 0.2729  accuracy: 71.19% -> 93.79%     
client [31] (testset)   loss: 3.3906 -> 0.1368  accuracy: 0.46% -> 95.39%      
client [59] (testset)   loss: 0.5242 -> 0.0655  accuracy: 100.00% -> 100.00%   
client [48] (testset)   loss: 2.8730 -> 0.6043  accuracy: 23.08% -> 69.23%     
client [34] (testset)   loss: 1.8979 -> 0.7390  accuracy: 22.58% -> 71.61%     
client [20] (testset)   loss: 0.7555 -> 0.6502  accuracy: 76.55% -> 83.94%     
---------------------------- TRAINING EPOCH: 20 ----------------------------   
client [99] (testset)   loss: 0.5658 -> 0.0077  accuracy: 81.01% -> 100.00%    
client [67] (testset)   loss: 2.9709 -> 0.2658  accuracy: 13.55% -> 89.03%     
client [69] (testset)   loss: 2.6544 -> 0.9923  accuracy: 25.45% -> 63.94%     
client [0]  (testset)   loss: 3.1208 -> 0.1910  accuracy: 8.38% -> 95.81%      
client [76] (testset)   loss: 3.9184 -> 0.3103  accuracy: 9.27% -> 87.42%      
client [41] (testset)   loss: 2.1576 -> 0.9231  accuracy: 41.27% -> 69.84%     
client [62] (testset)   loss: 4.8911 -> 0.2216  accuracy: 0.00% -> 94.12%      
client [2]  (testset)   loss: 2.8569 -> 0.4544  accuracy: 37.23% -> 86.13%     
client [14] (testset)   loss: 2.4481 -> 0.6808  accuracy: 33.50% -> 79.80%     
client [46] (testset)   loss: 2.6663 -> 0.5714  accuracy: 19.38% -> 79.84%     
---------------------------- TRAINING EPOCH: 30 ----------------------------   
client [24] (testset)   loss: 1.2375 -> 0.4693  accuracy: 52.78% -> 86.11%     
client [68] (testset)   loss: 0.9715 -> 0.2951  accuracy: 71.75% -> 93.22%     
client [57] (testset)   loss: 0.8856 -> 0.2312  accuracy: 72.15% -> 92.83%     
client [17] (testset)   loss: 1.3142 -> 0.9671  accuracy: 58.33% -> 78.57%     
client [54] (testset)   loss: 1.3392 -> 0.7897  accuracy: 53.75% -> 83.75%     
client [35] (testset)   loss: 2.2773 -> 0.7615  accuracy: 33.33% -> 66.67%     
client [23] (testset)   loss: 2.2462 -> 0.0010  accuracy: 32.14% -> 100.00%    
client [59] (testset)   loss: 1.3384 -> 0.0049  accuracy: 33.33% -> 100.00%    
client [31] (testset)   loss: 0.4671 -> 0.1304  accuracy: 86.64% -> 96.31%     
client [9]  (testset)   loss: 1.1809 -> 0.5697  accuracy: 56.84% -> 86.32%     
---------------------------- TRAINING EPOCH: 40 ----------------------------   
client [33] (testset)   loss: 1.3640 -> 0.3632  accuracy: 58.33% -> 90.62%     
client [64] (testset)   loss: 2.9391 -> 0.2115  accuracy: 14.68% -> 93.58%     
client [16] (testset)   loss: 2.3449 -> 0.8750  accuracy: 37.35% -> 75.30%     
client [8]  (testset)   loss: 1.5222 -> 0.8384  accuracy: 58.06% -> 74.19%     
client [44] (testset)   loss: 1.2977 -> 0.2930  accuracy: 48.98% -> 92.86%     
client [47] (testset)   loss: 1.9678 -> 1.0097  accuracy: 43.75% -> 62.50%     
client [36] (testset)   loss: 2.4715 -> 0.9386  accuracy: 34.04% -> 74.47%     
client [31] (testset)   loss: 1.8156 -> 0.1304  accuracy: 42.86% -> 97.24%     
client [56] (testset)   loss: 0.6545 -> 0.1903  accuracy: 83.08% -> 89.23%     
client [20] (testset)   loss: 1.6096 -> 0.7413  accuracy: 57.77% -> 85.23%     
---------------------------- TRAINING EPOCH: 50 ----------------------------   
client [4]  (testset)   loss: 0.5297 -> 0.0700  accuracy: 87.32% -> 97.18%     
client [28] (testset)   loss: 0.8698 -> 0.3082  accuracy: 68.00% -> 88.00%     
client [60] (testset)   loss: 1.3310 -> 0.3166  accuracy: 52.06% -> 92.51%     
client [25] (testset)   loss: 2.7990 -> 0.6615  accuracy: 21.20% -> 81.63%     
client [44] (testset)   loss: 0.6670 -> 0.3478  accuracy: 75.51% -> 91.84%     
client [58] (testset)   loss: 1.2228 -> 0.2887  accuracy: 61.11% -> 92.46%     
client [39] (testset)   loss: 1.3558 -> 0.7113  accuracy: 61.64% -> 81.51%     
client [29] (testset)   loss: 2.4117 -> 0.1772  accuracy: 33.33% -> 95.32%     
client [84] (testset)   loss: 1.7503 -> 0.4928  accuracy: 51.56% -> 87.50%     
client [3]  (testset)   loss: 1.5454 -> 0.6824  accuracy: 61.50% -> 80.21%     
---------------------------- TRAINING EPOCH: 60 ----------------------------   
client [21] (testset)   loss: 3.5444 -> 1.0084  accuracy: 30.43% -> 65.22%     
client [84] (testset)   loss: 1.8010 -> 0.4333  accuracy: 45.31% -> 87.50%     
client [36] (testset)   loss: 1.2950 -> 0.8529  accuracy: 65.96% -> 80.85%     
client [65] (testset)   loss: 1.2008 -> 0.4491  accuracy: 64.29% -> 89.29%     
client [81] (testset)   loss: 0.5287 -> 0.0320  accuracy: 81.25% -> 99.11%     
client [10] (testset)   loss: 3.7055 -> 0.1627  accuracy: 18.21% -> 96.82%     
client [42] (testset)   loss: 1.6089 -> 0.3210  accuracy: 51.85% -> 92.59%     
client [79] (testset)   loss: 2.7568 -> 0.2984  accuracy: 35.75% -> 93.02%     
client [11] (testset)   loss: 2.4950 -> 0.1788  accuracy: 22.73% -> 90.91%     
client [96] (testset)   loss: 1.3642 -> 1.3610  accuracy: 61.36% -> 70.45%     
---------------------------- TRAINING EPOCH: 70 ----------------------------   
client [8]  (testset)   loss: 1.8098 -> 0.8914  accuracy: 54.84% -> 61.29%     
client [52] (testset)   loss: 0.3193 -> 0.2034  accuracy: 88.24% -> 96.08%     
client [53] (testset)   loss: 1.4950 -> 0.6119  accuracy: 53.06% -> 81.12%     
client [42] (testset)   loss: 1.1004 -> 0.3507  accuracy: 66.67% -> 91.77%     
client [59] (testset)   loss: 0.2023 -> 0.0419  accuracy: 100.00% -> 100.00%   
client [69] (testset)   loss: 1.7993 -> 1.2658  accuracy: 49.70% -> 67.88%     
client [26] (testset)   loss: 0.6466 -> 1.0109  accuracy: 76.92% -> 92.31%     
client [7]  (testset)   loss: 2.0553 -> 0.4906  accuracy: 35.27% -> 85.99%     
client [98] (testset)   loss: 2.7625 -> 0.8847  accuracy: 21.33% -> 83.89%     
client [49] (testset)   loss: 1.0363 -> 0.7664  accuracy: 70.16% -> 80.95%     
---------------------------- TRAINING EPOCH: 80 ----------------------------   
client [47] (testset)   loss: 2.1201 -> 1.1699  accuracy: 50.00% -> 62.50%     
client [21] (testset)   loss: 5.3056 -> 1.4893  accuracy: 4.35% -> 60.87%      
client [98] (testset)   loss: 0.9373 -> 0.9004  accuracy: 72.99% -> 84.36%     
client [95] (testset)   loss: 1.6002 -> 1.1493  accuracy: 55.17% -> 59.77%     
client [77] (testset)   loss: 1.5420 -> 0.4770  accuracy: 58.30% -> 90.11%     
client [91] (testset)   loss: 3.3837 -> 0.7020  accuracy: 20.59% -> 91.18%     
client [99] (testset)   loss: 4.3377 -> 0.0037  accuracy: 6.33% -> 100.00%     
client [14] (testset)   loss: 0.7639 -> 0.7015  accuracy: 75.86% -> 81.77%     
client [39] (testset)   loss: 1.7385 -> 0.8042  accuracy: 54.79% -> 78.77%     
client [20] (testset)   loss: 0.9521 -> 0.7381  accuracy: 74.61% -> 87.18%     
---------------------------- TRAINING EPOCH: 90 ----------------------------   
client [62] (testset)   loss: 0.8842 -> 0.2351  accuracy: 70.59% -> 94.12%     
client [52] (testset)   loss: 0.1935 -> 0.1132  accuracy: 95.10% -> 98.04%     
client [97] (testset)   loss: 2.0754 -> 0.9649  accuracy: 41.46% -> 80.49%     
client [71] (testset)   loss: 1.3327 -> 0.5697  accuracy: 55.91% -> 86.02%     
client [30] (testset)   loss: 1.3387 -> 1.1910  accuracy: 55.91% -> 75.27%     
client [60] (testset)   loss: 2.4888 -> 0.3574  accuracy: 18.35% -> 92.51%     
client [88] (testset)   loss: 1.6425 -> 0.4320  accuracy: 43.95% -> 90.79%     
client [82] (testset)   loss: 1.2173 -> 0.2387  accuracy: 64.77% -> 96.59%     
client [91] (testset)   loss: 1.6720 -> 0.5984  accuracy: 36.76% -> 89.71%     
client [57] (testset)   loss: 0.6971 -> 0.1907  accuracy: 81.43% -> 95.78%     
---------------------------- TRAINING EPOCH: 100 ----------------------------  
client [31] (testset)   loss: 0.5419 -> 0.1300  accuracy: 84.79% -> 97.70%     
client [15] (testset)   loss: 1.6699 -> 0.6142  accuracy: 55.47% -> 87.50%     
client [97] (testset)   loss: 2.2837 -> 0.9623  accuracy: 35.37% -> 82.93%     
client [71] (testset)   loss: 2.7742 -> 0.5374  accuracy: 44.62% -> 88.71%     
client [53] (testset)   loss: 1.4827 -> 0.6317  accuracy: 57.14% -> 80.61%     
client [77] (testset)   loss: 1.2296 -> 0.4858  accuracy: 63.25% -> 89.75%     
client [76] (testset)   loss: 1.2596 -> 0.2273  accuracy: 67.55% -> 91.39%     
client [28] (testset)   loss: 1.2770 -> 0.5099  accuracy: 72.00% -> 80.00%     
client [99] (testset)   loss: 1.7067 -> 0.0103  accuracy: 44.30% -> 100.00%    
client [79] (testset)   loss: 0.9050 -> 0.3065  accuracy: 74.58% -> 93.85%     
---------------------------- TRAINING EPOCH: 110 ----------------------------  
client [86] (testset)   loss: 1.0245 -> 0.5898  accuracy: 73.68% -> 86.84%     
client [97] (testset)   loss: 1.3511 -> 0.8842  accuracy: 63.41% -> 84.15%     
client [73] (testset)   loss: 1.0589 -> 0.5642  accuracy: 78.79% -> 84.85%     
client [34] (testset)   loss: 2.4250 -> 1.0484  accuracy: 41.29% -> 75.48%     
client [96] (testset)   loss: 1.6751 -> 1.4466  accuracy: 68.18% -> 59.09%     
client [22] (testset)   loss: 1.1556 -> 0.6222  accuracy: 69.92% -> 86.47%     
client [5]  (testset)   loss: 2.1127 -> 0.7083  accuracy: 45.36% -> 85.57%     
client [66] (testset)   loss: 1.0559 -> 0.6272  accuracy: 69.12% -> 85.29%     
client [60] (testset)   loss: 2.5915 -> 0.3231  accuracy: 31.09% -> 91.76%     
client [83] (testset)   loss: 1.3011 -> 0.7006  accuracy: 58.82% -> 82.91%     
---------------------------- TRAINING EPOCH: 120 ----------------------------  
client [65] (testset)   loss: 1.9062 -> 0.4554  accuracy: 57.14% -> 89.29%     
client [95] (testset)   loss: 1.6560 -> 1.1956  accuracy: 55.17% -> 65.52%     
client [76] (testset)   loss: 1.4728 -> 0.1661  accuracy: 60.26% -> 94.04%     
client [8]  (testset)   loss: 0.8992 -> 0.7877  accuracy: 74.19% -> 67.74%     
client [35] (testset)   loss: 2.3220 -> 1.2062  accuracy: 33.33% -> 66.67%     
client [17] (testset)   loss: 1.0771 -> 1.0996  accuracy: 66.07% -> 79.17%     
client [98] (testset)   loss: 1.8674 -> 0.9091  accuracy: 48.34% -> 83.89%     
client [43] (testset)   loss: 0.3938 -> 0.1300  accuracy: 81.82% -> 90.91%     
client [53] (testset)   loss: 1.0808 -> 0.5885  accuracy: 68.88% -> 81.63%     
client [64] (testset)   loss: 1.2534 -> 0.2768  accuracy: 60.09% -> 92.66%     
---------------------------- TRAINING EPOCH: 130 ----------------------------  
client [21] (testset)   loss: 2.6625 -> 0.9742  accuracy: 34.78% -> 69.57%     
client [38] (testset)   loss: 0.6604 -> 0.0363  accuracy: 83.65% -> 99.04%     
client [3]  (testset)   loss: 1.5010 -> 0.6761  accuracy: 60.96% -> 83.42%     
client [88] (testset)   loss: 1.6698 -> 0.4824  accuracy: 53.68% -> 90.53%     
client [41] (testset)   loss: 0.9530 -> 0.8865  accuracy: 71.43% -> 73.02%     
client [7]  (testset)   loss: 2.6809 -> 0.5949  accuracy: 34.78% -> 86.47%     
client [37] (testset)   loss: 2.5448 -> 0.1872  accuracy: 33.33% -> 100.00%    
client [45] (testset)   loss: 2.3174 -> 1.8780  accuracy: 54.55% -> 72.73%     
client [5]  (testset)   loss: 3.4372 -> 0.7419  accuracy: 28.61% -> 84.54%     
client [47] (testset)   loss: 3.6957 -> 1.1427  accuracy: 37.50% -> 68.75%     
---------------------------- TRAINING EPOCH: 140 ----------------------------  
client [11] (testset)   loss: 2.0002 -> 0.1569  accuracy: 50.00% -> 90.91%     
client [37] (testset)   loss: 0.8966 -> 0.0706  accuracy: 66.67% -> 100.00%    
client [41] (testset)   loss: 0.9637 -> 0.8626  accuracy: 71.43% -> 76.19%     
client [16] (testset)   loss: 1.1153 -> 0.7699  accuracy: 63.86% -> 77.71%     
client [95] (testset)   loss: 1.4968 -> 1.0371  accuracy: 64.37% -> 70.11%     
client [22] (testset)   loss: 1.1167 -> 0.5061  accuracy: 68.42% -> 88.72%     
client [53] (testset)   loss: 1.6292 -> 0.6955  accuracy: 52.55% -> 81.12%     
client [25] (testset)   loss: 1.9327 -> 0.7129  accuracy: 39.93% -> 83.39%     
client [69] (testset)   loss: 2.2400 -> 1.3330  accuracy: 43.64% -> 66.06%     
client [46] (testset)   loss: 1.3912 -> 0.7200  accuracy: 56.59% -> 81.40%     
---------------------------- TRAINING EPOCH: 150 ----------------------------  
client [47] (testset)   loss: 3.0210 -> 2.1359  accuracy: 37.50% -> 62.50%     
client [82] (testset)   loss: 2.3579 -> 0.4577  accuracy: 47.73% -> 96.59%     
client [45] (testset)   loss: 2.6908 -> 1.6891  accuracy: 27.27% -> 72.73%     
client [69] (testset)   loss: 3.0174 -> 1.3183  accuracy: 32.42% -> 64.55%     
client [50] (testset)   loss: 3.1007 -> 1.8904  accuracy: 42.86% -> 85.71%     
client [7]  (testset)   loss: 1.5678 -> 0.5270  accuracy: 71.50% -> 87.44%     
client [35] (testset)   loss: 2.5566 -> 1.5115  accuracy: 50.00% -> 66.67%     
client [24] (testset)   loss: 1.5380 -> 0.5891  accuracy: 55.56% -> 86.11%     
client [15] (testset)   loss: 2.0796 -> 0.7303  accuracy: 54.30% -> 86.33%     
client [58] (testset)   loss: 0.3540 -> 0.3483  accuracy: 93.25% -> 93.25%     
---------------------------- TRAINING EPOCH: 160 ----------------------------  
client [48] (testset)   loss: 2.6318 -> 1.0174  accuracy: 53.85% -> 61.54%     
client [76] (testset)   loss: 1.5367 -> 0.1658  accuracy: 60.26% -> 94.70%     
client [37] (testset)   loss: 0.9885 -> 0.4832  accuracy: 66.67% -> 66.67%     
client [67] (testset)   loss: 1.6239 -> 0.3657  accuracy: 49.68% -> 89.03%     
client [64] (testset)   loss: 1.1977 -> 0.3214  accuracy: 64.22% -> 93.58%     
client [58] (testset)   loss: 0.5592 -> 0.3293  accuracy: 85.71% -> 93.65%     
client [77] (testset)   loss: 0.6314 -> 0.4537  accuracy: 83.04% -> 90.46%     
client [12] (testset)   loss: 1.3651 -> 0.7155  accuracy: 67.60% -> 85.37%     
client [89] (testset)   loss: 2.3994 -> 0.6695  accuracy: 35.29% -> 96.08%     
client [55] (testset)   loss: 1.3080 -> 0.4726  accuracy: 64.77% -> 88.21%     
---------------------------- TRAINING EPOCH: 170 ----------------------------  
client [51] (testset)   loss: 0.3785 -> 0.2953  accuracy: 87.50% -> 87.50%     
client [8]  (testset)   loss: 0.9676 -> 0.7150  accuracy: 74.19% -> 74.19%     
client [84] (testset)   loss: 1.1258 -> 0.3599  accuracy: 70.31% -> 89.06%     
client [94] (testset)   loss: 2.3008 -> 0.5451  accuracy: 38.46% -> 84.62%     
client [18] (testset)   loss: 0.8929 -> 0.6664  accuracy: 74.85% -> 87.43%     
client [81] (testset)   loss: 0.4954 -> 0.0401  accuracy: 82.14% -> 99.11%     
client [11] (testset)   loss: 1.5158 -> 0.0516  accuracy: 59.09% -> 100.00%    
client [95] (testset)   loss: 1.8610 -> 1.1524  accuracy: 48.28% -> 67.82%     
client [3]  (testset)   loss: 1.0909 -> 0.7136  accuracy: 69.52% -> 82.89%     
client [67] (testset)   loss: 0.1888 -> 0.2192  accuracy: 93.55% -> 93.55%     
---------------------------- TRAINING EPOCH: 180 ----------------------------  
client [21] (testset)   loss: 2.8460 -> 1.2644  accuracy: 43.48% -> 65.22%     
client [58] (testset)   loss: 0.4125 -> 0.3346  accuracy: 89.68% -> 94.44%     
client [79] (testset)   loss: 1.3633 -> 0.3353  accuracy: 70.39% -> 93.02%     
client [46] (testset)   loss: 1.6383 -> 0.6536  accuracy: 58.14% -> 86.82%     
client [11] (testset)   loss: 1.5601 -> 0.3554  accuracy: 50.00% -> 86.36%     
client [88] (testset)   loss: 0.9136 -> 0.4864  accuracy: 72.63% -> 90.53%     
client [13] (testset)   loss: 1.6903 -> 0.6857  accuracy: 61.11% -> 83.33%     
client [31] (testset)   loss: 0.9657 -> 0.1497  accuracy: 76.50% -> 96.31%     
client [55] (testset)   loss: 1.4071 -> 0.4419  accuracy: 66.02% -> 89.46%     
client [75] (testset)   loss: 1.7074 -> 0.4994  accuracy: 57.93% -> 89.85%     
---------------------------- TRAINING EPOCH: 190 ----------------------------  
client [19] (testset)   loss: 0.4004 -> 0.5015  accuracy: 92.92% -> 92.04%     
client [7]  (testset)   loss: 1.4786 -> 0.5071  accuracy: 62.32% -> 85.99%     
client [57] (testset)   loss: 0.9081 -> 0.1595  accuracy: 74.68% -> 97.05%     
client [43] (testset)   loss: 0.2390 -> 0.1274  accuracy: 90.91% -> 90.91%     
client [13] (testset)   loss: 1.7885 -> 0.6540  accuracy: 53.33% -> 83.33%     
client [91] (testset)   loss: 0.9520 -> 0.7092  accuracy: 75.00% -> 89.71%     
client [64] (testset)   loss: 1.2966 -> 0.3085  accuracy: 63.76% -> 93.12%     
client [10] (testset)   loss: 2.3201 -> 0.1583  accuracy: 37.28% -> 97.11%     
client [82] (testset)   loss: 0.3519 -> 0.2221  accuracy: 88.64% -> 96.59%     
client [22] (testset)   loss: 0.6697 -> 0.4799  accuracy: 85.71% -> 87.22%     
---------------------------- TRAINING EPOCH: 200 ----------------------------  
client [23] (testset)   loss: 0.7221 -> 0.0101  accuracy: 82.14% -> 100.00%    
client [88] (testset)   loss: 1.6567 -> 0.5307  accuracy: 53.95% -> 90.00%     
client [98] (testset)   loss: 1.4382 -> 0.9778  accuracy: 60.66% -> 83.89%     
client [20] (testset)   loss: 1.0189 -> 0.7208  accuracy: 73.45% -> 86.79%     
client [21] (testset)   loss: 2.3728 -> 1.1733  accuracy: 52.17% -> 73.91%     
client [79] (testset)   loss: 0.4815 -> 0.3261  accuracy: 87.43% -> 93.02%     
client [92] (testset)   loss: 0.6608 -> 0.2016  accuracy: 79.80% -> 93.60%     
client [56] (testset)   loss: 0.4018 -> 0.3880  accuracy: 90.77% -> 93.85%     
client [52] (testset)   loss: 0.7311 -> 0.2334  accuracy: 82.35% -> 97.06%     
client [5]  (testset)   loss: 0.9773 -> 0.7541  accuracy: 73.45% -> 84.54%     
FedDpa's average time taken by each global epoch: 0 min 6.18 sec.              
FedDpa's total running time: 0 h 21 m 49 s.                                    
==================== FedDpa Experiment Results: ====================           
Display format: (before local fine-tuning) -> (after local fine-tuning)        
 So if finetune_epoch = 0, x.xx% -> 0.00% is normal.                           
 Centralized testing ONLY happens after model aggregation, so the stats between
'->' are the same.                                                             
{                                                                              
    "100": {                                                                   
        "all_clients": {                                                       
            "test": {                                                          
                "loss": "1.1189 -> 0.0000",                                    
                "accuracy": "65.91% -> 0.00%"                                  
            }                                                                  
        }                                                                      
    },                                                                         
    "200": {                                                                   
        "all_clients": {                                                       
            "test": {                                                          
                "loss": "1.1826 -> 0.0000",                                    
                "accuracy": "71.53% -> 0.00%"                                  
            }                                                                  
        }                                                                      
    }                                                                          
}                                                                              
==================== FedDpa Max Accuracy ====================                  
all_clients:                                                                   
(test) before fine-tuning: 71.53% at epoch 200                                 
(test) after fine-tuning: 0.00% at epoch 100                                   
