==================== FedDpag ====================                              
Experiment Arguments:                                                          
{
    'method': 'feddpag',
    'dataset': {
        'name': 'medmnistC',
        'client_num': 100,
        'test_ratio': 0.25,
        'val_ratio': 0.0,
        'seed': 42,
        'split': 'sample',
        'IID_ratio': 0.0,
        'monitor_window_name_suffix': 'medmnistC-100clients-0%IID-Dir(0.1)-seed42',
        'alpha': 0.1,
        'min_samples_per_client': 10
    },
    'model': {
        'name': 'avgcnn',
        'use_torchvision_pretrained_weights': True,
        'external_model_weights_path': None
    },
    'optimizer': {
        'lr': 0.01,
        'dampening': 0,
        'weight_decay': 0,
        'momentum': 0.7,
        'nesterov': False,
        'name': 'sgd'
    },
    'mode': 'serial',
    'parallel': {
        'ray_cluster_addr': None,
        'num_cpus': None,
        'num_gpus': None,
        'num_workers': 2
    },
    'common': {
        'seed': 42,
        'join_ratio': 0.1,
        'global_epoch': 200,
        'local_epoch': 5,
        'batch_size': 32,
        'reset_optimizer_on_global_epoch': True,
        'straggler_ratio': 0,
        'straggler_min_local_epoch': 0,
        'buffers': 'global',
        'client_side_evaluation': True,
        'test': {
            'client': {
                'interval': 100,
                'finetune_epoch': 0,
                'train': False,
                'val': False,
                'test': True
            },
            'server': {
                'interval': -1,
                'train': False,
                'val': False,
                'test': True,
                'model_in_train_mode': False
            }
        },
        'verbose_gap': 10,
        'monitor': None,
        'use_cuda': True,
        'save_log': True,
        'save_model': False,
        'save_learning_curve_plot': True,
        'save_metrics': True,
        'delete_useless_run': True
    },
    'fedprox': {
        'mu': 0.01
    },
    'pfedsim': {
        'warmup_round': 0.5
    },
    'feddpag': {
        'fisher_threshold': 0.999
    }
}
---------------------------- TRAINING EPOCH: 10 ----------------------------   
client [77] (testset)   loss: 2.4203 -> 1.5089  accuracy: 0.00% -> 36.36%      
client [81] (testset)   loss: 2.7694 -> 0.4995  accuracy: 0.00% -> 80.58%      
client [21] (testset)   loss: 2.7283 -> 0.7540  accuracy: 0.00% -> 74.07%      
client [68] (testset)   loss: 2.5356 -> 1.0802  accuracy: 0.00% -> 59.72%      
client [93] (testset)   loss: 2.8305 -> 0.2508  accuracy: 0.00% -> 93.33%      
client [31] (testset)   loss: 2.4993 -> 0.6800  accuracy: 0.00% -> 85.14%      
client [20] (testset)   loss: 2.4732 -> 1.5017  accuracy: 0.00% -> 37.50%      
client [59] (testset)   loss: 2.2689 -> 1.2717  accuracy: 11.67% -> 33.33%     
client [48] (testset)   loss: 2.1027 -> 0.6485  accuracy: 0.00% -> 83.15%      
client [34] (testset)   loss: 2.4457 -> 0.6139  accuracy: 0.00% -> 82.14%      
---------------------------- TRAINING EPOCH: 20 ----------------------------   
client [69] (testset)   loss: 2.0520 -> 0.8820  accuracy: 15.38% -> 71.15%     
client [99] (testset)   loss: 1.8628 -> 1.7069  accuracy: 71.43% -> 14.29%     
client [67] (testset)   loss: 1.4346 -> 0.6624  accuracy: 85.71% -> 85.71%     
client [0]  (testset)   loss: 1.9856 -> 1.2609  accuracy: 9.76% -> 34.15%      
client [76] (testset)   loss: 1.8885 -> 2.5677  accuracy: 50.00% -> 50.00%     
client [41] (testset)   loss: 2.3718 -> 1.2095  accuracy: 7.41% -> 65.43%      
client [62] (testset)   loss: 3.5734 -> 0.4272  accuracy: 4.55% -> 95.45%      
client [2]  (testset)   loss: 2.5567 -> 1.1149  accuracy: 0.00% -> 47.27%      
client [14] (testset)   loss: 1.0284 -> 0.7819  accuracy: 85.00% -> 85.00%     
client [46] (testset)   loss: 1.9455 -> 0.9687  accuracy: 64.47% -> 64.47%     
---------------------------- TRAINING EPOCH: 30 ----------------------------   
client [24] (testset)   loss: 0.6417 -> 0.3127  accuracy: 93.75% -> 93.75%     
client [68] (testset)   loss: 1.9269 -> 1.0956  accuracy: 59.72% -> 59.72%     
client [57] (testset)   loss: 2.6437 -> 1.6517  accuracy: 0.00% -> 40.91%      
client [17] (testset)   loss: 1.7960 -> 0.8845  accuracy: 17.07% -> 69.92%     
client [54] (testset)   loss: 2.4033 -> 2.4282  accuracy: 0.00% -> 25.00%      
client [23] (testset)   loss: 2.9211 -> 1.7953  accuracy: 0.00% -> 39.13%      
client [35] (testset)   loss: 1.3213 -> 0.6037  accuracy: 85.00% -> 85.00%     
client [59] (testset)   loss: 2.0090 -> 1.1499  accuracy: 0.00% -> 50.83%      
client [31] (testset)   loss: 2.5959 -> 0.6213  accuracy: 1.35% -> 85.14%      
client [9]  (testset)   loss: 2.6174 -> 1.3907  accuracy: 0.00% -> 28.72%      
---------------------------- TRAINING EPOCH: 40 ----------------------------   
client [64] (testset)   loss: 2.2437 -> 1.3315  accuracy: 0.00% -> 50.00%      
client [33] (testset)   loss: 1.8991 -> 0.8583  accuracy: 12.99% -> 75.32%     
client [16] (testset)   loss: 1.2937 -> 0.6459  accuracy: 18.42% -> 78.95%     
client [44] (testset)   loss: 3.1102 -> 0.8814  accuracy: 1.19% -> 63.10%      
client [8]  (testset)   loss: 2.3163 -> 1.1808  accuracy: 54.17% -> 41.67%     
client [31] (testset)   loss: 1.9403 -> 0.6081  accuracy: 85.14% -> 85.14%     
client [47] (testset)   loss: 2.1067 -> 0.5962  accuracy: 0.00% -> 87.78%      
client [36] (testset)   loss: 2.4331 -> 1.7424  accuracy: 28.89% -> 28.89%     
client [20] (testset)   loss: 2.0359 -> 1.1663  accuracy: 37.50% -> 37.50%     
client [56] (testset)   loss: 2.0506 -> 0.7269  accuracy: 7.44% -> 79.34%      
---------------------------- TRAINING EPOCH: 50 ----------------------------   
client [4]  (testset)   loss: 2.4565 -> 2.6301  accuracy: 25.00% -> 25.00%     
client [60] (testset)   loss: 1.3269 -> 0.4158  accuracy: 91.82% -> 91.82%     
client [28] (testset)   loss: 2.3161 -> 1.0705  accuracy: 0.00% -> 61.54%      
client [25] (testset)   loss: 2.7439 -> 0.3340  accuracy: 0.00% -> 90.48%      
client [58] (testset)   loss: 1.2248 -> 0.5104  accuracy: 86.70% -> 86.70%     
client [44] (testset)   loss: 2.1459 -> 0.8648  accuracy: 0.00% -> 63.10%      
client [39] (testset)   loss: 1.6490 -> 1.0021  accuracy: 78.57% -> 78.57%     
client [29] (testset)   loss: 1.8250 -> 0.8059  accuracy: 3.70% -> 81.48%      
client [3]  (testset)   loss: 2.4726 -> 1.7306  accuracy: 23.53% -> 17.65%     
client [84] (testset)   loss: 2.3892 -> 1.6308  accuracy: 0.00% -> 21.84%      
---------------------------- TRAINING EPOCH: 60 ----------------------------   
client [21] (testset)   loss: 2.8396 -> 0.8096  accuracy: 0.00% -> 74.07%      
client [84] (testset)   loss: 2.5394 -> 1.7104  accuracy: 0.00% -> 21.84%      
client [10] (testset)   loss: 2.4938 -> 1.5505  accuracy: 0.00% -> 18.75%      
client [36] (testset)   loss: 2.6518 -> 1.7113  accuracy: 0.00% -> 28.89%      
client [65] (testset)   loss: 1.7905 -> 1.1666  accuracy: 11.11% -> 62.22%     
client [81] (testset)   loss: 1.6200 -> 0.5406  accuracy: 80.58% -> 80.58%     
client [79] (testset)   loss: 2.1425 -> 0.7893  accuracy: 0.00% -> 64.00%      
client [42] (testset)   loss: 0.9042 -> 0.0637  accuracy: 100.00% -> 100.00%   
client [11] (testset)   loss: 2.5282 -> 0.5405  accuracy: 0.00% -> 85.71%      
client [96] (testset)   loss: 2.3026 -> 1.4723  accuracy: 0.00% -> 66.67%      
---------------------------- TRAINING EPOCH: 70 ----------------------------   
client [8]  (testset)   loss: 1.8834 -> 1.1416  accuracy: 0.00% -> 41.67%      
client [53] (testset)   loss: 1.4426 -> 0.7645  accuracy: 78.85% -> 78.85%     
client [52] (testset)   loss: 1.5675 -> 0.9719  accuracy: 65.62% -> 65.62%     
client [42] (testset)   loss: 0.6513 -> 0.0689  accuracy: 100.00% -> 100.00%   
client [69] (testset)   loss: 1.1818 -> 0.8437  accuracy: 71.15% -> 71.15%     
client [59] (testset)   loss: 1.8776 -> 1.1277  accuracy: 11.67% -> 50.83%     
client [7]  (testset)   loss: 1.2404 -> 0.1670  accuracy: 97.73% -> 97.73%     
client [26] (testset)   loss: 2.1788 -> 1.0620  accuracy: 30.77% -> 57.69%     
client [49] (testset)   loss: 1.1153 -> 0.8961  accuracy: 75.00% -> 75.00%     
client [98] (testset)   loss: 1.3101 -> 0.3163  accuracy: 100.00% -> 100.00%   
---------------------------- TRAINING EPOCH: 80 ----------------------------   
client [98] (testset)   loss: 1.6128 -> 0.2073  accuracy: 0.00% -> 100.00%     
client [47] (testset)   loss: 3.5266 -> 0.6011  accuracy: 0.00% -> 87.78%      
client [21] (testset)   loss: 2.5226 -> 0.7670  accuracy: 0.00% -> 74.07%      
client [77] (testset)   loss: 2.4866 -> 1.6562  accuracy: 0.00% -> 36.36%      
client [95] (testset)   loss: 2.7873 -> 1.3648  accuracy: 0.00% -> 46.43%      
client [91] (testset)   loss: 2.3311 -> 3.6146  accuracy: 8.33% -> 16.67%      
client [14] (testset)   loss: 2.4272 -> 0.7191  accuracy: 0.00% -> 85.00%      
client [99] (testset)   loss: 2.7559 -> 2.1097  accuracy: 0.00% -> 71.43%      
client [20] (testset)   loss: 2.6359 -> 1.1906  accuracy: 0.00% -> 37.50%      
client [39] (testset)   loss: 1.1510 -> 0.8766  accuracy: 78.57% -> 78.57%     
---------------------------- TRAINING EPOCH: 90 ----------------------------   
client [52] (testset)   loss: 1.8044 -> 0.9427  accuracy: 0.00% -> 65.62%      
client [62] (testset)   loss: 4.0598 -> 0.4036  accuracy: 0.00% -> 95.45%      
client [71] (testset)   loss: 1.0848 -> 0.8780  accuracy: 71.97% -> 71.97%     
client [97] (testset)   loss: 2.2003 -> 1.3447  accuracy: 0.00% -> 42.02%      
client [30] (testset)   loss: 2.5365 -> 1.3605  accuracy: 13.33% -> 38.89%     
client [88] (testset)   loss: 1.2295 -> 0.4906  accuracy: 87.41% -> 87.41%     
client [60] (testset)   loss: 0.6613 -> 0.4029  accuracy: 91.82% -> 91.82%     
client [82] (testset)   loss: 1.2282 -> 0.9057  accuracy: 69.05% -> 69.05%     
client [91] (testset)   loss: 2.2043 -> 2.8798  accuracy: 8.33% -> 16.67%      
client [57] (testset)   loss: 2.5464 -> 1.3449  accuracy: 0.00% -> 40.91%      
---------------------------- TRAINING EPOCH: 100 ----------------------------  
client [31] (testset)   loss: 1.0077 -> 0.6218  accuracy: 85.14% -> 85.14%     
client [15] (testset)   loss: 2.3335 -> 1.0355  accuracy: 0.00% -> 49.32%      
client [71] (testset)   loss: 1.1360 -> 0.8525  accuracy: 71.97% -> 71.97%     
client [97] (testset)   loss: 2.6997 -> 1.2889  accuracy: 10.08% -> 42.02%     
client [53] (testset)   loss: 1.9126 -> 0.8100  accuracy: 0.00% -> 78.85%      
client [77] (testset)   loss: 2.7588 -> 1.7704  accuracy: 36.36% -> 36.36%     
client [76] (testset)   loss: 2.5512 -> 2.2963  accuracy: 0.00% -> 50.00%      
client [79] (testset)   loss: 2.7332 -> 0.7236  accuracy: 0.00% -> 64.00%      
client [28] (testset)   loss: 2.4882 -> 1.0688  accuracy: 0.00% -> 61.54%      
client [99] (testset)   loss: 2.1846 -> 1.8125  accuracy: 0.00% -> 71.43%      
---------------------------- TRAINING EPOCH: 110 ----------------------------  
client [97] (testset)   loss: 2.0019 -> 1.2860  accuracy: 40.34% -> 40.34%     
client [86] (testset)   loss: 2.3317 -> 1.6226  accuracy: 31.48% -> 31.48%     
client [34] (testset)   loss: 3.3147 -> 0.5971  accuracy: 0.00% -> 82.14%      
client [73] (testset)   loss: 1.4319 -> 0.7192  accuracy: 76.92% -> 76.92%     
client [5]  (testset)   loss: 1.0194 -> 0.5317  accuracy: 90.00% -> 90.00%     
client [96] (testset)   loss: 3.2156 -> 2.2030  accuracy: 0.00% -> 0.00%       
client [22] (testset)   loss: 2.7708 -> 0.9926  accuracy: 1.69% -> 52.54%      
client [60] (testset)   loss: 2.0650 -> 0.4482  accuracy: 0.00% -> 91.82%      
client [66] (testset)   loss: 1.4925 -> 0.1856  accuracy: 0.00% -> 97.75%      
client [83] (testset)   loss: 1.6722 -> 0.4977  accuracy: 0.00% -> 87.91%      
---------------------------- TRAINING EPOCH: 120 ----------------------------  
client [76] (testset)   loss: 1.8861 -> 2.7800  accuracy: 50.00% -> 50.00%     
client [65] (testset)   loss: 2.0157 -> 1.2017  accuracy: 2.22% -> 62.22%      
client [95] (testset)   loss: 2.9126 -> 1.4453  accuracy: 0.00% -> 46.43%      
client [17] (testset)   loss: 2.5216 -> 0.9269  accuracy: 0.00% -> 69.92%      
client [8]  (testset)   loss: 2.7824 -> 1.1431  accuracy: 0.00% -> 41.67%      
client [35] (testset)   loss: 0.6756 -> 0.5071  accuracy: 85.00% -> 85.00%     
client [98] (testset)   loss: 2.2442 -> 0.2574  accuracy: 0.00% -> 100.00%     
client [53] (testset)   loss: 1.2591 -> 0.7697  accuracy: 78.85% -> 78.85%     
client [43] (testset)   loss: 2.1613 -> 0.7235  accuracy: 0.00% -> 83.33%      
client [64] (testset)   loss: 2.0808 -> 1.7038  accuracy: 50.00% -> 0.00%      
---------------------------- TRAINING EPOCH: 130 ----------------------------  
client [21] (testset)   loss: 2.0250 -> 0.7436  accuracy: 0.00% -> 74.07%      
client [88] (testset)   loss: 0.8075 -> 0.4710  accuracy: 87.41% -> 87.41%     
client [38] (testset)   loss: 3.5931 -> 0.8516  accuracy: 16.00% -> 76.00%     
client [3]  (testset)   loss: 2.7596 -> 1.7384  accuracy: 0.00% -> 17.65%      
client [5]  (testset)   loss: 0.9549 -> 0.4861  accuracy: 90.00% -> 90.00%     
client [41] (testset)   loss: 2.0146 -> 1.1541  accuracy: 7.41% -> 65.43%      
client [7]  (testset)   loss: 1.8310 -> 0.1704  accuracy: 0.00% -> 97.73%      
client [37] (testset)   loss: 2.9419 -> 0.9356  accuracy: 0.00% -> 55.00%      
client [45] (testset)   loss: 2.8835 -> 1.5560  accuracy: 0.00% -> 27.27%      
client [47] (testset)   loss: 2.7905 -> 0.6051  accuracy: 0.00% -> 87.78%      
---------------------------- TRAINING EPOCH: 140 ----------------------------  
client [16] (testset)   loss: 2.8996 -> 0.7550  accuracy: 0.00% -> 78.95%      
client [11] (testset)   loss: 2.9802 -> 0.5767  accuracy: 0.00% -> 85.71%      
client [37] (testset)   loss: 3.4382 -> 1.2095  accuracy: 0.00% -> 55.00%      
client [41] (testset)   loss: 2.3085 -> 1.1536  accuracy: 0.00% -> 65.43%      
client [95] (testset)   loss: 2.9157 -> 1.3906  accuracy: 0.00% -> 46.43%      
client [53] (testset)   loss: 1.9199 -> 0.7790  accuracy: 78.85% -> 78.85%     
client [22] (testset)   loss: 2.9146 -> 0.9739  accuracy: 0.00% -> 52.54%      
client [25] (testset)   loss: 2.0650 -> 0.3401  accuracy: 0.00% -> 90.48%      
client [69] (testset)   loss: 1.8058 -> 0.8492  accuracy: 71.15% -> 71.15%     
client [46] (testset)   loss: 1.2485 -> 0.9551  accuracy: 64.47% -> 64.47%     
---------------------------- TRAINING EPOCH: 150 ----------------------------  
client [47] (testset)   loss: 1.0224 -> 0.6119  accuracy: 87.78% -> 87.78%     
client [69] (testset)   loss: 1.5086 -> 0.8459  accuracy: 71.15% -> 71.15%     
client [82] (testset)   loss: 1.2531 -> 0.8500  accuracy: 69.05% -> 69.05%     
client [45] (testset)   loss: 2.5806 -> 1.6526  accuracy: 0.00% -> 27.27%      
client [7]  (testset)   loss: 0.6506 -> 0.1548  accuracy: 97.73% -> 97.73%     
client [50] (testset)   loss: 2.3883 -> 1.1981  accuracy: 0.00% -> 55.56%      
client [35] (testset)   loss: 0.7521 -> 0.5240  accuracy: 85.00% -> 85.00%     
client [24] (testset)   loss: 0.8363 -> 0.3556  accuracy: 93.75% -> 93.75%     
client [15] (testset)   loss: 2.3716 -> 0.9834  accuracy: 0.00% -> 49.32%      
client [58] (testset)   loss: 2.6276 -> 0.4909  accuracy: 0.00% -> 86.70%      
---------------------------- TRAINING EPOCH: 160 ----------------------------  
client [48] (testset)   loss: 1.1186 -> 0.6495  accuracy: 83.15% -> 83.15%     
client [76] (testset)   loss: 1.9943 -> 1.7199  accuracy: 50.00% -> 50.00%     
client [67] (testset)   loss: 1.6234 -> 0.6296  accuracy: 85.71% -> 85.71%     
client [37] (testset)   loss: 2.0908 -> 0.9175  accuracy: 0.00% -> 55.00%      
client [58] (testset)   loss: 0.8575 -> 0.4904  accuracy: 86.70% -> 86.70%     
client [64] (testset)   loss: 2.1740 -> 1.5190  accuracy: 0.00% -> 0.00%       
client [77] (testset)   loss: 2.6099 -> 1.6521  accuracy: 0.00% -> 36.36%      
client [55] (testset)   loss: 1.5668 -> 0.8500  accuracy: 83.78% -> 83.78%     
client [12] (testset)   loss: 2.5568 -> 1.2886  accuracy: 0.00% -> 61.11%      
client [89] (testset)   loss: 1.9976 -> 1.1607  accuracy: 40.00% -> 40.00%     
---------------------------- TRAINING EPOCH: 170 ----------------------------  
client [84] (testset)   loss: 2.0805 -> 1.6131  accuracy: 40.23% -> 40.23%     
client [51] (testset)   loss: 1.0355 -> 0.9297  accuracy: 80.00% -> 80.00%     
client [8]  (testset)   loss: 2.9625 -> 1.1228  accuracy: 0.00% -> 54.17%      
client [18] (testset)   loss: 0.3795 -> 0.2084  accuracy: 97.37% -> 97.37%     
client [94] (testset)   loss: 1.0707 -> 1.1898  accuracy: 83.33% -> 83.33%     
client [81] (testset)   loss: 0.9551 -> 0.5280  accuracy: 80.58% -> 80.58%     
client [3]  (testset)   loss: 2.5638 -> 1.7834  accuracy: 17.65% -> 17.65%     
client [11] (testset)   loss: 0.8393 -> 0.5379  accuracy: 85.71% -> 85.71%     
client [95] (testset)   loss: 2.8355 -> 1.3757  accuracy: 7.14% -> 46.43%      
client [67] (testset)   loss: 1.3549 -> 0.5866  accuracy: 85.71% -> 85.71%     
---------------------------- TRAINING EPOCH: 180 ----------------------------  
client [21] (testset)   loss: 3.5300 -> 0.7542  accuracy: 0.00% -> 74.07%      
client [79] (testset)   loss: 1.4563 -> 0.7311  accuracy: 36.00% -> 64.00%     
client [58] (testset)   loss: 0.7264 -> 0.4984  accuracy: 86.70% -> 86.70%     
client [88] (testset)   loss: 1.1842 -> 0.5690  accuracy: 87.41% -> 87.41%     
client [46] (testset)   loss: 2.4815 -> 0.9650  accuracy: 0.00% -> 64.47%      
client [11] (testset)   loss: 1.5605 -> 0.5460  accuracy: 85.71% -> 85.71%     
client [55] (testset)   loss: 3.0354 -> 0.8548  accuracy: 0.00% -> 83.78%      
client [13] (testset)   loss: 2.7090 -> 1.5725  accuracy: 1.59% -> 46.03%      
client [31] (testset)   loss: 2.9657 -> 0.6218  accuracy: 1.35% -> 85.14%      
client [75] (testset)   loss: 3.1876 -> 0.1848  accuracy: 0.00% -> 100.00%     
---------------------------- TRAINING EPOCH: 190 ----------------------------  
client [19] (testset)   loss: 1.0019 -> 0.5755  accuracy: 80.00% -> 80.00%     
client [7]  (testset)   loss: 0.2949 -> 0.1485  accuracy: 97.73% -> 97.73%     
client [57] (testset)   loss: 2.1426 -> 1.3065  accuracy: 40.91% -> 40.91%     
client [13] (testset)   loss: 1.8418 -> 1.5737  accuracy: 46.03% -> 46.03%     
client [43] (testset)   loss: 2.0461 -> 0.8872  accuracy: 0.00% -> 83.33%      
client [91] (testset)   loss: 2.4236 -> 2.3266  accuracy: 16.67% -> 16.67%     
client [10] (testset)   loss: 2.2025 -> 1.4617  accuracy: 12.50% -> 46.88%     
client [64] (testset)   loss: 2.2511 -> 1.4980  accuracy: 0.00% -> 0.00%       
client [82] (testset)   loss: 1.2838 -> 0.9124  accuracy: 69.05% -> 69.05%     
client [22] (testset)   loss: 1.6848 -> 0.9702  accuracy: 42.37% -> 42.37%     
---------------------------- TRAINING EPOCH: 200 ----------------------------  
client [20] (testset)   loss: 2.2502 -> 1.1984  accuracy: 0.00% -> 37.50%      
client [23] (testset)   loss: 2.5022 -> 1.7917  accuracy: 0.00% -> 39.13%      
client [88] (testset)   loss: 2.7468 -> 0.4728  accuracy: 0.00% -> 87.41%      
client [98] (testset)   loss: 0.3811 -> 0.2252  accuracy: 100.00% -> 100.00%   
client [79] (testset)   loss: 1.6669 -> 0.7341  accuracy: 36.00% -> 64.00%     
client [21] (testset)   loss: 2.0287 -> 0.7415  accuracy: 74.07% -> 74.07%     
client [92] (testset)   loss: 2.9163 -> 1.2288  accuracy: 10.20% -> 55.10%     
client [56] (testset)   loss: 1.3455 -> 0.7208  accuracy: 79.34% -> 79.34%     
client [5]  (testset)   loss: 0.6468 -> 0.4866  accuracy: 90.00% -> 90.00%     
client [52] (testset)   loss: 1.9783 -> 0.9919  accuracy: 65.62% -> 65.62%     
FedDpag's average time taken by each global epoch: 0 min 1.09 sec.             
FedDpag's total running time: 0 h 3 m 41 s.                                    
==================== FedDpag Experiment Results: ====================          
Display format: (before local fine-tuning) -> (after local fine-tuning)        
 So if finetune_epoch = 0, x.xx% -> 0.00% is normal.                           
 Centralized testing ONLY happens after model aggregation, so the stats between
'->' are the same.                                                             
{                                                                              
    "100": {                                                                   
        "all_clients": {                                                       
            "test": {                                                          
                "loss": "1.8891 -> 0.0000",                                    
                "accuracy": "29.88% -> 0.00%"                                  
            }                                                                  
        }                                                                      
    },                                                                         
    "200": {                                                                   
        "all_clients": {                                                       
            "test": {                                                          
                "loss": "2.2080 -> 0.0000",                                    
                "accuracy": "28.00% -> 0.00%"                                  
            }                                                                  
        }                                                                      
    }                                                                          
}                                                                              
==================== FedDpag Max Accuracy ====================                 
all_clients:                                                                   
(test) before fine-tuning: 29.88% at epoch 100                                 
(test) after fine-tuning: 0.00% at epoch 100                                   
