==================== FedRoD ====================                               
Experiment Arguments:                                                          
{
    'method': 'fedrod',
    'dataset': {
        'name': 'fmnist',
        'client_num': 100,
        'test_ratio': 0.25,
        'val_ratio': 0.0,
        'seed': 42,
        'split': 'sample',
        'IID_ratio': 0.0,
        'monitor_window_name_suffix': 'fmnist-100clients-0%IID-Dir(0.5)-seed42',
        'alpha': 0.5,
        'min_samples_per_client': 10
    },
    'model': {
        'name': 'avgcnn',
        'use_torchvision_pretrained_weights': True,
        'external_model_weights_path': None
    },
    'optimizer': {
        'lr': 0.01,
        'dampening': 0,
        'weight_decay': 0,
        'momentum': 0.7,
        'nesterov': False,
        'name': 'sgd'
    },
    'mode': 'serial',
    'parallel': {
        'ray_cluster_addr': None,
        'num_cpus': None,
        'num_gpus': None,
        'num_workers': 2
    },
    'common': {
        'seed': 42,
        'join_ratio': 0.1,
        'global_epoch': 400,
        'local_epoch': 5,
        'batch_size': 32,
        'reset_optimizer_on_global_epoch': True,
        'straggler_ratio': 0,
        'straggler_min_local_epoch': 0,
        'buffers': 'global',
        'client_side_evaluation': True,
        'test': {
            'client': {
                'interval': 100,
                'finetune_epoch': 5,
                'train': False,
                'val': False,
                'test': True
            },
            'server': {
                'interval': -1,
                'train': False,
                'val': False,
                'test': True,
                'model_in_train_mode': False
            }
        },
        'verbose_gap': 10,
        'monitor': None,
        'use_cuda': True,
        'save_log': True,
        'save_model': False,
        'save_learning_curve_plot': True,
        'save_metrics': True,
        'delete_useless_run': True
    },
    'fedprox': {
        'mu': 0.01
    },
    'pfedsim': {
        'warmup_round': 0.5
    },
    'fedrod': {
        'gamma': 1,
        'hyper': 0,
        'hyper_lr': 0.1,
        'hyper_hidden_dim': 32,
        'eval_per': 1
    }
}
---------------------------- TRAINING EPOCH: 10 ----------------------------   
client [77] (testset)   loss: 0.2898 -> 0.2565  accuracy: 89.71% -> 92.00%     
client [81] (testset)   loss: 0.1252 -> 0.1069  accuracy: 94.92% -> 98.31%     
client [21] (testset)   loss: 1.1088 -> 0.3441  accuracy: 61.64% -> 89.31%     
client [68] (testset)   loss: 0.4167 -> 0.3394  accuracy: 87.89% -> 86.96%     
client [93] (testset)   loss: 0.5629 -> 0.6601  accuracy: 82.17% -> 82.17%     
client [31] (testset)   loss: 0.2558 -> 0.2015  accuracy: 89.93% -> 91.28%     
client [20] (testset)   loss: 0.1436 -> 0.1554  accuracy: 95.10% -> 95.10%     
client [59] (testset)   loss: 0.6057 -> 0.2281  accuracy: 84.26% -> 96.30%     
client [48] (testset)   loss: 0.8270 -> 0.7112  accuracy: 77.24% -> 82.11%     
client [34] (testset)   loss: 0.2783 -> 0.2563  accuracy: 92.35% -> 92.35%     
---------------------------- TRAINING EPOCH: 20 ----------------------------   
client [69] (testset)   loss: 0.3205 -> 0.3701  accuracy: 90.48% -> 88.44%     
client [99] (testset)   loss: 0.1499 -> 0.1391  accuracy: 96.15% -> 95.19%     
client [67] (testset)   loss: 0.1409 -> 0.1172  accuracy: 96.10% -> 96.97%     
client [0]  (testset)   loss: 0.3416 -> 0.3208  accuracy: 88.80% -> 90.46%     
client [76] (testset)   loss: 0.3360 -> 0.3538  accuracy: 90.84% -> 90.46%     
client [41] (testset)   loss: 0.2470 -> 0.1244  accuracy: 94.63% -> 97.07%     
client [62] (testset)   loss: 0.4544 -> 0.1085  accuracy: 87.79% -> 95.42%     
client [2]  (testset)   loss: 0.6389 -> 0.3164  accuracy: 83.66% -> 92.16%     
client [14] (testset)   loss: 0.1840 -> 0.1711  accuracy: 92.12% -> 94.61%     
client [46] (testset)   loss: 0.2177 -> 0.2258  accuracy: 93.46% -> 91.50%     
---------------------------- TRAINING EPOCH: 30 ----------------------------   
client [24] (testset)   loss: 0.1573 -> 0.1722  accuracy: 94.59% -> 94.59%     
client [68] (testset)   loss: 0.3189 -> 0.3872  accuracy: 89.13% -> 89.13%     
client [57] (testset)   loss: 0.1115 -> 0.1217  accuracy: 97.97% -> 96.61%     
client [17] (testset)   loss: 0.2534 -> 0.2462  accuracy: 92.47% -> 91.10%     
client [54] (testset)   loss: 0.2918 -> 0.4021  accuracy: 88.14% -> 87.11%     
client [23] (testset)   loss: 1.3022 -> 0.4883  accuracy: 80.00% -> 84.29%     
client [35] (testset)   loss: 0.1385 -> 0.1331  accuracy: 96.13% -> 96.13%     
client [59] (testset)   loss: 0.1596 -> 0.1405  accuracy: 97.22% -> 96.30%     
client [31] (testset)   loss: 0.2518 -> 0.2431  accuracy: 93.29% -> 93.29%     
client [9]  (testset)   loss: 0.1160 -> 0.1158  accuracy: 97.86% -> 97.33%     
---------------------------- TRAINING EPOCH: 40 ----------------------------   
client [64] (testset)   loss: 0.1406 -> 0.1366  accuracy: 96.65% -> 96.65%     
client [33] (testset)   loss: 0.4343 -> 0.4455  accuracy: 89.26% -> 89.26%     
client [16] (testset)   loss: 0.3006 -> 0.3278  accuracy: 92.48% -> 93.98%     
client [44] (testset)   loss: 0.6049 -> 0.4599  accuracy: 85.04% -> 88.64%     
client [8]  (testset)   loss: 0.1794 -> 0.2096  accuracy: 95.10% -> 95.10%     
client [31] (testset)   loss: 0.2815 -> 0.2427  accuracy: 91.95% -> 91.28%     
client [47] (testset)   loss: 0.2022 -> 0.1977  accuracy: 96.30% -> 96.30%     
client [36] (testset)   loss: 0.0929 -> 0.0820  accuracy: 98.16% -> 98.16%     
client [20] (testset)   loss: 0.1597 -> 0.1391  accuracy: 94.29% -> 95.92%     
client [56] (testset)   loss: 0.3717 -> 0.3535  accuracy: 88.27% -> 88.27%     
---------------------------- TRAINING EPOCH: 50 ----------------------------   
client [4]  (testset)   loss: 0.6840 -> 0.7462  accuracy: 84.68% -> 83.06%     
client [60] (testset)   loss: 0.1879 -> 0.1101  accuracy: 94.67% -> 95.33%     
client [28] (testset)   loss: 0.3786 -> 0.4447  accuracy: 93.27% -> 91.48%     
client [25] (testset)   loss: 0.3481 -> 0.3693  accuracy: 91.98% -> 92.75%     
client [58] (testset)   loss: 0.4136 -> 0.4400  accuracy: 90.06% -> 88.95%     
client [44] (testset)   loss: 0.4838 -> 0.4704  accuracy: 87.81% -> 88.09%     
client [39] (testset)   loss: 0.3156 -> 0.3966  accuracy: 91.79% -> 91.04%     
client [29] (testset)   loss: 0.2836 -> 0.3006  accuracy: 91.11% -> 91.67%     
client [3]  (testset)   loss: 0.2340 -> 0.1946  accuracy: 93.59% -> 94.87%     
client [84] (testset)   loss: 0.2765 -> 0.2920  accuracy: 94.33% -> 93.81%     
---------------------------- TRAINING EPOCH: 60 ----------------------------   
client [21] (testset)   loss: 0.3582 -> 0.3915  accuracy: 91.19% -> 89.31%     
client [84] (testset)   loss: 0.2519 -> 0.2767  accuracy: 94.85% -> 95.36%     
client [10] (testset)   loss: 0.1628 -> 0.1453  accuracy: 95.68% -> 96.40%     
client [36] (testset)   loss: 0.1066 -> 0.1219  accuracy: 97.24% -> 96.77%     
client [65] (testset)   loss: 0.1290 -> 0.1366  accuracy: 97.06% -> 97.06%     
client [81] (testset)   loss: 0.0447 -> 0.0336  accuracy: 98.31% -> 98.31%     
client [79] (testset)   loss: 0.4222 -> 0.4150  accuracy: 88.31% -> 87.01%     
client [42] (testset)   loss: 0.2818 -> 0.2604  accuracy: 92.95% -> 93.39%     
client [11] (testset)   loss: 0.1174 -> 0.1128  accuracy: 98.21% -> 98.21%     
client [96] (testset)   loss: 0.2637 -> 0.3226  accuracy: 93.01% -> 92.14%     
---------------------------- TRAINING EPOCH: 70 ----------------------------   
client [8]  (testset)   loss: 0.1802 -> 0.2058  accuracy: 95.10% -> 94.12%     
client [53] (testset)   loss: 0.4570 -> 0.3397  accuracy: 89.71% -> 90.44%     
client [52] (testset)   loss: 0.1099 -> 0.1029  accuracy: 96.00% -> 98.00%     
client [42] (testset)   loss: 0.2367 -> 0.2558  accuracy: 94.27% -> 94.27%     
client [69] (testset)   loss: 0.3447 -> 0.3973  accuracy: 90.48% -> 90.48%     
client [59] (testset)   loss: 0.1565 -> 0.1676  accuracy: 97.22% -> 97.22%     
client [7]  (testset)   loss: 0.2975 -> 0.2721  accuracy: 94.24% -> 93.42%     
client [26] (testset)   loss: 0.0831 -> 0.0687  accuracy: 98.70% -> 98.70%     
client [49] (testset)   loss: 0.4023 -> 0.3816  accuracy: 89.66% -> 91.72%     
client [98] (testset)   loss: 0.1072 -> 0.1245  accuracy: 97.25% -> 96.91%     
---------------------------- TRAINING EPOCH: 80 ----------------------------   
client [98] (testset)   loss: 0.1029 -> 0.1113  accuracy: 97.59% -> 96.91%     
client [47] (testset)   loss: 0.1959 -> 0.2166  accuracy: 97.22% -> 97.22%     
client [21] (testset)   loss: 0.3715 -> 0.3966  accuracy: 89.94% -> 91.19%     
client [77] (testset)   loss: 0.2552 -> 0.2916  accuracy: 94.86% -> 92.57%     
client [95] (testset)   loss: 0.4731 -> 0.4438  accuracy: 92.38% -> 93.33%     
client [91] (testset)   loss: 0.2001 -> 0.1974  accuracy: 96.20% -> 96.84%     
client [14] (testset)   loss: 0.1741 -> 0.1846  accuracy: 93.78% -> 93.78%     
client [99] (testset)   loss: 0.0990 -> 0.1314  accuracy: 96.15% -> 96.15%     
client [20] (testset)   loss: 0.1305 -> 0.1388  accuracy: 97.14% -> 96.73%     
client [39] (testset)   loss: 0.2960 -> 0.3374  accuracy: 92.54% -> 92.54%     
---------------------------- TRAINING EPOCH: 90 ----------------------------   
client [52] (testset)   loss: 0.0900 -> 0.0931  accuracy: 97.33% -> 98.00%     
client [62] (testset)   loss: 0.0800 -> 0.0870  accuracy: 96.18% -> 96.95%     
client [71] (testset)   loss: 0.4017 -> 0.4520  accuracy: 93.75% -> 93.75%     
client [97] (testset)   loss: 0.1264 -> 0.1185  accuracy: 96.49% -> 95.61%     
client [30] (testset)   loss: 0.2709 -> 0.3213  accuracy: 92.31% -> 90.11%     
client [88] (testset)   loss: 0.3290 -> 0.3630  accuracy: 93.29% -> 92.62%     
client [60] (testset)   loss: 0.1293 -> 0.1325  accuracy: 96.00% -> 96.67%     
client [82] (testset)   loss: 0.3688 -> 0.3470  accuracy: 92.37% -> 93.22%     
client [91] (testset)   loss: 0.1485 -> 0.1349  accuracy: 96.84% -> 96.84%     
client [57] (testset)   loss: 0.0931 -> 0.0947  accuracy: 97.97% -> 97.29%     
---------------------------- TRAINING EPOCH: 100 ----------------------------  
client [31] (testset)   loss: 0.1948 -> 0.2024  accuracy: 92.62% -> 93.29%     
client [15] (testset)   loss: 0.2117 -> 0.2033  accuracy: 96.21% -> 96.97%     
client [71] (testset)   loss: 0.5393 -> 0.5306  accuracy: 90.62% -> 90.62%     
client [97] (testset)   loss: 0.0961 -> 0.0875  accuracy: 94.74% -> 95.61%     
client [53] (testset)   loss: 0.3905 -> 0.3588  accuracy: 92.65% -> 90.44%     
client [77] (testset)   loss: 0.2725 -> 0.2441  accuracy: 94.86% -> 93.71%     
client [76] (testset)   loss: 0.4054 -> 0.3977  accuracy: 91.98% -> 91.22%     
client [79] (testset)   loss: 0.4957 -> 0.4767  accuracy: 87.01% -> 87.66%     
client [28] (testset)   loss: 0.4141 -> 0.4671  accuracy: 91.48% -> 91.93%     
client [99] (testset)   loss: 0.1688 -> 0.1696  accuracy: 94.23% -> 96.15%     
---------------------------- TRAINING EPOCH: 110 ----------------------------  
client [97] (testset)   loss: 0.1235 -> 0.1033  accuracy: 94.74% -> 96.49%     
client [86] (testset)   loss: 0.4522 -> 0.4528  accuracy: 87.77% -> 87.34%     
client [34] (testset)   loss: 0.2064 -> 0.1934  accuracy: 93.99% -> 94.54%     
client [73] (testset)   loss: 0.2625 -> 0.2669  accuracy: 92.31% -> 92.76%     
client [5]  (testset)   loss: 0.2039 -> 0.2251  accuracy: 94.92% -> 94.92%     
client [96] (testset)   loss: 0.2949 -> 0.3651  accuracy: 92.14% -> 93.01%     
client [22] (testset)   loss: 0.3301 -> 0.3338  accuracy: 92.68% -> 90.24%     
client [60] (testset)   loss: 0.1047 -> 0.1129  accuracy: 96.00% -> 96.67%     
client [66] (testset)   loss: 0.0760 -> 0.1371  accuracy: 98.23% -> 96.46%     
client [83] (testset)   loss: 0.1092 -> 0.1339  accuracy: 95.29% -> 94.12%     
---------------------------- TRAINING EPOCH: 120 ----------------------------  
client [76] (testset)   loss: 0.3784 -> 0.3742  accuracy: 91.60% -> 91.98%     
client [65] (testset)   loss: 0.1546 -> 0.1444  accuracy: 96.32% -> 96.32%     
client [95] (testset)   loss: 0.5211 -> 0.5142  accuracy: 94.29% -> 94.29%     
client [17] (testset)   loss: 0.2669 -> 0.2556  accuracy: 93.15% -> 91.10%     
client [8]  (testset)   loss: 0.1523 -> 0.1640  accuracy: 96.08% -> 95.10%     
client [35] (testset)   loss: 0.1354 -> 0.1088  accuracy: 96.13% -> 97.42%     
client [98] (testset)   loss: 0.0976 -> 0.1074  accuracy: 97.59% -> 96.56%     
client [53] (testset)   loss: 0.4954 -> 0.4402  accuracy: 91.91% -> 91.18%     
client [43] (testset)   loss: 0.3023 -> 0.3216  accuracy: 94.04% -> 93.58%     
client [64] (testset)   loss: 0.1599 -> 0.1563  accuracy: 97.07% -> 97.07%     
---------------------------- TRAINING EPOCH: 130 ----------------------------  
client [21] (testset)   loss: 0.4543 -> 0.4479  accuracy: 90.57% -> 90.57%     
client [88] (testset)   loss: 0.3852 -> 0.3989  accuracy: 92.62% -> 92.62%     
client [38] (testset)   loss: 0.1899 -> 0.1915  accuracy: 94.93% -> 94.93%     
client [3]  (testset)   loss: 0.2816 -> 0.2760  accuracy: 94.23% -> 94.23%     
client [5]  (testset)   loss: 0.2117 -> 0.2350  accuracy: 94.58% -> 94.58%     
client [41] (testset)   loss: 0.1303 -> 0.1330  accuracy: 97.07% -> 97.07%     
client [7]  (testset)   loss: 0.3610 -> 0.3427  accuracy: 93.42% -> 94.24%     
client [37] (testset)   loss: 0.2624 -> 0.2641  accuracy: 94.67% -> 95.86%     
client [45] (testset)   loss: 0.0990 -> 0.0966  accuracy: 96.11% -> 97.22%     
client [47] (testset)   loss: 0.2353 -> 0.2757  accuracy: 96.30% -> 96.76%     
---------------------------- TRAINING EPOCH: 140 ----------------------------  
client [16] (testset)   loss: 0.3573 -> 0.3696  accuracy: 94.74% -> 94.74%     
client [11] (testset)   loss: 0.1142 -> 0.1266  accuracy: 98.21% -> 97.62%     
client [37] (testset)   loss: 0.2704 -> 0.2685  accuracy: 94.67% -> 94.08%     
client [41] (testset)   loss: 0.1137 -> 0.1222  accuracy: 97.07% -> 97.56%     
client [95] (testset)   loss: 0.5887 -> 0.5406  accuracy: 92.38% -> 94.29%     
client [53] (testset)   loss: 0.4150 -> 0.4147  accuracy: 92.65% -> 91.18%     
client [22] (testset)   loss: 0.3066 -> 0.3449  accuracy: 91.87% -> 93.50%     
client [25] (testset)   loss: 0.3923 -> 0.3744  accuracy: 93.51% -> 93.13%     
client [69] (testset)   loss: 0.4334 -> 0.4507  accuracy: 89.80% -> 90.48%     
client [46] (testset)   loss: 0.2872 -> 0.3370  accuracy: 93.14% -> 93.79%     
---------------------------- TRAINING EPOCH: 150 ----------------------------  
client [47] (testset)   loss: 0.2304 -> 0.2602  accuracy: 97.22% -> 97.22%     
client [69] (testset)   loss: 0.4396 -> 0.4731  accuracy: 90.48% -> 91.16%     
client [82] (testset)   loss: 0.3165 -> 0.2876  accuracy: 93.64% -> 94.07%     
client [45] (testset)   loss: 0.0838 -> 0.0911  accuracy: 97.78% -> 97.22%     
client [7]  (testset)   loss: 0.3325 -> 0.3491  accuracy: 93.83% -> 93.83%     
client [50] (testset)   loss: 0.1497 -> 0.1663  accuracy: 96.69% -> 96.03%     
client [35] (testset)   loss: 0.1119 -> 0.1049  accuracy: 96.77% -> 96.77%     
client [24] (testset)   loss: 0.2837 -> 0.2763  accuracy: 92.79% -> 93.69%     
client [15] (testset)   loss: 0.2470 -> 0.2636  accuracy: 95.45% -> 95.45%     
client [58] (testset)   loss: 0.6000 -> 0.5893  accuracy: 88.95% -> 89.50%     
---------------------------- TRAINING EPOCH: 160 ----------------------------  
client [48] (testset)   loss: 0.8520 -> 0.8680  accuracy: 86.99% -> 86.99%     
client [76] (testset)   loss: 0.4407 -> 0.4265  accuracy: 91.98% -> 91.60%     
client [67] (testset)   loss: 0.1609 -> 0.1644  accuracy: 96.54% -> 96.54%     
client [37] (testset)   loss: 0.3292 -> 0.3228  accuracy: 94.67% -> 94.67%     
client [58] (testset)   loss: 0.5662 -> 0.5619  accuracy: 88.40% -> 89.50%     
client [64] (testset)   loss: 0.1840 -> 0.1805  accuracy: 96.65% -> 97.49%     
client [77] (testset)   loss: 0.3552 -> 0.2959  accuracy: 92.00% -> 92.00%     
client [55] (testset)   loss: 0.1858 -> 0.2330  accuracy: 94.42% -> 94.42%     
client [12] (testset)   loss: 0.3376 -> 0.3298  accuracy: 91.14% -> 91.77%     
client [89] (testset)   loss: 0.0124 -> 0.0115  accuracy: 99.28% -> 99.28%     
---------------------------- TRAINING EPOCH: 170 ----------------------------  
client [84] (testset)   loss: 0.2807 -> 0.2639  accuracy: 93.81% -> 94.85%     
client [51] (testset)   loss: 0.1314 -> 0.1701  accuracy: 97.72% -> 96.96%     
client [8]  (testset)   loss: 0.2028 -> 0.2199  accuracy: 94.12% -> 95.10%     
client [18] (testset)   loss: 0.2095 -> 0.1964  accuracy: 96.95% -> 96.18%     
client [94] (testset)   loss: 0.1853 -> 0.1911  accuracy: 94.41% -> 95.03%     
client [81] (testset)   loss: 0.1055 -> 0.1101  accuracy: 96.61% -> 96.61%     
client [3]  (testset)   loss: 0.3116 -> 0.3027  accuracy: 94.23% -> 94.87%     
client [11] (testset)   loss: 0.1334 -> 0.1363  accuracy: 98.21% -> 98.21%     
client [95] (testset)   loss: 0.5729 -> 0.5540  accuracy: 93.33% -> 93.33%     
client [67] (testset)   loss: 0.1714 -> 0.1701  accuracy: 95.67% -> 96.97%     
---------------------------- TRAINING EPOCH: 180 ----------------------------  
client [21] (testset)   loss: 0.5054 -> 0.5013  accuracy: 90.57% -> 91.82%     
client [79] (testset)   loss: 0.3438 -> 0.4199  accuracy: 91.56% -> 88.96%     
client [58] (testset)   loss: 0.5594 -> 0.6161  accuracy: 90.06% -> 88.95%     
client [88] (testset)   loss: 0.4097 -> 0.4204  accuracy: 92.62% -> 92.62%     
client [46] (testset)   loss: 0.2936 -> 0.3109  accuracy: 94.12% -> 94.12%     
client [11] (testset)   loss: 0.1068 -> 0.1090  accuracy: 98.21% -> 98.21%     
client [55] (testset)   loss: 0.2120 -> 0.2235  accuracy: 94.92% -> 94.92%     
client [13] (testset)   loss: 0.2208 -> 0.2407  accuracy: 95.98% -> 94.64%     
client [31] (testset)   loss: 0.2335 -> 0.2380  accuracy: 92.62% -> 93.29%     
client [75] (testset)   loss: 0.1303 -> 0.1255  accuracy: 97.84% -> 97.84%     
---------------------------- TRAINING EPOCH: 190 ----------------------------  
client [19] (testset)   loss: 0.2225 -> 0.2336  accuracy: 95.56% -> 95.56%     
client [7]  (testset)   loss: 0.4125 -> 0.3560  accuracy: 93.42% -> 94.24%     
client [57] (testset)   loss: 0.0905 -> 0.1004  accuracy: 97.97% -> 97.63%     
client [13] (testset)   loss: 0.2326 -> 0.2562  accuracy: 96.43% -> 95.98%     
client [43] (testset)   loss: 0.2846 -> 0.2971  accuracy: 94.50% -> 94.95%     
client [91] (testset)   loss: 0.1664 -> 0.1655  accuracy: 96.20% -> 96.20%     
client [10] (testset)   loss: 0.1501 -> 0.1536  accuracy: 96.40% -> 96.40%     
client [64] (testset)   loss: 0.1969 -> 0.1958  accuracy: 97.07% -> 97.07%     
client [82] (testset)   loss: 0.3443 -> 0.3277  accuracy: 94.07% -> 94.49%     
client [22] (testset)   loss: 0.4141 -> 0.4175  accuracy: 91.06% -> 92.68%     
---------------------------- TRAINING EPOCH: 200 ----------------------------  
client [20] (testset)   loss: 0.1617 -> 0.1561  accuracy: 97.14% -> 97.14%     
client [23] (testset)   loss: 0.5090 -> 0.5358  accuracy: 85.71% -> 87.14%     
client [88] (testset)   loss: 0.4427 -> 0.4424  accuracy: 92.62% -> 93.29%     
client [98] (testset)   loss: 0.1211 -> 0.1284  accuracy: 97.94% -> 97.25%     
client [79] (testset)   loss: 0.3874 -> 0.4396  accuracy: 88.96% -> 88.96%     
client [21] (testset)   loss: 0.4985 -> 0.5193  accuracy: 90.57% -> 90.57%     
client [92] (testset)   loss: 0.0233 -> 0.0264  accuracy: 99.54% -> 99.54%     
client [56] (testset)   loss: 0.4057 -> 0.3991  accuracy: 90.82% -> 91.33%     
client [5]  (testset)   loss: 0.2575 -> 0.2628  accuracy: 94.92% -> 95.25%     
client [52] (testset)   loss: 0.1004 -> 0.0975  accuracy: 98.00% -> 98.00%     
---------------------------- TRAINING EPOCH: 210 ----------------------------  
client [67] (testset)   loss: 0.1611 -> 0.1494  accuracy: 96.10% -> 96.54%     
client [54] (testset)   loss: 0.5978 -> 0.5996  accuracy: 89.18% -> 88.66%     
client [14] (testset)   loss: 0.1809 -> 0.1964  accuracy: 93.78% -> 94.61%     
client [99] (testset)   loss: 0.1469 -> 0.1400  accuracy: 96.15% -> 96.15%     
client [36] (testset)   loss: 0.1027 -> 0.1023  accuracy: 97.70% -> 97.24%     
client [30] (testset)   loss: 0.4638 -> 0.3922  accuracy: 90.11% -> 91.21%     
client [38] (testset)   loss: 0.2008 -> 0.2020  accuracy: 95.61% -> 95.27%     
client [15] (testset)   loss: 0.2695 -> 0.2827  accuracy: 95.45% -> 95.45%     
client [6]  (testset)   loss: 0.3215 -> 0.3172  accuracy: 92.31% -> 92.31%     
client [53] (testset)   loss: 0.4274 -> 0.3945  accuracy: 91.18% -> 91.91%     
---------------------------- TRAINING EPOCH: 220 ----------------------------  
client [99] (testset)   loss: 0.1833 -> 0.1574  accuracy: 95.19% -> 95.19%     
client [6]  (testset)   loss: 0.3096 -> 0.3271  accuracy: 92.74% -> 92.31%     
client [83] (testset)   loss: 0.2141 -> 0.1815  accuracy: 92.94% -> 94.12%     
client [42] (testset)   loss: 0.3636 -> 0.3620  accuracy: 93.39% -> 93.39%     
client [34] (testset)   loss: 0.2537 -> 0.2364  accuracy: 92.90% -> 93.44%     
client [15] (testset)   loss: 0.2940 -> 0.2931  accuracy: 94.70% -> 95.45%     
client [47] (testset)   loss: 0.2606 -> 0.2748  accuracy: 96.76% -> 96.30%     
client [55] (testset)   loss: 0.1987 -> 0.2134  accuracy: 93.91% -> 94.42%     
client [51] (testset)   loss: 0.1768 -> 0.2099  accuracy: 96.96% -> 96.96%     
client [95] (testset)   loss: 0.6243 -> 0.5728  accuracy: 89.52% -> 90.48%     
---------------------------- TRAINING EPOCH: 230 ----------------------------  
client [71] (testset)   loss: 0.5141 -> 0.5212  accuracy: 90.62% -> 90.62%     
client [15] (testset)   loss: 0.2542 -> 0.2552  accuracy: 96.21% -> 95.45%     
client [33] (testset)   loss: 0.6469 -> 0.6262  accuracy: 88.02% -> 88.02%     
client [99] (testset)   loss: 0.1439 -> 0.1435  accuracy: 96.15% -> 96.15%     
client [90] (testset)   loss: 0.1741 -> 0.1987  accuracy: 96.65% -> 96.09%     
client [57] (testset)   loss: 0.0928 -> 0.0953  accuracy: 97.63% -> 98.31%     
client [27] (testset)   loss: 0.0000 -> 0.0000  accuracy: 100.00% -> 100.00%   
client [78] (testset)   loss: 0.1712 -> 0.1795  accuracy: 98.41% -> 98.41%     
client [36] (testset)   loss: 0.1059 -> 0.1046  accuracy: 97.70% -> 97.24%     
client [88] (testset)   loss: 0.4159 -> 0.4144  accuracy: 92.62% -> 92.62%     
---------------------------- TRAINING EPOCH: 240 ----------------------------  
client [70] (testset)   loss: 0.1580 -> 0.1621  accuracy: 97.67% -> 96.51%     
client [35] (testset)   loss: 0.0937 -> 0.0923  accuracy: 98.71% -> 98.06%     
client [16] (testset)   loss: 0.3963 -> 0.4048  accuracy: 93.23% -> 93.23%     
client [80] (testset)   loss: 0.3117 -> 0.3091  accuracy: 95.28% -> 95.28%     
client [38] (testset)   loss: 0.1971 -> 0.1944  accuracy: 95.27% -> 95.27%     
client [78] (testset)   loss: 0.1701 -> 0.1773  accuracy: 98.41% -> 98.41%     
client [68] (testset)   loss: 0.3663 -> 0.4414  accuracy: 91.30% -> 91.30%     
client [11] (testset)   loss: 0.1187 -> 0.1158  accuracy: 98.21% -> 97.62%     
client [64] (testset)   loss: 0.1997 -> 0.1982  accuracy: 95.82% -> 97.07%     
client [82] (testset)   loss: 0.3030 -> 0.3310  accuracy: 94.49% -> 94.49%     
---------------------------- TRAINING EPOCH: 250 ----------------------------  
client [30] (testset)   loss: 0.4240 -> 0.4130  accuracy: 93.41% -> 93.41%     
client [27] (testset)   loss: 0.0002 -> 0.0002  accuracy: 100.00% -> 100.00%   
client [74] (testset)   loss: 0.2929 -> 0.3140  accuracy: 94.03% -> 94.33%     
client [45] (testset)   loss: 0.1077 -> 0.1040  accuracy: 98.33% -> 97.78%     
client [6]  (testset)   loss: 0.3492 -> 0.3436  accuracy: 91.88% -> 91.88%     
client [36] (testset)   loss: 0.1252 -> 0.1276  accuracy: 97.24% -> 97.24%     
client [63] (testset)   loss: 0.0726 -> 0.0733  accuracy: 96.97% -> 96.97%     
client [76] (testset)   loss: 0.4758 -> 0.4736  accuracy: 91.98% -> 91.22%     
client [83] (testset)   loss: 0.1665 -> 0.1769  accuracy: 95.29% -> 95.29%     
client [86] (testset)   loss: 0.5687 -> 0.5775  accuracy: 89.08% -> 89.52%     
---------------------------- TRAINING EPOCH: 260 ----------------------------  
client [83] (testset)   loss: 0.1904 -> 0.1770  accuracy: 95.29% -> 95.29%     
client [99] (testset)   loss: 0.1599 -> 0.1536  accuracy: 95.19% -> 95.19%     
client [74] (testset)   loss: 0.3039 -> 0.3060  accuracy: 94.03% -> 94.03%     
client [73] (testset)   loss: 0.2834 -> 0.2586  accuracy: 92.31% -> 92.76%     
client [29] (testset)   loss: 0.3264 -> 0.3421  accuracy: 93.33% -> 92.22%     
client [92] (testset)   loss: 0.0252 -> 0.0252  accuracy: 99.07% -> 99.07%     
client [6]  (testset)   loss: 0.3587 -> 0.3605  accuracy: 92.31% -> 92.74%     
client [61] (testset)   loss: 0.3592 -> 0.3541  accuracy: 93.57% -> 93.57%     
client [21] (testset)   loss: 0.5598 -> 0.5578  accuracy: 89.94% -> 89.94%     
client [67] (testset)   loss: 0.1920 -> 0.1702  accuracy: 96.10% -> 96.54%     
---------------------------- TRAINING EPOCH: 270 ----------------------------  
client [83] (testset)   loss: 0.1587 -> 0.1406  accuracy: 95.29% -> 95.29%     
client [32] (testset)   loss: 0.1468 -> 0.1944  accuracy: 95.50% -> 94.59%     
client [95] (testset)   loss: 0.5951 -> 0.5999  accuracy: 92.38% -> 92.38%     
client [61] (testset)   loss: 0.3723 -> 0.3625  accuracy: 93.57% -> 93.57%     
client [27] (testset)   loss: 0.0003 -> 0.0003  accuracy: 100.00% -> 100.00%   
client [25] (testset)   loss: 0.4035 -> 0.3979  accuracy: 91.60% -> 93.51%     
client [68] (testset)   loss: 0.4646 -> 0.4596  accuracy: 88.82% -> 89.75%     
client [34] (testset)   loss: 0.2267 -> 0.2188  accuracy: 93.44% -> 93.44%     
client [71] (testset)   loss: 0.6266 -> 0.6010  accuracy: 90.62% -> 90.62%     
client [89] (testset)   loss: 0.0151 -> 0.0144  accuracy: 99.28% -> 99.28%     
---------------------------- TRAINING EPOCH: 280 ----------------------------  
client [78] (testset)   loss: 0.1971 -> 0.1945  accuracy: 98.41% -> 98.41%     
client [81] (testset)   loss: 0.1080 -> 0.0950  accuracy: 94.92% -> 96.61%     
client [51] (testset)   loss: 0.1862 -> 0.2318  accuracy: 97.72% -> 96.96%     
client [54] (testset)   loss: 0.5570 -> 0.5504  accuracy: 88.66% -> 88.14%     
client [65] (testset)   loss: 0.1805 -> 0.1807  accuracy: 97.06% -> 96.32%     
client [41] (testset)   loss: 0.1611 -> 0.1603  accuracy: 97.07% -> 97.07%     
client [11] (testset)   loss: 0.1271 -> 0.1229  accuracy: 98.21% -> 98.21%     
client [85] (testset)   loss: 0.2478 -> 0.2570  accuracy: 94.02% -> 94.02%     
client [12] (testset)   loss: 0.2745 -> 0.2773  accuracy: 93.04% -> 93.04%     
client [23] (testset)   loss: 0.5600 -> 0.5730  accuracy: 87.14% -> 87.14%     
---------------------------- TRAINING EPOCH: 290 ----------------------------  
client [16] (testset)   loss: 0.3690 -> 0.3706  accuracy: 93.23% -> 93.23%     
client [65] (testset)   loss: 0.1587 -> 0.1540  accuracy: 97.06% -> 97.06%     
client [53] (testset)   loss: 0.4564 -> 0.4518  accuracy: 91.18% -> 91.18%     
client [58] (testset)   loss: 0.5473 -> 0.5883  accuracy: 89.50% -> 87.29%     
client [72] (testset)   loss: 0.2949 -> 0.3394  accuracy: 94.74% -> 94.74%     
client [7]  (testset)   loss: 0.3503 -> 0.3421  accuracy: 93.83% -> 93.83%     
client [71] (testset)   loss: 0.5714 -> 0.5765  accuracy: 90.62% -> 90.62%     
client [59] (testset)   loss: 0.1740 -> 0.1771  accuracy: 98.15% -> 98.15%     
client [86] (testset)   loss: 0.5267 -> 0.5239  accuracy: 88.21% -> 87.77%     
client [39] (testset)   loss: 0.3251 -> 0.3380  accuracy: 92.54% -> 93.28%     
---------------------------- TRAINING EPOCH: 300 ----------------------------  
client [99] (testset)   loss: 0.1049 -> 0.0999  accuracy: 97.12% -> 96.15%     
client [7]  (testset)   loss: 0.3638 -> 0.3575  accuracy: 94.24% -> 94.24%     
client [17] (testset)   loss: 0.3082 -> 0.3115  accuracy: 91.10% -> 91.10%     
client [64] (testset)   loss: 0.2088 -> 0.2129  accuracy: 96.23% -> 97.49%     
client [37] (testset)   loss: 0.3284 -> 0.3221  accuracy: 94.08% -> 93.49%     
client [29] (testset)   loss: 0.3347 -> 0.3510  accuracy: 93.89% -> 93.89%     
client [93] (testset)   loss: 0.8748 -> 0.8826  accuracy: 89.16% -> 87.41%     
client [73] (testset)   loss: 0.3144 -> 0.3112  accuracy: 92.76% -> 92.76%     
client [40] (testset)   loss: 0.3341 -> 0.3236  accuracy: 93.65% -> 93.65%     
client [76] (testset)   loss: 0.4251 -> 0.4292  accuracy: 92.37% -> 91.98%     
---------------------------- TRAINING EPOCH: 310 ----------------------------  
client [31] (testset)   loss: 0.2385 -> 0.2374  accuracy: 93.29% -> 93.29%     
client [89] (testset)   loss: 0.0149 -> 0.0156  accuracy: 99.28% -> 98.56%     
client [77] (testset)   loss: 0.3982 -> 0.4118  accuracy: 92.57% -> 92.00%     
client [90] (testset)   loss: 0.1681 -> 0.1817  accuracy: 96.09% -> 96.09%     
client [26] (testset)   loss: 0.1077 -> 0.1070  accuracy: 98.70% -> 98.70%     
client [50] (testset)   loss: 0.2011 -> 0.1998  accuracy: 96.03% -> 95.36%     
client [30] (testset)   loss: 0.4032 -> 0.3974  accuracy: 90.11% -> 90.11%     
client [70] (testset)   loss: 0.1863 -> 0.1876  accuracy: 94.19% -> 94.19%     
client [41] (testset)   loss: 0.1723 -> 0.1721  accuracy: 97.07% -> 97.07%     
client [99] (testset)   loss: 0.1282 -> 0.1260  accuracy: 95.19% -> 96.15%     
---------------------------- TRAINING EPOCH: 320 ----------------------------  
client [68] (testset)   loss: 0.4200 -> 0.4642  accuracy: 90.37% -> 89.75%     
client [70] (testset)   loss: 0.1932 -> 0.2017  accuracy: 96.51% -> 95.35%     
client [52] (testset)   loss: 0.1135 -> 0.1145  accuracy: 98.00% -> 98.00%     
client [1]  (testset)   loss: 0.3212 -> 0.3194  accuracy: 92.65% -> 92.65%     
client [2]  (testset)   loss: 0.7038 -> 0.6995  accuracy: 90.85% -> 90.85%     
client [67] (testset)   loss: 0.2292 -> 0.2287  accuracy: 95.24% -> 95.67%     
client [92] (testset)   loss: 0.0288 -> 0.0285  accuracy: 99.07% -> 99.07%     
client [35] (testset)   loss: 0.1008 -> 0.1005  accuracy: 98.06% -> 98.06%     
client [36] (testset)   loss: 0.1385 -> 0.1384  accuracy: 97.24% -> 97.24%     
client [64] (testset)   loss: 0.2137 -> 0.2129  accuracy: 96.65% -> 97.49%     
---------------------------- TRAINING EPOCH: 330 ----------------------------  
client [44] (testset)   loss: 0.7952 -> 0.8165  accuracy: 89.75% -> 89.47%     
client [6]  (testset)   loss: 0.3444 -> 0.3601  accuracy: 92.74% -> 91.45%     
client [12] (testset)   loss: 0.3018 -> 0.3100  accuracy: 92.41% -> 91.77%     
client [55] (testset)   loss: 0.2007 -> 0.2071  accuracy: 94.92% -> 95.43%     
client [29] (testset)   loss: 0.3888 -> 0.3898  accuracy: 93.33% -> 93.33%     
client [9]  (testset)   loss: 0.0734 -> 0.0748  accuracy: 98.40% -> 98.40%     
client [43] (testset)   loss: 0.3339 -> 0.3433  accuracy: 95.41% -> 94.50%     
client [77] (testset)   loss: 0.4528 -> 0.4344  accuracy: 91.43% -> 92.00%     
client [98] (testset)   loss: 0.1398 -> 0.1396  accuracy: 97.59% -> 97.59%     
client [78] (testset)   loss: 0.2142 -> 0.2139  accuracy: 98.41% -> 98.41%     
---------------------------- TRAINING EPOCH: 340 ----------------------------  
client [92] (testset)   loss: 0.0215 -> 0.0217  accuracy: 99.54% -> 99.54%     
client [80] (testset)   loss: 0.3580 -> 0.3586  accuracy: 95.28% -> 95.28%     
client [63] (testset)   loss: 0.0783 -> 0.0793  accuracy: 96.97% -> 96.97%     
client [76] (testset)   loss: 0.4820 -> 0.4826  accuracy: 92.37% -> 91.98%     
client [78] (testset)   loss: 0.2075 -> 0.2085  accuracy: 98.41% -> 98.41%     
client [25] (testset)   loss: 0.4693 -> 0.4702  accuracy: 93.13% -> 93.13%     
client [58] (testset)   loss: 0.5943 -> 0.6464  accuracy: 88.40% -> 89.50%     
client [13] (testset)   loss: 0.2334 -> 0.2515  accuracy: 95.98% -> 95.54%     
client [17] (testset)   loss: 0.3234 -> 0.3519  accuracy: 92.47% -> 91.10%     
client [38] (testset)   loss: 0.2117 -> 0.2101  accuracy: 94.93% -> 94.93%     
---------------------------- TRAINING EPOCH: 350 ----------------------------  
client [72] (testset)   loss: 0.2431 -> 0.2440  accuracy: 94.74% -> 94.74%     
client [82] (testset)   loss: 0.4198 -> 0.4167  accuracy: 94.92% -> 94.49%     
client [86] (testset)   loss: 0.6104 -> 0.6014  accuracy: 89.08% -> 89.08%     
client [51] (testset)   loss: 0.2006 -> 0.2188  accuracy: 96.96% -> 96.96%     
client [96] (testset)   loss: 0.3185 -> 0.3374  accuracy: 92.58% -> 93.01%     
client [42] (testset)   loss: 0.3414 -> 0.3633  accuracy: 93.39% -> 93.83%     
client [55] (testset)   loss: 0.2166 -> 0.2462  accuracy: 95.43% -> 94.42%     
client [13] (testset)   loss: 0.2811 -> 0.2831  accuracy: 95.09% -> 94.64%     
client [1]  (testset)   loss: 0.3465 -> 0.3065  accuracy: 93.38% -> 92.65%     
client [12] (testset)   loss: 0.3122 -> 0.3165  accuracy: 93.67% -> 93.67%     
---------------------------- TRAINING EPOCH: 360 ----------------------------  
client [68] (testset)   loss: 0.4642 -> 0.4988  accuracy: 89.44% -> 90.99%     
client [23] (testset)   loss: 0.6025 -> 0.5699  accuracy: 87.14% -> 88.57%     
client [46] (testset)   loss: 0.3610 -> 0.3656  accuracy: 92.48% -> 93.14%     
client [41] (testset)   loss: 0.1886 -> 0.1745  accuracy: 97.07% -> 97.56%     
client [25] (testset)   loss: 0.4170 -> 0.4437  accuracy: 92.37% -> 92.75%     
client [58] (testset)   loss: 0.6033 -> 0.6167  accuracy: 87.29% -> 87.29%     
client [14] (testset)   loss: 0.1659 -> 0.1688  accuracy: 95.02% -> 95.02%     
client [33] (testset)   loss: 0.6829 -> 0.6795  accuracy: 87.60% -> 86.78%     
client [85] (testset)   loss: 0.2760 -> 0.2895  accuracy: 94.02% -> 94.02%     
client [62] (testset)   loss: 0.0641 -> 0.0750  accuracy: 98.47% -> 98.47%     
---------------------------- TRAINING EPOCH: 370 ----------------------------  
client [98] (testset)   loss: 0.1409 -> 0.1405  accuracy: 97.25% -> 97.25%     
client [63] (testset)   loss: 0.0758 -> 0.0746  accuracy: 95.45% -> 95.45%     
client [70] (testset)   loss: 0.2229 -> 0.2226  accuracy: 94.19% -> 95.35%     
client [65] (testset)   loss: 0.1506 -> 0.1500  accuracy: 97.06% -> 96.32%     
client [14] (testset)   loss: 0.1709 -> 0.1752  accuracy: 95.85% -> 95.85%     
client [73] (testset)   loss: 0.3201 -> 0.3203  accuracy: 92.76% -> 92.76%     
client [34] (testset)   loss: 0.2944 -> 0.2964  accuracy: 93.99% -> 93.99%     
client [99] (testset)   loss: 0.1281 -> 0.1276  accuracy: 97.12% -> 97.12%     
client [69] (testset)   loss: 0.5425 -> 0.5501  accuracy: 91.16% -> 90.48%     
client [46] (testset)   loss: 0.3414 -> 0.3334  accuracy: 92.16% -> 93.14%     
---------------------------- TRAINING EPOCH: 380 ----------------------------  
client [99] (testset)   loss: 0.1254 -> 0.1216  accuracy: 96.15% -> 96.15%     
client [93] (testset)   loss: 0.9335 -> 0.9410  accuracy: 86.71% -> 86.71%     
client [11] (testset)   loss: 0.1397 -> 0.1362  accuracy: 98.21% -> 98.21%     
client [58] (testset)   loss: 0.6473 -> 0.6475  accuracy: 88.95% -> 88.95%     
client [81] (testset)   loss: 0.0684 -> 0.0684  accuracy: 94.92% -> 94.92%     
client [85] (testset)   loss: 0.2952 -> 0.2985  accuracy: 94.57% -> 94.02%     
client [89] (testset)   loss: 0.0144 -> 0.0137  accuracy: 99.28% -> 99.28%     
client [45] (testset)   loss: 0.1084 -> 0.1139  accuracy: 97.22% -> 97.22%     
client [8]  (testset)   loss: 0.2333 -> 0.2314  accuracy: 96.08% -> 96.08%     
client [68] (testset)   loss: 0.4480 -> 0.4804  accuracy: 89.75% -> 89.44%     
---------------------------- TRAINING EPOCH: 390 ----------------------------  
client [67] (testset)   loss: 0.2163 -> 0.2137  accuracy: 96.54% -> 96.54%     
client [72] (testset)   loss: 0.2893 -> 0.2905  accuracy: 94.74% -> 94.74%     
client [1]  (testset)   loss: 0.3461 -> 0.3457  accuracy: 92.65% -> 92.65%     
client [78] (testset)   loss: 0.2001 -> 0.2018  accuracy: 98.41% -> 98.41%     
client [83] (testset)   loss: 0.1696 -> 0.1682  accuracy: 94.12% -> 94.12%     
client [21] (testset)   loss: 0.6055 -> 0.6059  accuracy: 89.94% -> 89.94%     
client [56] (testset)   loss: 0.4169 -> 0.4162  accuracy: 91.33% -> 91.84%     
client [44] (testset)   loss: 0.8540 -> 0.8608  accuracy: 89.47% -> 89.75%     
client [92] (testset)   loss: 0.0242 -> 0.0245  accuracy: 99.54% -> 99.54%     
client [27] (testset)   loss: 0.0009 -> 0.0009  accuracy: 100.00% -> 100.00%   
---------------------------- TRAINING EPOCH: 400 ----------------------------  
client [10] (testset)   loss: 0.2111 -> 0.2087  accuracy: 95.68% -> 95.68%     
client [39] (testset)   loss: 0.3646 -> 0.3702  accuracy: 93.28% -> 93.28%     
client [65] (testset)   loss: 0.1654 -> 0.1658  accuracy: 96.32% -> 96.32%     
client [26] (testset)   loss: 0.1452 -> 0.1445  accuracy: 98.70% -> 98.70%     
client [19] (testset)   loss: 0.2777 -> 0.2800  accuracy: 94.44% -> 94.44%     
client [68] (testset)   loss: 0.4876 -> 0.4992  accuracy: 89.75% -> 90.06%     
client [41] (testset)   loss: 0.1723 -> 0.1702  accuracy: 97.07% -> 97.07%     
client [50] (testset)   loss: 0.2182 -> 0.2188  accuracy: 97.35% -> 97.35%     
client [75] (testset)   loss: 0.1295 -> 0.1297  accuracy: 98.56% -> 98.56%     
client [81] (testset)   loss: 0.0797 -> 0.0796  accuracy: 94.92% -> 94.92%     
FedRoD's average time taken by each global epoch: 0 min 4.03 sec.              
FedRoD's total running time: 0 h 29 m 10 s.                                    
==================== FedRoD Experiment Results: ====================           
Display format: (before local fine-tuning) -> (after local fine-tuning)        
 So if finetune_epoch = 0, x.xx% -> 0.00% is normal.                           
 Centralized testing ONLY happens after model aggregation, so the stats between
'->' are the same.                                                             
{                                                                              
    "100": {                                                                   
        "all_clients": {                                                       
            "test": {                                                          
                "loss": "0.2933 -> 0.2824",                                    
                "accuracy": "93.67% -> 93.82%"                                 
            }                                                                  
        }                                                                      
    },                                                                         
    "200": {                                                                   
        "all_clients": {                                                       
            "test": {                                                          
                "loss": "0.3076 -> 0.3100",                                    
                "accuracy": "93.92% -> 94.02%"                                 
            }                                                                  
        }                                                                      
    },                                                                         
    "300": {                                                                   
        "all_clients": {                                                       
            "test": {                                                          
                "loss": "0.3254 -> 0.3227",                                    
                "accuracy": "93.80% -> 93.92%"                                 
            }                                                                  
        }                                                                      
    },                                                                         
    "400": {                                                                   
        "all_clients": {                                                       
            "test": {                                                          
                "loss": "0.3518 -> 0.3521",                                    
                "accuracy": "94.20% -> 94.20%"                                 
            }                                                                  
        }                                                                      
    }                                                                          
}                                                                              
==================== FedRoD Max Accuracy ====================                  
all_clients:                                                                   
(test) before fine-tuning: 94.20% at epoch 400                                 
(test) after fine-tuning: 94.20% at epoch 400                                  
