==================== FedDpag ====================                              
Experiment Arguments:                                                          
{
    'method': 'feddpag',
    'dataset': {
        'name': 'cifar10',
        'client_num': 100,
        'test_ratio': 0.25,
        'val_ratio': 0.0,
        'seed': 42,
        'split': 'sample',
        'IID_ratio': 0.0,
        'monitor_window_name_suffix': 'cifar10-100clients-0%IID-Dir(0.1)-seed42',
        'alpha': 0.1,
        'min_samples_per_client': 10
    },
    'model': {
        'name': 'avgcnn',
        'use_torchvision_pretrained_weights': True,
        'external_model_weights_path': None
    },
    'optimizer': {
        'lr': 0.01,
        'dampening': 0,
        'weight_decay': 0,
        'momentum': 0.7,
        'nesterov': False,
        'name': 'sgd'
    },
    'mode': 'parallel',
    'parallel': {
        'ray_cluster_addr': None,
        'num_cpus': 32.0,
        'num_gpus': 1.0,
        'num_workers': 2
    },
    'common': {
        'seed': 42,
        'join_ratio': 0.1,
        'global_epoch': 200,
        'local_epoch': 5,
        'batch_size': 32,
        'reset_optimizer_on_global_epoch': True,
        'straggler_ratio': 0,
        'straggler_min_local_epoch': 0,
        'buffers': 'global',
        'client_side_evaluation': True,
        'test': {
            'client': {
                'interval': 100,
                'finetune_epoch': 0,
                'train': False,
                'val': False,
                'test': True
            },
            'server': {
                'interval': -1,
                'train': False,
                'val': False,
                'test': True,
                'model_in_train_mode': False
            }
        },
        'verbose_gap': 10,
        'monitor': None,
        'use_cuda': True,
        'save_log': True,
        'save_model': False,
        'save_learning_curve_plot': True,
        'save_metrics': True,
        'delete_useless_run': True
    },
    'fedprox': {
        'mu': 0.01
    },
    'pfedsim': {
        'warmup_round': 0.5
    },
    'feddpag': {
        'fisher_threshold': 0.99995
    }
}
---------------------------- TRAINING EPOCH: 10 ----------------------------   
client [81] (testset)   loss: 1.2746 -> 0.0554  accuracy: 52.68% -> 97.32%     
client [21] (testset)   loss: 3.4750 -> 0.8435  accuracy: 0.00% -> 60.87%      
client [77] (testset)   loss: 1.6907 -> 0.4097  accuracy: 40.99% -> 85.51%     
client [93] (testset)   loss: 2.3493 -> 0.4557  accuracy: 15.79% -> 84.21%     
client [68] (testset)   loss: 0.9098 -> 0.2973  accuracy: 70.62% -> 93.22%     
client [31] (testset)   loss: 3.1491 -> 0.1261  accuracy: 0.92% -> 94.93%      
client [59] (testset)   loss: 0.4691 -> 0.0651  accuracy: 100.00% -> 100.00%   
client [48] (testset)   loss: 3.5465 -> 0.6588  accuracy: 15.38% -> 69.23%     
client [34] (testset)   loss: 1.9319 -> 1.0154  accuracy: 20.65% -> 62.58%     
client [20] (testset)   loss: 0.8151 -> 0.6306  accuracy: 73.83% -> 82.77%     
---------------------------- TRAINING EPOCH: 20 ----------------------------   
client [99] (testset)   loss: 0.4821 -> 0.0076  accuracy: 83.54% -> 100.00%    
client [67] (testset)   loss: 2.6562 -> 0.2341  accuracy: 16.77% -> 90.97%     
client [69] (testset)   loss: 2.7018 -> 1.1356  accuracy: 31.52% -> 60.00%     
client [0]  (testset)   loss: 3.1938 -> 0.1633  accuracy: 10.18% -> 97.60%     
client [76] (testset)   loss: 4.1462 -> 0.3249  accuracy: 8.61% -> 87.42%      
client [41] (testset)   loss: 2.0047 -> 0.9716  accuracy: 44.44% -> 66.67%     
client [62] (testset)   loss: 4.8114 -> 0.2685  accuracy: 0.00% -> 94.12%      
client [2]  (testset)   loss: 2.4672 -> 0.4548  accuracy: 45.26% -> 88.32%     
client [14] (testset)   loss: 2.3280 -> 0.6551  accuracy: 33.50% -> 78.33%     
client [46] (testset)   loss: 2.8017 -> 0.5760  accuracy: 21.71% -> 82.17%     
---------------------------- TRAINING EPOCH: 30 ----------------------------   
client [24] (testset)   loss: 1.8753 -> 0.4485  accuracy: 33.33% -> 86.11%     
client [68] (testset)   loss: 1.0327 -> 0.2351  accuracy: 68.36% -> 93.22%     
client [57] (testset)   loss: 1.1237 -> 0.2706  accuracy: 67.09% -> 93.25%     
client [17] (testset)   loss: 1.2391 -> 1.0060  accuracy: 54.17% -> 78.57%     
client [54] (testset)   loss: 1.8269 -> 0.8723  accuracy: 38.75% -> 82.50%     
client [35] (testset)   loss: 2.9832 -> 0.4800  accuracy: 16.67% -> 66.67%     
client [23] (testset)   loss: 2.9050 -> 0.0005  accuracy: 21.43% -> 100.00%    
client [59] (testset)   loss: 1.7642 -> 0.0043  accuracy: 33.33% -> 100.00%    
client [31] (testset)   loss: 0.5100 -> 0.1646  accuracy: 87.10% -> 95.85%     
client [9]  (testset)   loss: 1.3012 -> 0.5650  accuracy: 54.27% -> 85.90%     
---------------------------- TRAINING EPOCH: 40 ----------------------------   
client [33] (testset)   loss: 1.5572 -> 0.2745  accuracy: 56.25% -> 94.79%     
client [64] (testset)   loss: 3.2790 -> 0.2236  accuracy: 10.55% -> 94.04%     
client [16] (testset)   loss: 2.1839 -> 0.8612  accuracy: 36.75% -> 72.89%     
client [8]  (testset)   loss: 1.6023 -> 0.9035  accuracy: 58.06% -> 67.74%     
client [44] (testset)   loss: 1.5864 -> 0.2837  accuracy: 44.90% -> 92.86%     
client [47] (testset)   loss: 1.6870 -> 0.8512  accuracy: 50.00% -> 75.00%     
client [36] (testset)   loss: 2.7585 -> 0.8528  accuracy: 25.53% -> 78.72%     
client [31] (testset)   loss: 2.1509 -> 0.1443  accuracy: 30.41% -> 95.39%     
client [56] (testset)   loss: 0.7402 -> 0.2926  accuracy: 83.08% -> 90.77%     
client [20] (testset)   loss: 1.5710 -> 0.7298  accuracy: 59.20% -> 86.14%     
---------------------------- TRAINING EPOCH: 50 ----------------------------   
client [4]  (testset)   loss: 0.7236 -> 0.1987  accuracy: 74.65% -> 94.37%     
client [28] (testset)   loss: 0.7977 -> 0.4686  accuracy: 72.00% -> 80.00%     
client [60] (testset)   loss: 1.3882 -> 0.3838  accuracy: 52.43% -> 92.51%     
client [25] (testset)   loss: 3.1080 -> 0.6884  accuracy: 19.08% -> 78.80%     
client [44] (testset)   loss: 0.7142 -> 0.2452  accuracy: 69.39% -> 93.88%     
client [58] (testset)   loss: 1.3053 -> 0.2958  accuracy: 59.13% -> 93.25%     
client [39] (testset)   loss: 1.4634 -> 0.7453  accuracy: 60.96% -> 79.45%     
client [29] (testset)   loss: 2.5801 -> 0.1833  accuracy: 32.16% -> 92.40%     
client [84] (testset)   loss: 1.8141 -> 0.3948  accuracy: 54.69% -> 87.50%     
client [3]  (testset)   loss: 1.6687 -> 0.6952  accuracy: 60.96% -> 79.68%     
---------------------------- TRAINING EPOCH: 60 ----------------------------   
client [21] (testset)   loss: 4.4652 -> 0.7231  accuracy: 17.39% -> 69.57%     
client [84] (testset)   loss: 2.1452 -> 0.4209  accuracy: 43.75% -> 87.50%     
client [36] (testset)   loss: 1.2978 -> 0.7234  accuracy: 61.70% -> 85.11%     
client [65] (testset)   loss: 1.3335 -> 0.4541  accuracy: 57.14% -> 89.29%     
client [81] (testset)   loss: 0.5890 -> 0.0497  accuracy: 81.25% -> 99.11%     
client [10] (testset)   loss: 4.9599 -> 0.1757  accuracy: 15.03% -> 96.53%     
client [42] (testset)   loss: 2.0575 -> 0.3228  accuracy: 42.80% -> 93.00%     
client [79] (testset)   loss: 3.4382 -> 0.2857  accuracy: 29.89% -> 93.58%     
client [11] (testset)   loss: 2.3895 -> 0.2549  accuracy: 27.27% -> 90.91%     
client [96] (testset)   loss: 1.3334 -> 1.1260  accuracy: 63.64% -> 75.00%     
---------------------------- TRAINING EPOCH: 70 ----------------------------   
client [8]  (testset)   loss: 1.6593 -> 0.7960  accuracy: 51.61% -> 64.52%     
client [52] (testset)   loss: 0.3793 -> 0.2313  accuracy: 88.24% -> 98.04%     
client [53] (testset)   loss: 1.6288 -> 0.6978  accuracy: 49.49% -> 77.55%     
client [42] (testset)   loss: 1.2689 -> 0.3707  accuracy: 58.02% -> 92.59%     
client [59] (testset)   loss: 0.5381 -> 0.0087  accuracy: 66.67% -> 100.00%    
client [69] (testset)   loss: 1.8469 -> 1.2729  accuracy: 49.39% -> 63.03%     
client [26] (testset)   loss: 0.7618 -> 1.4283  accuracy: 61.54% -> 92.31%     
client [7]  (testset)   loss: 2.5867 -> 0.5029  accuracy: 26.09% -> 85.99%     
client [98] (testset)   loss: 3.0630 -> 0.8595  accuracy: 17.54% -> 83.41%     
client [49] (testset)   loss: 1.0108 -> 0.7581  accuracy: 69.84% -> 80.00%     
---------------------------- TRAINING EPOCH: 80 ----------------------------   
client [47] (testset)   loss: 1.7226 -> 1.1603  accuracy: 56.25% -> 62.50%     
client [21] (testset)   loss: 5.2965 -> 1.2103  accuracy: 4.35% -> 56.52%      
client [98] (testset)   loss: 0.9709 -> 0.8409  accuracy: 71.09% -> 84.36%     
client [95] (testset)   loss: 1.7576 -> 1.2161  accuracy: 51.72% -> 63.22%     
client [77] (testset)   loss: 1.5333 -> 0.4702  accuracy: 61.13% -> 87.99%     
client [91] (testset)   loss: 3.8078 -> 0.6437  accuracy: 19.12% -> 88.24%     
client [99] (testset)   loss: 4.4018 -> 0.0133  accuracy: 7.59% -> 98.73%      
client [14] (testset)   loss: 0.8928 -> 0.7412  accuracy: 73.89% -> 79.80%     
client [39] (testset)   loss: 1.8539 -> 0.7658  accuracy: 47.95% -> 82.19%     
client [20] (testset)   loss: 0.9576 -> 0.7170  accuracy: 72.15% -> 86.66%     
---------------------------- TRAINING EPOCH: 90 ----------------------------   
client [62] (testset)   loss: 1.0933 -> 0.3339  accuracy: 52.94% -> 94.12%     
client [52] (testset)   loss: 0.3767 -> 0.2177  accuracy: 86.27% -> 97.06%     
client [97] (testset)   loss: 2.7492 -> 1.0762  accuracy: 36.59% -> 82.93%     
client [71] (testset)   loss: 1.5620 -> 0.6339  accuracy: 50.54% -> 86.56%     
client [30] (testset)   loss: 1.2865 -> 1.3217  accuracy: 55.91% -> 67.74%     
client [60] (testset)   loss: 2.8274 -> 0.3194  accuracy: 17.23% -> 91.39%     
client [88] (testset)   loss: 1.6309 -> 0.4358  accuracy: 46.05% -> 90.26%     
client [82] (testset)   loss: 1.2922 -> 0.3232  accuracy: 57.95% -> 96.59%     
client [91] (testset)   loss: 2.0027 -> 0.5937  accuracy: 33.82% -> 89.71%     
client [57] (testset)   loss: 0.8259 -> 0.2221  accuracy: 75.53% -> 94.51%     
---------------------------- TRAINING EPOCH: 100 ----------------------------  
client [31] (testset)   loss: 0.9480 -> 0.1386  accuracy: 72.81% -> 96.77%     
client [15] (testset)   loss: 1.6429 -> 0.5081  accuracy: 58.59% -> 87.89%     
client [97] (testset)   loss: 2.6287 -> 0.9398  accuracy: 39.02% -> 82.93%     
client [71] (testset)   loss: 3.0141 -> 0.6673  accuracy: 41.94% -> 84.95%     
client [53] (testset)   loss: 1.4685 -> 0.6450  accuracy: 56.63% -> 81.12%     
client [77] (testset)   loss: 1.3160 -> 0.4796  accuracy: 59.36% -> 88.34%     
client [76] (testset)   loss: 1.2412 -> 0.2734  accuracy: 65.56% -> 92.72%     
client [28] (testset)   loss: 1.5054 -> 0.6016  accuracy: 72.00% -> 84.00%     
client [99] (testset)   loss: 2.2911 -> 0.0045  accuracy: 29.11% -> 100.00%    
client [79] (testset)   loss: 1.1750 -> 0.2812  accuracy: 65.92% -> 93.58%     
---------------------------- TRAINING EPOCH: 110 ----------------------------  
client [86] (testset)   loss: 1.0598 -> 0.5116  accuracy: 64.47% -> 84.21%     
client [97] (testset)   loss: 1.6294 -> 0.9775  accuracy: 57.32% -> 84.15%     
client [73] (testset)   loss: 1.3037 -> 0.5806  accuracy: 69.70% -> 81.82%     
client [34] (testset)   loss: 2.5735 -> 1.1188  accuracy: 32.26% -> 73.55%     
client [96] (testset)   loss: 1.6808 -> 1.4567  accuracy: 63.64% -> 68.18%     
client [22] (testset)   loss: 1.1188 -> 0.5526  accuracy: 69.17% -> 87.97%     
client [5]  (testset)   loss: 2.2617 -> 0.7180  accuracy: 44.33% -> 84.02%     
client [66] (testset)   loss: 1.0613 -> 0.6684  accuracy: 66.91% -> 86.03%     
client [60] (testset)   loss: 2.9612 -> 0.3715  accuracy: 25.84% -> 91.76%     
client [83] (testset)   loss: 1.2456 -> 0.6736  accuracy: 59.10% -> 83.47%     
---------------------------- TRAINING EPOCH: 120 ----------------------------  
client [65] (testset)   loss: 1.7778 -> 0.5731  accuracy: 57.14% -> 89.29%     
client [95] (testset)   loss: 1.5687 -> 1.3527  accuracy: 48.28% -> 63.22%     
client [76] (testset)   loss: 1.6309 -> 0.2881  accuracy: 51.66% -> 92.05%     
client [8]  (testset)   loss: 0.8834 -> 0.7703  accuracy: 67.74% -> 67.74%     
client [35] (testset)   loss: 2.2540 -> 0.2831  accuracy: 33.33% -> 100.00%    
client [17] (testset)   loss: 1.4498 -> 1.0933  accuracy: 57.74% -> 77.38%     
client [98] (testset)   loss: 1.9561 -> 0.9408  accuracy: 41.23% -> 83.89%     
client [43] (testset)   loss: 0.4412 -> 0.3912  accuracy: 90.91% -> 90.91%     
client [53] (testset)   loss: 1.1807 -> 0.6411  accuracy: 66.84% -> 82.14%     
client [64] (testset)   loss: 1.6897 -> 0.2419  accuracy: 46.33% -> 94.04%     
---------------------------- TRAINING EPOCH: 130 ----------------------------  
client [21] (testset)   loss: 2.8187 -> 1.2085  accuracy: 39.13% -> 73.91%     
client [38] (testset)   loss: 0.7665 -> 0.0895  accuracy: 83.65% -> 96.15%     
client [3]  (testset)   loss: 1.6177 -> 0.7551  accuracy: 57.75% -> 81.82%     
client [88] (testset)   loss: 2.3134 -> 0.5017  accuracy: 43.42% -> 89.21%     
client [41] (testset)   loss: 1.1474 -> 0.8592  accuracy: 74.60% -> 73.02%     
client [7]  (testset)   loss: 3.1086 -> 0.5325  accuracy: 34.78% -> 85.99%     
client [37] (testset)   loss: 1.6665 -> 0.6310  accuracy: 66.67% -> 66.67%     
client [45] (testset)   loss: 2.5452 -> 1.3950  accuracy: 36.36% -> 72.73%     
client [47] (testset)   loss: 4.2233 -> 0.9738  accuracy: 25.00% -> 62.50%     
client [5]  (testset)   loss: 3.6306 -> 0.7337  accuracy: 26.29% -> 84.79%     
---------------------------- TRAINING EPOCH: 140 ----------------------------  
client [11] (testset)   loss: 2.5236 -> 0.2336  accuracy: 40.91% -> 90.91%     
client [37] (testset)   loss: 0.9910 -> 0.1874  accuracy: 66.67% -> 100.00%    
client [41] (testset)   loss: 0.9823 -> 0.8968  accuracy: 74.60% -> 77.78%     
client [16] (testset)   loss: 1.1453 -> 0.7952  accuracy: 62.05% -> 77.11%     
client [95] (testset)   loss: 1.6652 -> 1.0686  accuracy: 55.17% -> 72.41%     
client [22] (testset)   loss: 1.4856 -> 0.6144  accuracy: 55.64% -> 85.71%     
client [53] (testset)   loss: 1.7461 -> 0.6945  accuracy: 55.10% -> 81.63%     
client [25] (testset)   loss: 2.5506 -> 0.7966  accuracy: 30.04% -> 81.63%     
client [69] (testset)   loss: 2.3302 -> 1.2595  accuracy: 40.61% -> 65.45%     
client [46] (testset)   loss: 1.4270 -> 0.7351  accuracy: 57.36% -> 84.50%     
---------------------------- TRAINING EPOCH: 150 ----------------------------  
client [47] (testset)   loss: 3.5424 -> 0.9739  accuracy: 43.75% -> 75.00%     
client [82] (testset)   loss: 3.4952 -> 0.4345  accuracy: 26.14% -> 96.59%     
client [45] (testset)   loss: 2.6182 -> 1.1688  accuracy: 36.36% -> 72.73%     
client [69] (testset)   loss: 3.4497 -> 1.3220  accuracy: 27.58% -> 66.36%     
client [50] (testset)   loss: 4.0930 -> 3.1096  accuracy: 42.86% -> 71.43%     
client [7]  (testset)   loss: 1.5213 -> 0.5448  accuracy: 69.57% -> 86.96%     
client [35] (testset)   loss: 2.9448 -> 0.1997  accuracy: 33.33% -> 83.33%     
client [24] (testset)   loss: 2.0611 -> 0.7726  accuracy: 52.78% -> 86.11%     
client [15] (testset)   loss: 2.1285 -> 0.6430  accuracy: 52.73% -> 88.67%     
client [58] (testset)   loss: 0.4330 -> 0.3799  accuracy: 89.29% -> 93.65%     
---------------------------- TRAINING EPOCH: 160 ----------------------------  
client [48] (testset)   loss: 4.1116 -> 0.9486  accuracy: 38.46% -> 76.92%     
client [76] (testset)   loss: 2.1559 -> 0.2370  accuracy: 44.37% -> 92.05%     
client [37] (testset)   loss: 1.6675 -> 0.2098  accuracy: 50.00% -> 83.33%     
client [67] (testset)   loss: 1.8859 -> 0.1649  accuracy: 47.74% -> 93.55%     
client [64] (testset)   loss: 1.4186 -> 0.2536  accuracy: 54.13% -> 93.58%     
client [58] (testset)   loss: 1.0260 -> 0.3679  accuracy: 68.25% -> 93.25%     
client [77] (testset)   loss: 0.8910 -> 0.4690  accuracy: 72.79% -> 88.69%     
client [12] (testset)   loss: 1.6877 -> 0.6266  accuracy: 60.63% -> 84.67%     
client [89] (testset)   loss: 3.7590 -> 0.7431  accuracy: 19.61% -> 94.12%     
client [55] (testset)   loss: 2.0971 -> 0.4545  accuracy: 48.40% -> 89.04%     
---------------------------- TRAINING EPOCH: 170 ----------------------------  
client [51] (testset)   loss: 0.4587 -> 0.6164  accuracy: 75.00% -> 75.00%     
client [8]  (testset)   loss: 0.9614 -> 0.5645  accuracy: 70.97% -> 80.65%     
client [84] (testset)   loss: 1.4561 -> 0.4217  accuracy: 62.50% -> 89.06%     
client [94] (testset)   loss: 2.4348 -> 0.5389  accuracy: 29.23% -> 84.62%     
client [18] (testset)   loss: 1.1398 -> 0.6960  accuracy: 63.47% -> 86.83%     
client [81] (testset)   loss: 0.9649 -> 0.0298  accuracy: 67.86% -> 99.11%     
client [11] (testset)   loss: 2.4330 -> 0.2842  accuracy: 31.82% -> 90.91%     
client [95] (testset)   loss: 1.8819 -> 1.1778  accuracy: 44.83% -> 72.41%     
client [3]  (testset)   loss: 1.0957 -> 0.7383  accuracy: 66.84% -> 82.35%     
client [67] (testset)   loss: 0.4726 -> 0.2043  accuracy: 83.87% -> 94.84%     
---------------------------- TRAINING EPOCH: 180 ----------------------------  
client [21] (testset)   loss: 2.8057 -> 1.0733  accuracy: 47.83% -> 69.57%     
client [58] (testset)   loss: 1.1333 -> 0.3867  accuracy: 66.67% -> 93.25%     
client [79] (testset)   loss: 2.2657 -> 0.3059  accuracy: 49.44% -> 93.58%     
client [46] (testset)   loss: 2.2872 -> 0.6383  accuracy: 43.41% -> 84.50%     
client [11] (testset)   loss: 1.8572 -> 1.5182  accuracy: 40.91% -> 81.82%     
client [88] (testset)   loss: 1.2044 -> 0.5256  accuracy: 63.68% -> 90.26%     
client [13] (testset)   loss: 2.6383 -> 0.6473  accuracy: 41.67% -> 85.56%     
client [31] (testset)   loss: 2.2795 -> 0.1813  accuracy: 43.78% -> 95.39%     
client [55] (testset)   loss: 2.0727 -> 0.4673  accuracy: 54.37% -> 89.04%     
client [75] (testset)   loss: 1.9934 -> 0.4585  accuracy: 50.74% -> 91.33%     
---------------------------- TRAINING EPOCH: 190 ----------------------------  
client [19] (testset)   loss: 0.6747 -> 0.5707  accuracy: 79.65% -> 92.92%     
client [7]  (testset)   loss: 2.3162 -> 0.5576  accuracy: 42.51% -> 86.96%     
client [57] (testset)   loss: 1.7171 -> 0.2688  accuracy: 56.12% -> 94.94%     
client [43] (testset)   loss: 0.6488 -> 0.4125  accuracy: 72.73% -> 90.91%     
client [13] (testset)   loss: 2.5018 -> 0.6160  accuracy: 42.78% -> 83.33%     
client [91] (testset)   loss: 1.4120 -> 0.6775  accuracy: 63.24% -> 88.24%     
client [64] (testset)   loss: 1.2085 -> 0.3012  accuracy: 59.17% -> 94.04%     
client [10] (testset)   loss: 2.5503 -> 0.1988  accuracy: 34.68% -> 96.82%     
client [82] (testset)   loss: 1.3880 -> 0.4332  accuracy: 63.64% -> 96.59%     
client [22] (testset)   loss: 0.7544 -> 0.5222  accuracy: 79.70% -> 88.72%     
---------------------------- TRAINING EPOCH: 200 ----------------------------  
client [23] (testset)   loss: 1.9003 -> 0.0000  accuracy: 28.57% -> 100.00%    
client [88] (testset)   loss: 2.3045 -> 0.5737  accuracy: 44.47% -> 88.95%     
client [98] (testset)   loss: 2.4334 -> 0.8982  accuracy: 37.91% -> 82.94%     
client [20] (testset)   loss: 1.4590 -> 0.7234  accuracy: 64.51% -> 87.69%     
client [21] (testset)   loss: 2.9295 -> 2.1146  accuracy: 34.78% -> 69.57%     
client [79] (testset)   loss: 0.9876 -> 0.3099  accuracy: 76.26% -> 94.41%     
client [92] (testset)   loss: 1.0914 -> 0.2012  accuracy: 67.98% -> 95.57%     
client [56] (testset)   loss: 2.2086 -> 0.5385  accuracy: 49.23% -> 92.31%     
client [52] (testset)   loss: 2.3432 -> 0.3950  accuracy: 52.94% -> 98.04%     
client [5]  (testset)   loss: 1.8979 -> 0.7225  accuracy: 52.84% -> 83.25%     
FedDpag's average time taken by each global epoch: 0 min 5.78 sec.             
FedDpag's total running time: 0 h 20 m 22 s.                                   
==================== FedDpag Experiment Results: ====================          
Display format: (before local fine-tuning) -> (after local fine-tuning)        
 So if finetune_epoch = 0, x.xx% -> 0.00% is normal.                           
 Centralized testing ONLY happens after model aggregation, so the stats between
'->' are the same.                                                             
{                                                                              
    "100": {                                                                   
        "all_clients": {                                                       
            "test": {                                                          
                "loss": "1.3743 -> 0.0000",                                    
                "accuracy": "58.78% -> 0.00%"                                  
            }                                                                  
        }                                                                      
    },                                                                         
    "200": {                                                                   
        "all_clients": {                                                       
            "test": {                                                          
                "loss": "2.0278 -> 0.0000",                                    
                "accuracy": "54.97% -> 0.00%"                                  
            }                                                                  
        }                                                                      
    }                                                                          
}                                                                              
==================== FedDpag Max Accuracy ====================                 
all_clients:                                                                   
(test) before fine-tuning: 58.78% at epoch 100                                 
(test) after fine-tuning: 0.00% at epoch 100                                   
