==================== FLUTE ====================                                
Experiment Arguments:                                                          
{
    'method': 'flute',
    'dataset': {
        'name': 'medmnistA',
        'client_num': 100,
        'test_ratio': 0.25,
        'val_ratio': 0.0,
        'seed': 42,
        'split': 'sample',
        'IID_ratio': 0.0,
        'monitor_window_name_suffix': 'medmnistA-100clients-0%IID-Dir(0.1)-seed42',
        'alpha': 0.1,
        'min_samples_per_client': 10
    },
    'model': {
        'name': 'avgcnn',
        'use_torchvision_pretrained_weights': True,
        'external_model_weights_path': None
    },
    'optimizer': {
        'lr': 0.01,
        'dampening': 0,
        'weight_decay': 0,
        'momentum': 0.7,
        'nesterov': False,
        'name': 'sgd'
    },
    'mode': 'parallel',
    'parallel': {
        'ray_cluster_addr': None,
        'num_cpus': 24.0,
        'num_gpus': 1.0,
        'num_workers': 2
    },
    'common': {
        'seed': 42,
        'join_ratio': 0.1,
        'global_epoch': 400,
        'local_epoch': 5,
        'batch_size': 32,
        'reset_optimizer_on_global_epoch': True,
        'straggler_ratio': 0,
        'straggler_min_local_epoch': 0,
        'buffers': 'global',
        'client_side_evaluation': True,
        'test': {
            'client': {
                'interval': 100,
                'finetune_epoch': 5,
                'train': False,
                'val': False,
                'test': True
            },
            'server': {
                'interval': -1,
                'train': False,
                'val': False,
                'test': True,
                'model_in_train_mode': False
            }
        },
        'verbose_gap': 10,
        'monitor': None,
        'use_cuda': True,
        'save_log': True,
        'save_model': False,
        'save_learning_curve_plot': True,
        'save_metrics': True,
        'delete_useless_run': True
    },
    'fedprox': {
        'mu': 0.01
    },
    'pfedsim': {
        'warmup_round': 0.5
    },
    'flute': {
        'rep_round': 1,
        'lamda1': 0.25,
        'lamda2': 0.0025,
        'lamda3': 0.0005,
        'gamma1': 1,
        'gamma2': 1,
        'nc2_lr': 0.5
    }
}
---------------------------- TRAINING EPOCH: 10 ----------------------------   
client [77] (testset)   loss: 3.8656 -> 1.0724  accuracy: 1.19% -> 58.33%      
client [81] (testset)   loss: 3.9470 -> 0.8048  accuracy: 0.24% -> 54.74%      
client [21] (testset)   loss: 3.6242 -> 0.9134  accuracy: 1.59% -> 53.44%      
client [93] (testset)   loss: 4.3081 -> 0.7256  accuracy: 0.00% -> 88.89%      
client [31] (testset)   loss: 4.0962 -> 2.1156  accuracy: 0.00% -> 55.00%      
client [68] (testset)   loss: 3.3116 -> 0.0328  accuracy: 0.00% -> 100.00%     
client [59] (testset)   loss: 2.7464 -> 1.0753  accuracy: 0.00% -> 52.00%      
client [20] (testset)   loss: 0.5869 -> 0.5778  accuracy: 88.08% -> 88.08%     
client [48] (testset)   loss: 3.7415 -> 0.7249  accuracy: 0.00% -> 74.14%      
client [34] (testset)   loss: 2.0573 -> 1.4694  accuracy: 18.52% -> 37.04%     
---------------------------- TRAINING EPOCH: 20 ----------------------------   
client [69] (testset)   loss: 1.2440 -> 1.1386  accuracy: 63.83% -> 63.83%     
client [99] (testset)   loss: 1.2456 -> 1.2266  accuracy: 63.53% -> 63.53%     
client [67] (testset)   loss: 1.9968 -> 1.1694  accuracy: 55.29% -> 55.29%     
client [0]  (testset)   loss: 1.8532 -> 0.9305  accuracy: 32.60% -> 60.35%     
client [41] (testset)   loss: 0.9391 -> 0.8883  accuracy: 59.15% -> 59.15%     
client [62] (testset)   loss: 2.0444 -> 1.2110  accuracy: 25.00% -> 65.00%     
client [76] (testset)   loss: 2.1758 -> 1.3288  accuracy: 0.00% -> 52.13%      
client [2]  (testset)   loss: 2.5849 -> 1.6932  accuracy: 5.71% -> 37.14%      
client [14] (testset)   loss: 1.5913 -> 0.1864  accuracy: 0.00% -> 97.22%      
client [46] (testset)   loss: 0.8810 -> 0.8640  accuracy: 59.30% -> 59.30%     
---------------------------- TRAINING EPOCH: 30 ----------------------------   
client [24] (testset)   loss: 3.4620 -> 0.2126  accuracy: 0.00% -> 96.84%      
client [68] (testset)   loss: 0.3947 -> 0.0278  accuracy: 100.00% -> 100.00%   
client [57] (testset)   loss: 3.4911 -> 0.5961  accuracy: 0.00% -> 79.69%      
client [17] (testset)   loss: 1.5491 -> 1.5033  accuracy: 38.46% -> 27.69%     
client [54] (testset)   loss: 3.4355 -> 2.1914  accuracy: 0.00% -> 0.00%       
client [23] (testset)   loss: 2.4425 -> 0.9748  accuracy: 36.67% -> 56.67%     
client [59] (testset)   loss: 2.7596 -> 1.0855  accuracy: 0.00% -> 52.00%      
client [35] (testset)   loss: 3.3909 -> 1.1971  accuracy: 2.31% -> 46.30%      
client [31] (testset)   loss: 4.4004 -> 1.9393  accuracy: 0.00% -> 55.00%      
client [9]  (testset)   loss: 2.4983 -> 0.7131  accuracy: 0.00% -> 83.44%      
---------------------------- TRAINING EPOCH: 40 ----------------------------   
client [64] (testset)   loss: 2.6608 -> 1.5944  accuracy: 0.00% -> 0.00%       
client [33] (testset)   loss: 3.8121 -> 0.8469  accuracy: 0.00% -> 75.00%      
client [44] (testset)   loss: 4.0146 -> 1.9328  accuracy: 0.00% -> 0.00%       
client [8]  (testset)   loss: 1.8170 -> 1.7600  accuracy: 40.91% -> 40.91%     
client [31] (testset)   loss: 1.7846 -> 1.6908  accuracy: 55.00% -> 55.00%     
client [16] (testset)   loss: 2.4566 -> 0.3178  accuracy: 0.00% -> 92.63%      
client [47] (testset)   loss: 2.4639 -> 1.0152  accuracy: 0.00% -> 48.19%      
client [20] (testset)   loss: 0.5829 -> 0.5729  accuracy: 88.08% -> 88.08%     
client [36] (testset)   loss: 2.8297 -> 1.4315  accuracy: 30.00% -> 39.55%     
client [56] (testset)   loss: 2.8419 -> 1.8365  accuracy: 0.00% -> 44.26%      
---------------------------- TRAINING EPOCH: 50 ----------------------------   
client [4]  (testset)   loss: 0.9320 -> 0.9151  accuracy: 76.74% -> 76.74%     
client [60] (testset)   loss: 3.8213 -> 0.1956  accuracy: 0.00% -> 96.62%      
client [25] (testset)   loss: 2.6675 -> 0.8634  accuracy: 0.00% -> 73.02%      
client [28] (testset)   loss: 1.0027 -> 0.9895  accuracy: 73.37% -> 73.37%     
client [44] (testset)   loss: 2.7663 -> 1.7873  accuracy: 0.00% -> 61.54%      
client [39] (testset)   loss: 2.4012 -> 1.6990  accuracy: 0.00% -> 43.40%      
client [58] (testset)   loss: 2.5150 -> 0.2609  accuracy: 5.66% -> 94.34%      
client [3]  (testset)   loss: 4.6231 -> 1.6607  accuracy: 0.00% -> 63.64%      
client [29] (testset)   loss: 1.9970 -> 0.9476  accuracy: 10.55% -> 73.87%     
client [84] (testset)   loss: 0.8470 -> 0.8248  accuracy: 40.51% -> 56.96%     
---------------------------- TRAINING EPOCH: 60 ----------------------------   
client [84] (testset)   loss: 0.8234 -> 0.8251  accuracy: 56.96% -> 56.96%     
client [21] (testset)   loss: 2.3333 -> 0.9118  accuracy: 0.00% -> 53.44%      
client [10] (testset)   loss: 4.1542 -> 0.9738  accuracy: 0.00% -> 53.62%      
client [65] (testset)   loss: 3.3386 -> 0.7280  accuracy: 0.00% -> 83.56%      
client [36] (testset)   loss: 3.2947 -> 1.4276  accuracy: 2.50% -> 37.50%      
client [79] (testset)   loss: 1.0744 -> 1.0315  accuracy: 77.78% -> 77.78%     
client [42] (testset)   loss: 2.5329 -> 1.1751  accuracy: 30.00% -> 58.33%     
client [81] (testset)   loss: 1.3987 -> 0.8000  accuracy: 43.60% -> 54.74%     
client [11] (testset)   loss: 1.6984 -> 1.1854  accuracy: 50.88% -> 50.88%     
client [96] (testset)   loss: 3.5262 -> 1.2358  accuracy: 0.00% -> 55.39%      
---------------------------- TRAINING EPOCH: 70 ----------------------------   
client [8]  (testset)   loss: 2.3258 -> 1.8506  accuracy: 40.91% -> 40.91%     
client [53] (testset)   loss: 0.2857 -> 0.2673  accuracy: 94.85% -> 94.85%     
client [52] (testset)   loss: 2.9516 -> 0.8931  accuracy: 0.00% -> 75.22%      
client [42] (testset)   loss: 2.6998 -> 1.1961  accuracy: 1.67% -> 58.33%      
client [69] (testset)   loss: 2.1900 -> 1.2160  accuracy: 0.00% -> 63.83%      
client [59] (testset)   loss: 2.5105 -> 1.0827  accuracy: 0.00% -> 52.00%      
client [26] (testset)   loss: 2.5132 -> 1.3315  accuracy: 0.00% -> 50.53%      
client [49] (testset)   loss: 3.4059 -> 0.8104  accuracy: 2.89% -> 79.77%      
client [98] (testset)   loss: 2.8446 -> 0.9644  accuracy: 0.63% -> 74.68%      
client [7]  (testset)   loss: 0.6548 -> 0.4919  accuracy: 88.85% -> 88.85%     
---------------------------- TRAINING EPOCH: 80 ----------------------------   
client [98] (testset)   loss: 1.5651 -> 0.9482  accuracy: 0.63% -> 74.68%      
client [47] (testset)   loss: 1.3056 -> 1.0148  accuracy: 39.76% -> 48.19%     
client [77] (testset)   loss: 1.1029 -> 1.0292  accuracy: 58.33% -> 58.33%     
client [21] (testset)   loss: 1.8072 -> 0.9041  accuracy: 2.91% -> 53.44%      
client [91] (testset)   loss: 0.7211 -> 0.6877  accuracy: 88.24% -> 88.24%     
client [95] (testset)   loss: 2.4671 -> 0.3395  accuracy: 0.00% -> 94.83%      
client [14] (testset)   loss: 1.3411 -> 0.1900  accuracy: 97.22% -> 97.22%     
client [99] (testset)   loss: 1.4468 -> 1.2120  accuracy: 63.53% -> 63.53%     
client [39] (testset)   loss: 3.4692 -> 1.6490  accuracy: 20.75% -> 43.40%     
client [20] (testset)   loss: 0.5706 -> 0.5672  accuracy: 88.08% -> 88.08%     
---------------------------- TRAINING EPOCH: 90 ----------------------------   
client [62] (testset)   loss: 1.2023 -> 1.0418  accuracy: 65.00% -> 65.00%     
client [71] (testset)   loss: 2.4355 -> 1.4497  accuracy: 8.33% -> 50.00%      
client [52] (testset)   loss: 0.8939 -> 0.8729  accuracy: 75.22% -> 75.22%     
client [30] (testset)   loss: 2.1565 -> 0.9125  accuracy: 41.43% -> 54.29%     
client [88] (testset)   loss: 2.9239 -> 1.2534  accuracy: 0.00% -> 67.57%      
client [97] (testset)   loss: 1.3673 -> 1.3551  accuracy: 47.72% -> 47.72%     
client [82] (testset)   loss: 1.5796 -> 1.5635  accuracy: 46.51% -> 46.51%     
client [91] (testset)   loss: 3.3921 -> 0.9299  accuracy: 0.00% -> 88.24%      
client [60] (testset)   loss: 1.6412 -> 0.1926  accuracy: 0.00% -> 96.62%      
client [57] (testset)   loss: 2.5261 -> 0.5868  accuracy: 19.53% -> 79.69%     
---------------------------- TRAINING EPOCH: 100 ----------------------------  
client [31] (testset)   loss: 1.8535 -> 1.6500  accuracy: 55.00% -> 55.00%     
client [15] (testset)   loss: 2.9620 -> 0.8607  accuracy: 0.00% -> 76.47%      
client [71] (testset)   loss: 1.9021 -> 1.4789  accuracy: 50.00% -> 50.00%     
client [53] (testset)   loss: 0.4400 -> 0.3062  accuracy: 94.85% -> 94.85%     
client [97] (testset)   loss: 2.1371 -> 1.3731  accuracy: 47.72% -> 47.72%     
client [77] (testset)   loss: 2.7448 -> 1.0632  accuracy: 0.00% -> 58.33%      
client [79] (testset)   loss: 2.2518 -> 1.1155  accuracy: 0.00% -> 77.78%      
client [76] (testset)   loss: 2.2457 -> 1.3140  accuracy: 18.01% -> 52.13%     
client [28] (testset)   loss: 2.2226 -> 1.0169  accuracy: 0.00% -> 73.37%      
client [99] (testset)   loss: 2.5111 -> 1.2142  accuracy: 0.00% -> 63.53%      
---------------------------- TRAINING EPOCH: 110 ----------------------------  
client [97] (testset)   loss: 1.7758 -> 1.3596  accuracy: 24.07% -> 47.72%     
client [34] (testset)   loss: 2.4025 -> 1.4486  accuracy: 28.40% -> 37.04%     
client [86] (testset)   loss: 2.5510 -> 0.5428  accuracy: 0.29% -> 84.66%      
client [5]  (testset)   loss: 2.4346 -> 1.4931  accuracy: 21.98% -> 43.96%     
client [73] (testset)   loss: 3.1753 -> 0.7898  accuracy: 0.00% -> 58.95%      
client [22] (testset)   loss: 0.8752 -> 0.4596  accuracy: 89.95% -> 89.95%     
client [60] (testset)   loss: 0.1814 -> 0.1774  accuracy: 96.62% -> 96.62%     
client [96] (testset)   loss: 1.4156 -> 1.2260  accuracy: 55.39% -> 55.39%     
client [83] (testset)   loss: 1.4409 -> 0.8745  accuracy: 85.00% -> 85.00%     
client [66] (testset)   loss: 2.7948 -> 1.0921  accuracy: 0.00% -> 50.78%      
---------------------------- TRAINING EPOCH: 120 ----------------------------  
client [65] (testset)   loss: 1.2302 -> 0.7334  accuracy: 83.56% -> 83.56%     
client [76] (testset)   loss: 1.2926 -> 1.2914  accuracy: 52.13% -> 52.13%     
client [95] (testset)   loss: 0.4684 -> 0.3271  accuracy: 94.83% -> 94.83%     
client [8]  (testset)   loss: 2.0806 -> 1.8857  accuracy: 40.91% -> 40.91%     
client [17] (testset)   loss: 2.4360 -> 1.5953  accuracy: 38.46% -> 21.54%     
client [98] (testset)   loss: 1.5008 -> 0.9420  accuracy: 14.56% -> 74.68%     
client [35] (testset)   loss: 1.1890 -> 1.1886  accuracy: 46.30% -> 46.30%     
client [53] (testset)   loss: 0.3380 -> 0.2654  accuracy: 94.85% -> 94.85%     
client [64] (testset)   loss: 2.1970 -> 1.4383  accuracy: 0.00% -> 66.67%      
client [43] (testset)   loss: 1.7194 -> 0.3325  accuracy: 0.00% -> 93.29%      
---------------------------- TRAINING EPOCH: 130 ----------------------------  
client [88] (testset)   loss: 1.4349 -> 1.3103  accuracy: 67.57% -> 67.57%     
client [38] (testset)   loss: 2.2895 -> 1.3260  accuracy: 0.00% -> 66.67%      
client [3]  (testset)   loss: 1.2910 -> 0.9790  accuracy: 63.64% -> 63.64%     
client [5]  (testset)   loss: 1.4818 -> 1.4676  accuracy: 43.96% -> 43.96%     
client [41] (testset)   loss: 0.9216 -> 0.8798  accuracy: 59.15% -> 59.15%     
client [21] (testset)   loss: 1.5853 -> 0.9107  accuracy: 42.06% -> 53.44%     
client [37] (testset)   loss: 2.2853 -> 0.5410  accuracy: 0.00% -> 87.45%      
client [45] (testset)   loss: 1.6860 -> 1.6032  accuracy: 44.00% -> 44.00%     
client [7]  (testset)   loss: 1.2013 -> 0.4861  accuracy: 88.85% -> 88.85%     
client [47] (testset)   loss: 2.3685 -> 1.0285  accuracy: 0.00% -> 48.19%      
---------------------------- TRAINING EPOCH: 140 ----------------------------  
client [16] (testset)   loss: 1.3210 -> 0.3167  accuracy: 6.49% -> 92.63%      
client [11] (testset)   loss: 1.3934 -> 1.1790  accuracy: 26.21% -> 50.88%     
client [41] (testset)   loss: 2.3631 -> 0.9172  accuracy: 0.00% -> 59.15%      
client [37] (testset)   loss: 1.9183 -> 0.5418  accuracy: 0.00% -> 87.45%      
client [95] (testset)   loss: 0.3206 -> 0.3161  accuracy: 94.83% -> 94.83%     
client [53] (testset)   loss: 0.2657 -> 0.2545  accuracy: 94.85% -> 94.85%     
client [25] (testset)   loss: 0.8166 -> 0.8035  accuracy: 73.02% -> 73.02%     
client [22] (testset)   loss: 1.8540 -> 0.4439  accuracy: 6.39% -> 89.95%      
client [69] (testset)   loss: 1.1828 -> 1.1262  accuracy: 63.83% -> 63.83%     
client [46] (testset)   loss: 1.8813 -> 0.8631  accuracy: 0.00% -> 59.30%      
---------------------------- TRAINING EPOCH: 150 ----------------------------  
client [69] (testset)   loss: 2.9171 -> 1.1618  accuracy: 0.00% -> 63.83%      
client [82] (testset)   loss: 1.6579 -> 1.6053  accuracy: 46.51% -> 46.51%     
client [45] (testset)   loss: 2.4573 -> 1.7268  accuracy: 0.00% -> 44.00%      
client [47] (testset)   loss: 1.0137 -> 1.0051  accuracy: 48.19% -> 48.19%     
client [50] (testset)   loss: 1.7462 -> 0.7806  accuracy: 0.00% -> 79.27%      
client [35] (testset)   loss: 1.4889 -> 1.1861  accuracy: 46.30% -> 46.30%     
client [7]  (testset)   loss: 1.2638 -> 0.4915  accuracy: 88.85% -> 88.85%     
client [15] (testset)   loss: 0.8696 -> 0.8244  accuracy: 76.47% -> 76.47%     
client [24] (testset)   loss: 0.3170 -> 0.2126  accuracy: 96.84% -> 96.84%     
client [58] (testset)   loss: 0.2521 -> 0.2435  accuracy: 94.34% -> 94.34%     
---------------------------- TRAINING EPOCH: 160 ----------------------------  
client [48] (testset)   loss: 1.3872 -> 0.7193  accuracy: 23.28% -> 74.14%     
client [76] (testset)   loss: 1.3103 -> 1.2985  accuracy: 52.13% -> 52.13%     
client [37] (testset)   loss: 1.5032 -> 0.5104  accuracy: 0.00% -> 87.45%      
client [67] (testset)   loss: 1.6007 -> 1.1478  accuracy: 55.29% -> 55.29%     
client [64] (testset)   loss: 2.6536 -> 1.9164  accuracy: 0.00% -> 66.67%      
client [58] (testset)   loss: 1.0122 -> 0.2781  accuracy: 94.34% -> 94.34%     
client [55] (testset)   loss: 1.8722 -> 1.7012  accuracy: 12.50% -> 50.00%     
client [77] (testset)   loss: 1.0048 -> 0.9994  accuracy: 58.33% -> 58.33%     
client [89] (testset)   loss: 2.5514 -> 2.1485  accuracy: 0.00% -> 18.75%      
client [12] (testset)   loss: 0.6762 -> 0.5265  accuracy: 86.14% -> 86.14%     
---------------------------- TRAINING EPOCH: 170 ----------------------------  
client [51] (testset)   loss: 0.9642 -> 0.8154  accuracy: 66.67% -> 66.67%     
client [8]  (testset)   loss: 1.7797 -> 1.7765  accuracy: 40.91% -> 40.91%     
client [18] (testset)   loss: 3.2405 -> 0.9770  accuracy: 26.92% -> 65.38%     
client [84] (testset)   loss: 1.0518 -> 0.8155  accuracy: 40.51% -> 56.96%     
client [94] (testset)   loss: 1.3966 -> 1.3785  accuracy: 50.00% -> 50.00%     
client [3]  (testset)   loss: 1.7719 -> 1.1871  accuracy: 63.64% -> 63.64%     
client [81] (testset)   loss: 1.0028 -> 0.7952  accuracy: 54.74% -> 54.74%     
client [11] (testset)   loss: 1.4194 -> 1.1837  accuracy: 50.88% -> 50.88%     
client [95] (testset)   loss: 0.4480 -> 0.3224  accuracy: 94.83% -> 94.83%     
client [67] (testset)   loss: 2.0777 -> 1.1481  accuracy: 0.30% -> 55.29%      
---------------------------- TRAINING EPOCH: 180 ----------------------------  
client [79] (testset)   loss: 1.6956 -> 0.9711  accuracy: 3.70% -> 77.78%      
client [58] (testset)   loss: 0.3722 -> 0.2464  accuracy: 94.34% -> 94.34%     
client [88] (testset)   loss: 1.8794 -> 1.3493  accuracy: 67.57% -> 67.57%     
client [21] (testset)   loss: 1.7870 -> 0.9063  accuracy: 1.59% -> 53.44%      
client [46] (testset)   loss: 0.8531 -> 0.8494  accuracy: 59.30% -> 59.30%     
client [55] (testset)   loss: 2.4117 -> 2.0100  accuracy: 0.00% -> 50.00%      
client [13] (testset)   loss: 0.7320 -> 0.1481  accuracy: 97.78% -> 97.78%     
client [31] (testset)   loss: 2.2296 -> 1.9897  accuracy: 55.00% -> 55.00%     
client [75] (testset)   loss: 1.5304 -> 1.4527  accuracy: 38.38% -> 29.15%     
client [11] (testset)   loss: 1.1841 -> 1.1782  accuracy: 50.88% -> 50.88%     
---------------------------- TRAINING EPOCH: 190 ----------------------------  
client [19] (testset)   loss: 1.5333 -> 1.5329  accuracy: 37.50% -> 37.50%     
client [57] (testset)   loss: 1.2617 -> 0.5889  accuracy: 79.69% -> 79.69%     
client [13] (testset)   loss: 0.7283 -> 0.1740  accuracy: 97.78% -> 97.78%     
client [7]  (testset)   loss: 0.7680 -> 0.4893  accuracy: 88.85% -> 88.85%     
client [91] (testset)   loss: 0.8928 -> 0.6935  accuracy: 88.24% -> 88.24%     
client [10] (testset)   loss: 1.4309 -> 0.9593  accuracy: 39.61% -> 53.62%     
client [43] (testset)   loss: 0.4255 -> 0.3278  accuracy: 93.29% -> 93.29%     
client [64] (testset)   loss: 2.2854 -> 1.6055  accuracy: 0.00% -> 66.67%      
client [82] (testset)   loss: 2.4531 -> 1.6366  accuracy: 6.98% -> 46.51%      
client [22] (testset)   loss: 0.9032 -> 0.4524  accuracy: 89.95% -> 89.95%     
---------------------------- TRAINING EPOCH: 200 ----------------------------  
client [23] (testset)   loss: 0.9954 -> 0.9793  accuracy: 56.67% -> 56.67%     
client [20] (testset)   loss: 1.6506 -> 0.5779  accuracy: 5.18% -> 88.08%      
client [88] (testset)   loss: 1.8676 -> 1.3378  accuracy: 67.57% -> 67.57%     
client [79] (testset)   loss: 1.7669 -> 1.0156  accuracy: 77.78% -> 77.78%     
client [98] (testset)   loss: 1.1259 -> 0.9687  accuracy: 74.68% -> 74.68%     
client [92] (testset)   loss: 1.3241 -> 1.2434  accuracy: 63.64% -> 63.64%     
client [56] (testset)   loss: 1.6626 -> 1.6479  accuracy: 16.39% -> 16.39%     
client [5]  (testset)   loss: 1.8144 -> 1.5003  accuracy: 23.08% -> 43.96%     
client [21] (testset)   loss: 1.5835 -> 0.8976  accuracy: 53.44% -> 53.44%     
client [52] (testset)   loss: 1.6601 -> 0.8856  accuracy: 12.39% -> 75.22%     
---------------------------- TRAINING EPOCH: 210 ----------------------------  
client [54] (testset)   loss: 2.3195 -> 1.6698  accuracy: 0.00% -> 80.00%      
client [14] (testset)   loss: 0.2886 -> 0.1765  accuracy: 97.22% -> 97.22%     
client [67] (testset)   loss: 1.9218 -> 1.1420  accuracy: 11.18% -> 55.29%     
client [99] (testset)   loss: 1.3497 -> 1.1919  accuracy: 63.53% -> 63.53%     
client [30] (testset)   loss: 1.5016 -> 0.9071  accuracy: 54.29% -> 54.29%     
client [38] (testset)   loss: 1.8165 -> 1.2889  accuracy: 0.00% -> 66.67%      
client [15] (testset)   loss: 0.9962 -> 0.8252  accuracy: 76.47% -> 76.47%     
client [36] (testset)   loss: 1.8818 -> 1.4076  accuracy: 22.95% -> 37.50%     
client [53] (testset)   loss: 0.2978 -> 0.2752  accuracy: 94.85% -> 94.85%     
client [6]  (testset)   loss: 1.1286 -> 1.1175  accuracy: 47.09% -> 47.09%     
---------------------------- TRAINING EPOCH: 220 ----------------------------  
client [6]  (testset)   loss: 1.4240 -> 1.1271  accuracy: 40.21% -> 47.09%     
client [83] (testset)   loss: 0.8049 -> 0.7600  accuracy: 85.00% -> 85.00%     
client [99] (testset)   loss: 1.6361 -> 1.1954  accuracy: 63.53% -> 63.53%     
client [42] (testset)   loss: 1.9016 -> 1.1777  accuracy: 0.00% -> 58.33%      
client [34] (testset)   loss: 1.4136 -> 1.3929  accuracy: 37.04% -> 37.04%     
client [15] (testset)   loss: 1.1867 -> 0.8381  accuracy: 76.47% -> 76.47%     
client [55] (testset)   loss: 2.0767 -> 1.8545  accuracy: 50.00% -> 50.00%     
client [51] (testset)   loss: 0.8566 -> 0.8346  accuracy: 66.67% -> 66.67%     
client [95] (testset)   loss: 0.5067 -> 0.3353  accuracy: 94.83% -> 94.83%     
client [47] (testset)   loss: 1.5574 -> 1.0044  accuracy: 48.19% -> 48.19%     
---------------------------- TRAINING EPOCH: 230 ----------------------------  
client [71] (testset)   loss: 1.4457 -> 1.3656  accuracy: 50.00% -> 50.00%     
client [15] (testset)   loss: 0.8385 -> 0.8227  accuracy: 76.47% -> 76.47%     
client [33] (testset)   loss: 0.8024 -> 0.7484  accuracy: 75.00% -> 75.00%     
client [90] (testset)   loss: 1.8248 -> 1.4158  accuracy: 28.57% -> 50.00%     
client [57] (testset)   loss: 0.6361 -> 0.5853  accuracy: 79.69% -> 79.69%     
client [99] (testset)   loss: 1.1915 -> 1.1814  accuracy: 63.53% -> 63.53%     
client [78] (testset)   loss: 1.0802 -> 0.6558  accuracy: 84.72% -> 84.72%     
client [27] (testset)   loss: 0.9810 -> 0.6670  accuracy: 82.43% -> 82.43%     
client [88] (testset)   loss: 1.2168 -> 1.1949  accuracy: 67.57% -> 67.57%     
client [36] (testset)   loss: 1.4615 -> 1.4082  accuracy: 30.00% -> 37.50%     
---------------------------- TRAINING EPOCH: 240 ----------------------------  
client [70] (testset)   loss: 1.5062 -> 1.5218  accuracy: 27.78% -> 27.78%     
client [35] (testset)   loss: 1.3762 -> 1.1904  accuracy: 46.30% -> 46.30%     
client [80] (testset)   loss: 0.8512 -> 0.8154  accuracy: 82.81% -> 82.81%     
client [38] (testset)   loss: 1.2678 -> 1.1553  accuracy: 66.67% -> 66.67%     
client [16] (testset)   loss: 0.3237 -> 0.3086  accuracy: 92.63% -> 92.63%     
client [68] (testset)   loss: 0.0287 -> 0.0211  accuracy: 100.00% -> 100.00%   
client [78] (testset)   loss: 0.6508 -> 0.6412  accuracy: 84.72% -> 84.72%     
client [64] (testset)   loss: 1.8565 -> 1.3372  accuracy: 0.00% -> 66.67%      
client [82] (testset)   loss: 2.0703 -> 1.6163  accuracy: 0.00% -> 46.51%      
client [11] (testset)   loss: 1.2623 -> 1.1819  accuracy: 50.88% -> 50.88%     
---------------------------- TRAINING EPOCH: 250 ----------------------------  
client [30] (testset)   loss: 0.9010 -> 0.8932  accuracy: 54.29% -> 54.29%     
client [74] (testset)   loss: 0.8419 -> 0.8070  accuracy: 75.76% -> 75.76%     
client [45] (testset)   loss: 1.6711 -> 1.6293  accuracy: 44.00% -> 44.00%     
client [6]  (testset)   loss: 1.2565 -> 1.1259  accuracy: 40.21% -> 47.09%     
client [27] (testset)   loss: 0.7012 -> 0.6731  accuracy: 82.43% -> 82.43%     
client [63] (testset)   loss: 0.9064 -> 0.2507  accuracy: 96.00% -> 96.00%     
client [76] (testset)   loss: 1.2918 -> 1.2899  accuracy: 52.13% -> 52.13%     
client [83] (testset)   loss: 1.7334 -> 0.8713  accuracy: 85.00% -> 85.00%     
client [36] (testset)   loss: 1.6126 -> 1.4129  accuracy: 37.50% -> 37.50%     
client [86] (testset)   loss: 0.6115 -> 0.5234  accuracy: 84.66% -> 84.66%     
---------------------------- TRAINING EPOCH: 260 ----------------------------  
client [83] (testset)   loss: 0.8135 -> 0.7333  accuracy: 85.00% -> 85.00%     
client [74] (testset)   loss: 0.9706 -> 0.8500  accuracy: 75.76% -> 75.76%     
client [73] (testset)   loss: 0.9573 -> 0.7844  accuracy: 58.95% -> 58.95%     
client [99] (testset)   loss: 1.2328 -> 1.1833  accuracy: 63.53% -> 63.53%     
client [92] (testset)   loss: 1.3163 -> 1.2417  accuracy: 63.64% -> 63.64%     
client [29] (testset)   loss: 1.5666 -> 0.9364  accuracy: 73.87% -> 73.87%     
client [6]  (testset)   loss: 1.2034 -> 1.1136  accuracy: 47.09% -> 47.09%     
client [61] (testset)   loss: 1.9879 -> 1.5572  accuracy: 0.00% -> 53.85%      
client [67] (testset)   loss: 1.7291 -> 1.1479  accuracy: 11.18% -> 55.29%     
client [21] (testset)   loss: 1.0051 -> 0.8977  accuracy: 53.44% -> 53.44%     
---------------------------- TRAINING EPOCH: 270 ----------------------------  
client [83] (testset)   loss: 0.7327 -> 0.7133  accuracy: 85.00% -> 85.00%     
client [32] (testset)   loss: 1.8315 -> 1.2826  accuracy: 38.89% -> 38.89%     
client [61] (testset)   loss: 1.8019 -> 1.6583  accuracy: 53.85% -> 53.85%     
client [95] (testset)   loss: 0.3290 -> 0.3217  accuracy: 94.83% -> 94.83%     
client [25] (testset)   loss: 0.8300 -> 0.8013  accuracy: 73.02% -> 73.02%     
client [68] (testset)   loss: 0.0283 -> 0.0221  accuracy: 100.00% -> 100.00%   
client [34] (testset)   loss: 1.4004 -> 1.3801  accuracy: 37.04% -> 37.04%     
client [71] (testset)   loss: 1.3783 -> 1.3393  accuracy: 50.00% -> 50.00%     
client [89] (testset)   loss: 1.9926 -> 1.9492  accuracy: 18.75% -> 18.75%     
client [27] (testset)   loss: 0.8152 -> 0.6677  accuracy: 82.43% -> 82.43%     
---------------------------- TRAINING EPOCH: 280 ----------------------------  
client [78] (testset)   loss: 0.8631 -> 0.6374  accuracy: 84.72% -> 84.72%     
client [51] (testset)   loss: 1.1109 -> 0.8398  accuracy: 66.67% -> 66.67%     
client [54] (testset)   loss: 1.2542 -> 1.0313  accuracy: 80.00% -> 80.00%     
client [81] (testset)   loss: 0.9016 -> 0.7909  accuracy: 43.60% -> 54.74%     
client [65] (testset)   loss: 1.2951 -> 0.6355  accuracy: 10.96% -> 83.56%     
client [41] (testset)   loss: 0.8520 -> 0.8499  accuracy: 59.15% -> 59.15%     
client [85] (testset)   loss: 2.4453 -> 1.8367  accuracy: 0.00% -> 0.00%       
client [11] (testset)   loss: 1.1827 -> 1.1803  accuracy: 50.88% -> 50.88%     
client [12] (testset)   loss: 0.5804 -> 0.5202  accuracy: 86.14% -> 86.14%     
client [23] (testset)   loss: 1.3880 -> 0.9946  accuracy: 36.67% -> 56.67%     
---------------------------- TRAINING EPOCH: 290 ----------------------------  
client [65] (testset)   loss: 0.9032 -> 0.7115  accuracy: 83.56% -> 83.56%     
client [53] (testset)   loss: 0.3552 -> 0.2542  accuracy: 94.85% -> 94.85%     
client [16] (testset)   loss: 0.3071 -> 0.3046  accuracy: 92.63% -> 92.63%     
client [58] (testset)   loss: 0.3868 -> 0.2587  accuracy: 94.34% -> 94.34%     
client [72] (testset)   loss: 1.3554 -> 1.3045  accuracy: 26.47% -> 55.88%     
client [71] (testset)   loss: 1.7646 -> 1.4298  accuracy: 25.00% -> 25.00%     
client [59] (testset)   loss: 1.1247 -> 0.9908  accuracy: 52.00% -> 52.00%     
client [86] (testset)   loss: 0.5293 -> 0.5214  accuracy: 84.66% -> 84.66%     
client [7]  (testset)   loss: 0.7093 -> 0.4853  accuracy: 88.85% -> 88.85%     
client [39] (testset)   loss: 1.6553 -> 1.6097  accuracy: 43.40% -> 43.40%     
---------------------------- TRAINING EPOCH: 300 ----------------------------  
client [99] (testset)   loss: 1.1991 -> 1.1834  accuracy: 63.53% -> 63.53%     
client [17] (testset)   loss: 1.6705 -> 1.5345  accuracy: 38.46% -> 21.54%     
client [64] (testset)   loss: 1.1449 -> 1.1397  accuracy: 66.67% -> 66.67%     
client [7]  (testset)   loss: 0.4968 -> 0.4791  accuracy: 88.85% -> 88.85%     
client [37] (testset)   loss: 0.6235 -> 0.5231  accuracy: 87.45% -> 87.45%     
client [29] (testset)   loss: 0.9776 -> 0.9295  accuracy: 73.87% -> 73.87%     
client [93] (testset)   loss: 0.6670 -> 0.6634  accuracy: 88.89% -> 88.89%     
client [73] (testset)   loss: 0.7648 -> 0.7599  accuracy: 58.95% -> 58.95%     
client [40] (testset)   loss: 1.3924 -> 1.2294  accuracy: 65.17% -> 65.17%     
client [76] (testset)   loss: 1.4504 -> 1.3065  accuracy: 52.13% -> 52.13%     
---------------------------- TRAINING EPOCH: 310 ----------------------------  
client [31] (testset)   loss: 1.8173 -> 1.5382  accuracy: 20.00% -> 55.00%     
client [89] (testset)   loss: 1.9142 -> 1.8934  accuracy: 18.75% -> 18.75%     
client [90] (testset)   loss: 1.5357 -> 1.3232  accuracy: 50.00% -> 50.00%     
client [77] (testset)   loss: 1.1987 -> 1.0487  accuracy: 58.33% -> 58.33%     
client [26] (testset)   loss: 1.7179 -> 1.3160  accuracy: 50.53% -> 50.53%     
client [50] (testset)   loss: 0.7787 -> 0.7277  accuracy: 79.27% -> 79.27%     
client [70] (testset)   loss: 1.5943 -> 1.6243  accuracy: 50.00% -> 27.78%     
client [41] (testset)   loss: 1.0766 -> 0.8705  accuracy: 59.15% -> 59.15%     
client [30] (testset)   loss: 0.8918 -> 0.8886  accuracy: 54.29% -> 54.29%     
client [99] (testset)   loss: 1.1841 -> 1.1777  accuracy: 63.53% -> 63.53%     
---------------------------- TRAINING EPOCH: 320 ----------------------------  
client [70] (testset)   loss: 1.6059 -> 1.5881  accuracy: 27.78% -> 27.78%     
client [52] (testset)   loss: 1.4907 -> 0.8755  accuracy: 8.85% -> 75.22%      
client [68] (testset)   loss: 0.0340 -> 0.0215  accuracy: 100.00% -> 100.00%   
client [1]  (testset)   loss: 1.7825 -> 1.1455  accuracy: 26.47% -> 57.84%     
client [2]  (testset)   loss: 1.6676 -> 1.6533  accuracy: 37.14% -> 37.14%     
client [92] (testset)   loss: 1.2546 -> 1.2718  accuracy: 63.64% -> 63.64%     
client [35] (testset)   loss: 1.1804 -> 1.1758  accuracy: 46.30% -> 46.30%     
client [67] (testset)   loss: 1.2099 -> 1.1328  accuracy: 55.29% -> 55.29%     
client [64] (testset)   loss: 1.5326 -> 1.3216  accuracy: 66.67% -> 66.67%     
client [36] (testset)   loss: 1.5196 -> 1.4123  accuracy: 37.50% -> 37.50%     
---------------------------- TRAINING EPOCH: 330 ----------------------------  
client [44] (testset)   loss: 1.6476 -> 1.5354  accuracy: 61.54% -> 61.54%     
client [6]  (testset)   loss: 1.1173 -> 1.1089  accuracy: 47.09% -> 47.09%     
client [55] (testset)   loss: 1.7144 -> 1.6706  accuracy: 50.00% -> 50.00%     
client [29] (testset)   loss: 0.9249 -> 0.9209  accuracy: 73.87% -> 73.87%     
client [12] (testset)   loss: 0.5480 -> 0.5211  accuracy: 86.14% -> 86.14%     
client [9]  (testset)   loss: 0.9254 -> 0.6672  accuracy: 83.44% -> 83.44%     
client [77] (testset)   loss: 0.9952 -> 1.0029  accuracy: 58.33% -> 58.33%     
client [98] (testset)   loss: 0.9505 -> 0.9459  accuracy: 74.68% -> 74.68%     
client [43] (testset)   loss: 0.3461 -> 0.3238  accuracy: 93.29% -> 93.29%     
client [78] (testset)   loss: 0.6673 -> 0.6366  accuracy: 84.72% -> 84.72%     
---------------------------- TRAINING EPOCH: 340 ----------------------------  
client [92] (testset)   loss: 1.2538 -> 1.0471  accuracy: 63.64% -> 63.64%     
client [80] (testset)   loss: 0.8404 -> 0.8046  accuracy: 82.81% -> 82.81%     
client [63] (testset)   loss: 0.2459 -> 0.2395  accuracy: 96.00% -> 96.00%     
client [76] (testset)   loss: 1.3967 -> 1.2980  accuracy: 52.13% -> 52.13%     
client [25] (testset)   loss: 0.8132 -> 0.8054  accuracy: 73.02% -> 73.02%     
client [58] (testset)   loss: 0.3321 -> 0.2625  accuracy: 94.34% -> 94.34%     
client [78] (testset)   loss: 0.6365 -> 0.6327  accuracy: 84.72% -> 84.72%     
client [13] (testset)   loss: 0.2510 -> 0.1535  accuracy: 97.78% -> 97.78%     
client [38] (testset)   loss: 1.2831 -> 1.2359  accuracy: 66.67% -> 66.67%     
client [17] (testset)   loss: 1.4750 -> 1.4876  accuracy: 38.46% -> 27.69%     
---------------------------- TRAINING EPOCH: 350 ----------------------------  
client [72] (testset)   loss: 1.3461 -> 1.3273  accuracy: 26.47% -> 55.88%     
client [82] (testset)   loss: 1.5738 -> 1.5374  accuracy: 46.51% -> 46.51%     
client [51] (testset)   loss: 0.8471 -> 0.8280  accuracy: 66.67% -> 66.67%     
client [86] (testset)   loss: 0.6059 -> 0.5218  accuracy: 84.66% -> 84.66%     
client [42] (testset)   loss: 1.2235 -> 1.1450  accuracy: 58.33% -> 58.33%     
client [55] (testset)   loss: 1.7765 -> 1.7659  accuracy: 50.00% -> 50.00%     
client [13] (testset)   loss: 0.1424 -> 0.1400  accuracy: 97.78% -> 97.78%     
client [96] (testset)   loss: 1.2807 -> 1.2166  accuracy: 55.39% -> 55.39%     
client [1]  (testset)   loss: 1.4972 -> 1.1372  accuracy: 57.84% -> 57.84%     
client [12] (testset)   loss: 0.5337 -> 0.5254  accuracy: 86.14% -> 86.14%     
---------------------------- TRAINING EPOCH: 360 ----------------------------  
client [23] (testset)   loss: 0.9532 -> 0.9435  accuracy: 56.67% -> 56.67%     
client [68] (testset)   loss: 0.0263 -> 0.0218  accuracy: 100.00% -> 100.00%   
client [41] (testset)   loss: 1.0326 -> 0.8823  accuracy: 59.15% -> 59.15%     
client [25] (testset)   loss: 1.0983 -> 0.8270  accuracy: 73.02% -> 73.02%     
client [46] (testset)   loss: 1.1073 -> 0.8565  accuracy: 36.63% -> 59.30%     
client [58] (testset)   loss: 0.3118 -> 0.2612  accuracy: 94.34% -> 94.34%     
client [33] (testset)   loss: 0.7367 -> 0.7316  accuracy: 75.00% -> 75.00%     
client [85] (testset)   loss: 1.5306 -> 1.3323  accuracy: 66.67% -> 66.67%     
client [14] (testset)   loss: 0.1835 -> 0.1737  accuracy: 97.22% -> 97.22%     
client [62] (testset)   loss: 1.8230 -> 1.2742  accuracy: 65.00% -> 65.00%     
---------------------------- TRAINING EPOCH: 370 ----------------------------  
client [63] (testset)   loss: 0.2324 -> 0.2272  accuracy: 96.00% -> 96.00%     
client [70] (testset)   loss: 1.4376 -> 1.4765  accuracy: 50.00% -> 27.78%     
client [98] (testset)   loss: 0.9516 -> 0.9427  accuracy: 74.68% -> 74.68%     
client [65] (testset)   loss: 0.6922 -> 0.6321  accuracy: 83.56% -> 83.56%     
client [73] (testset)   loss: 0.8232 -> 0.7710  accuracy: 58.95% -> 58.95%     
client [14] (testset)   loss: 0.2205 -> 0.1764  accuracy: 97.22% -> 97.22%     
client [34] (testset)   loss: 1.4799 -> 1.3893  accuracy: 37.04% -> 37.04%     
client [69] (testset)   loss: 1.2857 -> 1.1034  accuracy: 63.83% -> 63.83%     
client [99] (testset)   loss: 1.2618 -> 1.1878  accuracy: 63.53% -> 63.53%     
client [46] (testset)   loss: 1.0768 -> 0.8567  accuracy: 36.63% -> 59.30%     
---------------------------- TRAINING EPOCH: 380 ----------------------------  
client [93] (testset)   loss: 1.0170 -> 0.6824  accuracy: 88.89% -> 88.89%     
client [99] (testset)   loss: 1.2356 -> 1.1960  accuracy: 63.53% -> 63.53%     
client [58] (testset)   loss: 0.2757 -> 0.2506  accuracy: 94.34% -> 94.34%     
client [11] (testset)   loss: 1.2175 -> 1.1690  accuracy: 50.88% -> 50.88%     
client [85] (testset)   loss: 1.8231 -> 1.5792  accuracy: 66.67% -> 66.67%     
client [89] (testset)   loss: 2.0909 -> 1.9193  accuracy: 18.75% -> 18.75%     
client [45] (testset)   loss: 1.7173 -> 1.6114  accuracy: 44.00% -> 44.00%     
client [8]  (testset)   loss: 1.8436 -> 1.7208  accuracy: 40.91% -> 40.91%     
client [81] (testset)   loss: 0.8808 -> 0.7891  accuracy: 54.74% -> 54.74%     
client [68] (testset)   loss: 0.0205 -> 0.0181  accuracy: 100.00% -> 100.00%   
---------------------------- TRAINING EPOCH: 390 ----------------------------  
client [72] (testset)   loss: 1.6217 -> 1.3471  accuracy: 26.47% -> 26.47%     
client [1]  (testset)   loss: 1.5969 -> 1.1503  accuracy: 26.47% -> 57.84%     
client [67] (testset)   loss: 1.1422 -> 1.1321  accuracy: 55.29% -> 55.29%     
client [83] (testset)   loss: 0.7386 -> 0.7275  accuracy: 85.00% -> 85.00%     
client [78] (testset)   loss: 0.6707 -> 0.6277  accuracy: 84.72% -> 84.72%     
client [56] (testset)   loss: 1.9335 -> 1.6828  accuracy: 16.39% -> 16.39%     
client [44] (testset)   loss: 1.9363 -> 1.8733  accuracy: 61.54% -> 61.54%     
client [92] (testset)   loss: 1.2307 -> 1.2190  accuracy: 63.64% -> 63.64%     
client [21] (testset)   loss: 0.9852 -> 0.9020  accuracy: 53.44% -> 53.44%     
client [27] (testset)   loss: 0.6994 -> 0.6679  accuracy: 82.43% -> 82.43%     
---------------------------- TRAINING EPOCH: 400 ----------------------------  
client [39] (testset)   loss: 1.6113 -> 1.5830  accuracy: 43.40% -> 43.40%     
client [65] (testset)   loss: 1.0324 -> 0.6458  accuracy: 83.56% -> 83.56%     
client [10] (testset)   loss: 0.9490 -> 0.9461  accuracy: 53.62% -> 53.62%     
client [26] (testset)   loss: 1.3395 -> 1.2955  accuracy: 50.53% -> 50.53%     
client [19] (testset)   loss: 1.7009 -> 1.5410  accuracy: 20.24% -> 37.50%     
client [41] (testset)   loss: 1.1414 -> 0.8701  accuracy: 36.62% -> 59.15%     
client [68] (testset)   loss: 0.0392 -> 0.0221  accuracy: 100.00% -> 100.00%   
client [50] (testset)   loss: 0.8382 -> 0.7302  accuracy: 79.27% -> 79.27%     
client [75] (testset)   loss: 1.6089 -> 1.4447  accuracy: 22.51% -> 29.15%     
client [81] (testset)   loss: 0.8225 -> 0.7890  accuracy: 43.60% -> 54.74%     
FLUTE's average time taken by each global epoch: 0 min 2.03 sec.               
FLUTE's total running time: 0 h 14 m 21 s.                                     
==================== FLUTE Experiment Results: ====================            
Display format: (before local fine-tuning) -> (after local fine-tuning)        
 So if finetune_epoch = 0, x.xx% -> 0.00% is normal.                           
 Centralized testing ONLY happens after model aggregation, so the stats between
'->' are the same.                                                             
{                                                                              
    "100": {                                                                   
        "all_clients": {                                                       
            "test": {                                                          
                "loss": "1.5987 -> 0.8693",                                    
                "accuracy": "42.86% -> 66.38%"                                 
            }                                                                  
        }                                                                      
    },                                                                         
    "200": {                                                                   
        "all_clients": {                                                       
            "test": {                                                          
                "loss": "1.1140 -> 0.8603",                                    
                "accuracy": "59.12% -> 66.82%"                                 
            }                                                                  
        }                                                                      
    },                                                                         
    "300": {                                                                   
        "all_clients": {                                                       
            "test": {                                                          
                "loss": "1.0091 -> 0.8571",                                    
                "accuracy": "65.03% -> 66.76%"                                 
            }                                                                  
        }                                                                      
    },                                                                         
    "400": {                                                                   
        "all_clients": {                                                       
            "test": {                                                          
                "loss": "0.9200 -> 0.8550",                                    
                "accuracy": "65.31% -> 67.22%"                                 
            }                                                                  
        }                                                                      
    }                                                                          
}                                                                              
==================== FLUTE Max Accuracy ====================                   
all_clients:                                                                   
(test) before fine-tuning: 65.31% at epoch 400                                 
(test) after fine-tuning: 67.22% at epoch 400                                  
