==================== FedAvg ====================                               
Experiment Arguments:                                                          
{
    'method': 'fedavg',
    'dataset': {
        'name': 'medmnistC',
        'client_num': 100,
        'test_ratio': 0.25,
        'val_ratio': 0.0,
        'seed': 42,
        'split': 'sample',
        'IID_ratio': 0.0,
        'monitor_window_name_suffix': 'medmnistC-100clients-0%IID-Dir(0.1)-seed42',
        'alpha': 0.1,
        'min_samples_per_client': 10
    },
    'model': {
        'name': 'avgcnn',
        'use_torchvision_pretrained_weights': True,
        'external_model_weights_path': None
    },
    'optimizer': {
        'lr': 0.01,
        'dampening': 0,
        'weight_decay': 0,
        'momentum': 0.7,
        'nesterov': False,
        'name': 'sgd'
    },
    'mode': 'serial',
    'parallel': {
        'ray_cluster_addr': None,
        'num_cpus': None,
        'num_gpus': None,
        'num_workers': 2
    },
    'common': {
        'seed': 42,
        'join_ratio': 0.1,
        'global_epoch': 400,
        'local_epoch': 5,
        'batch_size': 32,
        'reset_optimizer_on_global_epoch': True,
        'straggler_ratio': 0,
        'straggler_min_local_epoch': 0,
        'buffers': 'global',
        'client_side_evaluation': True,
        'test': {
            'client': {
                'interval': 100,
                'finetune_epoch': 5,
                'train': False,
                'val': False,
                'test': True
            },
            'server': {
                'interval': -1,
                'train': False,
                'val': False,
                'test': True,
                'model_in_train_mode': False
            }
        },
        'verbose_gap': 10,
        'monitor': None,
        'use_cuda': True,
        'save_log': True,
        'save_model': False,
        'save_learning_curve_plot': True,
        'save_metrics': True,
        'delete_useless_run': True
    },
    'fedprox': {
        'mu': 0.01
    },
    'pfedsim': {
        'warmup_round': 0.5
    }
}
---------------------------- TRAINING EPOCH: 10 ----------------------------   
client [77] (testset)   loss: 2.4674 -> 1.5194  accuracy: 0.00% -> 36.36%      
client [81] (testset)   loss: 3.4571 -> 0.5804  accuracy: 0.00% -> 80.58%      
client [21] (testset)   loss: 2.8538 -> 0.7770  accuracy: 0.00% -> 74.07%      
client [68] (testset)   loss: 2.7248 -> 1.1037  accuracy: 0.00% -> 59.72%      
client [93] (testset)   loss: 3.3576 -> 0.2545  accuracy: 0.00% -> 93.33%      
client [31] (testset)   loss: 2.5162 -> 0.6492  accuracy: 0.00% -> 85.14%      
client [20] (testset)   loss: 2.4587 -> 1.2510  accuracy: 0.00% -> 37.50%      
client [59] (testset)   loss: 2.2690 -> 1.1882  accuracy: 11.67% -> 33.33%     
client [48] (testset)   loss: 2.5099 -> 0.6359  accuracy: 0.00% -> 83.15%      
client [34] (testset)   loss: 2.8928 -> 0.5965  accuracy: 0.00% -> 82.14%      
---------------------------- TRAINING EPOCH: 20 ----------------------------   
client [69] (testset)   loss: 2.1176 -> 0.8525  accuracy: 15.38% -> 71.15%     
client [99] (testset)   loss: 2.0387 -> 1.7928  accuracy: 0.00% -> 71.43%      
client [67] (testset)   loss: 2.1528 -> 0.5939  accuracy: 0.00% -> 85.71%      
client [0]  (testset)   loss: 2.3757 -> 1.2280  accuracy: 9.76% -> 45.12%      
client [76] (testset)   loss: 2.2703 -> 2.4279  accuracy: 0.00% -> 25.00%      
client [41] (testset)   loss: 2.4781 -> 1.1623  accuracy: 7.41% -> 65.43%      
client [62] (testset)   loss: 3.5774 -> 0.4410  accuracy: 4.55% -> 95.45%      
client [2]  (testset)   loss: 2.4363 -> 1.0659  accuracy: 0.00% -> 47.27%      
client [14] (testset)   loss: 2.3542 -> 0.7229  accuracy: 0.00% -> 85.00%      
client [46] (testset)   loss: 2.5314 -> 1.0503  accuracy: 0.00% -> 64.47%      
---------------------------- TRAINING EPOCH: 30 ----------------------------   
client [24] (testset)   loss: 2.6514 -> 0.3698  accuracy: 0.00% -> 93.75%      
client [68] (testset)   loss: 2.7752 -> 1.3066  accuracy: 0.00% -> 59.72%      
client [57] (testset)   loss: 2.8040 -> 1.3766  accuracy: 0.00% -> 27.27%      
client [17] (testset)   loss: 2.0238 -> 0.9037  accuracy: 17.07% -> 69.92%     
client [54] (testset)   loss: 2.4200 -> 2.3186  accuracy: 0.00% -> 25.00%      
client [23] (testset)   loss: 2.4979 -> 1.8670  accuracy: 0.00% -> 39.13%      
client [35] (testset)   loss: 2.0714 -> 0.5145  accuracy: 2.50% -> 85.00%      
client [59] (testset)   loss: 2.5854 -> 1.1256  accuracy: 0.00% -> 50.83%      
client [31] (testset)   loss: 2.5115 -> 0.6069  accuracy: 1.35% -> 85.14%      
client [9]  (testset)   loss: 2.7231 -> 1.4108  accuracy: 0.00% -> 23.40%      
---------------------------- TRAINING EPOCH: 40 ----------------------------   
client [64] (testset)   loss: 2.3266 -> 1.5237  accuracy: 0.00% -> 0.00%       
client [33] (testset)   loss: 2.3940 -> 0.8208  accuracy: 0.00% -> 75.32%      
client [16] (testset)   loss: 1.7801 -> 0.7468  accuracy: 78.95% -> 78.95%     
client [44] (testset)   loss: 2.9326 -> 0.9299  accuracy: 1.19% -> 63.10%      
client [8]  (testset)   loss: 2.6109 -> 1.0224  accuracy: 0.00% -> 54.17%      
client [31] (testset)   loss: 3.3234 -> 0.6241  accuracy: 0.00% -> 85.14%      
client [47] (testset)   loss: 3.3239 -> 0.6096  accuracy: 3.33% -> 87.78%      
client [36] (testset)   loss: 2.4921 -> 1.7510  accuracy: 28.89% -> 28.89%     
client [20] (testset)   loss: 2.5075 -> 1.3160  accuracy: 0.00% -> 37.50%      
client [56] (testset)   loss: 3.3336 -> 0.8197  accuracy: 0.00% -> 79.34%      
---------------------------- TRAINING EPOCH: 50 ----------------------------   
client [4]  (testset)   loss: 2.3553 -> 2.2252  accuracy: 25.00% -> 16.67%     
client [60] (testset)   loss: 1.5514 -> 0.4537  accuracy: 91.82% -> 91.82%     
client [28] (testset)   loss: 2.0573 -> 1.1786  accuracy: 61.54% -> 61.54%     
client [25] (testset)   loss: 2.9449 -> 0.3232  accuracy: 0.00% -> 90.48%      
client [58] (testset)   loss: 2.8331 -> 0.4888  accuracy: 0.00% -> 86.70%      
client [44] (testset)   loss: 2.3407 -> 0.8851  accuracy: 0.00% -> 63.10%      
client [39] (testset)   loss: 1.7773 -> 0.9893  accuracy: 78.57% -> 78.57%     
client [29] (testset)   loss: 1.9408 -> 0.7501  accuracy: 3.70% -> 81.48%      
client [3]  (testset)   loss: 2.4771 -> 1.6373  accuracy: 23.53% -> 17.65%     
client [84] (testset)   loss: 2.6121 -> 1.6351  accuracy: 0.00% -> 40.23%      
---------------------------- TRAINING EPOCH: 60 ----------------------------   
client [21] (testset)   loss: 2.9058 -> 0.7744  accuracy: 0.00% -> 74.07%      
client [84] (testset)   loss: 2.8144 -> 1.6152  accuracy: 0.00% -> 40.23%      
client [10] (testset)   loss: 2.1373 -> 1.4925  accuracy: 0.00% -> 18.75%      
client [36] (testset)   loss: 2.8894 -> 1.7883  accuracy: 0.00% -> 28.89%      
client [65] (testset)   loss: 2.5375 -> 1.2234  accuracy: 11.11% -> 62.22%     
client [81] (testset)   loss: 3.0127 -> 0.5333  accuracy: 0.00% -> 80.58%      
client [79] (testset)   loss: 2.5833 -> 0.7460  accuracy: 0.00% -> 64.00%      
client [42] (testset)   loss: 1.8646 -> 0.0123  accuracy: 0.00% -> 100.00%     
client [11] (testset)   loss: 2.8656 -> 0.5412  accuracy: 0.00% -> 85.71%      
client [96] (testset)   loss: 2.0128 -> 1.4618  accuracy: 0.00% -> 66.67%      
---------------------------- TRAINING EPOCH: 70 ----------------------------   
client [8]  (testset)   loss: 2.1537 -> 1.1780  accuracy: 0.00% -> 41.67%      
client [53] (testset)   loss: 1.6395 -> 0.7587  accuracy: 78.85% -> 78.85%     
client [52] (testset)   loss: 2.7356 -> 1.0014  accuracy: 0.00% -> 28.12%      
client [42] (testset)   loss: 1.3756 -> 0.0192  accuracy: 100.00% -> 100.00%   
client [69] (testset)   loss: 2.2706 -> 0.8581  accuracy: 0.00% -> 71.15%      
client [59] (testset)   loss: 2.5330 -> 1.1179  accuracy: 11.67% -> 50.83%     
client [7]  (testset)   loss: 1.9893 -> 0.1562  accuracy: 0.00% -> 97.73%      
client [26] (testset)   loss: 2.3131 -> 1.0802  accuracy: 30.77% -> 57.69%     
client [49] (testset)   loss: 1.7935 -> 0.9009  accuracy: 75.00% -> 75.00%     
client [98] (testset)   loss: 2.8830 -> 0.0866  accuracy: 0.00% -> 100.00%     
---------------------------- TRAINING EPOCH: 80 ----------------------------   
client [98] (testset)   loss: 2.2641 -> 0.0934  accuracy: 0.00% -> 100.00%     
client [47] (testset)   loss: 2.9182 -> 0.6287  accuracy: 0.00% -> 87.78%      
client [21] (testset)   loss: 3.9199 -> 0.7825  accuracy: 0.00% -> 74.07%      
client [77] (testset)   loss: 2.8643 -> 1.8725  accuracy: 0.00% -> 36.36%      
client [95] (testset)   loss: 3.2566 -> 1.3545  accuracy: 0.00% -> 46.43%      
client [91] (testset)   loss: 2.9091 -> 2.3027  accuracy: 8.33% -> 16.67%      
client [14] (testset)   loss: 3.6501 -> 1.2349  accuracy: 0.00% -> 85.00%      
client [99] (testset)   loss: 3.1814 -> 1.4344  accuracy: 0.00% -> 71.43%      
client [20] (testset)   loss: 3.5647 -> 1.1882  accuracy: 0.00% -> 37.50%      
client [39] (testset)   loss: 1.0245 -> 0.9293  accuracy: 78.57% -> 78.57%     
---------------------------- TRAINING EPOCH: 90 ----------------------------   
client [52] (testset)   loss: 2.7180 -> 0.9333  accuracy: 0.00% -> 65.62%      
client [62] (testset)   loss: 3.6756 -> 0.4425  accuracy: 0.00% -> 95.45%      
client [71] (testset)   loss: 2.3557 -> 0.8551  accuracy: 0.00% -> 71.97%      
client [97] (testset)   loss: 2.8130 -> 1.3273  accuracy: 0.00% -> 40.34%      
client [30] (testset)   loss: 2.7329 -> 1.4133  accuracy: 13.33% -> 38.89%     
client [88] (testset)   loss: 2.6590 -> 0.4894  accuracy: 0.00% -> 87.41%      
client [60] (testset)   loss: 1.1197 -> 0.4521  accuracy: 91.82% -> 91.82%     
client [82] (testset)   loss: 1.5319 -> 0.8492  accuracy: 69.05% -> 69.05%     
client [91] (testset)   loss: 2.3400 -> 3.5335  accuracy: 8.33% -> 16.67%      
client [57] (testset)   loss: 2.9046 -> 1.3457  accuracy: 0.00% -> 40.91%      
---------------------------- TRAINING EPOCH: 100 ----------------------------  
client [31] (testset)   loss: 1.7226 -> 0.6206  accuracy: 85.14% -> 85.14%     
client [15] (testset)   loss: 3.0356 -> 0.9712  accuracy: 0.00% -> 49.32%      
client [71] (testset)   loss: 2.7162 -> 0.8397  accuracy: 0.64% -> 71.97%      
client [97] (testset)   loss: 3.7384 -> 1.3085  accuracy: 0.00% -> 42.02%      
client [53] (testset)   loss: 1.9460 -> 0.7626  accuracy: 0.00% -> 78.85%      
client [77] (testset)   loss: 2.7288 -> 1.7591  accuracy: 36.36% -> 36.36%     
client [76] (testset)   loss: 3.6865 -> 2.1184  accuracy: 0.00% -> 50.00%      
client [79] (testset)   loss: 3.3054 -> 0.7215  accuracy: 0.00% -> 64.00%      
client [28] (testset)   loss: 2.4311 -> 1.1772  accuracy: 0.00% -> 61.54%      
client [99] (testset)   loss: 2.3659 -> 1.2351  accuracy: 0.00% -> 71.43%      
---------------------------- TRAINING EPOCH: 110 ----------------------------  
client [97] (testset)   loss: 2.6799 -> 1.3188  accuracy: 5.04% -> 40.34%      
client [86] (testset)   loss: 2.9329 -> 1.2848  accuracy: 3.70% -> 33.33%      
client [34] (testset)   loss: 4.1798 -> 0.6637  accuracy: 0.00% -> 82.14%      
client [73] (testset)   loss: 2.0127 -> 0.7177  accuracy: 0.00% -> 76.92%      
client [5]  (testset)   loss: 1.5123 -> 0.5105  accuracy: 0.00% -> 90.00%      
client [96] (testset)   loss: 3.1706 -> 2.0633  accuracy: 0.00% -> 66.67%      
client [22] (testset)   loss: 3.2416 -> 0.9911  accuracy: 1.69% -> 42.37%      
client [60] (testset)   loss: 3.0591 -> 0.4089  accuracy: 0.00% -> 91.82%      
client [66] (testset)   loss: 2.9949 -> 0.1689  accuracy: 1.12% -> 97.75%      
client [83] (testset)   loss: 1.9268 -> 0.4307  accuracy: 0.00% -> 87.91%      
---------------------------- TRAINING EPOCH: 120 ----------------------------  
client [76] (testset)   loss: 3.2476 -> 1.9138  accuracy: 0.00% -> 50.00%      
client [65] (testset)   loss: 2.4171 -> 1.2132  accuracy: 2.22% -> 62.22%      
client [95] (testset)   loss: 3.0794 -> 1.4209  accuracy: 0.00% -> 46.43%      
client [17] (testset)   loss: 1.6026 -> 0.9400  accuracy: 69.92% -> 69.92%     
client [8]  (testset)   loss: 3.1073 -> 1.0361  accuracy: 0.00% -> 41.67%      
client [35] (testset)   loss: 1.0573 -> 0.5297  accuracy: 85.00% -> 85.00%     
client [98] (testset)   loss: 3.4129 -> 0.0783  accuracy: 0.00% -> 100.00%     
client [53] (testset)   loss: 1.2793 -> 0.7992  accuracy: 78.85% -> 78.85%     
client [43] (testset)   loss: 2.6597 -> 0.7485  accuracy: 0.00% -> 83.33%      
client [64] (testset)   loss: 1.9845 -> 1.7349  accuracy: 50.00% -> 0.00%      
---------------------------- TRAINING EPOCH: 130 ----------------------------  
client [21] (testset)   loss: 2.7908 -> 0.7950  accuracy: 0.00% -> 74.07%      
client [88] (testset)   loss: 1.7823 -> 0.4801  accuracy: 0.00% -> 87.41%      
client [38] (testset)   loss: 3.5994 -> 0.8388  accuracy: 0.00% -> 76.00%      
client [3]  (testset)   loss: 2.7134 -> 1.6504  accuracy: 0.00% -> 17.65%      
client [5]  (testset)   loss: 2.2463 -> 0.5691  accuracy: 0.00% -> 90.00%      
client [41] (testset)   loss: 2.4042 -> 1.1613  accuracy: 0.00% -> 65.43%      
client [7]  (testset)   loss: 2.0865 -> 0.1717  accuracy: 0.00% -> 97.73%      
client [37] (testset)   loss: 3.3685 -> 1.0892  accuracy: 0.00% -> 55.00%      
client [45] (testset)   loss: 2.7588 -> 1.5341  accuracy: 0.00% -> 27.27%      
client [47] (testset)   loss: 1.7616 -> 0.6950  accuracy: 87.78% -> 87.78%     
---------------------------- TRAINING EPOCH: 140 ----------------------------  
client [16] (testset)   loss: 3.2556 -> 0.6709  accuracy: 0.00% -> 78.95%      
client [11] (testset)   loss: 3.5479 -> 0.6373  accuracy: 0.00% -> 85.71%      
client [37] (testset)   loss: 3.3938 -> 1.4754  accuracy: 0.00% -> 55.00%      
client [41] (testset)   loss: 3.3310 -> 1.1673  accuracy: 0.00% -> 65.43%      
client [95] (testset)   loss: 3.0070 -> 1.3994  accuracy: 0.00% -> 46.43%      
client [53] (testset)   loss: 1.5041 -> 0.7893  accuracy: 78.85% -> 78.85%     
client [22] (testset)   loss: 3.6230 -> 0.9878  accuracy: 0.00% -> 52.54%      
client [25] (testset)   loss: 3.2358 -> 0.3319  accuracy: 0.00% -> 90.48%      
client [69] (testset)   loss: 3.3485 -> 0.8346  accuracy: 0.00% -> 71.15%      
client [46] (testset)   loss: 1.3277 -> 0.9599  accuracy: 64.47% -> 64.47%     
---------------------------- TRAINING EPOCH: 150 ----------------------------  
client [47] (testset)   loss: 2.6542 -> 0.6064  accuracy: 0.00% -> 87.78%      
client [69] (testset)   loss: 2.8678 -> 0.9434  accuracy: 0.00% -> 71.15%      
client [82] (testset)   loss: 1.2797 -> 0.8444  accuracy: 69.05% -> 69.05%     
client [45] (testset)   loss: 2.6995 -> 1.3656  accuracy: 0.00% -> 36.36%      
client [7]  (testset)   loss: 3.0399 -> 0.1648  accuracy: 0.00% -> 97.73%      
client [50] (testset)   loss: 2.9113 -> 1.3509  accuracy: 0.00% -> 55.56%      
client [35] (testset)   loss: 1.1700 -> 0.5170  accuracy: 85.00% -> 85.00%     
client [24] (testset)   loss: 2.9914 -> 0.3890  accuracy: 0.00% -> 93.75%      
client [15] (testset)   loss: 3.1122 -> 0.9687  accuracy: 0.00% -> 49.32%      
client [58] (testset)   loss: 3.6630 -> 0.8908  accuracy: 0.00% -> 86.70%      
---------------------------- TRAINING EPOCH: 160 ----------------------------  
client [48] (testset)   loss: 2.2736 -> 0.6455  accuracy: 0.00% -> 83.15%      
client [76] (testset)   loss: 3.1903 -> 1.7402  accuracy: 0.00% -> 50.00%      
client [67] (testset)   loss: 3.1606 -> 0.6401  accuracy: 7.14% -> 85.71%      
client [37] (testset)   loss: 2.8651 -> 1.0297  accuracy: 0.00% -> 55.00%      
client [58] (testset)   loss: 1.7555 -> 0.4912  accuracy: 86.70% -> 86.70%     
client [64] (testset)   loss: 2.1153 -> 1.5959  accuracy: 0.00% -> 50.00%      
client [77] (testset)   loss: 2.7939 -> 1.7338  accuracy: 0.00% -> 36.36%      
client [55] (testset)   loss: 2.1156 -> 0.8398  accuracy: 8.11% -> 83.78%      
client [12] (testset)   loss: 3.4575 -> 1.3283  accuracy: 0.00% -> 61.11%      
client [89] (testset)   loss: 2.5478 -> 1.1937  accuracy: 0.00% -> 40.00%      
---------------------------- TRAINING EPOCH: 170 ----------------------------  
client [84] (testset)   loss: 2.3475 -> 1.6455  accuracy: 21.84% -> 21.84%     
client [51] (testset)   loss: 2.0494 -> 1.3764  accuracy: 0.00% -> 80.00%      
client [8]  (testset)   loss: 3.0395 -> 1.2894  accuracy: 0.00% -> 41.67%      
client [18] (testset)   loss: 2.7527 -> 0.1980  accuracy: 0.00% -> 97.37%      
client [94] (testset)   loss: 1.9915 -> 2.6953  accuracy: 0.00% -> 83.33%      
client [81] (testset)   loss: 1.9664 -> 0.4973  accuracy: 0.00% -> 80.58%      
client [3]  (testset)   loss: 2.8875 -> 1.5731  accuracy: 0.00% -> 47.06%      
client [11] (testset)   loss: 1.7866 -> 0.5186  accuracy: 0.00% -> 85.71%      
client [95] (testset)   loss: 3.3111 -> 1.4569  accuracy: 0.00% -> 46.43%      
client [67] (testset)   loss: 2.0202 -> 0.5897  accuracy: 5.71% -> 85.71%      
---------------------------- TRAINING EPOCH: 180 ----------------------------  
client [21] (testset)   loss: 4.4000 -> 0.9478  accuracy: 0.00% -> 74.07%      
client [79] (testset)   loss: 1.6365 -> 0.8054  accuracy: 36.00% -> 36.00%     
client [58] (testset)   loss: 1.9166 -> 0.5272  accuracy: 0.00% -> 86.70%      
client [88] (testset)   loss: 2.1787 -> 0.4795  accuracy: 0.00% -> 87.41%      
client [46] (testset)   loss: 2.8612 -> 0.9618  accuracy: 0.00% -> 64.47%      
client [11] (testset)   loss: 2.2674 -> 0.5995  accuracy: 0.00% -> 85.71%      
client [55] (testset)   loss: 2.7714 -> 0.8417  accuracy: 0.00% -> 83.78%      
client [13] (testset)   loss: 3.0794 -> 1.5728  accuracy: 1.59% -> 46.03%      
client [31] (testset)   loss: 2.8804 -> 0.6137  accuracy: 1.35% -> 85.14%      
client [75] (testset)   loss: 4.9096 -> 2.0455  accuracy: 0.00% -> 100.00%     
---------------------------- TRAINING EPOCH: 190 ----------------------------  
client [19] (testset)   loss: 1.9058 -> 0.5166  accuracy: 0.00% -> 80.00%      
client [7]  (testset)   loss: 2.5623 -> 0.1498  accuracy: 0.00% -> 97.73%      
client [57] (testset)   loss: 2.5832 -> 1.2650  accuracy: 0.00% -> 40.91%      
client [13] (testset)   loss: 2.7830 -> 1.5830  accuracy: 1.59% -> 46.03%      
client [43] (testset)   loss: 2.6680 -> 0.7699  accuracy: 0.00% -> 83.33%      
client [91] (testset)   loss: 2.3300 -> 2.9409  accuracy: 16.67% -> 16.67%     
client [10] (testset)   loss: 2.0781 -> 1.5686  accuracy: 0.00% -> 18.75%      
client [64] (testset)   loss: 2.6016 -> 1.7921  accuracy: 0.00% -> 50.00%      
client [82] (testset)   loss: 1.8606 -> 0.8761  accuracy: 14.29% -> 69.05%     
client [22] (testset)   loss: 3.1276 -> 0.9922  accuracy: 0.00% -> 52.54%      
---------------------------- TRAINING EPOCH: 200 ----------------------------  
client [20] (testset)   loss: 2.9754 -> 1.2829  accuracy: 37.50% -> 37.50%     
client [23] (testset)   loss: 3.4195 -> 1.7589  accuracy: 0.00% -> 39.13%      
client [88] (testset)   loss: 3.3619 -> 0.4801  accuracy: 0.00% -> 87.41%      
client [98] (testset)   loss: 2.2531 -> 0.0993  accuracy: 0.00% -> 100.00%     
client [79] (testset)   loss: 1.9053 -> 0.8862  accuracy: 0.00% -> 36.00%      
client [21] (testset)   loss: 2.5748 -> 0.7911  accuracy: 0.00% -> 74.07%      
client [92] (testset)   loss: 3.3084 -> 1.3293  accuracy: 12.24% -> 55.10%     
client [56] (testset)   loss: 2.1492 -> 0.7271  accuracy: 2.48% -> 79.34%      
client [5]  (testset)   loss: 1.7111 -> 0.5796  accuracy: 90.00% -> 90.00%     
client [52] (testset)   loss: 2.4815 -> 1.1610  accuracy: 1.04% -> 28.12%      
---------------------------- TRAINING EPOCH: 210 ----------------------------  
client [67] (testset)   loss: 1.6501 -> 0.6415  accuracy: 85.71% -> 85.71%     
client [54] (testset)   loss: 3.0784 -> 2.1162  accuracy: 0.00% -> 25.00%      
client [14] (testset)   loss: 1.7474 -> 0.7866  accuracy: 0.00% -> 85.00%      
client [99] (testset)   loss: 3.1068 -> 1.6556  accuracy: 0.00% -> 71.43%      
client [36] (testset)   loss: 2.4214 -> 1.9593  accuracy: 24.44% -> 28.89%     
client [30] (testset)   loss: 3.0033 -> 1.3574  accuracy: 0.00% -> 38.89%      
client [38] (testset)   loss: 2.2455 -> 0.8678  accuracy: 0.00% -> 76.00%      
client [15] (testset)   loss: 2.6633 -> 0.9778  accuracy: 39.73% -> 39.73%     
client [6]  (testset)   loss: 3.5934 -> 0.6909  accuracy: 0.00% -> 85.71%      
client [53] (testset)   loss: 2.2624 -> 0.7559  accuracy: 0.00% -> 78.85%      
---------------------------- TRAINING EPOCH: 220 ----------------------------  
client [99] (testset)   loss: 3.0338 -> 1.2994  accuracy: 0.00% -> 71.43%      
client [6]  (testset)   loss: 3.2514 -> 0.8049  accuracy: 9.52% -> 85.71%      
client [83] (testset)   loss: 2.7679 -> 0.4335  accuracy: 0.00% -> 87.91%      
client [42] (testset)   loss: 0.7552 -> 0.0256  accuracy: 100.00% -> 100.00%   
client [34] (testset)   loss: 2.7060 -> 0.5866  accuracy: 0.00% -> 82.14%      
client [15] (testset)   loss: 2.9776 -> 1.0432  accuracy: 0.00% -> 39.73%      
client [47] (testset)   loss: 3.0279 -> 0.6068  accuracy: 0.00% -> 87.78%      
client [55] (testset)   loss: 3.3646 -> 0.8286  accuracy: 0.00% -> 83.78%      
client [51] (testset)   loss: 3.0678 -> 0.9866  accuracy: 0.00% -> 80.00%      
client [95] (testset)   loss: 2.6783 -> 1.4297  accuracy: 0.00% -> 46.43%      
---------------------------- TRAINING EPOCH: 230 ----------------------------  
client [71] (testset)   loss: 3.4160 -> 0.8432  accuracy: 0.00% -> 71.97%      
client [15] (testset)   loss: 2.7396 -> 0.9884  accuracy: 0.00% -> 39.73%      
client [33] (testset)   loss: 2.2476 -> 0.8439  accuracy: 12.99% -> 75.32%     
client [99] (testset)   loss: 3.0463 -> 1.4832  accuracy: 0.00% -> 71.43%      
client [90] (testset)   loss: 3.3697 -> 0.9497  accuracy: 0.00% -> 58.33%      
client [57] (testset)   loss: 2.7969 -> 1.3000  accuracy: 0.00% -> 40.91%      
client [27] (testset)   loss: 1.2078 -> 0.6993  accuracy: 85.26% -> 85.26%     
client [78] (testset)   loss: 3.0836 -> 0.6502  accuracy: 0.00% -> 76.92%      
client [36] (testset)   loss: 3.0210 -> 1.7677  accuracy: 0.00% -> 28.89%      
client [88] (testset)   loss: 3.6621 -> 0.4814  accuracy: 0.00% -> 87.41%      
---------------------------- TRAINING EPOCH: 240 ----------------------------  
client [70] (testset)   loss: 1.8129 -> 0.6122  accuracy: 0.00% -> 90.00%      
client [35] (testset)   loss: 2.8429 -> 0.5100  accuracy: 0.00% -> 85.00%      
client [16] (testset)   loss: 1.6965 -> 0.8098  accuracy: 0.00% -> 78.95%      
client [80] (testset)   loss: 4.8001 -> 0.0001  accuracy: 0.00% -> 100.00%     
client [38] (testset)   loss: 2.6787 -> 0.8535  accuracy: 16.00% -> 76.00%     
client [78] (testset)   loss: 2.5761 -> 0.6421  accuracy: 0.00% -> 76.92%      
client [68] (testset)   loss: 4.0518 -> 1.0825  accuracy: 0.00% -> 59.72%      
client [11] (testset)   loss: 1.4334 -> 0.5149  accuracy: 85.71% -> 85.71%     
client [64] (testset)   loss: 1.9886 -> 1.7194  accuracy: 50.00% -> 50.00%     
client [82] (testset)   loss: 3.3515 -> 0.8481  accuracy: 0.00% -> 69.05%      
---------------------------- TRAINING EPOCH: 250 ----------------------------  
client [30] (testset)   loss: 3.9075 -> 1.4162  accuracy: 0.00% -> 38.89%      
client [27] (testset)   loss: 2.5854 -> 0.6370  accuracy: 0.00% -> 85.26%      
client [74] (testset)   loss: 2.6362 -> 1.6853  accuracy: 22.11% -> 21.05%     
client [45] (testset)   loss: 3.4210 -> 1.4045  accuracy: 0.00% -> 27.27%      
client [6]  (testset)   loss: 3.1607 -> 0.7399  accuracy: 0.00% -> 85.71%      
client [36] (testset)   loss: 2.5260 -> 1.7080  accuracy: 28.89% -> 28.89%     
client [63] (testset)   loss: 2.7170 -> 0.9364  accuracy: 0.00% -> 78.50%      
client [76] (testset)   loss: 2.5532 -> 1.6426  accuracy: 0.00% -> 50.00%      
client [83] (testset)   loss: 3.0374 -> 0.4704  accuracy: 0.00% -> 87.91%      
client [86] (testset)   loss: 3.0086 -> 1.3133  accuracy: 3.70% -> 31.48%      
---------------------------- TRAINING EPOCH: 260 ----------------------------  
client [83] (testset)   loss: 2.5681 -> 0.4207  accuracy: 0.00% -> 87.91%      
client [99] (testset)   loss: 2.8448 -> 1.1304  accuracy: 0.00% -> 71.43%      
client [74] (testset)   loss: 2.6227 -> 1.6529  accuracy: 13.68% -> 30.53%     
client [73] (testset)   loss: 2.3497 -> 0.7267  accuracy: 10.26% -> 76.92%     
client [29] (testset)   loss: 2.9929 -> 0.7469  accuracy: 3.70% -> 81.48%      
client [92] (testset)   loss: 3.1834 -> 1.2530  accuracy: 0.00% -> 55.10%      
client [6]  (testset)   loss: 2.9551 -> 1.0293  accuracy: 9.52% -> 85.71%      
client [61] (testset)   loss: 1.5130 -> 0.9857  accuracy: 68.09% -> 68.09%     
client [21] (testset)   loss: 3.5852 -> 0.7795  accuracy: 0.00% -> 74.07%      
client [67] (testset)   loss: 3.3431 -> 0.7243  accuracy: 0.00% -> 85.71%      
---------------------------- TRAINING EPOCH: 270 ----------------------------  
client [83] (testset)   loss: 3.4104 -> 0.5003  accuracy: 0.00% -> 87.91%      
client [32] (testset)   loss: 2.7055 -> 2.0180  accuracy: 0.00% -> 28.57%      
client [95] (testset)   loss: 2.8661 -> 1.3790  accuracy: 0.00% -> 46.43%      
client [61] (testset)   loss: 2.9468 -> 0.9857  accuracy: 0.71% -> 68.09%      
client [27] (testset)   loss: 2.8931 -> 0.6753  accuracy: 0.00% -> 85.26%      
client [25] (testset)   loss: 2.9323 -> 0.3294  accuracy: 0.00% -> 90.48%      
client [68] (testset)   loss: 2.7572 -> 1.0963  accuracy: 11.11% -> 59.72%     
client [34] (testset)   loss: 2.6545 -> 0.6281  accuracy: 0.00% -> 82.14%      
client [71] (testset)   loss: 2.3583 -> 0.8560  accuracy: 0.00% -> 71.97%      
client [89] (testset)   loss: 1.8169 -> 1.0190  accuracy: 2.86% -> 40.00%      
---------------------------- TRAINING EPOCH: 280 ----------------------------  
client [78] (testset)   loss: 3.3953 -> 0.6498  accuracy: 0.00% -> 76.92%      
client [81] (testset)   loss: 1.6748 -> 0.5215  accuracy: 80.58% -> 80.58%     
client [51] (testset)   loss: 3.3097 -> 1.1880  accuracy: 0.00% -> 80.00%      
client [54] (testset)   loss: 2.3461 -> 2.1603  accuracy: 0.00% -> 25.00%      
client [65] (testset)   loss: 3.0378 -> 1.1820  accuracy: 15.56% -> 62.22%     
client [41] (testset)   loss: 3.1744 -> 1.1448  accuracy: 7.41% -> 65.43%      
client [11] (testset)   loss: 1.6553 -> 0.5093  accuracy: 85.71% -> 85.71%     
client [85] (testset)   loss: 2.0151 -> 0.9194  accuracy: 0.00% -> 68.61%      
client [12] (testset)   loss: 3.0233 -> 1.2690  accuracy: 16.67% -> 61.11%     
client [23] (testset)   loss: 2.6632 -> 1.8123  accuracy: 13.04% -> 39.13%     
---------------------------- TRAINING EPOCH: 290 ----------------------------  
client [16] (testset)   loss: 0.8257 -> 0.7094  accuracy: 78.95% -> 78.95%     
client [65] (testset)   loss: 1.6710 -> 1.2210  accuracy: 62.22% -> 62.22%     
client [53] (testset)   loss: 3.3651 -> 0.8034  accuracy: 0.00% -> 78.85%      
client [58] (testset)   loss: 0.6727 -> 0.5435  accuracy: 86.70% -> 86.70%     
client [72] (testset)   loss: 2.9762 -> 1.1374  accuracy: 5.88% -> 70.59%      
client [7]  (testset)   loss: 2.1851 -> 0.1199  accuracy: 0.00% -> 97.73%      
client [71] (testset)   loss: 1.9862 -> 0.8234  accuracy: 19.75% -> 71.97%     
client [59] (testset)   loss: 3.4538 -> 1.1714  accuracy: 4.17% -> 50.83%      
client [86] (testset)   loss: 3.7941 -> 1.4265  accuracy: 3.70% -> 31.48%      
client [39] (testset)   loss: 3.2684 -> 1.0553  accuracy: 0.00% -> 78.57%      
---------------------------- TRAINING EPOCH: 300 ----------------------------  
client [99] (testset)   loss: 2.1100 -> 1.2126  accuracy: 0.00% -> 71.43%      
client [7]  (testset)   loss: 3.4320 -> 0.2108  accuracy: 2.27% -> 97.73%      
client [17] (testset)   loss: 2.4667 -> 0.8993  accuracy: 0.00% -> 69.92%      
client [64] (testset)   loss: 2.7680 -> 1.9254  accuracy: 0.00% -> 50.00%      
client [37] (testset)   loss: 3.5159 -> 1.5655  accuracy: 0.00% -> 55.00%      
client [29] (testset)   loss: 1.3403 -> 0.7474  accuracy: 81.48% -> 81.48%     
client [93] (testset)   loss: 3.2931 -> 0.2534  accuracy: 0.00% -> 93.33%      
client [73] (testset)   loss: 2.8451 -> 0.7546  accuracy: 12.82% -> 76.92%     
client [40] (testset)   loss: 3.5509 -> 1.3016  accuracy: 0.00% -> 46.15%      
client [76] (testset)   loss: 3.1380 -> 1.8570  accuracy: 0.00% -> 50.00%      
---------------------------- TRAINING EPOCH: 310 ----------------------------  
client [31] (testset)   loss: 4.1542 -> 0.6471  accuracy: 0.00% -> 85.14%      
client [89] (testset)   loss: 3.8247 -> 1.0237  accuracy: 0.00% -> 40.00%      
client [77] (testset)   loss: 3.6823 -> 2.0524  accuracy: 0.00% -> 36.36%      
client [90] (testset)   loss: 3.3906 -> 0.9570  accuracy: 0.00% -> 58.33%      
client [26] (testset)   loss: 2.9535 -> 1.1014  accuracy: 30.77% -> 57.69%     
client [50] (testset)   loss: 3.2832 -> 1.4986  accuracy: 0.00% -> 55.56%      
client [30] (testset)   loss: 3.0507 -> 1.3468  accuracy: 13.33% -> 38.89%     
client [70] (testset)   loss: 3.1950 -> 0.6088  accuracy: 0.00% -> 90.00%      
client [41] (testset)   loss: 3.4519 -> 1.1575  accuracy: 0.00% -> 65.43%      
client [99] (testset)   loss: 3.6160 -> 1.1842  accuracy: 0.00% -> 71.43%      
---------------------------- TRAINING EPOCH: 320 ----------------------------  
client [68] (testset)   loss: 3.6718 -> 1.0858  accuracy: 0.00% -> 59.72%      
client [70] (testset)   loss: 2.2363 -> 0.6311  accuracy: 0.00% -> 90.00%      
client [52] (testset)   loss: 2.6499 -> 0.9903  accuracy: 0.00% -> 65.62%      
client [1]  (testset)   loss: 2.4465 -> 1.3954  accuracy: 37.28% -> 37.28%     
client [2]  (testset)   loss: 1.8556 -> 1.0681  accuracy: 0.45% -> 47.27%      
client [67] (testset)   loss: 1.7082 -> 0.6074  accuracy: 0.00% -> 85.71%      
client [92] (testset)   loss: 3.1872 -> 1.2613  accuracy: 0.00% -> 55.10%      
client [35] (testset)   loss: 1.3987 -> 0.5172  accuracy: 85.00% -> 85.00%     
client [36] (testset)   loss: 2.8459 -> 1.7413  accuracy: 0.00% -> 28.89%      
client [64] (testset)   loss: 2.3257 -> 1.5915  accuracy: 50.00% -> 50.00%     
---------------------------- TRAINING EPOCH: 330 ----------------------------  
client [44] (testset)   loss: 2.4835 -> 0.9467  accuracy: 0.00% -> 32.14%      
client [6]  (testset)   loss: 3.8127 -> 0.7549  accuracy: 9.52% -> 85.71%      
client [12] (testset)   loss: 2.7629 -> 1.3035  accuracy: 0.00% -> 61.11%      
client [55] (testset)   loss: 3.8508 -> 0.8711  accuracy: 0.00% -> 83.78%      
client [29] (testset)   loss: 3.8778 -> 0.7763  accuracy: 3.70% -> 81.48%      
client [9]  (testset)   loss: 3.3271 -> 1.4434  accuracy: 0.00% -> 28.72%      
client [43] (testset)   loss: 2.2099 -> 0.8094  accuracy: 0.00% -> 83.33%      
client [77] (testset)   loss: 3.2296 -> 1.8795  accuracy: 0.00% -> 36.36%      
client [98] (testset)   loss: 4.0896 -> 0.1487  accuracy: 0.00% -> 100.00%     
client [78] (testset)   loss: 3.6681 -> 0.6495  accuracy: 0.00% -> 76.92%      
---------------------------- TRAINING EPOCH: 340 ----------------------------  
client [92] (testset)   loss: 3.4058 -> 1.2593  accuracy: 0.00% -> 55.10%      
client [80] (testset)   loss: 3.3873 -> 0.0019  accuracy: 0.00% -> 100.00%     
client [63] (testset)   loss: 3.7829 -> 0.7733  accuracy: 1.87% -> 78.50%      
client [76] (testset)   loss: 3.5211 -> 1.8965  accuracy: 0.00% -> 50.00%      
client [78] (testset)   loss: 3.3441 -> 0.6586  accuracy: 0.00% -> 76.92%      
client [25] (testset)   loss: 4.0026 -> 0.3594  accuracy: 0.00% -> 90.48%      
client [58] (testset)   loss: 3.9664 -> 0.5122  accuracy: 0.00% -> 86.70%      
client [13] (testset)   loss: 2.7359 -> 1.5763  accuracy: 17.46% -> 46.03%     
client [17] (testset)   loss: 1.3161 -> 0.9513  accuracy: 69.92% -> 69.92%     
client [38] (testset)   loss: 1.1739 -> 0.8440  accuracy: 76.00% -> 76.00%     
---------------------------- TRAINING EPOCH: 350 ----------------------------  
client [72] (testset)   loss: 2.9113 -> 1.1433  accuracy: 0.00% -> 70.59%      
client [82] (testset)   loss: 1.8405 -> 0.8569  accuracy: 69.05% -> 69.05%     
client [86] (testset)   loss: 2.5391 -> 1.3029  accuracy: 0.00% -> 31.48%      
client [51] (testset)   loss: 1.8211 -> 1.1234  accuracy: 0.00% -> 80.00%      
client [96] (testset)   loss: 3.5576 -> 1.3918  accuracy: 0.00% -> 66.67%      
client [42] (testset)   loss: 1.1772 -> 0.0712  accuracy: 100.00% -> 100.00%   
client [55] (testset)   loss: 3.0885 -> 0.9377  accuracy: 0.00% -> 83.78%      
client [13] (testset)   loss: 2.9093 -> 1.5781  accuracy: 17.46% -> 46.03%     
client [1]  (testset)   loss: 2.3685 -> 1.4138  accuracy: 37.28% -> 32.54%     
client [12] (testset)   loss: 3.5713 -> 1.2724  accuracy: 0.00% -> 61.11%      
---------------------------- TRAINING EPOCH: 360 ----------------------------  
client [68] (testset)   loss: 3.6189 -> 1.0979  accuracy: 0.00% -> 59.72%      
client [23] (testset)   loss: 3.2739 -> 1.7926  accuracy: 4.35% -> 39.13%      
client [46] (testset)   loss: 1.4374 -> 0.9581  accuracy: 64.47% -> 64.47%     
client [41] (testset)   loss: 4.1166 -> 1.1473  accuracy: 0.00% -> 65.43%      
client [25] (testset)   loss: 4.3064 -> 0.3721  accuracy: 0.00% -> 90.48%      
client [58] (testset)   loss: 4.3274 -> 0.4924  accuracy: 0.00% -> 86.70%      
client [14] (testset)   loss: 4.3053 -> 0.9264  accuracy: 0.00% -> 85.00%      
client [33] (testset)   loss: 2.6676 -> 0.8310  accuracy: 12.99% -> 75.32%     
client [85] (testset)   loss: 1.2799 -> 0.9191  accuracy: 68.61% -> 68.61%     
client [62] (testset)   loss: 3.2821 -> 0.4438  accuracy: 0.00% -> 95.45%      
---------------------------- TRAINING EPOCH: 370 ----------------------------  
client [98] (testset)   loss: 3.5325 -> 0.1987  accuracy: 0.00% -> 100.00%     
client [63] (testset)   loss: 3.4879 -> 0.7576  accuracy: 0.00% -> 78.50%      
client [70] (testset)   loss: 2.2105 -> 0.6461  accuracy: 0.00% -> 90.00%      
client [65] (testset)   loss: 2.0792 -> 1.1765  accuracy: 62.22% -> 62.22%     
client [14] (testset)   loss: 1.3742 -> 0.8334  accuracy: 85.00% -> 85.00%     
client [73] (testset)   loss: 3.2455 -> 0.7466  accuracy: 0.00% -> 76.92%      
client [34] (testset)   loss: 3.3305 -> 0.6687  accuracy: 0.00% -> 82.14%      
client [99] (testset)   loss: 3.5448 -> 1.2279  accuracy: 9.52% -> 71.43%      
client [69] (testset)   loss: 3.8191 -> 0.8726  accuracy: 0.00% -> 71.15%      
client [46] (testset)   loss: 2.6932 -> 0.9453  accuracy: 0.00% -> 64.47%      
---------------------------- TRAINING EPOCH: 380 ----------------------------  
client [99] (testset)   loss: 3.2438 -> 1.2002  accuracy: 9.52% -> 71.43%      
client [93] (testset)   loss: 1.1779 -> 0.2615  accuracy: 93.33% -> 93.33%     
client [11] (testset)   loss: 2.3253 -> 0.5447  accuracy: 0.00% -> 85.71%      
client [58] (testset)   loss: 1.2267 -> 0.4892  accuracy: 86.70% -> 86.70%     
client [81] (testset)   loss: 2.1165 -> 0.5157  accuracy: 0.00% -> 80.58%      
client [85] (testset)   loss: 2.2313 -> 0.9195  accuracy: 0.00% -> 68.61%      
client [89] (testset)   loss: 3.2632 -> 1.0202  accuracy: 0.00% -> 40.00%      
client [45] (testset)   loss: 2.5719 -> 1.3012  accuracy: 0.00% -> 27.27%      
client [8]  (testset)   loss: 2.7031 -> 1.1413  accuracy: 0.00% -> 41.67%      
client [68] (testset)   loss: 3.6339 -> 1.0860  accuracy: 1.39% -> 59.72%      
---------------------------- TRAINING EPOCH: 390 ----------------------------  
client [67] (testset)   loss: 3.9784 -> 0.6116  accuracy: 0.00% -> 85.71%      
client [72] (testset)   loss: 3.3856 -> 1.0731  accuracy: 0.00% -> 70.59%      
client [1]  (testset)   loss: 2.7436 -> 1.3959  accuracy: 0.00% -> 37.28%      
client [78] (testset)   loss: 3.4278 -> 0.6684  accuracy: 0.00% -> 76.92%      
client [83] (testset)   loss: 1.9491 -> 0.5095  accuracy: 0.00% -> 87.91%      
client [21] (testset)   loss: 3.6973 -> 0.7608  accuracy: 0.00% -> 74.07%      
client [56] (testset)   loss: 1.6143 -> 0.7518  accuracy: 79.34% -> 79.34%     
client [44] (testset)   loss: 3.8612 -> 0.8829  accuracy: 0.00% -> 63.10%      
client [92] (testset)   loss: 2.7201 -> 1.2909  accuracy: 22.45% -> 55.10%     
client [27] (testset)   loss: 1.6778 -> 0.6514  accuracy: 4.21% -> 85.26%      
---------------------------- TRAINING EPOCH: 400 ----------------------------  
client [10] (testset)   loss: 1.9409 -> 1.6165  accuracy: 46.88% -> 18.75%     
client [39] (testset)   loss: 1.2797 -> 0.9783  accuracy: 78.57% -> 78.57%     
client [65] (testset)   loss: 3.2238 -> 1.1831  accuracy: 2.22% -> 62.22%      
client [26] (testset)   loss: 2.2664 -> 1.0531  accuracy: 30.77% -> 57.69%     
client [19] (testset)   loss: 1.2873 -> 0.5482  accuracy: 80.00% -> 80.00%     
client [68] (testset)   loss: 2.9079 -> 1.0803  accuracy: 0.00% -> 59.72%      
client [41] (testset)   loss: 3.3073 -> 1.1618  accuracy: 0.00% -> 65.43%      
client [50] (testset)   loss: 3.3704 -> 1.2416  accuracy: 0.00% -> 55.56%      
client [75] (testset)   loss: 3.9868 -> 0.2177  accuracy: 0.00% -> 100.00%     
client [81] (testset)   loss: 2.1188 -> 0.5019  accuracy: 0.00% -> 80.58%      
FedAvg's average time taken by each global epoch: 0 min 1.10 sec.              
FedAvg's total running time: 0 h 8 m 3 s.                                      
==================== FedAvg Experiment Results: ====================           
Display format: (before local fine-tuning) -> (after local fine-tuning)        
 So if finetune_epoch = 0, x.xx% -> 0.00% is normal.                           
 Centralized testing ONLY happens after model aggregation, so the stats between
'->' are the same.                                                             
{                                                                              
    "100": {                                                                   
        "all_clients": {                                                       
            "test": {                                                          
                "loss": "2.6875 -> 0.9216",                                    
                "accuracy": "8.07% -> 65.87%"                                  
            }                                                                  
        }                                                                      
    },                                                                         
    "200": {                                                                   
        "all_clients": {                                                       
            "test": {                                                          
                "loss": "2.8474 -> 0.9423",                                    
                "accuracy": "9.03% -> 65.56%"                                  
            }                                                                  
        }                                                                      
    },                                                                         
    "300": {                                                                   
        "all_clients": {                                                       
            "test": {                                                          
                "loss": "2.3578 -> 0.9214",                                    
                "accuracy": "22.28% -> 65.29%"                                 
            }                                                                  
        }                                                                      
    },                                                                         
    "400": {                                                                   
        "all_clients": {                                                       
            "test": {                                                          
                "loss": "2.8061 -> 0.9131",                                    
                "accuracy": "9.03% -> 66.58%"                                  
            }                                                                  
        }                                                                      
    }                                                                          
}                                                                              
==================== FedAvg Max Accuracy ====================                  
all_clients:                                                                   
(test) before fine-tuning: 22.28% at epoch 300                                 
(test) after fine-tuning: 66.58% at epoch 400                                  
