==================== FedPer ====================                               
Experiment Arguments:                                                          
{
    'method': 'fedper',
    'dataset': {
        'name': 'mnist',
        'client_num': 100,
        'test_ratio': 0.25,
        'val_ratio': 0.0,
        'seed': 42,
        'split': 'sample',
        'IID_ratio': 0.0,
        'monitor_window_name_suffix': 'mnist-100clients-0%IID-Dir(0.1)-seed42',
        'alpha': 0.1,
        'min_samples_per_client': 10
    },
    'model': {
        'name': 'avgcnn',
        'use_torchvision_pretrained_weights': True,
        'external_model_weights_path': None
    },
    'optimizer': {
        'lr': 0.01,
        'dampening': 0,
        'weight_decay': 0,
        'momentum': 0.7,
        'nesterov': False,
        'name': 'sgd'
    },
    'mode': 'parallel',
    'parallel': {
        'ray_cluster_addr': None,
        'num_cpus': 24.0,
        'num_gpus': 1.0,
        'num_workers': 2
    },
    'common': {
        'seed': 42,
        'join_ratio': 0.1,
        'global_epoch': 400,
        'local_epoch': 5,
        'batch_size': 32,
        'reset_optimizer_on_global_epoch': True,
        'straggler_ratio': 0,
        'straggler_min_local_epoch': 0,
        'buffers': 'global',
        'client_side_evaluation': True,
        'test': {
            'client': {
                'interval': 100,
                'finetune_epoch': 5,
                'train': False,
                'val': False,
                'test': True
            },
            'server': {
                'interval': -1,
                'train': False,
                'val': False,
                'test': True,
                'model_in_train_mode': False
            }
        },
        'verbose_gap': 10,
        'monitor': None,
        'use_cuda': True,
        'save_log': True,
        'save_model': False,
        'save_learning_curve_plot': True,
        'save_metrics': True,
        'delete_useless_run': True
    },
    'fedprox': {
        'mu': 0.01
    },
    'pfedsim': {
        'warmup_round': 0.5
    }
}
---------------------------- TRAINING EPOCH: 10 ----------------------------   
client [77] (testset)   loss: 0.1132 -> 0.0854  accuracy: 97.95% -> 97.26%     
client [81] (testset)   loss: 0.0268 -> 0.0267  accuracy: 99.38% -> 99.38%     
client [68] (testset)   loss: 0.1164 -> 0.0859  accuracy: 96.61% -> 98.31%     
client [21] (testset)   loss: 0.1446 -> 0.0646  accuracy: 97.06% -> 98.04%     
client [31] (testset)   loss: 0.2056 -> 0.2774  accuracy: 100.00% -> 85.71%    
client [93] (testset)   loss: 0.1015 -> 0.0189  accuracy: 96.77% -> 100.00%    
client [59] (testset)   loss: 0.0452 -> 0.0264  accuracy: 100.00% -> 100.00%   
client [48] (testset)   loss: 0.0354 -> 0.0254  accuracy: 98.06% -> 99.03%     
client [34] (testset)   loss: 0.2097 -> 0.4046  accuracy: 94.44% -> 94.44%     
client [20] (testset)   loss: 0.1695 -> 0.1431  accuracy: 95.02% -> 95.93%     
---------------------------- TRAINING EPOCH: 20 ----------------------------   
client [99] (testset)   loss: 0.1788 -> 0.0675  accuracy: 95.24% -> 95.24%     
client [67] (testset)   loss: 0.0138 -> 0.0007  accuracy: 100.00% -> 100.00%   
client [0]  (testset)   loss: 0.0164 -> 0.0065  accuracy: 99.06% -> 100.00%    
client [76] (testset)   loss: 0.0300 -> 0.0745  accuracy: 98.70% -> 97.40%     
client [41] (testset)   loss: 0.0340 -> 0.0077  accuracy: 98.95% -> 100.00%    
client [69] (testset)   loss: 0.0153 -> 0.0183  accuracy: 99.64% -> 99.45%     
client [62] (testset)   loss: 0.0831 -> 0.0320  accuracy: 99.45% -> 98.90%     
client [14] (testset)   loss: 0.0349 -> 0.0211  accuracy: 98.61% -> 99.31%     
client [2]  (testset)   loss: 0.5741 -> 0.0171  accuracy: 82.89% -> 99.43%     
client [46] (testset)   loss: 0.0323 -> 0.0332  accuracy: 99.32% -> 98.87%     
---------------------------- TRAINING EPOCH: 30 ----------------------------   
client [68] (testset)   loss: 0.0578 -> 0.0672  accuracy: 98.31% -> 98.31%     
client [24] (testset)   loss: 0.0510 -> 0.1028  accuracy: 98.65% -> 95.95%     
client [57] (testset)   loss: 0.0238 -> 0.0369  accuracy: 99.52% -> 99.03%     
client [54] (testset)   loss: 0.3591 -> 0.4364  accuracy: 93.02% -> 93.02%     
client [17] (testset)   loss: 0.0313 -> 0.0300  accuracy: 98.83% -> 98.83%     
client [23] (testset)   loss: 0.0820 -> 0.0021  accuracy: 97.14% -> 100.00%    
client [59] (testset)   loss: 0.0089 -> 0.0096  accuracy: 100.00% -> 100.00%   
client [35] (testset)   loss: 0.0447 -> 0.0399  accuracy: 97.06% -> 98.04%     
client [31] (testset)   loss: 0.1341 -> 0.1362  accuracy: 100.00% -> 100.00%   
client [9]  (testset)   loss: 0.0426 -> 0.0474  accuracy: 98.70% -> 98.53%     
---------------------------- TRAINING EPOCH: 40 ----------------------------   
client [64] (testset)   loss: 0.0212 -> 0.0158  accuracy: 99.44% -> 99.44%     
client [16] (testset)   loss: 0.0052 -> 0.0011  accuracy: 100.00% -> 100.00%   
client [33] (testset)   loss: 0.0725 -> 0.0757  accuracy: 99.35% -> 99.18%     
client [8]  (testset)   loss: 0.0052 -> 0.0043  accuracy: 100.00% -> 100.00%   
client [31] (testset)   loss: 0.1231 -> 0.1269  accuracy: 100.00% -> 100.00%   
client [44] (testset)   loss: 0.0560 -> 0.0529  accuracy: 98.81% -> 98.81%     
client [47] (testset)   loss: 0.0006 -> 0.0004  accuracy: 100.00% -> 100.00%   
client [36] (testset)   loss: 0.0522 -> 0.0490  accuracy: 98.48% -> 98.98%     
client [20] (testset)   loss: 0.0988 -> 0.1050  accuracy: 97.74% -> 97.74%     
client [56] (testset)   loss: 0.0240 -> 0.0242  accuracy: 98.92% -> 98.92%     
---------------------------- TRAINING EPOCH: 50 ----------------------------   
client [60] (testset)   loss: 0.0714 -> 0.0386  accuracy: 97.00% -> 99.00%     
client [4]  (testset)   loss: 0.0237 -> 0.0232  accuracy: 99.63% -> 99.27%     
client [28] (testset)   loss: 0.0006 -> 0.0005  accuracy: 100.00% -> 100.00%   
client [25] (testset)   loss: 0.0021 -> 0.0014  accuracy: 100.00% -> 100.00%   
client [58] (testset)   loss: 0.0462 -> 0.0504  accuracy: 97.87% -> 97.87%     
client [44] (testset)   loss: 0.0516 -> 0.0472  accuracy: 98.81% -> 98.51%     
client [39] (testset)   loss: 0.0035 -> 0.0031  accuracy: 100.00% -> 100.00%   
client [29] (testset)   loss: 0.0295 -> 0.0382  accuracy: 98.89% -> 98.89%     
client [84] (testset)   loss: 0.0005 -> 0.0005  accuracy: 100.00% -> 100.00%   
client [3]  (testset)   loss: 0.0280 -> 0.0188  accuracy: 99.37% -> 99.58%     
---------------------------- TRAINING EPOCH: 60 ----------------------------   
client [84] (testset)   loss: 0.0002 -> 0.0002  accuracy: 100.00% -> 100.00%   
client [21] (testset)   loss: 0.0156 -> 0.0199  accuracy: 99.02% -> 99.02%     
client [10] (testset)   loss: 0.0005 -> 0.0004  accuracy: 100.00% -> 100.00%   
client [36] (testset)   loss: 0.0450 -> 0.0537  accuracy: 98.98% -> 98.98%     
client [65] (testset)   loss: 0.0245 -> 0.0224  accuracy: 99.16% -> 99.16%     
client [81] (testset)   loss: 0.0041 -> 0.0038  accuracy: 100.00% -> 100.00%   
client [79] (testset)   loss: 0.0071 -> 0.0075  accuracy: 100.00% -> 100.00%   
client [11] (testset)   loss: 0.0010 -> 0.0009  accuracy: 100.00% -> 100.00%   
client [96] (testset)   loss: 0.0020 -> 0.0017  accuracy: 100.00% -> 100.00%   
client [42] (testset)   loss: 0.1742 -> 0.1811  accuracy: 97.81% -> 97.81%     
---------------------------- TRAINING EPOCH: 70 ----------------------------   
client [8]  (testset)   loss: 0.0109 -> 0.0100  accuracy: 100.00% -> 100.00%   
client [53] (testset)   loss: 0.0014 -> 0.0016  accuracy: 100.00% -> 100.00%   
client [52] (testset)   loss: 0.0000 -> 0.0000  accuracy: 100.00% -> 100.00%   
client [42] (testset)   loss: 0.1817 -> 0.1911  accuracy: 97.81% -> 97.81%     
client [59] (testset)   loss: 0.0007 -> 0.0008  accuracy: 100.00% -> 100.00%   
client [7]  (testset)   loss: 0.0002 -> 0.0002  accuracy: 100.00% -> 100.00%   
client [26] (testset)   loss: 0.1424 -> 0.1532  accuracy: 91.67% -> 87.50%     
client [69] (testset)   loss: 0.0100 -> 0.0116  accuracy: 99.45% -> 99.45%     
client [98] (testset)   loss: 0.0039 -> 0.0038  accuracy: 100.00% -> 100.00%   
client [49] (testset)   loss: 0.0006 -> 0.0004  accuracy: 100.00% -> 100.00%   
---------------------------- TRAINING EPOCH: 80 ----------------------------   
client [98] (testset)   loss: 0.0026 -> 0.0031  accuracy: 100.00% -> 100.00%   
client [47] (testset)   loss: 0.0001 -> 0.0001  accuracy: 100.00% -> 100.00%   
client [21] (testset)   loss: 0.0234 -> 0.0217  accuracy: 99.02% -> 99.02%     
client [77] (testset)   loss: 0.0642 -> 0.0620  accuracy: 97.95% -> 97.95%     
client [95] (testset)   loss: 0.0012 -> 0.0011  accuracy: 100.00% -> 100.00%   
client [14] (testset)   loss: 0.0403 -> 0.0310  accuracy: 98.61% -> 98.61%     
client [99] (testset)   loss: 0.0344 -> 0.0324  accuracy: 100.00% -> 100.00%   
client [91] (testset)   loss: 0.0261 -> 0.0258  accuracy: 99.34% -> 99.50%     
client [20] (testset)   loss: 0.0954 -> 0.0972  accuracy: 97.74% -> 97.74%     
client [39] (testset)   loss: 0.0020 -> 0.0030  accuracy: 100.00% -> 100.00%   
---------------------------- TRAINING EPOCH: 90 ----------------------------   
client [52] (testset)   loss: 0.0000 -> 0.0000  accuracy: 100.00% -> 100.00%   
client [62] (testset)   loss: 0.0021 -> 0.0022  accuracy: 100.00% -> 100.00%   
client [97] (testset)   loss: 0.0045 -> 0.0063  accuracy: 100.00% -> 99.33%    
client [71] (testset)   loss: 0.0021 -> 0.0037  accuracy: 100.00% -> 99.77%    
client [30] (testset)   loss: 0.1332 -> 0.1555  accuracy: 95.00% -> 95.00%     
client [88] (testset)   loss: 0.0015 -> 0.0009  accuracy: 100.00% -> 100.00%   
client [60] (testset)   loss: 0.0464 -> 0.0494  accuracy: 99.00% -> 99.00%     
client [82] (testset)   loss: 0.1505 -> 0.1558  accuracy: 95.77% -> 95.77%     
client [57] (testset)   loss: 0.0328 -> 0.0366  accuracy: 99.03% -> 99.03%     
client [91] (testset)   loss: 0.0254 -> 0.0270  accuracy: 99.50% -> 99.50%     
---------------------------- TRAINING EPOCH: 100 ----------------------------  
client [31] (testset)   loss: 0.0628 -> 0.0640  accuracy: 100.00% -> 100.00%   
client [15] (testset)   loss: 0.0836 -> 0.0827  accuracy: 99.08% -> 99.08%     
client [97] (testset)   loss: 0.0072 -> 0.0090  accuracy: 99.67% -> 99.67%     
client [71] (testset)   loss: 0.0026 -> 0.0036  accuracy: 100.00% -> 99.77%    
client [53] (testset)   loss: 0.0010 -> 0.0010  accuracy: 100.00% -> 100.00%   
client [76] (testset)   loss: 0.1332 -> 0.1410  accuracy: 98.70% -> 98.70%     
client [77] (testset)   loss: 0.0652 -> 0.0665  accuracy: 97.95% -> 97.95%     
client [79] (testset)   loss: 0.0037 -> 0.0036  accuracy: 100.00% -> 100.00%   
client [99] (testset)   loss: 0.0365 -> 0.0376  accuracy: 95.24% -> 95.24%     
client [28] (testset)   loss: 0.0002 -> 0.0003  accuracy: 100.00% -> 100.00%   
---------------------------- TRAINING EPOCH: 110 ----------------------------  
client [97] (testset)   loss: 0.0068 -> 0.0091  accuracy: 99.67% -> 99.33%     
client [34] (testset)   loss: 0.4789 -> 0.4792  accuracy: 94.44% -> 94.44%     
client [73] (testset)   loss: 0.0507 -> 0.0648  accuracy: 100.00% -> 97.06%    
client [86] (testset)   loss: 0.0084 -> 0.0085  accuracy: 99.73% -> 99.73%     
client [96] (testset)   loss: 0.0005 -> 0.0005  accuracy: 100.00% -> 100.00%   
client [5]  (testset)   loss: 0.0702 -> 0.0721  accuracy: 98.62% -> 98.62%     
client [22] (testset)   loss: 0.0001 -> 0.0001  accuracy: 100.00% -> 100.00%   
client [60] (testset)   loss: 0.0556 -> 0.0538  accuracy: 99.00% -> 99.00%     
client [66] (testset)   loss: 0.0139 -> 0.0154  accuracy: 99.12% -> 99.12%     
client [83] (testset)   loss: 0.1353 -> 0.1306  accuracy: 96.80% -> 96.80%     
---------------------------- TRAINING EPOCH: 120 ----------------------------  
client [76] (testset)   loss: 0.1434 -> 0.1487  accuracy: 98.70% -> 98.70%     
client [65] (testset)   loss: 0.0250 -> 0.0252  accuracy: 99.16% -> 99.16%     
client [95] (testset)   loss: 0.0010 -> 0.0009  accuracy: 100.00% -> 100.00%   
client [8]  (testset)   loss: 0.0039 -> 0.0038  accuracy: 100.00% -> 100.00%   
client [17] (testset)   loss: 0.0332 -> 0.0234  accuracy: 98.83% -> 99.61%     
client [35] (testset)   loss: 0.0342 -> 0.0330  accuracy: 99.02% -> 99.02%     
client [98] (testset)   loss: 0.0028 -> 0.0020  accuracy: 100.00% -> 100.00%   
client [53] (testset)   loss: 0.0007 -> 0.0007  accuracy: 100.00% -> 100.00%   
client [43] (testset)   loss: 0.0962 -> 0.0923  accuracy: 97.86% -> 97.86%     
client [64] (testset)   loss: 0.0167 -> 0.0169  accuracy: 99.44% -> 99.44%     
---------------------------- TRAINING EPOCH: 130 ----------------------------  
client [88] (testset)   loss: 0.0003 -> 0.0003  accuracy: 100.00% -> 100.00%   
client [21] (testset)   loss: 0.0233 -> 0.0237  accuracy: 99.02% -> 99.02%     
client [38] (testset)   loss: 0.0081 -> 0.0052  accuracy: 100.00% -> 100.00%   
client [5]  (testset)   loss: 0.0783 -> 0.0748  accuracy: 98.62% -> 98.62%     
client [41] (testset)   loss: 0.0012 -> 0.0012  accuracy: 100.00% -> 100.00%   
client [7]  (testset)   loss: 0.0000 -> 0.0000  accuracy: 100.00% -> 100.00%   
client [3]  (testset)   loss: 0.0273 -> 0.0234  accuracy: 99.37% -> 99.37%     
client [37] (testset)   loss: 0.1740 -> 0.1656  accuracy: 96.54% -> 96.97%     
client [47] (testset)   loss: 0.0000 -> 0.0000  accuracy: 100.00% -> 100.00%   
client [45] (testset)   loss: 0.0255 -> 0.0334  accuracy: 99.69% -> 99.69%     
---------------------------- TRAINING EPOCH: 140 ----------------------------  
client [11] (testset)   loss: 0.0001 -> 0.0001  accuracy: 100.00% -> 100.00%   
client [16] (testset)   loss: 0.0001 -> 0.0001  accuracy: 100.00% -> 100.00%   
client [41] (testset)   loss: 0.0015 -> 0.0014  accuracy: 100.00% -> 100.00%   
client [37] (testset)   loss: 0.1679 -> 0.1667  accuracy: 97.40% -> 97.40%     
client [53] (testset)   loss: 0.0009 -> 0.0009  accuracy: 100.00% -> 100.00%   
client [22] (testset)   loss: 0.0000 -> 0.0000  accuracy: 100.00% -> 100.00%   
client [95] (testset)   loss: 0.0005 -> 0.0005  accuracy: 100.00% -> 100.00%   
client [25] (testset)   loss: 0.0003 -> 0.0003  accuracy: 100.00% -> 100.00%   
client [46] (testset)   loss: 0.0321 -> 0.0378  accuracy: 99.10% -> 99.32%     
client [69] (testset)   loss: 0.0120 -> 0.0134  accuracy: 99.45% -> 99.45%     
---------------------------- TRAINING EPOCH: 150 ----------------------------  
client [47] (testset)   loss: 0.0000 -> 0.0000  accuracy: 100.00% -> 100.00%   
client [82] (testset)   loss: 0.1751 -> 0.1781  accuracy: 95.77% -> 95.77%     
client [69] (testset)   loss: 0.0135 -> 0.0138  accuracy: 99.45% -> 99.45%     
client [7]  (testset)   loss: 0.0000 -> 0.0000  accuracy: 100.00% -> 100.00%   
client [45] (testset)   loss: 0.0295 -> 0.0344  accuracy: 99.69% -> 99.69%     
client [35] (testset)   loss: 0.0353 -> 0.0344  accuracy: 99.02% -> 99.02%     
client [50] (testset)   loss: 0.0408 -> 0.0378  accuracy: 98.46% -> 98.46%     
client [24] (testset)   loss: 0.1513 -> 0.1528  accuracy: 97.30% -> 97.30%     
client [15] (testset)   loss: 0.0889 -> 0.0889  accuracy: 99.08% -> 99.08%     
client [58] (testset)   loss: 0.0732 -> 0.0730  accuracy: 97.87% -> 97.87%     
---------------------------- TRAINING EPOCH: 160 ----------------------------  
client [76] (testset)   loss: 0.1632 -> 0.1658  accuracy: 98.70% -> 98.70%     
client [48] (testset)   loss: 0.0001 -> 0.0001  accuracy: 100.00% -> 100.00%   
client [67] (testset)   loss: 0.0000 -> 0.0000  accuracy: 100.00% -> 100.00%   
client [58] (testset)   loss: 0.0744 -> 0.0746  accuracy: 98.58% -> 98.58%     
client [37] (testset)   loss: 0.1838 -> 0.1784  accuracy: 96.97% -> 97.40%     
client [77] (testset)   loss: 0.0718 -> 0.0725  accuracy: 97.95% -> 97.95%     
client [64] (testset)   loss: 0.0186 -> 0.0181  accuracy: 99.44% -> 99.44%     
client [55] (testset)   loss: 0.0171 -> 0.0162  accuracy: 98.98% -> 99.23%     
client [12] (testset)   loss: 0.0264 -> 0.0250  accuracy: 99.01% -> 99.01%     
client [89] (testset)   loss: 0.0019 -> 0.0018  accuracy: 100.00% -> 100.00%   
---------------------------- TRAINING EPOCH: 170 ----------------------------  
client [84] (testset)   loss: 0.0000 -> 0.0000  accuracy: 100.00% -> 100.00%   
client [51] (testset)   loss: 0.0002 -> 0.0002  accuracy: 100.00% -> 100.00%   
client [8]  (testset)   loss: 0.0026 -> 0.0026  accuracy: 100.00% -> 100.00%   
client [94] (testset)   loss: 0.0000 -> 0.0000  accuracy: 100.00% -> 100.00%   
client [81] (testset)   loss: 0.0039 -> 0.0042  accuracy: 100.00% -> 100.00%   
client [18] (testset)   loss: 0.0825 -> 0.0814  accuracy: 98.28% -> 98.28%     
client [11] (testset)   loss: 0.0001 -> 0.0001  accuracy: 100.00% -> 100.00%   
client [95] (testset)   loss: 0.0005 -> 0.0006  accuracy: 100.00% -> 100.00%   
client [67] (testset)   loss: 0.0000 -> 0.0000  accuracy: 100.00% -> 100.00%   
client [3]  (testset)   loss: 0.0292 -> 0.0274  accuracy: 99.37% -> 99.37%     
---------------------------- TRAINING EPOCH: 180 ----------------------------  
client [79] (testset)   loss: 0.0021 -> 0.0019  accuracy: 100.00% -> 100.00%   
client [21] (testset)   loss: 0.0290 -> 0.0253  accuracy: 99.02% -> 99.02%     
client [88] (testset)   loss: 0.0002 -> 0.0002  accuracy: 100.00% -> 100.00%   
client [58] (testset)   loss: 0.0775 -> 0.0778  accuracy: 98.58% -> 98.58%     
client [11] (testset)   loss: 0.0001 -> 0.0001  accuracy: 100.00% -> 100.00%   
client [46] (testset)   loss: 0.0396 -> 0.0419  accuracy: 99.10% -> 99.32%     
client [55] (testset)   loss: 0.0154 -> 0.0155  accuracy: 99.23% -> 99.23%     
client [31] (testset)   loss: 0.0966 -> 0.0969  accuracy: 100.00% -> 100.00%   
client [13] (testset)   loss: 0.1088 -> 0.1341  accuracy: 91.67% -> 91.67%     
client [75] (testset)   loss: 0.0190 -> 0.0226  accuracy: 99.38% -> 99.38%     
---------------------------- TRAINING EPOCH: 190 ----------------------------  
client [7]  (testset)   loss: 0.0000 -> 0.0000  accuracy: 100.00% -> 100.00%   
client [19] (testset)   loss: 0.0230 -> 0.0224  accuracy: 98.15% -> 98.15%     
client [13] (testset)   loss: 0.1197 -> 0.1216  accuracy: 91.67% -> 91.67%     
client [57] (testset)   loss: 0.0439 -> 0.0448  accuracy: 99.03% -> 99.03%     
client [43] (testset)   loss: 0.0988 -> 0.0990  accuracy: 97.86% -> 97.86%     
client [10] (testset)   loss: 0.0001 -> 0.0001  accuracy: 100.00% -> 100.00%   
client [64] (testset)   loss: 0.0194 -> 0.0193  accuracy: 99.44% -> 99.44%     
client [91] (testset)   loss: 0.0331 -> 0.0343  accuracy: 99.67% -> 99.67%     
client [82] (testset)   loss: 0.1984 -> 0.2004  accuracy: 95.77% -> 95.77%     
client [22] (testset)   loss: 0.0000 -> 0.0000  accuracy: 100.00% -> 100.00%   
---------------------------- TRAINING EPOCH: 200 ----------------------------  
client [23] (testset)   loss: 0.0001 -> 0.0001  accuracy: 100.00% -> 100.00%   
client [20] (testset)   loss: 0.1161 -> 0.1171  accuracy: 97.74% -> 97.74%     
client [98] (testset)   loss: 0.0027 -> 0.0035  accuracy: 100.00% -> 100.00%   
client [88] (testset)   loss: 0.0001 -> 0.0001  accuracy: 100.00% -> 100.00%   
client [79] (testset)   loss: 0.0016 -> 0.0016  accuracy: 100.00% -> 100.00%   
client [92] (testset)   loss: 0.0000 -> 0.0000  accuracy: 100.00% -> 100.00%   
client [21] (testset)   loss: 0.0267 -> 0.0243  accuracy: 99.02% -> 99.02%     
client [56] (testset)   loss: 0.0467 -> 0.0468  accuracy: 98.92% -> 98.92%     
client [5]  (testset)   loss: 0.0859 -> 0.0856  accuracy: 98.62% -> 98.62%     
client [52] (testset)   loss: 0.0000 -> 0.0000  accuracy: 100.00% -> 100.00%   
---------------------------- TRAINING EPOCH: 210 ----------------------------  
client [67] (testset)   loss: 0.0000 -> 0.0000  accuracy: 100.00% -> 100.00%   
client [54] (testset)   loss: 0.6735 -> 0.6742  accuracy: 93.02% -> 93.02%     
client [99] (testset)   loss: 0.0390 -> 0.0382  accuracy: 95.24% -> 95.24%     
client [14] (testset)   loss: 0.0447 -> 0.0444  accuracy: 98.61% -> 98.61%     
client [30] (testset)   loss: 0.2138 -> 0.2090  accuracy: 95.00% -> 95.00%     
client [38] (testset)   loss: 0.0042 -> 0.0035  accuracy: 100.00% -> 100.00%   
client [36] (testset)   loss: 0.0638 -> 0.0645  accuracy: 98.98% -> 98.98%     
client [15] (testset)   loss: 0.1006 -> 0.1004  accuracy: 99.08% -> 99.08%     
client [53] (testset)   loss: 0.0003 -> 0.0003  accuracy: 100.00% -> 100.00%   
client [6]  (testset)   loss: 0.0158 -> 0.0164  accuracy: 99.74% -> 99.74%     
---------------------------- TRAINING EPOCH: 220 ----------------------------  
client [99] (testset)   loss: 0.0369 -> 0.0365  accuracy: 95.24% -> 95.24%     
client [83] (testset)   loss: 0.1587 -> 0.1590  accuracy: 96.80% -> 96.80%     
client [42] (testset)   loss: 0.2518 -> 0.2544  accuracy: 97.81% -> 97.81%     
client [6]  (testset)   loss: 0.0160 -> 0.0168  accuracy: 99.74% -> 99.74%     
client [34] (testset)   loss: 0.6081 -> 0.6078  accuracy: 94.44% -> 94.44%     
client [15] (testset)   loss: 0.1021 -> 0.1023  accuracy: 99.08% -> 99.08%     
client [47] (testset)   loss: 0.0000 -> 0.0000  accuracy: 100.00% -> 100.00%   
client [51] (testset)   loss: 0.0001 -> 0.0001  accuracy: 100.00% -> 100.00%   
client [55] (testset)   loss: 0.0166 -> 0.0155  accuracy: 99.23% -> 99.23%     
client [95] (testset)   loss: 0.0005 -> 0.0005  accuracy: 100.00% -> 100.00%   
---------------------------- TRAINING EPOCH: 230 ----------------------------  
client [15] (testset)   loss: 0.1028 -> 0.1026  accuracy: 99.08% -> 99.08%     
client [71] (testset)   loss: 0.0044 -> 0.0041  accuracy: 99.77% -> 99.77%     
client [99] (testset)   loss: 0.0381 -> 0.0387  accuracy: 95.24% -> 95.24%     
client [33] (testset)   loss: 0.1026 -> 0.1035  accuracy: 99.35% -> 99.35%     
client [90] (testset)   loss: 0.0691 -> 0.0698  accuracy: 97.81% -> 97.81%     
client [27] (testset)   loss: 0.0353 -> 0.0351  accuracy: 98.93% -> 98.93%     
client [57] (testset)   loss: 0.0461 -> 0.0466  accuracy: 99.52% -> 99.52%     
client [78] (testset)   loss: 0.0119 -> 0.0116  accuracy: 99.36% -> 99.36%     
client [36] (testset)   loss: 0.0652 -> 0.0655  accuracy: 98.98% -> 98.98%     
client [88] (testset)   loss: 0.0001 -> 0.0001  accuracy: 100.00% -> 100.00%   
---------------------------- TRAINING EPOCH: 240 ----------------------------  
client [35] (testset)   loss: 0.0404 -> 0.0391  accuracy: 99.02% -> 99.02%     
client [16] (testset)   loss: 0.0000 -> 0.0000  accuracy: 100.00% -> 100.00%   
client [80] (testset)   loss: 0.0000 -> 0.0000  accuracy: 100.00% -> 100.00%   
client [38] (testset)   loss: 0.0034 -> 0.0031  accuracy: 100.00% -> 100.00%   
client [70] (testset)   loss: 0.0454 -> 0.0455  accuracy: 99.27% -> 99.27%     
client [78] (testset)   loss: 0.0113 -> 0.0111  accuracy: 99.36% -> 99.36%     
client [11] (testset)   loss: 0.0000 -> 0.0000  accuracy: 100.00% -> 100.00%   
client [68] (testset)   loss: 0.0584 -> 0.0610  accuracy: 98.31% -> 98.31%     
client [82] (testset)   loss: 0.2164 -> 0.2175  accuracy: 95.77% -> 95.77%     
client [64] (testset)   loss: 0.0217 -> 0.0212  accuracy: 99.44% -> 99.44%     
---------------------------- TRAINING EPOCH: 250 ----------------------------  
client [30] (testset)   loss: 0.2182 -> 0.2184  accuracy: 95.00% -> 95.00%     
client [27] (testset)   loss: 0.0362 -> 0.0361  accuracy: 98.93% -> 98.93%     
client [74] (testset)   loss: 0.1588 -> 0.1644  accuracy: 98.77% -> 98.46%     
client [45] (testset)   loss: 0.0376 -> 0.0388  accuracy: 99.69% -> 99.69%     
client [36] (testset)   loss: 0.0668 -> 0.0672  accuracy: 98.98% -> 98.98%     
client [6]  (testset)   loss: 0.0169 -> 0.0175  accuracy: 99.74% -> 99.74%     
client [76] (testset)   loss: 0.1951 -> 0.1979  accuracy: 97.40% -> 97.40%     
client [63] (testset)   loss: 0.0453 -> 0.0460  accuracy: 98.54% -> 98.54%     
client [83] (testset)   loss: 0.1648 -> 0.1641  accuracy: 96.80% -> 96.80%     
client [86] (testset)   loss: 0.0102 -> 0.0098  accuracy: 99.73% -> 99.73%     
---------------------------- TRAINING EPOCH: 260 ----------------------------  
client [99] (testset)   loss: 0.0385 -> 0.0382  accuracy: 95.24% -> 95.24%     
client [83] (testset)   loss: 0.1653 -> 0.1648  accuracy: 96.80% -> 96.80%     
client [73] (testset)   loss: 0.1082 -> 0.1101  accuracy: 94.12% -> 94.12%     
client [74] (testset)   loss: 0.1621 -> 0.1684  accuracy: 98.77% -> 98.46%     
client [92] (testset)   loss: 0.0000 -> 0.0000  accuracy: 100.00% -> 100.00%   
client [29] (testset)   loss: 0.0533 -> 0.0549  accuracy: 98.89% -> 98.89%     
client [6]  (testset)   loss: 0.0172 -> 0.0176  accuracy: 99.74% -> 99.74%     
client [61] (testset)   loss: 0.0041 -> 0.0041  accuracy: 99.71% -> 99.71%     
client [21] (testset)   loss: 0.0250 -> 0.0239  accuracy: 99.02% -> 99.02%     
client [67] (testset)   loss: 0.0000 -> 0.0000  accuracy: 100.00% -> 100.00%   
---------------------------- TRAINING EPOCH: 270 ----------------------------  
client [32] (testset)   loss: 0.0782 -> 0.0778  accuracy: 97.62% -> 97.62%     
client [83] (testset)   loss: 0.1683 -> 0.1668  accuracy: 96.80% -> 96.80%     
client [95] (testset)   loss: 0.0005 -> 0.0005  accuracy: 100.00% -> 100.00%   
client [61] (testset)   loss: 0.0046 -> 0.0046  accuracy: 99.71% -> 99.71%     
client [27] (testset)   loss: 0.0375 -> 0.0373  accuracy: 98.93% -> 98.93%     
client [68] (testset)   loss: 0.0643 -> 0.0670  accuracy: 98.31% -> 98.31%     
client [25] (testset)   loss: 0.0001 -> 0.0001  accuracy: 100.00% -> 100.00%   
client [34] (testset)   loss: 0.6581 -> 0.6578  accuracy: 94.44% -> 94.44%     
client [89] (testset)   loss: 0.0012 -> 0.0013  accuracy: 100.00% -> 100.00%   
client [71] (testset)   loss: 0.0045 -> 0.0044  accuracy: 99.54% -> 99.54%     
---------------------------- TRAINING EPOCH: 280 ----------------------------  
client [78] (testset)   loss: 0.0098 -> 0.0096  accuracy: 100.00% -> 100.00%   
client [51] (testset)   loss: 0.0001 -> 0.0001  accuracy: 100.00% -> 100.00%   
client [54] (testset)   loss: 0.7235 -> 0.7255  accuracy: 93.02% -> 93.02%     
client [81] (testset)   loss: 0.0055 -> 0.0058  accuracy: 99.38% -> 99.38%     
client [41] (testset)   loss: 0.0008 -> 0.0008  accuracy: 100.00% -> 100.00%   
client [11] (testset)   loss: 0.0000 -> 0.0000  accuracy: 100.00% -> 100.00%   
client [65] (testset)   loss: 0.0298 -> 0.0299  accuracy: 99.16% -> 99.16%     
client [85] (testset)   loss: 0.0576 -> 0.0567  accuracy: 98.45% -> 98.45%     
client [12] (testset)   loss: 0.0240 -> 0.0233  accuracy: 99.01% -> 99.01%     
client [23] (testset)   loss: 0.0000 -> 0.0000  accuracy: 100.00% -> 100.00%   
---------------------------- TRAINING EPOCH: 290 ----------------------------  
client [16] (testset)   loss: 0.0000 -> 0.0000  accuracy: 100.00% -> 100.00%   
client [53] (testset)   loss: 0.0002 -> 0.0002  accuracy: 100.00% -> 100.00%   
client [65] (testset)   loss: 0.0301 -> 0.0301  accuracy: 99.16% -> 99.16%     
client [58] (testset)   loss: 0.0870 -> 0.0870  accuracy: 98.58% -> 98.58%     
client [72] (testset)   loss: 0.0076 -> 0.0076  accuracy: 100.00% -> 100.00%   
client [7]  (testset)   loss: 0.0000 -> 0.0000  accuracy: 100.00% -> 100.00%   
client [59] (testset)   loss: 0.0001 -> 0.0001  accuracy: 100.00% -> 100.00%   
client [71] (testset)   loss: 0.0045 -> 0.0046  accuracy: 99.54% -> 99.54%     
client [86] (testset)   loss: 0.0103 -> 0.0100  accuracy: 99.73% -> 99.73%     
client [39] (testset)   loss: 0.0008 -> 0.0010  accuracy: 100.00% -> 100.00%   
---------------------------- TRAINING EPOCH: 300 ----------------------------  
client [7]  (testset)   loss: 0.0000 -> 0.0000  accuracy: 100.00% -> 100.00%   
client [99] (testset)   loss: 0.0377 -> 0.0373  accuracy: 95.24% -> 95.24%     
client [17] (testset)   loss: 0.0276 -> 0.0277  accuracy: 99.61% -> 99.61%     
client [64] (testset)   loss: 0.0224 -> 0.0224  accuracy: 99.44% -> 99.44%     
client [37] (testset)   loss: 0.2052 -> 0.2057  accuracy: 97.40% -> 97.40%     
client [93] (testset)   loss: 0.0004 -> 0.0004  accuracy: 100.00% -> 100.00%   
client [29] (testset)   loss: 0.0559 -> 0.0569  accuracy: 98.89% -> 98.52%     
client [73] (testset)   loss: 0.1163 -> 0.1174  accuracy: 94.12% -> 94.12%     
client [40] (testset)   loss: 0.0001 -> 0.0001  accuracy: 100.00% -> 100.00%   
client [76] (testset)   loss: 0.2070 -> 0.2065  accuracy: 97.40% -> 97.40%     
---------------------------- TRAINING EPOCH: 310 ----------------------------  
client [31] (testset)   loss: 0.1233 -> 0.1234  accuracy: 85.71% -> 85.71%     
client [89] (testset)   loss: 0.0011 -> 0.0011  accuracy: 100.00% -> 100.00%   
client [77] (testset)   loss: 0.0819 -> 0.0818  accuracy: 97.95% -> 97.95%     
client [26] (testset)   loss: 0.2169 -> 0.2191  accuracy: 95.83% -> 95.83%     
client [90] (testset)   loss: 0.0739 -> 0.0742  accuracy: 97.81% -> 97.81%     
client [30] (testset)   loss: 0.2308 -> 0.2311  accuracy: 95.00% -> 95.00%     
client [50] (testset)   loss: 0.0374 -> 0.0372  accuracy: 98.46% -> 98.46%     
client [41] (testset)   loss: 0.0007 -> 0.0007  accuracy: 100.00% -> 100.00%   
client [99] (testset)   loss: 0.0371 -> 0.0364  accuracy: 95.24% -> 95.24%     
client [70] (testset)   loss: 0.0488 -> 0.0487  accuracy: 99.08% -> 99.08%     
---------------------------- TRAINING EPOCH: 320 ----------------------------  
client [68] (testset)   loss: 0.0681 -> 0.0690  accuracy: 98.31% -> 98.31%     
client [52] (testset)   loss: 0.0000 -> 0.0000  accuracy: 100.00% -> 100.00%   
client [1]  (testset)   loss: 0.0637 -> 0.0639  accuracy: 98.33% -> 98.33%     
client [70] (testset)   loss: 0.0490 -> 0.0493  accuracy: 99.08% -> 99.08%     
client [67] (testset)   loss: 0.0000 -> 0.0000  accuracy: 100.00% -> 100.00%   
client [92] (testset)   loss: 0.0000 -> 0.0000  accuracy: 100.00% -> 100.00%   
client [35] (testset)   loss: 0.0415 -> 0.0412  accuracy: 99.02% -> 99.02%     
client [2]  (testset)   loss: 0.0081 -> 0.0083  accuracy: 99.62% -> 99.62%     
client [36] (testset)   loss: 0.0697 -> 0.0700  accuracy: 98.98% -> 98.98%     
client [64] (testset)   loss: 0.0227 -> 0.0229  accuracy: 99.44% -> 99.44%     
---------------------------- TRAINING EPOCH: 330 ----------------------------  
client [44] (testset)   loss: 0.0630 -> 0.0629  accuracy: 99.40% -> 99.40%     
client [6]  (testset)   loss: 0.0181 -> 0.0181  accuracy: 99.74% -> 99.74%     
client [12] (testset)   loss: 0.0244 -> 0.0236  accuracy: 99.01% -> 99.01%     
client [55] (testset)   loss: 0.0162 -> 0.0158  accuracy: 99.23% -> 99.23%     
client [29] (testset)   loss: 0.0572 -> 0.0579  accuracy: 98.89% -> 98.52%     
client [43] (testset)   loss: 0.1056 -> 0.1051  accuracy: 97.86% -> 97.86%     
client [77] (testset)   loss: 0.0826 -> 0.0827  accuracy: 97.95% -> 97.95%     
client [98] (testset)   loss: 0.0028 -> 0.0029  accuracy: 100.00% -> 100.00%   
client [9]  (testset)   loss: 0.0552 -> 0.0551  accuracy: 98.70% -> 98.70%     
client [78] (testset)   loss: 0.0095 -> 0.0094  accuracy: 100.00% -> 100.00%   
---------------------------- TRAINING EPOCH: 340 ----------------------------  
client [92] (testset)   loss: 0.0000 -> 0.0000  accuracy: 100.00% -> 100.00%   
client [80] (testset)   loss: 0.0000 -> 0.0000  accuracy: 100.00% -> 100.00%   
client [76] (testset)   loss: 0.2149 -> 0.2165  accuracy: 97.40% -> 97.40%     
client [63] (testset)   loss: 0.0475 -> 0.0474  accuracy: 98.54% -> 98.54%     
client [78] (testset)   loss: 0.0096 -> 0.0095  accuracy: 100.00% -> 100.00%   
client [25] (testset)   loss: 0.0001 -> 0.0001  accuracy: 100.00% -> 100.00%   
client [13] (testset)   loss: 0.1599 -> 0.1665  accuracy: 91.67% -> 91.67%     
client [58] (testset)   loss: 0.0903 -> 0.0903  accuracy: 98.58% -> 98.58%     
client [38] (testset)   loss: 0.0025 -> 0.0025  accuracy: 100.00% -> 100.00%   
client [17] (testset)   loss: 0.0284 -> 0.0287  accuracy: 99.61% -> 99.61%     
---------------------------- TRAINING EPOCH: 350 ----------------------------  
client [72] (testset)   loss: 0.0073 -> 0.0072  accuracy: 100.00% -> 100.00%   
client [82] (testset)   loss: 0.2383 -> 0.2391  accuracy: 95.77% -> 95.77%     
client [51] (testset)   loss: 0.0001 -> 0.0001  accuracy: 100.00% -> 100.00%   
client [96] (testset)   loss: 0.0002 -> 0.0002  accuracy: 100.00% -> 100.00%   
client [86] (testset)   loss: 0.0105 -> 0.0104  accuracy: 99.73% -> 99.73%     
client [42] (testset)   loss: 0.2758 -> 0.2760  accuracy: 97.81% -> 97.81%     
client [13] (testset)   loss: 0.1682 -> 0.1601  accuracy: 91.67% -> 91.67%     
client [1]  (testset)   loss: 0.0651 -> 0.0651  accuracy: 98.33% -> 98.33%     
client [55] (testset)   loss: 0.0157 -> 0.0155  accuracy: 99.23% -> 99.23%     
client [12] (testset)   loss: 0.0245 -> 0.0230  accuracy: 99.01% -> 99.01%     
---------------------------- TRAINING EPOCH: 360 ----------------------------  
client [23] (testset)   loss: 0.0000 -> 0.0000  accuracy: 100.00% -> 100.00%   
client [68] (testset)   loss: 0.0697 -> 0.0698  accuracy: 98.31% -> 98.31%     
client [41] (testset)   loss: 0.0007 -> 0.0007  accuracy: 100.00% -> 100.00%   
client [25] (testset)   loss: 0.0001 -> 0.0001  accuracy: 100.00% -> 100.00%   
client [58] (testset)   loss: 0.0909 -> 0.0910  accuracy: 98.58% -> 98.58%     
client [46] (testset)   loss: 0.0483 -> 0.0486  accuracy: 99.32% -> 99.32%     
client [14] (testset)   loss: 0.0509 -> 0.0511  accuracy: 98.61% -> 98.61%     
client [85] (testset)   loss: 0.0577 -> 0.0572  accuracy: 98.45% -> 98.45%     
client [62] (testset)   loss: 0.0017 -> 0.0018  accuracy: 100.00% -> 100.00%   
client [33] (testset)   loss: 0.1117 -> 0.1119  accuracy: 99.35% -> 99.35%     
---------------------------- TRAINING EPOCH: 370 ----------------------------  
client [98] (testset)   loss: 0.0019 -> 0.0021  accuracy: 100.00% -> 100.00%   
client [63] (testset)   loss: 0.0485 -> 0.0486  accuracy: 98.54% -> 98.54%     
client [65] (testset)   loss: 0.0311 -> 0.0312  accuracy: 99.16% -> 99.16%     
client [70] (testset)   loss: 0.0503 -> 0.0503  accuracy: 99.08% -> 99.08%     
client [14] (testset)   loss: 0.0515 -> 0.0515  accuracy: 98.61% -> 98.61%     
client [73] (testset)   loss: 0.1208 -> 0.1248  accuracy: 94.12% -> 94.12%     
client [34] (testset)   loss: 0.7103 -> 0.7101  accuracy: 94.44% -> 94.44%     
client [99] (testset)   loss: 0.0376 -> 0.0374  accuracy: 95.24% -> 95.24%     
client [46] (testset)   loss: 0.0486 -> 0.0489  accuracy: 99.32% -> 99.32%     
client [69] (testset)   loss: 0.0171 -> 0.0173  accuracy: 99.45% -> 99.45%     
---------------------------- TRAINING EPOCH: 380 ----------------------------  
client [99] (testset)   loss: 0.0363 -> 0.0361  accuracy: 95.24% -> 95.24%     
client [93] (testset)   loss: 0.0003 -> 0.0003  accuracy: 100.00% -> 100.00%   
client [11] (testset)   loss: 0.0000 -> 0.0000  accuracy: 100.00% -> 100.00%   
client [58] (testset)   loss: 0.0911 -> 0.0911  accuracy: 98.58% -> 98.58%     
client [81] (testset)   loss: 0.0063 -> 0.0065  accuracy: 99.38% -> 99.38%     
client [89] (testset)   loss: 0.0010 -> 0.0010  accuracy: 100.00% -> 100.00%   
client [85] (testset)   loss: 0.0587 -> 0.0582  accuracy: 98.45% -> 98.45%     
client [8]  (testset)   loss: 0.0010 -> 0.0010  accuracy: 100.00% -> 100.00%   
client [68] (testset)   loss: 0.0725 -> 0.0754  accuracy: 98.31% -> 98.31%     
client [45] (testset)   loss: 0.0411 -> 0.0416  accuracy: 99.69% -> 99.69%     
---------------------------- TRAINING EPOCH: 390 ----------------------------  
client [67] (testset)   loss: 0.0000 -> 0.0000  accuracy: 100.00% -> 100.00%   
client [72] (testset)   loss: 0.0070 -> 0.0068  accuracy: 100.00% -> 100.00%   
client [1]  (testset)   loss: 0.0655 -> 0.0657  accuracy: 98.33% -> 98.33%     
client [78] (testset)   loss: 0.0088 -> 0.0087  accuracy: 100.00% -> 100.00%   
client [21] (testset)   loss: 0.0247 -> 0.0245  accuracy: 99.02% -> 99.02%     
client [83] (testset)   loss: 0.1798 -> 0.1788  accuracy: 96.80% -> 96.80%     
client [56] (testset)   loss: 0.0555 -> 0.0558  accuracy: 98.92% -> 98.92%     
client [92] (testset)   loss: 0.0000 -> 0.0000  accuracy: 100.00% -> 100.00%   
client [44] (testset)   loss: 0.0642 -> 0.0643  accuracy: 99.40% -> 99.40%     
client [27] (testset)   loss: 0.0410 -> 0.0409  accuracy: 98.93% -> 98.93%     
---------------------------- TRAINING EPOCH: 400 ----------------------------  
client [10] (testset)   loss: 0.0000 -> 0.0000  accuracy: 100.00% -> 100.00%   
client [65] (testset)   loss: 0.0313 -> 0.0314  accuracy: 99.16% -> 99.16%     
client [39] (testset)   loss: 0.0007 -> 0.0008  accuracy: 100.00% -> 100.00%   
client [26] (testset)   loss: 0.2315 -> 0.2328  accuracy: 95.83% -> 95.83%     
client [19] (testset)   loss: 0.0253 -> 0.0250  accuracy: 98.15% -> 98.15%     
client [41] (testset)   loss: 0.0006 -> 0.0006  accuracy: 100.00% -> 100.00%   
client [68] (testset)   loss: 0.0738 -> 0.0736  accuracy: 98.31% -> 98.31%     
client [50] (testset)   loss: 0.0384 -> 0.0376  accuracy: 98.46% -> 98.46%     
client [75] (testset)   loss: 0.0237 -> 0.0239  accuracy: 99.38% -> 99.38%     
client [81] (testset)   loss: 0.0065 -> 0.0068  accuracy: 99.38% -> 99.38%     
FedPer's average time taken by each global epoch: 0 min 2.09 sec.              
FedPer's total running time: 0 h 15 m 10 s.                                    
==================== FedPer Experiment Results: ====================           
Display format: (before local fine-tuning) -> (after local fine-tuning)        
 So if finetune_epoch = 0, x.xx% -> 0.00% is normal.                           
 Centralized testing ONLY happens after model aggregation, so the stats between
'->' are the same.                                                             
{                                                                              
    "100": {                                                                   
        "all_clients": {                                                       
            "test": {                                                          
                "loss": "0.0393 -> 0.0397",                                    
                "accuracy": "99.10% -> 99.10%"                                 
            }                                                                  
        }                                                                      
    },                                                                         
    "200": {                                                                   
        "all_clients": {                                                       
            "test": {                                                          
                "loss": "0.0465 -> 0.0468",                                    
                "accuracy": "99.12% -> 99.10%"                                 
            }                                                                  
        }                                                                      
    },                                                                         
    "300": {                                                                   
        "all_clients": {                                                       
            "test": {                                                          
                "loss": "0.0508 -> 0.0509",                                    
                "accuracy": "99.10% -> 99.09%"                                 
            }                                                                  
        }                                                                      
    },                                                                         
    "400": {                                                                   
        "all_clients": {                                                       
            "test": {                                                          
                "loss": "0.0533 -> 0.0534",                                    
                "accuracy": "99.09% -> 99.07%"                                 
            }                                                                  
        }                                                                      
    }                                                                          
}                                                                              
==================== FedPer Max Accuracy ====================                  
all_clients:                                                                   
(test) before fine-tuning: 99.12% at epoch 200                                 
(test) after fine-tuning: 99.10% at epoch 100                                  
