==================== FedDpa ====================                               
Experiment Arguments:                                                          
{
    'method': 'feddpa',
    'dataset': {
        'name': 'emnist',
        'client_num': 100,
        'test_ratio': 0.25,
        'val_ratio': 0.0,
        'seed': 42,
        'split': 'sample',
        'IID_ratio': 0.0,
        'monitor_window_name_suffix': 'emnist-100clients-0%IID-Dir(0.1)-seed42',
        'emnist_split': 'byclass',
        'alpha': 0.1,
        'min_samples_per_client': 10
    },
    'model': {
        'name': 'avgcnn',
        'use_torchvision_pretrained_weights': True,
        'external_model_weights_path': None
    },
    'optimizer': {
        'lr': 0.01,
        'dampening': 0,
        'weight_decay': 0,
        'momentum': 0.7,
        'nesterov': False,
        'name': 'sgd'
    },
    'mode': 'serial',
    'parallel': {
        'ray_cluster_addr': None,
        'num_cpus': None,
        'num_gpus': None,
        'num_workers': 2
    },
    'common': {
        'seed': 42,
        'join_ratio': 0.1,
        'global_epoch': 400,
        'local_epoch': 5,
        'batch_size': 32,
        'reset_optimizer_on_global_epoch': True,
        'straggler_ratio': 0,
        'straggler_min_local_epoch': 0,
        'buffers': 'global',
        'client_side_evaluation': True,
        'test': {
            'client': {
                'interval': 100,
                'finetune_epoch': 5,
                'train': False,
                'val': False,
                'test': True
            },
            'server': {
                'interval': -1,
                'train': False,
                'val': False,
                'test': True,
                'model_in_train_mode': False
            }
        },
        'verbose_gap': 10,
        'monitor': None,
        'use_cuda': True,
        'save_log': True,
        'save_model': False,
        'save_learning_curve_plot': True,
        'save_metrics': True,
        'delete_useless_run': True
    },
    'fedprox': {
        'mu': 0.01
    },
    'pfedsim': {
        'warmup_round': 0.5
    },
    'feddpa': {
        'fisher_threshold': 0.4
    }
}
---------------------------- TRAINING EPOCH: 10 ----------------------------   
client [77] (testset)   loss: 0.3553 -> 0.1644  accuracy: 90.54% -> 95.66%     
client [81] (testset)   loss: 0.7445 -> 0.2855  accuracy: 67.04% -> 88.37%     
client [21] (testset)   loss: 1.1090 -> 0.1929  accuracy: 68.46% -> 94.04%     
client [68] (testset)   loss: 0.5921 -> 0.1641  accuracy: 81.90% -> 95.34%     
client [93] (testset)   loss: 0.3848 -> 0.1404  accuracy: 87.59% -> 95.45%     
client [31] (testset)   loss: 0.6525 -> 0.1975  accuracy: 80.78% -> 93.28%     
client [20] (testset)   loss: 1.0216 -> 0.2009  accuracy: 51.38% -> 94.44%     
client [59] (testset)   loss: 0.4570 -> 0.2266  accuracy: 86.11% -> 92.32%     
client [48] (testset)   loss: 1.5445 -> 0.4462  accuracy: 54.65% -> 81.59%     
client [34] (testset)   loss: 0.7572 -> 0.1102  accuracy: 71.98% -> 97.40%     
---------------------------- TRAINING EPOCH: 20 ----------------------------   
client [69] (testset)   loss: 0.5979 -> 0.2214  accuracy: 85.38% -> 93.70%     
client [99] (testset)   loss: 0.4422 -> 0.1150  accuracy: 80.19% -> 96.59%     
client [67] (testset)   loss: 0.3016 -> 0.1383  accuracy: 87.50% -> 94.49%     
client [0]  (testset)   loss: 0.5499 -> 0.1320  accuracy: 78.00% -> 96.58%     
client [76] (testset)   loss: 0.4680 -> 0.1114  accuracy: 86.22% -> 96.04%     
client [41] (testset)   loss: 0.5087 -> 0.2429  accuracy: 84.20% -> 91.97%     
client [62] (testset)   loss: 0.5833 -> 0.1687  accuracy: 85.15% -> 95.90%     
client [2]  (testset)   loss: 0.4987 -> 0.1160  accuracy: 83.28% -> 97.24%     
client [14] (testset)   loss: 0.6384 -> 0.1711  accuracy: 73.29% -> 95.17%     
client [46] (testset)   loss: 0.5987 -> 0.0712  accuracy: 79.37% -> 98.49%     
---------------------------- TRAINING EPOCH: 30 ----------------------------   
client [24] (testset)   loss: 0.4467 -> 0.1148  accuracy: 85.30% -> 96.01%     
client [68] (testset)   loss: 0.5326 -> 0.1278  accuracy: 80.21% -> 97.04%     
client [57] (testset)   loss: 0.5257 -> 0.0530  accuracy: 74.68% -> 99.25%     
client [17] (testset)   loss: 0.8966 -> 0.2392  accuracy: 68.95% -> 93.49%     
client [54] (testset)   loss: 0.6018 -> 0.1213  accuracy: 78.36% -> 96.39%     
client [23] (testset)   loss: 0.6460 -> 0.3584  accuracy: 74.54% -> 84.27%     
client [35] (testset)   loss: 0.2413 -> 0.0845  accuracy: 93.00% -> 97.88%     
client [59] (testset)   loss: 0.3857 -> 0.2045  accuracy: 87.69% -> 92.16%     
client [31] (testset)   loss: 0.3609 -> 0.1723  accuracy: 88.63% -> 94.31%     
client [9]  (testset)   loss: 0.2838 -> 0.1664  accuracy: 92.18% -> 95.48%     
---------------------------- TRAINING EPOCH: 40 ----------------------------   
client [64] (testset)   loss: 0.7666 -> 0.2969  accuracy: 69.64% -> 92.41%     
client [33] (testset)   loss: 0.3412 -> 0.0849  accuracy: 89.58% -> 98.13%     
client [16] (testset)   loss: 0.4544 -> 0.2050  accuracy: 83.94% -> 94.57%     
client [44] (testset)   loss: 0.7108 -> 0.2252  accuracy: 76.81% -> 93.83%     
client [8]  (testset)   loss: 0.6796 -> 0.2297  accuracy: 76.34% -> 93.13%     
client [31] (testset)   loss: 0.3382 -> 0.1714  accuracy: 89.58% -> 94.44%     
client [47] (testset)   loss: 0.4892 -> 0.1988  accuracy: 79.15% -> 94.19%     
client [36] (testset)   loss: 0.4122 -> 0.1105  accuracy: 84.06% -> 97.02%     
client [20] (testset)   loss: 0.5506 -> 0.1926  accuracy: 78.54% -> 94.31%     
client [56] (testset)   loss: 0.5592 -> 0.0820  accuracy: 77.72% -> 98.45%     
---------------------------- TRAINING EPOCH: 50 ----------------------------   
client [4]  (testset)   loss: 0.6159 -> 0.3141  accuracy: 79.49% -> 88.69%     
client [60] (testset)   loss: 0.4048 -> 0.0495  accuracy: 85.56% -> 98.76%     
client [28] (testset)   loss: 0.2157 -> 0.1163  accuracy: 92.36% -> 95.37%     
client [25] (testset)   loss: 0.6143 -> 0.0796  accuracy: 80.46% -> 96.93%     
client [58] (testset)   loss: 0.2427 -> 0.0696  accuracy: 90.69% -> 98.68%     
client [44] (testset)   loss: 0.7153 -> 0.2300  accuracy: 79.04% -> 93.19%     
client [39] (testset)   loss: 0.6453 -> 0.1125  accuracy: 77.98% -> 96.79%     
client [29] (testset)   loss: 0.3527 -> 0.1572  accuracy: 87.09% -> 94.92%     
client [3]  (testset)   loss: 0.3177 -> 0.1212  accuracy: 91.65% -> 96.85%     
client [84] (testset)   loss: 0.3171 -> 0.1042  accuracy: 89.33% -> 95.90%     
---------------------------- TRAINING EPOCH: 60 ----------------------------   
client [21] (testset)   loss: 0.3230 -> 0.1373  accuracy: 88.95% -> 96.11%     
client [84] (testset)   loss: 0.4397 -> 0.1140  accuracy: 87.28% -> 96.44%     
client [10] (testset)   loss: 0.5723 -> 0.1790  accuracy: 75.10% -> 93.15%     
client [36] (testset)   loss: 0.5462 -> 0.1170  accuracy: 81.02% -> 96.56%     
client [65] (testset)   loss: 0.4662 -> 0.2593  accuracy: 83.29% -> 92.09%     
client [81] (testset)   loss: 0.4568 -> 0.2977  accuracy: 83.17% -> 88.16%     
client [79] (testset)   loss: 0.6351 -> 0.2734  accuracy: 75.16% -> 93.26%     
client [42] (testset)   loss: 0.6443 -> 0.1860  accuracy: 75.71% -> 94.79%     
client [11] (testset)   loss: 0.2667 -> 0.1134  accuracy: 90.97% -> 97.31%     
client [96] (testset)   loss: 0.6315 -> 0.1468  accuracy: 72.05% -> 96.77%     
---------------------------- TRAINING EPOCH: 70 ----------------------------   
client [8]  (testset)   loss: 0.7282 -> 0.2323  accuracy: 75.87% -> 92.43%     
client [53] (testset)   loss: 0.3299 -> 0.1299  accuracy: 91.23% -> 97.25%     
client [52] (testset)   loss: 0.4667 -> 0.2574  accuracy: 83.46% -> 91.40%     
client [42] (testset)   loss: 0.4280 -> 0.1775  accuracy: 88.37% -> 94.67%     
client [69] (testset)   loss: 0.4604 -> 0.2166  accuracy: 87.40% -> 94.71%     
client [59] (testset)   loss: 0.3718 -> 0.1954  accuracy: 88.18% -> 93.41%     
client [7]  (testset)   loss: 0.5188 -> 0.1710  accuracy: 82.06% -> 95.83%     
client [26] (testset)   loss: 1.0543 -> 0.2208  accuracy: 57.62% -> 93.59%     
client [49] (testset)   loss: 0.0911 -> 0.0678  accuracy: 97.11% -> 98.19%     
client [98] (testset)   loss: 0.2854 -> 0.0972  accuracy: 91.13% -> 97.01%     
---------------------------- TRAINING EPOCH: 80 ----------------------------   
client [98] (testset)   loss: 0.3191 -> 0.0969  accuracy: 91.53% -> 96.96%     
client [47] (testset)   loss: 0.8021 -> 0.2158  accuracy: 76.41% -> 93.25%     
client [21] (testset)   loss: 0.3723 -> 0.1418  accuracy: 88.12% -> 96.04%     
client [77] (testset)   loss: 0.2923 -> 0.1364  accuracy: 91.97% -> 96.57%     
client [95] (testset)   loss: 0.8593 -> 0.1342  accuracy: 64.34% -> 96.80%     
client [91] (testset)   loss: 0.5995 -> 0.0674  accuracy: 78.91% -> 98.64%     
client [14] (testset)   loss: 0.4143 -> 0.1747  accuracy: 83.87% -> 95.95%     
client [99] (testset)   loss: 0.2542 -> 0.1144  accuracy: 90.41% -> 96.77%     
client [20] (testset)   loss: 0.8227 -> 0.1877  accuracy: 71.44% -> 94.80%     
client [39] (testset)   loss: 0.7614 -> 0.1136  accuracy: 73.62% -> 97.46%     
---------------------------- TRAINING EPOCH: 90 ----------------------------   
client [52] (testset)   loss: 0.8299 -> 0.2630  accuracy: 71.28% -> 92.07%     
client [62] (testset)   loss: 0.4261 -> 0.1635  accuracy: 89.82% -> 96.79%     
client [71] (testset)   loss: 0.1644 -> 0.1005  accuracy: 94.88% -> 97.82%     
client [97] (testset)   loss: 0.2596 -> 0.0913  accuracy: 92.51% -> 97.78%     
client [30] (testset)   loss: 0.5569 -> 0.2307  accuracy: 81.50% -> 94.28%     
client [88] (testset)   loss: 0.6316 -> 0.2352  accuracy: 77.77% -> 93.02%     
client [60] (testset)   loss: 0.4240 -> 0.0543  accuracy: 87.18% -> 98.61%     
client [82] (testset)   loss: 0.6354 -> 0.3980  accuracy: 74.92% -> 82.59%     
client [91] (testset)   loss: 0.4295 -> 0.0647  accuracy: 87.93% -> 98.42%     
client [57] (testset)   loss: 0.3061 -> 0.0556  accuracy: 91.42% -> 98.50%     
---------------------------- TRAINING EPOCH: 100 ----------------------------  
client [31] (testset)   loss: 0.5092 -> 0.2034  accuracy: 83.77% -> 94.69%     
client [15] (testset)   loss: 0.7100 -> 0.2128  accuracy: 76.48% -> 92.89%     
client [71] (testset)   loss: 0.2452 -> 0.1006  accuracy: 90.70% -> 97.69%     
client [97] (testset)   loss: 0.2463 -> 0.0951  accuracy: 93.24% -> 98.00%     
client [53] (testset)   loss: 0.3570 -> 0.1490  accuracy: 91.28% -> 97.40%     
client [77] (testset)   loss: 0.3227 -> 0.1341  accuracy: 91.26% -> 96.96%     
client [76] (testset)   loss: 0.8450 -> 0.1078  accuracy: 67.16% -> 96.48%     
client [79] (testset)   loss: 0.9698 -> 0.2780  accuracy: 75.37% -> 92.53%     
client [28] (testset)   loss: 0.2290 -> 0.1187  accuracy: 92.46% -> 94.88%     
client [99] (testset)   loss: 0.4733 -> 0.1180  accuracy: 85.04% -> 96.91%     
---------------------------- TRAINING EPOCH: 110 ----------------------------  
client [97] (testset)   loss: 0.2032 -> 0.0919  accuracy: 94.51% -> 98.03%     
client [86] (testset)   loss: 0.6748 -> 0.3284  accuracy: 80.52% -> 91.62%     
client [34] (testset)   loss: 0.3753 -> 0.1199  accuracy: 88.62% -> 97.30%     
client [73] (testset)   loss: 0.3646 -> 0.2332  accuracy: 88.68% -> 94.06%     
client [5]  (testset)   loss: 0.4796 -> 0.1723  accuracy: 85.54% -> 95.78%     
client [96] (testset)   loss: 0.8319 -> 0.1872  accuracy: 73.03% -> 96.72%     
client [22] (testset)   loss: 0.3327 -> 0.2180  accuracy: 90.40% -> 94.99%     
client [60] (testset)   loss: 0.5546 -> 0.0593  accuracy: 83.01% -> 98.69%     
client [66] (testset)   loss: 0.6801 -> 0.1702  accuracy: 77.92% -> 96.96%     
client [83] (testset)   loss: 0.3890 -> 0.1815  accuracy: 88.32% -> 96.14%     
---------------------------- TRAINING EPOCH: 120 ----------------------------  
client [76] (testset)   loss: 0.3887 -> 0.1298  accuracy: 88.64% -> 96.19%     
client [65] (testset)   loss: 0.7414 -> 0.2989  accuracy: 73.65% -> 92.02%     
client [95] (testset)   loss: 0.6175 -> 0.1343  accuracy: 77.10% -> 97.04%     
client [17] (testset)   loss: 0.4820 -> 0.2713  accuracy: 87.69% -> 94.62%     
client [8]  (testset)   loss: 0.8665 -> 0.2400  accuracy: 73.81% -> 93.31%     
client [35] (testset)   loss: 0.2053 -> 0.0814  accuracy: 94.27% -> 98.35%     
client [98] (testset)   loss: 0.3264 -> 0.1033  accuracy: 90.62% -> 96.86%     
client [53] (testset)   loss: 0.2550 -> 0.1416  accuracy: 94.27% -> 97.30%     
client [43] (testset)   loss: 0.5632 -> 0.2953  accuracy: 80.20% -> 92.74%     
client [64] (testset)   loss: 1.5053 -> 0.3250  accuracy: 55.22% -> 91.46%     
---------------------------- TRAINING EPOCH: 130 ----------------------------  
client [21] (testset)   loss: 0.4109 -> 0.1499  accuracy: 86.48% -> 96.26%     
client [88] (testset)   loss: 0.7814 -> 0.2557  accuracy: 69.57% -> 92.16%     
client [38] (testset)   loss: 0.6596 -> 0.1287  accuracy: 78.05% -> 96.51%     
client [3]  (testset)   loss: 0.5500 -> 0.1625  accuracy: 81.25% -> 96.46%     
client [5]  (testset)   loss: 0.4899 -> 0.1562  accuracy: 85.06% -> 95.93%     
client [41] (testset)   loss: 0.4786 -> 0.2797  accuracy: 85.08% -> 92.66%     
client [7]  (testset)   loss: 0.7704 -> 0.1909  accuracy: 69.54% -> 95.96%     
client [37] (testset)   loss: 0.4574 -> 0.2362  accuracy: 85.66% -> 93.49%     
client [45] (testset)   loss: 0.5108 -> 0.3519  accuracy: 84.24% -> 89.19%     
client [47] (testset)   loss: 0.4591 -> 0.2290  accuracy: 83.93% -> 93.76%     
---------------------------- TRAINING EPOCH: 140 ----------------------------  
client [16] (testset)   loss: 0.4610 -> 0.2566  accuracy: 85.64% -> 92.70%     
client [11] (testset)   loss: 0.2228 -> 0.1109  accuracy: 93.03% -> 97.24%     
client [37] (testset)   loss: 0.5264 -> 0.2616  accuracy: 82.35% -> 92.99%     
client [41] (testset)   loss: 0.7502 -> 0.2743  accuracy: 80.82% -> 92.41%     
client [95] (testset)   loss: 0.5907 -> 0.1423  accuracy: 80.45% -> 96.80%     
client [53] (testset)   loss: 0.3265 -> 0.1487  accuracy: 91.86% -> 97.16%     
client [22] (testset)   loss: 0.2992 -> 0.2126  accuracy: 92.19% -> 95.13%     
client [25] (testset)   loss: 0.3962 -> 0.0664  accuracy: 88.80% -> 97.26%     
client [69] (testset)   loss: 0.5359 -> 0.2180  accuracy: 86.05% -> 94.94%     
client [46] (testset)   loss: 0.2601 -> 0.0904  accuracy: 91.90% -> 98.41%     
---------------------------- TRAINING EPOCH: 150 ----------------------------  
client [47] (testset)   loss: 0.3611 -> 0.2469  accuracy: 88.80% -> 93.33%     
client [69] (testset)   loss: 0.4917 -> 0.2028  accuracy: 89.31% -> 95.50%     
client [82] (testset)   loss: 0.6750 -> 0.4479  accuracy: 74.92% -> 81.31%     
client [45] (testset)   loss: 0.6104 -> 0.3502  accuracy: 81.16% -> 89.37%     
client [7]  (testset)   loss: 0.6642 -> 0.1957  accuracy: 77.82% -> 96.09%     
client [50] (testset)   loss: 1.1488 -> 0.0734  accuracy: 50.40% -> 98.66%     
client [35] (testset)   loss: 0.1963 -> 0.0928  accuracy: 94.71% -> 98.44%     
client [24] (testset)   loss: 0.4927 -> 0.1399  accuracy: 85.71% -> 96.18%     
client [15] (testset)   loss: 0.4377 -> 0.2308  accuracy: 83.47% -> 92.93%     
client [58] (testset)   loss: 0.3862 -> 0.0945  accuracy: 89.05% -> 98.53%     
---------------------------- TRAINING EPOCH: 160 ----------------------------  
client [48] (testset)   loss: 1.1077 -> 0.5207  accuracy: 65.70% -> 86.43%     
client [76] (testset)   loss: 0.4175 -> 0.1397  accuracy: 86.88% -> 95.89%     
client [67] (testset)   loss: 0.3820 -> 0.1624  accuracy: 85.11% -> 95.77%     
client [37] (testset)   loss: 0.6532 -> 0.2588  accuracy: 79.98% -> 93.31%     
client [58] (testset)   loss: 0.2229 -> 0.0899  accuracy: 94.42% -> 98.76%     
client [64] (testset)   loss: 1.1290 -> 0.3018  accuracy: 63.00% -> 91.65%     
client [77] (testset)   loss: 0.2562 -> 0.1676  accuracy: 94.30% -> 96.76%     
client [55] (testset)   loss: 0.6145 -> 0.2695  accuracy: 78.09% -> 92.72%     
client [12] (testset)   loss: 0.4457 -> 0.1625  accuracy: 85.55% -> 96.01%     
client [89] (testset)   loss: 1.2420 -> 0.3677  accuracy: 59.96% -> 90.84%     
---------------------------- TRAINING EPOCH: 170 ----------------------------  
client [84] (testset)   loss: 0.3916 -> 0.1380  accuracy: 89.74% -> 96.31%     
client [51] (testset)   loss: 0.6606 -> 0.2340  accuracy: 81.64% -> 94.57%     
client [8]  (testset)   loss: 0.7821 -> 0.2889  accuracy: 77.51% -> 93.01%     
client [18] (testset)   loss: 0.4841 -> 0.1821  accuracy: 88.32% -> 96.41%     
client [94] (testset)   loss: 0.2943 -> 0.1583  accuracy: 91.87% -> 96.81%     
client [81] (testset)   loss: 0.8325 -> 0.4323  accuracy: 74.41% -> 89.04%     
client [3]  (testset)   loss: 0.2961 -> 0.1725  accuracy: 92.28% -> 96.77%     
client [11] (testset)   loss: 0.2711 -> 0.1300  accuracy: 92.34% -> 96.83%     
client [95] (testset)   loss: 1.0469 -> 0.1510  accuracy: 64.53% -> 96.70%     
client [67] (testset)   loss: 0.4630 -> 0.1522  accuracy: 86.95% -> 95.22%     
---------------------------- TRAINING EPOCH: 180 ----------------------------  
client [21] (testset)   loss: 0.3366 -> 0.1784  accuracy: 89.53% -> 95.75%     
client [79] (testset)   loss: 0.7658 -> 0.3362  accuracy: 79.26% -> 92.53%     
client [58] (testset)   loss: 0.3490 -> 0.0988  accuracy: 89.62% -> 98.73%     
client [88] (testset)   loss: 0.6500 -> 0.2707  accuracy: 79.78% -> 92.73%     
client [46] (testset)   loss: 0.8539 -> 0.1050  accuracy: 68.14% -> 98.13%     
client [11] (testset)   loss: 0.3587 -> 0.1325  accuracy: 90.07% -> 97.10%     
client [55] (testset)   loss: 0.6850 -> 0.3457  accuracy: 76.11% -> 90.04%     
client [13] (testset)   loss: 0.2330 -> 0.0913  accuracy: 93.52% -> 98.41%     
client [31] (testset)   loss: 0.6329 -> 0.2080  accuracy: 83.56% -> 94.48%     
client [75] (testset)   loss: 0.4875 -> 0.1958  accuracy: 85.76% -> 96.00%     
---------------------------- TRAINING EPOCH: 190 ----------------------------  
client [19] (testset)   loss: 0.5850 -> 0.2324  accuracy: 82.23% -> 95.77%     
client [7]  (testset)   loss: 0.6744 -> 0.2256  accuracy: 77.43% -> 95.69%     
client [57] (testset)   loss: 0.3654 -> 0.0624  accuracy: 90.24% -> 98.61%     
client [13] (testset)   loss: 0.2910 -> 0.0823  accuracy: 91.55% -> 98.86%     
client [43] (testset)   loss: 0.5744 -> 0.3639  accuracy: 85.85% -> 92.37%     
client [91] (testset)   loss: 0.6582 -> 0.0881  accuracy: 81.47% -> 98.48%     
client [10] (testset)   loss: 0.7577 -> 0.2177  accuracy: 76.08% -> 91.33%     
client [64] (testset)   loss: 0.6501 -> 0.3596  accuracy: 83.49% -> 91.46%     
client [82] (testset)   loss: 0.9416 -> 0.5360  accuracy: 68.05% -> 80.57%     
client [22] (testset)   loss: 0.4334 -> 0.2455  accuracy: 89.36% -> 95.41%     
---------------------------- TRAINING EPOCH: 200 ----------------------------  
client [20] (testset)   loss: 0.5282 -> 0.2349  accuracy: 84.64% -> 94.89%     
client [23] (testset)   loss: 0.6385 -> 0.4535  accuracy: 77.02% -> 84.44%     
client [88] (testset)   loss: 0.9018 -> 0.2774  accuracy: 67.41% -> 92.81%     
client [98] (testset)   loss: 0.4057 -> 0.1069  accuracy: 87.32% -> 96.96%     
client [79] (testset)   loss: 0.5560 -> 0.3481  accuracy: 85.26% -> 92.32%     
client [21] (testset)   loss: 0.4547 -> 0.1906  accuracy: 86.05% -> 95.75%     
client [92] (testset)   loss: 0.6991 -> 0.3153  accuracy: 78.72% -> 94.57%     
client [56] (testset)   loss: 0.6012 -> 0.0935  accuracy: 85.48% -> 98.32%     
client [5]  (testset)   loss: 0.5239 -> 0.1932  accuracy: 86.39% -> 95.89%     
client [52] (testset)   loss: 0.5618 -> 0.3353  accuracy: 83.35% -> 91.73%     
---------------------------- TRAINING EPOCH: 210 ----------------------------  
client [67] (testset)   loss: 0.2671 -> 0.1802  accuracy: 91.73% -> 95.40%     
client [54] (testset)   loss: 0.6373 -> 0.1419  accuracy: 80.60% -> 95.90%     
client [14] (testset)   loss: 0.6449 -> 0.2134  accuracy: 77.82% -> 95.53%     
client [99] (testset)   loss: 0.3553 -> 0.1585  accuracy: 88.71% -> 96.48%     
client [36] (testset)   loss: 0.4302 -> 0.1753  accuracy: 87.16% -> 96.44%     
client [30] (testset)   loss: 0.9220 -> 0.2780  accuracy: 72.67% -> 94.52%     
client [38] (testset)   loss: 0.7980 -> 0.1431  accuracy: 75.38% -> 96.62%     
client [15] (testset)   loss: 0.5594 -> 0.2872  accuracy: 80.85% -> 93.88%     
client [6]  (testset)   loss: 0.5674 -> 0.2210  accuracy: 82.82% -> 95.95%     
client [53] (testset)   loss: 0.3547 -> 0.1869  accuracy: 92.34% -> 96.92%     
---------------------------- TRAINING EPOCH: 220 ----------------------------  
client [99] (testset)   loss: 0.5701 -> 0.1607  accuracy: 83.14% -> 96.42%     
client [6]  (testset)   loss: 0.5652 -> 0.2214  accuracy: 81.83% -> 95.74%     
client [83] (testset)   loss: 0.4208 -> 0.2279  accuracy: 87.68% -> 96.32%     
client [42] (testset)   loss: 0.6355 -> 0.2082  accuracy: 79.47% -> 94.61%     
client [34] (testset)   loss: 0.4964 -> 0.1393  accuracy: 86.21% -> 97.35%     
client [15] (testset)   loss: 0.5864 -> 0.2580  accuracy: 79.98% -> 93.84%     
client [47] (testset)   loss: 0.4723 -> 0.2552  accuracy: 84.96% -> 93.93%     
client [55] (testset)   loss: 0.5483 -> 0.3343  accuracy: 82.10% -> 91.75%     
client [51] (testset)   loss: 0.7470 -> 0.2426  accuracy: 74.21% -> 94.57%     
client [95] (testset)   loss: 0.4981 -> 0.1620  accuracy: 87.09% -> 96.80%     
---------------------------- TRAINING EPOCH: 230 ----------------------------  
client [71] (testset)   loss: 0.3418 -> 0.1416  accuracy: 89.88% -> 97.47%     
client [15] (testset)   loss: 0.8795 -> 0.2546  accuracy: 72.39% -> 93.68%     
client [33] (testset)   loss: 0.3774 -> 0.1112  accuracy: 89.17% -> 97.91%     
client [99] (testset)   loss: 0.4459 -> 0.1681  accuracy: 87.29% -> 96.53%     
client [90] (testset)   loss: 0.5201 -> 0.2745  accuracy: 84.55% -> 94.29%     
client [57] (testset)   loss: 0.9708 -> 0.0841  accuracy: 66.63% -> 98.93%     
client [27] (testset)   loss: 0.3705 -> 0.1584  accuracy: 91.01% -> 97.03%     
client [78] (testset)   loss: 0.8838 -> 0.2721  accuracy: 79.29% -> 93.48%     
client [36] (testset)   loss: 0.6752 -> 0.1710  accuracy: 81.08% -> 96.44%     
client [88] (testset)   loss: 0.6021 -> 0.2955  accuracy: 82.59% -> 92.95%     
---------------------------- TRAINING EPOCH: 240 ----------------------------  
client [70] (testset)   loss: 0.8185 -> 0.3478  accuracy: 79.59% -> 92.81%     
client [35] (testset)   loss: 0.2290 -> 0.1050  accuracy: 94.56% -> 98.38%     
client [16] (testset)   loss: 0.6727 -> 0.3176  accuracy: 75.91% -> 93.35%     
client [80] (testset)   loss: 0.9173 -> 0.1187  accuracy: 68.72% -> 97.81%     
client [38] (testset)   loss: 1.0615 -> 0.1533  accuracy: 77.23% -> 96.51%     
client [78] (testset)   loss: 0.8312 -> 0.2973  accuracy: 82.23% -> 93.64%     
client [68] (testset)   loss: 1.5567 -> 0.1910  accuracy: 60.53% -> 95.45%     
client [11] (testset)   loss: 0.4181 -> 0.1525  accuracy: 89.52% -> 96.76%     
client [64] (testset)   loss: 1.7253 -> 0.3807  accuracy: 59.20% -> 91.46%     
client [82] (testset)   loss: 1.0554 -> 0.6705  accuracy: 67.61% -> 79.76%     
---------------------------- TRAINING EPOCH: 250 ----------------------------  
client [30] (testset)   loss: 0.9535 -> 0.2790  accuracy: 72.19% -> 94.46%     
client [27] (testset)   loss: 0.4062 -> 0.1413  accuracy: 89.79% -> 97.21%     
client [74] (testset)   loss: 0.5055 -> 0.1670  accuracy: 85.01% -> 96.69%     
client [45] (testset)   loss: 0.9230 -> 0.4268  accuracy: 76.63% -> 89.73%     
client [6]  (testset)   loss: 0.6512 -> 0.2248  accuracy: 80.91% -> 95.67%     
client [36] (testset)   loss: 0.5106 -> 0.1655  accuracy: 86.12% -> 96.62%     
client [63] (testset)   loss: 0.8721 -> 0.1766  accuracy: 72.12% -> 97.60%     
client [76] (testset)   loss: 0.5248 -> 0.1696  accuracy: 85.04% -> 95.89%     
client [83] (testset)   loss: 0.6653 -> 0.2287  accuracy: 80.23% -> 96.32%     
client [86] (testset)   loss: 0.7986 -> 0.3779  accuracy: 78.53% -> 92.36%     
---------------------------- TRAINING EPOCH: 260 ----------------------------  
client [83] (testset)   loss: 0.6166 -> 0.2447  accuracy: 82.76% -> 96.23%     
client [99] (testset)   loss: 0.7074 -> 0.1749  accuracy: 81.20% -> 96.56%     
client [74] (testset)   loss: 0.4877 -> 0.1572  accuracy: 85.56% -> 96.86%     
client [73] (testset)   loss: 0.6636 -> 0.2888  accuracy: 84.78% -> 94.18%     
client [29] (testset)   loss: 0.6879 -> 0.2429  accuracy: 81.69% -> 94.29%     
client [92] (testset)   loss: 0.8912 -> 0.3333  accuracy: 78.39% -> 94.89%     
client [6]  (testset)   loss: 0.6037 -> 0.2229  accuracy: 84.17% -> 95.88%     
client [61] (testset)   loss: 0.8386 -> 0.4839  accuracy: 78.60% -> 89.30%     
client [21] (testset)   loss: 0.5435 -> 0.2001  accuracy: 85.94% -> 95.97%     
client [67] (testset)   loss: 0.2092 -> 0.1908  accuracy: 92.83% -> 95.22%     
---------------------------- TRAINING EPOCH: 270 ----------------------------  
client [83] (testset)   loss: 0.6550 -> 0.2507  accuracy: 83.36% -> 96.14%     
client [32] (testset)   loss: 0.7659 -> 0.1878  accuracy: 77.91% -> 95.72%     
client [95] (testset)   loss: 0.7557 -> 0.1786  accuracy: 79.11% -> 96.56%     
client [61] (testset)   loss: 0.6436 -> 0.5066  accuracy: 83.93% -> 89.14%     
client [27] (testset)   loss: 0.3245 -> 0.1445  accuracy: 91.71% -> 96.99%     
client [25] (testset)   loss: 0.3781 -> 0.0724  accuracy: 89.13% -> 97.59%     
client [68] (testset)   loss: 0.7090 -> 0.1902  accuracy: 79.26% -> 95.56%     
client [34] (testset)   loss: 0.7033 -> 0.1505  accuracy: 81.55% -> 97.30%     
client [71] (testset)   loss: 0.2790 -> 0.1443  accuracy: 92.06% -> 97.51%     
client [89] (testset)   loss: 1.0400 -> 0.4607  accuracy: 68.64% -> 89.38%     
---------------------------- TRAINING EPOCH: 280 ----------------------------  
client [78] (testset)   loss: 0.9417 -> 0.3076  accuracy: 76.49% -> 93.72%     
client [81] (testset)   loss: 0.9754 -> 0.5228  accuracy: 72.42% -> 88.62%     
client [51] (testset)   loss: 0.7251 -> 0.2821  accuracy: 80.37% -> 95.41%     
client [54] (testset)   loss: 0.5997 -> 0.1670  accuracy: 84.33% -> 96.27%     
client [65] (testset)   loss: 0.9227 -> 0.3734  accuracy: 71.98% -> 91.75%     
client [41] (testset)   loss: 0.8046 -> 0.3320  accuracy: 77.74% -> 92.54%     
client [11] (testset)   loss: 0.2719 -> 0.1606  accuracy: 93.31% -> 96.55%     
client [85] (testset)   loss: 0.5545 -> 0.3231  accuracy: 83.61% -> 95.39%     
client [12] (testset)   loss: 0.3708 -> 0.1799  accuracy: 90.16% -> 95.89%     
client [23] (testset)   loss: 0.6674 -> 0.5962  accuracy: 79.33% -> 84.24%     
---------------------------- TRAINING EPOCH: 290 ----------------------------  
client [16] (testset)   loss: 0.6900 -> 0.3153  accuracy: 76.80% -> 92.54%     
client [65] (testset)   loss: 0.8313 -> 0.3783  accuracy: 73.37% -> 91.82%     
client [53] (testset)   loss: 0.3937 -> 0.1937  accuracy: 92.73% -> 96.68%     
client [58] (testset)   loss: 0.2313 -> 0.1201  accuracy: 95.49% -> 98.51%     
client [72] (testset)   loss: 0.6657 -> 0.3078  accuracy: 80.93% -> 94.59%     
client [7]  (testset)   loss: 1.0225 -> 0.2366  accuracy: 66.67% -> 96.09%     
client [71] (testset)   loss: 0.3374 -> 0.1504  accuracy: 91.15% -> 97.47%     
client [59] (testset)   loss: 0.4415 -> 0.2979  accuracy: 88.18% -> 93.46%     
client [86] (testset)   loss: 0.7658 -> 0.4080  accuracy: 79.58% -> 92.04%     
client [39] (testset)   loss: 0.5730 -> 0.1446  accuracy: 83.67% -> 97.10%     
---------------------------- TRAINING EPOCH: 300 ----------------------------  
client [99] (testset)   loss: 0.4621 -> 0.2001  accuracy: 87.50% -> 96.79%     
client [7]  (testset)   loss: 0.6680 -> 0.2493  accuracy: 79.91% -> 95.43%     
client [17] (testset)   loss: 1.0511 -> 0.4367  accuracy: 73.38% -> 93.87%     
client [64] (testset)   loss: 0.6385 -> 0.4245  accuracy: 84.82% -> 91.46%     
client [37] (testset)   loss: 0.6245 -> 0.3411  accuracy: 83.32% -> 92.63%     
client [29] (testset)   loss: 0.3801 -> 0.2577  accuracy: 89.06% -> 94.40%     
client [93] (testset)   loss: 0.3221 -> 0.2278  accuracy: 91.86% -> 96.05%     
client [73] (testset)   loss: 0.4683 -> 0.2822  accuracy: 89.05% -> 94.12%     
client [40] (testset)   loss: 0.4649 -> 0.1670  accuracy: 87.59% -> 96.93%     
client [76] (testset)   loss: 0.8228 -> 0.1750  accuracy: 77.42% -> 96.41%     
---------------------------- TRAINING EPOCH: 310 ----------------------------  
client [31] (testset)   loss: 0.5255 -> 0.2452  accuracy: 87.42% -> 94.40%     
client [89] (testset)   loss: 1.2313 -> 0.5146  accuracy: 66.78% -> 89.23%     
client [77] (testset)   loss: 0.4132 -> 0.2215  accuracy: 92.23% -> 96.31%     
client [90] (testset)   loss: 0.9092 -> 0.3415  accuracy: 75.49% -> 93.62%     
client [26] (testset)   loss: 0.6093 -> 0.3600  accuracy: 81.42% -> 93.85%     
client [50] (testset)   loss: 0.6554 -> 0.1097  accuracy: 81.78% -> 98.23%     
client [30] (testset)   loss: 0.7905 -> 0.3078  accuracy: 82.84% -> 94.40%     
client [70] (testset)   loss: 0.5762 -> 0.3782  accuracy: 84.60% -> 93.32%     
client [41] (testset)   loss: 0.6512 -> 0.3505  accuracy: 82.76% -> 92.73%     
client [99] (testset)   loss: 0.5194 -> 0.1982  accuracy: 86.83% -> 96.62%     
---------------------------- TRAINING EPOCH: 320 ----------------------------  
client [68] (testset)   loss: 0.6324 -> 0.2159  accuracy: 84.23% -> 95.77%     
client [70] (testset)   loss: 0.5544 -> 0.3673  accuracy: 86.39% -> 92.94%     
client [52] (testset)   loss: 0.9270 -> 0.4055  accuracy: 74.08% -> 91.62%     
client [1]  (testset)   loss: 0.5312 -> 0.2671  accuracy: 87.97% -> 95.52%     
client [2]  (testset)   loss: 0.3625 -> 0.1698  accuracy: 90.88% -> 97.29%     
client [67] (testset)   loss: 0.6022 -> 0.2271  accuracy: 84.01% -> 94.30%     
client [92] (testset)   loss: 0.5509 -> 0.3584  accuracy: 87.50% -> 94.59%     
client [35] (testset)   loss: 0.3808 -> 0.1130  accuracy: 88.65% -> 98.27%     
client [36] (testset)   loss: 0.5180 -> 0.2103  accuracy: 86.18% -> 96.50%     
client [64] (testset)   loss: 0.7991 -> 0.4586  accuracy: 80.46% -> 91.08%     
---------------------------- TRAINING EPOCH: 330 ----------------------------  
client [44] (testset)   loss: 1.0727 -> 0.3640  accuracy: 75.85% -> 93.30%     
client [6]  (testset)   loss: 0.7256 -> 0.2586  accuracy: 81.19% -> 96.10%     
client [12] (testset)   loss: 0.4583 -> 0.2238  accuracy: 88.79% -> 94.89%     
client [55] (testset)   loss: 0.7975 -> 0.4192  accuracy: 79.14% -> 91.22%     
client [29] (testset)   loss: 0.5722 -> 0.2724  accuracy: 86.00% -> 94.29%     
client [9]  (testset)   loss: 0.6870 -> 0.1484  accuracy: 84.16% -> 96.90%     
client [43] (testset)   loss: 0.6976 -> 0.4494  accuracy: 85.12% -> 91.39%     
client [77] (testset)   loss: 0.4806 -> 0.2166  accuracy: 90.87% -> 96.18%     
client [98] (testset)   loss: 0.8294 -> 0.1408  accuracy: 81.14% -> 96.60%     
client [78] (testset)   loss: 0.7730 -> 0.3274  accuracy: 81.07% -> 93.25%     
---------------------------- TRAINING EPOCH: 340 ----------------------------  
client [92] (testset)   loss: 0.6958 -> 0.3527  accuracy: 82.52% -> 94.64%     
client [80] (testset)   loss: 0.7243 -> 0.1282  accuracy: 81.81% -> 97.72%     
client [63] (testset)   loss: 0.5595 -> 0.2044  accuracy: 84.28% -> 97.34%     
client [76] (testset)   loss: 0.6222 -> 0.1921  accuracy: 84.90% -> 96.26%     
client [78] (testset)   loss: 0.9659 -> 0.3176  accuracy: 75.33% -> 93.79%     
client [25] (testset)   loss: 0.4797 -> 0.0911  accuracy: 87.49% -> 97.59%     
client [58] (testset)   loss: 0.2632 -> 0.1196  accuracy: 94.57% -> 98.61%     
client [13] (testset)   loss: 0.3872 -> 0.1221  accuracy: 88.75% -> 98.28%     
client [17] (testset)   loss: 0.7110 -> 0.4669  accuracy: 84.93% -> 93.37%     
client [38] (testset)   loss: 0.4959 -> 0.1889  accuracy: 88.21% -> 97.03%     
---------------------------- TRAINING EPOCH: 350 ----------------------------  
client [72] (testset)   loss: 0.6453 -> 0.3893  accuracy: 85.14% -> 94.29%     
client [82] (testset)   loss: 1.0180 -> 0.8311  accuracy: 75.14% -> 80.57%     
client [86] (testset)   loss: 0.9650 -> 0.4592  accuracy: 76.44% -> 92.15%     
client [51] (testset)   loss: 0.5013 -> 0.3204  accuracy: 88.95% -> 95.35%     
client [96] (testset)   loss: 0.7814 -> 0.2659  accuracy: 79.73% -> 95.88%     
client [42] (testset)   loss: 0.6393 -> 0.2655  accuracy: 84.55% -> 94.73%     
client [55] (testset)   loss: 0.9576 -> 0.4554  accuracy: 75.93% -> 91.71%     
client [13] (testset)   loss: 0.1954 -> 0.1180  accuracy: 96.06% -> 98.35%     
client [1]  (testset)   loss: 0.6367 -> 0.2550  accuracy: 86.13% -> 95.66%     
client [12] (testset)   loss: 0.6292 -> 0.1828  accuracy: 85.68% -> 95.77%     
---------------------------- TRAINING EPOCH: 360 ----------------------------  
client [68] (testset)   loss: 0.5965 -> 0.2323  accuracy: 86.24% -> 95.45%     
client [23] (testset)   loss: 0.9761 -> 0.7239  accuracy: 78.00% -> 83.37%     
client [46] (testset)   loss: 0.6676 -> 0.1373  accuracy: 79.21% -> 98.01%     
client [41] (testset)   loss: 0.6746 -> 0.3872  accuracy: 84.58% -> 92.41%     
client [25] (testset)   loss: 0.4919 -> 0.0927  accuracy: 88.36% -> 97.26%     
client [58] (testset)   loss: 0.3236 -> 0.1258  accuracy: 92.41% -> 98.51%     
client [14] (testset)   loss: 0.8427 -> 0.2815  accuracy: 77.28% -> 95.29%     
client [33] (testset)   loss: 0.4568 -> 0.1356  accuracy: 88.44% -> 98.13%     
client [85] (testset)   loss: 0.5365 -> 0.3571  accuracy: 85.39% -> 95.32%     
client [62] (testset)   loss: 0.6944 -> 0.2207  accuracy: 88.02% -> 96.23%     
---------------------------- TRAINING EPOCH: 370 ----------------------------  
client [98] (testset)   loss: 0.8368 -> 0.1448  accuracy: 76.06% -> 96.50%     
client [63] (testset)   loss: 1.0958 -> 0.2048  accuracy: 72.94% -> 97.23%     
client [70] (testset)   loss: 0.5507 -> 0.4019  accuracy: 86.91% -> 92.55%     
client [65] (testset)   loss: 1.2107 -> 0.4033  accuracy: 66.85% -> 91.89%     
client [14] (testset)   loss: 0.8725 -> 0.2766  accuracy: 78.55% -> 95.41%     
client [73] (testset)   loss: 0.6693 -> 0.3062  accuracy: 85.15% -> 93.94%     
client [34] (testset)   loss: 0.5074 -> 0.1608  accuracy: 88.08% -> 97.55%     
client [99] (testset)   loss: 0.6357 -> 0.2107  accuracy: 83.74% -> 96.53%     
client [69] (testset)   loss: 0.6961 -> 0.3008  accuracy: 86.39% -> 93.93%     
client [46] (testset)   loss: 0.7558 -> 0.1434  accuracy: 79.62% -> 98.09%     
---------------------------- TRAINING EPOCH: 380 ----------------------------  
client [99] (testset)   loss: 0.5753 -> 0.2151  accuracy: 86.17% -> 96.59%     
client [93] (testset)   loss: 0.3465 -> 0.2342  accuracy: 91.43% -> 96.09%     
client [11] (testset)   loss: 0.4339 -> 0.1642  accuracy: 90.83% -> 96.76%     
client [58] (testset)   loss: 0.2298 -> 0.1327  accuracy: 96.29% -> 98.43%     
client [81] (testset)   loss: 0.8699 -> 0.6060  accuracy: 79.64% -> 88.65%     
client [85] (testset)   loss: 0.9403 -> 0.3676  accuracy: 76.54% -> 95.32%     
client [89] (testset)   loss: 1.3219 -> 0.5705  accuracy: 66.78% -> 89.71%     
client [45] (testset)   loss: 0.9042 -> 0.5014  accuracy: 78.56% -> 89.31%     
client [8]  (testset)   loss: 1.0277 -> 0.3251  accuracy: 76.81% -> 92.95%     
client [68] (testset)   loss: 0.8133 -> 0.2390  accuracy: 79.47% -> 95.66%     
---------------------------- TRAINING EPOCH: 390 ----------------------------  
client [67] (testset)   loss: 0.3660 -> 0.2292  accuracy: 89.52% -> 94.85%     
client [72] (testset)   loss: 0.5178 -> 0.3367  accuracy: 87.99% -> 94.74%     
client [1]  (testset)   loss: 0.5635 -> 0.2629  accuracy: 87.16% -> 95.47%     
client [78] (testset)   loss: 0.8707 -> 0.3431  accuracy: 78.28% -> 93.56%     
client [83] (testset)   loss: 0.5207 -> 0.2797  accuracy: 86.80% -> 95.95%     
client [21] (testset)   loss: 0.4126 -> 0.2577  accuracy: 90.15% -> 95.57%     
client [56] (testset)   loss: 0.6073 -> 0.1198  accuracy: 84.71% -> 98.29%     
client [44] (testset)   loss: 0.8479 -> 0.3595  accuracy: 81.38% -> 93.51%     
client [92] (testset)   loss: 0.6824 -> 0.3733  accuracy: 84.13% -> 94.39%     
client [27] (testset)   loss: 0.5398 -> 0.1874  accuracy: 89.14% -> 97.16%     
---------------------------- TRAINING EPOCH: 400 ----------------------------  
client [10] (testset)   loss: 0.5782 -> 0.3302  accuracy: 82.94% -> 91.75%     
client [39] (testset)   loss: 0.5350 -> 0.1714  accuracy: 87.42% -> 96.49%     
client [65] (testset)   loss: 0.6733 -> 0.4131  accuracy: 82.59% -> 92.37%     
client [26] (testset)   loss: 0.9329 -> 0.3922  accuracy: 72.02% -> 93.24%     
client [19] (testset)   loss: 0.4712 -> 0.2712  accuracy: 88.47% -> 96.20%     
client [68] (testset)   loss: 0.6768 -> 0.2601  accuracy: 85.50% -> 95.24%     
client [41] (testset)   loss: 0.9559 -> 0.3817  accuracy: 82.13% -> 92.35%     
client [50] (testset)   loss: 0.3750 -> 0.0958  accuracy: 90.74% -> 98.42%     
client [75] (testset)   loss: 0.6597 -> 0.2532  accuracy: 85.88% -> 95.41%     
client [81] (testset)   loss: 0.6783 -> 0.5962  accuracy: 82.89% -> 88.51%     
FedDpa's average time taken by each global epoch: 1 min 40.90 sec.             
FedDpa's total running time: 12 h 24 m 3 s.                                    
==================== FedDpa Experiment Results: ====================           
Display format: (before local fine-tuning) -> (after local fine-tuning)        
 So if finetune_epoch = 0, x.xx% -> 0.00% is normal.                           
 Centralized testing ONLY happens after model aggregation, so the stats between
'->' are the same.                                                             
{                                                                              
    "100": {                                                                   
        "all_clients": {                                                       
            "test": {                                                          
                "loss": "0.4270 -> 0.1768",                                    
                "accuracy": "85.56% -> 95.26%"                                 
            }                                                                  
        }                                                                      
    },                                                                         
    "200": {                                                                   
        "all_clients": {                                                       
            "test": {                                                          
                "loss": "0.4941 -> 0.2175",                                    
                "accuracy": "85.68% -> 95.16%"                                 
            }                                                                  
        }                                                                      
    },                                                                         
    "300": {                                                                   
        "all_clients": {                                                       
            "test": {                                                          
                "loss": "0.5123 -> 0.2537",                                    
                "accuracy": "86.74% -> 95.03%"                                 
            }                                                                  
        }                                                                      
    },                                                                         
    "400": {                                                                   
        "all_clients": {                                                       
            "test": {                                                          
                "loss": "0.5906 -> 0.2868",                                    
                "accuracy": "85.91% -> 94.96%"                                 
            }                                                                  
        }                                                                      
    }                                                                          
}                                                                              
==================== FedDpa Max Accuracy ====================                  
all_clients:                                                                   
(test) before fine-tuning: 86.74% at epoch 300                                 
(test) after fine-tuning: 95.26% at epoch 100                                  
