==================== FedDpag ====================                              
Experiment Arguments:                                                          
{
    'method': 'feddpag',
    'dataset': {
        'name': 'cifar100',
        'client_num': 100,
        'test_ratio': 0.25,
        'val_ratio': 0.0,
        'seed': 42,
        'split': 'sample',
        'IID_ratio': 0.0,
        'monitor_window_name_suffix': 'cifar100-100clients-0%IID-use20superclasses-Dir(0.1)-seed42',
        'super_class': False,
        'alpha': 0.1,
        'min_samples_per_client': 10
    },
    'model': {
        'name': 'avgcnn',
        'use_torchvision_pretrained_weights': True,
        'external_model_weights_path': None
    },
    'optimizer': {
        'lr': 0.01,
        'dampening': 0,
        'weight_decay': 0,
        'momentum': 0.7,
        'nesterov': False,
        'name': 'sgd'
    },
    'mode': 'parallel',
    'parallel': {
        'ray_cluster_addr': None,
        'num_cpus': 32.0,
        'num_gpus': 1.0,
        'num_workers': 2
    },
    'common': {
        'seed': 42,
        'join_ratio': 0.1,
        'global_epoch': 200,
        'local_epoch': 5,
        'batch_size': 32,
        'reset_optimizer_on_global_epoch': True,
        'straggler_ratio': 0,
        'straggler_min_local_epoch': 0,
        'buffers': 'global',
        'client_side_evaluation': True,
        'test': {
            'client': {
                'interval': 100,
                'finetune_epoch': 0,
                'train': False,
                'val': False,
                'test': True
            },
            'server': {
                'interval': -1,
                'train': False,
                'val': False,
                'test': True,
                'model_in_train_mode': False
            }
        },
        'verbose_gap': 10,
        'monitor': None,
        'use_cuda': True,
        'save_log': True,
        'save_model': False,
        'save_learning_curve_plot': True,
        'save_metrics': True,
        'delete_useless_run': True
    },
    'fedprox': {
        'mu': 0.01
    },
    'pfedsim': {
        'warmup_round': 0.5
    },
    'feddpag': {
        'fisher_threshold': 0.997
    }
}
---------------------------- TRAINING EPOCH: 10 ----------------------------   
client [81] (testset)   loss: 3.1783 -> 2.7767  accuracy: 28.48% -> 43.71%     
client [77] (testset)   loss: 3.1168 -> 2.3138  accuracy: 26.40% -> 44.38%     
client [21] (testset)   loss: 4.2214 -> 2.4126  accuracy: 8.84% -> 37.41%      
client [68] (testset)   loss: 3.2932 -> 2.4845  accuracy: 25.63% -> 44.12%     
client [93] (testset)   loss: 4.1031 -> 2.8989  accuracy: 6.40% -> 38.40%      
client [31] (testset)   loss: 3.4296 -> 2.4444  accuracy: 22.11% -> 43.68%     
client [20] (testset)   loss: 3.7052 -> 2.1782  accuracy: 12.87% -> 49.01%     
client [48] (testset)   loss: 3.3839 -> 3.0072  accuracy: 17.58% -> 35.76%     
client [59] (testset)   loss: 4.3713 -> 2.8256  accuracy: 8.58% -> 38.20%      
client [34] (testset)   loss: 3.4336 -> 2.9086  accuracy: 19.89% -> 33.15%     
---------------------------- TRAINING EPOCH: 20 ----------------------------   
client [99] (testset)   loss: 4.5123 -> 4.1112  accuracy: 6.57% -> 33.58%      
client [69] (testset)   loss: 3.2064 -> 2.3372  accuracy: 27.08% -> 53.79%     
client [67] (testset)   loss: 4.2326 -> 3.0075  accuracy: 14.84% -> 39.56%     
client [0]  (testset)   loss: 4.5591 -> 2.8923  accuracy: 8.82% -> 48.04%      
client [41] (testset)   loss: 4.3166 -> 2.8082  accuracy: 11.29% -> 36.29%     
client [76] (testset)   loss: 4.5054 -> 3.0103  accuracy: 10.06% -> 39.66%     
client [2]  (testset)   loss: 4.5197 -> 3.5780  accuracy: 10.71% -> 33.04%     
client [62] (testset)   loss: 4.8033 -> 2.7258  accuracy: 5.83% -> 39.81%      
client [14] (testset)   loss: 3.8206 -> 3.3867  accuracy: 12.99% -> 37.66%     
client [46] (testset)   loss: 3.1616 -> 2.5690  accuracy: 25.71% -> 58.10%     
---------------------------- TRAINING EPOCH: 30 ----------------------------   
client [24] (testset)   loss: 3.5902 -> 2.9351  accuracy: 22.41% -> 46.55%     
client [68] (testset)   loss: 4.7162 -> 3.2026  accuracy: 7.98% -> 43.70%      
client [57] (testset)   loss: 3.3128 -> 2.2862  accuracy: 23.31% -> 56.44%     
client [17] (testset)   loss: 3.5481 -> 3.4271  accuracy: 19.55% -> 36.84%     
client [54] (testset)   loss: 3.3969 -> 3.5388  accuracy: 26.67% -> 40.83%     
client [23] (testset)   loss: 4.3076 -> 2.6718  accuracy: 6.36% -> 39.09%      
client [35] (testset)   loss: 4.5287 -> 2.9141  accuracy: 9.69% -> 45.41%      
client [59] (testset)   loss: 3.2857 -> 2.9664  accuracy: 28.33% -> 40.77%     
client [31] (testset)   loss: 2.8912 -> 2.7647  accuracy: 32.11% -> 47.89%     
client [9]  (testset)   loss: 4.3665 -> 2.8520  accuracy: 14.09% -> 44.30%     
---------------------------- TRAINING EPOCH: 40 ----------------------------   
client [33] (testset)   loss: 3.5189 -> 3.1034  accuracy: 17.43% -> 36.70%     
client [64] (testset)   loss: 3.5347 -> 2.5742  accuracy: 17.57% -> 49.32%     
client [16] (testset)   loss: 3.5659 -> 3.0432  accuracy: 24.79% -> 43.80%     
client [44] (testset)   loss: 3.9462 -> 2.6757  accuracy: 18.95% -> 43.14%     
client [8]  (testset)   loss: 3.1924 -> 3.0661  accuracy: 33.67% -> 48.74%     
client [31] (testset)   loss: 3.4369 -> 2.7951  accuracy: 30.00% -> 46.84%     
client [47] (testset)   loss: 3.5231 -> 3.0410  accuracy: 21.74% -> 49.57%     
client [36] (testset)   loss: 3.4130 -> 2.5435  accuracy: 25.66% -> 45.13%     
client [56] (testset)   loss: 2.5312 -> 2.4073  accuracy: 41.67% -> 52.38%     
client [20] (testset)   loss: 3.0729 -> 2.1889  accuracy: 26.73% -> 60.40%     
---------------------------- TRAINING EPOCH: 50 ----------------------------   
client [60] (testset)   loss: 3.9705 -> 3.3446  accuracy: 18.18% -> 40.91%     
client [4]  (testset)   loss: 2.9916 -> 2.1485  accuracy: 32.43% -> 59.46%     
client [28] (testset)   loss: 3.5787 -> 2.4028  accuracy: 26.61% -> 53.23%     
client [25] (testset)   loss: 4.0995 -> 2.1913  accuracy: 16.67% -> 55.21%     
client [58] (testset)   loss: 3.4514 -> 3.4205  accuracy: 26.92% -> 44.62%     
client [44] (testset)   loss: 3.2382 -> 2.7733  accuracy: 26.80% -> 43.79%     
client [39] (testset)   loss: 3.3156 -> 2.7179  accuracy: 28.14% -> 47.90%     
client [29] (testset)   loss: 3.5504 -> 2.8906  accuracy: 28.00% -> 42.00%     
client [3]  (testset)   loss: 3.2000 -> 2.1192  accuracy: 30.47% -> 58.59%     
client [84] (testset)   loss: 3.3688 -> 3.3909  accuracy: 30.08% -> 39.41%     
---------------------------- TRAINING EPOCH: 60 ----------------------------   
client [21] (testset)   loss: 3.5271 -> 2.3248  accuracy: 18.37% -> 48.30%     
client [84] (testset)   loss: 3.7007 -> 3.4990  accuracy: 24.58% -> 41.10%     
client [10] (testset)   loss: 3.8786 -> 2.7415  accuracy: 17.31% -> 43.27%     
client [36] (testset)   loss: 3.2154 -> 2.5908  accuracy: 27.43% -> 51.33%     
client [65] (testset)   loss: 3.6368 -> 3.2391  accuracy: 25.45% -> 45.45%     
client [81] (testset)   loss: 3.2189 -> 3.0362  accuracy: 31.79% -> 47.02%     
client [79] (testset)   loss: 2.8016 -> 1.9112  accuracy: 43.02% -> 63.13%     
client [42] (testset)   loss: 3.1366 -> 2.4662  accuracy: 36.30% -> 57.53%     
client [11] (testset)   loss: 3.1712 -> 2.6910  accuracy: 31.07% -> 51.41%     
client [96] (testset)   loss: 3.7633 -> 2.7598  accuracy: 17.92% -> 47.40%     
---------------------------- TRAINING EPOCH: 70 ----------------------------   
client [53] (testset)   loss: 3.3542 -> 2.5080  accuracy: 25.53% -> 48.23%     
client [8]  (testset)   loss: 3.3630 -> 3.0937  accuracy: 38.19% -> 49.75%     
client [52] (testset)   loss: 3.1392 -> 2.9049  accuracy: 32.84% -> 49.25%     
client [42] (testset)   loss: 3.0156 -> 2.5132  accuracy: 36.30% -> 58.22%     
client [69] (testset)   loss: 2.3537 -> 2.4361  accuracy: 45.49% -> 55.96%     
client [59] (testset)   loss: 3.5688 -> 2.8903  accuracy: 30.04% -> 46.78%     
client [26] (testset)   loss: 3.1131 -> 2.5390  accuracy: 23.89% -> 52.21%     
client [7]  (testset)   loss: 3.8703 -> 3.3164  accuracy: 26.75% -> 44.74%     
client [49] (testset)   loss: 2.9814 -> 2.6388  accuracy: 35.80% -> 54.32%     
client [98] (testset)   loss: 3.3191 -> 2.7743  accuracy: 33.10% -> 45.07%     
---------------------------- TRAINING EPOCH: 80 ----------------------------   
client [47] (testset)   loss: 3.7919 -> 3.0058  accuracy: 22.61% -> 48.70%     
client [98] (testset)   loss: 3.3526 -> 2.9586  accuracy: 26.76% -> 43.66%     
client [21] (testset)   loss: 3.2559 -> 2.4106  accuracy: 26.53% -> 46.94%     
client [77] (testset)   loss: 3.3825 -> 2.8421  accuracy: 30.34% -> 50.56%     
client [95] (testset)   loss: 3.8085 -> 3.2556  accuracy: 24.10% -> 48.19%     
client [91] (testset)   loss: 3.4955 -> 3.1093  accuracy: 25.00% -> 39.47%     
client [14] (testset)   loss: 3.1505 -> 2.9505  accuracy: 36.36% -> 44.16%     
client [99] (testset)   loss: 3.8198 -> 3.9783  accuracy: 22.63% -> 37.96%     
client [20] (testset)   loss: 2.9406 -> 2.4635  accuracy: 38.12% -> 58.42%     
client [39] (testset)   loss: 3.3325 -> 2.6065  accuracy: 31.74% -> 46.11%     
---------------------------- TRAINING EPOCH: 90 ----------------------------   
client [52] (testset)   loss: 3.4300 -> 2.7528  accuracy: 24.63% -> 51.49%     
client [62] (testset)   loss: 3.4654 -> 3.0269  accuracy: 30.10% -> 47.57%     
client [71] (testset)   loss: 3.1829 -> 2.9377  accuracy: 30.53% -> 40.46%     
client [97] (testset)   loss: 3.8284 -> 3.1343  accuracy: 20.95% -> 35.24%     
client [30] (testset)   loss: 3.4403 -> 3.6478  accuracy: 33.70% -> 37.57%     
client [88] (testset)   loss: 4.2222 -> 2.7190  accuracy: 15.64% -> 53.07%     
client [60] (testset)   loss: 3.8508 -> 3.2718  accuracy: 21.21% -> 43.94%     
client [82] (testset)   loss: 3.2977 -> 3.2866  accuracy: 34.88% -> 43.02%     
client [91] (testset)   loss: 3.3509 -> 2.8520  accuracy: 29.61% -> 45.39%     
client [57] (testset)   loss: 2.9322 -> 2.4958  accuracy: 33.74% -> 58.90%     
---------------------------- TRAINING EPOCH: 100 ----------------------------  
client [15] (testset)   loss: 3.3886 -> 3.0876  accuracy: 34.31% -> 47.45%     
client [31] (testset)   loss: 3.4648 -> 3.0057  accuracy: 30.53% -> 45.79%     
client [71] (testset)   loss: 3.8376 -> 2.9427  accuracy: 19.85% -> 39.69%     
client [97] (testset)   loss: 3.8851 -> 3.1666  accuracy: 23.81% -> 40.00%     
client [53] (testset)   loss: 3.1284 -> 2.7756  accuracy: 34.04% -> 48.23%     
client [77] (testset)   loss: 3.4639 -> 2.8394  accuracy: 31.46% -> 53.93%     
client [76] (testset)   loss: 3.9101 -> 2.8507  accuracy: 22.91% -> 36.87%     
client [79] (testset)   loss: 2.9121 -> 2.0789  accuracy: 41.90% -> 60.34%     
client [28] (testset)   loss: 3.0649 -> 2.3746  accuracy: 41.13% -> 51.61%     
client [99] (testset)   loss: 4.0379 -> 3.8015  accuracy: 16.06% -> 39.42%     
---------------------------- TRAINING EPOCH: 110 ----------------------------  
client [97] (testset)   loss: 3.4887 -> 3.4235  accuracy: 34.29% -> 37.14%     
client [86] (testset)   loss: 3.2638 -> 2.7812  accuracy: 35.59% -> 52.54%     
client [73] (testset)   loss: 3.5114 -> 3.1954  accuracy: 33.81% -> 43.88%     
client [34] (testset)   loss: 3.5920 -> 3.3852  accuracy: 28.73% -> 43.65%     
client [5]  (testset)   loss: 3.3667 -> 3.2342  accuracy: 33.13% -> 49.69%     
client [96] (testset)   loss: 3.5837 -> 3.3414  accuracy: 26.01% -> 48.55%     
client [60] (testset)   loss: 3.5621 -> 3.2929  accuracy: 28.79% -> 40.91%     
client [22] (testset)   loss: 4.0470 -> 3.6988  accuracy: 26.32% -> 38.16%     
client [66] (testset)   loss: 3.2540 -> 2.7412  accuracy: 36.41% -> 53.88%     
client [83] (testset)   loss: 3.6857 -> 3.3262  accuracy: 27.63% -> 46.05%     
---------------------------- TRAINING EPOCH: 120 ----------------------------  
client [65] (testset)   loss: 4.0873 -> 3.5228  accuracy: 30.91% -> 46.36%     
client [76] (testset)   loss: 3.6094 -> 2.8705  accuracy: 27.37% -> 42.46%     
client [95] (testset)   loss: 3.7621 -> 3.5054  accuracy: 28.31% -> 50.00%     
client [17] (testset)   loss: 4.0829 -> 3.5881  accuracy: 24.06% -> 36.84%     
client [8]  (testset)   loss: 3.6375 -> 3.4845  accuracy: 35.18% -> 50.75%     
client [35] (testset)   loss: 4.4052 -> 3.2782  accuracy: 22.96% -> 44.90%     
client [98] (testset)   loss: 3.8720 -> 3.2245  accuracy: 27.46% -> 47.89%     
client [53] (testset)   loss: 3.2257 -> 2.6233  accuracy: 34.75% -> 47.52%     
client [43] (testset)   loss: 4.2074 -> 3.4343  accuracy: 23.70% -> 42.96%     
client [64] (testset)   loss: 3.4407 -> 2.7659  accuracy: 29.73% -> 50.00%     
---------------------------- TRAINING EPOCH: 130 ----------------------------  
client [21] (testset)   loss: 3.1743 -> 2.6805  accuracy: 31.97% -> 45.58%     
client [88] (testset)   loss: 3.3895 -> 3.0900  accuracy: 36.31% -> 51.40%     
client [3]  (testset)   loss: 2.9023 -> 2.5583  accuracy: 40.62% -> 59.38%     
client [38] (testset)   loss: 3.5783 -> 3.0976  accuracy: 30.17% -> 48.60%     
client [41] (testset)   loss: 4.5637 -> 3.6143  accuracy: 20.16% -> 40.32%     
client [5]  (testset)   loss: 3.7754 -> 3.2668  accuracy: 31.29% -> 53.37%     
client [37] (testset)   loss: 3.5598 -> 3.3163  accuracy: 29.81% -> 41.35%     
client [7]  (testset)   loss: 4.1098 -> 3.4848  accuracy: 25.44% -> 43.86%     
client [47] (testset)   loss: 3.9743 -> 3.3239  accuracy: 24.35% -> 45.22%     
client [45] (testset)   loss: 3.7817 -> 2.7845  accuracy: 26.11% -> 50.00%     
---------------------------- TRAINING EPOCH: 140 ----------------------------  
client [16] (testset)   loss: 3.6908 -> 3.2666  accuracy: 33.06% -> 47.93%     
client [11] (testset)   loss: 3.6728 -> 3.0226  accuracy: 27.12% -> 50.85%     
client [37] (testset)   loss: 3.7703 -> 3.1410  accuracy: 25.00% -> 45.19%     
client [41] (testset)   loss: 4.2898 -> 3.3837  accuracy: 21.77% -> 43.55%     
client [95] (testset)   loss: 4.0731 -> 3.6760  accuracy: 27.71% -> 46.39%     
client [53] (testset)   loss: 3.4239 -> 2.9828  accuracy: 36.17% -> 43.26%     
client [25] (testset)   loss: 3.4786 -> 2.5933  accuracy: 32.29% -> 47.92%     
client [22] (testset)   loss: 3.9212 -> 3.9798  accuracy: 27.63% -> 38.82%     
client [46] (testset)   loss: 3.1275 -> 2.8062  accuracy: 41.90% -> 60.00%     
client [69] (testset)   loss: 3.4465 -> 2.4201  accuracy: 35.02% -> 59.21%     
---------------------------- TRAINING EPOCH: 150 ----------------------------  
client [47] (testset)   loss: 3.7774 -> 3.3020  accuracy: 27.83% -> 46.96%     
client [82] (testset)   loss: 3.9658 -> 3.9607  accuracy: 31.40% -> 37.21%     
client [69] (testset)   loss: 3.5041 -> 2.6686  accuracy: 37.18% -> 56.68%     
client [45] (testset)   loss: 3.7289 -> 2.8092  accuracy: 31.42% -> 49.56%     
client [7]  (testset)   loss: 4.2909 -> 3.7674  accuracy: 25.44% -> 47.81%     
client [50] (testset)   loss: 3.2443 -> 2.5288  accuracy: 27.00% -> 54.00%     
client [24] (testset)   loss: 4.0556 -> 3.5308  accuracy: 22.41% -> 43.10%     
client [35] (testset)   loss: 4.1075 -> 3.3819  accuracy: 27.04% -> 47.45%     
client [15] (testset)   loss: 3.6561 -> 3.1427  accuracy: 34.31% -> 45.99%     
client [58] (testset)   loss: 3.8985 -> 3.3666  accuracy: 30.77% -> 48.46%     
---------------------------- TRAINING EPOCH: 160 ----------------------------  
client [48] (testset)   loss: 3.8821 -> 3.4432  accuracy: 31.52% -> 43.64%     
client [76] (testset)   loss: 3.8372 -> 3.1274  accuracy: 31.28% -> 45.25%     
client [37] (testset)   loss: 4.1571 -> 3.5360  accuracy: 25.96% -> 41.35%     
client [67] (testset)   loss: 3.4911 -> 2.9786  accuracy: 41.76% -> 49.45%     
client [58] (testset)   loss: 4.1313 -> 3.6175  accuracy: 31.54% -> 46.92%     
client [64] (testset)   loss: 3.6274 -> 2.8506  accuracy: 31.76% -> 50.00%     
client [77] (testset)   loss: 4.0590 -> 3.2705  accuracy: 31.46% -> 50.00%     
client [55] (testset)   loss: 3.3450 -> 2.5783  accuracy: 42.75% -> 52.17%     
client [12] (testset)   loss: 3.2904 -> 2.3400  accuracy: 38.64% -> 59.09%     
client [89] (testset)   loss: 4.4591 -> 3.6594  accuracy: 22.29% -> 43.31%     
---------------------------- TRAINING EPOCH: 170 ----------------------------  
client [51] (testset)   loss: 3.4752 -> 3.2460  accuracy: 36.49% -> 46.62%     
client [84] (testset)   loss: 3.9591 -> 3.8699  accuracy: 35.59% -> 43.22%     
client [18] (testset)   loss: 3.3635 -> 3.0439  accuracy: 39.84% -> 52.34%     
client [8]  (testset)   loss: 3.7897 -> 3.4280  accuracy: 36.68% -> 53.27%     
client [94] (testset)   loss: 4.9726 -> 4.0742  accuracy: 26.15% -> 50.00%     
client [81] (testset)   loss: 3.3442 -> 3.3929  accuracy: 37.75% -> 50.99%     
client [3]  (testset)   loss: 2.8417 -> 2.7461  accuracy: 47.66% -> 59.38%     
client [11] (testset)   loss: 3.8373 -> 3.0870  accuracy: 31.64% -> 54.24%     
client [95] (testset)   loss: 4.1073 -> 3.7479  accuracy: 31.33% -> 45.18%     
client [67] (testset)   loss: 4.0077 -> 2.9841  accuracy: 31.32% -> 49.45%     
---------------------------- TRAINING EPOCH: 180 ----------------------------  
client [21] (testset)   loss: 3.7984 -> 3.5326  accuracy: 29.93% -> 42.86%     
client [79] (testset)   loss: 3.3317 -> 2.1224  accuracy: 45.25% -> 64.80%     
client [58] (testset)   loss: 4.1093 -> 3.5131  accuracy: 33.85% -> 48.46%     
client [88] (testset)   loss: 4.3997 -> 3.5420  accuracy: 27.93% -> 51.40%     
client [46] (testset)   loss: 3.2759 -> 2.9219  accuracy: 45.71% -> 62.86%     
client [55] (testset)   loss: 3.6045 -> 2.5033  accuracy: 40.58% -> 57.97%     
client [11] (testset)   loss: 3.6487 -> 3.0521  accuracy: 35.03% -> 55.93%     
client [13] (testset)   loss: 3.9354 -> 3.4628  accuracy: 35.09% -> 49.12%     
client [31] (testset)   loss: 3.9389 -> 3.7088  accuracy: 33.16% -> 44.21%     
client [75] (testset)   loss: 3.5521 -> 3.4780  accuracy: 40.09% -> 48.58%     
---------------------------- TRAINING EPOCH: 190 ----------------------------  
client [19] (testset)   loss: 4.6382 -> 3.6501  accuracy: 21.95% -> 41.46%     
client [7]  (testset)   loss: 5.1401 -> 3.8964  accuracy: 21.93% -> 45.61%     
client [57] (testset)   loss: 3.0324 -> 2.4989  accuracy: 44.79% -> 57.67%     
client [13] (testset)   loss: 4.0876 -> 3.5209  accuracy: 29.24% -> 48.54%     
client [43] (testset)   loss: 4.8685 -> 4.1500  accuracy: 21.48% -> 40.00%     
client [10] (testset)   loss: 4.5243 -> 3.9211  accuracy: 34.62% -> 47.12%     
client [91] (testset)   loss: 4.8237 -> 3.4385  accuracy: 25.00% -> 44.74%     
client [82] (testset)   loss: 4.0077 -> 3.8740  accuracy: 34.88% -> 43.02%     
client [64] (testset)   loss: 3.2850 -> 2.9170  accuracy: 39.86% -> 54.73%     
client [22] (testset)   loss: 4.7821 -> 4.5000  accuracy: 26.32% -> 40.13%     
---------------------------- TRAINING EPOCH: 200 ----------------------------  
client [23] (testset)   loss: 5.3621 -> 3.5016  accuracy: 20.00% -> 46.36%     
client [20] (testset)   loss: 4.0650 -> 2.9290  accuracy: 29.70% -> 57.43%     
client [88] (testset)   loss: 4.2282 -> 3.9205  accuracy: 34.64% -> 48.60%     
client [98] (testset)   loss: 4.1515 -> 3.5361  accuracy: 33.80% -> 41.55%     
client [79] (testset)   loss: 3.2499 -> 2.2748  accuracy: 49.72% -> 63.13%     
client [21] (testset)   loss: 3.8959 -> 3.1489  accuracy: 27.21% -> 47.62%     
client [92] (testset)   loss: 4.2979 -> 3.7548  accuracy: 35.71% -> 46.94%     
client [56] (testset)   loss: 3.5863 -> 2.4532  accuracy: 41.67% -> 55.95%     
client [52] (testset)   loss: 3.9223 -> 3.5139  accuracy: 37.31% -> 50.75%     
client [5]  (testset)   loss: 4.4747 -> 3.6556  accuracy: 31.29% -> 49.08%     
FedDpag's average time taken by each global epoch: 0 min 3.07 sec.             
FedDpag's total running time: 0 h 10 m 53 s.                                   
==================== FedDpag Experiment Results: ====================          
Display format: (before local fine-tuning) -> (after local fine-tuning)        
 So if finetune_epoch = 0, x.xx% -> 0.00% is normal.                           
 Centralized testing ONLY happens after model aggregation, so the stats between
'->' are the same.                                                             
{                                                                              
    "100": {                                                                   
        "all_clients": {                                                       
            "test": {                                                          
                "loss": "3.2932 -> 0.0000",                                    
                "accuracy": "34.00% -> 0.00%"                                  
            }                                                                  
        }                                                                      
    },                                                                         
    "200": {                                                                   
        "all_clients": {                                                       
            "test": {                                                          
                "loss": "4.0272 -> 0.0000",                                    
                "accuracy": "33.61% -> 0.00%"                                  
            }                                                                  
        }                                                                      
    }                                                                          
}                                                                              
==================== FedDpag Max Accuracy ====================                 
all_clients:                                                                   
(test) before fine-tuning: 34.00% at epoch 100                                 
(test) after fine-tuning: 0.00% at epoch 100                                   
