==================== FedFew ====================                               
Experiment Arguments:                                                          
{
    'method': 'fedfew',
    'dataset': {
        'name': 'medmnistA',
        'client_num': 100,
        'test_ratio': 0.25,
        'val_ratio': 0.0,
        'seed': 42,
        'split': 'sample',
        'IID_ratio': 0.0,
        'monitor_window_name_suffix': 'medmnistA-100clients-0%IID-Dir(0.1)-seed42',
        'alpha': 0.1,
        'min_samples_per_client': 10
    },
    'model': {
        'name': 'avgcnn',
        'use_torchvision_pretrained_weights': True,
        'external_model_weights_path': None
    },
    'optimizer': {
        'lr': 0.01,
        'dampening': 0,
        'weight_decay': 0,
        'momentum': 0.7,
        'nesterov': False,
        'name': 'sgd'
    },
    'mode': 'serial',
    'parallel': {
        'ray_cluster_addr': None,
        'num_cpus': None,
        'num_gpus': None,
        'num_workers': 2
    },
    'common': {
        'seed': 42,
        'join_ratio': 0.1,
        'global_epoch': 200,
        'local_epoch': 5,
        'batch_size': 32,
        'reset_optimizer_on_global_epoch': True,
        'straggler_ratio': 0,
        'straggler_min_local_epoch': 0,
        'buffers': 'global',
        'client_side_evaluation': True,
        'test': {
            'client': {
                'interval': 100,
                'finetune_epoch': 0,
                'train': False,
                'val': False,
                'test': True
            },
            'server': {
                'interval': -1,
                'train': False,
                'val': False,
                'test': True,
                'model_in_train_mode': False
            }
        },
        'verbose_gap': 10,
        'monitor': None,
        'use_cuda': True,
        'save_log': True,
        'save_model': False,
        'save_learning_curve_plot': True,
        'save_metrics': True,
        'delete_useless_run': True
    },
    'fedprox': {
        'mu': 0.01
    },
    'pfedsim': {
        'warmup_round': 0.5
    },
    'fedfew': {
        'ig_ratio': 0.993,
        'alpha': 0.5,
        'norm': 'global',
        'EMA': False,
        'track': False,
        'type': 'Main'
    }
}
---------------------------- TRAINING EPOCH: 10 ----------------------------   
client [77] (testset)   loss: 1.0134 -> 0.9780  accuracy: 58.33% -> 58.33%     
client [81] (testset)   loss: 0.8652 -> 0.8108  accuracy: 43.60% -> 54.74%     
client [21] (testset)   loss: 2.8739 -> 0.9018  accuracy: 1.59% -> 53.44%      
client [68] (testset)   loss: 0.3093 -> 0.0177  accuracy: 100.00% -> 100.00%   
client [93] (testset)   loss: 1.0437 -> 0.6445  accuracy: 88.89% -> 88.89%     
client [31] (testset)   loss: 2.0462 -> 1.4165  accuracy: 0.00% -> 55.00%      
client [20] (testset)   loss: 0.6120 -> 0.5946  accuracy: 88.08% -> 88.08%     
client [59] (testset)   loss: 2.1897 -> 0.9503  accuracy: 0.00% -> 52.00%      
client [48] (testset)   loss: 0.8109 -> 0.7339  accuracy: 74.14% -> 74.14%     
client [34] (testset)   loss: 1.4439 -> 1.4038  accuracy: 37.04% -> 28.40%     
---------------------------- TRAINING EPOCH: 20 ----------------------------   
client [69] (testset)   loss: 1.1258 -> 1.1788  accuracy: 63.83% -> 63.83%     
client [99] (testset)   loss: 1.2474 -> 1.1722  accuracy: 63.53% -> 63.53%     
client [67] (testset)   loss: 1.1977 -> 1.1264  accuracy: 55.29% -> 55.29%     
client [0]  (testset)   loss: 0.9293 -> 0.9006  accuracy: 60.35% -> 60.35%     
client [76] (testset)   loss: 1.3422 -> 1.2701  accuracy: 52.13% -> 52.13%     
client [41] (testset)   loss: 1.0826 -> 0.8243  accuracy: 36.62% -> 59.15%     
client [62] (testset)   loss: 2.2825 -> 0.9317  accuracy: 0.00% -> 65.00%      
client [2]  (testset)   loss: 2.5551 -> 1.6439  accuracy: 0.00% -> 37.14%      
client [14] (testset)   loss: 0.1674 -> 0.1683  accuracy: 97.22% -> 97.22%     
client [46] (testset)   loss: 0.8638 -> 0.8297  accuracy: 59.30% -> 59.30%     
---------------------------- TRAINING EPOCH: 30 ----------------------------   
client [24] (testset)   loss: 0.1788 -> 0.1649  accuracy: 96.84% -> 96.84%     
client [68] (testset)   loss: 0.0138 -> 0.0220  accuracy: 100.00% -> 100.00%   
client [57] (testset)   loss: 0.8410 -> 0.6211  accuracy: 19.53% -> 79.69%     
client [17] (testset)   loss: 1.4632 -> 1.4817  accuracy: 38.46% -> 21.54%     
client [54] (testset)   loss: 0.6533 -> 0.6868  accuracy: 80.00% -> 80.00%     
client [23] (testset)   loss: 2.5181 -> 0.9279  accuracy: 36.67% -> 56.67%     
client [35] (testset)   loss: 1.1765 -> 1.1959  accuracy: 46.30% -> 32.87%     
client [59] (testset)   loss: 1.0254 -> 0.9503  accuracy: 52.00% -> 52.00%     
client [31] (testset)   loss: 1.4298 -> 1.3774  accuracy: 55.00% -> 55.00%     
client [9]  (testset)   loss: 0.6604 -> 0.6568  accuracy: 83.44% -> 83.44%     
---------------------------- TRAINING EPOCH: 40 ----------------------------   
client [64] (testset)   loss: 0.8015 -> 0.8380  accuracy: 66.67% -> 66.67%     
client [33] (testset)   loss: 0.8536 -> 0.7001  accuracy: 75.00% -> 75.00%     
client [16] (testset)   loss: 0.3202 -> 0.2992  accuracy: 92.63% -> 92.63%     
client [44] (testset)   loss: 1.3058 -> 1.6578  accuracy: 61.54% -> 0.00%      
client [8]  (testset)   loss: 1.7408 -> 1.7676  accuracy: 40.91% -> 40.91%     
client [31] (testset)   loss: 1.3332 -> 1.3658  accuracy: 55.00% -> 55.00%     
client [47] (testset)   loss: 1.0018 -> 1.0027  accuracy: 48.19% -> 48.19%     
client [36] (testset)   loss: 1.5662 -> 1.4179  accuracy: 30.00% -> 37.50%     
client [20] (testset)   loss: 0.5811 -> 0.5910  accuracy: 88.08% -> 88.08%     
client [56] (testset)   loss: 1.5486 -> 1.6135  accuracy: 44.26% -> 16.39%     
---------------------------- TRAINING EPOCH: 50 ----------------------------   
client [4]  (testset)   loss: 0.8474 -> 0.8794  accuracy: 76.74% -> 76.74%     
client [60] (testset)   loss: 0.2168 -> 0.1795  accuracy: 96.62% -> 96.62%     
client [28] (testset)   loss: 0.9622 -> 1.0705  accuracy: 73.37% -> 73.37%     
client [25] (testset)   loss: 0.7943 -> 0.7921  accuracy: 73.02% -> 73.02%     
client [58] (testset)   loss: 0.2361 -> 0.2308  accuracy: 94.34% -> 94.34%     
client [44] (testset)   loss: 1.4541 -> 1.6967  accuracy: 61.54% -> 61.54%     
client [39] (testset)   loss: 1.5839 -> 1.5901  accuracy: 43.40% -> 43.40%     
client [29] (testset)   loss: 0.9265 -> 0.9099  accuracy: 73.87% -> 73.87%     
client [3]  (testset)   loss: 0.8694 -> 0.8150  accuracy: 63.64% -> 63.64%     
client [84] (testset)   loss: 0.8212 -> 0.8048  accuracy: 40.51% -> 56.96%     
---------------------------- TRAINING EPOCH: 60 ----------------------------   
client [21] (testset)   loss: 0.8929 -> 0.8788  accuracy: 42.06% -> 53.44%     
client [84] (testset)   loss: 0.8071 -> 0.8097  accuracy: 56.96% -> 56.96%     
client [10] (testset)   loss: 0.9541 -> 0.9341  accuracy: 53.62% -> 53.62%     
client [36] (testset)   loss: 1.4027 -> 1.4080  accuracy: 37.50% -> 30.00%     
client [65] (testset)   loss: 0.5717 -> 0.5680  accuracy: 83.56% -> 83.56%     
client [81] (testset)   loss: 0.7887 -> 0.7941  accuracy: 54.74% -> 54.74%     
client [79] (testset)   loss: 1.0329 -> 1.0353  accuracy: 77.78% -> 77.78%     
client [42] (testset)   loss: 1.1306 -> 1.1495  accuracy: 58.33% -> 58.33%     
client [11] (testset)   loss: 1.1898 -> 1.1989  accuracy: 50.88% -> 50.88%     
client [96] (testset)   loss: 1.2143 -> 1.2693  accuracy: 55.39% -> 55.39%     
---------------------------- TRAINING EPOCH: 70 ----------------------------   
client [8]  (testset)   loss: 1.7310 -> 1.6993  accuracy: 40.91% -> 40.91%     
client [53] (testset)   loss: 0.2345 -> 0.2815  accuracy: 94.85% -> 94.85%     
client [52] (testset)   loss: 0.8593 -> 0.8667  accuracy: 75.22% -> 75.22%     
client [42] (testset)   loss: 1.1092 -> 1.1196  accuracy: 58.33% -> 58.33%     
client [69] (testset)   loss: 1.0831 -> 1.0738  accuracy: 63.83% -> 63.83%     
client [59] (testset)   loss: 0.9965 -> 0.9204  accuracy: 52.00% -> 52.00%     
client [7]  (testset)   loss: 0.4787 -> 0.5060  accuracy: 88.85% -> 88.85%     
client [26] (testset)   loss: 1.2788 -> 1.2524  accuracy: 50.53% -> 50.53%     
client [49] (testset)   loss: 0.7432 -> 0.7329  accuracy: 79.77% -> 79.77%     
client [98] (testset)   loss: 0.9444 -> 0.9785  accuracy: 74.68% -> 74.68%     
---------------------------- TRAINING EPOCH: 80 ----------------------------   
client [98] (testset)   loss: 0.9560 -> 0.9637  accuracy: 74.68% -> 74.68%     
client [47] (testset)   loss: 0.9969 -> 0.9976  accuracy: 48.19% -> 48.19%     
client [21] (testset)   loss: 0.8831 -> 0.8774  accuracy: 42.06% -> 53.44%     
client [77] (testset)   loss: 1.0097 -> 1.1906  accuracy: 58.33% -> 58.33%     
client [95] (testset)   loss: 0.3309 -> 0.2803  accuracy: 94.83% -> 94.83%     
client [91] (testset)   loss: 0.5722 -> 0.7422  accuracy: 88.24% -> 88.24%     
client [14] (testset)   loss: 0.1689 -> 0.1663  accuracy: 97.22% -> 97.22%     
client [99] (testset)   loss: 1.1812 -> 1.1694  accuracy: 63.53% -> 63.53%     
client [20] (testset)   loss: 0.5995 -> 0.5966  accuracy: 88.08% -> 88.08%     
client [39] (testset)   loss: 1.6125 -> 1.5851  accuracy: 43.40% -> 43.40%     
---------------------------- TRAINING EPOCH: 90 ----------------------------   
client [52] (testset)   loss: 0.8639 -> 0.8679  accuracy: 75.22% -> 75.22%     
client [62] (testset)   loss: 0.8997 -> 0.9078  accuracy: 65.00% -> 65.00%     
client [71] (testset)   loss: 1.2608 -> 1.2891  accuracy: 50.00% -> 25.00%     
client [97] (testset)   loss: 1.3529 -> 1.3226  accuracy: 47.72% -> 47.72%     
client [30] (testset)   loss: 0.9058 -> 0.8876  accuracy: 41.43% -> 54.29%     
client [88] (testset)   loss: 1.1127 -> 1.0801  accuracy: 67.57% -> 67.57%     
client [60] (testset)   loss: 0.1815 -> 0.2171  accuracy: 96.62% -> 96.62%     
client [82] (testset)   loss: 1.5424 -> 1.5440  accuracy: 46.51% -> 46.51%     
client [91] (testset)   loss: 0.6447 -> 0.5347  accuracy: 88.24% -> 88.24%     
client [57] (testset)   loss: 0.5530 -> 0.5467  accuracy: 79.69% -> 79.69%     
---------------------------- TRAINING EPOCH: 100 ----------------------------  
client [31] (testset)   loss: 1.3904 -> 1.3734  accuracy: 55.00% -> 55.00%     
client [15] (testset)   loss: 0.9009 -> 0.9055  accuracy: 76.47% -> 76.47%     
client [71] (testset)   loss: 1.2702 -> 1.2633  accuracy: 50.00% -> 50.00%     
client [97] (testset)   loss: 1.3339 -> 1.3346  accuracy: 47.72% -> 47.72%     
client [53] (testset)   loss: 0.2368 -> 0.2158  accuracy: 94.85% -> 94.85%     
client [77] (testset)   loss: 1.0942 -> 1.0918  accuracy: 58.33% -> 58.33%     
client [76] (testset)   loss: 1.2813 -> 1.2920  accuracy: 52.13% -> 52.13%     
client [79] (testset)   loss: 1.0294 -> 1.1671  accuracy: 77.78% -> 77.78%     
client [28] (testset)   loss: 0.9604 -> 0.9617  accuracy: 73.37% -> 73.37%     
client [99] (testset)   loss: 1.1840 -> 1.1705  accuracy: 63.53% -> 63.53%     
---------------------------- TRAINING EPOCH: 110 ----------------------------  
client [97] (testset)   loss: 1.3458 -> 1.3152  accuracy: 47.72% -> 47.72%     
client [86] (testset)   loss: 0.5289 -> 0.5107  accuracy: 84.66% -> 84.66%     
client [34] (testset)   loss: 1.3557 -> 1.3673  accuracy: 37.04% -> 37.04%     
client [73] (testset)   loss: 0.7562 -> 0.7344  accuracy: 58.95% -> 58.95%     
client [5]  (testset)   loss: 1.4843 -> 1.4547  accuracy: 21.98% -> 43.96%     
client [96] (testset)   loss: 1.2129 -> 1.2070  accuracy: 55.39% -> 55.39%     
client [22] (testset)   loss: 0.4257 -> 0.4304  accuracy: 89.95% -> 89.95%     
client [60] (testset)   loss: 0.1854 -> 0.1815  accuracy: 96.62% -> 96.62%     
client [66] (testset)   loss: 1.1281 -> 1.0703  accuracy: 30.08% -> 50.78%     
client [83] (testset)   loss: 0.5982 -> 0.6532  accuracy: 85.00% -> 85.00%     
---------------------------- TRAINING EPOCH: 120 ----------------------------  
client [76] (testset)   loss: 1.2690 -> 1.2724  accuracy: 52.13% -> 52.13%     
client [65] (testset)   loss: 0.5706 -> 0.5647  accuracy: 83.56% -> 83.56%     
client [95] (testset)   loss: 0.2995 -> 0.3036  accuracy: 94.83% -> 94.83%     
client [17] (testset)   loss: 1.4781 -> 1.6505  accuracy: 21.54% -> 21.54%     
client [8]  (testset)   loss: 1.7086 -> 1.6744  accuracy: 40.91% -> 40.91%     
client [35] (testset)   loss: 1.1741 -> 1.1649  accuracy: 46.30% -> 46.30%     
client [98] (testset)   loss: 0.9454 -> 0.9817  accuracy: 74.68% -> 74.68%     
client [53] (testset)   loss: 0.2219 -> 0.2334  accuracy: 94.85% -> 94.85%     
client [43] (testset)   loss: 0.3163 -> 0.3161  accuracy: 93.29% -> 93.29%     
client [64] (testset)   loss: 0.8797 -> 0.8425  accuracy: 66.67% -> 66.67%     
---------------------------- TRAINING EPOCH: 130 ----------------------------  
client [21] (testset)   loss: 0.8745 -> 0.8757  accuracy: 53.44% -> 53.44%     
client [88] (testset)   loss: 1.0805 -> 1.1120  accuracy: 67.57% -> 67.57%     
client [38] (testset)   loss: 1.0879 -> 1.0703  accuracy: 66.67% -> 66.67%     
client [3]  (testset)   loss: 0.8464 -> 0.9073  accuracy: 63.64% -> 36.36%     
client [5]  (testset)   loss: 1.4676 -> 1.4486  accuracy: 43.96% -> 43.96%     
client [41] (testset)   loss: 0.8491 -> 0.8615  accuracy: 59.15% -> 59.15%     
client [7]  (testset)   loss: 0.4728 -> 0.4735  accuracy: 88.85% -> 88.85%     
client [37] (testset)   loss: 0.4677 -> 0.5267  accuracy: 87.45% -> 87.45%     
client [45] (testset)   loss: 1.5820 -> 1.5830  accuracy: 44.00% -> 44.00%     
client [47] (testset)   loss: 1.0018 -> 1.0191  accuracy: 48.19% -> 39.76%     
---------------------------- TRAINING EPOCH: 140 ----------------------------  
client [16] (testset)   loss: 0.2976 -> 0.3009  accuracy: 92.63% -> 92.63%     
client [11] (testset)   loss: 1.1717 -> 1.1714  accuracy: 50.88% -> 50.88%     
client [37] (testset)   loss: 0.4685 -> 0.4808  accuracy: 87.45% -> 87.45%     
client [41] (testset)   loss: 0.8507 -> 0.8571  accuracy: 59.15% -> 59.15%     
client [95] (testset)   loss: 0.2927 -> 0.2723  accuracy: 94.83% -> 94.83%     
client [53] (testset)   loss: 0.2234 -> 0.2351  accuracy: 94.85% -> 94.85%     
client [22] (testset)   loss: 0.4310 -> 0.4143  accuracy: 89.95% -> 89.95%     
client [25] (testset)   loss: 0.7677 -> 0.7503  accuracy: 73.02% -> 73.02%     
client [69] (testset)   loss: 1.0528 -> 1.0524  accuracy: 63.83% -> 63.83%     
client [46] (testset)   loss: 0.8376 -> 0.8445  accuracy: 59.30% -> 59.30%     
---------------------------- TRAINING EPOCH: 150 ----------------------------  
client [47] (testset)   loss: 0.9931 -> 1.0019  accuracy: 48.19% -> 39.76%     
client [69] (testset)   loss: 1.0714 -> 1.0974  accuracy: 63.83% -> 63.83%     
client [82] (testset)   loss: 1.5346 -> 1.5477  accuracy: 46.51% -> 46.51%     
client [45] (testset)   loss: 1.5645 -> 1.5442  accuracy: 44.00% -> 44.00%     
client [7]  (testset)   loss: 0.4708 -> 0.4753  accuracy: 88.85% -> 88.85%     
client [50] (testset)   loss: 0.6701 -> 0.6691  accuracy: 79.27% -> 79.27%     
client [35] (testset)   loss: 1.1755 -> 1.1681  accuracy: 46.30% -> 46.30%     
client [24] (testset)   loss: 0.1792 -> 0.1616  accuracy: 96.84% -> 96.84%     
client [15] (testset)   loss: 0.8911 -> 0.8987  accuracy: 76.47% -> 76.47%     
client [58] (testset)   loss: 0.2287 -> 0.2298  accuracy: 94.34% -> 94.34%     
---------------------------- TRAINING EPOCH: 160 ----------------------------  
client [48] (testset)   loss: 0.7388 -> 0.7529  accuracy: 74.14% -> 74.14%     
client [76] (testset)   loss: 1.2667 -> 1.2760  accuracy: 52.13% -> 52.13%     
client [67] (testset)   loss: 1.1199 -> 1.1429  accuracy: 55.29% -> 55.29%     
client [37] (testset)   loss: 0.4719 -> 0.4972  accuracy: 87.45% -> 87.45%     
client [58] (testset)   loss: 0.2338 -> 0.2372  accuracy: 94.34% -> 94.34%     
client [64] (testset)   loss: 0.8951 -> 0.8327  accuracy: 66.67% -> 66.67%     
client [77] (testset)   loss: 0.9770 -> 0.9500  accuracy: 58.33% -> 58.33%     
client [55] (testset)   loss: 1.9421 -> 1.9584  accuracy: 50.00% -> 50.00%     
client [12] (testset)   loss: 0.5187 -> 0.5318  accuracy: 86.14% -> 86.14%     
client [89] (testset)   loss: 2.0139 -> 2.0043  accuracy: 18.75% -> 18.75%     
---------------------------- TRAINING EPOCH: 170 ----------------------------  
client [84] (testset)   loss: 0.8093 -> 0.8040  accuracy: 56.96% -> 56.96%     
client [51] (testset)   loss: 0.8178 -> 0.8371  accuracy: 66.67% -> 66.67%     
client [8]  (testset)   loss: 1.7205 -> 1.6853  accuracy: 40.91% -> 40.91%     
client [18] (testset)   loss: 0.9452 -> 0.9693  accuracy: 65.38% -> 65.38%     
client [94] (testset)   loss: 1.3663 -> 1.3600  accuracy: 50.00% -> 50.00%     
client [81] (testset)   loss: 0.7909 -> 0.7920  accuracy: 54.74% -> 54.74%     
client [3]  (testset)   loss: 0.7550 -> 0.7226  accuracy: 63.64% -> 63.64%     
client [11] (testset)   loss: 1.1615 -> 1.2040  accuracy: 50.88% -> 50.88%     
client [95] (testset)   loss: 0.3006 -> 0.3282  accuracy: 94.83% -> 94.83%     
client [67] (testset)   loss: 1.1360 -> 1.1355  accuracy: 55.29% -> 55.29%     
---------------------------- TRAINING EPOCH: 180 ----------------------------  
client [21] (testset)   loss: 0.8749 -> 0.8876  accuracy: 53.44% -> 53.44%     
client [79] (testset)   loss: 1.0952 -> 1.1102  accuracy: 77.78% -> 77.78%     
client [58] (testset)   loss: 0.2309 -> 0.2239  accuracy: 94.34% -> 94.34%     
client [88] (testset)   loss: 1.0758 -> 1.0706  accuracy: 67.57% -> 67.57%     
client [46] (testset)   loss: 0.8336 -> 0.8423  accuracy: 59.30% -> 59.30%     
client [11] (testset)   loss: 1.1892 -> 1.1646  accuracy: 50.88% -> 50.88%     
client [55] (testset)   loss: 1.8904 -> 1.9939  accuracy: 50.00% -> 50.00%     
client [13] (testset)   loss: 0.1111 -> 0.1201  accuracy: 97.78% -> 97.78%     
client [31] (testset)   loss: 1.3866 -> 1.3515  accuracy: 55.00% -> 55.00%     
client [75] (testset)   loss: 1.4473 -> 1.4409  accuracy: 38.38% -> 29.15%     
---------------------------- TRAINING EPOCH: 190 ----------------------------  
client [19] (testset)   loss: 1.5253 -> 1.5153  accuracy: 37.50% -> 37.50%     
client [7]  (testset)   loss: 0.4745 -> 0.4903  accuracy: 88.85% -> 88.85%     
client [57] (testset)   loss: 0.5682 -> 0.5488  accuracy: 79.69% -> 79.69%     
client [13] (testset)   loss: 0.1206 -> 0.1187  accuracy: 97.78% -> 97.78%     
client [43] (testset)   loss: 0.3177 -> 0.3168  accuracy: 93.29% -> 93.29%     
client [91] (testset)   loss: 0.6185 -> 0.6465  accuracy: 88.24% -> 88.24%     
client [10] (testset)   loss: 0.9442 -> 0.9368  accuracy: 53.62% -> 39.61%     
client [64] (testset)   loss: 0.8772 -> 0.8333  accuracy: 66.67% -> 66.67%     
client [82] (testset)   loss: 1.5397 -> 1.5323  accuracy: 46.51% -> 46.51%     
client [22] (testset)   loss: 0.4418 -> 0.4117  accuracy: 89.95% -> 89.95%     
---------------------------- TRAINING EPOCH: 200 ----------------------------  
client [20] (testset)   loss: 0.5895 -> 0.5838  accuracy: 88.08% -> 88.08%     
client [23] (testset)   loss: 1.0558 -> 0.9212  accuracy: 56.67% -> 56.67%     
client [88] (testset)   loss: 1.0647 -> 1.0991  accuracy: 67.57% -> 67.57%     
client [98] (testset)   loss: 0.9578 -> 0.9646  accuracy: 74.68% -> 74.68%     
client [79] (testset)   loss: 1.0992 -> 1.1134  accuracy: 77.78% -> 77.78%     
client [21] (testset)   loss: 0.9037 -> 0.8772  accuracy: 53.44% -> 53.44%     
client [92] (testset)   loss: 1.2225 -> 0.7920  accuracy: 63.64% -> 63.64%     
client [56] (testset)   loss: 1.5939 -> 1.5842  accuracy: 16.39% -> 44.26%     
client [5]  (testset)   loss: 1.4453 -> 1.4437  accuracy: 43.96% -> 43.96%     
client [52] (testset)   loss: 0.8717 -> 0.9274  accuracy: 75.22% -> 75.22%     
FedFew's average time taken by each global epoch: 0 min 2.21 sec.              
FedFew's total running time: 0 h 7 m 26 s.                                     
==================== FedFew Experiment Results: ====================           
Display format: (before local fine-tuning) -> (after local fine-tuning)        
 So if finetune_epoch = 0, x.xx% -> 0.00% is normal.                           
 Centralized testing ONLY happens after model aggregation, so the stats between
'->' are the same.                                                             
{                                                                              
    "100": {                                                                   
        "all_clients": {                                                       
            "test": {                                                          
                "loss": "0.8493 -> 0.0000",                                    
                "accuracy": "67.11% -> 0.00%"                                  
            }                                                                  
        }                                                                      
    },                                                                         
    "200": {                                                                   
        "all_clients": {                                                       
            "test": {                                                          
                "loss": "0.8478 -> 0.0000",                                    
                "accuracy": "67.38% -> 0.00%"                                  
            }                                                                  
        }                                                                      
    }                                                                          
}                                                                              
==================== FedFew Max Accuracy ====================                  
all_clients:                                                                   
(test) before fine-tuning: 67.38% at epoch 200                                 
(test) after fine-tuning: 0.00% at epoch 100                                   
