==================== FedDpag ====================                              
Experiment Arguments:                                                          
{
    'method': 'feddpag',
    'dataset': {
        'name': 'medmnistC',
        'client_num': 100,
        'test_ratio': 0.25,
        'val_ratio': 0.0,
        'seed': 42,
        'split': 'sample',
        'IID_ratio': 0.0,
        'monitor_window_name_suffix': 'medmnistC-100clients-0%IID-Dir(0.1)-seed42',
        'alpha': 0.1,
        'min_samples_per_client': 10
    },
    'model': {
        'name': 'avgcnn',
        'use_torchvision_pretrained_weights': True,
        'external_model_weights_path': None
    },
    'optimizer': {
        'lr': 0.01,
        'dampening': 0,
        'weight_decay': 0,
        'momentum': 0.7,
        'nesterov': False,
        'name': 'sgd'
    },
    'mode': 'serial',
    'parallel': {
        'ray_cluster_addr': None,
        'num_cpus': None,
        'num_gpus': None,
        'num_workers': 2
    },
    'common': {
        'seed': 42,
        'join_ratio': 0.1,
        'global_epoch': 200,
        'local_epoch': 5,
        'batch_size': 32,
        'reset_optimizer_on_global_epoch': True,
        'straggler_ratio': 0,
        'straggler_min_local_epoch': 0,
        'buffers': 'global',
        'client_side_evaluation': True,
        'test': {
            'client': {
                'interval': 100,
                'finetune_epoch': 0,
                'train': False,
                'val': False,
                'test': True
            },
            'server': {
                'interval': -1,
                'train': False,
                'val': False,
                'test': True,
                'model_in_train_mode': False
            }
        },
        'verbose_gap': 10,
        'monitor': None,
        'use_cuda': True,
        'save_log': True,
        'save_model': False,
        'save_learning_curve_plot': True,
        'save_metrics': True,
        'delete_useless_run': True
    },
    'fedprox': {
        'mu': 0.01
    },
    'pfedsim': {
        'warmup_round': 0.5
    },
    'feddpag': {
        'fisher_threshold': 0.997
    }
}
---------------------------- TRAINING EPOCH: 10 ----------------------------   
client [77] (testset)   loss: 2.3177 -> 1.4010  accuracy: 0.00% -> 36.36%      
client [81] (testset)   loss: 2.2449 -> 0.5009  accuracy: 0.00% -> 80.58%      
client [21] (testset)   loss: 2.7303 -> 0.7560  accuracy: 0.00% -> 74.07%      
client [68] (testset)   loss: 2.2223 -> 1.0816  accuracy: 0.00% -> 59.72%      
client [93] (testset)   loss: 2.3015 -> 0.2511  accuracy: 0.00% -> 93.33%      
client [31] (testset)   loss: 2.3893 -> 0.6718  accuracy: 0.00% -> 85.14%      
client [20] (testset)   loss: 2.2920 -> 1.5075  accuracy: 0.00% -> 37.50%      
client [59] (testset)   loss: 2.2851 -> 1.2726  accuracy: 11.67% -> 33.33%     
client [48] (testset)   loss: 1.8243 -> 0.6465  accuracy: 0.00% -> 83.15%      
client [34] (testset)   loss: 1.9912 -> 0.6017  accuracy: 0.00% -> 82.14%      
---------------------------- TRAINING EPOCH: 20 ----------------------------   
client [69] (testset)   loss: 2.0567 -> 0.8838  accuracy: 15.38% -> 71.15%     
client [99] (testset)   loss: 1.8557 -> 1.7526  accuracy: 71.43% -> 14.29%     
client [67] (testset)   loss: 1.3777 -> 0.6615  accuracy: 85.71% -> 85.71%     
client [0]  (testset)   loss: 1.9060 -> 1.2603  accuracy: 45.12% -> 34.15%     
client [76] (testset)   loss: 1.9011 -> 2.7609  accuracy: 50.00% -> 50.00%     
client [41] (testset)   loss: 2.2260 -> 1.2070  accuracy: 7.41% -> 65.43%      
client [62] (testset)   loss: 3.4955 -> 0.4166  accuracy: 4.55% -> 95.45%      
client [2]  (testset)   loss: 2.6901 -> 1.1145  accuracy: 0.00% -> 47.27%      
client [14] (testset)   loss: 1.2845 -> 0.7937  accuracy: 85.00% -> 85.00%     
client [46] (testset)   loss: 1.8911 -> 0.9715  accuracy: 64.47% -> 64.47%     
---------------------------- TRAINING EPOCH: 30 ----------------------------   
client [24] (testset)   loss: 0.5682 -> 0.3264  accuracy: 93.75% -> 93.75%     
client [68] (testset)   loss: 2.0263 -> 1.0917  accuracy: 0.00% -> 59.72%      
client [57] (testset)   loss: 2.6441 -> 1.6325  accuracy: 0.00% -> 40.91%      
client [17] (testset)   loss: 1.6811 -> 0.8845  accuracy: 17.07% -> 69.92%     
client [54] (testset)   loss: 2.4220 -> 2.3958  accuracy: 25.00% -> 25.00%     
client [23] (testset)   loss: 3.0834 -> 1.7902  accuracy: 0.00% -> 39.13%      
client [35] (testset)   loss: 1.5643 -> 0.6024  accuracy: 2.50% -> 85.00%      
client [59] (testset)   loss: 2.3151 -> 1.1519  accuracy: 0.00% -> 50.83%      
client [31] (testset)   loss: 2.7393 -> 0.6212  accuracy: 1.35% -> 85.14%      
client [9]  (testset)   loss: 2.5472 -> 1.3918  accuracy: 0.00% -> 28.72%      
---------------------------- TRAINING EPOCH: 40 ----------------------------   
client [64] (testset)   loss: 2.2448 -> 1.2344  accuracy: 0.00% -> 50.00%      
client [33] (testset)   loss: 1.8466 -> 0.8601  accuracy: 12.99% -> 75.32%     
client [16] (testset)   loss: 1.4103 -> 0.6460  accuracy: 78.95% -> 78.95%     
client [44] (testset)   loss: 3.0332 -> 0.8811  accuracy: 1.19% -> 63.10%      
client [8]  (testset)   loss: 2.3506 -> 1.1813  accuracy: 54.17% -> 41.67%     
client [31] (testset)   loss: 1.7090 -> 0.6080  accuracy: 85.14% -> 85.14%     
client [47] (testset)   loss: 1.9464 -> 0.5955  accuracy: 87.78% -> 87.78%     
client [36] (testset)   loss: 2.4117 -> 1.7445  accuracy: 0.00% -> 28.89%      
client [20] (testset)   loss: 2.0599 -> 1.1515  accuracy: 37.50% -> 37.50%     
client [56] (testset)   loss: 1.9856 -> 0.7263  accuracy: 7.44% -> 79.34%      
---------------------------- TRAINING EPOCH: 50 ----------------------------   
client [4]  (testset)   loss: 2.4441 -> 2.0748  accuracy: 25.00% -> 25.00%     
client [60] (testset)   loss: 1.3798 -> 0.4204  accuracy: 91.82% -> 91.82%     
client [28] (testset)   loss: 2.3246 -> 1.3554  accuracy: 0.00% -> 61.54%      
client [25] (testset)   loss: 2.9705 -> 0.3924  accuracy: 0.00% -> 90.48%      
client [58] (testset)   loss: 2.0102 -> 0.4958  accuracy: 0.00% -> 86.70%      
client [44] (testset)   loss: 2.1755 -> 0.8709  accuracy: 0.00% -> 63.10%      
client [39] (testset)   loss: 1.4251 -> 1.0249  accuracy: 78.57% -> 78.57%     
client [29] (testset)   loss: 2.5390 -> 0.7458  accuracy: 3.70% -> 81.48%      
client [3]  (testset)   loss: 2.2580 -> 1.7279  accuracy: 23.53% -> 17.65%     
client [84] (testset)   loss: 2.5510 -> 1.6098  accuracy: 0.00% -> 40.23%      
---------------------------- TRAINING EPOCH: 60 ----------------------------   
client [21] (testset)   loss: 2.9801 -> 0.7551  accuracy: 0.00% -> 74.07%      
client [84] (testset)   loss: 2.4075 -> 1.6686  accuracy: 0.00% -> 21.84%      
client [10] (testset)   loss: 2.5826 -> 1.4817  accuracy: 0.00% -> 18.75%      
client [36] (testset)   loss: 2.8065 -> 1.7159  accuracy: 0.00% -> 28.89%      
client [65] (testset)   loss: 1.7541 -> 1.1678  accuracy: 62.22% -> 62.22%     
client [81] (testset)   loss: 1.1488 -> 0.5365  accuracy: 80.58% -> 80.58%     
client [79] (testset)   loss: 1.6336 -> 0.7293  accuracy: 64.00% -> 64.00%     
client [42] (testset)   loss: 0.2558 -> 0.1002  accuracy: 100.00% -> 100.00%   
client [11] (testset)   loss: 2.7175 -> 0.5980  accuracy: 0.00% -> 85.71%      
client [96] (testset)   loss: 2.8872 -> 1.4138  accuracy: 0.00% -> 66.67%      
---------------------------- TRAINING EPOCH: 70 ----------------------------   
client [8]  (testset)   loss: 2.0183 -> 1.1525  accuracy: 0.00% -> 41.67%      
client [53] (testset)   loss: 1.3643 -> 0.7683  accuracy: 78.85% -> 78.85%     
client [52] (testset)   loss: 1.5306 -> 0.9755  accuracy: 65.62% -> 65.62%     
client [42] (testset)   loss: 0.3050 -> 0.0947  accuracy: 100.00% -> 100.00%   
client [69] (testset)   loss: 1.3509 -> 0.8462  accuracy: 71.15% -> 71.15%     
client [59] (testset)   loss: 1.7628 -> 1.1247  accuracy: 50.83% -> 50.83%     
client [7]  (testset)   loss: 3.7535 -> 0.1612  accuracy: 0.00% -> 97.73%      
client [26] (testset)   loss: 2.3412 -> 1.0287  accuracy: 30.77% -> 57.69%     
client [49] (testset)   loss: 1.1825 -> 0.9081  accuracy: 75.00% -> 75.00%     
client [98] (testset)   loss: 0.7128 -> 0.1523  accuracy: 100.00% -> 100.00%   
---------------------------- TRAINING EPOCH: 80 ----------------------------   
client [98] (testset)   loss: 1.4728 -> 0.1088  accuracy: 0.00% -> 100.00%     
client [47] (testset)   loss: 2.8079 -> 0.6039  accuracy: 0.00% -> 87.78%      
client [21] (testset)   loss: 1.8382 -> 0.7447  accuracy: 0.00% -> 74.07%      
client [77] (testset)   loss: 3.2331 -> 1.5845  accuracy: 0.00% -> 36.36%      
client [95] (testset)   loss: 2.6163 -> 1.3786  accuracy: 0.00% -> 46.43%      
client [91] (testset)   loss: 2.7937 -> 3.2059  accuracy: 8.33% -> 16.67%      
client [14] (testset)   loss: 1.1701 -> 0.8463  accuracy: 85.00% -> 85.00%     
client [99] (testset)   loss: 2.2452 -> 1.2453  accuracy: 0.00% -> 71.43%      
client [20] (testset)   loss: 2.9637 -> 1.2084  accuracy: 0.00% -> 37.50%      
client [39] (testset)   loss: 1.9902 -> 0.9160  accuracy: 3.57% -> 78.57%      
---------------------------- TRAINING EPOCH: 90 ----------------------------   
client [52] (testset)   loss: 2.1934 -> 0.9589  accuracy: 0.00% -> 65.62%      
client [62] (testset)   loss: 3.9594 -> 0.4236  accuracy: 0.00% -> 95.45%      
client [71] (testset)   loss: 1.3596 -> 0.8536  accuracy: 71.97% -> 71.97%     
client [97] (testset)   loss: 2.5664 -> 1.2834  accuracy: 0.00% -> 42.02%      
client [30] (testset)   loss: 2.7425 -> 1.3422  accuracy: 13.33% -> 38.89%     
client [88] (testset)   loss: 0.9878 -> 0.4897  accuracy: 87.41% -> 87.41%     
client [60] (testset)   loss: 0.5679 -> 0.4318  accuracy: 91.82% -> 91.82%     
client [82] (testset)   loss: 1.1971 -> 0.9375  accuracy: 69.05% -> 69.05%     
client [91] (testset)   loss: 2.4456 -> 2.5611  accuracy: 8.33% -> 16.67%      
client [57] (testset)   loss: 2.4776 -> 1.2993  accuracy: 0.00% -> 40.91%      
---------------------------- TRAINING EPOCH: 100 ----------------------------  
client [31] (testset)   loss: 0.9741 -> 0.6168  accuracy: 85.14% -> 85.14%     
client [15] (testset)   loss: 2.4226 -> 1.0236  accuracy: 49.32% -> 49.32%     
client [71] (testset)   loss: 1.4166 -> 0.8287  accuracy: 71.97% -> 71.97%     
client [97] (testset)   loss: 3.9679 -> 1.2590  accuracy: 0.00% -> 42.02%      
client [53] (testset)   loss: 2.3309 -> 0.7717  accuracy: 0.00% -> 78.85%      
client [77] (testset)   loss: 2.8142 -> 1.6906  accuracy: 36.36% -> 36.36%     
client [76] (testset)   loss: 2.6754 -> 1.7194  accuracy: 50.00% -> 50.00%     
client [79] (testset)   loss: 3.2254 -> 0.7386  accuracy: 0.00% -> 64.00%      
client [28] (testset)   loss: 2.4782 -> 1.0511  accuracy: 0.00% -> 61.54%      
client [99] (testset)   loss: 2.3926 -> 1.2462  accuracy: 0.00% -> 71.43%      
---------------------------- TRAINING EPOCH: 110 ----------------------------  
client [97] (testset)   loss: 1.9571 -> 1.2882  accuracy: 40.34% -> 40.34%     
client [86] (testset)   loss: 2.8018 -> 1.4001  accuracy: 31.48% -> 31.48%     
client [34] (testset)   loss: 4.2044 -> 0.6338  accuracy: 0.00% -> 82.14%      
client [73] (testset)   loss: 1.2329 -> 0.7279  accuracy: 76.92% -> 76.92%     
client [5]  (testset)   loss: 0.6757 -> 0.4899  accuracy: 90.00% -> 90.00%     
client [96] (testset)   loss: 3.3611 -> 1.2954  accuracy: 0.00% -> 66.67%      
client [22] (testset)   loss: 2.8358 -> 0.9731  accuracy: 1.69% -> 52.54%      
client [60] (testset)   loss: 1.6508 -> 0.4165  accuracy: 0.00% -> 91.82%      
client [66] (testset)   loss: 0.4257 -> 0.1627  accuracy: 97.75% -> 97.75%     
client [83] (testset)   loss: 1.8307 -> 0.5099  accuracy: 0.00% -> 87.91%      
---------------------------- TRAINING EPOCH: 120 ----------------------------  
client [76] (testset)   loss: 2.5768 -> 1.7168  accuracy: 50.00% -> 50.00%     
client [65] (testset)   loss: 2.3026 -> 1.1997  accuracy: 2.22% -> 62.22%      
client [95] (testset)   loss: 3.1064 -> 1.3875  accuracy: 0.00% -> 46.43%      
client [17] (testset)   loss: 3.2250 -> 0.9043  accuracy: 0.00% -> 69.92%      
client [8]  (testset)   loss: 2.8838 -> 1.2234  accuracy: 0.00% -> 41.67%      
client [35] (testset)   loss: 0.7255 -> 0.5219  accuracy: 85.00% -> 85.00%     
client [98] (testset)   loss: 1.7378 -> 0.0894  accuracy: 0.00% -> 100.00%     
client [53] (testset)   loss: 1.0773 -> 0.8112  accuracy: 78.85% -> 78.85%     
client [43] (testset)   loss: 2.6646 -> 0.9531  accuracy: 0.00% -> 83.33%      
client [64] (testset)   loss: 2.3038 -> 1.7643  accuracy: 50.00% -> 0.00%      
---------------------------- TRAINING EPOCH: 130 ----------------------------  
client [21] (testset)   loss: 2.8052 -> 0.7504  accuracy: 0.00% -> 74.07%      
client [88] (testset)   loss: 0.7164 -> 0.4707  accuracy: 87.41% -> 87.41%     
client [38] (testset)   loss: 3.6991 -> 0.8425  accuracy: 0.00% -> 76.00%      
client [3]  (testset)   loss: 2.7352 -> 1.7321  accuracy: 17.65% -> 17.65%     
client [5]  (testset)   loss: 0.7066 -> 0.4916  accuracy: 90.00% -> 90.00%     
client [41] (testset)   loss: 2.2900 -> 1.1541  accuracy: 0.00% -> 65.43%      
client [7]  (testset)   loss: 0.5885 -> 0.1571  accuracy: 97.73% -> 97.73%     
client [37] (testset)   loss: 2.1988 -> 0.9315  accuracy: 55.00% -> 55.00%     
client [45] (testset)   loss: 3.3690 -> 1.5567  accuracy: 0.00% -> 27.27%      
client [47] (testset)   loss: 2.4024 -> 0.6029  accuracy: 0.00% -> 87.78%      
---------------------------- TRAINING EPOCH: 140 ----------------------------  
client [16] (testset)   loss: 2.8915 -> 0.7512  accuracy: 0.00% -> 78.95%      
client [11] (testset)   loss: 2.9910 -> 0.5571  accuracy: 0.00% -> 85.71%      
client [37] (testset)   loss: 3.4953 -> 1.0979  accuracy: 0.00% -> 55.00%      
client [41] (testset)   loss: 2.1874 -> 1.1549  accuracy: 0.00% -> 65.43%      
client [95] (testset)   loss: 2.8761 -> 1.3972  accuracy: 0.00% -> 46.43%      
client [53] (testset)   loss: 1.5110 -> 0.7778  accuracy: 78.85% -> 78.85%     
client [22] (testset)   loss: 3.0261 -> 0.9760  accuracy: 0.00% -> 52.54%      
client [25] (testset)   loss: 1.6243 -> 0.3417  accuracy: 0.00% -> 90.48%      
client [69] (testset)   loss: 1.9985 -> 0.8499  accuracy: 71.15% -> 71.15%     
client [46] (testset)   loss: 1.2740 -> 0.9540  accuracy: 20.81% -> 64.47%     
---------------------------- TRAINING EPOCH: 150 ----------------------------  
client [47] (testset)   loss: 0.8330 -> 0.6133  accuracy: 87.78% -> 87.78%     
client [69] (testset)   loss: 1.4780 -> 0.8452  accuracy: 71.15% -> 71.15%     
client [82] (testset)   loss: 1.3351 -> 0.8494  accuracy: 69.05% -> 69.05%     
client [45] (testset)   loss: 2.4920 -> 1.6554  accuracy: 0.00% -> 27.27%      
client [7]  (testset)   loss: 0.7128 -> 0.1520  accuracy: 97.73% -> 97.73%     
client [50] (testset)   loss: 2.3619 -> 1.1945  accuracy: 0.00% -> 55.56%      
client [35] (testset)   loss: 0.7791 -> 0.5262  accuracy: 85.00% -> 85.00%     
client [24] (testset)   loss: 0.5844 -> 0.3450  accuracy: 93.75% -> 93.75%     
client [15] (testset)   loss: 2.2565 -> 0.9818  accuracy: 0.00% -> 49.32%      
client [58] (testset)   loss: 3.2264 -> 0.4909  accuracy: 8.87% -> 86.70%      
---------------------------- TRAINING EPOCH: 160 ----------------------------  
client [48] (testset)   loss: 1.1266 -> 0.6493  accuracy: 83.15% -> 83.15%     
client [76] (testset)   loss: 2.0801 -> 1.6097  accuracy: 50.00% -> 50.00%     
client [67] (testset)   loss: 1.4026 -> 0.6201  accuracy: 85.71% -> 85.71%     
client [37] (testset)   loss: 2.2011 -> 0.9283  accuracy: 0.00% -> 55.00%      
client [58] (testset)   loss: 0.9099 -> 0.4907  accuracy: 86.70% -> 86.70%     
client [64] (testset)   loss: 2.1275 -> 1.5156  accuracy: 0.00% -> 0.00%       
client [77] (testset)   loss: 2.5379 -> 1.6587  accuracy: 0.00% -> 36.36%      
client [55] (testset)   loss: 2.0874 -> 0.8435  accuracy: 2.70% -> 83.78%      
client [12] (testset)   loss: 2.5357 -> 1.2922  accuracy: 0.00% -> 61.11%      
client [89] (testset)   loss: 2.1178 -> 1.1375  accuracy: 0.00% -> 40.00%      
---------------------------- TRAINING EPOCH: 170 ----------------------------  
client [84] (testset)   loss: 2.0760 -> 1.6110  accuracy: 40.23% -> 40.23%     
client [51] (testset)   loss: 1.0929 -> 0.9500  accuracy: 80.00% -> 80.00%     
client [8]  (testset)   loss: 2.9345 -> 1.1279  accuracy: 0.00% -> 54.17%      
client [18] (testset)   loss: 0.3327 -> 0.2071  accuracy: 97.37% -> 97.37%     
client [94] (testset)   loss: 1.0458 -> 1.1800  accuracy: 83.33% -> 83.33%     
client [81] (testset)   loss: 1.1949 -> 0.5198  accuracy: 80.58% -> 80.58%     
client [3]  (testset)   loss: 2.7465 -> 1.7905  accuracy: 17.65% -> 17.65%     
client [11] (testset)   loss: 0.8112 -> 0.5356  accuracy: 85.71% -> 85.71%     
client [95] (testset)   loss: 2.7070 -> 1.3780  accuracy: 7.14% -> 46.43%      
client [67] (testset)   loss: 1.0789 -> 0.5872  accuracy: 85.71% -> 85.71%     
---------------------------- TRAINING EPOCH: 180 ----------------------------  
client [21] (testset)   loss: 3.4899 -> 0.7481  accuracy: 0.00% -> 74.07%      
client [79] (testset)   loss: 1.5671 -> 0.7338  accuracy: 36.00% -> 64.00%     
client [58] (testset)   loss: 0.7256 -> 0.4986  accuracy: 86.70% -> 86.70%     
client [88] (testset)   loss: 1.4207 -> 0.5634  accuracy: 87.41% -> 87.41%     
client [46] (testset)   loss: 2.5852 -> 0.9677  accuracy: 0.00% -> 64.47%      
client [11] (testset)   loss: 1.4890 -> 0.5489  accuracy: 85.71% -> 85.71%     
client [55] (testset)   loss: 3.1520 -> 0.8442  accuracy: 2.70% -> 83.78%      
client [13] (testset)   loss: 2.7807 -> 1.5681  accuracy: 1.59% -> 46.03%      
client [31] (testset)   loss: 2.9357 -> 0.6205  accuracy: 1.35% -> 85.14%      
client [75] (testset)   loss: 2.9679 -> 0.1962  accuracy: 0.00% -> 100.00%     
---------------------------- TRAINING EPOCH: 190 ----------------------------  
client [19] (testset)   loss: 1.0549 -> 0.6174  accuracy: 80.00% -> 80.00%     
client [7]  (testset)   loss: 0.1902 -> 0.1455  accuracy: 97.73% -> 97.73%     
client [57] (testset)   loss: 2.2160 -> 1.3044  accuracy: 40.91% -> 40.91%     
client [13] (testset)   loss: 1.9253 -> 1.5728  accuracy: 46.03% -> 46.03%     
client [43] (testset)   loss: 1.8406 -> 0.8772  accuracy: 83.33% -> 83.33%     
client [91] (testset)   loss: 2.3888 -> 2.3492  accuracy: 16.67% -> 16.67%     
client [10] (testset)   loss: 2.2153 -> 1.4635  accuracy: 12.50% -> 46.88%     
client [64] (testset)   loss: 2.3249 -> 1.5131  accuracy: 0.00% -> 0.00%       
client [82] (testset)   loss: 1.3245 -> 0.9116  accuracy: 69.05% -> 69.05%     
client [22] (testset)   loss: 1.7556 -> 0.9707  accuracy: 52.54% -> 42.37%     
---------------------------- TRAINING EPOCH: 200 ----------------------------  
client [20] (testset)   loss: 2.2265 -> 1.2111  accuracy: 0.00% -> 37.50%      
client [23] (testset)   loss: 2.5124 -> 1.7985  accuracy: 0.00% -> 39.13%      
client [88] (testset)   loss: 3.4340 -> 0.4771  accuracy: 0.00% -> 87.41%      
client [98] (testset)   loss: 0.3213 -> 0.2430  accuracy: 100.00% -> 100.00%   
client [79] (testset)   loss: 1.9561 -> 0.7342  accuracy: 36.00% -> 64.00%     
client [21] (testset)   loss: 2.2359 -> 0.7409  accuracy: 0.00% -> 74.07%      
client [92] (testset)   loss: 2.9459 -> 1.2285  accuracy: 12.24% -> 55.10%     
client [56] (testset)   loss: 1.3216 -> 0.7221  accuracy: 79.34% -> 79.34%     
client [5]  (testset)   loss: 0.5798 -> 0.4937  accuracy: 90.00% -> 90.00%     
client [52] (testset)   loss: 1.8853 -> 0.9947  accuracy: 65.62% -> 65.62%     
FedDpag's average time taken by each global epoch: 0 min 1.07 sec.             
FedDpag's total running time: 0 h 3 m 38 s.                                    
==================== FedDpag Experiment Results: ====================          
Display format: (before local fine-tuning) -> (after local fine-tuning)        
 So if finetune_epoch = 0, x.xx% -> 0.00% is normal.                           
 Centralized testing ONLY happens after model aggregation, so the stats between
'->' are the same.                                                             
{                                                                              
    "100": {                                                                   
        "all_clients": {                                                       
            "test": {                                                          
                "loss": "2.0152 -> 0.0000",                                    
                "accuracy": "34.00% -> 0.00%"                                  
            }                                                                  
        }                                                                      
    },                                                                         
    "200": {                                                                   
        "all_clients": {                                                       
            "test": {                                                          
                "loss": "2.2257 -> 0.0000",                                    
                "accuracy": "31.41% -> 0.00%"                                  
            }                                                                  
        }                                                                      
    }                                                                          
}                                                                              
==================== FedDpag Max Accuracy ====================                 
all_clients:                                                                   
(test) before fine-tuning: 34.00% at epoch 100                                 
(test) after fine-tuning: 0.00% at epoch 100                                   
