==================== pFedFDA ====================                              
Experiment Arguments:                                                          
{
    'method': 'pfedfda',
    'dataset': {
        'name': 'svhn',
        'client_num': 100,
        'test_ratio': 0.25,
        'val_ratio': 0.0,
        'seed': 42,
        'split': 'sample',
        'IID_ratio': 0.0,
        'monitor_window_name_suffix': 'svhn-100clients-0%IID-Dir(0.5)-seed42',
        'alpha': 0.5,
        'min_samples_per_client': 10
    },
    'model': {
        'name': 'avgcnn',
        'use_torchvision_pretrained_weights': True,
        'external_model_weights_path': None
    },
    'optimizer': {
        'lr': 0.01,
        'dampening': 0,
        'weight_decay': 0,
        'momentum': 0.7,
        'nesterov': False,
        'name': 'sgd'
    },
    'mode': 'serial',
    'parallel': {
        'ray_cluster_addr': None,
        'num_cpus': None,
        'num_gpus': None,
        'num_workers': 2
    },
    'common': {
        'seed': 42,
        'join_ratio': 0.1,
        'global_epoch': 400,
        'local_epoch': 5,
        'batch_size': 32,
        'reset_optimizer_on_global_epoch': True,
        'straggler_ratio': 0,
        'straggler_min_local_epoch': 0,
        'buffers': 'global',
        'client_side_evaluation': True,
        'test': {
            'client': {
                'interval': 100,
                'finetune_epoch': 5,
                'train': False,
                'val': False,
                'test': True
            },
            'server': {
                'interval': -1,
                'train': False,
                'val': False,
                'test': True,
                'model_in_train_mode': False
            }
        },
        'verbose_gap': 10,
        'monitor': None,
        'use_cuda': True,
        'save_log': True,
        'save_model': False,
        'save_learning_curve_plot': True,
        'save_metrics': True,
        'delete_useless_run': True
    },
    'fedprox': {
        'mu': 0.01
    },
    'pfedsim': {
        'warmup_round': 0.5
    },
    'pfedfda': {
        'eps': 0.0001,
        'single_beta': False,
        'local_beta': False,
        'num_cv_folds': 2
    }
}
---------------------------- TRAINING EPOCH: 10 ----------------------------   
client [77] (testset)   loss: 0.8260 -> 0.5698  accuracy: 77.59% -> 84.91%     
client [81] (testset)   loss: 0.8103 -> 0.6297  accuracy: 82.05% -> 84.62%     
client [21] (testset)   loss: 0.7383 -> 0.4345  accuracy: 82.18% -> 86.55%     
client [68] (testset)   loss: 0.4274 -> 0.4565  accuracy: 89.29% -> 88.87%     
client [93] (testset)   loss: 0.6821 -> 0.5164  accuracy: 81.75% -> 88.08%     
client [31] (testset)   loss: 0.4437 -> 0.3638  accuracy: 87.73% -> 90.23%     
client [20] (testset)   loss: 0.5164 -> 0.5714  accuracy: 87.63% -> 86.08%     
client [59] (testset)   loss: 0.5799 -> 0.4464  accuracy: 86.43% -> 86.93%     
client [48] (testset)   loss: 0.5035 -> 0.5476  accuracy: 87.22% -> 85.34%     
client [34] (testset)   loss: 1.1583 -> 1.0387  accuracy: 67.54% -> 73.68%     
---------------------------- TRAINING EPOCH: 20 ----------------------------   
client [69] (testset)   loss: 0.8201 -> 0.4619  accuracy: 80.95% -> 88.57%     
client [99] (testset)   loss: 0.3908 -> 0.4685  accuracy: 90.59% -> 89.02%     
client [67] (testset)   loss: 0.5388 -> 0.2288  accuracy: 86.76% -> 91.67%     
client [0]  (testset)   loss: 0.6061 -> 0.5002  accuracy: 78.72% -> 84.04%     
client [76] (testset)   loss: 0.4897 -> 0.3986  accuracy: 85.28% -> 89.57%     
client [41] (testset)   loss: 0.5857 -> 0.3960  accuracy: 85.04% -> 88.32%     
client [62] (testset)   loss: 0.5428 -> 0.5444  accuracy: 85.62% -> 85.45%     
client [2]  (testset)   loss: 0.4056 -> 0.3247  accuracy: 86.91% -> 90.60%     
client [14] (testset)   loss: 0.6045 -> 0.4594  accuracy: 86.13% -> 92.27%     
client [46] (testset)   loss: 0.6947 -> 0.4938  accuracy: 80.00% -> 85.26%     
---------------------------- TRAINING EPOCH: 30 ----------------------------   
client [24] (testset)   loss: 0.2754 -> 0.3195  accuracy: 93.33% -> 93.33%     
client [68] (testset)   loss: 0.4257 -> 0.4867  accuracy: 90.96% -> 90.40%     
client [57] (testset)   loss: 0.5091 -> 0.6018  accuracy: 88.35% -> 88.92%     
client [17] (testset)   loss: 0.3392 -> 0.3380  accuracy: 89.26% -> 91.28%     
client [54] (testset)   loss: 0.3690 -> 0.3488  accuracy: 89.67% -> 91.30%     
client [23] (testset)   loss: 0.7464 -> 0.5889  accuracy: 84.35% -> 89.57%     
client [35] (testset)   loss: 0.7872 -> 0.4863  accuracy: 84.57% -> 90.74%     
client [59] (testset)   loss: 0.4978 -> 0.3863  accuracy: 88.94% -> 90.45%     
client [31] (testset)   loss: 0.4031 -> 0.3688  accuracy: 91.59% -> 92.27%     
client [9]  (testset)   loss: 0.6009 -> 0.4962  accuracy: 85.85% -> 86.34%     
---------------------------- TRAINING EPOCH: 40 ----------------------------   
client [64] (testset)   loss: 0.3076 -> 0.3990  accuracy: 92.74% -> 91.88%     
client [33] (testset)   loss: 0.3784 -> 0.4985  accuracy: 86.25% -> 87.50%     
client [16] (testset)   loss: 0.6129 -> 0.3978  accuracy: 87.36% -> 90.73%     
client [44] (testset)   loss: 0.4142 -> 0.4192  accuracy: 89.94% -> 90.55%     
client [8]  (testset)   loss: 0.4047 -> 0.2675  accuracy: 93.33% -> 94.36%     
client [31] (testset)   loss: 0.3642 -> 0.3188  accuracy: 92.05% -> 92.95%     
client [47] (testset)   loss: 0.3899 -> 0.3467  accuracy: 91.10% -> 92.05%     
client [36] (testset)   loss: 0.8683 -> 0.5269  accuracy: 82.35% -> 90.20%     
client [20] (testset)   loss: 0.4725 -> 0.4463  accuracy: 89.69% -> 90.72%     
client [56] (testset)   loss: 0.6018 -> 0.5603  accuracy: 86.57% -> 85.07%     
---------------------------- TRAINING EPOCH: 50 ----------------------------   
client [4]  (testset)   loss: 0.3458 -> 0.3827  accuracy: 89.95% -> 89.50%     
client [60] (testset)   loss: 0.3639 -> 0.3842  accuracy: 87.44% -> 90.13%     
client [28] (testset)   loss: 0.3626 -> 0.5121  accuracy: 91.04% -> 89.55%     
client [25] (testset)   loss: 0.4614 -> 0.5544  accuracy: 89.68% -> 86.51%     
client [58] (testset)   loss: 0.4126 -> 0.4501  accuracy: 89.39% -> 90.61%     
client [44] (testset)   loss: 0.3605 -> 0.4130  accuracy: 90.55% -> 91.38%     
client [39] (testset)   loss: 0.6972 -> 0.5268  accuracy: 84.95% -> 88.17%     
client [29] (testset)   loss: 0.8080 -> 0.4754  accuracy: 83.81% -> 88.57%     
client [3]  (testset)   loss: 0.5826 -> 0.4859  accuracy: 88.89% -> 92.16%     
client [84] (testset)   loss: 0.6203 -> 0.5664  accuracy: 87.17% -> 92.13%     
---------------------------- TRAINING EPOCH: 60 ----------------------------   
client [21] (testset)   loss: 0.4045 -> 0.3894  accuracy: 87.27% -> 91.27%     
client [84] (testset)   loss: 0.5730 -> 0.5757  accuracy: 88.63% -> 91.55%     
client [10] (testset)   loss: 0.3518 -> 0.3043  accuracy: 89.64% -> 93.78%     
client [36] (testset)   loss: 0.5967 -> 0.3909  accuracy: 88.24% -> 92.16%     
client [65] (testset)   loss: 0.3747 -> 0.3139  accuracy: 90.23% -> 92.11%     
client [81] (testset)   loss: 0.5352 -> 0.5330  accuracy: 87.18% -> 89.23%     
client [79] (testset)   loss: 0.5284 -> 0.7063  accuracy: 87.36% -> 86.78%     
client [42] (testset)   loss: 0.3379 -> 0.3113  accuracy: 89.84% -> 92.06%     
client [11] (testset)   loss: 0.4119 -> 0.3615  accuracy: 89.18% -> 90.16%     
client [96] (testset)   loss: 0.3609 -> 0.2904  accuracy: 90.73% -> 92.74%     
---------------------------- TRAINING EPOCH: 70 ----------------------------   
client [8]  (testset)   loss: 0.3375 -> 0.2504  accuracy: 94.87% -> 95.90%     
client [53] (testset)   loss: 0.4900 -> 0.3314  accuracy: 87.57% -> 94.92%     
client [52] (testset)   loss: 0.5848 -> 0.4175  accuracy: 86.03% -> 91.75%     
client [42] (testset)   loss: 0.4468 -> 0.3217  accuracy: 89.84% -> 91.43%     
client [69] (testset)   loss: 0.7161 -> 0.5508  accuracy: 86.67% -> 88.57%     
client [59] (testset)   loss: 0.4367 -> 0.3167  accuracy: 92.46% -> 94.47%     
client [7]  (testset)   loss: 0.7397 -> 0.3476  accuracy: 86.50% -> 90.00%     
client [26] (testset)   loss: 0.1983 -> 0.1974  accuracy: 94.74% -> 93.33%     
client [49] (testset)   loss: 0.2617 -> 0.1916  accuracy: 94.22% -> 93.64%     
client [98] (testset)   loss: 0.3250 -> 0.2922  accuracy: 91.91% -> 93.19%     
---------------------------- TRAINING EPOCH: 80 ----------------------------   
client [98] (testset)   loss: 0.5743 -> 0.3651  accuracy: 87.66% -> 90.64%     
client [47] (testset)   loss: 0.3440 -> 0.3405  accuracy: 92.05% -> 92.80%     
client [21] (testset)   loss: 0.4096 -> 0.3581  accuracy: 90.55% -> 92.00%     
client [77] (testset)   loss: 0.4416 -> 0.3743  accuracy: 84.91% -> 91.81%     
client [95] (testset)   loss: 0.3053 -> 0.3103  accuracy: 93.77% -> 94.07%     
client [91] (testset)   loss: 0.5542 -> 0.4135  accuracy: 86.63% -> 88.95%     
client [14] (testset)   loss: 0.4377 -> 0.4361  accuracy: 92.00% -> 94.13%     
client [99] (testset)   loss: 0.3369 -> 0.4192  accuracy: 92.94% -> 94.12%     
client [20] (testset)   loss: 0.5107 -> 0.3909  accuracy: 89.18% -> 92.78%     
client [39] (testset)   loss: 0.6638 -> 0.4573  accuracy: 83.87% -> 88.71%     
---------------------------- TRAINING EPOCH: 90 ----------------------------   
client [52] (testset)   loss: 0.6358 -> 0.3474  accuracy: 85.40% -> 92.06%     
client [62] (testset)   loss: 0.4856 -> 0.4849  accuracy: 88.96% -> 90.13%     
client [71] (testset)   loss: 0.6202 -> 0.6805  accuracy: 88.62% -> 88.62%     
client [97] (testset)   loss: 0.7241 -> 0.5393  accuracy: 82.61% -> 88.26%     
client [30] (testset)   loss: 0.4208 -> 0.4195  accuracy: 91.21% -> 93.49%     
client [88] (testset)   loss: 0.6267 -> 0.4009  accuracy: 90.00% -> 92.86%     
client [60] (testset)   loss: 0.3465 -> 0.3196  accuracy: 89.69% -> 92.83%     
client [82] (testset)   loss: 0.4891 -> 0.2661  accuracy: 88.06% -> 92.54%     
client [91] (testset)   loss: 0.5102 -> 0.4722  accuracy: 87.79% -> 87.21%     
client [57] (testset)   loss: 0.5310 -> 0.5905  accuracy: 90.91% -> 90.34%     
---------------------------- TRAINING EPOCH: 100 ----------------------------  
client [31] (testset)   loss: 0.4345 -> 0.3506  accuracy: 91.14% -> 94.32%     
client [15] (testset)   loss: 0.7048 -> 0.4946  accuracy: 89.76% -> 92.18%     
client [71] (testset)   loss: 0.6118 -> 0.7349  accuracy: 90.42% -> 88.02%     
client [97] (testset)   loss: 0.7136 -> 0.5711  accuracy: 82.17% -> 87.39%     
client [53] (testset)   loss: 0.4807 -> 0.3375  accuracy: 91.53% -> 93.79%     
client [77] (testset)   loss: 0.4727 -> 0.3795  accuracy: 85.78% -> 91.81%     
client [76] (testset)   loss: 0.3619 -> 0.2663  accuracy: 90.49% -> 92.94%     
client [79] (testset)   loss: 0.5951 -> 0.6081  accuracy: 89.08% -> 86.21%     
client [28] (testset)   loss: 0.3144 -> 0.3939  accuracy: 91.04% -> 91.04%     
client [99] (testset)   loss: 0.3591 -> 0.3809  accuracy: 93.33% -> 93.73%     
---------------------------- TRAINING EPOCH: 110 ----------------------------  
client [97] (testset)   loss: 0.6639 -> 0.5015  accuracy: 83.04% -> 87.39%     
client [86] (testset)   loss: 0.2024 -> 0.2974  accuracy: 93.89% -> 93.13%     
client [34] (testset)   loss: 0.7461 -> 0.7157  accuracy: 85.96% -> 83.33%     
client [73] (testset)   loss: 0.2812 -> 0.2212  accuracy: 91.55% -> 94.93%     
client [5]  (testset)   loss: 0.8196 -> 0.5665  accuracy: 93.24% -> 89.19%     
client [96] (testset)   loss: 0.3586 -> 0.2780  accuracy: 91.53% -> 93.55%     
client [22] (testset)   loss: 0.2536 -> 0.2116  accuracy: 93.64% -> 94.55%     
client [60] (testset)   loss: 0.2773 -> 0.3064  accuracy: 90.13% -> 92.38%     
client [66] (testset)   loss: 0.3143 -> 0.2963  accuracy: 92.29% -> 94.53%     
client [83] (testset)   loss: 0.2592 -> 0.2101  accuracy: 93.50% -> 94.50%     
---------------------------- TRAINING EPOCH: 120 ----------------------------  
client [76] (testset)   loss: 0.2688 -> 0.2313  accuracy: 92.64% -> 95.09%     
client [65] (testset)   loss: 0.4605 -> 0.2932  accuracy: 89.47% -> 92.48%     
client [95] (testset)   loss: 0.3189 -> 0.3589  accuracy: 94.96% -> 93.77%     
client [17] (testset)   loss: 0.2999 -> 0.2411  accuracy: 90.60% -> 92.62%     
client [8]  (testset)   loss: 0.4246 -> 0.2521  accuracy: 92.31% -> 94.87%     
client [35] (testset)   loss: 0.5449 -> 0.2749  accuracy: 90.12% -> 94.44%     
client [98] (testset)   loss: 0.4145 -> 0.3589  accuracy: 87.66% -> 91.91%     
client [53] (testset)   loss: 0.3512 -> 0.3231  accuracy: 92.09% -> 94.35%     
client [43] (testset)   loss: 1.0362 -> 0.9463  accuracy: 89.86% -> 89.86%     
client [64] (testset)   loss: 0.1816 -> 0.1959  accuracy: 93.59% -> 94.02%     
---------------------------- TRAINING EPOCH: 130 ----------------------------  
client [21] (testset)   loss: 0.4278 -> 0.4272  accuracy: 89.82% -> 90.18%     
client [88] (testset)   loss: 0.6705 -> 0.5071  accuracy: 90.00% -> 92.50%     
client [38] (testset)   loss: 0.4590 -> 0.4742  accuracy: 89.29% -> 89.75%     
client [3]  (testset)   loss: 0.6886 -> 0.5354  accuracy: 87.58% -> 89.54%     
client [5]  (testset)   loss: 0.9070 -> 0.8944  accuracy: 91.89% -> 89.19%     
client [41] (testset)   loss: 0.3628 -> 0.2446  accuracy: 90.51% -> 94.16%     
client [7]  (testset)   loss: 0.7643 -> 0.3446  accuracy: 86.50% -> 92.00%     
client [37] (testset)   loss: 0.5243 -> 0.5956  accuracy: 89.53% -> 90.05%     
client [45] (testset)   loss: 0.6938 -> 0.6285  accuracy: 88.80% -> 88.80%     
client [47] (testset)   loss: 0.3434 -> 0.3664  accuracy: 93.75% -> 91.86%     
---------------------------- TRAINING EPOCH: 140 ----------------------------  
client [16] (testset)   loss: 0.4843 -> 0.3169  accuracy: 89.89% -> 94.38%     
client [11] (testset)   loss: 0.4568 -> 0.3624  accuracy: 91.48% -> 93.11%     
client [37] (testset)   loss: 0.4965 -> 0.5629  accuracy: 91.10% -> 90.58%     
client [41] (testset)   loss: 0.3901 -> 0.3295  accuracy: 89.78% -> 92.34%     
client [95] (testset)   loss: 0.3823 -> 0.3268  accuracy: 93.18% -> 94.36%     
client [53] (testset)   loss: 0.4281 -> 0.2918  accuracy: 90.96% -> 95.48%     
client [22] (testset)   loss: 0.2498 -> 0.2049  accuracy: 95.00% -> 95.00%     
client [25] (testset)   loss: 0.4995 -> 0.5349  accuracy: 90.87% -> 90.48%     
client [69] (testset)   loss: 0.5489 -> 0.5694  accuracy: 87.62% -> 88.57%     
client [46] (testset)   loss: 0.4236 -> 0.3527  accuracy: 87.37% -> 91.58%     
---------------------------- TRAINING EPOCH: 150 ----------------------------  
client [47] (testset)   loss: 0.3396 -> 0.3030  accuracy: 92.23% -> 93.75%     
client [69] (testset)   loss: 0.7567 -> 0.5682  accuracy: 85.71% -> 87.62%     
client [82] (testset)   loss: 0.5089 -> 0.3043  accuracy: 88.81% -> 92.54%     
client [45] (testset)   loss: 0.7837 -> 0.6268  accuracy: 88.38% -> 89.63%     
client [7]  (testset)   loss: 0.8250 -> 0.4455  accuracy: 86.00% -> 91.00%     
client [50] (testset)   loss: 0.4599 -> 0.4021  accuracy: 89.61% -> 90.26%     
client [35] (testset)   loss: 0.4276 -> 0.2803  accuracy: 88.27% -> 93.83%     
client [24] (testset)   loss: 0.1594 -> 0.2180  accuracy: 95.56% -> 95.56%     
client [15] (testset)   loss: 0.6338 -> 0.4887  accuracy: 90.84% -> 91.64%     
client [58] (testset)   loss: 0.4806 -> 0.4030  accuracy: 88.48% -> 92.73%     
---------------------------- TRAINING EPOCH: 160 ----------------------------  
client [48] (testset)   loss: 0.4598 -> 0.4717  accuracy: 92.11% -> 90.98%     
client [76] (testset)   loss: 0.3170 -> 0.2323  accuracy: 93.25% -> 94.17%     
client [67] (testset)   loss: 0.2528 -> 0.1078  accuracy: 92.65% -> 96.57%     
client [37] (testset)   loss: 0.5050 -> 0.6018  accuracy: 89.53% -> 89.53%     
client [58] (testset)   loss: 0.5235 -> 0.4008  accuracy: 89.39% -> 93.33%     
client [64] (testset)   loss: 0.2342 -> 0.2217  accuracy: 93.16% -> 94.02%     
client [77] (testset)   loss: 0.4946 -> 0.4577  accuracy: 87.50% -> 91.81%     
client [55] (testset)   loss: 0.4562 -> 0.2619  accuracy: 86.34% -> 94.63%     
client [12] (testset)   loss: 0.3565 -> 0.3803  accuracy: 94.07% -> 96.26%     
client [89] (testset)   loss: 0.2572 -> 0.2155  accuracy: 93.62% -> 94.33%     
---------------------------- TRAINING EPOCH: 170 ----------------------------  
client [84] (testset)   loss: 0.6164 -> 0.5426  accuracy: 90.09% -> 93.88%     
client [51] (testset)   loss: 0.4316 -> 0.4753  accuracy: 92.00% -> 86.67%     
client [8]  (testset)   loss: 0.3814 -> 0.3138  accuracy: 93.85% -> 95.38%     
client [18] (testset)   loss: 1.0090 -> 0.9866  accuracy: 87.13% -> 89.11%     
client [94] (testset)   loss: 0.3247 -> 0.2427  accuracy: 93.11% -> 94.61%     
client [81] (testset)   loss: 0.6515 -> 0.5574  accuracy: 87.69% -> 90.26%     
client [3]  (testset)   loss: 0.6814 -> 0.5437  accuracy: 91.50% -> 91.50%     
client [11] (testset)   loss: 0.4922 -> 0.3441  accuracy: 90.82% -> 93.77%     
client [95] (testset)   loss: 0.4257 -> 0.3551  accuracy: 93.47% -> 94.66%     
client [67] (testset)   loss: 0.2790 -> 0.1480  accuracy: 91.18% -> 96.57%     
---------------------------- TRAINING EPOCH: 180 ----------------------------  
client [21] (testset)   loss: 0.4795 -> 0.4287  accuracy: 90.18% -> 92.00%     
client [79] (testset)   loss: 0.5875 -> 0.5411  accuracy: 89.66% -> 91.95%     
client [58] (testset)   loss: 0.4727 -> 0.4478  accuracy: 89.70% -> 92.12%     
client [88] (testset)   loss: 0.6604 -> 0.5659  accuracy: 91.43% -> 93.21%     
client [46] (testset)   loss: 0.4663 -> 0.4823  accuracy: 88.42% -> 88.95%     
client [11] (testset)   loss: 0.5297 -> 0.3366  accuracy: 90.82% -> 92.79%     
client [55] (testset)   loss: 0.5238 -> 0.3517  accuracy: 88.29% -> 92.68%     
client [13] (testset)   loss: 0.4368 -> 0.4738  accuracy: 90.58% -> 93.19%     
client [31] (testset)   loss: 0.4797 -> 0.4339  accuracy: 92.50% -> 92.95%     
client [75] (testset)   loss: 0.7728 -> 0.6616  accuracy: 86.67% -> 90.83%     
---------------------------- TRAINING EPOCH: 190 ----------------------------  
client [19] (testset)   loss: 0.2939 -> 0.2409  accuracy: 92.06% -> 94.05%     
client [7]  (testset)   loss: 0.6986 -> 0.3615  accuracy: 88.50% -> 93.50%     
client [57] (testset)   loss: 0.5033 -> 0.5731  accuracy: 91.76% -> 92.05%     
client [13] (testset)   loss: 0.4618 -> 0.3447  accuracy: 92.15% -> 92.67%     
client [43] (testset)   loss: 1.2451 -> 1.1133  accuracy: 88.51% -> 88.51%     
client [91] (testset)   loss: 0.6092 -> 0.4767  accuracy: 89.53% -> 90.12%     
client [10] (testset)   loss: 0.4906 -> 0.2884  accuracy: 92.23% -> 95.85%     
client [64] (testset)   loss: 0.1665 -> 0.1677  accuracy: 95.73% -> 94.02%     
client [82] (testset)   loss: 0.4945 -> 0.3176  accuracy: 89.55% -> 91.79%     
client [22] (testset)   loss: 0.2774 -> 0.2304  accuracy: 93.18% -> 93.64%     
---------------------------- TRAINING EPOCH: 200 ----------------------------  
client [20] (testset)   loss: 0.4638 -> 0.4258  accuracy: 91.75% -> 92.27%     
client [23] (testset)   loss: 0.6298 -> 0.7155  accuracy: 85.65% -> 90.87%     
client [88] (testset)   loss: 0.7150 -> 0.4853  accuracy: 90.00% -> 92.86%     
client [98] (testset)   loss: 0.3724 -> 0.3213  accuracy: 91.49% -> 92.77%     
client [79] (testset)   loss: 0.6121 -> 0.6136  accuracy: 90.23% -> 90.80%     
client [21] (testset)   loss: 0.4361 -> 0.5917  accuracy: 91.27% -> 89.45%     
client [92] (testset)   loss: 0.7334 -> 0.7156  accuracy: 88.97% -> 88.97%     
client [56] (testset)   loss: 0.5315 -> 0.4686  accuracy: 88.06% -> 88.06%     
client [5]  (testset)   loss: 1.0993 -> 0.8426  accuracy: 91.89% -> 90.54%     
client [52] (testset)   loss: 0.6678 -> 0.4583  accuracy: 85.40% -> 91.75%     
---------------------------- TRAINING EPOCH: 210 ----------------------------  
client [67] (testset)   loss: 0.2714 -> 0.0980  accuracy: 93.63% -> 96.57%     
client [54] (testset)   loss: 0.3455 -> 0.2843  accuracy: 91.85% -> 92.39%     
client [14] (testset)   loss: 0.6154 -> 0.5301  accuracy: 91.47% -> 93.60%     
client [99] (testset)   loss: 0.3681 -> 0.3582  accuracy: 93.33% -> 94.12%     
client [36] (testset)   loss: 0.6630 -> 0.3894  accuracy: 86.27% -> 94.12%     
client [30] (testset)   loss: 0.4958 -> 0.4735  accuracy: 92.83% -> 94.46%     
client [38] (testset)   loss: 0.4896 -> 0.4900  accuracy: 89.52% -> 91.34%     
client [15] (testset)   loss: 0.7006 -> 0.6046  accuracy: 91.37% -> 90.57%     
client [6]  (testset)   loss: 0.9709 -> 0.8299  accuracy: 88.32% -> 90.19%     
client [53] (testset)   loss: 0.4615 -> 0.3988  accuracy: 91.53% -> 93.22%     
---------------------------- TRAINING EPOCH: 220 ----------------------------  
client [99] (testset)   loss: 0.3639 -> 0.3812  accuracy: 94.51% -> 94.90%     
client [6]  (testset)   loss: 0.9829 -> 0.9090  accuracy: 86.45% -> 87.85%     
client [83] (testset)   loss: 0.3698 -> 0.2416  accuracy: 91.50% -> 95.50%     
client [42] (testset)   loss: 0.4339 -> 0.2641  accuracy: 92.06% -> 93.97%     
client [34] (testset)   loss: 0.8782 -> 1.0238  accuracy: 85.09% -> 84.21%     
client [15] (testset)   loss: 0.6816 -> 0.5849  accuracy: 92.18% -> 91.64%     
client [47] (testset)   loss: 0.3536 -> 0.2798  accuracy: 92.61% -> 93.94%     
client [55] (testset)   loss: 0.4128 -> 0.2461  accuracy: 90.24% -> 93.66%     
client [51] (testset)   loss: 0.2725 -> 0.4154  accuracy: 90.67% -> 90.67%     
client [95] (testset)   loss: 0.3317 -> 0.3422  accuracy: 94.36% -> 94.66%     
---------------------------- TRAINING EPOCH: 230 ----------------------------  
client [71] (testset)   loss: 0.8067 -> 0.8134  accuracy: 86.83% -> 89.22%     
client [15] (testset)   loss: 0.7754 -> 0.5706  accuracy: 91.11% -> 91.64%     
client [33] (testset)   loss: 0.5331 -> 0.7217  accuracy: 90.00% -> 87.50%     
client [99] (testset)   loss: 0.3393 -> 0.3766  accuracy: 95.29% -> 94.90%     
client [90] (testset)   loss: 0.8893 -> 0.7911  accuracy: 86.87% -> 89.25%     
client [57] (testset)   loss: 0.5549 -> 0.5840  accuracy: 92.05% -> 91.76%     
client [27] (testset)   loss: 0.2278 -> 0.2436  accuracy: 93.60% -> 94.58%     
client [78] (testset)   loss: 0.5167 -> 0.5058  accuracy: 93.47% -> 93.18%     
client [36] (testset)   loss: 0.8319 -> 0.6215  accuracy: 86.27% -> 92.16%     
client [88] (testset)   loss: 0.6879 -> 0.5479  accuracy: 90.36% -> 93.57%     
---------------------------- TRAINING EPOCH: 240 ----------------------------  
client [70] (testset)   loss: 0.4600 -> 0.2568  accuracy: 92.16% -> 95.59%     
client [35] (testset)   loss: 0.5416 -> 0.3139  accuracy: 91.36% -> 95.06%     
client [16] (testset)   loss: 0.6357 -> 0.3798  accuracy: 88.48% -> 94.66%     
client [80] (testset)   loss: 0.4120 -> 0.5881  accuracy: 92.27% -> 89.18%     
client [38] (testset)   loss: 0.5129 -> 0.4818  accuracy: 89.75% -> 92.03%     
client [78] (testset)   loss: 0.5694 -> 0.6502  accuracy: 92.05% -> 93.47%     
client [68] (testset)   loss: 0.4452 -> 0.4847  accuracy: 93.18% -> 93.60%     
client [11] (testset)   loss: 0.5163 -> 0.3581  accuracy: 92.46% -> 93.11%     
client [64] (testset)   loss: 0.1777 -> 0.1855  accuracy: 94.44% -> 94.44%     
client [82] (testset)   loss: 0.6241 -> 0.4336  accuracy: 89.55% -> 91.04%     
---------------------------- TRAINING EPOCH: 250 ----------------------------  
client [30] (testset)   loss: 0.5211 -> 0.4922  accuracy: 93.16% -> 93.81%     
client [27] (testset)   loss: 0.3078 -> 0.3349  accuracy: 92.61% -> 95.07%     
client [74] (testset)   loss: 0.5931 -> 0.5789  accuracy: 93.17% -> 93.17%     
client [45] (testset)   loss: 0.8164 -> 0.8126  accuracy: 87.14% -> 89.21%     
client [6]  (testset)   loss: 1.0871 -> 0.9353  accuracy: 87.85% -> 88.32%     
client [36] (testset)   loss: 0.6733 -> 0.4589  accuracy: 86.27% -> 90.20%     
client [63] (testset)   loss: 0.6284 -> 0.5358  accuracy: 90.44% -> 90.04%     
client [76] (testset)   loss: 0.4164 -> 0.3264  accuracy: 91.41% -> 92.94%     
client [83] (testset)   loss: 0.3122 -> 0.3012  accuracy: 93.00% -> 95.00%     
client [86] (testset)   loss: 0.2915 -> 0.3128  accuracy: 92.75% -> 94.27%     
---------------------------- TRAINING EPOCH: 260 ----------------------------  
client [83] (testset)   loss: 0.3132 -> 0.2517  accuracy: 94.00% -> 95.50%     
client [99] (testset)   loss: 0.4029 -> 0.4000  accuracy: 93.73% -> 96.08%     
client [74] (testset)   loss: 0.6294 -> 0.5850  accuracy: 92.77% -> 93.57%     
client [73] (testset)   loss: 0.3737 -> 0.2707  accuracy: 91.89% -> 94.26%     
client [29] (testset)   loss: 0.7345 -> 0.8228  accuracy: 84.76% -> 88.57%     
client [92] (testset)   loss: 0.7281 -> 0.7882  accuracy: 91.03% -> 89.66%     
client [6]  (testset)   loss: 1.0314 -> 0.9374  accuracy: 88.79% -> 88.79%     
client [61] (testset)   loss: 0.5954 -> 0.5493  accuracy: 90.71% -> 90.27%     
client [21] (testset)   loss: 0.4711 -> 0.4805  accuracy: 90.18% -> 90.18%     
client [67] (testset)   loss: 0.2793 -> 0.1729  accuracy: 92.65% -> 95.10%     
---------------------------- TRAINING EPOCH: 270 ----------------------------  
client [83] (testset)   loss: 0.4449 -> 0.2792  accuracy: 92.50% -> 95.00%     
client [32] (testset)   loss: 0.2966 -> 0.5274  accuracy: 88.24% -> 92.65%     
client [95] (testset)   loss: 0.3965 -> 0.3911  accuracy: 95.25% -> 94.36%     
client [61] (testset)   loss: 0.6283 -> 0.5684  accuracy: 91.15% -> 90.27%     
client [27] (testset)   loss: 0.3327 -> 0.4496  accuracy: 92.12% -> 93.60%     
client [25] (testset)   loss: 0.6088 -> 0.5666  accuracy: 90.08% -> 92.06%     
client [68] (testset)   loss: 0.4492 -> 0.4738  accuracy: 91.93% -> 94.02%     
client [34] (testset)   loss: 0.9029 -> 0.8271  accuracy: 85.96% -> 85.09%     
client [71] (testset)   loss: 0.7084 -> 0.7194  accuracy: 91.02% -> 91.62%     
client [89] (testset)   loss: 0.4305 -> 0.2312  accuracy: 90.07% -> 95.74%     
---------------------------- TRAINING EPOCH: 280 ----------------------------  
client [78] (testset)   loss: 0.5616 -> 0.5642  accuracy: 93.18% -> 92.90%     
client [81] (testset)   loss: 0.7417 -> 0.5811  accuracy: 87.69% -> 91.79%     
client [51] (testset)   loss: 0.3477 -> 0.2979  accuracy: 93.33% -> 92.00%     
client [54] (testset)   loss: 0.2577 -> 0.3342  accuracy: 93.48% -> 92.93%     
client [65] (testset)   loss: 0.4043 -> 0.2980  accuracy: 91.73% -> 92.86%     
client [41] (testset)   loss: 0.3752 -> 0.2480  accuracy: 91.97% -> 94.16%     
client [11] (testset)   loss: 0.4946 -> 0.3278  accuracy: 91.48% -> 93.44%     
client [85] (testset)   loss: 0.4260 -> 0.4201  accuracy: 91.70% -> 91.70%     
client [12] (testset)   loss: 0.4124 -> 0.4226  accuracy: 95.60% -> 96.48%     
client [23] (testset)   loss: 0.6848 -> 0.8141  accuracy: 87.39% -> 88.26%     
---------------------------- TRAINING EPOCH: 290 ----------------------------  
client [16] (testset)   loss: 0.6786 -> 0.3976  accuracy: 90.17% -> 94.10%     
client [65] (testset)   loss: 0.4150 -> 0.3280  accuracy: 90.60% -> 92.11%     
client [53] (testset)   loss: 0.6048 -> 0.4041  accuracy: 90.96% -> 94.35%     
client [58] (testset)   loss: 0.5830 -> 0.4530  accuracy: 90.30% -> 91.82%     
client [72] (testset)   loss: 0.5651 -> 0.5800  accuracy: 89.93% -> 91.04%     
client [7]  (testset)   loss: 0.9124 -> 0.3834  accuracy: 88.00% -> 92.50%     
client [71] (testset)   loss: 0.8045 -> 0.8155  accuracy: 90.42% -> 91.02%     
client [59] (testset)   loss: 0.7207 -> 0.6189  accuracy: 91.96% -> 93.47%     
client [86] (testset)   loss: 0.3547 -> 0.3040  accuracy: 92.75% -> 92.75%     
client [39] (testset)   loss: 0.8684 -> 0.6735  accuracy: 86.02% -> 88.71%     
---------------------------- TRAINING EPOCH: 300 ----------------------------  
client [99] (testset)   loss: 0.4211 -> 0.4171  accuracy: 93.73% -> 94.90%     
client [7]  (testset)   loss: 0.7949 -> 0.4761  accuracy: 89.00% -> 93.00%     
client [17] (testset)   loss: 0.4042 -> 0.2862  accuracy: 89.93% -> 93.29%     
client [64] (testset)   loss: 0.1585 -> 0.1462  accuracy: 95.30% -> 95.30%     
client [37] (testset)   loss: 0.7220 -> 0.6608  accuracy: 90.05% -> 90.58%     
client [29] (testset)   loss: 0.6503 -> 0.6283  accuracy: 88.57% -> 91.43%     
client [93] (testset)   loss: 0.5848 -> 0.4260  accuracy: 90.51% -> 93.19%     
client [73] (testset)   loss: 0.4314 -> 0.2555  accuracy: 91.55% -> 95.27%     
client [40] (testset)   loss: 0.6826 -> 0.4997  accuracy: 90.35% -> 93.30%     
client [76] (testset)   loss: 0.3460 -> 0.2833  accuracy: 92.02% -> 94.79%     
---------------------------- TRAINING EPOCH: 310 ----------------------------  
client [31] (testset)   loss: 0.6315 -> 0.4704  accuracy: 91.14% -> 93.64%     
client [89] (testset)   loss: 0.4092 -> 0.2189  accuracy: 90.07% -> 95.04%     
client [77] (testset)   loss: 0.5440 -> 0.4959  accuracy: 88.36% -> 90.95%     
client [90] (testset)   loss: 0.9477 -> 0.8781  accuracy: 87.76% -> 90.15%     
client [26] (testset)   loss: 0.2855 -> 0.2324  accuracy: 93.68% -> 94.74%     
client [50] (testset)   loss: 0.3867 -> 0.3090  accuracy: 91.56% -> 93.51%     
client [30] (testset)   loss: 0.5473 -> 0.5355  accuracy: 93.16% -> 94.79%     
client [70] (testset)   loss: 0.3423 -> 0.2291  accuracy: 94.12% -> 96.08%     
client [41] (testset)   loss: 0.3691 -> 0.3103  accuracy: 93.07% -> 91.97%     
client [99] (testset)   loss: 0.4191 -> 0.4263  accuracy: 94.12% -> 95.29%     
---------------------------- TRAINING EPOCH: 320 ----------------------------  
client [68] (testset)   loss: 0.4606 -> 0.4989  accuracy: 93.32% -> 93.88%     
client [70] (testset)   loss: 0.3319 -> 0.2038  accuracy: 94.61% -> 96.57%     
client [52] (testset)   loss: 0.8416 -> 0.5634  accuracy: 86.35% -> 90.48%     
client [1]  (testset)   loss: 0.7618 -> 0.6696  accuracy: 93.75% -> 93.06%     
client [2]  (testset)   loss: 0.4266 -> 0.3600  accuracy: 91.61% -> 93.62%     
client [67] (testset)   loss: 0.3117 -> 0.1219  accuracy: 93.14% -> 95.59%     
client [92] (testset)   loss: 0.8614 -> 0.8491  accuracy: 89.66% -> 91.03%     
client [35] (testset)   loss: 0.5492 -> 0.4135  accuracy: 91.36% -> 94.44%     
client [36] (testset)   loss: 0.5379 -> 0.5192  accuracy: 90.20% -> 90.20%     
client [64] (testset)   loss: 0.1656 -> 0.1476  accuracy: 94.44% -> 94.87%     
---------------------------- TRAINING EPOCH: 330 ----------------------------  
client [44] (testset)   loss: 0.4945 -> 0.4520  accuracy: 92.40% -> 94.25%     
client [6]  (testset)   loss: 1.2099 -> 1.1404  accuracy: 87.38% -> 89.25%     
client [12] (testset)   loss: 0.4501 -> 0.4569  accuracy: 95.16% -> 96.48%     
client [55] (testset)   loss: 0.4907 -> 0.3157  accuracy: 89.76% -> 94.15%     
client [29] (testset)   loss: 0.6484 -> 0.6474  accuracy: 91.43% -> 91.43%     
client [9]  (testset)   loss: 0.7601 -> 0.6355  accuracy: 88.29% -> 91.71%     
client [43] (testset)   loss: 1.5248 -> 1.4597  accuracy: 89.86% -> 87.84%     
client [77] (testset)   loss: 0.6156 -> 0.4723  accuracy: 87.07% -> 91.38%     
client [98] (testset)   loss: 0.5406 -> 0.4602  accuracy: 91.06% -> 93.62%     
client [78] (testset)   loss: 0.6212 -> 0.5900  accuracy: 93.18% -> 93.75%     
---------------------------- TRAINING EPOCH: 340 ----------------------------  
client [92] (testset)   loss: 0.8708 -> 0.8379  accuracy: 89.66% -> 92.41%     
client [80] (testset)   loss: 0.4037 -> 0.4238  accuracy: 93.30% -> 90.72%     
client [63] (testset)   loss: 0.8016 -> 0.6249  accuracy: 90.44% -> 91.24%     
client [76] (testset)   loss: 0.4066 -> 0.3036  accuracy: 92.94% -> 94.48%     
client [78] (testset)   loss: 0.6290 -> 0.5602  accuracy: 93.18% -> 94.03%     
client [25] (testset)   loss: 0.6652 -> 0.6955  accuracy: 90.87% -> 90.48%     
client [58] (testset)   loss: 0.5442 -> 0.4239  accuracy: 90.30% -> 93.03%     
client [13] (testset)   loss: 0.5093 -> 0.4433  accuracy: 93.19% -> 93.19%     
client [17] (testset)   loss: 0.3876 -> 0.2967  accuracy: 91.28% -> 93.29%     
client [38] (testset)   loss: 0.5298 -> 0.5404  accuracy: 91.34% -> 92.03%     
---------------------------- TRAINING EPOCH: 350 ----------------------------  
client [72] (testset)   loss: 0.6338 -> 0.5895  accuracy: 90.30% -> 90.30%     
client [82] (testset)   loss: 0.4899 -> 0.4131  accuracy: 91.79% -> 90.30%     
client [86] (testset)   loss: 0.3762 -> 0.3208  accuracy: 92.37% -> 93.89%     
client [51] (testset)   loss: 0.3428 -> 0.4584  accuracy: 92.00% -> 90.67%     
client [96] (testset)   loss: 0.5018 -> 0.4351  accuracy: 91.13% -> 93.55%     
client [42] (testset)   loss: 0.4458 -> 0.3169  accuracy: 93.02% -> 93.97%     
client [55] (testset)   loss: 0.5101 -> 0.2731  accuracy: 91.22% -> 93.17%     
client [13] (testset)   loss: 0.5925 -> 0.4799  accuracy: 92.67% -> 92.67%     
client [1]  (testset)   loss: 0.8246 -> 0.7504  accuracy: 93.06% -> 93.06%     
client [12] (testset)   loss: 0.4617 -> 0.4549  accuracy: 94.95% -> 96.48%     
---------------------------- TRAINING EPOCH: 360 ----------------------------  
client [68] (testset)   loss: 0.5093 -> 0.5290  accuracy: 93.32% -> 94.44%     
client [23] (testset)   loss: 0.8949 -> 0.7127  accuracy: 83.91% -> 90.87%     
client [46] (testset)   loss: 0.4893 -> 0.3937  accuracy: 89.47% -> 92.11%     
client [41] (testset)   loss: 0.3692 -> 0.2712  accuracy: 92.70% -> 93.43%     
client [25] (testset)   loss: 0.6813 -> 0.7154  accuracy: 91.67% -> 91.27%     
client [58] (testset)   loss: 0.5539 -> 0.4459  accuracy: 89.39% -> 91.82%     
client [14] (testset)   loss: 0.8229 -> 0.6267  accuracy: 89.60% -> 92.80%     
client [33] (testset)   loss: 0.8107 -> 0.5202  accuracy: 88.75% -> 91.25%     
client [85] (testset)   loss: 0.5056 -> 0.5117  accuracy: 91.70% -> 90.87%     
client [62] (testset)   loss: 0.6827 -> 0.6217  accuracy: 89.80% -> 90.47%     
---------------------------- TRAINING EPOCH: 370 ----------------------------  
client [98] (testset)   loss: 0.5306 -> 0.4657  accuracy: 91.49% -> 92.34%     
client [63] (testset)   loss: 0.8657 -> 0.8498  accuracy: 90.44% -> 90.44%     
client [70] (testset)   loss: 0.3509 -> 0.1870  accuracy: 94.12% -> 96.57%     
client [65] (testset)   loss: 0.4231 -> 0.3087  accuracy: 91.35% -> 93.61%     
client [14] (testset)   loss: 0.8024 -> 0.6629  accuracy: 90.93% -> 93.87%     
client [73] (testset)   loss: 0.5165 -> 0.2748  accuracy: 90.54% -> 94.59%     
client [34] (testset)   loss: 1.0928 -> 1.0224  accuracy: 85.96% -> 86.84%     
client [99] (testset)   loss: 0.4603 -> 0.4635  accuracy: 93.33% -> 94.12%     
client [69] (testset)   loss: 0.9625 -> 1.2076  accuracy: 87.62% -> 81.90%     
client [46] (testset)   loss: 0.5764 -> 0.4435  accuracy: 90.00% -> 93.16%     
---------------------------- TRAINING EPOCH: 380 ----------------------------  
client [99] (testset)   loss: 0.4553 -> 0.4631  accuracy: 93.73% -> 95.29%     
client [93] (testset)   loss: 0.5702 -> 0.5040  accuracy: 91.48% -> 92.70%     
client [11] (testset)   loss: 0.5379 -> 0.4190  accuracy: 91.80% -> 94.10%     
client [58] (testset)   loss: 0.6334 -> 0.4771  accuracy: 89.09% -> 91.52%     
client [81] (testset)   loss: 0.8442 -> 0.6182  accuracy: 86.67% -> 90.77%     
client [85] (testset)   loss: 0.4867 -> 0.4389  accuracy: 92.53% -> 92.95%     
client [89] (testset)   loss: 0.4542 -> 0.1985  accuracy: 90.07% -> 97.16%     
client [45] (testset)   loss: 0.9638 -> 0.8579  accuracy: 87.55% -> 90.46%     
client [8]  (testset)   loss: 0.5504 -> 0.3685  accuracy: 93.85% -> 96.41%     
client [68] (testset)   loss: 0.5235 -> 0.5142  accuracy: 93.88% -> 93.60%     
---------------------------- TRAINING EPOCH: 390 ----------------------------  
client [67] (testset)   loss: 0.4118 -> 0.1685  accuracy: 91.67% -> 95.10%     
client [72] (testset)   loss: 0.6280 -> 0.5682  accuracy: 90.67% -> 91.04%     
client [1]  (testset)   loss: 0.7853 -> 0.7611  accuracy: 93.06% -> 93.06%     
client [78] (testset)   loss: 0.6503 -> 0.6119  accuracy: 93.75% -> 93.18%     
client [83] (testset)   loss: 0.4315 -> 0.2758  accuracy: 93.00% -> 95.00%     
client [21] (testset)   loss: 0.5563 -> 0.5237  accuracy: 92.00% -> 92.36%     
client [56] (testset)   loss: 0.7190 -> 0.6425  accuracy: 88.56% -> 90.05%     
client [44] (testset)   loss: 0.4855 -> 0.4047  accuracy: 93.02% -> 94.25%     
client [92] (testset)   loss: 0.9451 -> 0.9180  accuracy: 89.66% -> 90.34%     
client [27] (testset)   loss: 0.3395 -> 0.2162  accuracy: 93.10% -> 95.07%     
---------------------------- TRAINING EPOCH: 400 ----------------------------  
client [10] (testset)   loss: 0.7082 -> 0.4523  accuracy: 91.19% -> 94.30%     
client [39] (testset)   loss: 1.0639 -> 0.7067  accuracy: 84.41% -> 89.25%     
client [65] (testset)   loss: 0.4340 -> 0.3818  accuracy: 92.11% -> 92.86%     
client [26] (testset)   loss: 0.3100 -> 0.2700  accuracy: 94.39% -> 94.39%     
client [19] (testset)   loss: 0.3778 -> 0.2904  accuracy: 92.46% -> 94.44%     
client [68] (testset)   loss: 0.4711 -> 0.5019  accuracy: 94.02% -> 94.02%     
client [41] (testset)   loss: 0.4685 -> 0.2924  accuracy: 91.61% -> 93.43%     
client [50] (testset)   loss: 0.4697 -> 0.4139  accuracy: 90.91% -> 94.16%     
client [75] (testset)   loss: 0.9906 -> 0.8677  accuracy: 88.75% -> 91.25%     
client [81] (testset)   loss: 0.8464 -> 0.6570  accuracy: 88.21% -> 89.74%     
pFedFDA's average time taken by each global epoch: 0 min 7.01 sec.             
pFedFDA's total running time: 0 h 58 m 5 s.                                    
==================== pFedFDA Experiment Results: ====================          
Display format: (before local fine-tuning) -> (after local fine-tuning)        
 So if finetune_epoch = 0, x.xx% -> 0.00% is normal.                           
 Centralized testing ONLY happens after model aggregation, so the stats between
'->' are the same.                                                             
{                                                                              
    "100": {                                                                   
        "all_clients": {                                                       
            "test": {                                                          
                "loss": "1.6257 -> 3.7458",                                    
                "accuracy": "88.01% -> 77.29%"                                 
            }                                                                  
        }                                                                      
    },                                                                         
    "200": {                                                                   
        "all_clients": {                                                       
            "test": {                                                          
                "loss": "2.0846 -> 6.5657",                                    
                "accuracy": "87.99% -> 68.82%"                                 
            }                                                                  
        }                                                                      
    },                                                                         
    "300": {                                                                   
        "all_clients": {                                                       
            "test": {                                                          
                "loss": "2.3639 -> 8.7459",                                    
                "accuracy": "87.92% -> 65.10%"                                 
            }                                                                  
        }                                                                      
    },                                                                         
    "400": {                                                                   
        "all_clients": {                                                       
            "test": {                                                          
                "loss": "2.6923 -> nan",                                       
                "accuracy": "87.69% -> 63.07%"                                 
            }                                                                  
        }                                                                      
    }                                                                          
}                                                                              
==================== pFedFDA Max Accuracy ====================                 
all_clients:                                                                   
(test) before fine-tuning: 88.01% at epoch 100                                 
(test) after fine-tuning: 77.29% at epoch 100                                  
