==================== FedFew ====================                               
Experiment Arguments:                                                          
{
    'method': 'fedfew',
    'dataset': {
        'name': 'medmnistA',
        'client_num': 100,
        'test_ratio': 0.25,
        'val_ratio': 0.0,
        'seed': 42,
        'split': 'sample',
        'IID_ratio': 0.0,
        'monitor_window_name_suffix': 'medmnistA-100clients-0%IID-Dir(0.1)-seed42',
        'alpha': 0.1,
        'min_samples_per_client': 10
    },
    'model': {
        'name': 'avgcnn',
        'use_torchvision_pretrained_weights': True,
        'external_model_weights_path': None
    },
    'optimizer': {
        'lr': 0.01,
        'dampening': 0,
        'weight_decay': 0,
        'momentum': 0.7,
        'nesterov': False,
        'name': 'sgd'
    },
    'mode': 'serial',
    'parallel': {
        'ray_cluster_addr': None,
        'num_cpus': None,
        'num_gpus': None,
        'num_workers': 2
    },
    'common': {
        'seed': 42,
        'join_ratio': 0.1,
        'global_epoch': 200,
        'local_epoch': 5,
        'batch_size': 32,
        'reset_optimizer_on_global_epoch': True,
        'straggler_ratio': 0,
        'straggler_min_local_epoch': 0,
        'buffers': 'global',
        'client_side_evaluation': True,
        'test': {
            'client': {
                'interval': 100,
                'finetune_epoch': 0,
                'train': False,
                'val': False,
                'test': True
            },
            'server': {
                'interval': -1,
                'train': False,
                'val': False,
                'test': True,
                'model_in_train_mode': False
            }
        },
        'verbose_gap': 10,
        'monitor': None,
        'use_cuda': True,
        'save_log': True,
        'save_model': False,
        'save_learning_curve_plot': True,
        'save_metrics': True,
        'delete_useless_run': True
    },
    'fedprox': {
        'mu': 0.01
    },
    'pfedsim': {
        'warmup_round': 0.5
    },
    'fedfew': {
        'ig_ratio': 1.0,
        'alpha': 0.5,
        'norm': 'global',
        'EMA': False,
        'track': False,
        'type': 'Main'
    }
}
---------------------------- TRAINING EPOCH: 10 ----------------------------   
client [77] (testset)   loss: 3.7436 -> 0.9606  accuracy: 0.00% -> 58.33%      
client [81] (testset)   loss: 4.3652 -> 0.8116  accuracy: 0.00% -> 54.74%      
client [21] (testset)   loss: 4.4355 -> 0.9028  accuracy: 1.59% -> 53.44%      
client [68] (testset)   loss: 3.6535 -> 0.0159  accuracy: 0.00% -> 100.00%     
client [93] (testset)   loss: 4.1747 -> 1.2099  accuracy: 0.00% -> 88.89%      
client [31] (testset)   loss: 3.8192 -> 1.6473  accuracy: 0.00% -> 55.00%      
client [20] (testset)   loss: 0.7822 -> 0.5895  accuracy: 88.08% -> 88.08%     
client [59] (testset)   loss: 3.1903 -> 0.9290  accuracy: 0.00% -> 52.00%      
client [48] (testset)   loss: 4.2473 -> 0.7336  accuracy: 0.00% -> 74.14%      
client [34] (testset)   loss: 2.0901 -> 1.4219  accuracy: 37.04% -> 16.05%     
---------------------------- TRAINING EPOCH: 20 ----------------------------   
client [69] (testset)   loss: 2.0657 -> 1.1501  accuracy: 63.83% -> 63.83%     
client [99] (testset)   loss: 2.2428 -> 1.1747  accuracy: 0.00% -> 63.53%      
client [67] (testset)   loss: 2.1958 -> 1.1283  accuracy: 0.30% -> 55.29%      
client [0]  (testset)   loss: 2.3162 -> 0.9074  accuracy: 0.00% -> 60.35%      
client [76] (testset)   loss: 2.0569 -> 1.2787  accuracy: 52.13% -> 52.13%     
client [41] (testset)   loss: 1.7946 -> 0.8317  accuracy: 4.23% -> 59.15%      
client [62] (testset)   loss: 2.0997 -> 0.9221  accuracy: 25.00% -> 65.00%     
client [2]  (testset)   loss: 2.7201 -> 1.6446  accuracy: 5.71% -> 37.14%      
client [14] (testset)   loss: 2.1664 -> 0.1704  accuracy: 0.00% -> 97.22%      
client [46] (testset)   loss: 3.1475 -> 0.8333  accuracy: 0.00% -> 59.30%      
---------------------------- TRAINING EPOCH: 30 ----------------------------   
client [24] (testset)   loss: 2.5024 -> 0.1634  accuracy: 0.00% -> 96.84%      
client [68] (testset)   loss: 2.4493 -> 0.0233  accuracy: 0.00% -> 100.00%     
client [57] (testset)   loss: 3.6685 -> 0.6427  accuracy: 0.00% -> 79.69%      
client [17] (testset)   loss: 1.8353 -> 1.4924  accuracy: 38.46% -> 21.54%     
client [54] (testset)   loss: 3.3156 -> 1.0804  accuracy: 0.00% -> 80.00%      
client [23] (testset)   loss: 2.5220 -> 0.9255  accuracy: 36.67% -> 56.67%     
client [35] (testset)   loss: 1.9102 -> 1.2233  accuracy: 46.30% -> 32.87%     
client [59] (testset)   loss: 2.0477 -> 0.9750  accuracy: 52.00% -> 52.00%     
client [31] (testset)   loss: 3.7256 -> 1.8826  accuracy: 0.00% -> 55.00%      
client [9]  (testset)   loss: 2.3315 -> 0.6485  accuracy: 9.27% -> 83.44%      
---------------------------- TRAINING EPOCH: 40 ----------------------------   
client [64] (testset)   loss: 2.4899 -> 1.8312  accuracy: 0.00% -> 66.67%      
client [33] (testset)   loss: 3.8911 -> 0.6978  accuracy: 0.00% -> 75.00%      
client [16] (testset)   loss: 3.2148 -> 0.3001  accuracy: 0.00% -> 92.63%      
client [44] (testset)   loss: 2.8598 -> 2.1309  accuracy: 7.69% -> 0.00%       
client [8]  (testset)   loss: 3.5897 -> 1.8319  accuracy: 2.27% -> 40.91%      
client [31] (testset)   loss: 3.8930 -> 1.9984  accuracy: 10.00% -> 55.00%     
client [47] (testset)   loss: 2.6453 -> 1.0494  accuracy: 11.81% -> 48.19%     
client [36] (testset)   loss: 2.6592 -> 1.4362  accuracy: 30.00% -> 37.50%     
client [20] (testset)   loss: 3.2647 -> 0.5854  accuracy: 2.07% -> 88.08%      
client [56] (testset)   loss: 3.1575 -> 1.6397  accuracy: 0.00% -> 16.39%      
---------------------------- TRAINING EPOCH: 50 ----------------------------   
client [4]  (testset)   loss: 2.3419 -> 0.8743  accuracy: 15.12% -> 76.74%     
client [60] (testset)   loss: 2.5775 -> 0.1794  accuracy: 0.00% -> 96.62%      
client [28] (testset)   loss: 2.7525 -> 1.0349  accuracy: 4.35% -> 73.37%      
client [25] (testset)   loss: 1.8782 -> 0.8218  accuracy: 23.81% -> 73.02%     
client [58] (testset)   loss: 2.0273 -> 0.2307  accuracy: 0.00% -> 94.34%      
client [44] (testset)   loss: 1.9404 -> 2.0177  accuracy: 61.54% -> 0.00%      
client [39] (testset)   loss: 2.7500 -> 1.5724  accuracy: 0.00% -> 43.40%      
client [29] (testset)   loss: 1.9856 -> 0.9182  accuracy: 10.05% -> 73.87%     
client [3]  (testset)   loss: 2.9789 -> 0.7989  accuracy: 0.00% -> 63.64%      
client [84] (testset)   loss: 3.2594 -> 0.8367  accuracy: 0.00% -> 56.96%      
---------------------------- TRAINING EPOCH: 60 ----------------------------   
client [21] (testset)   loss: 3.0044 -> 0.8831  accuracy: 0.00% -> 53.44%      
client [84] (testset)   loss: 2.8310 -> 0.8165  accuracy: 0.00% -> 56.96%      
client [10] (testset)   loss: 3.3990 -> 0.9474  accuracy: 0.48% -> 53.62%      
client [36] (testset)   loss: 2.4906 -> 1.4461  accuracy: 0.00% -> 30.00%      
client [65] (testset)   loss: 3.7746 -> 0.5687  accuracy: 0.00% -> 83.56%      
client [81] (testset)   loss: 2.9600 -> 0.7988  accuracy: 0.00% -> 43.60%      
client [79] (testset)   loss: 3.3210 -> 0.9725  accuracy: 3.70% -> 77.78%      
client [42] (testset)   loss: 3.4050 -> 1.1355  accuracy: 6.67% -> 58.33%      
client [11] (testset)   loss: 2.9793 -> 1.2041  accuracy: 0.00% -> 50.88%      
client [96] (testset)   loss: 2.1240 -> 1.3085  accuracy: 9.05% -> 21.98%      
---------------------------- TRAINING EPOCH: 70 ----------------------------   
client [8]  (testset)   loss: 3.0176 -> 1.7534  accuracy: 2.27% -> 40.91%      
client [53] (testset)   loss: 3.5709 -> 0.2670  accuracy: 5.15% -> 94.85%      
client [52] (testset)   loss: 2.1108 -> 0.8591  accuracy: 0.88% -> 75.22%      
client [42] (testset)   loss: 3.1520 -> 1.1152  accuracy: 0.00% -> 58.33%      
client [69] (testset)   loss: 2.2097 -> 1.0710  accuracy: 4.26% -> 63.83%      
client [59] (testset)   loss: 2.4574 -> 0.9363  accuracy: 0.00% -> 52.00%      
client [7]  (testset)   loss: 2.7188 -> 0.5089  accuracy: 0.00% -> 88.85%      
client [26] (testset)   loss: 3.3637 -> 1.2612  accuracy: 0.00% -> 50.53%      
client [49] (testset)   loss: 2.9224 -> 0.7368  accuracy: 0.00% -> 79.77%      
client [98] (testset)   loss: 2.6865 -> 0.9766  accuracy: 0.00% -> 74.68%      
---------------------------- TRAINING EPOCH: 80 ----------------------------   
client [98] (testset)   loss: 2.5276 -> 0.9460  accuracy: 0.00% -> 74.68%      
client [47] (testset)   loss: 3.2348 -> 1.0035  accuracy: 11.81% -> 48.19%     
client [21] (testset)   loss: 2.8883 -> 0.8790  accuracy: 0.00% -> 53.44%      
client [77] (testset)   loss: 3.0824 -> 1.1981  accuracy: 1.19% -> 58.33%      
client [95] (testset)   loss: 1.2991 -> 0.2818  accuracy: 94.83% -> 94.83%     
client [91] (testset)   loss: 2.2628 -> 0.6428  accuracy: 0.00% -> 88.24%      
client [14] (testset)   loss: 2.0968 -> 0.1710  accuracy: 0.00% -> 97.22%      
client [99] (testset)   loss: 2.3259 -> 1.1826  accuracy: 9.41% -> 63.53%      
client [20] (testset)   loss: 4.0870 -> 0.5771  accuracy: 2.07% -> 88.08%      
client [39] (testset)   loss: 2.8976 -> 1.5599  accuracy: 9.43% -> 43.40%      
---------------------------- TRAINING EPOCH: 90 ----------------------------   
client [52] (testset)   loss: 2.4871 -> 0.8647  accuracy: 0.88% -> 75.22%      
client [62] (testset)   loss: 2.4442 -> 0.9472  accuracy: 0.00% -> 65.00%      
client [71] (testset)   loss: 2.6196 -> 1.2848  accuracy: 0.00% -> 50.00%      
client [97] (testset)   loss: 2.7038 -> 1.3423  accuracy: 0.00% -> 47.72%      
client [30] (testset)   loss: 1.4984 -> 0.9100  accuracy: 54.29% -> 41.43%     
client [88] (testset)   loss: 2.8575 -> 1.1172  accuracy: 0.00% -> 67.57%      
client [60] (testset)   loss: 2.8411 -> 0.2096  accuracy: 0.00% -> 96.62%      
client [82] (testset)   loss: 2.3942 -> 1.5963  accuracy: 11.63% -> 46.51%     
client [91] (testset)   loss: 2.8961 -> 0.6259  accuracy: 0.00% -> 88.24%      
client [57] (testset)   loss: 3.0801 -> 0.5516  accuracy: 0.00% -> 79.69%      
---------------------------- TRAINING EPOCH: 100 ----------------------------  
client [31] (testset)   loss: 2.8289 -> 1.4668  accuracy: 0.00% -> 55.00%      
client [15] (testset)   loss: 3.3045 -> 0.8515  accuracy: 0.00% -> 76.47%      
client [71] (testset)   loss: 1.9614 -> 1.2736  accuracy: 8.33% -> 50.00%      
client [97] (testset)   loss: 1.8721 -> 1.3503  accuracy: 24.07% -> 47.72%     
client [53] (testset)   loss: 3.3450 -> 0.2256  accuracy: 0.00% -> 94.85%      
client [77] (testset)   loss: 2.2432 -> 1.1182  accuracy: 1.19% -> 58.33%      
client [76] (testset)   loss: 2.6907 -> 1.2803  accuracy: 0.00% -> 52.13%      
client [79] (testset)   loss: 2.4409 -> 0.9302  accuracy: 3.70% -> 77.78%      
client [28] (testset)   loss: 2.7303 -> 0.9645  accuracy: 4.35% -> 73.37%      
client [99] (testset)   loss: 1.7319 -> 1.1732  accuracy: 63.53% -> 63.53%     
---------------------------- TRAINING EPOCH: 110 ----------------------------  
client [97] (testset)   loss: 2.3487 -> 1.3389  accuracy: 0.00% -> 47.72%      
client [86] (testset)   loss: 2.2294 -> 0.5088  accuracy: 13.27% -> 84.66%     
client [34] (testset)   loss: 2.8720 -> 1.4092  accuracy: 0.00% -> 37.04%      
client [73] (testset)   loss: 3.3797 -> 0.7519  accuracy: 0.00% -> 58.95%      
client [5]  (testset)   loss: 2.1590 -> 1.4666  accuracy: 23.08% -> 43.96%     
client [96] (testset)   loss: 2.8110 -> 1.2090  accuracy: 0.00% -> 55.39%      
client [22] (testset)   loss: 2.1539 -> 0.4332  accuracy: 0.00% -> 89.95%      
client [60] (testset)   loss: 3.6669 -> 0.1749  accuracy: 0.48% -> 96.62%      
client [66] (testset)   loss: 2.3136 -> 1.0744  accuracy: 50.78% -> 50.78%     
client [83] (testset)   loss: 2.0604 -> 0.7075  accuracy: 5.00% -> 85.00%      
---------------------------- TRAINING EPOCH: 120 ----------------------------  
client [76] (testset)   loss: 3.3977 -> 1.2866  accuracy: 0.00% -> 52.13%      
client [65] (testset)   loss: 3.3927 -> 0.5663  accuracy: 0.00% -> 83.56%      
client [95] (testset)   loss: 3.1688 -> 0.3016  accuracy: 1.72% -> 94.83%      
client [17] (testset)   loss: 2.6714 -> 1.8379  accuracy: 0.00% -> 21.54%      
client [8]  (testset)   loss: 2.0463 -> 1.7023  accuracy: 40.91% -> 40.91%     
client [35] (testset)   loss: 2.9401 -> 1.1848  accuracy: 0.00% -> 32.87%      
client [98] (testset)   loss: 2.9628 -> 0.9675  accuracy: 0.63% -> 74.68%      
client [53] (testset)   loss: 2.9475 -> 0.2394  accuracy: 0.00% -> 94.85%      
client [43] (testset)   loss: 2.5377 -> 0.3201  accuracy: 0.00% -> 93.29%      
client [64] (testset)   loss: 3.4124 -> 1.7520  accuracy: 0.00% -> 66.67%      
---------------------------- TRAINING EPOCH: 130 ----------------------------  
client [21] (testset)   loss: 3.1671 -> 0.8847  accuracy: 2.91% -> 53.44%      
client [88] (testset)   loss: 3.9067 -> 1.3584  accuracy: 0.00% -> 67.57%      
client [38] (testset)   loss: 3.5648 -> 1.5223  accuracy: 4.76% -> 66.67%      
client [3]  (testset)   loss: 2.5081 -> 1.1701  accuracy: 0.00% -> 36.36%      
client [5]  (testset)   loss: 2.8629 -> 1.5116  accuracy: 0.00% -> 21.98%      
client [41] (testset)   loss: 3.3008 -> 0.8773  accuracy: 0.00% -> 59.15%      
client [7]  (testset)   loss: 0.8699 -> 0.4801  accuracy: 88.85% -> 88.85%     
client [37] (testset)   loss: 3.9892 -> 0.5516  accuracy: 0.00% -> 87.45%      
client [45] (testset)   loss: 3.2079 -> 1.5836  accuracy: 22.00% -> 44.00%     
client [47] (testset)   loss: 3.6271 -> 1.0152  accuracy: 0.00% -> 39.76%      
---------------------------- TRAINING EPOCH: 140 ----------------------------  
client [16] (testset)   loss: 2.7258 -> 0.3027  accuracy: 6.49% -> 92.63%      
client [11] (testset)   loss: 2.0818 -> 1.1938  accuracy: 50.88% -> 50.88%     
client [37] (testset)   loss: 2.9042 -> 0.4813  accuracy: 0.00% -> 87.45%      
client [41] (testset)   loss: 2.4528 -> 0.8414  accuracy: 0.00% -> 59.15%      
client [95] (testset)   loss: 1.8439 -> 0.2705  accuracy: 0.00% -> 94.83%      
client [53] (testset)   loss: 3.5705 -> 0.2352  accuracy: 0.00% -> 94.85%      
client [22] (testset)   loss: 1.2317 -> 0.4137  accuracy: 89.95% -> 89.95%     
client [25] (testset)   loss: 2.7909 -> 0.7620  accuracy: 0.00% -> 73.02%      
client [69] (testset)   loss: 3.0583 -> 1.0496  accuracy: 0.00% -> 63.83%      
client [46] (testset)   loss: 2.8315 -> 0.8517  accuracy: 0.00% -> 59.30%      
---------------------------- TRAINING EPOCH: 150 ----------------------------  
client [47] (testset)   loss: 2.3349 -> 1.0530  accuracy: 11.81% -> 39.76%     
client [69] (testset)   loss: 3.3276 -> 1.1214  accuracy: 4.26% -> 63.83%      
client [82] (testset)   loss: 3.1108 -> 1.5694  accuracy: 11.63% -> 46.51%     
client [45] (testset)   loss: 2.9477 -> 1.5688  accuracy: 6.00% -> 44.00%      
client [7]  (testset)   loss: 2.6598 -> 0.4820  accuracy: 0.00% -> 88.85%      
client [50] (testset)   loss: 2.7247 -> 0.6703  accuracy: 0.00% -> 79.27%      
client [35] (testset)   loss: 1.9302 -> 1.1769  accuracy: 32.87% -> 46.30%     
client [24] (testset)   loss: 5.0991 -> 0.1664  accuracy: 0.00% -> 96.84%      
client [15] (testset)   loss: 4.7036 -> 0.8715  accuracy: 0.00% -> 76.47%      
client [58] (testset)   loss: 5.0230 -> 0.2287  accuracy: 0.00% -> 94.34%      
---------------------------- TRAINING EPOCH: 160 ----------------------------  
client [48] (testset)   loss: 3.3472 -> 0.7318  accuracy: 0.00% -> 74.14%      
client [76] (testset)   loss: 3.2270 -> 1.2932  accuracy: 0.00% -> 52.13%      
client [67] (testset)   loss: 2.0366 -> 1.2077  accuracy: 29.31% -> 55.29%     
client [37] (testset)   loss: 3.3783 -> 0.5043  accuracy: 0.00% -> 87.45%      
client [58] (testset)   loss: 3.3498 -> 0.2345  accuracy: 0.00% -> 94.34%      
client [64] (testset)   loss: 3.1704 -> 1.3932  accuracy: 0.00% -> 66.67%      
client [77] (testset)   loss: 2.9210 -> 0.9753  accuracy: 1.19% -> 58.33%      
client [55] (testset)   loss: 2.9927 -> 1.8387  accuracy: 12.50% -> 50.00%     
client [12] (testset)   loss: 1.2173 -> 0.5383  accuracy: 86.14% -> 86.14%     
client [89] (testset)   loss: 2.6520 -> 1.9164  accuracy: 18.75% -> 18.75%     
---------------------------- TRAINING EPOCH: 170 ----------------------------  
client [84] (testset)   loss: 2.2107 -> 0.8045  accuracy: 1.90% -> 56.96%      
client [51] (testset)   loss: 2.6049 -> 0.8257  accuracy: 0.00% -> 66.67%      
client [8]  (testset)   loss: 3.2645 -> 1.7334  accuracy: 0.00% -> 40.91%      
client [18] (testset)   loss: 3.5192 -> 0.9774  accuracy: 0.77% -> 65.38%      
client [94] (testset)   loss: 1.9716 -> 1.3870  accuracy: 50.00% -> 50.00%     
client [81] (testset)   loss: 1.7641 -> 0.7914  accuracy: 43.60% -> 54.74%     
client [3]  (testset)   loss: 2.4497 -> 0.6881  accuracy: 0.00% -> 63.64%      
client [11] (testset)   loss: 1.9224 -> 1.2308  accuracy: 50.88% -> 50.88%     
client [95] (testset)   loss: 2.3929 -> 0.3190  accuracy: 0.00% -> 94.83%      
client [67] (testset)   loss: 2.1106 -> 1.1583  accuracy: 29.31% -> 55.29%     
---------------------------- TRAINING EPOCH: 180 ----------------------------  
client [21] (testset)   loss: 2.2197 -> 0.9003  accuracy: 53.44% -> 53.44%     
client [79] (testset)   loss: 3.1347 -> 0.9093  accuracy: 0.00% -> 77.78%      
client [58] (testset)   loss: 3.2610 -> 0.2306  accuracy: 0.00% -> 94.34%      
client [88] (testset)   loss: 3.2111 -> 1.1579  accuracy: 0.00% -> 67.57%      
client [46] (testset)   loss: 2.9718 -> 0.8441  accuracy: 0.00% -> 59.30%      
client [11] (testset)   loss: 2.0541 -> 1.1743  accuracy: 26.21% -> 50.88%     
client [55] (testset)   loss: 3.1042 -> 1.8279  accuracy: 12.50% -> 50.00%     
client [13] (testset)   loss: 2.6789 -> 0.1721  accuracy: 0.00% -> 97.78%      
client [31] (testset)   loss: 3.6897 -> 1.5701  accuracy: 0.00% -> 55.00%      
client [75] (testset)   loss: 2.8253 -> 1.4549  accuracy: 38.38% -> 29.15%     
---------------------------- TRAINING EPOCH: 190 ----------------------------  
client [19] (testset)   loss: 2.5650 -> 1.5579  accuracy: 0.00% -> 37.50%      
client [7]  (testset)   loss: 2.4837 -> 0.4955  accuracy: 0.71% -> 88.85%      
client [57] (testset)   loss: 2.4055 -> 0.5558  accuracy: 0.00% -> 79.69%      
client [13] (testset)   loss: 2.2469 -> 0.1708  accuracy: 0.00% -> 97.78%      
client [43] (testset)   loss: 3.1146 -> 0.3188  accuracy: 0.00% -> 93.29%      
client [91] (testset)   loss: 2.7491 -> 0.7023  accuracy: 0.00% -> 88.24%      
client [10] (testset)   loss: 2.8556 -> 0.9384  accuracy: 0.00% -> 53.62%      
client [64] (testset)   loss: 2.3914 -> 1.6165  accuracy: 0.00% -> 66.67%      
client [82] (testset)   loss: 3.0260 -> 1.5395  accuracy: 0.00% -> 46.51%      
client [22] (testset)   loss: 2.4584 -> 0.4142  accuracy: 6.39% -> 89.95%      
---------------------------- TRAINING EPOCH: 200 ----------------------------  
client [20] (testset)   loss: 4.1543 -> 0.5665  accuracy: 0.00% -> 88.08%      
client [23] (testset)   loss: 3.6821 -> 0.9319  accuracy: 0.00% -> 56.67%      
client [88] (testset)   loss: 2.0282 -> 1.1500  accuracy: 0.00% -> 67.57%      
client [98] (testset)   loss: 1.6803 -> 0.9366  accuracy: 14.56% -> 74.68%     
client [79] (testset)   loss: 3.6748 -> 0.9695  accuracy: 0.00% -> 77.78%      
client [21] (testset)   loss: 2.1373 -> 0.8835  accuracy: 53.44% -> 53.44%     
client [92] (testset)   loss: 1.9512 -> 1.6289  accuracy: 36.36% -> 63.64%     
client [56] (testset)   loss: 3.3562 -> 1.6053  accuracy: 0.00% -> 44.26%      
client [5]  (testset)   loss: 3.0494 -> 1.4705  accuracy: 23.08% -> 43.96%     
client [52] (testset)   loss: 1.8683 -> 0.8768  accuracy: 8.85% -> 75.22%      
FedFew's average time taken by each global epoch: 0 min 2.21 sec.              
FedFew's total running time: 0 h 7 m 25 s.                                     
==================== FedFew Experiment Results: ====================           
Display format: (before local fine-tuning) -> (after local fine-tuning)        
 So if finetune_epoch = 0, x.xx% -> 0.00% is normal.                           
 Centralized testing ONLY happens after model aggregation, so the stats between
'->' are the same.                                                             
{                                                                              
    "100": {                                                                   
        "all_clients": {                                                       
            "test": {                                                          
                "loss": "2.5707 -> 0.0000",                                    
                "accuracy": "4.19% -> 0.00%"                                   
            }                                                                  
        }                                                                      
    },                                                                         
    "200": {                                                                   
        "all_clients": {                                                       
            "test": {                                                          
                "loss": "2.5480 -> 0.0000",                                    
                "accuracy": "11.16% -> 0.00%"                                  
            }                                                                  
        }                                                                      
    }                                                                          
}                                                                              
==================== FedFew Max Accuracy ====================                  
all_clients:                                                                   
(test) before fine-tuning: 11.16% at epoch 200                                 
(test) after fine-tuning: 0.00% at epoch 100                                   
