==================== FedFew ====================                               
Experiment Arguments:                                                          
{
    'method': 'fedfew',
    'dataset': {
        'name': 'medmnistA',
        'client_num': 100,
        'test_ratio': 0.25,
        'val_ratio': 0.0,
        'seed': 42,
        'split': 'sample',
        'IID_ratio': 0.0,
        'monitor_window_name_suffix': 'medmnistA-100clients-0%IID-Dir(0.1)-seed42',
        'alpha': 0.1,
        'min_samples_per_client': 10
    },
    'model': {
        'name': 'avgcnn',
        'use_torchvision_pretrained_weights': True,
        'external_model_weights_path': None
    },
    'optimizer': {
        'lr': 0.01,
        'dampening': 0,
        'weight_decay': 0,
        'momentum': 0.7,
        'nesterov': False,
        'name': 'sgd'
    },
    'mode': 'serial',
    'parallel': {
        'ray_cluster_addr': None,
        'num_cpus': None,
        'num_gpus': None,
        'num_workers': 2
    },
    'common': {
        'seed': 42,
        'join_ratio': 0.1,
        'global_epoch': 400,
        'local_epoch': 5,
        'batch_size': 32,
        'reset_optimizer_on_global_epoch': True,
        'straggler_ratio': 0,
        'straggler_min_local_epoch': 0,
        'buffers': 'global',
        'client_side_evaluation': True,
        'test': {
            'client': {
                'interval': 100,
                'finetune_epoch': 5,
                'train': False,
                'val': False,
                'test': True
            },
            'server': {
                'interval': -1,
                'train': False,
                'val': False,
                'test': True,
                'model_in_train_mode': False
            }
        },
        'verbose_gap': 10,
        'monitor': None,
        'use_cuda': True,
        'save_log': True,
        'save_model': False,
        'save_learning_curve_plot': True,
        'save_metrics': True,
        'delete_useless_run': True
    },
    'fedprox': {
        'mu': 0.01
    },
    'pfedsim': {
        'warmup_round': 0.5
    },
    'fedfew': {
        'ig_ratio': 0.9999,
        'alpha': 0.5,
        'IgRatioScheduler': {
            'init': 0.0,
            'last': 0.9999,
            'num_rounds': 400,
            'mode': 'linear'
        }
    }
}
---------------------------- TRAINING EPOCH: 10 ----------------------------   
client [77] (testset)   loss: 3.4740 -> 0.9614  accuracy: 0.00% -> 58.33%      
client [81] (testset)   loss: 3.3478 -> 0.8112  accuracy: 0.00% -> 54.74%      
client [21] (testset)   loss: 4.7998 -> 0.9032  accuracy: 1.59% -> 53.44%      
client [68] (testset)   loss: 3.2898 -> 0.0170  accuracy: 0.00% -> 100.00%     
client [93] (testset)   loss: 3.7052 -> 0.7818  accuracy: 0.00% -> 88.89%      
client [31] (testset)   loss: 4.0724 -> 1.5165  accuracy: 0.00% -> 55.00%      
client [20] (testset)   loss: 0.7143 -> 0.5849  accuracy: 88.08% -> 88.08%     
client [59] (testset)   loss: 3.4214 -> 0.9492  accuracy: 0.00% -> 42.00%      
client [48] (testset)   loss: 3.1592 -> 0.7423  accuracy: 0.00% -> 74.14%      
client [34] (testset)   loss: 2.0073 -> 1.4179  accuracy: 37.04% -> 28.40%     
---------------------------- TRAINING EPOCH: 20 ----------------------------   
client [69] (testset)   loss: 1.9492 -> 1.1485  accuracy: 63.83% -> 63.83%     
client [99] (testset)   loss: 1.4824 -> 1.1750  accuracy: 63.53% -> 63.53%     
client [67] (testset)   loss: 1.3116 -> 1.1280  accuracy: 55.29% -> 55.29%     
client [0]  (testset)   loss: 1.0595 -> 0.9039  accuracy: 60.35% -> 60.35%     
client [76] (testset)   loss: 1.4255 -> 1.2735  accuracy: 52.13% -> 52.13%     
client [41] (testset)   loss: 1.2864 -> 0.8371  accuracy: 59.15% -> 59.15%     
client [62] (testset)   loss: 2.3538 -> 0.9176  accuracy: 10.00% -> 65.00%     
client [2]  (testset)   loss: 2.8113 -> 1.6441  accuracy: 0.00% -> 37.14%      
client [14] (testset)   loss: 0.4821 -> 0.1692  accuracy: 97.22% -> 97.22%     
client [46] (testset)   loss: 1.5219 -> 0.8332  accuracy: 36.63% -> 59.30%     
---------------------------- TRAINING EPOCH: 30 ----------------------------   
client [24] (testset)   loss: 0.2067 -> 0.1614  accuracy: 96.84% -> 96.84%     
client [68] (testset)   loss: 0.1157 -> 0.0246  accuracy: 100.00% -> 100.00%   
client [57] (testset)   loss: 0.8544 -> 0.6372  accuracy: 79.69% -> 79.69%     
client [17] (testset)   loss: 1.4748 -> 1.4826  accuracy: 38.46% -> 21.54%     
client [54] (testset)   loss: 0.8444 -> 0.6897  accuracy: 80.00% -> 80.00%     
client [23] (testset)   loss: 2.4972 -> 0.9268  accuracy: 0.00% -> 56.67%      
client [35] (testset)   loss: 1.3974 -> 1.2237  accuracy: 46.30% -> 32.87%     
client [59] (testset)   loss: 1.0935 -> 0.9627  accuracy: 52.00% -> 52.00%     
client [31] (testset)   loss: 1.6928 -> 1.4338  accuracy: 55.00% -> 55.00%     
client [9]  (testset)   loss: 0.7133 -> 0.6586  accuracy: 83.44% -> 83.44%     
---------------------------- TRAINING EPOCH: 40 ----------------------------   
client [64] (testset)   loss: 0.8184 -> 0.9791  accuracy: 66.67% -> 66.67%     
client [33] (testset)   loss: 0.8772 -> 0.7017  accuracy: 75.00% -> 75.00%     
client [16] (testset)   loss: 0.3625 -> 0.2992  accuracy: 92.63% -> 92.63%     
client [44] (testset)   loss: 2.6258 -> 1.8446  accuracy: 0.00% -> 61.54%      
client [8]  (testset)   loss: 1.7732 -> 1.7547  accuracy: 40.91% -> 40.91%     
client [31] (testset)   loss: 1.4736 -> 1.3985  accuracy: 55.00% -> 55.00%     
client [47] (testset)   loss: 1.0410 -> 1.0214  accuracy: 48.19% -> 48.19%     
client [36] (testset)   loss: 1.5603 -> 1.4236  accuracy: 30.00% -> 37.50%     
client [20] (testset)   loss: 0.8272 -> 0.5815  accuracy: 88.08% -> 88.08%     
client [56] (testset)   loss: 1.5821 -> 1.6062  accuracy: 44.26% -> 16.39%     
---------------------------- TRAINING EPOCH: 50 ----------------------------   
client [4]  (testset)   loss: 0.8744 -> 0.8821  accuracy: 76.74% -> 76.74%     
client [60] (testset)   loss: 0.2231 -> 0.1802  accuracy: 96.62% -> 96.62%     
client [28] (testset)   loss: 1.0688 -> 1.0456  accuracy: 73.37% -> 73.37%     
client [25] (testset)   loss: 0.8041 -> 0.7949  accuracy: 73.02% -> 73.02%     
client [58] (testset)   loss: 0.2914 -> 0.2310  accuracy: 94.34% -> 94.34%     
client [44] (testset)   loss: 1.7765 -> 1.7603  accuracy: 61.54% -> 61.54%     
client [39] (testset)   loss: 1.5800 -> 1.5827  accuracy: 43.40% -> 43.40%     
client [29] (testset)   loss: 1.0068 -> 0.9165  accuracy: 73.87% -> 73.87%     
client [3]  (testset)   loss: 0.9217 -> 0.8726  accuracy: 63.64% -> 63.64%     
client [84] (testset)   loss: 0.8110 -> 0.8064  accuracy: 56.96% -> 56.96%     
---------------------------- TRAINING EPOCH: 60 ----------------------------   
client [21] (testset)   loss: 0.8914 -> 0.8812  accuracy: 53.44% -> 53.44%     
client [84] (testset)   loss: 0.8131 -> 0.8108  accuracy: 56.96% -> 56.96%     
client [10] (testset)   loss: 0.9635 -> 0.9370  accuracy: 53.62% -> 53.62%     
client [36] (testset)   loss: 1.4115 -> 1.4126  accuracy: 37.50% -> 30.00%     
client [65] (testset)   loss: 0.6108 -> 0.5714  accuracy: 83.56% -> 83.56%     
client [81] (testset)   loss: 0.8026 -> 0.7913  accuracy: 54.74% -> 54.74%     
client [79] (testset)   loss: 1.0580 -> 1.0058  accuracy: 77.78% -> 77.78%     
client [42] (testset)   loss: 1.1342 -> 1.1255  accuracy: 58.33% -> 58.33%     
client [11] (testset)   loss: 1.2285 -> 1.2007  accuracy: 50.88% -> 50.88%     
client [96] (testset)   loss: 1.2329 -> 1.2887  accuracy: 55.39% -> 55.39%     
---------------------------- TRAINING EPOCH: 70 ----------------------------   
client [8]  (testset)   loss: 1.7613 -> 1.7094  accuracy: 40.91% -> 40.91%     
client [53] (testset)   loss: 0.2642 -> 0.2687  accuracy: 94.85% -> 94.85%     
client [52] (testset)   loss: 0.8676 -> 0.8700  accuracy: 75.22% -> 75.22%     
client [42] (testset)   loss: 1.1057 -> 1.1110  accuracy: 58.33% -> 58.33%     
client [69] (testset)   loss: 1.0832 -> 1.0710  accuracy: 63.83% -> 63.83%     
client [59] (testset)   loss: 1.0464 -> 0.9255  accuracy: 52.00% -> 52.00%     
client [7]  (testset)   loss: 0.4871 -> 0.5090  accuracy: 88.85% -> 88.85%     
client [26] (testset)   loss: 1.3590 -> 1.2595  accuracy: 50.53% -> 50.53%     
client [49] (testset)   loss: 0.7741 -> 0.7327  accuracy: 79.77% -> 79.77%     
client [98] (testset)   loss: 0.9583 -> 0.9807  accuracy: 74.68% -> 74.68%     
---------------------------- TRAINING EPOCH: 80 ----------------------------   
client [98] (testset)   loss: 0.9826 -> 0.9623  accuracy: 74.68% -> 74.68%     
client [47] (testset)   loss: 1.0307 -> 1.0003  accuracy: 48.19% -> 48.19%     
client [21] (testset)   loss: 0.9409 -> 0.8781  accuracy: 42.06% -> 53.44%     
client [77] (testset)   loss: 1.0478 -> 1.2133  accuracy: 58.33% -> 58.33%     
client [95] (testset)   loss: 0.3271 -> 0.2839  accuracy: 94.83% -> 94.83%     
client [91] (testset)   loss: 0.6006 -> 0.6737  accuracy: 88.24% -> 88.24%     
client [14] (testset)   loss: 0.2217 -> 0.1644  accuracy: 97.22% -> 97.22%     
client [99] (testset)   loss: 1.1953 -> 1.1730  accuracy: 63.53% -> 63.53%     
client [20] (testset)   loss: 0.6800 -> 0.5821  accuracy: 88.08% -> 88.08%     
client [39] (testset)   loss: 1.6171 -> 1.5881  accuracy: 43.40% -> 43.40%     
---------------------------- TRAINING EPOCH: 90 ----------------------------   
client [52] (testset)   loss: 0.8657 -> 0.8700  accuracy: 75.22% -> 75.22%     
client [62] (testset)   loss: 0.9069 -> 0.8933  accuracy: 65.00% -> 65.00%     
client [71] (testset)   loss: 1.2793 -> 1.2675  accuracy: 50.00% -> 50.00%     
client [97] (testset)   loss: 1.3590 -> 1.3232  accuracy: 47.72% -> 47.72%     
client [30] (testset)   loss: 0.9000 -> 0.8868  accuracy: 41.43% -> 54.29%     
client [88] (testset)   loss: 1.3275 -> 1.0773  accuracy: 67.57% -> 67.57%     
client [60] (testset)   loss: 0.2073 -> 0.2171  accuracy: 96.62% -> 96.62%     
client [82] (testset)   loss: 1.5312 -> 1.5606  accuracy: 46.51% -> 46.51%     
client [91] (testset)   loss: 0.6379 -> 0.5440  accuracy: 88.24% -> 88.24%     
client [57] (testset)   loss: 0.5492 -> 0.5458  accuracy: 79.69% -> 79.69%     
---------------------------- TRAINING EPOCH: 100 ----------------------------  
client [31] (testset)   loss: 1.4139 -> 1.4156  accuracy: 55.00% -> 55.00%     
client [15] (testset)   loss: 0.8871 -> 0.8817  accuracy: 76.47% -> 76.47%     
client [71] (testset)   loss: 1.2911 -> 1.2549  accuracy: 50.00% -> 50.00%     
client [97] (testset)   loss: 1.3273 -> 1.3363  accuracy: 47.72% -> 47.72%     
client [53] (testset)   loss: 0.2820 -> 0.2238  accuracy: 94.85% -> 94.85%     
client [77] (testset)   loss: 1.0404 -> 1.1002  accuracy: 58.33% -> 58.33%     
client [76] (testset)   loss: 1.2776 -> 1.2908  accuracy: 52.13% -> 52.13%     
client [79] (testset)   loss: 1.0095 -> 1.0314  accuracy: 77.78% -> 77.78%     
client [28] (testset)   loss: 0.9927 -> 0.9646  accuracy: 73.37% -> 73.37%     
client [99] (testset)   loss: 1.1808 -> 1.1704  accuracy: 63.53% -> 63.53%     
---------------------------- TRAINING EPOCH: 110 ----------------------------  
client [97] (testset)   loss: 1.3145 -> 1.3183  accuracy: 47.72% -> 47.72%     
client [86] (testset)   loss: 0.5132 -> 0.5142  accuracy: 84.66% -> 84.66%     
client [34] (testset)   loss: 1.3696 -> 1.3513  accuracy: 37.04% -> 37.04%     
client [73] (testset)   loss: 0.7553 -> 0.7986  accuracy: 58.95% -> 40.00%     
client [5]  (testset)   loss: 1.4922 -> 1.4643  accuracy: 43.96% -> 43.96%     
client [96] (testset)   loss: 1.2281 -> 1.2118  accuracy: 55.39% -> 55.39%     
client [22] (testset)   loss: 0.4846 -> 0.4207  accuracy: 89.95% -> 89.95%     
client [60] (testset)   loss: 0.2173 -> 0.1821  accuracy: 96.62% -> 96.62%     
client [66] (testset)   loss: 1.0894 -> 1.0579  accuracy: 50.78% -> 50.78%     
client [83] (testset)   loss: 0.8193 -> 0.6417  accuracy: 85.00% -> 85.00%     
---------------------------- TRAINING EPOCH: 120 ----------------------------  
client [76] (testset)   loss: 1.3059 -> 1.2649  accuracy: 52.13% -> 52.13%     
client [65] (testset)   loss: 0.5660 -> 0.5674  accuracy: 83.56% -> 83.56%     
client [95] (testset)   loss: 0.3050 -> 0.3281  accuracy: 94.83% -> 94.83%     
client [17] (testset)   loss: 1.4996 -> 1.4506  accuracy: 21.54% -> 38.46%     
client [8]  (testset)   loss: 1.7042 -> 1.6680  accuracy: 40.91% -> 40.91%     
client [35] (testset)   loss: 1.1783 -> 1.1641  accuracy: 46.30% -> 46.30%     
client [98] (testset)   loss: 0.9781 -> 1.1219  accuracy: 74.68% -> 74.68%     
client [53] (testset)   loss: 0.2362 -> 0.2244  accuracy: 94.85% -> 94.85%     
client [43] (testset)   loss: 0.3165 -> 0.3364  accuracy: 93.29% -> 93.29%     
client [64] (testset)   loss: 0.8790 -> 0.8732  accuracy: 66.67% -> 66.67%     
---------------------------- TRAINING EPOCH: 130 ----------------------------  
client [21] (testset)   loss: 0.8860 -> 0.8745  accuracy: 53.44% -> 53.44%     
client [88] (testset)   loss: 1.1481 -> 1.0729  accuracy: 67.57% -> 67.57%     
client [38] (testset)   loss: 1.1417 -> 1.0510  accuracy: 66.67% -> 66.67%     
client [3]  (testset)   loss: 0.8449 -> 0.8035  accuracy: 63.64% -> 36.36%     
client [5]  (testset)   loss: 1.4524 -> 1.4544  accuracy: 43.96% -> 43.96%     
client [41] (testset)   loss: 0.8910 -> 0.8530  accuracy: 59.15% -> 59.15%     
client [7]  (testset)   loss: 0.4869 -> 0.4712  accuracy: 88.85% -> 88.85%     
client [37] (testset)   loss: 0.5760 -> 0.4716  accuracy: 87.45% -> 87.45%     
client [45] (testset)   loss: 1.7015 -> 1.5604  accuracy: 22.00% -> 44.00%     
client [47] (testset)   loss: 1.0176 -> 1.0029  accuracy: 48.19% -> 48.19%     
---------------------------- TRAINING EPOCH: 140 ----------------------------  
client [16] (testset)   loss: 0.3090 -> 0.3045  accuracy: 92.63% -> 92.63%     
client [11] (testset)   loss: 1.2159 -> 1.2095  accuracy: 50.88% -> 50.88%     
client [37] (testset)   loss: 0.4821 -> 0.5025  accuracy: 87.45% -> 87.45%     
client [41] (testset)   loss: 0.8285 -> 0.8448  accuracy: 59.15% -> 59.15%     
client [95] (testset)   loss: 0.3214 -> 0.3761  accuracy: 94.83% -> 94.83%     
client [53] (testset)   loss: 0.2627 -> 0.2310  accuracy: 94.85% -> 94.85%     
client [22] (testset)   loss: 0.4282 -> 0.4166  accuracy: 89.95% -> 89.95%     
client [25] (testset)   loss: 0.8133 -> 0.7837  accuracy: 73.02% -> 73.02%     
client [69] (testset)   loss: 1.0603 -> 1.0559  accuracy: 63.83% -> 63.83%     
client [46] (testset)   loss: 0.8843 -> 0.8948  accuracy: 59.30% -> 59.30%     
---------------------------- TRAINING EPOCH: 150 ----------------------------  
client [47] (testset)   loss: 0.9901 -> 1.0119  accuracy: 48.19% -> 48.19%     
client [69] (testset)   loss: 1.0860 -> 1.0496  accuracy: 63.83% -> 63.83%     
client [82] (testset)   loss: 1.5088 -> 1.5001  accuracy: 46.51% -> 46.51%     
client [45] (testset)   loss: 1.5815 -> 1.5531  accuracy: 44.00% -> 44.00%     
client [7]  (testset)   loss: 0.4910 -> 0.4881  accuracy: 88.85% -> 88.85%     
client [50] (testset)   loss: 0.7361 -> 0.6688  accuracy: 79.27% -> 79.27%     
client [35] (testset)   loss: 1.1681 -> 1.1783  accuracy: 46.30% -> 46.30%     
client [24] (testset)   loss: 0.2698 -> 0.1649  accuracy: 96.84% -> 96.84%     
client [15] (testset)   loss: 1.1319 -> 0.8656  accuracy: 76.47% -> 76.47%     
client [58] (testset)   loss: 0.3240 -> 0.2339  accuracy: 94.34% -> 94.34%     
---------------------------- TRAINING EPOCH: 160 ----------------------------  
client [48] (testset)   loss: 0.7314 -> 0.7597  accuracy: 74.14% -> 74.14%     
client [76] (testset)   loss: 1.2784 -> 1.2693  accuracy: 52.13% -> 52.13%     
client [67] (testset)   loss: 1.1356 -> 1.1497  accuracy: 55.29% -> 55.29%     
client [37] (testset)   loss: 0.4945 -> 0.4665  accuracy: 87.45% -> 87.45%     
client [58] (testset)   loss: 0.2687 -> 0.2250  accuracy: 94.34% -> 94.34%     
client [64] (testset)   loss: 0.7597 -> 0.9623  accuracy: 66.67% -> 66.67%     
client [77] (testset)   loss: 0.9524 -> 0.9765  accuracy: 58.33% -> 58.33%     
client [55] (testset)   loss: 1.5651 -> 1.7168  accuracy: 50.00% -> 50.00%     
client [12] (testset)   loss: 0.5257 -> 0.5414  accuracy: 86.14% -> 86.14%     
client [89] (testset)   loss: 1.9907 -> 1.9970  accuracy: 18.75% -> 18.75%     
---------------------------- TRAINING EPOCH: 170 ----------------------------  
client [84] (testset)   loss: 0.8238 -> 0.8082  accuracy: 40.51% -> 56.96%     
client [51] (testset)   loss: 0.8142 -> 0.8348  accuracy: 66.67% -> 66.67%     
client [8]  (testset)   loss: 1.6974 -> 1.7190  accuracy: 40.91% -> 40.91%     
client [18] (testset)   loss: 0.9305 -> 0.9183  accuracy: 65.38% -> 65.38%     
client [94] (testset)   loss: 1.3938 -> 1.3677  accuracy: 50.00% -> 50.00%     
client [81] (testset)   loss: 0.8039 -> 0.7996  accuracy: 43.60% -> 54.74%     
client [3]  (testset)   loss: 0.7906 -> 0.7285  accuracy: 63.64% -> 63.64%     
client [11] (testset)   loss: 1.2237 -> 1.1723  accuracy: 50.88% -> 50.88%     
client [95] (testset)   loss: 0.3484 -> 0.3241  accuracy: 94.83% -> 94.83%     
client [67] (testset)   loss: 1.1742 -> 1.1780  accuracy: 55.29% -> 55.29%     
---------------------------- TRAINING EPOCH: 180 ----------------------------  
client [21] (testset)   loss: 0.8864 -> 0.8833  accuracy: 53.44% -> 53.44%     
client [79] (testset)   loss: 1.0083 -> 1.0609  accuracy: 77.78% -> 77.78%     
client [58] (testset)   loss: 0.2503 -> 0.2223  accuracy: 94.34% -> 94.34%     
client [88] (testset)   loss: 1.1347 -> 1.0677  accuracy: 67.57% -> 67.57%     
client [46] (testset)   loss: 0.8387 -> 0.8319  accuracy: 59.30% -> 59.30%     
client [11] (testset)   loss: 1.1926 -> 1.1870  accuracy: 50.88% -> 50.88%     
client [55] (testset)   loss: 1.4474 -> 1.5961  accuracy: 50.00% -> 50.00%     
client [13] (testset)   loss: 0.1180 -> 0.1227  accuracy: 97.78% -> 97.78%     
client [31] (testset)   loss: 1.3792 -> 1.3939  accuracy: 55.00% -> 55.00%     
client [75] (testset)   loss: 1.4532 -> 1.4646  accuracy: 38.38% -> 38.38%     
---------------------------- TRAINING EPOCH: 190 ----------------------------  
client [19] (testset)   loss: 1.5539 -> 1.5330  accuracy: 37.50% -> 37.50%     
client [7]  (testset)   loss: 0.4812 -> 0.4775  accuracy: 88.85% -> 88.85%     
client [57] (testset)   loss: 0.5505 -> 0.5442  accuracy: 79.69% -> 79.69%     
client [13] (testset)   loss: 0.1222 -> 0.1258  accuracy: 97.78% -> 97.78%     
client [43] (testset)   loss: 0.3163 -> 0.3219  accuracy: 93.29% -> 93.29%     
client [91] (testset)   loss: 0.6641 -> 0.5964  accuracy: 88.24% -> 88.24%     
client [10] (testset)   loss: 0.9355 -> 0.9281  accuracy: 39.61% -> 53.62%     
client [64] (testset)   loss: 0.9182 -> 0.8640  accuracy: 66.67% -> 66.67%     
client [82] (testset)   loss: 1.5580 -> 1.6098  accuracy: 46.51% -> 46.51%     
client [22] (testset)   loss: 0.4515 -> 0.4537  accuracy: 89.95% -> 89.95%     
---------------------------- TRAINING EPOCH: 200 ----------------------------  
client [20] (testset)   loss: 0.6216 -> 0.5763  accuracy: 88.08% -> 88.08%     
client [23] (testset)   loss: 0.9170 -> 0.9270  accuracy: 56.67% -> 56.67%     
client [88] (testset)   loss: 1.1003 -> 1.0747  accuracy: 67.57% -> 67.57%     
client [98] (testset)   loss: 0.9509 -> 0.9802  accuracy: 74.68% -> 74.68%     
client [79] (testset)   loss: 1.0170 -> 1.0526  accuracy: 77.78% -> 77.78%     
client [21] (testset)   loss: 0.8771 -> 0.8791  accuracy: 53.44% -> 53.44%     
client [92] (testset)   loss: 0.8567 -> 0.8157  accuracy: 63.64% -> 63.64%     
client [56] (testset)   loss: 1.5756 -> 1.5714  accuracy: 44.26% -> 44.26%     
client [5]  (testset)   loss: 1.4778 -> 1.4440  accuracy: 21.98% -> 43.96%     
client [52] (testset)   loss: 0.8749 -> 0.9066  accuracy: 75.22% -> 75.22%     
---------------------------- TRAINING EPOCH: 210 ----------------------------  
client [67] (testset)   loss: 1.1238 -> 1.1321  accuracy: 55.29% -> 55.29%     
client [54] (testset)   loss: 0.6983 -> 0.6398  accuracy: 80.00% -> 80.00%     
client [14] (testset)   loss: 0.1959 -> 0.1568  accuracy: 97.22% -> 97.22%     
client [99] (testset)   loss: 1.1799 -> 1.1710  accuracy: 63.53% -> 63.53%     
client [36] (testset)   loss: 1.4129 -> 1.3990  accuracy: 37.50% -> 37.50%     
client [30] (testset)   loss: 0.8860 -> 0.8961  accuracy: 54.29% -> 54.29%     
client [38] (testset)   loss: 1.1628 -> 1.0239  accuracy: 66.67% -> 66.67%     
client [15] (testset)   loss: 0.8900 -> 0.8860  accuracy: 76.47% -> 76.47%     
client [6]  (testset)   loss: 1.1153 -> 1.1066  accuracy: 47.09% -> 47.09%     
client [53] (testset)   loss: 0.2409 -> 0.2284  accuracy: 94.85% -> 94.85%     
---------------------------- TRAINING EPOCH: 220 ----------------------------  
client [99] (testset)   loss: 1.1832 -> 1.1724  accuracy: 63.53% -> 63.53%     
client [6]  (testset)   loss: 1.1017 -> 1.1102  accuracy: 47.09% -> 47.09%     
client [83] (testset)   loss: 0.7217 -> 0.6630  accuracy: 85.00% -> 85.00%     
client [42] (testset)   loss: 1.1183 -> 1.1343  accuracy: 58.33% -> 58.33%     
client [34] (testset)   loss: 1.3684 -> 1.3552  accuracy: 37.04% -> 37.04%     
client [15] (testset)   loss: 0.8876 -> 0.8866  accuracy: 76.47% -> 76.47%     
client [47] (testset)   loss: 0.9942 -> 0.9871  accuracy: 48.19% -> 48.19%     
client [55] (testset)   loss: 1.5117 -> 1.6650  accuracy: 50.00% -> 50.00%     
client [51] (testset)   loss: 0.8286 -> 0.8426  accuracy: 66.67% -> 66.67%     
client [95] (testset)   loss: 0.3191 -> 0.3012  accuracy: 94.83% -> 94.83%     
---------------------------- TRAINING EPOCH: 230 ----------------------------  
client [71] (testset)   loss: 1.2748 -> 1.2851  accuracy: 50.00% -> 25.00%     
client [15] (testset)   loss: 0.8797 -> 0.8970  accuracy: 76.47% -> 76.47%     
client [33] (testset)   loss: 0.7400 -> 0.7592  accuracy: 75.00% -> 75.00%     
client [99] (testset)   loss: 1.2194 -> 1.1733  accuracy: 63.53% -> 63.53%     
client [90] (testset)   loss: 1.0577 -> 1.0600  accuracy: 50.00% -> 50.00%     
client [57] (testset)   loss: 0.5552 -> 0.5913  accuracy: 79.69% -> 79.69%     
client [27] (testset)   loss: 0.6781 -> 0.6635  accuracy: 82.43% -> 82.43%     
client [78] (testset)   loss: 0.6289 -> 0.6557  accuracy: 84.72% -> 84.72%     
client [36] (testset)   loss: 1.4416 -> 1.4009  accuracy: 37.50% -> 30.00%     
client [88] (testset)   loss: 1.1070 -> 1.1051  accuracy: 67.57% -> 67.57%     
---------------------------- TRAINING EPOCH: 240 ----------------------------  
client [70] (testset)   loss: 1.6106 -> 1.7264  accuracy: 27.78% -> 27.78%     
client [35] (testset)   loss: 1.1682 -> 1.1671  accuracy: 46.30% -> 46.30%     
client [16] (testset)   loss: 0.3270 -> 0.2996  accuracy: 92.63% -> 92.63%     
client [80] (testset)   loss: 0.7782 -> 0.7178  accuracy: 82.81% -> 82.81%     
client [38] (testset)   loss: 1.0875 -> 1.0323  accuracy: 66.67% -> 66.67%     
client [78] (testset)   loss: 0.6197 -> 0.6117  accuracy: 84.72% -> 84.72%     
client [68] (testset)   loss: 0.1360 -> 0.0323  accuracy: 100.00% -> 100.00%   
client [11] (testset)   loss: 1.1957 -> 1.1745  accuracy: 50.88% -> 50.88%     
client [64] (testset)   loss: 0.8098 -> 0.9339  accuracy: 66.67% -> 66.67%     
client [82] (testset)   loss: 1.5451 -> 1.5143  accuracy: 46.51% -> 46.51%     
---------------------------- TRAINING EPOCH: 250 ----------------------------  
client [30] (testset)   loss: 0.8980 -> 0.9056  accuracy: 54.29% -> 54.29%     
client [27] (testset)   loss: 0.6582 -> 0.6687  accuracy: 82.43% -> 82.43%     
client [74] (testset)   loss: 0.7935 -> 0.7930  accuracy: 75.76% -> 75.76%     
client [45] (testset)   loss: 1.5506 -> 1.5473  accuracy: 44.00% -> 44.00%     
client [6]  (testset)   loss: 1.0945 -> 1.0980  accuracy: 47.09% -> 47.09%     
client [36] (testset)   loss: 1.4197 -> 1.3987  accuracy: 30.00% -> 37.50%     
client [63] (testset)   loss: 0.2213 -> 0.2138  accuracy: 96.00% -> 96.00%     
client [76] (testset)   loss: 1.2779 -> 1.2674  accuracy: 52.13% -> 52.13%     
client [83] (testset)   loss: 0.6776 -> 0.6461  accuracy: 85.00% -> 85.00%     
client [86] (testset)   loss: 0.5145 -> 0.5058  accuracy: 84.66% -> 84.66%     
---------------------------- TRAINING EPOCH: 260 ----------------------------  
client [83] (testset)   loss: 0.6602 -> 0.6433  accuracy: 85.00% -> 85.00%     
client [99] (testset)   loss: 1.1834 -> 1.1651  accuracy: 63.53% -> 63.53%     
client [74] (testset)   loss: 0.7726 -> 0.7765  accuracy: 75.76% -> 75.76%     
client [73] (testset)   loss: 0.7391 -> 0.7425  accuracy: 58.95% -> 58.95%     
client [29] (testset)   loss: 0.9089 -> 0.9123  accuracy: 73.87% -> 73.87%     
client [92] (testset)   loss: 0.7926 -> 0.9363  accuracy: 63.64% -> 63.64%     
client [6]  (testset)   loss: 1.1146 -> 1.1249  accuracy: 47.09% -> 47.09%     
client [61] (testset)   loss: 1.3280 -> 1.3773  accuracy: 53.85% -> 53.85%     
client [21] (testset)   loss: 0.9072 -> 0.8784  accuracy: 53.44% -> 53.44%     
client [67] (testset)   loss: 1.1445 -> 1.1339  accuracy: 55.29% -> 55.29%     
---------------------------- TRAINING EPOCH: 270 ----------------------------  
client [83] (testset)   loss: 0.6865 -> 0.6444  accuracy: 85.00% -> 85.00%     
client [32] (testset)   loss: 1.2802 -> 1.2745  accuracy: 47.22% -> 38.89%     
client [95] (testset)   loss: 0.3556 -> 0.2888  accuracy: 94.83% -> 94.83%     
client [61] (testset)   loss: 1.3244 -> 1.3511  accuracy: 53.85% -> 53.85%     
client [27] (testset)   loss: 0.6664 -> 0.6576  accuracy: 82.43% -> 82.43%     
client [25] (testset)   loss: 0.8676 -> 0.7715  accuracy: 73.02% -> 73.02%     
client [68] (testset)   loss: 0.1147 -> 0.0272  accuracy: 100.00% -> 100.00%   
client [34] (testset)   loss: 1.3647 -> 1.3504  accuracy: 37.04% -> 37.04%     
client [71] (testset)   loss: 1.2884 -> 1.2501  accuracy: 50.00% -> 50.00%     
client [89] (testset)   loss: 1.9602 -> 2.0375  accuracy: 18.75% -> 18.75%     
---------------------------- TRAINING EPOCH: 280 ----------------------------  
client [78] (testset)   loss: 0.6146 -> 0.6119  accuracy: 84.72% -> 84.72%     
client [81] (testset)   loss: 0.8028 -> 0.7975  accuracy: 54.74% -> 54.74%     
client [51] (testset)   loss: 0.8261 -> 0.8477  accuracy: 66.67% -> 66.67%     
client [54] (testset)   loss: 0.7049 -> 0.6419  accuracy: 80.00% -> 80.00%     
client [65] (testset)   loss: 0.5723 -> 0.5691  accuracy: 83.56% -> 83.56%     
client [41] (testset)   loss: 0.8779 -> 0.8368  accuracy: 36.62% -> 59.15%     
client [11] (testset)   loss: 1.1840 -> 1.1642  accuracy: 50.88% -> 50.88%     
client [85] (testset)   loss: 1.0217 -> 1.0171  accuracy: 66.67% -> 66.67%     
client [12] (testset)   loss: 0.5154 -> 0.5253  accuracy: 86.14% -> 86.14%     
client [23] (testset)   loss: 0.9208 -> 0.9699  accuracy: 56.67% -> 56.67%     
---------------------------- TRAINING EPOCH: 290 ----------------------------  
client [16] (testset)   loss: 0.2997 -> 0.2996  accuracy: 92.63% -> 92.63%     
client [65] (testset)   loss: 0.5769 -> 0.5678  accuracy: 83.56% -> 83.56%     
client [53] (testset)   loss: 0.2361 -> 0.2307  accuracy: 94.85% -> 94.85%     
client [58] (testset)   loss: 0.2393 -> 0.2337  accuracy: 94.34% -> 94.34%     
client [72] (testset)   loss: 1.2084 -> 1.2659  accuracy: 55.88% -> 26.47%     
client [7]  (testset)   loss: 0.4693 -> 0.4725  accuracy: 88.85% -> 88.85%     
client [71] (testset)   loss: 1.2548 -> 1.2825  accuracy: 50.00% -> 50.00%     
client [59] (testset)   loss: 0.9494 -> 0.9563  accuracy: 52.00% -> 52.00%     
client [86] (testset)   loss: 0.5124 -> 0.5118  accuracy: 84.66% -> 84.66%     
client [39] (testset)   loss: 1.6080 -> 1.5944  accuracy: 43.40% -> 43.40%     
---------------------------- TRAINING EPOCH: 300 ----------------------------  
client [99] (testset)   loss: 1.1730 -> 1.1694  accuracy: 63.53% -> 63.53%     
client [7]  (testset)   loss: 0.4715 -> 0.4701  accuracy: 88.85% -> 88.85%     
client [17] (testset)   loss: 1.5065 -> 1.4923  accuracy: 21.54% -> 21.54%     
client [64] (testset)   loss: 0.8275 -> 0.8990  accuracy: 66.67% -> 66.67%     
client [37] (testset)   loss: 0.4756 -> 0.4667  accuracy: 87.45% -> 87.45%     
client [29] (testset)   loss: 0.9110 -> 0.9059  accuracy: 73.87% -> 73.87%     
client [93] (testset)   loss: 0.6080 -> 0.6602  accuracy: 88.89% -> 88.89%     
client [73] (testset)   loss: 0.7681 -> 0.7410  accuracy: 40.00% -> 58.95%     
client [40] (testset)   loss: 1.1863 -> 1.1833  accuracy: 65.17% -> 65.17%     
client [76] (testset)   loss: 1.2763 -> 1.2679  accuracy: 52.13% -> 52.13%     
---------------------------- TRAINING EPOCH: 310 ----------------------------  
client [31] (testset)   loss: 1.3559 -> 1.3627  accuracy: 55.00% -> 55.00%     
client [89] (testset)   loss: 1.9860 -> 2.0461  accuracy: 18.75% -> 18.75%     
client [77] (testset)   loss: 0.9564 -> 1.0726  accuracy: 58.33% -> 58.33%     
client [90] (testset)   loss: 1.1103 -> 1.1070  accuracy: 28.57% -> 28.57%     
client [26] (testset)   loss: 1.2825 -> 1.2550  accuracy: 50.53% -> 50.53%     
client [50] (testset)   loss: 0.7132 -> 0.6955  accuracy: 79.27% -> 79.27%     
client [30] (testset)   loss: 0.8893 -> 0.8922  accuracy: 54.29% -> 54.29%     
client [70] (testset)   loss: 1.5957 -> 1.6863  accuracy: 27.78% -> 27.78%     
client [41] (testset)   loss: 0.8677 -> 0.8420  accuracy: 59.15% -> 59.15%     
client [99] (testset)   loss: 1.1717 -> 1.1662  accuracy: 63.53% -> 63.53%     
---------------------------- TRAINING EPOCH: 320 ----------------------------  
client [68] (testset)   loss: 0.1006 -> 0.0197  accuracy: 100.00% -> 100.00%   
client [70] (testset)   loss: 1.6526 -> 1.7554  accuracy: 27.78% -> 27.78%     
client [52] (testset)   loss: 0.8690 -> 0.8809  accuracy: 75.22% -> 75.22%     
client [1]  (testset)   loss: 1.1136 -> 1.1111  accuracy: 57.84% -> 57.84%     
client [2]  (testset)   loss: 1.6417 -> 1.6210  accuracy: 21.43% -> 37.14%     
client [67] (testset)   loss: 1.1541 -> 1.1365  accuracy: 55.29% -> 55.29%     
client [92] (testset)   loss: 0.7951 -> 0.8373  accuracy: 63.64% -> 63.64%     
client [35] (testset)   loss: 1.1754 -> 1.1666  accuracy: 46.30% -> 46.30%     
client [36] (testset)   loss: 1.4054 -> 1.3988  accuracy: 30.00% -> 37.50%     
client [64] (testset)   loss: 0.8282 -> 0.8982  accuracy: 66.67% -> 66.67%     
---------------------------- TRAINING EPOCH: 330 ----------------------------  
client [44] (testset)   loss: 1.5608 -> 1.7829  accuracy: 61.54% -> 61.54%     
client [6]  (testset)   loss: 1.1015 -> 1.1199  accuracy: 47.09% -> 47.09%     
client [12] (testset)   loss: 0.5174 -> 0.5201  accuracy: 86.14% -> 86.14%     
client [55] (testset)   loss: 1.6441 -> 1.6877  accuracy: 50.00% -> 50.00%     
client [29] (testset)   loss: 0.9092 -> 0.9288  accuracy: 73.87% -> 73.87%     
client [9]  (testset)   loss: 0.6618 -> 0.6797  accuracy: 83.44% -> 83.44%     
client [43] (testset)   loss: 0.3305 -> 0.3162  accuracy: 93.29% -> 93.29%     
client [77] (testset)   loss: 0.9970 -> 0.9942  accuracy: 58.33% -> 58.33%     
client [98] (testset)   loss: 0.9639 -> 0.9955  accuracy: 74.68% -> 74.68%     
client [78] (testset)   loss: 0.6123 -> 0.6119  accuracy: 84.72% -> 84.72%     
---------------------------- TRAINING EPOCH: 340 ----------------------------  
client [92] (testset)   loss: 0.7910 -> 0.8022  accuracy: 63.64% -> 63.64%     
client [80] (testset)   loss: 0.7271 -> 0.7262  accuracy: 82.81% -> 82.81%     
client [63] (testset)   loss: 0.2093 -> 0.1970  accuracy: 96.00% -> 96.00%     
client [76] (testset)   loss: 1.2723 -> 1.2823  accuracy: 52.13% -> 52.13%     
client [78] (testset)   loss: 0.6111 -> 0.6778  accuracy: 84.72% -> 84.72%     
client [25] (testset)   loss: 0.8772 -> 0.7735  accuracy: 73.02% -> 73.02%     
client [58] (testset)   loss: 0.2495 -> 0.2292  accuracy: 94.34% -> 94.34%     
client [13] (testset)   loss: 0.1138 -> 0.1231  accuracy: 97.78% -> 97.78%     
client [17] (testset)   loss: 1.4913 -> 1.4995  accuracy: 21.54% -> 21.54%     
client [38] (testset)   loss: 1.0342 -> 1.0396  accuracy: 66.67% -> 66.67%     
---------------------------- TRAINING EPOCH: 350 ----------------------------  
client [72] (testset)   loss: 1.2886 -> 1.3007  accuracy: 26.47% -> 26.47%     
client [82] (testset)   loss: 1.5081 -> 1.5425  accuracy: 46.51% -> 46.51%     
client [86] (testset)   loss: 0.5082 -> 0.5103  accuracy: 84.66% -> 84.66%     
client [51] (testset)   loss: 0.7965 -> 0.8187  accuracy: 66.67% -> 66.67%     
client [96] (testset)   loss: 1.2031 -> 1.2034  accuracy: 55.39% -> 55.39%     
client [42] (testset)   loss: 1.1271 -> 1.1354  accuracy: 58.33% -> 58.33%     
client [55] (testset)   loss: 1.5485 -> 1.7028  accuracy: 50.00% -> 50.00%     
client [13] (testset)   loss: 0.1138 -> 0.1244  accuracy: 97.78% -> 97.78%     
client [1]  (testset)   loss: 1.1136 -> 1.1060  accuracy: 57.84% -> 57.84%     
client [12] (testset)   loss: 0.5158 -> 0.5163  accuracy: 86.14% -> 86.14%     
---------------------------- TRAINING EPOCH: 360 ----------------------------  
client [68] (testset)   loss: 0.0831 -> 0.0191  accuracy: 100.00% -> 100.00%   
client [23] (testset)   loss: 0.9401 -> 0.9076  accuracy: 56.67% -> 56.67%     
client [46] (testset)   loss: 0.8432 -> 0.8428  accuracy: 59.30% -> 59.30%     
client [41] (testset)   loss: 0.8524 -> 0.8344  accuracy: 59.15% -> 59.15%     
client [25] (testset)   loss: 0.8724 -> 0.8186  accuracy: 73.02% -> 73.02%     
client [58] (testset)   loss: 0.2694 -> 0.2445  accuracy: 94.34% -> 94.34%     
client [14] (testset)   loss: 0.2024 -> 0.1570  accuracy: 97.22% -> 97.22%     
client [33] (testset)   loss: 0.8327 -> 0.7115  accuracy: 75.00% -> 75.00%     
client [85] (testset)   loss: 1.0647 -> 1.0265  accuracy: 66.67% -> 66.67%     
client [62] (testset)   loss: 0.9723 -> 0.9009  accuracy: 65.00% -> 65.00%     
---------------------------- TRAINING EPOCH: 370 ----------------------------  
client [98] (testset)   loss: 0.9615 -> 0.9719  accuracy: 74.68% -> 74.68%     
client [63] (testset)   loss: 0.2181 -> 0.1969  accuracy: 96.00% -> 96.00%     
client [70] (testset)   loss: 1.6869 -> 1.7686  accuracy: 27.78% -> 27.78%     
client [65] (testset)   loss: 0.5979 -> 0.5743  accuracy: 83.56% -> 83.56%     
client [14] (testset)   loss: 0.1917 -> 0.1567  accuracy: 97.22% -> 97.22%     
client [73] (testset)   loss: 0.7593 -> 0.7555  accuracy: 40.00% -> 40.00%     
client [34] (testset)   loss: 1.3543 -> 1.3507  accuracy: 37.04% -> 37.04%     
client [99] (testset)   loss: 1.1641 -> 1.1644  accuracy: 63.53% -> 63.53%     
client [69] (testset)   loss: 1.0672 -> 1.0497  accuracy: 63.83% -> 63.83%     
client [46] (testset)   loss: 0.8389 -> 0.8717  accuracy: 59.30% -> 59.30%     
---------------------------- TRAINING EPOCH: 380 ----------------------------  
client [99] (testset)   loss: 1.1786 -> 1.1671  accuracy: 63.53% -> 63.53%     
client [93] (testset)   loss: 0.6145 -> 0.6710  accuracy: 88.89% -> 88.89%     
client [11] (testset)   loss: 1.1750 -> 1.1665  accuracy: 50.88% -> 50.88%     
client [58] (testset)   loss: 0.2448 -> 0.2355  accuracy: 94.34% -> 94.34%     
client [81] (testset)   loss: 0.7969 -> 0.8013  accuracy: 54.74% -> 43.60%     
client [85] (testset)   loss: 1.0323 -> 1.0240  accuracy: 66.67% -> 66.67%     
client [89] (testset)   loss: 1.9673 -> 2.0669  accuracy: 18.75% -> 18.75%     
client [45] (testset)   loss: 1.5467 -> 1.5512  accuracy: 44.00% -> 44.00%     
client [8]  (testset)   loss: 1.7181 -> 1.7125  accuracy: 40.91% -> 40.91%     
client [68] (testset)   loss: 0.0549 -> 0.0286  accuracy: 100.00% -> 100.00%   
---------------------------- TRAINING EPOCH: 390 ----------------------------  
client [67] (testset)   loss: 1.1202 -> 1.1503  accuracy: 55.29% -> 55.29%     
client [72] (testset)   loss: 1.3036 -> 1.2776  accuracy: 55.88% -> 26.47%     
client [1]  (testset)   loss: 1.1584 -> 1.0985  accuracy: 57.84% -> 57.84%     
client [78] (testset)   loss: 0.6234 -> 0.6441  accuracy: 84.72% -> 84.72%     
client [83] (testset)   loss: 0.7332 -> 0.6512  accuracy: 85.00% -> 85.00%     
client [21] (testset)   loss: 0.8734 -> 0.8806  accuracy: 53.44% -> 53.44%     
client [56] (testset)   loss: 1.5794 -> 1.5937  accuracy: 16.39% -> 16.39%     
client [44] (testset)   loss: 1.5110 -> 1.7575  accuracy: 61.54% -> 61.54%     
client [92] (testset)   loss: 0.8634 -> 0.9234  accuracy: 63.64% -> 63.64%     
client [27] (testset)   loss: 0.6509 -> 0.6586  accuracy: 82.43% -> 82.43%     
---------------------------- TRAINING EPOCH: 400 ----------------------------  
client [10] (testset)   loss: 0.9326 -> 0.9345  accuracy: 53.62% -> 53.62%     
client [39] (testset)   loss: 1.5952 -> 1.5918  accuracy: 43.40% -> 43.40%     
client [65] (testset)   loss: 0.5840 -> 0.5689  accuracy: 83.56% -> 83.56%     
client [26] (testset)   loss: 1.2604 -> 1.2380  accuracy: 50.53% -> 50.53%     
client [19] (testset)   loss: 1.5237 -> 1.5174  accuracy: 37.50% -> 37.50%     
client [68] (testset)   loss: 0.0741 -> 0.0235  accuracy: 100.00% -> 100.00%   
client [41] (testset)   loss: 0.8416 -> 0.8298  accuracy: 59.15% -> 59.15%     
client [50] (testset)   loss: 0.6783 -> 0.6698  accuracy: 79.27% -> 79.27%     
client [75] (testset)   loss: 1.4316 -> 1.4277  accuracy: 38.38% -> 38.38%     
client [81] (testset)   loss: 0.8091 -> 0.7965  accuracy: 43.60% -> 54.74%     
FedFew's average time taken by each global epoch: 0 min 2.19 sec.              
FedFew's total running time: 0 h 16 m 5 s.                                     
==================== FedFew Experiment Results: ====================           
Display format: (before local fine-tuning) -> (after local fine-tuning)        
 So if finetune_epoch = 0, x.xx% -> 0.00% is normal.                           
 Centralized testing ONLY happens after model aggregation, so the stats between
'->' are the same.                                                             
{                                                                              
    "100": {                                                                   
        "all_clients": {                                                       
            "test": {                                                          
                "loss": "0.8669 -> 0.8539",                                    
                "accuracy": "66.66% -> 67.07%"                                 
            }                                                                  
        }                                                                      
    },                                                                         
    "200": {                                                                   
        "all_clients": {                                                       
            "test": {                                                          
                "loss": "0.8567 -> 0.8539",                                    
                "accuracy": "66.91% -> 67.24%"                                 
            }                                                                  
        }                                                                      
    },                                                                         
    "300": {                                                                   
        "all_clients": {                                                       
            "test": {                                                          
                "loss": "0.8524 -> 0.8488",                                    
                "accuracy": "67.23% -> 67.45%"                                 
            }                                                                  
        }                                                                      
    },                                                                         
    "400": {                                                                   
        "all_clients": {                                                       
            "test": {                                                          
                "loss": "0.8514 -> 0.8500",                                    
                "accuracy": "67.30% -> 67.46%"                                 
            }                                                                  
        }                                                                      
    }                                                                          
}                                                                              
==================== FedFew Max Accuracy ====================                  
all_clients:                                                                   
(test) before fine-tuning: 67.30% at epoch 400                                 
(test) after fine-tuning: 67.46% at epoch 400                                  
