==================== FedDpa ====================                               
Experiment Arguments:                                                          
{
    'method': 'feddpa',
    'dataset': {
        'name': 'fmnist',
        'client_num': 100,
        'test_ratio': 0.25,
        'val_ratio': 0.0,
        'seed': 42,
        'split': 'sample',
        'IID_ratio': 0.0,
        'monitor_window_name_suffix': 'fmnist-100clients-0%IID-Dir(0.1)-seed42',
        'alpha': 0.1,
        'min_samples_per_client': 10
    },
    'model': {
        'name': 'avgcnn',
        'use_torchvision_pretrained_weights': True,
        'external_model_weights_path': None
    },
    'optimizer': {
        'lr': 0.01,
        'dampening': 0,
        'weight_decay': 0,
        'momentum': 0.7,
        'nesterov': False,
        'name': 'sgd'
    },
    'mode': 'serial',
    'parallel': {
        'ray_cluster_addr': None,
        'num_cpus': None,
        'num_gpus': None,
        'num_workers': 2
    },
    'common': {
        'seed': 42,
        'join_ratio': 0.1,
        'global_epoch': 200,
        'local_epoch': 5,
        'batch_size': 32,
        'reset_optimizer_on_global_epoch': True,
        'straggler_ratio': 0,
        'straggler_min_local_epoch': 0,
        'buffers': 'global',
        'client_side_evaluation': True,
        'test': {
            'client': {
                'interval': 100,
                'finetune_epoch': 0,
                'train': False,
                'val': False,
                'test': True
            },
            'server': {
                'interval': -1,
                'train': False,
                'val': False,
                'test': True,
                'model_in_train_mode': False
            }
        },
        'verbose_gap': 10,
        'monitor': None,
        'use_cuda': True,
        'save_log': True,
        'save_model': False,
        'save_learning_curve_plot': True,
        'save_metrics': True,
        'delete_useless_run': True
    },
    'fedprox': {
        'mu': 0.01
    },
    'pfedsim': {
        'warmup_round': 0.5
    },
    'feddpa': {
        'fisher_threshold': 0.9
    }
}
---------------------------- TRAINING EPOCH: 10 ----------------------------   
client [77] (testset)   loss: 0.1326 -> 0.0591  accuracy: 96.37% -> 97.41%     
client [81] (testset)   loss: 0.1672 -> 0.0267  accuracy: 98.15% -> 100.00%    
client [21] (testset)   loss: 1.1902 -> 0.2802  accuracy: 57.14% -> 90.68%     
client [68] (testset)   loss: 0.2257 -> 0.1473  accuracy: 90.00% -> 94.55%     
client [93] (testset)   loss: 0.0631 -> 0.0290  accuracy: 100.00% -> 100.00%   
client [31] (testset)   loss: 0.4622 -> 0.5662  accuracy: 89.23% -> 58.46%     
client [20] (testset)   loss: 0.2328 -> 0.0630  accuracy: 92.20% -> 97.58%     
client [59] (testset)   loss: 1.6113 -> 0.4418  accuracy: 34.31% -> 88.32%     
client [48] (testset)   loss: 0.1689 -> 0.0198  accuracy: 97.47% -> 100.00%    
client [34] (testset)   loss: 0.1798 -> 0.3244  accuracy: 96.15% -> 92.31%     
---------------------------- TRAINING EPOCH: 20 ----------------------------   
client [69] (testset)   loss: 0.1672 -> 0.1872  accuracy: 95.06% -> 95.06%     
client [99] (testset)   loss: 0.2087 -> 0.0613  accuracy: 92.89% -> 98.16%     
client [67] (testset)   loss: 0.4432 -> 0.1426  accuracy: 86.25% -> 95.19%     
client [0]  (testset)   loss: 0.4067 -> 0.2081  accuracy: 85.71% -> 89.80%     
client [76] (testset)   loss: 0.7127 -> 0.4662  accuracy: 73.33% -> 86.67%     
client [41] (testset)   loss: 0.4069 -> 0.2075  accuracy: 87.90% -> 91.94%     
client [62] (testset)   loss: 1.5648 -> 0.2643  accuracy: 40.00% -> 90.00%     
client [2]  (testset)   loss: 1.4041 -> 0.0167  accuracy: 50.33% -> 98.91%     
client [14] (testset)   loss: 0.6216 -> 0.3236  accuracy: 82.62% -> 89.52%     
client [46] (testset)   loss: 0.6988 -> 0.4160  accuracy: 64.58% -> 90.62%     
---------------------------- TRAINING EPOCH: 30 ----------------------------   
client [24] (testset)   loss: 0.3720 -> 0.3502  accuracy: 86.86% -> 88.57%     
client [68] (testset)   loss: 0.1824 -> 0.1087  accuracy: 91.82% -> 94.55%     
client [57] (testset)   loss: 0.0538 -> 0.0274  accuracy: 98.54% -> 99.64%     
client [17] (testset)   loss: 0.3553 -> 0.1327  accuracy: 86.63% -> 95.19%     
client [54] (testset)   loss: 0.3915 -> 0.2477  accuracy: 81.82% -> 89.61%     
client [23] (testset)   loss: 1.3474 -> 0.1620  accuracy: 42.42% -> 94.95%     
client [35] (testset)   loss: 0.8760 -> 0.0174  accuracy: 70.27% -> 100.00%    
client [59] (testset)   loss: 0.5806 -> 0.4511  accuracy: 81.75% -> 86.86%     
client [31] (testset)   loss: 0.2306 -> 0.2293  accuracy: 90.77% -> 90.77%     
client [9]  (testset)   loss: 0.2906 -> 0.1450  accuracy: 90.28% -> 94.79%     
---------------------------- TRAINING EPOCH: 40 ----------------------------   
client [64] (testset)   loss: 0.4505 -> 0.1442  accuracy: 82.71% -> 94.74%     
client [33] (testset)   loss: 0.2478 -> 0.1174  accuracy: 88.30% -> 95.91%     
client [16] (testset)   loss: 0.0926 -> 0.0160  accuracy: 96.67% -> 100.00%    
client [44] (testset)   loss: 0.2058 -> 0.0321  accuracy: 87.74% -> 99.06%     
client [8]  (testset)   loss: 0.4279 -> 0.2473  accuracy: 84.52% -> 91.96%     
client [31] (testset)   loss: 0.2133 -> 0.2158  accuracy: 90.77% -> 92.31%     
client [47] (testset)   loss: 0.3813 -> 0.1019  accuracy: 87.17% -> 96.74%     
client [36] (testset)   loss: 0.2144 -> 0.1671  accuracy: 93.76% -> 93.92%     
client [20] (testset)   loss: 0.1313 -> 0.0310  accuracy: 95.70% -> 98.92%     
client [56] (testset)   loss: 0.7158 -> 0.3520  accuracy: 71.43% -> 85.71%     
---------------------------- TRAINING EPOCH: 50 ----------------------------   
client [4]  (testset)   loss: 0.0920 -> 0.1163  accuracy: 96.92% -> 97.69%     
client [60] (testset)   loss: 0.5219 -> 0.1355  accuracy: 84.13% -> 95.20%     
client [28] (testset)   loss: 0.0077 -> 0.0151  accuracy: 100.00% -> 98.21%    
client [25] (testset)   loss: 0.0860 -> 0.0707  accuracy: 97.12% -> 98.08%     
client [58] (testset)   loss: 0.2601 -> 0.0918  accuracy: 91.33% -> 97.45%     
client [44] (testset)   loss: 0.3846 -> 0.0311  accuracy: 87.74% -> 99.06%     
client [39] (testset)   loss: 0.0052 -> 0.0010  accuracy: 100.00% -> 100.00%   
client [29] (testset)   loss: 0.6388 -> 0.2317  accuracy: 83.54% -> 91.14%     
client [3]  (testset)   loss: 0.1829 -> 0.1199  accuracy: 93.00% -> 95.72%     
client [84] (testset)   loss: 0.2945 -> 0.0093  accuracy: 91.36% -> 100.00%    
---------------------------- TRAINING EPOCH: 60 ----------------------------   
client [21] (testset)   loss: 0.2216 -> 0.1948  accuracy: 91.30% -> 93.17%     
client [84] (testset)   loss: 0.4768 -> 0.0033  accuracy: 80.25% -> 100.00%    
client [10] (testset)   loss: 0.1181 -> 0.0147  accuracy: 94.12% -> 100.00%    
client [36] (testset)   loss: 0.3172 -> 0.1883  accuracy: 88.67% -> 93.76%     
client [65] (testset)   loss: 0.1848 -> 0.2340  accuracy: 96.88% -> 90.62%     
client [81] (testset)   loss: 0.0943 -> 0.0045  accuracy: 94.44% -> 100.00%    
client [79] (testset)   loss: 0.2905 -> 0.1901  accuracy: 88.67% -> 91.63%     
client [42] (testset)   loss: 0.1862 -> 0.0547  accuracy: 93.58% -> 98.67%     
client [11] (testset)   loss: 0.3455 -> 0.3509  accuracy: 86.55% -> 88.79%     
client [96] (testset)   loss: 0.2339 -> 0.1826  accuracy: 92.70% -> 93.43%     
---------------------------- TRAINING EPOCH: 70 ----------------------------   
client [8]  (testset)   loss: 0.4182 -> 0.2085  accuracy: 84.82% -> 92.56%     
client [53] (testset)   loss: 0.0541 -> 0.0062  accuracy: 98.19% -> 99.70%     
client [52] (testset)   loss: 0.1587 -> 0.1072  accuracy: 94.92% -> 98.31%     
client [42] (testset)   loss: 0.0695 -> 0.0559  accuracy: 98.06% -> 98.67%     
client [69] (testset)   loss: 0.0914 -> 0.0999  accuracy: 96.91% -> 95.68%     
client [59] (testset)   loss: 0.5309 -> 0.3763  accuracy: 83.94% -> 87.59%     
client [7]  (testset)   loss: 0.0907 -> 0.0249  accuracy: 96.51% -> 99.13%     
client [26] (testset)   loss: 0.1232 -> 0.0549  accuracy: 95.55% -> 98.09%     
client [49] (testset)   loss: 0.0283 -> 0.0251  accuracy: 99.57% -> 99.57%     
client [98] (testset)   loss: 0.5036 -> 0.6814  accuracy: 91.49% -> 82.98%     
---------------------------- TRAINING EPOCH: 80 ----------------------------   
client [98] (testset)   loss: 0.5009 -> 0.5139  accuracy: 91.49% -> 87.23%     
client [47] (testset)   loss: 0.1780 -> 0.1056  accuracy: 93.26% -> 95.87%     
client [21] (testset)   loss: 0.2212 -> 0.1908  accuracy: 93.79% -> 92.55%     
client [77] (testset)   loss: 0.1102 -> 0.0128  accuracy: 96.37% -> 99.48%     
client [95] (testset)   loss: 0.2862 -> 0.1979  accuracy: 94.44% -> 94.44%     
client [91] (testset)   loss: 0.2583 -> 0.0044  accuracy: 76.92% -> 100.00%    
client [14] (testset)   loss: 0.3852 -> 0.3754  accuracy: 89.05% -> 84.05%     
client [99] (testset)   loss: 0.0458 -> 0.0439  accuracy: 98.68% -> 98.95%     
client [20] (testset)   loss: 0.2019 -> 0.0300  accuracy: 94.89% -> 99.46%     
client [39] (testset)   loss: 0.0056 -> 0.0013  accuracy: 100.00% -> 100.00%   
---------------------------- TRAINING EPOCH: 90 ----------------------------   
client [52] (testset)   loss: 0.1813 -> 0.1215  accuracy: 91.53% -> 96.61%     
client [62] (testset)   loss: 0.2962 -> 0.2895  accuracy: 90.00% -> 95.00%     
client [71] (testset)   loss: 0.1019 -> 0.0643  accuracy: 96.74% -> 96.74%     
client [97] (testset)   loss: 0.0864 -> 0.0471  accuracy: 97.84% -> 98.70%     
client [30] (testset)   loss: 0.2303 -> 0.1874  accuracy: 89.42% -> 96.15%     
client [88] (testset)   loss: 0.7194 -> 0.3120  accuracy: 67.07% -> 87.80%     
client [60] (testset)   loss: 0.2223 -> 0.2086  accuracy: 91.88% -> 93.36%     
client [82] (testset)   loss: 0.8991 -> 0.0779  accuracy: 67.47% -> 98.97%     
client [91] (testset)   loss: 0.0435 -> 0.0036  accuracy: 100.00% -> 100.00%   
client [57] (testset)   loss: 0.4659 -> 0.0279  accuracy: 79.56% -> 99.27%     
---------------------------- TRAINING EPOCH: 100 ----------------------------  
client [31] (testset)   loss: 0.4110 -> 0.1948  accuracy: 86.15% -> 92.31%     
client [15] (testset)   loss: 0.2404 -> 0.1704  accuracy: 92.50% -> 94.06%     
client [71] (testset)   loss: 0.1129 -> 0.0720  accuracy: 97.28% -> 97.83%     
client [97] (testset)   loss: 0.2403 -> 0.0501  accuracy: 92.64% -> 99.13%     
client [53] (testset)   loss: 0.1058 -> 0.0058  accuracy: 96.69% -> 99.70%     
client [77] (testset)   loss: 0.0304 -> 0.0102  accuracy: 98.96% -> 100.00%    
client [76] (testset)   loss: 0.2829 -> 0.2477  accuracy: 80.00% -> 93.33%     
client [79] (testset)   loss: 0.7546 -> 0.2201  accuracy: 71.92% -> 90.64%     
client [28] (testset)   loss: 0.0044 -> 0.0081  accuracy: 100.00% -> 100.00%   
client [99] (testset)   loss: 0.2126 -> 0.0353  accuracy: 91.32% -> 98.95%     
---------------------------- TRAINING EPOCH: 110 ----------------------------  
client [97] (testset)   loss: 0.1088 -> 0.0519  accuracy: 97.40% -> 99.13%     
client [86] (testset)   loss: 0.0132 -> 0.0134  accuracy: 100.00% -> 100.00%   
client [34] (testset)   loss: 0.1323 -> 0.1834  accuracy: 96.15% -> 96.15%     
client [73] (testset)   loss: 0.2603 -> 0.0147  accuracy: 90.84% -> 100.00%    
client [5]  (testset)   loss: 0.5083 -> 0.0825  accuracy: 81.43% -> 97.14%     
client [96] (testset)   loss: 0.2568 -> 0.1662  accuracy: 92.70% -> 94.89%     
client [22] (testset)   loss: 0.1471 -> 0.0744  accuracy: 96.91% -> 96.91%     
client [60] (testset)   loss: 0.1726 -> 0.1157  accuracy: 93.73% -> 96.68%     
client [66] (testset)   loss: 0.3502 -> 0.1015  accuracy: 88.84% -> 96.41%     
client [83] (testset)   loss: 0.0655 -> 0.0094  accuracy: 97.45% -> 99.36%     
---------------------------- TRAINING EPOCH: 120 ----------------------------  
client [76] (testset)   loss: 0.2584 -> 0.2579  accuracy: 93.33% -> 93.33%     
client [65] (testset)   loss: 0.1037 -> 0.4180  accuracy: 96.88% -> 90.62%     
client [95] (testset)   loss: 0.1579 -> 0.2427  accuracy: 96.30% -> 94.44%     
client [17] (testset)   loss: 0.1794 -> 0.0943  accuracy: 94.65% -> 96.79%     
client [8]  (testset)   loss: 0.2430 -> 0.1784  accuracy: 92.86% -> 94.05%     
client [35] (testset)   loss: 0.1225 -> 0.0068  accuracy: 95.95% -> 100.00%    
client [98] (testset)   loss: 0.5296 -> 0.6357  accuracy: 87.23% -> 85.11%     
client [53] (testset)   loss: 0.0179 -> 0.0046  accuracy: 99.40% -> 99.70%     
client [43] (testset)   loss: 0.1369 -> 0.0595  accuracy: 95.38% -> 96.92%     
client [64] (testset)   loss: 0.1830 -> 0.1760  accuracy: 91.73% -> 95.49%     
---------------------------- TRAINING EPOCH: 130 ----------------------------  
client [21] (testset)   loss: 0.2968 -> 0.1423  accuracy: 88.82% -> 95.65%     
client [88] (testset)   loss: 0.3002 -> 0.2969  accuracy: 90.24% -> 90.24%     
client [38] (testset)   loss: 0.4471 -> 0.3434  accuracy: 88.31% -> 89.61%     
client [3]  (testset)   loss: 0.3271 -> 0.1067  accuracy: 88.33% -> 96.89%     
client [5]  (testset)   loss: 0.1516 -> 0.0841  accuracy: 96.19% -> 98.10%     
client [41] (testset)   loss: 0.2635 -> 0.1575  accuracy: 92.34% -> 95.56%     
client [7]  (testset)   loss: 0.0602 -> 0.0176  accuracy: 97.38% -> 99.13%     
client [37] (testset)   loss: 0.1623 -> 0.1808  accuracy: 92.39% -> 93.48%     
client [45] (testset)   loss: 0.6348 -> 0.4905  accuracy: 81.08% -> 89.19%     
client [47] (testset)   loss: 0.1307 -> 0.1087  accuracy: 95.22% -> 96.30%     
---------------------------- TRAINING EPOCH: 140 ----------------------------  
client [16] (testset)   loss: 0.1878 -> 0.0119  accuracy: 95.00% -> 99.17%     
client [11] (testset)   loss: 0.8089 -> 0.3499  accuracy: 69.51% -> 85.20%     
client [37] (testset)   loss: 0.2794 -> 0.1867  accuracy: 88.04% -> 94.57%     
client [41] (testset)   loss: 0.6323 -> 0.1635  accuracy: 83.06% -> 95.56%     
client [95] (testset)   loss: 0.4885 -> 0.2112  accuracy: 88.89% -> 94.44%     
client [53] (testset)   loss: 0.0647 -> 0.0076  accuracy: 98.80% -> 99.40%     
client [22] (testset)   loss: 1.2387 -> 0.0259  accuracy: 68.04% -> 98.97%     
client [25] (testset)   loss: 0.0859 -> 0.0143  accuracy: 96.15% -> 99.04%     
client [69] (testset)   loss: 0.2531 -> 0.1210  accuracy: 92.59% -> 96.30%     
client [46] (testset)   loss: 0.2773 -> 0.2068  accuracy: 92.71% -> 91.67%     
---------------------------- TRAINING EPOCH: 150 ----------------------------  
client [47] (testset)   loss: 0.1445 -> 0.1035  accuracy: 95.00% -> 97.17%     
client [69] (testset)   loss: 0.1862 -> 0.1271  accuracy: 95.06% -> 96.30%     
client [82] (testset)   loss: 0.0882 -> 0.0953  accuracy: 98.29% -> 98.97%     
client [45] (testset)   loss: 0.7188 -> 0.5582  accuracy: 83.78% -> 89.19%     
client [7]  (testset)   loss: 0.0564 -> 0.0137  accuracy: 97.82% -> 99.56%     
client [50] (testset)   loss: 0.5836 -> 0.0108  accuracy: 76.35% -> 99.43%     
client [35] (testset)   loss: 0.3570 -> 0.0031  accuracy: 85.14% -> 100.00%    
client [24] (testset)   loss: 0.4816 -> 0.3539  accuracy: 82.29% -> 89.14%     
client [15] (testset)   loss: 0.3488 -> 0.1606  accuracy: 87.81% -> 94.38%     
client [58] (testset)   loss: 0.1095 -> 0.0440  accuracy: 97.45% -> 98.47%     
---------------------------- TRAINING EPOCH: 160 ----------------------------  
client [48] (testset)   loss: 0.0251 -> 0.0013  accuracy: 100.00% -> 100.00%   
client [76] (testset)   loss: 0.2033 -> 0.3262  accuracy: 86.67% -> 93.33%     
client [67] (testset)   loss: 0.2867 -> 0.1624  accuracy: 90.38% -> 95.88%     
client [37] (testset)   loss: 0.1193 -> 0.1647  accuracy: 94.57% -> 94.57%     
client [58] (testset)   loss: 0.1183 -> 0.0471  accuracy: 96.43% -> 97.96%     
client [64] (testset)   loss: 0.1457 -> 0.1240  accuracy: 94.74% -> 95.49%     
client [77] (testset)   loss: 0.0531 -> 0.0115  accuracy: 98.45% -> 99.48%     
client [55] (testset)   loss: 0.0221 -> 0.0004  accuracy: 99.34% -> 100.00%    
client [12] (testset)   loss: 0.2934 -> 0.1297  accuracy: 91.35% -> 96.45%     
client [89] (testset)   loss: 0.1333 -> 0.2928  accuracy: 94.74% -> 94.74%     
---------------------------- TRAINING EPOCH: 170 ----------------------------  
client [84] (testset)   loss: 0.1290 -> 0.0158  accuracy: 96.30% -> 98.77%     
client [51] (testset)   loss: 0.1317 -> 0.0098  accuracy: 96.57% -> 99.51%     
client [8]  (testset)   loss: 0.2787 -> 0.1724  accuracy: 91.67% -> 94.35%     
client [18] (testset)   loss: 0.0635 -> 0.0261  accuracy: 97.51% -> 99.00%     
client [94] (testset)   loss: 0.2093 -> 0.0693  accuracy: 94.66% -> 96.95%     
client [81] (testset)   loss: 0.0467 -> 0.0019  accuracy: 100.00% -> 100.00%   
client [3]  (testset)   loss: 0.2834 -> 0.1252  accuracy: 92.22% -> 96.50%     
client [11] (testset)   loss: 0.4677 -> 0.2923  accuracy: 86.10% -> 90.13%     
client [95] (testset)   loss: 0.2184 -> 0.2250  accuracy: 96.30% -> 94.44%     
client [67] (testset)   loss: 0.3472 -> 0.1851  accuracy: 89.00% -> 95.53%     
---------------------------- TRAINING EPOCH: 180 ----------------------------  
client [21] (testset)   loss: 0.1933 -> 0.1732  accuracy: 95.03% -> 94.41%     
client [79] (testset)   loss: 0.2535 -> 0.1846  accuracy: 93.10% -> 93.10%     
client [58] (testset)   loss: 0.1111 -> 0.0365  accuracy: 96.94% -> 98.47%     
client [88] (testset)   loss: 0.3034 -> 0.3376  accuracy: 91.46% -> 89.02%     
client [46] (testset)   loss: 0.3369 -> 0.2414  accuracy: 84.38% -> 94.79%     
client [11] (testset)   loss: 0.3141 -> 0.2993  accuracy: 88.34% -> 90.58%     
client [55] (testset)   loss: 0.0166 -> 0.0004  accuracy: 99.67% -> 100.00%    
client [13] (testset)   loss: 0.4150 -> 0.3234  accuracy: 84.94% -> 88.14%     
client [31] (testset)   loss: 0.3552 -> 0.1756  accuracy: 87.69% -> 90.77%     
client [75] (testset)   loss: 0.3228 -> 0.2654  accuracy: 89.95% -> 90.91%     
---------------------------- TRAINING EPOCH: 190 ----------------------------  
client [19] (testset)   loss: 0.3835 -> 0.2453  accuracy: 89.83% -> 91.53%     
client [7]  (testset)   loss: 0.0902 -> 0.0115  accuracy: 96.94% -> 99.56%     
client [57] (testset)   loss: 0.0992 -> 0.0358  accuracy: 96.72% -> 99.27%     
client [13] (testset)   loss: 0.5262 -> 0.3539  accuracy: 82.05% -> 89.42%     
client [43] (testset)   loss: 0.3935 -> 0.0502  accuracy: 84.62% -> 98.46%     
client [91] (testset)   loss: 0.1222 -> 0.0087  accuracy: 92.31% -> 100.00%    
client [10] (testset)   loss: 0.1088 -> 0.0187  accuracy: 94.12% -> 98.53%     
client [64] (testset)   loss: 0.1275 -> 0.1171  accuracy: 94.74% -> 95.49%     
client [82] (testset)   loss: 0.0548 -> 0.0941  accuracy: 97.95% -> 98.97%     
client [22] (testset)   loss: 0.1169 -> 0.0479  accuracy: 97.94% -> 98.97%     
---------------------------- TRAINING EPOCH: 200 ----------------------------  
client [20] (testset)   loss: 0.0640 -> 0.0371  accuracy: 98.39% -> 98.92%     
client [23] (testset)   loss: 0.3257 -> 0.1639  accuracy: 85.86% -> 94.95%     
client [88] (testset)   loss: 0.3177 -> 0.3252  accuracy: 91.46% -> 89.02%     
client [98] (testset)   loss: 0.7727 -> 0.6635  accuracy: 76.60% -> 87.23%     
client [79] (testset)   loss: 0.2180 -> 0.8794  accuracy: 93.10% -> 87.68%     
client [21] (testset)   loss: 0.2943 -> 0.1445  accuracy: 92.55% -> 95.65%     
client [92] (testset)   loss: 0.1419 -> 0.0564  accuracy: 96.35% -> 98.54%     
client [56] (testset)   loss: 0.4536 -> 0.3432  accuracy: 84.03% -> 87.39%     
client [5]  (testset)   loss: 0.1828 -> 0.0684  accuracy: 93.81% -> 98.10%     
client [52] (testset)   loss: 0.1758 -> 0.1163  accuracy: 94.92% -> 98.31%     
FedDpa's average time taken by each global epoch: 0 min 2.63 sec.              
FedDpa's total running time: 0 h 8 m 51 s.                                     
==================== FedDpa Experiment Results: ====================           
Display format: (before local fine-tuning) -> (after local fine-tuning)        
 So if finetune_epoch = 0, x.xx% -> 0.00% is normal.                           
 Centralized testing ONLY happens after model aggregation, so the stats between
'->' are the same.                                                             
{                                                                              
    "100": {                                                                   
        "all_clients": {                                                       
            "test": {                                                          
                "loss": "0.2113 -> 0.0000",                                    
                "accuracy": "92.53% -> 0.00%"                                  
            }                                                                  
        }                                                                      
    },                                                                         
    "200": {                                                                   
        "all_clients": {                                                       
            "test": {                                                          
                "loss": "0.2729 -> 0.0000",                                    
                "accuracy": "91.64% -> 0.00%"                                  
            }                                                                  
        }                                                                      
    }                                                                          
}                                                                              
==================== FedDpa Max Accuracy ====================                  
all_clients:                                                                   
(test) before fine-tuning: 92.53% at epoch 100                                 
(test) after fine-tuning: 0.00% at epoch 100                                   
