==================== APFL ====================                                 
Experiment Arguments:                                                          
{
    'method': 'apfl',
    'dataset': {
        'name': 'svhn',
        'client_num': 100,
        'test_ratio': 0.25,
        'val_ratio': 0.0,
        'seed': 42,
        'split': 'sample',
        'IID_ratio': 0.0,
        'monitor_window_name_suffix': 'svhn-100clients-0%IID-Dir(0.5)-seed42',
        'alpha': 0.5,
        'min_samples_per_client': 10
    },
    'model': {
        'name': 'avgcnn',
        'use_torchvision_pretrained_weights': True,
        'external_model_weights_path': None
    },
    'optimizer': {
        'lr': 0.01,
        'dampening': 0,
        'weight_decay': 0,
        'momentum': 0.7,
        'nesterov': False,
        'name': 'sgd'
    },
    'mode': 'serial',
    'parallel': {
        'ray_cluster_addr': None,
        'num_cpus': None,
        'num_gpus': None,
        'num_workers': 2
    },
    'common': {
        'seed': 42,
        'join_ratio': 0.1,
        'global_epoch': 400,
        'local_epoch': 5,
        'batch_size': 32,
        'reset_optimizer_on_global_epoch': True,
        'straggler_ratio': 0,
        'straggler_min_local_epoch': 0,
        'buffers': 'global',
        'client_side_evaluation': True,
        'test': {
            'client': {
                'interval': 100,
                'finetune_epoch': 5,
                'train': False,
                'val': False,
                'test': True
            },
            'server': {
                'interval': -1,
                'train': False,
                'val': False,
                'test': True,
                'model_in_train_mode': False
            }
        },
        'verbose_gap': 10,
        'monitor': None,
        'use_cuda': True,
        'save_log': True,
        'save_model': False,
        'save_learning_curve_plot': True,
        'save_metrics': True,
        'delete_useless_run': True
    },
    'fedprox': {
        'mu': 0.01
    },
    'pfedsim': {
        'warmup_round': 0.5
    },
    'apfl': {
        'alpha': 0.5,
        'adaptive_alpha': 1
    }
}
---------------------------- TRAINING EPOCH: 10 ----------------------------   
client [77] (testset)   loss: 0.5861 -> 0.4909  accuracy: 82.33% -> 86.64%     
client [81] (testset)   loss: 0.5284 -> 0.4756  accuracy: 86.67% -> 86.67%     
client [21] (testset)   loss: 0.5713 -> 0.3890  accuracy: 82.91% -> 89.45%     
client [68] (testset)   loss: 0.3201 -> 0.4227  accuracy: 91.52% -> 90.26%     
client [93] (testset)   loss: 0.4695 -> 0.4794  accuracy: 88.32% -> 88.81%     
client [31] (testset)   loss: 0.2802 -> 0.3042  accuracy: 91.82% -> 90.68%     
client [20] (testset)   loss: 0.4309 -> 0.4518  accuracy: 89.18% -> 90.72%     
client [59] (testset)   loss: 0.5012 -> 0.3659  accuracy: 87.44% -> 88.94%     
client [48] (testset)   loss: 0.4123 -> 0.5044  accuracy: 89.47% -> 86.84%     
client [34] (testset)   loss: 0.7895 -> 0.7498  accuracy: 72.81% -> 77.19%     
---------------------------- TRAINING EPOCH: 20 ----------------------------   
client [69] (testset)   loss: 0.5481 -> 0.3954  accuracy: 86.67% -> 86.67%     
client [99] (testset)   loss: 0.3224 -> 0.3775  accuracy: 91.76% -> 89.41%     
client [67] (testset)   loss: 0.3885 -> 0.2303  accuracy: 89.71% -> 93.63%     
client [0]  (testset)   loss: 0.4699 -> 0.4332  accuracy: 84.04% -> 85.11%     
client [76] (testset)   loss: 0.3593 -> 0.3266  accuracy: 88.34% -> 90.80%     
client [41] (testset)   loss: 0.3856 -> 0.3432  accuracy: 89.05% -> 89.42%     
client [62] (testset)   loss: 0.4633 -> 0.6646  accuracy: 85.28% -> 84.45%     
client [2]  (testset)   loss: 0.3804 -> 0.2685  accuracy: 87.92% -> 92.95%     
client [14] (testset)   loss: 0.4389 -> 0.3999  accuracy: 87.73% -> 92.27%     
client [46] (testset)   loss: 0.5302 -> 0.4014  accuracy: 85.26% -> 88.95%     
---------------------------- TRAINING EPOCH: 30 ----------------------------   
client [24] (testset)   loss: 0.1898 -> 0.2671  accuracy: 94.07% -> 94.44%     
client [68] (testset)   loss: 0.3675 -> 0.4968  accuracy: 92.07% -> 91.52%     
client [57] (testset)   loss: 0.5446 -> 0.7426  accuracy: 88.64% -> 87.78%     
client [17] (testset)   loss: 0.2380 -> 0.2616  accuracy: 93.29% -> 91.95%     
client [54] (testset)   loss: 0.2722 -> 0.3456  accuracy: 91.85% -> 94.57%     
client [23] (testset)   loss: 0.5256 -> 0.4313  accuracy: 86.52% -> 89.57%     
client [35] (testset)   loss: 0.4286 -> 0.3251  accuracy: 88.27% -> 90.12%     
client [59] (testset)   loss: 0.3365 -> 0.3139  accuracy: 90.95% -> 92.96%     
client [31] (testset)   loss: 0.3790 -> 0.3709  accuracy: 90.68% -> 93.18%     
client [9]  (testset)   loss: 0.4452 -> 0.3990  accuracy: 88.78% -> 87.80%     
---------------------------- TRAINING EPOCH: 40 ----------------------------   
client [64] (testset)   loss: 0.2527 -> 0.3236  accuracy: 93.16% -> 92.31%     
client [33] (testset)   loss: 0.3313 -> 0.5039  accuracy: 90.00% -> 82.50%     
client [16] (testset)   loss: 0.4007 -> 0.3423  accuracy: 87.92% -> 92.13%     
client [44] (testset)   loss: 0.3361 -> 0.4042  accuracy: 91.79% -> 89.32%     
client [8]  (testset)   loss: 0.3447 -> 0.2191  accuracy: 92.82% -> 93.33%     
client [31] (testset)   loss: 0.3655 -> 0.3607  accuracy: 92.73% -> 93.64%     
client [47] (testset)   loss: 0.3185 -> 0.3880  accuracy: 92.23% -> 92.23%     
client [36] (testset)   loss: 0.5736 -> 0.3709  accuracy: 84.31% -> 88.24%     
client [20] (testset)   loss: 0.4802 -> 0.4670  accuracy: 92.78% -> 92.27%     
client [56] (testset)   loss: 0.3918 -> 0.4076  accuracy: 89.55% -> 86.57%     
---------------------------- TRAINING EPOCH: 50 ----------------------------   
client [4]  (testset)   loss: 0.3172 -> 0.4214  accuracy: 92.24% -> 89.95%     
client [60] (testset)   loss: 0.2925 -> 0.2997  accuracy: 89.24% -> 88.79%     
client [28] (testset)   loss: 0.2588 -> 0.4382  accuracy: 93.28% -> 88.06%     
client [25] (testset)   loss: 0.3270 -> 0.4443  accuracy: 90.08% -> 88.49%     
client [58] (testset)   loss: 0.3623 -> 0.3985  accuracy: 90.91% -> 92.42%     
client [44] (testset)   loss: 0.3396 -> 0.4593  accuracy: 90.97% -> 91.38%     
client [39] (testset)   loss: 0.4577 -> 0.5339  accuracy: 87.10% -> 85.48%     
client [29] (testset)   loss: 0.4511 -> 0.3514  accuracy: 88.57% -> 90.48%     
client [3]  (testset)   loss: 0.4402 -> 0.4492  accuracy: 89.54% -> 91.50%     
client [84] (testset)   loss: 0.5961 -> 0.5706  accuracy: 89.21% -> 90.96%     
---------------------------- TRAINING EPOCH: 60 ----------------------------   
client [21] (testset)   loss: 0.3040 -> 0.3243  accuracy: 89.82% -> 91.64%     
client [84] (testset)   loss: 0.5674 -> 0.5544  accuracy: 89.80% -> 92.71%     
client [10] (testset)   loss: 0.3232 -> 0.2927  accuracy: 92.23% -> 94.30%     
client [36] (testset)   loss: 0.4097 -> 0.3163  accuracy: 88.24% -> 92.16%     
client [65] (testset)   loss: 0.2734 -> 0.2443  accuracy: 92.11% -> 94.36%     
client [81] (testset)   loss: 0.3904 -> 0.4015  accuracy: 91.28% -> 92.31%     
client [79] (testset)   loss: 0.4700 -> 0.5545  accuracy: 86.78% -> 87.36%     
client [42] (testset)   loss: 0.3592 -> 0.3051  accuracy: 89.52% -> 89.84%     
client [11] (testset)   loss: 0.3879 -> 0.4377  accuracy: 88.85% -> 90.49%     
client [96] (testset)   loss: 0.2645 -> 0.2814  accuracy: 91.94% -> 93.15%     
---------------------------- TRAINING EPOCH: 70 ----------------------------   
client [8]  (testset)   loss: 0.3801 -> 0.2624  accuracy: 93.33% -> 95.38%     
client [53] (testset)   loss: 0.2488 -> 0.2838  accuracy: 94.35% -> 94.35%     
client [52] (testset)   loss: 0.5647 -> 0.3331  accuracy: 86.03% -> 92.38%     
client [42] (testset)   loss: 0.4373 -> 0.3008  accuracy: 89.84% -> 91.75%     
client [69] (testset)   loss: 0.6193 -> 0.5681  accuracy: 87.62% -> 89.52%     
client [59] (testset)   loss: 0.4163 -> 0.3394  accuracy: 92.46% -> 94.97%     
client [7]  (testset)   loss: 0.6275 -> 0.3009  accuracy: 88.00% -> 92.00%     
client [26] (testset)   loss: 0.1705 -> 0.1618  accuracy: 94.39% -> 95.09%     
client [49] (testset)   loss: 0.1719 -> 0.1381  accuracy: 93.64% -> 95.38%     
client [98] (testset)   loss: 0.3604 -> 0.4108  accuracy: 91.91% -> 92.77%     
---------------------------- TRAINING EPOCH: 80 ----------------------------   
client [98] (testset)   loss: 0.4748 -> 0.3470  accuracy: 88.94% -> 94.04%     
client [47] (testset)   loss: 0.3331 -> 0.3893  accuracy: 92.99% -> 92.99%     
client [21] (testset)   loss: 0.3768 -> 0.3669  accuracy: 90.91% -> 90.55%     
client [77] (testset)   loss: 0.4665 -> 0.4544  accuracy: 87.07% -> 89.22%     
client [95] (testset)   loss: 0.3124 -> 0.3022  accuracy: 94.66% -> 94.36%     
client [91] (testset)   loss: 0.4987 -> 0.4618  accuracy: 88.95% -> 88.95%     
client [14] (testset)   loss: 0.4209 -> 0.5063  accuracy: 92.80% -> 93.07%     
client [99] (testset)   loss: 0.2871 -> 0.3629  accuracy: 92.55% -> 94.12%     
client [20] (testset)   loss: 0.4780 -> 0.4186  accuracy: 90.21% -> 93.81%     
client [39] (testset)   loss: 0.5405 -> 0.4859  accuracy: 85.48% -> 88.71%     
---------------------------- TRAINING EPOCH: 90 ----------------------------   
client [52] (testset)   loss: 0.5887 -> 0.3275  accuracy: 86.03% -> 91.43%     
client [62] (testset)   loss: 0.4148 -> 0.4379  accuracy: 89.97% -> 90.64%     
client [71] (testset)   loss: 0.6297 -> 0.7061  accuracy: 89.82% -> 88.62%     
client [97] (testset)   loss: 0.6113 -> 0.7412  accuracy: 85.65% -> 89.13%     
client [30] (testset)   loss: 0.4617 -> 0.4286  accuracy: 93.81% -> 96.09%     
client [88] (testset)   loss: 0.5075 -> 0.3759  accuracy: 90.00% -> 94.29%     
client [60] (testset)   loss: 0.2889 -> 0.4061  accuracy: 91.93% -> 90.13%     
client [82] (testset)   loss: 0.4379 -> 0.4176  accuracy: 88.81% -> 90.30%     
client [91] (testset)   loss: 0.4724 -> 0.4052  accuracy: 90.12% -> 89.53%     
client [57] (testset)   loss: 0.4957 -> 0.6626  accuracy: 90.91% -> 88.92%     
---------------------------- TRAINING EPOCH: 100 ----------------------------  
client [31] (testset)   loss: 0.4466 -> 0.3294  accuracy: 91.59% -> 93.86%     
client [15] (testset)   loss: 0.6527 -> 0.5383  accuracy: 90.30% -> 92.72%     
client [71] (testset)   loss: 0.5920 -> 0.7995  accuracy: 89.82% -> 85.03%     
client [97] (testset)   loss: 0.5886 -> 0.4132  accuracy: 86.52% -> 91.30%     
client [53] (testset)   loss: 0.3412 -> 0.3007  accuracy: 92.66% -> 96.05%     
client [77] (testset)   loss: 0.5145 -> 0.4560  accuracy: 86.64% -> 89.22%     
client [76] (testset)   loss: 0.3150 -> 0.3166  accuracy: 91.72% -> 92.94%     
client [79] (testset)   loss: 0.6073 -> 0.6389  accuracy: 89.66% -> 88.51%     
client [28] (testset)   loss: 0.3773 -> 0.5514  accuracy: 91.79% -> 89.55%     
client [99] (testset)   loss: 0.3884 -> 0.3913  accuracy: 92.94% -> 92.16%     
---------------------------- TRAINING EPOCH: 110 ----------------------------  
client [97] (testset)   loss: 0.6032 -> 0.4806  accuracy: 86.09% -> 90.43%     
client [86] (testset)   loss: 0.1960 -> 0.2615  accuracy: 94.66% -> 93.51%     
client [34] (testset)   loss: 0.7672 -> 0.8275  accuracy: 86.84% -> 86.84%     
client [73] (testset)   loss: 0.2584 -> 0.2103  accuracy: 92.23% -> 94.93%     
client [5]  (testset)   loss: 0.5928 -> 0.2551  accuracy: 90.54% -> 93.24%     
client [96] (testset)   loss: 0.2931 -> 0.2418  accuracy: 91.53% -> 94.35%     
client [22] (testset)   loss: 0.2929 -> 0.3315  accuracy: 94.55% -> 94.55%     
client [60] (testset)   loss: 0.3146 -> 0.3497  accuracy: 90.13% -> 91.03%     
client [66] (testset)   loss: 0.3213 -> 0.2884  accuracy: 92.29% -> 94.53%     
client [83] (testset)   loss: 0.2072 -> 0.2072  accuracy: 93.50% -> 96.50%     
---------------------------- TRAINING EPOCH: 120 ----------------------------  
client [76] (testset)   loss: 0.3203 -> 0.2865  accuracy: 93.87% -> 93.87%     
client [65] (testset)   loss: 0.3800 -> 0.3288  accuracy: 92.48% -> 91.73%     
client [95] (testset)   loss: 0.3307 -> 0.3411  accuracy: 93.18% -> 94.07%     
client [17] (testset)   loss: 0.2737 -> 0.2186  accuracy: 93.96% -> 95.30%     
client [8]  (testset)   loss: 0.4915 -> 0.3298  accuracy: 92.31% -> 95.38%     
client [35] (testset)   loss: 0.4367 -> 0.2824  accuracy: 90.74% -> 93.21%     
client [98] (testset)   loss: 0.4039 -> 0.3176  accuracy: 90.64% -> 94.47%     
client [53] (testset)   loss: 0.3273 -> 0.3045  accuracy: 92.66% -> 94.35%     
client [43] (testset)   loss: 1.1573 -> 1.1768  accuracy: 89.19% -> 89.19%     
client [64] (testset)   loss: 0.1664 -> 0.2250  accuracy: 94.87% -> 93.59%     
---------------------------- TRAINING EPOCH: 130 ----------------------------  
client [21] (testset)   loss: 0.4473 -> 0.3081  accuracy: 88.73% -> 93.09%     
client [88] (testset)   loss: 0.6802 -> 0.5347  accuracy: 90.71% -> 93.57%     
client [38] (testset)   loss: 0.4363 -> 0.4099  accuracy: 90.21% -> 91.57%     
client [3]  (testset)   loss: 0.6394 -> 0.5107  accuracy: 90.20% -> 91.50%     
client [5]  (testset)   loss: 0.5757 -> 0.4015  accuracy: 91.89% -> 90.54%     
client [41] (testset)   loss: 0.3663 -> 0.2521  accuracy: 90.88% -> 93.43%     
client [7]  (testset)   loss: 0.6868 -> 0.3850  accuracy: 88.50% -> 91.50%     
client [37] (testset)   loss: 0.5316 -> 0.5336  accuracy: 89.53% -> 90.58%     
client [45] (testset)   loss: 0.7356 -> 0.7127  accuracy: 88.80% -> 88.38%     
client [47] (testset)   loss: 0.3574 -> 0.3213  accuracy: 92.99% -> 94.51%     
---------------------------- TRAINING EPOCH: 140 ----------------------------  
client [16] (testset)   loss: 0.4568 -> 0.3033  accuracy: 90.73% -> 92.98%     
client [11] (testset)   loss: 0.4769 -> 0.3000  accuracy: 90.49% -> 93.11%     
client [37] (testset)   loss: 0.5184 -> 0.5541  accuracy: 90.58% -> 90.58%     
client [41] (testset)   loss: 0.4361 -> 0.2480  accuracy: 88.69% -> 93.07%     
client [95] (testset)   loss: 0.4048 -> 0.3126  accuracy: 92.88% -> 94.96%     
client [53] (testset)   loss: 0.4237 -> 0.3445  accuracy: 92.66% -> 94.35%     
client [22] (testset)   loss: 0.2744 -> 0.2745  accuracy: 95.91% -> 95.91%     
client [25] (testset)   loss: 0.4770 -> 0.5820  accuracy: 92.46% -> 91.27%     
client [69] (testset)   loss: 0.6131 -> 0.7037  accuracy: 88.57% -> 88.57%     
client [46] (testset)   loss: 0.3952 -> 0.4150  accuracy: 88.42% -> 90.00%     
---------------------------- TRAINING EPOCH: 150 ----------------------------  
client [47] (testset)   loss: 0.3790 -> 0.3448  accuracy: 93.56% -> 94.70%     
client [69] (testset)   loss: 0.8769 -> 0.7114  accuracy: 86.67% -> 89.52%     
client [82] (testset)   loss: 0.6373 -> 0.6423  accuracy: 91.04% -> 88.06%     
client [45] (testset)   loss: 0.8394 -> 0.8123  accuracy: 89.21% -> 86.72%     
client [7]  (testset)   loss: 0.7412 -> 0.3926  accuracy: 88.00% -> 91.50%     
client [50] (testset)   loss: 0.3692 -> 0.2485  accuracy: 90.26% -> 94.16%     
client [35] (testset)   loss: 0.3463 -> 0.2262  accuracy: 91.36% -> 94.44%     
client [24] (testset)   loss: 0.1472 -> 0.1438  accuracy: 96.67% -> 97.04%     
client [15] (testset)   loss: 0.6767 -> 0.5436  accuracy: 90.30% -> 91.91%     
client [58] (testset)   loss: 0.4994 -> 0.3913  accuracy: 89.70% -> 93.03%     
---------------------------- TRAINING EPOCH: 160 ----------------------------  
client [48] (testset)   loss: 0.3784 -> 0.4100  accuracy: 93.23% -> 93.23%     
client [76] (testset)   loss: 0.3627 -> 0.3155  accuracy: 93.25% -> 94.48%     
client [67] (testset)   loss: 0.3531 -> 0.1228  accuracy: 92.16% -> 96.08%     
client [37] (testset)   loss: 0.6140 -> 0.5557  accuracy: 89.53% -> 89.53%     
client [58] (testset)   loss: 0.5389 -> 0.3905  accuracy: 89.39% -> 92.12%     
client [64] (testset)   loss: 0.2061 -> 0.1915  accuracy: 94.44% -> 93.16%     
client [77] (testset)   loss: 0.5429 -> 0.5433  accuracy: 87.50% -> 89.22%     
client [55] (testset)   loss: 0.3619 -> 0.2528  accuracy: 91.71% -> 93.66%     
client [12] (testset)   loss: 0.4175 -> 0.4285  accuracy: 94.95% -> 94.95%     
client [89] (testset)   loss: 0.3523 -> 0.2915  accuracy: 94.33% -> 95.04%     
---------------------------- TRAINING EPOCH: 170 ----------------------------  
client [84] (testset)   loss: 0.7562 -> 0.5975  accuracy: 91.55% -> 93.00%     
client [51] (testset)   loss: 0.4345 -> 0.3184  accuracy: 92.00% -> 97.33%     
client [8]  (testset)   loss: 0.4496 -> 0.3602  accuracy: 93.33% -> 94.87%     
client [18] (testset)   loss: 1.0125 -> 0.9468  accuracy: 88.61% -> 89.11%     
client [94] (testset)   loss: 0.2921 -> 0.2338  accuracy: 94.01% -> 94.61%     
client [81] (testset)   loss: 0.3627 -> 0.3117  accuracy: 92.31% -> 92.82%     
client [3]  (testset)   loss: 0.6275 -> 0.5795  accuracy: 91.50% -> 92.16%     
client [11] (testset)   loss: 0.4749 -> 0.4047  accuracy: 91.48% -> 92.46%     
client [95] (testset)   loss: 0.3735 -> 0.3363  accuracy: 94.66% -> 94.96%     
client [67] (testset)   loss: 0.3262 -> 0.1739  accuracy: 92.16% -> 94.61%     
---------------------------- TRAINING EPOCH: 180 ----------------------------  
client [21] (testset)   loss: 0.5032 -> 0.5034  accuracy: 89.09% -> 92.36%     
client [79] (testset)   loss: 0.6377 -> 0.5981  accuracy: 90.23% -> 90.80%     
client [58] (testset)   loss: 0.4521 -> 0.4069  accuracy: 91.21% -> 91.82%     
client [88] (testset)   loss: 0.6431 -> 0.6101  accuracy: 91.07% -> 93.93%     
client [46] (testset)   loss: 0.3783 -> 0.5005  accuracy: 90.53% -> 90.53%     
client [11] (testset)   loss: 0.5540 -> 0.4492  accuracy: 91.15% -> 92.46%     
client [55] (testset)   loss: 0.4284 -> 0.2480  accuracy: 90.24% -> 93.17%     
client [13] (testset)   loss: 0.5971 -> 0.5440  accuracy: 92.15% -> 92.15%     
client [31] (testset)   loss: 0.5437 -> 0.4101  accuracy: 92.27% -> 94.55%     
client [75] (testset)   loss: 0.9103 -> 0.8167  accuracy: 86.25% -> 88.33%     
---------------------------- TRAINING EPOCH: 190 ----------------------------  
client [19] (testset)   loss: 0.2843 -> 0.2354  accuracy: 93.65% -> 94.05%     
client [7]  (testset)   loss: 0.5978 -> 0.3896  accuracy: 90.50% -> 94.00%     
client [57] (testset)   loss: 0.5615 -> 0.6232  accuracy: 91.48% -> 91.19%     
client [13] (testset)   loss: 0.5482 -> 0.4782  accuracy: 92.15% -> 93.19%     
client [43] (testset)   loss: 1.3214 -> 1.3172  accuracy: 90.54% -> 87.16%     
client [91] (testset)   loss: 0.5796 -> 0.4835  accuracy: 89.53% -> 91.28%     
client [10] (testset)   loss: 0.5899 -> 0.3340  accuracy: 93.26% -> 95.34%     
client [64] (testset)   loss: 0.1440 -> 0.1393  accuracy: 94.44% -> 95.73%     
client [82] (testset)   loss: 0.7403 -> 0.6687  accuracy: 90.30% -> 90.30%     
client [22] (testset)   loss: 0.3914 -> 0.3679  accuracy: 95.00% -> 95.91%     
---------------------------- TRAINING EPOCH: 200 ----------------------------  
client [20] (testset)   loss: 0.5829 -> 0.5065  accuracy: 91.24% -> 93.81%     
client [23] (testset)   loss: 0.6759 -> 0.7056  accuracy: 89.13% -> 88.70%     
client [88] (testset)   loss: 0.7484 -> 0.5291  accuracy: 90.71% -> 92.86%     
client [98] (testset)   loss: 0.4656 -> 0.3875  accuracy: 91.49% -> 94.04%     
client [79] (testset)   loss: 0.6992 -> 0.6476  accuracy: 89.66% -> 90.80%     
client [21] (testset)   loss: 0.4666 -> 0.4764  accuracy: 89.82% -> 89.82%     
client [92] (testset)   loss: 0.9446 -> 0.9950  accuracy: 90.34% -> 89.66%     
client [56] (testset)   loss: 0.5699 -> 0.5350  accuracy: 89.55% -> 88.56%     
client [5]  (testset)   loss: 0.9222 -> 0.4950  accuracy: 91.89% -> 91.89%     
client [52] (testset)   loss: 0.6714 -> 0.5026  accuracy: 87.94% -> 91.75%     
---------------------------- TRAINING EPOCH: 210 ----------------------------  
client [67] (testset)   loss: 0.3648 -> 0.1543  accuracy: 93.14% -> 93.14%     
client [54] (testset)   loss: 0.2206 -> 0.2598  accuracy: 94.02% -> 94.57%     
client [14] (testset)   loss: 0.6285 -> 0.5132  accuracy: 89.33% -> 94.40%     
client [99] (testset)   loss: 0.4018 -> 0.4165  accuracy: 93.33% -> 94.51%     
client [36] (testset)   loss: 0.7007 -> 0.5589  accuracy: 84.31% -> 86.27%     
client [30] (testset)   loss: 0.6090 -> 0.5808  accuracy: 93.16% -> 94.79%     
client [38] (testset)   loss: 0.4591 -> 0.4810  accuracy: 91.80% -> 92.48%     
client [15] (testset)   loss: 0.6961 -> 0.6087  accuracy: 90.03% -> 91.64%     
client [6]  (testset)   loss: 0.9909 -> 0.8870  accuracy: 88.79% -> 90.19%     
client [53] (testset)   loss: 0.4531 -> 0.3552  accuracy: 92.09% -> 94.35%     
---------------------------- TRAINING EPOCH: 220 ----------------------------  
client [99] (testset)   loss: 0.4029 -> 0.3900  accuracy: 93.73% -> 94.12%     
client [6]  (testset)   loss: 1.0707 -> 1.0112  accuracy: 86.92% -> 88.79%     
client [83] (testset)   loss: 0.2749 -> 0.2944  accuracy: 93.50% -> 93.00%     
client [42] (testset)   loss: 0.4997 -> 0.3540  accuracy: 91.11% -> 92.70%     
client [34] (testset)   loss: 0.9697 -> 1.0123  accuracy: 86.84% -> 85.09%     
client [15] (testset)   loss: 0.7106 -> 0.6203  accuracy: 90.84% -> 91.11%     
client [47] (testset)   loss: 0.4441 -> 0.3936  accuracy: 93.75% -> 94.32%     
client [55] (testset)   loss: 0.3604 -> 0.2754  accuracy: 92.68% -> 93.66%     
client [51] (testset)   loss: 0.2079 -> 0.3354  accuracy: 96.00% -> 97.33%     
client [95] (testset)   loss: 0.3211 -> 0.3356  accuracy: 94.36% -> 94.96%     
---------------------------- TRAINING EPOCH: 230 ----------------------------  
client [71] (testset)   loss: 0.8321 -> 0.8229  accuracy: 87.43% -> 88.62%     
client [15] (testset)   loss: 0.8181 -> 0.6588  accuracy: 90.30% -> 91.64%     
client [33] (testset)   loss: 0.8170 -> 0.7486  accuracy: 87.50% -> 85.00%     
client [99] (testset)   loss: 0.3936 -> 0.3775  accuracy: 94.12% -> 94.51%     
client [90] (testset)   loss: 0.9130 -> 0.7630  accuracy: 86.87% -> 88.96%     
client [57] (testset)   loss: 0.6494 -> 0.6468  accuracy: 91.19% -> 91.48%     
client [27] (testset)   loss: 0.2536 -> 0.2261  accuracy: 93.10% -> 93.60%     
client [78] (testset)   loss: 0.5389 -> 0.5266  accuracy: 93.75% -> 94.89%     
client [36] (testset)   loss: 0.7481 -> 0.5284  accuracy: 82.35% -> 86.27%     
client [88] (testset)   loss: 0.7436 -> 0.6775  accuracy: 90.36% -> 92.86%     
---------------------------- TRAINING EPOCH: 240 ----------------------------  
client [70] (testset)   loss: 0.4548 -> 0.3457  accuracy: 94.12% -> 96.08%     
client [35] (testset)   loss: 0.5046 -> 0.3589  accuracy: 90.12% -> 95.68%     
client [16] (testset)   loss: 0.5979 -> 0.4144  accuracy: 90.73% -> 92.42%     
client [80] (testset)   loss: 0.3886 -> 0.3693  accuracy: 92.78% -> 92.78%     
client [38] (testset)   loss: 0.5216 -> 0.5200  accuracy: 92.48% -> 92.26%     
client [78] (testset)   loss: 0.6119 -> 0.5879  accuracy: 93.18% -> 93.75%     
client [68] (testset)   loss: 0.4127 -> 0.4447  accuracy: 93.32% -> 94.44%     
client [11] (testset)   loss: 0.5557 -> 0.4183  accuracy: 92.13% -> 94.10%     
client [64] (testset)   loss: 0.1546 -> 0.1296  accuracy: 95.30% -> 94.87%     
client [82] (testset)   loss: 0.7161 -> 0.6602  accuracy: 91.04% -> 91.04%     
---------------------------- TRAINING EPOCH: 250 ----------------------------  
client [30] (testset)   loss: 0.6209 -> 0.6044  accuracy: 93.49% -> 94.79%     
client [27] (testset)   loss: 0.3171 -> 0.3411  accuracy: 92.61% -> 93.60%     
client [74] (testset)   loss: 0.7381 -> 0.7362  accuracy: 91.97% -> 93.57%     
client [45] (testset)   loss: 0.8180 -> 0.7188  accuracy: 87.55% -> 89.21%     
client [6]  (testset)   loss: 1.1402 -> 0.9982  accuracy: 87.38% -> 87.85%     
client [36] (testset)   loss: 0.7266 -> 0.5112  accuracy: 82.35% -> 88.24%     
client [63] (testset)   loss: 0.6617 -> 0.5104  accuracy: 91.24% -> 92.03%     
client [76] (testset)   loss: 0.4047 -> 0.3441  accuracy: 93.56% -> 93.56%     
client [83] (testset)   loss: 0.2207 -> 0.2457  accuracy: 95.00% -> 96.00%     
client [86] (testset)   loss: 0.2893 -> 0.2586  accuracy: 94.27% -> 94.66%     
---------------------------- TRAINING EPOCH: 260 ----------------------------  
client [83] (testset)   loss: 0.2119 -> 0.1730  accuracy: 94.50% -> 96.00%     
client [99] (testset)   loss: 0.5072 -> 0.4163  accuracy: 93.73% -> 94.51%     
client [74] (testset)   loss: 0.8445 -> 0.7717  accuracy: 91.97% -> 93.17%     
client [73] (testset)   loss: 0.3157 -> 0.2053  accuracy: 93.58% -> 94.93%     
client [29] (testset)   loss: 0.5970 -> 0.4164  accuracy: 89.52% -> 92.38%     
client [92] (testset)   loss: 0.9126 -> 0.9266  accuracy: 91.03% -> 92.41%     
client [6]  (testset)   loss: 1.1582 -> 1.0783  accuracy: 87.85% -> 89.25%     
client [61] (testset)   loss: 0.5203 -> 0.4942  accuracy: 90.27% -> 90.71%     
client [21] (testset)   loss: 0.5389 -> 0.4626  accuracy: 90.91% -> 92.00%     
client [67] (testset)   loss: 0.3580 -> 0.4161  accuracy: 92.16% -> 91.18%     
---------------------------- TRAINING EPOCH: 270 ----------------------------  
client [83] (testset)   loss: 0.2959 -> 0.1910  accuracy: 94.50% -> 96.50%     
client [32] (testset)   loss: 0.3750 -> 0.5696  accuracy: 89.71% -> 92.65%     
client [95] (testset)   loss: 0.3755 -> 0.3408  accuracy: 94.96% -> 94.66%     
client [61] (testset)   loss: 0.5508 -> 0.4958  accuracy: 92.04% -> 91.59%     
client [27] (testset)   loss: 0.3089 -> 0.2380  accuracy: 93.10% -> 93.60%     
client [25] (testset)   loss: 0.6358 -> 0.6718  accuracy: 92.86% -> 91.67%     
client [68] (testset)   loss: 0.4230 -> 0.4571  accuracy: 93.60% -> 94.58%     
client [34] (testset)   loss: 1.0182 -> 1.1758  accuracy: 85.96% -> 87.72%     
client [71] (testset)   loss: 0.7703 -> 0.7716  accuracy: 89.82% -> 90.42%     
client [89] (testset)   loss: 0.3773 -> 0.2417  accuracy: 93.62% -> 97.87%     
---------------------------- TRAINING EPOCH: 280 ----------------------------  
client [78] (testset)   loss: 0.5486 -> 0.5447  accuracy: 93.47% -> 93.75%     
client [81] (testset)   loss: 0.5505 -> 0.4528  accuracy: 90.26% -> 91.79%     
client [51] (testset)   loss: 0.1989 -> 0.2889  accuracy: 94.67% -> 94.67%     
client [54] (testset)   loss: 0.2339 -> 0.2665  accuracy: 94.02% -> 93.48%     
client [65] (testset)   loss: 0.4060 -> 0.3136  accuracy: 92.86% -> 93.23%     
client [41] (testset)   loss: 0.4947 -> 0.4333  accuracy: 91.61% -> 92.34%     
client [11] (testset)   loss: 0.5831 -> 0.3890  accuracy: 89.84% -> 93.11%     
client [85] (testset)   loss: 0.5644 -> 0.5495  accuracy: 91.29% -> 92.95%     
client [12] (testset)   loss: 0.4221 -> 0.4391  accuracy: 96.04% -> 96.26%     
client [23] (testset)   loss: 0.7961 -> 0.6938  accuracy: 87.83% -> 89.13%     
---------------------------- TRAINING EPOCH: 290 ----------------------------  
client [16] (testset)   loss: 0.5928 -> 0.3921  accuracy: 91.01% -> 93.54%     
client [65] (testset)   loss: 0.4095 -> 0.3509  accuracy: 92.86% -> 92.86%     
client [53] (testset)   loss: 0.5945 -> 0.4579  accuracy: 91.53% -> 93.22%     
client [58] (testset)   loss: 0.5333 -> 0.4540  accuracy: 90.61% -> 91.21%     
client [72] (testset)   loss: 0.4901 -> 0.4531  accuracy: 92.54% -> 92.91%     
client [7]  (testset)   loss: 0.7908 -> 0.5125  accuracy: 89.00% -> 92.50%     
client [71] (testset)   loss: 0.7692 -> 0.8099  accuracy: 88.62% -> 86.83%     
client [59] (testset)   loss: 0.5340 -> 0.5069  accuracy: 95.48% -> 95.98%     
client [86] (testset)   loss: 0.3082 -> 0.4812  accuracy: 94.66% -> 91.22%     
client [39] (testset)   loss: 0.9189 -> 0.5902  accuracy: 86.02% -> 90.32%     
---------------------------- TRAINING EPOCH: 300 ----------------------------  
client [99] (testset)   loss: 0.5106 -> 0.4839  accuracy: 94.12% -> 93.73%     
client [7]  (testset)   loss: 0.7738 -> 0.5133  accuracy: 88.00% -> 91.50%     
client [17] (testset)   loss: 0.3862 -> 0.2992  accuracy: 93.96% -> 93.29%     
client [64] (testset)   loss: 0.1433 -> 0.1413  accuracy: 96.58% -> 95.73%     
client [37] (testset)   loss: 0.7644 -> 0.7772  accuracy: 89.53% -> 89.53%     
client [29] (testset)   loss: 0.6082 -> 0.5952  accuracy: 90.48% -> 90.48%     
client [93] (testset)   loss: 0.7668 -> 0.6692  accuracy: 92.21% -> 92.94%     
client [73] (testset)   loss: 0.3771 -> 0.2804  accuracy: 92.57% -> 94.59%     
client [40] (testset)   loss: 0.8206 -> 0.7336  accuracy: 90.88% -> 92.49%     
client [76] (testset)   loss: 0.4022 -> 0.3569  accuracy: 94.17% -> 94.17%     
---------------------------- TRAINING EPOCH: 310 ----------------------------  
client [31] (testset)   loss: 0.6693 -> 0.5758  accuracy: 92.05% -> 92.73%     
client [89] (testset)   loss: 0.4278 -> 0.3737  accuracy: 93.62% -> 95.04%     
client [77] (testset)   loss: 0.7513 -> 0.7710  accuracy: 86.64% -> 86.64%     
client [90] (testset)   loss: 1.0362 -> 0.9440  accuracy: 87.76% -> 89.25%     
client [26] (testset)   loss: 0.2897 -> 0.2655  accuracy: 95.79% -> 96.14%     
client [50] (testset)   loss: 0.3499 -> 0.2791  accuracy: 92.86% -> 94.81%     
client [30] (testset)   loss: 0.7037 -> 0.6964  accuracy: 94.14% -> 94.79%     
client [70] (testset)   loss: 0.4542 -> 0.3487  accuracy: 94.61% -> 96.57%     
client [41] (testset)   loss: 0.5892 -> 0.4489  accuracy: 91.61% -> 92.34%     
client [99] (testset)   loss: 0.5028 -> 0.4928  accuracy: 93.73% -> 93.33%     
---------------------------- TRAINING EPOCH: 320 ----------------------------  
client [68] (testset)   loss: 0.3469 -> 0.3976  accuracy: 95.27% -> 95.13%     
client [70] (testset)   loss: 0.3674 -> 0.2749  accuracy: 95.10% -> 95.10%     
client [52] (testset)   loss: 0.8416 -> 0.6648  accuracy: 86.35% -> 90.48%     
client [1]  (testset)   loss: 0.5955 -> 0.5885  accuracy: 93.06% -> 93.06%     
client [2]  (testset)   loss: 0.4865 -> 0.4203  accuracy: 91.95% -> 92.28%     
client [67] (testset)   loss: 0.4598 -> 0.2413  accuracy: 92.16% -> 93.14%     
client [92] (testset)   loss: 0.8527 -> 0.8682  accuracy: 92.41% -> 91.72%     
client [35] (testset)   loss: 0.4491 -> 0.3128  accuracy: 90.12% -> 94.44%     
client [36] (testset)   loss: 0.5648 -> 0.4474  accuracy: 86.27% -> 86.27%     
client [64] (testset)   loss: 0.1297 -> 0.2378  accuracy: 95.30% -> 94.02%     
---------------------------- TRAINING EPOCH: 330 ----------------------------  
client [44] (testset)   loss: 0.5147 -> 0.4617  accuracy: 92.20% -> 93.22%     
client [6]  (testset)   loss: 1.1316 -> 1.0793  accuracy: 87.85% -> 88.79%     
client [12] (testset)   loss: 0.4278 -> 0.4292  accuracy: 94.51% -> 95.60%     
client [55] (testset)   loss: 0.4004 -> 0.2599  accuracy: 91.22% -> 94.15%     
client [29] (testset)   loss: 0.5128 -> 0.4586  accuracy: 90.48% -> 92.38%     
client [9]  (testset)   loss: 0.6095 -> 0.5318  accuracy: 88.78% -> 91.22%     
client [43] (testset)   loss: 1.5098 -> 1.6562  accuracy: 89.86% -> 85.81%     
client [77] (testset)   loss: 0.6967 -> 0.6471  accuracy: 87.50% -> 89.66%     
client [98] (testset)   loss: 0.4952 -> 0.3923  accuracy: 91.91% -> 92.77%     
client [78] (testset)   loss: 0.5411 -> 0.5118  accuracy: 94.60% -> 95.17%     
---------------------------- TRAINING EPOCH: 340 ----------------------------  
client [92] (testset)   loss: 0.9786 -> 0.9840  accuracy: 91.72% -> 92.41%     
client [80] (testset)   loss: 0.4248 -> 0.3976  accuracy: 91.75% -> 91.75%     
client [63] (testset)   loss: 0.7659 -> 0.5392  accuracy: 90.84% -> 93.23%     
client [76] (testset)   loss: 0.4004 -> 0.3683  accuracy: 94.17% -> 94.48%     
client [78] (testset)   loss: 0.5978 -> 0.6109  accuracy: 93.75% -> 94.60%     
client [25] (testset)   loss: 0.6970 -> 0.7144  accuracy: 91.27% -> 88.89%     
client [58] (testset)   loss: 0.5619 -> 0.4822  accuracy: 90.91% -> 91.52%     
client [13] (testset)   loss: 0.6254 -> 0.5912  accuracy: 93.19% -> 92.67%     
client [17] (testset)   loss: 0.4400 -> 0.3650  accuracy: 94.63% -> 94.63%     
client [38] (testset)   loss: 0.5670 -> 0.5750  accuracy: 91.57% -> 92.48%     
---------------------------- TRAINING EPOCH: 350 ----------------------------  
client [72] (testset)   loss: 0.5126 -> 0.4730  accuracy: 92.91% -> 92.91%     
client [82] (testset)   loss: 0.7717 -> 0.7455  accuracy: 91.79% -> 91.04%     
client [86] (testset)   loss: 0.3314 -> 0.3096  accuracy: 93.51% -> 94.27%     
client [51] (testset)   loss: 0.3146 -> 0.3767  accuracy: 96.00% -> 96.00%     
client [96] (testset)   loss: 0.4020 -> 0.3637  accuracy: 93.95% -> 93.95%     
client [42] (testset)   loss: 0.5230 -> 0.4400  accuracy: 93.02% -> 92.70%     
client [55] (testset)   loss: 0.4563 -> 0.2945  accuracy: 90.73% -> 93.17%     
client [13] (testset)   loss: 0.7035 -> 0.6261  accuracy: 92.67% -> 93.19%     
client [1]  (testset)   loss: 0.7791 -> 0.7201  accuracy: 92.36% -> 91.67%     
client [12] (testset)   loss: 0.4853 -> 0.4694  accuracy: 94.29% -> 94.95%     
---------------------------- TRAINING EPOCH: 360 ----------------------------  
client [68] (testset)   loss: 0.4017 -> 0.5224  accuracy: 94.30% -> 93.74%     
client [23] (testset)   loss: 0.9711 -> 0.6432  accuracy: 86.52% -> 90.00%     
client [46] (testset)   loss: 0.4809 -> 0.4581  accuracy: 88.42% -> 88.42%     
client [41] (testset)   loss: 0.6024 -> 0.4785  accuracy: 90.88% -> 93.07%     
client [25] (testset)   loss: 0.7204 -> 0.7491  accuracy: 91.67% -> 91.67%     
client [58] (testset)   loss: 0.6001 -> 0.5400  accuracy: 90.00% -> 90.91%     
client [14] (testset)   loss: 0.9476 -> 0.8097  accuracy: 89.07% -> 91.47%     
client [33] (testset)   loss: 0.7955 -> 0.8158  accuracy: 87.50% -> 88.75%     
client [85] (testset)   loss: 0.5975 -> 0.6065  accuracy: 93.36% -> 92.95%     
client [62] (testset)   loss: 0.7701 -> 0.7358  accuracy: 89.80% -> 89.97%     
---------------------------- TRAINING EPOCH: 370 ----------------------------  
client [98] (testset)   loss: 0.4881 -> 0.4657  accuracy: 93.62% -> 93.19%     
client [63] (testset)   loss: 0.8761 -> 0.6713  accuracy: 91.24% -> 92.83%     
client [70] (testset)   loss: 0.4939 -> 0.5805  accuracy: 94.12% -> 94.12%     
client [65] (testset)   loss: 0.5121 -> 0.4245  accuracy: 92.48% -> 93.23%     
client [14] (testset)   loss: 0.9182 -> 0.8322  accuracy: 89.60% -> 90.40%     
client [73] (testset)   loss: 0.4548 -> 0.2444  accuracy: 93.92% -> 95.61%     
client [34] (testset)   loss: 1.1893 -> 1.1607  accuracy: 85.96% -> 87.72%     
client [99] (testset)   loss: 0.5348 -> 0.5068  accuracy: 93.73% -> 93.33%     
client [69] (testset)   loss: 1.0906 -> 1.0014  accuracy: 87.62% -> 87.62%     
client [46] (testset)   loss: 0.4870 -> 0.4813  accuracy: 88.42% -> 88.42%     
---------------------------- TRAINING EPOCH: 380 ----------------------------  
client [99] (testset)   loss: 0.5679 -> 0.5358  accuracy: 93.33% -> 93.33%     
client [93] (testset)   loss: 0.8197 -> 0.7367  accuracy: 92.21% -> 93.19%     
client [11] (testset)   loss: 0.6774 -> 0.5927  accuracy: 92.13% -> 93.11%     
client [58] (testset)   loss: 0.6432 -> 0.5787  accuracy: 90.61% -> 90.61%     
client [81] (testset)   loss: 0.6980 -> 0.6174  accuracy: 91.28% -> 90.77%     
client [85] (testset)   loss: 0.6365 -> 0.6376  accuracy: 92.95% -> 92.95%     
client [89] (testset)   loss: 0.4905 -> 0.4259  accuracy: 92.91% -> 93.62%     
client [45] (testset)   loss: 1.0995 -> 1.0343  accuracy: 88.38% -> 88.80%     
client [8]  (testset)   loss: 0.6621 -> 0.5265  accuracy: 94.87% -> 95.38%     
client [68] (testset)   loss: 0.4573 -> 0.4640  accuracy: 94.02% -> 94.58%     
---------------------------- TRAINING EPOCH: 390 ----------------------------  
client [67] (testset)   loss: 0.4891 -> 0.3613  accuracy: 91.67% -> 93.63%     
client [72] (testset)   loss: 0.5787 -> 0.5396  accuracy: 92.54% -> 92.54%     
client [1]  (testset)   loss: 0.8156 -> 0.7917  accuracy: 92.36% -> 92.36%     
client [78] (testset)   loss: 0.6748 -> 0.6573  accuracy: 94.60% -> 94.89%     
client [83] (testset)   loss: 0.2596 -> 0.2134  accuracy: 93.00% -> 96.50%     
client [21] (testset)   loss: 0.7035 -> 0.6503  accuracy: 90.55% -> 90.18%     
client [56] (testset)   loss: 0.7207 -> 0.6763  accuracy: 89.55% -> 90.05%     
client [44] (testset)   loss: 0.6087 -> 0.5534  accuracy: 92.81% -> 93.43%     
client [92] (testset)   loss: 1.1268 -> 1.1203  accuracy: 91.72% -> 92.41%     
client [27] (testset)   loss: 0.3433 -> 0.2729  accuracy: 92.12% -> 93.60%     
---------------------------- TRAINING EPOCH: 400 ----------------------------  
client [10] (testset)   loss: 0.7152 -> 0.5667  accuracy: 92.75% -> 94.82%     
client [39] (testset)   loss: 1.1066 -> 0.7924  accuracy: 87.63% -> 89.25%     
client [65] (testset)   loss: 0.5019 -> 0.4367  accuracy: 93.61% -> 93.61%     
client [26] (testset)   loss: 0.3321 -> 0.3075  accuracy: 95.09% -> 95.44%     
client [19] (testset)   loss: 0.2731 -> 0.2354  accuracy: 93.65% -> 94.44%     
client [68] (testset)   loss: 0.4580 -> 0.4682  accuracy: 94.02% -> 94.44%     
client [41] (testset)   loss: 0.6620 -> 0.5009  accuracy: 90.88% -> 91.61%     
client [50] (testset)   loss: 0.4242 -> 0.3929  accuracy: 92.86% -> 94.16%     
client [75] (testset)   loss: 1.3173 -> 1.1883  accuracy: 87.08% -> 87.08%     
client [81] (testset)   loss: 0.7104 -> 0.6357  accuracy: 90.77% -> 90.77%     
APFL's average time taken by each global epoch: 0 min 9.03 sec.                
APFL's total running time: 1 h 3 m 18 s.                                       
==================== APFL Experiment Results: ====================             
Display format: (before local fine-tuning) -> (after local fine-tuning)        
 So if finetune_epoch = 0, x.xx% -> 0.00% is normal.                           
 Centralized testing ONLY happens after model aggregation, so the stats between
'->' are the same.                                                             
{                                                                              
    "100": {                                                                   
        "all_clients": {                                                       
            "test": {                                                          
                "loss": "0.4291 -> 0.3677",                                    
                "accuracy": "91.23% -> 92.76%"                                 
            }                                                                  
        }                                                                      
    },                                                                         
    "200": {                                                                   
        "all_clients": {                                                       
            "test": {                                                          
                "loss": "0.5353 -> 0.4600",                                    
                "accuracy": "91.29% -> 92.86%"                                 
            }                                                                  
        }                                                                      
    },                                                                         
    "300": {                                                                   
        "all_clients": {                                                       
            "test": {                                                          
                "loss": "0.6203 -> 0.5519",                                    
                "accuracy": "91.58% -> 92.44%"                                 
            }                                                                  
        }                                                                      
    },                                                                         
    "400": {                                                                   
        "all_clients": {                                                       
            "test": {                                                          
                "loss": "0.7223 -> 0.6640",                                    
                "accuracy": "91.75% -> 92.32%"                                 
            }                                                                  
        }                                                                      
    }                                                                          
}                                                                              
==================== APFL Max Accuracy ====================                    
all_clients:                                                                   
(test) before fine-tuning: 91.75% at epoch 400                                 
(test) after fine-tuning: 92.86% at epoch 200                                  
