==================== FedDpag ====================                              
Experiment Arguments:                                                          
{
    'method': 'feddpag',
    'dataset': {
        'name': 'medmnistA',
        'client_num': 100,
        'test_ratio': 0.25,
        'val_ratio': 0.0,
        'seed': 42,
        'split': 'sample',
        'IID_ratio': 0.0,
        'monitor_window_name_suffix': 'medmnistA-100clients-0%IID-Dir(0.1)-seed42',
        'alpha': 0.1,
        'min_samples_per_client': 10
    },
    'model': {
        'name': 'avgcnn',
        'use_torchvision_pretrained_weights': True,
        'external_model_weights_path': None
    },
    'optimizer': {
        'lr': 0.01,
        'dampening': 0,
        'weight_decay': 0,
        'momentum': 0.7,
        'nesterov': False,
        'name': 'sgd'
    },
    'mode': 'serial',
    'parallel': {
        'ray_cluster_addr': None,
        'num_cpus': None,
        'num_gpus': None,
        'num_workers': 2
    },
    'common': {
        'seed': 42,
        'join_ratio': 0.1,
        'global_epoch': 200,
        'local_epoch': 5,
        'batch_size': 32,
        'reset_optimizer_on_global_epoch': True,
        'straggler_ratio': 0,
        'straggler_min_local_epoch': 0,
        'buffers': 'global',
        'client_side_evaluation': True,
        'test': {
            'client': {
                'interval': 100,
                'finetune_epoch': 0,
                'train': False,
                'val': False,
                'test': True
            },
            'server': {
                'interval': -1,
                'train': False,
                'val': False,
                'test': True,
                'model_in_train_mode': False
            }
        },
        'verbose_gap': 10,
        'monitor': None,
        'use_cuda': True,
        'save_log': True,
        'save_model': False,
        'save_learning_curve_plot': True,
        'save_metrics': True,
        'delete_useless_run': True
    },
    'fedprox': {
        'mu': 0.01
    },
    'pfedsim': {
        'warmup_round': 0.5
    },
    'feddpag': {
        'fisher_threshold': 0.993
    }
}
---------------------------- TRAINING EPOCH: 10 ----------------------------   
client [77] (testset)   loss: 2.7881 -> 1.1832  accuracy: 0.00% -> 58.33%      
client [81] (testset)   loss: 4.0678 -> 0.8436  accuracy: 0.00% -> 43.60%      
client [21] (testset)   loss: 4.5771 -> 0.8845  accuracy: 1.59% -> 53.44%      
client [68] (testset)   loss: 3.4309 -> 0.0020  accuracy: 0.00% -> 100.00%     
client [93] (testset)   loss: 4.3086 -> 1.1948  accuracy: 0.00% -> 88.89%      
client [31] (testset)   loss: 3.7276 -> 1.5643  accuracy: 0.00% -> 55.00%      
client [20] (testset)   loss: 0.7654 -> 0.5898  accuracy: 88.08% -> 88.08%     
client [59] (testset)   loss: 3.5327 -> 1.1293  accuracy: 0.00% -> 52.00%      
client [48] (testset)   loss: 3.2102 -> 0.8228  accuracy: 0.00% -> 74.14%      
client [34] (testset)   loss: 2.0628 -> 1.3539  accuracy: 37.04% -> 37.04%     
---------------------------- TRAINING EPOCH: 20 ----------------------------   
client [69] (testset)   loss: 1.9862 -> 1.0642  accuracy: 63.83% -> 63.83%     
client [99] (testset)   loss: 2.0988 -> 1.1854  accuracy: 0.00% -> 63.53%      
client [67] (testset)   loss: 2.1148 -> 1.1357  accuracy: 0.30% -> 55.29%      
client [0]  (testset)   loss: 2.2511 -> 0.9296  accuracy: 6.17% -> 60.35%      
client [76] (testset)   loss: 1.8838 -> 1.2987  accuracy: 52.13% -> 52.13%     
client [41] (testset)   loss: 1.8442 -> 0.8433  accuracy: 4.23% -> 59.15%      
client [62] (testset)   loss: 2.1153 -> 0.9088  accuracy: 10.00% -> 65.00%     
client [2]  (testset)   loss: 2.6786 -> 1.6560  accuracy: 5.71% -> 37.14%      
client [14] (testset)   loss: 0.9768 -> 0.1613  accuracy: 97.22% -> 97.22%     
client [46] (testset)   loss: 1.9107 -> 0.9079  accuracy: 59.30% -> 36.63%     
---------------------------- TRAINING EPOCH: 30 ----------------------------   
client [24] (testset)   loss: 0.2921 -> 0.1560  accuracy: 96.84% -> 96.84%     
client [68] (testset)   loss: 2.1922 -> 0.0114  accuracy: 0.00% -> 100.00%     
client [57] (testset)   loss: 2.3434 -> 0.5774  accuracy: 0.00% -> 79.69%      
client [17] (testset)   loss: 1.9904 -> 1.5063  accuracy: 38.46% -> 38.46%     
client [54] (testset)   loss: 3.5185 -> 0.6135  accuracy: 0.00% -> 80.00%      
client [23] (testset)   loss: 2.8827 -> 0.9348  accuracy: 36.67% -> 56.67%     
client [35] (testset)   loss: 1.5537 -> 1.1819  accuracy: 46.30% -> 46.30%     
client [59] (testset)   loss: 2.2150 -> 0.9330  accuracy: 52.00% -> 52.00%     
client [31] (testset)   loss: 4.2644 -> 1.6469  accuracy: 0.00% -> 55.00%      
client [9]  (testset)   loss: 1.2695 -> 0.7071  accuracy: 9.27% -> 83.44%      
---------------------------- TRAINING EPOCH: 40 ----------------------------   
client [64] (testset)   loss: 2.1190 -> 1.4979  accuracy: 0.00% -> 66.67%      
client [33] (testset)   loss: 1.2221 -> 0.6863  accuracy: 75.00% -> 75.00%     
client [16] (testset)   loss: 0.7859 -> 0.3085  accuracy: 92.63% -> 92.63%     
client [44] (testset)   loss: 3.2469 -> 1.8859  accuracy: 7.69% -> 61.54%      
client [8]  (testset)   loss: 2.8152 -> 1.8163  accuracy: 2.27% -> 40.91%      
client [31] (testset)   loss: 4.0435 -> 1.6333  accuracy: 10.00% -> 55.00%     
client [47] (testset)   loss: 2.5670 -> 1.0368  accuracy: 11.81% -> 39.76%     
client [36] (testset)   loss: 2.4973 -> 1.4018  accuracy: 30.00% -> 37.50%     
client [20] (testset)   loss: 1.5499 -> 0.5673  accuracy: 2.07% -> 88.08%      
client [56] (testset)   loss: 3.2915 -> 1.6293  accuracy: 0.00% -> 16.39%      
---------------------------- TRAINING EPOCH: 50 ----------------------------   
client [4]  (testset)   loss: 1.2613 -> 0.9397  accuracy: 76.74% -> 76.74%     
client [60] (testset)   loss: 1.4690 -> 0.1773  accuracy: 96.62% -> 96.62%     
client [28] (testset)   loss: 2.0131 -> 0.9799  accuracy: 4.35% -> 73.37%      
client [25] (testset)   loss: 2.1349 -> 0.8243  accuracy: 0.00% -> 73.02%      
client [58] (testset)   loss: 1.6886 -> 0.2277  accuracy: 0.00% -> 94.34%      
client [44] (testset)   loss: 1.5106 -> 1.6786  accuracy: 61.54% -> 61.54%     
client [39] (testset)   loss: 1.8115 -> 1.5994  accuracy: 43.40% -> 43.40%     
client [29] (testset)   loss: 2.3363 -> 0.9409  accuracy: 10.05% -> 73.87%     
client [3]  (testset)   loss: 1.9432 -> 0.8024  accuracy: 63.64% -> 36.36%     
client [84] (testset)   loss: 1.5556 -> 0.8101  accuracy: 56.96% -> 56.96%     
---------------------------- TRAINING EPOCH: 60 ----------------------------   
client [21] (testset)   loss: 1.9337 -> 0.8778  accuracy: 0.00% -> 53.44%      
client [84] (testset)   loss: 1.2954 -> 0.8056  accuracy: 56.96% -> 56.96%     
client [10] (testset)   loss: 3.0425 -> 0.9756  accuracy: 0.48% -> 39.61%      
client [36] (testset)   loss: 1.9315 -> 1.4311  accuracy: 30.00% -> 30.00%     
client [65] (testset)   loss: 0.9046 -> 0.6405  accuracy: 83.56% -> 83.56%     
client [81] (testset)   loss: 2.0218 -> 0.7902  accuracy: 0.00% -> 54.74%      
client [79] (testset)   loss: 1.4155 -> 0.9271  accuracy: 77.78% -> 77.78%     
client [42] (testset)   loss: 1.5051 -> 1.1190  accuracy: 58.33% -> 58.33%     
client [11] (testset)   loss: 2.6714 -> 1.1638  accuracy: 0.00% -> 50.88%      
client [96] (testset)   loss: 1.9749 -> 1.2045  accuracy: 9.05% -> 55.39%      
---------------------------- TRAINING EPOCH: 70 ----------------------------   
client [8]  (testset)   loss: 2.7586 -> 1.7493  accuracy: 2.27% -> 40.91%      
client [53] (testset)   loss: 1.2303 -> 0.2270  accuracy: 94.85% -> 94.85%     
client [52] (testset)   loss: 1.6184 -> 0.8766  accuracy: 0.88% -> 75.22%      
client [42] (testset)   loss: 2.7607 -> 1.1023  accuracy: 0.00% -> 58.33%      
client [69] (testset)   loss: 1.4779 -> 1.1497  accuracy: 63.83% -> 63.83%     
client [59] (testset)   loss: 2.0703 -> 0.9497  accuracy: 42.00% -> 52.00%     
client [7]  (testset)   loss: 2.6297 -> 0.4755  accuracy: 0.00% -> 88.85%      
client [26] (testset)   loss: 3.0357 -> 1.2771  accuracy: 0.00% -> 50.53%      
client [49] (testset)   loss: 1.3383 -> 0.7854  accuracy: 79.77% -> 79.77%     
client [98] (testset)   loss: 1.2209 -> 0.9527  accuracy: 74.68% -> 74.68%     
---------------------------- TRAINING EPOCH: 80 ----------------------------   
client [98] (testset)   loss: 1.2840 -> 0.9586  accuracy: 74.68% -> 74.68%     
client [47] (testset)   loss: 2.8609 -> 1.0219  accuracy: 11.81% -> 48.19%     
client [21] (testset)   loss: 2.6854 -> 0.8977  accuracy: 42.06% -> 53.44%     
client [77] (testset)   loss: 2.1827 -> 1.2979  accuracy: 58.33% -> 58.33%     
client [95] (testset)   loss: 0.6121 -> 0.2736  accuracy: 94.83% -> 94.83%     
client [91] (testset)   loss: 0.9752 -> 0.6542  accuracy: 88.24% -> 88.24%     
client [14] (testset)   loss: 0.1966 -> 0.1749  accuracy: 97.22% -> 97.22%     
client [99] (testset)   loss: 1.7957 -> 1.1883  accuracy: 16.47% -> 63.53%     
client [20] (testset)   loss: 1.7611 -> 0.6104  accuracy: 2.07% -> 88.08%      
client [39] (testset)   loss: 2.6792 -> 1.5769  accuracy: 9.43% -> 43.40%      
---------------------------- TRAINING EPOCH: 90 ----------------------------   
client [52] (testset)   loss: 2.3007 -> 0.8677  accuracy: 0.88% -> 75.22%      
client [62] (testset)   loss: 1.7047 -> 0.9169  accuracy: 65.00% -> 65.00%     
client [71] (testset)   loss: 1.8688 -> 1.2896  accuracy: 50.00% -> 50.00%     
client [97] (testset)   loss: 2.6629 -> 1.3596  accuracy: 0.00% -> 47.72%      
client [30] (testset)   loss: 1.2946 -> 0.9003  accuracy: 54.29% -> 54.29%     
client [88] (testset)   loss: 2.7965 -> 1.1918  accuracy: 0.00% -> 67.57%      
client [60] (testset)   loss: 0.5066 -> 0.1901  accuracy: 96.62% -> 96.62%     
client [82] (testset)   loss: 2.3762 -> 1.7387  accuracy: 11.63% -> 46.51%     
client [91] (testset)   loss: 2.1824 -> 0.6123  accuracy: 0.00% -> 88.24%      
client [57] (testset)   loss: 2.9145 -> 0.5604  accuracy: 19.53% -> 79.69%     
---------------------------- TRAINING EPOCH: 100 ----------------------------  
client [31] (testset)   loss: 2.1595 -> 1.5294  accuracy: 55.00% -> 55.00%     
client [15] (testset)   loss: 2.3037 -> 0.8318  accuracy: 17.65% -> 76.47%     
client [71] (testset)   loss: 1.5913 -> 1.2813  accuracy: 50.00% -> 50.00%     
client [97] (testset)   loss: 1.6186 -> 1.3329  accuracy: 47.72% -> 47.72%     
client [53] (testset)   loss: 1.4068 -> 0.2314  accuracy: 0.00% -> 94.85%      
client [77] (testset)   loss: 2.1341 -> 1.0177  accuracy: 1.19% -> 58.33%      
client [76] (testset)   loss: 2.1402 -> 1.2857  accuracy: 52.13% -> 52.13%     
client [79] (testset)   loss: 1.8485 -> 0.9533  accuracy: 77.78% -> 77.78%     
client [28] (testset)   loss: 1.2827 -> 0.9523  accuracy: 73.37% -> 73.37%     
client [99] (testset)   loss: 1.5172 -> 1.1728  accuracy: 63.53% -> 63.53%     
---------------------------- TRAINING EPOCH: 110 ----------------------------  
client [97] (testset)   loss: 1.6852 -> 1.3781  accuracy: 47.72% -> 47.72%     
client [86] (testset)   loss: 0.5767 -> 0.5066  accuracy: 84.66% -> 84.66%     
client [34] (testset)   loss: 2.6230 -> 1.3566  accuracy: 16.05% -> 37.04%     
client [73] (testset)   loss: 2.5110 -> 0.7770  accuracy: 40.00% -> 40.00%     
client [5]  (testset)   loss: 1.8105 -> 1.4639  accuracy: 43.96% -> 43.96%     
client [96] (testset)   loss: 2.5224 -> 1.2407  accuracy: 0.00% -> 55.39%      
client [22] (testset)   loss: 1.1988 -> 0.4140  accuracy: 89.95% -> 89.95%     
client [60] (testset)   loss: 0.6195 -> 0.2418  accuracy: 96.62% -> 96.62%     
client [66] (testset)   loss: 1.9538 -> 1.1247  accuracy: 50.78% -> 50.78%     
client [83] (testset)   loss: 1.5057 -> 0.6848  accuracy: 5.00% -> 85.00%      
---------------------------- TRAINING EPOCH: 120 ----------------------------  
client [76] (testset)   loss: 1.8593 -> 1.3035  accuracy: 52.13% -> 52.13%     
client [65] (testset)   loss: 0.8165 -> 0.5691  accuracy: 83.56% -> 83.56%     
client [95] (testset)   loss: 0.7522 -> 0.5202  accuracy: 94.83% -> 94.83%     
client [17] (testset)   loss: 2.8197 -> 1.5248  accuracy: 0.00% -> 27.69%      
client [8]  (testset)   loss: 2.3536 -> 1.7178  accuracy: 0.00% -> 40.91%      
client [35] (testset)   loss: 2.0052 -> 1.2212  accuracy: 17.59% -> 46.30%     
client [98] (testset)   loss: 2.0917 -> 0.9579  accuracy: 14.56% -> 74.68%     
client [53] (testset)   loss: 0.3407 -> 0.2335  accuracy: 94.85% -> 94.85%     
client [43] (testset)   loss: 1.3358 -> 0.3313  accuracy: 93.29% -> 93.29%     
client [64] (testset)   loss: 1.8848 -> 1.4163  accuracy: 66.67% -> 66.67%     
---------------------------- TRAINING EPOCH: 130 ----------------------------  
client [21] (testset)   loss: 2.9202 -> 0.9067  accuracy: 2.91% -> 53.44%      
client [88] (testset)   loss: 2.2808 -> 1.2724  accuracy: 0.00% -> 67.57%      
client [38] (testset)   loss: 2.0952 -> 1.0863  accuracy: 4.76% -> 66.67%      
client [3]  (testset)   loss: 1.9368 -> 1.0961  accuracy: 0.00% -> 36.36%      
client [5]  (testset)   loss: 2.6094 -> 1.4932  accuracy: 0.00% -> 43.96%      
client [41] (testset)   loss: 2.5407 -> 0.8424  accuracy: 0.00% -> 59.15%      
client [7]  (testset)   loss: 1.0777 -> 0.4774  accuracy: 88.85% -> 88.85%     
client [37] (testset)   loss: 1.8402 -> 0.4834  accuracy: 0.00% -> 87.45%      
client [45] (testset)   loss: 3.1997 -> 1.5985  accuracy: 22.00% -> 44.00%     
client [47] (testset)   loss: 3.4209 -> 0.9998  accuracy: 0.00% -> 39.76%      
---------------------------- TRAINING EPOCH: 140 ----------------------------  
client [16] (testset)   loss: 1.2334 -> 0.2987  accuracy: 92.63% -> 92.63%     
client [11] (testset)   loss: 1.5862 -> 1.1801  accuracy: 50.88% -> 50.88%     
client [37] (testset)   loss: 0.8645 -> 0.4961  accuracy: 87.45% -> 87.45%     
client [41] (testset)   loss: 1.2353 -> 0.8388  accuracy: 59.15% -> 59.15%     
client [95] (testset)   loss: 0.7745 -> 0.2813  accuracy: 94.83% -> 94.83%     
client [53] (testset)   loss: 2.4776 -> 0.2329  accuracy: 0.00% -> 94.85%      
client [22] (testset)   loss: 0.8752 -> 0.4107  accuracy: 89.95% -> 89.95%     
client [25] (testset)   loss: 2.1955 -> 0.7753  accuracy: 23.81% -> 73.02%     
client [69] (testset)   loss: 1.7214 -> 1.0482  accuracy: 63.83% -> 63.83%     
client [46] (testset)   loss: 1.5778 -> 0.8522  accuracy: 59.30% -> 59.30%     
---------------------------- TRAINING EPOCH: 150 ----------------------------  
client [47] (testset)   loss: 1.8387 -> 0.9906  accuracy: 39.76% -> 48.19%     
client [69] (testset)   loss: 2.0433 -> 1.0539  accuracy: 4.26% -> 63.83%      
client [82] (testset)   loss: 2.5529 -> 1.5909  accuracy: 11.63% -> 46.51%     
client [45] (testset)   loss: 2.9215 -> 1.5836  accuracy: 6.00% -> 44.00%      
client [7]  (testset)   loss: 2.6472 -> 0.4771  accuracy: 0.00% -> 88.85%      
client [50] (testset)   loss: 1.1139 -> 0.6824  accuracy: 79.27% -> 79.27%     
client [35] (testset)   loss: 1.3525 -> 1.1762  accuracy: 46.30% -> 46.30%     
client [24] (testset)   loss: 2.8578 -> 0.1629  accuracy: 0.00% -> 96.84%      
client [15] (testset)   loss: 1.8294 -> 0.8661  accuracy: 76.47% -> 76.47%     
client [58] (testset)   loss: 0.6449 -> 0.2327  accuracy: 94.34% -> 94.34%     
---------------------------- TRAINING EPOCH: 160 ----------------------------  
client [48] (testset)   loss: 1.5804 -> 0.7366  accuracy: 74.14% -> 74.14%     
client [76] (testset)   loss: 3.0130 -> 1.2971  accuracy: 0.00% -> 52.13%      
client [67] (testset)   loss: 1.1513 -> 1.2183  accuracy: 55.29% -> 55.29%     
client [37] (testset)   loss: 2.6631 -> 0.4838  accuracy: 0.00% -> 87.45%      
client [58] (testset)   loss: 0.5203 -> 0.2324  accuracy: 94.34% -> 94.34%     
client [64] (testset)   loss: 1.4077 -> 1.3431  accuracy: 66.67% -> 66.67%     
client [77] (testset)   loss: 2.6969 -> 0.9978  accuracy: 1.19% -> 58.33%      
client [55] (testset)   loss: 3.3970 -> 2.1852  accuracy: 12.50% -> 50.00%     
client [12] (testset)   loss: 0.7198 -> 0.5226  accuracy: 86.14% -> 86.14%     
client [89] (testset)   loss: 2.6959 -> 1.9012  accuracy: 18.75% -> 18.75%     
---------------------------- TRAINING EPOCH: 170 ----------------------------  
client [84] (testset)   loss: 1.1831 -> 0.8935  accuracy: 40.51% -> 40.51%     
client [51] (testset)   loss: 1.7952 -> 0.8271  accuracy: 66.67% -> 66.67%     
client [8]  (testset)   loss: 3.6057 -> 1.7579  accuracy: 0.00% -> 40.91%      
client [18] (testset)   loss: 1.6738 -> 0.9389  accuracy: 65.38% -> 65.38%     
client [94] (testset)   loss: 1.7627 -> 1.4184  accuracy: 50.00% -> 20.31%     
client [81] (testset)   loss: 0.9417 -> 0.8441  accuracy: 54.74% -> 54.74%     
client [3]  (testset)   loss: 1.6487 -> 0.7609  accuracy: 63.64% -> 63.64%     
client [11] (testset)   loss: 1.6804 -> 1.1719  accuracy: 50.88% -> 50.88%     
client [95] (testset)   loss: 0.5728 -> 0.3026  accuracy: 94.83% -> 94.83%     
client [67] (testset)   loss: 1.2872 -> 1.1933  accuracy: 55.29% -> 55.29%     
---------------------------- TRAINING EPOCH: 180 ----------------------------  
client [21] (testset)   loss: 3.7539 -> 0.8974  accuracy: 0.00% -> 53.44%      
client [79] (testset)   loss: 1.2383 -> 0.9148  accuracy: 77.78% -> 77.78%     
client [58] (testset)   loss: 0.3576 -> 0.2280  accuracy: 94.34% -> 94.34%     
client [88] (testset)   loss: 2.1130 -> 1.1426  accuracy: 0.00% -> 67.57%      
client [46] (testset)   loss: 1.9268 -> 0.9010  accuracy: 36.63% -> 59.30%     
client [11] (testset)   loss: 1.6828 -> 1.1898  accuracy: 26.21% -> 50.88%     
client [55] (testset)   loss: 1.6220 -> 1.6299  accuracy: 50.00% -> 50.00%     
client [13] (testset)   loss: 0.1880 -> 0.1402  accuracy: 97.78% -> 97.78%     
client [31] (testset)   loss: 3.5184 -> 1.5005  accuracy: 0.00% -> 55.00%      
client [75] (testset)   loss: 2.2117 -> 1.5203  accuracy: 38.38% -> 29.15%     
---------------------------- TRAINING EPOCH: 190 ----------------------------  
client [19] (testset)   loss: 2.1297 -> 1.5557  accuracy: 37.50% -> 37.50%     
client [7]  (testset)   loss: 0.5658 -> 0.4947  accuracy: 88.85% -> 88.85%     
client [57] (testset)   loss: 0.9380 -> 0.6732  accuracy: 79.69% -> 79.69%     
client [13] (testset)   loss: 0.1579 -> 0.1542  accuracy: 97.78% -> 97.78%     
client [43] (testset)   loss: 0.4766 -> 0.3207  accuracy: 93.29% -> 93.29%     
client [91] (testset)   loss: 3.8148 -> 0.6106  accuracy: 0.00% -> 88.24%      
client [10] (testset)   loss: 2.4003 -> 0.9365  accuracy: 39.61% -> 53.62%     
client [64] (testset)   loss: 1.5646 -> 1.2862  accuracy: 66.67% -> 66.67%     
client [82] (testset)   loss: 2.4086 -> 1.6038  accuracy: 0.00% -> 46.51%      
client [22] (testset)   loss: 2.0820 -> 0.4315  accuracy: 3.20% -> 89.95%      
---------------------------- TRAINING EPOCH: 200 ----------------------------  
client [20] (testset)   loss: 1.5261 -> 0.6041  accuracy: 88.08% -> 88.08%     
client [23] (testset)   loss: 1.4398 -> 0.9409  accuracy: 56.67% -> 56.67%     
client [88] (testset)   loss: 2.9356 -> 1.1457  accuracy: 8.11% -> 67.57%      
client [98] (testset)   loss: 1.6079 -> 0.9479  accuracy: 14.56% -> 74.68%     
client [79] (testset)   loss: 3.4157 -> 0.9341  accuracy: 0.00% -> 77.78%      
client [21] (testset)   loss: 2.1734 -> 0.8979  accuracy: 53.44% -> 53.44%     
client [92] (testset)   loss: 1.0110 -> 1.1750  accuracy: 63.64% -> 63.64%     
client [56] (testset)   loss: 2.8485 -> 1.5872  accuracy: 0.00% -> 44.26%      
client [5]  (testset)   loss: 2.6834 -> 1.4664  accuracy: 21.98% -> 43.96%     
client [52] (testset)   loss: 1.3909 -> 0.8615  accuracy: 75.22% -> 75.22%     
FedDpag's average time taken by each global epoch: 0 min 2.34 sec.             
FedDpag's total running time: 0 h 7 m 53 s.                                    
==================== FedDpag Experiment Results: ====================          
Display format: (before local fine-tuning) -> (after local fine-tuning)        
 So if finetune_epoch = 0, x.xx% -> 0.00% is normal.                           
 Centralized testing ONLY happens after model aggregation, so the stats between
'->' are the same.                                                             
{                                                                              
    "100": {                                                                   
        "all_clients": {                                                       
            "test": {                                                          
                "loss": "1.5041 -> 0.0000",                                    
                "accuracy": "53.97% -> 0.00%"                                  
            }                                                                  
        }                                                                      
    },                                                                         
    "200": {                                                                   
        "all_clients": {                                                       
            "test": {                                                          
                "loss": "1.5814 -> 0.0000",                                    
                "accuracy": "52.79% -> 0.00%"                                  
            }                                                                  
        }                                                                      
    }                                                                          
}                                                                              
==================== FedDpag Max Accuracy ====================                 
all_clients:                                                                   
(test) before fine-tuning: 53.97% at epoch 100                                 
(test) after fine-tuning: 0.00% at epoch 100                                   
