==================== FedDpag ====================                              
Experiment Arguments:                                                          
{
    'method': 'feddpag',
    'dataset': {
        'name': 'cifar100',
        'client_num': 100,
        'test_ratio': 0.25,
        'val_ratio': 0.0,
        'seed': 42,
        'split': 'sample',
        'IID_ratio': 0.0,
        'monitor_window_name_suffix': 'cifar100-100clients-0%IID-use20superclasses-Dir(0.1)-seed42',
        'super_class': False,
        'alpha': 0.1,
        'min_samples_per_client': 10
    },
    'model': {
        'name': 'avgcnn',
        'use_torchvision_pretrained_weights': True,
        'external_model_weights_path': None
    },
    'optimizer': {
        'lr': 0.01,
        'dampening': 0,
        'weight_decay': 0,
        'momentum': 0.7,
        'nesterov': False,
        'name': 'sgd'
    },
    'mode': 'parallel',
    'parallel': {
        'ray_cluster_addr': None,
        'num_cpus': 32.0,
        'num_gpus': 1.0,
        'num_workers': 2
    },
    'common': {
        'seed': 42,
        'join_ratio': 0.1,
        'global_epoch': 200,
        'local_epoch': 5,
        'batch_size': 32,
        'reset_optimizer_on_global_epoch': True,
        'straggler_ratio': 0,
        'straggler_min_local_epoch': 0,
        'buffers': 'global',
        'client_side_evaluation': True,
        'test': {
            'client': {
                'interval': 100,
                'finetune_epoch': 0,
                'train': False,
                'val': False,
                'test': True
            },
            'server': {
                'interval': -1,
                'train': False,
                'val': False,
                'test': True,
                'model_in_train_mode': False
            }
        },
        'verbose_gap': 10,
        'monitor': None,
        'use_cuda': True,
        'save_log': True,
        'save_model': False,
        'save_learning_curve_plot': True,
        'save_metrics': True,
        'delete_useless_run': True
    },
    'fedprox': {
        'mu': 0.01
    },
    'pfedsim': {
        'warmup_round': 0.5
    },
    'feddpag': {
        'fisher_threshold': 0.8
    }
}
---------------------------- TRAINING EPOCH: 10 ----------------------------   
client [81] (testset)   loss: 2.8134 -> 2.6077  accuracy: 29.80% -> 45.03%     
client [77] (testset)   loss: 2.0739 -> 2.2057  accuracy: 41.01% -> 42.70%     
client [21] (testset)   loss: 4.7195 -> 2.4003  accuracy: 4.76% -> 36.73%      
client [68] (testset)   loss: 2.2510 -> 2.8840  accuracy: 42.86% -> 36.97%     
client [93] (testset)   loss: 4.7946 -> 2.8101  accuracy: 0.80% -> 34.40%      
client [31] (testset)   loss: 2.5669 -> 2.3238  accuracy: 32.63% -> 44.21%     
client [20] (testset)   loss: 4.4806 -> 2.0048  accuracy: 0.99% -> 51.49%      
client [48] (testset)   loss: 2.5954 -> 3.2413  accuracy: 35.76% -> 32.73%     
client [59] (testset)   loss: 4.6588 -> 2.2423  accuracy: 0.86% -> 37.77%      
client [34] (testset)   loss: 2.7626 -> 3.1629  accuracy: 28.18% -> 32.04%     
---------------------------- TRAINING EPOCH: 20 ----------------------------   
client [99] (testset)   loss: 4.8313 -> 4.0796  accuracy: 2.19% -> 21.17%      
client [69] (testset)   loss: 2.3198 -> 2.2583  accuracy: 44.77% -> 53.43%     
client [67] (testset)   loss: 5.2351 -> 2.7197  accuracy: 0.55% -> 39.56%      
client [0]  (testset)   loss: 5.6380 -> 2.8024  accuracy: 1.96% -> 49.02%      
client [41] (testset)   loss: 5.1807 -> 3.0014  accuracy: 1.61% -> 28.23%      
client [76] (testset)   loss: 5.4023 -> 3.0216  accuracy: 1.12% -> 35.75%      
client [2]  (testset)   loss: 5.5248 -> 4.0688  accuracy: 0.00% -> 25.89%      
client [14] (testset)   loss: 2.6817 -> 3.6906  accuracy: 38.96% -> 31.17%     
client [62] (testset)   loss: 5.1891 -> 2.7209  accuracy: 1.46% -> 39.81%      
client [46] (testset)   loss: 5.4294 -> 2.3944  accuracy: 0.00% -> 56.19%      
---------------------------- TRAINING EPOCH: 30 ----------------------------   
client [24] (testset)   loss: 3.1668 -> 3.0906  accuracy: 38.79% -> 43.10%     
client [68] (testset)   loss: 5.9289 -> 2.9853  accuracy: 0.84% -> 40.34%      
client [57] (testset)   loss: 2.4548 -> 2.4127  accuracy: 45.40% -> 47.85%     
client [17] (testset)   loss: 2.9900 -> 4.0378  accuracy: 32.33% -> 34.59%     
client [54] (testset)   loss: 3.6444 -> 4.0587  accuracy: 40.00% -> 36.67%     
client [23] (testset)   loss: 6.1949 -> 3.1044  accuracy: 0.91% -> 34.55%      
client [35] (testset)   loss: 2.7821 -> 2.9504  accuracy: 37.24% -> 44.90%     
client [59] (testset)   loss: 2.6759 -> 3.3399  accuracy: 36.48% -> 39.06%     
client [31] (testset)   loss: 2.5430 -> 3.1130  accuracy: 45.79% -> 47.37%     
client [9]  (testset)   loss: 5.6326 -> 2.8958  accuracy: 1.34% -> 40.27%      
---------------------------- TRAINING EPOCH: 40 ----------------------------   
client [33] (testset)   loss: 2.9884 -> 3.9534  accuracy: 28.44% -> 30.28%     
client [64] (testset)   loss: 2.4464 -> 3.1360  accuracy: 44.59% -> 44.59%     
client [16] (testset)   loss: 3.0195 -> 3.6998  accuracy: 32.23% -> 35.54%     
client [44] (testset)   loss: 5.9580 -> 3.4225  accuracy: 0.00% -> 28.76%      
client [8]  (testset)   loss: 3.1464 -> 4.0051  accuracy: 51.26% -> 43.22%     
client [31] (testset)   loss: 2.9942 -> 3.2474  accuracy: 41.05% -> 44.21%     
client [47] (testset)   loss: 2.7244 -> 3.5204  accuracy: 46.09% -> 49.57%     
client [36] (testset)   loss: 2.7563 -> 2.9789  accuracy: 32.74% -> 41.59%     
client [56] (testset)   loss: 2.5381 -> 2.6270  accuracy: 50.00% -> 48.81%     
client [20] (testset)   loss: 2.6031 -> 2.8552  accuracy: 50.99% -> 50.00%     
---------------------------- TRAINING EPOCH: 50 ----------------------------   
client [60] (testset)   loss: 3.4277 -> 4.3747  accuracy: 31.82% -> 40.91%     
client [4]  (testset)   loss: 2.4209 -> 2.7311  accuracy: 47.97% -> 52.03%     
client [28] (testset)   loss: 2.6660 -> 2.8503  accuracy: 41.94% -> 46.77%     
client [25] (testset)   loss: 3.2795 -> 2.6564  accuracy: 35.42% -> 50.00%     
client [58] (testset)   loss: 3.2239 -> 3.7511  accuracy: 35.38% -> 32.31%     
client [44] (testset)   loss: 3.1813 -> 3.9144  accuracy: 32.68% -> 35.29%     
client [39] (testset)   loss: 2.7646 -> 3.2368  accuracy: 30.54% -> 41.32%     
client [29] (testset)   loss: 3.2358 -> 4.2031  accuracy: 33.33% -> 30.00%     
client [3]  (testset)   loss: 3.1983 -> 2.4590  accuracy: 26.56% -> 50.00%     
client [84] (testset)   loss: 3.6422 -> 4.1251  accuracy: 33.47% -> 38.14%     
---------------------------- TRAINING EPOCH: 60 ----------------------------   
client [21] (testset)   loss: 2.7729 -> 3.0133  accuracy: 37.41% -> 41.50%     
client [84] (testset)   loss: 3.6917 -> 4.3779  accuracy: 34.75% -> 35.17%     
client [10] (testset)   loss: 3.2673 -> 2.9917  accuracy: 30.77% -> 44.23%     
client [36] (testset)   loss: 2.7862 -> 3.1020  accuracy: 31.86% -> 42.48%     
client [65] (testset)   loss: 3.1292 -> 3.7561  accuracy: 30.00% -> 32.73%     
client [81] (testset)   loss: 2.8371 -> 3.7078  accuracy: 44.37% -> 45.03%     
client [79] (testset)   loss: 2.4370 -> 3.1390  accuracy: 54.19% -> 52.51%     
client [42] (testset)   loss: 2.9930 -> 3.4527  accuracy: 43.15% -> 43.84%     
client [11] (testset)   loss: 2.8623 -> 3.1888  accuracy: 43.50% -> 42.94%     
client [96] (testset)   loss: 2.8150 -> 3.8442  accuracy: 45.66% -> 47.40%     
---------------------------- TRAINING EPOCH: 70 ----------------------------   
client [53] (testset)   loss: 3.0109 -> 3.6540  accuracy: 39.01% -> 41.84%     
client [8]  (testset)   loss: 3.4439 -> 4.2474  accuracy: 42.71% -> 44.72%     
client [52] (testset)   loss: 3.0803 -> 3.9940  accuracy: 44.03% -> 40.30%     
client [42] (testset)   loss: 3.2970 -> 3.3704  accuracy: 44.52% -> 47.26%     
client [69] (testset)   loss: 2.9039 -> 3.3084  accuracy: 51.62% -> 48.74%     
client [59] (testset)   loss: 2.8681 -> 3.5740  accuracy: 39.91% -> 41.63%     
client [26] (testset)   loss: 2.8198 -> 3.3116  accuracy: 38.05% -> 42.48%     
client [7]  (testset)   loss: 3.2291 -> 4.1455  accuracy: 39.47% -> 36.40%     
client [49] (testset)   loss: 2.6621 -> 3.5409  accuracy: 47.53% -> 43.21%     
client [98] (testset)   loss: 3.2711 -> 3.6425  accuracy: 34.51% -> 37.32%     
---------------------------- TRAINING EPOCH: 80 ----------------------------   
client [47] (testset)   loss: 3.2667 -> 4.3673  accuracy: 36.52% -> 43.48%     
client [98] (testset)   loss: 3.6788 -> 3.9228  accuracy: 29.58% -> 37.32%     
client [21] (testset)   loss: 2.6808 -> 3.1372  accuracy: 44.22% -> 44.90%     
client [77] (testset)   loss: 3.0447 -> 3.8282  accuracy: 39.89% -> 46.07%     
client [95] (testset)   loss: 3.6951 -> 4.5533  accuracy: 33.13% -> 34.94%     
client [91] (testset)   loss: 3.2822 -> 3.6982  accuracy: 30.26% -> 39.47%     
client [14] (testset)   loss: 3.5252 -> 3.8992  accuracy: 31.17% -> 33.77%     
client [99] (testset)   loss: 3.6781 -> 4.8380  accuracy: 28.47% -> 28.47%     
client [20] (testset)   loss: 2.9532 -> 3.2961  accuracy: 50.00% -> 46.04%     
client [39] (testset)   loss: 3.6423 -> 3.6938  accuracy: 29.94% -> 35.93%     
---------------------------- TRAINING EPOCH: 90 ----------------------------   
client [52] (testset)   loss: 3.4196 -> 4.0770  accuracy: 36.57% -> 37.31%     
client [62] (testset)   loss: 2.9486 -> 3.5923  accuracy: 42.72% -> 41.26%     
client [71] (testset)   loss: 3.6090 -> 4.4516  accuracy: 32.82% -> 28.24%     
client [97] (testset)   loss: 4.1444 -> 4.8490  accuracy: 25.71% -> 28.57%     
client [30] (testset)   loss: 5.1146 -> 4.7411  accuracy: 28.73% -> 26.52%     
client [88] (testset)   loss: 3.7813 -> 3.4133  accuracy: 21.23% -> 41.34%     
client [60] (testset)   loss: 3.2301 -> 4.1174  accuracy: 36.36% -> 30.30%     
client [82] (testset)   loss: 4.0580 -> 4.9298  accuracy: 30.23% -> 30.23%     
client [91] (testset)   loss: 3.0080 -> 3.8950  accuracy: 36.18% -> 37.50%     
client [57] (testset)   loss: 2.4770 -> 3.3470  accuracy: 48.47% -> 46.63%     
---------------------------- TRAINING EPOCH: 100 ----------------------------  
client [15] (testset)   loss: 3.2479 -> 4.2227  accuracy: 32.12% -> 31.39%     
client [31] (testset)   loss: 3.3126 -> 4.0998  accuracy: 43.16% -> 41.05%     
client [71] (testset)   loss: 3.8807 -> 4.6987  accuracy: 18.32% -> 24.43%     
client [97] (testset)   loss: 3.9622 -> 4.3461  accuracy: 25.71% -> 33.33%     
client [53] (testset)   loss: 3.3295 -> 3.9566  accuracy: 44.68% -> 40.43%     
client [77] (testset)   loss: 3.3035 -> 3.7111  accuracy: 45.51% -> 42.70%     
client [76] (testset)   loss: 3.5911 -> 3.9364  accuracy: 32.96% -> 38.55%     
client [79] (testset)   loss: 2.9366 -> 3.5030  accuracy: 55.31% -> 53.07%     
client [28] (testset)   loss: 2.7395 -> 3.7896  accuracy: 40.32% -> 41.94%     
client [99] (testset)   loss: 3.6620 -> 4.5180  accuracy: 25.55% -> 28.47%     
---------------------------- TRAINING EPOCH: 110 ----------------------------  
client [97] (testset)   loss: 3.8826 -> 4.3203  accuracy: 33.33% -> 32.38%     
client [86] (testset)   loss: 3.7875 -> 4.6242  accuracy: 27.12% -> 32.20%     
client [73] (testset)   loss: 3.6216 -> 4.1576  accuracy: 41.73% -> 38.13%     
client [34] (testset)   loss: 3.5675 -> 4.3371  accuracy: 32.04% -> 29.83%     
client [5]  (testset)   loss: 3.2366 -> 3.9701  accuracy: 43.56% -> 41.72%     
client [96] (testset)   loss: 3.9834 -> 4.1701  accuracy: 43.93% -> 41.04%     
client [60] (testset)   loss: 3.5598 -> 4.0523  accuracy: 42.42% -> 39.39%     
client [22] (testset)   loss: 3.4773 -> 4.3909  accuracy: 36.18% -> 32.24%     
client [66] (testset)   loss: 3.4446 -> 3.7711  accuracy: 43.20% -> 41.26%     
client [83] (testset)   loss: 3.9510 -> 4.1340  accuracy: 33.55% -> 35.53%     
---------------------------- TRAINING EPOCH: 120 ----------------------------  
client [65] (testset)   loss: 3.7630 -> 4.3727  accuracy: 32.73% -> 33.64%     
client [76] (testset)   loss: 3.4473 -> 4.1693  accuracy: 34.08% -> 35.75%     
client [95] (testset)   loss: 3.7908 -> 4.7580  accuracy: 38.55% -> 37.95%     
client [17] (testset)   loss: 4.0167 -> 4.5446  accuracy: 28.57% -> 36.09%     
client [8]  (testset)   loss: 4.2758 -> 5.2028  accuracy: 41.71% -> 41.71%     
client [35] (testset)   loss: 4.4160 -> 4.2893  accuracy: 30.61% -> 37.24%     
client [98] (testset)   loss: 3.7480 -> 4.1960  accuracy: 31.69% -> 36.62%     
client [53] (testset)   loss: 4.0031 -> 3.7405  accuracy: 30.50% -> 39.72%     
client [43] (testset)   loss: 3.8143 -> 4.6940  accuracy: 34.07% -> 33.33%     
client [64] (testset)   loss: 3.1233 -> 3.8321  accuracy: 42.57% -> 43.24%     
---------------------------- TRAINING EPOCH: 130 ----------------------------  
client [21] (testset)   loss: 3.3707 -> 3.7205  accuracy: 38.10% -> 38.10%     
client [88] (testset)   loss: 3.2513 -> 3.8205  accuracy: 43.58% -> 43.02%     
client [3]  (testset)   loss: 2.4828 -> 2.8960  accuracy: 50.00% -> 50.78%     
client [38] (testset)   loss: 3.4061 -> 3.6561  accuracy: 48.04% -> 46.37%     
client [41] (testset)   loss: 3.4650 -> 3.5893  accuracy: 28.23% -> 39.52%     
client [5]  (testset)   loss: 3.5569 -> 4.2290  accuracy: 44.17% -> 39.26%     
client [37] (testset)   loss: 4.0074 -> 4.6748  accuracy: 30.77% -> 29.81%     
client [7]  (testset)   loss: 4.2959 -> 4.8292  accuracy: 33.33% -> 35.09%     
client [47] (testset)   loss: 3.2600 -> 3.6745  accuracy: 35.65% -> 44.35%     
client [45] (testset)   loss: 3.4436 -> 3.9190  accuracy: 39.38% -> 42.04%     
---------------------------- TRAINING EPOCH: 140 ----------------------------  
client [16] (testset)   loss: 3.4317 -> 4.8155  accuracy: 35.54% -> 37.19%     
client [11] (testset)   loss: 3.2450 -> 3.4973  accuracy: 45.76% -> 49.15%     
client [37] (testset)   loss: 3.2391 -> 4.0084  accuracy: 39.42% -> 37.50%     
client [41] (testset)   loss: 3.6920 -> 3.8424  accuracy: 22.58% -> 33.06%     
client [95] (testset)   loss: 4.2477 -> 4.4062  accuracy: 34.34% -> 34.94%     
client [53] (testset)   loss: 3.5052 -> 4.4444  accuracy: 43.26% -> 36.88%     
client [25] (testset)   loss: 2.9013 -> 3.5193  accuracy: 42.71% -> 42.71%     
client [22] (testset)   loss: 3.5135 -> 4.3293  accuracy: 33.55% -> 36.18%     
client [46] (testset)   loss: 3.5727 -> 3.9037  accuracy: 47.62% -> 55.24%     
client [69] (testset)   loss: 3.2945 -> 3.6420  accuracy: 52.35% -> 46.93%     
---------------------------- TRAINING EPOCH: 150 ----------------------------  
client [47] (testset)   loss: 3.0199 -> 3.7573  accuracy: 41.74% -> 43.48%     
client [82] (testset)   loss: 4.1906 -> 5.0182  accuracy: 29.07% -> 27.91%     
client [69] (testset)   loss: 3.1839 -> 4.0426  accuracy: 50.18% -> 51.26%     
client [45] (testset)   loss: 3.3304 -> 3.2192  accuracy: 31.42% -> 44.69%     
client [7]  (testset)   loss: 3.8448 -> 4.7613  accuracy: 33.77% -> 37.28%     
client [50] (testset)   loss: 3.2240 -> 3.2976  accuracy: 35.00% -> 54.00%     
client [24] (testset)   loss: 3.9462 -> 4.4257  accuracy: 30.17% -> 41.38%     
client [35] (testset)   loss: 4.2461 -> 4.9926  accuracy: 32.14% -> 39.80%     
client [15] (testset)   loss: 3.3878 -> 4.4095  accuracy: 36.50% -> 36.50%     
client [58] (testset)   loss: 3.3862 -> 4.1485  accuracy: 33.85% -> 36.15%     
---------------------------- TRAINING EPOCH: 160 ----------------------------  
client [48] (testset)   loss: 3.1896 -> 4.0413  accuracy: 43.64% -> 34.55%     
client [76] (testset)   loss: 3.8067 -> 4.0929  accuracy: 39.11% -> 37.43%     
client [37] (testset)   loss: 4.0367 -> 4.5612  accuracy: 29.81% -> 33.65%     
client [67] (testset)   loss: 3.7336 -> 3.9588  accuracy: 40.66% -> 40.11%     
client [58] (testset)   loss: 3.9598 -> 4.2129  accuracy: 38.46% -> 36.15%     
client [64] (testset)   loss: 3.5624 -> 3.9846  accuracy: 39.86% -> 46.62%     
client [77] (testset)   loss: 3.5716 -> 3.8760  accuracy: 41.57% -> 43.82%     
client [55] (testset)   loss: 3.0253 -> 3.2740  accuracy: 48.55% -> 47.10%     
client [12] (testset)   loss: 2.7441 -> 3.3413  accuracy: 53.79% -> 53.03%     
client [89] (testset)   loss: 3.5433 -> 4.3997  accuracy: 35.03% -> 33.76%     
---------------------------- TRAINING EPOCH: 170 ----------------------------  
client [51] (testset)   loss: 3.7721 -> 4.2306  accuracy: 39.19% -> 43.24%     
client [84] (testset)   loss: 4.9891 -> 5.0481  accuracy: 33.90% -> 36.02%     
client [8]  (testset)   loss: 4.2439 -> 4.9915  accuracy: 47.74% -> 43.72%     
client [18] (testset)   loss: 3.0997 -> 3.4542  accuracy: 49.22% -> 53.91%     
client [94] (testset)   loss: 4.6266 -> 5.5001  accuracy: 30.77% -> 39.23%     
client [81] (testset)   loss: 3.8539 -> 4.3291  accuracy: 39.74% -> 41.72%     
client [3]  (testset)   loss: 2.9441 -> 3.3849  accuracy: 43.75% -> 45.31%     
client [11] (testset)   loss: 3.4026 -> 3.8461  accuracy: 45.20% -> 44.07%     
client [95] (testset)   loss: 4.2057 -> 5.1077  accuracy: 38.55% -> 36.14%     
client [67] (testset)   loss: 3.7317 -> 4.2896  accuracy: 39.56% -> 39.01%     
---------------------------- TRAINING EPOCH: 180 ----------------------------  
client [21] (testset)   loss: 3.3182 -> 3.9478  accuracy: 35.37% -> 47.62%     
client [79] (testset)   loss: 2.9997 -> 3.4882  accuracy: 53.07% -> 55.87%     
client [58] (testset)   loss: 3.5262 -> 4.5313  accuracy: 36.92% -> 36.92%     
client [88] (testset)   loss: 3.5265 -> 4.0842  accuracy: 37.99% -> 44.13%     
client [46] (testset)   loss: 3.4112 -> 4.1712  accuracy: 48.57% -> 54.29%     
client [11] (testset)   loss: 3.5103 -> 3.5751  accuracy: 42.37% -> 44.63%     
client [55] (testset)   loss: 2.7501 -> 2.8844  accuracy: 46.38% -> 48.55%     
client [13] (testset)   loss: 3.7855 -> 4.4552  accuracy: 34.50% -> 39.18%     
client [31] (testset)   loss: 3.6479 -> 4.4546  accuracy: 41.58% -> 43.68%     
client [75] (testset)   loss: 3.5653 -> 4.1767  accuracy: 42.92% -> 45.75%     
---------------------------- TRAINING EPOCH: 190 ----------------------------  
client [19] (testset)   loss: 3.1118 -> 4.1915  accuracy: 39.02% -> 34.76%     
client [7]  (testset)   loss: 4.8595 -> 5.2663  accuracy: 35.09% -> 38.16%     
client [57] (testset)   loss: 3.1739 -> 3.3736  accuracy: 47.85% -> 52.76%     
client [13] (testset)   loss: 4.0656 -> 4.7086  accuracy: 41.52% -> 33.33%     
client [43] (testset)   loss: 4.2021 -> 4.4894  accuracy: 34.81% -> 42.22%     
client [91] (testset)   loss: 4.1875 -> 4.0239  accuracy: 26.32% -> 36.18%     
client [10] (testset)   loss: 3.4935 -> 3.7516  accuracy: 33.65% -> 41.35%     
client [82] (testset)   loss: 4.9294 -> 5.3640  accuracy: 33.72% -> 27.91%     
client [64] (testset)   loss: 3.1214 -> 3.5363  accuracy: 40.54% -> 43.24%     
client [22] (testset)   loss: 4.1060 -> 4.7028  accuracy: 31.58% -> 31.58%     
---------------------------- TRAINING EPOCH: 200 ----------------------------  
client [23] (testset)   loss: 3.7160 -> 4.0690  accuracy: 37.27% -> 39.09%     
client [20] (testset)   loss: 3.4611 -> 3.7238  accuracy: 49.50% -> 50.99%     
client [88] (testset)   loss: 3.7242 -> 4.3346  accuracy: 39.11% -> 39.66%     
client [98] (testset)   loss: 3.8361 -> 4.1203  accuracy: 35.21% -> 40.85%     
client [79] (testset)   loss: 3.4994 -> 3.6837  accuracy: 56.42% -> 54.19%     
client [21] (testset)   loss: 3.7672 -> 3.7097  accuracy: 42.18% -> 41.50%     
client [92] (testset)   loss: 4.5718 -> 4.5435  accuracy: 30.61% -> 36.73%     
client [56] (testset)   loss: 3.1935 -> 3.0327  accuracy: 45.24% -> 50.00%     
client [52] (testset)   loss: 4.4511 -> 4.6622  accuracy: 42.54% -> 43.28%     
client [5]  (testset)   loss: 3.8431 -> 4.2147  accuracy: 39.88% -> 42.33%     
FedDpag's average time taken by each global epoch: 0 min 5.61 sec.             
FedDpag's total running time: 0 h 19 m 48 s.                                   
==================== FedDpag Experiment Results: ====================          
Display format: (before local fine-tuning) -> (after local fine-tuning)        
 So if finetune_epoch = 0, x.xx% -> 0.00% is normal.                           
 Centralized testing ONLY happens after model aggregation, so the stats between
'->' are the same.                                                             
{                                                                              
    "100": {                                                                   
        "all_clients": {                                                       
            "test": {                                                          
                "loss": "3.5242 -> 0.0000",                                    
                "accuracy": "39.34% -> 0.00%"                                  
            }                                                                  
        }                                                                      
    },                                                                         
    "200": {                                                                   
        "all_clients": {                                                       
            "test": {                                                          
                "loss": "4.2047 -> 0.0000",                                    
                "accuracy": "38.08% -> 0.00%"                                  
            }                                                                  
        }                                                                      
    }                                                                          
}                                                                              
==================== FedDpag Max Accuracy ====================                 
all_clients:                                                                   
(test) before fine-tuning: 39.34% at epoch 100                                 
(test) after fine-tuning: 0.00% at epoch 100                                   
