==================== FedDpag ====================                              
Experiment Arguments:                                                          
{
    'method': 'feddpag',
    'dataset': {
        'name': 'medmnistA',
        'client_num': 100,
        'test_ratio': 0.25,
        'val_ratio': 0.0,
        'seed': 42,
        'split': 'sample',
        'IID_ratio': 0.0,
        'monitor_window_name_suffix': 'medmnistA-100clients-0%IID-Dir(0.1)-seed42',
        'alpha': 0.1,
        'min_samples_per_client': 10
    },
    'model': {
        'name': 'avgcnn',
        'use_torchvision_pretrained_weights': True,
        'external_model_weights_path': None
    },
    'optimizer': {
        'lr': 0.01,
        'dampening': 0,
        'weight_decay': 0,
        'momentum': 0.7,
        'nesterov': False,
        'name': 'sgd'
    },
    'mode': 'serial',
    'parallel': {
        'ray_cluster_addr': None,
        'num_cpus': None,
        'num_gpus': None,
        'num_workers': 2
    },
    'common': {
        'seed': 42,
        'join_ratio': 0.1,
        'global_epoch': 200,
        'local_epoch': 5,
        'batch_size': 32,
        'reset_optimizer_on_global_epoch': True,
        'straggler_ratio': 0,
        'straggler_min_local_epoch': 0,
        'buffers': 'global',
        'client_side_evaluation': True,
        'test': {
            'client': {
                'interval': 100,
                'finetune_epoch': 0,
                'train': False,
                'val': False,
                'test': True
            },
            'server': {
                'interval': -1,
                'train': False,
                'val': False,
                'test': True,
                'model_in_train_mode': False
            }
        },
        'verbose_gap': 10,
        'monitor': None,
        'use_cuda': True,
        'save_log': True,
        'save_model': False,
        'save_learning_curve_plot': True,
        'save_metrics': True,
        'delete_useless_run': True
    },
    'fedprox': {
        'mu': 0.01
    },
    'pfedsim': {
        'warmup_round': 0.5
    },
    'feddpag': {
        'fisher_threshold': 0.994
    }
}
---------------------------- TRAINING EPOCH: 10 ----------------------------   
client [77] (testset)   loss: 2.7369 -> 1.1838  accuracy: 0.00% -> 58.33%      
client [81] (testset)   loss: 4.0637 -> 0.8439  accuracy: 0.00% -> 43.60%      
client [21] (testset)   loss: 4.6236 -> 0.8842  accuracy: 1.59% -> 53.44%      
client [68] (testset)   loss: 3.4612 -> 0.0022  accuracy: 0.00% -> 100.00%     
client [93] (testset)   loss: 4.2778 -> 1.2021  accuracy: 0.00% -> 88.89%      
client [31] (testset)   loss: 3.7126 -> 1.5178  accuracy: 0.00% -> 55.00%      
client [20] (testset)   loss: 0.7562 -> 0.5896  accuracy: 88.08% -> 88.08%     
client [59] (testset)   loss: 3.5071 -> 1.1278  accuracy: 0.00% -> 52.00%      
client [48] (testset)   loss: 3.1294 -> 0.8199  accuracy: 0.00% -> 74.14%      
client [34] (testset)   loss: 2.0399 -> 1.3535  accuracy: 37.04% -> 37.04%     
---------------------------- TRAINING EPOCH: 20 ----------------------------   
client [69] (testset)   loss: 2.0674 -> 1.0645  accuracy: 63.83% -> 63.83%     
client [99] (testset)   loss: 2.0624 -> 1.1854  accuracy: 0.00% -> 63.53%      
client [67] (testset)   loss: 2.0839 -> 1.1357  accuracy: 0.30% -> 55.29%      
client [0]  (testset)   loss: 2.0896 -> 0.9310  accuracy: 6.17% -> 60.35%      
client [76] (testset)   loss: 1.8199 -> 1.2995  accuracy: 52.13% -> 52.13%     
client [41] (testset)   loss: 1.8398 -> 0.8431  accuracy: 4.23% -> 59.15%      
client [62] (testset)   loss: 2.1610 -> 0.9074  accuracy: 10.00% -> 65.00%     
client [2]  (testset)   loss: 2.6908 -> 1.6573  accuracy: 5.71% -> 37.14%      
client [14] (testset)   loss: 1.0710 -> 0.1613  accuracy: 97.22% -> 97.22%     
client [46] (testset)   loss: 1.8853 -> 0.9067  accuracy: 59.30% -> 36.63%     
---------------------------- TRAINING EPOCH: 30 ----------------------------   
client [24] (testset)   loss: 0.2873 -> 0.1560  accuracy: 96.84% -> 96.84%     
client [68] (testset)   loss: 1.8405 -> 0.0114  accuracy: 0.00% -> 100.00%     
client [57] (testset)   loss: 2.5047 -> 0.5829  accuracy: 0.00% -> 79.69%      
client [17] (testset)   loss: 1.9429 -> 1.5054  accuracy: 38.46% -> 38.46%     
client [54] (testset)   loss: 3.5610 -> 0.6094  accuracy: 0.00% -> 80.00%      
client [23] (testset)   loss: 2.7486 -> 0.9348  accuracy: 36.67% -> 56.67%     
client [35] (testset)   loss: 1.6482 -> 1.1809  accuracy: 46.30% -> 46.30%     
client [59] (testset)   loss: 2.2888 -> 0.9317  accuracy: 52.00% -> 52.00%     
client [31] (testset)   loss: 4.0432 -> 1.5545  accuracy: 0.00% -> 55.00%      
client [9]  (testset)   loss: 1.4497 -> 0.7100  accuracy: 9.27% -> 83.44%      
---------------------------- TRAINING EPOCH: 40 ----------------------------   
client [64] (testset)   loss: 2.0796 -> 1.4473  accuracy: 0.00% -> 66.67%      
client [33] (testset)   loss: 1.5803 -> 0.6936  accuracy: 0.00% -> 75.00%      
client [16] (testset)   loss: 0.8049 -> 0.3079  accuracy: 92.63% -> 92.63%     
client [44] (testset)   loss: 3.1305 -> 1.8510  accuracy: 7.69% -> 61.54%      
client [8]  (testset)   loss: 2.9694 -> 1.8143  accuracy: 2.27% -> 40.91%      
client [31] (testset)   loss: 4.1919 -> 2.1059  accuracy: 10.00% -> 55.00%     
client [47] (testset)   loss: 2.4447 -> 1.0374  accuracy: 11.81% -> 39.76%     
client [36] (testset)   loss: 2.5267 -> 1.4018  accuracy: 30.00% -> 37.50%     
client [20] (testset)   loss: 1.6585 -> 0.5682  accuracy: 2.07% -> 88.08%      
client [56] (testset)   loss: 3.2856 -> 1.6275  accuracy: 0.00% -> 16.39%      
---------------------------- TRAINING EPOCH: 50 ----------------------------   
client [4]  (testset)   loss: 1.1518 -> 0.9342  accuracy: 76.74% -> 76.74%     
client [60] (testset)   loss: 1.0017 -> 0.1768  accuracy: 96.62% -> 96.62%     
client [28] (testset)   loss: 1.9592 -> 0.9823  accuracy: 4.35% -> 73.37%      
client [25] (testset)   loss: 2.1619 -> 0.8229  accuracy: 0.00% -> 73.02%      
client [58] (testset)   loss: 1.0420 -> 0.2298  accuracy: 94.34% -> 94.34%     
client [44] (testset)   loss: 1.6685 -> 1.6757  accuracy: 61.54% -> 61.54%     
client [39] (testset)   loss: 1.9254 -> 1.5890  accuracy: 43.40% -> 43.40%     
client [29] (testset)   loss: 2.0521 -> 0.9446  accuracy: 10.05% -> 73.87%     
client [3]  (testset)   loss: 1.7949 -> 0.7576  accuracy: 63.64% -> 63.64%     
client [84] (testset)   loss: 1.6417 -> 0.8095  accuracy: 56.96% -> 56.96%     
---------------------------- TRAINING EPOCH: 60 ----------------------------   
client [21] (testset)   loss: 1.8987 -> 0.8775  accuracy: 0.00% -> 53.44%      
client [84] (testset)   loss: 1.1147 -> 0.8048  accuracy: 56.96% -> 56.96%     
client [10] (testset)   loss: 3.0231 -> 0.9758  accuracy: 0.48% -> 39.61%      
client [36] (testset)   loss: 1.9630 -> 1.4313  accuracy: 30.00% -> 30.00%     
client [65] (testset)   loss: 0.9691 -> 0.6389  accuracy: 83.56% -> 83.56%     
client [81] (testset)   loss: 1.7104 -> 0.7897  accuracy: 43.60% -> 54.74%     
client [79] (testset)   loss: 1.5409 -> 0.9361  accuracy: 77.78% -> 77.78%     
client [42] (testset)   loss: 1.8348 -> 1.1123  accuracy: 58.33% -> 58.33%     
client [11] (testset)   loss: 2.4466 -> 1.1643  accuracy: 0.00% -> 50.88%      
client [96] (testset)   loss: 1.9649 -> 1.2042  accuracy: 9.05% -> 55.39%      
---------------------------- TRAINING EPOCH: 70 ----------------------------   
client [8]  (testset)   loss: 2.8229 -> 1.7273  accuracy: 2.27% -> 40.91%      
client [53] (testset)   loss: 1.3447 -> 0.2283  accuracy: 94.85% -> 94.85%     
client [52] (testset)   loss: 1.3644 -> 0.8754  accuracy: 75.22% -> 75.22%     
client [42] (testset)   loss: 2.6296 -> 1.1043  accuracy: 30.00% -> 58.33%     
client [69] (testset)   loss: 1.4019 -> 1.1527  accuracy: 63.83% -> 63.83%     
client [59] (testset)   loss: 2.0709 -> 0.9481  accuracy: 42.00% -> 52.00%     
client [7]  (testset)   loss: 2.2516 -> 0.4752  accuracy: 0.00% -> 88.85%      
client [26] (testset)   loss: 3.0241 -> 1.2755  accuracy: 0.00% -> 50.53%      
client [49] (testset)   loss: 1.4258 -> 0.7796  accuracy: 79.77% -> 79.77%     
client [98] (testset)   loss: 1.2813 -> 0.9557  accuracy: 74.68% -> 74.68%     
---------------------------- TRAINING EPOCH: 80 ----------------------------   
client [98] (testset)   loss: 1.3195 -> 0.9619  accuracy: 74.68% -> 74.68%     
client [47] (testset)   loss: 2.5532 -> 1.0242  accuracy: 11.81% -> 48.19%     
client [21] (testset)   loss: 2.8445 -> 0.8967  accuracy: 0.00% -> 53.44%      
client [77] (testset)   loss: 2.4329 -> 1.2960  accuracy: 58.33% -> 58.33%     
client [95] (testset)   loss: 0.4301 -> 0.2731  accuracy: 94.83% -> 94.83%     
client [91] (testset)   loss: 1.0965 -> 0.6319  accuracy: 88.24% -> 88.24%     
client [14] (testset)   loss: 0.1950 -> 0.1767  accuracy: 97.22% -> 97.22%     
client [99] (testset)   loss: 1.8206 -> 1.1894  accuracy: 16.47% -> 63.53%     
client [20] (testset)   loss: 2.4388 -> 0.6094  accuracy: 2.07% -> 88.08%      
client [39] (testset)   loss: 2.8838 -> 1.5753  accuracy: 9.43% -> 43.40%      
---------------------------- TRAINING EPOCH: 90 ----------------------------   
client [52] (testset)   loss: 2.2890 -> 0.8679  accuracy: 0.88% -> 75.22%      
client [62] (testset)   loss: 1.7445 -> 0.9237  accuracy: 65.00% -> 65.00%     
client [71] (testset)   loss: 1.9782 -> 1.2970  accuracy: 0.00% -> 50.00%      
client [97] (testset)   loss: 2.5298 -> 1.3588  accuracy: 0.00% -> 47.72%      
client [30] (testset)   loss: 1.2215 -> 0.9014  accuracy: 54.29% -> 54.29%     
client [88] (testset)   loss: 2.6312 -> 1.1727  accuracy: 0.00% -> 67.57%      
client [60] (testset)   loss: 0.8349 -> 0.1870  accuracy: 96.62% -> 96.62%     
client [82] (testset)   loss: 2.3794 -> 1.7258  accuracy: 11.63% -> 46.51%     
client [91] (testset)   loss: 2.2586 -> 0.5988  accuracy: 0.00% -> 88.24%      
client [57] (testset)   loss: 2.3304 -> 0.5634  accuracy: 19.53% -> 79.69%     
---------------------------- TRAINING EPOCH: 100 ----------------------------  
client [31] (testset)   loss: 2.1139 -> 1.5186  accuracy: 55.00% -> 55.00%     
client [15] (testset)   loss: 2.4518 -> 0.8258  accuracy: 17.65% -> 76.47%     
client [71] (testset)   loss: 1.7074 -> 1.2910  accuracy: 50.00% -> 50.00%     
client [97] (testset)   loss: 1.5829 -> 1.3341  accuracy: 47.72% -> 47.72%     
client [53] (testset)   loss: 1.2599 -> 0.2318  accuracy: 94.85% -> 94.85%     
client [77] (testset)   loss: 2.1207 -> 0.9996  accuracy: 1.19% -> 58.33%      
client [76] (testset)   loss: 1.9784 -> 1.2832  accuracy: 52.13% -> 52.13%     
client [79] (testset)   loss: 1.8678 -> 0.9770  accuracy: 77.78% -> 77.78%     
client [28] (testset)   loss: 1.2726 -> 0.9514  accuracy: 73.37% -> 73.37%     
client [99] (testset)   loss: 1.4816 -> 1.1722  accuracy: 63.53% -> 63.53%     
---------------------------- TRAINING EPOCH: 110 ----------------------------  
client [97] (testset)   loss: 1.6858 -> 1.3785  accuracy: 47.72% -> 47.72%     
client [86] (testset)   loss: 0.6635 -> 0.5063  accuracy: 84.66% -> 84.66%     
client [34] (testset)   loss: 2.7085 -> 1.3573  accuracy: 16.05% -> 37.04%     
client [73] (testset)   loss: 2.5146 -> 0.7736  accuracy: 40.00% -> 40.00%     
client [5]  (testset)   loss: 1.8246 -> 1.4543  accuracy: 23.08% -> 43.96%     
client [96] (testset)   loss: 2.2731 -> 1.2418  accuracy: 21.98% -> 55.39%     
client [22] (testset)   loss: 1.1632 -> 0.4122  accuracy: 89.95% -> 89.95%     
client [60] (testset)   loss: 0.8288 -> 0.2300  accuracy: 96.62% -> 96.62%     
client [66] (testset)   loss: 1.9281 -> 1.1224  accuracy: 50.78% -> 50.78%     
client [83] (testset)   loss: 1.2789 -> 0.6874  accuracy: 85.00% -> 85.00%     
---------------------------- TRAINING EPOCH: 120 ----------------------------  
client [76] (testset)   loss: 1.7826 -> 1.3008  accuracy: 52.13% -> 52.13%     
client [65] (testset)   loss: 0.9422 -> 0.5716  accuracy: 83.56% -> 83.56%     
client [95] (testset)   loss: 1.5281 -> 0.5021  accuracy: 1.72% -> 94.83%      
client [17] (testset)   loss: 2.6600 -> 1.5197  accuracy: 9.23% -> 27.69%      
client [8]  (testset)   loss: 2.2633 -> 1.7227  accuracy: 22.73% -> 40.91%     
client [35] (testset)   loss: 2.1781 -> 1.2206  accuracy: 0.00% -> 46.30%      
client [98] (testset)   loss: 1.1738 -> 0.9521  accuracy: 74.68% -> 74.68%     
client [53] (testset)   loss: 0.4466 -> 0.2335  accuracy: 94.85% -> 94.85%     
client [43] (testset)   loss: 1.4125 -> 0.3285  accuracy: 93.29% -> 93.29%     
client [64] (testset)   loss: 1.7813 -> 1.1858  accuracy: 66.67% -> 66.67%     
---------------------------- TRAINING EPOCH: 130 ----------------------------  
client [21] (testset)   loss: 2.8376 -> 0.9070  accuracy: 2.91% -> 53.44%      
client [88] (testset)   loss: 2.6550 -> 1.2691  accuracy: 0.00% -> 67.57%      
client [38] (testset)   loss: 2.1438 -> 1.0823  accuracy: 4.76% -> 66.67%      
client [3]  (testset)   loss: 2.0538 -> 1.1297  accuracy: 0.00% -> 36.36%      
client [5]  (testset)   loss: 2.5789 -> 1.4857  accuracy: 0.00% -> 43.96%      
client [41] (testset)   loss: 2.7778 -> 0.8422  accuracy: 0.00% -> 59.15%      
client [7]  (testset)   loss: 1.0965 -> 0.4777  accuracy: 88.85% -> 88.85%     
client [37] (testset)   loss: 2.0668 -> 0.4827  accuracy: 0.00% -> 87.45%      
client [45] (testset)   loss: 3.2111 -> 1.5721  accuracy: 22.00% -> 44.00%     
client [47] (testset)   loss: 2.8402 -> 1.0001  accuracy: 0.00% -> 39.76%      
---------------------------- TRAINING EPOCH: 140 ----------------------------  
client [16] (testset)   loss: 1.1711 -> 0.2986  accuracy: 92.63% -> 92.63%     
client [11] (testset)   loss: 1.6930 -> 1.1785  accuracy: 50.88% -> 50.88%     
client [37] (testset)   loss: 0.8371 -> 0.4935  accuracy: 87.45% -> 87.45%     
client [41] (testset)   loss: 1.3833 -> 0.8398  accuracy: 59.15% -> 59.15%     
client [95] (testset)   loss: 0.4828 -> 0.2831  accuracy: 94.83% -> 94.83%     
client [53] (testset)   loss: 2.1837 -> 0.2327  accuracy: 5.15% -> 94.85%      
client [22] (testset)   loss: 1.3885 -> 0.4104  accuracy: 89.95% -> 89.95%     
client [25] (testset)   loss: 1.9569 -> 0.7725  accuracy: 23.81% -> 73.02%     
client [69] (testset)   loss: 1.8778 -> 1.0448  accuracy: 63.83% -> 63.83%     
client [46] (testset)   loss: 1.5323 -> 0.8524  accuracy: 59.30% -> 59.30%     
---------------------------- TRAINING EPOCH: 150 ----------------------------  
client [47] (testset)   loss: 1.5320 -> 0.9965  accuracy: 39.76% -> 48.19%     
client [69] (testset)   loss: 2.0602 -> 1.0392  accuracy: 4.26% -> 63.83%      
client [82] (testset)   loss: 2.4655 -> 1.5653  accuracy: 11.63% -> 46.51%     
client [45] (testset)   loss: 2.7360 -> 1.6180  accuracy: 6.00% -> 44.00%      
client [7]  (testset)   loss: 2.7178 -> 0.4890  accuracy: 0.00% -> 88.85%      
client [50] (testset)   loss: 1.4540 -> 0.6824  accuracy: 79.27% -> 79.27%     
client [35] (testset)   loss: 1.2931 -> 1.1760  accuracy: 46.30% -> 46.30%     
client [24] (testset)   loss: 1.6165 -> 0.1566  accuracy: 0.00% -> 96.84%      
client [15] (testset)   loss: 2.1596 -> 0.8517  accuracy: 0.00% -> 76.47%      
client [58] (testset)   loss: 1.8112 -> 0.2253  accuracy: 0.00% -> 94.34%      
---------------------------- TRAINING EPOCH: 160 ----------------------------  
client [48] (testset)   loss: 2.1262 -> 0.7493  accuracy: 0.00% -> 74.14%      
client [76] (testset)   loss: 2.6773 -> 1.3076  accuracy: 0.00% -> 52.13%      
client [67] (testset)   loss: 1.2677 -> 1.2187  accuracy: 55.29% -> 55.29%     
client [37] (testset)   loss: 2.0604 -> 0.4828  accuracy: 0.00% -> 87.45%      
client [58] (testset)   loss: 1.5017 -> 0.2341  accuracy: 0.00% -> 94.34%      
client [64] (testset)   loss: 1.8449 -> 1.4071  accuracy: 0.00% -> 66.67%      
client [77] (testset)   loss: 2.4880 -> 1.0113  accuracy: 1.19% -> 58.33%      
client [55] (testset)   loss: 2.9658 -> 1.8069  accuracy: 12.50% -> 50.00%     
client [12] (testset)   loss: 0.7177 -> 0.5199  accuracy: 86.14% -> 86.14%     
client [89] (testset)   loss: 2.6407 -> 1.8982  accuracy: 18.75% -> 18.75%     
---------------------------- TRAINING EPOCH: 170 ----------------------------  
client [84] (testset)   loss: 1.3712 -> 0.8825  accuracy: 40.51% -> 40.51%     
client [51] (testset)   loss: 1.6378 -> 0.8212  accuracy: 66.67% -> 66.67%     
client [8]  (testset)   loss: 3.6510 -> 1.7589  accuracy: 0.00% -> 40.91%      
client [18] (testset)   loss: 1.6432 -> 0.9408  accuracy: 65.38% -> 65.38%     
client [94] (testset)   loss: 1.5876 -> 1.4088  accuracy: 50.00% -> 50.00%     
client [81] (testset)   loss: 1.0237 -> 0.8455  accuracy: 54.74% -> 54.74%     
client [3]  (testset)   loss: 1.5692 -> 0.7457  accuracy: 63.64% -> 63.64%     
client [11] (testset)   loss: 1.7164 -> 1.1726  accuracy: 50.88% -> 50.88%     
client [95] (testset)   loss: 0.4595 -> 0.3029  accuracy: 94.83% -> 94.83%     
client [67] (testset)   loss: 1.3226 -> 1.1838  accuracy: 55.29% -> 55.29%     
---------------------------- TRAINING EPOCH: 180 ----------------------------  
client [21] (testset)   loss: 2.9695 -> 0.8994  accuracy: 0.00% -> 53.44%      
client [79] (testset)   loss: 1.2026 -> 0.9143  accuracy: 77.78% -> 77.78%     
client [58] (testset)   loss: 0.3436 -> 0.2283  accuracy: 94.34% -> 94.34%     
client [88] (testset)   loss: 1.9905 -> 1.1443  accuracy: 8.11% -> 67.57%      
client [46] (testset)   loss: 2.5725 -> 0.8983  accuracy: 0.00% -> 59.30%      
client [11] (testset)   loss: 1.5681 -> 1.1897  accuracy: 26.21% -> 50.88%     
client [55] (testset)   loss: 1.6643 -> 1.6427  accuracy: 50.00% -> 50.00%     
client [13] (testset)   loss: 0.1682 -> 0.1409  accuracy: 97.78% -> 97.78%     
client [31] (testset)   loss: 4.4877 -> 1.5850  accuracy: 0.00% -> 55.00%      
client [75] (testset)   loss: 2.0864 -> 1.5241  accuracy: 38.38% -> 29.15%     
---------------------------- TRAINING EPOCH: 190 ----------------------------  
client [19] (testset)   loss: 1.9984 -> 1.5571  accuracy: 37.50% -> 37.50%     
client [7]  (testset)   loss: 0.5812 -> 0.4953  accuracy: 88.85% -> 88.85%     
client [57] (testset)   loss: 0.9359 -> 0.6718  accuracy: 79.69% -> 79.69%     
client [13] (testset)   loss: 0.1568 -> 0.1512  accuracy: 97.78% -> 97.78%     
client [43] (testset)   loss: 0.4669 -> 0.3202  accuracy: 93.29% -> 93.29%     
client [91] (testset)   loss: 3.9297 -> 0.5895  accuracy: 0.00% -> 88.24%      
client [10] (testset)   loss: 2.3786 -> 0.9366  accuracy: 39.61% -> 53.62%     
client [64] (testset)   loss: 1.5442 -> 1.3097  accuracy: 66.67% -> 66.67%     
client [82] (testset)   loss: 2.2889 -> 1.6162  accuracy: 0.00% -> 46.51%      
client [22] (testset)   loss: 1.8601 -> 0.4317  accuracy: 3.20% -> 89.95%      
---------------------------- TRAINING EPOCH: 200 ----------------------------  
client [20] (testset)   loss: 1.4194 -> 0.6066  accuracy: 88.08% -> 88.08%     
client [23] (testset)   loss: 1.2936 -> 0.9478  accuracy: 56.67% -> 36.67%     
client [88] (testset)   loss: 2.7937 -> 1.1299  accuracy: 0.00% -> 67.57%      
client [98] (testset)   loss: 1.5972 -> 0.9477  accuracy: 14.56% -> 74.68%     
client [79] (testset)   loss: 3.2662 -> 0.9305  accuracy: 0.00% -> 77.78%      
client [21] (testset)   loss: 1.8729 -> 0.8989  accuracy: 53.44% -> 53.44%     
client [92] (testset)   loss: 0.9917 -> 1.1575  accuracy: 63.64% -> 63.64%     
client [56] (testset)   loss: 2.8504 -> 1.5832  accuracy: 0.00% -> 44.26%      
client [5]  (testset)   loss: 2.6720 -> 1.4679  accuracy: 21.98% -> 43.96%     
client [52] (testset)   loss: 1.2368 -> 0.8629  accuracy: 75.22% -> 75.22%     
FedDpag's average time taken by each global epoch: 0 min 2.33 sec.             
FedDpag's total running time: 0 h 7 m 51 s.                                    
==================== FedDpag Experiment Results: ====================          
Display format: (before local fine-tuning) -> (after local fine-tuning)        
 So if finetune_epoch = 0, x.xx% -> 0.00% is normal.                           
 Centralized testing ONLY happens after model aggregation, so the stats between
'->' are the same.                                                             
{                                                                              
    "100": {                                                                   
        "all_clients": {                                                       
            "test": {                                                          
                "loss": "1.4669 -> 0.0000",                                    
                "accuracy": "55.10% -> 0.00%"                                  
            }                                                                  
        }                                                                      
    },                                                                         
    "200": {                                                                   
        "all_clients": {                                                       
            "test": {                                                          
                "loss": "1.5120 -> 0.0000",                                    
                "accuracy": "54.15% -> 0.00%"                                  
            }                                                                  
        }                                                                      
    }                                                                          
}                                                                              
==================== FedDpag Max Accuracy ====================                 
all_clients:                                                                   
(test) before fine-tuning: 55.10% at epoch 100                                 
(test) after fine-tuning: 0.00% at epoch 100                                   
