==================== FedFew ====================                               
Experiment Arguments:                                                          
{
    'method': 'fedfew',
    'dataset': {
        'name': 'medmnistA',
        'client_num': 100,
        'test_ratio': 0.25,
        'val_ratio': 0.0,
        'seed': 42,
        'split': 'sample',
        'IID_ratio': 0.0,
        'monitor_window_name_suffix': 'medmnistA-100clients-0%IID-Dir(0.1)-seed42',
        'alpha': 0.1,
        'min_samples_per_client': 10
    },
    'model': {
        'name': 'avgcnn',
        'use_torchvision_pretrained_weights': True,
        'external_model_weights_path': None
    },
    'optimizer': {
        'lr': 0.01,
        'dampening': 0,
        'weight_decay': 0,
        'momentum': 0.7,
        'nesterov': False,
        'name': 'sgd'
    },
    'mode': 'serial',
    'parallel': {
        'ray_cluster_addr': None,
        'num_cpus': None,
        'num_gpus': None,
        'num_workers': 2
    },
    'common': {
        'seed': 42,
        'join_ratio': 0.1,
        'global_epoch': 200,
        'local_epoch': 5,
        'batch_size': 32,
        'reset_optimizer_on_global_epoch': True,
        'straggler_ratio': 0,
        'straggler_min_local_epoch': 0,
        'buffers': 'global',
        'client_side_evaluation': True,
        'test': {
            'client': {
                'interval': 100,
                'finetune_epoch': 0,
                'train': False,
                'val': False,
                'test': True
            },
            'server': {
                'interval': -1,
                'train': False,
                'val': False,
                'test': True,
                'model_in_train_mode': False
            }
        },
        'verbose_gap': 10,
        'monitor': None,
        'use_cuda': True,
        'save_log': True,
        'save_model': False,
        'save_learning_curve_plot': True,
        'save_metrics': True,
        'delete_useless_run': True
    },
    'fedprox': {
        'mu': 0.01
    },
    'pfedsim': {
        'warmup_round': 0.5
    },
    'fedfew': {
        'ig_ratio': 0.996,
        'alpha': 0.5,
        'norm': 'global',
        'EMA': False,
        'track': False,
        'type': 'Main'
    }
}
---------------------------- TRAINING EPOCH: 10 ----------------------------   
client [77] (testset)   loss: 1.0873 -> 0.9787  accuracy: 58.33% -> 58.33%     
client [81] (testset)   loss: 0.8817 -> 0.8109  accuracy: 43.60% -> 54.74%     
client [21] (testset)   loss: 2.9533 -> 0.9011  accuracy: 1.59% -> 53.44%      
client [68] (testset)   loss: 0.4200 -> 0.0176  accuracy: 100.00% -> 100.00%   
client [93] (testset)   loss: 1.0039 -> 0.6416  accuracy: 88.89% -> 88.89%     
client [31] (testset)   loss: 2.2093 -> 1.4183  accuracy: 0.00% -> 55.00%      
client [20] (testset)   loss: 0.6156 -> 0.5931  accuracy: 88.08% -> 88.08%     
client [59] (testset)   loss: 2.2218 -> 0.9612  accuracy: 0.00% -> 52.00%      
client [48] (testset)   loss: 0.8354 -> 0.7329  accuracy: 74.14% -> 74.14%     
client [34] (testset)   loss: 1.4457 -> 1.4046  accuracy: 37.04% -> 28.40%     
---------------------------- TRAINING EPOCH: 20 ----------------------------   
client [69] (testset)   loss: 1.1762 -> 1.1678  accuracy: 63.83% -> 63.83%     
client [99] (testset)   loss: 1.2539 -> 1.1723  accuracy: 63.53% -> 63.53%     
client [67] (testset)   loss: 1.1972 -> 1.1268  accuracy: 55.29% -> 55.29%     
client [0]  (testset)   loss: 0.9406 -> 0.9008  accuracy: 60.35% -> 60.35%     
client [76] (testset)   loss: 1.3361 -> 1.2704  accuracy: 52.13% -> 52.13%     
client [41] (testset)   loss: 1.0759 -> 0.8252  accuracy: 36.62% -> 59.15%     
client [62] (testset)   loss: 2.2594 -> 0.9401  accuracy: 0.00% -> 65.00%      
client [2]  (testset)   loss: 2.5672 -> 1.6425  accuracy: 21.43% -> 37.14%     
client [14] (testset)   loss: 0.1860 -> 0.1687  accuracy: 97.22% -> 97.22%     
client [46] (testset)   loss: 0.8748 -> 0.8302  accuracy: 59.30% -> 59.30%     
---------------------------- TRAINING EPOCH: 30 ----------------------------   
client [24] (testset)   loss: 0.1954 -> 0.1649  accuracy: 96.84% -> 96.84%     
client [68] (testset)   loss: 0.0158 -> 0.0212  accuracy: 100.00% -> 100.00%   
client [57] (testset)   loss: 0.8778 -> 0.6248  accuracy: 19.53% -> 79.69%     
client [17] (testset)   loss: 1.4672 -> 1.4812  accuracy: 38.46% -> 21.54%     
client [54] (testset)   loss: 0.7097 -> 0.6518  accuracy: 80.00% -> 80.00%     
client [23] (testset)   loss: 2.4834 -> 0.9278  accuracy: 36.67% -> 56.67%     
client [35] (testset)   loss: 1.1795 -> 1.1968  accuracy: 46.30% -> 32.87%     
client [59] (testset)   loss: 1.0490 -> 0.9511  accuracy: 52.00% -> 52.00%     
client [31] (testset)   loss: 1.4845 -> 1.3740  accuracy: 55.00% -> 55.00%     
client [9]  (testset)   loss: 0.6635 -> 0.6562  accuracy: 83.44% -> 83.44%     
---------------------------- TRAINING EPOCH: 40 ----------------------------   
client [64] (testset)   loss: 0.7489 -> 0.7700  accuracy: 66.67% -> 66.67%     
client [33] (testset)   loss: 0.8505 -> 0.6975  accuracy: 75.00% -> 75.00%     
client [16] (testset)   loss: 0.3271 -> 0.2993  accuracy: 92.63% -> 92.63%     
client [44] (testset)   loss: 1.3792 -> 1.6295  accuracy: 61.54% -> 0.00%      
client [8]  (testset)   loss: 1.7527 -> 1.7647  accuracy: 40.91% -> 40.91%     
client [31] (testset)   loss: 1.3588 -> 1.3705  accuracy: 55.00% -> 55.00%     
client [47] (testset)   loss: 1.0065 -> 1.0025  accuracy: 48.19% -> 48.19%     
client [36] (testset)   loss: 1.6076 -> 1.4195  accuracy: 30.00% -> 37.50%     
client [20] (testset)   loss: 0.5847 -> 0.5907  accuracy: 88.08% -> 88.08%     
client [56] (testset)   loss: 1.5498 -> 1.6101  accuracy: 44.26% -> 16.39%     
---------------------------- TRAINING EPOCH: 50 ----------------------------   
client [4]  (testset)   loss: 0.8512 -> 0.8784  accuracy: 76.74% -> 76.74%     
client [60] (testset)   loss: 0.2181 -> 0.1798  accuracy: 96.62% -> 96.62%     
client [28] (testset)   loss: 0.9678 -> 1.0637  accuracy: 73.37% -> 73.37%     
client [25] (testset)   loss: 0.8024 -> 0.7916  accuracy: 73.02% -> 73.02%     
client [58] (testset)   loss: 0.2493 -> 0.2308  accuracy: 94.34% -> 94.34%     
client [44] (testset)   loss: 1.4987 -> 1.6933  accuracy: 61.54% -> 61.54%     
client [39] (testset)   loss: 1.5801 -> 1.5937  accuracy: 43.40% -> 43.40%     
client [29] (testset)   loss: 0.9293 -> 0.9111  accuracy: 73.87% -> 73.87%     
client [3]  (testset)   loss: 0.9375 -> 0.8622  accuracy: 63.64% -> 63.64%     
client [84] (testset)   loss: 0.8216 -> 0.8051  accuracy: 40.51% -> 56.96%     
---------------------------- TRAINING EPOCH: 60 ----------------------------   
client [21] (testset)   loss: 0.8929 -> 0.8788  accuracy: 42.06% -> 53.44%     
client [84] (testset)   loss: 0.8074 -> 0.8097  accuracy: 56.96% -> 56.96%     
client [10] (testset)   loss: 0.9534 -> 0.9349  accuracy: 53.62% -> 53.62%     
client [36] (testset)   loss: 1.4027 -> 1.4085  accuracy: 37.50% -> 30.00%     
client [65] (testset)   loss: 0.5738 -> 0.5665  accuracy: 83.56% -> 83.56%     
client [81] (testset)   loss: 0.7881 -> 0.7935  accuracy: 54.74% -> 54.74%     
client [79] (testset)   loss: 1.0351 -> 1.0345  accuracy: 77.78% -> 77.78%     
client [42] (testset)   loss: 1.1335 -> 1.1462  accuracy: 58.33% -> 58.33%     
client [11] (testset)   loss: 1.1871 -> 1.1998  accuracy: 50.88% -> 50.88%     
client [96] (testset)   loss: 1.2092 -> 1.2707  accuracy: 55.39% -> 55.39%     
---------------------------- TRAINING EPOCH: 70 ----------------------------   
client [8]  (testset)   loss: 1.7337 -> 1.6994  accuracy: 40.91% -> 40.91%     
client [53] (testset)   loss: 0.2375 -> 0.2804  accuracy: 94.85% -> 94.85%     
client [52] (testset)   loss: 0.8627 -> 0.8665  accuracy: 75.22% -> 75.22%     
client [42] (testset)   loss: 1.1019 -> 1.1198  accuracy: 58.33% -> 58.33%     
client [69] (testset)   loss: 1.0783 -> 1.0739  accuracy: 63.83% -> 63.83%     
client [59] (testset)   loss: 1.0053 -> 0.9201  accuracy: 52.00% -> 52.00%     
client [7]  (testset)   loss: 0.4794 -> 0.5058  accuracy: 88.85% -> 88.85%     
client [26] (testset)   loss: 1.2867 -> 1.2528  accuracy: 50.53% -> 50.53%     
client [49] (testset)   loss: 0.7479 -> 0.7332  accuracy: 79.77% -> 79.77%     
client [98] (testset)   loss: 0.9421 -> 0.9805  accuracy: 74.68% -> 74.68%     
---------------------------- TRAINING EPOCH: 80 ----------------------------   
client [98] (testset)   loss: 0.9485 -> 0.9633  accuracy: 74.68% -> 74.68%     
client [47] (testset)   loss: 0.9990 -> 0.9979  accuracy: 48.19% -> 48.19%     
client [21] (testset)   loss: 0.8830 -> 0.8778  accuracy: 53.44% -> 53.44%     
client [77] (testset)   loss: 1.0391 -> 1.1938  accuracy: 58.33% -> 58.33%     
client [95] (testset)   loss: 0.3257 -> 0.2801  accuracy: 94.83% -> 94.83%     
client [91] (testset)   loss: 0.6096 -> 0.7544  accuracy: 88.24% -> 88.24%     
client [14] (testset)   loss: 0.1684 -> 0.1672  accuracy: 97.22% -> 97.22%     
client [99] (testset)   loss: 1.1827 -> 1.1694  accuracy: 63.53% -> 63.53%     
client [20] (testset)   loss: 0.5962 -> 0.5957  accuracy: 88.08% -> 88.08%     
client [39] (testset)   loss: 1.6171 -> 1.5845  accuracy: 20.75% -> 43.40%     
---------------------------- TRAINING EPOCH: 90 ----------------------------   
client [52] (testset)   loss: 0.8645 -> 0.8674  accuracy: 75.22% -> 75.22%     
client [62] (testset)   loss: 0.9031 -> 0.9089  accuracy: 65.00% -> 65.00%     
client [71] (testset)   loss: 1.2753 -> 1.2976  accuracy: 50.00% -> 25.00%     
client [97] (testset)   loss: 1.3638 -> 1.3228  accuracy: 47.72% -> 47.72%     
client [30] (testset)   loss: 0.9012 -> 0.8874  accuracy: 41.43% -> 54.29%     
client [88] (testset)   loss: 1.1409 -> 1.0797  accuracy: 67.57% -> 67.57%     
client [60] (testset)   loss: 0.1780 -> 0.2169  accuracy: 96.62% -> 96.62%     
client [82] (testset)   loss: 1.5387 -> 1.5453  accuracy: 46.51% -> 46.51%     
client [91] (testset)   loss: 0.6930 -> 0.5371  accuracy: 88.24% -> 88.24%     
client [57] (testset)   loss: 0.5568 -> 0.5464  accuracy: 79.69% -> 79.69%     
---------------------------- TRAINING EPOCH: 100 ----------------------------  
client [31] (testset)   loss: 1.4235 -> 1.3762  accuracy: 55.00% -> 55.00%     
client [15] (testset)   loss: 0.9034 -> 0.9023  accuracy: 76.47% -> 76.47%     
client [71] (testset)   loss: 1.2763 -> 1.2670  accuracy: 50.00% -> 50.00%     
client [97] (testset)   loss: 1.3363 -> 1.3354  accuracy: 47.72% -> 47.72%     
client [53] (testset)   loss: 0.2404 -> 0.2157  accuracy: 94.85% -> 94.85%     
client [77] (testset)   loss: 1.0630 -> 1.0967  accuracy: 58.33% -> 58.33%     
client [76] (testset)   loss: 1.2851 -> 1.2919  accuracy: 52.13% -> 52.13%     
client [79] (testset)   loss: 1.0261 -> 1.1647  accuracy: 77.78% -> 77.78%     
client [28] (testset)   loss: 0.9625 -> 0.9618  accuracy: 73.37% -> 73.37%     
client [99] (testset)   loss: 1.1849 -> 1.1705  accuracy: 63.53% -> 63.53%     
---------------------------- TRAINING EPOCH: 110 ----------------------------  
client [97] (testset)   loss: 1.3385 -> 1.3157  accuracy: 47.72% -> 47.72%     
client [86] (testset)   loss: 0.5226 -> 0.5107  accuracy: 84.66% -> 84.66%     
client [34] (testset)   loss: 1.3580 -> 1.3698  accuracy: 37.04% -> 37.04%     
client [73] (testset)   loss: 0.7534 -> 0.7349  accuracy: 58.95% -> 58.95%     
client [5]  (testset)   loss: 1.4825 -> 1.4556  accuracy: 21.98% -> 43.96%     
client [96] (testset)   loss: 1.2141 -> 1.2067  accuracy: 55.39% -> 55.39%     
client [22] (testset)   loss: 0.4320 -> 0.4303  accuracy: 89.95% -> 89.95%     
client [60] (testset)   loss: 0.1855 -> 0.1814  accuracy: 96.62% -> 96.62%     
client [66] (testset)   loss: 1.1252 -> 1.0704  accuracy: 30.08% -> 50.78%     
client [83] (testset)   loss: 0.6102 -> 0.6434  accuracy: 85.00% -> 85.00%     
---------------------------- TRAINING EPOCH: 120 ----------------------------  
client [76] (testset)   loss: 1.2692 -> 1.2724  accuracy: 52.13% -> 52.13%     
client [65] (testset)   loss: 0.5726 -> 0.5648  accuracy: 83.56% -> 83.56%     
client [95] (testset)   loss: 0.2978 -> 0.3042  accuracy: 94.83% -> 94.83%     
client [17] (testset)   loss: 1.4771 -> 1.6585  accuracy: 21.54% -> 21.54%     
client [8]  (testset)   loss: 1.7041 -> 1.6752  accuracy: 40.91% -> 40.91%     
client [35] (testset)   loss: 1.1752 -> 1.1649  accuracy: 46.30% -> 46.30%     
client [98] (testset)   loss: 0.9441 -> 0.9819  accuracy: 74.68% -> 74.68%     
client [53] (testset)   loss: 0.2216 -> 0.2339  accuracy: 94.85% -> 94.85%     
client [43] (testset)   loss: 0.3172 -> 0.3163  accuracy: 93.29% -> 93.29%     
client [64] (testset)   loss: 0.8561 -> 0.8467  accuracy: 66.67% -> 66.67%     
---------------------------- TRAINING EPOCH: 130 ----------------------------  
client [21] (testset)   loss: 0.8764 -> 0.8758  accuracy: 53.44% -> 53.44%     
client [88] (testset)   loss: 1.0907 -> 1.1127  accuracy: 67.57% -> 67.57%     
client [38] (testset)   loss: 1.1101 -> 1.0752  accuracy: 66.67% -> 66.67%     
client [3]  (testset)   loss: 0.8632 -> 0.9151  accuracy: 63.64% -> 36.36%     
client [5]  (testset)   loss: 1.4769 -> 1.4447  accuracy: 43.96% -> 43.96%     
client [41] (testset)   loss: 0.8515 -> 0.8623  accuracy: 59.15% -> 59.15%     
client [7]  (testset)   loss: 0.4751 -> 0.4736  accuracy: 88.85% -> 88.85%     
client [37] (testset)   loss: 0.4742 -> 0.5287  accuracy: 87.45% -> 87.45%     
client [45] (testset)   loss: 1.5927 -> 1.5849  accuracy: 44.00% -> 44.00%     
client [47] (testset)   loss: 1.0118 -> 1.0197  accuracy: 48.19% -> 39.76%     
---------------------------- TRAINING EPOCH: 140 ----------------------------  
client [16] (testset)   loss: 0.2989 -> 0.3009  accuracy: 92.63% -> 92.63%     
client [11] (testset)   loss: 1.1737 -> 1.1716  accuracy: 50.88% -> 50.88%     
client [37] (testset)   loss: 0.4685 -> 0.4806  accuracy: 87.45% -> 87.45%     
client [41] (testset)   loss: 0.8517 -> 0.8601  accuracy: 59.15% -> 59.15%     
client [95] (testset)   loss: 0.2941 -> 0.2722  accuracy: 94.83% -> 94.83%     
client [53] (testset)   loss: 0.2249 -> 0.2351  accuracy: 94.85% -> 94.85%     
client [22] (testset)   loss: 0.4326 -> 0.4143  accuracy: 89.95% -> 89.95%     
client [25] (testset)   loss: 0.7819 -> 0.7497  accuracy: 73.02% -> 73.02%     
client [69] (testset)   loss: 1.0618 -> 1.0518  accuracy: 63.83% -> 63.83%     
client [46] (testset)   loss: 0.8411 -> 0.8444  accuracy: 59.30% -> 59.30%     
---------------------------- TRAINING EPOCH: 150 ----------------------------  
client [47] (testset)   loss: 0.9943 -> 1.0024  accuracy: 48.19% -> 39.76%     
client [69] (testset)   loss: 1.0717 -> 1.0988  accuracy: 63.83% -> 63.83%     
client [82] (testset)   loss: 1.5369 -> 1.5497  accuracy: 46.51% -> 46.51%     
client [45] (testset)   loss: 1.5567 -> 1.5439  accuracy: 44.00% -> 44.00%     
client [7]  (testset)   loss: 0.4713 -> 0.4754  accuracy: 88.85% -> 88.85%     
client [50] (testset)   loss: 0.6689 -> 0.6697  accuracy: 79.27% -> 79.27%     
client [35] (testset)   loss: 1.1776 -> 1.1688  accuracy: 46.30% -> 46.30%     
client [24] (testset)   loss: 0.1872 -> 0.1621  accuracy: 96.84% -> 96.84%     
client [15] (testset)   loss: 0.8911 -> 0.8991  accuracy: 76.47% -> 76.47%     
client [58] (testset)   loss: 0.2318 -> 0.2299  accuracy: 94.34% -> 94.34%     
---------------------------- TRAINING EPOCH: 160 ----------------------------  
client [48] (testset)   loss: 0.7297 -> 0.7520  accuracy: 74.14% -> 74.14%     
client [76] (testset)   loss: 1.2697 -> 1.2760  accuracy: 52.13% -> 52.13%     
client [67] (testset)   loss: 1.1191 -> 1.1440  accuracy: 55.29% -> 55.29%     
client [37] (testset)   loss: 0.4737 -> 0.4988  accuracy: 87.45% -> 87.45%     
client [58] (testset)   loss: 0.2375 -> 0.2389  accuracy: 94.34% -> 94.34%     
client [64] (testset)   loss: 0.7985 -> 0.8353  accuracy: 66.67% -> 66.67%     
client [77] (testset)   loss: 0.9790 -> 0.9517  accuracy: 58.33% -> 58.33%     
client [55] (testset)   loss: 1.8964 -> 1.9458  accuracy: 50.00% -> 50.00%     
client [12] (testset)   loss: 0.5168 -> 0.5320  accuracy: 86.14% -> 86.14%     
client [89] (testset)   loss: 2.0308 -> 1.9810  accuracy: 18.75% -> 18.75%     
---------------------------- TRAINING EPOCH: 170 ----------------------------  
client [84] (testset)   loss: 0.8088 -> 0.8038  accuracy: 56.96% -> 56.96%     
client [51] (testset)   loss: 0.8082 -> 0.8299  accuracy: 66.67% -> 66.67%     
client [8]  (testset)   loss: 1.7197 -> 1.6871  accuracy: 40.91% -> 40.91%     
client [18] (testset)   loss: 0.9533 -> 0.9692  accuracy: 65.38% -> 65.38%     
client [94] (testset)   loss: 1.3661 -> 1.3611  accuracy: 50.00% -> 50.00%     
client [81] (testset)   loss: 0.7912 -> 0.7922  accuracy: 54.74% -> 54.74%     
client [3]  (testset)   loss: 0.7557 -> 0.7261  accuracy: 63.64% -> 63.64%     
client [11] (testset)   loss: 1.1617 -> 1.2038  accuracy: 50.88% -> 50.88%     
client [95] (testset)   loss: 0.3030 -> 0.3287  accuracy: 94.83% -> 94.83%     
client [67] (testset)   loss: 1.1347 -> 1.1359  accuracy: 55.29% -> 55.29%     
---------------------------- TRAINING EPOCH: 180 ----------------------------  
client [21] (testset)   loss: 0.8755 -> 0.8873  accuracy: 53.44% -> 53.44%     
client [79] (testset)   loss: 1.0865 -> 1.1098  accuracy: 77.78% -> 77.78%     
client [58] (testset)   loss: 0.2362 -> 0.2238  accuracy: 94.34% -> 94.34%     
client [88] (testset)   loss: 1.0717 -> 1.0675  accuracy: 67.57% -> 67.57%     
client [46] (testset)   loss: 0.8368 -> 0.8428  accuracy: 59.30% -> 59.30%     
client [11] (testset)   loss: 1.1899 -> 1.1644  accuracy: 50.88% -> 50.88%     
client [55] (testset)   loss: 1.8786 -> 2.0101  accuracy: 50.00% -> 50.00%     
client [13] (testset)   loss: 0.1094 -> 0.1201  accuracy: 97.78% -> 97.78%     
client [31] (testset)   loss: 1.3823 -> 1.3517  accuracy: 55.00% -> 55.00%     
client [75] (testset)   loss: 1.4508 -> 1.4412  accuracy: 38.38% -> 29.15%     
---------------------------- TRAINING EPOCH: 190 ----------------------------  
client [19] (testset)   loss: 1.5225 -> 1.5152  accuracy: 37.50% -> 37.50%     
client [7]  (testset)   loss: 0.4727 -> 0.4901  accuracy: 88.85% -> 88.85%     
client [57] (testset)   loss: 0.5697 -> 0.5477  accuracy: 79.69% -> 79.69%     
client [13] (testset)   loss: 0.1240 -> 0.1192  accuracy: 97.78% -> 97.78%     
client [43] (testset)   loss: 0.3178 -> 0.3169  accuracy: 93.29% -> 93.29%     
client [91] (testset)   loss: 0.6293 -> 0.6594  accuracy: 88.24% -> 88.24%     
client [10] (testset)   loss: 0.9461 -> 0.9371  accuracy: 53.62% -> 39.61%     
client [64] (testset)   loss: 0.8723 -> 0.8509  accuracy: 66.67% -> 66.67%     
client [82] (testset)   loss: 1.5393 -> 1.5321  accuracy: 46.51% -> 46.51%     
client [22] (testset)   loss: 0.4466 -> 0.4112  accuracy: 89.95% -> 89.95%     
---------------------------- TRAINING EPOCH: 200 ----------------------------  
client [20] (testset)   loss: 0.5891 -> 0.5830  accuracy: 88.08% -> 88.08%     
client [23] (testset)   loss: 1.0284 -> 0.9220  accuracy: 56.67% -> 56.67%     
client [88] (testset)   loss: 1.0553 -> 1.0915  accuracy: 67.57% -> 67.57%     
client [98] (testset)   loss: 0.9552 -> 0.9642  accuracy: 74.68% -> 74.68%     
client [79] (testset)   loss: 1.0863 -> 1.1133  accuracy: 77.78% -> 77.78%     
client [21] (testset)   loss: 0.9019 -> 0.8773  accuracy: 53.44% -> 53.44%     
client [92] (testset)   loss: 1.2074 -> 0.7845  accuracy: 63.64% -> 63.64%     
client [56] (testset)   loss: 1.6024 -> 1.5851  accuracy: 16.39% -> 44.26%     
client [5]  (testset)   loss: 1.4430 -> 1.4440  accuracy: 43.96% -> 43.96%     
client [52] (testset)   loss: 0.8689 -> 0.9262  accuracy: 75.22% -> 75.22%     
FedFew's average time taken by each global epoch: 0 min 2.22 sec.              
FedFew's total running time: 0 h 7 m 28 s.                                     
==================== FedFew Experiment Results: ====================           
Display format: (before local fine-tuning) -> (after local fine-tuning)        
 So if finetune_epoch = 0, x.xx% -> 0.00% is normal.                           
 Centralized testing ONLY happens after model aggregation, so the stats between
'->' are the same.                                                             
{                                                                              
    "100": {                                                                   
        "all_clients": {                                                       
            "test": {                                                          
                "loss": "0.8504 -> 0.0000",                                    
                "accuracy": "67.11% -> 0.00%"                                  
            }                                                                  
        }                                                                      
    },                                                                         
    "200": {                                                                   
        "all_clients": {                                                       
            "test": {                                                          
                "loss": "0.8476 -> 0.0000",                                    
                "accuracy": "67.38% -> 0.00%"                                  
            }                                                                  
        }                                                                      
    }                                                                          
}                                                                              
==================== FedFew Max Accuracy ====================                  
all_clients:                                                                   
(test) before fine-tuning: 67.38% at epoch 200                                 
(test) after fine-tuning: 0.00% at epoch 100                                   
