==================== APFL ====================                                 
Experiment Arguments:                                                          
{
    'method': 'apfl',
    'dataset': {
        'name': 'medmnistA',
        'client_num': 100,
        'test_ratio': 0.25,
        'val_ratio': 0.0,
        'seed': 42,
        'split': 'sample',
        'IID_ratio': 0.0,
        'monitor_window_name_suffix': 'medmnistA-100clients-0%IID-Dir(0.1)-seed42',
        'alpha': 0.1,
        'min_samples_per_client': 10
    },
    'model': {
        'name': 'avgcnn',
        'use_torchvision_pretrained_weights': True,
        'external_model_weights_path': None
    },
    'optimizer': {
        'lr': 0.01,
        'dampening': 0,
        'weight_decay': 0,
        'momentum': 0.7,
        'nesterov': False,
        'name': 'sgd'
    },
    'mode': 'parallel',
    'parallel': {
        'ray_cluster_addr': None,
        'num_cpus': 24.0,
        'num_gpus': 1.0,
        'num_workers': 2
    },
    'common': {
        'seed': 42,
        'join_ratio': 0.1,
        'global_epoch': 400,
        'local_epoch': 5,
        'batch_size': 32,
        'reset_optimizer_on_global_epoch': True,
        'straggler_ratio': 0,
        'straggler_min_local_epoch': 0,
        'buffers': 'global',
        'client_side_evaluation': True,
        'test': {
            'client': {
                'interval': 100,
                'finetune_epoch': 5,
                'train': False,
                'val': False,
                'test': True
            },
            'server': {
                'interval': -1,
                'train': False,
                'val': False,
                'test': True,
                'model_in_train_mode': False
            }
        },
        'verbose_gap': 10,
        'monitor': None,
        'use_cuda': True,
        'save_log': True,
        'save_model': False,
        'save_learning_curve_plot': True,
        'save_metrics': True,
        'delete_useless_run': True
    },
    'fedprox': {
        'mu': 0.01
    },
    'pfedsim': {
        'warmup_round': 0.5
    },
    'apfl': {
        'alpha': 0.5,
        'adaptive_alpha': 1
    }
}
---------------------------- TRAINING EPOCH: 10 ----------------------------   
client [77] (testset)   loss: 1.2430 -> 1.1379  accuracy: 58.33% -> 58.33%     
client [81] (testset)   loss: 1.2357 -> 0.7906  accuracy: 43.60% -> 54.74%     
client [21] (testset)   loss: 2.9057 -> 0.8770  accuracy: 1.59% -> 53.44%      
client [93] (testset)   loss: 1.3302 -> 1.2344  accuracy: 88.89% -> 88.89%     
client [31] (testset)   loss: 2.0199 -> 1.4696  accuracy: 0.00% -> 55.00%      
client [68] (testset)   loss: 0.5174 -> 0.0359  accuracy: 100.00% -> 100.00%   
client [59] (testset)   loss: 2.3592 -> 0.9737  accuracy: 0.00% -> 42.00%      
client [20] (testset)   loss: 0.6142 -> 0.5941  accuracy: 88.08% -> 88.08%     
client [48] (testset)   loss: 1.1856 -> 0.7370  accuracy: 23.28% -> 74.14%     
client [34] (testset)   loss: 1.4491 -> 1.3550  accuracy: 37.04% -> 37.04%     
---------------------------- TRAINING EPOCH: 20 ----------------------------   
client [69] (testset)   loss: 1.2546 -> 1.0214  accuracy: 63.83% -> 63.83%     
client [99] (testset)   loss: 1.3354 -> 1.1769  accuracy: 63.53% -> 63.53%     
client [67] (testset)   loss: 1.2477 -> 1.1329  accuracy: 55.29% -> 55.29%     
client [0]  (testset)   loss: 1.0377 -> 0.9311  accuracy: 32.60% -> 60.35%     
client [41] (testset)   loss: 1.0253 -> 0.8433  accuracy: 59.15% -> 59.15%     
client [62] (testset)   loss: 2.2479 -> 0.9530  accuracy: 10.00% -> 65.00%     
client [76] (testset)   loss: 1.3550 -> 1.2718  accuracy: 52.13% -> 52.13%     
client [2]  (testset)   loss: 2.5338 -> 1.6646  accuracy: 0.00% -> 37.14%      
client [14] (testset)   loss: 0.2647 -> 0.1580  accuracy: 97.22% -> 97.22%     
client [46] (testset)   loss: 1.2142 -> 0.8621  accuracy: 36.63% -> 36.63%     
---------------------------- TRAINING EPOCH: 30 ----------------------------   
client [24] (testset)   loss: 0.3373 -> 0.1570  accuracy: 96.84% -> 96.84%     
client [68] (testset)   loss: 0.1733 -> 0.0230  accuracy: 100.00% -> 100.00%   
client [57] (testset)   loss: 1.0392 -> 0.5565  accuracy: 79.69% -> 79.69%     
client [17] (testset)   loss: 1.5254 -> 1.4825  accuracy: 38.46% -> 27.69%     
client [54] (testset)   loss: 1.7276 -> 0.5824  accuracy: 20.00% -> 80.00%     
client [23] (testset)   loss: 2.2737 -> 0.9139  accuracy: 36.67% -> 56.67%     
client [59] (testset)   loss: 1.4112 -> 0.9373  accuracy: 52.00% -> 52.00%     
client [35] (testset)   loss: 1.3915 -> 1.1705  accuracy: 46.30% -> 46.30%     
client [31] (testset)   loss: 1.5258 -> 1.3942  accuracy: 55.00% -> 55.00%     
client [9]  (testset)   loss: 1.0310 -> 0.6649  accuracy: 9.27% -> 83.44%      
---------------------------- TRAINING EPOCH: 40 ----------------------------   
client [64] (testset)   loss: 0.7799 -> 1.4687  accuracy: 33.33% -> 66.67%     
client [33] (testset)   loss: 1.1433 -> 0.7103  accuracy: 23.08% -> 75.00%     
client [44] (testset)   loss: 1.7161 -> 1.6654  accuracy: 0.00% -> 61.54%      
client [8]  (testset)   loss: 2.0676 -> 1.7075  accuracy: 2.27% -> 40.91%      
client [31] (testset)   loss: 1.3424 -> 1.4081  accuracy: 55.00% -> 55.00%     
client [16] (testset)   loss: 0.5350 -> 0.3016  accuracy: 92.63% -> 92.63%     
client [47] (testset)   loss: 1.4352 -> 0.9880  accuracy: 11.81% -> 48.19%     
client [20] (testset)   loss: 1.3230 -> 0.5792  accuracy: 2.07% -> 88.08%      
client [36] (testset)   loss: 1.8011 -> 1.4237  accuracy: 30.00% -> 37.50%     
client [56] (testset)   loss: 1.5620 -> 1.6016  accuracy: 44.26% -> 16.39%     
---------------------------- TRAINING EPOCH: 50 ----------------------------   
client [4]  (testset)   loss: 1.3528 -> 0.8733  accuracy: 15.12% -> 76.74%     
client [60] (testset)   loss: 0.3627 -> 0.2103  accuracy: 96.62% -> 96.62%     
client [25] (testset)   loss: 0.9048 -> 0.8062  accuracy: 73.02% -> 73.02%     
client [28] (testset)   loss: 1.3249 -> 0.9613  accuracy: 73.37% -> 73.37%     
client [44] (testset)   loss: 1.3079 -> 1.6644  accuracy: 61.54% -> 61.54%     
client [39] (testset)   loss: 1.6928 -> 1.5841  accuracy: 20.75% -> 43.40%     
client [58] (testset)   loss: 0.4218 -> 0.2333  accuracy: 94.34% -> 94.34%     
client [3]  (testset)   loss: 0.9835 -> 0.9893  accuracy: 36.36% -> 36.36%     
client [29] (testset)   loss: 1.1490 -> 0.9072  accuracy: 73.87% -> 73.87%     
client [84] (testset)   loss: 1.1528 -> 0.8057  accuracy: 56.96% -> 56.96%     
---------------------------- TRAINING EPOCH: 60 ----------------------------   
client [84] (testset)   loss: 0.9922 -> 0.8175  accuracy: 56.96% -> 40.51%     
client [21] (testset)   loss: 1.1003 -> 0.8763  accuracy: 53.44% -> 53.44%     
client [10] (testset)   loss: 1.5464 -> 0.9588  accuracy: 39.61% -> 53.62%     
client [65] (testset)   loss: 0.9457 -> 0.5657  accuracy: 83.56% -> 83.56%     
client [36] (testset)   loss: 1.5601 -> 1.4267  accuracy: 30.00% -> 37.50%     
client [79] (testset)   loss: 1.1712 -> 1.0430  accuracy: 77.78% -> 77.78%     
client [42] (testset)   loss: 1.5002 -> 1.1634  accuracy: 6.67% -> 58.33%      
client [81] (testset)   loss: 1.5408 -> 0.7912  accuracy: 54.74% -> 54.74%     
client [11] (testset)   loss: 1.4191 -> 1.2421  accuracy: 19.16% -> 50.88%     
client [96] (testset)   loss: 1.5095 -> 1.2099  accuracy: 55.39% -> 55.39%     
---------------------------- TRAINING EPOCH: 70 ----------------------------   
client [8]  (testset)   loss: 1.8415 -> 1.7361  accuracy: 40.91% -> 40.91%     
client [53] (testset)   loss: 0.8788 -> 0.2258  accuracy: 5.15% -> 94.85%      
client [52] (testset)   loss: 0.9330 -> 0.8742  accuracy: 75.22% -> 75.22%     
client [42] (testset)   loss: 1.2948 -> 1.1824  accuracy: 58.33% -> 58.33%     
client [69] (testset)   loss: 1.1587 -> 1.0478  accuracy: 63.83% -> 63.83%     
client [59] (testset)   loss: 1.1413 -> 0.9338  accuracy: 42.00% -> 52.00%     
client [26] (testset)   loss: 1.5348 -> 1.3161  accuracy: 21.05% -> 22.11%     
client [49] (testset)   loss: 1.2013 -> 0.8020  accuracy: 79.77% -> 79.77%     
client [98] (testset)   loss: 1.0455 -> 0.9536  accuracy: 74.68% -> 74.68%     
client [7]  (testset)   loss: 0.9528 -> 0.4685  accuracy: 88.85% -> 88.85%     
---------------------------- TRAINING EPOCH: 80 ----------------------------   
client [98] (testset)   loss: 1.0074 -> 0.9765  accuracy: 74.68% -> 74.68%     
client [47] (testset)   loss: 1.5020 -> 0.9941  accuracy: 11.81% -> 48.19%     
client [77] (testset)   loss: 1.3044 -> 0.9260  accuracy: 58.33% -> 58.33%     
client [21] (testset)   loss: 1.3391 -> 0.8791  accuracy: 42.06% -> 53.44%     
client [91] (testset)   loss: 0.5813 -> 0.5616  accuracy: 88.24% -> 88.24%     
client [95] (testset)   loss: 0.3496 -> 0.2701  accuracy: 94.83% -> 94.83%     
client [14] (testset)   loss: 0.2972 -> 0.1563  accuracy: 97.22% -> 97.22%     
client [99] (testset)   loss: 1.3485 -> 1.2505  accuracy: 63.53% -> 63.53%     
client [39] (testset)   loss: 1.7427 -> 1.5978  accuracy: 20.75% -> 43.40%     
client [20] (testset)   loss: 1.6378 -> 0.5818  accuracy: 5.18% -> 88.08%      
---------------------------- TRAINING EPOCH: 90 ----------------------------   
client [62] (testset)   loss: 0.9525 -> 0.9274  accuracy: 65.00% -> 65.00%     
client [71] (testset)   loss: 1.2909 -> 1.2865  accuracy: 50.00% -> 50.00%     
client [52] (testset)   loss: 1.0315 -> 0.8725  accuracy: 75.22% -> 75.22%     
client [30] (testset)   loss: 1.0015 -> 0.9377  accuracy: 54.29% -> 54.29%     
client [97] (testset)   loss: 1.4948 -> 1.3396  accuracy: 24.07% -> 47.72%     
client [88] (testset)   loss: 1.1804 -> 1.0763  accuracy: 67.57% -> 67.57%     
client [82] (testset)   loss: 1.7607 -> 1.5451  accuracy: 11.63% -> 46.51%     
client [91] (testset)   loss: 0.7409 -> 0.5752  accuracy: 88.24% -> 88.24%     
client [60] (testset)   loss: 0.4853 -> 0.1798  accuracy: 96.62% -> 96.62%     
client [57] (testset)   loss: 0.7569 -> 0.5608  accuracy: 79.69% -> 79.69%     
---------------------------- TRAINING EPOCH: 100 ----------------------------  
client [31] (testset)   loss: 1.3277 -> 1.3639  accuracy: 55.00% -> 55.00%     
client [15] (testset)   loss: 1.0437 -> 0.8783  accuracy: 76.47% -> 76.47%     
client [71] (testset)   loss: 1.3105 -> 1.2682  accuracy: 50.00% -> 50.00%     
client [53] (testset)   loss: 0.9702 -> 0.2238  accuracy: 0.00% -> 94.85%      
client [97] (testset)   loss: 1.3823 -> 1.3348  accuracy: 47.72% -> 47.72%     
client [77] (testset)   loss: 1.0199 -> 0.9982  accuracy: 58.33% -> 58.33%     
client [79] (testset)   loss: 1.0353 -> 1.0585  accuracy: 77.78% -> 77.78%     
client [76] (testset)   loss: 1.3876 -> 1.2974  accuracy: 52.13% -> 52.13%     
client [28] (testset)   loss: 1.2017 -> 0.9553  accuracy: 73.37% -> 73.37%     
client [99] (testset)   loss: 1.2111 -> 1.2012  accuracy: 63.53% -> 63.53%     
---------------------------- TRAINING EPOCH: 110 ----------------------------  
client [97] (testset)   loss: 1.3972 -> 1.3938  accuracy: 47.72% -> 47.72%     
client [86] (testset)   loss: 1.0206 -> 0.5040  accuracy: 13.27% -> 84.66%     
client [34] (testset)   loss: 1.4997 -> 1.3629  accuracy: 16.05% -> 37.04%     
client [5]  (testset)   loss: 1.4948 -> 1.4558  accuracy: 23.08% -> 43.96%     
client [73] (testset)   loss: 0.8610 -> 0.7406  accuracy: 40.00% -> 58.95%     
client [22] (testset)   loss: 0.5861 -> 0.4180  accuracy: 89.95% -> 89.95%     
client [96] (testset)   loss: 1.5639 -> 1.2005  accuracy: 21.98% -> 55.39%     
client [60] (testset)   loss: 0.9487 -> 0.1812  accuracy: 96.62% -> 96.62%     
client [83] (testset)   loss: 0.6774 -> 0.6483  accuracy: 85.00% -> 85.00%     
client [66] (testset)   loss: 1.3033 -> 1.0719  accuracy: 50.78% -> 50.78%     
---------------------------- TRAINING EPOCH: 120 ----------------------------  
client [65] (testset)   loss: 0.7715 -> 0.5758  accuracy: 83.56% -> 83.56%     
client [76] (testset)   loss: 1.4613 -> 1.2828  accuracy: 52.13% -> 52.13%     
client [95] (testset)   loss: 0.6498 -> 0.3654  accuracy: 94.83% -> 94.83%     
client [8]  (testset)   loss: 1.6988 -> 1.7279  accuracy: 40.91% -> 40.91%     
client [17] (testset)   loss: 1.5092 -> 1.4514  accuracy: 27.69% -> 38.46%     
client [98] (testset)   loss: 1.1161 -> 0.9693  accuracy: 74.68% -> 74.68%     
client [35] (testset)   loss: 2.3267 -> 1.2334  accuracy: 0.00% -> 46.30%      
client [53] (testset)   loss: 0.6664 -> 0.2419  accuracy: 94.85% -> 94.85%     
client [64] (testset)   loss: 0.6551 -> 1.0316  accuracy: 66.67% -> 66.67%     
client [43] (testset)   loss: 0.4900 -> 0.3162  accuracy: 93.29% -> 93.29%     
---------------------------- TRAINING EPOCH: 130 ----------------------------  
client [88] (testset)   loss: 1.2118 -> 1.0596  accuracy: 67.57% -> 67.57%     
client [38] (testset)   loss: 1.2025 -> 1.0798  accuracy: 66.67% -> 66.67%     
client [3]  (testset)   loss: 0.9296 -> 0.8550  accuracy: 63.64% -> 63.64%     
client [5]  (testset)   loss: 1.4754 -> 1.4837  accuracy: 43.96% -> 43.96%     
client [21] (testset)   loss: 1.5187 -> 0.9107  accuracy: 2.91% -> 53.44%      
client [41] (testset)   loss: 0.8948 -> 0.8330  accuracy: 59.15% -> 59.15%     
client [37] (testset)   loss: 0.9729 -> 0.4668  accuracy: 87.45% -> 87.45%     
client [45] (testset)   loss: 2.0261 -> 1.5468  accuracy: 22.00% -> 44.00%     
client [7]  (testset)   loss: 0.4899 -> 0.4827  accuracy: 88.85% -> 88.85%     
client [47] (testset)   loss: 1.4486 -> 1.0053  accuracy: 11.81% -> 48.19%     
---------------------------- TRAINING EPOCH: 140 ----------------------------  
client [16] (testset)   loss: 1.2548 -> 0.2968  accuracy: 6.49% -> 92.63%      
client [11] (testset)   loss: 2.1142 -> 1.1631  accuracy: 50.88% -> 50.88%     
client [41] (testset)   loss: 0.8811 -> 0.8228  accuracy: 59.15% -> 59.15%     
client [37] (testset)   loss: 0.7087 -> 0.4666  accuracy: 87.45% -> 87.45%     
client [95] (testset)   loss: 0.4016 -> 0.3106  accuracy: 94.83% -> 94.83%     
client [53] (testset)   loss: 1.3164 -> 0.2224  accuracy: 0.00% -> 94.85%      
client [25] (testset)   loss: 1.2237 -> 0.7648  accuracy: 23.81% -> 73.02%     
client [69] (testset)   loss: 1.1599 -> 1.0436  accuracy: 63.83% -> 63.83%     
client [22] (testset)   loss: 0.5265 -> 0.4251  accuracy: 89.95% -> 89.95%     
client [46] (testset)   loss: 1.0999 -> 0.9147  accuracy: 36.63% -> 59.30%     
---------------------------- TRAINING EPOCH: 150 ----------------------------  
client [69] (testset)   loss: 1.1629 -> 1.0688  accuracy: 63.83% -> 63.83%     
client [82] (testset)   loss: 1.7584 -> 1.4895  accuracy: 11.63% -> 46.51%     
client [45] (testset)   loss: 1.6809 -> 1.5533  accuracy: 44.00% -> 44.00%     
client [47] (testset)   loss: 1.5656 -> 0.9980  accuracy: 11.81% -> 48.19%     
client [50] (testset)   loss: 0.7022 -> 0.6781  accuracy: 79.27% -> 79.27%     
client [35] (testset)   loss: 1.7494 -> 1.1750  accuracy: 32.87% -> 46.30%     
client [7]  (testset)   loss: 0.8106 -> 0.4786  accuracy: 88.85% -> 88.85%     
client [15] (testset)   loss: 1.1963 -> 0.8860  accuracy: 76.47% -> 76.47%     
client [24] (testset)   loss: 1.8211 -> 0.1547  accuracy: 0.00% -> 96.84%      
client [58] (testset)   loss: 0.9148 -> 0.2283  accuracy: 94.34% -> 94.34%     
---------------------------- TRAINING EPOCH: 160 ----------------------------  
client [48] (testset)   loss: 0.9211 -> 0.7688  accuracy: 74.14% -> 74.14%     
client [76] (testset)   loss: 1.4605 -> 1.2718  accuracy: 18.01% -> 52.13%     
client [37] (testset)   loss: 0.7699 -> 0.4820  accuracy: 87.45% -> 87.45%     
client [67] (testset)   loss: 1.4984 -> 1.1310  accuracy: 29.31% -> 55.29%     
client [64] (testset)   loss: 0.7399 -> 0.8887  accuracy: 66.67% -> 66.67%     
client [58] (testset)   loss: 0.5255 -> 0.2249  accuracy: 94.34% -> 94.34%     
client [77] (testset)   loss: 0.9910 -> 1.0721  accuracy: 58.33% -> 58.33%     
client [55] (testset)   loss: 1.8018 -> 1.8919  accuracy: 50.00% -> 50.00%     
client [89] (testset)   loss: 1.9952 -> 2.0202  accuracy: 18.75% -> 18.75%     
client [12] (testset)   loss: 0.9034 -> 0.5240  accuracy: 86.14% -> 86.14%     
---------------------------- TRAINING EPOCH: 170 ----------------------------  
client [51] (testset)   loss: 0.9119 -> 0.8519  accuracy: 66.67% -> 66.67%     
client [8]  (testset)   loss: 1.7241 -> 1.6954  accuracy: 40.91% -> 40.91%     
client [18] (testset)   loss: 1.3132 -> 0.9364  accuracy: 26.92% -> 65.38%     
client [84] (testset)   loss: 1.2659 -> 0.8027  accuracy: 56.96% -> 56.96%     
client [94] (testset)   loss: 1.4920 -> 1.3615  accuracy: 50.00% -> 50.00%     
client [3]  (testset)   loss: 1.1177 -> 0.7733  accuracy: 36.36% -> 63.64%     
client [81] (testset)   loss: 1.6193 -> 0.7925  accuracy: 43.60% -> 54.74%     
client [11] (testset)   loss: 1.7191 -> 1.1690  accuracy: 50.88% -> 50.88%     
client [95] (testset)   loss: 0.3935 -> 0.2986  accuracy: 94.83% -> 94.83%     
client [67] (testset)   loss: 1.4004 -> 1.1227  accuracy: 29.31% -> 55.29%     
---------------------------- TRAINING EPOCH: 180 ----------------------------  
client [79] (testset)   loss: 1.2158 -> 1.0959  accuracy: 77.78% -> 77.78%     
client [58] (testset)   loss: 0.3510 -> 0.2316  accuracy: 94.34% -> 94.34%     
client [88] (testset)   loss: 1.1143 -> 1.0848  accuracy: 67.57% -> 67.57%     
client [21] (testset)   loss: 1.3700 -> 0.8731  accuracy: 53.44% -> 53.44%     
client [46] (testset)   loss: 1.1103 -> 0.8418  accuracy: 36.63% -> 59.30%     
client [55] (testset)   loss: 1.8827 -> 1.8555  accuracy: 50.00% -> 50.00%     
client [13] (testset)   loss: 0.7695 -> 0.1831  accuracy: 97.78% -> 97.78%     
client [31] (testset)   loss: 1.3618 -> 1.3755  accuracy: 55.00% -> 55.00%     
client [11] (testset)   loss: 2.0111 -> 1.1717  accuracy: 26.21% -> 50.88%     
client [75] (testset)   loss: 1.7557 -> 1.4550  accuracy: 38.38% -> 29.15%     
---------------------------- TRAINING EPOCH: 190 ----------------------------  
client [19] (testset)   loss: 1.5519 -> 1.5403  accuracy: 37.50% -> 37.50%     
client [57] (testset)   loss: 0.6549 -> 0.5597  accuracy: 79.69% -> 79.69%     
client [13] (testset)   loss: 0.2584 -> 0.1497  accuracy: 97.78% -> 97.78%     
client [7]  (testset)   loss: 1.7950 -> 0.4774  accuracy: 0.71% -> 88.85%      
client [91] (testset)   loss: 0.6684 -> 0.5687  accuracy: 88.24% -> 88.24%     
client [10] (testset)   loss: 1.3169 -> 0.9360  accuracy: 39.61% -> 53.62%     
client [43] (testset)   loss: 0.6611 -> 0.3176  accuracy: 93.29% -> 93.29%     
client [64] (testset)   loss: 0.7091 -> 0.8383  accuracy: 66.67% -> 66.67%     
client [82] (testset)   loss: 1.5366 -> 1.5223  accuracy: 46.51% -> 46.51%     
client [22] (testset)   loss: 0.9576 -> 0.4138  accuracy: 6.39% -> 89.95%      
---------------------------- TRAINING EPOCH: 200 ----------------------------  
client [23] (testset)   loss: 1.8575 -> 1.0053  accuracy: 36.67% -> 36.67%     
client [20] (testset)   loss: 0.7971 -> 0.5880  accuracy: 88.08% -> 88.08%     
client [88] (testset)   loss: 1.0715 -> 1.0624  accuracy: 67.57% -> 67.57%     
client [79] (testset)   loss: 1.2328 -> 1.1243  accuracy: 77.78% -> 77.78%     
client [98] (testset)   loss: 1.0182 -> 0.9724  accuracy: 74.68% -> 74.68%     
client [92] (testset)   loss: 0.6794 -> 0.8217  accuracy: 63.64% -> 63.64%     
client [56] (testset)   loss: 1.5167 -> 1.6073  accuracy: 44.26% -> 16.39%     
client [5]  (testset)   loss: 1.7786 -> 1.4556  accuracy: 21.98% -> 43.96%     
client [21] (testset)   loss: 1.4005 -> 0.8776  accuracy: 53.44% -> 53.44%     
client [52] (testset)   loss: 0.8915 -> 0.8758  accuracy: 75.22% -> 75.22%     
---------------------------- TRAINING EPOCH: 210 ----------------------------  
client [54] (testset)   loss: 0.8421 -> 0.7117  accuracy: 80.00% -> 80.00%     
client [14] (testset)   loss: 0.3049 -> 0.1555  accuracy: 97.22% -> 97.22%     
client [67] (testset)   loss: 1.3103 -> 1.1329  accuracy: 55.29% -> 55.29%     
client [99] (testset)   loss: 1.3527 -> 1.1651  accuracy: 63.53% -> 63.53%     
client [30] (testset)   loss: 1.4406 -> 0.9561  accuracy: 54.29% -> 41.43%     
client [38] (testset)   loss: 1.1162 -> 1.0722  accuracy: 66.67% -> 66.67%     
client [15] (testset)   loss: 0.9797 -> 0.8941  accuracy: 76.47% -> 76.47%     
client [36] (testset)   loss: 1.8146 -> 1.4345  accuracy: 30.00% -> 30.00%     
client [53] (testset)   loss: 1.2835 -> 0.2273  accuracy: 5.15% -> 94.85%      
client [6]  (testset)   loss: 1.4090 -> 1.1187  accuracy: 40.21% -> 47.09%     
---------------------------- TRAINING EPOCH: 220 ----------------------------  
client [6]  (testset)   loss: 1.6227 -> 1.1137  accuracy: 40.21% -> 47.09%     
client [83] (testset)   loss: 0.8963 -> 0.6844  accuracy: 85.00% -> 85.00%     
client [99] (testset)   loss: 1.4400 -> 1.1686  accuracy: 63.53% -> 63.53%     
client [42] (testset)   loss: 1.2593 -> 1.1274  accuracy: 30.00% -> 58.33%     
client [34] (testset)   loss: 1.4984 -> 1.3512  accuracy: 28.40% -> 37.04%     
client [15] (testset)   loss: 0.9258 -> 0.9018  accuracy: 76.47% -> 76.47%     
client [55] (testset)   loss: 1.9102 -> 1.9564  accuracy: 50.00% -> 50.00%     
client [51] (testset)   loss: 1.3895 -> 0.8295  accuracy: 30.56% -> 66.67%     
client [95] (testset)   loss: 0.3099 -> 0.3179  accuracy: 94.83% -> 94.83%     
client [47] (testset)   loss: 2.2776 -> 0.9997  accuracy: 11.81% -> 48.19%     
---------------------------- TRAINING EPOCH: 230 ----------------------------  
client [71] (testset)   loss: 1.3009 -> 1.2352  accuracy: 50.00% -> 50.00%     
client [15] (testset)   loss: 0.9268 -> 0.8995  accuracy: 76.47% -> 76.47%     
client [33] (testset)   loss: 0.8429 -> 0.6922  accuracy: 75.00% -> 75.00%     
client [90] (testset)   loss: 1.1003 -> 1.0592  accuracy: 28.57% -> 50.00%     
client [57] (testset)   loss: 1.0651 -> 0.5629  accuracy: 79.69% -> 79.69%     
client [99] (testset)   loss: 1.1963 -> 1.1684  accuracy: 63.53% -> 63.53%     
client [78] (testset)   loss: 0.6787 -> 0.6412  accuracy: 84.72% -> 84.72%     
client [27] (testset)   loss: 1.6309 -> 0.6600  accuracy: 82.43% -> 82.43%     
client [88] (testset)   loss: 1.1363 -> 1.0442  accuracy: 67.57% -> 67.57%     
client [36] (testset)   loss: 2.1592 -> 1.4599  accuracy: 4.32% -> 30.00%      
---------------------------- TRAINING EPOCH: 240 ----------------------------  
client [70] (testset)   loss: 1.7259 -> 1.7805  accuracy: 50.00% -> 27.78%     
client [35] (testset)   loss: 1.7556 -> 1.1711  accuracy: 46.30% -> 46.30%     
client [80] (testset)   loss: 0.9828 -> 0.7172  accuracy: 82.81% -> 82.81%     
client [38] (testset)   loss: 1.0592 -> 1.0415  accuracy: 66.67% -> 66.67%     
client [16] (testset)   loss: 2.4513 -> 0.3001  accuracy: 6.49% -> 92.63%      
client [68] (testset)   loss: 0.4208 -> 0.0152  accuracy: 100.00% -> 100.00%   
client [78] (testset)   loss: 0.9049 -> 0.6119  accuracy: 84.72% -> 84.72%     
client [64] (testset)   loss: 0.7548 -> 0.8781  accuracy: 66.67% -> 66.67%     
client [82] (testset)   loss: 1.5443 -> 1.5364  accuracy: 46.51% -> 46.51%     
client [11] (testset)   loss: 1.6162 -> 1.1713  accuracy: 50.88% -> 50.88%     
---------------------------- TRAINING EPOCH: 250 ----------------------------  
client [30] (testset)   loss: 2.6804 -> 0.8991  accuracy: 41.43% -> 41.43%     
client [74] (testset)   loss: 0.9048 -> 0.7898  accuracy: 75.76% -> 75.76%     
client [45] (testset)   loss: 1.6217 -> 1.5474  accuracy: 22.00% -> 44.00%     
client [6]  (testset)   loss: 1.3660 -> 1.1182  accuracy: 40.21% -> 47.09%     
client [27] (testset)   loss: 3.1590 -> 0.6545  accuracy: 2.87% -> 82.43%      
client [63] (testset)   loss: 0.8675 -> 0.1994  accuracy: 96.00% -> 96.00%     
client [76] (testset)   loss: 1.4612 -> 1.2707  accuracy: 18.01% -> 52.13%     
client [83] (testset)   loss: 0.6880 -> 0.6742  accuracy: 85.00% -> 85.00%     
client [36] (testset)   loss: 2.4001 -> 1.4404  accuracy: 2.73% -> 30.00%      
client [86] (testset)   loss: 2.7236 -> 0.5410  accuracy: 0.00% -> 84.66%      
---------------------------- TRAINING EPOCH: 260 ----------------------------  
client [83] (testset)   loss: 0.8413 -> 0.6628  accuracy: 85.00% -> 85.00%     
client [74] (testset)   loss: 0.8604 -> 0.7861  accuracy: 75.76% -> 75.76%     
client [99] (testset)   loss: 1.2973 -> 1.1634  accuracy: 63.53% -> 63.53%     
client [73] (testset)   loss: 0.7914 -> 0.7729  accuracy: 58.95% -> 40.00%     
client [92] (testset)   loss: 0.7382 -> 0.8198  accuracy: 36.36% -> 63.64%     
client [29] (testset)   loss: 1.0361 -> 0.9060  accuracy: 73.87% -> 73.87%     
client [6]  (testset)   loss: 1.3612 -> 1.0973  accuracy: 40.21% -> 47.09%     
client [61] (testset)   loss: 1.3615 -> 1.3840  accuracy: 53.85% -> 53.85%     
client [67] (testset)   loss: 1.5639 -> 1.1788  accuracy: 11.18% -> 55.29%     
client [21] (testset)   loss: 1.1587 -> 0.8862  accuracy: 53.44% -> 53.44%     
---------------------------- TRAINING EPOCH: 270 ----------------------------  
client [83] (testset)   loss: 0.8577 -> 0.6667  accuracy: 85.00% -> 85.00%     
client [32] (testset)   loss: 1.3900 -> 1.3298  accuracy: 38.89% -> 38.89%     
client [61] (testset)   loss: 1.3386 -> 1.3818  accuracy: 53.85% -> 53.85%     
client [95] (testset)   loss: 0.3524 -> 0.2753  accuracy: 94.83% -> 94.83%     
client [25] (testset)   loss: 0.9551 -> 0.7594  accuracy: 73.02% -> 73.02%     
client [68] (testset)   loss: 0.7962 -> 0.0189  accuracy: 100.00% -> 100.00%   
client [34] (testset)   loss: 1.4372 -> 1.3563  accuracy: 28.40% -> 37.04%     
client [71] (testset)   loss: 1.2641 -> 1.2704  accuracy: 50.00% -> 50.00%     
client [89] (testset)   loss: 2.0539 -> 2.0123  accuracy: 18.75% -> 18.75%     
client [27] (testset)   loss: 2.2769 -> 0.6725  accuracy: 7.43% -> 82.43%      
---------------------------- TRAINING EPOCH: 280 ----------------------------  
client [78] (testset)   loss: 0.9699 -> 0.6140  accuracy: 84.72% -> 84.72%     
client [51] (testset)   loss: 0.9140 -> 0.8763  accuracy: 66.67% -> 66.67%     
client [54] (testset)   loss: 0.7488 -> 0.6907  accuracy: 80.00% -> 80.00%     
client [81] (testset)   loss: 2.0011 -> 0.7887  accuracy: 0.00% -> 54.74%      
client [65] (testset)   loss: 0.7179 -> 0.5716  accuracy: 83.56% -> 83.56%     
client [41] (testset)   loss: 0.9957 -> 0.8325  accuracy: 59.15% -> 59.15%     
client [85] (testset)   loss: 1.1305 -> 0.9888  accuracy: 66.67% -> 66.67%     
client [11] (testset)   loss: 1.9483 -> 1.2024  accuracy: 0.00% -> 50.88%      
client [12] (testset)   loss: 2.7175 -> 0.5172  accuracy: 0.00% -> 86.14%      
client [23] (testset)   loss: 2.1112 -> 1.0159  accuracy: 0.67% -> 36.67%      
---------------------------- TRAINING EPOCH: 290 ----------------------------  
client [65] (testset)   loss: 0.7944 -> 0.5629  accuracy: 83.56% -> 83.56%     
client [53] (testset)   loss: 1.8772 -> 0.2145  accuracy: 0.00% -> 94.85%      
client [16] (testset)   loss: 3.7010 -> 0.2989  accuracy: 6.49% -> 92.63%      
client [58] (testset)   loss: 0.4634 -> 0.2323  accuracy: 94.34% -> 94.34%     
client [72] (testset)   loss: 1.4519 -> 1.3126  accuracy: 26.47% -> 26.47%     
client [71] (testset)   loss: 1.2996 -> 1.2432  accuracy: 50.00% -> 50.00%     
client [59] (testset)   loss: 1.2012 -> 0.9321  accuracy: 52.00% -> 52.00%     
client [86] (testset)   loss: 3.9619 -> 0.5050  accuracy: 0.00% -> 84.66%      
client [7]  (testset)   loss: 0.6354 -> 0.4811  accuracy: 88.85% -> 88.85%     
client [39] (testset)   loss: 1.6352 -> 1.5955  accuracy: 43.40% -> 43.40%     
---------------------------- TRAINING EPOCH: 300 ----------------------------  
client [99] (testset)   loss: 1.4483 -> 1.1644  accuracy: 9.41% -> 63.53%      
client [17] (testset)   loss: 1.4831 -> 1.5085  accuracy: 27.69% -> 21.54%     
client [64] (testset)   loss: 0.8043 -> 0.8254  accuracy: 66.67% -> 66.67%     
client [7]  (testset)   loss: 2.7134 -> 0.4889  accuracy: 0.00% -> 88.85%      
client [37] (testset)   loss: 0.4996 -> 0.4705  accuracy: 87.45% -> 87.45%     
client [93] (testset)   loss: 0.6926 -> 0.6993  accuracy: 88.89% -> 88.89%     
client [29] (testset)   loss: 1.0805 -> 0.9056  accuracy: 73.87% -> 73.87%     
client [73] (testset)   loss: 2.0580 -> 0.7547  accuracy: 0.00% -> 58.95%      
client [40] (testset)   loss: 1.2353 -> 1.2168  accuracy: 65.17% -> 65.17%     
client [76] (testset)   loss: 1.6500 -> 1.2875  accuracy: 17.54% -> 52.13%     
---------------------------- TRAINING EPOCH: 310 ----------------------------  
client [31] (testset)   loss: 1.3292 -> 1.3883  accuracy: 55.00% -> 55.00%     
client [89] (testset)   loss: 2.0296 -> 2.0788  accuracy: 18.75% -> 18.75%     
client [90] (testset)   loss: 1.0715 -> 1.0698  accuracy: 50.00% -> 50.00%     
client [77] (testset)   loss: 1.0533 -> 0.9388  accuracy: 58.33% -> 58.33%     
client [26] (testset)   loss: 1.5963 -> 1.2679  accuracy: 50.53% -> 50.53%     
client [50] (testset)   loss: 0.7932 -> 0.6652  accuracy: 79.27% -> 79.27%     
client [70] (testset)   loss: 1.7976 -> 1.8420  accuracy: 27.78% -> 27.78%     
client [30] (testset)   loss: 2.4051 -> 0.9180  accuracy: 54.29% -> 41.43%     
client [41] (testset)   loss: 0.9841 -> 0.8285  accuracy: 59.15% -> 59.15%     
client [99] (testset)   loss: 1.5213 -> 1.1675  accuracy: 9.41% -> 63.53%      
---------------------------- TRAINING EPOCH: 320 ----------------------------  
client [70] (testset)   loss: 1.7914 -> 1.9139  accuracy: 50.00% -> 27.78%     
client [68] (testset)   loss: 0.4051 -> 0.0174  accuracy: 100.00% -> 100.00%   
client [52] (testset)   loss: 0.9469 -> 0.8784  accuracy: 75.22% -> 75.22%     
client [1]  (testset)   loss: 1.2852 -> 1.0949  accuracy: 26.47% -> 57.84%     
client [2]  (testset)   loss: 1.6969 -> 1.6337  accuracy: 21.43% -> 37.14%     
client [92] (testset)   loss: 0.7250 -> 0.7664  accuracy: 63.64% -> 63.64%     
client [35] (testset)   loss: 2.3635 -> 1.1874  accuracy: 46.30% -> 46.30%     
client [67] (testset)   loss: 1.2086 -> 1.1548  accuracy: 29.31% -> 55.29%     
client [64] (testset)   loss: 0.7017 -> 0.8467  accuracy: 66.67% -> 66.67%     
client [36] (testset)   loss: 3.8713 -> 1.4179  accuracy: 2.73% -> 30.00%      
---------------------------- TRAINING EPOCH: 330 ----------------------------  
client [44] (testset)   loss: 1.8348 -> 1.6868  accuracy: 61.54% -> 61.54%     
client [6]  (testset)   loss: 1.5636 -> 1.0981  accuracy: 8.99% -> 47.09%      
client [55] (testset)   loss: 1.9676 -> 2.0136  accuracy: 50.00% -> 50.00%     
client [29] (testset)   loss: 0.9671 -> 0.9022  accuracy: 73.87% -> 73.87%     
client [12] (testset)   loss: 2.6917 -> 0.5189  accuracy: 10.54% -> 86.14%     
client [9]  (testset)   loss: 0.7038 -> 0.6731  accuracy: 83.44% -> 83.44%     
client [77] (testset)   loss: 1.0009 -> 1.0778  accuracy: 58.33% -> 58.33%     
client [98] (testset)   loss: 0.9978 -> 0.9902  accuracy: 74.68% -> 74.68%     
client [43] (testset)   loss: 0.3978 -> 0.3228  accuracy: 93.29% -> 93.29%     
client [78] (testset)   loss: 0.7578 -> 0.6626  accuracy: 84.72% -> 84.72%     
---------------------------- TRAINING EPOCH: 340 ----------------------------  
client [92] (testset)   loss: 0.6655 -> 0.8199  accuracy: 63.64% -> 63.64%     
client [80] (testset)   loss: 1.1391 -> 0.7127  accuracy: 82.81% -> 82.81%     
client [63] (testset)   loss: 1.5966 -> 0.2021  accuracy: 3.00% -> 96.00%      
client [76] (testset)   loss: 1.8338 -> 1.2736  accuracy: 18.01% -> 52.13%     
client [25] (testset)   loss: 1.3319 -> 0.7815  accuracy: 23.81% -> 73.02%     
client [78] (testset)   loss: 0.6656 -> 0.6284  accuracy: 84.72% -> 84.72%     
client [58] (testset)   loss: 0.4976 -> 0.2341  accuracy: 94.34% -> 94.34%     
client [13] (testset)   loss: 4.4164 -> 0.1695  accuracy: 0.00% -> 97.78%      
client [38] (testset)   loss: 1.0646 -> 1.0407  accuracy: 66.67% -> 66.67%     
client [17] (testset)   loss: 1.4728 -> 1.5033  accuracy: 38.46% -> 27.69%     
---------------------------- TRAINING EPOCH: 350 ----------------------------  
client [72] (testset)   loss: 1.2173 -> 1.2324  accuracy: 55.88% -> 55.88%     
client [82] (testset)   loss: 1.5856 -> 1.5339  accuracy: 46.51% -> 46.51%     
client [51] (testset)   loss: 0.8182 -> 0.8924  accuracy: 66.67% -> 66.67%     
client [86] (testset)   loss: 3.7180 -> 0.5472  accuracy: 13.27% -> 84.66%     
client [42] (testset)   loss: 1.2047 -> 1.1339  accuracy: 30.00% -> 58.33%     
client [55] (testset)   loss: 1.9397 -> 2.0059  accuracy: 50.00% -> 50.00%     
client [96] (testset)   loss: 3.5679 -> 1.2035  accuracy: 12.28% -> 55.39%     
client [13] (testset)   loss: 4.1346 -> 0.1725  accuracy: 0.00% -> 97.78%      
client [1]  (testset)   loss: 1.1706 -> 1.0952  accuracy: 57.84% -> 57.84%     
client [12] (testset)   loss: 2.2984 -> 0.5216  accuracy: 0.00% -> 86.14%      
---------------------------- TRAINING EPOCH: 360 ----------------------------  
client [68] (testset)   loss: 1.6170 -> 0.0200  accuracy: 0.00% -> 100.00%     
client [23] (testset)   loss: 3.0933 -> 0.9279  accuracy: 6.00% -> 56.67%      
client [41] (testset)   loss: 0.9108 -> 0.8375  accuracy: 59.15% -> 59.15%     
client [25] (testset)   loss: 0.8464 -> 0.7592  accuracy: 73.02% -> 73.02%     
client [46] (testset)   loss: 0.9007 -> 0.8421  accuracy: 59.30% -> 59.30%     
client [58] (testset)   loss: 0.3971 -> 0.2250  accuracy: 94.34% -> 94.34%     
client [33] (testset)   loss: 0.7749 -> 0.6928  accuracy: 75.00% -> 75.00%     
client [85] (testset)   loss: 0.9753 -> 1.0236  accuracy: 66.67% -> 66.67%     
client [14] (testset)   loss: 0.6393 -> 0.1569  accuracy: 97.22% -> 97.22%     
client [62] (testset)   loss: 0.9094 -> 0.8943  accuracy: 65.00% -> 65.00%     
---------------------------- TRAINING EPOCH: 370 ----------------------------  
client [63] (testset)   loss: 1.3385 -> 0.1986  accuracy: 3.00% -> 96.00%      
client [70] (testset)   loss: 1.7527 -> 1.7982  accuracy: 27.78% -> 27.78%     
client [98] (testset)   loss: 0.9625 -> 1.0881  accuracy: 74.68% -> 74.68%     
client [65] (testset)   loss: 0.6693 -> 0.5667  accuracy: 83.56% -> 83.56%     
client [73] (testset)   loss: 0.8945 -> 0.7384  accuracy: 58.95% -> 58.95%     
client [14] (testset)   loss: 0.4643 -> 0.1558  accuracy: 97.22% -> 97.22%     
client [34] (testset)   loss: 1.4032 -> 1.3455  accuracy: 28.40% -> 37.04%     
client [69] (testset)   loss: 1.1302 -> 1.0602  accuracy: 63.83% -> 63.83%     
client [99] (testset)   loss: 1.2004 -> 1.1819  accuracy: 63.53% -> 63.53%     
client [46] (testset)   loss: 0.8923 -> 0.8674  accuracy: 59.30% -> 36.63%     
---------------------------- TRAINING EPOCH: 380 ----------------------------  
client [93] (testset)   loss: 0.7122 -> 0.7233  accuracy: 88.89% -> 88.89%     
client [99] (testset)   loss: 1.3017 -> 1.1671  accuracy: 63.53% -> 63.53%     
client [58] (testset)   loss: 0.5840 -> 0.2248  accuracy: 94.34% -> 94.34%     
client [11] (testset)   loss: 2.5240 -> 1.2011  accuracy: 0.44% -> 50.88%      
client [85] (testset)   loss: 1.0028 -> 1.0077  accuracy: 66.67% -> 66.67%     
client [89] (testset)   loss: 1.9819 -> 2.0146  accuracy: 18.75% -> 18.75%     
client [45] (testset)   loss: 1.5557 -> 1.5427  accuracy: 44.00% -> 44.00%     
client [8]  (testset)   loss: 1.7451 -> 1.7209  accuracy: 40.91% -> 40.91%     
client [81] (testset)   loss: 1.9534 -> 0.8171  accuracy: 0.00% -> 43.60%      
client [68] (testset)   loss: 2.4067 -> 0.0082  accuracy: 0.00% -> 100.00%     
---------------------------- TRAINING EPOCH: 390 ----------------------------  
client [72] (testset)   loss: 1.2665 -> 1.2589  accuracy: 55.88% -> 55.88%     
client [1]  (testset)   loss: 1.1702 -> 1.0944  accuracy: 57.84% -> 57.84%     
client [67] (testset)   loss: 1.7098 -> 1.1385  accuracy: 0.30% -> 55.29%      
client [83] (testset)   loss: 0.7209 -> 0.6532  accuracy: 85.00% -> 85.00%     
client [78] (testset)   loss: 0.9999 -> 0.6645  accuracy: 84.72% -> 84.72%     
client [56] (testset)   loss: 1.5556 -> 1.6011  accuracy: 16.39% -> 16.39%     
client [44] (testset)   loss: 1.4895 -> 1.7743  accuracy: 61.54% -> 61.54%     
client [92] (testset)   loss: 0.6889 -> 0.6868  accuracy: 63.64% -> 63.64%     
client [21] (testset)   loss: 2.6261 -> 0.8934  accuracy: 0.00% -> 53.44%      
client [27] (testset)   loss: 1.4405 -> 0.6868  accuracy: 7.26% -> 82.43%      
---------------------------- TRAINING EPOCH: 400 ----------------------------  
client [39] (testset)   loss: 1.6212 -> 1.6053  accuracy: 43.40% -> 43.40%     
client [65] (testset)   loss: 0.7801 -> 0.5733  accuracy: 83.56% -> 83.56%     
client [10] (testset)   loss: 1.6989 -> 0.9392  accuracy: 39.61% -> 53.62%     
client [26] (testset)   loss: 1.4684 -> 1.2437  accuracy: 21.05% -> 50.53%     
client [19] (testset)   loss: 1.6065 -> 1.5296  accuracy: 37.50% -> 37.50%     
client [68] (testset)   loss: 0.8477 -> 0.0151  accuracy: 100.00% -> 100.00%   
client [41] (testset)   loss: 0.8706 -> 0.8336  accuracy: 59.15% -> 59.15%     
client [50] (testset)   loss: 0.7081 -> 0.6783  accuracy: 79.27% -> 79.27%     
client [75] (testset)   loss: 1.6230 -> 1.4687  accuracy: 38.38% -> 38.38%     
client [81] (testset)   loss: 1.1130 -> 0.7882  accuracy: 43.60% -> 54.74%     
APFL's average time taken by each global epoch: 0 min 6.86 sec.                
APFL's total running time: 0 h 47 m 55 s.                                      
==================== APFL Experiment Results: ====================             
Display format: (before local fine-tuning) -> (after local fine-tuning)        
 So if finetune_epoch = 0, x.xx% -> 0.00% is normal.                           
 Centralized testing ONLY happens after model aggregation, so the stats between
'->' are the same.                                                             
{                                                                              
    "100": {                                                                   
        "all_clients": {                                                       
            "test": {                                                          
                "loss": "1.1797 -> 0.8474",                                    
                "accuracy": "60.02% -> 67.24%"                                 
            }                                                                  
        }                                                                      
    },                                                                         
    "200": {                                                                   
        "all_clients": {                                                       
            "test": {                                                          
                "loss": "1.3342 -> 0.8464",                                    
                "accuracy": "51.24% -> 67.58%"                                 
            }                                                                  
        }                                                                      
    },                                                                         
    "300": {                                                                   
        "all_clients": {                                                       
            "test": {                                                          
                "loss": "1.5214 -> 0.8488",                                    
                "accuracy": "47.76% -> 67.15%"                                 
            }                                                                  
        }                                                                      
    },                                                                         
    "400": {                                                                   
        "all_clients": {                                                       
            "test": {                                                          
                "loss": "1.5285 -> 0.8540",                                    
                "accuracy": "42.51% -> 67.43%"                                 
            }                                                                  
        }                                                                      
    }                                                                          
}                                                                              
==================== APFL Max Accuracy ====================                    
all_clients:                                                                   
(test) before fine-tuning: 60.02% at epoch 100                                 
(test) after fine-tuning: 67.58% at epoch 200                                  
