==================== FedRep ====================                               
Experiment Arguments:                                                          
{
    'method': 'fedrep',
    'dataset': {
        'name': 'mnist',
        'client_num': 100,
        'test_ratio': 0.25,
        'val_ratio': 0.0,
        'seed': 42,
        'split': 'sample',
        'IID_ratio': 0.0,
        'monitor_window_name_suffix': 'mnist-100clients-0%IID-Dir(0.1)-seed42',
        'alpha': 0.1,
        'min_samples_per_client': 10
    },
    'model': {
        'name': 'avgcnn',
        'use_torchvision_pretrained_weights': True,
        'external_model_weights_path': None
    },
    'optimizer': {
        'lr': 0.01,
        'dampening': 0,
        'weight_decay': 0,
        'momentum': 0.7,
        'nesterov': False,
        'name': 'sgd'
    },
    'mode': 'parallel',
    'parallel': {
        'ray_cluster_addr': None,
        'num_cpus': 24.0,
        'num_gpus': 1.0,
        'num_workers': 2
    },
    'common': {
        'seed': 42,
        'join_ratio': 0.1,
        'global_epoch': 400,
        'local_epoch': 5,
        'batch_size': 32,
        'reset_optimizer_on_global_epoch': True,
        'straggler_ratio': 0,
        'straggler_min_local_epoch': 0,
        'buffers': 'global',
        'client_side_evaluation': True,
        'test': {
            'client': {
                'interval': 100,
                'finetune_epoch': 5,
                'train': False,
                'val': False,
                'test': True
            },
            'server': {
                'interval': -1,
                'train': False,
                'val': False,
                'test': True,
                'model_in_train_mode': False
            }
        },
        'verbose_gap': 10,
        'monitor': None,
        'use_cuda': True,
        'save_log': True,
        'save_model': False,
        'save_learning_curve_plot': True,
        'save_metrics': True,
        'delete_useless_run': True
    },
    'fedprox': {
        'mu': 0.01
    },
    'pfedsim': {
        'warmup_round': 0.5
    },
    'fedrep': {
        'train_body_epoch': 1
    }
}
---------------------------- TRAINING EPOCH: 10 ----------------------------   
client [77] (testset)   loss: 0.1254 -> 0.1324  accuracy: 97.95% -> 95.89%     
client [81] (testset)   loss: 0.0817 -> 0.0559  accuracy: 98.77% -> 98.77%     
client [68] (testset)   loss: 0.1978 -> 0.1683  accuracy: 94.92% -> 94.92%     
client [21] (testset)   loss: 0.3786 -> 0.1509  accuracy: 89.22% -> 94.12%     
client [31] (testset)   loss: 1.1539 -> 0.7266  accuracy: 57.14% -> 71.43%     
client [93] (testset)   loss: 0.1376 -> 0.1032  accuracy: 100.00% -> 100.00%   
client [59] (testset)   loss: 0.2312 -> 0.1584  accuracy: 100.00% -> 100.00%   
client [48] (testset)   loss: 0.0691 -> 0.0831  accuracy: 98.06% -> 98.06%     
client [34] (testset)   loss: 0.7302 -> 0.4319  accuracy: 83.33% -> 88.89%     
client [20] (testset)   loss: 0.2583 -> 0.2682  accuracy: 93.21% -> 90.05%     
---------------------------- TRAINING EPOCH: 20 ----------------------------   
client [99] (testset)   loss: 0.3584 -> 0.2924  accuracy: 80.95% -> 90.48%     
client [67] (testset)   loss: 0.0065 -> 0.0065  accuracy: 100.00% -> 100.00%   
client [0]  (testset)   loss: 0.0565 -> 0.0475  accuracy: 98.11% -> 98.11%     
client [76] (testset)   loss: 0.1531 -> 0.1780  accuracy: 94.81% -> 96.10%     
client [41] (testset)   loss: 0.0250 -> 0.0250  accuracy: 98.95% -> 98.95%     
client [69] (testset)   loss: 0.1345 -> 0.0267  accuracy: 96.17% -> 99.09%     
client [62] (testset)   loss: 0.4066 -> 0.0633  accuracy: 89.50% -> 97.79%     
client [14] (testset)   loss: 0.0478 -> 0.0476  accuracy: 97.92% -> 98.61%     
client [2]  (testset)   loss: 0.9965 -> 0.0363  accuracy: 72.62% -> 99.24%     
client [46] (testset)   loss: 0.1067 -> 0.0564  accuracy: 97.30% -> 98.65%     
---------------------------- TRAINING EPOCH: 30 ----------------------------   
client [24] (testset)   loss: 0.1061 -> 0.1100  accuracy: 95.95% -> 95.95%     
client [68] (testset)   loss: 0.0891 -> 0.1018  accuracy: 96.61% -> 96.61%     
client [57] (testset)   loss: 0.0852 -> 0.0895  accuracy: 99.03% -> 99.03%     
client [17] (testset)   loss: 0.0550 -> 0.0599  accuracy: 98.44% -> 98.05%     
client [54] (testset)   loss: 0.5551 -> 0.5833  accuracy: 93.02% -> 93.02%     
client [23] (testset)   loss: 0.1443 -> 0.0077  accuracy: 94.29% -> 100.00%    
client [59] (testset)   loss: 0.0542 -> 0.0492  accuracy: 100.00% -> 100.00%   
client [31] (testset)   loss: 0.3261 -> 0.3261  accuracy: 85.71% -> 85.71%     
client [35] (testset)   loss: 0.1014 -> 0.1016  accuracy: 96.08% -> 96.08%     
client [9]  (testset)   loss: 0.0570 -> 0.0611  accuracy: 98.05% -> 97.72%     
---------------------------- TRAINING EPOCH: 40 ----------------------------   
client [64] (testset)   loss: 0.0437 -> 0.0604  accuracy: 98.61% -> 98.06%     
client [16] (testset)   loss: 0.0088 -> 0.0103  accuracy: 100.00% -> 100.00%   
client [33] (testset)   loss: 0.0616 -> 0.0707  accuracy: 99.35% -> 99.02%     
client [8]  (testset)   loss: 0.0001 -> 0.0001  accuracy: 100.00% -> 100.00%   
client [31] (testset)   loss: 0.2804 -> 0.2970  accuracy: 85.71% -> 85.71%     
client [44] (testset)   loss: 0.1837 -> 0.0726  accuracy: 96.12% -> 98.21%     
client [47] (testset)   loss: 0.0160 -> 0.0159  accuracy: 98.86% -> 98.86%     
client [36] (testset)   loss: 0.0405 -> 0.0436  accuracy: 98.98% -> 98.48%     
client [20] (testset)   loss: 0.1737 -> 0.1610  accuracy: 95.93% -> 95.02%     
client [56] (testset)   loss: 0.0371 -> 0.0435  accuracy: 98.92% -> 98.92%     
---------------------------- TRAINING EPOCH: 50 ----------------------------   
client [60] (testset)   loss: 0.0374 -> 0.0366  accuracy: 99.00% -> 99.00%     
client [4]  (testset)   loss: 0.1477 -> 0.1456  accuracy: 98.53% -> 98.53%     
client [28] (testset)   loss: 0.0193 -> 0.0151  accuracy: 99.33% -> 99.33%     
client [25] (testset)   loss: 0.0161 -> 0.0135  accuracy: 98.85% -> 100.00%    
client [58] (testset)   loss: 0.0707 -> 0.0683  accuracy: 97.16% -> 97.16%     
client [44] (testset)   loss: 0.0720 -> 0.0657  accuracy: 97.91% -> 97.91%     
client [39] (testset)   loss: 0.0334 -> 0.0096  accuracy: 98.28% -> 100.00%    
client [29] (testset)   loss: 0.0536 -> 0.0334  accuracy: 98.15% -> 99.26%     
client [84] (testset)   loss: 0.0011 -> 0.0010  accuracy: 100.00% -> 100.00%   
client [3]  (testset)   loss: 0.0511 -> 0.0330  accuracy: 98.53% -> 99.37%     
---------------------------- TRAINING EPOCH: 60 ----------------------------   
client [84] (testset)   loss: 0.0004 -> 0.0004  accuracy: 100.00% -> 100.00%   
client [21] (testset)   loss: 0.0736 -> 0.0586  accuracy: 96.08% -> 98.04%     
client [10] (testset)   loss: 0.0040 -> 0.0040  accuracy: 100.00% -> 100.00%   
client [36] (testset)   loss: 0.0464 -> 0.0459  accuracy: 98.48% -> 98.98%     
client [65] (testset)   loss: 0.0137 -> 0.0135  accuracy: 99.58% -> 99.58%     
client [79] (testset)   loss: 0.0430 -> 0.0253  accuracy: 96.92% -> 96.92%     
client [81] (testset)   loss: 0.0092 -> 0.0118  accuracy: 99.38% -> 99.38%     
client [11] (testset)   loss: 0.0467 -> 0.0436  accuracy: 100.00% -> 100.00%   
client [96] (testset)   loss: 0.0167 -> 0.0126  accuracy: 99.02% -> 100.00%    
client [42] (testset)   loss: 0.1444 -> 0.2333  accuracy: 96.17% -> 93.99%     
---------------------------- TRAINING EPOCH: 70 ----------------------------   
client [53] (testset)   loss: 0.0630 -> 0.0630  accuracy: 96.00% -> 96.00%     
client [8]  (testset)   loss: 0.0001 -> 0.0001  accuracy: 100.00% -> 100.00%   
client [52] (testset)   loss: 0.0012 -> 0.0004  accuracy: 100.00% -> 100.00%   
client [42] (testset)   loss: 0.1623 -> 0.1632  accuracy: 96.17% -> 96.17%     
client [59] (testset)   loss: 0.0211 -> 0.0154  accuracy: 100.00% -> 100.00%   
client [7]  (testset)   loss: 0.0016 -> 0.0015  accuracy: 100.00% -> 100.00%   
client [26] (testset)   loss: 0.2410 -> 0.2469  accuracy: 95.83% -> 95.83%     
client [49] (testset)   loss: 0.0004 -> 0.0003  accuracy: 100.00% -> 100.00%   
client [98] (testset)   loss: 0.0321 -> 0.0170  accuracy: 97.06% -> 100.00%    
client [69] (testset)   loss: 0.0138 -> 0.0157  accuracy: 99.45% -> 99.27%     
---------------------------- TRAINING EPOCH: 80 ----------------------------   
client [98] (testset)   loss: 0.0389 -> 0.0151  accuracy: 97.06% -> 100.00%    
client [47] (testset)   loss: 0.0293 -> 0.0295  accuracy: 98.86% -> 98.86%     
client [21] (testset)   loss: 0.0681 -> 0.0409  accuracy: 97.06% -> 99.02%     
client [77] (testset)   loss: 0.0698 -> 0.0720  accuracy: 97.26% -> 97.26%     
client [95] (testset)   loss: 0.0045 -> 0.0034  accuracy: 100.00% -> 100.00%   
client [14] (testset)   loss: 0.0303 -> 0.0275  accuracy: 99.31% -> 99.31%     
client [99] (testset)   loss: 0.1700 -> 0.1717  accuracy: 95.24% -> 95.24%     
client [91] (testset)   loss: 0.0423 -> 0.0499  accuracy: 99.67% -> 99.01%     
client [20] (testset)   loss: 0.1765 -> 0.1402  accuracy: 95.02% -> 96.38%     
client [39] (testset)   loss: 0.0178 -> 0.0246  accuracy: 99.51% -> 98.77%     
---------------------------- TRAINING EPOCH: 90 ----------------------------   
client [52] (testset)   loss: 0.0003 -> 0.0003  accuracy: 100.00% -> 100.00%   
client [62] (testset)   loss: 0.0357 -> 0.0342  accuracy: 98.90% -> 99.45%     
client [97] (testset)   loss: 0.0230 -> 0.0308  accuracy: 99.00% -> 98.66%     
client [71] (testset)   loss: 0.0057 -> 0.0065  accuracy: 99.77% -> 99.77%     
client [30] (testset)   loss: 0.3587 -> 0.3547  accuracy: 95.00% -> 95.00%     
client [88] (testset)   loss: 0.0229 -> 0.0229  accuracy: 98.53% -> 98.53%     
client [60] (testset)   loss: 0.0451 -> 0.0387  accuracy: 98.00% -> 98.00%     
client [82] (testset)   loss: 0.2261 -> 0.2222  accuracy: 95.77% -> 95.77%     
client [57] (testset)   loss: 0.1086 -> 0.1160  accuracy: 99.03% -> 99.03%     
client [91] (testset)   loss: 0.0492 -> 0.0482  accuracy: 98.84% -> 99.34%     
---------------------------- TRAINING EPOCH: 100 ----------------------------  
client [31] (testset)   loss: 0.1995 -> 0.2046  accuracy: 85.71% -> 85.71%     
client [15] (testset)   loss: 0.1006 -> 0.0984  accuracy: 98.17% -> 98.17%     
client [97] (testset)   loss: 0.0267 -> 0.0267  accuracy: 99.00% -> 99.00%     
client [71] (testset)   loss: 0.0110 -> 0.0198  accuracy: 99.54% -> 98.84%     
client [53] (testset)   loss: 0.0545 -> 0.0652  accuracy: 96.00% -> 96.00%     
client [76] (testset)   loss: 0.2853 -> 0.2908  accuracy: 94.81% -> 94.81%     
client [77] (testset)   loss: 0.0807 -> 0.0761  accuracy: 97.95% -> 97.95%     
client [79] (testset)   loss: 0.0152 -> 0.0176  accuracy: 98.46% -> 100.00%    
client [99] (testset)   loss: 0.1586 -> 0.1662  accuracy: 95.24% -> 95.24%     
client [28] (testset)   loss: 0.0157 -> 0.0132  accuracy: 99.33% -> 99.33%     
---------------------------- TRAINING EPOCH: 110 ----------------------------  
client [97] (testset)   loss: 0.0241 -> 0.0280  accuracy: 99.00% -> 99.00%     
client [34] (testset)   loss: 0.3965 -> 0.3967  accuracy: 94.44% -> 94.44%     
client [86] (testset)   loss: 0.0214 -> 0.0170  accuracy: 98.90% -> 99.73%     
client [73] (testset)   loss: 0.1136 -> 0.1110  accuracy: 94.12% -> 94.12%     
client [5]  (testset)   loss: 0.0632 -> 0.0681  accuracy: 97.93% -> 98.62%     
client [96] (testset)   loss: 0.0118 -> 0.0097  accuracy: 99.02% -> 100.00%    
client [22] (testset)   loss: 0.0061 -> 0.0059  accuracy: 100.00% -> 100.00%   
client [60] (testset)   loss: 0.0396 -> 0.0531  accuracy: 97.00% -> 98.00%     
client [66] (testset)   loss: 0.0384 -> 0.0424  accuracy: 99.12% -> 98.23%     
client [83] (testset)   loss: 0.1504 -> 0.1496  accuracy: 96.80% -> 96.44%     
---------------------------- TRAINING EPOCH: 120 ----------------------------  
client [76] (testset)   loss: 0.3500 -> 0.3479  accuracy: 94.81% -> 94.81%     
client [65] (testset)   loss: 0.0147 -> 0.0143  accuracy: 99.58% -> 99.16%     
client [95] (testset)   loss: 0.0016 -> 0.0022  accuracy: 100.00% -> 100.00%   
client [8]  (testset)   loss: 0.0000 -> 0.0000  accuracy: 100.00% -> 100.00%   
client [17] (testset)   loss: 0.0318 -> 0.0298  accuracy: 98.83% -> 99.22%     
client [98] (testset)   loss: 0.0264 -> 0.0257  accuracy: 97.06% -> 97.06%     
client [35] (testset)   loss: 0.0686 -> 0.0697  accuracy: 97.06% -> 97.06%     
client [53] (testset)   loss: 0.0569 -> 0.0637  accuracy: 96.00% -> 96.00%     
client [43] (testset)   loss: 0.1176 -> 0.1157  accuracy: 97.33% -> 96.79%     
client [64] (testset)   loss: 0.0335 -> 0.0380  accuracy: 98.61% -> 98.61%     
---------------------------- TRAINING EPOCH: 130 ----------------------------  
client [88] (testset)   loss: 0.0283 -> 0.0278  accuracy: 98.53% -> 98.53%     
client [21] (testset)   loss: 0.0465 -> 0.0391  accuracy: 99.02% -> 99.02%     
client [38] (testset)   loss: 0.0407 -> 0.0407  accuracy: 98.25% -> 96.49%     
client [5]  (testset)   loss: 0.0695 -> 0.0680  accuracy: 97.93% -> 98.62%     
client [41] (testset)   loss: 0.0105 -> 0.0103  accuracy: 98.95% -> 100.00%    
client [7]  (testset)   loss: 0.0016 -> 0.0014  accuracy: 100.00% -> 100.00%   
client [3]  (testset)   loss: 0.0284 -> 0.0337  accuracy: 99.58% -> 99.37%     
client [37] (testset)   loss: 0.1960 -> 0.1951  accuracy: 96.10% -> 96.10%     
client [47] (testset)   loss: 0.0345 -> 0.0341  accuracy: 98.86% -> 98.86%     
client [45] (testset)   loss: 0.0404 -> 0.0441  accuracy: 99.39% -> 99.08%     
---------------------------- TRAINING EPOCH: 140 ----------------------------  
client [11] (testset)   loss: 0.0109 -> 0.0099  accuracy: 100.00% -> 100.00%   
client [16] (testset)   loss: 0.0012 -> 0.0013  accuracy: 100.00% -> 100.00%   
client [41] (testset)   loss: 0.0099 -> 0.0102  accuracy: 100.00% -> 98.95%    
client [37] (testset)   loss: 0.1832 -> 0.1917  accuracy: 96.97% -> 95.67%     
client [53] (testset)   loss: 0.0725 -> 0.0688  accuracy: 96.00% -> 96.00%     
client [22] (testset)   loss: 0.0060 -> 0.0056  accuracy: 100.00% -> 100.00%   
client [95] (testset)   loss: 0.0030 -> 0.0027  accuracy: 100.00% -> 100.00%   
client [25] (testset)   loss: 0.0077 -> 0.0062  accuracy: 100.00% -> 100.00%   
client [46] (testset)   loss: 0.0476 -> 0.0454  accuracy: 99.10% -> 98.42%     
client [69] (testset)   loss: 0.0159 -> 0.0157  accuracy: 99.45% -> 99.45%     
---------------------------- TRAINING EPOCH: 150 ----------------------------  
client [47] (testset)   loss: 0.0304 -> 0.0302  accuracy: 98.86% -> 98.86%     
client [82] (testset)   loss: 0.2452 -> 0.2471  accuracy: 95.77% -> 95.77%     
client [45] (testset)   loss: 0.0387 -> 0.0428  accuracy: 99.39% -> 99.39%     
client [69] (testset)   loss: 0.0171 -> 0.0158  accuracy: 99.45% -> 99.45%     
client [7]  (testset)   loss: 0.0011 -> 0.0011  accuracy: 100.00% -> 100.00%   
client [35] (testset)   loss: 0.0766 -> 0.0691  accuracy: 96.08% -> 97.06%     
client [50] (testset)   loss: 0.0664 -> 0.0651  accuracy: 97.95% -> 97.95%     
client [24] (testset)   loss: 0.1637 -> 0.1520  accuracy: 95.95% -> 95.95%     
client [15] (testset)   loss: 0.1049 -> 0.1034  accuracy: 98.17% -> 98.17%     
client [58] (testset)   loss: 0.0686 -> 0.0695  accuracy: 97.16% -> 97.16%     
---------------------------- TRAINING EPOCH: 160 ----------------------------  
client [76] (testset)   loss: 0.4112 -> 0.4216  accuracy: 94.81% -> 94.81%     
client [48] (testset)   loss: 0.0109 -> 0.0097  accuracy: 99.03% -> 99.03%     
client [67] (testset)   loss: 0.0001 -> 0.0001  accuracy: 100.00% -> 100.00%   
client [58] (testset)   loss: 0.0680 -> 0.0686  accuracy: 97.16% -> 97.16%     
client [37] (testset)   loss: 0.1834 -> 0.1937  accuracy: 96.97% -> 96.10%     
client [77] (testset)   loss: 0.0797 -> 0.0790  accuracy: 97.95% -> 97.95%     
client [64] (testset)   loss: 0.0372 -> 0.0395  accuracy: 98.61% -> 98.61%     
client [12] (testset)   loss: 0.0209 -> 0.0244  accuracy: 99.01% -> 99.01%     
client [55] (testset)   loss: 0.0357 -> 0.0284  accuracy: 98.98% -> 99.23%     
client [89] (testset)   loss: 0.0136 -> 0.0164  accuracy: 100.00% -> 100.00%   
---------------------------- TRAINING EPOCH: 170 ----------------------------  
client [84] (testset)   loss: 0.0000 -> 0.0000  accuracy: 100.00% -> 100.00%   
client [51] (testset)   loss: 0.0241 -> 0.0243  accuracy: 100.00% -> 100.00%   
client [8]  (testset)   loss: 0.0000 -> 0.0000  accuracy: 100.00% -> 100.00%   
client [94] (testset)   loss: 0.0000 -> 0.0000  accuracy: 100.00% -> 100.00%   
client [81] (testset)   loss: 0.0071 -> 0.0073  accuracy: 99.38% -> 99.38%     
client [18] (testset)   loss: 0.1003 -> 0.1112  accuracy: 97.93% -> 97.93%     
client [11] (testset)   loss: 0.0060 -> 0.0058  accuracy: 100.00% -> 100.00%   
client [95] (testset)   loss: 0.0021 -> 0.0018  accuracy: 100.00% -> 100.00%   
client [67] (testset)   loss: 0.0001 -> 0.0001  accuracy: 100.00% -> 100.00%   
client [3]  (testset)   loss: 0.0265 -> 0.0247  accuracy: 99.58% -> 99.58%     
---------------------------- TRAINING EPOCH: 180 ----------------------------  
client [79] (testset)   loss: 0.0108 -> 0.0124  accuracy: 100.00% -> 100.00%   
client [21] (testset)   loss: 0.0555 -> 0.0430  accuracy: 99.02% -> 99.02%     
client [88] (testset)   loss: 0.0245 -> 0.0241  accuracy: 98.53% -> 98.53%     
client [58] (testset)   loss: 0.0691 -> 0.0697  accuracy: 97.16% -> 97.16%     
client [11] (testset)   loss: 0.0068 -> 0.0062  accuracy: 100.00% -> 100.00%   
client [46] (testset)   loss: 0.0501 -> 0.0460  accuracy: 99.10% -> 99.10%     
client [55] (testset)   loss: 0.0313 -> 0.0311  accuracy: 98.72% -> 99.23%     
client [13] (testset)   loss: 0.1258 -> 0.1227  accuracy: 91.67% -> 91.67%     
client [31] (testset)   loss: 0.2651 -> 0.2643  accuracy: 85.71% -> 85.71%     
client [75] (testset)   loss: 0.0093 -> 0.0061  accuracy: 99.69% -> 99.69%     
---------------------------- TRAINING EPOCH: 190 ----------------------------  
client [7]  (testset)   loss: 0.0009 -> 0.0008  accuracy: 100.00% -> 100.00%   
client [19] (testset)   loss: 0.0483 -> 0.0479  accuracy: 98.15% -> 98.15%     
client [13] (testset)   loss: 0.1624 -> 0.1159  accuracy: 91.67% -> 91.67%     
client [57] (testset)   loss: 0.1363 -> 0.1368  accuracy: 99.03% -> 99.03%     
client [43] (testset)   loss: 0.1223 -> 0.1197  accuracy: 96.26% -> 96.26%     
client [10] (testset)   loss: 0.0006 -> 0.0006  accuracy: 100.00% -> 100.00%   
client [64] (testset)   loss: 0.0403 -> 0.0401  accuracy: 98.89% -> 98.89%     
client [91] (testset)   loss: 0.0558 -> 0.0575  accuracy: 99.34% -> 99.50%     
client [82] (testset)   loss: 0.2710 -> 0.2718  accuracy: 95.77% -> 95.77%     
client [22] (testset)   loss: 0.0014 -> 0.0015  accuracy: 100.00% -> 100.00%   
---------------------------- TRAINING EPOCH: 200 ----------------------------  
client [23] (testset)   loss: 0.0001 -> 0.0001  accuracy: 100.00% -> 100.00%   
client [88] (testset)   loss: 0.0316 -> 0.0311  accuracy: 98.53% -> 98.53%     
client [98] (testset)   loss: 0.0143 -> 0.0227  accuracy: 100.00% -> 97.06%    
client [20] (testset)   loss: 0.1738 -> 0.1777  accuracy: 96.38% -> 95.48%     
client [79] (testset)   loss: 0.0153 -> 0.0130  accuracy: 98.46% -> 100.00%    
client [92] (testset)   loss: 0.0001 -> 0.0001  accuracy: 100.00% -> 100.00%   
client [21] (testset)   loss: 0.0532 -> 0.0402  accuracy: 99.02% -> 99.02%     
client [56] (testset)   loss: 0.0668 -> 0.0630  accuracy: 98.92% -> 98.92%     
client [5]  (testset)   loss: 0.0744 -> 0.0754  accuracy: 98.62% -> 97.93%     
client [52] (testset)   loss: 0.0000 -> 0.0000  accuracy: 100.00% -> 100.00%   
---------------------------- TRAINING EPOCH: 210 ----------------------------  
client [67] (testset)   loss: 0.0001 -> 0.0001  accuracy: 100.00% -> 100.00%   
client [54] (testset)   loss: 0.9826 -> 1.0036  accuracy: 93.02% -> 93.02%     
client [99] (testset)   loss: 0.1551 -> 0.1583  accuracy: 95.24% -> 95.24%     
client [14] (testset)   loss: 0.0355 -> 0.0386  accuracy: 99.31% -> 99.31%     
client [30] (testset)   loss: 0.4632 -> 0.4664  accuracy: 95.00% -> 95.00%     
client [36] (testset)   loss: 0.0629 -> 0.0636  accuracy: 98.98% -> 98.98%     
client [38] (testset)   loss: 0.0403 -> 0.0374  accuracy: 98.25% -> 98.25%     
client [15] (testset)   loss: 0.1150 -> 0.1145  accuracy: 98.17% -> 98.17%     
client [53] (testset)   loss: 0.0611 -> 0.0630  accuracy: 96.00% -> 96.00%     
client [6]  (testset)   loss: 0.0152 -> 0.0146  accuracy: 99.48% -> 99.48%     
---------------------------- TRAINING EPOCH: 220 ----------------------------  
client [99] (testset)   loss: 0.1536 -> 0.1545  accuracy: 95.24% -> 95.24%     
client [83] (testset)   loss: 0.1798 -> 0.1826  accuracy: 96.44% -> 96.44%     
client [6]  (testset)   loss: 0.0148 -> 0.0137  accuracy: 99.48% -> 99.48%     
client [34] (testset)   loss: 0.4806 -> 0.4826  accuracy: 94.44% -> 94.44%     
client [42] (testset)   loss: 0.2449 -> 0.2473  accuracy: 96.72% -> 96.72%     
client [15] (testset)   loss: 0.1167 -> 0.1160  accuracy: 98.17% -> 98.17%     
client [47] (testset)   loss: 0.0356 -> 0.0352  accuracy: 98.86% -> 98.86%     
client [51] (testset)   loss: 0.0315 -> 0.0311  accuracy: 97.14% -> 97.14%     
client [55] (testset)   loss: 0.0281 -> 0.0311  accuracy: 98.72% -> 98.98%     
client [95] (testset)   loss: 0.0016 -> 0.0015  accuracy: 100.00% -> 100.00%   
---------------------------- TRAINING EPOCH: 230 ----------------------------  
client [15] (testset)   loss: 0.1179 -> 0.1174  accuracy: 98.17% -> 98.17%     
client [71] (testset)   loss: 0.0091 -> 0.0123  accuracy: 99.54% -> 99.54%     
client [99] (testset)   loss: 0.1637 -> 0.1652  accuracy: 95.24% -> 95.24%     
client [33] (testset)   loss: 0.0952 -> 0.0950  accuracy: 99.35% -> 99.35%     
client [90] (testset)   loss: 0.0840 -> 0.0875  accuracy: 97.81% -> 97.81%     
client [27] (testset)   loss: 0.1894 -> 0.1874  accuracy: 98.40% -> 98.40%     
client [57] (testset)   loss: 0.1418 -> 0.1420  accuracy: 99.03% -> 99.03%     
client [78] (testset)   loss: 0.0043 -> 0.0039  accuracy: 100.00% -> 100.00%   
client [36] (testset)   loss: 0.0648 -> 0.0656  accuracy: 98.98% -> 98.98%     
client [88] (testset)   loss: 0.0270 -> 0.0273  accuracy: 98.53% -> 98.53%     
---------------------------- TRAINING EPOCH: 240 ----------------------------  
client [35] (testset)   loss: 0.0720 -> 0.0717  accuracy: 97.06% -> 97.06%     
client [16] (testset)   loss: 0.0004 -> 0.0004  accuracy: 100.00% -> 100.00%   
client [80] (testset)   loss: 0.0000 -> 0.0000  accuracy: 100.00% -> 100.00%   
client [38] (testset)   loss: 0.0402 -> 0.0380  accuracy: 96.49% -> 96.49%     
client [78] (testset)   loss: 0.0039 -> 0.0039  accuracy: 100.00% -> 100.00%   
client [70] (testset)   loss: 0.0637 -> 0.0625  accuracy: 98.90% -> 98.90%     
client [11] (testset)   loss: 0.0022 -> 0.0022  accuracy: 100.00% -> 100.00%   
client [68] (testset)   loss: 0.0763 -> 0.0838  accuracy: 98.31% -> 98.31%     
client [82] (testset)   loss: 0.3024 -> 0.3021  accuracy: 95.77% -> 95.77%     
client [64] (testset)   loss: 0.0420 -> 0.0430  accuracy: 98.89% -> 98.89%     
---------------------------- TRAINING EPOCH: 250 ----------------------------  
client [30] (testset)   loss: 0.5040 -> 0.5039  accuracy: 95.00% -> 95.00%     
client [27] (testset)   loss: 0.1933 -> 0.1939  accuracy: 98.40% -> 98.40%     
client [74] (testset)   loss: 0.1654 -> 0.1871  accuracy: 97.85% -> 97.85%     
client [45] (testset)   loss: 0.0490 -> 0.0445  accuracy: 99.39% -> 99.39%     
client [36] (testset)   loss: 0.0667 -> 0.0674  accuracy: 98.98% -> 98.98%     
client [6]  (testset)   loss: 0.0152 -> 0.0173  accuracy: 99.48% -> 99.48%     
client [76] (testset)   loss: 0.5073 -> 0.5015  accuracy: 94.81% -> 94.81%     
client [63] (testset)   loss: 0.0683 -> 0.0689  accuracy: 97.81% -> 97.81%     
client [83] (testset)   loss: 0.1888 -> 0.1894  accuracy: 96.09% -> 96.09%     
client [86] (testset)   loss: 0.0250 -> 0.0234  accuracy: 99.18% -> 99.18%     
---------------------------- TRAINING EPOCH: 260 ----------------------------  
client [99] (testset)   loss: 0.1760 -> 0.1753  accuracy: 95.24% -> 95.24%     
client [83] (testset)   loss: 0.1932 -> 0.1910  accuracy: 96.09% -> 96.09%     
client [73] (testset)   loss: 0.1093 -> 0.1132  accuracy: 94.12% -> 94.12%     
client [74] (testset)   loss: 0.1723 -> 0.1913  accuracy: 97.85% -> 97.54%     
client [92] (testset)   loss: 0.0001 -> 0.0001  accuracy: 100.00% -> 100.00%   
client [29] (testset)   loss: 0.0426 -> 0.0429  accuracy: 98.89% -> 98.52%     
client [6]  (testset)   loss: 0.0152 -> 0.0171  accuracy: 99.48% -> 99.48%     
client [21] (testset)   loss: 0.0385 -> 0.0404  accuracy: 99.02% -> 99.02%     
client [67] (testset)   loss: 0.0001 -> 0.0001  accuracy: 100.00% -> 100.00%   
client [61] (testset)   loss: 0.0149 -> 0.0154  accuracy: 99.71% -> 99.71%     
---------------------------- TRAINING EPOCH: 270 ----------------------------  
client [32] (testset)   loss: 0.1138 -> 0.1124  accuracy: 96.83% -> 96.83%     
client [83] (testset)   loss: 0.1915 -> 0.1913  accuracy: 96.44% -> 96.09%     
client [95] (testset)   loss: 0.0013 -> 0.0013  accuracy: 100.00% -> 100.00%   
client [61] (testset)   loss: 0.0168 -> 0.0169  accuracy: 99.71% -> 99.71%     
client [27] (testset)   loss: 0.1988 -> 0.1978  accuracy: 98.40% -> 98.40%     
client [68] (testset)   loss: 0.0882 -> 0.0795  accuracy: 98.31% -> 98.31%     
client [25] (testset)   loss: 0.0037 -> 0.0035  accuracy: 100.00% -> 100.00%   
client [34] (testset)   loss: 0.5670 -> 0.5671  accuracy: 94.44% -> 94.44%     
client [89] (testset)   loss: 0.0175 -> 0.0166  accuracy: 100.00% -> 100.00%   
client [71] (testset)   loss: 0.0116 -> 0.0123  accuracy: 99.54% -> 99.54%     
---------------------------- TRAINING EPOCH: 280 ----------------------------  
client [78] (testset)   loss: 0.0035 -> 0.0037  accuracy: 100.00% -> 100.00%   
client [81] (testset)   loss: 0.0078 -> 0.0076  accuracy: 99.38% -> 99.38%     
client [51] (testset)   loss: 0.0343 -> 0.0340  accuracy: 97.14% -> 97.14%     
client [54] (testset)   loss: 1.1492 -> 1.1428  accuracy: 93.02% -> 93.02%     
client [41] (testset)   loss: 0.0091 -> 0.0090  accuracy: 100.00% -> 100.00%   
client [11] (testset)   loss: 0.0020 -> 0.0020  accuracy: 100.00% -> 100.00%   
client [65] (testset)   loss: 0.0145 -> 0.0142  accuracy: 99.16% -> 99.16%     
client [85] (testset)   loss: 0.0637 -> 0.0620  accuracy: 98.96% -> 98.96%     
client [23] (testset)   loss: 0.0001 -> 0.0001  accuracy: 100.00% -> 100.00%   
client [12] (testset)   loss: 0.0192 -> 0.0185  accuracy: 99.01% -> 99.01%     
---------------------------- TRAINING EPOCH: 290 ----------------------------  
client [16] (testset)   loss: 0.0003 -> 0.0003  accuracy: 100.00% -> 100.00%   
client [53] (testset)   loss: 0.0694 -> 0.0692  accuracy: 96.00% -> 96.00%     
client [65] (testset)   loss: 0.0138 -> 0.0139  accuracy: 99.16% -> 99.16%     
client [58] (testset)   loss: 0.0822 -> 0.0819  accuracy: 97.16% -> 97.16%     
client [7]  (testset)   loss: 0.0005 -> 0.0004  accuracy: 100.00% -> 100.00%   
client [72] (testset)   loss: 0.0205 -> 0.0205  accuracy: 99.09% -> 99.09%     
client [59] (testset)   loss: 0.0010 -> 0.0010  accuracy: 100.00% -> 100.00%   
client [71] (testset)   loss: 0.0112 -> 0.0128  accuracy: 99.54% -> 99.30%     
client [86] (testset)   loss: 0.0243 -> 0.0247  accuracy: 99.18% -> 99.18%     
client [39] (testset)   loss: 0.0025 -> 0.0042  accuracy: 100.00% -> 100.00%   
---------------------------- TRAINING EPOCH: 300 ----------------------------  
client [7]  (testset)   loss: 0.0004 -> 0.0004  accuracy: 100.00% -> 100.00%   
client [99] (testset)   loss: 0.1662 -> 0.1651  accuracy: 95.24% -> 95.24%     
client [17] (testset)   loss: 0.0309 -> 0.0336  accuracy: 99.22% -> 99.22%     
client [64] (testset)   loss: 0.0440 -> 0.0444  accuracy: 98.89% -> 98.89%     
client [37] (testset)   loss: 0.2345 -> 0.2362  accuracy: 96.10% -> 95.67%     
client [93] (testset)   loss: 0.0076 -> 0.0070  accuracy: 100.00% -> 100.00%   
client [73] (testset)   loss: 0.1140 -> 0.1162  accuracy: 94.12% -> 94.12%     
client [29] (testset)   loss: 0.0424 -> 0.0534  accuracy: 98.52% -> 97.79%     
client [40] (testset)   loss: 0.0052 -> 0.0052  accuracy: 100.00% -> 100.00%   
client [76] (testset)   loss: 0.5290 -> 0.5323  accuracy: 94.81% -> 94.81%     
---------------------------- TRAINING EPOCH: 310 ----------------------------  
client [31] (testset)   loss: 0.3129 -> 0.3127  accuracy: 85.71% -> 85.71%     
client [89] (testset)   loss: 0.0135 -> 0.0139  accuracy: 100.00% -> 100.00%   
client [77] (testset)   loss: 0.0883 -> 0.0885  accuracy: 97.26% -> 97.26%     
client [26] (testset)   loss: 0.3966 -> 0.3954  accuracy: 95.83% -> 95.83%     
client [90] (testset)   loss: 0.0903 -> 0.0888  accuracy: 97.81% -> 97.81%     
client [30] (testset)   loss: 0.5316 -> 0.5336  accuracy: 95.00% -> 95.00%     
client [50] (testset)   loss: 0.0594 -> 0.0564  accuracy: 98.46% -> 98.46%     
client [41] (testset)   loss: 0.0093 -> 0.0093  accuracy: 98.95% -> 98.95%     
client [99] (testset)   loss: 0.1628 -> 0.1631  accuracy: 95.24% -> 95.24%     
client [70] (testset)   loss: 0.0670 -> 0.0657  accuracy: 98.90% -> 98.90%     
---------------------------- TRAINING EPOCH: 320 ----------------------------  
client [68] (testset)   loss: 0.0940 -> 0.0877  accuracy: 98.31% -> 98.31%     
client [52] (testset)   loss: 0.0000 -> 0.0000  accuracy: 100.00% -> 100.00%   
client [1]  (testset)   loss: 0.0431 -> 0.0436  accuracy: 98.33% -> 98.33%     
client [70] (testset)   loss: 0.0674 -> 0.0720  accuracy: 98.90% -> 98.90%     
client [67] (testset)   loss: 0.0000 -> 0.0000  accuracy: 100.00% -> 100.00%   
client [92] (testset)   loss: 0.0001 -> 0.0001  accuracy: 100.00% -> 100.00%   
client [35] (testset)   loss: 0.0726 -> 0.0736  accuracy: 97.06% -> 97.06%     
client [2]  (testset)   loss: 0.0675 -> 0.0635  accuracy: 99.05% -> 99.43%     
client [36] (testset)   loss: 0.0718 -> 0.0724  accuracy: 98.98% -> 98.98%     
client [64] (testset)   loss: 0.0454 -> 0.0461  accuracy: 98.89% -> 98.89%     
---------------------------- TRAINING EPOCH: 330 ----------------------------  
client [44] (testset)   loss: 0.0774 -> 0.0780  accuracy: 98.81% -> 98.81%     
client [6]  (testset)   loss: 0.0162 -> 0.0180  accuracy: 99.48% -> 99.48%     
client [12] (testset)   loss: 0.0186 -> 0.0192  accuracy: 99.01% -> 99.01%     
client [55] (testset)   loss: 0.0316 -> 0.0319  accuracy: 98.98% -> 98.98%     
client [29] (testset)   loss: 0.0439 -> 0.0458  accuracy: 98.52% -> 97.79%     
client [43] (testset)   loss: 0.1299 -> 0.1362  accuracy: 96.26% -> 95.72%     
client [77] (testset)   loss: 0.0901 -> 0.0900  accuracy: 97.95% -> 97.95%     
client [98] (testset)   loss: 0.0212 -> 0.0182  accuracy: 97.06% -> 100.00%    
client [9]  (testset)   loss: 0.0666 -> 0.0675  accuracy: 98.21% -> 98.21%     
client [78] (testset)   loss: 0.0037 -> 0.0036  accuracy: 100.00% -> 100.00%   
---------------------------- TRAINING EPOCH: 340 ----------------------------  
client [92] (testset)   loss: 0.0000 -> 0.0000  accuracy: 100.00% -> 100.00%   
client [80] (testset)   loss: 0.0000 -> 0.0000  accuracy: 100.00% -> 100.00%   
client [76] (testset)   loss: 0.5500 -> 0.5490  accuracy: 94.81% -> 94.81%     
client [63] (testset)   loss: 0.0696 -> 0.0692  accuracy: 98.54% -> 97.81%     
client [25] (testset)   loss: 0.0033 -> 0.0032  accuracy: 100.00% -> 100.00%   
client [78] (testset)   loss: 0.0035 -> 0.0034  accuracy: 100.00% -> 100.00%   
client [13] (testset)   loss: 0.1493 -> 0.1380  accuracy: 91.67% -> 91.67%     
client [58] (testset)   loss: 0.0810 -> 0.0812  accuracy: 97.16% -> 97.16%     
client [38] (testset)   loss: 0.0307 -> 0.0307  accuracy: 98.25% -> 98.25%     
client [17] (testset)   loss: 0.0323 -> 0.0323  accuracy: 99.22% -> 99.22%     
---------------------------- TRAINING EPOCH: 350 ----------------------------  
client [82] (testset)   loss: 0.3394 -> 0.3399  accuracy: 95.77% -> 95.77%     
client [72] (testset)   loss: 0.0214 -> 0.0216  accuracy: 99.09% -> 99.09%     
client [51] (testset)   loss: 0.0396 -> 0.0397  accuracy: 97.14% -> 97.14%     
client [96] (testset)   loss: 0.0046 -> 0.0044  accuracy: 100.00% -> 100.00%   
client [86] (testset)   loss: 0.0250 -> 0.0245  accuracy: 99.45% -> 99.45%     
client [42] (testset)   loss: 0.2585 -> 0.2668  accuracy: 97.81% -> 97.81%     
client [13] (testset)   loss: 0.1582 -> 0.1547  accuracy: 91.67% -> 91.67%     
client [1]  (testset)   loss: 0.0454 -> 0.0463  accuracy: 98.33% -> 98.33%     
client [12] (testset)   loss: 0.0189 -> 0.0173  accuracy: 99.01% -> 98.51%     
client [55] (testset)   loss: 0.0321 -> 0.0327  accuracy: 98.98% -> 98.47%     
---------------------------- TRAINING EPOCH: 360 ----------------------------  
client [23] (testset)   loss: 0.0001 -> 0.0001  accuracy: 100.00% -> 100.00%   
client [68] (testset)   loss: 0.1028 -> 0.1003  accuracy: 98.31% -> 98.31%     
client [41] (testset)   loss: 0.0093 -> 0.0091  accuracy: 98.95% -> 98.95%     
client [25] (testset)   loss: 0.0030 -> 0.0029  accuracy: 100.00% -> 100.00%   
client [58] (testset)   loss: 0.0839 -> 0.0840  accuracy: 97.16% -> 97.16%     
client [46] (testset)   loss: 0.0581 -> 0.0562  accuracy: 99.10% -> 99.10%     
client [14] (testset)   loss: 0.0439 -> 0.0433  accuracy: 99.31% -> 99.31%     
client [85] (testset)   loss: 0.0635 -> 0.0648  accuracy: 98.96% -> 98.96%     
client [62] (testset)   loss: 0.0474 -> 0.0475  accuracy: 99.45% -> 99.45%     
client [33] (testset)   loss: 0.1065 -> 0.1077  accuracy: 99.35% -> 99.35%     
---------------------------- TRAINING EPOCH: 370 ----------------------------  
client [98] (testset)   loss: 0.0187 -> 0.0191  accuracy: 100.00% -> 100.00%   
client [63] (testset)   loss: 0.0716 -> 0.0714  accuracy: 98.54% -> 98.54%     
client [65] (testset)   loss: 0.0146 -> 0.0146  accuracy: 99.16% -> 99.16%     
client [14] (testset)   loss: 0.0442 -> 0.0440  accuracy: 99.31% -> 99.31%     
client [70] (testset)   loss: 0.0719 -> 0.0712  accuracy: 98.90% -> 98.90%     
client [34] (testset)   loss: 0.6167 -> 0.6166  accuracy: 94.44% -> 94.44%     
client [73] (testset)   loss: 0.1299 -> 0.1279  accuracy: 91.18% -> 91.18%     
client [99] (testset)   loss: 0.1700 -> 0.1698  accuracy: 95.24% -> 95.24%     
client [46] (testset)   loss: 0.0577 -> 0.0607  accuracy: 99.10% -> 99.10%     
client [69] (testset)   loss: 0.0178 -> 0.0176  accuracy: 99.45% -> 99.45%     
---------------------------- TRAINING EPOCH: 380 ----------------------------  
client [99] (testset)   loss: 0.1707 -> 0.1706  accuracy: 95.24% -> 95.24%     
client [93] (testset)   loss: 0.0060 -> 0.0059  accuracy: 100.00% -> 100.00%   
client [11] (testset)   loss: 0.0011 -> 0.0011  accuracy: 100.00% -> 100.00%   
client [58] (testset)   loss: 0.0827 -> 0.0828  accuracy: 97.16% -> 97.16%     
client [81] (testset)   loss: 0.0081 -> 0.0081  accuracy: 99.38% -> 99.38%     
client [89] (testset)   loss: 0.0130 -> 0.0129  accuracy: 100.00% -> 100.00%   
client [85] (testset)   loss: 0.0663 -> 0.0646  accuracy: 98.96% -> 98.96%     
client [8]  (testset)   loss: 0.0000 -> 0.0000  accuracy: 100.00% -> 100.00%   
client [68] (testset)   loss: 0.1014 -> 0.1063  accuracy: 98.31% -> 98.31%     
client [45] (testset)   loss: 0.0523 -> 0.0523  accuracy: 99.39% -> 99.39%     
---------------------------- TRAINING EPOCH: 390 ----------------------------  
client [67] (testset)   loss: 0.0000 -> 0.0000  accuracy: 100.00% -> 100.00%   
client [72] (testset)   loss: 0.0206 -> 0.0211  accuracy: 99.09% -> 99.09%     
client [1]  (testset)   loss: 0.0444 -> 0.0449  accuracy: 98.33% -> 98.33%     
client [78] (testset)   loss: 0.0031 -> 0.0031  accuracy: 100.00% -> 100.00%   
client [83] (testset)   loss: 0.2081 -> 0.2084  accuracy: 96.09% -> 96.44%     
client [21] (testset)   loss: 0.0429 -> 0.0433  accuracy: 99.02% -> 99.02%     
client [56] (testset)   loss: 0.0749 -> 0.0749  accuracy: 98.92% -> 98.92%     
client [92] (testset)   loss: 0.0000 -> 0.0000  accuracy: 100.00% -> 100.00%   
client [27] (testset)   loss: 0.2158 -> 0.2158  accuracy: 98.40% -> 98.40%     
client [44] (testset)   loss: 0.0792 -> 0.0783  accuracy: 98.81% -> 98.81%     
---------------------------- TRAINING EPOCH: 400 ----------------------------  
client [10] (testset)   loss: 0.0003 -> 0.0003  accuracy: 100.00% -> 100.00%   
client [65] (testset)   loss: 0.0152 -> 0.0150  accuracy: 99.16% -> 99.16%     
client [39] (testset)   loss: 0.0023 -> 0.0032  accuracy: 100.00% -> 100.00%   
client [26] (testset)   loss: 0.4145 -> 0.4148  accuracy: 95.83% -> 95.83%     
client [19] (testset)   loss: 0.0547 -> 0.0560  accuracy: 98.15% -> 98.15%     
client [68] (testset)   loss: 0.1060 -> 0.1051  accuracy: 98.31% -> 98.31%     
client [41] (testset)   loss: 0.0084 -> 0.0084  accuracy: 100.00% -> 100.00%   
client [50] (testset)   loss: 0.0585 -> 0.0585  accuracy: 97.95% -> 97.95%     
client [81] (testset)   loss: 0.0082 -> 0.0082  accuracy: 99.38% -> 99.38%     
client [75] (testset)   loss: 0.0092 -> 0.0087  accuracy: 99.69% -> 99.69%     
FedRep's average time taken by each global epoch: 0 min 1.60 sec.              
FedRep's total running time: 0 h 11 m 36 s.                                    
==================== FedRep Experiment Results: ====================           
Display format: (before local fine-tuning) -> (after local fine-tuning)        
 So if finetune_epoch = 0, x.xx% -> 0.00% is normal.                           
 Centralized testing ONLY happens after model aggregation, so the stats between
'->' are the same.                                                             
{                                                                              
    "100": {                                                                   
        "all_clients": {                                                       
            "test": {                                                          
                "loss": "0.0571 -> 0.0556",                                    
                "accuracy": "98.68% -> 98.75%"                                 
            }                                                                  
        }                                                                      
    },                                                                         
    "200": {                                                                   
        "all_clients": {                                                       
            "test": {                                                          
                "loss": "0.0652 -> 0.0650",                                    
                "accuracy": "98.75% -> 98.79%"                                 
            }                                                                  
        }                                                                      
    },                                                                         
    "300": {                                                                   
        "all_clients": {                                                       
            "test": {                                                          
                "loss": "0.0710 -> 0.0711",                                    
                "accuracy": "98.77% -> 98.80%"                                 
            }                                                                  
        }                                                                      
    },                                                                         
    "400": {                                                                   
        "all_clients": {                                                       
            "test": {                                                          
                "loss": "0.0758 -> 0.0756",                                    
                "accuracy": "98.79% -> 98.81%"                                 
            }                                                                  
        }                                                                      
    }                                                                          
}                                                                              
==================== FedRep Max Accuracy ====================                  
all_clients:                                                                   
(test) before fine-tuning: 98.79% at epoch 400                                 
(test) after fine-tuning: 98.81% at epoch 400                                  
