==================== FedFew ====================                               
Experiment Arguments:                                                          
{
    'method': 'fedfew',
    'dataset': {
        'name': 'cifar100',
        'client_num': 100,
        'test_ratio': 0.25,
        'val_ratio': 0.0,
        'seed': 42,
        'split': 'sample',
        'IID_ratio': 0.0,
        'monitor_window_name_suffix': 'cifar100-100clients-0%IID-use20superclasses-Dir(0.1)-seed42',
        'super_class': False,
        'alpha': 0.1,
        'min_samples_per_client': 10
    },
    'model': {
        'name': 'avgcnn',
        'use_torchvision_pretrained_weights': True,
        'external_model_weights_path': None
    },
    'optimizer': {
        'lr': 0.01,
        'dampening': 0,
        'weight_decay': 0,
        'momentum': 0.7,
        'nesterov': False,
        'name': 'sgd'
    },
    'mode': 'parallel',
    'parallel': {
        'ray_cluster_addr': None,
        'num_cpus': 32.0,
        'num_gpus': 1.0,
        'num_workers': 2
    },
    'common': {
        'seed': 42,
        'join_ratio': 0.1,
        'global_epoch': 200,
        'local_epoch': 5,
        'batch_size': 32,
        'reset_optimizer_on_global_epoch': True,
        'straggler_ratio': 0,
        'straggler_min_local_epoch': 0,
        'buffers': 'global',
        'client_side_evaluation': True,
        'test': {
            'client': {
                'interval': 100,
                'finetune_epoch': 0,
                'train': False,
                'val': False,
                'test': True
            },
            'server': {
                'interval': -1,
                'train': False,
                'val': False,
                'test': True,
                'model_in_train_mode': False
            }
        },
        'verbose_gap': 10,
        'monitor': None,
        'use_cuda': True,
        'save_log': True,
        'save_model': False,
        'save_learning_curve_plot': True,
        'save_metrics': True,
        'delete_useless_run': True
    },
    'fedprox': {
        'mu': 0.01
    },
    'pfedsim': {
        'warmup_round': 0.5
    },
    'fedfew': {
        'top_k': 9,
        'ig_ratio': 0.9,
        'alpha': 0.5,
        'type': 'all'
    }
}
---------------------------- TRAINING EPOCH: 10 ----------------------------   
client [81] (testset)   loss: 2.5398 -> 2.8639  accuracy: 39.07% -> 39.07%     
client [77] (testset)   loss: 2.0994 -> 2.0880  accuracy: 38.76% -> 43.26%     
client [21] (testset)   loss: 4.4668 -> 2.1204  accuracy: 4.76% -> 37.41%      
client [68] (testset)   loss: 4.4344 -> 2.2577  accuracy: 3.78% -> 39.08%      
client [93] (testset)   loss: 4.5219 -> 2.8329  accuracy: 0.00% -> 24.00%      
client [31] (testset)   loss: 2.3885 -> 2.2667  accuracy: 37.37% -> 42.11%     
client [20] (testset)   loss: 4.4427 -> 2.1504  accuracy: 2.48% -> 48.51%      
client [48] (testset)   loss: 2.8784 -> 2.7031  accuracy: 29.70% -> 29.09%     
client [59] (testset)   loss: 4.4968 -> 2.3341  accuracy: 3.43% -> 35.62%      
client [34] (testset)   loss: 2.8183 -> 2.9337  accuracy: 26.52% -> 27.07%     
---------------------------- TRAINING EPOCH: 20 ----------------------------   
client [99] (testset)   loss: 4.3832 -> 3.3475  accuracy: 4.38% -> 21.17%      
client [69] (testset)   loss: 4.3091 -> 1.9568  accuracy: 11.55% -> 46.93%     
client [67] (testset)   loss: 4.3436 -> 2.6553  accuracy: 9.34% -> 26.37%      
client [0]  (testset)   loss: 4.4351 -> 2.3087  accuracy: 2.94% -> 39.22%      
client [76] (testset)   loss: 4.3792 -> 2.5674  accuracy: 10.06% -> 33.52%     
client [41] (testset)   loss: 4.4501 -> 2.8779  accuracy: 4.03% -> 19.35%      
client [2]  (testset)   loss: 4.4530 -> 2.5926  accuracy: 3.57% -> 25.89%      
client [62] (testset)   loss: 4.4247 -> 2.3358  accuracy: 8.74% -> 38.83%      
client [14] (testset)   loss: 2.5493 -> 2.9288  accuracy: 38.96% -> 36.36%     
client [46] (testset)   loss: 4.4198 -> 2.0480  accuracy: 9.52% -> 57.14%      
---------------------------- TRAINING EPOCH: 30 ----------------------------   
client [24] (testset)   loss: 2.1976 -> 2.3966  accuracy: 39.66% -> 37.07%     
client [68] (testset)   loss: 2.4063 -> 2.2502  accuracy: 41.18% -> 42.44%     
client [57] (testset)   loss: 2.0287 -> 2.1788  accuracy: 46.63% -> 46.01%     
client [17] (testset)   loss: 2.6701 -> 2.9303  accuracy: 38.35% -> 33.08%     
client [54] (testset)   loss: 3.0937 -> 3.5387  accuracy: 36.67% -> 37.50%     
client [23] (testset)   loss: 4.4167 -> 2.4477  accuracy: 4.55% -> 39.09%      
client [35] (testset)   loss: 2.2111 -> 2.3524  accuracy: 36.73% -> 40.31%     
client [59] (testset)   loss: 2.1166 -> 2.5358  accuracy: 43.35% -> 39.48%     
client [31] (testset)   loss: 2.4834 -> 3.0969  accuracy: 46.32% -> 40.53%     
client [9]  (testset)   loss: 4.3230 -> 2.3210  accuracy: 11.41% -> 41.61%     
---------------------------- TRAINING EPOCH: 40 ----------------------------   
client [33] (testset)   loss: 2.3997 -> 2.9483  accuracy: 28.44% -> 25.69%     
client [64] (testset)   loss: 2.0329 -> 2.3669  accuracy: 39.86% -> 43.24%     
client [16] (testset)   loss: 2.6629 -> 2.8546  accuracy: 33.88% -> 37.19%     
client [44] (testset)   loss: 4.3283 -> 2.5372  accuracy: 6.54% -> 31.37%      
client [8]  (testset)   loss: 2.2639 -> 3.1196  accuracy: 46.73% -> 44.22%     
client [31] (testset)   loss: 3.0731 -> 3.1570  accuracy: 47.89% -> 47.37%     
client [47] (testset)   loss: 2.6345 -> 3.2475  accuracy: 44.35% -> 37.39%     
client [36] (testset)   loss: 2.5761 -> 2.3575  accuracy: 37.17% -> 37.17%     
client [56] (testset)   loss: 2.3581 -> 2.3035  accuracy: 36.90% -> 41.67%     
client [20] (testset)   loss: 2.4245 -> 2.8160  accuracy: 49.01% -> 49.01%     
---------------------------- TRAINING EPOCH: 50 ----------------------------   
client [60] (testset)   loss: 2.6435 -> 2.7968  accuracy: 40.91% -> 36.36%     
client [4]  (testset)   loss: 2.0298 -> 2.7125  accuracy: 50.68% -> 38.51%     
client [28] (testset)   loss: 2.2954 -> 2.7970  accuracy: 43.55% -> 44.35%     
client [25] (testset)   loss: 2.2042 -> 2.2463  accuracy: 48.96% -> 45.83%     
client [58] (testset)   loss: 2.3753 -> 3.0637  accuracy: 39.23% -> 31.54%     
client [44] (testset)   loss: 2.5514 -> 2.8612  accuracy: 37.25% -> 30.72%     
client [39] (testset)   loss: 2.2878 -> 2.4510  accuracy: 40.12% -> 37.72%     
client [29] (testset)   loss: 2.3959 -> 2.6835  accuracy: 37.33% -> 36.67%     
client [3]  (testset)   loss: 2.2022 -> 2.6523  accuracy: 43.75% -> 46.88%     
client [84] (testset)   loss: 2.7255 -> 3.6035  accuracy: 38.14% -> 36.86%     
---------------------------- TRAINING EPOCH: 60 ----------------------------   
client [21] (testset)   loss: 2.4411 -> 2.4238  accuracy: 29.93% -> 35.37%     
client [84] (testset)   loss: 3.2217 -> 4.2736  accuracy: 37.71% -> 35.17%     
client [10] (testset)   loss: 2.7412 -> 2.5355  accuracy: 29.81% -> 42.31%     
client [36] (testset)   loss: 2.2533 -> 2.7085  accuracy: 36.28% -> 38.05%     
client [65] (testset)   loss: 2.5639 -> 3.0266  accuracy: 33.64% -> 30.91%     
client [81] (testset)   loss: 2.4537 -> 2.9682  accuracy: 40.40% -> 41.72%     
client [79] (testset)   loss: 1.8867 -> 2.2305  accuracy: 47.49% -> 53.63%     
client [42] (testset)   loss: 2.2928 -> 2.6721  accuracy: 48.63% -> 52.05%     
client [11] (testset)   loss: 1.9547 -> 2.6379  accuracy: 45.76% -> 41.81%     
client [96] (testset)   loss: 2.3959 -> 3.0543  accuracy: 36.99% -> 39.88%     
---------------------------- TRAINING EPOCH: 70 ----------------------------   
client [53] (testset)   loss: 2.5447 -> 2.5167  accuracy: 39.72% -> 46.10%     
client [8]  (testset)   loss: 3.5455 -> 4.0227  accuracy: 46.23% -> 43.72%     
client [52] (testset)   loss: 3.1783 -> 3.7057  accuracy: 46.27% -> 43.28%     
client [42] (testset)   loss: 2.5859 -> 3.3901  accuracy: 52.05% -> 46.58%     
client [69] (testset)   loss: 2.6666 -> 3.0163  accuracy: 54.15% -> 53.79%     
client [59] (testset)   loss: 2.3418 -> 3.1227  accuracy: 44.21% -> 35.62%     
client [26] (testset)   loss: 2.6930 -> 3.4803  accuracy: 41.59% -> 37.17%     
client [7]  (testset)   loss: 2.6965 -> 3.6580  accuracy: 39.47% -> 32.89%     
client [49] (testset)   loss: 2.1231 -> 2.9190  accuracy: 48.77% -> 42.59%     
client [98] (testset)   loss: 3.3666 -> 3.8605  accuracy: 36.62% -> 33.10%     
---------------------------- TRAINING EPOCH: 80 ----------------------------   
client [47] (testset)   loss: 2.6955 -> 3.4963  accuracy: 41.74% -> 41.74%     
client [98] (testset)   loss: 3.0071 -> 3.5155  accuracy: 36.62% -> 33.80%     
client [21] (testset)   loss: 2.1146 -> 2.6261  accuracy: 41.50% -> 39.46%     
client [77] (testset)   loss: 2.4936 -> 3.2819  accuracy: 49.44% -> 48.88%     
client [95] (testset)   loss: 3.8389 -> 4.4938  accuracy: 37.35% -> 33.73%     
client [91] (testset)   loss: 2.5567 -> 2.8930  accuracy: 38.82% -> 34.87%     
client [14] (testset)   loss: 3.0111 -> 3.5772  accuracy: 35.06% -> 27.27%     
client [99] (testset)   loss: 4.0303 -> 5.2106  accuracy: 29.93% -> 24.82%     
client [20] (testset)   loss: 2.6025 -> 2.9637  accuracy: 51.49% -> 52.97%     
client [39] (testset)   loss: 2.1659 -> 2.5158  accuracy: 40.72% -> 38.92%     
---------------------------- TRAINING EPOCH: 90 ----------------------------   
client [52] (testset)   loss: 2.5625 -> 3.2204  accuracy: 40.30% -> 43.28%     
client [62] (testset)   loss: 3.6865 -> 4.1672  accuracy: 42.23% -> 40.78%     
client [71] (testset)   loss: 3.6651 -> 4.5377  accuracy: 32.82% -> 29.77%     
client [97] (testset)   loss: 2.7993 -> 3.8727  accuracy: 32.38% -> 31.43%     
client [30] (testset)   loss: 3.6663 -> 3.9720  accuracy: 27.62% -> 24.31%     
client [88] (testset)   loss: 2.6345 -> 2.4071  accuracy: 33.52% -> 35.75%     
client [60] (testset)   loss: 2.7807 -> 3.7087  accuracy: 36.36% -> 33.33%     
client [82] (testset)   loss: 3.7271 -> 3.7855  accuracy: 36.05% -> 33.72%     
client [91] (testset)   loss: 2.6410 -> 4.1164  accuracy: 36.84% -> 36.18%     
client [57] (testset)   loss: 1.9969 -> 2.4600  accuracy: 46.01% -> 50.31%     
---------------------------- TRAINING EPOCH: 100 ----------------------------  
client [15] (testset)   loss: 2.6808 -> 3.7082  accuracy: 33.58% -> 31.39%     
client [31] (testset)   loss: 3.9819 -> 4.2686  accuracy: 45.79% -> 45.26%     
client [71] (testset)   loss: 3.4606 -> 4.4711  accuracy: 27.48% -> 29.77%     
client [97] (testset)   loss: 2.7361 -> 3.6061  accuracy: 30.48% -> 29.52%     
client [53] (testset)   loss: 3.5697 -> 3.8274  accuracy: 38.30% -> 46.81%     
client [77] (testset)   loss: 2.9039 -> 3.2900  accuracy: 48.31% -> 50.56%     
client [76] (testset)   loss: 2.4119 -> 3.2617  accuracy: 38.55% -> 32.40%     
client [79] (testset)   loss: 1.9642 -> 2.4033  accuracy: 55.87% -> 54.75%     
client [28] (testset)   loss: 2.7773 -> 3.1856  accuracy: 43.55% -> 41.94%     
client [99] (testset)   loss: 4.4443 -> 5.3085  accuracy: 30.66% -> 25.55%     
---------------------------- TRAINING EPOCH: 110 ----------------------------  
client [97] (testset)   loss: 3.2579 -> 4.1431  accuracy: 31.43% -> 32.38%     
client [86] (testset)   loss: 3.4420 -> 3.9594  accuracy: 44.07% -> 47.46%     
client [73] (testset)   loss: 3.1819 -> 3.7569  accuracy: 28.78% -> 38.85%     
client [34] (testset)   loss: 3.2965 -> 4.6014  accuracy: 36.46% -> 29.83%     
client [5]  (testset)   loss: 3.3245 -> 3.7839  accuracy: 42.33% -> 39.88%     
client [96] (testset)   loss: 3.5584 -> 3.9628  accuracy: 45.09% -> 41.62%     
client [60] (testset)   loss: 3.7625 -> 6.1039  accuracy: 39.39% -> 27.27%     
client [22] (testset)   loss: 3.7712 -> 4.1925  accuracy: 38.16% -> 35.53%     
client [83] (testset)   loss: 3.1895 -> 4.3267  accuracy: 38.16% -> 34.87%     
client [66] (testset)   loss: 2.5065 -> 3.2956  accuracy: 39.81% -> 44.66%     
---------------------------- TRAINING EPOCH: 120 ----------------------------  
client [65] (testset)   loss: 2.3554 -> 3.3605  accuracy: 40.91% -> 37.27%     
client [76] (testset)   loss: 4.1942 -> 4.5210  accuracy: 37.43% -> 36.31%     
client [95] (testset)   loss: 4.5150 -> 4.8169  accuracy: 35.54% -> 34.94%     
client [17] (testset)   loss: 3.5508 -> 4.2329  accuracy: 31.58% -> 34.59%     
client [8]  (testset)   loss: 3.4317 -> 3.8738  accuracy: 44.22% -> 43.72%     
client [35] (testset)   loss: 4.3505 -> 4.1439  accuracy: 43.88% -> 37.76%     
client [98] (testset)   loss: 4.0160 -> 4.2907  accuracy: 37.32% -> 27.46%     
client [53] (testset)   loss: 2.9234 -> 3.3999  accuracy: 37.59% -> 45.39%     
client [43] (testset)   loss: 4.1733 -> 5.3920  accuracy: 31.85% -> 29.63%     
client [64] (testset)   loss: 2.8720 -> 3.5875  accuracy: 41.89% -> 43.24%     
---------------------------- TRAINING EPOCH: 130 ----------------------------  
client [21] (testset)   loss: 2.1692 -> 2.7007  accuracy: 45.58% -> 42.86%     
client [88] (testset)   loss: 3.3483 -> 3.6441  accuracy: 41.90% -> 41.34%     
client [3]  (testset)   loss: 3.5519 -> 3.6920  accuracy: 46.09% -> 46.88%     
client [38] (testset)   loss: 2.7956 -> 3.6107  accuracy: 45.81% -> 47.49%     
client [41] (testset)   loss: 3.6575 -> 4.3444  accuracy: 31.45% -> 35.48%     
client [5]  (testset)   loss: 3.6136 -> 4.3125  accuracy: 42.33% -> 41.72%     
client [37] (testset)   loss: 3.3567 -> 4.1921  accuracy: 36.54% -> 37.50%     
client [7]  (testset)   loss: 3.7776 -> 4.2525  accuracy: 35.09% -> 35.96%     
client [47] (testset)   loss: 2.7699 -> 3.6944  accuracy: 42.61% -> 41.74%     
client [45] (testset)   loss: 2.6161 -> 3.0130  accuracy: 50.00% -> 45.13%     
---------------------------- TRAINING EPOCH: 140 ----------------------------  
client [16] (testset)   loss: 3.4425 -> 3.9809  accuracy: 35.54% -> 36.36%     
client [11] (testset)   loss: 2.3354 -> 2.8162  accuracy: 45.76% -> 48.02%     
client [37] (testset)   loss: 4.1030 -> 4.4351  accuracy: 35.58% -> 38.46%     
client [41] (testset)   loss: 3.5117 -> 3.7674  accuracy: 31.45% -> 32.26%     
client [95] (testset)   loss: 5.0823 -> 5.6062  accuracy: 38.55% -> 37.95%     
client [53] (testset)   loss: 3.8188 -> 4.3775  accuracy: 38.30% -> 36.88%     
client [25] (testset)   loss: 2.5185 -> 3.2757  accuracy: 51.04% -> 43.75%     
client [22] (testset)   loss: 2.9867 -> 4.1465  accuracy: 33.55% -> 30.92%     
client [46] (testset)   loss: 2.4387 -> 2.9813  accuracy: 55.24% -> 58.10%     
client [69] (testset)   loss: 3.4509 -> 3.7295  accuracy: 52.71% -> 51.99%     
---------------------------- TRAINING EPOCH: 150 ----------------------------  
client [47] (testset)   loss: 3.4774 -> 4.2344  accuracy: 45.22% -> 42.61%     
client [82] (testset)   loss: 2.9007 -> 3.5139  accuracy: 37.21% -> 31.40%     
client [69] (testset)   loss: 3.6487 -> 3.8394  accuracy: 51.62% -> 52.35%     
client [45] (testset)   loss: 1.9480 -> 2.1299  accuracy: 48.67% -> 46.90%     
client [7]  (testset)   loss: 3.7545 -> 4.0593  accuracy: 36.84% -> 37.28%     
client [50] (testset)   loss: 1.9457 -> 2.7101  accuracy: 49.00% -> 40.00%     
client [35] (testset)   loss: 3.7238 -> 4.3572  accuracy: 44.39% -> 38.27%     
client [24] (testset)   loss: 3.3609 -> 3.6194  accuracy: 41.38% -> 38.79%     
client [58] (testset)   loss: 4.7500 -> 5.0490  accuracy: 36.92% -> 35.38%     
client [15] (testset)   loss: 3.5417 -> 4.0424  accuracy: 31.39% -> 34.31%     
---------------------------- TRAINING EPOCH: 160 ----------------------------  
client [48] (testset)   loss: 4.6541 -> 5.0042  accuracy: 40.61% -> 38.79%     
client [76] (testset)   loss: 3.7482 -> 3.9906  accuracy: 33.52% -> 34.64%     
client [37] (testset)   loss: 4.4356 -> 4.3454  accuracy: 35.58% -> 30.77%     
client [67] (testset)   loss: 3.9531 -> 4.2992  accuracy: 39.56% -> 41.76%     
client [58] (testset)   loss: 4.9217 -> 5.1257  accuracy: 38.46% -> 40.00%     
client [64] (testset)   loss: 3.2304 -> 3.3695  accuracy: 43.24% -> 41.89%     
client [77] (testset)   loss: 2.2488 -> 2.8032  accuracy: 51.12% -> 48.31%     
client [55] (testset)   loss: 2.7277 -> 2.9054  accuracy: 55.07% -> 52.90%     
client [12] (testset)   loss: 2.7217 -> 3.3810  accuracy: 53.79% -> 49.24%     
client [89] (testset)   loss: 5.3057 -> 5.5598  accuracy: 35.67% -> 35.67%     
---------------------------- TRAINING EPOCH: 170 ----------------------------  
client [51] (testset)   loss: 4.8147 -> 5.0527  accuracy: 40.54% -> 41.89%     
client [84] (testset)   loss: 5.9774 -> 6.0500  accuracy: 38.98% -> 38.98%     
client [8]  (testset)   loss: 5.1420 -> 5.2865  accuracy: 44.22% -> 43.72%     
client [18] (testset)   loss: 2.6476 -> 3.1219  accuracy: 48.44% -> 47.66%     
client [94] (testset)   loss: 4.2764 -> 4.8146  accuracy: 40.00% -> 39.23%     
client [81] (testset)   loss: 3.5971 -> 3.6195  accuracy: 47.02% -> 45.70%     
client [3]  (testset)   loss: 3.8888 -> 3.9642  accuracy: 48.44% -> 47.66%     
client [11] (testset)   loss: 3.7797 -> 3.8627  accuracy: 47.46% -> 48.59%     
client [95] (testset)   loss: 5.8646 -> 6.1206  accuracy: 37.35% -> 36.14%     
client [67] (testset)   loss: 4.1942 -> 4.4394  accuracy: 40.11% -> 41.76%     
---------------------------- TRAINING EPOCH: 180 ----------------------------  
client [21] (testset)   loss: 2.9317 -> 3.1932  accuracy: 40.14% -> 40.14%     
client [79] (testset)   loss: 3.5702 -> 3.6994  accuracy: 56.98% -> 56.42%     
client [58] (testset)   loss: 5.4388 -> 5.5258  accuracy: 37.69% -> 36.92%     
client [88] (testset)   loss: 3.9830 -> 4.0894  accuracy: 43.02% -> 41.34%     
client [46] (testset)   loss: 2.8056 -> 3.1057  accuracy: 57.14% -> 52.38%     
client [11] (testset)   loss: 2.5931 -> 2.9619  accuracy: 49.72% -> 48.02%     
client [55] (testset)   loss: 3.2639 -> 3.2951  accuracy: 53.62% -> 52.90%     
client [13] (testset)   loss: 3.5163 -> 3.9038  accuracy: 43.86% -> 41.52%     
client [31] (testset)   loss: 4.4152 -> 3.9445  accuracy: 42.63% -> 44.21%     
client [75] (testset)   loss: 4.3032 -> 4.5246  accuracy: 44.34% -> 44.34%     
---------------------------- TRAINING EPOCH: 190 ----------------------------  
client [19] (testset)   loss: 4.7697 -> 4.7968  accuracy: 40.85% -> 40.24%     
client [7]  (testset)   loss: 4.8311 -> 5.2302  accuracy: 38.16% -> 37.28%     
client [57] (testset)   loss: 3.8967 -> 4.0046  accuracy: 52.15% -> 52.15%     
client [13] (testset)   loss: 3.6986 -> 3.8871  accuracy: 42.69% -> 42.11%     
client [43] (testset)   loss: 4.3996 -> 4.6425  accuracy: 36.30% -> 38.52%     
client [91] (testset)   loss: 2.6470 -> 3.3698  accuracy: 38.16% -> 38.16%     
client [10] (testset)   loss: 4.0432 -> 4.3781  accuracy: 39.42% -> 40.38%     
client [64] (testset)   loss: 4.1267 -> 4.3597  accuracy: 43.24% -> 45.27%     
client [82] (testset)   loss: 3.7197 -> 4.1980  accuracy: 33.72% -> 39.53%     
client [22] (testset)   loss: 5.0261 -> 5.4011  accuracy: 36.18% -> 35.53%     
---------------------------- TRAINING EPOCH: 200 ----------------------------  
client [23] (testset)   loss: 2.5281 -> 2.3570  accuracy: 39.09% -> 36.36%     
client [20] (testset)   loss: 2.6871 -> 2.9696  accuracy: 47.03% -> 49.01%     
client [88] (testset)   loss: 3.9848 -> 4.6846  accuracy: 44.69% -> 44.69%     
client [98] (testset)   loss: 4.5645 -> 4.8721  accuracy: 33.80% -> 37.32%     
client [79] (testset)   loss: 3.7762 -> 3.8914  accuracy: 55.87% -> 54.75%     
client [21] (testset)   loss: 3.1335 -> 3.3818  accuracy: 44.90% -> 44.90%     
client [56] (testset)   loss: 4.1731 -> 4.4127  accuracy: 45.24% -> 44.05%     
client [92] (testset)   loss: 4.1450 -> 4.7880  accuracy: 35.71% -> 36.73%     
client [52] (testset)   loss: 4.4279 -> 4.8911  accuracy: 46.27% -> 40.30%     
client [5]  (testset)   loss: 3.6611 -> 4.3605  accuracy: 44.79% -> 40.49%     
FedFew's average time taken by each global epoch: 0 min 1.23 sec.              
FedFew's total running time: 0 h 4 m 8 s.                                      
==================== FedFew Experiment Results: ====================           
Display format: (before local fine-tuning) -> (after local fine-tuning)        
 So if finetune_epoch = 0, x.xx% -> 0.00% is normal.                           
 Centralized testing ONLY happens after model aggregation, so the stats between
'->' are the same.                                                             
{                                                                              
    "100": {                                                                   
        "all_clients": {                                                       
            "test": {                                                          
                "loss": "3.1166 -> 0.0000",                                    
                "accuracy": "41.97% -> 0.00%"                                  
            }                                                                  
        }                                                                      
    },                                                                         
    "200": {                                                                   
        "all_clients": {                                                       
            "test": {                                                          
                "loss": "4.2173 -> 0.0000",                                    
                "accuracy": "42.03% -> 0.00%"                                  
            }                                                                  
        }                                                                      
    }                                                                          
}                                                                              
==================== FedFew Max Accuracy ====================                  
all_clients:                                                                   
(test) before fine-tuning: 42.03% at epoch 200                                 
(test) after fine-tuning: 0.00% at epoch 100                                   
