==================== FedDpa ====================                               
Experiment Arguments:                                                          
{
    'method': 'feddpa',
    'dataset': {
        'name': 'medmnistC',
        'client_num': 100,
        'test_ratio': 0.25,
        'val_ratio': 0.0,
        'seed': 42,
        'split': 'sample',
        'IID_ratio': 0.0,
        'monitor_window_name_suffix': 'medmnistC-100clients-0%IID-Dir(0.1)-seed42',
        'alpha': 0.1,
        'min_samples_per_client': 10
    },
    'model': {
        'name': 'avgcnn',
        'use_torchvision_pretrained_weights': True,
        'external_model_weights_path': None
    },
    'optimizer': {
        'lr': 0.01,
        'dampening': 0,
        'weight_decay': 0,
        'momentum': 0.7,
        'nesterov': False,
        'name': 'sgd'
    },
    'mode': 'serial',
    'parallel': {
        'ray_cluster_addr': None,
        'num_cpus': None,
        'num_gpus': None,
        'num_workers': 2
    },
    'common': {
        'seed': 42,
        'join_ratio': 0.1,
        'global_epoch': 200,
        'local_epoch': 5,
        'batch_size': 32,
        'reset_optimizer_on_global_epoch': True,
        'straggler_ratio': 0,
        'straggler_min_local_epoch': 0,
        'buffers': 'global',
        'client_side_evaluation': True,
        'test': {
            'client': {
                'interval': 100,
                'finetune_epoch': 0,
                'train': False,
                'val': False,
                'test': True
            },
            'server': {
                'interval': -1,
                'train': False,
                'val': False,
                'test': True,
                'model_in_train_mode': False
            }
        },
        'verbose_gap': 10,
        'monitor': None,
        'use_cuda': True,
        'save_log': True,
        'save_model': False,
        'save_learning_curve_plot': True,
        'save_metrics': True,
        'delete_useless_run': True
    },
    'fedprox': {
        'mu': 0.01
    },
    'pfedsim': {
        'warmup_round': 0.5
    },
    'feddpa': {
        'fisher_threshold': 0.991
    }
}
---------------------------- TRAINING EPOCH: 10 ----------------------------   
client [77] (testset)   loss: 2.2584 -> 1.3871  accuracy: 0.00% -> 36.36%      
client [81] (testset)   loss: 2.1314 -> 0.5023  accuracy: 0.00% -> 80.58%      
client [21] (testset)   loss: 2.6827 -> 0.7572  accuracy: 0.00% -> 74.07%      
client [68] (testset)   loss: 2.0263 -> 1.0821  accuracy: 59.72% -> 59.72%     
client [93] (testset)   loss: 2.3946 -> 0.2532  accuracy: 0.00% -> 93.33%      
client [31] (testset)   loss: 2.3851 -> 0.6871  accuracy: 0.00% -> 85.14%      
client [20] (testset)   loss: 2.1987 -> 1.5184  accuracy: 0.00% -> 37.50%      
client [59] (testset)   loss: 2.2796 -> 1.2766  accuracy: 11.67% -> 33.33%     
client [48] (testset)   loss: 1.3946 -> 0.6448  accuracy: 83.15% -> 83.15%     
client [34] (testset)   loss: 1.5927 -> 0.6064  accuracy: 82.14% -> 82.14%     
---------------------------- TRAINING EPOCH: 20 ----------------------------   
client [69] (testset)   loss: 1.9691 -> 0.8771  accuracy: 71.15% -> 71.15%     
client [99] (testset)   loss: 1.6530 -> 1.8010  accuracy: 71.43% -> 14.29%     
client [67] (testset)   loss: 1.4081 -> 0.6637  accuracy: 85.71% -> 85.71%     
client [0]  (testset)   loss: 1.7940 -> 1.2654  accuracy: 45.12% -> 34.15%     
client [76] (testset)   loss: 1.7619 -> 2.8844  accuracy: 50.00% -> 50.00%     
client [41] (testset)   loss: 1.9385 -> 1.1894  accuracy: 65.43% -> 65.43%     
client [62] (testset)   loss: 2.9034 -> 0.3857  accuracy: 0.00% -> 95.45%      
client [2]  (testset)   loss: 2.4156 -> 1.1208  accuracy: 0.00% -> 47.27%      
client [14] (testset)   loss: 1.4715 -> 0.7791  accuracy: 85.00% -> 85.00%     
client [46] (testset)   loss: 1.6934 -> 0.9665  accuracy: 64.47% -> 64.47%     
---------------------------- TRAINING EPOCH: 30 ----------------------------   
client [24] (testset)   loss: 0.5730 -> 0.2833  accuracy: 93.75% -> 93.75%     
client [68] (testset)   loss: 2.0950 -> 1.0922  accuracy: 2.78% -> 59.72%      
client [57] (testset)   loss: 2.2456 -> 1.7690  accuracy: 0.00% -> 40.91%      
client [17] (testset)   loss: 1.7154 -> 0.8837  accuracy: 69.92% -> 69.92%     
client [54] (testset)   loss: 2.3444 -> 2.4783  accuracy: 25.00% -> 25.00%     
client [23] (testset)   loss: 2.6675 -> 1.8004  accuracy: 0.00% -> 39.13%      
client [35] (testset)   loss: 1.4737 -> 0.5958  accuracy: 85.00% -> 85.00%     
client [59] (testset)   loss: 1.9608 -> 1.1485  accuracy: 50.83% -> 50.83%     
client [31] (testset)   loss: 1.4170 -> 0.6266  accuracy: 85.14% -> 85.14%     
client [9]  (testset)   loss: 2.1706 -> 1.4051  accuracy: 0.00% -> 28.72%      
---------------------------- TRAINING EPOCH: 40 ----------------------------   
client [64] (testset)   loss: 1.6094 -> 1.2381  accuracy: 50.00% -> 50.00%     
client [33] (testset)   loss: 1.7274 -> 0.8751  accuracy: 12.99% -> 75.32%     
client [16] (testset)   loss: 1.8512 -> 0.6454  accuracy: 78.95% -> 78.95%     
client [44] (testset)   loss: 2.4760 -> 0.8775  accuracy: 0.00% -> 63.10%      
client [8]  (testset)   loss: 2.1202 -> 1.1919  accuracy: 54.17% -> 54.17%     
client [31] (testset)   loss: 2.4096 -> 0.6067  accuracy: 0.00% -> 85.14%      
client [47] (testset)   loss: 2.5199 -> 0.5907  accuracy: 0.00% -> 87.78%      
client [36] (testset)   loss: 2.4454 -> 1.7418  accuracy: 28.89% -> 28.89%     
client [20] (testset)   loss: 1.8904 -> 1.1518  accuracy: 37.50% -> 37.50%     
client [56] (testset)   loss: 1.8160 -> 0.7276  accuracy: 79.34% -> 79.34%     
---------------------------- TRAINING EPOCH: 50 ----------------------------   
client [4]  (testset)   loss: 2.3400 -> 2.5318  accuracy: 25.00% -> 25.00%     
client [60] (testset)   loss: 1.9787 -> 0.4130  accuracy: 91.82% -> 91.82%     
client [28] (testset)   loss: 1.8738 -> 1.0889  accuracy: 61.54% -> 61.54%     
client [25] (testset)   loss: 1.6896 -> 0.3419  accuracy: 90.48% -> 90.48%     
client [58] (testset)   loss: 1.0488 -> 0.5121  accuracy: 86.70% -> 86.70%     
client [44] (testset)   loss: 2.0100 -> 0.8707  accuracy: 32.14% -> 63.10%     
client [39] (testset)   loss: 1.8785 -> 1.0077  accuracy: 78.57% -> 78.57%     
client [29] (testset)   loss: 1.6659 -> 0.7904  accuracy: 81.48% -> 81.48%     
client [3]  (testset)   loss: 1.6079 -> 1.8591  accuracy: 47.06% -> 47.06%     
client [84] (testset)   loss: 2.2384 -> 1.6311  accuracy: 0.00% -> 21.84%      
---------------------------- TRAINING EPOCH: 60 ----------------------------   
client [21] (testset)   loss: 2.2632 -> 0.7434  accuracy: 0.00% -> 74.07%      
client [84] (testset)   loss: 2.2943 -> 1.6870  accuracy: 0.00% -> 21.84%      
client [10] (testset)   loss: 1.8879 -> 1.5742  accuracy: 46.88% -> 18.75%     
client [36] (testset)   loss: 2.4670 -> 1.7261  accuracy: 0.00% -> 28.89%      
client [65] (testset)   loss: 1.4318 -> 1.1690  accuracy: 62.22% -> 62.22%     
client [81] (testset)   loss: 0.8761 -> 0.5370  accuracy: 80.58% -> 80.58%     
client [79] (testset)   loss: 1.5577 -> 0.8538  accuracy: 64.00% -> 36.00%     
client [42] (testset)   loss: 0.9605 -> 0.0441  accuracy: 100.00% -> 100.00%   
client [11] (testset)   loss: 2.1160 -> 0.4766  accuracy: 0.00% -> 85.71%      
client [96] (testset)   loss: 1.8948 -> 1.2769  accuracy: 66.67% -> 66.67%     
---------------------------- TRAINING EPOCH: 70 ----------------------------   
client [8]  (testset)   loss: 1.7596 -> 1.0835  accuracy: 41.67% -> 54.17%     
client [53] (testset)   loss: 1.0889 -> 0.7662  accuracy: 78.85% -> 78.85%     
client [52] (testset)   loss: 1.3670 -> 0.9678  accuracy: 65.62% -> 65.62%     
client [42] (testset)   loss: 0.5590 -> 0.0609  accuracy: 100.00% -> 100.00%   
client [69] (testset)   loss: 1.5105 -> 0.8576  accuracy: 71.15% -> 71.15%     
client [59] (testset)   loss: 1.3598 -> 1.1249  accuracy: 50.83% -> 50.83%     
client [7]  (testset)   loss: 1.6607 -> 0.1677  accuracy: 0.00% -> 97.73%      
client [26] (testset)   loss: 1.5688 -> 1.0556  accuracy: 57.69% -> 57.69%     
client [49] (testset)   loss: 1.0465 -> 0.8948  accuracy: 75.00% -> 75.00%     
client [98] (testset)   loss: 1.1372 -> 0.2381  accuracy: 100.00% -> 100.00%   
---------------------------- TRAINING EPOCH: 80 ----------------------------   
client [98] (testset)   loss: 1.7590 -> 0.1020  accuracy: 100.00% -> 100.00%   
client [47] (testset)   loss: 2.6289 -> 0.5922  accuracy: 0.00% -> 87.78%      
client [21] (testset)   loss: 2.5587 -> 0.7421  accuracy: 0.00% -> 74.07%      
client [77] (testset)   loss: 1.9104 -> 1.3331  accuracy: 36.36% -> 36.36%     
client [95] (testset)   loss: 1.9641 -> 1.3734  accuracy: 46.43% -> 46.43%     
client [91] (testset)   loss: 2.5360 -> 3.5537  accuracy: 8.33% -> 16.67%      
client [14] (testset)   loss: 1.6118 -> 0.8702  accuracy: 0.00% -> 85.00%      
client [99] (testset)   loss: 2.1414 -> 1.3616  accuracy: 71.43% -> 71.43%     
client [20] (testset)   loss: 2.1966 -> 1.2385  accuracy: 0.00% -> 37.50%      
client [39] (testset)   loss: 1.2274 -> 0.8930  accuracy: 78.57% -> 78.57%     
---------------------------- TRAINING EPOCH: 90 ----------------------------   
client [52] (testset)   loss: 1.3517 -> 0.9302  accuracy: 65.62% -> 65.62%     
client [62] (testset)   loss: 1.4446 -> 0.3735  accuracy: 95.45% -> 95.45%     
client [71] (testset)   loss: 1.3036 -> 0.8791  accuracy: 71.97% -> 71.97%     
client [97] (testset)   loss: 2.0958 -> 1.3166  accuracy: 0.00% -> 42.02%      
client [30] (testset)   loss: 2.5229 -> 1.3534  accuracy: 13.33% -> 38.89%     
client [88] (testset)   loss: 1.2498 -> 0.4876  accuracy: 87.41% -> 87.41%     
client [60] (testset)   loss: 0.4953 -> 0.4001  accuracy: 91.82% -> 91.82%     
client [82] (testset)   loss: 0.9069 -> 0.9089  accuracy: 69.05% -> 69.05%     
client [91] (testset)   loss: 2.3130 -> 2.8965  accuracy: 0.00% -> 16.67%      
client [57] (testset)   loss: 1.7647 -> 1.3742  accuracy: 40.91% -> 27.27%     
---------------------------- TRAINING EPOCH: 100 ----------------------------  
client [31] (testset)   loss: 1.3514 -> 0.6053  accuracy: 85.14% -> 85.14%     
client [15] (testset)   loss: 1.5953 -> 1.0300  accuracy: 49.32% -> 49.32%     
client [71] (testset)   loss: 0.9624 -> 0.8375  accuracy: 71.97% -> 71.97%     
client [97] (testset)   loss: 1.9998 -> 1.2510  accuracy: 40.34% -> 42.02%     
client [53] (testset)   loss: 1.2693 -> 0.8080  accuracy: 78.85% -> 78.85%     
client [77] (testset)   loss: 2.3045 -> 1.6020  accuracy: 36.36% -> 36.36%     
client [76] (testset)   loss: 2.3552 -> 2.4537  accuracy: 0.00% -> 50.00%      
client [79] (testset)   loss: 1.4845 -> 0.7120  accuracy: 36.00% -> 64.00%     
client [28] (testset)   loss: 1.7308 -> 1.1514  accuracy: 61.54% -> 61.54%     
client [99] (testset)   loss: 1.8393 -> 1.5779  accuracy: 71.43% -> 71.43%     
---------------------------- TRAINING EPOCH: 110 ----------------------------  
client [97] (testset)   loss: 1.4095 -> 1.2872  accuracy: 40.34% -> 40.34%     
client [86] (testset)   loss: 2.0913 -> 1.4293  accuracy: 31.48% -> 31.48%     
client [34] (testset)   loss: 3.0152 -> 0.6326  accuracy: 0.00% -> 82.14%      
client [73] (testset)   loss: 1.1102 -> 0.7465  accuracy: 76.92% -> 76.92%     
client [5]  (testset)   loss: 0.7951 -> 0.4968  accuracy: 90.00% -> 90.00%     
client [96] (testset)   loss: 2.1758 -> 1.4495  accuracy: 0.00% -> 66.67%      
client [22] (testset)   loss: 1.2334 -> 0.9841  accuracy: 52.54% -> 52.54%     
client [60] (testset)   loss: 0.7952 -> 0.4342  accuracy: 91.82% -> 91.82%     
client [66] (testset)   loss: 0.3294 -> 0.1962  accuracy: 97.75% -> 97.75%     
client [83] (testset)   loss: 0.7803 -> 0.5081  accuracy: 87.91% -> 87.91%     
---------------------------- TRAINING EPOCH: 120 ----------------------------  
client [76] (testset)   loss: 1.4865 -> 2.4202  accuracy: 50.00% -> 50.00%     
client [65] (testset)   loss: 1.7545 -> 1.1737  accuracy: 62.22% -> 62.22%     
client [95] (testset)   loss: 2.0748 -> 1.4299  accuracy: 10.71% -> 46.43%     
client [17] (testset)   loss: 1.0716 -> 0.9481  accuracy: 69.92% -> 69.92%     
client [8]  (testset)   loss: 1.7496 -> 1.1486  accuracy: 41.67% -> 41.67%     
client [35] (testset)   loss: 0.8428 -> 0.5070  accuracy: 85.00% -> 85.00%     
client [98] (testset)   loss: 1.7488 -> 0.1573  accuracy: 100.00% -> 100.00%   
client [53] (testset)   loss: 0.9443 -> 0.7835  accuracy: 78.85% -> 78.85%     
client [43] (testset)   loss: 1.7096 -> 0.7026  accuracy: 5.56% -> 83.33%      
client [64] (testset)   loss: 1.5595 -> 1.3289  accuracy: 50.00% -> 0.00%      
---------------------------- TRAINING EPOCH: 130 ----------------------------  
client [21] (testset)   loss: 1.7592 -> 0.7285  accuracy: 22.22% -> 74.07%     
client [88] (testset)   loss: 0.4988 -> 0.4602  accuracy: 87.41% -> 87.41%     
client [38] (testset)   loss: 1.3759 -> 0.8093  accuracy: 76.00% -> 76.00%     
client [3]  (testset)   loss: 1.9779 -> 1.6957  accuracy: 17.65% -> 47.06%     
client [5]  (testset)   loss: 0.7009 -> 0.5080  accuracy: 90.00% -> 90.00%     
client [41] (testset)   loss: 1.6672 -> 1.1639  accuracy: 65.43% -> 65.43%     
client [7]  (testset)   loss: 0.4325 -> 0.1270  accuracy: 97.73% -> 97.73%     
client [37] (testset)   loss: 1.6708 -> 1.1230  accuracy: 55.00% -> 55.00%     
client [45] (testset)   loss: 2.0425 -> 1.6889  accuracy: 36.36% -> 27.27%     
client [47] (testset)   loss: 1.6020 -> 0.6096  accuracy: 87.78% -> 87.78%     
---------------------------- TRAINING EPOCH: 140 ----------------------------  
client [16] (testset)   loss: 1.5098 -> 0.7732  accuracy: 18.42% -> 78.95%     
client [11] (testset)   loss: 1.1438 -> 0.4607  accuracy: 85.71% -> 85.71%     
client [37] (testset)   loss: 2.2413 -> 1.0846  accuracy: 0.00% -> 55.00%      
client [41] (testset)   loss: 1.9756 -> 1.1448  accuracy: 65.43% -> 65.43%     
client [95] (testset)   loss: 1.9990 -> 1.5156  accuracy: 46.43% -> 46.43%     
client [53] (testset)   loss: 1.0171 -> 0.8168  accuracy: 78.85% -> 78.85%     
client [22] (testset)   loss: 1.8398 -> 0.9837  accuracy: 52.54% -> 52.54%     
client [25] (testset)   loss: 0.9244 -> 0.3450  accuracy: 90.48% -> 90.48%     
client [69] (testset)   loss: 1.3691 -> 0.8308  accuracy: 71.15% -> 71.15%     
client [46] (testset)   loss: 1.2022 -> 0.9695  accuracy: 64.47% -> 64.47%     
---------------------------- TRAINING EPOCH: 150 ----------------------------  
client [47] (testset)   loss: 0.7140 -> 0.5986  accuracy: 87.78% -> 87.78%     
client [69] (testset)   loss: 0.9440 -> 0.8608  accuracy: 71.15% -> 71.15%     
client [82] (testset)   loss: 0.9521 -> 0.8813  accuracy: 69.05% -> 69.05%     
client [45] (testset)   loss: 1.9631 -> 1.7983  accuracy: 27.27% -> 27.27%     
client [7]  (testset)   loss: 0.3444 -> 0.1285  accuracy: 97.73% -> 97.73%     
client [50] (testset)   loss: 1.5650 -> 1.0272  accuracy: 55.56% -> 55.56%     
client [35] (testset)   loss: 0.7663 -> 0.5016  accuracy: 85.00% -> 85.00%     
client [24] (testset)   loss: 1.4722 -> 0.2672  accuracy: 93.75% -> 93.75%     
client [15] (testset)   loss: 1.1945 -> 0.9896  accuracy: 39.73% -> 49.32%     
client [58] (testset)   loss: 1.1488 -> 0.4938  accuracy: 86.70% -> 86.70%     
---------------------------- TRAINING EPOCH: 160 ----------------------------  
client [48] (testset)   loss: 1.7307 -> 0.6389  accuracy: 83.15% -> 83.15%     
client [76] (testset)   loss: 1.4921 -> 2.6406  accuracy: 50.00% -> 50.00%     
client [67] (testset)   loss: 1.5575 -> 0.6973  accuracy: 7.14% -> 85.71%      
client [37] (testset)   loss: 2.4564 -> 1.1926  accuracy: 0.00% -> 55.00%      
client [58] (testset)   loss: 0.9891 -> 0.4924  accuracy: 86.70% -> 86.70%     
client [64] (testset)   loss: 1.8387 -> 1.3993  accuracy: 50.00% -> 0.00%      
client [77] (testset)   loss: 2.0459 -> 1.3428  accuracy: 0.00% -> 36.36%      
client [55] (testset)   loss: 1.3239 -> 0.8000  accuracy: 83.78% -> 83.78%     
client [12] (testset)   loss: 1.8800 -> 1.2540  accuracy: 61.11% -> 61.11%     
client [89] (testset)   loss: 1.4894 -> 1.2119  accuracy: 54.29% -> 40.00%     
---------------------------- TRAINING EPOCH: 170 ----------------------------  
client [84] (testset)   loss: 1.7125 -> 1.5997  accuracy: 40.23% -> 40.23%     
client [51] (testset)   loss: 1.1413 -> 0.8054  accuracy: 80.00% -> 80.00%     
client [8]  (testset)   loss: 1.7038 -> 1.0299  accuracy: 54.17% -> 54.17%     
client [18] (testset)   loss: 0.6431 -> 0.1831  accuracy: 97.37% -> 97.37%     
client [94] (testset)   loss: 1.3190 -> 3.1447  accuracy: 83.33% -> 83.33%     
client [81] (testset)   loss: 0.5615 -> 0.5328  accuracy: 80.58% -> 80.58%     
client [3]  (testset)   loss: 1.6501 -> 1.8644  accuracy: 17.65% -> 17.65%     
client [11] (testset)   loss: 0.7014 -> 0.6073  accuracy: 85.71% -> 85.71%     
client [95] (testset)   loss: 1.9745 -> 1.3419  accuracy: 0.00% -> 46.43%      
client [67] (testset)   loss: 0.8356 -> 0.5894  accuracy: 85.71% -> 85.71%     
---------------------------- TRAINING EPOCH: 180 ----------------------------  
client [21] (testset)   loss: 1.9523 -> 0.7356  accuracy: 0.00% -> 74.07%      
client [79] (testset)   loss: 1.0029 -> 0.7423  accuracy: 64.00% -> 64.00%     
client [58] (testset)   loss: 0.6753 -> 0.4914  accuracy: 86.70% -> 86.70%     
client [88] (testset)   loss: 0.8498 -> 0.5189  accuracy: 87.41% -> 87.41%     
client [46] (testset)   loss: 1.6944 -> 0.9611  accuracy: 64.47% -> 64.47%     
client [11] (testset)   loss: 1.1686 -> 0.4854  accuracy: 85.71% -> 85.71%     
client [55] (testset)   loss: 1.4293 -> 0.8366  accuracy: 83.78% -> 83.78%     
client [13] (testset)   loss: 2.0073 -> 1.6187  accuracy: 46.03% -> 46.03%     
client [31] (testset)   loss: 1.1588 -> 0.6112  accuracy: 85.14% -> 85.14%     
client [75] (testset)   loss: 2.1523 -> 0.7132  accuracy: 0.00% -> 100.00%     
---------------------------- TRAINING EPOCH: 190 ----------------------------  
client [19] (testset)   loss: 0.8863 -> 0.5587  accuracy: 80.00% -> 80.00%     
client [7]  (testset)   loss: 0.2312 -> 0.1227  accuracy: 97.73% -> 97.73%     
client [57] (testset)   loss: 1.4670 -> 1.2880  accuracy: 40.91% -> 40.91%     
client [13] (testset)   loss: 1.8675 -> 1.5610  accuracy: 46.03% -> 46.03%     
client [43] (testset)   loss: 1.9243 -> 0.6894  accuracy: 5.56% -> 83.33%      
client [91] (testset)   loss: 3.0897 -> 2.0716  accuracy: 16.67% -> 16.67%     
client [10] (testset)   loss: 2.0029 -> 1.4596  accuracy: 0.00% -> 46.88%      
client [64] (testset)   loss: 1.4219 -> 1.2417  accuracy: 50.00% -> 50.00%     
client [82] (testset)   loss: 0.9771 -> 0.8826  accuracy: 69.05% -> 69.05%     
client [22] (testset)   loss: 2.1126 -> 0.9823  accuracy: 42.37% -> 42.37%     
---------------------------- TRAINING EPOCH: 200 ----------------------------  
client [20] (testset)   loss: 1.6741 -> 1.2880  accuracy: 37.50% -> 37.50%     
client [23] (testset)   loss: 2.0952 -> 1.7555  accuracy: 8.70% -> 39.13%      
client [88] (testset)   loss: 1.9068 -> 0.4617  accuracy: 10.49% -> 87.41%     
client [98] (testset)   loss: 0.4494 -> 0.3083  accuracy: 100.00% -> 100.00%   
client [79] (testset)   loss: 1.1824 -> 0.7419  accuracy: 36.00% -> 64.00%     
client [21] (testset)   loss: 1.7569 -> 0.7850  accuracy: 0.00% -> 74.07%      
client [92] (testset)   loss: 2.6993 -> 1.2405  accuracy: 12.24% -> 55.10%     
client [56] (testset)   loss: 1.0277 -> 0.7150  accuracy: 79.34% -> 79.34%     
client [5]  (testset)   loss: 0.8434 -> 0.5204  accuracy: 90.00% -> 90.00%     
client [52] (testset)   loss: 1.1452 -> 0.9876  accuracy: 65.62% -> 65.62%     
FedDpa's average time taken by each global epoch: 0 min 1.08 sec.              
FedDpa's total running time: 0 h 3 m 40 s.                                     
==================== FedDpa Experiment Results: ====================           
Display format: (before local fine-tuning) -> (after local fine-tuning)        
 So if finetune_epoch = 0, x.xx% -> 0.00% is normal.                           
 Centralized testing ONLY happens after model aggregation, so the stats between
'->' are the same.                                                             
{                                                                              
    "100": {                                                                   
        "all_clients": {                                                       
            "test": {                                                          
                "loss": "1.3576 -> 0.0000",                                    
                "accuracy": "58.34% -> 0.00%"                                  
            }                                                                  
        }                                                                      
    },                                                                         
    "200": {                                                                   
        "all_clients": {                                                       
            "test": {                                                          
                "loss": "1.4204 -> 0.0000",                                    
                "accuracy": "61.03% -> 0.00%"                                  
            }                                                                  
        }                                                                      
    }                                                                          
}                                                                              
==================== FedDpa Max Accuracy ====================                  
all_clients:                                                                   
(test) before fine-tuning: 61.03% at epoch 200                                 
(test) after fine-tuning: 0.00% at epoch 100                                   
