==================== FedDpag ====================                              
Experiment Arguments:                                                          
{
    'method': 'feddpag',
    'dataset': {
        'name': 'cifar10',
        'client_num': 100,
        'test_ratio': 0.25,
        'val_ratio': 0.0,
        'seed': 42,
        'split': 'sample',
        'IID_ratio': 0.0,
        'monitor_window_name_suffix': 'cifar10-100clients-0%IID-Dir(0.1)-seed42',
        'alpha': 0.1,
        'min_samples_per_client': 10
    },
    'model': {
        'name': 'avgcnn',
        'use_torchvision_pretrained_weights': True,
        'external_model_weights_path': None
    },
    'optimizer': {
        'lr': 0.01,
        'dampening': 0,
        'weight_decay': 0,
        'momentum': 0.7,
        'nesterov': False,
        'name': 'sgd'
    },
    'mode': 'parallel',
    'parallel': {
        'ray_cluster_addr': None,
        'num_cpus': 32.0,
        'num_gpus': 1.0,
        'num_workers': 2
    },
    'common': {
        'seed': 42,
        'join_ratio': 0.1,
        'global_epoch': 200,
        'local_epoch': 5,
        'batch_size': 32,
        'reset_optimizer_on_global_epoch': True,
        'straggler_ratio': 0,
        'straggler_min_local_epoch': 0,
        'buffers': 'global',
        'client_side_evaluation': True,
        'test': {
            'client': {
                'interval': 100,
                'finetune_epoch': 0,
                'train': False,
                'val': False,
                'test': True
            },
            'server': {
                'interval': -1,
                'train': False,
                'val': False,
                'test': True,
                'model_in_train_mode': False
            }
        },
        'verbose_gap': 10,
        'monitor': None,
        'use_cuda': True,
        'save_log': True,
        'save_model': False,
        'save_learning_curve_plot': True,
        'save_metrics': True,
        'delete_useless_run': True
    },
    'fedprox': {
        'mu': 0.01
    },
    'pfedsim': {
        'warmup_round': 0.5
    },
    'feddpag': {
        'fisher_threshold': 0.992
    }
}
---------------------------- TRAINING EPOCH: 10 ----------------------------   
client [81] (testset)   loss: 0.9470 -> 0.0631  accuracy: 65.18% -> 97.32%     
client [21] (testset)   loss: 3.6981 -> 0.8209  accuracy: 0.00% -> 69.57%      
client [77] (testset)   loss: 1.4703 -> 0.4111  accuracy: 49.47% -> 83.39%     
client [93] (testset)   loss: 2.1960 -> 0.3967  accuracy: 26.32% -> 84.21%     
client [68] (testset)   loss: 0.8305 -> 0.2551  accuracy: 75.71% -> 92.66%     
client [31] (testset)   loss: 3.8004 -> 0.1359  accuracy: 0.46% -> 95.39%      
client [59] (testset)   loss: 0.6581 -> 0.0605  accuracy: 100.00% -> 100.00%   
client [48] (testset)   loss: 2.8691 -> 0.5195  accuracy: 15.38% -> 76.92%     
client [34] (testset)   loss: 2.5129 -> 0.8225  accuracy: 9.68% -> 68.39%      
client [20] (testset)   loss: 0.7188 -> 0.5828  accuracy: 77.59% -> 84.72%     
---------------------------- TRAINING EPOCH: 20 ----------------------------   
client [99] (testset)   loss: 0.6386 -> 0.0104  accuracy: 78.48% -> 100.00%    
client [67] (testset)   loss: 3.6440 -> 0.2634  accuracy: 8.39% -> 89.03%      
client [69] (testset)   loss: 2.3544 -> 0.9107  accuracy: 34.55% -> 66.06%     
client [0]  (testset)   loss: 2.7206 -> 0.1529  accuracy: 16.17% -> 97.01%     
client [76] (testset)   loss: 3.2297 -> 0.3280  accuracy: 14.57% -> 87.42%     
client [41] (testset)   loss: 2.0892 -> 1.0425  accuracy: 41.27% -> 68.25%     
client [62] (testset)   loss: 5.3464 -> 0.1103  accuracy: 0.00% -> 94.12%      
client [2]  (testset)   loss: 2.8701 -> 0.4779  accuracy: 32.12% -> 82.48%     
client [14] (testset)   loss: 2.2488 -> 0.6366  accuracy: 33.99% -> 76.35%     
client [46] (testset)   loss: 2.5041 -> 0.5282  accuracy: 23.26% -> 84.50%     
---------------------------- TRAINING EPOCH: 30 ----------------------------   
client [24] (testset)   loss: 1.2952 -> 0.4606  accuracy: 58.33% -> 86.11%     
client [68] (testset)   loss: 0.7181 -> 0.2557  accuracy: 79.10% -> 93.79%     
client [57] (testset)   loss: 0.9098 -> 0.2333  accuracy: 68.78% -> 93.25%     
client [17] (testset)   loss: 2.3994 -> 0.9830  accuracy: 21.43% -> 77.38%     
client [54] (testset)   loss: 1.2486 -> 0.7502  accuracy: 55.00% -> 85.00%     
client [23] (testset)   loss: 3.1498 -> 0.0001  accuracy: 7.14% -> 100.00%     
client [35] (testset)   loss: 2.2257 -> 0.8373  accuracy: 33.33% -> 50.00%     
client [59] (testset)   loss: 2.0887 -> 0.0105  accuracy: 33.33% -> 100.00%    
client [31] (testset)   loss: 0.3679 -> 0.1449  accuracy: 89.40% -> 96.31%     
client [9]  (testset)   loss: 1.4449 -> 0.5996  accuracy: 48.29% -> 86.75%     
---------------------------- TRAINING EPOCH: 40 ----------------------------   
client [33] (testset)   loss: 1.1612 -> 0.3265  accuracy: 62.50% -> 90.62%     
client [64] (testset)   loss: 2.7716 -> 0.2096  accuracy: 16.51% -> 93.58%     
client [16] (testset)   loss: 2.1114 -> 0.7960  accuracy: 42.17% -> 75.90%     
client [8]  (testset)   loss: 1.4309 -> 0.8821  accuracy: 54.84% -> 70.97%     
client [44] (testset)   loss: 1.6252 -> 0.3383  accuracy: 43.88% -> 91.84%     
client [47] (testset)   loss: 1.9314 -> 1.1077  accuracy: 43.75% -> 62.50%     
client [36] (testset)   loss: 2.4034 -> 0.7489  accuracy: 27.66% -> 76.60%     
client [31] (testset)   loss: 1.4558 -> 0.1102  accuracy: 54.84% -> 96.77%     
client [56] (testset)   loss: 0.7997 -> 0.2683  accuracy: 78.46% -> 90.77%     
client [20] (testset)   loss: 1.5672 -> 0.7580  accuracy: 58.94% -> 85.10%     
---------------------------- TRAINING EPOCH: 50 ----------------------------   
client [4]  (testset)   loss: 0.6745 -> 0.0937  accuracy: 80.28% -> 95.77%     
client [28] (testset)   loss: 0.8068 -> 0.3319  accuracy: 68.00% -> 92.00%     
client [60] (testset)   loss: 1.7521 -> 0.3430  accuracy: 41.20% -> 94.38%     
client [25] (testset)   loss: 2.9286 -> 0.6628  accuracy: 19.79% -> 83.04%     
client [44] (testset)   loss: 0.6371 -> 0.3769  accuracy: 76.53% -> 91.84%     
client [58] (testset)   loss: 1.0278 -> 0.2862  accuracy: 71.43% -> 94.05%     
client [39] (testset)   loss: 1.2688 -> 0.6752  accuracy: 63.70% -> 84.93%     
client [29] (testset)   loss: 2.5169 -> 0.1890  accuracy: 35.09% -> 93.57%     
client [84] (testset)   loss: 1.7073 -> 0.5060  accuracy: 54.69% -> 87.50%     
client [3]  (testset)   loss: 1.5679 -> 0.7175  accuracy: 60.96% -> 75.94%     
---------------------------- TRAINING EPOCH: 60 ----------------------------   
client [21] (testset)   loss: 4.3036 -> 0.9333  accuracy: 21.74% -> 73.91%     
client [84] (testset)   loss: 2.3623 -> 0.4261  accuracy: 37.50% -> 85.94%     
client [36] (testset)   loss: 1.0911 -> 0.6857  accuracy: 68.09% -> 78.72%     
client [65] (testset)   loss: 1.2543 -> 0.5064  accuracy: 60.71% -> 89.29%     
client [81] (testset)   loss: 0.1834 -> 0.0176  accuracy: 94.64% -> 99.11%     
client [10] (testset)   loss: 4.4943 -> 0.1913  accuracy: 17.34% -> 96.53%     
client [42] (testset)   loss: 2.2442 -> 0.3574  accuracy: 39.51% -> 92.59%     
client [79] (testset)   loss: 2.9764 -> 0.3155  accuracy: 44.41% -> 93.02%     
client [11] (testset)   loss: 1.9309 -> 0.9187  accuracy: 36.36% -> 86.36%     
client [96] (testset)   loss: 1.3382 -> 1.3330  accuracy: 63.64% -> 68.18%     
---------------------------- TRAINING EPOCH: 70 ----------------------------   
client [8]  (testset)   loss: 1.5420 -> 0.7297  accuracy: 54.84% -> 70.97%     
client [52] (testset)   loss: 0.3421 -> 0.2152  accuracy: 90.20% -> 97.06%     
client [53] (testset)   loss: 1.5579 -> 0.6612  accuracy: 52.55% -> 80.61%     
client [42] (testset)   loss: 1.1985 -> 0.3720  accuracy: 64.20% -> 93.00%     
client [59] (testset)   loss: 0.4865 -> 0.0158  accuracy: 66.67% -> 100.00%    
client [69] (testset)   loss: 1.7229 -> 1.2364  accuracy: 50.00% -> 67.27%     
client [26] (testset)   loss: 0.9875 -> 0.9237  accuracy: 69.23% -> 92.31%     
client [7]  (testset)   loss: 2.1441 -> 0.5526  accuracy: 35.27% -> 85.99%     
client [98] (testset)   loss: 2.5295 -> 0.8398  accuracy: 24.64% -> 83.89%     
client [49] (testset)   loss: 1.0382 -> 0.8118  accuracy: 68.89% -> 79.37%     
---------------------------- TRAINING EPOCH: 80 ----------------------------   
client [47] (testset)   loss: 2.0936 -> 1.2449  accuracy: 50.00% -> 56.25%     
client [21] (testset)   loss: 4.9244 -> 0.8320  accuracy: 4.35% -> 60.87%      
client [98] (testset)   loss: 0.9067 -> 0.8494  accuracy: 73.46% -> 85.78%     
client [95] (testset)   loss: 1.6635 -> 1.2388  accuracy: 58.62% -> 67.82%     
client [77] (testset)   loss: 0.9517 -> 0.4717  accuracy: 80.21% -> 88.69%     
client [91] (testset)   loss: 3.2259 -> 0.5290  accuracy: 23.53% -> 88.24%     
client [99] (testset)   loss: 4.0253 -> 0.0083  accuracy: 13.92% -> 100.00%    
client [14] (testset)   loss: 0.7649 -> 0.7079  accuracy: 76.85% -> 80.79%     
client [39] (testset)   loss: 1.7139 -> 0.7393  accuracy: 56.16% -> 81.51%     
client [20] (testset)   loss: 0.8993 -> 0.7884  accuracy: 75.65% -> 86.27%     
---------------------------- TRAINING EPOCH: 90 ----------------------------   
client [62] (testset)   loss: 0.7752 -> 0.1823  accuracy: 76.47% -> 94.12%     
client [52] (testset)   loss: 0.3163 -> 0.1592  accuracy: 91.18% -> 96.08%     
client [97] (testset)   loss: 3.0023 -> 0.8303  accuracy: 28.05% -> 84.15%     
client [71] (testset)   loss: 1.3745 -> 0.6810  accuracy: 56.45% -> 85.48%     
client [30] (testset)   loss: 1.2186 -> 1.3922  accuracy: 63.44% -> 72.04%     
client [60] (testset)   loss: 2.5883 -> 0.3139  accuracy: 21.35% -> 93.26%     
client [88] (testset)   loss: 2.3928 -> 0.4187  accuracy: 34.21% -> 90.79%     
client [82] (testset)   loss: 1.1842 -> 0.2756  accuracy: 71.59% -> 96.59%     
client [91] (testset)   loss: 1.3312 -> 0.4928  accuracy: 52.94% -> 89.71%     
client [57] (testset)   loss: 0.9422 -> 0.2815  accuracy: 74.68% -> 94.09%     
---------------------------- TRAINING EPOCH: 100 ----------------------------  
client [31] (testset)   loss: 0.3796 -> 0.1368  accuracy: 89.86% -> 97.70%     
client [15] (testset)   loss: 1.6768 -> 0.6365  accuracy: 61.33% -> 88.28%     
client [97] (testset)   loss: 1.8469 -> 0.8976  accuracy: 57.32% -> 80.49%     
client [71] (testset)   loss: 3.0007 -> 0.6091  accuracy: 40.86% -> 84.95%     
client [53] (testset)   loss: 1.5206 -> 0.6024  accuracy: 54.08% -> 82.14%     
client [77] (testset)   loss: 1.0336 -> 0.4814  accuracy: 69.61% -> 90.11%     
client [76] (testset)   loss: 1.1294 -> 0.2500  accuracy: 72.19% -> 93.38%     
client [28] (testset)   loss: 1.4864 -> 0.5781  accuracy: 64.00% -> 80.00%     
client [99] (testset)   loss: 1.8893 -> 0.0146  accuracy: 44.30% -> 100.00%    
client [79] (testset)   loss: 0.7363 -> 0.3101  accuracy: 80.45% -> 93.02%     
---------------------------- TRAINING EPOCH: 110 ----------------------------  
client [86] (testset)   loss: 0.9363 -> 0.4704  accuracy: 72.37% -> 89.47%     
client [97] (testset)   loss: 1.5969 -> 0.8842  accuracy: 56.10% -> 81.71%     
client [73] (testset)   loss: 1.2895 -> 0.6469  accuracy: 69.70% -> 87.88%     
client [34] (testset)   loss: 2.1506 -> 1.0604  accuracy: 43.87% -> 76.77%     
client [96] (testset)   loss: 1.7489 -> 1.5971  accuracy: 59.09% -> 70.45%     
client [22] (testset)   loss: 1.4858 -> 0.6006  accuracy: 62.41% -> 84.21%     
client [5]  (testset)   loss: 2.0553 -> 0.6862  accuracy: 50.26% -> 84.79%     
client [66] (testset)   loss: 1.2778 -> 0.7339  accuracy: 63.97% -> 83.09%     
client [60] (testset)   loss: 2.4108 -> 0.3439  accuracy: 34.83% -> 93.63%     
client [83] (testset)   loss: 1.3020 -> 0.6665  accuracy: 59.94% -> 84.03%     
---------------------------- TRAINING EPOCH: 120 ----------------------------  
client [65] (testset)   loss: 1.8268 -> 0.5615  accuracy: 53.57% -> 85.71%     
client [95] (testset)   loss: 1.7211 -> 1.2940  accuracy: 48.28% -> 66.67%     
client [76] (testset)   loss: 1.2318 -> 0.2620  accuracy: 67.55% -> 92.72%     
client [8]  (testset)   loss: 0.8167 -> 0.8089  accuracy: 74.19% -> 74.19%     
client [35] (testset)   loss: 1.5596 -> 0.8585  accuracy: 50.00% -> 83.33%     
client [17] (testset)   loss: 1.4321 -> 1.0568  accuracy: 60.71% -> 78.57%     
client [98] (testset)   loss: 1.6847 -> 0.9114  accuracy: 50.71% -> 84.36%     
client [43] (testset)   loss: 0.5601 -> 0.4029  accuracy: 81.82% -> 90.91%     
client [53] (testset)   loss: 1.0991 -> 0.6052  accuracy: 65.82% -> 82.14%     
client [64] (testset)   loss: 1.4435 -> 0.2671  accuracy: 54.59% -> 94.04%     
---------------------------- TRAINING EPOCH: 130 ----------------------------  
client [21] (testset)   loss: 2.9668 -> 0.8968  accuracy: 43.48% -> 78.26%     
client [38] (testset)   loss: 0.7856 -> 0.0928  accuracy: 83.65% -> 98.08%     
client [3]  (testset)   loss: 1.5319 -> 0.8110  accuracy: 53.48% -> 81.28%     
client [88] (testset)   loss: 1.8256 -> 0.4049  accuracy: 55.00% -> 91.32%     
client [41] (testset)   loss: 0.8230 -> 0.7976  accuracy: 76.19% -> 79.37%     
client [7]  (testset)   loss: 3.3437 -> 0.5332  accuracy: 27.05% -> 85.99%     
client [37] (testset)   loss: 1.7458 -> 0.1550  accuracy: 50.00% -> 100.00%    
client [45] (testset)   loss: 2.3610 -> 1.1869  accuracy: 45.45% -> 81.82%     
client [47] (testset)   loss: 3.9263 -> 1.1206  accuracy: 31.25% -> 56.25%     
client [5]  (testset)   loss: 3.2681 -> 0.6861  accuracy: 30.15% -> 85.31%     
---------------------------- TRAINING EPOCH: 140 ----------------------------  
client [11] (testset)   loss: 2.1518 -> 0.2715  accuracy: 50.00% -> 90.91%     
client [37] (testset)   loss: 0.7674 -> 0.0311  accuracy: 83.33% -> 100.00%    
client [41] (testset)   loss: 0.9232 -> 0.8897  accuracy: 71.43% -> 71.43%     
client [16] (testset)   loss: 1.1415 -> 0.6688  accuracy: 68.07% -> 79.52%     
client [95] (testset)   loss: 1.6387 -> 1.2624  accuracy: 55.17% -> 71.26%     
client [22] (testset)   loss: 1.0600 -> 0.5421  accuracy: 75.19% -> 88.72%     
client [53] (testset)   loss: 1.7860 -> 0.5914  accuracy: 45.92% -> 81.63%     
client [25] (testset)   loss: 1.8040 -> 0.7898  accuracy: 45.23% -> 81.63%     
client [69] (testset)   loss: 1.9109 -> 1.2448  accuracy: 47.88% -> 67.27%     
client [46] (testset)   loss: 1.4719 -> 0.6961  accuracy: 62.02% -> 86.05%     
---------------------------- TRAINING EPOCH: 150 ----------------------------  
client [47] (testset)   loss: 3.3403 -> 3.0071  accuracy: 37.50% -> 50.00%     
client [82] (testset)   loss: 1.9671 -> 0.3477  accuracy: 56.82% -> 96.59%     
client [45] (testset)   loss: 2.4971 -> 2.3572  accuracy: 27.27% -> 81.82%     
client [69] (testset)   loss: 3.0039 -> 1.2996  accuracy: 34.85% -> 68.48%     
client [50] (testset)   loss: 2.9367 -> 1.1744  accuracy: 42.86% -> 71.43%     
client [7]  (testset)   loss: 1.4592 -> 0.5086  accuracy: 70.05% -> 82.61%     
client [35] (testset)   loss: 2.1622 -> 0.4223  accuracy: 66.67% -> 83.33%     
client [24] (testset)   loss: 1.5509 -> 1.0474  accuracy: 58.33% -> 88.89%     
client [15] (testset)   loss: 1.9231 -> 0.6490  accuracy: 58.59% -> 88.67%     
client [58] (testset)   loss: 0.3780 -> 0.3525  accuracy: 94.84% -> 94.84%     
---------------------------- TRAINING EPOCH: 160 ----------------------------  
client [48] (testset)   loss: 3.1980 -> 1.1111  accuracy: 38.46% -> 69.23%     
client [76] (testset)   loss: 1.9446 -> 0.2788  accuracy: 49.01% -> 90.07%     
client [67] (testset)   loss: 1.6884 -> 0.2240  accuracy: 53.55% -> 92.90%     
client [37] (testset)   loss: 1.1484 -> 0.2245  accuracy: 66.67% -> 83.33%     
client [64] (testset)   loss: 0.8493 -> 0.2683  accuracy: 72.94% -> 94.50%     
client [58] (testset)   loss: 0.5583 -> 0.3452  accuracy: 88.10% -> 93.25%     
client [77] (testset)   loss: 0.7307 -> 0.5093  accuracy: 81.27% -> 91.17%     
client [12] (testset)   loss: 1.6411 -> 0.7168  accuracy: 61.32% -> 84.67%     
client [89] (testset)   loss: 2.0131 -> 0.4473  accuracy: 50.98% -> 94.12%     
client [55] (testset)   loss: 1.3766 -> 0.4262  accuracy: 63.25% -> 89.18%     
---------------------------- TRAINING EPOCH: 170 ----------------------------  
client [51] (testset)   loss: 0.4846 -> 0.4763  accuracy: 87.50% -> 75.00%     
client [8]  (testset)   loss: 0.7135 -> 0.7019  accuracy: 80.65% -> 80.65%     
client [84] (testset)   loss: 1.1876 -> 0.5036  accuracy: 71.88% -> 89.06%     
client [94] (testset)   loss: 1.4439 -> 0.8145  accuracy: 60.00% -> 81.54%     
client [18] (testset)   loss: 1.2230 -> 0.6903  accuracy: 66.47% -> 85.03%     
client [81] (testset)   loss: 0.5582 -> 0.0389  accuracy: 78.57% -> 98.21%     
client [11] (testset)   loss: 1.1460 -> 1.0643  accuracy: 59.09% -> 77.27%     
client [95] (testset)   loss: 1.9610 -> 1.2404  accuracy: 47.13% -> 70.11%     
client [3]  (testset)   loss: 1.0176 -> 0.6845  accuracy: 68.45% -> 83.42%     
client [67] (testset)   loss: 0.3610 -> 0.1836  accuracy: 87.74% -> 93.55%     
---------------------------- TRAINING EPOCH: 180 ----------------------------  
client [21] (testset)   loss: 2.8822 -> 1.0428  accuracy: 39.13% -> 60.87%     
client [58] (testset)   loss: 0.4322 -> 0.3918  accuracy: 91.67% -> 94.44%     
client [79] (testset)   loss: 2.0906 -> 0.3175  accuracy: 55.59% -> 93.85%     
client [46] (testset)   loss: 2.1807 -> 0.6760  accuracy: 52.71% -> 86.82%     
client [11] (testset)   loss: 1.9486 -> 0.2892  accuracy: 54.55% -> 90.91%     
client [88] (testset)   loss: 1.2817 -> 0.4387  accuracy: 64.21% -> 91.84%     
client [13] (testset)   loss: 2.0323 -> 0.6374  accuracy: 52.22% -> 83.33%     
client [31] (testset)   loss: 0.8248 -> 0.1801  accuracy: 78.80% -> 96.31%     
client [55] (testset)   loss: 1.6267 -> 0.4356  accuracy: 62.14% -> 89.74%     
client [75] (testset)   loss: 1.5698 -> 0.4556  accuracy: 58.35% -> 91.12%     
---------------------------- TRAINING EPOCH: 190 ----------------------------  
client [19] (testset)   loss: 0.5119 -> 0.5941  accuracy: 92.92% -> 92.92%     
client [7]  (testset)   loss: 1.8786 -> 0.6367  accuracy: 53.14% -> 85.99%     
client [57] (testset)   loss: 1.4059 -> 0.2352  accuracy: 62.45% -> 95.78%     
client [43] (testset)   loss: 0.5243 -> 0.4197  accuracy: 81.82% -> 90.91%     
client [13] (testset)   loss: 1.9504 -> 0.6377  accuracy: 52.22% -> 85.00%     
client [91] (testset)   loss: 1.2823 -> 0.5603  accuracy: 63.24% -> 89.71%     
client [64] (testset)   loss: 1.4236 -> 0.2825  accuracy: 58.26% -> 94.50%     
client [10] (testset)   loss: 1.9413 -> 0.2005  accuracy: 47.69% -> 96.24%     
client [82] (testset)   loss: 0.6718 -> 0.3111  accuracy: 79.55% -> 96.59%     
client [22] (testset)   loss: 0.6804 -> 0.6093  accuracy: 80.45% -> 89.47%     
---------------------------- TRAINING EPOCH: 200 ----------------------------  
client [23] (testset)   loss: 0.7768 -> 0.0001  accuracy: 75.00% -> 100.00%    
client [88] (testset)   loss: 3.3944 -> 0.5013  accuracy: 36.58% -> 90.00%     
client [98] (testset)   loss: 1.9552 -> 0.9539  accuracy: 51.18% -> 84.36%     
client [20] (testset)   loss: 1.3340 -> 0.7664  accuracy: 67.49% -> 86.66%     
client [21] (testset)   loss: 2.8493 -> 1.8541  accuracy: 21.74% -> 65.22%     
client [79] (testset)   loss: 0.8612 -> 0.3494  accuracy: 80.45% -> 93.85%     
client [92] (testset)   loss: 0.9389 -> 0.2488  accuracy: 72.41% -> 94.09%     
client [56] (testset)   loss: 0.7480 -> 0.3437  accuracy: 89.23% -> 95.38%     
client [52] (testset)   loss: 1.2671 -> 0.2914  accuracy: 70.59% -> 98.04%     
client [5]  (testset)   loss: 1.6395 -> 0.7107  accuracy: 57.22% -> 85.82%     
FedDpag's average time taken by each global epoch: 0 min 3.29 sec.             
FedDpag's total running time: 0 h 11 m 37 s.                                   
==================== FedDpag Experiment Results: ====================          
Display format: (before local fine-tuning) -> (after local fine-tuning)        
 So if finetune_epoch = 0, x.xx% -> 0.00% is normal.                           
 Centralized testing ONLY happens after model aggregation, so the stats between
'->' are the same.                                                             
{                                                                              
    "100": {                                                                   
        "all_clients": {                                                       
            "test": {                                                          
                "loss": "1.1266 -> 0.0000",                                    
                "accuracy": "66.55% -> 0.00%"                                  
            }                                                                  
        }                                                                      
    },                                                                         
    "200": {                                                                   
        "all_clients": {                                                       
            "test": {                                                          
                "loss": "1.6428 -> 0.0000",                                    
                "accuracy": "64.52% -> 0.00%"                                  
            }                                                                  
        }                                                                      
    }                                                                          
}                                                                              
==================== FedDpag Max Accuracy ====================                 
all_clients:                                                                   
(test) before fine-tuning: 66.55% at epoch 100                                 
(test) after fine-tuning: 0.00% at epoch 100                                   
