==================== FedFewA ====================                              
Experiment Arguments:                                                          
{
    'method': 'fedfewa',
    'dataset': {
        'name': 'medmnistA',
        'client_num': 100,
        'test_ratio': 0.25,
        'val_ratio': 0.0,
        'seed': 42,
        'split': 'sample',
        'IID_ratio': 0.0,
        'monitor_window_name_suffix': 'medmnistA-100clients-0%IID-Dir(0.1)-seed42',
        'alpha': 0.1,
        'min_samples_per_client': 10
    },
    'model': {
        'name': 'avgcnn',
        'use_torchvision_pretrained_weights': True,
        'external_model_weights_path': None
    },
    'optimizer': {
        'lr': 0.01,
        'dampening': 0,
        'weight_decay': 0,
        'momentum': 0.7,
        'nesterov': False,
        'name': 'sgd'
    },
    'mode': 'serial',
    'parallel': {
        'ray_cluster_addr': None,
        'num_cpus': None,
        'num_gpus': None,
        'num_workers': 2
    },
    'common': {
        'seed': 42,
        'join_ratio': 0.1,
        'global_epoch': 400,
        'local_epoch': 5,
        'batch_size': 32,
        'reset_optimizer_on_global_epoch': True,
        'straggler_ratio': 0,
        'straggler_min_local_epoch': 0,
        'buffers': 'global',
        'client_side_evaluation': True,
        'test': {
            'client': {
                'interval': 100,
                'finetune_epoch': 0,
                'train': False,
                'val': False,
                'test': True
            },
            'server': {
                'interval': -1,
                'train': False,
                'val': False,
                'test': True,
                'model_in_train_mode': False
            }
        },
        'verbose_gap': 10,
        'monitor': None,
        'use_cuda': True,
        'save_log': True,
        'save_model': False,
        'save_learning_curve_plot': True,
        'save_metrics': True,
        'delete_useless_run': True
    },
    'fedprox': {
        'mu': 0.01
    },
    'pfedsim': {
        'warmup_round': 0.5
    },
    'fedfewa': {
        'ig_ratio': 0.9484,
        'alpha': 0.5,
        'norm': 'global',
        'EMA': False,
        'CLS': True,
        'track': False,
        'type': 'Ablation'
    }
}
---------------------------- TRAINING EPOCH: 10 ----------------------------   
client [77] (testset)   loss: 1.4067 -> 0.9665  accuracy: 58.33% -> 58.33%     
client [81] (testset)   loss: 1.1663 -> 0.8100  accuracy: 43.60% -> 54.74%     
client [21] (testset)   loss: 3.3192 -> 0.9028  accuracy: 1.59% -> 53.44%      
client [68] (testset)   loss: 0.6336 -> 0.0162  accuracy: 100.00% -> 100.00%   
client [93] (testset)   loss: 1.0072 -> 0.6331  accuracy: 88.89% -> 88.89%     
client [31] (testset)   loss: 2.6206 -> 1.4300  accuracy: 0.00% -> 55.00%      
client [20] (testset)   loss: 0.6175 -> 0.5913  accuracy: 88.08% -> 88.08%     
client [59] (testset)   loss: 2.2406 -> 0.9484  accuracy: 0.00% -> 52.00%      
client [48] (testset)   loss: 1.1280 -> 0.7368  accuracy: 23.28% -> 74.14%     
client [34] (testset)   loss: 1.5537 -> 1.4197  accuracy: 37.04% -> 28.40%     
---------------------------- TRAINING EPOCH: 20 ----------------------------   
client [69] (testset)   loss: 1.5078 -> 1.1443  accuracy: 63.83% -> 63.83%     
client [99] (testset)   loss: 1.2987 -> 1.1736  accuracy: 63.53% -> 63.53%     
client [67] (testset)   loss: 1.2213 -> 1.1275  accuracy: 55.29% -> 55.29%     
client [0]  (testset)   loss: 0.9853 -> 0.9059  accuracy: 60.35% -> 60.35%     
client [76] (testset)   loss: 1.3278 -> 1.2729  accuracy: 52.13% -> 52.13%     
client [41] (testset)   loss: 1.1327 -> 0.8316  accuracy: 36.62% -> 59.15%     
client [62] (testset)   loss: 2.2219 -> 0.9515  accuracy: 0.00% -> 65.00%      
client [2]  (testset)   loss: 2.5039 -> 1.6430  accuracy: 21.43% -> 37.14%     
client [14] (testset)   loss: 0.3966 -> 0.1690  accuracy: 97.22% -> 97.22%     
client [46] (testset)   loss: 0.9850 -> 0.8322  accuracy: 59.30% -> 59.30%     
---------------------------- TRAINING EPOCH: 30 ----------------------------   
client [24] (testset)   loss: 0.2873 -> 0.1631  accuracy: 96.84% -> 96.84%     
client [68] (testset)   loss: 0.1166 -> 0.0251  accuracy: 100.00% -> 100.00%   
client [57] (testset)   loss: 0.8184 -> 0.6378  accuracy: 79.69% -> 79.69%     
client [17] (testset)   loss: 1.4966 -> 1.4871  accuracy: 38.46% -> 21.54%     
client [54] (testset)   loss: 0.8851 -> 0.6641  accuracy: 80.00% -> 80.00%     
client [23] (testset)   loss: 2.2129 -> 0.9264  accuracy: 36.67% -> 56.67%     
client [35] (testset)   loss: 1.2209 -> 1.2164  accuracy: 46.30% -> 32.87%     
client [59] (testset)   loss: 1.0384 -> 0.9557  accuracy: 52.00% -> 52.00%     
client [31] (testset)   loss: 1.5057 -> 1.4193  accuracy: 55.00% -> 55.00%     
client [9]  (testset)   loss: 0.6772 -> 0.6562  accuracy: 83.44% -> 83.44%     
---------------------------- TRAINING EPOCH: 40 ----------------------------   
client [64] (testset)   loss: 0.9230 -> 1.0407  accuracy: 66.67% -> 66.67%     
client [33] (testset)   loss: 0.8461 -> 0.6985  accuracy: 75.00% -> 75.00%     
client [16] (testset)   loss: 0.3448 -> 0.2994  accuracy: 92.63% -> 92.63%     
client [44] (testset)   loss: 1.6170 -> 1.7786  accuracy: 61.54% -> 0.00%      
client [8]  (testset)   loss: 1.7669 -> 1.7744  accuracy: 40.91% -> 40.91%     
client [31] (testset)   loss: 1.4235 -> 1.3669  accuracy: 55.00% -> 55.00%     
client [47] (testset)   loss: 1.0013 -> 1.0088  accuracy: 48.19% -> 48.19%     
client [36] (testset)   loss: 1.5588 -> 1.4203  accuracy: 30.00% -> 37.50%     
client [20] (testset)   loss: 0.6584 -> 0.5874  accuracy: 88.08% -> 88.08%     
client [56] (testset)   loss: 1.5697 -> 1.6066  accuracy: 44.26% -> 16.39%     
---------------------------- TRAINING EPOCH: 50 ----------------------------   
client [4]  (testset)   loss: 0.8595 -> 0.8790  accuracy: 76.74% -> 76.74%     
client [60] (testset)   loss: 0.2141 -> 0.1812  accuracy: 96.62% -> 96.62%     
client [28] (testset)   loss: 0.9543 -> 1.0563  accuracy: 73.37% -> 73.37%     
client [25] (testset)   loss: 0.8481 -> 0.8023  accuracy: 73.02% -> 73.02%     
client [58] (testset)   loss: 0.2840 -> 0.2306  accuracy: 94.34% -> 94.34%     
client [44] (testset)   loss: 1.5130 -> 1.7340  accuracy: 61.54% -> 61.54%     
client [39] (testset)   loss: 1.6035 -> 1.5822  accuracy: 43.40% -> 43.40%     
client [29] (testset)   loss: 0.9890 -> 0.9147  accuracy: 73.87% -> 73.87%     
client [3]  (testset)   loss: 0.9910 -> 0.8728  accuracy: 63.64% -> 63.64%     
client [84] (testset)   loss: 0.8072 -> 0.8064  accuracy: 56.96% -> 56.96%     
---------------------------- TRAINING EPOCH: 60 ----------------------------   
client [21] (testset)   loss: 0.8958 -> 0.8800  accuracy: 42.06% -> 53.44%     
client [84] (testset)   loss: 0.8089 -> 0.8107  accuracy: 56.96% -> 56.96%     
client [10] (testset)   loss: 0.9536 -> 0.9396  accuracy: 53.62% -> 53.62%     
client [36] (testset)   loss: 1.4195 -> 1.4106  accuracy: 37.50% -> 30.00%     
client [65] (testset)   loss: 0.6059 -> 0.5715  accuracy: 83.56% -> 83.56%     
client [81] (testset)   loss: 0.7941 -> 0.7916  accuracy: 43.60% -> 54.74%     
client [79] (testset)   loss: 1.0353 -> 0.9966  accuracy: 77.78% -> 77.78%     
client [42] (testset)   loss: 1.1351 -> 1.1379  accuracy: 58.33% -> 58.33%     
client [11] (testset)   loss: 1.2099 -> 1.2027  accuracy: 50.88% -> 50.88%     
client [96] (testset)   loss: 1.2133 -> 1.2771  accuracy: 55.39% -> 55.39%     
---------------------------- TRAINING EPOCH: 70 ----------------------------   
client [8]  (testset)   loss: 1.7680 -> 1.7018  accuracy: 40.91% -> 40.91%     
client [53] (testset)   loss: 0.3781 -> 0.2735  accuracy: 94.85% -> 94.85%     
client [52] (testset)   loss: 0.8676 -> 0.8653  accuracy: 75.22% -> 75.22%     
client [42] (testset)   loss: 1.1106 -> 1.1147  accuracy: 58.33% -> 58.33%     
client [69] (testset)   loss: 1.1096 -> 1.0742  accuracy: 63.83% -> 63.83%     
client [59] (testset)   loss: 1.0209 -> 0.9249  accuracy: 52.00% -> 52.00%     
client [7]  (testset)   loss: 0.4750 -> 0.5070  accuracy: 88.85% -> 88.85%     
client [26] (testset)   loss: 1.3241 -> 1.2548  accuracy: 50.53% -> 50.53%     
client [49] (testset)   loss: 0.7550 -> 0.7333  accuracy: 79.77% -> 79.77%     
client [98] (testset)   loss: 0.9621 -> 0.9765  accuracy: 74.68% -> 74.68%     
---------------------------- TRAINING EPOCH: 80 ----------------------------   
client [98] (testset)   loss: 0.9579 -> 0.9567  accuracy: 74.68% -> 74.68%     
client [47] (testset)   loss: 0.9941 -> 0.9991  accuracy: 48.19% -> 48.19%     
client [21] (testset)   loss: 0.8948 -> 0.8779  accuracy: 42.06% -> 53.44%     
client [77] (testset)   loss: 0.9990 -> 1.2112  accuracy: 58.33% -> 58.33%     
client [95] (testset)   loss: 0.3723 -> 0.2815  accuracy: 94.83% -> 94.83%     
client [91] (testset)   loss: 0.7224 -> 0.6196  accuracy: 88.24% -> 88.24%     
client [14] (testset)   loss: 0.2358 -> 0.1644  accuracy: 97.22% -> 97.22%     
client [99] (testset)   loss: 1.2007 -> 1.1705  accuracy: 63.53% -> 63.53%     
client [20] (testset)   loss: 0.5854 -> 0.5903  accuracy: 88.08% -> 88.08%     
client [39] (testset)   loss: 1.6018 -> 1.5871  accuracy: 43.40% -> 43.40%     
---------------------------- TRAINING EPOCH: 90 ----------------------------   
client [52] (testset)   loss: 0.8621 -> 0.8664  accuracy: 75.22% -> 75.22%     
client [62] (testset)   loss: 0.9645 -> 0.8952  accuracy: 65.00% -> 65.00%     
client [71] (testset)   loss: 1.2966 -> 1.2842  accuracy: 50.00% -> 50.00%     
client [97] (testset)   loss: 1.3393 -> 1.3250  accuracy: 47.72% -> 47.72%     
client [30] (testset)   loss: 0.9005 -> 0.8870  accuracy: 54.29% -> 54.29%     
client [88] (testset)   loss: 1.1740 -> 1.0712  accuracy: 67.57% -> 67.57%     
client [60] (testset)   loss: 0.2037 -> 0.2142  accuracy: 96.62% -> 96.62%     
client [82] (testset)   loss: 1.5987 -> 1.5507  accuracy: 46.51% -> 46.51%     
client [91] (testset)   loss: 0.7757 -> 0.5573  accuracy: 88.24% -> 88.24%     
client [57] (testset)   loss: 0.5488 -> 0.5474  accuracy: 79.69% -> 79.69%     
---------------------------- TRAINING EPOCH: 100 ----------------------------  
client [31] (testset)   loss: 1.3782 -> 1.3941  accuracy: 55.00% -> 55.00%     
client [15] (testset)   loss: 0.9055 -> 0.8885  accuracy: 76.47% -> 76.47%     
client [71] (testset)   loss: 1.3053 -> 1.2605  accuracy: 50.00% -> 50.00%     
client [97] (testset)   loss: 1.3263 -> 1.3381  accuracy: 47.72% -> 47.72%     
client [53] (testset)   loss: 0.2869 -> 0.2251  accuracy: 94.85% -> 94.85%     
client [77] (testset)   loss: 1.0311 -> 1.0911  accuracy: 58.33% -> 58.33%     
client [76] (testset)   loss: 1.2785 -> 1.2948  accuracy: 52.13% -> 52.13%     
client [79] (testset)   loss: 1.0699 -> 1.0310  accuracy: 77.78% -> 77.78%     
client [28] (testset)   loss: 0.9450 -> 0.9634  accuracy: 73.37% -> 73.37%     
client [99] (testset)   loss: 1.1698 -> 1.1704  accuracy: 63.53% -> 63.53%     
---------------------------- TRAINING EPOCH: 110 ----------------------------  
client [97] (testset)   loss: 1.3226 -> 1.3173  accuracy: 47.72% -> 47.72%     
client [86] (testset)   loss: 0.5204 -> 0.5102  accuracy: 84.66% -> 84.66%     
client [34] (testset)   loss: 1.3667 -> 1.3719  accuracy: 37.04% -> 37.04%     
client [73] (testset)   loss: 0.7538 -> 0.7381  accuracy: 58.95% -> 58.95%     
client [5]  (testset)   loss: 1.4683 -> 1.4501  accuracy: 43.96% -> 43.96%     
client [96] (testset)   loss: 1.2506 -> 1.2078  accuracy: 55.39% -> 55.39%     
client [22] (testset)   loss: 0.4424 -> 0.4308  accuracy: 89.95% -> 89.95%     
client [60] (testset)   loss: 0.2089 -> 0.1813  accuracy: 96.62% -> 96.62%     
client [66] (testset)   loss: 1.1402 -> 1.0710  accuracy: 30.08% -> 50.78%     
client [83] (testset)   loss: 0.7493 -> 0.6526  accuracy: 85.00% -> 85.00%     
---------------------------- TRAINING EPOCH: 120 ----------------------------  
client [76] (testset)   loss: 1.3249 -> 1.2717  accuracy: 52.13% -> 52.13%     
client [65] (testset)   loss: 0.5696 -> 0.5673  accuracy: 83.56% -> 83.56%     
client [95] (testset)   loss: 0.3064 -> 0.3021  accuracy: 94.83% -> 94.83%     
client [17] (testset)   loss: 1.5035 -> 1.6689  accuracy: 21.54% -> 21.54%     
client [8]  (testset)   loss: 1.7229 -> 1.6777  accuracy: 40.91% -> 40.91%     
client [35] (testset)   loss: 1.1926 -> 1.1647  accuracy: 46.30% -> 46.30%     
client [98] (testset)   loss: 0.9917 -> 0.9780  accuracy: 74.68% -> 74.68%     
client [53] (testset)   loss: 0.2310 -> 0.2324  accuracy: 94.85% -> 94.85%     
client [43] (testset)   loss: 0.3180 -> 0.3165  accuracy: 93.29% -> 93.29%     
client [64] (testset)   loss: 0.9430 -> 0.8909  accuracy: 66.67% -> 66.67%     
---------------------------- TRAINING EPOCH: 130 ----------------------------  
client [21] (testset)   loss: 0.8863 -> 0.8766  accuracy: 53.44% -> 53.44%     
client [88] (testset)   loss: 1.1707 -> 1.0790  accuracy: 67.57% -> 67.57%     
client [38] (testset)   loss: 1.2382 -> 1.0322  accuracy: 66.67% -> 66.67%     
client [3]  (testset)   loss: 0.8788 -> 0.9349  accuracy: 63.64% -> 36.36%     
client [5]  (testset)   loss: 1.4849 -> 1.4545  accuracy: 43.96% -> 43.96%     
client [41] (testset)   loss: 0.9159 -> 0.8510  accuracy: 59.15% -> 59.15%     
client [7]  (testset)   loss: 0.5215 -> 0.4740  accuracy: 88.85% -> 88.85%     
client [37] (testset)   loss: 0.5621 -> 0.5267  accuracy: 87.45% -> 87.45%     
client [45] (testset)   loss: 1.6467 -> 1.5757  accuracy: 44.00% -> 44.00%     
client [47] (testset)   loss: 1.0121 -> 1.0211  accuracy: 48.19% -> 39.76%     
---------------------------- TRAINING EPOCH: 140 ----------------------------  
client [16] (testset)   loss: 0.3100 -> 0.3008  accuracy: 92.63% -> 92.63%     
client [11] (testset)   loss: 1.2007 -> 1.1723  accuracy: 50.88% -> 50.88%     
client [37] (testset)   loss: 0.4754 -> 0.4812  accuracy: 87.45% -> 87.45%     
client [41] (testset)   loss: 0.8538 -> 0.8604  accuracy: 59.15% -> 59.15%     
client [95] (testset)   loss: 0.3513 -> 0.2732  accuracy: 94.83% -> 94.83%     
client [53] (testset)   loss: 0.2825 -> 0.2323  accuracy: 94.85% -> 94.85%     
client [22] (testset)   loss: 0.4250 -> 0.4144  accuracy: 89.95% -> 89.95%     
client [25] (testset)   loss: 0.8235 -> 0.7565  accuracy: 73.02% -> 73.02%     
client [69] (testset)   loss: 1.0732 -> 1.0516  accuracy: 63.83% -> 63.83%     
client [46] (testset)   loss: 0.8522 -> 0.8443  accuracy: 59.30% -> 59.30%     
---------------------------- TRAINING EPOCH: 150 ----------------------------  
client [47] (testset)   loss: 0.9907 -> 1.0038  accuracy: 48.19% -> 39.76%     
client [69] (testset)   loss: 1.0967 -> 1.0904  accuracy: 63.83% -> 63.83%     
client [82] (testset)   loss: 1.5432 -> 1.5461  accuracy: 46.51% -> 46.51%     
client [45] (testset)   loss: 1.5884 -> 1.5465  accuracy: 44.00% -> 44.00%     
client [7]  (testset)   loss: 0.4776 -> 0.4759  accuracy: 88.85% -> 88.85%     
client [50] (testset)   loss: 0.7462 -> 0.6681  accuracy: 79.27% -> 79.27%     
client [35] (testset)   loss: 1.1718 -> 1.1689  accuracy: 46.30% -> 46.30%     
client [24] (testset)   loss: 0.2684 -> 0.1586  accuracy: 96.84% -> 96.84%     
client [15] (testset)   loss: 0.9085 -> 0.8819  accuracy: 76.47% -> 76.47%     
client [58] (testset)   loss: 0.2743 -> 0.2274  accuracy: 94.34% -> 94.34%     
---------------------------- TRAINING EPOCH: 160 ----------------------------  
client [48] (testset)   loss: 0.7112 -> 0.7444  accuracy: 74.14% -> 74.14%     
client [76] (testset)   loss: 1.2636 -> 1.2794  accuracy: 52.13% -> 52.13%     
client [67] (testset)   loss: 1.1350 -> 1.1462  accuracy: 55.29% -> 55.29%     
client [37] (testset)   loss: 0.4728 -> 0.4953  accuracy: 87.45% -> 87.45%     
client [58] (testset)   loss: 0.2611 -> 0.2322  accuracy: 94.34% -> 94.34%     
client [64] (testset)   loss: 0.8300 -> 1.0105  accuracy: 66.67% -> 66.67%     
client [77] (testset)   loss: 0.9658 -> 0.9445  accuracy: 58.33% -> 58.33%     
client [55] (testset)   loss: 1.6291 -> 1.8164  accuracy: 50.00% -> 50.00%     
client [12] (testset)   loss: 0.5170 -> 0.5310  accuracy: 86.14% -> 86.14%     
client [89] (testset)   loss: 1.8796 -> 2.0093  accuracy: 18.75% -> 18.75%     
---------------------------- TRAINING EPOCH: 170 ----------------------------  
client [84] (testset)   loss: 0.8081 -> 0.8034  accuracy: 56.96% -> 56.96%     
client [51] (testset)   loss: 0.8088 -> 0.8293  accuracy: 66.67% -> 66.67%     
client [8]  (testset)   loss: 1.7028 -> 1.6892  accuracy: 40.91% -> 40.91%     
client [18] (testset)   loss: 0.9442 -> 0.9588  accuracy: 65.38% -> 65.38%     
client [94] (testset)   loss: 1.3766 -> 1.3628  accuracy: 50.00% -> 50.00%     
client [81] (testset)   loss: 0.8076 -> 0.7917  accuracy: 43.60% -> 54.74%     
client [3]  (testset)   loss: 0.7921 -> 0.7172  accuracy: 63.64% -> 63.64%     
client [11] (testset)   loss: 1.1812 -> 1.2029  accuracy: 50.88% -> 50.88%     
client [95] (testset)   loss: 0.3248 -> 0.3258  accuracy: 94.83% -> 94.83%     
client [67] (testset)   loss: 1.1708 -> 1.1393  accuracy: 55.29% -> 55.29%     
---------------------------- TRAINING EPOCH: 180 ----------------------------  
client [21] (testset)   loss: 0.8754 -> 0.8869  accuracy: 53.44% -> 53.44%     
client [79] (testset)   loss: 1.0120 -> 1.0713  accuracy: 77.78% -> 77.78%     
client [58] (testset)   loss: 0.2566 -> 0.2236  accuracy: 94.34% -> 94.34%     
client [88] (testset)   loss: 1.0713 -> 1.0696  accuracy: 67.57% -> 67.57%     
client [46] (testset)   loss: 0.8383 -> 0.8456  accuracy: 59.30% -> 59.30%     
client [11] (testset)   loss: 1.2272 -> 1.1635  accuracy: 50.88% -> 50.88%     
client [55] (testset)   loss: 1.6518 -> 1.8379  accuracy: 50.00% -> 50.00%     
client [13] (testset)   loss: 0.1199 -> 0.1262  accuracy: 97.78% -> 97.78%     
client [31] (testset)   loss: 1.3856 -> 1.3826  accuracy: 55.00% -> 55.00%     
client [75] (testset)   loss: 1.4428 -> 1.4448  accuracy: 29.15% -> 29.15%     
---------------------------- TRAINING EPOCH: 190 ----------------------------  
client [19] (testset)   loss: 1.5641 -> 1.5144  accuracy: 37.50% -> 37.50%     
client [7]  (testset)   loss: 0.4773 -> 0.4889  accuracy: 88.85% -> 88.85%     
client [57] (testset)   loss: 0.5607 -> 0.5467  accuracy: 79.69% -> 79.69%     
client [13] (testset)   loss: 0.1179 -> 0.1273  accuracy: 97.78% -> 97.78%     
client [43] (testset)   loss: 0.3188 -> 0.3169  accuracy: 93.29% -> 93.29%     
client [91] (testset)   loss: 0.7446 -> 0.6390  accuracy: 88.24% -> 88.24%     
client [10] (testset)   loss: 0.9325 -> 0.9378  accuracy: 53.62% -> 39.61%     
client [64] (testset)   loss: 0.8832 -> 0.9094  accuracy: 66.67% -> 66.67%     
client [82] (testset)   loss: 1.5524 -> 1.5321  accuracy: 46.51% -> 46.51%     
client [22] (testset)   loss: 0.4393 -> 0.4115  accuracy: 89.95% -> 89.95%     
---------------------------- TRAINING EPOCH: 200 ----------------------------  
client [20] (testset)   loss: 0.5956 -> 0.5791  accuracy: 88.08% -> 88.08%     
client [23] (testset)   loss: 0.9773 -> 0.9168  accuracy: 56.67% -> 56.67%     
client [88] (testset)   loss: 1.0914 -> 1.0714  accuracy: 67.57% -> 67.57%     
client [98] (testset)   loss: 0.9478 -> 0.9589  accuracy: 74.68% -> 74.68%     
client [79] (testset)   loss: 1.0241 -> 1.0588  accuracy: 77.78% -> 77.78%     
client [21] (testset)   loss: 0.9167 -> 0.8784  accuracy: 53.44% -> 53.44%     
client [92] (testset)   loss: 0.8589 -> 0.8771  accuracy: 63.64% -> 63.64%     
client [56] (testset)   loss: 1.5724 -> 1.5761  accuracy: 16.39% -> 44.26%     
client [5]  (testset)   loss: 1.4480 -> 1.4447  accuracy: 43.96% -> 43.96%     
client [52] (testset)   loss: 0.8728 -> 0.9198  accuracy: 75.22% -> 75.22%     
---------------------------- TRAINING EPOCH: 210 ----------------------------  
client [67] (testset)   loss: 1.1730 -> 1.1401  accuracy: 55.29% -> 55.29%     
client [54] (testset)   loss: 0.7970 -> 0.6050  accuracy: 80.00% -> 80.00%     
client [14] (testset)   loss: 0.2356 -> 0.1744  accuracy: 97.22% -> 97.22%     
client [99] (testset)   loss: 1.1691 -> 1.1655  accuracy: 63.53% -> 63.53%     
client [36] (testset)   loss: 1.4196 -> 1.3974  accuracy: 37.50% -> 37.50%     
client [30] (testset)   loss: 0.9004 -> 0.9115  accuracy: 54.29% -> 41.43%     
client [38] (testset)   loss: 1.1526 -> 1.0547  accuracy: 66.67% -> 66.67%     
client [15] (testset)   loss: 0.9255 -> 0.8770  accuracy: 76.47% -> 76.47%     
client [6]  (testset)   loss: 1.0936 -> 1.0955  accuracy: 47.09% -> 47.09%     
client [53] (testset)   loss: 0.2844 -> 0.2262  accuracy: 94.85% -> 94.85%     
---------------------------- TRAINING EPOCH: 220 ----------------------------  
client [99] (testset)   loss: 1.1653 -> 1.1817  accuracy: 63.53% -> 63.53%     
client [6]  (testset)   loss: 1.0895 -> 1.1190  accuracy: 47.09% -> 47.09%     
client [83] (testset)   loss: 0.8316 -> 0.6543  accuracy: 85.00% -> 85.00%     
client [42] (testset)   loss: 1.1300 -> 1.1208  accuracy: 58.33% -> 58.33%     
client [34] (testset)   loss: 1.3757 -> 1.3468  accuracy: 37.04% -> 37.04%     
client [15] (testset)   loss: 0.9173 -> 0.8677  accuracy: 76.47% -> 76.47%     
client [47] (testset)   loss: 0.9872 -> 0.9888  accuracy: 48.19% -> 48.19%     
client [55] (testset)   loss: 1.6323 -> 1.8666  accuracy: 50.00% -> 50.00%     
client [51] (testset)   loss: 0.8434 -> 0.8272  accuracy: 66.67% -> 66.67%     
client [95] (testset)   loss: 0.4546 -> 0.3259  accuracy: 94.83% -> 94.83%     
---------------------------- TRAINING EPOCH: 230 ----------------------------  
client [71] (testset)   loss: 1.2706 -> 1.2699  accuracy: 50.00% -> 50.00%     
client [15] (testset)   loss: 0.8667 -> 0.8838  accuracy: 76.47% -> 76.47%     
client [33] (testset)   loss: 0.7878 -> 0.6856  accuracy: 75.00% -> 75.00%     
client [99] (testset)   loss: 1.1832 -> 1.1663  accuracy: 63.53% -> 63.53%     
client [90] (testset)   loss: 1.0742 -> 1.1231  accuracy: 50.00% -> 28.57%     
client [57] (testset)   loss: 0.5719 -> 0.5420  accuracy: 79.69% -> 79.69%     
client [27] (testset)   loss: 0.6632 -> 0.6580  accuracy: 82.43% -> 82.43%     
client [78] (testset)   loss: 0.6137 -> 0.6317  accuracy: 84.72% -> 84.72%     
client [36] (testset)   loss: 1.4422 -> 1.4019  accuracy: 37.50% -> 30.00%     
client [88] (testset)   loss: 1.0800 -> 1.0675  accuracy: 67.57% -> 67.57%     
---------------------------- TRAINING EPOCH: 240 ----------------------------  
client [70] (testset)   loss: 1.5610 -> 1.6954  accuracy: 27.78% -> 27.78%     
client [35] (testset)   loss: 1.1825 -> 1.1683  accuracy: 46.30% -> 46.30%     
client [16] (testset)   loss: 0.3382 -> 0.2973  accuracy: 92.63% -> 92.63%     
client [80] (testset)   loss: 0.8267 -> 0.7238  accuracy: 82.81% -> 82.81%     
client [38] (testset)   loss: 1.2185 -> 1.0433  accuracy: 66.67% -> 66.67%     
client [78] (testset)   loss: 0.6798 -> 0.6136  accuracy: 84.72% -> 84.72%     
client [68] (testset)   loss: 0.2212 -> 0.0146  accuracy: 100.00% -> 100.00%   
client [11] (testset)   loss: 1.1746 -> 1.1640  accuracy: 50.88% -> 50.88%     
client [64] (testset)   loss: 0.8350 -> 1.0555  accuracy: 66.67% -> 66.67%     
client [82] (testset)   loss: 1.5408 -> 1.5444  accuracy: 46.51% -> 46.51%     
---------------------------- TRAINING EPOCH: 250 ----------------------------  
client [30] (testset)   loss: 0.9132 -> 0.8962  accuracy: 41.43% -> 54.29%     
client [27] (testset)   loss: 0.6588 -> 0.6558  accuracy: 82.43% -> 82.43%     
client [74] (testset)   loss: 0.7919 -> 0.8253  accuracy: 75.76% -> 75.76%     
client [45] (testset)   loss: 1.5672 -> 1.5482  accuracy: 44.00% -> 44.00%     
client [6]  (testset)   loss: 1.0944 -> 1.0964  accuracy: 47.09% -> 47.09%     
client [36] (testset)   loss: 1.4225 -> 1.3968  accuracy: 30.00% -> 37.50%     
client [63] (testset)   loss: 0.2265 -> 0.2008  accuracy: 96.00% -> 96.00%     
client [76] (testset)   loss: 1.2751 -> 1.2675  accuracy: 52.13% -> 52.13%     
client [83] (testset)   loss: 0.7096 -> 0.6640  accuracy: 85.00% -> 85.00%     
client [86] (testset)   loss: 0.5066 -> 0.5052  accuracy: 84.66% -> 84.66%     
---------------------------- TRAINING EPOCH: 260 ----------------------------  
client [83] (testset)   loss: 0.6703 -> 0.6505  accuracy: 85.00% -> 85.00%     
client [99] (testset)   loss: 1.2136 -> 1.1680  accuracy: 63.53% -> 63.53%     
client [74] (testset)   loss: 0.7857 -> 0.8180  accuracy: 75.76% -> 75.76%     
client [73] (testset)   loss: 0.7490 -> 0.7390  accuracy: 58.95% -> 58.95%     
client [29] (testset)   loss: 0.9146 -> 0.9164  accuracy: 73.87% -> 73.87%     
client [92] (testset)   loss: 1.0561 -> 1.1070  accuracy: 63.64% -> 63.64%     
client [6]  (testset)   loss: 1.1209 -> 1.0961  accuracy: 47.09% -> 47.09%     
client [61] (testset)   loss: 1.3319 -> 1.3694  accuracy: 53.85% -> 53.85%     
client [21] (testset)   loss: 0.9233 -> 0.8828  accuracy: 53.44% -> 53.44%     
client [67] (testset)   loss: 1.2392 -> 1.1295  accuracy: 55.29% -> 55.29%     
---------------------------- TRAINING EPOCH: 270 ----------------------------  
client [83] (testset)   loss: 0.7752 -> 0.6499  accuracy: 85.00% -> 85.00%     
client [32] (testset)   loss: 1.2872 -> 1.3026  accuracy: 47.22% -> 38.89%     
client [95] (testset)   loss: 0.4620 -> 0.3128  accuracy: 94.83% -> 94.83%     
client [61] (testset)   loss: 1.3332 -> 1.4079  accuracy: 53.85% -> 53.85%     
client [27] (testset)   loss: 0.6559 -> 0.6642  accuracy: 82.43% -> 82.43%     
client [25] (testset)   loss: 0.9115 -> 0.7756  accuracy: 73.02% -> 73.02%     
client [68] (testset)   loss: 0.1252 -> 0.0159  accuracy: 100.00% -> 100.00%   
client [34] (testset)   loss: 1.3731 -> 1.3471  accuracy: 37.04% -> 37.04%     
client [71] (testset)   loss: 1.3316 -> 1.2815  accuracy: 50.00% -> 50.00%     
client [89] (testset)   loss: 1.8595 -> 1.9886  accuracy: 18.75% -> 18.75%     
---------------------------- TRAINING EPOCH: 280 ----------------------------  
client [78] (testset)   loss: 0.6155 -> 0.6142  accuracy: 84.72% -> 84.72%     
client [81] (testset)   loss: 0.7965 -> 0.7961  accuracy: 54.74% -> 54.74%     
client [51] (testset)   loss: 0.8542 -> 0.8450  accuracy: 66.67% -> 66.67%     
client [54] (testset)   loss: 0.7955 -> 0.6218  accuracy: 80.00% -> 80.00%     
client [65] (testset)   loss: 0.6024 -> 0.5678  accuracy: 83.56% -> 83.56%     
client [41] (testset)   loss: 0.8554 -> 0.8244  accuracy: 59.15% -> 59.15%     
client [11] (testset)   loss: 1.1709 -> 1.1633  accuracy: 50.88% -> 50.88%     
client [85] (testset)   loss: 1.0649 -> 1.0309  accuracy: 66.67% -> 66.67%     
client [12] (testset)   loss: 0.5178 -> 0.5188  accuracy: 86.14% -> 86.14%     
client [23] (testset)   loss: 0.9126 -> 0.9152  accuracy: 56.67% -> 56.67%     
---------------------------- TRAINING EPOCH: 290 ----------------------------  
client [16] (testset)   loss: 0.3037 -> 0.2995  accuracy: 92.63% -> 92.63%     
client [65] (testset)   loss: 0.5823 -> 0.5681  accuracy: 83.56% -> 83.56%     
client [53] (testset)   loss: 0.2347 -> 0.2291  accuracy: 94.85% -> 94.85%     
client [58] (testset)   loss: 0.2466 -> 0.2302  accuracy: 94.34% -> 94.34%     
client [72] (testset)   loss: 1.2786 -> 1.2252  accuracy: 26.47% -> 55.88%     
client [7]  (testset)   loss: 0.4721 -> 0.4705  accuracy: 88.85% -> 88.85%     
client [71] (testset)   loss: 1.3063 -> 1.2731  accuracy: 50.00% -> 50.00%     
client [59] (testset)   loss: 0.9707 -> 0.9321  accuracy: 52.00% -> 52.00%     
client [86] (testset)   loss: 0.5063 -> 0.5163  accuracy: 84.66% -> 84.66%     
client [39] (testset)   loss: 1.5782 -> 1.5830  accuracy: 43.40% -> 43.40%     
---------------------------- TRAINING EPOCH: 300 ----------------------------  
client [99] (testset)   loss: 1.1646 -> 1.1642  accuracy: 63.53% -> 63.53%     
client [7]  (testset)   loss: 0.4708 -> 0.4720  accuracy: 88.85% -> 88.85%     
client [17] (testset)   loss: 1.4726 -> 1.4618  accuracy: 21.54% -> 38.46%     
client [64] (testset)   loss: 0.8741 -> 0.8953  accuracy: 66.67% -> 66.67%     
client [37] (testset)   loss: 0.4695 -> 0.4683  accuracy: 87.45% -> 87.45%     
client [29] (testset)   loss: 0.9128 -> 0.9097  accuracy: 73.87% -> 73.87%     
client [93] (testset)   loss: 0.5852 -> 0.6005  accuracy: 88.89% -> 88.89%     
client [73] (testset)   loss: 0.7494 -> 0.7399  accuracy: 58.95% -> 58.95%     
client [40] (testset)   loss: 1.1929 -> 1.1899  accuracy: 65.17% -> 65.17%     
client [76] (testset)   loss: 1.2649 -> 1.2712  accuracy: 52.13% -> 52.13%     
---------------------------- TRAINING EPOCH: 310 ----------------------------  
client [31] (testset)   loss: 1.3852 -> 1.3903  accuracy: 55.00% -> 55.00%     
client [89] (testset)   loss: 1.9043 -> 1.9255  accuracy: 18.75% -> 18.75%     
client [77] (testset)   loss: 0.9991 -> 0.9946  accuracy: 58.33% -> 58.33%     
client [90] (testset)   loss: 1.0764 -> 1.0902  accuracy: 50.00% -> 50.00%     
client [26] (testset)   loss: 1.2430 -> 1.2527  accuracy: 50.53% -> 50.53%     
client [50] (testset)   loss: 0.6751 -> 0.6741  accuracy: 79.27% -> 79.27%     
client [30] (testset)   loss: 0.8915 -> 0.8949  accuracy: 54.29% -> 54.29%     
client [70] (testset)   loss: 1.5875 -> 1.6133  accuracy: 27.78% -> 27.78%     
client [41] (testset)   loss: 0.8409 -> 0.8326  accuracy: 59.15% -> 59.15%     
client [99] (testset)   loss: 1.1642 -> 1.1637  accuracy: 63.53% -> 63.53%     
---------------------------- TRAINING EPOCH: 320 ----------------------------  
client [68] (testset)   loss: 0.0206 -> 0.0191  accuracy: 100.00% -> 100.00%   
client [70] (testset)   loss: 1.6147 -> 1.6328  accuracy: 27.78% -> 27.78%     
client [52] (testset)   loss: 0.8689 -> 0.8694  accuracy: 75.22% -> 75.22%     
client [1]  (testset)   loss: 1.1031 -> 1.1019  accuracy: 57.84% -> 57.84%     
client [2]  (testset)   loss: 1.6155 -> 1.6226  accuracy: 37.14% -> 37.14%     
client [67] (testset)   loss: 1.1536 -> 1.1269  accuracy: 55.29% -> 55.29%     
client [92] (testset)   loss: 0.6913 -> 1.1011  accuracy: 63.64% -> 63.64%     
client [35] (testset)   loss: 1.1688 -> 1.1659  accuracy: 46.30% -> 46.30%     
client [36] (testset)   loss: 1.4109 -> 1.4179  accuracy: 30.00% -> 30.00%     
client [64] (testset)   loss: 0.8808 -> 0.8959  accuracy: 66.67% -> 66.67%     
---------------------------- TRAINING EPOCH: 330 ----------------------------  
client [44] (testset)   loss: 1.6430 -> 1.6756  accuracy: 61.54% -> 61.54%     
client [6]  (testset)   loss: 1.0932 -> 1.0974  accuracy: 47.09% -> 47.09%     
client [12] (testset)   loss: 0.5161 -> 0.5173  accuracy: 86.14% -> 86.14%     
client [55] (testset)   loss: 1.6942 -> 1.7104  accuracy: 50.00% -> 50.00%     
client [29] (testset)   loss: 0.9062 -> 0.9175  accuracy: 73.87% -> 73.87%     
client [9]  (testset)   loss: 0.6644 -> 0.6706  accuracy: 83.44% -> 83.44%     
client [43] (testset)   loss: 0.3267 -> 0.3161  accuracy: 93.29% -> 93.29%     
client [77] (testset)   loss: 0.9825 -> 1.0054  accuracy: 58.33% -> 58.33%     
client [98] (testset)   loss: 0.9412 -> 0.9511  accuracy: 74.68% -> 74.68%     
client [78] (testset)   loss: 0.6140 -> 0.6168  accuracy: 84.72% -> 84.72%     
---------------------------- TRAINING EPOCH: 340 ----------------------------  
client [92] (testset)   loss: 0.8539 -> 0.9280  accuracy: 63.64% -> 63.64%     
client [80] (testset)   loss: 0.7191 -> 0.7199  accuracy: 82.81% -> 82.81%     
client [63] (testset)   loss: 0.2038 -> 0.2042  accuracy: 96.00% -> 96.00%     
client [76] (testset)   loss: 1.2664 -> 1.2664  accuracy: 52.13% -> 52.13%     
client [78] (testset)   loss: 0.6156 -> 0.6173  accuracy: 84.72% -> 84.72%     
client [25] (testset)   loss: 0.7971 -> 0.7744  accuracy: 73.02% -> 73.02%     
client [58] (testset)   loss: 0.2322 -> 0.2308  accuracy: 94.34% -> 94.34%     
client [13] (testset)   loss: 0.1260 -> 0.1281  accuracy: 97.78% -> 97.78%     
client [17] (testset)   loss: 1.4780 -> 1.4618  accuracy: 21.54% -> 38.46%     
client [38] (testset)   loss: 1.0543 -> 1.0449  accuracy: 66.67% -> 66.67%     
---------------------------- TRAINING EPOCH: 350 ----------------------------  
client [72] (testset)   loss: 1.2629 -> 1.2698  accuracy: 26.47% -> 26.47%     
client [82] (testset)   loss: 1.5114 -> 1.5362  accuracy: 46.51% -> 46.51%     
client [86] (testset)   loss: 0.5071 -> 0.5112  accuracy: 84.66% -> 84.66%     
client [51] (testset)   loss: 0.8415 -> 0.8184  accuracy: 66.67% -> 66.67%     
client [96] (testset)   loss: 1.2082 -> 1.2098  accuracy: 55.39% -> 55.39%     
client [42] (testset)   loss: 1.1175 -> 1.1215  accuracy: 58.33% -> 58.33%     
client [55] (testset)   loss: 1.7065 -> 1.7287  accuracy: 50.00% -> 50.00%     
client [13] (testset)   loss: 0.1264 -> 0.1280  accuracy: 97.78% -> 97.78%     
client [1]  (testset)   loss: 1.0986 -> 1.0991  accuracy: 57.84% -> 57.84%     
client [12] (testset)   loss: 0.5176 -> 0.5160  accuracy: 86.14% -> 86.14%     
---------------------------- TRAINING EPOCH: 360 ----------------------------  
client [68] (testset)   loss: 0.0233 -> 0.0176  accuracy: 100.00% -> 100.00%   
client [23] (testset)   loss: 0.9189 -> 0.9179  accuracy: 56.67% -> 56.67%     
client [46] (testset)   loss: 0.8325 -> 0.8394  accuracy: 59.30% -> 59.30%     
client [41] (testset)   loss: 0.8442 -> 0.8305  accuracy: 59.15% -> 59.15%     
client [25] (testset)   loss: 0.7909 -> 0.7786  accuracy: 73.02% -> 73.02%     
client [58] (testset)   loss: 0.2368 -> 0.2321  accuracy: 94.34% -> 94.34%     
client [14] (testset)   loss: 0.1583 -> 0.1573  accuracy: 97.22% -> 97.22%     
client [33] (testset)   loss: 0.7289 -> 0.7207  accuracy: 75.00% -> 75.00%     
client [85] (testset)   loss: 1.0456 -> 1.0410  accuracy: 66.67% -> 66.67%     
client [62] (testset)   loss: 0.9187 -> 0.9104  accuracy: 65.00% -> 65.00%     
---------------------------- TRAINING EPOCH: 370 ----------------------------  
client [98] (testset)   loss: 0.9510 -> 0.9562  accuracy: 74.68% -> 74.68%     
client [63] (testset)   loss: 0.2011 -> 0.2026  accuracy: 96.00% -> 96.00%     
client [70] (testset)   loss: 1.6151 -> 1.6266  accuracy: 27.78% -> 27.78%     
client [65] (testset)   loss: 0.5735 -> 0.5702  accuracy: 83.56% -> 83.56%     
client [14] (testset)   loss: 0.1585 -> 0.1571  accuracy: 97.22% -> 97.22%     
client [73] (testset)   loss: 0.7419 -> 0.7554  accuracy: 58.95% -> 40.00%     
client [34] (testset)   loss: 1.3514 -> 1.3495  accuracy: 37.04% -> 37.04%     
client [99] (testset)   loss: 1.1641 -> 1.1639  accuracy: 63.53% -> 63.53%     
client [69] (testset)   loss: 1.0559 -> 1.0468  accuracy: 63.83% -> 63.83%     
client [46] (testset)   loss: 0.8424 -> 0.8349  accuracy: 59.30% -> 59.30%     
---------------------------- TRAINING EPOCH: 380 ----------------------------  
client [99] (testset)   loss: 1.1636 -> 1.1653  accuracy: 63.53% -> 63.53%     
client [93] (testset)   loss: 0.5915 -> 0.6020  accuracy: 88.89% -> 88.89%     
client [11] (testset)   loss: 1.1721 -> 1.1666  accuracy: 50.88% -> 50.88%     
client [58] (testset)   loss: 0.2321 -> 0.2290  accuracy: 94.34% -> 94.34%     
client [81] (testset)   loss: 0.7939 -> 0.7953  accuracy: 54.74% -> 54.74%     
client [85] (testset)   loss: 1.0505 -> 1.0447  accuracy: 66.67% -> 66.67%     
client [89] (testset)   loss: 1.9155 -> 1.9226  accuracy: 18.75% -> 18.75%     
client [45] (testset)   loss: 1.5512 -> 1.5486  accuracy: 44.00% -> 44.00%     
client [8]  (testset)   loss: 1.6840 -> 1.6824  accuracy: 40.91% -> 40.91%     
client [68] (testset)   loss: 0.0190 -> 0.0167  accuracy: 100.00% -> 100.00%   
---------------------------- TRAINING EPOCH: 390 ----------------------------  
client [67] (testset)   loss: 1.1339 -> 1.1239  accuracy: 55.29% -> 55.29%     
client [72] (testset)   loss: 1.2728 -> 1.2504  accuracy: 26.47% -> 55.88%     
client [1]  (testset)   loss: 1.1021 -> 1.0959  accuracy: 57.84% -> 57.84%     
client [78] (testset)   loss: 0.6127 -> 0.6237  accuracy: 84.72% -> 84.72%     
client [83] (testset)   loss: 0.6490 -> 0.6421  accuracy: 85.00% -> 85.00%     
client [21] (testset)   loss: 0.8741 -> 0.8793  accuracy: 53.44% -> 53.44%     
client [56] (testset)   loss: 1.5945 -> 1.6063  accuracy: 16.39% -> 16.39%     
client [44] (testset)   loss: 1.6879 -> 1.7887  accuracy: 61.54% -> 61.54%     
client [92] (testset)   loss: 0.7823 -> 0.8476  accuracy: 63.64% -> 63.64%     
client [27] (testset)   loss: 0.6562 -> 0.6549  accuracy: 82.43% -> 82.43%     
---------------------------- TRAINING EPOCH: 400 ----------------------------  
client [10] (testset)   loss: 0.9394 -> 0.9433  accuracy: 53.62% -> 53.62%     
client [39] (testset)   loss: 1.5806 -> 1.5799  accuracy: 43.40% -> 43.40%     
client [65] (testset)   loss: 0.5703 -> 0.5665  accuracy: 83.56% -> 83.56%     
client [26] (testset)   loss: 1.2470 -> 1.2381  accuracy: 50.53% -> 50.53%     
client [19] (testset)   loss: 1.5188 -> 1.5325  accuracy: 37.50% -> 37.50%     
client [68] (testset)   loss: 0.0206 -> 0.0166  accuracy: 100.00% -> 100.00%   
client [41] (testset)   loss: 0.8349 -> 0.8339  accuracy: 59.15% -> 59.15%     
client [50] (testset)   loss: 0.6691 -> 0.6713  accuracy: 79.27% -> 79.27%     
client [75] (testset)   loss: 1.4297 -> 1.4336  accuracy: 38.38% -> 38.38%     
client [81] (testset)   loss: 0.8043 -> 0.8046  accuracy: 54.74% -> 43.60%     
FedFewA's average time taken by each global epoch: 0 min 2.00 sec.             
FedFewA's total running time: 0 h 13 m 26 s.                                   
==================== FedFewA Experiment Results: ====================          
Display format: (before local fine-tuning) -> (after local fine-tuning)        
 So if finetune_epoch = 0, x.xx% -> 0.00% is normal.                           
 Centralized testing ONLY happens after model aggregation, so the stats between
'->' are the same.                                                             
{                                                                              
    "100": {                                                                   
        "all_clients": {                                                       
            "test": {                                                          
                "loss": "0.8628 -> 0.0000",                                    
                "accuracy": "67.11% -> 0.00%"                                  
            }                                                                  
        }                                                                      
    },                                                                         
    "200": {                                                                   
        "all_clients": {                                                       
            "test": {                                                          
                "loss": "0.8552 -> 0.0000",                                    
                "accuracy": "67.38% -> 0.00%"                                  
            }                                                                  
        }                                                                      
    },                                                                         
    "300": {                                                                   
        "all_clients": {                                                       
            "test": {                                                          
                "loss": "0.8464 -> 0.0000",                                    
                "accuracy": "67.37% -> 0.00%"                                  
            }                                                                  
        }                                                                      
    },                                                                         
    "400": {                                                                   
        "all_clients": {                                                       
            "test": {                                                          
                "loss": "0.8464 -> 0.0000",                                    
                "accuracy": "66.84% -> 0.00%"                                  
            }                                                                  
        }                                                                      
    }                                                                          
}                                                                              
==================== FedFewA Max Accuracy ====================                 
all_clients:                                                                   
(test) before fine-tuning: 67.38% at epoch 200                                 
(test) after fine-tuning: 0.00% at epoch 100                                   
